[run_wfa_queue] 2026-01-23T14:10:32Z cmd: /opt/coint4/coint4/run_wfa_fullcpu.sh configs/budget_20260123_1000_capsweep_oos20250101_20250630_top50_maxnot40_lowrisk_maxpairsgrid/stress_relaxed8_nokpss_20260123_oos20250101_20250630_top50_z1p00_exit0p06_hold180_cd180_ms0p2_cap1000_maxnot40_risk0p02_minnot20_maxpairs30.yaml artifacts/wfa/runs/20260123_budget1000_oos20250101_20250630_top50_maxnot40_lowrisk_maxpairsgrid/stress_relaxed8_nokpss_20260123_oos20250101_20250630_top50_z1p00_exit0p06_hold180_cd180_ms0p2_cap1000_maxnot40_risk0p02_minnot20_maxpairs30
[run_wfa_fullcpu] start: 2026-01-23T14:10:32Z
[run_wfa_fullcpu] os.cpu_count: 8
[run_wfa_fullcpu] worker_pid=1222
2026-01-23 14:10:35,539 - coint2.core.memory_optimization - INFO - ✅ BLAS threading limits set to 1 via threadpoolctl
2026-01-23 14:10:35,539 - coint2.core.memory_optimization - INFO - 🔧 Controlled libraries: openblas, openmp
2026-01-23 14:10:35,539 - coint2.core.memory_optimization - INFO - 🧵 Process threads: 2 → 2
2026-01-23 14:10:35,539 - coint2.core.memory_optimization - INFO - 📝 Set 11 environment variables
2026-01-23 14:10:35,927 - INFO - ✅ Параметры конфигурации валидны
2026-01-23 14:10:35,927 - INFO - 📝 Некоторые параметры были скорректированы:
2026-01-23 14:10:36,088 - INFO - 🔒 WFA: фиксированный universe из artifacts/universe/20260119_relaxed8_strict_preholdout_v2/pairs_universe.yaml (250 пар)
2026-01-23 14:10:36,089 - INFO -   Шаг 1: тренировка 2024-10-03-2024-12-31, тест 2025-01-01-2025-01-31
2026-01-23 14:10:36,089 - INFO -   Шаг 2: тренировка 2024-11-02-2025-01-30, тест 2025-01-31-2025-03-02
2026-01-23 14:10:36,089 - INFO -   Шаг 3: тренировка 2024-12-02-2025-03-01, тест 2025-03-02-2025-04-01
2026-01-23 14:10:36,089 - INFO -   Шаг 4: тренировка 2025-01-01-2025-03-31, тест 2025-04-01-2025-05-01
2026-01-23 14:10:36,089 - INFO -   Шаг 5: тренировка 2025-01-31-2025-04-30, тест 2025-05-01-2025-05-31
2026-01-23 14:10:36,089 - INFO -   Шаг 6: тренировка 2025-03-02-2025-05-30, тест 2025-05-31-2025-06-30
2026-01-23 14:10:36,089 - INFO - 📈 Запланировано 6 walk-forward шагов
2026-01-23 14:10:36,089 - INFO - ⛔ Ограничение WFA шагов: 6 → 3
2026-01-23 14:10:36,089 - WARNING - ⚠️ Маленький буфер между training и testing в шаге 1: 0 дней. Рекомендуется минимум 1 день.
2026-01-23 14:10:36,089 - WARNING - ⚠️ Маленький буфер между training и testing в шаге 2: 0 дней. Рекомендуется минимум 1 день.
2026-01-23 14:10:36,089 - WARNING - ⚠️ Маленький буфер между training и testing в шаге 3: 0 дней. Рекомендуется минимум 1 день.
2026-01-23 14:10:36,089 - INFO - ✅ Шаги успешно запланированы:
2026-01-23 14:10:36,089 - INFO -    Шаг 1: тренировка 2024-10-03-2024-12-31, тест 2025-01-01-2025-01-31
2026-01-23 14:10:36,089 - INFO -    Шаг 2: тренировка 2024-11-02-2025-01-30, тест 2025-01-31-2025-03-02
2026-01-23 14:10:36,089 - INFO -    Шаг 3: тренировка 2024-12-02-2025-03-01, тест 2025-03-02-2025-04-01
2026-01-23 14:10:36,089 - INFO - 🗂️ Consolidating price data for memory-mapped access...
2026-01-23 14:10:36,089 - INFO - 📊 Consolidating data range: 2024-09-28 → 2025-04-06
2026-01-23 14:10:36,089 - coint2.core.memory_optimization - INFO - 🔄 Consolidating price data from data_downloaded to .cache/consolidated_prices.parquet
2026-01-23 14:10:36,090 - INFO - ⇢ loading raw data for consolidation — start
2026-01-23 14:10:38,498 - INFO - ⇠ loading raw data for consolidation — done in 2.41s
2026-01-23 14:10:38,498 - INFO - ⇢ pivoting data to wide format — start
2026-01-23 14:10:47,399 - INFO - ⇠ pivoting data to wide format — done in 8.90s
2026-01-23 14:10:47,486 - coint2.core.memory_optimization - INFO - 📊 Consolidated data: 18241 rows × 598 symbols
2026-01-23 14:10:47,486 - coint2.core.memory_optimization - INFO - 💾 Memory usage: 43.8 MB
2026-01-23 14:10:47,486 - INFO - ⇢ writing consolidated Parquet file — start
2026-01-23 14:10:47,813 - INFO - ⇠ writing consolidated Parquet file — done in 0.33s
2026-01-23 14:10:47,813 - coint2.core.memory_optimization - INFO - ✅ Successfully consolidated data to .cache/consolidated_prices.parquet
2026-01-23 14:10:47,852 - coint2.core.memory_optimization - INFO - 🔄 Initializing memory-mapped price data from .cache/consolidated_prices.parquet
2026-01-23 14:10:47,853 - INFO - ⇢ loading memory-mapped data — start
2026-01-23 14:10:47,853 - coint2.core.memory_optimization - WARNING - ⚠️ memory_map не поддерживается в текущей версии pyarrow, fallback без mmap
2026-01-23 14:10:48,041 - INFO - ⇠ loading memory-mapped data — done in 0.19s
2026-01-23 14:10:48,218 - coint2.core.memory_optimization - INFO - 📊 Loaded 18241 rows × 598 symbols
2026-01-23 14:10:48,218 - coint2.core.memory_optimization - INFO - 💾 Memory usage: 43.8 MB (memory-mapped)
2026-01-23 14:10:48,219 - INFO - ✅ Memory-mapped data initialized successfully
2026-01-23 14:10:48,221 - INFO - ⇢ Walk-forward steps — starting 3 items
2026-01-23 14:10:48,221 - INFO - 📈 Инициализация equity кривой с первой тестовой даты: 2025-01-01 00:00:00
2026-01-23 14:10:48,221 - INFO - 🔍 WF-шаг 1/3: Валидация временных окон...
2026-01-23 14:10:48,222 - INFO - ⇢ WF-шаг 1/3: training 2024-10-03-2024-12-31, testing 2025-01-01-2025-01-31 — start
2026-01-23 14:10:48,222 - INFO - ⇢ loading step data — start
2026-01-23 14:10:48,625 - INFO - ⇠ loading step data — done in 0.40s
2026-01-23 14:10:52,811 - INFO - 📊 WF-шаг 1/3: Границы данных:
2026-01-23 14:10:52,811 - INFO -    Training: 2024-10-03 00:00:00 → 2024-12-31 23:45:00 (8,640 строк × 569 символов)
2026-01-23 14:10:52,811 - INFO -    Testing:  2025-01-01 00:00:00 → 2025-01-31 00:00:00 (2,881 строк × 569 символов)
2026-01-23 14:10:52,811 - INFO -    Временной разрыв: 0 days 00:15:00
2026-01-23 14:10:52,882 - INFO - ⇢ normalizing training data — start
2026-01-23 14:10:52,949 - INFO -   Символы с NaN значениями: 76
2026-01-23 14:10:52,949 - INFO -   Применяем метод нормализации: rolling_zscore
2026-01-23 14:10:53,012 - INFO - Символы с недостаточной историей: 67 из 569
2026-01-23 14:10:54,190 - INFO - Символы с NaN после нормализации: 502
2026-01-23 14:10:54,204 - INFO - Удалено 1481 начальных строк с NaN от rolling расчетов
2026-01-23 14:10:54,209 - INFO - Итоговое количество символов после нормализации: 502 из 569
2026-01-23 14:10:54,211 - INFO -   Статистика нормализации:
2026-01-23 14:10:54,211 - INFO -     Исходные символы: 569
2026-01-23 14:10:54,211 - INFO -     Недостаточная история: 67
2026-01-23 14:10:54,211 - INFO -     Постоянная цена: 0
2026-01-23 14:10:54,211 - INFO -     NaN после нормализации: 502
2026-01-23 14:10:54,211 - INFO -     Итоговые символы: 502 (88.2%)
2026-01-23 14:10:54,211 - INFO -   После нормализации: 502 символов (потеряно 67)
2026-01-23 14:10:54,211 - INFO -   Отброшено много символов: 67 из 569
2026-01-23 14:10:54,211 - INFO - ⇠ normalizing training data — done in 1.33s
2026-01-23 14:10:54,211 - INFO -   Фиксированный universe: 250 пар (отфильтровано 0 недоступных)
2026-01-23 14:10:54,211 - INFO - ⇢ filtering pairs by cointegration and half-life — start
2026-01-23 14:10:54,212 - INFO - [ФИЛЬТР] Параллельная фильтрация: threads (8 workers)
2026-01-23 14:11:02,365 - INFO - [ФИЛЬТР] После проверки данных: 250 пар
2026-01-23 14:11:02,365 - INFO - [ФИЛЬТР] После фильтра корреляции (>0.4): 198 пар
2026-01-23 14:11:02,365 - INFO - [ФИЛЬТР] После фильтра beta: 158 пар
2026-01-23 14:11:02,365 - INFO - [ФИЛЬТР] После фильтра mean crossings: 158 пар
2026-01-23 14:11:02,365 - INFO - [ФИЛЬТР] После фильтра half-life: 158 пар
2026-01-23 14:11:02,365 - INFO - [ФИЛЬТР] После фильтра коинтеграции: 86 пар
2026-01-23 14:11:02,365 - INFO - [ФИЛЬТР] После фильтра Hurst: 55 пар
2026-01-23 14:11:02,365 - INFO - [ФИЛЬТР] После фильтра KPSS: 55 пар
2026-01-23 14:11:02,365 - INFO - [ФИЛЬТР] После фильтра market microstructure: 55 пар
2026-01-23 14:11:02,365 - INFO - [ФИЛЬТР] Статистика фильтрации (оптимизированный порядок):
2026-01-23 14:11:02,365 - INFO -   1. SSD → Коинтеграция: 250 → 86 пар
2026-01-23 14:11:02,365 - INFO -   2. Коинтеграция → Beta: 86 → 158 пар
2026-01-23 14:11:02,365 - INFO -   3. Beta → Half-life: 158 → 158 пар
2026-01-23 14:11:02,365 - INFO -   4. Half-life → Mean crossings: 158 → 158 пар
2026-01-23 14:11:02,365 - INFO -   5. Mean crossings → Hurst: 158 → 55 пар
2026-01-23 14:11:02,365 - INFO -   6. Hurst → KPSS: 55 → 55 пар
2026-01-23 14:11:02,365 - INFO -   7. KPSS → Market microstructure: 55 → 55 пар
2026-01-23 14:11:02,365 - INFO - [ФИЛЬТР] Причины отсева:
2026-01-23 14:11:02,365 - INFO -   • pvalue: 72 пар (28.8%)
2026-01-23 14:11:02,365 - INFO -   • low_correlation: 52 пар (20.8%)
2026-01-23 14:11:02,366 - INFO -   • beta: 40 пар (16.0%)
2026-01-23 14:11:02,366 - INFO -   • hurst: 31 пар (12.4%)
2026-01-23 14:11:02,366 - INFO - [ФИЛЬТР] Итого: 250 → 55 пар (22.0% прошли все фильтры)
2026-01-23 14:11:02,375 - INFO - Причины отсева сохранены в results/filter_reasons_20260123_141102.csv
2026-01-23 14:11:02,375 - INFO -   Pair stability filter: insufficient history (0 < 1), skip
2026-01-23 14:11:02,375 - INFO -   Фильтрация: 250 → 55 пар
2026-01-23 14:11:02,375 - INFO - ⇠ filtering pairs by cointegration and half-life — done in 8.16s
2026-01-23 14:11:02,375 - INFO - ⇠ WF-шаг 1/3: training 2024-10-03-2024-12-31, testing 2025-01-01-2025-01-31 — done in 14.15s
2026-01-23 14:11:02,375 - INFO -   Ограничение max_pairs=30: 55 → 30
2026-01-23 14:11:02,375 - INFO -   Топ-3 пары по волатильности спреда:
2026-01-23 14:11:02,375 - INFO -     1. BTCUSDC-BTCUSDT: beta=1.0010, std=69.8508
2026-01-23 14:11:02,375 - INFO -     2. ETHDAI-ETHEUR: beta=0.9775, std=32.5750
2026-01-23 14:11:02,375 - INFO -     3. ETHUSDC-ETHUSDT: beta=1.0014, std=2.4933
2026-01-23 14:11:02,375 - INFO -   Всего пар для торговли: 30 (ограничение 15 применяется к одновременно открытым позициям)
2026-01-23 14:11:02,376 - INFO -   💰 Проверка расчета капитала: equity=$1,000.00, кандидатных_пар=30, max_позиций=15
2026-01-23 14:11:02,376 - INFO -   🎯 Target concurrency: 15 (ожидаемое одновременное число позиций)
2026-01-23 14:11:02,376 - INFO -   📊 Детали расчета капитала:
2026-01-23 14:11:02,376 - INFO -      • Базовый капитал на пару: $66.67 (equity / target_concurrency)
2026-01-23 14:11:02,376 - INFO -      • Риск-капитал: $20.00 (2.0% от equity)
2026-01-23 14:11:02,376 - INFO -      • Макс. размер позиции: $50.00 (5.0% от equity)
2026-01-23 14:11:02,376 - INFO -      • Итоговый капитал на пару: $20.00
2026-01-23 14:11:02,376 - INFO - ⇢ WF-шаг 1/3 backtests — starting 30 items
2026-01-23 14:11:02,376 - INFO - 🚀 WF-шаг 1/3: Начинаем бэктесты для 30 пар...
2026-01-23 14:11:02,376 - INFO - 🚀 WF-шаг 1/3: Запускаем параллельную обработку 30 пар на 8 ядрах...
2026-01-23 14:11:02,376 - INFO - 🚀 WF-шаг 1/3: Режим параллельности: процессы
⚙️  Загрузка данных за период: 2024-09-28 -> 2025-04-06
📂 Найдено 43 parquet файлов для обработки.
📊 Схема данных: Schema({'timestamp': Int64, 'open': Float64, 'high': Float64, 'low': Float64, 'close': Float64, 'volume': Float64, 'turnover': String, 'ts_ms': Int64, 'symbol': String})
✅ Загружено 9958627 записей с помощью Polars.
📊 Типы данных в pandas: timestamp       datetime64[us]
symbol                  object
close                  float64
timestamp_ms             int64
dtype: object
⚙️  Загрузка данных за период: 2024-10-03 -> 2025-01-31
📂 Найдено 43 parquet файлов для обработки.
📊 Схема данных: Schema({'timestamp': Int64, 'open': Float64, 'high': Float64, 'low': Float64, 'close': Float64, 'volume': Float64, 'turnover': String, 'ts_ms': Int64, 'symbol': String})
✅ Загружено 6098760 записей с помощью Polars.
📊 Типы данных в pandas: timestamp       datetime64[us]
symbol                  object
close                  float64
timestamp_ms             int64
dtype: object
2026-01-23 14:11:02,462 - coint2.engine.numba_engine - INFO - Запуск Numba-оптимизированного бэктеста для BTCUSDC-BTCUSDT
2026-01-23 14:11:02,503 - coint2.engine.numba_engine - INFO - Запуск Numba-оптимизированного бэктеста для ETHDAI-ETHEUR
2026-01-23 14:11:02,555 - coint2.engine.numba_engine - INFO - Запуск Numba-оптимизированного бэктеста для ETHUSDC-ETHUSDT
2026-01-23 14:11:02,583 - coint2.engine.numba_engine - INFO - Запуск Numba-оптимизированного бэктеста для AVAUSDT-FLOWUSDT
2026-01-23 14:11:02,610 - coint2.engine.numba_engine - INFO - Запуск Numba-оптимизированного бэктеста для DYDXUSDT-KSMUSDT
2026-01-23 14:11:02,631 - coint2.engine.numba_engine - INFO - Запуск Numba-оптимизированного бэктеста для CYBERUSDT-FIDAUSDT
2026-01-23 14:11:02,660 - coint2.engine.numba_engine - INFO - Запуск Numba-оптимизированного бэктеста для CBKUSDT-FILUSDC
2026-01-23 14:11:02,710 - coint2.engine.numba_engine - INFO - Запуск Numba-оптимизированного бэктеста для BATUSDT-JSTUSDT
2026-01-23 14:11:02,717 - coint2.engine.numba_engine - INFO - Запуск Numba-оптимизированного бэктеста для DYDXUSDT-KCALUSDT
2026-01-23 14:11:02,724 - coint2.engine.numba_engine - INFO - Запуск Numba-оптимизированного бэктеста для APEUSDC-HFTUSDC
2026-01-23 14:11:02,725 - coint2.engine.numba_engine - INFO - Запуск Numba-оптимизированного бэктеста для APEUSDT-HFTUSDC
2026-01-23 14:11:02,755 - coint2.engine.numba_engine - INFO - Запуск Numba-оптимизированного бэктеста для CBKUSDT-ETCUSDT
2026-01-23 14:11:02,759 - coint2.engine.numba_engine - INFO - Запуск Numba-оптимизированного бэктеста для AVAUSDT-KASTAUSDT
2026-01-23 14:11:02,789 - coint2.engine.numba_engine - INFO - Запуск Numba-оптимизированного бэктеста для CBKUSDT-ENJUSDT
2026-01-23 14:11:02,805 - coint2.engine.numba_engine - INFO - Запуск Numba-оптимизированного бэктеста для AXLUSDT-IZIUSDT
2026-01-23 14:11:02,822 - coint2.engine.numba_engine - INFO - Запуск Numba-оптимизированного бэктеста для GMTUSDT-KCALUSDT
2026-01-23 14:11:02,832 - coint2.engine.numba_engine - INFO - Запуск Numba-оптимизированного бэктеста для GODSUSDT-KCALUSDT
2026-01-23 14:11:02,830 - coint2.engine.numba_engine - INFO - Запуск Numba-оптимизированного бэктеста для FLOWUSDT-JSTUSDT
2026-01-23 14:11:02,848 - coint2.engine.numba_engine - INFO - Запуск Numba-оптимизированного бэктеста для ARKMUSDT-ARUSDT
2026-01-23 14:11:02,876 - coint2.engine.numba_engine - INFO - Запуск Numba-оптимизированного бэктеста для BICOUSDT-DUELUSDT
2026-01-23 14:11:02,903 - coint2.engine.numba_engine - INFO - Запуск Numba-оптимизированного бэктеста для DMAILUSDT-FIDAUSDT
2026-01-23 14:11:02,906 - coint2.engine.numba_engine - INFO - Запуск Numba-оптимизированного бэктеста для AFCUSDT-CITYUSDT
2026-01-23 14:11:02,932 - coint2.engine.numba_engine - INFO - Запуск Numba-оптимизированного бэктеста для 1INCHUSDT-AXSUSDT
2026-01-23 14:11:02,950 - coint2.engine.numba_engine - INFO - Запуск Numba-оптимизированного бэктеста для GMTUSDC-KCALUSDT
2026-01-23 14:11:02,953 - coint2.engine.numba_engine - INFO - Запуск Numba-оптимизированного бэктеста для ENJUSDT-FILUSDC
2026-01-23 14:11:02,966 - coint2.engine.numba_engine - INFO - Запуск Numba-оптимизированного бэктеста для BICOUSDT-KASTAUSDT
2026-01-23 14:11:02,976 - coint2.engine.numba_engine - INFO - Запуск Numba-оптимизированного бэктеста для BATUSDT-ETCUSDT
2026-01-23 14:11:03,033 - coint2.engine.numba_engine - INFO - Запуск Numba-оптимизированного бэктеста для FIDAUSDT-KAVAUSDT
2026-01-23 14:11:03,035 - coint2.engine.numba_engine - INFO - Запуск Numba-оптимизированного бэктеста для CBKUSDT-FILUSDT
2026-01-23 14:11:03,085 - coint2.engine.numba_engine - INFO - Запуск Numba-оптимизированного бэктеста для 1INCHUSDT-ICXUSDT
2026-01-23 14:11:03,139 - INFO -   ⏱️ Параллельная обработка завершена за 0.8с (39.3 пар/с)
2026-01-23 14:11:03,154 - coint2.pipeline.walk_forward_orchestrator - INFO - 🎯 СИМУЛЯЦИЯ ПОРТФЕЛЯ: 30 пар, лимит 15 позиций
2026-01-23 14:11:03,925 - coint2.pipeline.walk_forward_orchestrator - INFO -    📈 Макс. одновременных сигналов: 22
2026-01-23 14:11:03,926 - coint2.pipeline.walk_forward_orchestrator - INFO -    📊 Средн. сигналов за период: 11.9
2026-01-23 14:11:03,926 - coint2.pipeline.walk_forward_orchestrator - INFO -    🎯 Финальных активных позиций: 15
2026-01-23 14:11:03,927 - coint2.pipeline.walk_forward_orchestrator - INFO -    ⚡ Утилизация лимита позиций: 76.8%
2026-01-23 14:11:03,928 - INFO - ⇠ WF-шаг 1/3 backtests — completed 30 items in 1.55s (19.3 items/s)
2026-01-23 14:11:03,928 - INFO -   ✅ Обработка завершена: 30 успешно, 0 с ошибками
2026-01-23 14:11:03,928 - INFO -   📊 Успешность: 100.0%, прибыльность: 63.3%, сделок/пара: 48.3
2026-01-23 14:11:03,928 - INFO -   ✅ Завершены бэктесты для 30 пар
2026-01-23 14:11:03,928 - INFO -   📊 Всего обработано пар в этом шаге: 30
2026-01-23 14:11:03,928 - INFO -   📈 Результаты шага: 19/30 прибыльных пар, 1450 сделок
2026-01-23 14:11:03,928 - INFO -   💰 P&L шага: $+909.48
2026-01-23 14:11:03,928 - INFO -   ⇢ Обновление капитала и дневного P&L...
2026-01-23 14:11:05,102 - INFO -   💼 Шаг P&L: $+909.48, Накопленный капитал: $1,909.48
2026-01-23 14:11:05,102 - INFO - ------------------------------------------------------------
2026-01-23 14:11:05,102 - INFO -   Walk-forward steps: 1 / 3 (33.3%) | 0.1 items/s | ETA: 33.8s
2026-01-23 14:11:05,102 - INFO - 🔍 WF-шаг 2/3: Валидация временных окон...
2026-01-23 14:11:05,103 - INFO - ⇢ WF-шаг 2/3: training 2024-11-02-2025-01-30, testing 2025-01-31-2025-03-02 — start
2026-01-23 14:11:05,103 - INFO - ⇢ loading step data — start
2026-01-23 14:11:05,546 - INFO - ⇠ loading step data — done in 0.44s
2026-01-23 14:11:09,644 - INFO - 📊 WF-шаг 2/3: Границы данных:
2026-01-23 14:11:09,644 - INFO -    Training: 2024-11-02 00:00:00 → 2025-01-30 23:45:00 (8,640 строк × 577 символов)
2026-01-23 14:11:09,644 - INFO -    Testing:  2025-01-31 00:00:00 → 2025-03-02 00:00:00 (2,881 строк × 577 символов)
2026-01-23 14:11:09,644 - INFO -    Временной разрыв: 0 days 00:15:00
2026-01-23 14:11:09,717 - INFO - ⇢ normalizing training data — start
2026-01-23 14:11:09,788 - INFO -   Символы с NaN значениями: 70
2026-01-23 14:11:09,788 - INFO -   Применяем метод нормализации: rolling_zscore
2026-01-23 14:11:09,853 - INFO - Символы с недостаточной историей: 60 из 577
2026-01-23 14:11:11,089 - INFO - Символы с NaN после нормализации: 517
2026-01-23 14:11:11,106 - INFO - Удалено 1685 начальных строк с NaN от rolling расчетов
2026-01-23 14:11:11,113 - INFO - Итоговое количество символов после нормализации: 517 из 577
2026-01-23 14:11:11,115 - INFO -   Статистика нормализации:
2026-01-23 14:11:11,115 - INFO -     Исходные символы: 577
2026-01-23 14:11:11,115 - INFO -     Недостаточная история: 60
2026-01-23 14:11:11,115 - INFO -     Постоянная цена: 0
2026-01-23 14:11:11,115 - INFO -     NaN после нормализации: 517
2026-01-23 14:11:11,115 - INFO -     Итоговые символы: 517 (89.6%)
2026-01-23 14:11:11,115 - INFO -   После нормализации: 517 символов (потеряно 60)
2026-01-23 14:11:11,115 - INFO -   Отброшено много символов: 60 из 577
2026-01-23 14:11:11,115 - INFO - ⇠ normalizing training data — done in 1.40s
2026-01-23 14:11:11,116 - INFO -   Фиксированный universe: 250 пар (отфильтровано 0 недоступных)
2026-01-23 14:11:11,116 - INFO - ⇢ filtering pairs by cointegration and half-life — start
2026-01-23 14:11:11,116 - INFO - [ФИЛЬТР] Параллельная фильтрация: threads (8 workers)
2026-01-23 14:11:21,120 - INFO - [ФИЛЬТР] После проверки данных: 250 пар
2026-01-23 14:11:21,120 - INFO - [ФИЛЬТР] После фильтра корреляции (>0.4): 186 пар
2026-01-23 14:11:21,120 - INFO - [ФИЛЬТР] После фильтра beta: 158 пар
2026-01-23 14:11:21,120 - INFO - [ФИЛЬТР] После фильтра mean crossings: 158 пар
2026-01-23 14:11:21,120 - INFO - [ФИЛЬТР] После фильтра half-life: 158 пар
2026-01-23 14:11:21,120 - INFO - [ФИЛЬТР] После фильтра коинтеграции: 115 пар
2026-01-23 14:11:21,120 - INFO - [ФИЛЬТР] После фильтра Hurst: 91 пар
2026-01-23 14:11:21,120 - INFO - [ФИЛЬТР] После фильтра KPSS: 91 пар
2026-01-23 14:11:21,120 - INFO - [ФИЛЬТР] После фильтра market microstructure: 91 пар
2026-01-23 14:11:21,120 - INFO - [ФИЛЬТР] Статистика фильтрации (оптимизированный порядок):
2026-01-23 14:11:21,120 - INFO -   1. SSD → Коинтеграция: 250 → 115 пар
2026-01-23 14:11:21,120 - INFO -   2. Коинтеграция → Beta: 115 → 158 пар
2026-01-23 14:11:21,120 - INFO -   3. Beta → Half-life: 158 → 158 пар
2026-01-23 14:11:21,120 - INFO -   4. Half-life → Mean crossings: 158 → 158 пар
2026-01-23 14:11:21,120 - INFO -   5. Mean crossings → Hurst: 158 → 91 пар
2026-01-23 14:11:21,120 - INFO -   6. Hurst → KPSS: 91 → 91 пар
2026-01-23 14:11:21,120 - INFO -   7. KPSS → Market microstructure: 91 → 91 пар
2026-01-23 14:11:21,120 - INFO - [ФИЛЬТР] Причины отсева:
2026-01-23 14:11:21,120 - INFO -   • low_correlation: 64 пар (25.6%)
2026-01-23 14:11:21,120 - INFO -   • pvalue: 43 пар (17.2%)
2026-01-23 14:11:21,120 - INFO -   • beta: 28 пар (11.2%)
2026-01-23 14:11:21,120 - INFO -   • hurst: 24 пар (9.6%)
2026-01-23 14:11:21,120 - INFO - [ФИЛЬТР] Итого: 250 → 91 пар (36.4% прошли все фильтры)
2026-01-23 14:11:21,122 - INFO - Причины отсева сохранены в results/filter_reasons_20260123_141121.csv
2026-01-23 14:11:21,126 - INFO -   Pair stability filter: 91 → 41 (window=2, min_steps=1, history=1)
2026-01-23 14:11:21,126 - INFO -   Фильтрация: 250 → 41 пар
2026-01-23 14:11:21,126 - INFO - ⇠ filtering pairs by cointegration and half-life — done in 10.01s
2026-01-23 14:11:21,126 - INFO - ⇠ WF-шаг 2/3: training 2024-11-02-2025-01-30, testing 2025-01-31-2025-03-02 — done in 16.02s
2026-01-23 14:11:21,127 - INFO -   Ограничение max_pairs=30: 41 → 30
2026-01-23 14:11:21,127 - INFO -   Топ-3 пары по волатильности спреда:
2026-01-23 14:11:21,127 - INFO -     1. ETHDAI-ETHEUR: beta=0.9997, std=45.8861
2026-01-23 14:11:21,127 - INFO -     2. ETHUSDC-ETHUSDT: beta=1.0010, std=2.7855
2026-01-23 14:11:21,127 - INFO -     3. CYBERUSDT-FIDAUSDT: beta=13.5831, std=0.3390
2026-01-23 14:11:21,127 - INFO -   Всего пар для торговли: 30 (ограничение 15 применяется к одновременно открытым позициям)
2026-01-23 14:11:21,127 - INFO -   💰 Проверка расчета капитала: equity=$1,909.48, кандидатных_пар=30, max_позиций=15
2026-01-23 14:11:21,127 - INFO -   🎯 Target concurrency: 15 (ожидаемое одновременное число позиций)
2026-01-23 14:11:21,127 - INFO -   📊 Детали расчета капитала:
2026-01-23 14:11:21,127 - INFO -      • Базовый капитал на пару: $127.30 (equity / target_concurrency)
2026-01-23 14:11:21,127 - INFO -      • Риск-капитал: $38.19 (2.0% от equity)
2026-01-23 14:11:21,127 - INFO -      • Макс. размер позиции: $95.47 (5.0% от equity)
2026-01-23 14:11:21,127 - INFO -      • Итоговый капитал на пару: $38.19
2026-01-23 14:11:21,128 - INFO - ⇢ WF-шаг 2/3 backtests — starting 30 items
2026-01-23 14:11:21,128 - INFO - 🚀 WF-шаг 2/3: Начинаем бэктесты для 30 пар...
2026-01-23 14:11:21,128 - INFO - 🚀 WF-шаг 2/3: Запускаем параллельную обработку 30 пар на 8 ядрах...
2026-01-23 14:11:21,128 - INFO - 🚀 WF-шаг 2/3: Режим параллельности: процессы
⚙️  Загрузка данных за период: 2024-11-02 -> 2025-03-02
📂 Найдено 43 parquet файлов для обработки.
📊 Схема данных: Schema({'timestamp': Int64, 'open': Float64, 'high': Float64, 'low': Float64, 'close': Float64, 'volume': Float64, 'turnover': String, 'ts_ms': Int64, 'symbol': String})
✅ Загружено 6311429 записей с помощью Polars.
📊 Типы данных в pandas: timestamp       datetime64[us]
symbol                  object
close                  float64
timestamp_ms             int64
dtype: object
2026-01-23 14:11:21,235 - coint2.engine.numba_engine - INFO - Запуск Numba-оптимизированного бэктеста для ETHDAI-ETHEUR
2026-01-23 14:11:21,264 - coint2.engine.numba_engine - INFO - Запуск Numba-оптимизированного бэктеста для ETHUSDC-ETHUSDT
2026-01-23 14:11:21,335 - coint2.engine.numba_engine - INFO - Запуск Numba-оптимизированного бэктеста для CYBERUSDT-FIDAUSDT
2026-01-23 14:11:21,391 - coint2.engine.numba_engine - INFO - Запуск Numba-оптимизированного бэктеста для AVAUSDT-KASTAUSDT
2026-01-23 14:11:21,415 - coint2.engine.numba_engine - INFO - Запуск Numba-оптимизированного бэктеста для APEUSDC-HFTUSDC
2026-01-23 14:11:21,451 - coint2.engine.numba_engine - INFO - Запуск Numba-оптимизированного бэктеста для APEUSDT-HFTUSDC
2026-01-23 14:11:21,457 - coint2.engine.numba_engine - INFO - Запуск Numba-оптимизированного бэктеста для DYDXUSDT-KCALUSDT
2026-01-23 14:11:21,489 - coint2.engine.numba_engine - INFO - Запуск Numba-оптимизированного бэктеста для BATUSDT-JSTUSDT
2026-01-23 14:11:21,495 - coint2.engine.numba_engine - INFO - Запуск Numba-оптимизированного бэктеста для BICOUSDT-KASTAUSDT
2026-01-23 14:11:21,498 - coint2.engine.numba_engine - INFO - Запуск Numba-оптимизированного бэктеста для AFCUSDT-CITYUSDT
2026-01-23 14:11:21,522 - coint2.engine.numba_engine - INFO - Запуск Numba-оптимизированного бэктеста для CBKUSDT-ETCUSDT
2026-01-23 14:11:21,522 - coint2.engine.numba_engine - INFO - Запуск Numba-оптимизированного бэктеста для GMTUSDT-KCALUSDT
2026-01-23 14:11:21,535 - coint2.engine.numba_engine - INFO - Запуск Numba-оптимизированного бэктеста для FLOWUSDT-JSTUSDT
2026-01-23 14:11:21,541 - coint2.engine.numba_engine - INFO - Запуск Numba-оптимизированного бэктеста для CHZUSDT-JSTUSDT
2026-01-23 14:11:21,559 - coint2.engine.numba_engine - INFO - Запуск Numba-оптимизированного бэктеста для CHZUSDC-JSTUSDT
2026-01-23 14:11:21,568 - coint2.engine.numba_engine - INFO - Запуск Numba-оптимизированного бэктеста для CSPRUSDT-FTTUSDT
2026-01-23 14:11:21,588 - coint2.engine.numba_engine - INFO - Запуск Numba-оптимизированного бэктеста для GODSUSDT-KCALUSDT
2026-01-23 14:11:21,608 - coint2.engine.numba_engine - INFO - Запуск Numba-оптимизированного бэктеста для CBKUSDT-FILUSDT
2026-01-23 14:11:21,611 - coint2.engine.numba_engine - INFO - Запуск Numba-оптимизированного бэктеста для DMAILUSDT-FIDAUSDT
2026-01-23 14:11:21,637 - coint2.engine.numba_engine - INFO - Запуск Numba-оптимизированного бэктеста для FIDAUSDT-KAVAUSDT
2026-01-23 14:11:21,646 - coint2.engine.numba_engine - INFO - Запуск Numba-оптимизированного бэктеста для CSPRUSDT-GTAIUSDT
2026-01-23 14:11:21,650 - coint2.engine.numba_engine - INFO - Запуск Numba-оптимизированного бэктеста для CBKUSDT-FILUSDC
2026-01-23 14:11:21,660 - coint2.engine.numba_engine - INFO - Запуск Numba-оптимизированного бэктеста для GMTUSDC-KCALUSDT
2026-01-23 14:11:21,683 - coint2.engine.numba_engine - INFO - Запуск Numba-оптимизированного бэктеста для BATUSDT-ETCUSDT
2026-01-23 14:11:21,705 - coint2.engine.numba_engine - INFO - Запуск Numba-оптимизированного бэктеста для CHRPUSDT-ERTHAUSDT
2026-01-23 14:11:21,736 - coint2.engine.numba_engine - INFO - Запуск Numba-оптимизированного бэктеста для AEGUSDT-DOMEUSDT
2026-01-23 14:11:21,783 - coint2.engine.numba_engine - INFO - Запуск Numba-оптимизированного бэктеста для 1INCHUSDT-AXSUSDT
2026-01-23 14:11:21,793 - coint2.engine.numba_engine - INFO - Запуск Numba-оптимизированного бэктеста для BICOUSDT-DUELUSDT
2026-01-23 14:11:21,816 - coint2.engine.numba_engine - INFO - Запуск Numba-оптимизированного бэктеста для C98USDT-CHZUSDT
2026-01-23 14:11:21,821 - coint2.engine.numba_engine - INFO - Запуск Numba-оптимизированного бэктеста для ADAEUR-ADAUSDC
2026-01-23 14:11:21,863 - INFO -   ⏱️ Параллельная обработка завершена за 0.7с (40.8 пар/с)
2026-01-23 14:11:21,878 - coint2.pipeline.walk_forward_orchestrator - INFO - 🎯 СИМУЛЯЦИЯ ПОРТФЕЛЯ: 30 пар, лимит 15 позиций
2026-01-23 14:11:22,651 - coint2.pipeline.walk_forward_orchestrator - INFO -    📈 Макс. одновременных сигналов: 21
2026-01-23 14:11:22,651 - coint2.pipeline.walk_forward_orchestrator - INFO -    📊 Средн. сигналов за период: 12.8
2026-01-23 14:11:22,651 - coint2.pipeline.walk_forward_orchestrator - INFO -    🎯 Финальных активных позиций: 11
2026-01-23 14:11:22,652 - coint2.pipeline.walk_forward_orchestrator - INFO -    ⚡ Утилизация лимита позиций: 81.1%
2026-01-23 14:11:22,653 - INFO - ⇠ WF-шаг 2/3 backtests — completed 30 items in 1.53s (19.7 items/s)
2026-01-23 14:11:22,653 - INFO -   ✅ Обработка завершена: 30 успешно, 0 с ошибками
2026-01-23 14:11:22,653 - INFO -   📊 Успешность: 100.0%, прибыльность: 30.0%, сделок/пара: 50.3
2026-01-23 14:11:22,653 - INFO -   ✅ Завершены бэктесты для 30 пар
2026-01-23 14:11:22,653 - INFO -   📊 Всего обработано пар в этом шаге: 30
2026-01-23 14:11:22,653 - INFO -   📈 Результаты шага: 9/30 прибыльных пар, 1509 сделок
2026-01-23 14:11:22,653 - INFO -   💰 P&L шага: $-779.97
2026-01-23 14:11:22,653 - INFO -   ⇢ Обновление капитала и дневного P&L...
2026-01-23 14:11:23,929 - INFO -   💼 Шаг P&L: $-779.97, Накопленный капитал: $1,129.51
2026-01-23 14:11:23,929 - INFO - ------------------------------------------------------------
2026-01-23 14:11:23,929 - INFO -   Walk-forward steps: 2 / 3 (66.7%) | 0.1 items/s | ETA: 17.9s
2026-01-23 14:11:23,929 - INFO - 🔍 WF-шаг 3/3: Валидация временных окон...
2026-01-23 14:11:23,930 - INFO - ⇢ WF-шаг 3/3: training 2024-12-02-2025-03-01, testing 2025-03-02-2025-04-01 — start
2026-01-23 14:11:23,930 - INFO - ⇢ loading step data — start
2026-01-23 14:11:24,410 - INFO - ⇠ loading step data — done in 0.48s
2026-01-23 14:11:28,783 - INFO - 📊 WF-шаг 3/3: Границы данных:
2026-01-23 14:11:28,783 - INFO -    Training: 2024-12-02 00:00:00 → 2025-03-01 23:45:00 (8,640 строк × 595 символов)
2026-01-23 14:11:28,783 - INFO -    Testing:  2025-03-02 00:00:00 → 2025-04-01 00:00:00 (2,881 строк × 595 символов)
2026-01-23 14:11:28,783 - INFO -    Временной разрыв: 0 days 00:15:00
2026-01-23 14:11:28,859 - INFO - ⇢ normalizing training data — start
2026-01-23 14:11:28,929 - INFO -   Символы с NaN значениями: 65
2026-01-23 14:11:28,929 - INFO -   Применяем метод нормализации: rolling_zscore
2026-01-23 14:11:28,994 - INFO - Символы с недостаточной историей: 48 из 595
2026-01-23 14:11:30,483 - INFO - Символы с NaN после нормализации: 547
2026-01-23 14:11:30,506 - INFO - Удалено 1673 начальных строк с NaN от rolling расчетов
2026-01-23 14:11:30,510 - INFO - Итоговое количество символов после нормализации: 547 из 595
2026-01-23 14:11:30,514 - INFO -   Статистика нормализации:
2026-01-23 14:11:30,514 - INFO -     Исходные символы: 595
2026-01-23 14:11:30,514 - INFO -     Недостаточная история: 48
2026-01-23 14:11:30,514 - INFO -     Постоянная цена: 0
2026-01-23 14:11:30,514 - INFO -     NaN после нормализации: 547
2026-01-23 14:11:30,514 - INFO -     Итоговые символы: 547 (91.9%)
2026-01-23 14:11:30,514 - INFO -   После нормализации: 547 символов (потеряно 48)
2026-01-23 14:11:30,514 - INFO -   Отброшено много символов: 48 из 595
2026-01-23 14:11:30,514 - INFO - ⇠ normalizing training data — done in 1.66s
2026-01-23 14:11:30,515 - INFO -   Фиксированный universe: 250 пар (отфильтровано 0 недоступных)
2026-01-23 14:11:30,515 - INFO - ⇢ filtering pairs by cointegration and half-life — start
2026-01-23 14:11:30,515 - INFO - [ФИЛЬТР] Параллельная фильтрация: threads (8 workers)
2026-01-23 14:11:42,294 - INFO - [ФИЛЬТР] После проверки данных: 250 пар
2026-01-23 14:11:42,294 - INFO - [ФИЛЬТР] После фильтра корреляции (>0.4): 214 пар
2026-01-23 14:11:42,294 - INFO - [ФИЛЬТР] После фильтра beta: 183 пар
2026-01-23 14:11:42,294 - INFO - [ФИЛЬТР] После фильтра mean crossings: 183 пар
2026-01-23 14:11:42,294 - INFO - [ФИЛЬТР] После фильтра half-life: 183 пар
2026-01-23 14:11:42,294 - INFO - [ФИЛЬТР] После фильтра коинтеграции: 134 пар
2026-01-23 14:11:42,294 - INFO - [ФИЛЬТР] После фильтра Hurst: 103 пар
2026-01-23 14:11:42,294 - INFO - [ФИЛЬТР] После фильтра KPSS: 103 пар
2026-01-23 14:11:42,294 - INFO - [ФИЛЬТР] После фильтра market microstructure: 103 пар
2026-01-23 14:11:42,294 - INFO - [ФИЛЬТР] Статистика фильтрации (оптимизированный порядок):
2026-01-23 14:11:42,294 - INFO -   1. SSD → Коинтеграция: 250 → 134 пар
2026-01-23 14:11:42,294 - INFO -   2. Коинтеграция → Beta: 134 → 183 пар
2026-01-23 14:11:42,294 - INFO -   3. Beta → Half-life: 183 → 183 пар
2026-01-23 14:11:42,294 - INFO -   4. Half-life → Mean crossings: 183 → 183 пар
2026-01-23 14:11:42,294 - INFO -   5. Mean crossings → Hurst: 183 → 103 пар
2026-01-23 14:11:42,294 - INFO -   6. Hurst → KPSS: 103 → 103 пар
2026-01-23 14:11:42,294 - INFO -   7. KPSS → Market microstructure: 103 → 103 пар
2026-01-23 14:11:42,294 - INFO - [ФИЛЬТР] Причины отсева:
2026-01-23 14:11:42,295 - INFO -   • pvalue: 49 пар (19.6%)
2026-01-23 14:11:42,295 - INFO -   • low_correlation: 36 пар (14.4%)
2026-01-23 14:11:42,295 - INFO -   • beta: 31 пар (12.4%)
2026-01-23 14:11:42,295 - INFO -   • hurst: 31 пар (12.4%)
2026-01-23 14:11:42,295 - INFO - [ФИЛЬТР] Итого: 250 → 103 пар (41.2% прошли все фильтры)
2026-01-23 14:11:42,297 - INFO - Причины отсева сохранены в results/filter_reasons_20260123_141142.csv
2026-01-23 14:11:42,297 - INFO -   Pair stability filter: 103 → 63 (window=2, min_steps=1, history=2)
2026-01-23 14:11:42,297 - INFO -   Фильтрация: 250 → 63 пар
2026-01-23 14:11:42,297 - INFO - ⇠ filtering pairs by cointegration and half-life — done in 11.78s
2026-01-23 14:11:42,297 - INFO - ⇠ WF-шаг 3/3: training 2024-12-02-2025-03-01, testing 2025-03-02-2025-04-01 — done in 18.37s
2026-01-23 14:11:42,297 - INFO -   Ограничение max_pairs=30: 63 → 30
2026-01-23 14:11:42,297 - INFO -   Топ-3 пары по волатильности спреда:
2026-01-23 14:11:42,297 - INFO -     1. BTCUSDC-BTCUSDT: beta=1.0032, std=65.7783
2026-01-23 14:11:42,298 - INFO -     2. ETHDAI-ETHEUR: beta=1.0539, std=36.1543
2026-01-23 14:11:42,298 - INFO -     3. ETCUSDT-JUVUSDT: beta=14.3982, std=3.0702
2026-01-23 14:11:42,298 - INFO -   Всего пар для торговли: 30 (ограничение 15 применяется к одновременно открытым позициям)
2026-01-23 14:11:42,298 - INFO -   💰 Проверка расчета капитала: equity=$1,129.51, кандидатных_пар=30, max_позиций=15
2026-01-23 14:11:42,298 - INFO -   🎯 Target concurrency: 15 (ожидаемое одновременное число позиций)
2026-01-23 14:11:42,298 - INFO -   📊 Детали расчета капитала:
2026-01-23 14:11:42,298 - INFO -      • Базовый капитал на пару: $75.30 (equity / target_concurrency)
2026-01-23 14:11:42,298 - INFO -      • Риск-капитал: $22.59 (2.0% от equity)
2026-01-23 14:11:42,298 - INFO -      • Макс. размер позиции: $56.48 (5.0% от equity)
2026-01-23 14:11:42,298 - INFO -      • Итоговый капитал на пару: $22.59
2026-01-23 14:11:42,298 - INFO - ⇢ WF-шаг 3/3 backtests — starting 30 items
2026-01-23 14:11:42,298 - INFO - 🚀 WF-шаг 3/3: Начинаем бэктесты для 30 пар...
2026-01-23 14:11:42,299 - INFO - 🚀 WF-шаг 3/3: Запускаем параллельную обработку 30 пар на 8 ядрах...
2026-01-23 14:11:42,299 - INFO - 🚀 WF-шаг 3/3: Режим параллельности: процессы
⚙️  Загрузка данных за период: 2024-12-02 -> 2025-04-01
📂 Найдено 43 parquet файлов для обработки.
📊 Схема данных: Schema({'timestamp': Int64, 'open': Float64, 'high': Float64, 'low': Float64, 'close': Float64, 'volume': Float64, 'turnover': String, 'ts_ms': Int64, 'symbol': String})
✅ Загружено 6507634 записей с помощью Polars.
📊 Типы данных в pandas: timestamp       datetime64[us]
symbol                  object
close                  float64
timestamp_ms             int64
dtype: object
2026-01-23 14:11:42,354 - coint2.engine.numba_engine - INFO - Запуск Numba-оптимизированного бэктеста для BTCUSDC-BTCUSDT
2026-01-23 14:11:42,378 - coint2.engine.numba_engine - INFO - Запуск Numba-оптимизированного бэктеста для ETHDAI-ETHEUR
2026-01-23 14:11:42,417 - coint2.engine.numba_engine - INFO - Запуск Numba-оптимизированного бэктеста для ETCUSDT-JUVUSDT
2026-01-23 14:11:42,430 - coint2.engine.numba_engine - INFO - Запуск Numba-оптимизированного бэктеста для FILUSDC-JUVUSDT
2026-01-23 14:11:42,435 - coint2.engine.numba_engine - INFO - Запуск Numba-оптимизированного бэктеста для AXSUSDT-DOTUSDT
2026-01-23 14:11:42,457 - coint2.engine.numba_engine - INFO - Запуск Numba-оптимизированного бэктеста для CBKUSDT-ETCUSDT
2026-01-23 14:11:42,459 - coint2.engine.numba_engine - INFO - Запуск Numba-оптимизированного бэктеста для DYDXUSDT-KCALUSDT
2026-01-23 14:11:42,479 - coint2.engine.numba_engine - INFO - Запуск Numba-оптимизированного бэктеста для FLOWUSDT-JSTUSDT
2026-01-23 14:11:42,481 - coint2.engine.numba_engine - INFO - Запуск Numba-оптимизированного бэктеста для FLOWUSDT-JUVUSDT
2026-01-23 14:11:42,482 - coint2.engine.numba_engine - INFO - Запуск Numba-оптимизированного бэктеста для FILUSDT-JUVUSDT
2026-01-23 14:11:42,503 - coint2.engine.numba_engine - INFO - Запуск Numba-оптимизированного бэктеста для APEUSDT-ATOMUSDT
2026-01-23 14:11:42,512 - coint2.engine.numba_engine - INFO - Запуск Numba-оптимизированного бэктеста для AVAUSDT-FLOWUSDT
2026-01-23 14:11:42,532 - coint2.engine.numba_engine - INFO - Запуск Numba-оптимизированного бэктеста для AVAUSDT-KASTAUSDT
2026-01-23 14:11:42,565 - coint2.engine.numba_engine - INFO - Запуск Numba-оптимизированного бэктеста для DYDXUSDT-KSMUSDT
2026-01-23 14:11:42,584 - coint2.engine.numba_engine - INFO - Запуск Numba-оптимизированного бэктеста для CYBERUSDT-FIDAUSDT
2026-01-23 14:11:42,588 - coint2.engine.numba_engine - INFO - Запуск Numba-оптимизированного бэктеста для AXSUSDT-DOTUSDC
2026-01-23 14:11:42,622 - coint2.engine.numba_engine - INFO - Запуск Numba-оптимизированного бэктеста для CITYUSDT-GRTUSDT
2026-01-23 14:11:42,634 - coint2.engine.numba_engine - INFO - Запуск Numba-оптимизированного бэктеста для AXLUSDT-IZIUSDT
2026-01-23 14:11:42,658 - coint2.engine.numba_engine - INFO - Запуск Numba-оптимизированного бэктеста для APEXUSDT-KASTAUSDT
2026-01-23 14:11:42,658 - coint2.engine.numba_engine - INFO - Запуск Numba-оптимизированного бэктеста для ARTYUSDT-KDAUSDT
2026-01-23 14:11:42,665 - coint2.engine.numba_engine - INFO - Запуск Numba-оптимизированного бэктеста для APEXUSDC-KASTAUSDT
2026-01-23 14:11:42,672 - coint2.engine.numba_engine - INFO - Запуск Numba-оптимизированного бэктеста для GLMRUSDT-KCALUSDT
2026-01-23 14:11:42,683 - coint2.engine.numba_engine - INFO - Запуск Numba-оптимизированного бэктеста для BATUSDT-CBKUSDT
2026-01-23 14:11:42,691 - coint2.engine.numba_engine - INFO - Запуск Numba-оптимизированного бэктеста для APEUSDT-HFTUSDT
2026-01-23 14:11:42,710 - coint2.engine.numba_engine - INFO - Запуск Numba-оптимизированного бэктеста для APEUSDC-HFTUSDC
2026-01-23 14:11:42,706 - coint2.engine.numba_engine - INFO - Запуск Numba-оптимизированного бэктеста для APEUSDC-HFTUSDT
2026-01-23 14:11:42,750 - coint2.engine.numba_engine - INFO - Запуск Numba-оптимизированного бэктеста для ARTYUSDT-CRVUSDT
2026-01-23 14:11:42,755 - coint2.engine.numba_engine - INFO - Запуск Numba-оптимизированного бэктеста для GODSUSDT-KCALUSDT
2026-01-23 14:11:42,760 - coint2.engine.numba_engine - INFO - Запуск Numba-оптимизированного бэктеста для BATUSDT-JUVUSDT
2026-01-23 14:11:42,786 - coint2.engine.numba_engine - INFO - Запуск Numba-оптимизированного бэктеста для APEUSDT-HFTUSDC
2026-01-23 14:11:42,835 - INFO -   ⏱️ Параллельная обработка завершена за 0.5с (56.0 пар/с)
2026-01-23 14:11:42,854 - coint2.pipeline.walk_forward_orchestrator - INFO - 🎯 СИМУЛЯЦИЯ ПОРТФЕЛЯ: 30 пар, лимит 15 позиций
2026-01-23 14:11:43,630 - coint2.pipeline.walk_forward_orchestrator - INFO -    📈 Макс. одновременных сигналов: 23
2026-01-23 14:11:43,631 - coint2.pipeline.walk_forward_orchestrator - INFO -    📊 Средн. сигналов за период: 12.0
2026-01-23 14:11:43,631 - coint2.pipeline.walk_forward_orchestrator - INFO -    🎯 Финальных активных позиций: 14
2026-01-23 14:11:43,632 - coint2.pipeline.walk_forward_orchestrator - INFO -    ⚡ Утилизация лимита позиций: 76.6%
2026-01-23 14:11:43,632 - INFO - ⇠ WF-шаг 3/3 backtests — completed 30 items in 1.33s (22.5 items/s)
2026-01-23 14:11:43,633 - INFO -   ✅ Обработка завершена: 30 успешно, 0 с ошибками
2026-01-23 14:11:43,633 - INFO -   📊 Успешность: 100.0%, прибыльность: 60.0%, сделок/пара: 48.1
2026-01-23 14:11:43,633 - INFO -   ✅ Завершены бэктесты для 30 пар
2026-01-23 14:11:43,633 - INFO -   📊 Всего обработано пар в этом шаге: 30
2026-01-23 14:11:43,633 - INFO -   📈 Результаты шага: 18/30 прибыльных пар, 1444 сделок
2026-01-23 14:11:43,633 - INFO -   💰 P&L шага: $-150.97
2026-01-23 14:11:43,633 - INFO -   ⇢ Обновление капитала и дневного P&L...
2026-01-23 14:11:44,980 - INFO -   💼 Шаг P&L: $-150.97, Накопленный капитал: $978.54
2026-01-23 14:11:44,980 - INFO - ------------------------------------------------------------
2026-01-23 14:11:44,980 - INFO -   Walk-forward steps: 3 / 3 (100.0%) | 0.1 items/s | ETA: 0.0s
2026-01-23 14:11:44,980 - INFO - ⇠ Walk-forward steps — completed 3 items in 56.76s (0.1 items/s)
2026-01-23 14:11:44,981 - INFO - ================================================================================
2026-01-23 14:11:44,981 - INFO - 🏁 Walk-forward анализ завершен!
2026-01-23 14:11:44,981 - INFO - ⏱️ Обработано 3 шагов за 2.7 секунд
2026-01-23 14:11:44,981 - INFO - 📊 Всего обработано пар за весь анализ: 90
2026-01-23 14:11:44,981 - INFO - 💰 Финальный капитал: $978.54 (было $1,000.00)
2026-01-23 14:11:44,981 - INFO - 📈 Общая доходность: -2.15% ($-21.46)
2026-01-23 14:11:44,981 - INFO - 📊 Всего сделок: 0
2026-01-23 14:11:44,981 - INFO - ================================================================================
2026-01-23 14:11:44,981 - INFO - ✓ Завершены все 3 WF-шагов
2026-01-23 14:11:44,981 - INFO - ⇢ Обработка финальных результатов и расчет метрик...
2026-01-23 14:11:44,981 - INFO - ⇢ processing final results — start
2026-01-23 14:11:44,981 - INFO -   ⇢ Агрегация данных P&L за 8643 торговых дней
2026-01-23 14:11:45,003 - INFO -   ⇢ Расчет базовых метрик производительности...
2026-01-23 14:11:45,004 - INFO -     📊 Данные для анализа: 8643 записей P&L, 8641 точек equity
2026-01-23 14:11:45,006 - INFO -   ⇢ Расчет расширенных метрик (волатильность, Calmar ratio, и др.)...
2026-01-23 14:11:45,006 - INFO -   ✅ Расширенные метрики рассчитаны: 6 показателей
2026-01-23 14:11:45,006 - INFO -   ⇢ Анализ статистики по 90 парам...
2026-01-23 14:11:45,011 - INFO - ✅ Рассчитаны метрики производительности (26 показателей)
2026-01-23 14:11:45,011 - INFO -   💰 Общий P&L: $-21.46
2026-01-23 14:11:45,011 - INFO -   📊 Sharpe Ratio: 0.433
2026-01-23 14:11:45,011 - INFO -   📉 Максимальная просадка: -128202.22%
2026-01-23 14:11:45,011 - INFO -   🔄 Всего сделок: 4403
2026-01-23 14:11:45,011 - INFO -   📈 Торгуемых пар: 55
2026-01-23 14:11:45,011 - INFO -   💸 Общие издержки: $393.52
2026-01-23 14:11:45,012 - coint2.metrics - INFO - Metric: total_pnl
2026-01-23 14:11:45,012 - coint2.metrics - INFO - Metric: sharpe_ratio_abs
2026-01-23 14:11:45,012 - coint2.metrics - INFO - Metric: max_drawdown_pct
2026-01-23 14:11:45,012 - coint2.metrics - INFO - Metric: total_trades
2026-01-23 14:11:45,012 - coint2.metrics - INFO - Metric: total_pairs_traded
2026-01-23 14:11:45,012 - coint2.metrics - INFO - Metric: total_costs
2026-01-23 14:11:45,012 - INFO - ⇠ processing final results — done in 0.03s
2026-01-23 14:11:45,013 - INFO - ⇢ Создание отчетов и сохранение результатов...
2026-01-23 14:11:45,013 - INFO - ⇢ generating reports — start
2026-01-23 14:11:45,013 - INFO -   ⇢ Создание отчета о производительности...
2026-01-23 14:11:51,189 - INFO -   ✓ Отчет о производительности создан
2026-01-23 14:11:51,190 - INFO -   ⇢ Сохранение данных в CSV файлы...
2026-01-23 14:11:51,193 - INFO - 📋 Метрики сохранены: artifacts/wfa/runs/20260123_budget1000_oos20250101_20250630_top50_maxnot40_lowrisk_maxpairsgrid/stress_relaxed8_nokpss_20260123_oos20250101_20250630_top50_z1p00_exit0p06_hold180_cd180_ms0p2_cap1000_maxnot40_risk0p02_minnot20_maxpairs30/strategy_metrics.csv
2026-01-23 14:11:51,194 - INFO - 📈 Дневные P&L сохранены: artifacts/wfa/runs/20260123_budget1000_oos20250101_20250630_top50_maxnot40_lowrisk_maxpairsgrid/stress_relaxed8_nokpss_20260123_oos20250101_20250630_top50_z1p00_exit0p06_hold180_cd180_ms0p2_cap1000_maxnot40_risk0p02_minnot20_maxpairs30/daily_pnl.csv (91 записей)
2026-01-23 14:11:51,234 - INFO - 💹 Кривая капитала сохранена: artifacts/wfa/runs/20260123_budget1000_oos20250101_20250630_top50_maxnot40_lowrisk_maxpairsgrid/stress_relaxed8_nokpss_20260123_oos20250101_20250630_top50_z1p00_exit0p06_hold180_cd180_ms0p2_cap1000_maxnot40_risk0p02_minnot20_maxpairs30/equity_curve.csv (8641 точек)
2026-01-23 14:11:51,238 - INFO - 📋 Статистика сделок сохранена: artifacts/wfa/runs/20260123_budget1000_oos20250101_20250630_top50_maxnot40_lowrisk_maxpairsgrid/stress_relaxed8_nokpss_20260123_oos20250101_20250630_top50_z1p00_exit0p06_hold180_cd180_ms0p2_cap1000_maxnot40_risk0p02_minnot20_maxpairs30/trade_statistics.csv (90 записей)
2026-01-23 14:11:51,238 - INFO - 🎉 Walk-Forward анализ полностью завершен!
2026-01-23 14:11:51,238 - INFO - 📊 Все отчеты и данные сохранены в: artifacts/wfa/runs/20260123_budget1000_oos20250101_20250630_top50_maxnot40_lowrisk_maxpairsgrid/stress_relaxed8_nokpss_20260123_oos20250101_20250630_top50_z1p00_exit0p06_hold180_cd180_ms0p2_cap1000_maxnot40_risk0p02_minnot20_maxpairs30
2026-01-23 14:11:51,238 - INFO - 💼 Итоговый капитал: $978.54
2026-01-23 14:11:51,238 - INFO - ⏱️  Общее время выполнения: 8.9 секунд
2026-01-23 14:11:51,238 - INFO - ⇠ generating reports — done in 6.23s
2026-01-23 14:11:51,238 - coint2.core.memory_optimization - INFO - 🧹 Cleaning up global price data
2026-01-23 14:11:51,244 - coint2.core.memory_optimization - INFO - 📊 No global rolling stats to clean up
2026-01-23 14:11:51,244 - INFO - 🧹 Memory-mapped data cleaned up
2026-01-23 14:11:51,246 - INFO - ⇠ run_walk_forward_analysis — done in 75.73s
📊 Отчет сохранен: artifacts/wfa/runs/20260123_budget1000_oos20250101_20250630_top50_maxnot40_lowrisk_maxpairsgrid/stress_relaxed8_nokpss_20260123_oos20250101_20250630_top50_z1p00_exit0p06_hold180_cd180_ms0p2_cap1000_maxnot40_risk0p02_minnot20_maxpairs30/CointegrationStrategy_performance_report.png
🎯 ============================================================
📊 ИТОГИ ТОРГОВОЙ СТРАТЕГИИ
🎯 ============================================================

💰 ФИНАНСОВЫЕ РЕЗУЛЬТАТЫ:
   • Общий P&L:                          -21
   • Максимальная просадка:           -1,282
   • Средний дневной P&L:                 -0

📈 МЕТРИКИ РИСКА:
   • Коэффициент Шарпа:               0.4327
   • Волатильность P&L:                85.46
   • Процент прибыльных дней:         51.65%

🔄 ТОРГОВАЯ АКТИВНОСТЬ:
   • Всего торговых дней:                 91
   • Всего сделок:                     4,403
   • Торгуемых пар:                       55
   • Сделок на пару:                    48.9
   • Успешность сделок:               0.86%

💸 РАСХОДЫ И ЭКСТРЕМУМЫ:
   • Общие расходы:                      394
   • Максимальная прибыль:               218
   • Максимальный убыток:               -596
   • Лучшая пара (P&L):                  399
   • Худшая пара (P&L):                 -170

📊 ОЦЕНКА СТРАТЕГИИ:
   ❌ УБЫТОЧНАЯ стратегия. Требует доработки

🎯 ============================================================

Annualized Sharpe Ratio: 0.4326599025870649
[run_wfa_fullcpu] end: 2026-01-23T14:11:52Z
