[run_wfa_queue] 2026-01-18T22:12:08Z cmd: /opt/coint4/coint4/run_wfa_fullcpu.sh configs/shortlist_20260118/shortlist_20260118_corr0p7_z0p85_exit0p12_ssd25000.yaml artifacts/wfa/runs/20260118_shortlist/shortlist_20260118_corr0p7_z0p85_exit0p12_ssd25000
[run_wfa_fullcpu] start: 2026-01-18T22:12:08Z
[run_wfa_fullcpu] os.cpu_count: 8
[run_wfa_fullcpu] worker_pid=1468
2026-01-18 22:12:11,926 - coint2.core.memory_optimization - INFO - ✅ BLAS threading limits set to 1 via threadpoolctl
2026-01-18 22:12:11,928 - coint2.core.memory_optimization - INFO - 🔧 Controlled libraries: openblas, openmp
2026-01-18 22:12:11,928 - coint2.core.memory_optimization - INFO - 🧵 Process threads: 2 → 2
2026-01-18 22:12:11,928 - coint2.core.memory_optimization - INFO - 📝 Set 11 environment variables
2026-01-18 22:12:12,402 - INFO - ✅ Параметры конфигурации валидны
2026-01-18 22:12:12,402 - INFO - 📝 Некоторые параметры были скорректированы:
2026-01-18 22:12:12,402 - INFO - 🧭 WFA: динамический отбор пар на каждом шаге
2026-01-18 22:12:12,403 - INFO -   Шаг 1: тренировка 2023-08-02-2023-09-30, тест 2023-10-01-2023-10-31
2026-01-18 22:12:12,403 - INFO -   Шаг 2: тренировка 2023-09-01-2023-10-30, тест 2023-10-31-2023-11-30
2026-01-18 22:12:12,403 - INFO -   Шаг 3: тренировка 2023-10-01-2023-11-29, тест 2023-11-30-2023-12-30
2026-01-18 22:12:12,403 - INFO -   Шаг 4: тренировка 2023-10-31-2023-12-29, тест 2023-12-30-2024-01-29
2026-01-18 22:12:12,403 - INFO -   Шаг 5: тренировка 2023-11-30-2024-01-28, тест 2024-01-29-2024-02-28
2026-01-18 22:12:12,403 - INFO -   Шаг 6: тренировка 2023-12-30-2024-02-27, тест 2024-02-28-2024-03-29
2026-01-18 22:12:12,403 - INFO -   Шаг 7: тренировка 2024-01-29-2024-03-28, тест 2024-03-29-2024-04-28
2026-01-18 22:12:12,403 - INFO -   Шаг 8: тренировка 2024-02-28-2024-04-27, тест 2024-04-28-2024-05-28
2026-01-18 22:12:12,403 - INFO - 📈 Запланировано 8 walk-forward шагов
2026-01-18 22:12:12,403 - INFO - ⛔ Ограничение WFA шагов: 8 → 5
2026-01-18 22:12:12,403 - WARNING - ⚠️ Маленький буфер между training и testing в шаге 1: 0 дней. Рекомендуется минимум 1 день.
2026-01-18 22:12:12,403 - WARNING - ⚠️ Маленький буфер между training и testing в шаге 2: 0 дней. Рекомендуется минимум 1 день.
2026-01-18 22:12:12,403 - WARNING - ⚠️ Маленький буфер между training и testing в шаге 3: 0 дней. Рекомендуется минимум 1 день.
2026-01-18 22:12:12,403 - WARNING - ⚠️ Маленький буфер между training и testing в шаге 4: 0 дней. Рекомендуется минимум 1 день.
2026-01-18 22:12:12,403 - WARNING - ⚠️ Маленький буфер между training и testing в шаге 5: 0 дней. Рекомендуется минимум 1 день.
2026-01-18 22:12:12,403 - INFO - ✅ Шаги успешно запланированы:
2026-01-18 22:12:12,403 - INFO -    Шаг 1: тренировка 2023-08-02-2023-09-30, тест 2023-10-01-2023-10-31
2026-01-18 22:12:12,403 - INFO -    Шаг 2: тренировка 2023-09-01-2023-10-30, тест 2023-10-31-2023-11-30
2026-01-18 22:12:12,403 - INFO -    Шаг 3: тренировка 2023-10-01-2023-11-29, тест 2023-11-30-2023-12-30
2026-01-18 22:12:12,403 - INFO -    Шаг 4: тренировка 2023-10-31-2023-12-29, тест 2023-12-30-2024-01-29
2026-01-18 22:12:12,403 - INFO -    Шаг 5: тренировка 2023-11-30-2024-01-28, тест 2024-01-29-2024-02-28
2026-01-18 22:12:12,403 - INFO - 🗂️ Consolidating price data for memory-mapped access...
2026-01-18 22:12:12,403 - INFO - 📊 Consolidating data range: 2023-07-28 → 2024-03-04
2026-01-18 22:12:12,404 - coint2.core.memory_optimization - INFO - 🔄 Consolidating price data from data_downloaded to .cache/consolidated_prices.parquet
2026-01-18 22:12:12,404 - INFO - ⇢ loading raw data for consolidation — start
2026-01-18 22:12:14,154 - INFO - ⇠ loading raw data for consolidation — done in 1.75s
2026-01-18 22:12:14,154 - INFO - ⇢ pivoting data to wide format — start
2026-01-18 22:12:19,280 - INFO - ⇠ pivoting data to wide format — done in 5.13s
2026-01-18 22:12:19,322 - coint2.core.memory_optimization - INFO - 📊 Consolidated data: 21121 rows × 346 symbols
2026-01-18 22:12:19,322 - coint2.core.memory_optimization - INFO - 💾 Memory usage: 29.4 MB
2026-01-18 22:12:19,322 - INFO - ⇢ writing consolidated Parquet file — start
2026-01-18 22:12:19,565 - INFO - ⇠ writing consolidated Parquet file — done in 0.24s
2026-01-18 22:12:19,566 - coint2.core.memory_optimization - INFO - ✅ Successfully consolidated data to .cache/consolidated_prices.parquet
2026-01-18 22:12:19,591 - coint2.core.memory_optimization - INFO - 🔄 Initializing memory-mapped price data from .cache/consolidated_prices.parquet
2026-01-18 22:12:19,592 - INFO - ⇢ loading memory-mapped data — start
2026-01-18 22:12:19,592 - coint2.core.memory_optimization - WARNING - ⚠️ memory_map не поддерживается в текущей версии pyarrow, fallback без mmap
2026-01-18 22:12:19,729 - INFO - ⇠ loading memory-mapped data — done in 0.14s
2026-01-18 22:12:19,739 - coint2.core.memory_optimization - INFO - 📊 Loaded 21121 rows × 346 symbols
2026-01-18 22:12:19,739 - coint2.core.memory_optimization - INFO - 💾 Memory usage: 29.4 MB (memory-mapped)
2026-01-18 22:12:19,740 - INFO - ✅ Memory-mapped data initialized successfully
2026-01-18 22:12:19,741 - INFO - ⇢ Walk-forward steps — starting 5 items
2026-01-18 22:12:19,742 - INFO - 📈 Инициализация equity кривой с первой тестовой даты: 2023-10-01 00:00:00
2026-01-18 22:12:19,742 - INFO - 🔍 WF-шаг 1/5: Валидация временных окон...
2026-01-18 22:12:19,742 - INFO - ⇢ WF-шаг 1/5: training 2023-08-02-2023-09-30, testing 2023-10-01-2023-10-31 — start
2026-01-18 22:12:19,742 - INFO - ⇢ loading step data — start
2026-01-18 22:12:19,897 - INFO - ⇠ loading step data — done in 0.15s
2026-01-18 22:12:21,226 - INFO - 📊 WF-шаг 1/5: Границы данных:
2026-01-18 22:12:21,226 - INFO -    Training: 2023-08-02 00:00:00 → 2023-09-30 23:45:00 (5,760 строк × 282 символов)
2026-01-18 22:12:21,226 - INFO -    Testing:  2023-10-01 00:00:00 → 2023-10-31 00:00:00 (2,881 строк × 282 символов)
2026-01-18 22:12:21,226 - INFO -    Временной разрыв: 0 days 00:15:00
2026-01-18 22:12:21,263 - INFO - ⇢ normalizing training data — start
2026-01-18 22:12:21,295 - INFO -   Символы с NaN значениями: 20
2026-01-18 22:12:21,295 - INFO -   Применяем метод нормализации: rolling_zscore
2026-01-18 22:12:21,313 - INFO - Символы с недостаточной историей: 20 из 282
2026-01-18 22:12:21,701 - INFO - Символы с NaN после нормализации: 262
2026-01-18 22:12:21,708 - INFO - Удалено 1 начальных строк с NaN от rolling расчетов
2026-01-18 22:12:21,711 - INFO - Итоговое количество символов после нормализации: 262 из 282
2026-01-18 22:12:21,711 - INFO -   Статистика нормализации:
2026-01-18 22:12:21,711 - INFO -     Исходные символы: 282
2026-01-18 22:12:21,711 - INFO -     Недостаточная история: 20
2026-01-18 22:12:21,711 - INFO -     Постоянная цена: 0
2026-01-18 22:12:21,711 - INFO -     NaN после нормализации: 262
2026-01-18 22:12:21,712 - INFO -     Итоговые символы: 262 (92.9%)
2026-01-18 22:12:21,712 - INFO -   После нормализации: 262 символов (потеряно 20)
2026-01-18 22:12:21,712 - INFO -   Отброшенные символы: ADAEUR, BEAMUSDT, BTCEUR, CYBERUSDT, DOGEEUR, ETHEUR, FETUSDT, JEFFUSDT, KASUSDT, KAVAUSDT, LTCEUR, ORDIUSDT, POLUSDT, PPTUSDT, PYUSDUSDT, SEIUSDT, SOLEUR, USDCEUR, XRPEUR, ZTXUSDT
2026-01-18 22:12:21,712 - INFO - ⇠ normalizing training data — done in 0.45s
2026-01-18 22:12:21,712 - INFO - ⇢ SSD computation — start
2026-01-18 22:12:21,712 - INFO -   Расчет SSD для всех пар (без ограничения)
2026-01-18 22:12:27,440 - INFO -   SSD результат (все пары): 34191 пар
2026-01-18 22:12:27,441 - INFO -   Ограничиваем до top-25000 пар для дальнейшей обработки
2026-01-18 22:12:27,442 - INFO - ⇠ SSD computation — done in 5.73s
2026-01-18 22:12:27,448 - INFO - ⇢ filtering pairs by cointegration and half-life — start
2026-01-18 22:12:27,448 - INFO - [ФИЛЬТР] Параллельная фильтрация: threads (8 workers)
2026-01-18 22:19:07,208 - INFO - [ФИЛЬТР] После проверки данных: 25000 пар
2026-01-18 22:19:07,208 - INFO - [ФИЛЬТР] После фильтра корреляции (>0.7): 14809 пар
2026-01-18 22:19:07,208 - INFO - [ФИЛЬТР] После фильтра beta: 9733 пар
2026-01-18 22:19:07,208 - INFO - [ФИЛЬТР] После фильтра mean crossings: 9733 пар
2026-01-18 22:19:07,208 - INFO - [ФИЛЬТР] После фильтра half-life: 9705 пар
2026-01-18 22:19:07,208 - INFO - [ФИЛЬТР] После фильтра коинтеграции: 3776 пар
2026-01-18 22:19:07,209 - INFO - [ФИЛЬТР] После фильтра Hurst: 1797 пар
2026-01-18 22:19:07,209 - INFO - [ФИЛЬТР] После фильтра KPSS: 89 пар
2026-01-18 22:19:07,209 - INFO - [ФИЛЬТР] После фильтра market microstructure: 89 пар
2026-01-18 22:19:07,209 - INFO - [ФИЛЬТР] Статистика фильтрации (оптимизированный порядок):
2026-01-18 22:19:07,209 - INFO -   1. SSD → Коинтеграция: 25000 → 3776 пар
2026-01-18 22:19:07,209 - INFO -   2. Коинтеграция → Beta: 3776 → 9733 пар
2026-01-18 22:19:07,209 - INFO -   3. Beta → Half-life: 9733 → 9705 пар
2026-01-18 22:19:07,209 - INFO -   4. Half-life → Mean crossings: 9705 → 9733 пар
2026-01-18 22:19:07,209 - INFO -   5. Mean crossings → Hurst: 9733 → 1797 пар
2026-01-18 22:19:07,209 - INFO -   6. Hurst → KPSS: 1797 → 89 пар
2026-01-18 22:19:07,209 - INFO -   7. KPSS → Market microstructure: 89 → 89 пар
2026-01-18 22:19:07,209 - INFO - [ФИЛЬТР] Причины отсева:
2026-01-18 22:19:07,209 - INFO -   • low_correlation: 10191 пар (40.8%)
2026-01-18 22:19:07,209 - INFO -   • pvalue: 5929 пар (23.7%)
2026-01-18 22:19:07,209 - INFO -   • beta: 5076 пар (20.3%)
2026-01-18 22:19:07,209 - INFO -   • hurst: 1979 пар (7.9%)
2026-01-18 22:19:07,209 - INFO -   • kpss: 1708 пар (6.8%)
2026-01-18 22:19:07,209 - INFO -   • half_life: 28 пар (0.1%)
2026-01-18 22:19:07,209 - INFO - [ФИЛЬТР] Итого: 25000 → 89 пар (0.4% прошли все фильтры)
2026-01-18 22:19:07,259 - INFO - Причины отсева сохранены в results/filter_reasons_20260118_221907.csv
2026-01-18 22:19:07,270 - INFO -   Фильтрация: 25000 → 89 пар
2026-01-18 22:19:07,270 - INFO - ⇠ filtering pairs by cointegration and half-life — done in 399.82s
2026-01-18 22:19:07,270 - INFO - ⇠ WF-шаг 1/5: training 2023-08-02-2023-09-30, testing 2023-10-01-2023-10-31 — done in 407.53s
2026-01-18 22:19:07,270 - INFO -   Топ-3 пары по волатильности спреда:
2026-01-18 22:19:07,270 - INFO -     1. COMPUSDT-GMXUSDT: beta=1.0239, std=2.0031
2026-01-18 22:19:07,271 - INFO -     2. TIMEUSDT-ZENUSDT: beta=1.0190, std=0.6922
2026-01-18 22:19:07,271 - INFO -     3. ETHUSDC-ETHUSDT: beta=0.9936, std=0.6033
2026-01-18 22:19:07,271 - INFO -   Всего пар для торговли: 89 (ограничение 15 применяется к одновременно открытым позициям)
2026-01-18 22:19:07,271 - INFO -   💰 Проверка расчета капитала: equity=$10,000.00, кандидатных_пар=89, max_позиций=15
2026-01-18 22:19:07,271 - INFO -   🎯 Target concurrency: 15 (ожидаемое одновременное число позиций)
2026-01-18 22:19:07,271 - INFO -   📊 Детали расчета капитала:
2026-01-18 22:19:07,271 - INFO -      • Базовый капитал на пару: $666.67 (equity / target_concurrency)
2026-01-18 22:19:07,271 - INFO -      • Риск-капитал: $150.00 (1.5% от equity)
2026-01-18 22:19:07,271 - INFO -      • Макс. размер позиции: $200.00 (2.0% от equity)
2026-01-18 22:19:07,271 - INFO -      • Итоговый капитал на пару: $150.00
2026-01-18 22:19:07,272 - INFO - ⇢ WF-шаг 1/5 backtests — starting 89 items
2026-01-18 22:19:07,272 - INFO - 🚀 WF-шаг 1/5: Начинаем бэктесты для 89 пар...
2026-01-18 22:19:07,272 - INFO - 🚀 WF-шаг 1/5: Запускаем параллельную обработку 89 пар на 8 ядрах...
2026-01-18 22:19:07,272 - INFO -   📊 Большой набор пар (89), ожидаемое время: ~3 мин
2026-01-18 22:19:07,272 - INFO -   🔄 Прогресс будет отображаться каждые 8 пар
2026-01-18 22:19:07,272 - INFO - 🚀 WF-шаг 1/5: Режим параллельности: процессы
⚙️  Загрузка данных за период: 2023-07-28 -> 2024-03-04
📂 Найдено 43 parquet файлов для обработки.
📊 Схема данных: Schema({'timestamp': Int64, 'open': Float64, 'high': Float64, 'low': Float64, 'close': Float64, 'volume': Float64, 'turnover': String, 'ts_ms': Int64, 'symbol': String})
✅ Загружено 6226682 записей с помощью Polars.
📊 Типы данных в pandas: timestamp       datetime64[us]
symbol                  object
close                  float64
timestamp_ms             int64
dtype: object
⚙️  Загрузка данных за период: 2023-08-02 -> 2023-10-31
📂 Найдено 43 parquet файлов для обработки.
📊 Схема данных: Schema({'timestamp': Int64, 'open': Float64, 'high': Float64, 'low': Float64, 'close': Float64, 'volume': Float64, 'turnover': String, 'ts_ms': Int64, 'symbol': String})
✅ Загружено 2351056 записей с помощью Polars.
📊 Типы данных в pandas: timestamp       datetime64[us]
symbol                  object
close                  float64
timestamp_ms             int64
dtype: object
2026-01-18 22:19:07,330 - coint2.engine.numba_engine - INFO - Запуск Numba-оптимизированного бэктеста для COMPUSDT-GMXUSDT
2026-01-18 22:19:07,357 - coint2.engine.numba_engine - INFO - Запуск Numba-оптимизированного бэктеста для TIMEUSDT-ZENUSDT
2026-01-18 22:19:07,380 - coint2.engine.numba_engine - INFO - Запуск Numba-оптимизированного бэктеста для ETHUSDC-ETHUSDT
2026-01-18 22:19:07,404 - coint2.engine.numba_engine - INFO - Запуск Numba-оптимизированного бэктеста для AXSUSDT-UNIUSDT
2026-01-18 22:19:07,448 - coint2.engine.numba_engine - INFO - Запуск Numba-оптимизированного бэктеста для SNXUSDT-SOLOUSDT
2026-01-18 22:19:07,449 - coint2.engine.numba_engine - INFO - Запуск Numba-оптимизированного бэктеста для ARUSDT-FILUSDT
2026-01-18 22:19:07,475 - coint2.engine.numba_engine - INFO - Запуск Numba-оптимизированного бэктеста для INTERUSDT-QTUMUSDT
2026-01-18 22:19:07,478 - coint2.engine.numba_engine - INFO - Запуск Numba-оптимизированного бэктеста для INTERUSDT-XRPUSDC
2026-01-18 22:19:07,493 - coint2.engine.numba_engine - INFO - Запуск Numba-оптимизированного бэктеста для INTERUSDT-XRPUSDT
2026-01-18 22:19:07,500 - coint2.engine.numba_engine - INFO - Запуск Numba-оптимизированного бэктеста для INTERUSDT-XEMUSDT
2026-01-18 22:19:07,508 - coint2.engine.numba_engine - INFO - Запуск Numba-оптимизированного бэктеста для AXSUSDT-SANDUSDT
2026-01-18 22:19:07,514 - coint2.engine.numba_engine - INFO - Запуск Numba-оптимизированного бэктеста для INTERUSDT-THETAUSDT
2026-01-18 22:19:07,519 - coint2.engine.numba_engine - INFO - Запуск Numba-оптимизированного бэктеста для INTERUSDT-ZENUSDT
2026-01-18 22:19:07,526 - coint2.engine.numba_engine - INFO - Запуск Numba-оптимизированного бэктеста для AXSUSDT-SANDUSDC
2026-01-18 22:19:07,535 - coint2.engine.numba_engine - INFO - Запуск Numba-оптимизированного бэктеста для INTERUSDT-LTCUSDC
2026-01-18 22:19:07,537 - coint2.engine.numba_engine - INFO - Запуск Numba-оптимизированного бэктеста для INTERUSDT-ZILUSDT
2026-01-18 22:19:07,542 - coint2.engine.numba_engine - INFO - Запуск Numba-оптимизированного бэктеста для CITYUSDT-DOTUSDC
2026-01-18 22:19:07,550 - coint2.engine.numba_engine - INFO - Запуск Numba-оптимизированного бэктеста для INTERUSDT-LTCUSDT
2026-01-18 22:19:07,566 - coint2.engine.numba_engine - INFO - Запуск Numba-оптимизированного бэктеста для INTERUSDT-USTCUSDT
2026-01-18 22:19:07,578 - coint2.engine.numba_engine - INFO - Запуск Numba-оптимизированного бэктеста для HFTUSDT-PSGUSDT
2026-01-18 22:19:07,578 - coint2.engine.numba_engine - INFO - Запуск Numba-оптимизированного бэктеста для PSGUSDT-VPADUSDT
2026-01-18 22:19:07,602 - coint2.engine.numba_engine - INFO - Запуск Numba-оптимизированного бэктеста для CITYUSDT-JUVUSDT
2026-01-18 22:19:07,607 - coint2.engine.numba_engine - INFO - Запуск Numba-оптимизированного бэктеста для ETHWUSDT-GMTUSDC
2026-01-18 22:19:07,613 - coint2.engine.numba_engine - INFO - Запуск Numba-оптимизированного бэктеста для INTERUSDT-WAVESUSDT
2026-01-18 22:19:07,613 - coint2.engine.numba_engine - INFO - Запуск Numba-оптимизированного бэктеста для HFTUSDC-MOVRUSDT
2026-01-18 22:19:07,628 - coint2.engine.numba_engine - INFO - Запуск Numba-оптимизированного бэктеста для INTERUSDT-STXUSDT
2026-01-18 22:19:07,634 - coint2.engine.numba_engine - INFO - Запуск Numba-оптимизированного бэктеста для HFTUSDC-RPLUSDT
2026-01-18 22:19:07,638 - coint2.engine.numba_engine - INFO - Запуск Numba-оптимизированного бэктеста для RSS3USDT-XTZUSDT
2026-01-18 22:19:07,642 - coint2.engine.numba_engine - INFO - Запуск Numba-оптимизированного бэктеста для HFTUSDT-RPLUSDT
2026-01-18 22:19:07,660 - coint2.engine.numba_engine - INFO - Запуск Numba-оптимизированного бэктеста для MASKUSDT-XRPUSDC
2026-01-18 22:19:07,668 - coint2.engine.numba_engine - INFO - Запуск Numba-оптимизированного бэктеста для CITYUSDT-DOTUSDT
2026-01-18 22:19:07,669 - coint2.engine.numba_engine - INFO - Запуск Numba-оптимизированного бэктеста для CTCUSDT-DOTUSDC
2026-01-18 22:19:07,672 - coint2.engine.numba_engine - INFO - Запуск Numba-оптимизированного бэктеста для CTCUSDT-VPADUSDT
2026-01-18 22:19:07,673 - coint2.engine.numba_engine - INFO - Запуск Numba-оптимизированного бэктеста для FORTUSDT-ICPUSDT
2026-01-18 22:19:07,685 - coint2.engine.numba_engine - INFO - Запуск Numba-оптимизированного бэктеста для INTERUSDT-ROSEUSDT
2026-01-18 22:19:07,694 - coint2.engine.numba_engine - INFO - Запуск Numba-оптимизированного бэктеста для BATUSDT-FIDAUSDT
2026-01-18 22:19:07,694 - coint2.engine.numba_engine - INFO - Запуск Numba-оптимизированного бэктеста для INTERUSDT-WAXPUSDT
2026-01-18 22:19:07,697 - coint2.engine.numba_engine - INFO - Запуск Numba-оптимизированного бэктеста для AFCUSDT-DOTUSDC
2026-01-18 22:19:07,705 - coint2.engine.numba_engine - INFO - Запуск Numba-оптимизированного бэктеста для ALGOUSDT-ROSEUSDT
2026-01-18 22:19:07,707 - coint2.engine.numba_engine - INFO - Запуск Numba-оптимизированного бэктеста для BATUSDT-UMAUSDT
2026-01-18 22:19:07,707 - coint2.engine.numba_engine - INFO - Запуск Numba-оптимизированного бэктеста для HFTUSDC-PSGUSDT
2026-01-18 22:19:07,725 - coint2.engine.numba_engine - INFO - Запуск Numba-оптимизированного бэктеста для ETHWUSDT-GMTUSDT
2026-01-18 22:19:07,729 - coint2.engine.numba_engine - INFO - Запуск Numba-оптимизированного бэктеста для FORTUSDT-PSGUSDT
2026-01-18 22:19:07,735 - coint2.engine.numba_engine - INFO - Запуск Numba-оптимизированного бэктеста для HFTUSDT-MOVRUSDT
2026-01-18 22:19:07,739 - coint2.engine.numba_engine - INFO - Запуск Numba-оптимизированного бэктеста для WAXPUSDT-ZILUSDT
2026-01-18 22:19:07,736 - coint2.engine.numba_engine - INFO - Запуск Numba-оптимизированного бэктеста для INTERUSDT-SOLOUSDT
2026-01-18 22:19:07,740 - coint2.engine.numba_engine - INFO - Запуск Numba-оптимизированного бэктеста для MASKUSDT-XRPUSDT
2026-01-18 22:19:07,744 - coint2.engine.numba_engine - INFO - Запуск Numba-оптимизированного бэктеста для FORTUSDT-SFUNDUSDT
2026-01-18 22:19:07,756 - coint2.engine.numba_engine - INFO - Запуск Numba-оптимизированного бэктеста для THETAUSDT-XRPUSDC
2026-01-18 22:19:07,758 - coint2.engine.numba_engine - INFO - Запуск Numba-оптимизированного бэктеста для INTERUSDT-MANAUSDC
2026-01-18 22:19:07,763 - coint2.engine.numba_engine - INFO - Запуск Numba-оптимизированного бэктеста для DOGEUSDT-TELUSDT
2026-01-18 22:19:07,765 - coint2.engine.numba_engine - INFO - Запуск Numba-оптимизированного бэктеста для RACAUSDT-VPADUSDT
2026-01-18 22:19:07,776 - coint2.engine.numba_engine - INFO - Запуск Numba-оптимизированного бэктеста для DOGEUSDC-TELUSDT
2026-01-18 22:19:07,785 - coint2.engine.numba_engine - INFO - Запуск Numba-оптимизированного бэктеста для AFCUSDT-DOTUSDT
2026-01-18 22:19:07,790 - coint2.engine.numba_engine - INFO - Запуск Numba-оптимизированного бэктеста для FLOWUSDT-MASKUSDT
2026-01-18 22:19:07,791 - coint2.engine.numba_engine - INFO - Запуск Numba-оптимизированного бэктеста для INTERUSDT-MANAUSDT
2026-01-18 22:19:07,791 - coint2.engine.numba_engine - INFO - Запуск Numba-оптимизированного бэктеста для ONEUSDT-XRPUSDC
2026-01-18 22:19:07,791 - coint2.engine.numba_engine - INFO - Запуск Numba-оптимизированного бэктеста для RSS3USDT-RVNUSDT
2026-01-18 22:19:07,803 - coint2.engine.numba_engine - INFO - Запуск Numba-оптимизированного бэктеста для AFCUSDT-CITYUSDT
2026-01-18 22:19:07,809 - coint2.engine.numba_engine - INFO - Запуск Numba-оптимизированного бэктеста для ONEUSDT-XRPUSDT
2026-01-18 22:19:07,815 - WARNING - ❌ Ошибка обработки пары AFCUSDT-CITYUSDT: division by zero
2026-01-18 22:19:07,820 - coint2.engine.numba_engine - INFO - Запуск Numba-оптимизированного бэктеста для AFCUSDT-MDAOUSDT
2026-01-18 22:19:07,824 - coint2.engine.numba_engine - INFO - Запуск Numba-оптимизированного бэктеста для ADAUSDC-PSGUSDT
2026-01-18 22:19:07,828 - coint2.engine.numba_engine - INFO - Запуск Numba-оптимизированного бэктеста для SUSHIUSDT-UMAUSDT
2026-01-18 22:19:07,835 - coint2.engine.numba_engine - INFO - Запуск Numba-оптимизированного бэктеста для CAKEUSDT-VPADUSDT
2026-01-18 22:19:07,836 - coint2.engine.numba_engine - INFO - Запуск Numba-оптимизированного бэктеста для FORTUSDT-ICPUSDC
2026-01-18 22:19:07,856 - coint2.engine.numba_engine - INFO - Запуск Numba-оптимизированного бэктеста для CELOUSDT-ZRXUSDT
2026-01-18 22:19:07,856 - coint2.engine.numba_engine - INFO - Запуск Numba-оптимизированного бэктеста для SUSHIUSDT-USTCUSDT
2026-01-18 22:19:07,858 - coint2.engine.numba_engine - INFO - Запуск Numba-оптимизированного бэктеста для GMTUSDC-UNIUSDT
2026-01-18 22:19:07,872 - coint2.engine.numba_engine - INFO - Запуск Numba-оптимизированного бэктеста для GMTUSDT-SANDUSDT
2026-01-18 22:19:07,872 - coint2.engine.numba_engine - INFO - Запуск Numba-оптимизированного бэктеста для THETAUSDT-XRPUSDT
2026-01-18 22:19:07,882 - coint2.engine.numba_engine - INFO - Запуск Numba-оптимизированного бэктеста для RSS3USDT-SCRTUSDT
2026-01-18 22:19:07,882 - coint2.engine.numba_engine - INFO - Запуск Numba-оптимизированного бэктеста для OMGUSDT-RDNTUSDT
2026-01-18 22:19:07,904 - coint2.engine.numba_engine - INFO - Запуск Numba-оптимизированного бэктеста для ROSEUSDT-USTCUSDT
2026-01-18 22:19:07,905 - coint2.engine.numba_engine - INFO - Запуск Numba-оптимизированного бэктеста для RSS3USDT-SFUNDUSDT
2026-01-18 22:19:07,908 - coint2.engine.numba_engine - INFO - Запуск Numba-оптимизированного бэктеста для USTCUSDT-ZILUSDT
2026-01-18 22:19:07,908 - coint2.engine.numba_engine - INFO - Запуск Numba-оптимизированного бэктеста для BATUSDT-PEOPLEUSDT
2026-01-18 22:19:07,909 - coint2.engine.numba_engine - INFO - Запуск Numba-оптимизированного бэктеста для RSS3USDT-XAVAUSDT
2026-01-18 22:19:07,919 - WARNING - ❌ Ошибка обработки пары RSS3USDT-XAVAUSDT: division by zero
2026-01-18 22:19:07,931 - coint2.engine.numba_engine - INFO - Запуск Numba-оптимизированного бэктеста для BATUSDT-QTUMUSDT
2026-01-18 22:19:07,932 - coint2.engine.numba_engine - INFO - Запуск Numba-оптимизированного бэктеста для SCUSDT-USTCUSDT
2026-01-18 22:19:07,932 - coint2.engine.numba_engine - INFO - Запуск Numba-оптимизированного бэктеста для ADAUSDT-PSGUSDT
2026-01-18 22:19:07,933 - coint2.engine.numba_engine - INFO - Запуск Numba-оптимизированного бэктеста для ALGOUSDT-WAXPUSDT
2026-01-18 22:19:07,963 - coint2.engine.numba_engine - INFO - Запуск Numba-оптимизированного бэктеста для ALGOUSDT-IMXUSDT
2026-01-18 22:19:07,964 - coint2.engine.numba_engine - INFO - Запуск Numba-оптимизированного бэктеста для ALGOUSDT-USTCUSDT
2026-01-18 22:19:07,967 - coint2.engine.numba_engine - INFO - Запуск Numba-оптимизированного бэктеста для ROSEUSDT-WAXPUSDT
2026-01-18 22:19:07,990 - coint2.engine.numba_engine - INFO - Запуск Numba-оптимизированного бэктеста для DOGEUSDT-ETHWUSDT
2026-01-18 22:19:07,999 - coint2.engine.numba_engine - INFO - Запуск Numba-оптимизированного бэктеста для LTCBTC-RVNUSDT
2026-01-18 22:19:07,999 - coint2.engine.numba_engine - INFO - Запуск Numba-оптимизированного бэктеста для DOGEUSDC-ETHWUSDT
2026-01-18 22:19:08,016 - coint2.engine.numba_engine - INFO - Запуск Numba-оптимизированного бэктеста для SUNUSDT-ZRXUSDT
2026-01-18 22:19:08,027 - coint2.engine.numba_engine - INFO - Запуск Numba-оптимизированного бэктеста для SCUSDT-ZILUSDT
2026-01-18 22:19:08,080 - INFO -   ⏱️ Параллельная обработка завершена за 0.8с (110.2 пар/с)
2026-01-18 22:19:08,113 - coint2.pipeline.walk_forward_orchestrator - INFO - 🎯 СИМУЛЯЦИЯ ПОРТФЕЛЯ: 87 пар, лимит 15 позиций
2026-01-18 22:19:09,107 - coint2.pipeline.walk_forward_orchestrator - INFO -    📈 Макс. одновременных сигналов: 24
2026-01-18 22:19:09,107 - coint2.pipeline.walk_forward_orchestrator - INFO -    📊 Средн. сигналов за период: 1.2
2026-01-18 22:19:09,108 - coint2.pipeline.walk_forward_orchestrator - INFO -    🎯 Финальных активных позиций: 0
2026-01-18 22:19:09,109 - coint2.pipeline.walk_forward_orchestrator - INFO -    ⚡ Утилизация лимита позиций: 8.0%
2026-01-18 22:19:09,110 - WARNING -   ⚠️ Ошибка обработки пары RSS3USDT-XAVAUSDT: division by zero
2026-01-18 22:19:09,110 - WARNING -   ⚠️ Ошибка обработки пары AFCUSDT-CITYUSDT: division by zero
2026-01-18 22:19:09,110 - INFO - ⇠ WF-шаг 1/5 backtests — completed 89 items in 1.84s (48.4 items/s)
2026-01-18 22:19:09,110 - INFO -   ✅ Обработка завершена: 87 успешно, 2 с ошибками
2026-01-18 22:19:09,110 - INFO -   📊 Успешность: 97.8%, прибыльность: 62.1%, сделок/пара: 20.7
2026-01-18 22:19:09,110 - INFO -   ✅ Завершены бэктесты для 89 пар
2026-01-18 22:19:09,110 - INFO -   📊 Всего обработано пар в этом шаге: 89
2026-01-18 22:19:09,110 - INFO -   📈 Результаты шага: 54/89 прибыльных пар, 1799 сделок
2026-01-18 22:19:09,110 - INFO -   💰 P&L шага: $+238.10
2026-01-18 22:19:09,110 - INFO -   ⇢ Обновление капитала и дневного P&L...
2026-01-18 22:19:10,552 - INFO -   💼 Шаг P&L: $+238.10, Накопленный капитал: $10,238.10
2026-01-18 22:19:10,552 - INFO - ------------------------------------------------------------
2026-01-18 22:19:10,553 - INFO -   Walk-forward steps: 1 / 5 (20.0%) | 0.0 items/s | ETA: 1643.2s
2026-01-18 22:19:10,553 - INFO - 🔍 WF-шаг 2/5: Валидация временных окон...
2026-01-18 22:19:10,553 - INFO - ⇢ WF-шаг 2/5: training 2023-09-01-2023-10-30, testing 2023-10-31-2023-11-30 — start
2026-01-18 22:19:10,553 - INFO - ⇢ loading step data — start
2026-01-18 22:19:10,775 - INFO - ⇠ loading step data — done in 0.22s
2026-01-18 22:19:12,204 - INFO - 📊 WF-шаг 2/5: Границы данных:
2026-01-18 22:19:12,204 - INFO -    Training: 2023-09-01 00:00:00 → 2023-10-30 23:45:00 (5,760 строк × 292 символов)
2026-01-18 22:19:12,204 - INFO -    Testing:  2023-10-31 00:00:00 → 2023-11-30 00:00:00 (2,881 строк × 292 символов)
2026-01-18 22:19:12,205 - INFO -    Временной разрыв: 0 days 00:15:00
2026-01-18 22:19:12,254 - INFO - ⇢ normalizing training data — start
2026-01-18 22:19:12,295 - INFO -   Символы с NaN значениями: 26
2026-01-18 22:19:12,295 - INFO -   Применяем метод нормализации: rolling_zscore
2026-01-18 22:19:12,312 - INFO - Символы с недостаточной историей: 17 из 292
2026-01-18 22:19:12,825 - INFO - Символы с NaN после нормализации: 275
2026-01-18 22:19:12,832 - INFO - Удалено 617 начальных строк с NaN от rolling расчетов
2026-01-18 22:19:12,835 - INFO - Итоговое количество символов после нормализации: 275 из 292
2026-01-18 22:19:12,835 - INFO -   Статистика нормализации:
2026-01-18 22:19:12,835 - INFO -     Исходные символы: 292
2026-01-18 22:19:12,835 - INFO -     Недостаточная история: 17
2026-01-18 22:19:12,835 - INFO -     Постоянная цена: 0
2026-01-18 22:19:12,835 - INFO -     NaN после нормализации: 275
2026-01-18 22:19:12,836 - INFO -     Итоговые символы: 275 (94.2%)
2026-01-18 22:19:12,836 - INFO -   После нормализации: 275 символов (потеряно 17)
2026-01-18 22:19:12,836 - INFO -   Отброшенные символы: BEAMUSDT, FETUSDT, FLIPUSDT, JEFFUSDT, MEMEUSDT, POLUSDT, PPTUSDT, PYTHUSDT, PYUSDUSDT, ROOTUSDT, RPKUSDT, SHRAPUSDT, TIAUSDT, TOKENUSDT, TUSDUSDT, VRTXUSDT, ZTXUSDT
2026-01-18 22:19:12,836 - INFO - ⇠ normalizing training data — done in 0.58s
2026-01-18 22:19:12,838 - INFO - ⇢ SSD computation — start
2026-01-18 22:19:12,838 - INFO -   Расчет SSD для всех пар (без ограничения)
2026-01-18 22:19:15,261 - INFO -   SSD результат (все пары): 37675 пар
2026-01-18 22:19:15,261 - INFO -   Ограничиваем до top-25000 пар для дальнейшей обработки
2026-01-18 22:19:15,262 - INFO - ⇠ SSD computation — done in 2.42s
2026-01-18 22:19:15,276 - INFO - ⇢ filtering pairs by cointegration and half-life — start
2026-01-18 22:19:15,276 - INFO - [ФИЛЬТР] Параллельная фильтрация: threads (8 workers)
2026-01-18 22:22:56,512 - INFO - [ФИЛЬТР] После проверки данных: 25000 пар
2026-01-18 22:22:56,513 - INFO - [ФИЛЬТР] После фильтра корреляции (>0.7): 6857 пар
2026-01-18 22:22:56,513 - INFO - [ФИЛЬТР] После фильтра beta: 4449 пар
2026-01-18 22:22:56,513 - INFO - [ФИЛЬТР] После фильтра mean crossings: 4449 пар
2026-01-18 22:22:56,513 - INFO - [ФИЛЬТР] После фильтра half-life: 4416 пар
2026-01-18 22:22:56,513 - INFO - [ФИЛЬТР] После фильтра коинтеграции: 1799 пар
2026-01-18 22:22:56,513 - INFO - [ФИЛЬТР] После фильтра Hurst: 1074 пар
2026-01-18 22:22:56,513 - INFO - [ФИЛЬТР] После фильтра KPSS: 31 пар
2026-01-18 22:22:56,513 - INFO - [ФИЛЬТР] После фильтра market microstructure: 31 пар
2026-01-18 22:22:56,513 - INFO - [ФИЛЬТР] Статистика фильтрации (оптимизированный порядок):
2026-01-18 22:22:56,513 - INFO -   1. SSD → Коинтеграция: 25000 → 1799 пар
2026-01-18 22:22:56,513 - INFO -   2. Коинтеграция → Beta: 1799 → 4449 пар
2026-01-18 22:22:56,513 - INFO -   3. Beta → Half-life: 4449 → 4416 пар
2026-01-18 22:22:56,513 - INFO -   4. Half-life → Mean crossings: 4416 → 4449 пар
2026-01-18 22:22:56,513 - INFO -   5. Mean crossings → Hurst: 4449 → 1074 пар
2026-01-18 22:22:56,513 - INFO -   6. Hurst → KPSS: 1074 → 31 пар
2026-01-18 22:22:56,513 - INFO -   7. KPSS → Market microstructure: 31 → 31 пар
2026-01-18 22:22:56,513 - INFO - [ФИЛЬТР] Причины отсева:
2026-01-18 22:22:56,513 - INFO -   • low_correlation: 18143 пар (72.6%)
2026-01-18 22:22:56,513 - INFO -   • pvalue: 2617 пар (10.5%)
2026-01-18 22:22:56,513 - INFO -   • beta: 2408 пар (9.6%)
2026-01-18 22:22:56,513 - INFO -   • kpss: 1043 пар (4.2%)
2026-01-18 22:22:56,513 - INFO -   • hurst: 725 пар (2.9%)
2026-01-18 22:22:56,513 - INFO -   • half_life: 33 пар (0.1%)
2026-01-18 22:22:56,513 - INFO - [ФИЛЬТР] Итого: 25000 → 31 пар (0.1% прошли все фильтры)
2026-01-18 22:22:56,556 - INFO - Причины отсева сохранены в results/filter_reasons_20260118_222256.csv
2026-01-18 22:22:56,566 - INFO -   Фильтрация: 25000 → 31 пар
2026-01-18 22:22:56,567 - INFO - ⇠ filtering pairs by cointegration and half-life — done in 221.29s
2026-01-18 22:22:56,567 - INFO - ⇠ WF-шаг 2/5: training 2023-09-01-2023-10-30, testing 2023-10-31-2023-11-30 — done in 226.01s
2026-01-18 22:22:56,567 - INFO -   Топ-3 пары по волатильности спреда:
2026-01-18 22:22:56,567 - INFO -     1. MOVRUSDT-TRVLUSDT: beta=68.1436, std=0.1172
2026-01-18 22:22:56,567 - INFO -     2. AGLDUSDT-PENDLEUSDT: beta=0.9594, std=0.0760
2026-01-18 22:22:56,567 - INFO -     3. AGLDUSDT-ICXUSDT: beta=5.7286, std=0.0652
2026-01-18 22:22:56,567 - INFO -   Всего пар для торговли: 31 (ограничение 15 применяется к одновременно открытым позициям)
2026-01-18 22:22:56,567 - INFO -   💰 Проверка расчета капитала: equity=$10,238.10, кандидатных_пар=31, max_позиций=15
2026-01-18 22:22:56,567 - INFO -   🎯 Target concurrency: 15 (ожидаемое одновременное число позиций)
2026-01-18 22:22:56,567 - INFO -   📊 Детали расчета капитала:
2026-01-18 22:22:56,567 - INFO -      • Базовый капитал на пару: $682.54 (equity / target_concurrency)
2026-01-18 22:22:56,567 - INFO -      • Риск-капитал: $153.57 (1.5% от equity)
2026-01-18 22:22:56,567 - INFO -      • Макс. размер позиции: $204.76 (2.0% от equity)
2026-01-18 22:22:56,568 - INFO -      • Итоговый капитал на пару: $153.57
2026-01-18 22:22:56,568 - INFO - ⇢ WF-шаг 2/5 backtests — starting 31 items
2026-01-18 22:22:56,568 - INFO - 🚀 WF-шаг 2/5: Начинаем бэктесты для 31 пар...
2026-01-18 22:22:56,568 - INFO - 🚀 WF-шаг 2/5: Запускаем параллельную обработку 31 пар на 8 ядрах...
2026-01-18 22:22:56,568 - INFO - 🚀 WF-шаг 2/5: Режим параллельности: процессы
⚙️  Загрузка данных за период: 2023-09-01 -> 2023-11-30
📂 Найдено 43 parquet файлов для обработки.
📊 Схема данных: Schema({'timestamp': Int64, 'open': Float64, 'high': Float64, 'low': Float64, 'close': Float64, 'volume': Float64, 'turnover': String, 'ts_ms': Int64, 'symbol': String})
✅ Загружено 2420293 записей с помощью Polars.
📊 Типы данных в pandas: timestamp       datetime64[us]
symbol                  object
close                  float64
timestamp_ms             int64
dtype: object
2026-01-18 22:22:56,628 - coint2.engine.numba_engine - INFO - Запуск Numba-оптимизированного бэктеста для MOVRUSDT-TRVLUSDT
2026-01-18 22:22:56,651 - coint2.engine.numba_engine - INFO - Запуск Numba-оптимизированного бэктеста для AGLDUSDT-PENDLEUSDT
2026-01-18 22:22:56,681 - coint2.engine.numba_engine - INFO - Запуск Numba-оптимизированного бэктеста для AGLDUSDT-ICXUSDT
2026-01-18 22:22:56,708 - coint2.engine.numba_engine - INFO - Запуск Numba-оптимизированного бэктеста для CITYUSDT-OASUSDT
2026-01-18 22:22:56,729 - coint2.engine.numba_engine - INFO - Запуск Numba-оптимизированного бэктеста для ETHWUSDT-TRVLUSDT
2026-01-18 22:22:56,737 - coint2.engine.numba_engine - INFO - Запуск Numba-оптимизированного бэктеста для LDOUSDT-SFUNDUSDT
2026-01-18 22:22:56,747 - coint2.engine.numba_engine - INFO - Запуск Numba-оптимизированного бэктеста для BELUSDT-USTCUSDT
2026-01-18 22:22:56,754 - coint2.engine.numba_engine - INFO - Запуск Numba-оптимизированного бэктеста для ADAUSDT-LOOKSUSDT
2026-01-18 22:22:56,771 - coint2.engine.numba_engine - INFO - Запуск Numba-оптимизированного бэктеста для ADAUSDC-LOOKSUSDT
2026-01-18 22:22:56,778 - coint2.engine.numba_engine - INFO - Запуск Numba-оптимизированного бэктеста для DOGEEUR-DYDXUSDT
2026-01-18 22:22:56,782 - coint2.engine.numba_engine - INFO - Запуск Numba-оптимизированного бэктеста для LDOUSDC-SFUNDUSDT
2026-01-18 22:22:56,796 - coint2.engine.numba_engine - INFO - Запуск Numba-оптимизированного бэктеста для ONEUSDT-WAVESUSDT
2026-01-18 22:22:56,817 - coint2.engine.numba_engine - INFO - Запуск Numba-оптимизированного бэктеста для CAKEUSDT-CTCUSDT
2026-01-18 22:22:56,830 - coint2.engine.numba_engine - INFO - Запуск Numba-оптимизированного бэктеста для OMGUSDT-XRPEUR
2026-01-18 22:22:56,851 - coint2.engine.numba_engine - INFO - Запуск Numba-оптимизированного бэктеста для ETHWUSDT-RPLUSDT
2026-01-18 22:22:56,857 - coint2.engine.numba_engine - INFO - Запуск Numba-оптимизированного бэктеста для BATUSDT-ICXUSDT
2026-01-18 22:22:56,863 - coint2.engine.numba_engine - INFO - Запуск Numba-оптимизированного бэктеста для KAVAUSDT-VELOUSDT
2026-01-18 22:22:56,869 - coint2.engine.numba_engine - INFO - Запуск Numba-оптимизированного бэктеста для FLOWUSDT-ROSEUSDT
2026-01-18 22:22:56,882 - coint2.engine.numba_engine - INFO - Запуск Numba-оптимизированного бэктеста для LUNCUSDT-RVNUSDT
2026-01-18 22:22:56,889 - coint2.engine.numba_engine - INFO - Запуск Numba-оптимизированного бэктеста для SOLOUSDT-TELUSDT
2026-01-18 22:22:56,898 - coint2.engine.numba_engine - INFO - Запуск Numba-оптимизированного бэктеста для DOGEUSDT-GODSUSDT
2026-01-18 22:22:56,918 - coint2.engine.numba_engine - INFO - Запуск Numba-оптимизированного бэктеста для ADAEUR-LDOUSDT
2026-01-18 22:22:56,922 - coint2.engine.numba_engine - INFO - Запуск Numba-оптимизированного бэктеста для AGLAUSDT-SALDUSDT
2026-01-18 22:22:56,923 - coint2.engine.numba_engine - INFO - Запуск Numba-оптимизированного бэктеста для LUNCUSDC-RVNUSDT
2026-01-18 22:22:56,929 - coint2.engine.numba_engine - INFO - Запуск Numba-оптимизированного бэктеста для NFTUSDT-XECUSDT
2026-01-18 22:22:56,942 - coint2.engine.numba_engine - INFO - Запуск Numba-оптимизированного бэктеста для HFTUSDC-HFTUSDT
2026-01-18 22:22:56,947 - coint2.engine.numba_engine - INFO - Запуск Numba-оптимизированного бэктеста для DOGEUSDC-GODSUSDT
2026-01-18 22:22:56,965 - coint2.engine.numba_engine - INFO - Запуск Numba-оптимизированного бэктеста для ADAEUR-LDOUSDC
2026-01-18 22:22:56,971 - coint2.engine.numba_engine - INFO - Запуск Numba-оптимизированного бэктеста для LADYSUSDT-SHIBUSDT
2026-01-18 22:22:56,978 - coint2.engine.numba_engine - INFO - Запуск Numba-оптимизированного бэктеста для LADYSUSDT-SHIBUSDC
2026-01-18 22:22:56,990 - coint2.engine.numba_engine - INFO - Запуск Numba-оптимизированного бэктеста для JSTUSDT-MVLUSDT
2026-01-18 22:22:57,036 - INFO -   ⏱️ Параллельная обработка завершена за 0.5с (66.2 пар/с)
2026-01-18 22:22:57,051 - coint2.pipeline.walk_forward_orchestrator - INFO - 🎯 СИМУЛЯЦИЯ ПОРТФЕЛЯ: 31 пар, лимит 15 позиций
2026-01-18 22:22:57,509 - coint2.pipeline.walk_forward_orchestrator - INFO -    📈 Макс. одновременных сигналов: 19
2026-01-18 22:22:57,509 - coint2.pipeline.walk_forward_orchestrator - INFO -    📊 Средн. сигналов за период: 0.3
2026-01-18 22:22:57,509 - coint2.pipeline.walk_forward_orchestrator - INFO -    🎯 Финальных активных позиций: 0
2026-01-18 22:22:57,510 - coint2.pipeline.walk_forward_orchestrator - INFO -    ⚡ Утилизация лимита позиций: 2.0%
2026-01-18 22:22:57,511 - INFO - ⇠ WF-шаг 2/5 backtests — completed 31 items in 0.94s (32.9 items/s)
2026-01-18 22:22:57,511 - INFO -   ✅ Обработка завершена: 31 успешно, 0 с ошибками
2026-01-18 22:22:57,511 - INFO -   📊 Успешность: 100.0%, прибыльность: 51.6%, сделок/пара: 14.3
2026-01-18 22:22:57,511 - INFO -   ✅ Завершены бэктесты для 31 пар
2026-01-18 22:22:57,511 - INFO -   📊 Всего обработано пар в этом шаге: 31
2026-01-18 22:22:57,511 - INFO -   📈 Результаты шага: 16/31 прибыльных пар, 443 сделок
2026-01-18 22:22:57,511 - INFO -   💰 P&L шага: $+96.56
2026-01-18 22:22:57,511 - INFO -   ⇢ Обновление капитала и дневного P&L...
2026-01-18 22:22:58,868 - INFO -   💼 Шаг P&L: $+96.56, Накопленный капитал: $10,334.66
2026-01-18 22:22:58,868 - INFO - ------------------------------------------------------------
2026-01-18 22:22:58,868 - INFO -   Walk-forward steps: 2 / 5 (40.0%) | 0.0 items/s | ETA: 958.7s
2026-01-18 22:22:58,868 - INFO - 🔍 WF-шаг 3/5: Валидация временных окон...
2026-01-18 22:22:58,869 - INFO - ⇢ WF-шаг 3/5: training 2023-10-01-2023-11-29, testing 2023-11-30-2023-12-30 — start
2026-01-18 22:22:58,869 - INFO - ⇢ loading step data — start
2026-01-18 22:22:59,077 - INFO - ⇠ loading step data — done in 0.21s
2026-01-18 22:23:00,570 - INFO - 📊 WF-шаг 3/5: Границы данных:
2026-01-18 22:23:00,570 - INFO -    Training: 2023-10-01 00:00:00 → 2023-11-29 23:45:00 (5,760 строк × 309 символов)
2026-01-18 22:23:00,570 - INFO -    Testing:  2023-11-30 00:00:00 → 2023-12-30 00:00:00 (2,881 строк × 309 символов)
2026-01-18 22:23:00,570 - INFO -    Временной разрыв: 0 days 00:15:00
2026-01-18 22:23:00,612 - INFO - ⇢ normalizing training data — start
2026-01-18 22:23:00,647 - INFO -   Символы с NaN значениями: 33
2026-01-18 22:23:00,647 - INFO -   Применяем метод нормализации: rolling_zscore
2026-01-18 22:23:00,667 - INFO - Символы с недостаточной историей: 32 из 309
2026-01-18 22:23:01,083 - INFO - Символы с NaN после нормализации: 277
2026-01-18 22:23:01,089 - INFO - Удалено 233 начальных строк с NaN от rolling расчетов
2026-01-18 22:23:01,091 - INFO - Итоговое количество символов после нормализации: 277 из 309
2026-01-18 22:23:01,092 - INFO -   Статистика нормализации:
2026-01-18 22:23:01,092 - INFO -     Исходные символы: 309
2026-01-18 22:23:01,092 - INFO -     Недостаточная история: 32
2026-01-18 22:23:01,092 - INFO -     Постоянная цена: 0
2026-01-18 22:23:01,092 - INFO -     NaN после нормализации: 277
2026-01-18 22:23:01,092 - INFO -     Итоговые символы: 277 (89.6%)
2026-01-18 22:23:01,092 - INFO -   После нормализации: 277 символов (потеряно 32)
2026-01-18 22:23:01,092 - INFO -   Отброшено много символов: 32 из 309
2026-01-18 22:23:01,092 - INFO - ⇠ normalizing training data — done in 0.48s
2026-01-18 22:23:01,093 - INFO - ⇢ SSD computation — start
2026-01-18 22:23:01,093 - INFO -   Расчет SSD для всех пар (без ограничения)
2026-01-18 22:23:03,579 - INFO -   SSD результат (все пары): 38226 пар
2026-01-18 22:23:03,579 - INFO -   Ограничиваем до top-25000 пар для дальнейшей обработки
2026-01-18 22:23:03,581 - INFO - ⇠ SSD computation — done in 2.49s
2026-01-18 22:23:03,590 - INFO - ⇢ filtering pairs by cointegration and half-life — start
2026-01-18 22:23:03,590 - INFO - [ФИЛЬТР] Параллельная фильтрация: threads (8 workers)
2026-01-18 22:28:28,035 - INFO - [ФИЛЬТР] После проверки данных: 25000 пар
2026-01-18 22:28:28,036 - INFO - [ФИЛЬТР] После фильтра корреляции (>0.7): 18301 пар
2026-01-18 22:28:28,036 - INFO - [ФИЛЬТР] После фильтра beta: 12777 пар
2026-01-18 22:28:28,036 - INFO - [ФИЛЬТР] После фильтра mean crossings: 12777 пар
2026-01-18 22:28:28,036 - INFO - [ФИЛЬТР] После фильтра half-life: 12746 пар
2026-01-18 22:28:28,036 - INFO - [ФИЛЬТР] После фильтра коинтеграции: 2939 пар
2026-01-18 22:28:28,036 - INFO - [ФИЛЬТР] После фильтра Hurst: 1177 пар
2026-01-18 22:28:28,036 - INFO - [ФИЛЬТР] После фильтра KPSS: 57 пар
2026-01-18 22:28:28,036 - INFO - [ФИЛЬТР] После фильтра market microstructure: 57 пар
2026-01-18 22:28:28,036 - INFO - [ФИЛЬТР] Статистика фильтрации (оптимизированный порядок):
2026-01-18 22:28:28,036 - INFO -   1. SSD → Коинтеграция: 25000 → 2939 пар
2026-01-18 22:28:28,036 - INFO -   2. Коинтеграция → Beta: 2939 → 12777 пар
2026-01-18 22:28:28,036 - INFO -   3. Beta → Half-life: 12777 → 12746 пар
2026-01-18 22:28:28,036 - INFO -   4. Half-life → Mean crossings: 12746 → 12777 пар
2026-01-18 22:28:28,036 - INFO -   5. Mean crossings → Hurst: 12777 → 1177 пар
2026-01-18 22:28:28,036 - INFO -   6. Hurst → KPSS: 1177 → 57 пар
2026-01-18 22:28:28,036 - INFO -   7. KPSS → Market microstructure: 57 → 57 пар
2026-01-18 22:28:28,036 - INFO - [ФИЛЬТР] Причины отсева:
2026-01-18 22:28:28,036 - INFO -   • pvalue: 9807 пар (39.2%)
2026-01-18 22:28:28,036 - INFO -   • low_correlation: 6699 пар (26.8%)
2026-01-18 22:28:28,036 - INFO -   • beta: 5524 пар (22.1%)
2026-01-18 22:28:28,036 - INFO -   • hurst: 1762 пар (7.0%)
2026-01-18 22:28:28,036 - INFO -   • kpss: 1120 пар (4.5%)
2026-01-18 22:28:28,036 - INFO -   • half_life: 31 пар (0.1%)
2026-01-18 22:28:28,036 - INFO - [ФИЛЬТР] Итого: 25000 → 57 пар (0.2% прошли все фильтры)
2026-01-18 22:28:28,074 - INFO - Причины отсева сохранены в results/filter_reasons_20260118_222828.csv
2026-01-18 22:28:28,085 - INFO -   Фильтрация: 25000 → 57 пар
2026-01-18 22:28:28,085 - INFO - ⇠ filtering pairs by cointegration and half-life — done in 324.50s
2026-01-18 22:28:28,085 - INFO - ⇠ WF-шаг 3/5: training 2023-10-01-2023-11-29, testing 2023-11-30-2023-12-30 — done in 329.22s
2026-01-18 22:28:28,085 - INFO -   Топ-3 пары по волатильности спреда:
2026-01-18 22:28:28,085 - INFO -     1. BTCDAI-BTCUSDT: beta=1.0002, std=79.1758
2026-01-18 22:28:28,085 - INFO -     2. BTCDAI-BTCUSDC: beta=0.9992, std=79.0267
2026-01-18 22:28:28,085 - INFO -     3. ETHDAI-STETHUSDT: beta=1.0010, std=7.7465
2026-01-18 22:28:28,085 - INFO -   Всего пар для торговли: 57 (ограничение 15 применяется к одновременно открытым позициям)
2026-01-18 22:28:28,085 - INFO -   💰 Проверка расчета капитала: equity=$10,334.66, кандидатных_пар=57, max_позиций=15
2026-01-18 22:28:28,086 - INFO -   🎯 Target concurrency: 15 (ожидаемое одновременное число позиций)
2026-01-18 22:28:28,086 - INFO -   📊 Детали расчета капитала:
2026-01-18 22:28:28,086 - INFO -      • Базовый капитал на пару: $688.98 (equity / target_concurrency)
2026-01-18 22:28:28,086 - INFO -      • Риск-капитал: $155.02 (1.5% от equity)
2026-01-18 22:28:28,086 - INFO -      • Макс. размер позиции: $206.69 (2.0% от equity)
2026-01-18 22:28:28,086 - INFO -      • Итоговый капитал на пару: $155.02
2026-01-18 22:28:28,086 - INFO - ⇢ WF-шаг 3/5 backtests — starting 57 items
2026-01-18 22:28:28,086 - INFO - 🚀 WF-шаг 3/5: Начинаем бэктесты для 57 пар...
2026-01-18 22:28:28,086 - INFO - 🚀 WF-шаг 3/5: Запускаем параллельную обработку 57 пар на 8 ядрах...
2026-01-18 22:28:28,086 - INFO -   📊 Большой набор пар (57), ожидаемое время: ~2 мин
2026-01-18 22:28:28,086 - INFO -   🔄 Прогресс будет отображаться каждые 5 пар
2026-01-18 22:28:28,086 - INFO - 🚀 WF-шаг 3/5: Режим параллельности: процессы
⚙️  Загрузка данных за период: 2023-10-01 -> 2023-12-30
📂 Найдено 43 parquet файлов для обработки.
📊 Схема данных: Schema({'timestamp': Int64, 'open': Float64, 'high': Float64, 'low': Float64, 'close': Float64, 'volume': Float64, 'turnover': String, 'ts_ms': Int64, 'symbol': String})
✅ Загружено 2499894 записей с помощью Polars.
📊 Типы данных в pandas: timestamp       datetime64[us]
symbol                  object
close                  float64
timestamp_ms             int64
dtype: object
2026-01-18 22:28:28,140 - coint2.engine.numba_engine - INFO - Запуск Numba-оптимизированного бэктеста для BTCDAI-BTCUSDT
2026-01-18 22:28:28,163 - coint2.engine.numba_engine - INFO - Запуск Numba-оптимизированного бэктеста для BTCDAI-BTCUSDC
2026-01-18 22:28:28,186 - coint2.engine.numba_engine - INFO - Запуск Numba-оптимизированного бэктеста для ETHDAI-STETHUSDT
2026-01-18 22:28:28,213 - coint2.engine.numba_engine - INFO - Запуск Numba-оптимизированного бэктеста для GMXUSDT-WAVESUSDT
2026-01-18 22:28:28,226 - coint2.engine.numba_engine - INFO - Запуск Numba-оптимизированного бэктеста для CYBERUSDT-MASKUSDT
2026-01-18 22:28:28,240 - coint2.engine.numba_engine - INFO - Запуск Numba-оптимизированного бэктеста для GMXUSDT-OMGUSDT
2026-01-18 22:28:28,251 - coint2.engine.numba_engine - INFO - Запуск Numba-оптимизированного бэктеста для FILUSDC-WAVESUSDT
2026-01-18 22:28:28,255 - coint2.engine.numba_engine - INFO - Запуск Numba-оптимизированного бэктеста для ETCUSDT-KDAUSDT
2026-01-18 22:28:28,282 - coint2.engine.numba_engine - INFO - Запуск Numba-оптимизированного бэктеста для FILUSDT-WAVESUSDT
2026-01-18 22:28:28,282 - coint2.engine.numba_engine - INFO - Запуск Numba-оптимизированного бэктеста для CYBERUSDT-QTUMUSDT
2026-01-18 22:28:28,289 - coint2.engine.numba_engine - INFO - Запуск Numba-оптимизированного бэктеста для RPLUSDT-SANDUSDC
2026-01-18 22:28:28,298 - coint2.engine.numba_engine - INFO - Запуск Numba-оптимизированного бэктеста для COREUSDT-WWYUSDT
2026-01-18 22:28:28,305 - coint2.engine.numba_engine - INFO - Запуск Numba-оптимизированного бэктеста для CRVUSDT-VRAUSDT
2026-01-18 22:28:28,306 - coint2.engine.numba_engine - INFO - Запуск Numba-оптимизированного бэктеста для FILUSDT-SANDUSDT
2026-01-18 22:28:28,306 - coint2.engine.numba_engine - INFO - Запуск Numba-оптимизированного бэктеста для CYBERUSDT-LRCUSDT
2026-01-18 22:28:28,307 - coint2.engine.numba_engine - INFO - Запуск Numba-оптимизированного бэктеста для KSMUSDT-OMGUSDT
2026-01-18 22:28:28,314 - coint2.engine.numba_engine - INFO - Запуск Numba-оптимизированного бэктеста для RPLUSDT-WAVESUSDT
2026-01-18 22:28:28,329 - coint2.engine.numba_engine - INFO - Запуск Numba-оптимизированного бэктеста для 1INCHUSDT-NYMUSDT
2026-01-18 22:28:28,330 - coint2.engine.numba_engine - INFO - Запуск Numba-оптимизированного бэктеста для FLOWUSDT-NEXOUSDT
2026-01-18 22:28:28,335 - coint2.engine.numba_engine - INFO - Запуск Numba-оптимизированного бэктеста для JUVUSDT-OPUSDT
2026-01-18 22:28:28,343 - coint2.engine.numba_engine - INFO - Запуск Numba-оптимизированного бэктеста для IDUSDT-LRCUSDT
2026-01-18 22:28:28,354 - coint2.engine.numba_engine - INFO - Запуск Numba-оптимизированного бэктеста для MVUSDT-TONUSDT
2026-01-18 22:28:28,356 - coint2.engine.numba_engine - INFO - Запуск Numba-оптимизированного бэктеста для SANDUSDC-WAVESUSDT
2026-01-18 22:28:28,362 - coint2.engine.numba_engine - INFO - Запуск Numba-оптимизированного бэктеста для STGUSDT-XTZUSDT
2026-01-18 22:28:28,379 - coint2.engine.numba_engine - INFO - Запуск Numba-оптимизированного бэктеста для HBARUSDT-SCRTUSDT
2026-01-18 22:28:28,382 - coint2.engine.numba_engine - INFO - Запуск Numba-оптимизированного бэктеста для DOGEUSDC-SCRTUSDT
2026-01-18 22:28:28,392 - coint2.engine.numba_engine - INFO - Запуск Numba-оптимизированного бэктеста для SANDUSDT-WAVESUSDT
2026-01-18 22:28:28,392 - coint2.engine.numba_engine - INFO - Запуск Numba-оптимизированного бэктеста для MVUSDT-ZILUSDT
2026-01-18 22:28:28,405 - coint2.engine.numba_engine - INFO - Запуск Numba-оптимизированного бэктеста для ACHUSDT-SANDUSDT
2026-01-18 22:28:28,415 - coint2.engine.numba_engine - INFO - Запуск Numba-оптимизированного бэктеста для FXSUSDT-SCRTUSDT
2026-01-18 22:28:28,417 - coint2.engine.numba_engine - INFO - Запуск Numba-оптимизированного бэктеста для DOGEUSDT-SCRTUSDT
2026-01-18 22:28:28,419 - coint2.engine.numba_engine - INFO - Запуск Numba-оптимизированного бэктеста для ICPUSDC-NEXOUSDT
2026-01-18 22:28:28,423 - coint2.engine.numba_engine - INFO - Запуск Numba-оптимизированного бэктеста для CHZUSDT-KSMUSDT
2026-01-18 22:28:28,437 - coint2.engine.numba_engine - INFO - Запуск Numba-оптимизированного бэктеста для ICPUSDT-NEXOUSDT
2026-01-18 22:28:28,441 - coint2.engine.numba_engine - INFO - Запуск Numba-оптимизированного бэктеста для JUVUSDT-OPUSDC
2026-01-18 22:28:28,442 - coint2.engine.numba_engine - INFO - Запуск Numba-оптимизированного бэктеста для CHRPUSDT-ICPUSDT
2026-01-18 22:28:28,442 - coint2.engine.numba_engine - INFO - Запуск Numba-оптимизированного бэктеста для CITYUSDT-PERPUSDT
2026-01-18 22:28:28,447 - coint2.engine.numba_engine - INFO - Запуск Numba-оптимизированного бэктеста для LUNCUSDC-LUNCUSDT
2026-01-18 22:28:28,448 - coint2.engine.numba_engine - INFO - Запуск Numba-оптимизированного бэктеста для AXSUSDT-NEXOUSDT
2026-01-18 22:28:28,464 - coint2.engine.numba_engine - INFO - Запуск Numba-оптимизированного бэктеста для HOOKUSDT-RVNUSDT
2026-01-18 22:28:28,464 - coint2.engine.numba_engine - INFO - Запуск Numba-оптимизированного бэктеста для AVAUSDT-CHZUSDC
2026-01-18 22:28:28,465 - coint2.engine.numba_engine - INFO - Запуск Numba-оптимизированного бэктеста для ICXUSDT-PENDLEUSDT
2026-01-18 22:28:28,474 - coint2.engine.numba_engine - INFO - Запуск Numba-оптимизированного бэктеста для LUNAUSDT-MOVRUSDT
2026-01-18 22:28:28,487 - coint2.engine.numba_engine - INFO - Запуск Numba-оптимизированного бэктеста для BICOUSDT-VRAUSDT
2026-01-18 22:28:28,491 - coint2.engine.numba_engine - INFO - Запуск Numba-оптимизированного бэктеста для ENJUSDT-MANAUSDT
2026-01-18 22:28:28,492 - coint2.engine.numba_engine - INFO - Запуск Numba-оптимизированного бэктеста для AVAUSDT-LRCUSDT
2026-01-18 22:28:28,510 - coint2.engine.numba_engine - INFO - Запуск Numba-оптимизированного бэктеста для DOGEUSDC-NEXOUSDT
2026-01-18 22:28:28,522 - coint2.engine.numba_engine - INFO - Запуск Numba-оптимизированного бэктеста для C98USDT-QTUMUSDT
2026-01-18 22:28:28,528 - coint2.engine.numba_engine - INFO - Запуск Numba-оптимизированного бэктеста для DOGEEUR-NEXOUSDT
2026-01-18 22:28:28,528 - coint2.engine.numba_engine - INFO - Запуск Numba-оптимизированного бэктеста для AVAUSDT-CHZUSDT
2026-01-18 22:28:28,533 - coint2.engine.numba_engine - INFO - Запуск Numba-оптимизированного бэктеста для CHRPUSDT-GRTUSDT
2026-01-18 22:28:28,546 - coint2.engine.numba_engine - INFO - Запуск Numba-оптимизированного бэктеста для CHZUSDC-KSMUSDT
2026-01-18 22:28:28,551 - coint2.engine.numba_engine - INFO - Запуск Numba-оптимизированного бэктеста для DOMEUSDT-TENETUSDT
2026-01-18 22:28:28,552 - coint2.engine.numba_engine - INFO - Запуск Numba-оптимизированного бэктеста для ENJUSDT-MANAUSDC
2026-01-18 22:28:28,568 - coint2.engine.numba_engine - INFO - Запуск Numba-оптимизированного бэктеста для MIXUSDT-XTZUSDT
2026-01-18 22:28:28,577 - coint2.engine.numba_engine - INFO - Запуск Numba-оптимизированного бэктеста для DOGEUSDT-NEXOUSDT
2026-01-18 22:28:28,600 - coint2.engine.numba_engine - INFO - Запуск Numba-оптимизированного бэктеста для MVLUSDT-ZILUSDT
2026-01-18 22:28:28,642 - INFO -   ⏱️ Параллельная обработка завершена за 0.6с (102.7 пар/с)
2026-01-18 22:28:28,665 - coint2.pipeline.walk_forward_orchestrator - INFO - 🎯 СИМУЛЯЦИЯ ПОРТФЕЛЯ: 57 пар, лимит 15 позиций
2026-01-18 22:28:29,240 - coint2.pipeline.walk_forward_orchestrator - INFO -    📈 Макс. одновременных сигналов: 26
2026-01-18 22:28:29,240 - coint2.pipeline.walk_forward_orchestrator - INFO -    📊 Средн. сигналов за период: 0.6
2026-01-18 22:28:29,240 - coint2.pipeline.walk_forward_orchestrator - INFO -    🎯 Финальных активных позиций: 0
2026-01-18 22:28:29,242 - coint2.pipeline.walk_forward_orchestrator - INFO -    ⚡ Утилизация лимита позиций: 4.0%
2026-01-18 22:28:29,242 - INFO - ⇠ WF-шаг 3/5 backtests — completed 57 items in 1.16s (49.3 items/s)
2026-01-18 22:28:29,242 - INFO -   ✅ Обработка завершена: 57 успешно, 0 с ошибками
2026-01-18 22:28:29,242 - INFO -   📊 Успешность: 100.0%, прибыльность: 68.4%, сделок/пара: 15.2
2026-01-18 22:28:29,242 - INFO -   ✅ Завершены бэктесты для 57 пар
2026-01-18 22:28:29,242 - INFO -   📊 Всего обработано пар в этом шаге: 57
2026-01-18 22:28:29,243 - INFO -   📈 Результаты шага: 39/57 прибыльных пар, 867 сделок
2026-01-18 22:28:29,243 - INFO -   💰 P&L шага: $+210.34
2026-01-18 22:28:29,243 - INFO -   ⇢ Обновление капитала и дневного P&L...
2026-01-18 22:28:30,653 - INFO -   💼 Шаг P&L: $+210.34, Накопленный капитал: $10,545.01
2026-01-18 22:28:30,653 - INFO - ------------------------------------------------------------
2026-01-18 22:28:30,653 - INFO -   Walk-forward steps: 3 / 5 (60.0%) | 0.0 items/s | ETA: 647.3s
2026-01-18 22:28:30,653 - INFO - 🔍 WF-шаг 4/5: Валидация временных окон...
2026-01-18 22:28:30,653 - INFO - ⇢ WF-шаг 4/5: training 2023-10-31-2023-12-29, testing 2023-12-30-2024-01-29 — start
2026-01-18 22:28:30,653 - INFO - ⇢ loading step data — start
2026-01-18 22:28:30,873 - INFO - ⇠ loading step data — done in 0.22s
2026-01-18 22:28:32,269 - INFO - 📊 WF-шаг 4/5: Границы данных:
2026-01-18 22:28:32,269 - INFO -    Training: 2023-10-31 00:00:00 → 2023-12-29 23:45:00 (5,760 строк × 327 символов)
2026-01-18 22:28:32,269 - INFO -    Testing:  2023-12-30 00:00:00 → 2024-01-29 00:00:00 (2,881 строк × 327 символов)
2026-01-18 22:28:32,269 - INFO -    Временной разрыв: 0 days 00:15:00
2026-01-18 22:28:32,312 - INFO - ⇢ normalizing training data — start
2026-01-18 22:28:32,349 - INFO -   Символы с NaN значениями: 45
2026-01-18 22:28:32,350 - INFO -   Применяем метод нормализации: rolling_zscore
2026-01-18 22:28:32,367 - INFO - Символы с недостаточной историей: 40 из 327
2026-01-18 22:28:32,774 - INFO - Символы с NaN после нормализации: 287
2026-01-18 22:28:32,780 - INFO - Удалено 809 начальных строк с NaN от rolling расчетов
2026-01-18 22:28:32,782 - INFO - Итоговое количество символов после нормализации: 287 из 327
2026-01-18 22:28:32,782 - INFO -   Статистика нормализации:
2026-01-18 22:28:32,782 - INFO -     Исходные символы: 327
2026-01-18 22:28:32,782 - INFO -     Недостаточная история: 40
2026-01-18 22:28:32,782 - INFO -     Постоянная цена: 0
2026-01-18 22:28:32,782 - INFO -     NaN после нормализации: 287
2026-01-18 22:28:32,782 - INFO -     Итоговые символы: 287 (87.8%)
2026-01-18 22:28:32,782 - INFO -   После нормализации: 287 символов (потеряно 40)
2026-01-18 22:28:32,782 - INFO -   Отброшено много символов: 40 из 327
2026-01-18 22:28:32,783 - INFO - ⇠ normalizing training data — done in 0.47s
2026-01-18 22:28:32,784 - INFO - ⇢ SSD computation — start
2026-01-18 22:28:32,784 - INFO -   Расчет SSD для всех пар (без ограничения)
2026-01-18 22:28:35,149 - INFO -   SSD результат (все пары): 41041 пар
2026-01-18 22:28:35,149 - INFO -   Ограничиваем до top-25000 пар для дальнейшей обработки
2026-01-18 22:28:35,150 - INFO - ⇠ SSD computation — done in 2.37s
2026-01-18 22:28:35,158 - INFO - ⇢ filtering pairs by cointegration and half-life — start
2026-01-18 22:28:35,158 - INFO - [ФИЛЬТР] Параллельная фильтрация: threads (8 workers)
2026-01-18 22:31:59,946 - INFO - [ФИЛЬТР] После проверки данных: 25000 пар
2026-01-18 22:31:59,946 - INFO - [ФИЛЬТР] После фильтра корреляции (>0.7): 10895 пар
2026-01-18 22:31:59,946 - INFO - [ФИЛЬТР] После фильтра beta: 7253 пар
2026-01-18 22:31:59,946 - INFO - [ФИЛЬТР] После фильтра mean crossings: 7253 пар
2026-01-18 22:31:59,946 - INFO - [ФИЛЬТР] После фильтра half-life: 7226 пар
2026-01-18 22:31:59,946 - INFO - [ФИЛЬТР] После фильтра коинтеграции: 1667 пар
2026-01-18 22:31:59,946 - INFO - [ФИЛЬТР] После фильтра Hurst: 785 пар
2026-01-18 22:31:59,946 - INFO - [ФИЛЬТР] После фильтра KPSS: 34 пар
2026-01-18 22:31:59,946 - INFO - [ФИЛЬТР] После фильтра market microstructure: 34 пар
2026-01-18 22:31:59,946 - INFO - [ФИЛЬТР] Статистика фильтрации (оптимизированный порядок):
2026-01-18 22:31:59,946 - INFO -   1. SSD → Коинтеграция: 25000 → 1667 пар
2026-01-18 22:31:59,946 - INFO -   2. Коинтеграция → Beta: 1667 → 7253 пар
2026-01-18 22:31:59,946 - INFO -   3. Beta → Half-life: 7253 → 7226 пар
2026-01-18 22:31:59,946 - INFO -   4. Half-life → Mean crossings: 7226 → 7253 пар
2026-01-18 22:31:59,946 - INFO -   5. Mean crossings → Hurst: 7253 → 785 пар
2026-01-18 22:31:59,946 - INFO -   6. Hurst → KPSS: 785 → 34 пар
2026-01-18 22:31:59,946 - INFO -   7. KPSS → Market microstructure: 34 → 34 пар
2026-01-18 22:31:59,946 - INFO - [ФИЛЬТР] Причины отсева:
2026-01-18 22:31:59,946 - INFO -   • low_correlation: 14105 пар (56.4%)
2026-01-18 22:31:59,946 - INFO -   • pvalue: 5559 пар (22.2%)
2026-01-18 22:31:59,946 - INFO -   • beta: 3642 пар (14.6%)
2026-01-18 22:31:59,946 - INFO -   • hurst: 882 пар (3.5%)
2026-01-18 22:31:59,946 - INFO -   • kpss: 751 пар (3.0%)
2026-01-18 22:31:59,946 - INFO -   • half_life: 27 пар (0.1%)
2026-01-18 22:31:59,946 - INFO - [ФИЛЬТР] Итого: 25000 → 34 пар (0.1% прошли все фильтры)
2026-01-18 22:31:59,985 - INFO - Причины отсева сохранены в results/filter_reasons_20260118_223159.csv
2026-01-18 22:31:59,996 - INFO -   Фильтрация: 25000 → 34 пар
2026-01-18 22:31:59,996 - INFO - ⇠ filtering pairs by cointegration and half-life — done in 204.84s
2026-01-18 22:31:59,996 - INFO - ⇠ WF-шаг 4/5: training 2023-10-31-2023-12-29, testing 2023-12-30-2024-01-29 — done in 209.34s
2026-01-18 22:31:59,996 - INFO -   Топ-3 пары по волатильности спреда:
2026-01-18 22:31:59,996 - INFO -     1. KSMUSDT-PERPUSDT: beta=56.7982, std=3.5340
2026-01-18 22:31:59,996 - INFO -     2. ETHUSDC-STETHUSDT: beta=0.9976, std=2.7757
2026-01-18 22:31:59,996 - INFO -     3. ETHUSDT-STETHUSDT: beta=0.9988, std=2.6798
2026-01-18 22:31:59,996 - INFO -   Всего пар для торговли: 34 (ограничение 15 применяется к одновременно открытым позициям)
2026-01-18 22:31:59,997 - INFO -   💰 Проверка расчета капитала: equity=$10,545.01, кандидатных_пар=34, max_позиций=15
2026-01-18 22:31:59,997 - INFO -   🎯 Target concurrency: 15 (ожидаемое одновременное число позиций)
2026-01-18 22:31:59,997 - INFO -   📊 Детали расчета капитала:
2026-01-18 22:31:59,997 - INFO -      • Базовый капитал на пару: $703.00 (equity / target_concurrency)
2026-01-18 22:31:59,997 - INFO -      • Риск-капитал: $158.18 (1.5% от equity)
2026-01-18 22:31:59,997 - INFO -      • Макс. размер позиции: $210.90 (2.0% от equity)
2026-01-18 22:31:59,997 - INFO -      • Итоговый капитал на пару: $158.18
2026-01-18 22:31:59,997 - INFO - ⇢ WF-шаг 4/5 backtests — starting 34 items
2026-01-18 22:31:59,997 - INFO - 🚀 WF-шаг 4/5: Начинаем бэктесты для 34 пар...
2026-01-18 22:31:59,997 - INFO - 🚀 WF-шаг 4/5: Запускаем параллельную обработку 34 пар на 8 ядрах...
2026-01-18 22:31:59,997 - INFO - 🚀 WF-шаг 4/5: Режим параллельности: процессы
⚙️  Загрузка данных за период: 2023-10-31 -> 2024-01-29
📂 Найдено 43 parquet файлов для обработки.
📊 Схема данных: Schema({'timestamp': Int64, 'open': Float64, 'high': Float64, 'low': Float64, 'close': Float64, 'volume': Float64, 'turnover': String, 'ts_ms': Int64, 'symbol': String})
✅ Загружено 2615053 записей с помощью Polars.
📊 Типы данных в pandas: timestamp       datetime64[us]
symbol                  object
close                  float64
timestamp_ms             int64
dtype: object
2026-01-18 22:32:00,056 - coint2.engine.numba_engine - INFO - Запуск Numba-оптимизированного бэктеста для KSMUSDT-PERPUSDT
2026-01-18 22:32:00,082 - coint2.engine.numba_engine - INFO - Запуск Numba-оптимизированного бэктеста для ETHUSDC-STETHUSDT
2026-01-18 22:32:00,112 - coint2.engine.numba_engine - INFO - Запуск Numba-оптимизированного бэктеста для ETHUSDT-STETHUSDT
2026-01-18 22:32:00,138 - coint2.engine.numba_engine - INFO - Запуск Numba-оптимизированного бэктеста для ETCUSDT-MANAUSDT
2026-01-18 22:32:00,152 - coint2.engine.numba_engine - INFO - Запуск Numba-оптимизированного бэктеста для ETCUSDT-MANAUSDC
2026-01-18 22:32:00,166 - coint2.engine.numba_engine - INFO - Запуск Numba-оптимизированного бэктеста для FILUSDC-SCRTUSDT
2026-01-18 22:32:00,180 - coint2.engine.numba_engine - INFO - Запуск Numba-оптимизированного бэктеста для MASKUSDT-PENDLEUSDT
2026-01-18 22:32:00,190 - coint2.engine.numba_engine - INFO - Запуск Numba-оптимизированного бэктеста для CRVUSDT-INTERUSDT
2026-01-18 22:32:00,206 - coint2.engine.numba_engine - INFO - Запуск Numba-оптимизированного бэктеста для APTUSDC-C98USDT
2026-01-18 22:32:00,208 - coint2.engine.numba_engine - INFO - Запуск Numba-оптимизированного бэктеста для BOBAUSDT-STXUSDT
2026-01-18 22:32:00,216 - coint2.engine.numba_engine - INFO - Запуск Numba-оптимизированного бэктеста для IDUSDT-LRCUSDT
2026-01-18 22:32:00,224 - coint2.engine.numba_engine - INFO - Запуск Numba-оптимизированного бэктеста для APTUSDT-C98USDT
2026-01-18 22:32:00,237 - coint2.engine.numba_engine - INFO - Запуск Numba-оптимизированного бэктеста для BICOUSDT-HBARUSDT
2026-01-18 22:32:00,246 - coint2.engine.numba_engine - INFO - Запуск Numba-оптимизированного бэктеста для CELOUSDT-SOLOUSDT
2026-01-18 22:32:00,246 - coint2.engine.numba_engine - INFO - Запуск Numba-оптимизированного бэктеста для ACSUSDT-HBARUSDT
2026-01-18 22:32:00,256 - coint2.engine.numba_engine - INFO - Запуск Numba-оптимизированного бэктеста для ARBUSDC-QNTUSDT
2026-01-18 22:32:00,262 - coint2.engine.numba_engine - INFO - Запуск Numba-оптимизированного бэктеста для VELOUSDT-XTZUSDT
2026-01-18 22:32:00,269 - coint2.engine.numba_engine - INFO - Запуск Numba-оптимизированного бэктеста для AGLDUSDT-C98USDT
2026-01-18 22:32:00,276 - coint2.engine.numba_engine - INFO - Запуск Numba-оптимизированного бэктеста для BOBAUSDT-SOLEUR
2026-01-18 22:32:00,287 - coint2.engine.numba_engine - INFO - Запуск Numba-оптимизированного бэктеста для ENSUSDT-POLUSDT
2026-01-18 22:32:00,302 - coint2.engine.numba_engine - INFO - Запуск Numba-оптимизированного бэктеста для FITFIUSDT-SNXUSDT
2026-01-18 22:32:00,309 - coint2.engine.numba_engine - INFO - Запуск Numba-оптимизированного бэктеста для COREUSDT-ETCUSDT
2026-01-18 22:32:00,309 - coint2.engine.numba_engine - INFO - Запуск Numba-оптимизированного бэктеста для BOBAUSDT-DOTUSDC
2026-01-18 22:32:00,316 - coint2.engine.numba_engine - INFO - Запуск Numba-оптимизированного бэктеста для BOBAUSDT-DOTUSDT
2026-01-18 22:32:00,332 - coint2.engine.numba_engine - INFO - Запуск Numba-оптимизированного бэктеста для BOBAUSDT-SOLUSDC
2026-01-18 22:32:00,346 - coint2.engine.numba_engine - INFO - Запуск Numba-оптимизированного бэктеста для BATUSDT-ENJUSDT
2026-01-18 22:32:00,348 - coint2.engine.numba_engine - INFO - Запуск Numba-оптимизированного бэктеста для RDNTUSDT-SUNUSDT
2026-01-18 22:32:00,357 - coint2.engine.numba_engine - INFO - Запуск Numba-оптимизированного бэктеста для DGBUSDT-OMGUSDT
2026-01-18 22:32:00,358 - coint2.engine.numba_engine - INFO - Запуск Numba-оптимизированного бэктеста для BOBAUSDT-OASUSDT
2026-01-18 22:32:00,382 - coint2.engine.numba_engine - INFO - Запуск Numba-оптимизированного бэктеста для BOBAUSDT-SOLUSDT
2026-01-18 22:32:00,390 - coint2.engine.numba_engine - INFO - Запуск Numba-оптимизированного бэктеста для BOBAUSDT-HBARUSDT
2026-01-18 22:32:00,406 - coint2.engine.numba_engine - INFO - Запуск Numba-оптимизированного бэктеста для PEOPLEUSDT-WAXPUSDT
2026-01-18 22:32:00,416 - coint2.engine.numba_engine - INFO - Запуск Numba-оптимизированного бэктеста для IDUSDT-OMGUSDT
2026-01-18 22:32:00,440 - coint2.engine.numba_engine - INFO - Запуск Numba-оптимизированного бэктеста для ACSUSDT-BICOUSDT
2026-01-18 22:32:00,483 - INFO -   ⏱️ Параллельная обработка завершена за 0.5с (70.0 пар/с)
2026-01-18 22:32:00,499 - coint2.pipeline.walk_forward_orchestrator - INFO - 🎯 СИМУЛЯЦИЯ ПОРТФЕЛЯ: 34 пар, лимит 15 позиций
2026-01-18 22:32:00,954 - coint2.pipeline.walk_forward_orchestrator - INFO -    📈 Макс. одновременных сигналов: 17
2026-01-18 22:32:00,954 - coint2.pipeline.walk_forward_orchestrator - INFO -    📊 Средн. сигналов за период: 0.4
2026-01-18 22:32:00,954 - coint2.pipeline.walk_forward_orchestrator - INFO -    🎯 Финальных активных позиций: 2
2026-01-18 22:32:00,955 - coint2.pipeline.walk_forward_orchestrator - INFO -    ⚡ Утилизация лимита позиций: 2.6%
2026-01-18 22:32:00,956 - INFO - ⇠ WF-шаг 4/5 backtests — completed 34 items in 0.96s (35.5 items/s)
2026-01-18 22:32:00,956 - INFO -   ✅ Обработка завершена: 34 успешно, 0 с ошибками
2026-01-18 22:32:00,956 - INFO -   📊 Успешность: 100.0%, прибыльность: 73.5%, сделок/пара: 16.8
2026-01-18 22:32:00,956 - INFO -   ✅ Завершены бэктесты для 34 пар
2026-01-18 22:32:00,956 - INFO -   📊 Всего обработано пар в этом шаге: 34
2026-01-18 22:32:00,956 - INFO -   📈 Результаты шага: 25/34 прибыльных пар, 572 сделок
2026-01-18 22:32:00,956 - INFO -   💰 P&L шага: $+137.95
2026-01-18 22:32:00,956 - INFO -   ⇢ Обновление капитала и дневного P&L...
2026-01-18 22:32:02,390 - INFO -   💼 Шаг P&L: $+137.95, Накопленный капитал: $10,682.96
2026-01-18 22:32:02,390 - INFO - ------------------------------------------------------------
2026-01-18 22:32:02,390 - INFO -   Walk-forward steps: 4 / 5 (80.0%) | 0.0 items/s | ETA: 295.7s
2026-01-18 22:32:02,390 - INFO - 🔍 WF-шаг 5/5: Валидация временных окон...
2026-01-18 22:32:02,391 - INFO - ⇢ WF-шаг 5/5: training 2023-11-30-2024-01-28, testing 2024-01-29-2024-02-28 — start
2026-01-18 22:32:02,391 - INFO - ⇢ loading step data — start
2026-01-18 22:32:02,630 - INFO - ⇠ loading step data — done in 0.24s
2026-01-18 22:32:04,063 - INFO - 📊 WF-шаг 5/5: Границы данных:
2026-01-18 22:32:04,063 - INFO -    Training: 2023-11-30 00:00:00 → 2024-01-28 23:45:00 (5,760 строк × 344 символов)
2026-01-18 22:32:04,063 - INFO -    Testing:  2024-01-29 00:00:00 → 2024-02-28 00:00:00 (2,881 строк × 344 символов)
2026-01-18 22:32:04,063 - INFO -    Временной разрыв: 0 days 00:15:00
2026-01-18 22:32:04,107 - INFO - ⇢ normalizing training data — start
2026-01-18 22:32:04,146 - INFO -   Символы с NaN значениями: 52
2026-01-18 22:32:04,146 - INFO -   Применяем метод нормализации: rolling_zscore
2026-01-18 22:32:04,163 - INFO - Символы с недостаточной историей: 44 из 344
2026-01-18 22:32:04,586 - INFO - Символы с NaN после нормализации: 300
2026-01-18 22:32:04,593 - INFO - Удалено 809 начальных строк с NaN от rolling расчетов
2026-01-18 22:32:04,595 - INFO - Итоговое количество символов после нормализации: 300 из 344
2026-01-18 22:32:04,595 - INFO -   Статистика нормализации:
2026-01-18 22:32:04,595 - INFO -     Исходные символы: 344
2026-01-18 22:32:04,595 - INFO -     Недостаточная история: 44
2026-01-18 22:32:04,595 - INFO -     Постоянная цена: 0
2026-01-18 22:32:04,595 - INFO -     NaN после нормализации: 300
2026-01-18 22:32:04,595 - INFO -     Итоговые символы: 300 (87.2%)
2026-01-18 22:32:04,595 - INFO -   После нормализации: 300 символов (потеряно 44)
2026-01-18 22:32:04,595 - INFO -   Отброшено много символов: 44 из 344
2026-01-18 22:32:04,595 - INFO - ⇠ normalizing training data — done in 0.49s
2026-01-18 22:32:04,597 - INFO - ⇢ SSD computation — start
2026-01-18 22:32:04,597 - INFO -   Расчет SSD для всех пар (без ограничения)
2026-01-18 22:32:07,077 - INFO -   SSD результат (все пары): 44850 пар
2026-01-18 22:32:07,078 - INFO -   Ограничиваем до top-25000 пар для дальнейшей обработки
2026-01-18 22:32:07,079 - INFO - ⇠ SSD computation — done in 2.48s
2026-01-18 22:32:07,087 - INFO - ⇢ filtering pairs by cointegration and half-life — start
2026-01-18 22:32:07,087 - INFO - [ФИЛЬТР] Параллельная фильтрация: threads (8 workers)
2026-01-18 22:34:53,083 - INFO - [ФИЛЬТР] После проверки данных: 25000 пар
2026-01-18 22:34:53,083 - INFO - [ФИЛЬТР] После фильтра корреляции (>0.7): 4297 пар
2026-01-18 22:34:53,084 - INFO - [ФИЛЬТР] После фильтра beta: 3256 пар
2026-01-18 22:34:53,084 - INFO - [ФИЛЬТР] После фильтра mean crossings: 3256 пар
2026-01-18 22:34:53,084 - INFO - [ФИЛЬТР] После фильтра half-life: 3240 пар
2026-01-18 22:34:53,084 - INFO - [ФИЛЬТР] После фильтра коинтеграции: 1621 пар
2026-01-18 22:34:53,084 - INFO - [ФИЛЬТР] После фильтра Hurst: 842 пар
2026-01-18 22:34:53,084 - INFO - [ФИЛЬТР] После фильтра KPSS: 51 пар
2026-01-18 22:34:53,084 - INFO - [ФИЛЬТР] После фильтра market microstructure: 51 пар
2026-01-18 22:34:53,084 - INFO - [ФИЛЬТР] Статистика фильтрации (оптимизированный порядок):
2026-01-18 22:34:53,084 - INFO -   1. SSD → Коинтеграция: 25000 → 1621 пар
2026-01-18 22:34:53,084 - INFO -   2. Коинтеграция → Beta: 1621 → 3256 пар
2026-01-18 22:34:53,084 - INFO -   3. Beta → Half-life: 3256 → 3240 пар
2026-01-18 22:34:53,084 - INFO -   4. Half-life → Mean crossings: 3240 → 3256 пар
2026-01-18 22:34:53,084 - INFO -   5. Mean crossings → Hurst: 3256 → 842 пар
2026-01-18 22:34:53,084 - INFO -   6. Hurst → KPSS: 842 → 51 пар
2026-01-18 22:34:53,084 - INFO -   7. KPSS → Market microstructure: 51 → 51 пар
2026-01-18 22:34:53,084 - INFO - [ФИЛЬТР] Причины отсева:
2026-01-18 22:34:53,084 - INFO -   • low_correlation: 20703 пар (82.8%)
2026-01-18 22:34:53,084 - INFO -   • pvalue: 1619 пар (6.5%)
2026-01-18 22:34:53,084 - INFO -   • beta: 1041 пар (4.2%)
2026-01-18 22:34:53,084 - INFO -   • kpss: 791 пар (3.2%)
2026-01-18 22:34:53,084 - INFO -   • hurst: 779 пар (3.1%)
2026-01-18 22:34:53,084 - INFO -   • half_life: 16 пар (0.1%)
2026-01-18 22:34:53,084 - INFO - [ФИЛЬТР] Итого: 25000 → 51 пар (0.2% прошли все фильтры)
2026-01-18 22:34:53,121 - INFO - Причины отсева сохранены в results/filter_reasons_20260118_223453.csv
2026-01-18 22:34:53,131 - INFO -   Фильтрация: 25000 → 51 пар
2026-01-18 22:34:53,131 - INFO - ⇠ filtering pairs by cointegration and half-life — done in 166.04s
2026-01-18 22:34:53,131 - INFO - ⇠ WF-шаг 5/5: training 2023-11-30-2024-01-28, testing 2024-01-29-2024-02-28 — done in 170.74s
2026-01-18 22:34:53,131 - INFO -   Топ-3 пары по волатильности спреда:
2026-01-18 22:34:53,131 - INFO -     1. BTCBRZ-BTCDAI: beta=4.2777, std=2850.9804
2026-01-18 22:34:53,131 - INFO -     2. BTCDAI-WBTCUSDT: beta=1.0023, std=556.1976
2026-01-18 22:34:53,131 - INFO -     3. ETHDAI-STETHUSDT: beta=0.9934, std=13.3291
2026-01-18 22:34:53,131 - INFO -   Всего пар для торговли: 51 (ограничение 15 применяется к одновременно открытым позициям)
2026-01-18 22:34:53,131 - INFO -   💰 Проверка расчета капитала: equity=$10,682.96, кандидатных_пар=51, max_позиций=15
2026-01-18 22:34:53,131 - INFO -   🎯 Target concurrency: 15 (ожидаемое одновременное число позиций)
2026-01-18 22:34:53,132 - INFO -   📊 Детали расчета капитала:
2026-01-18 22:34:53,132 - INFO -      • Базовый капитал на пару: $712.20 (equity / target_concurrency)
2026-01-18 22:34:53,132 - INFO -      • Риск-капитал: $160.24 (1.5% от equity)
2026-01-18 22:34:53,132 - INFO -      • Макс. размер позиции: $213.66 (2.0% от equity)
2026-01-18 22:34:53,132 - INFO -      • Итоговый капитал на пару: $160.24
2026-01-18 22:34:53,132 - INFO - ⇢ WF-шаг 5/5 backtests — starting 51 items
2026-01-18 22:34:53,132 - INFO - 🚀 WF-шаг 5/5: Начинаем бэктесты для 51 пар...
2026-01-18 22:34:53,132 - INFO - 🚀 WF-шаг 5/5: Запускаем параллельную обработку 51 пар на 8 ядрах...
2026-01-18 22:34:53,132 - INFO -   📊 Большой набор пар (51), ожидаемое время: ~2 мин
2026-01-18 22:34:53,132 - INFO -   🔄 Прогресс будет отображаться каждые 5 пар
2026-01-18 22:34:53,132 - INFO - 🚀 WF-шаг 5/5: Режим параллельности: процессы
⚙️  Загрузка данных за период: 2023-11-30 -> 2024-02-28
📂 Найдено 43 parquet файлов для обработки.
📊 Схема данных: Schema({'timestamp': Int64, 'open': Float64, 'high': Float64, 'low': Float64, 'close': Float64, 'volume': Float64, 'turnover': String, 'ts_ms': Int64, 'symbol': String})
✅ Загружено 2755343 записей с помощью Polars.
📊 Типы данных в pandas: timestamp       datetime64[us]
symbol                  object
close                  float64
timestamp_ms             int64
dtype: object
2026-01-18 22:34:53,189 - coint2.engine.numba_engine - INFO - Запуск Numba-оптимизированного бэктеста для BTCBRZ-BTCDAI
2026-01-18 22:34:53,214 - coint2.engine.numba_engine - INFO - Запуск Numba-оптимизированного бэктеста для BTCDAI-WBTCUSDT
2026-01-18 22:34:53,237 - coint2.engine.numba_engine - INFO - Запуск Numba-оптимизированного бэктеста для ETHDAI-STETHUSDT
2026-01-18 22:34:53,262 - coint2.engine.numba_engine - INFO - Запуск Numba-оптимизированного бэктеста для AAVEUSDT-THETAUSDT
2026-01-18 22:34:53,276 - coint2.engine.numba_engine - INFO - Запуск Numba-оптимизированного бэктеста для NEARUSDT-ROSEUSDT
2026-01-18 22:34:53,294 - coint2.engine.numba_engine - INFO - Запуск Numba-оптимизированного бэктеста для ATOMUSDT-MBXUSDT
2026-01-18 22:34:53,298 - coint2.engine.numba_engine - INFO - Запуск Numba-оптимизированного бэктеста для ETHWUSDT-UNIUSDT
2026-01-18 22:34:53,324 - coint2.engine.numba_engine - INFO - Запуск Numba-оптимизированного бэктеста для GLMRUSDT-ROSEUSDT
2026-01-18 22:34:53,325 - coint2.engine.numba_engine - INFO - Запуск Numba-оптимизированного бэктеста для AGLDUSDT-CELOUSDT
2026-01-18 22:34:53,344 - coint2.engine.numba_engine - INFO - Запуск Numba-оптимизированного бэктеста для BOBAUSDT-MINAUSDT
2026-01-18 22:34:53,344 - coint2.engine.numba_engine - INFO - Запуск Numba-оптимизированного бэктеста для APTUSDC-CELOUSDT
2026-01-18 22:34:53,355 - coint2.engine.numba_engine - INFO - Запуск Numba-оптимизированного бэктеста для AGLDUSDT-NEARUSDT
2026-01-18 22:34:53,359 - coint2.engine.numba_engine - INFO - Запуск Numba-оптимизированного бэктеста для GLMRUSDT-NEARUSDT
2026-01-18 22:34:53,360 - coint2.engine.numba_engine - INFO - Запуск Numba-оптимизированного бэктеста для APTUSDT-CELOUSDT
2026-01-18 22:34:53,368 - coint2.engine.numba_engine - INFO - Запуск Numba-оптимизированного бэктеста для ETHWUSDT-GRTUSDT
2026-01-18 22:34:53,379 - coint2.engine.numba_engine - INFO - Запуск Numba-оптимизированного бэктеста для BELUSDT-GALAUSDT
2026-01-18 22:34:53,383 - coint2.engine.numba_engine - INFO - Запуск Numba-оптимизированного бэктеста для HFTUSDC-SANDUSDT
2026-01-18 22:34:53,384 - coint2.engine.numba_engine - INFO - Запуск Numba-оптимизированного бэктеста для BOBAUSDT-SOLEUR
2026-01-18 22:34:53,388 - coint2.engine.numba_engine - INFO - Запуск Numba-оптимизированного бэктеста для JUVUSDT-ZRXUSDT
2026-01-18 22:34:53,395 - coint2.engine.numba_engine - INFO - Запуск Numba-оптимизированного бэктеста для IDUSDT-WAVESUSDT
2026-01-18 22:34:53,406 - coint2.engine.numba_engine - INFO - Запуск Numba-оптимизированного бэктеста для HFTUSDT-LRCUSDT
2026-01-18 22:34:53,412 - coint2.engine.numba_engine - INFO - Запуск Numba-оптимизированного бэктеста для HFTUSDC-SANDUSDC
2026-01-18 22:34:53,412 - coint2.engine.numba_engine - INFO - Запуск Numba-оптимизированного бэктеста для BOBAUSDT-OPUSDC
2026-01-18 22:34:53,426 - coint2.engine.numba_engine - INFO - Запуск Numba-оптимизированного бэктеста для HFTUSDT-SCRTUSDT
2026-01-18 22:34:53,429 - coint2.engine.numba_engine - INFO - Запуск Numba-оптимизированного бэктеста для RVNUSDT-WAXPUSDT
2026-01-18 22:34:53,436 - coint2.engine.numba_engine - INFO - Запуск Numba-оптимизированного бэктеста для TENETUSDT-XRPUSDC
2026-01-18 22:34:53,438 - coint2.engine.numba_engine - INFO - Запуск Numba-оптимизированного бэктеста для C98USDT-SOLOUSDT
2026-01-18 22:34:53,442 - coint2.engine.numba_engine - INFO - Запуск Numba-оптимизированного бэктеста для HFTUSDC-LRCUSDT
2026-01-18 22:34:53,450 - coint2.engine.numba_engine - INFO - Запуск Numba-оптимизированного бэктеста для ANKRUSDT-WAXPUSDT
2026-01-18 22:34:53,452 - coint2.engine.numba_engine - INFO - Запуск Numba-оптимизированного бэктеста для PEPEUSDT-RACAUSDT
2026-01-18 22:34:53,460 - coint2.engine.numba_engine - INFO - Запуск Numba-оптимизированного бэктеста для JSTUSDT-XRPUSDC
2026-01-18 22:34:53,461 - coint2.engine.numba_engine - INFO - Запуск Numba-оптимизированного бэктеста для TENETUSDT-XRPUSDT
2026-01-18 22:34:53,464 - coint2.engine.numba_engine - INFO - Запуск Numba-оптимизированного бэктеста для FLOWUSDT-WAVESUSDT
2026-01-18 22:34:53,474 - coint2.engine.numba_engine - INFO - Запуск Numba-оптимизированного бэктеста для LUNCUSDT-VRAUSDT
2026-01-18 22:34:53,485 - coint2.engine.numba_engine - INFO - Запуск Numba-оптимизированного бэктеста для JSTUSDT-XRPUSDT
2026-01-18 22:34:53,490 - coint2.engine.numba_engine - INFO - Запуск Numba-оптимизированного бэктеста для MANAUSDT-MBXUSDT
2026-01-18 22:34:53,491 - coint2.engine.numba_engine - INFO - Запуск Numba-оптимизированного бэктеста для JSTUSDT-RACAUSDT
2026-01-18 22:34:53,502 - coint2.engine.numba_engine - INFO - Запуск Numba-оптимизированного бэктеста для ARKMUSDT-FLOWUSDT
2026-01-18 22:34:53,512 - coint2.engine.numba_engine - INFO - Запуск Numba-оптимизированного бэктеста для HFTUSDC-SCRTUSDT
2026-01-18 22:34:53,519 - coint2.engine.numba_engine - INFO - Запуск Numba-оптимизированного бэктеста для BOBAUSDT-STXUSDT
2026-01-18 22:34:53,520 - coint2.engine.numba_engine - INFO - Запуск Numba-оптимизированного бэктеста для LUNCUSDC-VRAUSDT
2026-01-18 22:34:53,525 - coint2.engine.numba_engine - INFO - Запуск Numba-оптимизированного бэктеста для BOBAUSDT-OPUSDT
2026-01-18 22:34:53,537 - coint2.engine.numba_engine - INFO - Запуск Numba-оптимизированного бэктеста для BATUSDT-POLUSDT
2026-01-18 22:34:53,544 - coint2.engine.numba_engine - INFO - Запуск Numba-оптимизированного бэктеста для MANAUSDC-MBXUSDT
2026-01-18 22:34:53,548 - coint2.engine.numba_engine - INFO - Запуск Numba-оптимизированного бэктеста для HFTUSDT-SANDUSDT
2026-01-18 22:34:53,561 - coint2.engine.numba_engine - INFO - Запуск Numba-оптимизированного бэктеста для MVLUSDT-RACAUSDT
2026-01-18 22:34:53,568 - coint2.engine.numba_engine - INFO - Запуск Numba-оптимизированного бэктеста для HFTUSDT-SANDUSDC
2026-01-18 22:34:53,571 - coint2.engine.numba_engine - INFO - Запуск Numba-оптимизированного бэктеста для TENETUSDT-XRPEUR
2026-01-18 22:34:53,592 - coint2.engine.numba_engine - INFO - Запуск Numba-оптимизированного бэктеста для GRTUSDT-WAVESUSDT
2026-01-18 22:34:53,595 - coint2.engine.numba_engine - INFO - Запуск Numba-оптимизированного бэктеста для JSTUSDT-XRPEUR
2026-01-18 22:34:53,617 - coint2.engine.numba_engine - INFO - Запуск Numba-оптимизированного бэктеста для CHZUSDC-CHZUSDT
2026-01-18 22:34:53,658 - INFO -   ⏱️ Параллельная обработка завершена за 0.5с (97.0 пар/с)
2026-01-18 22:34:53,678 - coint2.pipeline.walk_forward_orchestrator - INFO - 🎯 СИМУЛЯЦИЯ ПОРТФЕЛЯ: 51 пар, лимит 15 позиций
2026-01-18 22:34:54,218 - coint2.pipeline.walk_forward_orchestrator - INFO -    📈 Макс. одновременных сигналов: 22
2026-01-18 22:34:54,218 - coint2.pipeline.walk_forward_orchestrator - INFO -    📊 Средн. сигналов за период: 0.7
2026-01-18 22:34:54,219 - coint2.pipeline.walk_forward_orchestrator - INFO -    🎯 Финальных активных позиций: 0
2026-01-18 22:34:54,220 - coint2.pipeline.walk_forward_orchestrator - INFO -    ⚡ Утилизация лимита позиций: 4.4%
2026-01-18 22:34:54,220 - INFO - ⇠ WF-шаг 5/5 backtests — completed 51 items in 1.09s (46.9 items/s)
2026-01-18 22:34:54,220 - INFO -   ✅ Обработка завершена: 51 успешно, 0 с ошибками
2026-01-18 22:34:54,220 - INFO -   📊 Успешность: 100.0%, прибыльность: 56.9%, сделок/пара: 19.0
2026-01-18 22:34:54,220 - INFO -   ✅ Завершены бэктесты для 51 пар
2026-01-18 22:34:54,220 - INFO -   📊 Всего обработано пар в этом шаге: 51
2026-01-18 22:34:54,221 - INFO -   📈 Результаты шага: 29/51 прибыльных пар, 968 сделок
2026-01-18 22:34:54,221 - INFO -   💰 P&L шага: $-1.03
2026-01-18 22:34:54,221 - INFO -   ⇢ Обновление капитала и дневного P&L...
2026-01-18 22:34:55,818 - INFO -   💼 Шаг P&L: $-1.03, Накопленный капитал: $10,681.93
2026-01-18 22:34:55,818 - INFO - ------------------------------------------------------------
2026-01-18 22:34:55,818 - INFO -   Walk-forward steps: 5 / 5 (100.0%) | 0.0 items/s | ETA: 0.0s
2026-01-18 22:34:55,818 - INFO - ⇠ Walk-forward steps — completed 5 items in 1356.08s (0.0 items/s)
2026-01-18 22:34:55,818 - INFO - ================================================================================
2026-01-18 22:34:55,818 - INFO - 🏁 Walk-forward анализ завершен!
2026-01-18 22:34:55,818 - INFO - ⏱️ Обработано 5 шагов за 2.7 секунд
2026-01-18 22:34:55,818 - INFO - 📊 Всего обработано пар за весь анализ: 262
2026-01-18 22:34:55,818 - INFO - 💰 Финальный капитал: $10,681.93 (было $10,000.00)
2026-01-18 22:34:55,819 - INFO - 📈 Общая доходность: +6.82% ($+681.93)
2026-01-18 22:34:55,819 - INFO - 📊 Всего сделок: 0
2026-01-18 22:34:55,819 - INFO - ================================================================================
2026-01-18 22:34:55,819 - INFO - ✓ Завершены все 5 WF-шагов
2026-01-18 22:34:55,819 - INFO - ⇢ Обработка финальных результатов и расчет метрик...
2026-01-18 22:34:55,819 - INFO - ⇢ processing final results — start
2026-01-18 22:34:55,819 - INFO -   ⇢ Агрегация данных P&L за 14405 торговых дней
2026-01-18 22:34:55,870 - INFO -   ⇢ Расчет базовых метрик производительности...
2026-01-18 22:34:55,870 - INFO -     📊 Данные для анализа: 14405 записей P&L, 14401 точек equity
2026-01-18 22:34:55,873 - INFO -   ⇢ Расчет расширенных метрик (волатильность, Calmar ratio, и др.)...
2026-01-18 22:34:55,874 - INFO -   ✅ Расширенные метрики рассчитаны: 6 показателей
2026-01-18 22:34:55,874 - INFO -   ⇢ Анализ статистики по 262 парам...
2026-01-18 22:34:55,877 - INFO - ✅ Рассчитаны метрики производительности (19 показателей)
2026-01-18 22:34:55,877 - INFO -   💰 Общий P&L: $+681.93
2026-01-18 22:34:55,877 - INFO -   📊 Sharpe Ratio: 5.730
2026-01-18 22:34:55,877 - INFO -   📉 Максимальная просадка: -8816.83%
2026-01-18 22:34:55,877 - INFO -   🔄 Всего сделок: 4649
2026-01-18 22:34:55,877 - INFO -   📈 Торгуемых пар: 258
2026-01-18 22:34:55,877 - INFO -   💸 Общие издержки: $179.86
2026-01-18 22:34:55,878 - coint2.metrics - INFO - Metric: total_pnl
2026-01-18 22:34:55,880 - coint2.metrics - INFO - Metric: sharpe_ratio_abs
2026-01-18 22:34:55,880 - coint2.metrics - INFO - Metric: max_drawdown_pct
2026-01-18 22:34:55,880 - coint2.metrics - INFO - Metric: total_trades
2026-01-18 22:34:55,880 - coint2.metrics - INFO - Metric: total_pairs_traded
2026-01-18 22:34:55,880 - coint2.metrics - INFO - Metric: total_costs
2026-01-18 22:34:55,881 - INFO - ⇠ processing final results — done in 0.06s
2026-01-18 22:34:55,881 - INFO - ⇢ Создание отчетов и сохранение результатов...
2026-01-18 22:34:55,881 - INFO - ⇢ generating reports — start
2026-01-18 22:34:55,881 - INFO -   ⇢ Создание отчета о производительности...
2026-01-18 22:35:02,625 - INFO -   ✓ Отчет о производительности создан
2026-01-18 22:35:02,625 - INFO -   ⇢ Сохранение данных в CSV файлы...
2026-01-18 22:35:02,627 - INFO - 📋 Метрики сохранены: artifacts/wfa/runs/20260118_shortlist/shortlist_20260118_corr0p7_z0p85_exit0p12_ssd25000/strategy_metrics.csv
2026-01-18 22:35:02,628 - INFO - 📈 Дневные P&L сохранены: artifacts/wfa/runs/20260118_shortlist/shortlist_20260118_corr0p7_z0p85_exit0p12_ssd25000/daily_pnl.csv (151 записей)
2026-01-18 22:35:02,682 - INFO - 💹 Кривая капитала сохранена: artifacts/wfa/runs/20260118_shortlist/shortlist_20260118_corr0p7_z0p85_exit0p12_ssd25000/equity_curve.csv (14401 точек)
2026-01-18 22:35:02,687 - INFO - 📋 Статистика сделок сохранена: artifacts/wfa/runs/20260118_shortlist/shortlist_20260118_corr0p7_z0p85_exit0p12_ssd25000/trade_statistics.csv (262 записей)
2026-01-18 22:35:02,687 - INFO - 🎉 Walk-Forward анализ полностью завершен!
2026-01-18 22:35:02,687 - INFO - 📊 Все отчеты и данные сохранены в: artifacts/wfa/runs/20260118_shortlist/shortlist_20260118_corr0p7_z0p85_exit0p12_ssd25000
2026-01-18 22:35:02,688 - INFO - 💼 Итоговый капитал: $10,681.93
2026-01-18 22:35:02,688 - INFO - ⏱️  Общее время выполнения: 9.6 секунд
2026-01-18 22:35:02,688 - INFO - ⇠ generating reports — done in 6.81s
2026-01-18 22:35:02,688 - coint2.core.memory_optimization - INFO - 🧹 Cleaning up global price data
2026-01-18 22:35:02,692 - coint2.core.memory_optimization - INFO - 📊 No global rolling stats to clean up
2026-01-18 22:35:02,692 - INFO - 🧹 Memory-mapped data cleaned up
2026-01-18 22:35:02,694 - INFO - ⇠ run_walk_forward_analysis — done in 1,370.80s
📊 Отчет сохранен: artifacts/wfa/runs/20260118_shortlist/shortlist_20260118_corr0p7_z0p85_exit0p12_ssd25000/CointegrationStrategy_performance_report.png
🎯 ============================================================
📊 ИТОГИ ТОРГОВОЙ СТРАТЕГИИ
🎯 ============================================================

💰 ФИНАНСОВЫЕ РЕЗУЛЬТАТЫ:
   • Общий P&L:                          682
   • Максимальная просадка:              -88
   • Средний дневной P&L:                  5

📈 МЕТРИКИ РИСКА:
   • Коэффициент Шарпа:               5.7302
   • Волатильность P&L:                15.36
   • Процент прибыльных дней:         61.59%

🔄 ТОРГОВАЯ АКТИВНОСТЬ:
   • Всего торговых дней:                151
   • Всего сделок:                     4,649
   • Торгуемых пар:                      258
   • Сделок на пару:                    17.7
   • Успешность сделок:               0.31%

💸 РАСХОДЫ И ЭКСТРЕМУМЫ:
   • Общие расходы:                      180
   • Максимальная прибыль:               112
   • Максимальный убыток:                -45
   • Лучшая пара (P&L):                   75
   • Худшая пара (P&L):                  -17

📊 ОЦЕНКА СТРАТЕГИИ:
   ✅ ОТЛИЧНАЯ стратегия! Высокий Шарп и положительный результат

🎯 ============================================================

Annualized Sharpe Ratio: 5.730174358589
[run_wfa_fullcpu] end: 2026-01-18T22:35:03Z
