[run_wfa_queue] 2026-01-23T14:06:54Z cmd: /opt/coint4/coint4/run_wfa_fullcpu.sh configs/budget_20260123_1000_capsweep_oos20240101_20240630_top50_maxnot40_lowrisk_maxpairsgrid/stress_relaxed8_nokpss_20260123_oos20240101_20240630_top50_z1p00_exit0p06_hold180_cd180_ms0p2_cap1000_maxnot40_risk0p015_minnot30_maxpairs30.yaml artifacts/wfa/runs/20260123_budget1000_oos20240101_20240630_top50_maxnot40_lowrisk_maxpairsgrid/stress_relaxed8_nokpss_20260123_oos20240101_20240630_top50_z1p00_exit0p06_hold180_cd180_ms0p2_cap1000_maxnot40_risk0p015_minnot30_maxpairs30
[run_wfa_fullcpu] start: 2026-01-23T14:06:54Z
[run_wfa_fullcpu] os.cpu_count: 8
[run_wfa_fullcpu] worker_pid=3985
2026-01-23 14:06:58,007 - coint2.core.memory_optimization - INFO - ✅ BLAS threading limits set to 1 via threadpoolctl
2026-01-23 14:06:58,008 - coint2.core.memory_optimization - INFO - 🔧 Controlled libraries: openblas, openmp
2026-01-23 14:06:58,008 - coint2.core.memory_optimization - INFO - 🧵 Process threads: 2 → 2
2026-01-23 14:06:58,008 - coint2.core.memory_optimization - INFO - 📝 Set 11 environment variables
2026-01-23 14:06:58,393 - INFO - ✅ Параметры конфигурации валидны
2026-01-23 14:06:58,393 - INFO - 📝 Некоторые параметры были скорректированы:
2026-01-23 14:06:58,559 - INFO - 🔒 WFA: фиксированный universe из artifacts/universe/20260119_relaxed8_strict_preholdout_v2/pairs_universe.yaml (250 пар)
2026-01-23 14:06:58,560 - INFO -   Шаг 1: тренировка 2023-10-03-2023-12-31, тест 2024-01-01-2024-01-31
2026-01-23 14:06:58,560 - INFO -   Шаг 2: тренировка 2023-11-02-2024-01-30, тест 2024-01-31-2024-03-01
2026-01-23 14:06:58,560 - INFO -   Шаг 3: тренировка 2023-12-02-2024-02-29, тест 2024-03-01-2024-03-31
2026-01-23 14:06:58,560 - INFO -   Шаг 4: тренировка 2024-01-01-2024-03-30, тест 2024-03-31-2024-04-30
2026-01-23 14:06:58,560 - INFO -   Шаг 5: тренировка 2024-01-31-2024-04-29, тест 2024-04-30-2024-05-30
2026-01-23 14:06:58,560 - INFO -   Шаг 6: тренировка 2024-03-01-2024-05-29, тест 2024-05-30-2024-06-29
2026-01-23 14:06:58,560 - INFO -   Шаг 7: тренировка 2024-03-31-2024-06-28, тест 2024-06-29-2024-07-29
2026-01-23 14:06:58,560 - INFO - 📈 Запланировано 7 walk-forward шагов
2026-01-23 14:06:58,560 - INFO - ⛔ Ограничение WFA шагов: 7 → 3
2026-01-23 14:06:58,560 - WARNING - ⚠️ Маленький буфер между training и testing в шаге 1: 0 дней. Рекомендуется минимум 1 день.
2026-01-23 14:06:58,560 - WARNING - ⚠️ Маленький буфер между training и testing в шаге 2: 0 дней. Рекомендуется минимум 1 день.
2026-01-23 14:06:58,560 - WARNING - ⚠️ Маленький буфер между training и testing в шаге 3: 0 дней. Рекомендуется минимум 1 день.
2026-01-23 14:06:58,560 - INFO - ✅ Шаги успешно запланированы:
2026-01-23 14:06:58,560 - INFO -    Шаг 1: тренировка 2023-10-03-2023-12-31, тест 2024-01-01-2024-01-31
2026-01-23 14:06:58,560 - INFO -    Шаг 2: тренировка 2023-11-02-2024-01-30, тест 2024-01-31-2024-03-01
2026-01-23 14:06:58,560 - INFO -    Шаг 3: тренировка 2023-12-02-2024-02-29, тест 2024-03-01-2024-03-31
2026-01-23 14:06:58,560 - INFO - 🗂️ Consolidating price data for memory-mapped access...
2026-01-23 14:06:58,560 - INFO - 📊 Consolidating data range: 2023-09-28 → 2024-04-05
2026-01-23 14:06:58,560 - coint2.core.memory_optimization - INFO - 🔄 Consolidating price data from data_downloaded to .cache/consolidated_prices.parquet
2026-01-23 14:06:58,561 - INFO - ⇢ loading raw data for consolidation — start
2026-01-23 14:06:59,299 - INFO - ⇠ loading raw data for consolidation — done in 0.74s
2026-01-23 14:06:59,299 - INFO - ⇢ pivoting data to wide format — start
2026-01-23 14:07:03,518 - INFO - ⇠ pivoting data to wide format — done in 4.22s
2026-01-23 14:07:03,584 - coint2.core.memory_optimization - INFO - 📊 Consolidated data: 18241 rows × 366 symbols
2026-01-23 14:07:03,584 - coint2.core.memory_optimization - INFO - 💾 Memory usage: 26.9 MB
2026-01-23 14:07:03,585 - INFO - ⇢ writing consolidated Parquet file — start
2026-01-23 14:07:03,795 - INFO - ⇠ writing consolidated Parquet file — done in 0.21s
2026-01-23 14:07:03,796 - coint2.core.memory_optimization - INFO - ✅ Successfully consolidated data to .cache/consolidated_prices.parquet
2026-01-23 14:07:03,817 - coint2.core.memory_optimization - INFO - 🔄 Initializing memory-mapped price data from .cache/consolidated_prices.parquet
2026-01-23 14:07:03,818 - INFO - ⇢ loading memory-mapped data — start
2026-01-23 14:07:03,818 - coint2.core.memory_optimization - WARNING - ⚠️ memory_map не поддерживается в текущей версии pyarrow, fallback без mmap
2026-01-23 14:07:03,961 - INFO - ⇠ loading memory-mapped data — done in 0.14s
2026-01-23 14:07:03,970 - coint2.core.memory_optimization - INFO - 📊 Loaded 18241 rows × 366 symbols
2026-01-23 14:07:03,971 - coint2.core.memory_optimization - INFO - 💾 Memory usage: 26.9 MB (memory-mapped)
2026-01-23 14:07:03,972 - INFO - ✅ Memory-mapped data initialized successfully
2026-01-23 14:07:03,973 - INFO - ⇢ Walk-forward steps — starting 3 items
2026-01-23 14:07:03,974 - INFO - 📈 Инициализация equity кривой с первой тестовой даты: 2024-01-01 00:00:00
2026-01-23 14:07:03,974 - INFO - 🔍 WF-шаг 1/3: Валидация временных окон...
2026-01-23 14:07:03,975 - INFO - ⇢ WF-шаг 1/3: training 2023-10-03-2023-12-31, testing 2024-01-01-2024-01-31 — start
2026-01-23 14:07:03,975 - INFO - ⇢ loading step data — start
2026-01-23 14:07:04,264 - INFO - ⇠ loading step data — done in 0.29s
2026-01-23 14:07:06,482 - INFO - 📊 WF-шаг 1/3: Границы данных:
2026-01-23 14:07:06,482 - INFO -    Training: 2023-10-03 00:00:00 → 2023-12-31 23:45:00 (8,640 строк × 329 символов)
2026-01-23 14:07:06,482 - INFO -    Testing:  2024-01-01 00:00:00 → 2024-01-31 00:00:00 (2,881 строк × 329 символов)
2026-01-23 14:07:06,482 - INFO -    Временной разрыв: 0 days 00:15:00
2026-01-23 14:07:06,524 - INFO - ⇢ normalizing training data — start
2026-01-23 14:07:06,578 - INFO -   Символы с NaN значениями: 53
2026-01-23 14:07:06,578 - INFO -   Применяем метод нормализации: rolling_zscore
2026-01-23 14:07:06,603 - INFO - Символы с недостаточной историей: 50 из 329
2026-01-23 14:07:07,311 - INFO - Символы с NaN после нормализации: 279
2026-01-23 14:07:07,326 - INFO - Удалено 1577 начальных строк с NaN от rolling расчетов
2026-01-23 14:07:07,330 - INFO - Итоговое количество символов после нормализации: 279 из 329
2026-01-23 14:07:07,330 - INFO -   Статистика нормализации:
2026-01-23 14:07:07,330 - INFO -     Исходные символы: 329
2026-01-23 14:07:07,330 - INFO -     Недостаточная история: 50
2026-01-23 14:07:07,330 - INFO -     Постоянная цена: 0
2026-01-23 14:07:07,330 - INFO -     NaN после нормализации: 279
2026-01-23 14:07:07,330 - INFO -     Итоговые символы: 279 (84.8%)
2026-01-23 14:07:07,330 - INFO -   После нормализации: 279 символов (потеряно 50)
2026-01-23 14:07:07,330 - INFO -   Отброшено много символов: 50 из 329
2026-01-23 14:07:07,330 - INFO - ⇠ normalizing training data — done in 0.81s
2026-01-23 14:07:07,331 - INFO -   Фиксированный universe: 234 пар (отфильтровано 16 недоступных)
2026-01-23 14:07:07,331 - INFO - ⇢ filtering pairs by cointegration and half-life — start
2026-01-23 14:07:07,331 - INFO - [ФИЛЬТР] Параллельная фильтрация: threads (8 workers)
2026-01-23 14:07:15,461 - INFO - [ФИЛЬТР] После проверки данных: 212 пар
2026-01-23 14:07:15,462 - INFO - [ФИЛЬТР] После фильтра корреляции (>0.4): 163 пар
2026-01-23 14:07:15,462 - INFO - [ФИЛЬТР] После фильтра beta: 141 пар
2026-01-23 14:07:15,462 - INFO - [ФИЛЬТР] После фильтра mean crossings: 141 пар
2026-01-23 14:07:15,462 - INFO - [ФИЛЬТР] После фильтра half-life: 141 пар
2026-01-23 14:07:15,462 - INFO - [ФИЛЬТР] После фильтра коинтеграции: 63 пар
2026-01-23 14:07:15,462 - INFO - [ФИЛЬТР] После фильтра Hurst: 48 пар
2026-01-23 14:07:15,462 - INFO - [ФИЛЬТР] После фильтра KPSS: 48 пар
2026-01-23 14:07:15,462 - INFO - [ФИЛЬТР] После фильтра market microstructure: 44 пар
2026-01-23 14:07:15,462 - INFO - [ФИЛЬТР] Статистика фильтрации (оптимизированный порядок):
2026-01-23 14:07:15,462 - INFO -   1. SSD → Коинтеграция: 234 → 63 пар
2026-01-23 14:07:15,462 - INFO -   2. Коинтеграция → Beta: 63 → 141 пар
2026-01-23 14:07:15,462 - INFO -   3. Beta → Half-life: 141 → 141 пар
2026-01-23 14:07:15,462 - INFO -   4. Half-life → Mean crossings: 141 → 141 пар
2026-01-23 14:07:15,462 - INFO -   5. Mean crossings → Hurst: 141 → 48 пар
2026-01-23 14:07:15,462 - INFO -   6. Hurst → KPSS: 48 → 48 пар
2026-01-23 14:07:15,462 - INFO -   7. KPSS → Market microstructure: 48 → 44 пар
2026-01-23 14:07:15,462 - INFO - [ФИЛЬТР] Причины отсева:
2026-01-23 14:07:15,462 - INFO -   • pvalue: 78 пар (33.3%)
2026-01-23 14:07:15,462 - INFO -   • low_correlation: 49 пар (20.9%)
2026-01-23 14:07:15,462 - INFO -   • insufficient_data: 22 пар (9.4%)
2026-01-23 14:07:15,462 - INFO -   • beta: 22 пар (9.4%)
2026-01-23 14:07:15,462 - INFO -   • hurst: 15 пар (6.4%)
2026-01-23 14:07:15,462 - INFO -   • history: 4 пар (1.7%)
2026-01-23 14:07:15,462 - INFO - [ФИЛЬТР] Итого: 234 → 44 пар (18.8% прошли все фильтры)
2026-01-23 14:07:15,474 - INFO - Причины отсева сохранены в results/filter_reasons_20260123_140715.csv
2026-01-23 14:07:15,474 - INFO -   Pair stability filter: insufficient history (0 < 1), skip
2026-01-23 14:07:15,474 - INFO -   Фильтрация: 234 → 44 пар
2026-01-23 14:07:15,474 - INFO - ⇠ filtering pairs by cointegration and half-life — done in 8.14s
2026-01-23 14:07:15,474 - INFO - ⇠ WF-шаг 1/3: training 2023-10-03-2023-12-31, testing 2024-01-01-2024-01-31 — done in 11.50s
2026-01-23 14:07:15,474 - INFO -   Ограничение max_pairs=30: 44 → 30
2026-01-23 14:07:15,474 - INFO -   Топ-3 пары по волатильности спреда:
2026-01-23 14:07:15,474 - INFO -     1. BTCDAI-BTCEUR: beta=1.1665, std=409.8237
2026-01-23 14:07:15,474 - INFO -     2. ETHDAI-ETHEUR: beta=1.1882, std=22.0629
2026-01-23 14:07:15,474 - INFO -     3. BTCUSDC-BTCUSDT: beta=0.9998, std=13.3093
2026-01-23 14:07:15,474 - INFO -   Всего пар для торговли: 30 (ограничение 15 применяется к одновременно открытым позициям)
2026-01-23 14:07:15,475 - INFO -   💰 Проверка расчета капитала: equity=$1,000.00, кандидатных_пар=30, max_позиций=15
2026-01-23 14:07:15,475 - INFO -   🎯 Target concurrency: 15 (ожидаемое одновременное число позиций)
2026-01-23 14:07:15,475 - INFO -   📊 Детали расчета капитала:
2026-01-23 14:07:15,475 - INFO -      • Базовый капитал на пару: $66.67 (equity / target_concurrency)
2026-01-23 14:07:15,475 - INFO -      • Риск-капитал: $15.00 (1.5% от equity)
2026-01-23 14:07:15,475 - INFO -      • Макс. размер позиции: $50.00 (5.0% от equity)
2026-01-23 14:07:15,475 - INFO -      • Итоговый капитал на пару: $15.00
2026-01-23 14:07:15,475 - INFO - ⇢ WF-шаг 1/3 backtests — starting 30 items
2026-01-23 14:07:15,475 - INFO - 🚀 WF-шаг 1/3: Начинаем бэктесты для 30 пар...
2026-01-23 14:07:15,475 - INFO - 🚀 WF-шаг 1/3: Запускаем параллельную обработку 30 пар на 8 ядрах...
2026-01-23 14:07:15,475 - INFO - 🚀 WF-шаг 1/3: Режим параллельности: процессы
⚙️  Загрузка данных за период: 2023-09-28 -> 2024-04-05
📂 Найдено 43 parquet файлов для обработки.
📊 Схема данных: Schema({'timestamp': Int64, 'open': Float64, 'high': Float64, 'low': Float64, 'close': Float64, 'volume': Float64, 'turnover': String, 'ts_ms': Int64, 'symbol': String})
✅ Загружено 5719620 записей с помощью Polars.
📊 Типы данных в pandas: timestamp       datetime64[us]
symbol                  object
close                  float64
timestamp_ms             int64
dtype: object
⚙️  Загрузка данных за период: 2023-10-03 -> 2024-01-31
📂 Найдено 43 parquet файлов для обработки.
📊 Схема данных: Schema({'timestamp': Int64, 'open': Float64, 'high': Float64, 'low': Float64, 'close': Float64, 'volume': Float64, 'turnover': String, 'ts_ms': Int64, 'symbol': String})
✅ Загружено 3426589 записей с помощью Polars.
📊 Типы данных в pandas: timestamp       datetime64[us]
symbol                  object
close                  float64
timestamp_ms             int64
dtype: object
2026-01-23 14:07:15,613 - coint2.engine.numba_engine - INFO - Запуск Numba-оптимизированного бэктеста для BTCDAI-BTCEUR
2026-01-23 14:07:15,690 - coint2.engine.numba_engine - INFO - Запуск Numba-оптимизированного бэктеста для ETHDAI-ETHEUR
2026-01-23 14:07:15,756 - coint2.engine.numba_engine - INFO - Запуск Numba-оптимизированного бэктеста для BTCUSDC-BTCUSDT
2026-01-23 14:07:15,845 - coint2.engine.numba_engine - INFO - Запуск Numba-оптимизированного бэктеста для ETCUSDT-JUVUSDT
2026-01-23 14:07:15,888 - coint2.engine.numba_engine - INFO - Запуск Numba-оптимизированного бэктеста для ATOMUSDT-GODSUSDT
2026-01-23 14:07:15,934 - coint2.engine.numba_engine - INFO - Запуск Numba-оптимизированного бэктеста для APEUSDC-HFTUSDC
2026-01-23 14:07:16,007 - coint2.engine.numba_engine - INFO - Запуск Numba-оптимизированного бэктеста для ETHUSDC-ETHUSDT
2026-01-23 14:07:16,055 - coint2.engine.numba_engine - INFO - Запуск Numba-оптимизированного бэктеста для CITYUSDT-IZIUSDT
2026-01-23 14:07:16,071 - coint2.engine.numba_engine - INFO - Запуск Numba-оптимизированного бэктеста для APEUSDT-HFTUSDC
2026-01-23 14:07:16,145 - coint2.engine.numba_engine - INFO - Запуск Numba-оптимизированного бэктеста для AXSUSDT-DOTUSDT
2026-01-23 14:07:16,165 - coint2.engine.numba_engine - INFO - Запуск Numba-оптимизированного бэктеста для APEUSDC-HFTUSDT
2026-01-23 14:07:16,169 - coint2.engine.numba_engine - INFO - Запуск Numba-оптимизированного бэктеста для CELOUSDT-FLOWUSDT
2026-01-23 14:07:16,170 - coint2.engine.numba_engine - INFO - Запуск Numba-оптимизированного бэктеста для AGLDUSDT-HFTUSDC
2026-01-23 14:07:16,185 - coint2.engine.numba_engine - INFO - Запуск Numba-оптимизированного бэктеста для APEUSDC-GODSUSDT
2026-01-23 14:07:16,222 - coint2.engine.numba_engine - INFO - Запуск Numba-оптимизированного бэктеста для APEUSDT-HFTUSDT
2026-01-23 14:07:16,264 - coint2.engine.numba_engine - INFO - Запуск Numba-оптимизированного бэктеста для AXSUSDT-DOTUSDC
2026-01-23 14:07:16,294 - coint2.engine.numba_engine - INFO - Запуск Numba-оптимизированного бэктеста для APEUSDT-GODSUSDT
2026-01-23 14:07:16,331 - coint2.engine.numba_engine - INFO - Запуск Numba-оптимизированного бэктеста для HOOKUSDT-KAVAUSDT
2026-01-23 14:07:16,341 - coint2.engine.numba_engine - INFO - Запуск Numba-оптимизированного бэктеста для AVAUSDT-IZIUSDT
2026-01-23 14:07:16,349 - coint2.engine.numba_engine - INFO - Запуск Numba-оптимизированного бэктеста для AFCUSDT-ANKRUSDT
2026-01-23 14:07:16,409 - coint2.engine.numba_engine - INFO - Запуск Numba-оптимизированного бэктеста для AVAUSDT-FITFIUSDT
2026-01-23 14:07:16,478 - coint2.engine.numba_engine - INFO - Запуск Numba-оптимизированного бэктеста для 1INCHUSDT-ACSUSDT
2026-01-23 14:07:16,479 - coint2.engine.numba_engine - INFO - Запуск Numba-оптимизированного бэктеста для GMTUSDC-HOOKUSDT
2026-01-23 14:07:16,513 - coint2.engine.numba_engine - INFO - Запуск Numba-оптимизированного бэктеста для AGLDUSDT-HFTUSDT
2026-01-23 14:07:16,643 - coint2.engine.numba_engine - INFO - Запуск Numba-оптимизированного бэктеста для APEUSDC-ATOMUSDT
2026-01-23 14:07:16,648 - coint2.engine.numba_engine - INFO - Запуск Numba-оптимизированного бэктеста для CRVUSDT-HFTUSDT
2026-01-23 14:07:16,738 - coint2.engine.numba_engine - INFO - Запуск Numba-оптимизированного бэктеста для APEUSDT-ATOMUSDT
2026-01-23 14:07:16,763 - coint2.engine.numba_engine - INFO - Запуск Numba-оптимизированного бэктеста для GMTUSDT-HOOKUSDT
2026-01-23 14:07:16,772 - coint2.engine.numba_engine - INFO - Запуск Numba-оптимизированного бэктеста для CRVUSDT-HFTUSDC
2026-01-23 14:07:16,872 - coint2.engine.numba_engine - INFO - Запуск Numba-оптимизированного бэктеста для CELOUSDT-ENJUSDT
2026-01-23 14:07:17,018 - INFO -   ⏱️ Параллельная обработка завершена за 1.5с (19.4 пар/с)
2026-01-23 14:07:17,060 - coint2.pipeline.walk_forward_orchestrator - INFO - 🎯 СИМУЛЯЦИЯ ПОРТФЕЛЯ: 30 пар, лимит 15 позиций
2026-01-23 14:07:18,635 - coint2.pipeline.walk_forward_orchestrator - INFO -    📈 Макс. одновременных сигналов: 0
2026-01-23 14:07:18,635 - coint2.pipeline.walk_forward_orchestrator - INFO -    📊 Средн. сигналов за период: 0.0
2026-01-23 14:07:18,635 - coint2.pipeline.walk_forward_orchestrator - INFO -    🎯 Финальных активных позиций: 0
2026-01-23 14:07:18,636 - coint2.pipeline.walk_forward_orchestrator - INFO -    ⚡ Утилизация лимита позиций: 0.0%
2026-01-23 14:07:18,637 - INFO - ⇠ WF-шаг 1/3 backtests — completed 30 items in 3.16s (9.5 items/s)
2026-01-23 14:07:18,637 - INFO -   ✅ Обработка завершена: 30 успешно, 0 с ошибками
2026-01-23 14:07:18,637 - INFO -   📊 Успешность: 100.0%, прибыльность: 0.0%, сделок/пара: 0.0
2026-01-23 14:07:18,637 - INFO -   ✅ Завершены бэктесты для 30 пар
2026-01-23 14:07:18,637 - INFO -   📊 Всего обработано пар в этом шаге: 30
2026-01-23 14:07:18,637 - INFO -   📈 Результаты шага: 0/30 прибыльных пар, 0 сделок
2026-01-23 14:07:18,637 - INFO -   💰 P&L шага: $+0.00
2026-01-23 14:07:18,637 - INFO -   ⇢ Обновление капитала и дневного P&L...
2026-01-23 14:07:19,910 - INFO -   💼 Шаг P&L: $+0.00, Накопленный капитал: $1,000.00
2026-01-23 14:07:19,910 - INFO - ------------------------------------------------------------
2026-01-23 14:07:19,910 - INFO -   Walk-forward steps: 1 / 3 (33.3%) | 0.1 items/s | ETA: 31.9s
2026-01-23 14:07:19,910 - INFO - 🔍 WF-шаг 2/3: Валидация временных окон...
2026-01-23 14:07:19,910 - INFO - ⇢ WF-шаг 2/3: training 2023-11-02-2024-01-30, testing 2024-01-31-2024-03-01 — start
2026-01-23 14:07:19,911 - INFO - ⇢ loading step data — start
2026-01-23 14:07:20,228 - INFO - ⇠ loading step data — done in 0.32s
2026-01-23 14:07:22,394 - INFO - 📊 WF-шаг 2/3: Границы данных:
2026-01-23 14:07:22,395 - INFO -    Training: 2023-11-02 00:00:00 → 2024-01-30 23:45:00 (8,640 строк × 346 символов)
2026-01-23 14:07:22,395 - INFO -    Testing:  2024-01-31 00:00:00 → 2024-03-01 00:00:00 (2,881 строк × 346 символов)
2026-01-23 14:07:22,395 - INFO -    Временной разрыв: 0 days 00:15:00
2026-01-23 14:07:22,455 - INFO - ⇢ normalizing training data — start
2026-01-23 14:07:22,513 - INFO -   Символы с NaN значениями: 63
2026-01-23 14:07:22,513 - INFO -   Применяем метод нормализации: rolling_zscore
2026-01-23 14:07:22,544 - INFO - Символы с недостаточной историей: 58 из 346
2026-01-23 14:07:23,242 - INFO - Символы с NaN после нормализации: 288
2026-01-23 14:07:23,262 - INFO - Удалено 1193 начальных строк с NaN от rolling расчетов
2026-01-23 14:07:23,265 - INFO - Итоговое количество символов после нормализации: 288 из 346
2026-01-23 14:07:23,266 - INFO -   Статистика нормализации:
2026-01-23 14:07:23,266 - INFO -     Исходные символы: 346
2026-01-23 14:07:23,266 - INFO -     Недостаточная история: 58
2026-01-23 14:07:23,266 - INFO -     Постоянная цена: 0
2026-01-23 14:07:23,266 - INFO -     NaN после нормализации: 288
2026-01-23 14:07:23,266 - INFO -     Итоговые символы: 288 (83.2%)
2026-01-23 14:07:23,266 - INFO -   После нормализации: 288 символов (потеряно 58)
2026-01-23 14:07:23,266 - INFO -   Отброшено много символов: 58 из 346
2026-01-23 14:07:23,266 - INFO - ⇠ normalizing training data — done in 0.81s
2026-01-23 14:07:23,266 - INFO -   Фиксированный universe: 246 пар (отфильтровано 4 недоступных)
2026-01-23 14:07:23,266 - INFO - ⇢ filtering pairs by cointegration and half-life — start
2026-01-23 14:07:23,267 - INFO - [ФИЛЬТР] Параллельная фильтрация: threads (8 workers)
2026-01-23 14:07:31,225 - INFO - [ФИЛЬТР] После проверки данных: 218 пар
2026-01-23 14:07:31,225 - INFO - [ФИЛЬТР] После фильтра корреляции (>0.4): 122 пар
2026-01-23 14:07:31,225 - INFO - [ФИЛЬТР] После фильтра beta: 108 пар
2026-01-23 14:07:31,225 - INFO - [ФИЛЬТР] После фильтра mean crossings: 108 пар
2026-01-23 14:07:31,225 - INFO - [ФИЛЬТР] После фильтра half-life: 108 пар
2026-01-23 14:07:31,225 - INFO - [ФИЛЬТР] После фильтра коинтеграции: 72 пар
2026-01-23 14:07:31,225 - INFO - [ФИЛЬТР] После фильтра Hurst: 55 пар
2026-01-23 14:07:31,225 - INFO - [ФИЛЬТР] После фильтра KPSS: 55 пар
2026-01-23 14:07:31,225 - INFO - [ФИЛЬТР] После фильтра market microstructure: 49 пар
2026-01-23 14:07:31,225 - INFO - [ФИЛЬТР] Статистика фильтрации (оптимизированный порядок):
2026-01-23 14:07:31,225 - INFO -   1. SSD → Коинтеграция: 246 → 72 пар
2026-01-23 14:07:31,225 - INFO -   2. Коинтеграция → Beta: 72 → 108 пар
2026-01-23 14:07:31,225 - INFO -   3. Beta → Half-life: 108 → 108 пар
2026-01-23 14:07:31,225 - INFO -   4. Half-life → Mean crossings: 108 → 108 пар
2026-01-23 14:07:31,225 - INFO -   5. Mean crossings → Hurst: 108 → 55 пар
2026-01-23 14:07:31,225 - INFO -   6. Hurst → KPSS: 55 → 55 пар
2026-01-23 14:07:31,225 - INFO -   7. KPSS → Market microstructure: 55 → 49 пар
2026-01-23 14:07:31,225 - INFO - [ФИЛЬТР] Причины отсева:
2026-01-23 14:07:31,225 - INFO -   • low_correlation: 96 пар (39.0%)
2026-01-23 14:07:31,225 - INFO -   • pvalue: 36 пар (14.6%)
2026-01-23 14:07:31,225 - INFO -   • insufficient_data: 28 пар (11.4%)
2026-01-23 14:07:31,225 - INFO -   • hurst: 17 пар (6.9%)
2026-01-23 14:07:31,225 - INFO -   • beta: 14 пар (5.7%)
2026-01-23 14:07:31,225 - INFO -   • history: 6 пар (2.4%)
2026-01-23 14:07:31,225 - INFO - [ФИЛЬТР] Итого: 246 → 49 пар (19.9% прошли все фильтры)
2026-01-23 14:07:31,227 - INFO - Причины отсева сохранены в results/filter_reasons_20260123_140731.csv
2026-01-23 14:07:31,232 - INFO -   Pair stability filter: 49 → 31 (window=2, min_steps=1, history=1)
2026-01-23 14:07:31,232 - INFO -   Фильтрация: 246 → 31 пар
2026-01-23 14:07:31,232 - INFO - ⇠ filtering pairs by cointegration and half-life — done in 7.97s
2026-01-23 14:07:31,232 - INFO - ⇠ WF-шаг 2/3: training 2023-11-02-2024-01-30, testing 2024-01-31-2024-03-01 — done in 11.32s
2026-01-23 14:07:31,232 - INFO -   Ограничение max_pairs=30: 31 → 30
2026-01-23 14:07:31,232 - INFO -   Топ-3 пары по волатильности спреда:
2026-01-23 14:07:31,232 - INFO -     1. BTCDAI-BTCEUR: beta=1.1459, std=574.8675
2026-01-23 14:07:31,233 - INFO -     2. ETHDAI-ETHEUR: beta=1.1311, std=22.8903
2026-01-23 14:07:31,233 - INFO -     3. BTCUSDC-BTCUSDT: beta=0.9990, std=20.6114
2026-01-23 14:07:31,233 - INFO -   Всего пар для торговли: 30 (ограничение 15 применяется к одновременно открытым позициям)
2026-01-23 14:07:31,233 - INFO -   💰 Проверка расчета капитала: equity=$1,000.00, кандидатных_пар=30, max_позиций=15
2026-01-23 14:07:31,233 - INFO -   🎯 Target concurrency: 15 (ожидаемое одновременное число позиций)
2026-01-23 14:07:31,233 - INFO -   📊 Детали расчета капитала:
2026-01-23 14:07:31,233 - INFO -      • Базовый капитал на пару: $66.67 (equity / target_concurrency)
2026-01-23 14:07:31,233 - INFO -      • Риск-капитал: $15.00 (1.5% от equity)
2026-01-23 14:07:31,233 - INFO -      • Макс. размер позиции: $50.00 (5.0% от equity)
2026-01-23 14:07:31,233 - INFO -      • Итоговый капитал на пару: $15.00
2026-01-23 14:07:31,234 - INFO - ⇢ WF-шаг 2/3 backtests — starting 30 items
2026-01-23 14:07:31,234 - INFO - 🚀 WF-шаг 2/3: Начинаем бэктесты для 30 пар...
2026-01-23 14:07:31,234 - INFO - 🚀 WF-шаг 2/3: Запускаем параллельную обработку 30 пар на 8 ядрах...
2026-01-23 14:07:31,234 - INFO - 🚀 WF-шаг 2/3: Режим параллельности: процессы
⚙️  Загрузка данных за период: 2023-11-02 -> 2024-03-01
📂 Найдено 43 parquet файлов для обработки.
📊 Схема данных: Schema({'timestamp': Int64, 'open': Float64, 'high': Float64, 'low': Float64, 'close': Float64, 'volume': Float64, 'turnover': String, 'ts_ms': Int64, 'symbol': String})
✅ Загружено 3596229 записей с помощью Polars.
📊 Типы данных в pandas: timestamp       datetime64[us]
symbol                  object
close                  float64
timestamp_ms             int64
dtype: object
2026-01-23 14:07:31,438 - coint2.engine.numba_engine - INFO - Запуск Numba-оптимизированного бэктеста для BTCDAI-BTCEUR
2026-01-23 14:07:31,569 - coint2.engine.numba_engine - INFO - Запуск Numba-оптимизированного бэктеста для ETHDAI-ETHEUR
2026-01-23 14:07:31,690 - coint2.engine.numba_engine - INFO - Запуск Numba-оптимизированного бэктеста для BTCUSDC-BTCUSDT
2026-01-23 14:07:31,764 - coint2.engine.numba_engine - INFO - Запуск Numba-оптимизированного бэктеста для ETHUSDC-ETHUSDT
2026-01-23 14:07:31,861 - coint2.engine.numba_engine - INFO - Запуск Numba-оптимизированного бэктеста для AGLDUSDT-HFTUSDT
2026-01-23 14:07:31,935 - coint2.engine.numba_engine - INFO - Запуск Numba-оптимизированного бэктеста для ATOMUSDT-GODSUSDT
2026-01-23 14:07:31,988 - coint2.engine.numba_engine - INFO - Запуск Numba-оптимизированного бэктеста для APEUSDC-HFTUSDT
2026-01-23 14:07:31,997 - coint2.engine.numba_engine - INFO - Запуск Numba-оптимизированного бэктеста для APEUSDC-GODSUSDT
2026-01-23 14:07:32,095 - coint2.engine.numba_engine - INFO - Запуск Numba-оптимизированного бэктеста для AXSUSDT-DOTUSDT
2026-01-23 14:07:32,118 - coint2.engine.numba_engine - INFO - Запуск Numba-оптимизированного бэктеста для APEUSDT-GODSUSDT
2026-01-23 14:07:32,133 - coint2.engine.numba_engine - INFO - Запуск Numba-оптимизированного бэктеста для 1INCHUSDT-AXSUSDT
2026-01-23 14:07:32,167 - coint2.engine.numba_engine - INFO - Запуск Numba-оптимизированного бэктеста для APEUSDC-HFTUSDC
2026-01-23 14:07:32,182 - coint2.engine.numba_engine - INFO - Запуск Numba-оптимизированного бэктеста для APEUSDT-HFTUSDT
2026-01-23 14:07:32,193 - coint2.engine.numba_engine - INFO - Запуск Numba-оптимизированного бэктеста для AXSUSDT-DOTUSDC
2026-01-23 14:07:32,232 - coint2.engine.numba_engine - INFO - Запуск Numba-оптимизированного бэктеста для DOGEUSDC-JUVUSDT
2026-01-23 14:07:32,284 - coint2.engine.numba_engine - INFO - Запуск Numba-оптимизированного бэктеста для CELOUSDT-ENJUSDT
2026-01-23 14:07:32,283 - coint2.engine.numba_engine - INFO - Запуск Numba-оптимизированного бэктеста для HOOKUSDT-KAVAUSDT
2026-01-23 14:07:32,332 - coint2.engine.numba_engine - INFO - Запуск Numba-оптимизированного бэктеста для APEUSDT-HFTUSDC
2026-01-23 14:07:32,370 - coint2.engine.numba_engine - INFO - Запуск Numba-оптимизированного бэктеста для AGLDUSDT-HFTUSDC
2026-01-23 14:07:32,396 - coint2.engine.numba_engine - INFO - Запуск Numba-оптимизированного бэктеста для FITFIUSDT-IZIUSDT
2026-01-23 14:07:32,401 - coint2.engine.numba_engine - INFO - Запуск Numba-оптимизированного бэктеста для IZIUSDT-KAVAUSDT
2026-01-23 14:07:32,439 - coint2.engine.numba_engine - INFO - Запуск Numba-оптимизированного бэктеста для CELOUSDT-FLOWUSDT
2026-01-23 14:07:32,527 - coint2.engine.numba_engine - INFO - Запуск Numba-оптимизированного бэктеста для ERTHAUSDT-IZIUSDT
2026-01-23 14:07:32,532 - coint2.engine.numba_engine - INFO - Запуск Numba-оптимизированного бэктеста для APEUSDC-ATOMUSDT
2026-01-23 14:07:32,592 - coint2.engine.numba_engine - INFO - Запуск Numba-оптимизированного бэктеста для APEUSDT-ATOMUSDT
2026-01-23 14:07:32,661 - coint2.engine.numba_engine - INFO - Запуск Numba-оптимизированного бэктеста для AVAUSDT-FITFIUSDT
2026-01-23 14:07:32,710 - coint2.engine.numba_engine - INFO - Запуск Numba-оптимизированного бэктеста для 1INCHUSDT-ACSUSDT
2026-01-23 14:07:32,718 - coint2.engine.numba_engine - INFO - Запуск Numba-оптимизированного бэктеста для AFCUSDT-ANKRUSDT
2026-01-23 14:07:32,778 - coint2.engine.numba_engine - INFO - Запуск Numba-оптимизированного бэктеста для ENJUSDT-FILUSDC
2026-01-23 14:07:32,783 - coint2.engine.numba_engine - INFO - Запуск Numba-оптимизированного бэктеста для ACSUSDT-AGLDUSDT
2026-01-23 14:07:33,046 - INFO -   ⏱️ Параллельная обработка завершена за 1.8с (16.6 пар/с)
2026-01-23 14:07:33,122 - coint2.pipeline.walk_forward_orchestrator - INFO - 🎯 СИМУЛЯЦИЯ ПОРТФЕЛЯ: 30 пар, лимит 15 позиций
2026-01-23 14:07:34,092 - coint2.pipeline.walk_forward_orchestrator - INFO -    📈 Макс. одновременных сигналов: 0
2026-01-23 14:07:34,092 - coint2.pipeline.walk_forward_orchestrator - INFO -    📊 Средн. сигналов за период: 0.0
2026-01-23 14:07:34,093 - coint2.pipeline.walk_forward_orchestrator - INFO -    🎯 Финальных активных позиций: 0
2026-01-23 14:07:34,094 - coint2.pipeline.walk_forward_orchestrator - INFO -    ⚡ Утилизация лимита позиций: 0.0%
2026-01-23 14:07:34,094 - INFO - ⇠ WF-шаг 2/3 backtests — completed 30 items in 2.86s (10.5 items/s)
2026-01-23 14:07:34,094 - INFO -   ✅ Обработка завершена: 30 успешно, 0 с ошибками
2026-01-23 14:07:34,094 - INFO -   📊 Успешность: 100.0%, прибыльность: 0.0%, сделок/пара: 0.0
2026-01-23 14:07:34,094 - INFO -   ✅ Завершены бэктесты для 30 пар
2026-01-23 14:07:34,094 - INFO -   📊 Всего обработано пар в этом шаге: 30
2026-01-23 14:07:34,094 - INFO -   📈 Результаты шага: 0/30 прибыльных пар, 0 сделок
2026-01-23 14:07:34,095 - INFO -   💰 P&L шага: $+0.00
2026-01-23 14:07:34,095 - INFO -   ⇢ Обновление капитала и дневного P&L...
2026-01-23 14:07:35,433 - INFO -   💼 Шаг P&L: $+0.00, Накопленный капитал: $1,000.00
2026-01-23 14:07:35,433 - INFO - ------------------------------------------------------------
2026-01-23 14:07:35,433 - INFO -   Walk-forward steps: 2 / 3 (66.7%) | 0.1 items/s | ETA: 15.7s
2026-01-23 14:07:35,433 - INFO - 🔍 WF-шаг 3/3: Валидация временных окон...
2026-01-23 14:07:35,434 - INFO - ⇢ WF-шаг 3/3: training 2023-12-02-2024-02-29, testing 2024-03-01-2024-03-31 — start
2026-01-23 14:07:35,434 - INFO - ⇢ loading step data — start
2026-01-23 14:07:35,770 - INFO - ⇠ loading step data — done in 0.34s
2026-01-23 14:07:37,923 - INFO - 📊 WF-шаг 3/3: Границы данных:
2026-01-23 14:07:37,923 - INFO -    Training: 2023-12-02 00:00:00 → 2024-02-29 23:45:00 (8,640 строк × 361 символов)
2026-01-23 14:07:37,923 - INFO -    Testing:  2024-03-01 00:00:00 → 2024-03-31 00:00:00 (2,881 строк × 361 символов)
2026-01-23 14:07:37,923 - INFO -    Временной разрыв: 0 days 00:15:00
2026-01-23 14:07:37,974 - INFO - ⇢ normalizing training data — start
2026-01-23 14:07:38,022 - INFO -   Символы с NaN значениями: 68
2026-01-23 14:07:38,022 - INFO -   Применяем метод нормализации: rolling_zscore
2026-01-23 14:07:38,048 - INFO - Символы с недостаточной историей: 56 из 361
2026-01-23 14:07:38,776 - INFO - Символы с NaN после нормализации: 305
2026-01-23 14:07:38,786 - INFO - Удалено 1673 начальных строк с NaN от rolling расчетов
2026-01-23 14:07:38,789 - INFO - Итоговое количество символов после нормализации: 305 из 361
2026-01-23 14:07:38,789 - INFO -   Статистика нормализации:
2026-01-23 14:07:38,789 - INFO -     Исходные символы: 361
2026-01-23 14:07:38,789 - INFO -     Недостаточная история: 56
2026-01-23 14:07:38,789 - INFO -     Постоянная цена: 0
2026-01-23 14:07:38,789 - INFO -     NaN после нормализации: 305
2026-01-23 14:07:38,789 - INFO -     Итоговые символы: 305 (84.5%)
2026-01-23 14:07:38,789 - INFO -   После нормализации: 305 символов (потеряно 56)
2026-01-23 14:07:38,789 - INFO -   Отброшено много символов: 56 из 361
2026-01-23 14:07:38,789 - INFO - ⇠ normalizing training data — done in 0.82s
2026-01-23 14:07:38,790 - INFO -   Фиксированный universe: 250 пар (отфильтровано 0 недоступных)
2026-01-23 14:07:38,790 - INFO - ⇢ filtering pairs by cointegration and half-life — start
2026-01-23 14:07:38,790 - INFO - [ФИЛЬТР] Параллельная фильтрация: threads (8 workers)
2026-01-23 14:07:48,501 - INFO - [ФИЛЬТР] После проверки данных: 239 пар
2026-01-23 14:07:48,501 - INFO - [ФИЛЬТР] После фильтра корреляции (>0.4): 137 пар
2026-01-23 14:07:48,501 - INFO - [ФИЛЬТР] После фильтра beta: 127 пар
2026-01-23 14:07:48,501 - INFO - [ФИЛЬТР] После фильтра mean crossings: 127 пар
2026-01-23 14:07:48,501 - INFO - [ФИЛЬТР] После фильтра half-life: 127 пар
2026-01-23 14:07:48,501 - INFO - [ФИЛЬТР] После фильтра коинтеграции: 92 пар
2026-01-23 14:07:48,501 - INFO - [ФИЛЬТР] После фильтра Hurst: 76 пар
2026-01-23 14:07:48,501 - INFO - [ФИЛЬТР] После фильтра KPSS: 76 пар
2026-01-23 14:07:48,501 - INFO - [ФИЛЬТР] После фильтра market microstructure: 68 пар
2026-01-23 14:07:48,501 - INFO - [ФИЛЬТР] Статистика фильтрации (оптимизированный порядок):
2026-01-23 14:07:48,501 - INFO -   1. SSD → Коинтеграция: 250 → 92 пар
2026-01-23 14:07:48,501 - INFO -   2. Коинтеграция → Beta: 92 → 127 пар
2026-01-23 14:07:48,501 - INFO -   3. Beta → Half-life: 127 → 127 пар
2026-01-23 14:07:48,501 - INFO -   4. Half-life → Mean crossings: 127 → 127 пар
2026-01-23 14:07:48,501 - INFO -   5. Mean crossings → Hurst: 127 → 76 пар
2026-01-23 14:07:48,501 - INFO -   6. Hurst → KPSS: 76 → 76 пар
2026-01-23 14:07:48,501 - INFO -   7. KPSS → Market microstructure: 76 → 68 пар
2026-01-23 14:07:48,501 - INFO - [ФИЛЬТР] Причины отсева:
2026-01-23 14:07:48,501 - INFO -   • low_correlation: 102 пар (40.8%)
2026-01-23 14:07:48,501 - INFO -   • pvalue: 35 пар (14.0%)
2026-01-23 14:07:48,501 - INFO -   • hurst: 16 пар (6.4%)
2026-01-23 14:07:48,501 - INFO -   • insufficient_data: 11 пар (4.4%)
2026-01-23 14:07:48,502 - INFO -   • beta: 10 пар (4.0%)
2026-01-23 14:07:48,502 - INFO -   • history: 8 пар (3.2%)
2026-01-23 14:07:48,502 - INFO - [ФИЛЬТР] Итого: 250 → 68 пар (27.2% прошли все фильтры)
2026-01-23 14:07:48,505 - INFO - Причины отсева сохранены в results/filter_reasons_20260123_140748.csv
2026-01-23 14:07:48,506 - INFO -   Pair stability filter: 68 → 29 (window=2, min_steps=1, history=2)
2026-01-23 14:07:48,506 - INFO -   Фильтрация: 250 → 29 пар
2026-01-23 14:07:48,506 - INFO - ⇠ filtering pairs by cointegration and half-life — done in 9.72s
2026-01-23 14:07:48,506 - INFO - ⇠ WF-шаг 3/3: training 2023-12-02-2024-02-29, testing 2024-03-01-2024-03-31 — done in 13.07s
2026-01-23 14:07:48,507 - INFO -   Ограничение max_pairs=30: 29 пар (лимит не достигнут)
2026-01-23 14:07:48,507 - INFO -   Топ-3 пары по волатильности спреда:
2026-01-23 14:07:48,507 - INFO -     1. BTCDAI-BTCEUR: beta=1.0480, std=582.7625
2026-01-23 14:07:48,507 - INFO -     2. ETHDAI-ETHEUR: beta=1.0530, std=30.4486
2026-01-23 14:07:48,507 - INFO -     3. ATOMUSDT-GODSUSDT: beta=8.5838, std=0.6434
2026-01-23 14:07:48,507 - INFO -   Всего пар для торговли: 29 (ограничение 15 применяется к одновременно открытым позициям)
2026-01-23 14:07:48,508 - INFO -   💰 Проверка расчета капитала: equity=$1,000.00, кандидатных_пар=29, max_позиций=15
2026-01-23 14:07:48,510 - INFO -   🎯 Target concurrency: 15 (ожидаемое одновременное число позиций)
2026-01-23 14:07:48,510 - INFO -   📊 Детали расчета капитала:
2026-01-23 14:07:48,510 - INFO -      • Базовый капитал на пару: $66.67 (equity / target_concurrency)
2026-01-23 14:07:48,510 - INFO -      • Риск-капитал: $15.00 (1.5% от equity)
2026-01-23 14:07:48,510 - INFO -      • Макс. размер позиции: $50.00 (5.0% от equity)
2026-01-23 14:07:48,511 - INFO -      • Итоговый капитал на пару: $15.00
2026-01-23 14:07:48,511 - INFO - ⇢ WF-шаг 3/3 backtests — starting 29 items
2026-01-23 14:07:48,511 - INFO - 🚀 WF-шаг 3/3: Начинаем бэктесты для 29 пар...
2026-01-23 14:07:48,511 - INFO - 🚀 WF-шаг 3/3: Запускаем параллельную обработку 29 пар на 8 ядрах...
2026-01-23 14:07:48,511 - INFO - 🚀 WF-шаг 3/3: Режим параллельности: процессы
⚙️  Загрузка данных за период: 2023-12-02 -> 2024-03-31
📂 Найдено 43 parquet файлов для обработки.
📊 Схема данных: Schema({'timestamp': Int64, 'open': Float64, 'high': Float64, 'low': Float64, 'close': Float64, 'volume': Float64, 'turnover': String, 'ts_ms': Int64, 'symbol': String})
✅ Загружено 3779046 записей с помощью Polars.
📊 Типы данных в pandas: timestamp       datetime64[us]
symbol                  object
close                  float64
timestamp_ms             int64
dtype: object
2026-01-23 14:07:48,660 - coint2.engine.numba_engine - INFO - Запуск Numba-оптимизированного бэктеста для BTCDAI-BTCEUR
2026-01-23 14:07:48,706 - coint2.engine.numba_engine - INFO - Запуск Numba-оптимизированного бэктеста для ETHDAI-ETHEUR
2026-01-23 14:07:48,769 - coint2.engine.numba_engine - INFO - Запуск Numba-оптимизированного бэктеста для ATOMUSDT-GODSUSDT
2026-01-23 14:07:48,875 - coint2.engine.numba_engine - INFO - Запуск Numba-оптимизированного бэктеста для ATOMUSDT-KCALUSDT
2026-01-23 14:07:48,899 - coint2.engine.numba_engine - INFO - Запуск Numba-оптимизированного бэктеста для APEUSDC-HFTUSDC
2026-01-23 14:07:48,909 - coint2.engine.numba_engine - INFO - Запуск Numba-оптимизированного бэктеста для APEUSDT-HFTUSDC
2026-01-23 14:07:48,977 - coint2.engine.numba_engine - INFO - Запуск Numba-оптимизированного бэктеста для CAKEUSDT-FIDAUSDT
2026-01-23 14:07:49,009 - coint2.engine.numba_engine - INFO - Запуск Numba-оптимизированного бэктеста для 1INCHUSDT-AXSUSDT
2026-01-23 14:07:49,020 - coint2.engine.numba_engine - INFO - Запуск Numba-оптимизированного бэктеста для BICOUSDT-KASTAUSDT
2026-01-23 14:07:49,082 - coint2.engine.numba_engine - INFO - Запуск Numba-оптимизированного бэктеста для APEUSDC-ATOMUSDT
2026-01-23 14:07:49,105 - coint2.engine.numba_engine - INFO - Запуск Numba-оптимизированного бэктеста для APEUSDT-GODSUSDT
2026-01-23 14:07:49,138 - coint2.engine.numba_engine - INFO - Запуск Numba-оптимизированного бэктеста для IZIUSDT-KAVAUSDT
2026-01-23 14:07:49,168 - coint2.engine.numba_engine - INFO - Запуск Numba-оптимизированного бэктеста для FITFIUSDT-IZIUSDT
2026-01-23 14:07:49,185 - coint2.engine.numba_engine - INFO - Запуск Numba-оптимизированного бэктеста для GMTUSDC-KAVAUSDT
2026-01-23 14:07:49,188 - coint2.engine.numba_engine - INFO - Запуск Numba-оптимизированного бэктеста для AGLDUSDT-HFTUSDC
2026-01-23 14:07:49,225 - coint2.engine.numba_engine - INFO - Запуск Numba-оптимизированного бэктеста для APEUSDT-ATOMUSDT
2026-01-23 14:07:49,272 - coint2.engine.numba_engine - INFO - Запуск Numba-оптимизированного бэктеста для FITFIUSDT-JUVUSDT
2026-01-23 14:07:49,308 - coint2.engine.numba_engine - INFO - Запуск Numba-оптимизированного бэктеста для AGLDUSDT-HFTUSDT
2026-01-23 14:07:49,341 - coint2.engine.numba_engine - INFO - Запуск Numba-оптимизированного бэктеста для GMTUSDT-KAVAUSDT
2026-01-23 14:07:49,477 - coint2.engine.numba_engine - INFO - Запуск Numba-оптимизированного бэктеста для ERTHAUSDT-IZIUSDT
2026-01-23 14:07:49,486 - coint2.engine.numba_engine - INFO - Запуск Numba-оптимизированного бэктеста для AFCUSDT-ANKRUSDT
2026-01-23 14:07:49,490 - coint2.engine.numba_engine - INFO - Запуск Numba-оптимизированного бэктеста для GODSUSDT-KCALUSDT
2026-01-23 14:07:49,593 - coint2.engine.numba_engine - INFO - Запуск Numba-оптимизированного бэктеста для GMTUSDT-KCALUSDT
2026-01-23 14:07:49,609 - coint2.engine.numba_engine - INFO - Запуск Numba-оптимизированного бэктеста для GMTUSDC-KCALUSDT
2026-01-23 14:07:49,708 - coint2.engine.numba_engine - INFO - Запуск Numba-оптимизированного бэктеста для BICOUSDT-ETHWUSDT
2026-01-23 14:07:49,725 - coint2.engine.numba_engine - INFO - Запуск Numba-оптимизированного бэктеста для DOMEUSDT-GODSUSDT
2026-01-23 14:07:49,727 - coint2.engine.numba_engine - INFO - Запуск Numba-оптимизированного бэктеста для AVAUSDT-FITFIUSDT
2026-01-23 14:07:49,819 - coint2.engine.numba_engine - INFO - Запуск Numba-оптимизированного бэктеста для C98USDT-FILUSDT
2026-01-23 14:07:49,824 - coint2.engine.numba_engine - INFO - Запуск Numba-оптимизированного бэктеста для DOGEUSDC-JUVUSDT
2026-01-23 14:07:49,985 - INFO -   ⏱️ Параллельная обработка завершена за 1.5с (19.7 пар/с)
2026-01-23 14:07:50,060 - coint2.pipeline.walk_forward_orchestrator - INFO - 🎯 СИМУЛЯЦИЯ ПОРТФЕЛЯ: 29 пар, лимит 15 позиций
2026-01-23 14:07:51,459 - coint2.pipeline.walk_forward_orchestrator - INFO -    📈 Макс. одновременных сигналов: 0
2026-01-23 14:07:51,459 - coint2.pipeline.walk_forward_orchestrator - INFO -    📊 Средн. сигналов за период: 0.0
2026-01-23 14:07:51,459 - coint2.pipeline.walk_forward_orchestrator - INFO -    🎯 Финальных активных позиций: 0
2026-01-23 14:07:51,460 - coint2.pipeline.walk_forward_orchestrator - INFO -    ⚡ Утилизация лимита позиций: 0.0%
2026-01-23 14:07:51,461 - INFO - ⇠ WF-шаг 3/3 backtests — completed 29 items in 2.95s (9.8 items/s)
2026-01-23 14:07:51,461 - INFO -   ✅ Обработка завершена: 29 успешно, 0 с ошибками
2026-01-23 14:07:51,461 - INFO -   📊 Успешность: 100.0%, прибыльность: 0.0%, сделок/пара: 0.0
2026-01-23 14:07:51,461 - INFO -   ✅ Завершены бэктесты для 29 пар
2026-01-23 14:07:51,461 - INFO -   📊 Всего обработано пар в этом шаге: 29
2026-01-23 14:07:51,461 - INFO -   📈 Результаты шага: 0/29 прибыльных пар, 0 сделок
2026-01-23 14:07:51,461 - INFO -   💰 P&L шага: $+0.00
2026-01-23 14:07:51,461 - INFO -   ⇢ Обновление капитала и дневного P&L...
2026-01-23 14:07:52,937 - INFO -   💼 Шаг P&L: $+0.00, Накопленный капитал: $1,000.00
2026-01-23 14:07:52,937 - INFO - ------------------------------------------------------------
2026-01-23 14:07:52,937 - INFO -   Walk-forward steps: 3 / 3 (100.0%) | 0.1 items/s | ETA: 0.0s
2026-01-23 14:07:52,938 - INFO - ⇠ Walk-forward steps — completed 3 items in 48.96s (0.1 items/s)
2026-01-23 14:07:52,938 - INFO - ================================================================================
2026-01-23 14:07:52,938 - INFO - 🏁 Walk-forward анализ завершен!
2026-01-23 14:07:52,938 - INFO - ⏱️ Обработано 3 шагов за 4.4 секунд
2026-01-23 14:07:52,938 - INFO - 📊 Всего обработано пар за весь анализ: 89
2026-01-23 14:07:52,938 - INFO - 💰 Финальный капитал: $1,000.00 (было $1,000.00)
2026-01-23 14:07:52,938 - INFO - 📈 Общая доходность: +0.00% ($+0.00)
2026-01-23 14:07:52,938 - INFO - 📊 Всего сделок: 0
2026-01-23 14:07:52,938 - INFO - ================================================================================
2026-01-23 14:07:52,938 - INFO - ✓ Завершены все 3 WF-шагов
2026-01-23 14:07:52,938 - INFO - ⇢ Обработка финальных результатов и расчет метрик...
2026-01-23 14:07:52,938 - INFO - ⇢ processing final results — start
2026-01-23 14:07:52,939 - INFO -   ⇢ Агрегация данных P&L за 8643 торговых дней
2026-01-23 14:07:52,961 - INFO -   ⇢ Расчет базовых метрик производительности...
2026-01-23 14:07:52,961 - INFO -     📊 Данные для анализа: 8643 записей P&L, 8641 точек equity
2026-01-23 14:07:52,964 - INFO -   ⇢ Расчет расширенных метрик (волатильность, Calmar ratio, и др.)...
2026-01-23 14:07:52,964 - INFO -   ✅ Расширенные метрики рассчитаны: 6 показателей
2026-01-23 14:07:52,964 - INFO -   ⇢ Анализ статистики по 89 парам...
2026-01-23 14:07:52,967 - INFO - ✅ Рассчитаны метрики производительности (26 показателей)
2026-01-23 14:07:52,967 - INFO -   💰 Общий P&L: $+0.00
2026-01-23 14:07:52,967 - INFO -   📊 Sharpe Ratio: 0.000
2026-01-23 14:07:52,967 - INFO -   📉 Максимальная просадка: 0.00%
2026-01-23 14:07:52,968 - INFO -   🔄 Всего сделок: 0
2026-01-23 14:07:52,968 - INFO -   📈 Торгуемых пар: 49
2026-01-23 14:07:52,968 - INFO -   💸 Общие издержки: $0.00
2026-01-23 14:07:52,968 - coint2.metrics - INFO - Metric: total_pnl
2026-01-23 14:07:52,968 - coint2.metrics - INFO - Metric: sharpe_ratio_abs
2026-01-23 14:07:52,968 - coint2.metrics - INFO - Metric: max_drawdown_pct
2026-01-23 14:07:52,968 - coint2.metrics - INFO - Metric: total_trades
2026-01-23 14:07:52,968 - coint2.metrics - INFO - Metric: total_pairs_traded
2026-01-23 14:07:52,969 - coint2.metrics - INFO - Metric: total_costs
2026-01-23 14:07:52,969 - INFO - ⇠ processing final results — done in 0.03s
2026-01-23 14:07:52,969 - INFO - ⇢ Создание отчетов и сохранение результатов...
2026-01-23 14:07:52,969 - INFO - ⇢ generating reports — start
2026-01-23 14:07:52,969 - INFO -   ⇢ Создание отчета о производительности...
2026-01-23 14:07:59,136 - INFO -   ✓ Отчет о производительности создан
2026-01-23 14:07:59,136 - INFO -   ⇢ Сохранение данных в CSV файлы...
2026-01-23 14:07:59,138 - INFO - 📋 Метрики сохранены: artifacts/wfa/runs/20260123_budget1000_oos20240101_20240630_top50_maxnot40_lowrisk_maxpairsgrid/stress_relaxed8_nokpss_20260123_oos20240101_20240630_top50_z1p00_exit0p06_hold180_cd180_ms0p2_cap1000_maxnot40_risk0p015_minnot30_maxpairs30/strategy_metrics.csv
2026-01-23 14:07:59,139 - INFO - 📈 Дневные P&L сохранены: artifacts/wfa/runs/20260123_budget1000_oos20240101_20240630_top50_maxnot40_lowrisk_maxpairsgrid/stress_relaxed8_nokpss_20260123_oos20240101_20240630_top50_z1p00_exit0p06_hold180_cd180_ms0p2_cap1000_maxnot40_risk0p015_minnot30_maxpairs30/daily_pnl.csv (91 записей)
2026-01-23 14:07:59,163 - INFO - 💹 Кривая капитала сохранена: artifacts/wfa/runs/20260123_budget1000_oos20240101_20240630_top50_maxnot40_lowrisk_maxpairsgrid/stress_relaxed8_nokpss_20260123_oos20240101_20240630_top50_z1p00_exit0p06_hold180_cd180_ms0p2_cap1000_maxnot40_risk0p015_minnot30_maxpairs30/equity_curve.csv (8641 точек)
2026-01-23 14:07:59,166 - INFO - 📋 Статистика сделок сохранена: artifacts/wfa/runs/20260123_budget1000_oos20240101_20240630_top50_maxnot40_lowrisk_maxpairsgrid/stress_relaxed8_nokpss_20260123_oos20240101_20240630_top50_z1p00_exit0p06_hold180_cd180_ms0p2_cap1000_maxnot40_risk0p015_minnot30_maxpairs30/trade_statistics.csv (89 записей)
2026-01-23 14:07:59,166 - INFO - 🎉 Walk-Forward анализ полностью завершен!
2026-01-23 14:07:59,166 - INFO - 📊 Все отчеты и данные сохранены в: artifacts/wfa/runs/20260123_budget1000_oos20240101_20240630_top50_maxnot40_lowrisk_maxpairsgrid/stress_relaxed8_nokpss_20260123_oos20240101_20240630_top50_z1p00_exit0p06_hold180_cd180_ms0p2_cap1000_maxnot40_risk0p015_minnot30_maxpairs30
2026-01-23 14:07:59,166 - INFO - 💼 Итоговый капитал: $1,000.00
2026-01-23 14:07:59,166 - INFO - ⏱️  Общее время выполнения: 10.7 секунд
2026-01-23 14:07:59,166 - INFO - ⇠ generating reports — done in 6.20s
2026-01-23 14:07:59,166 - coint2.core.memory_optimization - INFO - 🧹 Cleaning up global price data
2026-01-23 14:07:59,171 - coint2.core.memory_optimization - INFO - 📊 No global rolling stats to clean up
2026-01-23 14:07:59,171 - INFO - 🧹 Memory-mapped data cleaned up
2026-01-23 14:07:59,173 - INFO - ⇠ run_walk_forward_analysis — done in 61.19s
📊 Отчет сохранен: artifacts/wfa/runs/20260123_budget1000_oos20240101_20240630_top50_maxnot40_lowrisk_maxpairsgrid/stress_relaxed8_nokpss_20260123_oos20240101_20240630_top50_z1p00_exit0p06_hold180_cd180_ms0p2_cap1000_maxnot40_risk0p015_minnot30_maxpairs30/CointegrationStrategy_performance_report.png
🎯 ============================================================
📊 ИТОГИ ТОРГОВОЙ СТРАТЕГИИ
🎯 ============================================================

💰 ФИНАНСОВЫЕ РЕЗУЛЬТАТЫ:
   • Общий P&L:                            0
   • Максимальная просадка:                0
   • Средний дневной P&L:                  0

📈 МЕТРИКИ РИСКА:
   • Коэффициент Шарпа:               0.0000
   • Волатильность P&L:                 0.00
   • Процент прибыльных дней:          0.00%

🔄 ТОРГОВАЯ АКТИВНОСТЬ:
   • Всего торговых дней:                 91
   • Всего сделок:                         0
   • Торгуемых пар:                       49
   • Сделок на пару:                     0.0
   • Успешность сделок:               0.00%

💸 РАСХОДЫ И ЭКСТРЕМУМЫ:
   • Общие расходы:                        0
   • Максимальная прибыль:                 0
   • Максимальный убыток:                  0
   • Лучшая пара (P&L):                    0
   • Худшая пара (P&L):                    0

📊 ОЦЕНКА СТРАТЕГИИ:
   ❌ УБЫТОЧНАЯ стратегия. Требует доработки

🎯 ============================================================

Annualized Sharpe Ratio: 0.0
[run_wfa_fullcpu] end: 2026-01-23T14:08:00Z
