[run_wfa_fullcpu] start: 2026-01-15T17:10:40Z
[run_wfa_fullcpu] os.cpu_count: 16
2026-01-15 17:10:45,405 - coint2.core.memory_optimization - INFO - ✅ BLAS threading limits set to 1 via threadpoolctl
2026-01-15 17:10:45,405 - coint2.core.memory_optimization - INFO - 🔧 Controlled libraries: openblas, openmp
2026-01-15 17:10:45,405 - coint2.core.memory_optimization - INFO - 🧵 Process threads: 2 → 2
2026-01-15 17:10:45,405 - coint2.core.memory_optimization - INFO - 📝 Set 11 environment variables
2026-01-15 17:10:45,842 - INFO - ✅ Параметры конфигурации валидны
2026-01-15 17:10:45,842 - INFO - 📝 Некоторые параметры были скорректированы:
2026-01-15 17:10:45,842 - INFO - 🧭 WFA: динамический отбор пар на каждом шаге
2026-01-15 17:10:45,842 - INFO -   Шаг 1: тренировка 2023-08-02-2023-09-30, тест 2023-10-01-2023-10-31
2026-01-15 17:10:45,842 - INFO -   Шаг 2: тренировка 2023-09-01-2023-10-30, тест 2023-10-31-2023-11-30
2026-01-15 17:10:45,842 - INFO -   Шаг 3: тренировка 2023-10-01-2023-11-29, тест 2023-11-30-2023-12-30
2026-01-15 17:10:45,842 - INFO -   Шаг 4: тренировка 2023-10-31-2023-12-29, тест 2023-12-30-2024-01-29
2026-01-15 17:10:45,842 - INFO - 📈 Запланировано 4 walk-forward шагов
2026-01-15 17:10:45,842 - INFO - ⛔ Ограничение WFA шагов: 4 → 3
2026-01-15 17:10:45,842 - WARNING - ⚠️ Маленький буфер между training и testing в шаге 1: 0 дней. Рекомендуется минимум 1 день.
2026-01-15 17:10:45,842 - WARNING - ⚠️ Маленький буфер между training и testing в шаге 2: 0 дней. Рекомендуется минимум 1 день.
2026-01-15 17:10:45,842 - WARNING - ⚠️ Маленький буфер между training и testing в шаге 3: 0 дней. Рекомендуется минимум 1 день.
2026-01-15 17:10:45,842 - INFO - ✅ Шаги успешно запланированы:
2026-01-15 17:10:45,842 - INFO -    Шаг 1: тренировка 2023-08-02-2023-09-30, тест 2023-10-01-2023-10-31
2026-01-15 17:10:45,842 - INFO -    Шаг 2: тренировка 2023-09-01-2023-10-30, тест 2023-10-31-2023-11-30
2026-01-15 17:10:45,842 - INFO -    Шаг 3: тренировка 2023-10-01-2023-11-29, тест 2023-11-30-2023-12-30
2026-01-15 17:10:45,843 - INFO - 🗂️ Consolidating price data for memory-mapped access...
2026-01-15 17:10:45,843 - INFO - 📊 Consolidating data range: 2023-07-28 → 2024-01-04
2026-01-15 17:10:45,843 - coint2.core.memory_optimization - INFO - 🔄 Consolidating price data from data_downloaded to .cache/consolidated_prices.parquet
2026-01-15 17:10:45,843 - INFO - ⇢ loading raw data for consolidation — start
2026-01-15 17:10:46,478 - INFO - ⇠ loading raw data for consolidation — done in 0.64s
2026-01-15 17:10:46,479 - INFO - ⇢ pivoting data to wide format — start
2026-01-15 17:10:49,375 - INFO - ⇠ pivoting data to wide format — done in 2.90s
2026-01-15 17:10:49,415 - coint2.core.memory_optimization - INFO - 📊 Consolidated data: 15361 rows × 310 symbols
2026-01-15 17:10:49,415 - coint2.core.memory_optimization - INFO - 💾 Memory usage: 19.2 MB
2026-01-15 17:10:49,415 - INFO - ⇢ writing consolidated Parquet file — start
2026-01-15 17:10:49,587 - INFO - ⇠ writing consolidated Parquet file — done in 0.17s
2026-01-15 17:10:49,587 - coint2.core.memory_optimization - INFO - ✅ Successfully consolidated data to .cache/consolidated_prices.parquet
2026-01-15 17:10:49,604 - coint2.core.memory_optimization - INFO - 🔄 Initializing memory-mapped price data from .cache/consolidated_prices.parquet
2026-01-15 17:10:49,604 - INFO - ⇢ loading memory-mapped data — start
2026-01-15 17:10:49,604 - coint2.core.memory_optimization - WARNING - ⚠️ memory_map не поддерживается в текущей версии pyarrow, fallback без mmap
2026-01-15 17:10:49,702 - INFO - ⇠ loading memory-mapped data — done in 0.10s
2026-01-15 17:10:49,710 - coint2.core.memory_optimization - INFO - 📊 Loaded 15361 rows × 310 symbols
2026-01-15 17:10:49,710 - coint2.core.memory_optimization - INFO - 💾 Memory usage: 19.2 MB (memory-mapped)
2026-01-15 17:10:49,711 - INFO - ✅ Memory-mapped data initialized successfully
2026-01-15 17:10:49,712 - INFO - ⇢ Walk-forward steps — starting 3 items
2026-01-15 17:10:49,713 - INFO - 📈 Инициализация equity кривой с первой тестовой даты: 2023-10-01 00:00:00
2026-01-15 17:10:49,713 - INFO - 🔍 WF-шаг 1/3: Валидация временных окон...
2026-01-15 17:10:49,713 - INFO - ⇢ WF-шаг 1/3: training 2023-08-02-2023-09-30, testing 2023-10-01-2023-10-31 — start
2026-01-15 17:10:49,713 - INFO - ⇢ loading step data — start
2026-01-15 17:10:49,865 - INFO - ⇠ loading step data — done in 0.15s
2026-01-15 17:10:51,098 - INFO - 📊 WF-шаг 1/3: Границы данных:
2026-01-15 17:10:51,098 - INFO -    Training: 2023-08-02 00:00:00 → 2023-09-30 23:45:00 (5,760 строк × 282 символов)
2026-01-15 17:10:51,098 - INFO -    Testing:  2023-10-01 00:00:00 → 2023-10-31 00:00:00 (2,881 строк × 282 символов)
2026-01-15 17:10:51,098 - INFO -    Временной разрыв: 0 days 00:15:00
2026-01-15 17:10:51,133 - INFO - ⇢ normalizing training data — start
2026-01-15 17:10:51,163 - INFO -   Символы с NaN значениями: 20
2026-01-15 17:10:51,163 - INFO -   Применяем метод нормализации: rolling_zscore
2026-01-15 17:10:51,176 - INFO - Символы с недостаточной историей: 20 из 282
2026-01-15 17:10:51,529 - INFO - Символы с NaN после нормализации: 262
2026-01-15 17:10:51,535 - INFO - Удалено 1 начальных строк с NaN от rolling расчетов
2026-01-15 17:10:51,538 - INFO - Итоговое количество символов после нормализации: 262 из 282
2026-01-15 17:10:51,538 - INFO -   Статистика нормализации:
2026-01-15 17:10:51,538 - INFO -     Исходные символы: 282
2026-01-15 17:10:51,538 - INFO -     Недостаточная история: 20
2026-01-15 17:10:51,538 - INFO -     Постоянная цена: 0
2026-01-15 17:10:51,538 - INFO -     NaN после нормализации: 262
2026-01-15 17:10:51,538 - INFO -     Итоговые символы: 262 (92.9%)
2026-01-15 17:10:51,538 - INFO -   После нормализации: 262 символов (потеряно 20)
2026-01-15 17:10:51,538 - INFO -   Отброшенные символы: ADAEUR, BEAMUSDT, BTCEUR, CYBERUSDT, DOGEEUR, ETHEUR, FETUSDT, JEFFUSDT, KASUSDT, KAVAUSDT, LTCEUR, ORDIUSDT, POLUSDT, PPTUSDT, PYUSDUSDT, SEIUSDT, SOLEUR, USDCEUR, XRPEUR, ZTXUSDT
2026-01-15 17:10:51,538 - INFO - ⇠ normalizing training data — done in 0.41s
2026-01-15 17:10:51,538 - INFO - ⇢ SSD computation — start
2026-01-15 17:10:51,538 - INFO -   Расчет SSD для всех пар (без ограничения)
2026-01-15 17:10:54,342 - INFO -   SSD результат (все пары): 34191 пар
2026-01-15 17:10:54,343 - INFO -   Ограничиваем до top-10000 пар для дальнейшей обработки
2026-01-15 17:10:54,343 - INFO - ⇠ SSD computation — done in 2.81s
2026-01-15 17:10:54,346 - INFO - ⇢ filtering pairs by cointegration and half-life — start
2026-01-15 17:10:54,346 - INFO - [ФИЛЬТР] На входе после SSD: 10000 пар
2026-01-15 17:10:54,346 - INFO - [ФИЛЬТР] Оптимизированный порядок: Данные → Корреляция → Beta → Crossings → Half-life → Коинтеграция → Hurst → KPSS
2026-01-15 17:11:05,560 - INFO - [ФИЛЬТР] После проверки данных: 10000 пар
2026-01-15 17:11:08,103 - INFO - [ФИЛЬТР] После фильтра корреляции (>0.4): 9431 пар
2026-01-15 17:11:10,284 - INFO - [ФИЛЬТР] После фильтра beta: 6370 пар
2026-01-15 17:11:13,698 - INFO - [ФИЛЬТР] После фильтра mean crossings: 6370 пар
2026-01-15 17:11:29,770 - INFO - [ФИЛЬТР] После фильтра half-life: 6320 пар
2026-01-15 17:14:21,010 - INFO - [ФИЛЬТР] После фильтра коинтеграции: 4730 пар
2026-01-15 17:17:21,401 - INFO - [ФИЛЬТР] После фильтра Hurst: 3251 пар
2026-01-15 17:17:22,256 - INFO - [ФИЛЬТР] После фильтра KPSS: 103 пар
2026-01-15 17:17:22,296 - INFO - [ФИЛЬТР] После фильтра market microstructure: 103 пар
2026-01-15 17:17:22,297 - INFO - [ФИЛЬТР] Статистика фильтрации (оптимизированный порядок):
2026-01-15 17:17:22,297 - INFO -   1. SSD → Коинтеграция: 10000 → 4730 пар
2026-01-15 17:17:22,297 - INFO -   2. Коинтеграция → Beta: 4730 → 6370 пар
2026-01-15 17:17:22,297 - INFO -   3. Beta → Half-life: 6370 → 6320 пар
2026-01-15 17:17:22,297 - INFO -   4. Half-life → Mean crossings: 6320 → 6370 пар
2026-01-15 17:17:22,297 - INFO -   5. Mean crossings → Hurst: 6370 → 3251 пар
2026-01-15 17:17:22,297 - INFO -   6. Hurst → KPSS: 3251 → 103 пар
2026-01-15 17:17:22,297 - INFO -   7. KPSS → Market microstructure: 103 → 103 пар
2026-01-15 17:17:22,297 - INFO - [ФИЛЬТР] Причины отсева:
2026-01-15 17:17:22,297 - INFO -   • total: 10000 пар (100.0%)
2026-01-15 17:17:22,297 - INFO -   • kpss: 3148 пар (31.5%)
2026-01-15 17:17:22,297 - INFO -   • beta: 3061 пар (30.6%)
2026-01-15 17:17:22,297 - INFO -   • pvalue: 1590 пар (15.9%)
2026-01-15 17:17:22,297 - INFO -   • hurst: 1479 пар (14.8%)
2026-01-15 17:17:22,297 - INFO -   • low_correlation: 569 пар (5.7%)
2026-01-15 17:17:22,297 - INFO -   • half_life: 50 пар (0.5%)
2026-01-15 17:17:22,297 - INFO - [ФИЛЬТР] Итого: 10000 → 103 пар (1.0% прошли все фильтры)
2026-01-15 17:17:22,312 - INFO - Причины отсева сохранены в results/filter_reasons_20260115_171722.csv
2026-01-15 17:17:22,438 - INFO -   Фильтрация: 10000 → 103 пар
2026-01-15 17:17:22,438 - INFO - ⇠ filtering pairs by cointegration and half-life — done in 388.09s
2026-01-15 17:17:22,438 - INFO - ⇠ WF-шаг 1/3: training 2023-08-02-2023-09-30, testing 2023-10-01-2023-10-31 — done in 392.72s
2026-01-15 17:17:22,438 - INFO -   Топ-3 пары по волатильности спреда:
2026-01-15 17:17:22,439 - INFO -     1. BTCDAI-BTCUSDT: beta=0.9916, std=36.6088
2026-01-15 17:17:22,439 - INFO -     2. BNBUSDT-ETHWUSDT: beta=75.3640, std=2.8487
2026-01-15 17:17:22,439 - INFO -     3. ETHUSDC-STETHUSDT: beta=0.9945, std=1.3262
2026-01-15 17:17:22,439 - INFO -   Всего пар для торговли: 103 (ограничение 15 применяется к одновременно открытым позициям)
2026-01-15 17:17:22,439 - INFO -   💰 Проверка расчета капитала: equity=$10,000.00, кандидатных_пар=103, max_позиций=15
2026-01-15 17:17:22,439 - INFO -   🎯 Target concurrency: 15 (ожидаемое одновременное число позиций)
2026-01-15 17:17:22,439 - INFO -   📊 Детали расчета капитала:
2026-01-15 17:17:22,439 - INFO -      • Базовый капитал на пару: $666.67 (equity / target_concurrency)
2026-01-15 17:17:22,439 - INFO -      • Риск-капитал: $150.00 (1.5% от equity)
2026-01-15 17:17:22,439 - INFO -      • Макс. размер позиции: $200.00 (2.0% от equity)
2026-01-15 17:17:22,439 - INFO -      • Итоговый капитал на пару: $150.00
2026-01-15 17:17:22,439 - INFO - ⇢ WF-шаг 1/3 backtests — starting 103 items
2026-01-15 17:17:22,440 - INFO - 🚀 WF-шаг 1/3: Начинаем бэктесты для 103 пар...
2026-01-15 17:17:22,440 - INFO - 🚀 WF-шаг 1/3: Запускаем параллельную обработку 103 пар на 8 ядрах...
2026-01-15 17:17:22,440 - INFO -   📊 Большой набор пар (103), ожидаемое время: ~4 мин
2026-01-15 17:17:22,440 - INFO -   🔄 Прогресс будет отображаться каждые 10 пар
2026-01-15 17:17:22,440 - INFO - 🚀 WF-шаг 1/3: Режим параллельности: процессы
⚙️  Загрузка данных за период: 2023-07-28 -> 2024-01-04
📂 Найдено 43 parquet файлов для обработки.
📊 Схема данных: Schema({'timestamp': Int64, 'open': Float64, 'high': Float64, 'low': Float64, 'close': Float64, 'volume': Float64, 'turnover': String, 'ts_ms': Int64, 'symbol': String})
✅ Загружено 4323175 записей с помощью Polars.
📊 Типы данных в pandas: timestamp       datetime64[us]
symbol                  object
close                  float64
timestamp_ms             int64
dtype: object
⚙️  Загрузка данных за период: 2023-08-02 -> 2023-10-31
📂 Найдено 43 parquet файлов для обработки.
📊 Схема данных: Schema({'timestamp': Int64, 'open': Float64, 'high': Float64, 'low': Float64, 'close': Float64, 'volume': Float64, 'turnover': String, 'ts_ms': Int64, 'symbol': String})
✅ Загружено 2351056 записей с помощью Polars.
📊 Типы данных в pandas: timestamp       datetime64[us]
symbol                  object
close                  float64
timestamp_ms             int64
dtype: object
2026-01-15 17:17:22,503 - coint2.engine.numba_engine - INFO - Запуск Numba-оптимизированного бэктеста для BTCDAI-BTCUSDT
2026-01-15 17:17:22,530 - coint2.engine.numba_engine - INFO - Запуск Numba-оптимизированного бэктеста для BNBUSDT-ETHWUSDT
2026-01-15 17:17:22,558 - coint2.engine.numba_engine - INFO - Запуск Numba-оптимизированного бэктеста для ETHUSDC-STETHUSDT
2026-01-15 17:17:22,583 - coint2.engine.numba_engine - INFO - Запуск Numba-оптимизированного бэктеста для KSMUSDT-STETHUSDT
2026-01-15 17:17:22,586 - coint2.engine.numba_engine - INFO - Запуск Numba-оптимизированного бэктеста для ETHUSDT-STETHUSDT
2026-01-15 17:17:22,607 - coint2.engine.numba_engine - INFO - Запуск Numba-оптимизированного бэктеста для AVAXUSDT-CAKEUSDT
2026-01-15 17:17:22,610 - coint2.engine.numba_engine - INFO - Запуск Numba-оптимизированного бэктеста для KSMUSDT-RDNTUSDT
2026-01-15 17:17:22,614 - coint2.engine.numba_engine - INFO - Запуск Numba-оптимизированного бэктеста для EGLDUSDT-UNIUSDT
2026-01-15 17:17:22,630 - coint2.engine.numba_engine - INFO - Запуск Numba-оптимизированного бэктеста для MASKUSDT-XRPUSDC
2026-01-15 17:17:22,633 - coint2.engine.numba_engine - INFO - Запуск Numba-оптимизированного бэктеста для AXSUSDT-ENSUSDT
2026-01-15 17:17:22,639 - coint2.engine.numba_engine - INFO - Запуск Numba-оптимизированного бэктеста для KSMUSDT-UNIUSDT
2026-01-15 17:17:22,642 - coint2.engine.numba_engine - INFO - Запуск Numba-оптимизированного бэктеста для ETHUSDC-ETHUSDT
2026-01-15 17:17:22,653 - coint2.engine.numba_engine - INFO - Запуск Numba-оптимизированного бэктеста для ARKMUSDT-CAKEUSDT
2026-01-15 17:17:22,656 - coint2.engine.numba_engine - INFO - Запуск Numba-оптимизированного бэктеста для MASKUSDT-XRPUSDT
2026-01-15 17:17:22,661 - coint2.engine.numba_engine - INFO - Запуск Numba-оптимизированного бэктеста для AXSUSDT-UNIUSDT
2026-01-15 17:17:22,666 - coint2.engine.numba_engine - INFO - Запуск Numba-оптимизированного бэктеста для ETCUSDT-XRPUSDT
2026-01-15 17:17:22,670 - coint2.engine.numba_engine - INFO - Запуск Numba-оптимизированного бэктеста для KSMUSDT-SANDUSDT
2026-01-15 17:17:22,675 - coint2.engine.numba_engine - INFO - Запуск Numba-оптимизированного бэктеста для ARKMUSDT-CHZUSDT
2026-01-15 17:17:22,678 - coint2.engine.numba_engine - INFO - Запуск Numba-оптимизированного бэктеста для ARKMUSDT-DOTUSDT
2026-01-15 17:17:22,683 - coint2.engine.numba_engine - INFO - Запуск Numba-оптимизированного бэктеста для CITYUSDT-JUVUSDT
2026-01-15 17:17:22,688 - coint2.engine.numba_engine - INFO - Запуск Numba-оптимизированного бэктеста для ARUSDT-FILUSDT
2026-01-15 17:17:22,693 - coint2.engine.numba_engine - INFO - Запуск Numba-оптимизированного бэктеста для ETCUSDT-XRPUSDC
2026-01-15 17:17:22,697 - coint2.engine.numba_engine - INFO - Запуск Numba-оптимизированного бэктеста для THETAUSDT-XRPUSDC
2026-01-15 17:17:22,699 - coint2.engine.numba_engine - INFO - Запуск Numba-оптимизированного бэктеста для KSMUSDT-SANDUSDC
2026-01-15 17:17:22,700 - coint2.engine.numba_engine - INFO - Запуск Numba-оптимизированного бэктеста для ARKMUSDT-CHZUSDC
2026-01-15 17:17:22,705 - coint2.engine.numba_engine - INFO - Запуск Numba-оптимизированного бэктеста для ARKMUSDT-GMTUSDT
2026-01-15 17:17:22,710 - coint2.engine.numba_engine - INFO - Запуск Numba-оптимизированного бэктеста для ETHWUSDT-XTZUSDT
2026-01-15 17:17:22,715 - coint2.engine.numba_engine - INFO - Запуск Numba-оптимизированного бэктеста для AXSUSDT-GMTUSDT
2026-01-15 17:17:22,720 - coint2.engine.numba_engine - INFO - Запуск Numba-оптимизированного бэктеста для HFTUSDC-ICPUSDC
2026-01-15 17:17:22,721 - coint2.engine.numba_engine - INFO - Запуск Numba-оптимизированного бэктеста для APTUSDC-MAGICUSDT
2026-01-15 17:17:22,722 - coint2.engine.numba_engine - INFO - Запуск Numba-оптимизированного бэктеста для THETAUSDT-XRPUSDT
2026-01-15 17:17:22,727 - coint2.engine.numba_engine - INFO - Запуск Numba-оптимизированного бэктеста для ARKMUSDT-ICPUSDT
2026-01-15 17:17:22,731 - coint2.engine.numba_engine - INFO - Запуск Numba-оптимизированного бэктеста для ARKMUSDT-GMTUSDC
2026-01-15 17:17:22,736 - coint2.engine.numba_engine - INFO - Запуск Numba-оптимизированного бэктеста для LDOUSDC-RDNTUSDT
2026-01-15 17:17:22,742 - coint2.engine.numba_engine - INFO - Запуск Numba-оптимизированного бэктеста для AVAXUSDC-AVAXUSDT
2026-01-15 17:17:22,743 - coint2.engine.numba_engine - INFO - Запуск Numba-оптимизированного бэктеста для AXSUSDT-GMTUSDC
2026-01-15 17:17:22,743 - coint2.engine.numba_engine - INFO - Запуск Numba-оптимизированного бэктеста для HFTUSDC-ICPUSDT
2026-01-15 17:17:22,749 - coint2.engine.numba_engine - INFO - Запуск Numba-оптимизированного бэктеста для FLOWUSDT-GMXUSDT
2026-01-15 17:17:22,749 - coint2.engine.numba_engine - INFO - Запуск Numba-оптимизированного бэктеста для APTUSDT-MAGICUSDT
2026-01-15 17:17:22,753 - coint2.engine.numba_engine - INFO - Запуск Numba-оптимизированного бэктеста для ARKMUSDT-ICPUSDC
2026-01-15 17:17:22,758 - coint2.engine.numba_engine - INFO - Запуск Numba-оптимизированного бэктеста для ARKMUSDT-SANDUSDT
2026-01-15 17:17:22,764 - coint2.engine.numba_engine - INFO - Запуск Numba-оптимизированного бэктеста для LDOUSDC-LDOUSDT
2026-01-15 17:17:22,765 - coint2.engine.numba_engine - INFO - Запуск Numba-оптимизированного бэктеста для ETHWUSDT-GMTUSDC
2026-01-15 17:17:22,765 - coint2.engine.numba_engine - INFO - Запуск Numba-оптимизированного бэктеста для BATUSDT-GMXUSDT
2026-01-15 17:17:22,770 - coint2.engine.numba_engine - INFO - Запуск Numba-оптимизированного бэктеста для HFTUSDT-ICPUSDC
2026-01-15 17:17:22,770 - coint2.engine.numba_engine - INFO - Запуск Numba-оптимизированного бэктеста для AXSUSDT-SANDUSDT
2026-01-15 17:17:22,775 - coint2.engine.numba_engine - INFO - Запуск Numba-оптимизированного бэктеста для HFTUSDT-SUIUSDC
2026-01-15 17:17:22,779 - coint2.engine.numba_engine - INFO - Запуск Numba-оптимизированного бэктеста для ARKMUSDT-RDNTUSDT
2026-01-15 17:17:22,780 - coint2.engine.numba_engine - INFO - Запуск Numba-оптимизированного бэктеста для AVAXUSDC-CAKEUSDT
2026-01-15 17:17:22,786 - coint2.engine.numba_engine - INFO - Запуск Numba-оптимизированного бэктеста для ARKMUSDT-SANDUSDC
2026-01-15 17:17:22,786 - coint2.engine.numba_engine - INFO - Запуск Numba-оптимизированного бэктеста для ICXUSDT-WAXPUSDT
2026-01-15 17:17:22,787 - coint2.engine.numba_engine - INFO - Запуск Numba-оптимизированного бэктеста для BATUSDT-UMAUSDT
2026-01-15 17:17:22,791 - coint2.engine.numba_engine - INFO - Запуск Numba-оптимизированного бэктеста для MANAUSDT-XRPUSDT
2026-01-15 17:17:22,791 - coint2.engine.numba_engine - INFO - Запуск Numba-оптимизированного бэктеста для ETHWUSDT-GMTUSDT
2026-01-15 17:17:22,797 - coint2.engine.numba_engine - INFO - Запуск Numba-оптимизированного бэктеста для HFTUSDT-ICPUSDT
2026-01-15 17:17:22,801 - coint2.engine.numba_engine - INFO - Запуск Numba-оптимизированного бэктеста для HFTUSDT-SUIUSDT
2026-01-15 17:17:22,803 - coint2.engine.numba_engine - INFO - Запуск Numba-оптимизированного бэктеста для AXSUSDT-SANDUSDC
2026-01-15 17:17:22,807 - coint2.engine.numba_engine - INFO - Запуск Numba-оптимизированного бэктеста для SUSHIUSDT-UMAUSDT
2026-01-15 17:17:22,808 - coint2.engine.numba_engine - INFO - Запуск Numba-оптимизированного бэктеста для ALGOUSDT-LUNAUSDT
2026-01-15 17:17:22,811 - coint2.engine.numba_engine - INFO - Запуск Numba-оптимизированного бэктеста для DOGEUSDC-ETHWUSDT
2026-01-15 17:17:22,813 - coint2.engine.numba_engine - INFO - Запуск Numba-оптимизированного бэктеста для BATUSDT-QTUMUSDT
2026-01-15 17:17:22,813 - coint2.engine.numba_engine - INFO - Запуск Numba-оптимизированного бэктеста для ARKMUSDT-SUIUSDT
2026-01-15 17:17:22,821 - coint2.engine.numba_engine - INFO - Запуск Numba-оптимизированного бэктеста для MANAUSDC-XRPUSDC
2026-01-15 17:17:22,822 - coint2.engine.numba_engine - INFO - Запуск Numba-оптимизированного бэктеста для OMGUSDT-RDNTUSDT
2026-01-15 17:17:22,824 - coint2.engine.numba_engine - INFO - Запуск Numba-оптимизированного бэктеста для ARKMUSDT-DGBUSDT
2026-01-15 17:17:22,829 - coint2.engine.numba_engine - INFO - Запуск Numba-оптимизированного бэктеста для HFTUSDC-SUIUSDC
2026-01-15 17:17:22,830 - coint2.engine.numba_engine - INFO - Запуск Numba-оптимизированного бэктеста для DOGEUSDT-ETHWUSDT
2026-01-15 17:17:22,832 - coint2.engine.numba_engine - INFO - Запуск Numba-оптимизированного бэктеста для GMTUSDC-GMTUSDT
2026-01-15 17:17:22,834 - coint2.engine.numba_engine - INFO - Запуск Numba-оптимизированного бэктеста для ALGOUSDT-IMXUSDT
2026-01-15 17:17:22,834 - coint2.engine.numba_engine - INFO - Запуск Numba-оптимизированного бэктеста для NEARUSDT-XTZUSDT
2026-01-15 17:17:22,842 - coint2.engine.numba_engine - INFO - Запуск Numba-оптимизированного бэктеста для BATUSDT-LTCUSDC
2026-01-15 17:17:22,844 - coint2.engine.numba_engine - INFO - Запуск Numba-оптимизированного бэктеста для MANAUSDC-XRPUSDT
2026-01-15 17:17:22,846 - coint2.engine.numba_engine - INFO - Запуск Numba-оптимизированного бэктеста для ARKMUSDT-SUIUSDC
2026-01-15 17:17:22,850 - coint2.engine.numba_engine - INFO - Запуск Numba-оптимизированного бэктеста для CELOUSDT-ZRXUSDT
2026-01-15 17:17:22,851 - coint2.engine.numba_engine - INFO - Запуск Numba-оптимизированного бэктеста для ONEUSDT-XRPUSDC
2026-01-15 17:17:22,855 - coint2.engine.numba_engine - INFO - Запуск Numba-оптимизированного бэктеста для ARBUSDC-ARBUSDT
2026-01-15 17:17:22,856 - coint2.engine.numba_engine - INFO - Запуск Numba-оптимизированного бэктеста для HFTUSDC-SUIUSDT
2026-01-15 17:17:22,864 - coint2.engine.numba_engine - INFO - Запуск Numba-оптимизированного бэктеста для ALGOUSDT-CRVUSDT
2026-01-15 17:17:22,866 - coint2.engine.numba_engine - INFO - Запуск Numba-оптимизированного бэктеста для BATUSDT-LTCUSDT
2026-01-15 17:17:22,868 - coint2.engine.numba_engine - INFO - Запуск Numba-оптимизированного бэктеста для BICOUSDT-IMXUSDT
2026-01-15 17:17:22,871 - coint2.engine.numba_engine - INFO - Запуск Numba-оптимизированного бэктеста для ICPUSDC-ICPUSDT
2026-01-15 17:17:22,877 - coint2.engine.numba_engine - INFO - Запуск Numba-оптимизированного бэктеста для ONEUSDT-XRPUSDT
2026-01-15 17:17:22,877 - coint2.engine.numba_engine - INFO - Запуск Numba-оптимизированного бэктеста для APTUSDC-APTUSDT
2026-01-15 17:17:22,885 - coint2.engine.numba_engine - INFO - Запуск Numba-оптимизированного бэктеста для ROSEUSDT-WAXPUSDT
2026-01-15 17:17:22,887 - coint2.engine.numba_engine - INFO - Запуск Numba-оптимизированного бэктеста для ALGOUSDT-WAXPUSDT
2026-01-15 17:17:22,890 - coint2.engine.numba_engine - INFO - Запуск Numba-оптимизированного бэктеста для BICOUSDT-CRVUSDT
2026-01-15 17:17:22,893 - coint2.engine.numba_engine - INFO - Запуск Numba-оптимизированного бэктеста для BATUSDT-PEOPLEUSDT
2026-01-15 17:17:22,899 - coint2.engine.numba_engine - INFO - Запуск Numba-оптимизированного бэктеста для BATUSDT-THETAUSDT
2026-01-15 17:17:22,907 - coint2.engine.numba_engine - INFO - Запуск Numba-оптимизированного бэктеста для RVNUSDT-UNIUSDT
2026-01-15 17:17:22,908 - coint2.engine.numba_engine - INFO - Запуск Numba-оптимизированного бэктеста для WAXPUSDT-ZILUSDT
2026-01-15 17:17:22,911 - coint2.engine.numba_engine - INFO - Запуск Numba-оптимизированного бэктеста для FLOWUSDT-MASKUSDT
2026-01-15 17:17:22,914 - coint2.engine.numba_engine - INFO - Запуск Numba-оптимизированного бэктеста для ALGOUSDT-ROSEUSDT
2026-01-15 17:17:22,920 - coint2.engine.numba_engine - INFO - Запуск Numba-оптимизированного бэктеста для GMTUSDT-UNIUSDT
2026-01-15 17:17:22,930 - coint2.engine.numba_engine - INFO - Запуск Numba-оптимизированного бэктеста для SCUSDT-ZILUSDT
2026-01-15 17:17:22,933 - coint2.engine.numba_engine - INFO - Запуск Numba-оптимизированного бэктеста для WOOUSDT-XRPUSDT
2026-01-15 17:17:22,935 - coint2.engine.numba_engine - INFO - Запуск Numba-оптимизированного бэктеста для ROSEUSDT-XEMUSDT
2026-01-15 17:17:22,941 - coint2.engine.numba_engine - INFO - Запуск Numba-оптимизированного бэктеста для GMTUSDT-SANDUSDT
2026-01-15 17:17:22,954 - coint2.engine.numba_engine - INFO - Запуск Numba-оптимизированного бэктеста для GMTUSDC-UNIUSDT
2026-01-15 17:17:22,957 - coint2.engine.numba_engine - INFO - Запуск Numba-оптимизированного бэктеста для XECUSDT-ZILUSDT
2026-01-15 17:17:22,962 - coint2.engine.numba_engine - INFO - Запуск Numba-оптимизированного бэктеста для PEOPLEUSDT-THETAUSDT
2026-01-15 17:17:22,976 - coint2.engine.numba_engine - INFO - Запуск Numba-оптимизированного бэктеста для GRTUSDT-RDNTUSDT
2026-01-15 17:17:22,984 - coint2.engine.numba_engine - INFO - Запуск Numba-оптимизированного бэктеста для LUNCUSDC-LUNCUSDT
2026-01-15 17:17:22,998 - coint2.engine.numba_engine - INFO - Запуск Numba-оптимизированного бэктеста для ADAUSDC-ADAUSDT
2026-01-15 17:17:23,042 - INFO -   ⏱️ Параллельная обработка завершена за 0.6с (170.9 пар/с)
2026-01-15 17:17:23,074 - coint2.pipeline.walk_forward_orchestrator - INFO - 🎯 СИМУЛЯЦИЯ ПОРТФЕЛЯ: 103 пар, лимит 15 позиций
2026-01-15 17:17:23,901 - coint2.pipeline.walk_forward_orchestrator - INFO -    📈 Макс. одновременных сигналов: 41
2026-01-15 17:17:23,902 - coint2.pipeline.walk_forward_orchestrator - INFO -    📊 Средн. сигналов за период: 1.8
2026-01-15 17:17:23,902 - coint2.pipeline.walk_forward_orchestrator - INFO -    🎯 Финальных активных позиций: 0
2026-01-15 17:17:23,903 - coint2.pipeline.walk_forward_orchestrator - INFO -    ⚡ Утилизация лимита позиций: 11.2%
2026-01-15 17:17:23,904 - INFO - ⇠ WF-шаг 1/3 backtests — completed 103 items in 1.46s (70.3 items/s)
2026-01-15 17:17:23,904 - INFO -   ✅ Обработка завершена: 103 успешно, 0 с ошибками
2026-01-15 17:17:23,904 - INFO -   📊 Успешность: 100.0%, прибыльность: 67.0%, сделок/пара: 24.8
2026-01-15 17:17:23,904 - INFO -   ✅ Завершены бэктесты для 103 пар
2026-01-15 17:17:23,904 - INFO -   📊 Всего обработано пар в этом шаге: 103
2026-01-15 17:17:23,904 - INFO -   📈 Результаты шага: 69/103 прибыльных пар, 2552 сделок
2026-01-15 17:17:23,904 - INFO -   💰 P&L шага: $+143.94
2026-01-15 17:17:23,904 - INFO -   ⇢ Обновление капитала и дневного P&L...
2026-01-15 17:17:25,081 - INFO -   💼 Шаг P&L: $+143.94, Накопленный капитал: $10,143.94
2026-01-15 17:17:25,081 - INFO - ------------------------------------------------------------
2026-01-15 17:17:25,081 - INFO -   Walk-forward steps: 1 / 3 (33.3%) | 0.0 items/s | ETA: 790.7s
2026-01-15 17:17:25,081 - INFO - 🔍 WF-шаг 2/3: Валидация временных окон...
2026-01-15 17:17:25,082 - INFO - ⇢ WF-шаг 2/3: training 2023-09-01-2023-10-30, testing 2023-10-31-2023-11-30 — start
2026-01-15 17:17:25,082 - INFO - ⇢ loading step data — start
2026-01-15 17:17:25,277 - INFO - ⇠ loading step data — done in 0.19s
2026-01-15 17:17:26,388 - INFO - 📊 WF-шаг 2/3: Границы данных:
2026-01-15 17:17:26,388 - INFO -    Training: 2023-09-01 00:00:00 → 2023-10-30 23:45:00 (5,760 строк × 292 символов)
2026-01-15 17:17:26,388 - INFO -    Testing:  2023-10-31 00:00:00 → 2023-11-30 00:00:00 (2,881 строк × 292 символов)
2026-01-15 17:17:26,388 - INFO -    Временной разрыв: 0 days 00:15:00
2026-01-15 17:17:26,424 - INFO - ⇢ normalizing training data — start
2026-01-15 17:17:26,456 - INFO -   Символы с NaN значениями: 26
2026-01-15 17:17:26,456 - INFO -   Применяем метод нормализации: rolling_zscore
2026-01-15 17:17:26,474 - INFO - Символы с недостаточной историей: 17 из 292
2026-01-15 17:17:26,859 - INFO - Символы с NaN после нормализации: 275
2026-01-15 17:17:26,865 - INFO - Удалено 617 начальных строк с NaN от rolling расчетов
2026-01-15 17:17:26,867 - INFO - Итоговое количество символов после нормализации: 275 из 292
2026-01-15 17:17:26,867 - INFO -   Статистика нормализации:
2026-01-15 17:17:26,867 - INFO -     Исходные символы: 292
2026-01-15 17:17:26,867 - INFO -     Недостаточная история: 17
2026-01-15 17:17:26,867 - INFO -     Постоянная цена: 0
2026-01-15 17:17:26,867 - INFO -     NaN после нормализации: 275
2026-01-15 17:17:26,867 - INFO -     Итоговые символы: 275 (94.2%)
2026-01-15 17:17:26,867 - INFO -   После нормализации: 275 символов (потеряно 17)
2026-01-15 17:17:26,867 - INFO -   Отброшенные символы: BEAMUSDT, FETUSDT, FLIPUSDT, JEFFUSDT, MEMEUSDT, POLUSDT, PPTUSDT, PYTHUSDT, PYUSDUSDT, ROOTUSDT, RPKUSDT, SHRAPUSDT, TIAUSDT, TOKENUSDT, TUSDUSDT, VRTXUSDT, ZTXUSDT
2026-01-15 17:17:26,867 - INFO - ⇠ normalizing training data — done in 0.44s
2026-01-15 17:17:26,868 - INFO - ⇢ SSD computation — start
2026-01-15 17:17:26,868 - INFO -   Расчет SSD для всех пар (без ограничения)
2026-01-15 17:17:28,932 - INFO -   SSD результат (все пары): 37675 пар
2026-01-15 17:17:28,932 - INFO -   Ограничиваем до top-10000 пар для дальнейшей обработки
2026-01-15 17:17:28,933 - INFO - ⇠ SSD computation — done in 2.07s
2026-01-15 17:17:28,937 - INFO - ⇢ filtering pairs by cointegration and half-life — start
2026-01-15 17:17:28,937 - INFO - [ФИЛЬТР] На входе после SSD: 10000 пар
2026-01-15 17:17:28,937 - INFO - [ФИЛЬТР] Оптимизированный порядок: Данные → Корреляция → Beta → Crossings → Half-life → Коинтеграция → Hurst → KPSS
2026-01-15 17:17:40,084 - INFO - [ФИЛЬТР] После проверки данных: 10000 пар
2026-01-15 17:17:42,824 - INFO - [ФИЛЬТР] После фильтра корреляции (>0.4): 7803 пар
2026-01-15 17:17:44,670 - INFO - [ФИЛЬТР] После фильтра beta: 5461 пар
2026-01-15 17:17:47,147 - INFO - [ФИЛЬТР] После фильтра mean crossings: 5461 пар
2026-01-15 17:18:01,210 - INFO - [ФИЛЬТР] После фильтра half-life: 5444 пар
2026-01-15 17:27:48,972 - INFO - [ФИЛЬТР] После фильтра коинтеграции: 3794 пар
2026-01-15 17:30:12,407 - INFO - [ФИЛЬТР] После фильтра Hurst: 3002 пар
2026-01-15 17:30:13,204 - INFO - [ФИЛЬТР] После фильтра KPSS: 36 пар
2026-01-15 17:30:13,218 - INFO - [ФИЛЬТР] После фильтра market microstructure: 36 пар
2026-01-15 17:30:13,218 - INFO - [ФИЛЬТР] Статистика фильтрации (оптимизированный порядок):
2026-01-15 17:30:13,219 - INFO -   1. SSD → Коинтеграция: 10000 → 3794 пар
2026-01-15 17:30:13,219 - INFO -   2. Коинтеграция → Beta: 3794 → 5461 пар
2026-01-15 17:30:13,219 - INFO -   3. Beta → Half-life: 5461 → 5444 пар
2026-01-15 17:30:13,219 - INFO -   4. Half-life → Mean crossings: 5444 → 5461 пар
2026-01-15 17:30:13,219 - INFO -   5. Mean crossings → Hurst: 5461 → 3002 пар
2026-01-15 17:30:13,219 - INFO -   6. Hurst → KPSS: 3002 → 36 пар
2026-01-15 17:30:13,219 - INFO -   7. KPSS → Market microstructure: 36 → 36 пар
2026-01-15 17:30:13,219 - INFO - [ФИЛЬТР] Причины отсева:
2026-01-15 17:30:13,219 - INFO -   • total: 10000 пар (100.0%)
2026-01-15 17:30:13,219 - INFO -   • kpss: 2966 пар (29.7%)
2026-01-15 17:30:13,219 - INFO -   • beta: 2342 пар (23.4%)
2026-01-15 17:30:13,219 - INFO -   • low_correlation: 2197 пар (22.0%)
2026-01-15 17:30:13,219 - INFO -   • pvalue: 1650 пар (16.5%)
2026-01-15 17:30:13,219 - INFO -   • hurst: 792 пар (7.9%)
2026-01-15 17:30:13,219 - INFO -   • half_life: 17 пар (0.2%)
2026-01-15 17:30:13,219 - INFO - [ФИЛЬТР] Итого: 10000 → 36 пар (0.4% прошли все фильтры)
2026-01-15 17:30:13,235 - INFO - Причины отсева сохранены в results/filter_reasons_20260115_173013.csv
2026-01-15 17:30:13,371 - INFO -   Фильтрация: 10000 → 36 пар
2026-01-15 17:30:13,371 - INFO - ⇠ filtering pairs by cointegration and half-life — done in 764.43s
2026-01-15 17:30:13,371 - INFO - ⇠ WF-шаг 2/3: training 2023-09-01-2023-10-30, testing 2023-10-31-2023-11-30 — done in 768.29s
2026-01-15 17:30:13,372 - INFO -   Топ-3 пары по волатильности спреда:
2026-01-15 17:30:13,372 - INFO -     1. BTCDAI-WBTCUSDT: beta=0.9991, std=60.6766
2026-01-15 17:30:13,372 - INFO -     2. BTCUSDC-WBTCUSDT: beta=0.9998, std=54.3742
2026-01-15 17:30:13,372 - INFO -     3. KSMUSDT-OPUSDC: beta=12.2921, std=0.6013
2026-01-15 17:30:13,372 - INFO -   Всего пар для торговли: 36 (ограничение 15 применяется к одновременно открытым позициям)
2026-01-15 17:30:13,372 - INFO -   💰 Проверка расчета капитала: equity=$10,143.94, кандидатных_пар=36, max_позиций=15
2026-01-15 17:30:13,372 - INFO -   🎯 Target concurrency: 15 (ожидаемое одновременное число позиций)
2026-01-15 17:30:13,372 - INFO -   📊 Детали расчета капитала:
2026-01-15 17:30:13,372 - INFO -      • Базовый капитал на пару: $676.26 (equity / target_concurrency)
2026-01-15 17:30:13,372 - INFO -      • Риск-капитал: $152.16 (1.5% от equity)
2026-01-15 17:30:13,372 - INFO -      • Макс. размер позиции: $202.88 (2.0% от equity)
2026-01-15 17:30:13,372 - INFO -      • Итоговый капитал на пару: $152.16
2026-01-15 17:30:13,373 - INFO - ⇢ WF-шаг 2/3 backtests — starting 36 items
2026-01-15 17:30:13,373 - INFO - 🚀 WF-шаг 2/3: Начинаем бэктесты для 36 пар...
2026-01-15 17:30:13,373 - INFO - 🚀 WF-шаг 2/3: Запускаем параллельную обработку 36 пар на 8 ядрах...
2026-01-15 17:30:13,373 - INFO - 🚀 WF-шаг 2/3: Режим параллельности: процессы
⚙️  Загрузка данных за период: 2023-09-01 -> 2023-11-30
📂 Найдено 43 parquet файлов для обработки.
📊 Схема данных: Schema({'timestamp': Int64, 'open': Float64, 'high': Float64, 'low': Float64, 'close': Float64, 'volume': Float64, 'turnover': String, 'ts_ms': Int64, 'symbol': String})
✅ Загружено 2420293 записей с помощью Polars.
📊 Типы данных в pandas: timestamp       datetime64[us]
symbol                  object
close                  float64
timestamp_ms             int64
dtype: object
2026-01-15 17:30:13,436 - coint2.engine.numba_engine - INFO - Запуск Numba-оптимизированного бэктеста для BTCDAI-WBTCUSDT
2026-01-15 17:30:13,463 - coint2.engine.numba_engine - INFO - Запуск Numba-оптимизированного бэктеста для BTCUSDC-WBTCUSDT
2026-01-15 17:30:13,492 - coint2.engine.numba_engine - INFO - Запуск Numba-оптимизированного бэктеста для KSMUSDT-OPUSDC
2026-01-15 17:30:13,515 - coint2.engine.numba_engine - INFO - Запуск Numba-оптимизированного бэктеста для AVAXUSDT-ICPUSDC
2026-01-15 17:30:13,520 - coint2.engine.numba_engine - INFO - Запуск Numba-оптимизированного бэктеста для KSMUSDT-OPUSDT
2026-01-15 17:30:13,538 - coint2.engine.numba_engine - INFO - Запуск Numba-оптимизированного бэктеста для OMGUSDT-XRPEUR
2026-01-15 17:30:13,542 - coint2.engine.numba_engine - INFO - Запуск Numba-оптимизированного бэктеста для AXSUSDT-UMAUSDT
2026-01-15 17:30:13,548 - coint2.engine.numba_engine - INFO - Запуск Numba-оптимизированного бэктеста для ETCUSDT-IMXUSDT
2026-01-15 17:30:13,560 - coint2.engine.numba_engine - INFO - Запуск Numba-оптимизированного бэктеста для ADAEUR-LDOUSDC
2026-01-15 17:30:13,563 - coint2.engine.numba_engine - INFO - Запуск Numba-оптимизированного бэктеста для OMGUSDT-QTUMUSDT
2026-01-15 17:30:13,570 - coint2.engine.numba_engine - INFO - Запуск Numba-оптимизированного бэктеста для FILUSDC-ROSEUSDT
2026-01-15 17:30:13,577 - coint2.engine.numba_engine - INFO - Запуск Numba-оптимизированного бэктеста для AVAXUSDC-ICPUSDT
2026-01-15 17:30:13,582 - coint2.engine.numba_engine - INFO - Запуск Numba-оптимизированного бэктеста для DAIUSDT-USDCUSDT
2026-01-15 17:30:13,585 - coint2.engine.numba_engine - INFO - Запуск Numba-оптимизированного бэктеста для C98USDT-ICXUSDT
2026-01-15 17:30:13,591 - coint2.engine.numba_engine - INFO - Запуск Numba-оптимизированного бэктеста для FLOWUSDT-QTUMUSDT
2026-01-15 17:30:13,598 - coint2.engine.numba_engine - INFO - Запуск Numba-оптимизированного бэктеста для FILUSDT-ROSEUSDT
2026-01-15 17:30:13,606 - coint2.engine.numba_engine - INFO - Запуск Numba-оптимизированного бэктеста для AVAXUSDC-ICPUSDC
2026-01-15 17:30:13,607 - coint2.engine.numba_engine - INFO - Запуск Numba-оптимизированного бэктеста для TRXUSDC-TRXUSDT
2026-01-15 17:30:13,614 - coint2.engine.numba_engine - INFO - Запуск Numba-оптимизированного бэктеста для BATUSDT-ICXUSDT
2026-01-15 17:30:13,620 - coint2.engine.numba_engine - INFO - Запуск Numba-оптимизированного бэктеста для FLOWUSDT-ORDIUSDT
2026-01-15 17:30:13,627 - coint2.engine.numba_engine - INFO - Запуск Numba-оптимизированного бэктеста для UMAUSDT-WAVESUSDT
2026-01-15 17:30:13,636 - coint2.engine.numba_engine - INFO - Запуск Numba-оптимизированного бэктеста для LUNCUSDC-RVNUSDT
2026-01-15 17:30:13,635 - coint2.engine.numba_engine - INFO - Запуск Numba-оптимизированного бэктеста для AVAXUSDT-ICPUSDT
2026-01-15 17:30:13,643 - coint2.engine.numba_engine - INFO - Запуск Numba-оптимизированного бэктеста для CHZUSDC-PEOPLEUSDT
2026-01-15 17:30:13,649 - coint2.engine.numba_engine - INFO - Запуск Numba-оптимизированного бэктеста для FLOWUSDT-ROSEUSDT
2026-01-15 17:30:13,656 - coint2.engine.numba_engine - INFO - Запуск Numba-оптимизированного бэктеста для IMXUSDT-LTCEUR
2026-01-15 17:30:13,665 - coint2.engine.numba_engine - INFO - Запуск Numba-оптимизированного бэктеста для LUNCUSDT-RVNUSDT
2026-01-15 17:30:13,671 - coint2.engine.numba_engine - INFO - Запуск Numba-оптимизированного бэктеста для CHZUSDT-PEOPLEUSDT
2026-01-15 17:30:13,679 - coint2.engine.numba_engine - INFO - Запуск Numba-оптимизированного бэктеста для MANAUSDC-PEOPLEUSDT
2026-01-15 17:30:13,685 - coint2.engine.numba_engine - INFO - Запуск Numba-оптимизированного бэктеста для ARKMUSDT-UNIUSDT
2026-01-15 17:30:13,701 - coint2.engine.numba_engine - INFO - Запуск Numba-оптимизированного бэктеста для HFTUSDC-HFTUSDT
2026-01-15 17:30:13,707 - coint2.engine.numba_engine - INFO - Запуск Numba-оптимизированного бэктеста для MANAUSDT-PEOPLEUSDT
2026-01-15 17:30:13,715 - coint2.engine.numba_engine - INFO - Запуск Numba-оптимизированного бэктеста для BELUSDT-USTCUSDT
2026-01-15 17:30:13,729 - coint2.engine.numba_engine - INFO - Запуск Numba-оптимизированного бэктеста для DOGEEUR-DYDXUSDT
2026-01-15 17:30:13,737 - coint2.engine.numba_engine - INFO - Запуск Numba-оптимизированного бэктеста для ADAEUR-LDOUSDT
2026-01-15 17:30:13,760 - coint2.engine.numba_engine - INFO - Запуск Numba-оптимизированного бэктеста для ONEUSDT-WAVESUSDT
2026-01-15 17:30:13,804 - INFO -   ⏱️ Параллельная обработка завершена за 0.4с (83.4 пар/с)
2026-01-15 17:30:13,819 - coint2.pipeline.walk_forward_orchestrator - INFO - 🎯 СИМУЛЯЦИЯ ПОРТФЕЛЯ: 36 пар, лимит 15 позиций
2026-01-15 17:30:14,272 - coint2.pipeline.walk_forward_orchestrator - INFO -    📈 Макс. одновременных сигналов: 15
2026-01-15 17:30:14,272 - coint2.pipeline.walk_forward_orchestrator - INFO -    📊 Средн. сигналов за период: 0.4
2026-01-15 17:30:14,272 - coint2.pipeline.walk_forward_orchestrator - INFO -    🎯 Финальных активных позиций: 0
2026-01-15 17:30:14,273 - coint2.pipeline.walk_forward_orchestrator - INFO -    ⚡ Утилизация лимита позиций: 2.8%
2026-01-15 17:30:14,274 - INFO - ⇠ WF-шаг 2/3 backtests — completed 36 items in 0.90s (39.9 items/s)
2026-01-15 17:30:14,274 - INFO -   ✅ Обработка завершена: 36 успешно, 0 с ошибками
2026-01-15 17:30:14,274 - INFO -   📊 Успешность: 100.0%, прибыльность: 50.0%, сделок/пара: 16.7
2026-01-15 17:30:14,274 - INFO -   ✅ Завершены бэктесты для 36 пар
2026-01-15 17:30:14,274 - INFO -   📊 Всего обработано пар в этом шаге: 36
2026-01-15 17:30:14,274 - INFO -   📈 Результаты шага: 18/36 прибыльных пар, 602 сделок
2026-01-15 17:30:14,274 - INFO -   💰 P&L шага: $+123.62
2026-01-15 17:30:14,274 - INFO -   ⇢ Обновление капитала и дневного P&L...
2026-01-15 17:30:15,505 - INFO -   💼 Шаг P&L: $+123.62, Накопленный капитал: $10,267.56
2026-01-15 17:30:15,505 - INFO - ------------------------------------------------------------
2026-01-15 17:30:15,505 - INFO -   Walk-forward steps: 2 / 3 (66.7%) | 0.0 items/s | ETA: 582.9s
2026-01-15 17:30:15,505 - INFO - 🔍 WF-шаг 3/3: Валидация временных окон...
2026-01-15 17:30:15,506 - INFO - ⇢ WF-шаг 3/3: training 2023-10-01-2023-11-29, testing 2023-11-30-2023-12-30 — start
2026-01-15 17:30:15,506 - INFO - ⇢ loading step data — start
2026-01-15 17:30:15,687 - INFO - ⇠ loading step data — done in 0.18s
2026-01-15 17:30:16,985 - INFO - 📊 WF-шаг 3/3: Границы данных:
2026-01-15 17:30:16,985 - INFO -    Training: 2023-10-01 00:00:00 → 2023-11-29 23:45:00 (5,760 строк × 309 символов)
2026-01-15 17:30:16,985 - INFO -    Testing:  2023-11-30 00:00:00 → 2023-12-30 00:00:00 (2,881 строк × 309 символов)
2026-01-15 17:30:16,985 - INFO -    Временной разрыв: 0 days 00:15:00
2026-01-15 17:30:17,023 - INFO - ⇢ normalizing training data — start
2026-01-15 17:30:17,056 - INFO -   Символы с NaN значениями: 33
2026-01-15 17:30:17,057 - INFO -   Применяем метод нормализации: rolling_zscore
2026-01-15 17:30:17,071 - INFO - Символы с недостаточной историей: 32 из 309
2026-01-15 17:30:17,454 - INFO - Символы с NaN после нормализации: 277
2026-01-15 17:30:17,463 - INFO - Удалено 233 начальных строк с NaN от rolling расчетов
2026-01-15 17:30:17,465 - INFO - Итоговое количество символов после нормализации: 277 из 309
2026-01-15 17:30:17,466 - INFO -   Статистика нормализации:
2026-01-15 17:30:17,466 - INFO -     Исходные символы: 309
2026-01-15 17:30:17,466 - INFO -     Недостаточная история: 32
2026-01-15 17:30:17,466 - INFO -     Постоянная цена: 0
2026-01-15 17:30:17,466 - INFO -     NaN после нормализации: 277
2026-01-15 17:30:17,466 - INFO -     Итоговые символы: 277 (89.6%)
2026-01-15 17:30:17,466 - INFO -   После нормализации: 277 символов (потеряно 32)
2026-01-15 17:30:17,466 - INFO -   Отброшено много символов: 32 из 309
2026-01-15 17:30:17,466 - INFO - ⇠ normalizing training data — done in 0.44s
2026-01-15 17:30:17,467 - INFO - ⇢ SSD computation — start
2026-01-15 17:30:17,467 - INFO -   Расчет SSD для всех пар (без ограничения)
