[run_wfa_queue] 2026-01-19T10:49:50Z cmd: /opt/coint4/coint4/run_wfa_fullcpu.sh configs/stability_20260119_relaxed5/stability_relaxed5_20260119_pv0p08_hurst0p65_hl0p02_60_corr0p45_ssd50000_kpss0p03_w3m2.yaml artifacts/wfa/runs/20260119_stability_relaxed5/stability_relaxed5_20260119_pv0p08_hurst0p65_hl0p02_60_corr0p45_ssd50000_kpss0p03_w3m2
[run_wfa_fullcpu] start: 2026-01-19T10:49:50Z
[run_wfa_fullcpu] os.cpu_count: 8
[run_wfa_fullcpu] worker_pid=1318
2026-01-19 10:49:53,609 - coint2.core.memory_optimization - INFO - ✅ BLAS threading limits set to 1 via threadpoolctl
2026-01-19 10:49:53,609 - coint2.core.memory_optimization - INFO - 🔧 Controlled libraries: openblas, openmp
2026-01-19 10:49:53,610 - coint2.core.memory_optimization - INFO - 🧵 Process threads: 2 → 2
2026-01-19 10:49:53,610 - coint2.core.memory_optimization - INFO - 📝 Set 11 environment variables
2026-01-19 10:49:54,005 - INFO - ✅ Параметры конфигурации валидны
2026-01-19 10:49:54,005 - INFO - 📝 Некоторые параметры были скорректированы:
2026-01-19 10:49:54,006 - INFO - 🧭 WFA: динамический отбор пар на каждом шаге
2026-01-19 10:49:54,006 - INFO -   Шаг 1: тренировка 2023-08-02-2023-09-30, тест 2023-10-01-2023-10-31
2026-01-19 10:49:54,006 - INFO -   Шаг 2: тренировка 2023-09-01-2023-10-30, тест 2023-10-31-2023-11-30
2026-01-19 10:49:54,006 - INFO -   Шаг 3: тренировка 2023-10-01-2023-11-29, тест 2023-11-30-2023-12-30
2026-01-19 10:49:54,006 - INFO -   Шаг 4: тренировка 2023-10-31-2023-12-29, тест 2023-12-30-2024-01-29
2026-01-19 10:49:54,006 - INFO -   Шаг 5: тренировка 2023-11-30-2024-01-28, тест 2024-01-29-2024-02-28
2026-01-19 10:49:54,006 - INFO -   Шаг 6: тренировка 2023-12-30-2024-02-27, тест 2024-02-28-2024-03-29
2026-01-19 10:49:54,006 - INFO -   Шаг 7: тренировка 2024-01-29-2024-03-28, тест 2024-03-29-2024-04-28
2026-01-19 10:49:54,006 - INFO -   Шаг 8: тренировка 2024-02-28-2024-04-27, тест 2024-04-28-2024-05-28
2026-01-19 10:49:54,006 - INFO - 📈 Запланировано 8 walk-forward шагов
2026-01-19 10:49:54,006 - INFO - ⛔ Ограничение WFA шагов: 8 → 5
2026-01-19 10:49:54,006 - WARNING - ⚠️ Маленький буфер между training и testing в шаге 1: 0 дней. Рекомендуется минимум 1 день.
2026-01-19 10:49:54,006 - WARNING - ⚠️ Маленький буфер между training и testing в шаге 2: 0 дней. Рекомендуется минимум 1 день.
2026-01-19 10:49:54,006 - WARNING - ⚠️ Маленький буфер между training и testing в шаге 3: 0 дней. Рекомендуется минимум 1 день.
2026-01-19 10:49:54,006 - WARNING - ⚠️ Маленький буфер между training и testing в шаге 4: 0 дней. Рекомендуется минимум 1 день.
2026-01-19 10:49:54,006 - WARNING - ⚠️ Маленький буфер между training и testing в шаге 5: 0 дней. Рекомендуется минимум 1 день.
2026-01-19 10:49:54,006 - INFO - ✅ Шаги успешно запланированы:
2026-01-19 10:49:54,006 - INFO -    Шаг 1: тренировка 2023-08-02-2023-09-30, тест 2023-10-01-2023-10-31
2026-01-19 10:49:54,006 - INFO -    Шаг 2: тренировка 2023-09-01-2023-10-30, тест 2023-10-31-2023-11-30
2026-01-19 10:49:54,006 - INFO -    Шаг 3: тренировка 2023-10-01-2023-11-29, тест 2023-11-30-2023-12-30
2026-01-19 10:49:54,007 - INFO -    Шаг 4: тренировка 2023-10-31-2023-12-29, тест 2023-12-30-2024-01-29
2026-01-19 10:49:54,007 - INFO -    Шаг 5: тренировка 2023-11-30-2024-01-28, тест 2024-01-29-2024-02-28
2026-01-19 10:49:54,007 - INFO - 🗂️ Consolidating price data for memory-mapped access...
2026-01-19 10:49:54,007 - INFO - 📊 Consolidating data range: 2023-07-28 → 2024-03-04
2026-01-19 10:49:54,007 - coint2.core.memory_optimization - INFO - 🔄 Consolidating price data from data_downloaded to .cache/consolidated_prices.parquet
2026-01-19 10:49:54,007 - INFO - ⇢ loading raw data for consolidation — start
2026-01-19 10:49:55,419 - INFO - ⇠ loading raw data for consolidation — done in 1.41s
2026-01-19 10:49:55,419 - INFO - ⇢ pivoting data to wide format — start
2026-01-19 10:50:00,606 - INFO - ⇠ pivoting data to wide format — done in 5.19s
2026-01-19 10:50:00,648 - coint2.core.memory_optimization - INFO - 📊 Consolidated data: 21121 rows × 346 symbols
2026-01-19 10:50:00,648 - coint2.core.memory_optimization - INFO - 💾 Memory usage: 29.4 MB
2026-01-19 10:50:00,649 - INFO - ⇢ writing consolidated Parquet file — start
2026-01-19 10:50:00,876 - INFO - ⇠ writing consolidated Parquet file — done in 0.23s
2026-01-19 10:50:00,876 - coint2.core.memory_optimization - INFO - ✅ Successfully consolidated data to .cache/consolidated_prices.parquet
2026-01-19 10:50:00,900 - coint2.core.memory_optimization - INFO - 🔄 Initializing memory-mapped price data from .cache/consolidated_prices.parquet
2026-01-19 10:50:00,900 - INFO - ⇢ loading memory-mapped data — start
2026-01-19 10:50:00,901 - coint2.core.memory_optimization - WARNING - ⚠️ memory_map не поддерживается в текущей версии pyarrow, fallback без mmap
2026-01-19 10:50:01,026 - INFO - ⇠ loading memory-mapped data — done in 0.13s
2026-01-19 10:50:01,036 - coint2.core.memory_optimization - INFO - 📊 Loaded 21121 rows × 346 symbols
2026-01-19 10:50:01,036 - coint2.core.memory_optimization - INFO - 💾 Memory usage: 29.4 MB (memory-mapped)
2026-01-19 10:50:01,037 - INFO - ✅ Memory-mapped data initialized successfully
2026-01-19 10:50:01,038 - INFO - ⇢ Walk-forward steps — starting 5 items
2026-01-19 10:50:01,039 - INFO - 📈 Инициализация equity кривой с первой тестовой даты: 2023-10-01 00:00:00
2026-01-19 10:50:01,039 - INFO - 🔍 WF-шаг 1/5: Валидация временных окон...
2026-01-19 10:50:01,039 - INFO - ⇢ WF-шаг 1/5: training 2023-08-02-2023-09-30, testing 2023-10-01-2023-10-31 — start
2026-01-19 10:50:01,039 - INFO - ⇢ loading step data — start
2026-01-19 10:50:01,184 - INFO - ⇠ loading step data — done in 0.15s
2026-01-19 10:50:02,470 - INFO - 📊 WF-шаг 1/5: Границы данных:
2026-01-19 10:50:02,470 - INFO -    Training: 2023-08-02 00:00:00 → 2023-09-30 23:45:00 (5,760 строк × 282 символов)
2026-01-19 10:50:02,470 - INFO -    Testing:  2023-10-01 00:00:00 → 2023-10-31 00:00:00 (2,881 строк × 282 символов)
2026-01-19 10:50:02,470 - INFO -    Временной разрыв: 0 days 00:15:00
2026-01-19 10:50:02,508 - INFO - ⇢ normalizing training data — start
2026-01-19 10:50:02,540 - INFO -   Символы с NaN значениями: 20
2026-01-19 10:50:02,541 - INFO -   Применяем метод нормализации: rolling_zscore
2026-01-19 10:50:02,555 - INFO - Символы с недостаточной историей: 20 из 282
2026-01-19 10:50:02,930 - INFO - Символы с NaN после нормализации: 262
2026-01-19 10:50:02,936 - INFO - Удалено 1 начальных строк с NaN от rolling расчетов
2026-01-19 10:50:02,938 - INFO - Итоговое количество символов после нормализации: 262 из 282
2026-01-19 10:50:02,939 - INFO -   Статистика нормализации:
2026-01-19 10:50:02,939 - INFO -     Исходные символы: 282
2026-01-19 10:50:02,939 - INFO -     Недостаточная история: 20
2026-01-19 10:50:02,939 - INFO -     Постоянная цена: 0
2026-01-19 10:50:02,939 - INFO -     NaN после нормализации: 262
2026-01-19 10:50:02,939 - INFO -     Итоговые символы: 262 (92.9%)
2026-01-19 10:50:02,939 - INFO -   После нормализации: 262 символов (потеряно 20)
2026-01-19 10:50:02,939 - INFO -   Отброшенные символы: ADAEUR, BEAMUSDT, BTCEUR, CYBERUSDT, DOGEEUR, ETHEUR, FETUSDT, JEFFUSDT, KASUSDT, KAVAUSDT, LTCEUR, ORDIUSDT, POLUSDT, PPTUSDT, PYUSDUSDT, SEIUSDT, SOLEUR, USDCEUR, XRPEUR, ZTXUSDT
2026-01-19 10:50:02,939 - INFO - ⇠ normalizing training data — done in 0.43s
2026-01-19 10:50:02,939 - INFO - ⇢ SSD computation — start
2026-01-19 10:50:02,939 - INFO -   Расчет SSD для всех пар (без ограничения)
2026-01-19 10:50:08,409 - INFO -   SSD результат (все пары): 34191 пар
2026-01-19 10:50:08,409 - INFO - ⇠ SSD computation — done in 5.47s
2026-01-19 10:50:08,418 - INFO - ⇢ filtering pairs by cointegration and half-life — start
2026-01-19 10:50:08,418 - INFO - [ФИЛЬТР] Параллельная фильтрация: processes (8 workers)
⚙️  Загрузка данных за период: 2023-07-28 -> 2024-03-04
📂 Найдено 43 parquet файлов для обработки.
📊 Схема данных: Schema({'timestamp': Int64, 'open': Float64, 'high': Float64, 'low': Float64, 'close': Float64, 'volume': Float64, 'turnover': String, 'ts_ms': Int64, 'symbol': String})
✅ Загружено 6226682 записей с помощью Polars.
📊 Типы данных в pandas: timestamp       datetime64[us]
symbol                  object
close                  float64
timestamp_ms             int64
dtype: object
⚙️  Загрузка данных за период: 2023-08-02 -> 2023-10-31
📂 Найдено 43 parquet файлов для обработки.
📊 Схема данных: Schema({'timestamp': Int64, 'open': Float64, 'high': Float64, 'low': Float64, 'close': Float64, 'volume': Float64, 'turnover': String, 'ts_ms': Int64, 'symbol': String})
✅ Загружено 2351056 записей с помощью Polars.
📊 Типы данных в pandas: timestamp       datetime64[us]
symbol                  object
close                  float64
timestamp_ms             int64
dtype: object
2026-01-19 10:52:21,957 - INFO - [ФИЛЬТР] После проверки данных: 34191 пар
2026-01-19 10:52:21,957 - INFO - [ФИЛЬТР] После фильтра корреляции (>0.45): 24243 пар
2026-01-19 10:52:21,957 - INFO - [ФИЛЬТР] После фильтра beta: 16020 пар
2026-01-19 10:52:21,957 - INFO - [ФИЛЬТР] После фильтра mean crossings: 16020 пар
2026-01-19 10:52:21,957 - INFO - [ФИЛЬТР] После фильтра half-life: 15921 пар
2026-01-19 10:52:21,957 - INFO - [ФИЛЬТР] После фильтра коинтеграции: 6593 пар
2026-01-19 10:52:21,958 - INFO - [ФИЛЬТР] После фильтра Hurst: 4567 пар
2026-01-19 10:52:21,958 - INFO - [ФИЛЬТР] После фильтра KPSS: 247 пар
2026-01-19 10:52:21,958 - INFO - [ФИЛЬТР] После фильтра market microstructure: 247 пар
2026-01-19 10:52:21,958 - INFO - [ФИЛЬТР] Статистика фильтрации (оптимизированный порядок):
2026-01-19 10:52:21,958 - INFO -   1. SSD → Коинтеграция: 34191 → 6593 пар
2026-01-19 10:52:21,958 - INFO -   2. Коинтеграция → Beta: 6593 → 16020 пар
2026-01-19 10:52:21,958 - INFO -   3. Beta → Half-life: 16020 → 15921 пар
2026-01-19 10:52:21,958 - INFO -   4. Half-life → Mean crossings: 15921 → 16020 пар
2026-01-19 10:52:21,958 - INFO -   5. Mean crossings → Hurst: 16020 → 4567 пар
2026-01-19 10:52:21,958 - INFO -   6. Hurst → KPSS: 4567 → 247 пар
2026-01-19 10:52:21,958 - INFO -   7. KPSS → Market microstructure: 247 → 247 пар
2026-01-19 10:52:21,958 - INFO - [ФИЛЬТР] Причины отсева:
2026-01-19 10:52:21,958 - INFO -   • low_correlation: 9948 пар (29.1%)
2026-01-19 10:52:21,958 - INFO -   • pvalue: 9328 пар (27.3%)
2026-01-19 10:52:21,958 - INFO -   • beta: 8223 пар (24.1%)
2026-01-19 10:52:21,958 - INFO -   • kpss: 4320 пар (12.6%)
2026-01-19 10:52:21,958 - INFO -   • hurst: 2026 пар (5.9%)
2026-01-19 10:52:21,958 - INFO -   • half_life: 99 пар (0.3%)
2026-01-19 10:52:21,958 - INFO - [ФИЛЬТР] Итого: 34191 → 247 пар (0.7% прошли все фильтры)
2026-01-19 10:52:22,065 - INFO - Причины отсева сохранены в results/filter_reasons_20260119_105221.csv
2026-01-19 10:52:22,078 - INFO -   Pair stability filter: insufficient history (0 < 2), skip
2026-01-19 10:52:22,079 - INFO -   Фильтрация: 34191 → 247 пар
2026-01-19 10:52:22,079 - INFO - ⇠ filtering pairs by cointegration and half-life — done in 133.66s
2026-01-19 10:52:22,079 - INFO - ⇠ WF-шаг 1/5: training 2023-08-02-2023-09-30, testing 2023-10-01-2023-10-31 — done in 141.04s
2026-01-19 10:52:22,079 - INFO -   Топ-3 пары по волатильности спреда:
2026-01-19 10:52:22,079 - INFO -     1. COMPUSDT-GMXUSDT: beta=1.0239, std=2.0031
2026-01-19 10:52:22,079 - INFO -     2. COMPUSDT-LTCUSDC: beta=0.8118, std=1.8132
2026-01-19 10:52:22,079 - INFO -     3. COMPUSDT-LTCUSDT: beta=0.8093, std=1.8119
2026-01-19 10:52:22,079 - INFO -   Всего пар для торговли: 247 (ограничение 15 применяется к одновременно открытым позициям)
2026-01-19 10:52:22,079 - INFO -   💰 Проверка расчета капитала: equity=$10,000.00, кандидатных_пар=247, max_позиций=15
2026-01-19 10:52:22,079 - INFO -   🎯 Target concurrency: 15 (ожидаемое одновременное число позиций)
2026-01-19 10:52:22,079 - INFO -   📊 Детали расчета капитала:
2026-01-19 10:52:22,080 - INFO -      • Базовый капитал на пару: $666.67 (equity / target_concurrency)
2026-01-19 10:52:22,080 - INFO -      • Риск-капитал: $150.00 (1.5% от equity)
2026-01-19 10:52:22,080 - INFO -      • Макс. размер позиции: $200.00 (2.0% от equity)
2026-01-19 10:52:22,080 - INFO -      • Итоговый капитал на пару: $150.00
2026-01-19 10:52:22,080 - INFO - ⇢ WF-шаг 1/5 backtests — starting 247 items
2026-01-19 10:52:22,080 - INFO - 🚀 WF-шаг 1/5: Начинаем бэктесты для 247 пар...
2026-01-19 10:52:22,080 - INFO - 🚀 WF-шаг 1/5: Запускаем параллельную обработку 247 пар на 8 ядрах...
2026-01-19 10:52:22,080 - INFO -   📊 Большой набор пар (247), ожидаемое время: ~9 мин
2026-01-19 10:52:22,080 - INFO -   🔄 Прогресс будет отображаться каждые 24 пар
2026-01-19 10:52:22,080 - INFO - 🚀 WF-шаг 1/5: Режим параллельности: процессы
2026-01-19 10:52:22,186 - coint2.engine.numba_engine - INFO - Запуск Numba-оптимизированного бэктеста для COMPUSDT-GMXUSDT
2026-01-19 10:52:22,220 - coint2.engine.numba_engine - INFO - Запуск Numba-оптимизированного бэктеста для COMPUSDT-LTCUSDC
2026-01-19 10:52:22,258 - coint2.engine.numba_engine - INFO - Запуск Numba-оптимизированного бэктеста для COMPUSDT-LTCUSDT
2026-01-19 10:52:22,296 - coint2.engine.numba_engine - INFO - Запуск Numba-оптимизированного бэктеста для RPLUSDT-SDUSDT
2026-01-19 10:52:22,330 - coint2.engine.numba_engine - INFO - Запуск Numba-оптимизированного бэктеста для TIMEUSDT-XRPUSDT
2026-01-19 10:52:22,329 - coint2.engine.numba_engine - INFO - Запуск Numba-оптимизированного бэктеста для TIMEUSDT-ZENUSDT
2026-01-19 10:52:22,360 - coint2.engine.numba_engine - INFO - Запуск Numba-оптимизированного бэктеста для TIMEUSDT-WAVESUSDT
2026-01-19 10:52:22,383 - coint2.engine.numba_engine - INFO - Запуск Numba-оптимизированного бэктеста для APTUSDC-ARBUSDT
2026-01-19 10:52:22,402 - coint2.engine.numba_engine - INFO - Запуск Numba-оптимизированного бэктеста для ETHUSDC-ETHUSDT
2026-01-19 10:52:22,409 - coint2.engine.numba_engine - INFO - Запуск Numba-оптимизированного бэктеста для TIMEUSDT-UMAUSDT
2026-01-19 10:52:22,428 - coint2.engine.numba_engine - INFO - Запуск Numba-оптимизированного бэктеста для KSMUSDT-STETHUSDT
2026-01-19 10:52:22,436 - coint2.engine.numba_engine - INFO - Запуск Numba-оптимизированного бэктеста для DOTUSDC-SDUSDT
2026-01-19 10:52:22,443 - coint2.engine.numba_engine - INFO - Запуск Numba-оптимизированного бэктеста для TIMEUSDT-XRPUSDC
2026-01-19 10:52:22,450 - coint2.engine.numba_engine - INFO - Запуск Numba-оптимизированного бэктеста для ARUSDT-XRPUSDT
2026-01-19 10:52:22,471 - coint2.engine.numba_engine - INFO - Запуск Numba-оптимизированного бэктеста для ETCUSDT-XRPUSDT
2026-01-19 10:52:22,472 - coint2.engine.numba_engine - INFO - Запуск Numba-оптимизированного бэктеста для ARUSDT-MASKUSDT
2026-01-19 10:52:22,481 - coint2.engine.numba_engine - INFO - Запуск Numba-оптимизированного бэктеста для INTERUSDT-LUNAUSDT
2026-01-19 10:52:22,498 - coint2.engine.numba_engine - INFO - Запуск Numba-оптимизированного бэктеста для ETCUSDT-XRPUSDC
2026-01-19 10:52:22,502 - coint2.engine.numba_engine - INFO - Запуск Numba-оптимизированного бэктеста для AXSUSDT-GMTUSDT
2026-01-19 10:52:22,521 - coint2.engine.numba_engine - INFO - Запуск Numba-оптимизированного бэктеста для ARUSDT-MANAUSDT
2026-01-19 10:52:22,524 - coint2.engine.numba_engine - INFO - Запуск Numba-оптимизированного бэктеста для APTUSDT-ARBUSDC
2026-01-19 10:52:22,527 - coint2.engine.numba_engine - INFO - Запуск Numba-оптимизированного бэктеста для INTERUSDT-SOLOUSDT
2026-01-19 10:52:22,532 - coint2.engine.numba_engine - INFO - Запуск Numba-оптимизированного бэктеста для AXSUSDT-GMTUSDC
2026-01-19 10:52:22,543 - coint2.engine.numba_engine - INFO - Запуск Numba-оптимизированного бэктеста для SNXUSDT-SOLOUSDT
2026-01-19 10:52:22,546 - coint2.engine.numba_engine - INFO - Запуск Numba-оптимизированного бэктеста для ARUSDT-MANAUSDC
2026-01-19 10:52:22,570 - coint2.engine.numba_engine - INFO - Запуск Numba-оптимизированного бэктеста для HNTUSDT-MDAOUSDT
2026-01-19 10:52:22,573 - coint2.engine.numba_engine - INFO - Запуск Numba-оптимизированного бэктеста для AXSUSDT-UNIUSDT
2026-01-19 10:52:22,578 - coint2.engine.numba_engine - INFO - Запуск Numba-оптимизированного бэктеста для APTUSDC-ARBUSDC
2026-01-19 10:52:22,581 - coint2.engine.numba_engine - INFO - Запуск Numba-оптимизированного бэктеста для INTERUSDT-XRPUSDC
2026-01-19 10:52:22,582 - coint2.engine.numba_engine - INFO - Запуск Numba-оптимизированного бэктеста для APEUSDC-PSTAKEUSDT
2026-01-19 10:52:22,593 - coint2.engine.numba_engine - INFO - Запуск Numba-оптимизированного бэктеста для INTERUSDT-WAXPUSDT
2026-01-19 10:52:22,601 - coint2.engine.numba_engine - INFO - Запуск Numba-оптимизированного бэктеста для INTERUSDT-KSMUSDT
2026-01-19 10:52:22,615 - coint2.engine.numba_engine - INFO - Запуск Numba-оптимизированного бэктеста для APTUSDT-ARBUSDT
2026-01-19 10:52:22,619 - coint2.engine.numba_engine - INFO - Запуск Numba-оптимизированного бэктеста для AXSUSDT-SANDUSDT
2026-01-19 10:52:22,623 - coint2.engine.numba_engine - INFO - Запуск Numba-оптимизированного бэктеста для INTERUSDT-XRPUSDT
2026-01-19 10:52:22,625 - coint2.engine.numba_engine - INFO - Запуск Numba-оптимизированного бэктеста для INTERUSDT-QTUMUSDT
2026-01-19 10:52:22,629 - coint2.engine.numba_engine - INFO - Запуск Numba-оптимизированного бэктеста для ARUSDT-FILUSDT
2026-01-19 10:52:22,634 - coint2.engine.numba_engine - INFO - Запуск Numba-оптимизированного бэктеста для HNTUSDT-SDUSDT
2026-01-19 10:52:22,641 - coint2.engine.numba_engine - INFO - Запуск Numba-оптимизированного бэктеста для MASKUSDT-XRPUSDC
2026-01-19 10:52:22,644 - coint2.engine.numba_engine - INFO - Запуск Numba-оптимизированного бэктеста для INTERUSDT-ZENUSDT
2026-01-19 10:52:22,663 - coint2.engine.numba_engine - INFO - Запуск Numba-оптимизированного бэктеста для INTERUSDT-STXUSDT
2026-01-19 10:52:22,666 - coint2.engine.numba_engine - INFO - Запуск Numba-оптимизированного бэктеста для DOTUSDT-SDUSDT
2026-01-19 10:52:22,672 - coint2.engine.numba_engine - INFO - Запуск Numba-оптимизированного бэктеста для INTERUSDT-ZILUSDT
2026-01-19 10:52:22,678 - coint2.engine.numba_engine - INFO - Запуск Numba-оптимизированного бэктеста для AXSUSDT-SANDUSDC
2026-01-19 10:52:22,677 - coint2.engine.numba_engine - INFO - Запуск Numba-оптимизированного бэктеста для MASKUSDT-XRPUSDT
2026-01-19 10:52:22,683 - coint2.engine.numba_engine - INFO - Запуск Numba-оптимизированного бэктеста для AFCUSDT-ICPUSDC
2026-01-19 10:52:22,690 - coint2.engine.numba_engine - INFO - Запуск Numba-оптимизированного бэктеста для HNTUSDT-VPADUSDT
2026-01-19 10:52:22,693 - coint2.engine.numba_engine - INFO - Запуск Numba-оптимизированного бэктеста для INTERUSDT-UMAUSDT
2026-01-19 10:52:22,711 - coint2.engine.numba_engine - INFO - Запуск Numba-оптимизированного бэктеста для INTERUSDT-LTCUSDC
2026-01-19 10:52:22,715 - coint2.engine.numba_engine - INFO - Запуск Numba-оптимизированного бэктеста для INTERUSDT-THETAUSDT
2026-01-19 10:52:22,716 - coint2.engine.numba_engine - INFO - Запуск Numba-оптимизированного бэктеста для PSGUSDT-SDUSDT
2026-01-19 10:52:22,720 - coint2.engine.numba_engine - INFO - Запуск Numba-оптимизированного бэктеста для INTERUSDT-XEMUSDT
2026-01-19 10:52:22,726 - coint2.engine.numba_engine - INFO - Запуск Numba-оптимизированного бэктеста для AFCUSDT-VPADUSDT
2026-01-19 10:52:22,730 - coint2.engine.numba_engine - INFO - Запуск Numba-оптимизированного бэктеста для INTERUSDT-ROSEUSDT
2026-01-19 10:52:22,736 - coint2.engine.numba_engine - INFO - Запуск Numba-оптимизированного бэктеста для AFCUSDT-ICPUSDT
2026-01-19 10:52:22,738 - coint2.engine.numba_engine - INFO - Запуск Numba-оптимизированного бэктеста для INTERUSDT-MANAUSDT
2026-01-19 10:52:22,740 - coint2.engine.numba_engine - INFO - Запуск Numba-оптимизированного бэктеста для INTERUSDT-MANAUSDC
2026-01-19 10:52:22,758 - coint2.engine.numba_engine - INFO - Запуск Numba-оптимизированного бэктеста для INTERUSDT-SNXUSDT
2026-01-19 10:52:22,763 - coint2.engine.numba_engine - INFO - Запуск Numba-оптимизированного бэктеста для PSGUSDT-VPADUSDT
2026-01-19 10:52:22,763 - coint2.engine.numba_engine - INFO - Запуск Numba-оптимизированного бэктеста для INTERUSDT-WAVESUSDT
2026-01-19 10:52:22,768 - coint2.engine.numba_engine - INFO - Запуск Numba-оптимизированного бэктеста для AFCUSDT-AVAXUSDC
2026-01-19 10:52:22,774 - coint2.engine.numba_engine - INFO - Запуск Numba-оптимизированного бэктеста для ETHWUSDT-XTZUSDT
2026-01-19 10:52:22,777 - coint2.engine.numba_engine - INFO - Запуск Numba-оптимизированного бэктеста для INTERUSDT-LTCUSDT
2026-01-19 10:52:22,781 - coint2.engine.numba_engine - INFO - Запуск Numba-оптимизированного бэктеста для CITYUSDT-DOTUSDC
2026-01-19 10:52:22,785 - coint2.engine.numba_engine - INFO - Запуск Numba-оптимизированного бэктеста для INTERUSDT-USTCUSDT
2026-01-19 10:52:22,785 - coint2.engine.numba_engine - INFO - Запуск Numba-оптимизированного бэктеста для AFCUSDT-DOTUSDT
2026-01-19 10:52:22,805 - coint2.engine.numba_engine - INFO - Запуск Numba-оптимизированного бэктеста для APEUSDT-PSTAKEUSDT
2026-01-19 10:52:22,809 - coint2.engine.numba_engine - INFO - Запуск Numba-оптимизированного бэктеста для AFCUSDT-AVAXUSDT
2026-01-19 10:52:22,813 - coint2.engine.numba_engine - INFO - Запуск Numba-оптимизированного бэктеста для NEARUSDT-RPLUSDT
2026-01-19 10:52:22,819 - coint2.engine.numba_engine - INFO - Запуск Numba-оптимизированного бэктеста для CITYUSDT-DOTUSDT
2026-01-19 10:52:22,820 - coint2.engine.numba_engine - INFO - Запуск Numba-оптимизированного бэктеста для DYDXUSDT-QNTUSDT
2026-01-19 10:52:22,821 - coint2.engine.numba_engine - INFO - Запуск Numba-оптимизированного бэктеста для SUSHIUSDT-USTCUSDT
2026-01-19 10:52:22,829 - coint2.engine.numba_engine - INFO - Запуск Numba-оптимизированного бэктеста для AFCUSDT-DOTUSDC
2026-01-19 10:52:22,835 - coint2.engine.numba_engine - INFO - Запуск Numba-оптимизированного бэктеста для BELUSDT-FTTUSDT
2026-01-19 10:52:22,836 - coint2.engine.numba_engine - INFO - Запуск Numba-оптимизированного бэктеста для ETHWUSDT-SANDUSDT
2026-01-19 10:52:22,854 - coint2.engine.numba_engine - INFO - Запуск Numba-оптимизированного бэктеста для QTUMUSDT-STXUSDT
2026-01-19 10:52:22,855 - coint2.engine.numba_engine - INFO - Запуск Numba-оптимизированного бэктеста для INTERUSDT-MASKUSDT
2026-01-19 10:52:22,858 - coint2.engine.numba_engine - INFO - Запуск Numba-оптимизированного бэктеста для ARKMUSDT-OPUSDC
2026-01-19 10:52:22,863 - coint2.engine.numba_engine - INFO - Запуск Numba-оптимизированного бэктеста для ETHWUSDT-GMTUSDC
2026-01-19 10:52:22,865 - coint2.engine.numba_engine - INFO - Запуск Numba-оптимизированного бэктеста для ARKMUSDT-IZIUSDT
2026-01-19 10:52:22,867 - coint2.engine.numba_engine - INFO - Запуск Numba-оптимизированного бэктеста для OPUSDC-VPADUSDT
2026-01-19 10:52:22,879 - coint2.engine.numba_engine - INFO - Запуск Numba-оптимизированного бэктеста для CITYUSDT-JUVUSDT
2026-01-19 10:52:22,881 - coint2.engine.numba_engine - INFO - Запуск Numba-оптимизированного бэктеста для ARKMUSDT-SOLUSDT
2026-01-19 10:52:22,883 - coint2.engine.numba_engine - INFO - Запуск Numba-оптимизированного бэктеста для NEARUSDT-XTZUSDT
2026-01-19 10:52:22,895 - coint2.engine.numba_engine - INFO - Запуск Numba-оптимизированного бэктеста для OPUSDT-VPADUSDT
2026-01-19 10:52:22,899 - coint2.engine.numba_engine - INFO - Запуск Numba-оптимизированного бэктеста для ETHWUSDT-GMTUSDT
2026-01-19 10:52:22,905 - coint2.engine.numba_engine - INFO - Запуск Numba-оптимизированного бэктеста для HFTUSDT-PSGUSDT
2026-01-19 10:52:22,910 - coint2.engine.numba_engine - INFO - Запуск Numba-оптимизированного бэктеста для ARKMUSDT-SOLUSDC
2026-01-19 10:52:22,911 - coint2.engine.numba_engine - INFO - Запуск Numba-оптимизированного бэктеста для SDUSDT-VPADUSDT
2026-01-19 10:52:22,917 - coint2.engine.numba_engine - INFO - Запуск Numba-оптимизированного бэктеста для AFCUSDT-MDAOUSDT
2026-01-19 10:52:22,924 - coint2.engine.numba_engine - INFO - Запуск Numba-оптимизированного бэктеста для ETHWUSDT-SANDUSDC
2026-01-19 10:52:22,933 - coint2.engine.numba_engine - INFO - Запуск Numba-оптимизированного бэктеста для THETAUSDT-XRPUSDT
2026-01-19 10:52:22,933 - coint2.engine.numba_engine - INFO - Запуск Numba-оптимизированного бэктеста для ARKMUSDT-OMGUSDT
2026-01-19 10:52:22,948 - coint2.engine.numba_engine - INFO - Запуск Numba-оптимизированного бэктеста для AFCUSDT-CITYUSDT
2026-01-19 10:52:22,948 - coint2.engine.numba_engine - INFO - Запуск Numba-оптимизированного бэктеста для ARKMUSDT-CITYUSDT
2026-01-19 10:52:22,958 - coint2.engine.numba_engine - INFO - Запуск Numba-оптимизированного бэктеста для HFTUSDC-RPLUSDT
2026-01-19 10:52:22,958 - coint2.engine.numba_engine - INFO - Запуск Numba-оптимизированного бэктеста для ARKMUSDT-SFUNDUSDT
2026-01-19 10:52:22,963 - coint2.engine.numba_engine - INFO - Запуск Numba-оптимизированного бэктеста для UMAUSDT-XRPUSDC
2026-01-19 10:52:22,963 - WARNING - ❌ Ошибка обработки пары AFCUSDT-CITYUSDT: division by zero
2026-01-19 10:52:22,968 - WARNING - ❌ Ошибка обработки пары ARKMUSDT-CITYUSDT: division by zero
2026-01-19 10:52:22,971 - coint2.engine.numba_engine - INFO - Запуск Numba-оптимизированного бэктеста для ARKMUSDT-OPUSDT
2026-01-19 10:52:22,976 - coint2.engine.numba_engine - INFO - Запуск Numba-оптимизированного бэктеста для HFTUSDC-SUIUSDC
2026-01-19 10:52:22,978 - coint2.engine.numba_engine - INFO - Запуск Numba-оптимизированного бэктеста для BICOUSDT-IMXUSDT
2026-01-19 10:52:22,986 - coint2.engine.numba_engine - INFO - Запуск Numba-оптимизированного бэктеста для UMAUSDT-XRPUSDT
2026-01-19 10:52:22,990 - coint2.engine.numba_engine - INFO - Запуск Numba-оптимизированного бэктеста для SUSHIUSDT-UMAUSDT
2026-01-19 10:52:22,993 - coint2.engine.numba_engine - INFO - Запуск Numba-оптимизированного бэктеста для CRVUSDT-PIPUSDT
2026-01-19 10:52:22,994 - coint2.engine.numba_engine - INFO - Запуск Numba-оптимизированного бэктеста для SFUNDUSDT-VPADUSDT
2026-01-19 10:52:22,999 - coint2.engine.numba_engine - INFO - Запуск Numba-оптимизированного бэктеста для CTCUSDT-SDUSDT
2026-01-19 10:52:23,007 - coint2.engine.numba_engine - INFO - Запуск Numba-оптимизированного бэктеста для HFTUSDT-VPADUSDT
2026-01-19 10:52:23,009 - coint2.engine.numba_engine - INFO - Запуск Numba-оптимизированного бэктеста для BICOUSDT-WAXPUSDT
2026-01-19 10:52:23,015 - coint2.engine.numba_engine - INFO - Запуск Numba-оптимизированного бэктеста для ARKMUSDT-NEXOUSDT
2026-01-19 10:52:23,016 - coint2.engine.numba_engine - INFO - Запуск Numba-оптимизированного бэктеста для HFTUSDC-SFUNDUSDT
2026-01-19 10:52:23,020 - coint2.engine.numba_engine - INFO - Запуск Numba-оптимизированного бэктеста для HFTUSDT-RPLUSDT
2026-01-19 10:52:23,030 - coint2.engine.numba_engine - INFO - Запуск Numba-оптимизированного бэктеста для C98USDT-SSVUSDT
2026-01-19 10:52:23,035 - coint2.engine.numba_engine - INFO - Запуск Numba-оптимизированного бэктеста для HFTUSDT-SFUNDUSDT
2026-01-19 10:52:23,031 - coint2.engine.numba_engine - INFO - Запуск Numba-оптимизированного бэктеста для CAKEUSDT-VPADUSDT
2026-01-19 10:52:23,038 - coint2.engine.numba_engine - INFO - Запуск Numba-оптимизированного бэктеста для STXUSDT-THETAUSDT
2026-01-19 10:52:23,038 - coint2.engine.numba_engine - INFO - Запуск Numba-оптимизированного бэктеста для HFTUSDC-JUVUSDT
2026-01-19 10:52:23,043 - coint2.engine.numba_engine - INFO - Запуск Numba-оптимизированного бэктеста для BICOUSDT-ROSEUSDT
2026-01-19 10:52:23,047 - coint2.engine.numba_engine - INFO - Запуск Numba-оптимизированного бэктеста для OMGUSDT-RDNTUSDT
2026-01-19 10:52:23,055 - coint2.engine.numba_engine - INFO - Запуск Numba-оптимизированного бэктеста для C98USDT-HOOKUSDT
2026-01-19 10:52:23,059 - coint2.engine.numba_engine - INFO - Запуск Numba-оптимизированного бэктеста для THETAUSDT-XRPUSDC
2026-01-19 10:52:23,060 - coint2.engine.numba_engine - INFO - Запуск Numba-оптимизированного бэктеста для HFTUSDC-PSGUSDT
2026-01-19 10:52:23,060 - coint2.engine.numba_engine - INFO - Запуск Numba-оптимизированного бэктеста для HFTUSDT-SUIUSDT
2026-01-19 10:52:23,060 - coint2.engine.numba_engine - INFO - Запуск Numba-оптимизированного бэктеста для HFTUSDT-JUVUSDT
2026-01-19 10:52:23,064 - coint2.engine.numba_engine - INFO - Запуск Numba-оптимизированного бэктеста для CELOUSDT-ZRXUSDT
2026-01-19 10:52:23,070 - coint2.engine.numba_engine - INFO - Запуск Numba-оптимизированного бэктеста для 1INCHUSDT-SCUSDT
2026-01-19 10:52:23,078 - coint2.engine.numba_engine - INFO - Запуск Numba-оптимизированного бэктеста для SANDUSDT-UNIUSDT
2026-01-19 10:52:23,082 - coint2.engine.numba_engine - INFO - Запуск Numba-оптимизированного бэктеста для BICOUSDT-USTCUSDT
2026-01-19 10:52:23,083 - coint2.engine.numba_engine - INFO - Запуск Numba-оптимизированного бэктеста для HFTUSDT-SUIUSDC
2026-01-19 10:52:23,083 - coint2.engine.numba_engine - INFO - Запуск Numba-оптимизированного бэктеста для NEXOUSDT-PSGUSDT
2026-01-19 10:52:23,084 - coint2.engine.numba_engine - INFO - Запуск Numba-оптимизированного бэктеста для ARKMUSDT-PSGUSDT
2026-01-19 10:52:23,087 - coint2.engine.numba_engine - INFO - Запуск Numba-оптимизированного бэктеста для CTCUSDT-DOTUSDC
2026-01-19 10:52:23,093 - coint2.engine.numba_engine - INFO - Запуск Numba-оптимизированного бэктеста для RSS3USDT-SFUNDUSDT
2026-01-19 10:52:23,096 - coint2.engine.numba_engine - INFO - Запуск Numba-оптимизированного бэктеста для BICOUSDT-ZILUSDT
2026-01-19 10:52:23,101 - coint2.engine.numba_engine - INFO - Запуск Numba-оптимизированного бэктеста для BATUSDT-THETAUSDT
2026-01-19 10:52:23,105 - coint2.engine.numba_engine - INFO - Запуск Numba-оптимизированного бэктеста для HFTUSDC-SUIUSDT
2026-01-19 10:52:23,105 - coint2.engine.numba_engine - INFO - Запуск Numba-оптимизированного бэктеста для FLOWUSDT-MASKUSDT
2026-01-19 10:52:23,105 - coint2.engine.numba_engine - INFO - Запуск Numba-оптимизированного бэктеста для HFTUSDT-MOVRUSDT
2026-01-19 10:52:23,110 - coint2.engine.numba_engine - INFO - Запуск Numba-оптимизированного бэктеста для RSS3USDT-TWTUSDT
2026-01-19 10:52:23,116 - coint2.engine.numba_engine - INFO - Запуск Numba-оптимизированного бэктеста для RSS3USDT-SOLUSDC
2026-01-19 10:52:23,119 - coint2.engine.numba_engine - INFO - Запуск Numba-оптимизированного бэктеста для HFTUSDC-MOVRUSDT
2026-01-19 10:52:23,123 - coint2.engine.numba_engine - INFO - Запуск Numba-оптимизированного бэктеста для BATUSDT-QTUMUSDT
2026-01-19 10:52:23,127 - coint2.engine.numba_engine - INFO - Запуск Numba-оптимизированного бэктеста для CTCUSDT-ICPUSDC
2026-01-19 10:52:23,128 - coint2.engine.numba_engine - INFO - Запуск Numba-оптимизированного бэктеста для GODSUSDT-HBARUSDT
2026-01-19 10:52:23,132 - coint2.engine.numba_engine - INFO - Запуск Numba-оптимизированного бэктеста для RSS3USDT-SOLUSDT
2026-01-19 10:52:23,133 - coint2.engine.numba_engine - INFO - Запуск Numba-оптимизированного бэктеста для RSS3USDT-SCRTUSDT
2026-01-19 10:52:23,135 - coint2.engine.numba_engine - INFO - Запуск Numba-оптимизированного бэктеста для CELOUSDT-SCUSDT
2026-01-19 10:52:23,138 - coint2.engine.numba_engine - INFO - Запуск Numba-оптимизированного бэктеста для RSS3USDT-RVNUSDT
2026-01-19 10:52:23,141 - coint2.engine.numba_engine - INFO - Запуск Numba-оптимизированного бэктеста для CTCUSDT-VPADUSDT
2026-01-19 10:52:23,145 - coint2.engine.numba_engine - INFO - Запуск Numba-оптимизированного бэктеста для FORTUSDT-ICPUSDT
2026-01-19 10:52:23,150 - coint2.engine.numba_engine - INFO - Запуск Numba-оптимизированного бэктеста для ENJUSDT-XTZUSDT
2026-01-19 10:52:23,151 - coint2.engine.numba_engine - INFO - Запуск Numba-оптимизированного бэктеста для RSS3USDT-XAVAUSDT
2026-01-19 10:52:23,154 - coint2.engine.numba_engine - INFO - Запуск Numba-оптимизированного бэктеста для BATUSDT-COMPUSDT
2026-01-19 10:52:23,156 - coint2.engine.numba_engine - INFO - Запуск Numba-оптимизированного бэктеста для MANAUSDC-XRPUSDC
2026-01-19 10:52:23,161 - WARNING - ❌ Ошибка обработки пары RSS3USDT-XAVAUSDT: division by zero
2026-01-19 10:52:23,162 - coint2.engine.numba_engine - INFO - Запуск Numba-оптимизированного бэктеста для FORTUSDT-HNTUSDT
2026-01-19 10:52:23,165 - coint2.engine.numba_engine - INFO - Запуск Numba-оптимизированного бэктеста для RSS3USDT-SDUSDT
2026-01-19 10:52:23,168 - coint2.engine.numba_engine - INFO - Запуск Numba-оптимизированного бэктеста для ICXUSDT-WAXPUSDT
2026-01-19 10:52:23,171 - coint2.engine.numba_engine - INFO - Запуск Numba-оптимизированного бэктеста для MANAUSDT-XRPUSDT
2026-01-19 10:52:23,172 - coint2.engine.numba_engine - INFO - Запуск Numba-оптимизированного бэктеста для RDNTUSDT-UNIUSDT
2026-01-19 10:52:23,176 - coint2.engine.numba_engine - INFO - Запуск Numba-оптимизированного бэктеста для ADAUSDC-PSGUSDT
2026-01-19 10:52:23,179 - coint2.engine.numba_engine - INFO - Запуск Numba-оптимизированного бэктеста для BATUSDT-FIDAUSDT
2026-01-19 10:52:23,185 - coint2.engine.numba_engine - INFO - Запуск Numba-оптимизированного бэктеста для FORTUSDT-SDUSDT
2026-01-19 10:52:23,187 - coint2.engine.numba_engine - INFO - Запуск Numba-оптимизированного бэктеста для RSS3USDT-UNIUSDT
2026-01-19 10:52:23,189 - coint2.engine.numba_engine - INFO - Запуск Numba-оптимизированного бэктеста для OMGUSDT-UNIUSDT
2026-01-19 10:52:23,192 - coint2.engine.numba_engine - INFO - Запуск Numba-оптимизированного бэктеста для MVUSDT-PSGUSDT
2026-01-19 10:52:23,194 - coint2.engine.numba_engine - INFO - Запуск Numba-оптимизированного бэктеста для MANAUSDC-XRPUSDT
2026-01-19 10:52:23,195 - coint2.engine.numba_engine - INFO - Запуск Numba-оптимизированного бэктеста для ADAUSDC-RPLUSDT
2026-01-19 10:52:23,198 - coint2.engine.numba_engine - INFO - Запуск Numba-оптимизированного бэктеста для BATUSDT-LTCUSDC
2026-01-19 10:52:23,201 - coint2.engine.numba_engine - INFO - Запуск Numba-оптимизированного бэктеста для FORTUSDT-VPADUSDT
2026-01-19 10:52:23,207 - coint2.engine.numba_engine - INFO - Запуск Numba-оптимизированного бэктеста для FORTUSDT-PSGUSDT
2026-01-19 10:52:23,209 - coint2.engine.numba_engine - INFO - Запуск Numba-оптимизированного бэктеста для WOOUSDT-XTZUSDT
2026-01-19 10:52:23,214 - coint2.engine.numba_engine - INFO - Запуск Numba-оптимизированного бэктеста для DOGEUSDC-TELUSDT
2026-01-19 10:52:23,216 - coint2.engine.numba_engine - INFO - Запуск Numba-оптимизированного бэктеста для WOOUSDT-XRPUSDC
2026-01-19 10:52:23,217 - coint2.engine.numba_engine - INFO - Запуск Numba-оптимизированного бэктеста для ADAUSDC-CITYUSDT
2026-01-19 10:52:23,221 - coint2.engine.numba_engine - INFO - Запуск Numba-оптимизированного бэктеста для FORTUSDT-SFUNDUSDT
2026-01-19 10:52:23,226 - WARNING - ❌ Ошибка обработки пары ADAUSDC-CITYUSDT: division by zero
2026-01-19 10:52:23,228 - coint2.engine.numba_engine - INFO - Запуск Numba-оптимизированного бэктеста для FORTUSDT-TWTUSDT
2026-01-19 10:52:23,228 - coint2.engine.numba_engine - INFO - Запуск Numba-оптимизированного бэктеста для BICOUSDT-ICXUSDT
2026-01-19 10:52:23,232 - coint2.engine.numba_engine - INFO - Запуск Numba-оптимизированного бэктеста для ALGOUSDT-WAXPUSDT
2026-01-19 10:52:23,236 - coint2.engine.numba_engine - INFO - Запуск Numba-оптимизированного бэктеста для BATUSDT-PEOPLEUSDT
2026-01-19 10:52:23,236 - coint2.engine.numba_engine - INFO - Запуск Numba-оптимизированного бэктеста для ADAUSDT-PSGUSDT
2026-01-19 10:52:23,237 - coint2.engine.numba_engine - INFO - Запуск Numba-оптимизированного бэктеста для DOGEUSDC-ETHWUSDT
2026-01-19 10:52:23,239 - coint2.engine.numba_engine - INFO - Запуск Numba-оптимизированного бэктеста для ADAUSDC-GSTUSDT
2026-01-19 10:52:23,244 - coint2.engine.numba_engine - INFO - Запуск Numba-оптимизированного бэктеста для ALGOUSDT-ROSEUSDT
2026-01-19 10:52:23,251 - coint2.engine.numba_engine - INFO - Запуск Numba-оптимизированного бэктеста для XDCUSDT-XTZUSDT
2026-01-19 10:52:23,254 - coint2.engine.numba_engine - INFO - Запуск Numba-оптимизированного бэктеста для MVUSDT-OPUSDC
2026-01-19 10:52:23,258 - coint2.engine.numba_engine - INFO - Запуск Numba-оптимизированного бэктеста для BATUSDT-LTCUSDT
2026-01-19 10:52:23,259 - coint2.engine.numba_engine - INFO - Запуск Numba-оптимизированного бэктеста для DAIUSDT-XRPUSDT
2026-01-19 10:52:23,259 - coint2.engine.numba_engine - INFO - Запуск Numba-оптимизированного бэктеста для GMTUSDC-UNIUSDT
2026-01-19 10:52:23,262 - coint2.engine.numba_engine - INFO - Запуск Numba-оптимизированного бэктеста для FORTUSDT-ICPUSDC
2026-01-19 10:52:23,274 - coint2.engine.numba_engine - INFO - Запуск Numba-оптимизированного бэктеста для MVUSDT-NEARUSDT
2026-01-19 10:52:23,277 - coint2.engine.numba_engine - INFO - Запуск Numba-оптимизированного бэктеста для EVERUSDT-JUVUSDT
2026-01-19 10:52:23,280 - coint2.engine.numba_engine - INFO - Запуск Numba-оптимизированного бэктеста для BICOUSDT-CRVUSDT
2026-01-19 10:52:23,281 - coint2.engine.numba_engine - INFO - Запуск Numba-оптимизированного бэктеста для GMTUSDT-UNIUSDT
2026-01-19 10:52:23,281 - coint2.engine.numba_engine - INFO - Запуск Numba-оптимизированного бэктеста для DGBUSDT-GSTUSDT
2026-01-19 10:52:23,281 - coint2.engine.numba_engine - INFO - Запуск Numba-оптимизированного бэктеста для GMTUSDT-SANDUSDT
2026-01-19 10:52:23,297 - coint2.engine.numba_engine - INFO - Запуск Numba-оптимизированного бэктеста для DOGEUSDT-TELUSDT
2026-01-19 10:52:23,303 - coint2.engine.numba_engine - INFO - Запуск Numba-оптимизированного бэктеста для LTCBTC-XRPUSDT
2026-01-19 10:52:23,303 - coint2.engine.numba_engine - INFO - Запуск Numba-оптимизированного бэктеста для EVERUSDT-RPLUSDT
2026-01-19 10:52:23,303 - coint2.engine.numba_engine - INFO - Запуск Numba-оптимизированного бэктеста для CTCUSDT-ICPUSDT
2026-01-19 10:52:23,304 - coint2.engine.numba_engine - INFO - Запуск Numba-оптимизированного бэктеста для MVUSDT-TWTUSDT
2026-01-19 10:52:23,308 - coint2.engine.numba_engine - INFO - Запуск Numba-оптимизированного бэктеста для ALGOUSDT-IMXUSDT
2026-01-19 10:52:23,309 - coint2.engine.numba_engine - INFO - Запуск Numba-оптимизированного бэктеста для MVUSDT-OPUSDT
2026-01-19 10:52:23,318 - coint2.engine.numba_engine - INFO - Запуск Numba-оптимизированного бэктеста для KASTAUSDT-XETAUSDT
2026-01-19 10:52:23,321 - coint2.engine.numba_engine - INFO - Запуск Numba-оптимизированного бэктеста для ROSEUSDT-USTCUSDT
2026-01-19 10:52:23,325 - coint2.engine.numba_engine - INFO - Запуск Numba-оптимизированного бэктеста для GRTUSDT-RVNUSDT
2026-01-19 10:52:23,326 - coint2.engine.numba_engine - INFO - Запуск Numba-оптимизированного бэктеста для ENJUSDT-NEARUSDT
2026-01-19 10:52:23,326 - coint2.engine.numba_engine - INFO - Запуск Numba-оптимизированного бэктеста для ALGOBTC-XECUSDT
2026-01-19 10:52:23,330 - coint2.engine.numba_engine - INFO - Запуск Numba-оптимизированного бэктеста для MVUSDT-SUIUSDC
2026-01-19 10:52:23,337 - coint2.engine.numba_engine - INFO - Запуск Numba-оптимизированного бэктеста для HVHUSDT-TRVLUSDT
2026-01-19 10:52:23,345 - coint2.engine.numba_engine - INFO - Запуск Numba-оптимизированного бэктеста для DAIUSDT-XRPUSDC
2026-01-19 10:52:23,348 - coint2.engine.numba_engine - INFO - Запуск Numba-оптимизированного бэктеста для DAIUSDT-QTUMUSDT
2026-01-19 10:52:23,348 - coint2.engine.numba_engine - INFO - Запуск Numba-оптимизированного бэктеста для MVUSDT-SFUNDUSDT
2026-01-19 10:52:23,349 - coint2.engine.numba_engine - INFO - Запуск Numba-оптимизированного бэктеста для USTCUSDT-ZILUSDT
2026-01-19 10:52:23,349 - coint2.engine.numba_engine - INFO - Запуск Numba-оптимизированного бэктеста для RSS3USDT-XTZUSDT
2026-01-19 10:52:23,352 - coint2.engine.numba_engine - INFO - Запуск Numba-оптимизированного бэктеста для EVERUSDT-PSGUSDT
2026-01-19 10:52:23,354 - coint2.engine.numba_engine - INFO - 🔍 ДИАГНОСТИКА HVHUSDT-TRVLUSDT:
2026-01-19 10:52:23,354 - coint2.engine.numba_engine - INFO -    entry_threshold: 0.85
2026-01-19 10:52:23,354 - coint2.engine.numba_engine - INFO -    exit_threshold: 0.12
2026-01-19 10:52:23,354 - coint2.engine.numba_engine - INFO -    Макс |z_score|: 15.2098
2026-01-19 10:52:23,354 - coint2.engine.numba_engine - INFO -    Позиций != 0: 30
2026-01-19 10:52:23,354 - coint2.engine.numba_engine - INFO -    Изменений позиций: 61
2026-01-19 10:52:23,355 - coint2.engine.numba_engine - INFO -    PnL сумма: 1.7220
2026-01-19 10:52:23,355 - coint2.engine.numba_engine - INFO -    Первые 10 z_scores: [-0.61579406  0.6302799   1.1688535   0.7469521  -0.72340673 -0.31277937
 -0.20099755  0.10098089  0.76779455  0.661367  ]
2026-01-19 10:52:23,355 - coint2.engine.numba_engine - INFO -    Превышают порог: 1496
2026-01-19 10:52:23,368 - coint2.engine.numba_engine - INFO - Запуск Numba-оптимизированного бэктеста для WAXPUSDT-ZILUSDT
2026-01-19 10:52:23,370 - coint2.engine.numba_engine - INFO - Запуск Numba-оптимизированного бэктеста для ONEUSDT-XRPUSDC
2026-01-19 10:52:23,371 - coint2.engine.numba_engine - INFO - Запуск Numba-оптимизированного бэктеста для SANDUSDC-UNIUSDT
2026-01-19 10:52:23,373 - coint2.engine.numba_engine - INFO - Запуск Numba-оптимизированного бэктеста для SCUSDT-ZILUSDT
2026-01-19 10:52:23,376 - coint2.engine.numba_engine - INFO - Запуск Numba-оптимизированного бэктеста для ONEUSDT-XRPUSDT
2026-01-19 10:52:23,377 - coint2.engine.numba_engine - INFO - Запуск Numba-оптимизированного бэктеста для DOGEUSDT-ETHWUSDT
2026-01-19 10:52:23,382 - coint2.engine.numba_engine - INFO - Запуск Numba-оптимизированного бэктеста для OASUSDT-TRVLUSDT
2026-01-19 10:52:23,393 - coint2.engine.numba_engine - INFO - Запуск Numba-оптимизированного бэктеста для PEOPLEUSDT-THETAUSDT
2026-01-19 10:52:23,394 - coint2.engine.numba_engine - INFO - Запуск Numba-оптимизированного бэктеста для LTCBTC-RVNUSDT
2026-01-19 10:52:23,394 - coint2.engine.numba_engine - INFO - Запуск Numba-оптимизированного бэктеста для BATUSDT-UMAUSDT
2026-01-19 10:52:23,395 - coint2.engine.numba_engine - INFO - Запуск Numba-оптимизированного бэктеста для SONUSDT-TAPUSDT
2026-01-19 10:52:23,403 - coint2.engine.numba_engine - INFO - Запуск Numba-оптимизированного бэктеста для DAIUSDT-LTCBTC
2026-01-19 10:52:23,408 - coint2.engine.numba_engine - INFO - Запуск Numba-оптимизированного бэктеста для LTCBTC-XRPUSDC
2026-01-19 10:52:23,413 - coint2.engine.numba_engine - INFO - Запуск Numba-оптимизированного бэктеста для ROSEUSDT-XEMUSDT
2026-01-19 10:52:23,416 - coint2.engine.numba_engine - INFO - Запуск Numba-оптимизированного бэктеста для LUNCUSDC-RVNUSDT
2026-01-19 10:52:23,417 - coint2.engine.numba_engine - INFO - Запуск Numba-оптимизированного бэктеста для FORTUSDT-PSTAKEUSDT
2026-01-19 10:52:23,418 - coint2.engine.numba_engine - INFO - Запуск Numba-оптимизированного бэктеста для SUNUSDT-ZRXUSDT
2026-01-19 10:52:23,425 - coint2.engine.numba_engine - INFO - Запуск Numba-оптимизированного бэктеста для ACSUSDT-MCRTUSDT
2026-01-19 10:52:23,437 - coint2.engine.numba_engine - INFO - Запуск Numba-оптимизированного бэктеста для XECUSDT-ZILUSDT
2026-01-19 10:52:23,439 - coint2.engine.numba_engine - INFO - Запуск Numba-оптимизированного бэктеста для ONEUSDT-TELUSDT
2026-01-19 10:52:23,440 - coint2.engine.numba_engine - INFO - Запуск Numba-оптимизированного бэктеста для FORTUSDT-JUVUSDT
2026-01-19 10:52:23,441 - coint2.engine.numba_engine - INFO - Запуск Numba-оптимизированного бэктеста для RACAUSDT-VPADUSDT
2026-01-19 10:52:23,448 - coint2.engine.numba_engine - INFO - Запуск Numba-оптимизированного бэктеста для SONUSDT-XRPBTC
2026-01-19 10:52:23,462 - coint2.engine.numba_engine - INFO - Запуск Numba-оптимизированного бэктеста для ALGOUSDT-USTCUSDT
2026-01-19 10:52:23,463 - coint2.engine.numba_engine - INFO - Запуск Numba-оптимизированного бэктеста для LTCBTC-LUNCUSDC
2026-01-19 10:52:23,471 - coint2.engine.numba_engine - INFO - Запуск Numba-оптимизированного бэктеста для ALGOBTC-NFTUSDT
2026-01-19 10:52:23,485 - coint2.engine.numba_engine - INFO - Запуск Numba-оптимизированного бэктеста для MVUSDT-SUIUSDT
2026-01-19 10:52:23,486 - coint2.engine.numba_engine - INFO - Запуск Numba-оптимизированного бэктеста для LUNCUSDT-RVNUSDT
2026-01-19 10:52:23,513 - coint2.engine.numba_engine - INFO - Запуск Numba-оптимизированного бэктеста для OASUSDT-STGUSDT
2026-01-19 10:52:23,537 - coint2.engine.numba_engine - INFO - Запуск Numba-оптимизированного бэктеста для ROSEUSDT-WAXPUSDT
2026-01-19 10:52:23,561 - coint2.engine.numba_engine - INFO - Запуск Numba-оптимизированного бэктеста для DAIUSDT-SOLOUSDT
2026-01-19 10:52:23,584 - coint2.engine.numba_engine - INFO - Запуск Numba-оптимизированного бэктеста для SCUSDT-USTCUSDT
2026-01-19 10:52:23,607 - coint2.engine.numba_engine - INFO - Запуск Numba-оптимизированного бэктеста для SONUSDT-TELUSDT
2026-01-19 10:52:23,650 - INFO -   ⏱️ Параллельная обработка завершена за 1.6с (157.4 пар/с)
2026-01-19 10:52:23,721 - coint2.pipeline.walk_forward_orchestrator - INFO - 🎯 СИМУЛЯЦИЯ ПОРТФЕЛЯ: 243 пар, лимит 15 позиций
2026-01-19 10:52:25,423 - coint2.pipeline.walk_forward_orchestrator - INFO -    📈 Макс. одновременных сигналов: 96
2026-01-19 10:52:25,424 - coint2.pipeline.walk_forward_orchestrator - INFO -    📊 Средн. сигналов за период: 3.2
2026-01-19 10:52:25,424 - coint2.pipeline.walk_forward_orchestrator - INFO -    🎯 Финальных активных позиций: 0
2026-01-19 10:52:25,425 - coint2.pipeline.walk_forward_orchestrator - INFO -    ⚡ Утилизация лимита позиций: 18.5%
2026-01-19 10:52:25,426 - WARNING -   ⚠️ Ошибка обработки пары ARKMUSDT-CITYUSDT: division by zero
2026-01-19 10:52:25,426 - WARNING -   ⚠️ Ошибка обработки пары RSS3USDT-XAVAUSDT: division by zero
2026-01-19 10:52:25,426 - WARNING -   ⚠️ Ошибка обработки пары ADAUSDC-CITYUSDT: division by zero
2026-01-19 10:52:25,426 - WARNING -   ⚠️ Ошибка обработки пары AFCUSDT-CITYUSDT: division by zero
2026-01-19 10:52:25,426 - INFO - ⇠ WF-шаг 1/5 backtests — completed 247 items in 3.35s (73.8 items/s)
2026-01-19 10:52:25,426 - INFO -   ✅ Обработка завершена: 243 успешно, 4 с ошибками
2026-01-19 10:52:25,426 - INFO -   📊 Успешность: 98.4%, прибыльность: 65.8%, сделок/пара: 18.9
2026-01-19 10:52:25,426 - INFO -   ✅ Завершены бэктесты для 247 пар
2026-01-19 10:52:25,426 - INFO -   📊 Всего обработано пар в этом шаге: 247
2026-01-19 10:52:25,426 - INFO -   📈 Результаты шага: 160/247 прибыльных пар, 4601 сделок
2026-01-19 10:52:25,427 - INFO -   💰 P&L шага: $+465.42
2026-01-19 10:52:25,427 - INFO -   ⇢ Обновление капитала и дневного P&L...
2026-01-19 10:52:26,796 - INFO -   💼 Шаг P&L: $+465.42, Накопленный капитал: $10,465.42
2026-01-19 10:52:26,796 - INFO - ------------------------------------------------------------
2026-01-19 10:52:26,796 - INFO -   Walk-forward steps: 1 / 5 (20.0%) | 0.0 items/s | ETA: 583.0s
2026-01-19 10:52:26,796 - INFO - 🔍 WF-шаг 2/5: Валидация временных окон...
2026-01-19 10:52:26,796 - INFO - ⇢ WF-шаг 2/5: training 2023-09-01-2023-10-30, testing 2023-10-31-2023-11-30 — start
2026-01-19 10:52:26,797 - INFO - ⇢ loading step data — start
2026-01-19 10:52:26,984 - INFO - ⇠ loading step data — done in 0.19s
2026-01-19 10:52:28,199 - INFO - 📊 WF-шаг 2/5: Границы данных:
2026-01-19 10:52:28,199 - INFO -    Training: 2023-09-01 00:00:00 → 2023-10-30 23:45:00 (5,760 строк × 292 символов)
2026-01-19 10:52:28,199 - INFO -    Testing:  2023-10-31 00:00:00 → 2023-11-30 00:00:00 (2,881 строк × 292 символов)
2026-01-19 10:52:28,199 - INFO -    Временной разрыв: 0 days 00:15:00
2026-01-19 10:52:28,235 - INFO - ⇢ normalizing training data — start
2026-01-19 10:52:28,267 - INFO -   Символы с NaN значениями: 26
2026-01-19 10:52:28,267 - INFO -   Применяем метод нормализации: rolling_zscore
2026-01-19 10:52:28,280 - INFO - Символы с недостаточной историей: 17 из 292
2026-01-19 10:52:28,669 - INFO - Символы с NaN после нормализации: 275
2026-01-19 10:52:28,675 - INFO - Удалено 617 начальных строк с NaN от rolling расчетов
2026-01-19 10:52:28,677 - INFO - Итоговое количество символов после нормализации: 275 из 292
2026-01-19 10:52:28,678 - INFO -   Статистика нормализации:
2026-01-19 10:52:28,678 - INFO -     Исходные символы: 292
2026-01-19 10:52:28,678 - INFO -     Недостаточная история: 17
2026-01-19 10:52:28,678 - INFO -     Постоянная цена: 0
2026-01-19 10:52:28,678 - INFO -     NaN после нормализации: 275
2026-01-19 10:52:28,678 - INFO -     Итоговые символы: 275 (94.2%)
2026-01-19 10:52:28,678 - INFO -   После нормализации: 275 символов (потеряно 17)
2026-01-19 10:52:28,678 - INFO -   Отброшенные символы: BEAMUSDT, FETUSDT, FLIPUSDT, JEFFUSDT, MEMEUSDT, POLUSDT, PPTUSDT, PYTHUSDT, PYUSDUSDT, ROOTUSDT, RPKUSDT, SHRAPUSDT, TIAUSDT, TOKENUSDT, TUSDUSDT, VRTXUSDT, ZTXUSDT
2026-01-19 10:52:28,678 - INFO - ⇠ normalizing training data — done in 0.44s
2026-01-19 10:52:28,680 - INFO - ⇢ SSD computation — start
2026-01-19 10:52:28,680 - INFO -   Расчет SSD для всех пар (без ограничения)
2026-01-19 10:52:31,323 - INFO -   SSD результат (все пары): 37675 пар
2026-01-19 10:52:31,323 - INFO - ⇠ SSD computation — done in 2.64s
2026-01-19 10:52:31,332 - INFO - ⇢ filtering pairs by cointegration and half-life — start
2026-01-19 10:52:31,333 - INFO - [ФИЛЬТР] Параллельная фильтрация: processes (8 workers)
⚙️  Загрузка данных за период: 2023-09-01 -> 2023-11-30
📂 Найдено 43 parquet файлов для обработки.
📊 Схема данных: Schema({'timestamp': Int64, 'open': Float64, 'high': Float64, 'low': Float64, 'close': Float64, 'volume': Float64, 'turnover': String, 'ts_ms': Int64, 'symbol': String})
✅ Загружено 2420293 записей с помощью Polars.
📊 Типы данных в pandas: timestamp       datetime64[us]
symbol                  object
close                  float64
timestamp_ms             int64
dtype: object
2026-01-19 10:54:14,063 - INFO - [ФИЛЬТР] После проверки данных: 37675 пар
2026-01-19 10:54:14,063 - INFO - [ФИЛЬТР] После фильтра корреляции (>0.45): 16210 пар
2026-01-19 10:54:14,063 - INFO - [ФИЛЬТР] После фильтра beta: 10952 пар
2026-01-19 10:54:14,063 - INFO - [ФИЛЬТР] После фильтра mean crossings: 10952 пар
2026-01-19 10:54:14,063 - INFO - [ФИЛЬТР] После фильтра half-life: 10881 пар
2026-01-19 10:54:14,063 - INFO - [ФИЛЬТР] После фильтра коинтеграции: 4687 пар
2026-01-19 10:54:14,063 - INFO - [ФИЛЬТР] После фильтра Hurst: 3628 пар
2026-01-19 10:54:14,063 - INFO - [ФИЛЬТР] После фильтра KPSS: 141 пар
2026-01-19 10:54:14,063 - INFO - [ФИЛЬТР] После фильтра market microstructure: 141 пар
2026-01-19 10:54:14,063 - INFO - [ФИЛЬТР] Статистика фильтрации (оптимизированный порядок):
2026-01-19 10:54:14,063 - INFO -   1. SSD → Коинтеграция: 37675 → 4687 пар
2026-01-19 10:54:14,063 - INFO -   2. Коинтеграция → Beta: 4687 → 10952 пар
2026-01-19 10:54:14,063 - INFO -   3. Beta → Half-life: 10952 → 10881 пар
2026-01-19 10:54:14,063 - INFO -   4. Half-life → Mean crossings: 10881 → 10952 пар
2026-01-19 10:54:14,063 - INFO -   5. Mean crossings → Hurst: 10952 → 3628 пар
2026-01-19 10:54:14,063 - INFO -   6. Hurst → KPSS: 3628 → 141 пар
2026-01-19 10:54:14,063 - INFO -   7. KPSS → Market microstructure: 141 → 141 пар
2026-01-19 10:54:14,063 - INFO - [ФИЛЬТР] Причины отсева:
2026-01-19 10:54:14,063 - INFO -   • low_correlation: 21465 пар (57.0%)
2026-01-19 10:54:14,063 - INFO -   • pvalue: 6194 пар (16.4%)
2026-01-19 10:54:14,063 - INFO -   • beta: 5258 пар (14.0%)
2026-01-19 10:54:14,063 - INFO -   • kpss: 3487 пар (9.3%)
2026-01-19 10:54:14,063 - INFO -   • hurst: 1059 пар (2.8%)
2026-01-19 10:54:14,063 - INFO -   • half_life: 71 пар (0.2%)
2026-01-19 10:54:14,063 - INFO - [ФИЛЬТР] Итого: 37675 → 141 пар (0.4% прошли все фильтры)
2026-01-19 10:54:14,117 - INFO - Причины отсева сохранены в results/filter_reasons_20260119_105414.csv
2026-01-19 10:54:14,123 - INFO -   Pair stability filter: insufficient history (1 < 2), skip
2026-01-19 10:54:14,123 - INFO -   Фильтрация: 37675 → 141 пар
2026-01-19 10:54:14,123 - INFO - ⇠ filtering pairs by cointegration and half-life — done in 102.79s
2026-01-19 10:54:14,123 - INFO - ⇠ WF-шаг 2/5: training 2023-09-01-2023-10-30, testing 2023-10-31-2023-11-30 — done in 107.33s
2026-01-19 10:54:14,123 - INFO -   Топ-3 пары по волатильности спреда:
2026-01-19 10:54:14,123 - INFO -     1. CYBERUSDT-STGUSDT: beta=18.5182, std=0.9069
2026-01-19 10:54:14,123 - INFO -     2. ETCUSDT-FXSUSDT: beta=1.1943, std=0.4255
2026-01-19 10:54:14,123 - INFO -     3. ETCUSDT-IMXUSDT: beta=7.2682, std=0.3803
2026-01-19 10:54:14,124 - INFO -   Всего пар для торговли: 141 (ограничение 15 применяется к одновременно открытым позициям)
2026-01-19 10:54:14,124 - INFO -   💰 Проверка расчета капитала: equity=$10,465.42, кандидатных_пар=141, max_позиций=15
2026-01-19 10:54:14,124 - INFO -   🎯 Target concurrency: 15 (ожидаемое одновременное число позиций)
2026-01-19 10:54:14,124 - INFO -   📊 Детали расчета капитала:
2026-01-19 10:54:14,124 - INFO -      • Базовый капитал на пару: $697.69 (equity / target_concurrency)
2026-01-19 10:54:14,124 - INFO -      • Риск-капитал: $156.98 (1.5% от equity)
2026-01-19 10:54:14,124 - INFO -      • Макс. размер позиции: $209.31 (2.0% от equity)
2026-01-19 10:54:14,124 - INFO -      • Итоговый капитал на пару: $156.98
2026-01-19 10:54:14,125 - INFO - ⇢ WF-шаг 2/5 backtests — starting 141 items
2026-01-19 10:54:14,125 - INFO - 🚀 WF-шаг 2/5: Начинаем бэктесты для 141 пар...
2026-01-19 10:54:14,125 - INFO - 🚀 WF-шаг 2/5: Запускаем параллельную обработку 141 пар на 8 ядрах...
2026-01-19 10:54:14,125 - INFO -   📊 Большой набор пар (141), ожидаемое время: ~5 мин
2026-01-19 10:54:14,125 - INFO -   🔄 Прогресс будет отображаться каждые 14 пар
2026-01-19 10:54:14,125 - INFO - 🚀 WF-шаг 2/5: Режим параллельности: процессы
2026-01-19 10:54:14,176 - coint2.engine.numba_engine - INFO - Запуск Numba-оптимизированного бэктеста для CYBERUSDT-STGUSDT
2026-01-19 10:54:14,195 - coint2.engine.numba_engine - INFO - Запуск Numba-оптимизированного бэктеста для ETCUSDT-FXSUSDT
2026-01-19 10:54:14,218 - coint2.engine.numba_engine - INFO - Запуск Numba-оптимизированного бэктеста для ETCUSDT-IMXUSDT
2026-01-19 10:54:14,238 - coint2.engine.numba_engine - INFO - Запуск Numba-оптимизированного бэктеста для ETCUSDT-WAVESUSDT
2026-01-19 10:54:14,265 - coint2.engine.numba_engine - INFO - Запуск Numba-оптимизированного бэктеста для FXSUSDT-TRXUSDT
2026-01-19 10:54:14,264 - coint2.engine.numba_engine - INFO - Запуск Numba-оптимизированного бэктеста для ENSUSDT-SISUSDT
2026-01-19 10:54:14,275 - coint2.engine.numba_engine - INFO - Запуск Numba-оптимизированного бэктеста для FXSUSDT-XRPEUR
2026-01-19 10:54:14,290 - coint2.engine.numba_engine - INFO - Запуск Numba-оптимизированного бэктеста для MOVRUSDT-TRVLUSDT
2026-01-19 10:54:14,301 - coint2.engine.numba_engine - INFO - Запуск Numba-оптимизированного бэктеста для PERPUSDT-STGUSDT
2026-01-19 10:54:14,302 - coint2.engine.numba_engine - INFO - Запуск Numba-оптимизированного бэктеста для AXSUSDT-GODSUSDT
2026-01-19 10:54:14,305 - coint2.engine.numba_engine - INFO - Запуск Numba-оптимизированного бэктеста для ENSUSDT-INTERUSDT
2026-01-19 10:54:14,314 - coint2.engine.numba_engine - INFO - Запуск Numba-оптимизированного бэктеста для AXSUSDT-UMAUSDT
2026-01-19 10:54:14,315 - coint2.engine.numba_engine - INFO - Запуск Numba-оптимизированного бэктеста для DYDXUSDT-SCRTUSDT
2026-01-19 10:54:14,321 - coint2.engine.numba_engine - INFO - Запуск Numba-оптимизированного бэктеста для FXSUSDT-MASKUSDT
2026-01-19 10:54:14,325 - coint2.engine.numba_engine - INFO - Запуск Numba-оптимизированного бэктеста для PERPUSDT-PRIMEUSDT
2026-01-19 10:54:14,326 - coint2.engine.numba_engine - INFO - Запуск Numba-оптимизированного бэктеста для AGLDUSDT-ICXUSDT
2026-01-19 10:54:14,338 - coint2.engine.numba_engine - INFO - Запуск Numba-оптимизированного бэктеста для LDOUSDC-SFUNDUSDT
2026-01-19 10:54:14,345 - coint2.engine.numba_engine - INFO - Запуск Numba-оптимизированного бэктеста для PERPUSDT-XLMUSDC
2026-01-19 10:54:14,349 - coint2.engine.numba_engine - INFO - Запуск Numba-оптимизированного бэктеста для UMAUSDT-XAVAUSDT
2026-01-19 10:54:14,351 - coint2.engine.numba_engine - INFO - Запуск Numba-оптимизированного бэктеста для JUVUSDT-KAVAUSDT
2026-01-19 10:54:14,356 - coint2.engine.numba_engine - INFO - Запуск Numba-оптимизированного бэктеста для FXSUSDT-TRXUSDC
2026-01-19 10:54:14,361 - coint2.engine.numba_engine - INFO - Запуск Numba-оптимизированного бэктеста для IMXUSDT-LTCEUR
2026-01-19 10:54:14,368 - coint2.engine.numba_engine - INFO - Запуск Numba-оптимизированного бэктеста для JUVUSDT-XLMUSDT
2026-01-19 10:54:14,374 - coint2.engine.numba_engine - INFO - Запуск Numba-оптимизированного бэктеста для UMAUSDT-WAVESUSDT
2026-01-19 10:54:14,375 - coint2.engine.numba_engine - INFO - Запуск Numba-оптимизированного бэктеста для BELUSDT-INTERUSDT
2026-01-19 10:54:14,387 - coint2.engine.numba_engine - INFO - Запуск Numba-оптимизированного бэктеста для CRVUSDT-PIPUSDT
2026-01-19 10:54:14,393 - coint2.engine.numba_engine - INFO - Запуск Numba-оптимизированного бэктеста для GALFTUSDT-XDCUSDT
2026-01-19 10:54:14,398 - coint2.engine.numba_engine - INFO - Запуск Numba-оптимизированного бэктеста для KAVAUSDT-VELOUSDT
2026-01-19 10:54:14,402 - coint2.engine.numba_engine - INFO - Запуск Numba-оптимизированного бэктеста для IMXUSDT-LTCUSDC
2026-01-19 10:54:14,403 - coint2.engine.numba_engine - INFO - Запуск Numba-оптимизированного бэктеста для AXSUSDT-GRTUSDT
2026-01-19 10:54:14,415 - coint2.engine.numba_engine - INFO - Запуск Numba-оптимизированного бэктеста для BICOUSDT-USDCEUR
2026-01-19 10:54:14,417 - coint2.engine.numba_engine - INFO - Запуск Numba-оптимизированного бэктеста для IMXUSDT-LTCUSDT
2026-01-19 10:54:14,420 - coint2.engine.numba_engine - INFO - Запуск Numba-оптимизированного бэктеста для AVAUSDT-ERTHAUSDT
2026-01-19 10:54:14,427 - coint2.engine.numba_engine - INFO - Запуск Numba-оптимизированного бэктеста для AGLDUSDT-PENDLEUSDT
2026-01-19 10:54:14,428 - coint2.engine.numba_engine - INFO - Запуск Numba-оптимизированного бэктеста для OMGUSDT-XRPEUR
2026-01-19 10:54:14,440 - coint2.engine.numba_engine - INFO - Запуск Numba-оптимизированного бэктеста для MOVRUSDT-RPLUSDT
2026-01-19 10:54:14,441 - coint2.engine.numba_engine - INFO - Запуск Numba-оптимизированного бэктеста для ENJUSDT-ERTHAUSDT
2026-01-19 10:54:14,442 - coint2.engine.numba_engine - INFO - Запуск Numba-оптимизированного бэктеста для ARUSDT-GODSUSDT
2026-01-19 10:54:14,446 - coint2.engine.numba_engine - INFO - Запуск Numba-оптимизированного бэктеста для KAVAUSDT-XLMUSDT
2026-01-19 10:54:14,449 - coint2.engine.numba_engine - INFO - Запуск Numba-оптимизированного бэктеста для IDUSDT-RPLUSDT
2026-01-19 10:54:14,450 - coint2.engine.numba_engine - INFO - Запуск Numba-оптимизированного бэктеста для CITYUSDT-OASUSDT
2026-01-19 10:54:14,452 - coint2.engine.numba_engine - INFO - Запуск Numba-оптимизированного бэктеста для BICOUSDT-USDTEUR
2026-01-19 10:54:14,466 - coint2.engine.numba_engine - INFO - Запуск Numba-оптимизированного бэктеста для AGLDUSDT-WOOUSDT
2026-01-19 10:54:14,466 - coint2.engine.numba_engine - INFO - Запуск Numba-оптимизированного бэктеста для MANAUSDT-OMGUSDT
2026-01-19 10:54:14,471 - coint2.engine.numba_engine - INFO - Запуск Numba-оптимизированного бэктеста для BICOUSDT-KCALUSDT
2026-01-19 10:54:14,474 - coint2.engine.numba_engine - INFO - Запуск Numba-оптимизированного бэктеста для CAKEUSDT-COREUSDT
2026-01-19 10:54:14,475 - coint2.engine.numba_engine - INFO - Запуск Numba-оптимизированного бэктеста для AGLAUSDT-SALDUSDT
2026-01-19 10:54:14,476 - coint2.engine.numba_engine - INFO - Запуск Numba-оптимизированного бэктеста для FLOWUSDT-ROSEUSDT
2026-01-19 10:54:14,484 - coint2.engine.numba_engine - INFO - Запуск Numba-оптимизированного бэктеста для FXSUSDT-OMGUSDT
2026-01-19 10:54:14,490 - coint2.engine.numba_engine - INFO - Запуск Numba-оптимизированного бэктеста для ADAEUR-LDOUSDC
2026-01-19 10:54:14,490 - coint2.engine.numba_engine - INFO - Запуск Numba-оптимизированного бэктеста для LDOUSDT-SFUNDUSDT
2026-01-19 10:54:14,490 - coint2.engine.numba_engine - INFO - Запуск Numba-оптимизированного бэктеста для PERPUSDT-XLMUSDT
2026-01-19 10:54:14,499 - coint2.engine.numba_engine - INFO - Запуск Numba-оптимизированного бэктеста для SANDUSDT-SCRTUSDT
2026-01-19 10:54:14,501 - coint2.engine.numba_engine - INFO - Запуск Numba-оптимизированного бэктеста для ETHWUSDT-TRVLUSDT
2026-01-19 10:54:14,501 - coint2.engine.numba_engine - INFO - Запуск Numba-оптимизированного бэктеста для ADAUSDT-LOOKSUSDT
2026-01-19 10:54:14,503 - coint2.engine.numba_engine - INFO - Запуск Numba-оптимизированного бэктеста для GMTUSDT-GODSUSDT
2026-01-19 10:54:14,518 - coint2.engine.numba_engine - INFO - Запуск Numba-оптимизированного бэктеста для LRCUSDT-SNXUSDT
2026-01-19 10:54:14,521 - coint2.engine.numba_engine - INFO - Запуск Numba-оптимизированного бэктеста для CAKEUSDT-CTCUSDT
2026-01-19 10:54:14,524 - coint2.engine.numba_engine - INFO - Запуск Numba-оптимизированного бэктеста для AGLAUSDT-COTUSDT
2026-01-19 10:54:14,524 - coint2.engine.numba_engine - INFO - Запуск Numba-оптимизированного бэктеста для AVAUSDT-SNXUSDT
2026-01-19 10:54:14,528 - coint2.engine.numba_engine - INFO - Запуск Numba-оптимизированного бэктеста для ADAUSDC-LOOKSUSDT
2026-01-19 10:54:14,529 - coint2.engine.numba_engine - INFO - Запуск Numba-оптимизированного бэктеста для SOLOUSDT-TELUSDT
2026-01-19 10:54:14,537 - coint2.engine.numba_engine - INFO - Запуск Numba-оптимизированного бэктеста для AGLDUSDT-JSTUSDT
2026-01-19 10:54:14,543 - coint2.engine.numba_engine - INFO - Запуск Numba-оптимизированного бэктеста для DOGEUSDC-GODSUSDT
2026-01-19 10:54:14,546 - coint2.engine.numba_engine - INFO - Запуск Numba-оптимизированного бэктеста для JUVUSDT-XLMUSDC
2026-01-19 10:54:14,547 - coint2.engine.numba_engine - INFO - Запуск Numba-оптимизированного бэктеста для BELUSDT-USTCUSDT
2026-01-19 10:54:14,549 - coint2.engine.numba_engine - INFO - Запуск Numba-оптимизированного бэктеста для XRPUSDC-ZILUSDT
2026-01-19 10:54:14,550 - coint2.engine.numba_engine - INFO - Запуск Numba-оптимизированного бэктеста для FIDAUSDT-GMXUSDT
2026-01-19 10:54:14,554 - coint2.engine.numba_engine - INFO - Запуск Numba-оптимизированного бэктеста для DOGEEUR-SOLOUSDT
2026-01-19 10:54:14,557 - coint2.engine.numba_engine - INFO - Запуск Numba-оптимизированного бэктеста для ALGOUSDT-FTTUSDT
2026-01-19 10:54:14,567 - coint2.engine.numba_engine - INFO - Запуск Numba-оптимизированного бэктеста для JUVUSDT-XETAUSDT
2026-01-19 10:54:14,572 - coint2.engine.numba_engine - INFO - Запуск Numba-оптимизированного бэктеста для ARBUSDC-IZIUSDT
2026-01-19 10:54:14,574 - coint2.engine.numba_engine - INFO - Запуск Numba-оптимизированного бэктеста для MANAUSDT-PEOPLEUSDT
2026-01-19 10:54:14,575 - coint2.engine.numba_engine - INFO - Запуск Numba-оптимизированного бэктеста для AVAUSDT-ENJUSDT
2026-01-19 10:54:14,575 - coint2.engine.numba_engine - INFO - Запуск Numba-оптимизированного бэктеста для BATUSDT-ICXUSDT
2026-01-19 10:54:14,592 - coint2.engine.numba_engine - INFO - Запуск Numba-оптимизированного бэктеста для ARBUSDT-IZIUSDT
2026-01-19 10:54:14,593 - coint2.engine.numba_engine - INFO - Запуск Numba-оптимизированного бэктеста для MVUSDT-XLMUSDC
2026-01-19 10:54:14,597 - coint2.engine.numba_engine - INFO - Запуск Numba-оптимизированного бэктеста для MVUSDT-XDCUSDT
2026-01-19 10:54:14,598 - coint2.engine.numba_engine - INFO - Запуск Numba-оптимизированного бэктеста для AGLAUSDT-GENEUSDT
2026-01-19 10:54:14,601 - coint2.engine.numba_engine - INFO - Запуск Numba-оптимизированного бэктеста для NEARUSDT-NYMUSDT
2026-01-19 10:54:14,604 - coint2.engine.numba_engine - INFO - Запуск Numba-оптимизированного бэктеста для CHZUSDT-XAVAUSDT
2026-01-19 10:54:14,610 - coint2.engine.numba_engine - INFO - Запуск Numba-оптимизированного бэктеста для CHZUSDC-XAVAUSDT
2026-01-19 10:54:14,616 - coint2.engine.numba_engine - INFO - Запуск Numba-оптимизированного бэктеста для ETHWUSDT-RPLUSDT
2026-01-19 10:54:14,619 - coint2.engine.numba_engine - INFO - Запуск Numba-оптимизированного бэктеста для MVUSDT-SUIUSDC
2026-01-19 10:54:14,620 - coint2.engine.numba_engine - INFO - Запуск Numba-оптимизированного бэктеста для XRPUSDT-ZILUSDT
2026-01-19 10:54:14,627 - coint2.engine.numba_engine - INFO - Запуск Numba-оптимизированного бэктеста для DOGEEUR-DYDXUSDT
2026-01-19 10:54:14,631 - coint2.engine.numba_engine - INFO - Запуск Numba-оптимизированного бэктеста для KAVAUSDT-XLMUSDC
2026-01-19 10:54:14,635 - coint2.engine.numba_engine - INFO - Запуск Numba-оптимизированного бэктеста для C98USDT-WOOUSDT
2026-01-19 10:54:14,637 - coint2.engine.numba_engine - INFO - Запуск Numba-оптимизированного бэктеста для MVUSDT-VELOUSDT
2026-01-19 10:54:14,641 - coint2.engine.numba_engine - INFO - Запуск Numba-оптимизированного бэктеста для OMGUSDT-QTUMUSDT
2026-01-19 10:54:14,642 - coint2.engine.numba_engine - INFO - Запуск Numba-оптимизированного бэктеста для HFTUSDC-HFTUSDT
2026-01-19 10:54:14,643 - coint2.engine.numba_engine - INFO - Запуск Numba-оптимизированного бэктеста для GSTUSDT-VELOUSDT
2026-01-19 10:54:14,643 - coint2.engine.numba_engine - INFO - Запуск Numba-оптимизированного бэктеста для MANAUSDC-OMGUSDT
2026-01-19 10:54:14,653 - coint2.engine.numba_engine - INFO - Запуск Numba-оптимизированного бэктеста для GSTUSDT-STGUSDT
2026-01-19 10:54:14,662 - coint2.engine.numba_engine - INFO - Запуск Numba-оптимизированного бэктеста для COTUSDT-GENEUSDT
2026-01-19 10:54:14,664 - coint2.engine.numba_engine - INFO - Запуск Numba-оптимизированного бэктеста для CHZUSDT-SOLOUSDT
2026-01-19 10:54:14,665 - coint2.engine.numba_engine - INFO - Запуск Numba-оптимизированного бэктеста для ONEUSDT-WAVESUSDT
2026-01-19 10:54:14,666 - coint2.engine.numba_engine - INFO - Запуск Numba-оптимизированного бэктеста для CELOUSDT-IMXUSDT
2026-01-19 10:54:14,668 - coint2.engine.numba_engine - INFO - Запуск Numba-оптимизированного бэктеста для ADAEUR-LDOUSDT
2026-01-19 10:54:14,670 - coint2.engine.numba_engine - INFO - Запуск Numba-оптимизированного бэктеста для GSTUSDT-XETAUSDT
2026-01-19 10:54:14,676 - coint2.engine.numba_engine - INFO - Запуск Numba-оптимизированного бэктеста для AVAUSDT-LRCUSDT
2026-01-19 10:54:14,678 - coint2.engine.numba_engine - INFO - Запуск Numba-оптимизированного бэктеста для DAIUSDT-USDCUSDT
2026-01-19 10:54:14,687 - coint2.engine.numba_engine - INFO - Запуск Numba-оптимизированного бэктеста для MVUSDT-XETAUSDT
2026-01-19 10:54:14,688 - coint2.engine.numba_engine - INFO - Запуск Numba-оптимизированного бэктеста для LUNCUSDC-RVNUSDT
2026-01-19 10:54:14,690 - coint2.engine.numba_engine - INFO - Запуск Numba-оптимизированного бэктеста для MANAUSDC-PEOPLEUSDT
2026-01-19 10:54:14,691 - coint2.engine.numba_engine - INFO - Запуск Numba-оптимизированного бэктеста для GSTUSDT-SUIUSDC
2026-01-19 10:54:14,692 - coint2.engine.numba_engine - INFO - Запуск Numba-оптимизированного бэктеста для BATUSDT-SUNUSDT
2026-01-19 10:54:14,703 - coint2.engine.numba_engine - INFO - Запуск Numba-оптимизированного бэктеста для LUNCUSDT-RVNUSDT
2026-01-19 10:54:14,703 - coint2.engine.numba_engine - INFO - Запуск Numba-оптимизированного бэктеста для SANDUSDC-SCRTUSDT
2026-01-19 10:54:14,707 - coint2.engine.numba_engine - INFO - Запуск Numba-оптимизированного бэктеста для GSTUSDT-SUIUSDT
2026-01-19 10:54:14,715 - coint2.engine.numba_engine - INFO - Запуск Numba-оптимизированного бэктеста для FIDAUSDT-KCALUSDT
2026-01-19 10:54:14,718 - coint2.engine.numba_engine - INFO - Запуск Numba-оптимизированного бэктеста для SLPUSDT-TELUSDT
2026-01-19 10:54:14,719 - coint2.engine.numba_engine - INFO - Запуск Numba-оптимизированного бэктеста для DOGEUSDT-GODSUSDT
2026-01-19 10:54:14,729 - coint2.engine.numba_engine - INFO - Запуск Numba-оптимизированного бэктеста для GMTUSDC-GODSUSDT
2026-01-19 10:54:14,730 - coint2.engine.numba_engine - INFO - Запуск Numba-оптимизированного бэктеста для VELOUSDT-WWYUSDT
2026-01-19 10:54:14,736 - coint2.engine.numba_engine - INFO - Запуск Numba-оптимизированного бэктеста для JSTUSDT-MVLUSDT
2026-01-19 10:54:14,739 - coint2.engine.numba_engine - INFO - Запуск Numba-оптимизированного бэктеста для FIDAUSDT-SCUSDT
2026-01-19 10:54:14,742 - coint2.engine.numba_engine - INFO - Запуск Numba-оптимизированного бэктеста для NFTUSDT-XECUSDT
2026-01-19 10:54:14,742 - coint2.engine.numba_engine - INFO - Запуск Numba-оптимизированного бэктеста для MVUSDT-XLMUSDT
2026-01-19 10:54:14,752 - coint2.engine.numba_engine - INFO - Запуск Numba-оптимизированного бэктеста для C98USDT-ICXUSDT
2026-01-19 10:54:14,754 - coint2.engine.numba_engine - INFO - Запуск Numba-оптимизированного бэктеста для LADYSUSDT-SHIBUSDC
2026-01-19 10:54:14,758 - coint2.engine.numba_engine - INFO - Запуск Numba-оптимизированного бэктеста для GSTUSDT-MNTUSDT
2026-01-19 10:54:14,763 - coint2.engine.numba_engine - INFO - Запуск Numba-оптимизированного бэктеста для CHZUSDC-SOLOUSDT
2026-01-19 10:54:14,765 - coint2.engine.numba_engine - INFO - Запуск Numba-оптимизированного бэктеста для MVUSDT-SUIUSDT
2026-01-19 10:54:14,776 - coint2.engine.numba_engine - INFO - Запуск Numba-оптимизированного бэктеста для KASUSDT-KCALUSDT
2026-01-19 10:54:14,782 - coint2.engine.numba_engine - INFO - Запуск Numba-оптимизированного бэктеста для ANKRUSDT-SUNUSDT
2026-01-19 10:54:14,786 - coint2.engine.numba_engine - INFO - Запуск Numba-оптимизированного бэктеста для CHZUSDT-PEOPLEUSDT
2026-01-19 10:54:14,788 - coint2.engine.numba_engine - INFO - Запуск Numba-оптимизированного бэктеста для GSTUSDT-MCRTUSDT
2026-01-19 10:54:14,799 - coint2.engine.numba_engine - INFO - Запуск Numba-оптимизированного бэктеста для CHZUSDC-PEOPLEUSDT
2026-01-19 10:54:14,804 - coint2.engine.numba_engine - INFO - Запуск Numba-оптимизированного бэктеста для SIDUSUSDT-VELOUSDT
2026-01-19 10:54:14,808 - coint2.engine.numba_engine - INFO - Запуск Numba-оптимизированного бэктеста для MVUSDT-STGUSDT
2026-01-19 10:54:14,811 - coint2.engine.numba_engine - INFO - Запуск Numba-оптимизированного бэктеста для GSTUSDT-MVUSDT
2026-01-19 10:54:14,822 - coint2.engine.numba_engine - INFO - Запуск Numba-оптимизированного бэктеста для DOGEEUR-WAVESUSDT
2026-01-19 10:54:14,831 - coint2.engine.numba_engine - INFO - Запуск Numba-оптимизированного бэктеста для GSTUSDT-MNTUSDC
2026-01-19 10:54:14,833 - coint2.engine.numba_engine - INFO - Запуск Numba-оптимизированного бэктеста для SIDUSUSDT-SUIUSDC
2026-01-19 10:54:14,845 - coint2.engine.numba_engine - INFO - Запуск Numba-оптимизированного бэктеста для KASTAUSDT-LTCBTC
2026-01-19 10:54:14,854 - coint2.engine.numba_engine - INFO - Запуск Numba-оптимизированного бэктеста для IZIUSDT-XTZUSDT
2026-01-19 10:54:14,868 - coint2.engine.numba_engine - INFO - Запуск Numba-оптимизированного бэктеста для IZIUSDT-NEXOUSDT
2026-01-19 10:54:14,877 - coint2.engine.numba_engine - INFO - Запуск Numba-оптимизированного бэктеста для ERTHAUSDT-LRCUSDT
2026-01-19 10:54:14,890 - coint2.engine.numba_engine - INFO - Запуск Numba-оптимизированного бэктеста для VELOUSDT-XDCUSDT
2026-01-19 10:54:14,914 - coint2.engine.numba_engine - INFO - Запуск Numba-оптимизированного бэктеста для LADYSUSDT-SHIBUSDT
2026-01-19 10:54:14,960 - INFO -   ⏱️ Параллельная обработка завершена за 0.8с (169.0 пар/с)
2026-01-19 10:54:15,007 - coint2.pipeline.walk_forward_orchestrator - INFO - 🎯 СИМУЛЯЦИЯ ПОРТФЕЛЯ: 141 пар, лимит 15 позиций
2026-01-19 10:54:16,072 - coint2.pipeline.walk_forward_orchestrator - INFO -    📈 Макс. одновременных сигналов: 57
2026-01-19 10:54:16,072 - coint2.pipeline.walk_forward_orchestrator - INFO -    📊 Средн. сигналов за период: 1.3
2026-01-19 10:54:16,072 - coint2.pipeline.walk_forward_orchestrator - INFO -    🎯 Финальных активных позиций: 0
2026-01-19 10:54:16,073 - coint2.pipeline.walk_forward_orchestrator - INFO -    ⚡ Утилизация лимита позиций: 8.5%
2026-01-19 10:54:16,074 - INFO - ⇠ WF-шаг 2/5 backtests — completed 141 items in 1.95s (72.3 items/s)
2026-01-19 10:54:16,074 - INFO -   ✅ Обработка завершена: 141 успешно, 0 с ошибками
2026-01-19 10:54:16,074 - INFO -   📊 Успешность: 100.0%, прибыльность: 55.3%, сделок/пара: 13.6
2026-01-19 10:54:16,074 - INFO -   ✅ Завершены бэктесты для 141 пар
2026-01-19 10:54:16,074 - INFO -   📊 Всего обработано пар в этом шаге: 141
2026-01-19 10:54:16,075 - INFO -   📈 Результаты шага: 78/141 прибыльных пар, 1918 сделок
2026-01-19 10:54:16,075 - INFO -   💰 P&L шага: $+493.29
2026-01-19 10:54:16,075 - INFO -   ⇢ Обновление капитала и дневного P&L...
2026-01-19 10:54:17,381 - INFO -   💼 Шаг P&L: $+493.29, Накопленный капитал: $10,958.72
2026-01-19 10:54:17,381 - INFO - ------------------------------------------------------------
2026-01-19 10:54:17,381 - INFO -   Walk-forward steps: 2 / 5 (40.0%) | 0.0 items/s | ETA: 384.5s
2026-01-19 10:54:17,381 - INFO - 🔍 WF-шаг 3/5: Валидация временных окон...
2026-01-19 10:54:17,382 - INFO - ⇢ WF-шаг 3/5: training 2023-10-01-2023-11-29, testing 2023-11-30-2023-12-30 — start
2026-01-19 10:54:17,382 - INFO - ⇢ loading step data — start
2026-01-19 10:54:17,556 - INFO - ⇠ loading step data — done in 0.17s
2026-01-19 10:54:19,021 - INFO - 📊 WF-шаг 3/5: Границы данных:
2026-01-19 10:54:19,021 - INFO -    Training: 2023-10-01 00:00:00 → 2023-11-29 23:45:00 (5,760 строк × 309 символов)
2026-01-19 10:54:19,021 - INFO -    Testing:  2023-11-30 00:00:00 → 2023-12-30 00:00:00 (2,881 строк × 309 символов)
2026-01-19 10:54:19,021 - INFO -    Временной разрыв: 0 days 00:15:00
2026-01-19 10:54:19,060 - INFO - ⇢ normalizing training data — start
2026-01-19 10:54:19,093 - INFO -   Символы с NaN значениями: 33
2026-01-19 10:54:19,093 - INFO -   Применяем метод нормализации: rolling_zscore
2026-01-19 10:54:19,108 - INFO - Символы с недостаточной историей: 32 из 309
2026-01-19 10:54:19,509 - INFO - Символы с NaN после нормализации: 277
2026-01-19 10:54:19,515 - INFO - Удалено 233 начальных строк с NaN от rolling расчетов
2026-01-19 10:54:19,517 - INFO - Итоговое количество символов после нормализации: 277 из 309
2026-01-19 10:54:19,518 - INFO -   Статистика нормализации:
2026-01-19 10:54:19,518 - INFO -     Исходные символы: 309
2026-01-19 10:54:19,518 - INFO -     Недостаточная история: 32
2026-01-19 10:54:19,518 - INFO -     Постоянная цена: 0
2026-01-19 10:54:19,518 - INFO -     NaN после нормализации: 277
2026-01-19 10:54:19,518 - INFO -     Итоговые символы: 277 (89.6%)
2026-01-19 10:54:19,518 - INFO -   После нормализации: 277 символов (потеряно 32)
2026-01-19 10:54:19,518 - INFO -   Отброшено много символов: 32 из 309
2026-01-19 10:54:19,518 - INFO - ⇠ normalizing training data — done in 0.46s
2026-01-19 10:54:19,520 - INFO - ⇢ SSD computation — start
2026-01-19 10:54:19,520 - INFO -   Расчет SSD для всех пар (без ограничения)
2026-01-19 10:54:21,872 - INFO -   SSD результат (все пары): 38226 пар
2026-01-19 10:54:21,872 - INFO - ⇠ SSD computation — done in 2.35s
2026-01-19 10:54:21,883 - INFO - ⇢ filtering pairs by cointegration and half-life — start
2026-01-19 10:54:21,883 - INFO - [ФИЛЬТР] Параллельная фильтрация: processes (8 workers)
⚙️  Загрузка данных за период: 2023-10-01 -> 2023-12-30
📂 Найдено 43 parquet файлов для обработки.
📊 Схема данных: Schema({'timestamp': Int64, 'open': Float64, 'high': Float64, 'low': Float64, 'close': Float64, 'volume': Float64, 'turnover': String, 'ts_ms': Int64, 'symbol': String})
✅ Загружено 2499894 записей с помощью Polars.
📊 Типы данных в pandas: timestamp       datetime64[us]
symbol                  object
close                  float64
timestamp_ms             int64
dtype: object
2026-01-19 10:56:27,324 - INFO - [ФИЛЬТР] После проверки данных: 38226 пар
2026-01-19 10:56:27,324 - INFO - [ФИЛЬТР] После фильтра корреляции (>0.45): 27697 пар
2026-01-19 10:56:27,324 - INFO - [ФИЛЬТР] После фильтра beta: 19115 пар
2026-01-19 10:56:27,324 - INFO - [ФИЛЬТР] После фильтра mean crossings: 19115 пар
2026-01-19 10:56:27,324 - INFO - [ФИЛЬТР] После фильтра half-life: 18977 пар
2026-01-19 10:56:27,324 - INFO - [ФИЛЬТР] После фильтра коинтеграции: 4861 пар
2026-01-19 10:56:27,324 - INFO - [ФИЛЬТР] После фильтра Hurst: 2852 пар
2026-01-19 10:56:27,324 - INFO - [ФИЛЬТР] После фильтра KPSS: 189 пар
2026-01-19 10:56:27,324 - INFO - [ФИЛЬТР] После фильтра market microstructure: 189 пар
2026-01-19 10:56:27,324 - INFO - [ФИЛЬТР] Статистика фильтрации (оптимизированный порядок):
2026-01-19 10:56:27,324 - INFO -   1. SSD → Коинтеграция: 38226 → 4861 пар
2026-01-19 10:56:27,324 - INFO -   2. Коинтеграция → Beta: 4861 → 19115 пар
2026-01-19 10:56:27,324 - INFO -   3. Beta → Half-life: 19115 → 18977 пар
2026-01-19 10:56:27,324 - INFO -   4. Half-life → Mean crossings: 18977 → 19115 пар
2026-01-19 10:56:27,324 - INFO -   5. Mean crossings → Hurst: 19115 → 2852 пар
2026-01-19 10:56:27,324 - INFO -   6. Hurst → KPSS: 2852 → 189 пар
2026-01-19 10:56:27,324 - INFO -   7. KPSS → Market microstructure: 189 → 189 пар
2026-01-19 10:56:27,324 - INFO - [ФИЛЬТР] Причины отсева:
2026-01-19 10:56:27,324 - INFO -   • pvalue: 14116 пар (36.9%)
2026-01-19 10:56:27,324 - INFO -   • low_correlation: 10529 пар (27.5%)
2026-01-19 10:56:27,324 - INFO -   • beta: 8582 пар (22.5%)
2026-01-19 10:56:27,324 - INFO -   • kpss: 2663 пар (7.0%)
2026-01-19 10:56:27,324 - INFO -   • hurst: 2009 пар (5.3%)
2026-01-19 10:56:27,324 - INFO -   • half_life: 138 пар (0.4%)
2026-01-19 10:56:27,324 - INFO - [ФИЛЬТР] Итого: 38226 → 189 пар (0.5% прошли все фильтры)
2026-01-19 10:56:27,383 - INFO - Причины отсева сохранены в results/filter_reasons_20260119_105627.csv
2026-01-19 10:56:27,391 - INFO -   Pair stability filter: 189 → 0 (window=3, min_steps=2, history=2)
2026-01-19 10:56:27,391 - INFO -   Фильтрация: 38226 → 0 пар
2026-01-19 10:56:27,391 - INFO - ⇠ filtering pairs by cointegration and half-life — done in 125.51s
2026-01-19 10:56:27,391 - INFO - ⇠ WF-шаг 3/5: training 2023-10-01-2023-11-29, testing 2023-11-30-2023-12-30 — done in 130.01s
2026-01-19 10:56:27,391 - INFO -   Всего пар для торговли: 0 (ограничение 15 применяется к одновременно открытым позициям)
2026-01-19 10:56:27,391 - INFO -   💰 Проверка расчета капитала: equity=$10,958.72, кандидатных_пар=0, max_позиций=15
2026-01-19 10:56:27,391 - INFO -   🎯 Target concurrency: 0 (ожидаемое одновременное число позиций)
2026-01-19 10:56:27,392 - INFO -   💼 Шаг P&L: $+0.00, Накопленный капитал: $10,958.72
2026-01-19 10:56:27,392 - INFO - ------------------------------------------------------------
2026-01-19 10:56:27,392 - INFO -   Walk-forward steps: 3 / 5 (60.0%) | 0.0 items/s | ETA: 257.6s
2026-01-19 10:56:27,392 - INFO - 🔍 WF-шаг 4/5: Валидация временных окон...
2026-01-19 10:56:27,392 - INFO - ⇢ WF-шаг 4/5: training 2023-10-31-2023-12-29, testing 2023-12-30-2024-01-29 — start
2026-01-19 10:56:27,392 - INFO - ⇢ loading step data — start
2026-01-19 10:56:27,577 - INFO - ⇠ loading step data — done in 0.18s
2026-01-19 10:56:29,019 - INFO - 📊 WF-шаг 4/5: Границы данных:
2026-01-19 10:56:29,019 - INFO -    Training: 2023-10-31 00:00:00 → 2023-12-29 23:45:00 (5,760 строк × 327 символов)
2026-01-19 10:56:29,019 - INFO -    Testing:  2023-12-30 00:00:00 → 2024-01-29 00:00:00 (2,881 строк × 327 символов)
2026-01-19 10:56:29,019 - INFO -    Временной разрыв: 0 days 00:15:00
2026-01-19 10:56:29,060 - INFO - ⇢ normalizing training data — start
2026-01-19 10:56:29,096 - INFO -   Символы с NaN значениями: 45
2026-01-19 10:56:29,096 - INFO -   Применяем метод нормализации: rolling_zscore
2026-01-19 10:56:29,111 - INFO - Символы с недостаточной историей: 40 из 327
2026-01-19 10:56:29,531 - INFO - Символы с NaN после нормализации: 287
2026-01-19 10:56:29,538 - INFO - Удалено 809 начальных строк с NaN от rolling расчетов
2026-01-19 10:56:29,540 - INFO - Итоговое количество символов после нормализации: 287 из 327
2026-01-19 10:56:29,540 - INFO -   Статистика нормализации:
2026-01-19 10:56:29,540 - INFO -     Исходные символы: 327
2026-01-19 10:56:29,540 - INFO -     Недостаточная история: 40
2026-01-19 10:56:29,540 - INFO -     Постоянная цена: 0
2026-01-19 10:56:29,541 - INFO -     NaN после нормализации: 287
2026-01-19 10:56:29,541 - INFO -     Итоговые символы: 287 (87.8%)
2026-01-19 10:56:29,541 - INFO -   После нормализации: 287 символов (потеряно 40)
2026-01-19 10:56:29,541 - INFO -   Отброшено много символов: 40 из 327
2026-01-19 10:56:29,541 - INFO - ⇠ normalizing training data — done in 0.48s
2026-01-19 10:56:29,542 - INFO - ⇢ SSD computation — start
2026-01-19 10:56:29,542 - INFO -   Расчет SSD для всех пар (без ограничения)
2026-01-19 10:56:31,974 - INFO -   SSD результат (все пары): 41041 пар
2026-01-19 10:56:31,974 - INFO - ⇠ SSD computation — done in 2.43s
2026-01-19 10:56:31,986 - INFO - ⇢ filtering pairs by cointegration and half-life — start
2026-01-19 10:56:31,986 - INFO - [ФИЛЬТР] Параллельная фильтрация: processes (8 workers)
⚙️  Загрузка данных за период: 2023-10-31 -> 2024-01-29
📂 Найдено 43 parquet файлов для обработки.
📊 Схема данных: Schema({'timestamp': Int64, 'open': Float64, 'high': Float64, 'low': Float64, 'close': Float64, 'volume': Float64, 'turnover': String, 'ts_ms': Int64, 'symbol': String})
✅ Загружено 2615053 записей с помощью Polars.
📊 Типы данных в pandas: timestamp       datetime64[us]
symbol                  object
close                  float64
timestamp_ms             int64
dtype: object
2026-01-19 10:58:33,844 - INFO - [ФИЛЬТР] После проверки данных: 41041 пар
2026-01-19 10:58:33,844 - INFO - [ФИЛЬТР] После фильтра корреляции (>0.45): 26199 пар
2026-01-19 10:58:33,844 - INFO - [ФИЛЬТР] После фильтра beta: 17817 пар
2026-01-19 10:58:33,844 - INFO - [ФИЛЬТР] После фильтра mean crossings: 17817 пар
2026-01-19 10:58:33,844 - INFO - [ФИЛЬТР] После фильтра half-life: 17721 пар
2026-01-19 10:58:33,844 - INFO - [ФИЛЬТР] После фильтра коинтеграции: 4456 пар
2026-01-19 10:58:33,844 - INFO - [ФИЛЬТР] После фильтра Hurst: 3028 пар
2026-01-19 10:58:33,844 - INFO - [ФИЛЬТР] После фильтра KPSS: 162 пар
2026-01-19 10:58:33,844 - INFO - [ФИЛЬТР] После фильтра market microstructure: 162 пар
2026-01-19 10:58:33,844 - INFO - [ФИЛЬТР] Статистика фильтрации (оптимизированный порядок):
2026-01-19 10:58:33,844 - INFO -   1. SSD → Коинтеграция: 41041 → 4456 пар
2026-01-19 10:58:33,844 - INFO -   2. Коинтеграция → Beta: 4456 → 17817 пар
2026-01-19 10:58:33,845 - INFO -   3. Beta → Half-life: 17817 → 17721 пар
2026-01-19 10:58:33,845 - INFO -   4. Half-life → Mean crossings: 17721 → 17817 пар
2026-01-19 10:58:33,845 - INFO -   5. Mean crossings → Hurst: 17817 → 3028 пар
2026-01-19 10:58:33,845 - INFO -   6. Hurst → KPSS: 3028 → 162 пар
2026-01-19 10:58:33,845 - INFO -   7. KPSS → Market microstructure: 162 → 162 пар
2026-01-19 10:58:33,845 - INFO - [ФИЛЬТР] Причины отсева:
2026-01-19 10:58:33,845 - INFO -   • low_correlation: 14842 пар (36.2%)
2026-01-19 10:58:33,845 - INFO -   • pvalue: 13265 пар (32.3%)
2026-01-19 10:58:33,845 - INFO -   • beta: 8382 пар (20.4%)
2026-01-19 10:58:33,845 - INFO -   • kpss: 2866 пар (7.0%)
2026-01-19 10:58:33,845 - INFO -   • hurst: 1428 пар (3.5%)
2026-01-19 10:58:33,845 - INFO -   • half_life: 96 пар (0.2%)
2026-01-19 10:58:33,845 - INFO - [ФИЛЬТР] Итого: 41041 → 162 пар (0.4% прошли все фильтры)
2026-01-19 10:58:33,905 - INFO - Причины отсева сохранены в results/filter_reasons_20260119_105833.csv
2026-01-19 10:58:33,912 - INFO -   Pair stability filter: 162 → 0 (window=3, min_steps=2, history=3)
2026-01-19 10:58:33,912 - INFO -   Фильтрация: 41041 → 0 пар
2026-01-19 10:58:33,912 - INFO - ⇠ filtering pairs by cointegration and half-life — done in 121.93s
2026-01-19 10:58:33,912 - INFO - ⇠ WF-шаг 4/5: training 2023-10-31-2023-12-29, testing 2023-12-30-2024-01-29 — done in 126.52s
2026-01-19 10:58:33,912 - INFO -   Всего пар для торговли: 0 (ограничение 15 применяется к одновременно открытым позициям)
2026-01-19 10:58:33,913 - INFO -   💰 Проверка расчета капитала: equity=$10,958.72, кандидатных_пар=0, max_позиций=15
2026-01-19 10:58:33,913 - INFO -   🎯 Target concurrency: 0 (ожидаемое одновременное число позиций)
2026-01-19 10:58:33,913 - INFO -   💼 Шаг P&L: $+0.00, Накопленный капитал: $10,958.72
2026-01-19 10:58:33,913 - INFO - ------------------------------------------------------------
2026-01-19 10:58:33,914 - INFO -   Walk-forward steps: 4 / 5 (80.0%) | 0.0 items/s | ETA: 128.2s
2026-01-19 10:58:33,914 - INFO - 🔍 WF-шаг 5/5: Валидация временных окон...
2026-01-19 10:58:33,914 - INFO - ⇢ WF-шаг 5/5: training 2023-11-30-2024-01-28, testing 2024-01-29-2024-02-28 — start
2026-01-19 10:58:33,914 - INFO - ⇢ loading step data — start
2026-01-19 10:58:34,100 - INFO - ⇠ loading step data — done in 0.19s
2026-01-19 10:58:35,740 - INFO - 📊 WF-шаг 5/5: Границы данных:
2026-01-19 10:58:35,741 - INFO -    Training: 2023-11-30 00:00:00 → 2024-01-28 23:45:00 (5,760 строк × 344 символов)
2026-01-19 10:58:35,741 - INFO -    Testing:  2024-01-29 00:00:00 → 2024-02-28 00:00:00 (2,881 строк × 344 символов)
2026-01-19 10:58:35,741 - INFO -    Временной разрыв: 0 days 00:15:00
2026-01-19 10:58:35,785 - INFO - ⇢ normalizing training data — start
2026-01-19 10:58:35,823 - INFO -   Символы с NaN значениями: 52
2026-01-19 10:58:35,823 - INFO -   Применяем метод нормализации: rolling_zscore
2026-01-19 10:58:35,838 - INFO - Символы с недостаточной историей: 44 из 344
2026-01-19 10:58:36,267 - INFO - Символы с NaN после нормализации: 300
2026-01-19 10:58:36,273 - INFO - Удалено 809 начальных строк с NaN от rolling расчетов
2026-01-19 10:58:36,275 - INFO - Итоговое количество символов после нормализации: 300 из 344
2026-01-19 10:58:36,275 - INFO -   Статистика нормализации:
2026-01-19 10:58:36,275 - INFO -     Исходные символы: 344
2026-01-19 10:58:36,275 - INFO -     Недостаточная история: 44
2026-01-19 10:58:36,275 - INFO -     Постоянная цена: 0
2026-01-19 10:58:36,275 - INFO -     NaN после нормализации: 300
2026-01-19 10:58:36,275 - INFO -     Итоговые символы: 300 (87.2%)
2026-01-19 10:58:36,275 - INFO -   После нормализации: 300 символов (потеряно 44)
2026-01-19 10:58:36,275 - INFO -   Отброшено много символов: 44 из 344
2026-01-19 10:58:36,275 - INFO - ⇠ normalizing training data — done in 0.49s
2026-01-19 10:58:36,277 - INFO - ⇢ SSD computation — start
2026-01-19 10:58:36,277 - INFO -   Расчет SSD для всех пар (без ограничения)
2026-01-19 10:58:38,816 - INFO -   SSD результат (все пары): 44850 пар
2026-01-19 10:58:38,817 - INFO - ⇠ SSD computation — done in 2.54s
2026-01-19 10:58:38,829 - INFO - ⇢ filtering pairs by cointegration and half-life — start
2026-01-19 10:58:38,830 - INFO - [ФИЛЬТР] Параллельная фильтрация: processes (8 workers)
⚙️  Загрузка данных за период: 2023-11-30 -> 2024-02-28
📂 Найдено 43 parquet файлов для обработки.
📊 Схема данных: Schema({'timestamp': Int64, 'open': Float64, 'high': Float64, 'low': Float64, 'close': Float64, 'volume': Float64, 'turnover': String, 'ts_ms': Int64, 'symbol': String})
✅ Загружено 2755343 записей с помощью Polars.
📊 Типы данных в pandas: timestamp       datetime64[us]
symbol                  object
close                  float64
timestamp_ms             int64
dtype: object
2026-01-19 11:00:28,094 - INFO - [ФИЛЬТР] После проверки данных: 44850 пар
2026-01-19 11:00:28,094 - INFO - [ФИЛЬТР] После фильтра корреляции (>0.45): 14952 пар
2026-01-19 11:00:28,094 - INFO - [ФИЛЬТР] После фильтра beta: 10710 пар
2026-01-19 11:00:28,094 - INFO - [ФИЛЬТР] После фильтра mean crossings: 10710 пар
2026-01-19 11:00:28,094 - INFO - [ФИЛЬТР] После фильтра half-life: 10679 пар
2026-01-19 11:00:28,094 - INFO - [ФИЛЬТР] После фильтра коинтеграции: 4834 пар
2026-01-19 11:00:28,094 - INFO - [ФИЛЬТР] После фильтра Hurst: 3565 пар
2026-01-19 11:00:28,094 - INFO - [ФИЛЬТР] После фильтра KPSS: 150 пар
2026-01-19 11:00:28,094 - INFO - [ФИЛЬТР] После фильтра market microstructure: 150 пар
2026-01-19 11:00:28,094 - INFO - [ФИЛЬТР] Статистика фильтрации (оптимизированный порядок):
2026-01-19 11:00:28,094 - INFO -   1. SSD → Коинтеграция: 44850 → 4834 пар
2026-01-19 11:00:28,094 - INFO -   2. Коинтеграция → Beta: 4834 → 10710 пар
2026-01-19 11:00:28,094 - INFO -   3. Beta → Half-life: 10710 → 10679 пар
2026-01-19 11:00:28,094 - INFO -   4. Half-life → Mean crossings: 10679 → 10710 пар
2026-01-19 11:00:28,095 - INFO -   5. Mean crossings → Hurst: 10710 → 3565 пар
2026-01-19 11:00:28,095 - INFO -   6. Hurst → KPSS: 3565 → 150 пар
2026-01-19 11:00:28,095 - INFO -   7. KPSS → Market microstructure: 150 → 150 пар
2026-01-19 11:00:28,095 - INFO - [ФИЛЬТР] Причины отсева:
2026-01-19 11:00:28,095 - INFO -   • low_correlation: 29898 пар (66.7%)
2026-01-19 11:00:28,095 - INFO -   • pvalue: 5845 пар (13.0%)
2026-01-19 11:00:28,095 - INFO -   • beta: 4242 пар (9.5%)
2026-01-19 11:00:28,095 - INFO -   • kpss: 3415 пар (7.6%)
2026-01-19 11:00:28,095 - INFO -   • hurst: 1269 пар (2.8%)
2026-01-19 11:00:28,095 - INFO -   • half_life: 31 пар (0.1%)
2026-01-19 11:00:28,095 - INFO - [ФИЛЬТР] Итого: 44850 → 150 пар (0.3% прошли все фильтры)
2026-01-19 11:00:28,157 - INFO - Причины отсева сохранены в results/filter_reasons_20260119_110028.csv
2026-01-19 11:00:28,164 - INFO -   Pair stability filter: 150 → 0 (window=3, min_steps=2, history=4)
2026-01-19 11:00:28,165 - INFO -   Фильтрация: 44850 → 0 пар
2026-01-19 11:00:28,165 - INFO - ⇠ filtering pairs by cointegration and half-life — done in 109.34s
2026-01-19 11:00:28,165 - INFO - ⇠ WF-шаг 5/5: training 2023-11-30-2024-01-28, testing 2024-01-29-2024-02-28 — done in 114.25s
2026-01-19 11:00:28,165 - INFO -   Всего пар для торговли: 0 (ограничение 15 применяется к одновременно открытым позициям)
2026-01-19 11:00:28,165 - INFO -   💰 Проверка расчета капитала: equity=$10,958.72, кандидатных_пар=0, max_позиций=15
2026-01-19 11:00:28,165 - INFO -   🎯 Target concurrency: 0 (ожидаемое одновременное число позиций)
2026-01-19 11:00:28,166 - INFO -   💼 Шаг P&L: $+0.00, Накопленный капитал: $10,958.72
2026-01-19 11:00:28,166 - INFO - ------------------------------------------------------------
2026-01-19 11:00:28,166 - INFO -   Walk-forward steps: 5 / 5 (100.0%) | 0.0 items/s | ETA: 0.0s
2026-01-19 11:00:28,166 - INFO - ⇠ Walk-forward steps — completed 5 items in 627.13s (0.0 items/s)
2026-01-19 11:00:28,166 - INFO - ================================================================================
2026-01-19 11:00:28,166 - INFO - 🏁 Walk-forward анализ завершен!
2026-01-19 11:00:28,166 - INFO - ⏱️ Обработано 5 шагов за 374.0 секунд
2026-01-19 11:00:28,166 - INFO - 📊 Всего обработано пар за весь анализ: 388
2026-01-19 11:00:28,166 - INFO - 💰 Финальный капитал: $10,958.72 (было $10,000.00)
2026-01-19 11:00:28,166 - INFO - 📈 Общая доходность: +9.59% ($+958.72)
2026-01-19 11:00:28,166 - INFO - 📊 Всего сделок: 0
2026-01-19 11:00:28,166 - INFO - ================================================================================
2026-01-19 11:00:28,166 - INFO - ✓ Завершены все 5 WF-шагов
2026-01-19 11:00:28,166 - INFO - ⇢ Обработка финальных результатов и расчет метрик...
2026-01-19 11:00:28,166 - INFO - ⇢ processing final results — start
2026-01-19 11:00:28,167 - INFO -   ⇢ Агрегация данных P&L за 5762 торговых дней
2026-01-19 11:00:28,181 - INFO -   ⇢ Расчет базовых метрик производительности...
2026-01-19 11:00:28,182 - INFO -     📊 Данные для анализа: 5762 записей P&L, 5761 точек equity
2026-01-19 11:00:28,184 - INFO -   ⇢ Расчет расширенных метрик (волатильность, Calmar ratio, и др.)...
2026-01-19 11:00:28,184 - INFO -   ✅ Расширенные метрики рассчитаны: 6 показателей
2026-01-19 11:00:28,184 - INFO -   ⇢ Анализ статистики по 388 парам...
2026-01-19 11:00:28,187 - INFO - ✅ Рассчитаны метрики производительности (19 показателей)
2026-01-19 11:00:28,187 - INFO -   💰 Общий P&L: $+958.72
2026-01-19 11:00:28,187 - INFO -   📊 Sharpe Ratio: 5.812
2026-01-19 11:00:28,187 - INFO -   📉 Максимальная просадка: -18898.01%
2026-01-19 11:00:28,187 - INFO -   🔄 Всего сделок: 6519
2026-01-19 11:00:28,187 - INFO -   📈 Торгуемых пар: 383
2026-01-19 11:00:28,188 - INFO -   💸 Общие издержки: $236.95
2026-01-19 11:00:28,188 - coint2.metrics - INFO - Metric: total_pnl
2026-01-19 11:00:28,188 - coint2.metrics - INFO - Metric: sharpe_ratio_abs
2026-01-19 11:00:28,189 - coint2.metrics - INFO - Metric: max_drawdown_pct
2026-01-19 11:00:28,189 - coint2.metrics - INFO - Metric: total_trades
2026-01-19 11:00:28,189 - coint2.metrics - INFO - Metric: total_pairs_traded
2026-01-19 11:00:28,189 - coint2.metrics - INFO - Metric: total_costs
2026-01-19 11:00:28,189 - INFO - ⇠ processing final results — done in 0.02s
2026-01-19 11:00:28,189 - INFO - ⇢ Создание отчетов и сохранение результатов...
2026-01-19 11:00:28,189 - INFO - ⇢ generating reports — start
2026-01-19 11:00:28,189 - INFO -   ⇢ Создание отчета о производительности...
2026-01-19 11:00:33,886 - INFO -   ✓ Отчет о производительности создан
2026-01-19 11:00:33,886 - INFO -   ⇢ Сохранение данных в CSV файлы...
2026-01-19 11:00:33,888 - INFO - 📋 Метрики сохранены: artifacts/wfa/runs/20260119_stability_relaxed5/stability_relaxed5_20260119_pv0p08_hurst0p65_hl0p02_60_corr0p45_ssd50000_kpss0p03_w3m2/strategy_metrics.csv
2026-01-19 11:00:33,889 - INFO - 📈 Дневные P&L сохранены: artifacts/wfa/runs/20260119_stability_relaxed5/stability_relaxed5_20260119_pv0p08_hurst0p65_hl0p02_60_corr0p45_ssd50000_kpss0p03_w3m2/daily_pnl.csv (61 записей)
2026-01-19 11:00:33,910 - INFO - 💹 Кривая капитала сохранена: artifacts/wfa/runs/20260119_stability_relaxed5/stability_relaxed5_20260119_pv0p08_hurst0p65_hl0p02_60_corr0p45_ssd50000_kpss0p03_w3m2/equity_curve.csv (5761 точек)
2026-01-19 11:00:33,917 - INFO - 📋 Статистика сделок сохранена: artifacts/wfa/runs/20260119_stability_relaxed5/stability_relaxed5_20260119_pv0p08_hurst0p65_hl0p02_60_corr0p45_ssd50000_kpss0p03_w3m2/trade_statistics.csv (388 записей)
2026-01-19 11:00:33,917 - INFO - 🎉 Walk-Forward анализ полностью завершен!
2026-01-19 11:00:33,917 - INFO - 📊 Все отчеты и данные сохранены в: artifacts/wfa/runs/20260119_stability_relaxed5/stability_relaxed5_20260119_pv0p08_hurst0p65_hl0p02_60_corr0p45_ssd50000_kpss0p03_w3m2
2026-01-19 11:00:33,918 - INFO - 💼 Итоговый капитал: $10,958.72
2026-01-19 11:00:33,918 - INFO - ⏱️  Общее время выполнения: 379.8 секунд
2026-01-19 11:00:33,918 - INFO - ⇠ generating reports — done in 5.73s
2026-01-19 11:00:33,918 - coint2.core.memory_optimization - INFO - 🧹 Cleaning up global price data
2026-01-19 11:00:33,921 - coint2.core.memory_optimization - INFO - 📊 No global rolling stats to clean up
2026-01-19 11:00:33,922 - INFO - 🧹 Memory-mapped data cleaned up
2026-01-19 11:00:33,923 - INFO - ⇠ run_walk_forward_analysis — done in 640.33s
📊 Отчет сохранен: artifacts/wfa/runs/20260119_stability_relaxed5/stability_relaxed5_20260119_pv0p08_hurst0p65_hl0p02_60_corr0p45_ssd50000_kpss0p03_w3m2/CointegrationStrategy_performance_report.png
🎯 ============================================================
📊 ИТОГИ ТОРГОВОЙ СТРАТЕГИИ
🎯 ============================================================

💰 ФИНАНСОВЫЕ РЕЗУЛЬТАТЫ:
   • Общий P&L:                          959
   • Максимальная просадка:             -189
   • Средний дневной P&L:                 16

📈 МЕТРИКИ РИСКА:
   • Коэффициент Шарпа:               5.8116
   • Волатильность P&L:                49.00
   • Процент прибыльных дней:         57.38%

🔄 ТОРГОВАЯ АКТИВНОСТЬ:
   • Всего торговых дней:                 61
   • Всего сделок:                     6,519
   • Торгуемых пар:                      383
   • Сделок на пару:                    16.8
   • Успешность сделок:               0.29%

💸 РАСХОДЫ И ЭКСТРЕМУМЫ:
   • Общие расходы:                      237
   • Максимальная прибыль:               208
   • Максимальный убыток:               -115
   • Лучшая пара (P&L):                   94
   • Худшая пара (P&L):                  -37

📊 ОЦЕНКА СТРАТЕГИИ:
   ✅ ОТЛИЧНАЯ стратегия! Высокий Шарп и положительный результат

🎯 ============================================================

Annualized Sharpe Ratio: 5.8115575779618815
[run_wfa_fullcpu] end: 2026-01-19T11:00:35Z
