[run_wfa_queue] 2026-01-19T09:13:08Z cmd: /opt/coint4/coint4/run_wfa_fullcpu.sh configs/stability_20260119_relaxed4/stability_relaxed4_20260119_pv0p07_hurst0p62_hl0p02_60_corr0p5_ssd40000_kpss0p05.yaml artifacts/wfa/runs/20260119_stability_relaxed4/stability_relaxed4_20260119_pv0p07_hurst0p62_hl0p02_60_corr0p5_ssd40000_kpss0p05
[run_wfa_fullcpu] start: 2026-01-19T09:13:08Z
[run_wfa_fullcpu] os.cpu_count: 8
[run_wfa_fullcpu] worker_pid=1280
2026-01-19 09:13:11,657 - coint2.core.memory_optimization - INFO - ✅ BLAS threading limits set to 1 via threadpoolctl
2026-01-19 09:13:11,657 - coint2.core.memory_optimization - INFO - 🔧 Controlled libraries: openblas, openmp
2026-01-19 09:13:11,657 - coint2.core.memory_optimization - INFO - 🧵 Process threads: 2 → 2
2026-01-19 09:13:11,658 - coint2.core.memory_optimization - INFO - 📝 Set 11 environment variables
2026-01-19 09:13:12,028 - INFO - ✅ Параметры конфигурации валидны
2026-01-19 09:13:12,028 - INFO - 📝 Некоторые параметры были скорректированы:
2026-01-19 09:13:12,028 - INFO - 🧭 WFA: динамический отбор пар на каждом шаге
2026-01-19 09:13:12,028 - INFO -   Шаг 1: тренировка 2023-08-02-2023-09-30, тест 2023-10-01-2023-10-31
2026-01-19 09:13:12,028 - INFO -   Шаг 2: тренировка 2023-09-01-2023-10-30, тест 2023-10-31-2023-11-30
2026-01-19 09:13:12,028 - INFO -   Шаг 3: тренировка 2023-10-01-2023-11-29, тест 2023-11-30-2023-12-30
2026-01-19 09:13:12,028 - INFO -   Шаг 4: тренировка 2023-10-31-2023-12-29, тест 2023-12-30-2024-01-29
2026-01-19 09:13:12,028 - INFO -   Шаг 5: тренировка 2023-11-30-2024-01-28, тест 2024-01-29-2024-02-28
2026-01-19 09:13:12,028 - INFO -   Шаг 6: тренировка 2023-12-30-2024-02-27, тест 2024-02-28-2024-03-29
2026-01-19 09:13:12,028 - INFO -   Шаг 7: тренировка 2024-01-29-2024-03-28, тест 2024-03-29-2024-04-28
2026-01-19 09:13:12,028 - INFO -   Шаг 8: тренировка 2024-02-28-2024-04-27, тест 2024-04-28-2024-05-28
2026-01-19 09:13:12,028 - INFO - 📈 Запланировано 8 walk-forward шагов
2026-01-19 09:13:12,029 - INFO - ⛔ Ограничение WFA шагов: 8 → 5
2026-01-19 09:13:12,029 - WARNING - ⚠️ Маленький буфер между training и testing в шаге 1: 0 дней. Рекомендуется минимум 1 день.
2026-01-19 09:13:12,029 - WARNING - ⚠️ Маленький буфер между training и testing в шаге 2: 0 дней. Рекомендуется минимум 1 день.
2026-01-19 09:13:12,029 - WARNING - ⚠️ Маленький буфер между training и testing в шаге 3: 0 дней. Рекомендуется минимум 1 день.
2026-01-19 09:13:12,029 - WARNING - ⚠️ Маленький буфер между training и testing в шаге 4: 0 дней. Рекомендуется минимум 1 день.
2026-01-19 09:13:12,029 - WARNING - ⚠️ Маленький буфер между training и testing в шаге 5: 0 дней. Рекомендуется минимум 1 день.
2026-01-19 09:13:12,029 - INFO - ✅ Шаги успешно запланированы:
2026-01-19 09:13:12,029 - INFO -    Шаг 1: тренировка 2023-08-02-2023-09-30, тест 2023-10-01-2023-10-31
2026-01-19 09:13:12,029 - INFO -    Шаг 2: тренировка 2023-09-01-2023-10-30, тест 2023-10-31-2023-11-30
2026-01-19 09:13:12,029 - INFO -    Шаг 3: тренировка 2023-10-01-2023-11-29, тест 2023-11-30-2023-12-30
2026-01-19 09:13:12,029 - INFO -    Шаг 4: тренировка 2023-10-31-2023-12-29, тест 2023-12-30-2024-01-29
2026-01-19 09:13:12,029 - INFO -    Шаг 5: тренировка 2023-11-30-2024-01-28, тест 2024-01-29-2024-02-28
2026-01-19 09:13:12,029 - INFO - 🗂️ Consolidating price data for memory-mapped access...
2026-01-19 09:13:12,029 - INFO - 📊 Consolidating data range: 2023-07-28 → 2024-03-04
2026-01-19 09:13:12,029 - coint2.core.memory_optimization - INFO - 🔄 Consolidating price data from data_downloaded to .cache/consolidated_prices.parquet
2026-01-19 09:13:12,029 - INFO - ⇢ loading raw data for consolidation — start
2026-01-19 09:13:13,538 - INFO - ⇠ loading raw data for consolidation — done in 1.51s
2026-01-19 09:13:13,538 - INFO - ⇢ pivoting data to wide format — start
2026-01-19 09:13:18,661 - INFO - ⇠ pivoting data to wide format — done in 5.12s
2026-01-19 09:13:18,702 - coint2.core.memory_optimization - INFO - 📊 Consolidated data: 21121 rows × 346 symbols
2026-01-19 09:13:18,703 - coint2.core.memory_optimization - INFO - 💾 Memory usage: 29.4 MB
2026-01-19 09:13:18,703 - INFO - ⇢ writing consolidated Parquet file — start
2026-01-19 09:13:18,922 - INFO - ⇠ writing consolidated Parquet file — done in 0.22s
2026-01-19 09:13:18,922 - coint2.core.memory_optimization - INFO - ✅ Successfully consolidated data to .cache/consolidated_prices.parquet
2026-01-19 09:13:18,948 - coint2.core.memory_optimization - INFO - 🔄 Initializing memory-mapped price data from .cache/consolidated_prices.parquet
2026-01-19 09:13:18,948 - INFO - ⇢ loading memory-mapped data — start
2026-01-19 09:13:18,949 - coint2.core.memory_optimization - WARNING - ⚠️ memory_map не поддерживается в текущей версии pyarrow, fallback без mmap
2026-01-19 09:13:19,077 - INFO - ⇠ loading memory-mapped data — done in 0.13s
2026-01-19 09:13:19,086 - coint2.core.memory_optimization - INFO - 📊 Loaded 21121 rows × 346 symbols
2026-01-19 09:13:19,087 - coint2.core.memory_optimization - INFO - 💾 Memory usage: 29.4 MB (memory-mapped)
2026-01-19 09:13:19,088 - INFO - ✅ Memory-mapped data initialized successfully
2026-01-19 09:13:19,089 - INFO - ⇢ Walk-forward steps — starting 5 items
2026-01-19 09:13:19,089 - INFO - 📈 Инициализация equity кривой с первой тестовой даты: 2023-10-01 00:00:00
2026-01-19 09:13:19,089 - INFO - 🔍 WF-шаг 1/5: Валидация временных окон...
2026-01-19 09:13:19,090 - INFO - ⇢ WF-шаг 1/5: training 2023-08-02-2023-09-30, testing 2023-10-01-2023-10-31 — start
2026-01-19 09:13:19,090 - INFO - ⇢ loading step data — start
2026-01-19 09:13:19,247 - INFO - ⇠ loading step data — done in 0.16s
2026-01-19 09:13:20,504 - INFO - 📊 WF-шаг 1/5: Границы данных:
2026-01-19 09:13:20,504 - INFO -    Training: 2023-08-02 00:00:00 → 2023-09-30 23:45:00 (5,760 строк × 282 символов)
2026-01-19 09:13:20,504 - INFO -    Testing:  2023-10-01 00:00:00 → 2023-10-31 00:00:00 (2,881 строк × 282 символов)
2026-01-19 09:13:20,504 - INFO -    Временной разрыв: 0 days 00:15:00
2026-01-19 09:13:20,540 - INFO - ⇢ normalizing training data — start
2026-01-19 09:13:20,570 - INFO -   Символы с NaN значениями: 20
2026-01-19 09:13:20,570 - INFO -   Применяем метод нормализации: rolling_zscore
2026-01-19 09:13:20,584 - INFO - Символы с недостаточной историей: 20 из 282
2026-01-19 09:13:20,937 - INFO - Символы с NaN после нормализации: 262
2026-01-19 09:13:20,944 - INFO - Удалено 1 начальных строк с NaN от rolling расчетов
2026-01-19 09:13:20,946 - INFO - Итоговое количество символов после нормализации: 262 из 282
2026-01-19 09:13:20,946 - INFO -   Статистика нормализации:
2026-01-19 09:13:20,946 - INFO -     Исходные символы: 282
2026-01-19 09:13:20,946 - INFO -     Недостаточная история: 20
2026-01-19 09:13:20,946 - INFO -     Постоянная цена: 0
2026-01-19 09:13:20,946 - INFO -     NaN после нормализации: 262
2026-01-19 09:13:20,946 - INFO -     Итоговые символы: 262 (92.9%)
2026-01-19 09:13:20,946 - INFO -   После нормализации: 262 символов (потеряно 20)
2026-01-19 09:13:20,946 - INFO -   Отброшенные символы: ADAEUR, BEAMUSDT, BTCEUR, CYBERUSDT, DOGEEUR, ETHEUR, FETUSDT, JEFFUSDT, KASUSDT, KAVAUSDT, LTCEUR, ORDIUSDT, POLUSDT, PPTUSDT, PYUSDUSDT, SEIUSDT, SOLEUR, USDCEUR, XRPEUR, ZTXUSDT
2026-01-19 09:13:20,946 - INFO - ⇠ normalizing training data — done in 0.41s
2026-01-19 09:13:20,946 - INFO - ⇢ SSD computation — start
2026-01-19 09:13:20,946 - INFO -   Расчет SSD для всех пар (без ограничения)
2026-01-19 09:13:26,599 - INFO -   SSD результат (все пары): 34191 пар
2026-01-19 09:13:26,599 - INFO - ⇠ SSD computation — done in 5.65s
2026-01-19 09:13:26,608 - INFO - ⇢ filtering pairs by cointegration and half-life — start
2026-01-19 09:13:26,608 - INFO - [ФИЛЬТР] Параллельная фильтрация: processes (8 workers)
⚙️  Загрузка данных за период: 2023-07-28 -> 2024-03-04
📂 Найдено 43 parquet файлов для обработки.
📊 Схема данных: Schema({'timestamp': Int64, 'open': Float64, 'high': Float64, 'low': Float64, 'close': Float64, 'volume': Float64, 'turnover': String, 'ts_ms': Int64, 'symbol': String})
✅ Загружено 6226682 записей с помощью Polars.
📊 Типы данных в pandas: timestamp       datetime64[us]
symbol                  object
close                  float64
timestamp_ms             int64
dtype: object
⚙️  Загрузка данных за период: 2023-08-02 -> 2023-10-31
📂 Найдено 43 parquet файлов для обработки.
📊 Схема данных: Schema({'timestamp': Int64, 'open': Float64, 'high': Float64, 'low': Float64, 'close': Float64, 'volume': Float64, 'turnover': String, 'ts_ms': Int64, 'symbol': String})
✅ Загружено 2351056 записей с помощью Polars.
📊 Типы данных в pandas: timestamp       datetime64[us]
symbol                  object
close                  float64
timestamp_ms             int64
dtype: object
2026-01-19 09:16:34,185 - INFO - [ФИЛЬТР] После проверки данных: 34191 пар
2026-01-19 09:16:34,185 - INFO - [ФИЛЬТР] После фильтра корреляции (>0.5): 23244 пар
2026-01-19 09:16:34,185 - INFO - [ФИЛЬТР] После фильтра beta: 15381 пар
2026-01-19 09:16:34,185 - INFO - [ФИЛЬТР] После фильтра mean crossings: 15381 пар
2026-01-19 09:16:34,185 - INFO - [ФИЛЬТР] После фильтра half-life: 15299 пар
2026-01-19 09:16:34,185 - INFO - [ФИЛЬТР] После фильтра коинтеграции: 6062 пар
2026-01-19 09:16:34,185 - INFO - [ФИЛЬТР] После фильтра Hurst: 3899 пар
2026-01-19 09:16:34,185 - INFO - [ФИЛЬТР] После фильтра KPSS: 149 пар
2026-01-19 09:16:34,185 - INFO - [ФИЛЬТР] После фильтра market microstructure: 149 пар
2026-01-19 09:16:34,185 - INFO - [ФИЛЬТР] Статистика фильтрации (оптимизированный порядок):
2026-01-19 09:16:34,185 - INFO -   1. SSD → Коинтеграция: 34191 → 6062 пар
2026-01-19 09:16:34,185 - INFO -   2. Коинтеграция → Beta: 6062 → 15381 пар
2026-01-19 09:16:34,185 - INFO -   3. Beta → Half-life: 15381 → 15299 пар
2026-01-19 09:16:34,185 - INFO -   4. Half-life → Mean crossings: 15299 → 15381 пар
2026-01-19 09:16:34,185 - INFO -   5. Mean crossings → Hurst: 15381 → 3899 пар
2026-01-19 09:16:34,185 - INFO -   6. Hurst → KPSS: 3899 → 149 пар
2026-01-19 09:16:34,185 - INFO -   7. KPSS → Market microstructure: 149 → 149 пар
2026-01-19 09:16:34,185 - INFO - [ФИЛЬТР] Причины отсева:
2026-01-19 09:16:34,185 - INFO -   • low_correlation: 10947 пар (32.0%)
2026-01-19 09:16:34,185 - INFO -   • pvalue: 9237 пар (27.0%)
2026-01-19 09:16:34,185 - INFO -   • beta: 7863 пар (23.0%)
2026-01-19 09:16:34,185 - INFO -   • kpss: 3750 пар (11.0%)
2026-01-19 09:16:34,185 - INFO -   • hurst: 2163 пар (6.3%)
2026-01-19 09:16:34,185 - INFO -   • half_life: 82 пар (0.2%)
2026-01-19 09:16:34,185 - INFO - [ФИЛЬТР] Итого: 34191 → 149 пар (0.4% прошли все фильтры)
2026-01-19 09:16:34,288 - INFO - Причины отсева сохранены в results/filter_reasons_20260119_091634.csv
2026-01-19 09:16:34,301 - INFO -   Pair stability filter: insufficient history (0 < 1), skip
2026-01-19 09:16:34,301 - INFO -   Фильтрация: 34191 → 149 пар
2026-01-19 09:16:34,301 - INFO - ⇠ filtering pairs by cointegration and half-life — done in 187.69s
2026-01-19 09:16:34,301 - INFO - ⇠ WF-шаг 1/5: training 2023-08-02-2023-09-30, testing 2023-10-01-2023-10-31 — done in 195.21s
2026-01-19 09:16:34,301 - INFO -   Топ-3 пары по волатильности спреда:
2026-01-19 09:16:34,301 - INFO -     1. COMPUSDT-GMXUSDT: beta=1.0239, std=2.0031
2026-01-19 09:16:34,301 - INFO -     2. TIMEUSDT-ZENUSDT: beta=1.0190, std=0.6922
2026-01-19 09:16:34,301 - INFO -     3. TIMEUSDT-WAVESUSDT: beta=4.9232, std=0.6684
2026-01-19 09:16:34,301 - INFO -   Всего пар для торговли: 149 (ограничение 15 применяется к одновременно открытым позициям)
2026-01-19 09:16:34,301 - INFO -   💰 Проверка расчета капитала: equity=$10,000.00, кандидатных_пар=149, max_позиций=15
2026-01-19 09:16:34,301 - INFO -   🎯 Target concurrency: 15 (ожидаемое одновременное число позиций)
2026-01-19 09:16:34,301 - INFO -   📊 Детали расчета капитала:
2026-01-19 09:16:34,302 - INFO -      • Базовый капитал на пару: $666.67 (equity / target_concurrency)
2026-01-19 09:16:34,302 - INFO -      • Риск-капитал: $150.00 (1.5% от equity)
2026-01-19 09:16:34,302 - INFO -      • Макс. размер позиции: $200.00 (2.0% от equity)
2026-01-19 09:16:34,302 - INFO -      • Итоговый капитал на пару: $150.00
2026-01-19 09:16:34,302 - INFO - ⇢ WF-шаг 1/5 backtests — starting 149 items
2026-01-19 09:16:34,302 - INFO - 🚀 WF-шаг 1/5: Начинаем бэктесты для 149 пар...
2026-01-19 09:16:34,302 - INFO - 🚀 WF-шаг 1/5: Запускаем параллельную обработку 149 пар на 8 ядрах...
2026-01-19 09:16:34,302 - INFO -   📊 Большой набор пар (149), ожидаемое время: ~5 мин
2026-01-19 09:16:34,302 - INFO -   🔄 Прогресс будет отображаться каждые 14 пар
2026-01-19 09:16:34,302 - INFO - 🚀 WF-шаг 1/5: Режим параллельности: процессы
2026-01-19 09:16:34,402 - coint2.engine.numba_engine - INFO - Запуск Numba-оптимизированного бэктеста для COMPUSDT-GMXUSDT
2026-01-19 09:16:34,436 - coint2.engine.numba_engine - INFO - Запуск Numba-оптимизированного бэктеста для TIMEUSDT-ZENUSDT
2026-01-19 09:16:34,480 - coint2.engine.numba_engine - INFO - Запуск Numba-оптимизированного бэктеста для TIMEUSDT-WAVESUSDT
2026-01-19 09:16:34,502 - coint2.engine.numba_engine - INFO - Запуск Numba-оптимизированного бэктеста для TIMEUSDT-UMAUSDT
2026-01-19 09:16:34,546 - coint2.engine.numba_engine - INFO - Запуск Numba-оптимизированного бэктеста для ETHUSDC-ETHUSDT
2026-01-19 09:16:34,581 - coint2.engine.numba_engine - INFO - Запуск Numba-оптимизированного бэктеста для KSMUSDT-STETHUSDT
2026-01-19 09:16:34,588 - coint2.engine.numba_engine - INFO - Запуск Numba-оптимизированного бэктеста для AXSUSDT-UNIUSDT
2026-01-19 09:16:34,615 - coint2.engine.numba_engine - INFO - Запуск Numba-оптимизированного бэктеста для ARUSDT-FILUSDT
2026-01-19 09:16:34,654 - coint2.engine.numba_engine - INFO - Запуск Numba-оптимизированного бэктеста для ETCUSDT-XRPUSDT
2026-01-19 09:16:34,654 - coint2.engine.numba_engine - INFO - Запуск Numba-оптимизированного бэктеста для INTERUSDT-THETAUSDT
2026-01-19 09:16:34,655 - coint2.engine.numba_engine - INFO - Запуск Numba-оптимизированного бэктеста для DOTUSDT-SDUSDT
2026-01-19 09:16:34,671 - coint2.engine.numba_engine - INFO - Запуск Numba-оптимизированного бэктеста для DOTUSDC-SDUSDT
2026-01-19 09:16:34,682 - coint2.engine.numba_engine - INFO - Запуск Numba-оптимизированного бэктеста для SNXUSDT-SOLOUSDT
2026-01-19 09:16:34,706 - coint2.engine.numba_engine - INFO - Запуск Numba-оптимизированного бэктеста для ETCUSDT-XRPUSDC
2026-01-19 09:16:34,708 - coint2.engine.numba_engine - INFO - Запуск Numba-оптимизированного бэктеста для INTERUSDT-WAXPUSDT
2026-01-19 09:16:34,715 - coint2.engine.numba_engine - INFO - Запуск Numba-оптимизированного бэктеста для INTERUSDT-XRPUSDC
2026-01-19 09:16:34,718 - coint2.engine.numba_engine - INFO - Запуск Numba-оптимизированного бэктеста для INTERUSDT-XRPUSDT
2026-01-19 09:16:34,740 - coint2.engine.numba_engine - INFO - Запуск Numba-оптимизированного бэктеста для AXSUSDT-GMTUSDC
2026-01-19 09:16:34,737 - coint2.engine.numba_engine - INFO - Запуск Numba-оптимизированного бэктеста для INTERUSDT-QTUMUSDT
2026-01-19 09:16:34,752 - coint2.engine.numba_engine - INFO - Запуск Numba-оптимизированного бэктеста для AXSUSDT-GMTUSDT
2026-01-19 09:16:34,764 - coint2.engine.numba_engine - INFO - Запуск Numba-оптимизированного бэктеста для INTERUSDT-ZILUSDT
2026-01-19 09:16:34,764 - coint2.engine.numba_engine - INFO - Запуск Numba-оптимизированного бэктеста для INTERUSDT-MANAUSDC
2026-01-19 09:16:34,769 - coint2.engine.numba_engine - INFO - Запуск Numba-оптимизированного бэктеста для INTERUSDT-LTCUSDC
2026-01-19 09:16:34,787 - coint2.engine.numba_engine - INFO - Запуск Numba-оптимизированного бэктеста для DYDXUSDT-QNTUSDT
2026-01-19 09:16:34,789 - coint2.engine.numba_engine - INFO - Запуск Numba-оптимизированного бэктеста для INTERUSDT-STXUSDT
2026-01-19 09:16:34,813 - coint2.engine.numba_engine - INFO - Запуск Numba-оптимизированного бэктеста для AFCUSDT-DOTUSDC
2026-01-19 09:16:34,813 - coint2.engine.numba_engine - INFO - Запуск Numba-оптимизированного бэктеста для INTERUSDT-MASKUSDT
2026-01-19 09:16:34,814 - coint2.engine.numba_engine - INFO - Запуск Numba-оптимизированного бэктеста для HNTUSDT-SDUSDT
2026-01-19 09:16:34,826 - coint2.engine.numba_engine - INFO - Запуск Numba-оптимизированного бэктеста для AXSUSDT-SANDUSDT
2026-01-19 09:16:34,830 - coint2.engine.numba_engine - INFO - Запуск Numba-оптимизированного бэктеста для INTERUSDT-ZENUSDT
2026-01-19 09:16:34,838 - coint2.engine.numba_engine - INFO - Запуск Numba-оптимизированного бэктеста для AFCUSDT-DOTUSDT
2026-01-19 09:16:34,855 - coint2.engine.numba_engine - INFO - Запуск Numba-оптимизированного бэктеста для MASKUSDT-XRPUSDC
2026-01-19 09:16:34,863 - coint2.engine.numba_engine - INFO - Запуск Numba-оптимизированного бэктеста для AFCUSDT-MDAOUSDT
2026-01-19 09:16:34,867 - coint2.engine.numba_engine - INFO - Запуск Numba-оптимизированного бэктеста для ETHWUSDT-XTZUSDT
2026-01-19 09:16:34,871 - coint2.engine.numba_engine - INFO - Запуск Numba-оптимизированного бэктеста для INTERUSDT-ROSEUSDT
2026-01-19 09:16:34,873 - coint2.engine.numba_engine - INFO - Запуск Numba-оптимизированного бэктеста для AXSUSDT-SANDUSDC
2026-01-19 09:16:34,875 - coint2.engine.numba_engine - INFO - Запуск Numba-оптимизированного бэктеста для AFCUSDT-CITYUSDT
2026-01-19 09:16:34,882 - coint2.engine.numba_engine - INFO - Запуск Numba-оптимизированного бэктеста для ETHWUSDT-GMTUSDC
2026-01-19 09:16:34,896 - coint2.engine.numba_engine - INFO - Запуск Numba-оптимизированного бэктеста для INTERUSDT-LTCUSDT
2026-01-19 09:16:34,903 - WARNING - ❌ Ошибка обработки пары AFCUSDT-CITYUSDT: division by zero
2026-01-19 09:16:34,907 - coint2.engine.numba_engine - INFO - Запуск Numba-оптимизированного бэктеста для ETHWUSDT-GMTUSDT
2026-01-19 09:16:34,913 - coint2.engine.numba_engine - INFO - Запуск Numba-оптимизированного бэктеста для SUSHIUSDT-UMAUSDT
2026-01-19 09:16:34,917 - coint2.engine.numba_engine - INFO - Запуск Numba-оптимизированного бэктеста для INTERUSDT-WAVESUSDT
2026-01-19 09:16:34,920 - coint2.engine.numba_engine - INFO - Запуск Numba-оптимизированного бэктеста для MASKUSDT-XRPUSDT
2026-01-19 09:16:34,920 - coint2.engine.numba_engine - INFO - Запуск Numba-оптимизированного бэктеста для INTERUSDT-SOLOUSDT
2026-01-19 09:16:34,924 - coint2.engine.numba_engine - INFO - Запуск Numba-оптимизированного бэктеста для CAKEUSDT-VPADUSDT
2026-01-19 09:16:34,930 - coint2.engine.numba_engine - INFO - Запуск Numba-оптимизированного бэктеста для SFUNDUSDT-VPADUSDT
2026-01-19 09:16:34,956 - coint2.engine.numba_engine - INFO - Запуск Numba-оптимизированного бэктеста для INTERUSDT-XEMUSDT
2026-01-19 09:16:34,957 - coint2.engine.numba_engine - INFO - Запуск Numba-оптимизированного бэктеста для NEARUSDT-XTZUSDT
2026-01-19 09:16:34,967 - coint2.engine.numba_engine - INFO - Запуск Numba-оптимизированного бэктеста для INTERUSDT-MANAUSDT
2026-01-19 09:16:34,968 - coint2.engine.numba_engine - INFO - Запуск Numba-оптимизированного бэктеста для INTERUSDT-USTCUSDT
2026-01-19 09:16:34,970 - coint2.engine.numba_engine - INFO - Запуск Numba-оптимизированного бэктеста для CELOUSDT-SCUSDT
2026-01-19 09:16:34,974 - coint2.engine.numba_engine - INFO - Запуск Numba-оптимизированного бэктеста для THETAUSDT-XRPUSDC
2026-01-19 09:16:34,976 - coint2.engine.numba_engine - INFO - Запуск Numba-оптимизированного бэктеста для CITYUSDT-DOTUSDC
2026-01-19 09:16:34,986 - coint2.engine.numba_engine - INFO - Запуск Numba-оптимизированного бэктеста для HFTUSDT-RPLUSDT
2026-01-19 09:16:35,001 - coint2.engine.numba_engine - INFO - Запуск Numba-оптимизированного бэктеста для AFCUSDT-VPADUSDT
2026-01-19 09:16:35,003 - coint2.engine.numba_engine - INFO - Запуск Numba-оптимизированного бэктеста для HFTUSDT-JUVUSDT
2026-01-19 09:16:35,011 - coint2.engine.numba_engine - INFO - Запуск Numba-оптимизированного бэктеста для PSGUSDT-VPADUSDT
2026-01-19 09:16:35,017 - coint2.engine.numba_engine - INFO - Запуск Numba-оптимизированного бэктеста для CITYUSDT-DOTUSDT
2026-01-19 09:16:35,018 - coint2.engine.numba_engine - INFO - Запуск Numba-оптимизированного бэктеста для HFTUSDC-JUVUSDT
2026-01-19 09:16:35,023 - coint2.engine.numba_engine - INFO - Запуск Numba-оптимизированного бэктеста для OMGUSDT-RDNTUSDT
2026-01-19 09:16:35,047 - coint2.engine.numba_engine - INFO - Запуск Numba-оптимизированного бэктеста для ARKMUSDT-CITYUSDT
2026-01-19 09:16:35,050 - coint2.engine.numba_engine - INFO - Запуск Numba-оптимизированного бэктеста для SUSHIUSDT-USTCUSDT
2026-01-19 09:16:35,050 - coint2.engine.numba_engine - INFO - Запуск Numba-оптимизированного бэктеста для CELOUSDT-ZRXUSDT
2026-01-19 09:16:35,059 - coint2.engine.numba_engine - INFO - Запуск Numba-оптимизированного бэктеста для BICOUSDT-CRVUSDT
2026-01-19 09:16:35,060 - coint2.engine.numba_engine - INFO - Запуск Numba-оптимизированного бэктеста для ARKMUSDT-NEXOUSDT
2026-01-19 09:16:35,061 - coint2.engine.numba_engine - INFO - Запуск Numba-оптимизированного бэктеста для CITYUSDT-JUVUSDT
2026-01-19 09:16:35,062 - coint2.engine.numba_engine - INFO - Запуск Numba-оптимизированного бэктеста для HFTUSDC-MOVRUSDT
2026-01-19 09:16:35,070 - coint2.engine.numba_engine - INFO - Запуск Numba-оптимизированного бэктеста для FLOWUSDT-MASKUSDT
2026-01-19 09:16:35,072 - WARNING - ❌ Ошибка обработки пары ARKMUSDT-CITYUSDT: division by zero
2026-01-19 09:16:35,095 - coint2.engine.numba_engine - INFO - Запуск Numba-оптимизированного бэктеста для BICOUSDT-IMXUSDT
2026-01-19 09:16:35,100 - coint2.engine.numba_engine - INFO - Запуск Numba-оптимизированного бэктеста для RSS3USDT-SFUNDUSDT
2026-01-19 09:16:35,108 - coint2.engine.numba_engine - INFO - Запуск Numba-оптимизированного бэктеста для HFTUSDT-PSGUSDT
2026-01-19 09:16:35,108 - coint2.engine.numba_engine - INFO - Запуск Numba-оптимизированного бэктеста для CTCUSDT-VPADUSDT
2026-01-19 09:16:35,109 - coint2.engine.numba_engine - INFO - Запуск Numba-оптимизированного бэктеста для ARKMUSDT-SFUNDUSDT
2026-01-19 09:16:35,110 - coint2.engine.numba_engine - INFO - Запуск Numba-оптимизированного бэктеста для HFTUSDC-PSGUSDT
2026-01-19 09:16:35,110 - coint2.engine.numba_engine - INFO - Запуск Numba-оптимизированного бэктеста для RSS3USDT-SDUSDT
2026-01-19 09:16:35,119 - coint2.engine.numba_engine - INFO - Запуск Numba-оптимизированного бэктеста для RSS3USDT-RVNUSDT
2026-01-19 09:16:35,143 - coint2.engine.numba_engine - INFO - Запуск Numba-оптимизированного бэктеста для THETAUSDT-XRPUSDT
2026-01-19 09:16:35,145 - coint2.engine.numba_engine - INFO - Запуск Numba-оптимизированного бэктеста для BATUSDT-FIDAUSDT
2026-01-19 09:16:35,149 - coint2.engine.numba_engine - INFO - Запуск Numba-оптимизированного бэктеста для MANAUSDC-XRPUSDT
2026-01-19 09:16:35,151 - coint2.engine.numba_engine - INFO - Запуск Numba-оптимизированного бэктеста для HFTUSDC-RPLUSDT
2026-01-19 09:16:35,152 - coint2.engine.numba_engine - INFO - Запуск Numba-оптимизированного бэктеста для HFTUSDT-SUIUSDT
2026-01-19 09:16:35,155 - coint2.engine.numba_engine - INFO - Запуск Numba-оптимизированного бэктеста для HFTUSDT-SUIUSDC
2026-01-19 09:16:35,163 - coint2.engine.numba_engine - INFO - Запуск Numba-оптимизированного бэктеста для FORTUSDT-SDUSDT
2026-01-19 09:16:35,188 - coint2.engine.numba_engine - INFO - Запуск Numba-оптимизированного бэктеста для HFTUSDT-MOVRUSDT
2026-01-19 09:16:35,190 - coint2.engine.numba_engine - INFO - Запуск Numba-оптимизированного бэктеста для BATUSDT-UMAUSDT
2026-01-19 09:16:35,196 - coint2.engine.numba_engine - INFO - Запуск Numba-оптимизированного бэктеста для FORTUSDT-PSTAKEUSDT
2026-01-19 09:16:35,200 - coint2.engine.numba_engine - INFO - Запуск Numba-оптимизированного бэктеста для CTCUSDT-SDUSDT
2026-01-19 09:16:35,200 - coint2.engine.numba_engine - INFO - Запуск Numba-оптимизированного бэктеста для 1INCHUSDT-SCUSDT
2026-01-19 09:16:35,207 - coint2.engine.numba_engine - INFO - Запуск Numba-оптимизированного бэктеста для BATUSDT-LTCUSDC
2026-01-19 09:16:35,208 - coint2.engine.numba_engine - INFO - Запуск Numba-оптимизированного бэктеста для FORTUSDT-SFUNDUSDT
2026-01-19 09:16:35,212 - coint2.engine.numba_engine - INFO - Запуск Numba-оптимизированного бэктеста для HFTUSDC-SUIUSDC
2026-01-19 09:16:35,236 - coint2.engine.numba_engine - INFO - Запуск Numba-оптимизированного бэктеста для RSS3USDT-XAVAUSDT
2026-01-19 09:16:35,239 - coint2.engine.numba_engine - INFO - Запуск Numba-оптимизированного бэктеста для BATUSDT-LTCUSDT
2026-01-19 09:16:35,247 - coint2.engine.numba_engine - INFO - Запуск Numba-оптимизированного бэктеста для RSS3USDT-SCRTUSDT
2026-01-19 09:16:35,248 - coint2.engine.numba_engine - INFO - Запуск Numba-оптимизированного бэктеста для FORTUSDT-PSGUSDT
2026-01-19 09:16:35,252 - coint2.engine.numba_engine - INFO - Запуск Numba-оптимизированного бэктеста для GMTUSDT-SANDUSDT
2026-01-19 09:16:35,253 - coint2.engine.numba_engine - INFO - Запуск Numba-оптимизированного бэктеста для GMTUSDT-UNIUSDT
2026-01-19 09:16:35,256 - WARNING - ❌ Ошибка обработки пары RSS3USDT-XAVAUSDT: division by zero
2026-01-19 09:16:35,259 - coint2.engine.numba_engine - INFO - Запуск Numba-оптимизированного бэктеста для CTCUSDT-DOTUSDC
2026-01-19 09:16:35,272 - coint2.engine.numba_engine - INFO - Запуск Numba-оптимизированного бэктеста для RSS3USDT-XTZUSDT
2026-01-19 09:16:35,275 - coint2.engine.numba_engine - INFO - Запуск Numba-оптимизированного бэктеста для ADAUSDC-PSGUSDT
2026-01-19 09:16:35,282 - coint2.engine.numba_engine - INFO - Запуск Numba-оптимизированного бэктеста для GMTUSDC-UNIUSDT
2026-01-19 09:16:35,292 - coint2.engine.numba_engine - INFO - Запуск Numba-оптимизированного бэктеста для ALGOUSDT-ROSEUSDT
2026-01-19 09:16:35,292 - coint2.engine.numba_engine - INFO - Запуск Numba-оптимизированного бэктеста для ADAUSDT-PSGUSDT
2026-01-19 09:16:35,299 - coint2.engine.numba_engine - INFO - Запуск Numba-оптимизированного бэктеста для MVUSDT-PSGUSDT
2026-01-19 09:16:35,304 - coint2.engine.numba_engine - INFO - Запуск Numba-оптимизированного бэктеста для MANAUSDT-XRPUSDT
2026-01-19 09:16:35,304 - coint2.engine.numba_engine - INFO - Запуск Numba-оптимизированного бэктеста для DOGEUSDC-TELUSDT
2026-01-19 09:16:35,318 - coint2.engine.numba_engine - INFO - Запуск Numba-оптимизированного бэктеста для FORTUSDT-VPADUSDT
2026-01-19 09:16:35,322 - coint2.engine.numba_engine - INFO - Запуск Numba-оптимизированного бэктеста для BATUSDT-PEOPLEUSDT
2026-01-19 09:16:35,328 - coint2.engine.numba_engine - INFO - Запуск Numba-оптимизированного бэктеста для MVUSDT-SUIUSDC
2026-01-19 09:16:35,338 - coint2.engine.numba_engine - INFO - Запуск Numba-оптимизированного бэктеста для DOGEUSDT-TELUSDT
2026-01-19 09:16:35,340 - coint2.engine.numba_engine - INFO - Запуск Numba-оптимизированного бэктеста для FORTUSDT-ICPUSDT
2026-01-19 09:16:35,350 - coint2.engine.numba_engine - INFO - Запуск Numba-оптимизированного бэктеста для OASUSDT-TRVLUSDT
2026-01-19 09:16:35,348 - coint2.engine.numba_engine - INFO - Запуск Numba-оптимизированного бэктеста для BATUSDT-QTUMUSDT
2026-01-19 09:16:35,352 - coint2.engine.numba_engine - INFO - Запуск Numba-оптимизированного бэктеста для DAIUSDT-QTUMUSDT
2026-01-19 09:16:35,366 - coint2.engine.numba_engine - INFO - Запуск Numba-оптимизированного бэктеста для ICXUSDT-WAXPUSDT
2026-01-19 09:16:35,367 - coint2.engine.numba_engine - INFO - Запуск Numba-оптимизированного бэктеста для FORTUSDT-ICPUSDC
2026-01-19 09:16:35,376 - coint2.engine.numba_engine - INFO - Запуск Numba-оптимизированного бэктеста для ROSEUSDT-USTCUSDT
2026-01-19 09:16:35,383 - coint2.engine.numba_engine - INFO - Запуск Numba-оптимизированного бэктеста для ROSEUSDT-XEMUSDT
2026-01-19 09:16:35,384 - coint2.engine.numba_engine - INFO - Запуск Numba-оптимизированного бэктеста для ALGOUSDT-IMXUSDT
2026-01-19 09:16:35,394 - coint2.engine.numba_engine - INFO - Запуск Numba-оптимизированного бэктеста для DAIUSDT-XRPUSDC
2026-01-19 09:16:35,395 - coint2.engine.numba_engine - INFO - Запуск Numba-оптимизированного бэктеста для ONEUSDT-XRPUSDT
2026-01-19 09:16:35,398 - coint2.engine.numba_engine - INFO - Запуск Numba-оптимизированного бэктеста для FORTUSDT-JUVUSDT
2026-01-19 09:16:35,413 - coint2.engine.numba_engine - INFO - Запуск Numba-оптимизированного бэктеста для MVUSDT-SUIUSDT
2026-01-19 09:16:35,416 - coint2.engine.numba_engine - INFO - Запуск Numba-оптимизированного бэктеста для ALGOUSDT-USTCUSDT
2026-01-19 09:16:35,419 - coint2.engine.numba_engine - INFO - Запуск Numba-оптимизированного бэктеста для DAIUSDT-XRPUSDT
2026-01-19 09:16:35,426 - coint2.engine.numba_engine - INFO - Запуск Numba-оптимизированного бэктеста для MVUSDT-OPUSDC
2026-01-19 09:16:35,431 - coint2.engine.numba_engine - INFO - Запуск Numba-оптимизированного бэктеста для SONUSDT-TAPUSDT
2026-01-19 09:16:35,431 - coint2.engine.numba_engine - INFO - Запуск Numba-оптимизированного бэктеста для ONEUSDT-XRPUSDC
2026-01-19 09:16:35,440 - coint2.engine.numba_engine - INFO - Запуск Numba-оптимизированного бэктеста для ACSUSDT-MCRTUSDT
2026-01-19 09:16:35,443 - coint2.engine.numba_engine - INFO - Запуск Numba-оптимизированного бэктеста для ALGOUSDT-WAXPUSDT
2026-01-19 09:16:35,448 - coint2.engine.numba_engine - INFO - Запуск Numba-оптимизированного бэктеста для DOGEUSDT-ETHWUSDT
2026-01-19 09:16:35,449 - coint2.engine.numba_engine - INFO - Запуск Numba-оптимизированного бэктеста для MVUSDT-OPUSDT
2026-01-19 09:16:35,459 - coint2.engine.numba_engine - INFO - Запуск Numba-оптимизированного бэктеста для DOGEUSDC-ETHWUSDT
2026-01-19 09:16:35,469 - coint2.engine.numba_engine - INFO - Запуск Numba-оптимизированного бэктеста для SCUSDT-USTCUSDT
2026-01-19 09:16:35,470 - coint2.engine.numba_engine - INFO - Запуск Numba-оптимизированного бэктеста для DAIUSDT-SOLOUSDT
2026-01-19 09:16:35,471 - coint2.engine.numba_engine - INFO - Запуск Numba-оптимизированного бэктеста для ROSEUSDT-WAXPUSDT
2026-01-19 09:16:35,477 - coint2.engine.numba_engine - INFO - Запуск Numba-оптимизированного бэктеста для SONUSDT-TELUSDT
2026-01-19 09:16:35,486 - coint2.engine.numba_engine - INFO - Запуск Numba-оптимизированного бэктеста для MVUSDT-SFUNDUSDT
2026-01-19 09:16:35,487 - coint2.engine.numba_engine - INFO - Запуск Numba-оптимизированного бэктеста для RACAUSDT-VPADUSDT
2026-01-19 09:16:35,492 - coint2.engine.numba_engine - INFO - Запуск Numba-оптимизированного бэктеста для SUNUSDT-ZRXUSDT
2026-01-19 09:16:35,493 - coint2.engine.numba_engine - INFO - Запуск Numba-оптимизированного бэктеста для USTCUSDT-ZILUSDT
2026-01-19 09:16:35,493 - coint2.engine.numba_engine - INFO - Запуск Numba-оптимизированного бэктеста для DAIUSDT-LTCBTC
2026-01-19 09:16:35,508 - coint2.engine.numba_engine - INFO - Запуск Numba-оптимизированного бэктеста для WAXPUSDT-ZILUSDT
2026-01-19 09:16:35,513 - coint2.engine.numba_engine - INFO - Запуск Numba-оптимизированного бэктеста для XECUSDT-ZILUSDT
2026-01-19 09:16:35,514 - coint2.engine.numba_engine - INFO - Запуск Numba-оптимизированного бэктеста для LTCBTC-RVNUSDT
2026-01-19 09:16:35,515 - coint2.engine.numba_engine - INFO - Запуск Numba-оптимизированного бэктеста для SCUSDT-ZILUSDT
2026-01-19 09:16:35,530 - coint2.engine.numba_engine - INFO - Запуск Numba-оптимизированного бэктеста для PEOPLEUSDT-THETAUSDT
2026-01-19 09:16:35,537 - coint2.engine.numba_engine - INFO - Запуск Numba-оптимизированного бэктеста для ALGOBTC-XECUSDT
2026-01-19 09:16:35,553 - coint2.engine.numba_engine - INFO - Запуск Numba-оптимизированного бэктеста для SONUSDT-XRPBTC
2026-01-19 09:16:35,610 - INFO -   ⏱️ Параллельная обработка завершена за 1.3с (113.9 пар/с)
2026-01-19 09:16:35,653 - coint2.pipeline.walk_forward_orchestrator - INFO - 🎯 СИМУЛЯЦИЯ ПОРТФЕЛЯ: 146 пар, лимит 15 позиций
2026-01-19 09:16:36,719 - coint2.pipeline.walk_forward_orchestrator - INFO -    📈 Макс. одновременных сигналов: 46
2026-01-19 09:16:36,720 - coint2.pipeline.walk_forward_orchestrator - INFO -    📊 Средн. сигналов за период: 2.0
2026-01-19 09:16:36,720 - coint2.pipeline.walk_forward_orchestrator - INFO -    🎯 Финальных активных позиций: 0
2026-01-19 09:16:36,721 - coint2.pipeline.walk_forward_orchestrator - INFO -    ⚡ Утилизация лимита позиций: 12.3%
2026-01-19 09:16:36,722 - WARNING -   ⚠️ Ошибка обработки пары AFCUSDT-CITYUSDT: division by zero
2026-01-19 09:16:36,722 - WARNING -   ⚠️ Ошибка обработки пары RSS3USDT-XAVAUSDT: division by zero
2026-01-19 09:16:36,722 - WARNING -   ⚠️ Ошибка обработки пары ARKMUSDT-CITYUSDT: division by zero
2026-01-19 09:16:36,722 - INFO - ⇠ WF-шаг 1/5 backtests — completed 149 items in 2.42s (61.6 items/s)
2026-01-19 09:16:36,722 - INFO -   ✅ Обработка завершена: 146 успешно, 3 с ошибками
2026-01-19 09:16:36,722 - INFO -   📊 Успешность: 98.0%, прибыльность: 65.8%, сделок/пара: 19.5
2026-01-19 09:16:36,722 - INFO -   ✅ Завершены бэктесты для 149 пар
2026-01-19 09:16:36,722 - INFO -   📊 Всего обработано пар в этом шаге: 149
2026-01-19 09:16:36,722 - INFO -   📈 Результаты шага: 96/149 прибыльных пар, 2843 сделок
2026-01-19 09:16:36,722 - INFO -   💰 P&L шага: $+359.67
2026-01-19 09:16:36,722 - INFO -   ⇢ Обновление капитала и дневного P&L...
2026-01-19 09:16:38,152 - INFO -   💼 Шаг P&L: $+359.67, Накопленный капитал: $10,359.67
2026-01-19 09:16:38,152 - INFO - ------------------------------------------------------------
2026-01-19 09:16:38,153 - INFO -   Walk-forward steps: 1 / 5 (20.0%) | 0.0 items/s | ETA: 796.3s
2026-01-19 09:16:38,153 - INFO - 🔍 WF-шаг 2/5: Валидация временных окон...
2026-01-19 09:16:38,153 - INFO - ⇢ WF-шаг 2/5: training 2023-09-01-2023-10-30, testing 2023-10-31-2023-11-30 — start
2026-01-19 09:16:38,153 - INFO - ⇢ loading step data — start
2026-01-19 09:16:38,505 - INFO - ⇠ loading step data — done in 0.35s
2026-01-19 09:16:39,662 - INFO - 📊 WF-шаг 2/5: Границы данных:
2026-01-19 09:16:39,662 - INFO -    Training: 2023-09-01 00:00:00 → 2023-10-30 23:45:00 (5,760 строк × 292 символов)
2026-01-19 09:16:39,662 - INFO -    Testing:  2023-10-31 00:00:00 → 2023-11-30 00:00:00 (2,881 строк × 292 символов)
2026-01-19 09:16:39,662 - INFO -    Временной разрыв: 0 days 00:15:00
2026-01-19 09:16:39,699 - INFO - ⇢ normalizing training data — start
2026-01-19 09:16:39,730 - INFO -   Символы с NaN значениями: 26
2026-01-19 09:16:39,730 - INFO -   Применяем метод нормализации: rolling_zscore
2026-01-19 09:16:39,744 - INFO - Символы с недостаточной историей: 17 из 292
2026-01-19 09:16:40,131 - INFO - Символы с NaN после нормализации: 275
2026-01-19 09:16:40,137 - INFO - Удалено 617 начальных строк с NaN от rolling расчетов
2026-01-19 09:16:40,139 - INFO - Итоговое количество символов после нормализации: 275 из 292
2026-01-19 09:16:40,139 - INFO -   Статистика нормализации:
2026-01-19 09:16:40,139 - INFO -     Исходные символы: 292
2026-01-19 09:16:40,139 - INFO -     Недостаточная история: 17
2026-01-19 09:16:40,139 - INFO -     Постоянная цена: 0
2026-01-19 09:16:40,139 - INFO -     NaN после нормализации: 275
2026-01-19 09:16:40,139 - INFO -     Итоговые символы: 275 (94.2%)
2026-01-19 09:16:40,139 - INFO -   После нормализации: 275 символов (потеряно 17)
2026-01-19 09:16:40,139 - INFO -   Отброшенные символы: BEAMUSDT, FETUSDT, FLIPUSDT, JEFFUSDT, MEMEUSDT, POLUSDT, PPTUSDT, PYTHUSDT, PYUSDUSDT, ROOTUSDT, RPKUSDT, SHRAPUSDT, TIAUSDT, TOKENUSDT, TUSDUSDT, VRTXUSDT, ZTXUSDT
2026-01-19 09:16:40,139 - INFO - ⇠ normalizing training data — done in 0.44s
2026-01-19 09:16:40,141 - INFO - ⇢ SSD computation — start
2026-01-19 09:16:40,141 - INFO -   Расчет SSD для всех пар (без ограничения)
2026-01-19 09:16:42,436 - INFO -   SSD результат (все пары): 37675 пар
2026-01-19 09:16:42,436 - INFO - ⇠ SSD computation — done in 2.30s
2026-01-19 09:16:42,447 - INFO - ⇢ filtering pairs by cointegration and half-life — start
2026-01-19 09:16:42,447 - INFO - [ФИЛЬТР] Параллельная фильтрация: processes (8 workers)
⚙️  Загрузка данных за период: 2023-09-01 -> 2023-11-30
📂 Найдено 43 parquet файлов для обработки.
📊 Схема данных: Schema({'timestamp': Int64, 'open': Float64, 'high': Float64, 'low': Float64, 'close': Float64, 'volume': Float64, 'turnover': String, 'ts_ms': Int64, 'symbol': String})
✅ Загружено 2420293 записей с помощью Polars.
📊 Типы данных в pandas: timestamp       datetime64[us]
symbol                  object
close                  float64
timestamp_ms             int64
dtype: object
2026-01-19 09:18:57,499 - INFO - [ФИЛЬТР] После проверки данных: 37675 пар
2026-01-19 09:18:57,500 - INFO - [ФИЛЬТР] После фильтра корреляции (>0.5): 14678 пар
2026-01-19 09:18:57,500 - INFO - [ФИЛЬТР] После фильтра beta: 9885 пар
2026-01-19 09:18:57,500 - INFO - [ФИЛЬТР] После фильтра mean crossings: 9885 пар
2026-01-19 09:18:57,500 - INFO - [ФИЛЬТР] После фильтра half-life: 9828 пар
2026-01-19 09:18:57,500 - INFO - [ФИЛЬТР] После фильтра коинтеграции: 4078 пар
2026-01-19 09:18:57,500 - INFO - [ФИЛЬТР] После фильтра Hurst: 3013 пар
2026-01-19 09:18:57,500 - INFO - [ФИЛЬТР] После фильтра KPSS: 74 пар
2026-01-19 09:18:57,500 - INFO - [ФИЛЬТР] После фильтра market microstructure: 74 пар
2026-01-19 09:18:57,500 - INFO - [ФИЛЬТР] Статистика фильтрации (оптимизированный порядок):
2026-01-19 09:18:57,500 - INFO -   1. SSD → Коинтеграция: 37675 → 4078 пар
2026-01-19 09:18:57,500 - INFO -   2. Коинтеграция → Beta: 4078 → 9885 пар
2026-01-19 09:18:57,500 - INFO -   3. Beta → Half-life: 9885 → 9828 пар
2026-01-19 09:18:57,500 - INFO -   4. Half-life → Mean crossings: 9828 → 9885 пар
2026-01-19 09:18:57,500 - INFO -   5. Mean crossings → Hurst: 9885 → 3013 пар
2026-01-19 09:18:57,500 - INFO -   6. Hurst → KPSS: 3013 → 74 пар
2026-01-19 09:18:57,500 - INFO -   7. KPSS → Market microstructure: 74 → 74 пар
2026-01-19 09:18:57,500 - INFO - [ФИЛЬТР] Причины отсева:
2026-01-19 09:18:57,500 - INFO -   • low_correlation: 22997 пар (61.0%)
2026-01-19 09:18:57,500 - INFO -   • pvalue: 5750 пар (15.3%)
2026-01-19 09:18:57,500 - INFO -   • beta: 4793 пар (12.7%)
2026-01-19 09:18:57,500 - INFO -   • kpss: 2939 пар (7.8%)
2026-01-19 09:18:57,500 - INFO -   • hurst: 1065 пар (2.8%)
2026-01-19 09:18:57,501 - INFO -   • half_life: 57 пар (0.2%)
2026-01-19 09:18:57,501 - INFO - [ФИЛЬТР] Итого: 37675 → 74 пар (0.2% прошли все фильтры)
2026-01-19 09:18:57,653 - INFO - Причины отсева сохранены в results/filter_reasons_20260119_091857.csv
2026-01-19 09:18:57,667 - INFO -   Pair stability filter: 74 → 0 (window=1, min_steps=1, history=1)
2026-01-19 09:18:57,667 - INFO -   Фильтрация: 37675 → 0 пар
2026-01-19 09:18:57,667 - INFO - ⇠ filtering pairs by cointegration and half-life — done in 135.22s
2026-01-19 09:18:57,667 - INFO - ⇠ WF-шаг 2/5: training 2023-09-01-2023-10-30, testing 2023-10-31-2023-11-30 — done in 139.51s
2026-01-19 09:18:57,667 - INFO -   Всего пар для торговли: 0 (ограничение 15 применяется к одновременно открытым позициям)
2026-01-19 09:18:57,667 - INFO -   💰 Проверка расчета капитала: equity=$10,359.67, кандидатных_пар=0, max_позиций=15
2026-01-19 09:18:57,667 - INFO -   🎯 Target concurrency: 0 (ожидаемое одновременное число позиций)
2026-01-19 09:18:57,668 - INFO -   💼 Шаг P&L: $+0.00, Накопленный капитал: $10,359.67
2026-01-19 09:18:57,668 - INFO - ------------------------------------------------------------
2026-01-19 09:18:57,668 - INFO -   Walk-forward steps: 2 / 5 (40.0%) | 0.0 items/s | ETA: 507.9s
2026-01-19 09:18:57,668 - INFO - 🔍 WF-шаг 3/5: Валидация временных окон...
2026-01-19 09:18:57,668 - INFO - ⇢ WF-шаг 3/5: training 2023-10-01-2023-11-29, testing 2023-11-30-2023-12-30 — start
2026-01-19 09:18:57,668 - INFO - ⇢ loading step data — start
2026-01-19 09:18:58,027 - INFO - ⇠ loading step data — done in 0.36s
2026-01-19 09:18:59,860 - INFO - 📊 WF-шаг 3/5: Границы данных:
2026-01-19 09:18:59,861 - INFO -    Training: 2023-10-01 00:00:00 → 2023-11-29 23:45:00 (5,760 строк × 309 символов)
2026-01-19 09:18:59,861 - INFO -    Testing:  2023-11-30 00:00:00 → 2023-12-30 00:00:00 (2,881 строк × 309 символов)
2026-01-19 09:18:59,861 - INFO -    Временной разрыв: 0 days 00:15:00
2026-01-19 09:18:59,929 - INFO - ⇢ normalizing training data — start
2026-01-19 09:18:59,962 - INFO -   Символы с NaN значениями: 33
2026-01-19 09:18:59,962 - INFO -   Применяем метод нормализации: rolling_zscore
2026-01-19 09:18:59,977 - INFO - Символы с недостаточной историей: 32 из 309
2026-01-19 09:19:00,722 - INFO - Символы с NaN после нормализации: 277
2026-01-19 09:19:00,732 - INFO - Удалено 233 начальных строк с NaN от rolling расчетов
2026-01-19 09:19:00,735 - INFO - Итоговое количество символов после нормализации: 277 из 309
2026-01-19 09:19:00,735 - INFO -   Статистика нормализации:
2026-01-19 09:19:00,735 - INFO -     Исходные символы: 309
2026-01-19 09:19:00,735 - INFO -     Недостаточная история: 32
2026-01-19 09:19:00,735 - INFO -     Постоянная цена: 0
2026-01-19 09:19:00,735 - INFO -     NaN после нормализации: 277
2026-01-19 09:19:00,735 - INFO -     Итоговые символы: 277 (89.6%)
2026-01-19 09:19:00,735 - INFO -   После нормализации: 277 символов (потеряно 32)
2026-01-19 09:19:00,735 - INFO -   Отброшено много символов: 32 из 309
2026-01-19 09:19:00,735 - INFO - ⇠ normalizing training data — done in 0.81s
2026-01-19 09:19:00,740 - INFO - ⇢ SSD computation — start
2026-01-19 09:19:00,740 - INFO -   Расчет SSD для всех пар (без ограничения)
2026-01-19 09:19:04,031 - INFO -   SSD результат (все пары): 38226 пар
2026-01-19 09:19:04,031 - INFO - ⇠ SSD computation — done in 3.29s
2026-01-19 09:19:04,041 - INFO - ⇢ filtering pairs by cointegration and half-life — start
2026-01-19 09:19:04,041 - INFO - [ФИЛЬТР] Параллельная фильтрация: processes (8 workers)
⚙️  Загрузка данных за период: 2023-10-01 -> 2023-12-30
📂 Найдено 43 parquet файлов для обработки.
📊 Схема данных: Schema({'timestamp': Int64, 'open': Float64, 'high': Float64, 'low': Float64, 'close': Float64, 'volume': Float64, 'turnover': String, 'ts_ms': Int64, 'symbol': String})
✅ Загружено 2499894 записей с помощью Polars.
📊 Типы данных в pandas: timestamp       datetime64[us]
symbol                  object
close                  float64
timestamp_ms             int64
dtype: object
2026-01-19 09:21:55,008 - INFO - [ФИЛЬТР] После проверки данных: 38226 пар
2026-01-19 09:21:55,009 - INFO - [ФИЛЬТР] После фильтра корреляции (>0.5): 26943 пар
2026-01-19 09:21:55,009 - INFO - [ФИЛЬТР] После фильтра beta: 18687 пар
2026-01-19 09:21:55,009 - INFO - [ФИЛЬТР] После фильтра mean crossings: 18687 пар
2026-01-19 09:21:55,009 - INFO - [ФИЛЬТР] После фильтра half-life: 18571 пар
2026-01-19 09:21:55,009 - INFO - [ФИЛЬТР] После фильтра коинтеграции: 4491 пар
2026-01-19 09:21:55,009 - INFO - [ФИЛЬТР] После фильтра Hurst: 2430 пар
2026-01-19 09:21:55,009 - INFO - [ФИЛЬТР] После фильтра KPSS: 87 пар
2026-01-19 09:21:55,009 - INFO - [ФИЛЬТР] После фильтра market microstructure: 87 пар
2026-01-19 09:21:55,009 - INFO - [ФИЛЬТР] Статистика фильтрации (оптимизированный порядок):
2026-01-19 09:21:55,012 - INFO -   1. SSD → Коинтеграция: 38226 → 4491 пар
2026-01-19 09:21:55,012 - INFO -   2. Коинтеграция → Beta: 4491 → 18687 пар
2026-01-19 09:21:55,012 - INFO -   3. Beta → Half-life: 18687 → 18571 пар
2026-01-19 09:21:55,012 - INFO -   4. Half-life → Mean crossings: 18571 → 18687 пар
2026-01-19 09:21:55,012 - INFO -   5. Mean crossings → Hurst: 18687 → 2430 пар
2026-01-19 09:21:55,012 - INFO -   6. Hurst → KPSS: 2430 → 87 пар
2026-01-19 09:21:55,012 - INFO -   7. KPSS → Market microstructure: 87 → 87 пар
2026-01-19 09:21:55,012 - INFO - [ФИЛЬТР] Причины отсева:
2026-01-19 09:21:55,012 - INFO -   • pvalue: 14080 пар (36.8%)
2026-01-19 09:21:55,012 - INFO -   • low_correlation: 11283 пар (29.5%)
2026-01-19 09:21:55,012 - INFO -   • beta: 8256 пар (21.6%)
2026-01-19 09:21:55,012 - INFO -   • kpss: 2343 пар (6.1%)
2026-01-19 09:21:55,012 - INFO -   • hurst: 2061 пар (5.4%)
2026-01-19 09:21:55,012 - INFO -   • half_life: 116 пар (0.3%)
2026-01-19 09:21:55,012 - INFO - [ФИЛЬТР] Итого: 38226 → 87 пар (0.2% прошли все фильтры)
2026-01-19 09:21:55,127 - INFO - Причины отсева сохранены в results/filter_reasons_20260119_092155.csv
2026-01-19 09:21:55,138 - INFO -   Pair stability filter: 87 → 1 (window=1, min_steps=1, history=2)
2026-01-19 09:21:55,142 - INFO -   Фильтрация: 38226 → 1 пар
2026-01-19 09:21:55,142 - INFO - ⇠ filtering pairs by cointegration and half-life — done in 171.10s
2026-01-19 09:21:55,142 - INFO - ⇠ WF-шаг 3/5: training 2023-10-01-2023-11-29, testing 2023-11-30-2023-12-30 — done in 177.47s
2026-01-19 09:21:55,142 - INFO -   Топ-3 пары по волатильности спреда:
2026-01-19 09:21:55,142 - INFO -     1. MVUSDT-STGUSDT: beta=0.0686, std=0.0030
2026-01-19 09:21:55,142 - INFO -   Всего пар для торговли: 1 (ограничение 15 применяется к одновременно открытым позициям)
2026-01-19 09:21:55,143 - INFO -   💰 Проверка расчета капитала: equity=$10,359.67, кандидатных_пар=1, max_позиций=15
2026-01-19 09:21:55,143 - INFO -   🎯 Target concurrency: 1 (ожидаемое одновременное число позиций)
2026-01-19 09:21:55,143 - INFO -   📊 Детали расчета капитала:
2026-01-19 09:21:55,143 - INFO -      • Базовый капитал на пару: $10,359.67 (equity / target_concurrency)
2026-01-19 09:21:55,143 - INFO -      • Риск-капитал: $155.40 (1.5% от equity)
2026-01-19 09:21:55,143 - INFO -      • Макс. размер позиции: $207.19 (2.0% от equity)
2026-01-19 09:21:55,143 - INFO -      • Итоговый капитал на пару: $155.40
2026-01-19 09:21:55,143 - INFO - ⇢ WF-шаг 3/5 backtests — starting 1 items
2026-01-19 09:21:55,143 - INFO - 🚀 WF-шаг 3/5: Начинаем бэктесты для 1 пар...
2026-01-19 09:21:55,143 - INFO - 🚀 WF-шаг 3/5: Запускаем параллельную обработку 1 пар на 8 ядрах...
2026-01-19 09:21:55,143 - INFO - 🚀 WF-шаг 3/5: Режим параллельности: процессы
2026-01-19 09:21:55,167 - coint2.engine.numba_engine - INFO - Запуск Numba-оптимизированного бэктеста для MVUSDT-STGUSDT
2026-01-19 09:21:55,272 - INFO -   ⏱️ Параллельная обработка завершена за 0.1с (7.8 пар/с)
2026-01-19 09:21:55,277 - coint2.pipeline.walk_forward_orchestrator - INFO - 🎯 СИМУЛЯЦИЯ ПОРТФЕЛЯ: 1 пар, лимит 15 позиций
2026-01-19 09:21:55,949 - coint2.pipeline.walk_forward_orchestrator - INFO -    📈 Макс. одновременных сигналов: 1
2026-01-19 09:21:55,949 - coint2.pipeline.walk_forward_orchestrator - INFO -    📊 Средн. сигналов за период: 0.0
2026-01-19 09:21:55,949 - coint2.pipeline.walk_forward_orchestrator - INFO -    🎯 Финальных активных позиций: 0
2026-01-19 09:21:55,950 - coint2.pipeline.walk_forward_orchestrator - INFO -    ⚡ Утилизация лимита позиций: 0.0%
2026-01-19 09:21:55,951 - INFO - ⇠ WF-шаг 3/5 backtests — completed 1 items in 0.81s (1.2 items/s)
2026-01-19 09:21:55,951 - INFO -   ✅ Обработка завершена: 1 успешно, 0 с ошибками
2026-01-19 09:21:55,951 - INFO -   📊 Успешность: 100.0%, прибыльность: 0.0%, сделок/пара: 6.0
2026-01-19 09:21:55,955 - INFO -   ✅ Завершены бэктесты для 1 пар
2026-01-19 09:21:55,955 - INFO -   📊 Всего обработано пар в этом шаге: 1
2026-01-19 09:21:55,955 - INFO -   📈 Результаты шага: 0/1 прибыльных пар, 6 сделок
2026-01-19 09:21:55,955 - INFO -   💰 P&L шага: $-2.02
2026-01-19 09:21:55,955 - INFO -   ⇢ Обновление капитала и дневного P&L...
2026-01-19 09:21:58,958 - INFO -   💼 Шаг P&L: $-2.02, Накопленный капитал: $10,357.65
2026-01-19 09:21:58,958 - INFO - ------------------------------------------------------------
2026-01-19 09:21:58,958 - INFO -   Walk-forward steps: 3 / 5 (60.0%) | 0.0 items/s | ETA: 346.6s
2026-01-19 09:21:58,958 - INFO - 🔍 WF-шаг 4/5: Валидация временных окон...
2026-01-19 09:21:58,958 - INFO - ⇢ WF-шаг 4/5: training 2023-10-31-2023-12-29, testing 2023-12-30-2024-01-29 — start
2026-01-19 09:21:58,958 - INFO - ⇢ loading step data — start
2026-01-19 09:21:59,366 - INFO - ⇠ loading step data — done in 0.41s
2026-01-19 09:22:02,118 - INFO - 📊 WF-шаг 4/5: Границы данных:
2026-01-19 09:22:02,118 - INFO -    Training: 2023-10-31 00:00:00 → 2023-12-29 23:45:00 (5,760 строк × 327 символов)
2026-01-19 09:22:02,118 - INFO -    Testing:  2023-12-30 00:00:00 → 2024-01-29 00:00:00 (2,881 строк × 327 символов)
2026-01-19 09:22:02,118 - INFO -    Временной разрыв: 0 days 00:15:00
2026-01-19 09:22:02,160 - INFO - ⇢ normalizing training data — start
2026-01-19 09:22:02,201 - INFO -   Символы с NaN значениями: 45
2026-01-19 09:22:02,201 - INFO -   Применяем метод нормализации: rolling_zscore
2026-01-19 09:22:02,216 - INFO - Символы с недостаточной историей: 40 из 327
2026-01-19 09:22:02,695 - INFO - Символы с NaN после нормализации: 287
2026-01-19 09:22:02,701 - INFO - Удалено 809 начальных строк с NaN от rolling расчетов
2026-01-19 09:22:02,704 - INFO - Итоговое количество символов после нормализации: 287 из 327
2026-01-19 09:22:02,704 - INFO -   Статистика нормализации:
2026-01-19 09:22:02,704 - INFO -     Исходные символы: 327
2026-01-19 09:22:02,704 - INFO -     Недостаточная история: 40
2026-01-19 09:22:02,704 - INFO -     Постоянная цена: 0
2026-01-19 09:22:02,704 - INFO -     NaN после нормализации: 287
2026-01-19 09:22:02,704 - INFO -     Итоговые символы: 287 (87.8%)
2026-01-19 09:22:02,704 - INFO -   После нормализации: 287 символов (потеряно 40)
2026-01-19 09:22:02,704 - INFO -   Отброшено много символов: 40 из 327
2026-01-19 09:22:02,704 - INFO - ⇠ normalizing training data — done in 0.54s
2026-01-19 09:22:02,705 - INFO - ⇢ SSD computation — start
2026-01-19 09:22:02,705 - INFO -   Расчет SSD для всех пар (без ограничения)
2026-01-19 09:22:06,254 - INFO -   SSD результат (все пары): 41041 пар
2026-01-19 09:22:06,254 - INFO -   Ограничиваем до top-40000 пар для дальнейшей обработки
2026-01-19 09:22:06,255 - INFO - ⇠ SSD computation — done in 3.55s
2026-01-19 09:22:06,266 - INFO - ⇢ filtering pairs by cointegration and half-life — start
2026-01-19 09:22:06,267 - INFO - [ФИЛЬТР] Параллельная фильтрация: processes (8 workers)
⚙️  Загрузка данных за период: 2023-10-31 -> 2024-01-29
📂 Найдено 43 parquet файлов для обработки.
📊 Схема данных: Schema({'timestamp': Int64, 'open': Float64, 'high': Float64, 'low': Float64, 'close': Float64, 'volume': Float64, 'turnover': String, 'ts_ms': Int64, 'symbol': String})
✅ Загружено 2615053 записей с помощью Polars.
📊 Типы данных в pandas: timestamp       datetime64[us]
symbol                  object
close                  float64
timestamp_ms             int64
dtype: object
2026-01-19 09:24:46,390 - INFO - [ФИЛЬТР] После проверки данных: 40000 пар
2026-01-19 09:24:46,390 - INFO - [ФИЛЬТР] После фильтра корреляции (>0.5): 24138 пар
2026-01-19 09:24:46,393 - INFO - [ФИЛЬТР] После фильтра beta: 16453 пар
2026-01-19 09:24:46,393 - INFO - [ФИЛЬТР] После фильтра mean crossings: 16453 пар
2026-01-19 09:24:46,393 - INFO - [ФИЛЬТР] После фильтра half-life: 16373 пар
2026-01-19 09:24:46,393 - INFO - [ФИЛЬТР] После фильтра коинтеграции: 3933 пар
2026-01-19 09:24:46,393 - INFO - [ФИЛЬТР] После фильтра Hurst: 2464 пар
2026-01-19 09:24:46,393 - INFO - [ФИЛЬТР] После фильтра KPSS: 88 пар
2026-01-19 09:24:46,393 - INFO - [ФИЛЬТР] После фильтра market microstructure: 88 пар
2026-01-19 09:24:46,393 - INFO - [ФИЛЬТР] Статистика фильтрации (оптимизированный порядок):
2026-01-19 09:24:46,393 - INFO -   1. SSD → Коинтеграция: 40000 → 3933 пар
2026-01-19 09:24:46,393 - INFO -   2. Коинтеграция → Beta: 3933 → 16453 пар
2026-01-19 09:24:46,393 - INFO -   3. Beta → Half-life: 16453 → 16373 пар
2026-01-19 09:24:46,393 - INFO -   4. Half-life → Mean crossings: 16373 → 16453 пар
2026-01-19 09:24:46,393 - INFO -   5. Mean crossings → Hurst: 16453 → 2464 пар
2026-01-19 09:24:46,393 - INFO -   6. Hurst → KPSS: 2464 → 88 пар
2026-01-19 09:24:46,393 - INFO -   7. KPSS → Market microstructure: 88 → 88 пар
2026-01-19 09:24:46,393 - INFO - [ФИЛЬТР] Причины отсева:
2026-01-19 09:24:46,393 - INFO -   • low_correlation: 15862 пар (39.7%)
2026-01-19 09:24:46,393 - INFO -   • pvalue: 12440 пар (31.1%)
2026-01-19 09:24:46,393 - INFO -   • beta: 7685 пар (19.2%)
2026-01-19 09:24:46,393 - INFO -   • kpss: 2376 пар (5.9%)
2026-01-19 09:24:46,394 - INFO -   • hurst: 1469 пар (3.7%)
2026-01-19 09:24:46,394 - INFO -   • half_life: 80 пар (0.2%)
2026-01-19 09:24:46,394 - INFO - [ФИЛЬТР] Итого: 40000 → 88 пар (0.2% прошли все фильтры)
2026-01-19 09:24:46,519 - INFO - Причины отсева сохранены в results/filter_reasons_20260119_092446.csv
2026-01-19 09:24:46,546 - INFO -   Pair stability filter: 88 → 2 (window=1, min_steps=1, history=3)
2026-01-19 09:24:46,546 - INFO -   Фильтрация: 40000 → 2 пар
2026-01-19 09:24:46,546 - INFO - ⇠ filtering pairs by cointegration and half-life — done in 160.28s
2026-01-19 09:24:46,546 - INFO - ⇠ WF-шаг 4/5: training 2023-10-31-2023-12-29, testing 2023-12-30-2024-01-29 — done in 167.59s
2026-01-19 09:24:46,546 - INFO -   Топ-3 пары по волатильности спреда:
2026-01-19 09:24:46,546 - INFO -     1. IDUSDT-LRCUSDT: beta=0.7191, std=0.0143
2026-01-19 09:24:46,546 - INFO -     2. CHRPUSDT-NEXOUSDT: beta=0.0086, std=0.0007
2026-01-19 09:24:46,546 - INFO -   Всего пар для торговли: 2 (ограничение 15 применяется к одновременно открытым позициям)
2026-01-19 09:24:46,547 - INFO -   💰 Проверка расчета капитала: equity=$10,357.65, кандидатных_пар=2, max_позиций=15
2026-01-19 09:24:46,547 - INFO -   🎯 Target concurrency: 2 (ожидаемое одновременное число позиций)
2026-01-19 09:24:46,547 - INFO -   📊 Детали расчета капитала:
2026-01-19 09:24:46,547 - INFO -      • Базовый капитал на пару: $5,178.83 (equity / target_concurrency)
2026-01-19 09:24:46,547 - INFO -      • Риск-капитал: $155.36 (1.5% от equity)
2026-01-19 09:24:46,547 - INFO -      • Макс. размер позиции: $207.15 (2.0% от equity)
2026-01-19 09:24:46,547 - INFO -      • Итоговый капитал на пару: $155.36
2026-01-19 09:24:46,547 - INFO - ⇢ WF-шаг 4/5 backtests — starting 2 items
2026-01-19 09:24:46,547 - INFO - 🚀 WF-шаг 4/5: Начинаем бэктесты для 2 пар...
2026-01-19 09:24:46,547 - INFO - 🚀 WF-шаг 4/5: Запускаем параллельную обработку 2 пар на 8 ядрах...
2026-01-19 09:24:46,547 - INFO - 🚀 WF-шаг 4/5: Режим параллельности: процессы
2026-01-19 09:24:46,654 - coint2.engine.numba_engine - INFO - Запуск Numba-оптимизированного бэктеста для IDUSDT-LRCUSDT
2026-01-19 09:24:46,695 - coint2.engine.numba_engine - INFO - Запуск Numba-оптимизированного бэктеста для CHRPUSDT-NEXOUSDT
2026-01-19 09:24:46,777 - INFO -   ⏱️ Параллельная обработка завершена за 0.2с (8.7 пар/с)
2026-01-19 09:24:46,784 - coint2.pipeline.walk_forward_orchestrator - INFO - 🎯 СИМУЛЯЦИЯ ПОРТФЕЛЯ: 2 пар, лимит 15 позиций
2026-01-19 09:24:47,403 - coint2.pipeline.walk_forward_orchestrator - INFO -    📈 Макс. одновременных сигналов: 2
2026-01-19 09:24:47,403 - coint2.pipeline.walk_forward_orchestrator - INFO -    📊 Средн. сигналов за период: 0.0
2026-01-19 09:24:47,403 - coint2.pipeline.walk_forward_orchestrator - INFO -    🎯 Финальных активных позиций: 0
2026-01-19 09:24:47,408 - coint2.pipeline.walk_forward_orchestrator - INFO -    ⚡ Утилизация лимита позиций: 0.2%
2026-01-19 09:24:47,409 - INFO - ⇠ WF-шаг 4/5 backtests — completed 2 items in 0.86s (2.3 items/s)
2026-01-19 09:24:47,409 - INFO -   ✅ Обработка завершена: 2 успешно, 0 с ошибками
2026-01-19 09:24:47,409 - INFO -   📊 Успешность: 100.0%, прибыльность: 50.0%, сделок/пара: 25.5
2026-01-19 09:24:47,409 - INFO -   ✅ Завершены бэктесты для 2 пар
2026-01-19 09:24:47,409 - INFO -   📊 Всего обработано пар в этом шаге: 2
2026-01-19 09:24:47,410 - INFO -   📈 Результаты шага: 1/2 прибыльных пар, 51 сделок
2026-01-19 09:24:47,410 - INFO -   💰 P&L шага: $-2.11
2026-01-19 09:24:47,410 - INFO -   ⇢ Обновление капитала и дневного P&L...
2026-01-19 09:24:50,826 - INFO -   💼 Шаг P&L: $-2.11, Накопленный капитал: $10,355.54
2026-01-19 09:24:50,826 - INFO - ------------------------------------------------------------
2026-01-19 09:24:50,826 - INFO -   Walk-forward steps: 4 / 5 (80.0%) | 0.0 items/s | ETA: 172.9s
2026-01-19 09:24:50,826 - INFO - 🔍 WF-шаг 5/5: Валидация временных окон...
2026-01-19 09:24:50,826 - INFO - ⇢ WF-шаг 5/5: training 2023-11-30-2024-01-28, testing 2024-01-29-2024-02-28 — start
2026-01-19 09:24:50,827 - INFO - ⇢ loading step data — start
2026-01-19 09:24:51,335 - INFO - ⇠ loading step data — done in 0.51s
2026-01-19 09:24:54,805 - INFO - 📊 WF-шаг 5/5: Границы данных:
2026-01-19 09:24:54,808 - INFO -    Training: 2023-11-30 00:00:00 → 2024-01-28 23:45:00 (5,760 строк × 344 символов)
2026-01-19 09:24:54,808 - INFO -    Testing:  2024-01-29 00:00:00 → 2024-02-28 00:00:00 (2,881 строк × 344 символов)
2026-01-19 09:24:54,808 - INFO -    Временной разрыв: 0 days 00:15:00
2026-01-19 09:24:54,904 - INFO - ⇢ normalizing training data — start
2026-01-19 09:24:54,995 - INFO -   Символы с NaN значениями: 52
2026-01-19 09:24:54,995 - INFO -   Применяем метод нормализации: rolling_zscore
2026-01-19 09:24:55,029 - INFO - Символы с недостаточной историей: 44 из 344
2026-01-19 09:24:56,102 - INFO - Символы с NaN после нормализации: 300
2026-01-19 09:24:56,113 - INFO - Удалено 809 начальных строк с NaN от rolling расчетов
2026-01-19 09:24:56,119 - INFO - Итоговое количество символов после нормализации: 300 из 344
2026-01-19 09:24:56,119 - INFO -   Статистика нормализации:
2026-01-19 09:24:56,120 - INFO -     Исходные символы: 344
2026-01-19 09:24:56,120 - INFO -     Недостаточная история: 44
2026-01-19 09:24:56,120 - INFO -     Постоянная цена: 0
2026-01-19 09:24:56,120 - INFO -     NaN после нормализации: 300
2026-01-19 09:24:56,120 - INFO -     Итоговые символы: 300 (87.2%)
2026-01-19 09:24:56,120 - INFO -   После нормализации: 300 символов (потеряно 44)
2026-01-19 09:24:56,120 - INFO -   Отброшено много символов: 44 из 344
2026-01-19 09:24:56,120 - INFO - ⇠ normalizing training data — done in 1.22s
2026-01-19 09:24:56,125 - INFO - ⇢ SSD computation — start
2026-01-19 09:24:56,125 - INFO -   Расчет SSD для всех пар (без ограничения)
2026-01-19 09:24:59,839 - INFO -   SSD результат (все пары): 44850 пар
2026-01-19 09:24:59,839 - INFO -   Ограничиваем до top-40000 пар для дальнейшей обработки
2026-01-19 09:24:59,840 - INFO - ⇠ SSD computation — done in 3.72s
2026-01-19 09:24:59,852 - INFO - ⇢ filtering pairs by cointegration and half-life — start
2026-01-19 09:24:59,853 - INFO - [ФИЛЬТР] Параллельная фильтрация: processes (8 workers)
⚙️  Загрузка данных за период: 2023-11-30 -> 2024-02-28
📂 Найдено 43 parquet файлов для обработки.
📊 Схема данных: Schema({'timestamp': Int64, 'open': Float64, 'high': Float64, 'low': Float64, 'close': Float64, 'volume': Float64, 'turnover': String, 'ts_ms': Int64, 'symbol': String})
✅ Загружено 2755343 записей с помощью Polars.
📊 Типы данных в pandas: timestamp       datetime64[us]
symbol                  object
close                  float64
timestamp_ms             int64
dtype: object
2026-01-19 09:27:09,600 - INFO - [ФИЛЬТР] После проверки данных: 40000 пар
2026-01-19 09:27:09,600 - INFO - [ФИЛЬТР] После фильтра корреляции (>0.5): 12480 пар
2026-01-19 09:27:09,600 - INFO - [ФИЛЬТР] После фильтра beta: 9011 пар
2026-01-19 09:27:09,601 - INFO - [ФИЛЬТР] После фильтра mean crossings: 9011 пар
2026-01-19 09:27:09,601 - INFO - [ФИЛЬТР] После фильтра half-life: 8982 пар
2026-01-19 09:27:09,601 - INFO - [ФИЛЬТР] После фильтра коинтеграции: 4013 пар
2026-01-19 09:27:09,601 - INFO - [ФИЛЬТР] После фильтра Hurst: 2824 пар
2026-01-19 09:27:09,601 - INFO - [ФИЛЬТР] После фильтра KPSS: 87 пар
2026-01-19 09:27:09,601 - INFO - [ФИЛЬТР] После фильтра market microstructure: 87 пар
2026-01-19 09:27:09,601 - INFO - [ФИЛЬТР] Статистика фильтрации (оптимизированный порядок):
2026-01-19 09:27:09,601 - INFO -   1. SSD → Коинтеграция: 40000 → 4013 пар
2026-01-19 09:27:09,601 - INFO -   2. Коинтеграция → Beta: 4013 → 9011 пар
2026-01-19 09:27:09,601 - INFO -   3. Beta → Half-life: 9011 → 8982 пар
2026-01-19 09:27:09,601 - INFO -   4. Half-life → Mean crossings: 8982 → 9011 пар
2026-01-19 09:27:09,601 - INFO -   5. Mean crossings → Hurst: 9011 → 2824 пар
2026-01-19 09:27:09,601 - INFO -   6. Hurst → KPSS: 2824 → 87 пар
2026-01-19 09:27:09,601 - INFO -   7. KPSS → Market microstructure: 87 → 87 пар
2026-01-19 09:27:09,601 - INFO - [ФИЛЬТР] Причины отсева:
2026-01-19 09:27:09,601 - INFO -   • low_correlation: 27520 пар (68.8%)
2026-01-19 09:27:09,601 - INFO -   • pvalue: 4969 пар (12.4%)
2026-01-19 09:27:09,601 - INFO -   • beta: 3469 пар (8.7%)
2026-01-19 09:27:09,601 - INFO -   • kpss: 2737 пар (6.8%)
2026-01-19 09:27:09,601 - INFO -   • hurst: 1189 пар (3.0%)
2026-01-19 09:27:09,601 - INFO -   • half_life: 29 пар (0.1%)
2026-01-19 09:27:09,601 - INFO - [ФИЛЬТР] Итого: 40000 → 87 пар (0.2% прошли все фильтры)
2026-01-19 09:27:09,719 - INFO - Причины отсева сохранены в results/filter_reasons_20260119_092709.csv
2026-01-19 09:27:09,734 - INFO -   Pair stability filter: 87 → 7 (window=1, min_steps=1, history=4)
2026-01-19 09:27:09,734 - INFO -   Фильтрация: 40000 → 7 пар
2026-01-19 09:27:09,734 - INFO - ⇠ filtering pairs by cointegration and half-life — done in 129.88s
2026-01-19 09:27:09,734 - INFO - ⇠ WF-шаг 5/5: training 2023-11-30-2024-01-28, testing 2024-01-29-2024-02-28 — done in 138.91s
2026-01-19 09:27:09,734 - INFO -   Топ-3 пары по волатильности спреда:
2026-01-19 09:27:09,734 - INFO -     1. BTCDAI-WBTCUSDT: beta=1.0023, std=556.1976
2026-01-19 09:27:09,734 - INFO -     2. BOBAUSDT-STXUSDT: beta=0.1253, std=0.0327
2026-01-19 09:27:09,734 - INFO -     3. BOBAUSDT-SOLEUR: beta=0.0031, std=0.0241
2026-01-19 09:27:09,734 - INFO -   Всего пар для торговли: 7 (ограничение 15 применяется к одновременно открытым позициям)
2026-01-19 09:27:09,734 - INFO -   💰 Проверка расчета капитала: equity=$10,355.54, кандидатных_пар=7, max_позиций=15
2026-01-19 09:27:09,734 - INFO -   🎯 Target concurrency: 7 (ожидаемое одновременное число позиций)
2026-01-19 09:27:09,734 - INFO -   📊 Детали расчета капитала:
2026-01-19 09:27:09,734 - INFO -      • Базовый капитал на пару: $1,479.36 (equity / target_concurrency)
2026-01-19 09:27:09,734 - INFO -      • Риск-капитал: $155.33 (1.5% от equity)
2026-01-19 09:27:09,735 - INFO -      • Макс. размер позиции: $207.11 (2.0% от equity)
2026-01-19 09:27:09,735 - INFO -      • Итоговый капитал на пару: $155.33
2026-01-19 09:27:09,735 - INFO - ⇢ WF-шаг 5/5 backtests — starting 7 items
2026-01-19 09:27:09,735 - INFO - 🚀 WF-шаг 5/5: Начинаем бэктесты для 7 пар...
2026-01-19 09:27:09,738 - INFO - 🚀 WF-шаг 5/5: Запускаем параллельную обработку 7 пар на 8 ядрах...
2026-01-19 09:27:09,738 - INFO - 🚀 WF-шаг 5/5: Режим параллельности: процессы
2026-01-19 09:27:09,879 - coint2.engine.numba_engine - INFO - Запуск Numba-оптимизированного бэктеста для BTCDAI-WBTCUSDT
2026-01-19 09:27:09,926 - coint2.engine.numba_engine - INFO - Запуск Numba-оптимизированного бэктеста для BOBAUSDT-STXUSDT
2026-01-19 09:27:10,017 - coint2.engine.numba_engine - INFO - Запуск Numba-оптимизированного бэктеста для BOBAUSDT-SOLEUR
2026-01-19 09:27:10,088 - coint2.engine.numba_engine - INFO - Запуск Numba-оптимизированного бэктеста для ACHUSDT-CRVUSDT
2026-01-19 09:27:10,152 - coint2.engine.numba_engine - INFO - Запуск Numba-оптимизированного бэктеста для CHRPUSDT-SNXUSDT
2026-01-19 09:27:10,194 - coint2.engine.numba_engine - INFO - Запуск Numba-оптимизированного бэктеста для CHRPUSDT-XCADUSDT
2026-01-19 09:27:10,284 - coint2.engine.numba_engine - INFO - Запуск Numba-оптимизированного бэктеста для CHRPUSDT-FITFIUSDT
2026-01-19 09:27:10,386 - INFO -   ⏱️ Параллельная обработка завершена за 0.6с (10.8 пар/с)
2026-01-19 09:27:10,393 - coint2.pipeline.walk_forward_orchestrator - INFO - 🎯 СИМУЛЯЦИЯ ПОРТФЕЛЯ: 7 пар, лимит 15 позиций
2026-01-19 09:27:11,120 - coint2.pipeline.walk_forward_orchestrator - INFO -    📈 Макс. одновременных сигналов: 5
2026-01-19 09:27:11,120 - coint2.pipeline.walk_forward_orchestrator - INFO -    📊 Средн. сигналов за период: 0.1
2026-01-19 09:27:11,120 - coint2.pipeline.walk_forward_orchestrator - INFO -    🎯 Финальных активных позиций: 0
2026-01-19 09:27:11,121 - coint2.pipeline.walk_forward_orchestrator - INFO -    ⚡ Утилизация лимита позиций: 0.8%
2026-01-19 09:27:11,121 - INFO - ⇠ WF-шаг 5/5 backtests — completed 7 items in 1.39s (5.0 items/s)
2026-01-19 09:27:11,122 - INFO -   ✅ Обработка завершена: 7 успешно, 0 с ошибками
2026-01-19 09:27:11,122 - INFO -   📊 Успешность: 100.0%, прибыльность: 28.6%, сделок/пара: 23.6
2026-01-19 09:27:11,122 - INFO -   ✅ Завершены бэктесты для 7 пар
2026-01-19 09:27:11,122 - INFO -   📊 Всего обработано пар в этом шаге: 7
2026-01-19 09:27:11,126 - INFO -   📈 Результаты шага: 2/7 прибыльных пар, 165 сделок
2026-01-19 09:27:11,126 - INFO -   💰 P&L шага: $-30.53
2026-01-19 09:27:11,126 - INFO -   ⇢ Обновление капитала и дневного P&L...
2026-01-19 09:27:15,346 - INFO -   💼 Шаг P&L: $-30.53, Накопленный капитал: $10,325.01
2026-01-19 09:27:15,347 - INFO - ------------------------------------------------------------
2026-01-19 09:27:15,347 - INFO -   Walk-forward steps: 5 / 5 (100.0%) | 0.0 items/s | ETA: 0.0s
2026-01-19 09:27:15,347 - INFO - ⇠ Walk-forward steps — completed 5 items in 836.26s (0.0 items/s)
2026-01-19 09:27:15,347 - INFO - ================================================================================
2026-01-19 09:27:15,347 - INFO - 🏁 Walk-forward анализ завершен!
2026-01-19 09:27:15,351 - INFO - ⏱️ Обработано 5 шагов за 5.6 секунд
2026-01-19 09:27:15,351 - INFO - 📊 Всего обработано пар за весь анализ: 159
2026-01-19 09:27:15,351 - INFO - 💰 Финальный капитал: $10,325.01 (было $10,000.00)
2026-01-19 09:27:15,351 - INFO - 📈 Общая доходность: +3.25% ($+325.01)
2026-01-19 09:27:15,351 - INFO - 📊 Всего сделок: 0
2026-01-19 09:27:15,351 - INFO - ================================================================================
2026-01-19 09:27:15,351 - INFO - ✓ Завершены все 5 WF-шагов
2026-01-19 09:27:15,351 - INFO - ⇢ Обработка финальных результатов и расчет метрик...
2026-01-19 09:27:15,351 - INFO - ⇢ processing final results — start
2026-01-19 09:27:15,352 - INFO -   ⇢ Агрегация данных P&L за 11524 торговых дней
2026-01-19 09:27:15,433 - INFO -   ⇢ Расчет базовых метрик производительности...
2026-01-19 09:27:15,433 - INFO -     📊 Данные для анализа: 11524 записей P&L, 11522 точек equity
2026-01-19 09:27:15,444 - INFO -   ⇢ Расчет расширенных метрик (волатильность, Calmar ratio, и др.)...
2026-01-19 09:27:15,445 - INFO -   ✅ Расширенные метрики рассчитаны: 6 показателей
2026-01-19 09:27:15,445 - INFO -   ⇢ Анализ статистики по 159 парам...
2026-01-19 09:27:15,453 - INFO - ✅ Рассчитаны метрики производительности (19 показателей)
2026-01-19 09:27:15,453 - INFO -   💰 Общий P&L: $+325.01
2026-01-19 09:27:15,453 - INFO -   📊 Sharpe Ratio: 3.071
2026-01-19 09:27:15,453 - INFO -   📉 Максимальная просадка: -15863.16%
2026-01-19 09:27:15,453 - INFO -   🔄 Всего сделок: 3065
2026-01-19 09:27:15,454 - INFO -   📈 Торгуемых пар: 159
2026-01-19 09:27:15,454 - INFO -   💸 Общие издержки: $96.16
2026-01-19 09:27:15,454 - coint2.metrics - INFO - Metric: total_pnl
2026-01-19 09:27:15,455 - coint2.metrics - INFO - Metric: sharpe_ratio_abs
2026-01-19 09:27:15,455 - coint2.metrics - INFO - Metric: max_drawdown_pct
2026-01-19 09:27:15,455 - coint2.metrics - INFO - Metric: total_trades
2026-01-19 09:27:15,455 - coint2.metrics - INFO - Metric: total_pairs_traded
2026-01-19 09:27:15,455 - coint2.metrics - INFO - Metric: total_costs
2026-01-19 09:27:15,456 - INFO - ⇠ processing final results — done in 0.10s
2026-01-19 09:27:15,456 - INFO - ⇢ Создание отчетов и сохранение результатов...
2026-01-19 09:27:15,456 - INFO - ⇢ generating reports — start
2026-01-19 09:27:15,456 - INFO -   ⇢ Создание отчета о производительности...
2026-01-19 09:27:26,573 - INFO -   ✓ Отчет о производительности создан
2026-01-19 09:27:26,573 - INFO -   ⇢ Сохранение данных в CSV файлы...
2026-01-19 09:27:26,579 - INFO - 📋 Метрики сохранены: artifacts/wfa/runs/20260119_stability_relaxed4/stability_relaxed4_20260119_pv0p07_hurst0p62_hl0p02_60_corr0p5_ssd40000_kpss0p05/strategy_metrics.csv
2026-01-19 09:27:26,581 - INFO - 📈 Дневные P&L сохранены: artifacts/wfa/runs/20260119_stability_relaxed4/stability_relaxed4_20260119_pv0p07_hurst0p62_hl0p02_60_corr0p5_ssd40000_kpss0p05/daily_pnl.csv (122 записей)
2026-01-19 09:27:26,665 - INFO - 💹 Кривая капитала сохранена: artifacts/wfa/runs/20260119_stability_relaxed4/stability_relaxed4_20260119_pv0p07_hurst0p62_hl0p02_60_corr0p5_ssd40000_kpss0p05/equity_curve.csv (11522 точек)
2026-01-19 09:27:26,673 - INFO - 📋 Статистика сделок сохранена: artifacts/wfa/runs/20260119_stability_relaxed4/stability_relaxed4_20260119_pv0p07_hurst0p62_hl0p02_60_corr0p5_ssd40000_kpss0p05/trade_statistics.csv (159 записей)
2026-01-19 09:27:26,677 - INFO - 🎉 Walk-Forward анализ полностью завершен!
2026-01-19 09:27:26,677 - INFO - 📊 Все отчеты и данные сохранены в: artifacts/wfa/runs/20260119_stability_relaxed4/stability_relaxed4_20260119_pv0p07_hurst0p62_hl0p02_60_corr0p5_ssd40000_kpss0p05
2026-01-19 09:27:26,677 - INFO - 💼 Итоговый капитал: $10,325.01
2026-01-19 09:27:26,677 - INFO - ⏱️  Общее время выполнения: 16.9 секунд
2026-01-19 09:27:26,677 - INFO - ⇠ generating reports — done in 11.22s
2026-01-19 09:27:26,677 - coint2.core.memory_optimization - INFO - 🧹 Cleaning up global price data
2026-01-19 09:27:26,689 - coint2.core.memory_optimization - INFO - 📊 No global rolling stats to clean up
2026-01-19 09:27:26,689 - INFO - 🧹 Memory-mapped data cleaned up
2026-01-19 09:27:26,691 - INFO - ⇠ run_walk_forward_analysis — done in 855.05s
📊 Отчет сохранен: artifacts/wfa/runs/20260119_stability_relaxed4/stability_relaxed4_20260119_pv0p07_hurst0p62_hl0p02_60_corr0p5_ssd40000_kpss0p05/CointegrationStrategy_performance_report.png
🎯 ============================================================
📊 ИТОГИ ТОРГОВОЙ СТРАТЕГИИ
🎯 ============================================================

💰 ФИНАНСОВЫЕ РЕЗУЛЬТАТЫ:
   • Общий P&L:                          325
   • Максимальная просадка:             -159
   • Средний дневной P&L:                  3

📈 МЕТРИКИ РИСКА:
   • Коэффициент Шарпа:               3.0707
   • Волатильность P&L:                16.89
   • Процент прибыльных дней:         37.70%

🔄 ТОРГОВАЯ АКТИВНОСТЬ:
   • Всего торговых дней:                122
   • Всего сделок:                     3,065
   • Торгуемых пар:                      159
   • Сделок на пару:                    19.3
   • Успешность сделок:               0.33%

💸 РАСХОДЫ И ЭКСТРЕМУМЫ:
   • Общие расходы:                       96
   • Максимальная прибыль:               102
   • Максимальный убыток:                -70
   • Лучшая пара (P&L):                   75
   • Худшая пара (P&L):                  -17

📊 ОЦЕНКА СТРАТЕГИИ:
   ✅ ОТЛИЧНАЯ стратегия! Высокий Шарп и положительный результат

🎯 ============================================================

Annualized Sharpe Ratio: 3.070745448926475
[run_wfa_fullcpu] end: 2026-01-19T09:27:28Z
