[run_wfa_queue] 2026-01-18T22:12:08Z cmd: /opt/coint4/coint4/run_wfa_fullcpu.sh configs/shortlist_20260118/shortlist_20260118_entry0p95_exit0p1_hold120_cd120_corr0p65_ssd25000.yaml artifacts/wfa/runs/20260118_shortlist/shortlist_20260118_entry0p95_exit0p1_hold120_cd120_corr0p65_ssd25000
[run_wfa_fullcpu] start: 2026-01-18T22:12:08Z
[run_wfa_fullcpu] os.cpu_count: 8
[run_wfa_fullcpu] worker_pid=1464
2026-01-18 22:12:11,926 - coint2.core.memory_optimization - INFO - ✅ BLAS threading limits set to 1 via threadpoolctl
2026-01-18 22:12:11,928 - coint2.core.memory_optimization - INFO - 🔧 Controlled libraries: openblas, openmp
2026-01-18 22:12:11,928 - coint2.core.memory_optimization - INFO - 🧵 Process threads: 2 → 2
2026-01-18 22:12:11,928 - coint2.core.memory_optimization - INFO - 📝 Set 11 environment variables
2026-01-18 22:12:12,402 - INFO - ✅ Параметры конфигурации валидны
2026-01-18 22:12:12,402 - INFO - 📝 Некоторые параметры были скорректированы:
2026-01-18 22:12:12,402 - INFO - 🧭 WFA: динамический отбор пар на каждом шаге
2026-01-18 22:12:12,402 - INFO -   Шаг 1: тренировка 2023-08-02-2023-09-30, тест 2023-10-01-2023-10-31
2026-01-18 22:12:12,402 - INFO -   Шаг 2: тренировка 2023-09-01-2023-10-30, тест 2023-10-31-2023-11-30
2026-01-18 22:12:12,403 - INFO -   Шаг 3: тренировка 2023-10-01-2023-11-29, тест 2023-11-30-2023-12-30
2026-01-18 22:12:12,403 - INFO -   Шаг 4: тренировка 2023-10-31-2023-12-29, тест 2023-12-30-2024-01-29
2026-01-18 22:12:12,403 - INFO -   Шаг 5: тренировка 2023-11-30-2024-01-28, тест 2024-01-29-2024-02-28
2026-01-18 22:12:12,403 - INFO -   Шаг 6: тренировка 2023-12-30-2024-02-27, тест 2024-02-28-2024-03-29
2026-01-18 22:12:12,403 - INFO -   Шаг 7: тренировка 2024-01-29-2024-03-28, тест 2024-03-29-2024-04-28
2026-01-18 22:12:12,403 - INFO -   Шаг 8: тренировка 2024-02-28-2024-04-27, тест 2024-04-28-2024-05-28
2026-01-18 22:12:12,403 - INFO - 📈 Запланировано 8 walk-forward шагов
2026-01-18 22:12:12,403 - INFO - ⛔ Ограничение WFA шагов: 8 → 5
2026-01-18 22:12:12,403 - WARNING - ⚠️ Маленький буфер между training и testing в шаге 1: 0 дней. Рекомендуется минимум 1 день.
2026-01-18 22:12:12,403 - WARNING - ⚠️ Маленький буфер между training и testing в шаге 2: 0 дней. Рекомендуется минимум 1 день.
2026-01-18 22:12:12,403 - WARNING - ⚠️ Маленький буфер между training и testing в шаге 3: 0 дней. Рекомендуется минимум 1 день.
2026-01-18 22:12:12,403 - WARNING - ⚠️ Маленький буфер между training и testing в шаге 4: 0 дней. Рекомендуется минимум 1 день.
2026-01-18 22:12:12,403 - WARNING - ⚠️ Маленький буфер между training и testing в шаге 5: 0 дней. Рекомендуется минимум 1 день.
2026-01-18 22:12:12,403 - INFO - ✅ Шаги успешно запланированы:
2026-01-18 22:12:12,403 - INFO -    Шаг 1: тренировка 2023-08-02-2023-09-30, тест 2023-10-01-2023-10-31
2026-01-18 22:12:12,403 - INFO -    Шаг 2: тренировка 2023-09-01-2023-10-30, тест 2023-10-31-2023-11-30
2026-01-18 22:12:12,403 - INFO -    Шаг 3: тренировка 2023-10-01-2023-11-29, тест 2023-11-30-2023-12-30
2026-01-18 22:12:12,403 - INFO -    Шаг 4: тренировка 2023-10-31-2023-12-29, тест 2023-12-30-2024-01-29
2026-01-18 22:12:12,403 - INFO -    Шаг 5: тренировка 2023-11-30-2024-01-28, тест 2024-01-29-2024-02-28
2026-01-18 22:12:12,403 - INFO - 🗂️ Consolidating price data for memory-mapped access...
2026-01-18 22:12:12,403 - INFO - 📊 Consolidating data range: 2023-07-28 → 2024-03-04
2026-01-18 22:12:12,403 - coint2.core.memory_optimization - INFO - 🔄 Consolidating price data from data_downloaded to .cache/consolidated_prices.parquet
2026-01-18 22:12:12,404 - INFO - ⇢ loading raw data for consolidation — start
2026-01-18 22:12:14,157 - INFO - ⇠ loading raw data for consolidation — done in 1.75s
2026-01-18 22:12:14,158 - INFO - ⇢ pivoting data to wide format — start
2026-01-18 22:12:19,400 - INFO - ⇠ pivoting data to wide format — done in 5.24s
2026-01-18 22:12:19,443 - coint2.core.memory_optimization - INFO - 📊 Consolidated data: 21121 rows × 346 symbols
2026-01-18 22:12:19,443 - coint2.core.memory_optimization - INFO - 💾 Memory usage: 29.4 MB
2026-01-18 22:12:19,443 - INFO - ⇢ writing consolidated Parquet file — start
2026-01-18 22:12:19,658 - INFO - ⇠ writing consolidated Parquet file — done in 0.21s
2026-01-18 22:12:19,658 - coint2.core.memory_optimization - INFO - ✅ Successfully consolidated data to .cache/consolidated_prices.parquet
2026-01-18 22:12:19,684 - coint2.core.memory_optimization - INFO - 🔄 Initializing memory-mapped price data from .cache/consolidated_prices.parquet
2026-01-18 22:12:19,685 - INFO - ⇢ loading memory-mapped data — start
2026-01-18 22:12:19,685 - coint2.core.memory_optimization - WARNING - ⚠️ memory_map не поддерживается в текущей версии pyarrow, fallback без mmap
2026-01-18 22:12:19,815 - INFO - ⇠ loading memory-mapped data — done in 0.13s
2026-01-18 22:12:19,825 - coint2.core.memory_optimization - INFO - 📊 Loaded 21121 rows × 346 symbols
2026-01-18 22:12:19,825 - coint2.core.memory_optimization - INFO - 💾 Memory usage: 29.4 MB (memory-mapped)
2026-01-18 22:12:19,826 - INFO - ✅ Memory-mapped data initialized successfully
2026-01-18 22:12:19,827 - INFO - ⇢ Walk-forward steps — starting 5 items
2026-01-18 22:12:19,828 - INFO - 📈 Инициализация equity кривой с первой тестовой даты: 2023-10-01 00:00:00
2026-01-18 22:12:19,828 - INFO - 🔍 WF-шаг 1/5: Валидация временных окон...
2026-01-18 22:12:19,828 - INFO - ⇢ WF-шаг 1/5: training 2023-08-02-2023-09-30, testing 2023-10-01-2023-10-31 — start
2026-01-18 22:12:19,829 - INFO - ⇢ loading step data — start
2026-01-18 22:12:19,987 - INFO - ⇠ loading step data — done in 0.16s
2026-01-18 22:12:21,361 - INFO - 📊 WF-шаг 1/5: Границы данных:
2026-01-18 22:12:21,361 - INFO -    Training: 2023-08-02 00:00:00 → 2023-09-30 23:45:00 (5,760 строк × 282 символов)
2026-01-18 22:12:21,361 - INFO -    Testing:  2023-10-01 00:00:00 → 2023-10-31 00:00:00 (2,881 строк × 282 символов)
2026-01-18 22:12:21,361 - INFO -    Временной разрыв: 0 days 00:15:00
2026-01-18 22:12:21,416 - INFO - ⇢ normalizing training data — start
2026-01-18 22:12:21,453 - INFO -   Символы с NaN значениями: 20
2026-01-18 22:12:21,454 - INFO -   Применяем метод нормализации: rolling_zscore
2026-01-18 22:12:21,468 - INFO - Символы с недостаточной историей: 20 из 282
2026-01-18 22:12:21,846 - INFO - Символы с NaN после нормализации: 262
2026-01-18 22:12:21,853 - INFO - Удалено 1 начальных строк с NaN от rolling расчетов
2026-01-18 22:12:21,856 - INFO - Итоговое количество символов после нормализации: 262 из 282
2026-01-18 22:12:21,856 - INFO -   Статистика нормализации:
2026-01-18 22:12:21,856 - INFO -     Исходные символы: 282
2026-01-18 22:12:21,856 - INFO -     Недостаточная история: 20
2026-01-18 22:12:21,856 - INFO -     Постоянная цена: 0
2026-01-18 22:12:21,856 - INFO -     NaN после нормализации: 262
2026-01-18 22:12:21,856 - INFO -     Итоговые символы: 262 (92.9%)
2026-01-18 22:12:21,856 - INFO -   После нормализации: 262 символов (потеряно 20)
2026-01-18 22:12:21,856 - INFO -   Отброшенные символы: ADAEUR, BEAMUSDT, BTCEUR, CYBERUSDT, DOGEEUR, ETHEUR, FETUSDT, JEFFUSDT, KASUSDT, KAVAUSDT, LTCEUR, ORDIUSDT, POLUSDT, PPTUSDT, PYUSDUSDT, SEIUSDT, SOLEUR, USDCEUR, XRPEUR, ZTXUSDT
2026-01-18 22:12:21,857 - INFO - ⇠ normalizing training data — done in 0.44s
2026-01-18 22:12:21,857 - INFO - ⇢ SSD computation — start
2026-01-18 22:12:21,857 - INFO -   Расчет SSD для всех пар (без ограничения)
2026-01-18 22:12:27,873 - INFO -   SSD результат (все пары): 34191 пар
2026-01-18 22:12:27,874 - INFO -   Ограничиваем до top-25000 пар для дальнейшей обработки
2026-01-18 22:12:27,875 - INFO - ⇠ SSD computation — done in 6.02s
2026-01-18 22:12:27,881 - INFO - ⇢ filtering pairs by cointegration and half-life — start
2026-01-18 22:12:27,881 - INFO - [ФИЛЬТР] Параллельная фильтрация: threads (8 workers)
2026-01-18 22:19:26,977 - INFO - [ФИЛЬТР] После проверки данных: 25000 пар
2026-01-18 22:19:26,977 - INFO - [ФИЛЬТР] После фильтра корреляции (>0.65): 16120 пар
2026-01-18 22:19:26,977 - INFO - [ФИЛЬТР] После фильтра beta: 10655 пар
2026-01-18 22:19:26,977 - INFO - [ФИЛЬТР] После фильтра mean crossings: 10655 пар
2026-01-18 22:19:26,977 - INFO - [ФИЛЬТР] После фильтра half-life: 10624 пар
2026-01-18 22:19:26,977 - INFO - [ФИЛЬТР] После фильтра коинтеграции: 4048 пар
2026-01-18 22:19:26,977 - INFO - [ФИЛЬТР] После фильтра Hurst: 1955 пар
2026-01-18 22:19:26,977 - INFO - [ФИЛЬТР] После фильтра KPSS: 90 пар
2026-01-18 22:19:26,977 - INFO - [ФИЛЬТР] После фильтра market microstructure: 90 пар
2026-01-18 22:19:26,978 - INFO - [ФИЛЬТР] Статистика фильтрации (оптимизированный порядок):
2026-01-18 22:19:26,978 - INFO -   1. SSD → Коинтеграция: 25000 → 4048 пар
2026-01-18 22:19:26,978 - INFO -   2. Коинтеграция → Beta: 4048 → 10655 пар
2026-01-18 22:19:26,978 - INFO -   3. Beta → Half-life: 10655 → 10624 пар
2026-01-18 22:19:26,978 - INFO -   4. Half-life → Mean crossings: 10624 → 10655 пар
2026-01-18 22:19:26,978 - INFO -   5. Mean crossings → Hurst: 10655 → 1955 пар
2026-01-18 22:19:26,978 - INFO -   6. Hurst → KPSS: 1955 → 90 пар
2026-01-18 22:19:26,978 - INFO -   7. KPSS → Market microstructure: 90 → 90 пар
2026-01-18 22:19:26,978 - INFO - [ФИЛЬТР] Причины отсева:
2026-01-18 22:19:26,978 - INFO -   • low_correlation: 8880 пар (35.5%)
2026-01-18 22:19:26,978 - INFO -   • pvalue: 6576 пар (26.3%)
2026-01-18 22:19:26,978 - INFO -   • beta: 5465 пар (21.9%)
2026-01-18 22:19:26,978 - INFO -   • hurst: 2093 пар (8.4%)
2026-01-18 22:19:26,978 - INFO -   • kpss: 1865 пар (7.5%)
2026-01-18 22:19:26,978 - INFO -   • half_life: 31 пар (0.1%)
2026-01-18 22:19:26,979 - INFO - [ФИЛЬТР] Итого: 25000 → 90 пар (0.4% прошли все фильтры)
2026-01-18 22:19:27,075 - INFO - Причины отсева сохранены в results/filter_reasons_20260118_221926.csv
2026-01-18 22:19:27,090 - INFO -   Фильтрация: 25000 → 90 пар
2026-01-18 22:19:27,090 - INFO - ⇠ filtering pairs by cointegration and half-life — done in 419.21s
2026-01-18 22:19:27,090 - INFO - ⇠ WF-шаг 1/5: training 2023-08-02-2023-09-30, testing 2023-10-01-2023-10-31 — done in 427.26s
2026-01-18 22:19:27,091 - INFO -   Топ-3 пары по волатильности спреда:
2026-01-18 22:19:27,091 - INFO -     1. COMPUSDT-GMXUSDT: beta=1.0239, std=2.0031
2026-01-18 22:19:27,091 - INFO -     2. TIMEUSDT-ZENUSDT: beta=1.0190, std=0.6922
2026-01-18 22:19:27,091 - INFO -     3. ETHUSDC-ETHUSDT: beta=0.9936, std=0.6033
2026-01-18 22:19:27,091 - INFO -   Всего пар для торговли: 90 (ограничение 15 применяется к одновременно открытым позициям)
2026-01-18 22:19:27,091 - INFO -   💰 Проверка расчета капитала: equity=$10,000.00, кандидатных_пар=90, max_позиций=15
2026-01-18 22:19:27,091 - INFO -   🎯 Target concurrency: 15 (ожидаемое одновременное число позиций)
2026-01-18 22:19:27,091 - INFO -   📊 Детали расчета капитала:
2026-01-18 22:19:27,092 - INFO -      • Базовый капитал на пару: $666.67 (equity / target_concurrency)
2026-01-18 22:19:27,092 - INFO -      • Риск-капитал: $150.00 (1.5% от equity)
2026-01-18 22:19:27,092 - INFO -      • Макс. размер позиции: $200.00 (2.0% от equity)
2026-01-18 22:19:27,092 - INFO -      • Итоговый капитал на пару: $150.00
2026-01-18 22:19:27,092 - INFO - ⇢ WF-шаг 1/5 backtests — starting 90 items
2026-01-18 22:19:27,092 - INFO - 🚀 WF-шаг 1/5: Начинаем бэктесты для 90 пар...
2026-01-18 22:19:27,093 - INFO - 🚀 WF-шаг 1/5: Запускаем параллельную обработку 90 пар на 8 ядрах...
2026-01-18 22:19:27,093 - INFO -   📊 Большой набор пар (90), ожидаемое время: ~4 мин
2026-01-18 22:19:27,093 - INFO -   🔄 Прогресс будет отображаться каждые 9 пар
2026-01-18 22:19:27,093 - INFO - 🚀 WF-шаг 1/5: Режим параллельности: процессы
⚙️  Загрузка данных за период: 2023-07-28 -> 2024-03-04
📂 Найдено 43 parquet файлов для обработки.
📊 Схема данных: Schema({'timestamp': Int64, 'open': Float64, 'high': Float64, 'low': Float64, 'close': Float64, 'volume': Float64, 'turnover': String, 'ts_ms': Int64, 'symbol': String})
✅ Загружено 6226682 записей с помощью Polars.
📊 Типы данных в pandas: timestamp       datetime64[us]
symbol                  object
close                  float64
timestamp_ms             int64
dtype: object
⚙️  Загрузка данных за период: 2023-08-02 -> 2023-10-31
📂 Найдено 43 parquet файлов для обработки.
📊 Схема данных: Schema({'timestamp': Int64, 'open': Float64, 'high': Float64, 'low': Float64, 'close': Float64, 'volume': Float64, 'turnover': String, 'ts_ms': Int64, 'symbol': String})
✅ Загружено 2351056 записей с помощью Polars.
📊 Типы данных в pandas: timestamp       datetime64[us]
symbol                  object
close                  float64
timestamp_ms             int64
dtype: object
2026-01-18 22:19:27,181 - coint2.engine.numba_engine - INFO - Запуск Numba-оптимизированного бэктеста для COMPUSDT-GMXUSDT
2026-01-18 22:19:27,196 - coint2.engine.numba_engine - INFO - Запуск Numba-оптимизированного бэктеста для TIMEUSDT-ZENUSDT
2026-01-18 22:19:27,211 - coint2.engine.numba_engine - INFO - Запуск Numba-оптимизированного бэктеста для ETHUSDC-ETHUSDT
2026-01-18 22:19:27,268 - coint2.engine.numba_engine - INFO - Запуск Numba-оптимизированного бэктеста для ARUSDT-FILUSDT
2026-01-18 22:19:27,272 - coint2.engine.numba_engine - INFO - Запуск Numba-оптимизированного бэктеста для AXSUSDT-UNIUSDT
2026-01-18 22:19:27,319 - coint2.engine.numba_engine - INFO - Запуск Numba-оптимизированного бэктеста для SNXUSDT-SOLOUSDT
2026-01-18 22:19:27,321 - coint2.engine.numba_engine - INFO - Запуск Numba-оптимизированного бэктеста для AXSUSDT-SANDUSDT
2026-01-18 22:19:27,323 - coint2.engine.numba_engine - INFO - Запуск Numba-оптимизированного бэктеста для INTERUSDT-XRPUSDT
2026-01-18 22:19:27,355 - coint2.engine.numba_engine - INFO - Запуск Numba-оптимизированного бэктеста для INTERUSDT-QTUMUSDT
2026-01-18 22:19:27,357 - coint2.engine.numba_engine - INFO - Запуск Numba-оптимизированного бэктеста для AXSUSDT-SANDUSDC
2026-01-18 22:19:27,377 - coint2.engine.numba_engine - INFO - Запуск Numba-оптимизированного бэктеста для INTERUSDT-XRPUSDC
2026-01-18 22:19:27,381 - coint2.engine.numba_engine - INFO - Запуск Numba-оптимизированного бэктеста для INTERUSDT-LTCUSDC
2026-01-18 22:19:27,384 - coint2.engine.numba_engine - INFO - Запуск Numba-оптимизированного бэктеста для INTERUSDT-XEMUSDT
2026-01-18 22:19:27,376 - coint2.engine.numba_engine - INFO - Запуск Numba-оптимизированного бэктеста для INTERUSDT-THETAUSDT
2026-01-18 22:19:27,411 - coint2.engine.numba_engine - INFO - Запуск Numba-оптимизированного бэктеста для INTERUSDT-STXUSDT
2026-01-18 22:19:27,412 - coint2.engine.numba_engine - INFO - Запуск Numba-оптимизированного бэктеста для INTERUSDT-ZILUSDT
2026-01-18 22:19:27,417 - coint2.engine.numba_engine - INFO - Запуск Numba-оптимизированного бэктеста для CITYUSDT-DOTUSDC
2026-01-18 22:19:27,421 - coint2.engine.numba_engine - INFO - Запуск Numba-оптимизированного бэктеста для INTERUSDT-ZENUSDT
2026-01-18 22:19:27,428 - coint2.engine.numba_engine - INFO - Запуск Numba-оптимизированного бэктеста для INTERUSDT-ROSEUSDT
2026-01-18 22:19:27,440 - coint2.engine.numba_engine - INFO - Запуск Numba-оптимизированного бэктеста для INTERUSDT-WAVESUSDT
2026-01-18 22:19:27,445 - coint2.engine.numba_engine - INFO - Запуск Numba-оптимизированного бэктеста для INTERUSDT-USTCUSDT
2026-01-18 22:19:27,446 - coint2.engine.numba_engine - INFO - Запуск Numba-оптимизированного бэктеста для SUSHIUSDT-UMAUSDT
2026-01-18 22:19:27,454 - coint2.engine.numba_engine - INFO - Запуск Numba-оптимизированного бэктеста для INTERUSDT-LTCUSDT
2026-01-18 22:19:27,461 - coint2.engine.numba_engine - INFO - Запуск Numba-оптимизированного бэктеста для INTERUSDT-SOLOUSDT
2026-01-18 22:19:27,461 - coint2.engine.numba_engine - INFO - Запуск Numba-оптимизированного бэктеста для MASKUSDT-XRPUSDC
2026-01-18 22:19:27,464 - coint2.engine.numba_engine - INFO - Запуск Numba-оптимизированного бэктеста для MASKUSDT-XRPUSDT
2026-01-18 22:19:27,464 - coint2.engine.numba_engine - INFO - Запуск Numba-оптимизированного бэктеста для CITYUSDT-DOTUSDT
2026-01-18 22:19:27,481 - coint2.engine.numba_engine - INFO - Запуск Numba-оптимизированного бэктеста для CELOUSDT-ZRXUSDT
2026-01-18 22:19:27,490 - coint2.engine.numba_engine - INFO - Запуск Numba-оптимизированного бэктеста для PSGUSDT-VPADUSDT
2026-01-18 22:19:27,492 - coint2.engine.numba_engine - INFO - Запуск Numba-оптимизированного бэктеста для HFTUSDT-PSGUSDT
2026-01-18 22:19:27,494 - coint2.engine.numba_engine - INFO - Запуск Numba-оптимизированного бэктеста для INTERUSDT-MANAUSDT
2026-01-18 22:19:27,497 - coint2.engine.numba_engine - INFO - Запуск Numba-оптимизированного бэктеста для CITYUSDT-JUVUSDT
2026-01-18 22:19:27,499 - coint2.engine.numba_engine - INFO - Запуск Numba-оптимизированного бэктеста для AFCUSDT-DOTUSDT
2026-01-18 22:19:27,515 - coint2.engine.numba_engine - INFO - Запуск Numba-оптимизированного бэктеста для ETHWUSDT-GMTUSDC
2026-01-18 22:19:27,516 - coint2.engine.numba_engine - INFO - Запуск Numba-оптимизированного бэктеста для AFCUSDT-DOTUSDC
2026-01-18 22:19:27,517 - coint2.engine.numba_engine - INFO - Запуск Numba-оптимизированного бэктеста для INTERUSDT-WAXPUSDT
2026-01-18 22:19:27,518 - coint2.engine.numba_engine - INFO - Запуск Numba-оптимизированного бэктеста для AFCUSDT-MDAOUSDT
2026-01-18 22:19:27,520 - coint2.engine.numba_engine - INFO - Запуск Numba-оптимизированного бэктеста для RSS3USDT-SCRTUSDT
2026-01-18 22:19:27,523 - coint2.engine.numba_engine - INFO - Запуск Numba-оптимизированного бэктеста для CAKEUSDT-VPADUSDT
2026-01-18 22:19:27,529 - coint2.engine.numba_engine - INFO - Запуск Numba-оптимизированного бэктеста для HFTUSDC-MOVRUSDT
2026-01-18 22:19:27,541 - coint2.engine.numba_engine - INFO - Запуск Numba-оптимизированного бэктеста для HFTUSDC-RPLUSDT
2026-01-18 22:19:27,544 - coint2.engine.numba_engine - INFO - Запуск Numba-оптимизированного бэктеста для SUSHIUSDT-USTCUSDT
2026-01-18 22:19:27,550 - coint2.engine.numba_engine - INFO - Запуск Numba-оптимизированного бэктеста для HFTUSDC-PSGUSDT
2026-01-18 22:19:27,551 - coint2.engine.numba_engine - INFO - Запуск Numba-оптимизированного бэктеста для BATUSDT-PEOPLEUSDT
2026-01-18 22:19:27,554 - coint2.engine.numba_engine - INFO - Запуск Numba-оптимизированного бэктеста для ETHWUSDT-GMTUSDT
2026-01-18 22:19:27,554 - coint2.engine.numba_engine - INFO - Запуск Numba-оптимизированного бэктеста для RSS3USDT-XTZUSDT
2026-01-18 22:19:27,555 - coint2.engine.numba_engine - INFO - Запуск Numba-оптимизированного бэктеста для THETAUSDT-XRPUSDC
2026-01-18 22:19:27,560 - coint2.engine.numba_engine - INFO - Запуск Numba-оптимизированного бэктеста для INTERUSDT-MANAUSDC
2026-01-18 22:19:27,572 - coint2.engine.numba_engine - INFO - Запуск Numba-оптимизированного бэктеста для CTCUSDT-DOTUSDC
2026-01-18 22:19:27,578 - coint2.engine.numba_engine - INFO - Запуск Numba-оптимизированного бэктеста для THETAUSDT-XRPUSDT
2026-01-18 22:19:27,580 - coint2.engine.numba_engine - INFO - Запуск Numba-оптимизированного бэктеста для FORTUSDT-ICPUSDT
2026-01-18 22:19:27,580 - coint2.engine.numba_engine - INFO - Запуск Numba-оптимизированного бэктеста для ALGOUSDT-WAXPUSDT
2026-01-18 22:19:27,599 - coint2.engine.numba_engine - INFO - Запуск Numba-оптимизированного бэктеста для HFTUSDT-MOVRUSDT
2026-01-18 22:19:27,603 - coint2.engine.numba_engine - INFO - Запуск Numba-оптимизированного бэктеста для AFCUSDT-CITYUSDT
2026-01-18 22:19:27,608 - coint2.engine.numba_engine - INFO - Запуск Numba-оптимизированного бэктеста для BATUSDT-FIDAUSDT
2026-01-18 22:19:27,611 - coint2.engine.numba_engine - INFO - Запуск Numba-оптимизированного бэктеста для FLOWUSDT-MASKUSDT
2026-01-18 22:19:27,612 - coint2.engine.numba_engine - INFO - Запуск Numba-оптимизированного бэктеста для RSS3USDT-SFUNDUSDT
2026-01-18 22:19:27,613 - coint2.engine.numba_engine - INFO - Запуск Numba-оптимизированного бэктеста для HFTUSDT-RPLUSDT
2026-01-18 22:19:27,616 - coint2.engine.numba_engine - INFO - Запуск Numba-оптимизированного бэктеста для ROSEUSDT-WAXPUSDT
2026-01-18 22:19:27,618 - coint2.engine.numba_engine - INFO - Запуск Numba-оптимизированного бэктеста для ALGOUSDT-ROSEUSDT
2026-01-18 22:19:27,619 - WARNING - ❌ Ошибка обработки пары AFCUSDT-CITYUSDT: division by zero
2026-01-18 22:19:27,630 - coint2.engine.numba_engine - INFO - Запуск Numba-оптимизированного бэктеста для RSS3USDT-RVNUSDT
2026-01-18 22:19:27,634 - coint2.engine.numba_engine - INFO - Запуск Numba-оптимизированного бэктеста для ARKMUSDT-NEXOUSDT
2026-01-18 22:19:27,642 - coint2.engine.numba_engine - INFO - Запуск Numba-оптимизированного бэктеста для FORTUSDT-PSGUSDT
2026-01-18 22:19:27,644 - coint2.engine.numba_engine - INFO - Запуск Numba-оптимизированного бэктеста для LTCBTC-RVNUSDT
2026-01-18 22:19:27,645 - coint2.engine.numba_engine - INFO - Запуск Numba-оптимизированного бэктеста для ADAUSDT-PSGUSDT
2026-01-18 22:19:27,646 - coint2.engine.numba_engine - INFO - Запуск Numba-оптимизированного бэктеста для WAXPUSDT-ZILUSDT
2026-01-18 22:19:27,666 - coint2.engine.numba_engine - INFO - Запуск Numba-оптимизированного бэктеста для FORTUSDT-ICPUSDC
2026-01-18 22:19:27,668 - coint2.engine.numba_engine - INFO - Запуск Numba-оптимизированного бэктеста для OMGUSDT-RDNTUSDT
2026-01-18 22:19:27,672 - coint2.engine.numba_engine - INFO - Запуск Numba-оптимизированного бэктеста для DOGEUSDT-TELUSDT
2026-01-18 22:19:27,674 - coint2.engine.numba_engine - INFO - Запуск Numba-оптимизированного бэктеста для ALGOUSDT-IMXUSDT
2026-01-18 22:19:27,677 - coint2.engine.numba_engine - INFO - Запуск Numba-оптимизированного бэктеста для RACAUSDT-VPADUSDT
2026-01-18 22:19:27,679 - coint2.engine.numba_engine - INFO - Запуск Numba-оптимизированного бэктеста для CTCUSDT-VPADUSDT
2026-01-18 22:19:27,680 - coint2.engine.numba_engine - INFO - Запуск Numba-оптимизированного бэктеста для ADAUSDC-PSGUSDT
2026-01-18 22:19:27,696 - coint2.engine.numba_engine - INFO - Запуск Numba-оптимизированного бэктеста для GMTUSDT-SANDUSDT
2026-01-18 22:19:27,698 - coint2.engine.numba_engine - INFO - Запуск Numba-оптимизированного бэктеста для ONEUSDT-XRPUSDC
2026-01-18 22:19:27,698 - coint2.engine.numba_engine - INFO - Запуск Numba-оптимизированного бэктеста для RSS3USDT-XAVAUSDT
2026-01-18 22:19:27,708 - WARNING - ❌ Ошибка обработки пары RSS3USDT-XAVAUSDT: division by zero
2026-01-18 22:19:27,710 - coint2.engine.numba_engine - INFO - Запуск Numba-оптимизированного бэктеста для DOGEUSDC-ETHWUSDT
2026-01-18 22:19:27,720 - coint2.engine.numba_engine - INFO - Запуск Numba-оптимизированного бэктеста для BATUSDT-QTUMUSDT
2026-01-18 22:19:27,722 - coint2.engine.numba_engine - INFO - Запуск Numba-оптимизированного бэктеста для GMTUSDC-UNIUSDT
2026-01-18 22:19:27,728 - coint2.engine.numba_engine - INFO - Запуск Numba-оптимизированного бэктеста для BATUSDT-UMAUSDT
2026-01-18 22:19:27,731 - coint2.engine.numba_engine - INFO - Запуск Numba-оптимизированного бэктеста для USTCUSDT-ZILUSDT
2026-01-18 22:19:27,746 - coint2.engine.numba_engine - INFO - Запуск Numba-оптимизированного бэктеста для SCUSDT-ZILUSDT
2026-01-18 22:19:27,751 - coint2.engine.numba_engine - INFO - Запуск Numba-оптимизированного бэктеста для ALGOUSDT-USTCUSDT
2026-01-18 22:19:27,752 - coint2.engine.numba_engine - INFO - Запуск Numba-оптимизированного бэктеста для ROSEUSDT-USTCUSDT
2026-01-18 22:19:27,759 - coint2.engine.numba_engine - INFO - Запуск Numba-оптимизированного бэктеста для FORTUSDT-SFUNDUSDT
2026-01-18 22:19:27,782 - coint2.engine.numba_engine - INFO - Запуск Numba-оптимизированного бэктеста для DOGEUSDT-ETHWUSDT
2026-01-18 22:19:27,782 - coint2.engine.numba_engine - INFO - Запуск Numba-оптимизированного бэктеста для SCUSDT-USTCUSDT
2026-01-18 22:19:27,787 - coint2.engine.numba_engine - INFO - Запуск Numba-оптимизированного бэктеста для DOGEUSDC-TELUSDT
2026-01-18 22:19:27,809 - coint2.engine.numba_engine - INFO - Запуск Numba-оптимизированного бэктеста для SUNUSDT-ZRXUSDT
2026-01-18 22:19:27,811 - coint2.engine.numba_engine - INFO - Запуск Numba-оптимизированного бэктеста для ONEUSDT-XRPUSDT
2026-01-18 22:19:27,857 - INFO -   ⏱️ Параллельная обработка завершена за 0.8с (117.8 пар/с)
2026-01-18 22:19:27,887 - coint2.pipeline.walk_forward_orchestrator - INFO - 🎯 СИМУЛЯЦИЯ ПОРТФЕЛЯ: 88 пар, лимит 15 позиций
2026-01-18 22:19:28,820 - coint2.pipeline.walk_forward_orchestrator - INFO -    📈 Макс. одновременных сигналов: 24
2026-01-18 22:19:28,820 - coint2.pipeline.walk_forward_orchestrator - INFO -    📊 Средн. сигналов за период: 0.8
2026-01-18 22:19:28,820 - coint2.pipeline.walk_forward_orchestrator - INFO -    🎯 Финальных активных позиций: 0
2026-01-18 22:19:28,821 - coint2.pipeline.walk_forward_orchestrator - INFO -    ⚡ Утилизация лимита позиций: 5.4%
2026-01-18 22:19:28,822 - WARNING -   ⚠️ Ошибка обработки пары AFCUSDT-CITYUSDT: division by zero
2026-01-18 22:19:28,822 - WARNING -   ⚠️ Ошибка обработки пары RSS3USDT-XAVAUSDT: division by zero
2026-01-18 22:19:28,822 - INFO - ⇠ WF-шаг 1/5 backtests — completed 90 items in 1.73s (52.0 items/s)
2026-01-18 22:19:28,822 - INFO -   ✅ Обработка завершена: 88 успешно, 2 с ошибками
2026-01-18 22:19:28,822 - INFO -   📊 Успешность: 97.8%, прибыльность: 58.0%, сделок/пара: 13.6
2026-01-18 22:19:28,822 - INFO -   ✅ Завершены бэктесты для 90 пар
2026-01-18 22:19:28,822 - INFO -   📊 Всего обработано пар в этом шаге: 90
2026-01-18 22:19:28,822 - INFO -   📈 Результаты шага: 51/90 прибыльных пар, 1201 сделок
2026-01-18 22:19:28,822 - INFO -   💰 P&L шага: $+119.35
2026-01-18 22:19:28,822 - INFO -   ⇢ Обновление капитала и дневного P&L...
2026-01-18 22:19:30,219 - INFO -   💼 Шаг P&L: $+119.35, Накопленный капитал: $10,119.35
2026-01-18 22:19:30,219 - INFO - ------------------------------------------------------------
2026-01-18 22:19:30,219 - INFO -   Walk-forward steps: 1 / 5 (20.0%) | 0.0 items/s | ETA: 1721.6s
2026-01-18 22:19:30,219 - INFO - 🔍 WF-шаг 2/5: Валидация временных окон...
2026-01-18 22:19:30,219 - INFO - ⇢ WF-шаг 2/5: training 2023-09-01-2023-10-30, testing 2023-10-31-2023-11-30 — start
2026-01-18 22:19:30,219 - INFO - ⇢ loading step data — start
2026-01-18 22:19:30,423 - INFO - ⇠ loading step data — done in 0.20s
2026-01-18 22:19:31,769 - INFO - 📊 WF-шаг 2/5: Границы данных:
2026-01-18 22:19:31,770 - INFO -    Training: 2023-09-01 00:00:00 → 2023-10-30 23:45:00 (5,760 строк × 292 символов)
2026-01-18 22:19:31,770 - INFO -    Testing:  2023-10-31 00:00:00 → 2023-11-30 00:00:00 (2,881 строк × 292 символов)
2026-01-18 22:19:31,770 - INFO -    Временной разрыв: 0 days 00:15:00
2026-01-18 22:19:31,811 - INFO - ⇢ normalizing training data — start
2026-01-18 22:19:31,846 - INFO -   Символы с NaN значениями: 26
2026-01-18 22:19:31,847 - INFO -   Применяем метод нормализации: rolling_zscore
2026-01-18 22:19:31,861 - INFO - Символы с недостаточной историей: 17 из 292
2026-01-18 22:19:32,435 - INFO - Символы с NaN после нормализации: 275
2026-01-18 22:19:32,441 - INFO - Удалено 617 начальных строк с NaN от rolling расчетов
2026-01-18 22:19:32,444 - INFO - Итоговое количество символов после нормализации: 275 из 292
2026-01-18 22:19:32,444 - INFO -   Статистика нормализации:
2026-01-18 22:19:32,444 - INFO -     Исходные символы: 292
2026-01-18 22:19:32,444 - INFO -     Недостаточная история: 17
2026-01-18 22:19:32,444 - INFO -     Постоянная цена: 0
2026-01-18 22:19:32,445 - INFO -     NaN после нормализации: 275
2026-01-18 22:19:32,445 - INFO -     Итоговые символы: 275 (94.2%)
2026-01-18 22:19:32,445 - INFO -   После нормализации: 275 символов (потеряно 17)
2026-01-18 22:19:32,445 - INFO -   Отброшенные символы: BEAMUSDT, FETUSDT, FLIPUSDT, JEFFUSDT, MEMEUSDT, POLUSDT, PPTUSDT, PYTHUSDT, PYUSDUSDT, ROOTUSDT, RPKUSDT, SHRAPUSDT, TIAUSDT, TOKENUSDT, TUSDUSDT, VRTXUSDT, ZTXUSDT
2026-01-18 22:19:32,445 - INFO - ⇠ normalizing training data — done in 0.63s
2026-01-18 22:19:32,447 - INFO - ⇢ SSD computation — start
2026-01-18 22:19:32,447 - INFO -   Расчет SSD для всех пар (без ограничения)
2026-01-18 22:19:34,799 - INFO -   SSD результат (все пары): 37675 пар
2026-01-18 22:19:34,799 - INFO -   Ограничиваем до top-25000 пар для дальнейшей обработки
2026-01-18 22:19:34,801 - INFO - ⇠ SSD computation — done in 2.35s
2026-01-18 22:19:34,810 - INFO - ⇢ filtering pairs by cointegration and half-life — start
2026-01-18 22:19:34,810 - INFO - [ФИЛЬТР] Параллельная фильтрация: threads (8 workers)
2026-01-18 22:23:38,025 - INFO - [ФИЛЬТР] После проверки данных: 25000 пар
2026-01-18 22:23:38,025 - INFO - [ФИЛЬТР] После фильтра корреляции (>0.65): 8428 пар
2026-01-18 22:23:38,025 - INFO - [ФИЛЬТР] После фильтра beta: 5507 пар
2026-01-18 22:23:38,026 - INFO - [ФИЛЬТР] После фильтра mean crossings: 5507 пар
2026-01-18 22:23:38,026 - INFO - [ФИЛЬТР] После фильтра half-life: 5472 пар
2026-01-18 22:23:38,026 - INFO - [ФИЛЬТР] После фильтра коинтеграции: 2143 пар
2026-01-18 22:23:38,026 - INFO - [ФИЛЬТР] После фильтра Hurst: 1292 пар
2026-01-18 22:23:38,026 - INFO - [ФИЛЬТР] После фильтра KPSS: 36 пар
2026-01-18 22:23:38,026 - INFO - [ФИЛЬТР] После фильтра market microstructure: 36 пар
2026-01-18 22:23:38,026 - INFO - [ФИЛЬТР] Статистика фильтрации (оптимизированный порядок):
2026-01-18 22:23:38,026 - INFO -   1. SSD → Коинтеграция: 25000 → 2143 пар
2026-01-18 22:23:38,026 - INFO -   2. Коинтеграция → Beta: 2143 → 5507 пар
2026-01-18 22:23:38,026 - INFO -   3. Beta → Half-life: 5507 → 5472 пар
2026-01-18 22:23:38,026 - INFO -   4. Half-life → Mean crossings: 5472 → 5507 пар
2026-01-18 22:23:38,026 - INFO -   5. Mean crossings → Hurst: 5507 → 1292 пар
2026-01-18 22:23:38,026 - INFO -   6. Hurst → KPSS: 1292 → 36 пар
2026-01-18 22:23:38,026 - INFO -   7. KPSS → Market microstructure: 36 → 36 пар
2026-01-18 22:23:38,026 - INFO - [ФИЛЬТР] Причины отсева:
2026-01-18 22:23:38,026 - INFO -   • low_correlation: 16572 пар (66.3%)
2026-01-18 22:23:38,026 - INFO -   • pvalue: 3329 пар (13.3%)
2026-01-18 22:23:38,026 - INFO -   • beta: 2921 пар (11.7%)
2026-01-18 22:23:38,026 - INFO -   • kpss: 1256 пар (5.0%)
2026-01-18 22:23:38,026 - INFO -   • hurst: 851 пар (3.4%)
2026-01-18 22:23:38,026 - INFO -   • half_life: 35 пар (0.1%)
2026-01-18 22:23:38,026 - INFO - [ФИЛЬТР] Итого: 25000 → 36 пар (0.1% прошли все фильтры)
2026-01-18 22:23:38,066 - INFO - Причины отсева сохранены в results/filter_reasons_20260118_222338.csv
2026-01-18 22:23:38,076 - INFO -   Фильтрация: 25000 → 36 пар
2026-01-18 22:23:38,076 - INFO - ⇠ filtering pairs by cointegration and half-life — done in 243.27s
2026-01-18 22:23:38,076 - INFO - ⇠ WF-шаг 2/5: training 2023-09-01-2023-10-30, testing 2023-10-31-2023-11-30 — done in 247.86s
2026-01-18 22:23:38,076 - INFO -   Топ-3 пары по волатильности спреда:
2026-01-18 22:23:38,076 - INFO -     1. MOVRUSDT-TRVLUSDT: beta=68.1436, std=0.1172
2026-01-18 22:23:38,076 - INFO -     2. AGLDUSDT-PENDLEUSDT: beta=0.9594, std=0.0760
2026-01-18 22:23:38,076 - INFO -     3. AGLDUSDT-ICXUSDT: beta=5.7286, std=0.0652
2026-01-18 22:23:38,076 - INFO -   Всего пар для торговли: 36 (ограничение 15 применяется к одновременно открытым позициям)
2026-01-18 22:23:38,077 - INFO -   💰 Проверка расчета капитала: equity=$10,119.35, кандидатных_пар=36, max_позиций=15
2026-01-18 22:23:38,077 - INFO -   🎯 Target concurrency: 15 (ожидаемое одновременное число позиций)
2026-01-18 22:23:38,077 - INFO -   📊 Детали расчета капитала:
2026-01-18 22:23:38,077 - INFO -      • Базовый капитал на пару: $674.62 (equity / target_concurrency)
2026-01-18 22:23:38,077 - INFO -      • Риск-капитал: $151.79 (1.5% от equity)
2026-01-18 22:23:38,077 - INFO -      • Макс. размер позиции: $202.39 (2.0% от equity)
2026-01-18 22:23:38,077 - INFO -      • Итоговый капитал на пару: $151.79
2026-01-18 22:23:38,077 - INFO - ⇢ WF-шаг 2/5 backtests — starting 36 items
2026-01-18 22:23:38,077 - INFO - 🚀 WF-шаг 2/5: Начинаем бэктесты для 36 пар...
2026-01-18 22:23:38,077 - INFO - 🚀 WF-шаг 2/5: Запускаем параллельную обработку 36 пар на 8 ядрах...
2026-01-18 22:23:38,077 - INFO - 🚀 WF-шаг 2/5: Режим параллельности: процессы
⚙️  Загрузка данных за период: 2023-09-01 -> 2023-11-30
📂 Найдено 43 parquet файлов для обработки.
📊 Схема данных: Schema({'timestamp': Int64, 'open': Float64, 'high': Float64, 'low': Float64, 'close': Float64, 'volume': Float64, 'turnover': String, 'ts_ms': Int64, 'symbol': String})
✅ Загружено 2420293 записей с помощью Polars.
📊 Типы данных в pandas: timestamp       datetime64[us]
symbol                  object
close                  float64
timestamp_ms             int64
dtype: object
2026-01-18 22:23:38,129 - coint2.engine.numba_engine - INFO - Запуск Numba-оптимизированного бэктеста для MOVRUSDT-TRVLUSDT
2026-01-18 22:23:38,154 - coint2.engine.numba_engine - INFO - Запуск Numba-оптимизированного бэктеста для AGLDUSDT-PENDLEUSDT
2026-01-18 22:23:38,173 - coint2.engine.numba_engine - INFO - Запуск Numba-оптимизированного бэктеста для AGLDUSDT-ICXUSDT
2026-01-18 22:23:38,193 - coint2.engine.numba_engine - INFO - Запуск Numba-оптимизированного бэктеста для CITYUSDT-OASUSDT
2026-01-18 22:23:38,216 - coint2.engine.numba_engine - INFO - Запуск Numba-оптимизированного бэктеста для LDOUSDT-SFUNDUSDT
2026-01-18 22:23:38,219 - coint2.engine.numba_engine - INFO - Запуск Numba-оптимизированного бэктеста для CAKEUSDT-CTCUSDT
2026-01-18 22:23:38,246 - coint2.engine.numba_engine - INFO - Запуск Numba-оптимизированного бэктеста для AGLAUSDT-SALDUSDT
2026-01-18 22:23:38,248 - coint2.engine.numba_engine - INFO - Запуск Numba-оптимизированного бэктеста для ETHWUSDT-RPLUSDT
2026-01-18 22:23:38,262 - coint2.engine.numba_engine - INFO - Запуск Numba-оптимизированного бэктеста для LDOUSDC-SFUNDUSDT
2026-01-18 22:23:38,269 - coint2.engine.numba_engine - INFO - Запуск Numba-оптимизированного бэктеста для ETHWUSDT-TRVLUSDT
2026-01-18 22:23:38,271 - coint2.engine.numba_engine - INFO - Запуск Numba-оптимизированного бэктеста для ADAEUR-LDOUSDT
2026-01-18 22:23:38,273 - coint2.engine.numba_engine - INFO - Запуск Numba-оптимизированного бэктеста для JUVUSDT-KAVAUSDT
2026-01-18 22:23:38,277 - coint2.engine.numba_engine - INFO - Запуск Numba-оптимизированного бэктеста для DOGEUSDC-GODSUSDT
2026-01-18 22:23:38,296 - coint2.engine.numba_engine - INFO - Запуск Numba-оптимизированного бэктеста для ADAEUR-LDOUSDC
2026-01-18 22:23:38,302 - coint2.engine.numba_engine - INFO - Запуск Numba-оптимизированного бэктеста для HFTUSDC-HFTUSDT
2026-01-18 22:23:38,311 - coint2.engine.numba_engine - INFO - Запуск Numba-оптимизированного бэктеста для KAVAUSDT-VELOUSDT
2026-01-18 22:23:38,317 - coint2.engine.numba_engine - INFO - Запуск Numba-оптимизированного бэктеста для UMAUSDT-WAVESUSDT
2026-01-18 22:23:38,322 - coint2.engine.numba_engine - INFO - Запуск Numba-оптимизированного бэктеста для JSTUSDT-MVLUSDT
2026-01-18 22:23:38,329 - coint2.engine.numba_engine - INFO - Запуск Numba-оптимизированного бэктеста для LUNCUSDT-RVNUSDT
2026-01-18 22:23:38,336 - coint2.engine.numba_engine - INFO - Запуск Numba-оптимизированного бэктеста для ADAUSDC-LOOKSUSDT
2026-01-18 22:23:38,349 - coint2.engine.numba_engine - INFO - Запуск Numba-оптимизированного бэктеста для BELUSDT-USTCUSDT
2026-01-18 22:23:38,349 - coint2.engine.numba_engine - INFO - Запуск Numba-оптимизированного бэктеста для LADYSUSDT-SHIBUSDC
2026-01-18 22:23:38,355 - coint2.engine.numba_engine - INFO - Запуск Numba-оптимизированного бэктеста для NFTUSDT-XECUSDT
2026-01-18 22:23:38,359 - coint2.engine.numba_engine - INFO - Запуск Numba-оптимизированного бэктеста для OMGUSDT-XRPEUR
2026-01-18 22:23:38,362 - coint2.engine.numba_engine - INFO - Запуск Numba-оптимизированного бэктеста для GSTUSDT-MVUSDT
2026-01-18 22:23:38,368 - coint2.engine.numba_engine - INFO - Запуск Numba-оптимизированного бэктеста для AVAUSDT-ERTHAUSDT
2026-01-18 22:23:38,373 - coint2.engine.numba_engine - INFO - Запуск Numba-оптимизированного бэктеста для ADAUSDT-LOOKSUSDT
2026-01-18 22:23:38,382 - coint2.engine.numba_engine - INFO - Запуск Numba-оптимизированного бэктеста для SOLOUSDT-TELUSDT
2026-01-18 22:23:38,395 - coint2.engine.numba_engine - INFO - Запуск Numba-оптимизированного бэктеста для BATUSDT-ICXUSDT
2026-01-18 22:23:38,397 - coint2.engine.numba_engine - INFO - Запуск Numba-оптимизированного бэктеста для DOGEEUR-DYDXUSDT
2026-01-18 22:23:38,406 - coint2.engine.numba_engine - INFO - Запуск Numba-оптимизированного бэктеста для ONEUSDT-WAVESUSDT
2026-01-18 22:23:38,419 - coint2.engine.numba_engine - INFO - Запуск Numba-оптимизированного бэктеста для DAIUSDT-USDCUSDT
2026-01-18 22:23:38,421 - coint2.engine.numba_engine - INFO - Запуск Numba-оптимизированного бэктеста для LADYSUSDT-SHIBUSDT
2026-01-18 22:23:38,425 - coint2.engine.numba_engine - INFO - Запуск Numba-оптимизированного бэктеста для FLOWUSDT-ROSEUSDT
2026-01-18 22:23:38,448 - coint2.engine.numba_engine - INFO - Запуск Numba-оптимизированного бэктеста для DOGEUSDT-GODSUSDT
2026-01-18 22:23:38,478 - coint2.engine.numba_engine - INFO - Запуск Numba-оптимизированного бэктеста для LUNCUSDC-RVNUSDT
2026-01-18 22:23:38,514 - INFO -   ⏱️ Параллельная обработка завершена за 0.4с (82.5 пар/с)
2026-01-18 22:23:38,530 - coint2.pipeline.walk_forward_orchestrator - INFO - 🎯 СИМУЛЯЦИЯ ПОРТФЕЛЯ: 36 пар, лимит 15 позиций
2026-01-18 22:23:39,019 - coint2.pipeline.walk_forward_orchestrator - INFO -    📈 Макс. одновременных сигналов: 17
2026-01-18 22:23:39,019 - coint2.pipeline.walk_forward_orchestrator - INFO -    📊 Средн. сигналов за период: 0.2
2026-01-18 22:23:39,019 - coint2.pipeline.walk_forward_orchestrator - INFO -    🎯 Финальных активных позиций: 0
2026-01-18 22:23:39,020 - coint2.pipeline.walk_forward_orchestrator - INFO -    ⚡ Утилизация лимита позиций: 1.4%
2026-01-18 22:23:39,021 - INFO - ⇠ WF-шаг 2/5 backtests — completed 36 items in 0.94s (38.1 items/s)
2026-01-18 22:23:39,021 - INFO -   ✅ Обработка завершена: 36 успешно, 0 с ошибками
2026-01-18 22:23:39,021 - INFO -   📊 Успешность: 100.0%, прибыльность: 58.3%, сделок/пара: 8.6
2026-01-18 22:23:39,021 - INFO -   ✅ Завершены бэктесты для 36 пар
2026-01-18 22:23:39,021 - INFO -   📊 Всего обработано пар в этом шаге: 36
2026-01-18 22:23:39,021 - INFO -   📈 Результаты шага: 21/36 прибыльных пар, 311 сделок
2026-01-18 22:23:39,021 - INFO -   💰 P&L шага: $+177.63
2026-01-18 22:23:39,021 - INFO -   ⇢ Обновление капитала и дневного P&L...
2026-01-18 22:23:40,327 - INFO -   💼 Шаг P&L: $+177.63, Накопленный капитал: $10,296.98
2026-01-18 22:23:40,327 - INFO - ------------------------------------------------------------
2026-01-18 22:23:40,327 - INFO -   Walk-forward steps: 2 / 5 (40.0%) | 0.0 items/s | ETA: 1020.7s
2026-01-18 22:23:40,327 - INFO - 🔍 WF-шаг 3/5: Валидация временных окон...
2026-01-18 22:23:40,328 - INFO - ⇢ WF-шаг 3/5: training 2023-10-01-2023-11-29, testing 2023-11-30-2023-12-30 — start
2026-01-18 22:23:40,328 - INFO - ⇢ loading step data — start
2026-01-18 22:23:40,523 - INFO - ⇠ loading step data — done in 0.19s
2026-01-18 22:23:41,949 - INFO - 📊 WF-шаг 3/5: Границы данных:
2026-01-18 22:23:41,950 - INFO -    Training: 2023-10-01 00:00:00 → 2023-11-29 23:45:00 (5,760 строк × 309 символов)
2026-01-18 22:23:41,950 - INFO -    Testing:  2023-11-30 00:00:00 → 2023-12-30 00:00:00 (2,881 строк × 309 символов)
2026-01-18 22:23:41,950 - INFO -    Временной разрыв: 0 days 00:15:00
2026-01-18 22:23:41,999 - INFO - ⇢ normalizing training data — start
2026-01-18 22:23:42,033 - INFO -   Символы с NaN значениями: 33
2026-01-18 22:23:42,033 - INFO -   Применяем метод нормализации: rolling_zscore
2026-01-18 22:23:42,048 - INFO - Символы с недостаточной историей: 32 из 309
2026-01-18 22:23:42,462 - INFO - Символы с NaN после нормализации: 277
2026-01-18 22:23:42,468 - INFO - Удалено 233 начальных строк с NaN от rolling расчетов
2026-01-18 22:23:42,470 - INFO - Итоговое количество символов после нормализации: 277 из 309
2026-01-18 22:23:42,470 - INFO -   Статистика нормализации:
2026-01-18 22:23:42,470 - INFO -     Исходные символы: 309
2026-01-18 22:23:42,470 - INFO -     Недостаточная история: 32
2026-01-18 22:23:42,470 - INFO -     Постоянная цена: 0
2026-01-18 22:23:42,470 - INFO -     NaN после нормализации: 277
2026-01-18 22:23:42,470 - INFO -     Итоговые символы: 277 (89.6%)
2026-01-18 22:23:42,471 - INFO -   После нормализации: 277 символов (потеряно 32)
2026-01-18 22:23:42,471 - INFO -   Отброшено много символов: 32 из 309
2026-01-18 22:23:42,471 - INFO - ⇠ normalizing training data — done in 0.47s
2026-01-18 22:23:42,472 - INFO - ⇢ SSD computation — start
2026-01-18 22:23:42,472 - INFO -   Расчет SSD для всех пар (без ограничения)
2026-01-18 22:23:45,051 - INFO -   SSD результат (все пары): 38226 пар
2026-01-18 22:23:45,051 - INFO -   Ограничиваем до top-25000 пар для дальнейшей обработки
2026-01-18 22:23:45,053 - INFO - ⇠ SSD computation — done in 2.58s
2026-01-18 22:23:45,061 - INFO - ⇢ filtering pairs by cointegration and half-life — start
2026-01-18 22:23:45,061 - INFO - [ФИЛЬТР] Параллельная фильтрация: threads (8 workers)
2026-01-18 22:29:13,176 - INFO - [ФИЛЬТР] После проверки данных: 25000 пар
2026-01-18 22:29:13,177 - INFO - [ФИЛЬТР] После фильтра корреляции (>0.65): 19578 пар
2026-01-18 22:29:13,177 - INFO - [ФИЛЬТР] После фильтра beta: 13627 пар
2026-01-18 22:29:13,177 - INFO - [ФИЛЬТР] После фильтра mean crossings: 13627 пар
2026-01-18 22:29:13,177 - INFO - [ФИЛЬТР] После фильтра half-life: 13591 пар
2026-01-18 22:29:13,177 - INFO - [ФИЛЬТР] После фильтра коинтеграции: 3018 пар
2026-01-18 22:29:13,177 - INFO - [ФИЛЬТР] После фильтра Hurst: 1219 пар
2026-01-18 22:29:13,177 - INFO - [ФИЛЬТР] После фильтра KPSS: 57 пар
2026-01-18 22:29:13,177 - INFO - [ФИЛЬТР] После фильтра market microstructure: 57 пар
2026-01-18 22:29:13,177 - INFO - [ФИЛЬТР] Статистика фильтрации (оптимизированный порядок):
2026-01-18 22:29:13,177 - INFO -   1. SSD → Коинтеграция: 25000 → 3018 пар
2026-01-18 22:29:13,177 - INFO -   2. Коинтеграция → Beta: 3018 → 13627 пар
2026-01-18 22:29:13,177 - INFO -   3. Beta → Half-life: 13627 → 13591 пар
2026-01-18 22:29:13,177 - INFO -   4. Half-life → Mean crossings: 13591 → 13627 пар
2026-01-18 22:29:13,177 - INFO -   5. Mean crossings → Hurst: 13627 → 1219 пар
2026-01-18 22:29:13,177 - INFO -   6. Hurst → KPSS: 1219 → 57 пар
2026-01-18 22:29:13,177 - INFO -   7. KPSS → Market microstructure: 57 → 57 пар
2026-01-18 22:29:13,177 - INFO - [ФИЛЬТР] Причины отсева:
2026-01-18 22:29:13,177 - INFO -   • pvalue: 10573 пар (42.3%)
2026-01-18 22:29:13,177 - INFO -   • beta: 5951 пар (23.8%)
2026-01-18 22:29:13,177 - INFO -   • low_correlation: 5422 пар (21.7%)
2026-01-18 22:29:13,177 - INFO -   • hurst: 1799 пар (7.2%)
2026-01-18 22:29:13,177 - INFO -   • kpss: 1162 пар (4.6%)
2026-01-18 22:29:13,177 - INFO -   • half_life: 36 пар (0.1%)
2026-01-18 22:29:13,177 - INFO - [ФИЛЬТР] Итого: 25000 → 57 пар (0.2% прошли все фильтры)
2026-01-18 22:29:13,214 - INFO - Причины отсева сохранены в results/filter_reasons_20260118_222913.csv
2026-01-18 22:29:13,224 - INFO -   Фильтрация: 25000 → 57 пар
2026-01-18 22:29:13,224 - INFO - ⇠ filtering pairs by cointegration and half-life — done in 328.16s
2026-01-18 22:29:13,225 - INFO - ⇠ WF-шаг 3/5: training 2023-10-01-2023-11-29, testing 2023-11-30-2023-12-30 — done in 332.90s
2026-01-18 22:29:13,225 - INFO -   Топ-3 пары по волатильности спреда:
2026-01-18 22:29:13,225 - INFO -     1. BTCDAI-BTCUSDT: beta=1.0002, std=79.1758
2026-01-18 22:29:13,225 - INFO -     2. BTCDAI-BTCUSDC: beta=0.9992, std=79.0267
2026-01-18 22:29:13,225 - INFO -     3. ETHDAI-STETHUSDT: beta=1.0010, std=7.7465
2026-01-18 22:29:13,225 - INFO -   Всего пар для торговли: 57 (ограничение 15 применяется к одновременно открытым позициям)
2026-01-18 22:29:13,225 - INFO -   💰 Проверка расчета капитала: equity=$10,296.98, кандидатных_пар=57, max_позиций=15
2026-01-18 22:29:13,225 - INFO -   🎯 Target concurrency: 15 (ожидаемое одновременное число позиций)
2026-01-18 22:29:13,225 - INFO -   📊 Детали расчета капитала:
2026-01-18 22:29:13,225 - INFO -      • Базовый капитал на пару: $686.47 (equity / target_concurrency)
2026-01-18 22:29:13,225 - INFO -      • Риск-капитал: $154.45 (1.5% от equity)
2026-01-18 22:29:13,225 - INFO -      • Макс. размер позиции: $205.94 (2.0% от equity)
2026-01-18 22:29:13,225 - INFO -      • Итоговый капитал на пару: $154.45
2026-01-18 22:29:13,226 - INFO - ⇢ WF-шаг 3/5 backtests — starting 57 items
2026-01-18 22:29:13,226 - INFO - 🚀 WF-шаг 3/5: Начинаем бэктесты для 57 пар...
2026-01-18 22:29:13,226 - INFO - 🚀 WF-шаг 3/5: Запускаем параллельную обработку 57 пар на 8 ядрах...
2026-01-18 22:29:13,226 - INFO -   📊 Большой набор пар (57), ожидаемое время: ~2 мин
2026-01-18 22:29:13,226 - INFO -   🔄 Прогресс будет отображаться каждые 5 пар
2026-01-18 22:29:13,226 - INFO - 🚀 WF-шаг 3/5: Режим параллельности: процессы
⚙️  Загрузка данных за период: 2023-10-01 -> 2023-12-30
📂 Найдено 43 parquet файлов для обработки.
📊 Схема данных: Schema({'timestamp': Int64, 'open': Float64, 'high': Float64, 'low': Float64, 'close': Float64, 'volume': Float64, 'turnover': String, 'ts_ms': Int64, 'symbol': String})
✅ Загружено 2499894 записей с помощью Polars.
📊 Типы данных в pandas: timestamp       datetime64[us]
symbol                  object
close                  float64
timestamp_ms             int64
dtype: object
2026-01-18 22:29:13,276 - coint2.engine.numba_engine - INFO - Запуск Numba-оптимизированного бэктеста для BTCDAI-BTCUSDT
2026-01-18 22:29:13,299 - coint2.engine.numba_engine - INFO - Запуск Numba-оптимизированного бэктеста для BTCDAI-BTCUSDC
2026-01-18 22:29:13,313 - coint2.engine.numba_engine - INFO - Запуск Numba-оптимизированного бэктеста для ETHDAI-STETHUSDT
2026-01-18 22:29:13,334 - coint2.engine.numba_engine - INFO - Запуск Numba-оптимизированного бэктеста для GMXUSDT-WAVESUSDT
2026-01-18 22:29:13,358 - coint2.engine.numba_engine - INFO - Запуск Numba-оптимизированного бэктеста для CYBERUSDT-MASKUSDT
2026-01-18 22:29:13,370 - coint2.engine.numba_engine - INFO - Запуск Numba-оптимизированного бэктеста для GMXUSDT-OMGUSDT
2026-01-18 22:29:13,382 - coint2.engine.numba_engine - INFO - Запуск Numba-оптимизированного бэктеста для FILUSDC-WAVESUSDT
2026-01-18 22:29:13,396 - coint2.engine.numba_engine - INFO - Запуск Numba-оптимизированного бэктеста для ETCUSDT-KDAUSDT
2026-01-18 22:29:13,409 - coint2.engine.numba_engine - INFO - Запуск Numba-оптимизированного бэктеста для CYBERUSDT-QTUMUSDT
2026-01-18 22:29:13,409 - coint2.engine.numba_engine - INFO - Запуск Numba-оптимизированного бэктеста для COREUSDT-WWYUSDT
2026-01-18 22:29:13,409 - coint2.engine.numba_engine - INFO - Запуск Numba-оптимизированного бэктеста для RPLUSDT-SANDUSDC
2026-01-18 22:29:13,416 - coint2.engine.numba_engine - INFO - Запуск Numba-оптимизированного бэктеста для RPLUSDT-WAVESUSDT
2026-01-18 22:29:13,430 - coint2.engine.numba_engine - INFO - Запуск Numba-оптимизированного бэктеста для FILUSDT-WAVESUSDT
2026-01-18 22:29:13,430 - coint2.engine.numba_engine - INFO - Запуск Numba-оптимизированного бэктеста для CYBERUSDT-LRCUSDT
2026-01-18 22:29:13,433 - coint2.engine.numba_engine - INFO - Запуск Numba-оптимизированного бэктеста для FILUSDT-SANDUSDT
2026-01-18 22:29:13,454 - coint2.engine.numba_engine - INFO - Запуск Numba-оптимизированного бэктеста для CRVUSDT-VRAUSDT
2026-01-18 22:29:13,455 - coint2.engine.numba_engine - INFO - Запуск Numba-оптимизированного бэктеста для JUVUSDT-OPUSDT
2026-01-18 22:29:13,455 - coint2.engine.numba_engine - INFO - Запуск Numba-оптимизированного бэктеста для FLOWUSDT-NEXOUSDT
2026-01-18 22:29:13,457 - coint2.engine.numba_engine - INFO - Запуск Numba-оптимизированного бэктеста для IDUSDT-LRCUSDT
2026-01-18 22:29:13,464 - coint2.engine.numba_engine - INFO - Запуск Numba-оптимизированного бэктеста для KSMUSDT-OMGUSDT
2026-01-18 22:29:13,482 - coint2.engine.numba_engine - INFO - Запуск Numba-оптимизированного бэктеста для STGUSDT-XTZUSDT
2026-01-18 22:29:13,483 - coint2.engine.numba_engine - INFO - Запуск Numba-оптимизированного бэктеста для SANDUSDC-WAVESUSDT
2026-01-18 22:29:13,487 - coint2.engine.numba_engine - INFO - Запуск Numba-оптимизированного бэктеста для 1INCHUSDT-NYMUSDT
2026-01-18 22:29:13,501 - coint2.engine.numba_engine - INFO - Запуск Numba-оптимизированного бэктеста для ICPUSDC-NEXOUSDT
2026-01-18 22:29:13,505 - coint2.engine.numba_engine - INFO - Запуск Numba-оптимизированного бэктеста для SANDUSDT-WAVESUSDT
2026-01-18 22:29:13,506 - coint2.engine.numba_engine - INFO - Запуск Numba-оптимизированного бэктеста для DOGEUSDC-SCRTUSDT
2026-01-18 22:29:13,507 - coint2.engine.numba_engine - INFO - Запуск Numba-оптимизированного бэктеста для MVUSDT-ZILUSDT
2026-01-18 22:29:13,510 - coint2.engine.numba_engine - INFO - Запуск Numba-оптимизированного бэктеста для MVUSDT-TONUSDT
2026-01-18 22:29:13,520 - coint2.engine.numba_engine - INFO - Запуск Numba-оптимизированного бэктеста для AXSUSDT-NEXOUSDT
2026-01-18 22:29:13,529 - coint2.engine.numba_engine - INFO - Запуск Numba-оптимизированного бэктеста для DOGEUSDT-SCRTUSDT
2026-01-18 22:29:13,531 - coint2.engine.numba_engine - INFO - Запуск Numba-оптимизированного бэктеста для FXSUSDT-SCRTUSDT
2026-01-18 22:29:13,532 - coint2.engine.numba_engine - INFO - Запуск Numba-оптимизированного бэктеста для ACHUSDT-SANDUSDT
2026-01-18 22:29:13,533 - coint2.engine.numba_engine - INFO - Запуск Numba-оптимизированного бэктеста для HBARUSDT-SCRTUSDT
2026-01-18 22:29:13,534 - coint2.engine.numba_engine - INFO - Запуск Numba-оптимизированного бэктеста для CITYUSDT-PERPUSDT
2026-01-18 22:29:13,546 - coint2.engine.numba_engine - INFO - Запуск Numba-оптимизированного бэктеста для LUNAUSDT-MOVRUSDT
2026-01-18 22:29:13,552 - coint2.engine.numba_engine - INFO - Запуск Numba-оптимизированного бэктеста для CHRPUSDT-ICPUSDT
2026-01-18 22:29:13,554 - coint2.engine.numba_engine - INFO - Запуск Numba-оптимизированного бэктеста для CHZUSDT-KSMUSDT
2026-01-18 22:29:13,562 - coint2.engine.numba_engine - INFO - Запуск Numba-оптимизированного бэктеста для JUVUSDT-OPUSDC
2026-01-18 22:29:13,564 - coint2.engine.numba_engine - INFO - Запуск Numba-оптимизированного бэктеста для ICXUSDT-PENDLEUSDT
2026-01-18 22:29:13,569 - coint2.engine.numba_engine - INFO - Запуск Numba-оптимизированного бэктеста для AVAUSDT-CHZUSDT
2026-01-18 22:29:13,578 - coint2.engine.numba_engine - INFO - Запуск Numba-оптимизированного бэктеста для LUNCUSDC-LUNCUSDT
2026-01-18 22:29:13,585 - coint2.engine.numba_engine - INFO - Запуск Numba-оптимизированного бэктеста для AVAUSDT-CHZUSDC
2026-01-18 22:29:13,588 - coint2.engine.numba_engine - INFO - Запуск Numba-оптимизированного бэктеста для ENJUSDT-MANAUSDT
2026-01-18 22:29:13,591 - coint2.engine.numba_engine - INFO - Запуск Numba-оптимизированного бэктеста для ICPUSDT-NEXOUSDT
2026-01-18 22:29:13,592 - coint2.engine.numba_engine - INFO - Запуск Numba-оптимизированного бэктеста для ENJUSDT-MANAUSDC
2026-01-18 22:29:13,609 - coint2.engine.numba_engine - INFO - Запуск Numba-оптимизированного бэктеста для BICOUSDT-VRAUSDT
2026-01-18 22:29:13,611 - coint2.engine.numba_engine - INFO - Запуск Numba-оптимизированного бэктеста для DOGEEUR-NEXOUSDT
2026-01-18 22:29:13,614 - coint2.engine.numba_engine - INFO - Запуск Numba-оптимизированного бэктеста для HOOKUSDT-RVNUSDT
2026-01-18 22:29:13,615 - coint2.engine.numba_engine - INFO - Запуск Numba-оптимизированного бэктеста для DOGEUSDT-NEXOUSDT
2026-01-18 22:29:13,632 - coint2.engine.numba_engine - INFO - Запуск Numba-оптимизированного бэктеста для DOGEUSDC-NEXOUSDT
2026-01-18 22:29:13,636 - coint2.engine.numba_engine - INFO - Запуск Numba-оптимизированного бэктеста для AVAUSDT-LRCUSDT
2026-01-18 22:29:13,637 - coint2.engine.numba_engine - INFO - Запуск Numba-оптимизированного бэктеста для MVLUSDT-ZILUSDT
2026-01-18 22:29:13,641 - coint2.engine.numba_engine - INFO - Запуск Numba-оптимизированного бэктеста для DOMEUSDT-TENETUSDT
2026-01-18 22:29:13,659 - coint2.engine.numba_engine - INFO - Запуск Numba-оптимизированного бэктеста для C98USDT-QTUMUSDT
2026-01-18 22:29:13,663 - coint2.engine.numba_engine - INFO - Запуск Numba-оптимизированного бэктеста для CHRPUSDT-GRTUSDT
2026-01-18 22:29:13,682 - coint2.engine.numba_engine - INFO - Запуск Numba-оптимизированного бэктеста для CHZUSDC-KSMUSDT
2026-01-18 22:29:13,705 - coint2.engine.numba_engine - INFO - Запуск Numba-оптимизированного бэктеста для MIXUSDT-XTZUSDT
2026-01-18 22:29:13,742 - INFO -   ⏱️ Параллельная обработка завершена за 0.5с (110.5 пар/с)
2026-01-18 22:29:13,767 - coint2.pipeline.walk_forward_orchestrator - INFO - 🎯 СИМУЛЯЦИЯ ПОРТФЕЛЯ: 57 пар, лимит 15 позиций
2026-01-18 22:29:14,355 - coint2.pipeline.walk_forward_orchestrator - INFO -    📈 Макс. одновременных сигналов: 23
2026-01-18 22:29:14,355 - coint2.pipeline.walk_forward_orchestrator - INFO -    📊 Средн. сигналов за период: 0.4
2026-01-18 22:29:14,355 - coint2.pipeline.walk_forward_orchestrator - INFO -    🎯 Финальных активных позиций: 0
2026-01-18 22:29:14,357 - coint2.pipeline.walk_forward_orchestrator - INFO -    ⚡ Утилизация лимита позиций: 2.3%
2026-01-18 22:29:14,357 - INFO - ⇠ WF-шаг 3/5 backtests — completed 57 items in 1.13s (50.4 items/s)
2026-01-18 22:29:14,357 - INFO -   ✅ Обработка завершена: 57 успешно, 0 с ошибками
2026-01-18 22:29:14,357 - INFO -   📊 Успешность: 100.0%, прибыльность: 63.2%, сделок/пара: 8.9
2026-01-18 22:29:14,357 - INFO -   ✅ Завершены бэктесты для 57 пар
2026-01-18 22:29:14,357 - INFO -   📊 Всего обработано пар в этом шаге: 57
2026-01-18 22:29:14,357 - INFO -   📈 Результаты шага: 36/57 прибыльных пар, 508 сделок
2026-01-18 22:29:14,357 - INFO -   💰 P&L шага: $+184.04
2026-01-18 22:29:14,358 - INFO -   ⇢ Обновление капитала и дневного P&L...
2026-01-18 22:29:15,727 - INFO -   💼 Шаг P&L: $+184.04, Накопленный капитал: $10,481.02
2026-01-18 22:29:15,727 - INFO - ------------------------------------------------------------
2026-01-18 22:29:15,727 - INFO -   Walk-forward steps: 3 / 5 (60.0%) | 0.0 items/s | ETA: 677.3s
2026-01-18 22:29:15,728 - INFO - 🔍 WF-шаг 4/5: Валидация временных окон...
2026-01-18 22:29:15,728 - INFO - ⇢ WF-шаг 4/5: training 2023-10-31-2023-12-29, testing 2023-12-30-2024-01-29 — start
2026-01-18 22:29:15,728 - INFO - ⇢ loading step data — start
2026-01-18 22:29:15,927 - INFO - ⇠ loading step data — done in 0.20s
2026-01-18 22:29:17,269 - INFO - 📊 WF-шаг 4/5: Границы данных:
2026-01-18 22:29:17,269 - INFO -    Training: 2023-10-31 00:00:00 → 2023-12-29 23:45:00 (5,760 строк × 327 символов)
2026-01-18 22:29:17,269 - INFO -    Testing:  2023-12-30 00:00:00 → 2024-01-29 00:00:00 (2,881 строк × 327 символов)
2026-01-18 22:29:17,270 - INFO -    Временной разрыв: 0 days 00:15:00
2026-01-18 22:29:17,313 - INFO - ⇢ normalizing training data — start
2026-01-18 22:29:17,350 - INFO -   Символы с NaN значениями: 45
2026-01-18 22:29:17,350 - INFO -   Применяем метод нормализации: rolling_zscore
2026-01-18 22:29:17,367 - INFO - Символы с недостаточной историей: 40 из 327
2026-01-18 22:29:17,763 - INFO - Символы с NaN после нормализации: 287
2026-01-18 22:29:17,769 - INFO - Удалено 809 начальных строк с NaN от rolling расчетов
2026-01-18 22:29:17,771 - INFO - Итоговое количество символов после нормализации: 287 из 327
2026-01-18 22:29:17,772 - INFO -   Статистика нормализации:
2026-01-18 22:29:17,772 - INFO -     Исходные символы: 327
2026-01-18 22:29:17,772 - INFO -     Недостаточная история: 40
2026-01-18 22:29:17,772 - INFO -     Постоянная цена: 0
2026-01-18 22:29:17,772 - INFO -     NaN после нормализации: 287
2026-01-18 22:29:17,772 - INFO -     Итоговые символы: 287 (87.8%)
2026-01-18 22:29:17,772 - INFO -   После нормализации: 287 символов (потеряно 40)
2026-01-18 22:29:17,772 - INFO -   Отброшено много символов: 40 из 327
2026-01-18 22:29:17,772 - INFO - ⇠ normalizing training data — done in 0.46s
2026-01-18 22:29:17,774 - INFO - ⇢ SSD computation — start
2026-01-18 22:29:17,774 - INFO -   Расчет SSD для всех пар (без ограничения)
2026-01-18 22:29:20,071 - INFO -   SSD результат (все пары): 41041 пар
2026-01-18 22:29:20,072 - INFO -   Ограничиваем до top-25000 пар для дальнейшей обработки
2026-01-18 22:29:20,073 - INFO - ⇠ SSD computation — done in 2.30s
2026-01-18 22:29:20,082 - INFO - ⇢ filtering pairs by cointegration and half-life — start
2026-01-18 22:29:20,083 - INFO - [ФИЛЬТР] Параллельная фильтрация: threads (8 workers)
2026-01-18 22:33:04,589 - INFO - [ФИЛЬТР] После проверки данных: 25000 пар
2026-01-18 22:33:04,589 - INFO - [ФИЛЬТР] После фильтра корреляции (>0.65): 12732 пар
2026-01-18 22:33:04,589 - INFO - [ФИЛЬТР] После фильтра beta: 8496 пар
2026-01-18 22:33:04,589 - INFO - [ФИЛЬТР] После фильтра mean crossings: 8496 пар
2026-01-18 22:33:04,589 - INFO - [ФИЛЬТР] После фильтра half-life: 8457 пар
2026-01-18 22:33:04,589 - INFO - [ФИЛЬТР] После фильтра коинтеграции: 1858 пар
2026-01-18 22:33:04,589 - INFO - [ФИЛЬТР] После фильтра Hurst: 894 пар
2026-01-18 22:33:04,589 - INFO - [ФИЛЬТР] После фильтра KPSS: 38 пар
2026-01-18 22:33:04,589 - INFO - [ФИЛЬТР] После фильтра market microstructure: 38 пар
2026-01-18 22:33:04,589 - INFO - [ФИЛЬТР] Статистика фильтрации (оптимизированный порядок):
2026-01-18 22:33:04,589 - INFO -   1. SSD → Коинтеграция: 25000 → 1858 пар
2026-01-18 22:33:04,589 - INFO -   2. Коинтеграция → Beta: 1858 → 8496 пар
2026-01-18 22:33:04,589 - INFO -   3. Beta → Half-life: 8496 → 8457 пар
2026-01-18 22:33:04,589 - INFO -   4. Half-life → Mean crossings: 8457 → 8496 пар
2026-01-18 22:33:04,589 - INFO -   5. Mean crossings → Hurst: 8496 → 894 пар
2026-01-18 22:33:04,589 - INFO -   6. Hurst → KPSS: 894 → 38 пар
2026-01-18 22:33:04,589 - INFO -   7. KPSS → Market microstructure: 38 → 38 пар
2026-01-18 22:33:04,590 - INFO - [ФИЛЬТР] Причины отсева:
2026-01-18 22:33:04,590 - INFO -   • low_correlation: 12268 пар (49.1%)
2026-01-18 22:33:04,590 - INFO -   • pvalue: 6599 пар (26.4%)
2026-01-18 22:33:04,590 - INFO -   • beta: 4236 пар (16.9%)
2026-01-18 22:33:04,590 - INFO -   • hurst: 964 пар (3.9%)
2026-01-18 22:33:04,590 - INFO -   • kpss: 856 пар (3.4%)
2026-01-18 22:33:04,590 - INFO -   • half_life: 39 пар (0.2%)
2026-01-18 22:33:04,590 - INFO - [ФИЛЬТР] Итого: 25000 → 38 пар (0.2% прошли все фильтры)
2026-01-18 22:33:04,628 - INFO - Причины отсева сохранены в results/filter_reasons_20260118_223304.csv
2026-01-18 22:33:04,639 - INFO -   Фильтрация: 25000 → 38 пар
2026-01-18 22:33:04,639 - INFO - ⇠ filtering pairs by cointegration and half-life — done in 224.56s
2026-01-18 22:33:04,639 - INFO - ⇠ WF-шаг 4/5: training 2023-10-31-2023-12-29, testing 2023-12-30-2024-01-29 — done in 228.91s
2026-01-18 22:33:04,639 - INFO -   Топ-3 пары по волатильности спреда:
2026-01-18 22:33:04,639 - INFO -     1. AAVEUSDT-AVAUSDT: beta=86.0000, std=4.9882
2026-01-18 22:33:04,639 - INFO -     2. KSMUSDT-PERPUSDT: beta=56.7982, std=3.5340
2026-01-18 22:33:04,639 - INFO -     3. ETHUSDC-STETHUSDT: beta=0.9976, std=2.7757
2026-01-18 22:33:04,639 - INFO -   Всего пар для торговли: 38 (ограничение 15 применяется к одновременно открытым позициям)
2026-01-18 22:33:04,640 - INFO -   💰 Проверка расчета капитала: equity=$10,481.02, кандидатных_пар=38, max_позиций=15
2026-01-18 22:33:04,640 - INFO -   🎯 Target concurrency: 15 (ожидаемое одновременное число позиций)
2026-01-18 22:33:04,640 - INFO -   📊 Детали расчета капитала:
2026-01-18 22:33:04,640 - INFO -      • Базовый капитал на пару: $698.73 (equity / target_concurrency)
2026-01-18 22:33:04,640 - INFO -      • Риск-капитал: $157.22 (1.5% от equity)
2026-01-18 22:33:04,640 - INFO -      • Макс. размер позиции: $209.62 (2.0% от equity)
2026-01-18 22:33:04,640 - INFO -      • Итоговый капитал на пару: $157.22
2026-01-18 22:33:04,640 - INFO - ⇢ WF-шаг 4/5 backtests — starting 38 items
2026-01-18 22:33:04,640 - INFO - 🚀 WF-шаг 4/5: Начинаем бэктесты для 38 пар...
2026-01-18 22:33:04,640 - INFO - 🚀 WF-шаг 4/5: Запускаем параллельную обработку 38 пар на 8 ядрах...
2026-01-18 22:33:04,640 - INFO - 🚀 WF-шаг 4/5: Режим параллельности: процессы
⚙️  Загрузка данных за период: 2023-10-31 -> 2024-01-29
📂 Найдено 43 parquet файлов для обработки.
📊 Схема данных: Schema({'timestamp': Int64, 'open': Float64, 'high': Float64, 'low': Float64, 'close': Float64, 'volume': Float64, 'turnover': String, 'ts_ms': Int64, 'symbol': String})
✅ Загружено 2615053 записей с помощью Polars.
📊 Типы данных в pandas: timestamp       datetime64[us]
symbol                  object
close                  float64
timestamp_ms             int64
dtype: object
2026-01-18 22:33:04,696 - coint2.engine.numba_engine - INFO - Запуск Numba-оптимизированного бэктеста для AAVEUSDT-AVAUSDT
2026-01-18 22:33:04,721 - coint2.engine.numba_engine - INFO - Запуск Numba-оптимизированного бэктеста для KSMUSDT-PERPUSDT
2026-01-18 22:33:04,751 - coint2.engine.numba_engine - INFO - Запуск Numba-оптимизированного бэктеста для ETHUSDC-STETHUSDT
2026-01-18 22:33:04,781 - coint2.engine.numba_engine - INFO - Запуск Numba-оптимизированного бэктеста для ETCUSDT-MANAUSDT
2026-01-18 22:33:04,785 - coint2.engine.numba_engine - INFO - Запуск Numba-оптимизированного бэктеста для APTUSDT-C98USDT
2026-01-18 22:33:04,794 - coint2.engine.numba_engine - INFO - Запуск Numba-оптимизированного бэктеста для ETHUSDT-STETHUSDT
2026-01-18 22:33:04,812 - coint2.engine.numba_engine - INFO - Запуск Numba-оптимизированного бэктеста для ETCUSDT-MANAUSDC
2026-01-18 22:33:04,814 - coint2.engine.numba_engine - INFO - Запуск Numba-оптимизированного бэктеста для CELOUSDT-SOLOUSDT
2026-01-18 22:33:04,839 - coint2.engine.numba_engine - INFO - Запуск Numba-оптимизированного бэктеста для BOBAUSDT-SOLEUR
2026-01-18 22:33:04,842 - coint2.engine.numba_engine - INFO - Запуск Numba-оптимизированного бэктеста для ENSUSDT-NYMUSDT
2026-01-18 22:33:04,843 - coint2.engine.numba_engine - INFO - Запуск Numba-оптимизированного бэктеста для FILUSDC-SCRTUSDT
2026-01-18 22:33:04,846 - coint2.engine.numba_engine - INFO - Запуск Numba-оптимизированного бэктеста для APTUSDC-C98USDT
2026-01-18 22:33:04,868 - coint2.engine.numba_engine - INFO - Запуск Numba-оптимизированного бэктеста для COREUSDT-ETCUSDT
2026-01-18 22:33:04,872 - coint2.engine.numba_engine - INFO - Запуск Numba-оптимизированного бэктеста для FITFIUSDT-SNXUSDT
2026-01-18 22:33:04,893 - coint2.engine.numba_engine - INFO - Запуск Numba-оптимизированного бэктеста для BOBAUSDT-SOLUSDC
2026-01-18 22:33:04,902 - coint2.engine.numba_engine - INFO - Запуск Numba-оптимизированного бэктеста для ENSUSDT-POLUSDT
2026-01-18 22:33:04,906 - coint2.engine.numba_engine - INFO - Запуск Numba-оптимизированного бэктеста для QTUMUSDT-RDNTUSDT
2026-01-18 22:33:04,923 - coint2.engine.numba_engine - INFO - Запуск Numba-оптимизированного бэктеста для DGBUSDT-OMGUSDT
2026-01-18 22:33:04,928 - coint2.engine.numba_engine - INFO - Запуск Numba-оптимизированного бэктеста для QTUMUSDT-WAXPUSDT
2026-01-18 22:33:04,932 - coint2.engine.numba_engine - INFO - Запуск Numba-оптимизированного бэктеста для ARBUSDC-QNTUSDT
2026-01-18 22:33:04,932 - coint2.engine.numba_engine - INFO - Запуск Numba-оптимизированного бэктеста для BOBAUSDT-STXUSDT
2026-01-18 22:33:04,950 - coint2.engine.numba_engine - INFO - Запуск Numba-оптимизированного бэктеста для BOBAUSDT-OASUSDT
2026-01-18 22:33:04,958 - coint2.engine.numba_engine - INFO - Запуск Numba-оптимизированного бэктеста для BICOUSDT-HBARUSDT
2026-01-18 22:33:04,958 - coint2.engine.numba_engine - INFO - Запуск Numba-оптимизированного бэктеста для CRVUSDT-INTERUSDT
2026-01-18 22:33:04,958 - coint2.engine.numba_engine - INFO - Запуск Numba-оптимизированного бэктеста для BOBAUSDT-DOTUSDC
2026-01-18 22:33:04,963 - coint2.engine.numba_engine - INFO - Запуск Numba-оптимизированного бэктеста для AGLDUSDT-C98USDT
2026-01-18 22:33:04,964 - coint2.engine.numba_engine - INFO - Запуск Numba-оптимизированного бэктеста для MASKUSDT-PENDLEUSDT
2026-01-18 22:33:04,977 - coint2.engine.numba_engine - INFO - Запуск Numba-оптимизированного бэктеста для BOBAUSDT-SOLUSDT
2026-01-18 22:33:04,980 - coint2.engine.numba_engine - INFO - Запуск Numba-оптимизированного бэктеста для BATUSDT-ENJUSDT
2026-01-18 22:33:04,980 - coint2.engine.numba_engine - INFO - Запуск Numba-оптимизированного бэктеста для IDUSDT-LRCUSDT
2026-01-18 22:33:04,980 - coint2.engine.numba_engine - INFO - Запуск Numba-оптимизированного бэктеста для VELOUSDT-XTZUSDT
2026-01-18 22:33:04,988 - coint2.engine.numba_engine - INFO - Запуск Numba-оптимизированного бэктеста для BOBAUSDT-DOTUSDT
2026-01-18 22:33:04,991 - coint2.engine.numba_engine - INFO - Запуск Numba-оптимизированного бэктеста для BOBAUSDT-HBARUSDT
2026-01-18 22:33:05,005 - coint2.engine.numba_engine - INFO - Запуск Numba-оптимизированного бэктеста для PEOPLEUSDT-WAXPUSDT
2026-01-18 22:33:05,007 - coint2.engine.numba_engine - INFO - Запуск Numba-оптимизированного бэктеста для ACSUSDT-HBARUSDT
2026-01-18 22:33:05,017 - coint2.engine.numba_engine - INFO - Запуск Numba-оптимизированного бэктеста для RDNTUSDT-SUNUSDT
2026-01-18 22:33:05,019 - coint2.engine.numba_engine - INFO - Запуск Numba-оптимизированного бэктеста для IDUSDT-OMGUSDT
2026-01-18 22:33:05,043 - coint2.engine.numba_engine - INFO - Запуск Numba-оптимизированного бэктеста для ACSUSDT-BICOUSDT
2026-01-18 22:33:05,086 - INFO -   ⏱️ Параллельная обработка завершена за 0.4с (85.3 пар/с)
2026-01-18 22:33:05,101 - coint2.pipeline.walk_forward_orchestrator - INFO - 🎯 СИМУЛЯЦИЯ ПОРТФЕЛЯ: 38 пар, лимит 15 позиций
2026-01-18 22:33:05,598 - coint2.pipeline.walk_forward_orchestrator - INFO -    📈 Макс. одновременных сигналов: 20
2026-01-18 22:33:05,598 - coint2.pipeline.walk_forward_orchestrator - INFO -    📊 Средн. сигналов за период: 0.3
2026-01-18 22:33:05,598 - coint2.pipeline.walk_forward_orchestrator - INFO -    🎯 Финальных активных позиций: 0
2026-01-18 22:33:05,600 - coint2.pipeline.walk_forward_orchestrator - INFO -    ⚡ Утилизация лимита позиций: 1.7%
2026-01-18 22:33:05,600 - INFO - ⇠ WF-шаг 4/5 backtests — completed 38 items in 0.96s (39.6 items/s)
2026-01-18 22:33:05,600 - INFO -   ✅ Обработка завершена: 38 успешно, 0 с ошибками
2026-01-18 22:33:05,600 - INFO -   📊 Успешность: 100.0%, прибыльность: 68.4%, сделок/пара: 9.6
2026-01-18 22:33:05,600 - INFO -   ✅ Завершены бэктесты для 38 пар
2026-01-18 22:33:05,600 - INFO -   📊 Всего обработано пар в этом шаге: 38
2026-01-18 22:33:05,600 - INFO -   📈 Результаты шага: 26/38 прибыльных пар, 366 сделок
2026-01-18 22:33:05,600 - INFO -   💰 P&L шага: $+155.72
2026-01-18 22:33:05,601 - INFO -   ⇢ Обновление капитала и дневного P&L...
2026-01-18 22:33:07,176 - INFO -   💼 Шаг P&L: $+155.72, Накопленный капитал: $10,636.74
2026-01-18 22:33:07,176 - INFO - ------------------------------------------------------------
2026-01-18 22:33:07,176 - INFO -   Walk-forward steps: 4 / 5 (80.0%) | 0.0 items/s | ETA: 311.8s
2026-01-18 22:33:07,176 - INFO - 🔍 WF-шаг 5/5: Валидация временных окон...
2026-01-18 22:33:07,177 - INFO - ⇢ WF-шаг 5/5: training 2023-11-30-2024-01-28, testing 2024-01-29-2024-02-28 — start
2026-01-18 22:33:07,177 - INFO - ⇢ loading step data — start
2026-01-18 22:33:07,399 - INFO - ⇠ loading step data — done in 0.22s
2026-01-18 22:33:08,915 - INFO - 📊 WF-шаг 5/5: Границы данных:
2026-01-18 22:33:08,915 - INFO -    Training: 2023-11-30 00:00:00 → 2024-01-28 23:45:00 (5,760 строк × 344 символов)
2026-01-18 22:33:08,916 - INFO -    Testing:  2024-01-29 00:00:00 → 2024-02-28 00:00:00 (2,881 строк × 344 символов)
2026-01-18 22:33:08,916 - INFO -    Временной разрыв: 0 days 00:15:00
2026-01-18 22:33:08,959 - INFO - ⇢ normalizing training data — start
2026-01-18 22:33:08,998 - INFO -   Символы с NaN значениями: 52
2026-01-18 22:33:08,998 - INFO -   Применяем метод нормализации: rolling_zscore
2026-01-18 22:33:09,015 - INFO - Символы с недостаточной историей: 44 из 344
2026-01-18 22:33:09,438 - INFO - Символы с NaN после нормализации: 300
2026-01-18 22:33:09,445 - INFO - Удалено 809 начальных строк с NaN от rolling расчетов
2026-01-18 22:33:09,447 - INFO - Итоговое количество символов после нормализации: 300 из 344
2026-01-18 22:33:09,447 - INFO -   Статистика нормализации:
2026-01-18 22:33:09,447 - INFO -     Исходные символы: 344
2026-01-18 22:33:09,447 - INFO -     Недостаточная история: 44
2026-01-18 22:33:09,447 - INFO -     Постоянная цена: 0
2026-01-18 22:33:09,447 - INFO -     NaN после нормализации: 300
2026-01-18 22:33:09,447 - INFO -     Итоговые символы: 300 (87.2%)
2026-01-18 22:33:09,447 - INFO -   После нормализации: 300 символов (потеряно 44)
2026-01-18 22:33:09,447 - INFO -   Отброшено много символов: 44 из 344
2026-01-18 22:33:09,447 - INFO - ⇠ normalizing training data — done in 0.49s
2026-01-18 22:33:09,449 - INFO - ⇢ SSD computation — start
2026-01-18 22:33:09,449 - INFO -   Расчет SSD для всех пар (без ограничения)
2026-01-18 22:33:12,100 - INFO -   SSD результат (все пары): 44850 пар
2026-01-18 22:33:12,100 - INFO -   Ограничиваем до top-25000 пар для дальнейшей обработки
2026-01-18 22:33:12,101 - INFO - ⇠ SSD computation — done in 2.65s
2026-01-18 22:33:12,110 - INFO - ⇢ filtering pairs by cointegration and half-life — start
2026-01-18 22:33:12,110 - INFO - [ФИЛЬТР] Параллельная фильтрация: threads (8 workers)
2026-01-18 22:36:05,008 - INFO - [ФИЛЬТР] После проверки данных: 25000 пар
2026-01-18 22:36:05,008 - INFO - [ФИЛЬТР] После фильтра корреляции (>0.65): 5393 пар
2026-01-18 22:36:05,008 - INFO - [ФИЛЬТР] После фильтра beta: 4047 пар
2026-01-18 22:36:05,008 - INFO - [ФИЛЬТР] После фильтра mean crossings: 4047 пар
2026-01-18 22:36:05,008 - INFO - [ФИЛЬТР] После фильтра half-life: 4031 пар
2026-01-18 22:36:05,008 - INFO - [ФИЛЬТР] После фильтра коинтеграции: 1851 пар
2026-01-18 22:36:05,008 - INFO - [ФИЛЬТР] После фильтра Hurst: 972 пар
2026-01-18 22:36:05,008 - INFO - [ФИЛЬТР] После фильтра KPSS: 54 пар
2026-01-18 22:36:05,009 - INFO - [ФИЛЬТР] После фильтра market microstructure: 54 пар
2026-01-18 22:36:05,009 - INFO - [ФИЛЬТР] Статистика фильтрации (оптимизированный порядок):
2026-01-18 22:36:05,009 - INFO -   1. SSD → Коинтеграция: 25000 → 1851 пар
2026-01-18 22:36:05,009 - INFO -   2. Коинтеграция → Beta: 1851 → 4047 пар
2026-01-18 22:36:05,009 - INFO -   3. Beta → Half-life: 4047 → 4031 пар
2026-01-18 22:36:05,009 - INFO -   4. Half-life → Mean crossings: 4031 → 4047 пар
2026-01-18 22:36:05,009 - INFO -   5. Mean crossings → Hurst: 4047 → 972 пар
2026-01-18 22:36:05,009 - INFO -   6. Hurst → KPSS: 972 → 54 пар
2026-01-18 22:36:05,009 - INFO -   7. KPSS → Market microstructure: 54 → 54 пар
2026-01-18 22:36:05,009 - INFO - [ФИЛЬТР] Причины отсева:
2026-01-18 22:36:05,009 - INFO -   • low_correlation: 19607 пар (78.4%)
2026-01-18 22:36:05,009 - INFO -   • pvalue: 2180 пар (8.7%)
2026-01-18 22:36:05,009 - INFO -   • beta: 1346 пар (5.4%)
2026-01-18 22:36:05,009 - INFO -   • kpss: 918 пар (3.7%)
2026-01-18 22:36:05,009 - INFO -   • hurst: 879 пар (3.5%)
2026-01-18 22:36:05,009 - INFO -   • half_life: 16 пар (0.1%)
2026-01-18 22:36:05,009 - INFO - [ФИЛЬТР] Итого: 25000 → 54 пар (0.2% прошли все фильтры)
2026-01-18 22:36:05,048 - INFO - Причины отсева сохранены в results/filter_reasons_20260118_223605.csv
2026-01-18 22:36:05,058 - INFO -   Фильтрация: 25000 → 54 пар
2026-01-18 22:36:05,058 - INFO - ⇠ filtering pairs by cointegration and half-life — done in 172.95s
2026-01-18 22:36:05,058 - INFO - ⇠ WF-шаг 5/5: training 2023-11-30-2024-01-28, testing 2024-01-29-2024-02-28 — done in 177.88s
2026-01-18 22:36:05,058 - INFO -   Топ-3 пары по волатильности спреда:
2026-01-18 22:36:05,058 - INFO -     1. BTCBRZ-BTCDAI: beta=4.2777, std=2850.9804
2026-01-18 22:36:05,058 - INFO -     2. BTCDAI-WBTCUSDT: beta=1.0023, std=556.1976
2026-01-18 22:36:05,058 - INFO -     3. ETHDAI-STETHUSDT: beta=0.9934, std=13.3291
2026-01-18 22:36:05,058 - INFO -   Всего пар для торговли: 54 (ограничение 15 применяется к одновременно открытым позициям)
2026-01-18 22:36:05,059 - INFO -   💰 Проверка расчета капитала: equity=$10,636.74, кандидатных_пар=54, max_позиций=15
2026-01-18 22:36:05,059 - INFO -   🎯 Target concurrency: 15 (ожидаемое одновременное число позиций)
2026-01-18 22:36:05,059 - INFO -   📊 Детали расчета капитала:
2026-01-18 22:36:05,059 - INFO -      • Базовый капитал на пару: $709.12 (equity / target_concurrency)
2026-01-18 22:36:05,059 - INFO -      • Риск-капитал: $159.55 (1.5% от equity)
2026-01-18 22:36:05,059 - INFO -      • Макс. размер позиции: $212.73 (2.0% от equity)
2026-01-18 22:36:05,059 - INFO -      • Итоговый капитал на пару: $159.55
2026-01-18 22:36:05,059 - INFO - ⇢ WF-шаг 5/5 backtests — starting 54 items
2026-01-18 22:36:05,059 - INFO - 🚀 WF-шаг 5/5: Начинаем бэктесты для 54 пар...
2026-01-18 22:36:05,059 - INFO - 🚀 WF-шаг 5/5: Запускаем параллельную обработку 54 пар на 8 ядрах...
2026-01-18 22:36:05,059 - INFO -   📊 Большой набор пар (54), ожидаемое время: ~2 мин
2026-01-18 22:36:05,059 - INFO -   🔄 Прогресс будет отображаться каждые 5 пар
2026-01-18 22:36:05,059 - INFO - 🚀 WF-шаг 5/5: Режим параллельности: процессы
⚙️  Загрузка данных за период: 2023-11-30 -> 2024-02-28
📂 Найдено 43 parquet файлов для обработки.
📊 Схема данных: Schema({'timestamp': Int64, 'open': Float64, 'high': Float64, 'low': Float64, 'close': Float64, 'volume': Float64, 'turnover': String, 'ts_ms': Int64, 'symbol': String})
✅ Загружено 2755343 записей с помощью Polars.
📊 Типы данных в pandas: timestamp       datetime64[us]
symbol                  object
close                  float64
timestamp_ms             int64
dtype: object
2026-01-18 22:36:05,113 - coint2.engine.numba_engine - INFO - Запуск Numba-оптимизированного бэктеста для BTCBRZ-BTCDAI
2026-01-18 22:36:05,133 - coint2.engine.numba_engine - INFO - Запуск Numba-оптимизированного бэктеста для BTCDAI-WBTCUSDT
2026-01-18 22:36:05,155 - coint2.engine.numba_engine - INFO - Запуск Numba-оптимизированного бэктеста для ETHDAI-STETHUSDT
2026-01-18 22:36:05,178 - coint2.engine.numba_engine - INFO - Запуск Numba-оптимизированного бэктеста для AAVEUSDT-THETAUSDT
2026-01-18 22:36:05,196 - coint2.engine.numba_engine - INFO - Запуск Numba-оптимизированного бэктеста для ETHWUSDT-GRTUSDT
2026-01-18 22:36:05,201 - coint2.engine.numba_engine - INFO - Запуск Numba-оптимизированного бэктеста для LTCEUR-MXUSDT
2026-01-18 22:36:05,218 - coint2.engine.numba_engine - INFO - Запуск Numba-оптимизированного бэктеста для NEARUSDT-ROSEUSDT
2026-01-18 22:36:05,219 - coint2.engine.numba_engine - INFO - Запуск Numba-оптимизированного бэктеста для FLOWUSDT-WAVESUSDT
2026-01-18 22:36:05,228 - coint2.engine.numba_engine - INFO - Запуск Numba-оптимизированного бэктеста для ATOMUSDT-MBXUSDT
2026-01-18 22:36:05,239 - coint2.engine.numba_engine - INFO - Запуск Numba-оптимизированного бэктеста для ETHWUSDT-UNIUSDT
2026-01-18 22:36:05,242 - coint2.engine.numba_engine - INFO - Запуск Numba-оптимизированного бэктеста для MANAUSDT-MBXUSDT
2026-01-18 22:36:05,242 - coint2.engine.numba_engine - INFO - Запуск Numba-оптимизированного бэктеста для GLMRUSDT-ROSEUSDT
2026-01-18 22:36:05,259 - coint2.engine.numba_engine - INFO - Запуск Numba-оптимизированного бэктеста для APTUSDC-CELOUSDT
2026-01-18 22:36:05,263 - coint2.engine.numba_engine - INFO - Запуск Numba-оптимизированного бэктеста для AGLDUSDT-CELOUSDT
2026-01-18 22:36:05,264 - coint2.engine.numba_engine - INFO - Запуск Numba-оптимизированного бэктеста для BOBAUSDT-MINAUSDT
2026-01-18 22:36:05,266 - coint2.engine.numba_engine - INFO - Запуск Numba-оптимизированного бэктеста для HFTUSDT-SANDUSDT
2026-01-18 22:36:05,268 - coint2.engine.numba_engine - INFO - Запуск Numba-оптимизированного бэктеста для IDUSDT-QNTUSDT
2026-01-18 22:36:05,275 - coint2.engine.numba_engine - INFO - Запуск Numba-оптимизированного бэктеста для APTUSDT-CELOUSDT
2026-01-18 22:36:05,287 - coint2.engine.numba_engine - INFO - Запуск Numba-оптимизированного бэктеста для GLMRUSDT-NEARUSDT
2026-01-18 22:36:05,287 - coint2.engine.numba_engine - INFO - Запуск Numba-оптимизированного бэктеста для IDUSDT-UNIUSDT
2026-01-18 22:36:05,289 - coint2.engine.numba_engine - INFO - Запуск Numba-оптимизированного бэктеста для TENETUSDT-XRPEUR
2026-01-18 22:36:05,292 - coint2.engine.numba_engine - INFO - Запуск Numba-оптимизированного бэктеста для HFTUSDT-SANDUSDC
2026-01-18 22:36:05,310 - coint2.engine.numba_engine - INFO - Запуск Numba-оптимизированного бэктеста для BELUSDT-GALAUSDT
2026-01-18 22:36:05,310 - coint2.engine.numba_engine - INFO - Запуск Numba-оптимизированного бэктеста для HFTUSDC-SCRTUSDT
2026-01-18 22:36:05,312 - coint2.engine.numba_engine - INFO - Запуск Numba-оптимизированного бэктеста для AGLDUSDT-NEARUSDT
2026-01-18 22:36:05,312 - coint2.engine.numba_engine - INFO - Запуск Numba-оптимизированного бэктеста для JSTUSDT-XRPEUR
2026-01-18 22:36:05,318 - coint2.engine.numba_engine - INFO - Запуск Numba-оптимизированного бэктеста для GRTUSDT-WAVESUSDT
2026-01-18 22:36:05,333 - coint2.engine.numba_engine - INFO - Запуск Numba-оптимизированного бэктеста для HFTUSDT-SCRTUSDT
2026-01-18 22:36:05,334 - coint2.engine.numba_engine - INFO - Запуск Numba-оптимизированного бэктеста для BATUSDT-POLUSDT
2026-01-18 22:36:05,337 - coint2.engine.numba_engine - INFO - Запуск Numba-оптимизированного бэктеста для BOBAUSDT-SOLEUR
2026-01-18 22:36:05,340 - coint2.engine.numba_engine - INFO - Запуск Numba-оптимизированного бэктеста для CHZUSDC-CHZUSDT
2026-01-18 22:36:05,347 - coint2.engine.numba_engine - INFO - Запуск Numba-оптимизированного бэктеста для ARKMUSDT-FLOWUSDT
2026-01-18 22:36:05,356 - coint2.engine.numba_engine - INFO - Запуск Numba-оптимизированного бэктеста для ANKRUSDT-WAXPUSDT
2026-01-18 22:36:05,357 - coint2.engine.numba_engine - INFO - Запуск Numba-оптимизированного бэктеста для MVLUSDT-RACAUSDT
2026-01-18 22:36:05,359 - coint2.engine.numba_engine - INFO - Запуск Numba-оптимизированного бэктеста для JUVUSDT-ZRXUSDT
2026-01-18 22:36:05,361 - coint2.engine.numba_engine - INFO - Запуск Numba-оптимизированного бэктеста для IDUSDT-WAVESUSDT
2026-01-18 22:36:05,362 - coint2.engine.numba_engine - INFO - Запуск Numba-оптимизированного бэктеста для BOBAUSDT-STXUSDT
2026-01-18 22:36:05,371 - coint2.engine.numba_engine - INFO - Запуск Numba-оптимизированного бэктеста для BOBAUSDT-OPUSDT
2026-01-18 22:36:05,380 - coint2.engine.numba_engine - INFO - Запуск Numba-оптимизированного бэктеста для LUNCUSDT-VRAUSDT
2026-01-18 22:36:05,387 - coint2.engine.numba_engine - INFO - Запуск Numba-оптимизированного бэктеста для HFTUSDC-LRCUSDT
2026-01-18 22:36:05,387 - coint2.engine.numba_engine - INFO - Запуск Numba-оптимизированного бэктеста для BOBAUSDT-OPUSDC
2026-01-18 22:36:05,388 - coint2.engine.numba_engine - INFO - Запуск Numba-оптимизированного бэктеста для MANAUSDC-MBXUSDT
2026-01-18 22:36:05,394 - coint2.engine.numba_engine - INFO - Запуск Numba-оптимизированного бэктеста для HFTUSDC-SANDUSDC
2026-01-18 22:36:05,410 - coint2.engine.numba_engine - INFO - Запуск Numba-оптимизированного бэктеста для HFTUSDC-SANDUSDT
2026-01-18 22:36:05,411 - coint2.engine.numba_engine - INFO - Запуск Numba-оптимизированного бэктеста для JSTUSDT-RACAUSDT
2026-01-18 22:36:05,412 - coint2.engine.numba_engine - INFO - Запуск Numba-оптимизированного бэктеста для C98USDT-SOLOUSDT
2026-01-18 22:36:05,417 - coint2.engine.numba_engine - INFO - Запуск Numba-оптимизированного бэктеста для TENETUSDT-XRPUSDC
2026-01-18 22:36:05,433 - coint2.engine.numba_engine - INFO - Запуск Numba-оптимизированного бэктеста для HFTUSDT-LRCUSDT
2026-01-18 22:36:05,434 - coint2.engine.numba_engine - INFO - Запуск Numba-оптимизированного бэктеста для LUNCUSDC-VRAUSDT
2026-01-18 22:36:05,435 - coint2.engine.numba_engine - INFO - Запуск Numba-оптимизированного бэктеста для TENETUSDT-XRPUSDT
2026-01-18 22:36:05,440 - coint2.engine.numba_engine - INFO - Запуск Numba-оптимизированного бэктеста для JSTUSDT-XRPUSDC
2026-01-18 22:36:05,457 - coint2.engine.numba_engine - INFO - Запуск Numba-оптимизированного бэктеста для RVNUSDT-WAXPUSDT
2026-01-18 22:36:05,458 - coint2.engine.numba_engine - INFO - Запуск Numba-оптимизированного бэктеста для JSTUSDT-XRPUSDT
2026-01-18 22:36:05,482 - coint2.engine.numba_engine - INFO - Запуск Numba-оптимизированного бэктеста для PEPEUSDT-RACAUSDT
2026-01-18 22:36:05,525 - INFO -   ⏱️ Параллельная обработка завершена за 0.5с (116.1 пар/с)
2026-01-18 22:36:05,549 - coint2.pipeline.walk_forward_orchestrator - INFO - 🎯 СИМУЛЯЦИЯ ПОРТФЕЛЯ: 54 пар, лимит 15 позиций
2026-01-18 22:36:06,105 - coint2.pipeline.walk_forward_orchestrator - INFO -    📈 Макс. одновременных сигналов: 17
2026-01-18 22:36:06,105 - coint2.pipeline.walk_forward_orchestrator - INFO -    📊 Средн. сигналов за период: 0.4
2026-01-18 22:36:06,105 - coint2.pipeline.walk_forward_orchestrator - INFO -    🎯 Финальных активных позиций: 0
2026-01-18 22:36:06,106 - coint2.pipeline.walk_forward_orchestrator - INFO -    ⚡ Утилизация лимита позиций: 2.8%
2026-01-18 22:36:06,107 - INFO - ⇠ WF-шаг 5/5 backtests — completed 54 items in 1.05s (51.5 items/s)
2026-01-18 22:36:06,107 - INFO -   ✅ Обработка завершена: 54 успешно, 0 с ошибками
2026-01-18 22:36:06,107 - INFO -   📊 Успешность: 100.0%, прибыльность: 53.7%, сделок/пара: 11.4
2026-01-18 22:36:06,107 - INFO -   ✅ Завершены бэктесты для 54 пар
2026-01-18 22:36:06,107 - INFO -   📊 Всего обработано пар в этом шаге: 54
2026-01-18 22:36:06,107 - INFO -   📈 Результаты шага: 29/54 прибыльных пар, 617 сделок
2026-01-18 22:36:06,107 - INFO -   💰 P&L шага: $-36.35
2026-01-18 22:36:06,107 - INFO -   ⇢ Обновление капитала и дневного P&L...
2026-01-18 22:36:07,713 - INFO -   💼 Шаг P&L: $-36.35, Накопленный капитал: $10,600.39
2026-01-18 22:36:07,713 - INFO - ------------------------------------------------------------
2026-01-18 22:36:07,713 - INFO -   Walk-forward steps: 5 / 5 (100.0%) | 0.0 items/s | ETA: 0.0s
2026-01-18 22:36:07,713 - INFO - ⇠ Walk-forward steps — completed 5 items in 1427.89s (0.0 items/s)
2026-01-18 22:36:07,713 - INFO - ================================================================================
2026-01-18 22:36:07,713 - INFO - 🏁 Walk-forward анализ завершен!
2026-01-18 22:36:07,713 - INFO - ⏱️ Обработано 5 шагов за 2.7 секунд
2026-01-18 22:36:07,713 - INFO - 📊 Всего обработано пар за весь анализ: 275
2026-01-18 22:36:07,713 - INFO - 💰 Финальный капитал: $10,600.39 (было $10,000.00)
2026-01-18 22:36:07,713 - INFO - 📈 Общая доходность: +6.00% ($+600.39)
2026-01-18 22:36:07,713 - INFO - 📊 Всего сделок: 0
2026-01-18 22:36:07,713 - INFO - ================================================================================
2026-01-18 22:36:07,713 - INFO - ✓ Завершены все 5 WF-шагов
2026-01-18 22:36:07,713 - INFO - ⇢ Обработка финальных результатов и расчет метрик...
2026-01-18 22:36:07,713 - INFO - ⇢ processing final results — start
2026-01-18 22:36:07,714 - INFO -   ⇢ Агрегация данных P&L за 14405 торговых дней
2026-01-18 22:36:07,750 - INFO -   ⇢ Расчет базовых метрик производительности...
2026-01-18 22:36:07,750 - INFO -     📊 Данные для анализа: 14405 записей P&L, 14401 точек equity
2026-01-18 22:36:07,753 - INFO -   ⇢ Расчет расширенных метрик (волатильность, Calmar ratio, и др.)...
2026-01-18 22:36:07,754 - INFO -   ✅ Расширенные метрики рассчитаны: 6 показателей
2026-01-18 22:36:07,754 - INFO -   ⇢ Анализ статистики по 275 парам...
2026-01-18 22:36:07,757 - INFO - ✅ Рассчитаны метрики производительности (19 показателей)
2026-01-18 22:36:07,757 - INFO -   💰 Общий P&L: $+600.39
2026-01-18 22:36:07,757 - INFO -   📊 Sharpe Ratio: 4.963
2026-01-18 22:36:07,757 - INFO -   📉 Максимальная просадка: -12080.55%
2026-01-18 22:36:07,757 - INFO -   🔄 Всего сделок: 3003
2026-01-18 22:36:07,757 - INFO -   📈 Торгуемых пар: 271
2026-01-18 22:36:07,757 - INFO -   💸 Общие издержки: $115.87
2026-01-18 22:36:07,758 - coint2.metrics - INFO - Metric: total_pnl
2026-01-18 22:36:07,758 - coint2.metrics - INFO - Metric: sharpe_ratio_abs
2026-01-18 22:36:07,758 - coint2.metrics - INFO - Metric: max_drawdown_pct
2026-01-18 22:36:07,758 - coint2.metrics - INFO - Metric: total_trades
2026-01-18 22:36:07,758 - coint2.metrics - INFO - Metric: total_pairs_traded
2026-01-18 22:36:07,758 - coint2.metrics - INFO - Metric: total_costs
2026-01-18 22:36:07,758 - INFO - ⇠ processing final results — done in 0.04s
2026-01-18 22:36:07,759 - INFO - ⇢ Создание отчетов и сохранение результатов...
2026-01-18 22:36:07,759 - INFO - ⇢ generating reports — start
2026-01-18 22:36:07,759 - INFO -   ⇢ Создание отчета о производительности...
2026-01-18 22:36:14,670 - INFO -   ✓ Отчет о производительности создан
2026-01-18 22:36:14,670 - INFO -   ⇢ Сохранение данных в CSV файлы...
2026-01-18 22:36:14,672 - INFO - 📋 Метрики сохранены: artifacts/wfa/runs/20260118_shortlist/shortlist_20260118_entry0p95_exit0p1_hold120_cd120_corr0p65_ssd25000/strategy_metrics.csv
2026-01-18 22:36:14,673 - INFO - 📈 Дневные P&L сохранены: artifacts/wfa/runs/20260118_shortlist/shortlist_20260118_entry0p95_exit0p1_hold120_cd120_corr0p65_ssd25000/daily_pnl.csv (151 записей)
2026-01-18 22:36:14,726 - INFO - 💹 Кривая капитала сохранена: artifacts/wfa/runs/20260118_shortlist/shortlist_20260118_entry0p95_exit0p1_hold120_cd120_corr0p65_ssd25000/equity_curve.csv (14401 точек)
2026-01-18 22:36:14,732 - INFO - 📋 Статистика сделок сохранена: artifacts/wfa/runs/20260118_shortlist/shortlist_20260118_entry0p95_exit0p1_hold120_cd120_corr0p65_ssd25000/trade_statistics.csv (275 записей)
2026-01-18 22:36:14,732 - INFO - 🎉 Walk-Forward анализ полностью завершен!
2026-01-18 22:36:14,732 - INFO - 📊 Все отчеты и данные сохранены в: artifacts/wfa/runs/20260118_shortlist/shortlist_20260118_entry0p95_exit0p1_hold120_cd120_corr0p65_ssd25000
2026-01-18 22:36:14,732 - INFO - 💼 Итоговый капитал: $10,600.39
2026-01-18 22:36:14,732 - INFO - ⏱️  Общее время выполнения: 9.7 секунд
2026-01-18 22:36:14,732 - INFO - ⇠ generating reports — done in 6.97s
2026-01-18 22:36:14,732 - coint2.core.memory_optimization - INFO - 🧹 Cleaning up global price data
2026-01-18 22:36:14,736 - coint2.core.memory_optimization - INFO - 📊 No global rolling stats to clean up
2026-01-18 22:36:14,736 - INFO - 🧹 Memory-mapped data cleaned up
2026-01-18 22:36:14,738 - INFO - ⇠ run_walk_forward_analysis — done in 1,442.84s
📊 Отчет сохранен: artifacts/wfa/runs/20260118_shortlist/shortlist_20260118_entry0p95_exit0p1_hold120_cd120_corr0p65_ssd25000/CointegrationStrategy_performance_report.png
🎯 ============================================================
📊 ИТОГИ ТОРГОВОЙ СТРАТЕГИИ
🎯 ============================================================

💰 ФИНАНСОВЫЕ РЕЗУЛЬТАТЫ:
   • Общий P&L:                          600
   • Максимальная просадка:             -121
   • Средний дневной P&L:                  4

📈 МЕТРИКИ РИСКА:
   • Коэффициент Шарпа:               4.9631
   • Волатильность P&L:                16.96
   • Процент прибыльных дней:         58.28%

🔄 ТОРГОВАЯ АКТИВНОСТЬ:
   • Всего торговых дней:                151
   • Всего сделок:                     3,003
   • Торгуемых пар:                      271
   • Сделок на пару:                    10.9
   • Успешность сделок:               0.20%

💸 РАСХОДЫ И ЭКСТРЕМУМЫ:
   • Общие расходы:                      116
   • Максимальная прибыль:               109
   • Максимальный убыток:                -54
   • Лучшая пара (P&L):                   90
   • Худшая пара (P&L):                  -15

📊 ОЦЕНКА СТРАТЕГИИ:
   ✅ ОТЛИЧНАЯ стратегия! Высокий Шарп и положительный результат

🎯 ============================================================

Annualized Sharpe Ratio: 4.963107731660849
[run_wfa_fullcpu] end: 2026-01-18T22:36:15Z
