[run_wfa_queue] 2026-01-18T19:18:38Z cmd: /opt/coint4/coint4/run_wfa_fullcpu.sh configs/risk_sweep_20260118/risk_sweep_20260118_risk0p012_pos12_margin0p45_kelly0p2_z0p85_exit0p12_corr0p65_ssd25000.yaml artifacts/wfa/runs/20260118_risk_sweep/risk_sweep_20260118_risk0p012_pos12_margin0p45_kelly0p2_z0p85_exit0p12_corr0p65_ssd25000
[run_wfa_fullcpu] start: 2026-01-18T19:18:38Z
[run_wfa_fullcpu] os.cpu_count: 8
[run_wfa_fullcpu] worker_pid=2229
2026-01-18 19:18:41,352 - coint2.core.memory_optimization - INFO - ✅ BLAS threading limits set to 1 via threadpoolctl
2026-01-18 19:18:41,353 - coint2.core.memory_optimization - INFO - 🔧 Controlled libraries: openblas, openmp
2026-01-18 19:18:41,353 - coint2.core.memory_optimization - INFO - 🧵 Process threads: 2 → 2
2026-01-18 19:18:41,353 - coint2.core.memory_optimization - INFO - 📝 Set 11 environment variables
2026-01-18 19:18:41,678 - INFO - ✅ Параметры конфигурации валидны
2026-01-18 19:18:41,678 - INFO - 📝 Некоторые параметры были скорректированы:
2026-01-18 19:18:41,678 - INFO - 🧭 WFA: динамический отбор пар на каждом шаге
2026-01-18 19:18:41,678 - INFO -   Шаг 1: тренировка 2023-08-02-2023-09-30, тест 2023-10-01-2023-10-31
2026-01-18 19:18:41,678 - INFO -   Шаг 2: тренировка 2023-09-01-2023-10-30, тест 2023-10-31-2023-11-30
2026-01-18 19:18:41,678 - INFO -   Шаг 3: тренировка 2023-10-01-2023-11-29, тест 2023-11-30-2023-12-30
2026-01-18 19:18:41,678 - INFO -   Шаг 4: тренировка 2023-10-31-2023-12-29, тест 2023-12-30-2024-01-29
2026-01-18 19:18:41,678 - INFO - 📈 Запланировано 4 walk-forward шагов
2026-01-18 19:18:41,678 - INFO - ⛔ Ограничение WFA шагов: 4 → 3
2026-01-18 19:18:41,678 - WARNING - ⚠️ Маленький буфер между training и testing в шаге 1: 0 дней. Рекомендуется минимум 1 день.
2026-01-18 19:18:41,678 - WARNING - ⚠️ Маленький буфер между training и testing в шаге 2: 0 дней. Рекомендуется минимум 1 день.
2026-01-18 19:18:41,679 - WARNING - ⚠️ Маленький буфер между training и testing в шаге 3: 0 дней. Рекомендуется минимум 1 день.
2026-01-18 19:18:41,679 - INFO - ✅ Шаги успешно запланированы:
2026-01-18 19:18:41,679 - INFO -    Шаг 1: тренировка 2023-08-02-2023-09-30, тест 2023-10-01-2023-10-31
2026-01-18 19:18:41,679 - INFO -    Шаг 2: тренировка 2023-09-01-2023-10-30, тест 2023-10-31-2023-11-30
2026-01-18 19:18:41,679 - INFO -    Шаг 3: тренировка 2023-10-01-2023-11-29, тест 2023-11-30-2023-12-30
2026-01-18 19:18:41,679 - INFO - 🗂️ Consolidating price data for memory-mapped access...
2026-01-18 19:18:41,679 - INFO - 📊 Consolidating data range: 2023-07-28 → 2024-01-04
2026-01-18 19:18:41,679 - coint2.core.memory_optimization - INFO - 🔄 Consolidating price data from data_downloaded to .cache/consolidated_prices.parquet
2026-01-18 19:18:41,679 - INFO - ⇢ loading raw data for consolidation — start
2026-01-18 19:18:42,099 - INFO - ⇠ loading raw data for consolidation — done in 0.42s
2026-01-18 19:18:42,099 - INFO - ⇢ pivoting data to wide format — start
2026-01-18 19:18:44,897 - INFO - ⇠ pivoting data to wide format — done in 2.80s
2026-01-18 19:18:44,937 - coint2.core.memory_optimization - INFO - 📊 Consolidated data: 15361 rows × 310 symbols
2026-01-18 19:18:44,937 - coint2.core.memory_optimization - INFO - 💾 Memory usage: 19.2 MB
2026-01-18 19:18:44,937 - INFO - ⇢ writing consolidated Parquet file — start
2026-01-18 19:18:45,090 - INFO - ⇠ writing consolidated Parquet file — done in 0.15s
2026-01-18 19:18:45,090 - coint2.core.memory_optimization - INFO - ✅ Successfully consolidated data to .cache/consolidated_prices.parquet
2026-01-18 19:18:45,106 - coint2.core.memory_optimization - INFO - 🔄 Initializing memory-mapped price data from .cache/consolidated_prices.parquet
2026-01-18 19:18:45,107 - INFO - ⇢ loading memory-mapped data — start
2026-01-18 19:18:45,107 - coint2.core.memory_optimization - WARNING - ⚠️ memory_map не поддерживается в текущей версии pyarrow, fallback без mmap
2026-01-18 19:18:45,194 - INFO - ⇠ loading memory-mapped data — done in 0.09s
2026-01-18 19:18:45,202 - coint2.core.memory_optimization - INFO - 📊 Loaded 15361 rows × 310 symbols
2026-01-18 19:18:45,202 - coint2.core.memory_optimization - INFO - 💾 Memory usage: 19.2 MB (memory-mapped)
2026-01-18 19:18:45,203 - INFO - ✅ Memory-mapped data initialized successfully
2026-01-18 19:18:45,204 - INFO - ⇢ Walk-forward steps — starting 3 items
2026-01-18 19:18:45,204 - INFO - 📈 Инициализация equity кривой с первой тестовой даты: 2023-10-01 00:00:00
2026-01-18 19:18:45,204 - INFO - 🔍 WF-шаг 1/3: Валидация временных окон...
2026-01-18 19:18:45,205 - INFO - ⇢ WF-шаг 1/3: training 2023-08-02-2023-09-30, testing 2023-10-01-2023-10-31 — start
2026-01-18 19:18:45,205 - INFO - ⇢ loading step data — start
2026-01-18 19:18:45,354 - INFO - ⇠ loading step data — done in 0.15s
2026-01-18 19:18:46,590 - INFO - 📊 WF-шаг 1/3: Границы данных:
2026-01-18 19:18:46,590 - INFO -    Training: 2023-08-02 00:00:00 → 2023-09-30 23:45:00 (5,760 строк × 282 символов)
2026-01-18 19:18:46,590 - INFO -    Testing:  2023-10-01 00:00:00 → 2023-10-31 00:00:00 (2,881 строк × 282 символов)
2026-01-18 19:18:46,591 - INFO -    Временной разрыв: 0 days 00:15:00
2026-01-18 19:18:46,625 - INFO - ⇢ normalizing training data — start
2026-01-18 19:18:46,655 - INFO -   Символы с NaN значениями: 20
2026-01-18 19:18:46,655 - INFO -   Применяем метод нормализации: rolling_zscore
2026-01-18 19:18:46,669 - INFO - Символы с недостаточной историей: 20 из 282
2026-01-18 19:18:47,028 - INFO - Символы с NaN после нормализации: 262
2026-01-18 19:18:47,034 - INFO - Удалено 1 начальных строк с NaN от rolling расчетов
2026-01-18 19:18:47,036 - INFO - Итоговое количество символов после нормализации: 262 из 282
2026-01-18 19:18:47,037 - INFO -   Статистика нормализации:
2026-01-18 19:18:47,037 - INFO -     Исходные символы: 282
2026-01-18 19:18:47,037 - INFO -     Недостаточная история: 20
2026-01-18 19:18:47,037 - INFO -     Постоянная цена: 0
2026-01-18 19:18:47,037 - INFO -     NaN после нормализации: 262
2026-01-18 19:18:47,037 - INFO -     Итоговые символы: 262 (92.9%)
2026-01-18 19:18:47,037 - INFO -   После нормализации: 262 символов (потеряно 20)
2026-01-18 19:18:47,037 - INFO -   Отброшенные символы: ADAEUR, BEAMUSDT, BTCEUR, CYBERUSDT, DOGEEUR, ETHEUR, FETUSDT, JEFFUSDT, KASUSDT, KAVAUSDT, LTCEUR, ORDIUSDT, POLUSDT, PPTUSDT, PYUSDUSDT, SEIUSDT, SOLEUR, USDCEUR, XRPEUR, ZTXUSDT
2026-01-18 19:18:47,037 - INFO - ⇠ normalizing training data — done in 0.41s
2026-01-18 19:18:47,037 - INFO - ⇢ SSD computation — start
2026-01-18 19:18:47,037 - INFO -   Расчет SSD для всех пар (без ограничения)
2026-01-18 19:18:49,173 - INFO -   SSD результат (все пары): 34191 пар
2026-01-18 19:18:49,173 - INFO -   Ограничиваем до top-25000 пар для дальнейшей обработки
2026-01-18 19:18:49,174 - INFO - ⇠ SSD computation — done in 2.14s
2026-01-18 19:18:49,181 - INFO - ⇢ filtering pairs by cointegration and half-life — start
2026-01-18 19:18:49,181 - INFO - [ФИЛЬТР] Параллельная фильтрация: threads (8 workers)
2026-01-18 19:24:02,834 - INFO - [ФИЛЬТР] После проверки данных: 25000 пар
2026-01-18 19:24:02,834 - INFO - [ФИЛЬТР] После фильтра корреляции (>0.65): 16120 пар
2026-01-18 19:24:02,834 - INFO - [ФИЛЬТР] После фильтра beta: 10655 пар
2026-01-18 19:24:02,834 - INFO - [ФИЛЬТР] После фильтра mean crossings: 10655 пар
2026-01-18 19:24:02,835 - INFO - [ФИЛЬТР] После фильтра half-life: 10624 пар
2026-01-18 19:24:02,835 - INFO - [ФИЛЬТР] После фильтра коинтеграции: 4048 пар
2026-01-18 19:24:02,835 - INFO - [ФИЛЬТР] После фильтра Hurst: 1955 пар
2026-01-18 19:24:02,835 - INFO - [ФИЛЬТР] После фильтра KPSS: 90 пар
2026-01-18 19:24:02,835 - INFO - [ФИЛЬТР] После фильтра market microstructure: 90 пар
2026-01-18 19:24:02,835 - INFO - [ФИЛЬТР] Статистика фильтрации (оптимизированный порядок):
2026-01-18 19:24:02,835 - INFO -   1. SSD → Коинтеграция: 25000 → 4048 пар
2026-01-18 19:24:02,835 - INFO -   2. Коинтеграция → Beta: 4048 → 10655 пар
2026-01-18 19:24:02,835 - INFO -   3. Beta → Half-life: 10655 → 10624 пар
2026-01-18 19:24:02,835 - INFO -   4. Half-life → Mean crossings: 10624 → 10655 пар
2026-01-18 19:24:02,835 - INFO -   5. Mean crossings → Hurst: 10655 → 1955 пар
2026-01-18 19:24:02,835 - INFO -   6. Hurst → KPSS: 1955 → 90 пар
2026-01-18 19:24:02,835 - INFO -   7. KPSS → Market microstructure: 90 → 90 пар
2026-01-18 19:24:02,835 - INFO - [ФИЛЬТР] Причины отсева:
2026-01-18 19:24:02,835 - INFO -   • low_correlation: 8880 пар (35.5%)
2026-01-18 19:24:02,835 - INFO -   • pvalue: 6576 пар (26.3%)
2026-01-18 19:24:02,835 - INFO -   • beta: 5465 пар (21.9%)
2026-01-18 19:24:02,835 - INFO -   • hurst: 2093 пар (8.4%)
2026-01-18 19:24:02,835 - INFO -   • kpss: 1865 пар (7.5%)
2026-01-18 19:24:02,835 - INFO -   • half_life: 31 пар (0.1%)
2026-01-18 19:24:02,835 - INFO - [ФИЛЬТР] Итого: 25000 → 90 пар (0.4% прошли все фильтры)
2026-01-18 19:24:02,873 - INFO - Причины отсева сохранены в results/filter_reasons_20260118_192402.csv
2026-01-18 19:24:02,883 - INFO -   Фильтрация: 25000 → 90 пар
2026-01-18 19:24:02,883 - INFO - ⇠ filtering pairs by cointegration and half-life — done in 313.70s
2026-01-18 19:24:02,883 - INFO - ⇠ WF-шаг 1/3: training 2023-08-02-2023-09-30, testing 2023-10-01-2023-10-31 — done in 317.68s
2026-01-18 19:24:02,883 - INFO -   Топ-3 пары по волатильности спреда:
2026-01-18 19:24:02,883 - INFO -     1. COMPUSDT-GMXUSDT: beta=1.0239, std=2.0031
2026-01-18 19:24:02,883 - INFO -     2. TIMEUSDT-ZENUSDT: beta=1.0190, std=0.6922
2026-01-18 19:24:02,883 - INFO -     3. ETHUSDC-ETHUSDT: beta=0.9936, std=0.6033
2026-01-18 19:24:02,883 - INFO -   Всего пар для торговли: 90 (ограничение 12 применяется к одновременно открытым позициям)
2026-01-18 19:24:02,884 - INFO -   💰 Проверка расчета капитала: equity=$10,000.00, кандидатных_пар=90, max_позиций=12
2026-01-18 19:24:02,884 - INFO -   🎯 Target concurrency: 12 (ожидаемое одновременное число позиций)
2026-01-18 19:24:02,884 - INFO -   📊 Детали расчета капитала:
2026-01-18 19:24:02,884 - INFO -      • Базовый капитал на пару: $833.33 (equity / target_concurrency)
2026-01-18 19:24:02,884 - INFO -      • Риск-капитал: $120.00 (1.2% от equity)
2026-01-18 19:24:02,884 - INFO -      • Макс. размер позиции: $200.00 (2.0% от equity)
2026-01-18 19:24:02,884 - INFO -      • Итоговый капитал на пару: $120.00
2026-01-18 19:24:02,884 - INFO - ⇢ WF-шаг 1/3 backtests — starting 90 items
2026-01-18 19:24:02,884 - INFO - 🚀 WF-шаг 1/3: Начинаем бэктесты для 90 пар...
2026-01-18 19:24:02,884 - INFO - 🚀 WF-шаг 1/3: Запускаем параллельную обработку 90 пар на 8 ядрах...
2026-01-18 19:24:02,884 - INFO -   📊 Большой набор пар (90), ожидаемое время: ~4 мин
2026-01-18 19:24:02,884 - INFO -   🔄 Прогресс будет отображаться каждые 9 пар
2026-01-18 19:24:02,884 - INFO - 🚀 WF-шаг 1/3: Режим параллельности: процессы
⚙️  Загрузка данных за период: 2023-07-28 -> 2024-01-04
📂 Найдено 43 parquet файлов для обработки.
📊 Схема данных: Schema({'timestamp': Int64, 'open': Float64, 'high': Float64, 'low': Float64, 'close': Float64, 'volume': Float64, 'turnover': String, 'ts_ms': Int64, 'symbol': String})
✅ Загружено 4323175 записей с помощью Polars.
📊 Типы данных в pandas: timestamp       datetime64[us]
symbol                  object
close                  float64
timestamp_ms             int64
dtype: object
⚙️  Загрузка данных за период: 2023-08-02 -> 2023-10-31
📂 Найдено 43 parquet файлов для обработки.
📊 Схема данных: Schema({'timestamp': Int64, 'open': Float64, 'high': Float64, 'low': Float64, 'close': Float64, 'volume': Float64, 'turnover': String, 'ts_ms': Int64, 'symbol': String})
✅ Загружено 2351056 записей с помощью Polars.
📊 Типы данных в pandas: timestamp       datetime64[us]
symbol                  object
close                  float64
timestamp_ms             int64
dtype: object
2026-01-18 19:24:02,937 - coint2.engine.numba_engine - INFO - Запуск Numba-оптимизированного бэктеста для COMPUSDT-GMXUSDT
2026-01-18 19:24:02,957 - coint2.engine.numba_engine - INFO - Запуск Numba-оптимизированного бэктеста для TIMEUSDT-ZENUSDT
2026-01-18 19:24:02,976 - coint2.engine.numba_engine - INFO - Запуск Numba-оптимизированного бэктеста для ETHUSDC-ETHUSDT
2026-01-18 19:24:02,996 - coint2.engine.numba_engine - INFO - Запуск Numba-оптимизированного бэктеста для AXSUSDT-UNIUSDT
2026-01-18 19:24:03,015 - coint2.engine.numba_engine - INFO - Запуск Numba-оптимизированного бэктеста для ARUSDT-FILUSDT
2026-01-18 19:24:03,019 - coint2.engine.numba_engine - INFO - Запуск Numba-оптимизированного бэктеста для SNXUSDT-SOLOUSDT
2026-01-18 19:24:03,035 - coint2.engine.numba_engine - INFO - Запуск Numba-оптимизированного бэктеста для AXSUSDT-SANDUSDT
2026-01-18 19:24:03,039 - coint2.engine.numba_engine - INFO - Запуск Numba-оптимизированного бэктеста для INTERUSDT-XRPUSDC
2026-01-18 19:24:03,042 - coint2.engine.numba_engine - INFO - Запуск Numba-оптимизированного бэктеста для INTERUSDT-QTUMUSDT
2026-01-18 19:24:03,059 - coint2.engine.numba_engine - INFO - Запуск Numba-оптимизированного бэктеста для INTERUSDT-XRPUSDT
2026-01-18 19:24:03,060 - coint2.engine.numba_engine - INFO - Запуск Numba-оптимизированного бэктеста для AXSUSDT-SANDUSDC
2026-01-18 19:24:03,062 - coint2.engine.numba_engine - INFO - Запуск Numba-оптимизированного бэктеста для INTERUSDT-ZILUSDT
2026-01-18 19:24:03,064 - coint2.engine.numba_engine - INFO - Запуск Numba-оптимизированного бэктеста для INTERUSDT-XEMUSDT
2026-01-18 19:24:03,077 - coint2.engine.numba_engine - INFO - Запуск Numba-оптимизированного бэктеста для INTERUSDT-ZENUSDT
2026-01-18 19:24:03,079 - coint2.engine.numba_engine - INFO - Запуск Numba-оптимизированного бэктеста для INTERUSDT-THETAUSDT
2026-01-18 19:24:03,083 - coint2.engine.numba_engine - INFO - Запуск Numba-оптимизированного бэктеста для INTERUSDT-LTCUSDC
2026-01-18 19:24:03,084 - coint2.engine.numba_engine - INFO - Запуск Numba-оптимизированного бэктеста для INTERUSDT-WAVESUSDT
2026-01-18 19:24:03,086 - coint2.engine.numba_engine - INFO - Запуск Numba-оптимизированного бэктеста для CITYUSDT-DOTUSDC
2026-01-18 19:24:03,095 - coint2.engine.numba_engine - INFO - Запуск Numba-оптимизированного бэктеста для INTERUSDT-STXUSDT
2026-01-18 19:24:03,099 - coint2.engine.numba_engine - INFO - Запуск Numba-оптимизированного бэктеста для INTERUSDT-LTCUSDT
2026-01-18 19:24:03,106 - coint2.engine.numba_engine - INFO - Запуск Numba-оптимизированного бэктеста для INTERUSDT-USTCUSDT
2026-01-18 19:24:03,107 - coint2.engine.numba_engine - INFO - Запуск Numba-оптимизированного бэктеста для CITYUSDT-DOTUSDT
2026-01-18 19:24:03,108 - coint2.engine.numba_engine - INFO - Запуск Numba-оптимизированного бэктеста для SUSHIUSDT-UMAUSDT
2026-01-18 19:24:03,114 - coint2.engine.numba_engine - INFO - Запуск Numba-оптимизированного бэктеста для INTERUSDT-ROSEUSDT
2026-01-18 19:24:03,117 - coint2.engine.numba_engine - INFO - Запуск Numba-оптимизированного бэктеста для MASKUSDT-XRPUSDC
2026-01-18 19:24:03,121 - coint2.engine.numba_engine - INFO - Запуск Numba-оптимизированного бэктеста для PSGUSDT-VPADUSDT
2026-01-18 19:24:03,129 - coint2.engine.numba_engine - INFO - Запуск Numba-оптимизированного бэктеста для CITYUSDT-JUVUSDT
2026-01-18 19:24:03,129 - coint2.engine.numba_engine - INFO - Запуск Numba-оптимизированного бэктеста для HFTUSDT-PSGUSDT
2026-01-18 19:24:03,130 - coint2.engine.numba_engine - INFO - Запуск Numba-оптимизированного бэктеста для CELOUSDT-ZRXUSDT
2026-01-18 19:24:03,136 - coint2.engine.numba_engine - INFO - Запуск Numba-оптимизированного бэктеста для MASKUSDT-XRPUSDT
2026-01-18 19:24:03,138 - coint2.engine.numba_engine - INFO - Запуск Numba-оптимизированного бэктеста для INTERUSDT-SOLOUSDT
2026-01-18 19:24:03,139 - coint2.engine.numba_engine - INFO - Запуск Numba-оптимизированного бэктеста для AFCUSDT-DOTUSDC
2026-01-18 19:24:03,143 - coint2.engine.numba_engine - INFO - Запуск Numba-оптимизированного бэктеста для ETHWUSDT-GMTUSDC
2026-01-18 19:24:03,151 - coint2.engine.numba_engine - INFO - Запуск Numba-оптимизированного бэктеста для HFTUSDC-MOVRUSDT
2026-01-18 19:24:03,151 - coint2.engine.numba_engine - INFO - Запуск Numba-оптимизированного бэктеста для HFTUSDC-PSGUSDT
2026-01-18 19:24:03,152 - coint2.engine.numba_engine - INFO - Запуск Numba-оптимизированного бэктеста для RSS3USDT-SCRTUSDT
2026-01-18 19:24:03,156 - coint2.engine.numba_engine - INFO - Запуск Numba-оптимизированного бэктеста для INTERUSDT-WAXPUSDT
2026-01-18 19:24:03,157 - coint2.engine.numba_engine - INFO - Запуск Numba-оптимизированного бэктеста для AFCUSDT-DOTUSDT
2026-01-18 19:24:03,159 - coint2.engine.numba_engine - INFO - Запуск Numba-оптимизированного бэктеста для INTERUSDT-MANAUSDT
2026-01-18 19:24:03,160 - coint2.engine.numba_engine - INFO - Запуск Numba-оптимизированного бэктеста для ETHWUSDT-GMTUSDT
2026-01-18 19:24:03,169 - coint2.engine.numba_engine - INFO - Запуск Numba-оптимизированного бэктеста для HFTUSDC-RPLUSDT
2026-01-18 19:24:03,173 - coint2.engine.numba_engine - INFO - Запуск Numba-оптимизированного бэктеста для RSS3USDT-XTZUSDT
2026-01-18 19:24:03,174 - coint2.engine.numba_engine - INFO - Запуск Numba-оптимизированного бэктеста для BATUSDT-PEOPLEUSDT
2026-01-18 19:24:03,174 - coint2.engine.numba_engine - INFO - Запуск Numba-оптимизированного бэктеста для HFTUSDT-MOVRUSDT
2026-01-18 19:24:03,178 - coint2.engine.numba_engine - INFO - Запуск Numba-оптимизированного бэктеста для INTERUSDT-MANAUSDC
2026-01-18 19:24:03,179 - coint2.engine.numba_engine - INFO - Запуск Numba-оптимизированного бэктеста для CAKEUSDT-VPADUSDT
2026-01-18 19:24:03,181 - coint2.engine.numba_engine - INFO - Запуск Numba-оптимизированного бэктеста для AFCUSDT-MDAOUSDT
2026-01-18 19:24:03,182 - coint2.engine.numba_engine - INFO - Запуск Numba-оптимизированного бэктеста для HFTUSDT-RPLUSDT
2026-01-18 19:24:03,191 - coint2.engine.numba_engine - INFO - Запуск Numba-оптимизированного бэктеста для CTCUSDT-DOTUSDC
2026-01-18 19:24:03,195 - coint2.engine.numba_engine - INFO - Запуск Numba-оптимизированного бэктеста для FORTUSDT-ICPUSDT
2026-01-18 19:24:03,195 - coint2.engine.numba_engine - INFO - Запуск Numba-оптимизированного бэктеста для ALGOUSDT-WAXPUSDT
2026-01-18 19:24:03,197 - coint2.engine.numba_engine - INFO - Запуск Numba-оптимизированного бэктеста для RSS3USDT-RVNUSDT
2026-01-18 19:24:03,200 - coint2.engine.numba_engine - INFO - Запуск Numba-оптимизированного бэктеста для AFCUSDT-CITYUSDT
2026-01-18 19:24:03,201 - coint2.engine.numba_engine - INFO - Запуск Numba-оптимизированного бэктеста для THETAUSDT-XRPUSDC
2026-01-18 19:24:03,203 - coint2.engine.numba_engine - INFO - Запуск Numba-оптимизированного бэктеста для SUSHIUSDT-USTCUSDT
2026-01-18 19:24:03,204 - coint2.engine.numba_engine - INFO - Запуск Numba-оптимизированного бэктеста для CTCUSDT-VPADUSDT
2026-01-18 19:24:03,209 - WARNING - ❌ Ошибка обработки пары AFCUSDT-CITYUSDT: division by zero
2026-01-18 19:24:03,213 - coint2.engine.numba_engine - INFO - Запуск Numba-оптимизированного бэктеста для BATUSDT-FIDAUSDT
2026-01-18 19:24:03,217 - coint2.engine.numba_engine - INFO - Запуск Numba-оптимизированного бэктеста для ROSEUSDT-WAXPUSDT
2026-01-18 19:24:03,218 - coint2.engine.numba_engine - INFO - Запуск Numba-оптимизированного бэктеста для ALGOUSDT-ROSEUSDT
2026-01-18 19:24:03,219 - coint2.engine.numba_engine - INFO - Запуск Numba-оптимизированного бэктеста для ARKMUSDT-NEXOUSDT
2026-01-18 19:24:03,219 - coint2.engine.numba_engine - INFO - Запуск Numba-оптимизированного бэктеста для FORTUSDT-ICPUSDC
2026-01-18 19:24:03,223 - coint2.engine.numba_engine - INFO - Запуск Numba-оптимизированного бэктеста для FLOWUSDT-MASKUSDT
2026-01-18 19:24:03,224 - coint2.engine.numba_engine - INFO - Запуск Numba-оптимизированного бэктеста для THETAUSDT-XRPUSDT
2026-01-18 19:24:03,225 - coint2.engine.numba_engine - INFO - Запуск Numba-оптимизированного бэктеста для BATUSDT-UMAUSDT
2026-01-18 19:24:03,235 - coint2.engine.numba_engine - INFO - Запуск Numba-оптимизированного бэктеста для FORTUSDT-PSGUSDT
2026-01-18 19:24:03,240 - coint2.engine.numba_engine - INFO - Запуск Numba-оптимизированного бэктеста для WAXPUSDT-ZILUSDT
2026-01-18 19:24:03,240 - coint2.engine.numba_engine - INFO - Запуск Numba-оптимизированного бэктеста для LTCBTC-RVNUSDT
2026-01-18 19:24:03,241 - coint2.engine.numba_engine - INFO - Запуск Numba-оптимизированного бэктеста для OMGUSDT-RDNTUSDT
2026-01-18 19:24:03,241 - coint2.engine.numba_engine - INFO - Запуск Numba-оптимизированного бэктеста для GMTUSDT-SANDUSDT
2026-01-18 19:24:03,245 - coint2.engine.numba_engine - INFO - Запуск Numba-оптимизированного бэктеста для ADAUSDC-PSGUSDT
2026-01-18 19:24:03,246 - coint2.engine.numba_engine - INFO - Запуск Numba-оптимизированного бэктеста для RSS3USDT-SFUNDUSDT
2026-01-18 19:24:03,247 - coint2.engine.numba_engine - INFO - Запуск Numba-оптимизированного бэктеста для FORTUSDT-SFUNDUSDT
2026-01-18 19:24:03,257 - coint2.engine.numba_engine - INFO - Запуск Numba-оптимизированного бэктеста для DOGEUSDT-TELUSDT
2026-01-18 19:24:03,261 - coint2.engine.numba_engine - INFO - Запуск Numba-оптимизированного бэктеста для RACAUSDT-VPADUSDT
2026-01-18 19:24:03,262 - coint2.engine.numba_engine - INFO - Запуск Numba-оптимизированного бэктеста для RSS3USDT-XAVAUSDT
2026-01-18 19:24:03,263 - coint2.engine.numba_engine - INFO - Запуск Numba-оптимизированного бэктеста для USTCUSDT-ZILUSDT
2026-01-18 19:24:03,266 - coint2.engine.numba_engine - INFO - Запуск Numba-оптимизированного бэктеста для GMTUSDC-UNIUSDT
2026-01-18 19:24:03,268 - coint2.engine.numba_engine - INFO - Запуск Numba-оптимизированного бэктеста для ADAUSDT-PSGUSDT
2026-01-18 19:24:03,269 - coint2.engine.numba_engine - INFO - Запуск Numba-оптимизированного бэктеста для DOGEUSDC-TELUSDT
2026-01-18 19:24:03,272 - WARNING - ❌ Ошибка обработки пары RSS3USDT-XAVAUSDT: division by zero
2026-01-18 19:24:03,279 - coint2.engine.numba_engine - INFO - Запуск Numba-оптимизированного бэктеста для ONEUSDT-XRPUSDC
2026-01-18 19:24:03,282 - coint2.engine.numba_engine - INFO - Запуск Numba-оптимизированного бэктеста для BATUSDT-QTUMUSDT
2026-01-18 19:24:03,289 - coint2.engine.numba_engine - INFO - Запуск Numba-оптимизированного бэктеста для ROSEUSDT-USTCUSDT
2026-01-18 19:24:03,289 - coint2.engine.numba_engine - INFO - Запуск Numba-оптимизированного бэктеста для ALGOUSDT-IMXUSDT
2026-01-18 19:24:03,291 - coint2.engine.numba_engine - INFO - Запуск Numba-оптимизированного бэктеста для ONEUSDT-XRPUSDT
2026-01-18 19:24:03,305 - coint2.engine.numba_engine - INFO - Запуск Numba-оптимизированного бэктеста для ALGOUSDT-USTCUSDT
2026-01-18 19:24:03,312 - coint2.engine.numba_engine - INFO - Запуск Numba-оптимизированного бэктеста для DOGEUSDC-ETHWUSDT
2026-01-18 19:24:03,312 - coint2.engine.numba_engine - INFO - Запуск Numba-оптимизированного бэктеста для SCUSDT-USTCUSDT
2026-01-18 19:24:03,328 - coint2.engine.numba_engine - INFO - Запуск Numba-оптимизированного бэктеста для DOGEUSDT-ETHWUSDT
2026-01-18 19:24:03,335 - coint2.engine.numba_engine - INFO - Запуск Numba-оптимизированного бэктеста для SCUSDT-ZILUSDT
2026-01-18 19:24:03,350 - coint2.engine.numba_engine - INFO - Запуск Numba-оптимизированного бэктеста для SUNUSDT-ZRXUSDT
2026-01-18 19:24:03,386 - INFO -   ⏱️ Параллельная обработка завершена за 0.5с (179.4 пар/с)
2026-01-18 19:24:03,415 - coint2.pipeline.walk_forward_orchestrator - INFO - 🎯 СИМУЛЯЦИЯ ПОРТФЕЛЯ: 88 пар, лимит 12 позиций
2026-01-18 19:24:04,147 - coint2.pipeline.walk_forward_orchestrator - INFO -    📈 Макс. одновременных сигналов: 25
2026-01-18 19:24:04,147 - coint2.pipeline.walk_forward_orchestrator - INFO -    📊 Средн. сигналов за период: 1.3
2026-01-18 19:24:04,147 - coint2.pipeline.walk_forward_orchestrator - INFO -    🎯 Финальных активных позиций: 0
2026-01-18 19:24:04,149 - coint2.pipeline.walk_forward_orchestrator - INFO -    ⚡ Утилизация лимита позиций: 9.7%
2026-01-18 19:24:04,150 - WARNING -   ⚠️ Ошибка обработки пары AFCUSDT-CITYUSDT: division by zero
2026-01-18 19:24:04,150 - WARNING -   ⚠️ Ошибка обработки пары RSS3USDT-XAVAUSDT: division by zero
2026-01-18 19:24:04,150 - INFO - ⇠ WF-шаг 1/3 backtests — completed 90 items in 1.27s (71.1 items/s)
2026-01-18 19:24:04,150 - INFO -   ✅ Обработка завершена: 88 успешно, 2 с ошибками
2026-01-18 19:24:04,150 - INFO -   📊 Успешность: 97.8%, прибыльность: 62.5%, сделок/пара: 20.7
2026-01-18 19:24:04,150 - INFO -   ✅ Завершены бэктесты для 90 пар
2026-01-18 19:24:04,150 - INFO -   📊 Всего обработано пар в этом шаге: 90
2026-01-18 19:24:04,150 - INFO -   📈 Результаты шага: 55/90 прибыльных пар, 1823 сделок
2026-01-18 19:24:04,150 - INFO -   💰 P&L шага: $+238.17
2026-01-18 19:24:04,150 - INFO -   ⇢ Обновление капитала и дневного P&L...
2026-01-18 19:24:05,297 - INFO -   💼 Шаг P&L: $+238.17, Накопленный капитал: $10,238.17
2026-01-18 19:24:05,297 - INFO - ------------------------------------------------------------
2026-01-18 19:24:05,297 - INFO -   Walk-forward steps: 1 / 3 (33.3%) | 0.0 items/s | ETA: 640.2s
2026-01-18 19:24:05,297 - INFO - 🔍 WF-шаг 2/3: Валидация временных окон...
2026-01-18 19:24:05,298 - INFO - ⇢ WF-шаг 2/3: training 2023-09-01-2023-10-30, testing 2023-10-31-2023-11-30 — start
2026-01-18 19:24:05,298 - INFO - ⇢ loading step data — start
2026-01-18 19:24:05,476 - INFO - ⇠ loading step data — done in 0.18s
2026-01-18 19:24:06,667 - INFO - 📊 WF-шаг 2/3: Границы данных:
2026-01-18 19:24:06,667 - INFO -    Training: 2023-09-01 00:00:00 → 2023-10-30 23:45:00 (5,760 строк × 292 символов)
2026-01-18 19:24:06,667 - INFO -    Testing:  2023-10-31 00:00:00 → 2023-11-30 00:00:00 (2,881 строк × 292 символов)
2026-01-18 19:24:06,667 - INFO -    Временной разрыв: 0 days 00:15:00
2026-01-18 19:24:06,703 - INFO - ⇢ normalizing training data — start
2026-01-18 19:24:06,734 - INFO -   Символы с NaN значениями: 26
2026-01-18 19:24:06,735 - INFO -   Применяем метод нормализации: rolling_zscore
2026-01-18 19:24:06,749 - INFO - Символы с недостаточной историей: 17 из 292
2026-01-18 19:24:07,133 - INFO - Символы с NaN после нормализации: 275
2026-01-18 19:24:07,139 - INFO - Удалено 617 начальных строк с NaN от rolling расчетов
2026-01-18 19:24:07,140 - INFO - Итоговое количество символов после нормализации: 275 из 292
2026-01-18 19:24:07,141 - INFO -   Статистика нормализации:
2026-01-18 19:24:07,141 - INFO -     Исходные символы: 292
2026-01-18 19:24:07,141 - INFO -     Недостаточная история: 17
2026-01-18 19:24:07,141 - INFO -     Постоянная цена: 0
2026-01-18 19:24:07,141 - INFO -     NaN после нормализации: 275
2026-01-18 19:24:07,141 - INFO -     Итоговые символы: 275 (94.2%)
2026-01-18 19:24:07,141 - INFO -   После нормализации: 275 символов (потеряно 17)
2026-01-18 19:24:07,141 - INFO -   Отброшенные символы: BEAMUSDT, FETUSDT, FLIPUSDT, JEFFUSDT, MEMEUSDT, POLUSDT, PPTUSDT, PYTHUSDT, PYUSDUSDT, ROOTUSDT, RPKUSDT, SHRAPUSDT, TIAUSDT, TOKENUSDT, TUSDUSDT, VRTXUSDT, ZTXUSDT
2026-01-18 19:24:07,141 - INFO - ⇠ normalizing training data — done in 0.44s
2026-01-18 19:24:07,142 - INFO - ⇢ SSD computation — start
2026-01-18 19:24:07,142 - INFO -   Расчет SSD для всех пар (без ограничения)
2026-01-18 19:24:09,339 - INFO -   SSD результат (все пары): 37675 пар
2026-01-18 19:24:09,339 - INFO -   Ограничиваем до top-25000 пар для дальнейшей обработки
2026-01-18 19:24:09,340 - INFO - ⇠ SSD computation — done in 2.20s
2026-01-18 19:24:09,347 - INFO - ⇢ filtering pairs by cointegration and half-life — start
2026-01-18 19:24:09,348 - INFO - [ФИЛЬТР] Параллельная фильтрация: threads (8 workers)
2026-01-18 19:27:18,143 - INFO - [ФИЛЬТР] После проверки данных: 25000 пар
2026-01-18 19:27:18,143 - INFO - [ФИЛЬТР] После фильтра корреляции (>0.65): 8428 пар
2026-01-18 19:27:18,143 - INFO - [ФИЛЬТР] После фильтра beta: 5507 пар
2026-01-18 19:27:18,143 - INFO - [ФИЛЬТР] После фильтра mean crossings: 5507 пар
2026-01-18 19:27:18,143 - INFO - [ФИЛЬТР] После фильтра half-life: 5472 пар
2026-01-18 19:27:18,143 - INFO - [ФИЛЬТР] После фильтра коинтеграции: 2143 пар
2026-01-18 19:27:18,143 - INFO - [ФИЛЬТР] После фильтра Hurst: 1292 пар
2026-01-18 19:27:18,143 - INFO - [ФИЛЬТР] После фильтра KPSS: 36 пар
2026-01-18 19:27:18,143 - INFO - [ФИЛЬТР] После фильтра market microstructure: 36 пар
2026-01-18 19:27:18,144 - INFO - [ФИЛЬТР] Статистика фильтрации (оптимизированный порядок):
2026-01-18 19:27:18,144 - INFO -   1. SSD → Коинтеграция: 25000 → 2143 пар
2026-01-18 19:27:18,144 - INFO -   2. Коинтеграция → Beta: 2143 → 5507 пар
2026-01-18 19:27:18,144 - INFO -   3. Beta → Half-life: 5507 → 5472 пар
2026-01-18 19:27:18,144 - INFO -   4. Half-life → Mean crossings: 5472 → 5507 пар
2026-01-18 19:27:18,144 - INFO -   5. Mean crossings → Hurst: 5507 → 1292 пар
2026-01-18 19:27:18,144 - INFO -   6. Hurst → KPSS: 1292 → 36 пар
2026-01-18 19:27:18,144 - INFO -   7. KPSS → Market microstructure: 36 → 36 пар
2026-01-18 19:27:18,144 - INFO - [ФИЛЬТР] Причины отсева:
2026-01-18 19:27:18,144 - INFO -   • low_correlation: 16572 пар (66.3%)
2026-01-18 19:27:18,144 - INFO -   • pvalue: 3329 пар (13.3%)
2026-01-18 19:27:18,144 - INFO -   • beta: 2921 пар (11.7%)
2026-01-18 19:27:18,144 - INFO -   • kpss: 1256 пар (5.0%)
2026-01-18 19:27:18,144 - INFO -   • hurst: 851 пар (3.4%)
2026-01-18 19:27:18,144 - INFO -   • half_life: 35 пар (0.1%)
2026-01-18 19:27:18,144 - INFO - [ФИЛЬТР] Итого: 25000 → 36 пар (0.1% прошли все фильтры)
2026-01-18 19:27:18,180 - INFO - Причины отсева сохранены в results/filter_reasons_20260118_192718.csv
2026-01-18 19:27:18,190 - INFO -   Фильтрация: 25000 → 36 пар
2026-01-18 19:27:18,190 - INFO - ⇠ filtering pairs by cointegration and half-life — done in 188.84s
2026-01-18 19:27:18,190 - INFO - ⇠ WF-шаг 2/3: training 2023-09-01-2023-10-30, testing 2023-10-31-2023-11-30 — done in 192.89s
2026-01-18 19:27:18,190 - INFO -   Топ-3 пары по волатильности спреда:
2026-01-18 19:27:18,190 - INFO -     1. MOVRUSDT-TRVLUSDT: beta=68.1436, std=0.1172
2026-01-18 19:27:18,190 - INFO -     2. AGLDUSDT-PENDLEUSDT: beta=0.9594, std=0.0760
2026-01-18 19:27:18,190 - INFO -     3. AGLDUSDT-ICXUSDT: beta=5.7286, std=0.0652
2026-01-18 19:27:18,190 - INFO -   Всего пар для торговли: 36 (ограничение 12 применяется к одновременно открытым позициям)
2026-01-18 19:27:18,191 - INFO -   💰 Проверка расчета капитала: equity=$10,238.17, кандидатных_пар=36, max_позиций=12
2026-01-18 19:27:18,191 - INFO -   🎯 Target concurrency: 12 (ожидаемое одновременное число позиций)
2026-01-18 19:27:18,191 - INFO -   📊 Детали расчета капитала:
2026-01-18 19:27:18,191 - INFO -      • Базовый капитал на пару: $853.18 (equity / target_concurrency)
2026-01-18 19:27:18,191 - INFO -      • Риск-капитал: $122.86 (1.2% от equity)
2026-01-18 19:27:18,191 - INFO -      • Макс. размер позиции: $204.76 (2.0% от equity)
2026-01-18 19:27:18,191 - INFO -      • Итоговый капитал на пару: $122.86
2026-01-18 19:27:18,191 - INFO - ⇢ WF-шаг 2/3 backtests — starting 36 items
2026-01-18 19:27:18,191 - INFO - 🚀 WF-шаг 2/3: Начинаем бэктесты для 36 пар...
2026-01-18 19:27:18,191 - INFO - 🚀 WF-шаг 2/3: Запускаем параллельную обработку 36 пар на 8 ядрах...
2026-01-18 19:27:18,191 - INFO - 🚀 WF-шаг 2/3: Режим параллельности: процессы
⚙️  Загрузка данных за период: 2023-09-01 -> 2023-11-30
📂 Найдено 43 parquet файлов для обработки.
📊 Схема данных: Schema({'timestamp': Int64, 'open': Float64, 'high': Float64, 'low': Float64, 'close': Float64, 'volume': Float64, 'turnover': String, 'ts_ms': Int64, 'symbol': String})
✅ Загружено 2420293 записей с помощью Polars.
📊 Типы данных в pandas: timestamp       datetime64[us]
symbol                  object
close                  float64
timestamp_ms             int64
dtype: object
2026-01-18 19:27:18,243 - coint2.engine.numba_engine - INFO - Запуск Numba-оптимизированного бэктеста для MOVRUSDT-TRVLUSDT
2026-01-18 19:27:18,268 - coint2.engine.numba_engine - INFO - Запуск Numba-оптимизированного бэктеста для AGLDUSDT-PENDLEUSDT
2026-01-18 19:27:18,284 - coint2.engine.numba_engine - INFO - Запуск Numba-оптимизированного бэктеста для AGLDUSDT-ICXUSDT
2026-01-18 19:27:18,305 - coint2.engine.numba_engine - INFO - Запуск Numba-оптимизированного бэктеста для CITYUSDT-OASUSDT
2026-01-18 19:27:18,325 - coint2.engine.numba_engine - INFO - Запуск Numba-оптимизированного бэктеста для CAKEUSDT-CTCUSDT
2026-01-18 19:27:18,326 - coint2.engine.numba_engine - INFO - Запуск Numba-оптимизированного бэктеста для LDOUSDT-SFUNDUSDT
2026-01-18 19:27:18,347 - coint2.engine.numba_engine - INFO - Запуск Numba-оптимизированного бэктеста для LDOUSDC-SFUNDUSDT
2026-01-18 19:27:18,348 - coint2.engine.numba_engine - INFO - Запуск Numba-оптимизированного бэктеста для AGLAUSDT-SALDUSDT
2026-01-18 19:27:18,360 - coint2.engine.numba_engine - INFO - Запуск Numba-оптимизированного бэктеста для ETHWUSDT-RPLUSDT
2026-01-18 19:27:18,364 - coint2.engine.numba_engine - INFO - Запуск Numba-оптимизированного бэктеста для ETHWUSDT-TRVLUSDT
2026-01-18 19:27:18,371 - coint2.engine.numba_engine - INFO - Запуск Numba-оптимизированного бэктеста для DOGEUSDC-GODSUSDT
2026-01-18 19:27:18,376 - coint2.engine.numba_engine - INFO - Запуск Numba-оптимизированного бэктеста для JUVUSDT-KAVAUSDT
2026-01-18 19:27:18,384 - coint2.engine.numba_engine - INFO - Запуск Numba-оптимизированного бэктеста для ADAEUR-LDOUSDT
2026-01-18 19:27:18,385 - coint2.engine.numba_engine - INFO - Запуск Numba-оптимизированного бэктеста для BELUSDT-USTCUSDT
2026-01-18 19:27:18,387 - coint2.engine.numba_engine - INFO - Запуск Numba-оптимизированного бэктеста для ADAEUR-LDOUSDC
2026-01-18 19:27:18,394 - coint2.engine.numba_engine - INFO - Запуск Numba-оптимизированного бэктеста для LUNCUSDT-RVNUSDT
2026-01-18 19:27:18,400 - coint2.engine.numba_engine - INFO - Запуск Numba-оптимизированного бэктеста для UMAUSDT-WAVESUSDT
2026-01-18 19:27:18,406 - coint2.engine.numba_engine - INFO - Запуск Numba-оптимизированного бэктеста для KAVAUSDT-VELOUSDT
2026-01-18 19:27:18,407 - coint2.engine.numba_engine - INFO - Запуск Numba-оптимизированного бэктеста для HFTUSDC-HFTUSDT
2026-01-18 19:27:18,407 - coint2.engine.numba_engine - INFO - Запуск Numba-оптимизированного бэктеста для ADAUSDT-LOOKSUSDT
2026-01-18 19:27:18,409 - coint2.engine.numba_engine - INFO - Запуск Numba-оптимизированного бэктеста для JSTUSDT-MVLUSDT
2026-01-18 19:27:18,428 - coint2.engine.numba_engine - INFO - Запуск Numba-оптимизированного бэктеста для OMGUSDT-XRPEUR
2026-01-18 19:27:18,429 - coint2.engine.numba_engine - INFO - Запуск Numba-оптимизированного бэктеста для ADAUSDC-LOOKSUSDT
2026-01-18 19:27:18,430 - coint2.engine.numba_engine - INFO - Запуск Numba-оптимизированного бэктеста для DOGEEUR-DYDXUSDT
2026-01-18 19:27:18,431 - coint2.engine.numba_engine - INFO - Запуск Numba-оптимизированного бэктеста для NFTUSDT-XECUSDT
2026-01-18 19:27:18,433 - coint2.engine.numba_engine - INFO - Запуск Numba-оптимизированного бэктеста для LADYSUSDT-SHIBUSDC
2026-01-18 19:27:18,452 - coint2.engine.numba_engine - INFO - Запуск Numba-оптимизированного бэктеста для GSTUSDT-MVUSDT
2026-01-18 19:27:18,452 - coint2.engine.numba_engine - INFO - Запуск Numba-оптимизированного бэктеста для SOLOUSDT-TELUSDT
2026-01-18 19:27:18,452 - coint2.engine.numba_engine - INFO - Запуск Numba-оптимизированного бэктеста для LADYSUSDT-SHIBUSDT
2026-01-18 19:27:18,457 - coint2.engine.numba_engine - INFO - Запуск Numba-оптимизированного бэктеста для AVAUSDT-ERTHAUSDT
2026-01-18 19:27:18,474 - coint2.engine.numba_engine - INFO - Запуск Numba-оптимизированного бэктеста для ONEUSDT-WAVESUSDT
2026-01-18 19:27:18,480 - coint2.engine.numba_engine - INFO - Запуск Numba-оптимизированного бэктеста для BATUSDT-ICXUSDT
2026-01-18 19:27:18,481 - coint2.engine.numba_engine - INFO - Запуск Numba-оптимизированного бэктеста для FLOWUSDT-ROSEUSDT
2026-01-18 19:27:18,503 - coint2.engine.numba_engine - INFO - Запуск Numba-оптимизированного бэктеста для DAIUSDT-USDCUSDT
2026-01-18 19:27:18,503 - coint2.engine.numba_engine - INFO - Запуск Numba-оптимизированного бэктеста для DOGEUSDT-GODSUSDT
2026-01-18 19:27:18,526 - coint2.engine.numba_engine - INFO - Запуск Numba-оптимизированного бэктеста для LUNCUSDC-RVNUSDT
2026-01-18 19:27:18,562 - INFO -   ⏱️ Параллельная обработка завершена за 0.4с (97.1 пар/с)
2026-01-18 19:27:18,579 - coint2.pipeline.walk_forward_orchestrator - INFO - 🎯 СИМУЛЯЦИЯ ПОРТФЕЛЯ: 36 пар, лимит 12 позиций
2026-01-18 19:27:19,034 - coint2.pipeline.walk_forward_orchestrator - INFO -    📈 Макс. одновременных сигналов: 20
2026-01-18 19:27:19,034 - coint2.pipeline.walk_forward_orchestrator - INFO -    📊 Средн. сигналов за период: 0.3
2026-01-18 19:27:19,034 - coint2.pipeline.walk_forward_orchestrator - INFO -    🎯 Финальных активных позиций: 0
2026-01-18 19:27:19,035 - coint2.pipeline.walk_forward_orchestrator - INFO -    ⚡ Утилизация лимита позиций: 2.8%
2026-01-18 19:27:19,036 - INFO - ⇠ WF-шаг 2/3 backtests — completed 36 items in 0.84s (42.6 items/s)
2026-01-18 19:27:19,036 - INFO -   ✅ Обработка завершена: 36 успешно, 0 с ошибками
2026-01-18 19:27:19,036 - INFO -   📊 Успешность: 100.0%, прибыльность: 52.8%, сделок/пара: 13.8
2026-01-18 19:27:19,036 - INFO -   ✅ Завершены бэктесты для 36 пар
2026-01-18 19:27:19,036 - INFO -   📊 Всего обработано пар в этом шаге: 36
2026-01-18 19:27:19,036 - INFO -   📈 Результаты шага: 19/36 прибыльных пар, 498 сделок
2026-01-18 19:27:19,036 - INFO -   💰 P&L шага: $+197.93
2026-01-18 19:27:19,036 - INFO -   ⇢ Обновление капитала и дневного P&L...
2026-01-18 19:27:20,304 - INFO -   💼 Шаг P&L: $+197.93, Накопленный капитал: $10,436.10
2026-01-18 19:27:20,304 - INFO - ------------------------------------------------------------
2026-01-18 19:27:20,304 - INFO -   Walk-forward steps: 2 / 3 (66.7%) | 0.0 items/s | ETA: 257.6s
2026-01-18 19:27:20,304 - INFO - 🔍 WF-шаг 3/3: Валидация временных окон...
2026-01-18 19:27:20,305 - INFO - ⇢ WF-шаг 3/3: training 2023-10-01-2023-11-29, testing 2023-11-30-2023-12-30 — start
2026-01-18 19:27:20,305 - INFO - ⇢ loading step data — start
2026-01-18 19:27:20,478 - INFO - ⇠ loading step data — done in 0.17s
2026-01-18 19:27:21,864 - INFO - 📊 WF-шаг 3/3: Границы данных:
2026-01-18 19:27:21,865 - INFO -    Training: 2023-10-01 00:00:00 → 2023-11-29 23:45:00 (5,760 строк × 309 символов)
2026-01-18 19:27:21,865 - INFO -    Testing:  2023-11-30 00:00:00 → 2023-12-30 00:00:00 (2,881 строк × 309 символов)
2026-01-18 19:27:21,865 - INFO -    Временной разрыв: 0 days 00:15:00
2026-01-18 19:27:21,902 - INFO - ⇢ normalizing training data — start
2026-01-18 19:27:21,936 - INFO -   Символы с NaN значениями: 33
2026-01-18 19:27:21,937 - INFO -   Применяем метод нормализации: rolling_zscore
2026-01-18 19:27:21,952 - INFO - Символы с недостаточной историей: 32 из 309
2026-01-18 19:27:22,340 - INFO - Символы с NaN после нормализации: 277
2026-01-18 19:27:22,346 - INFO - Удалено 233 начальных строк с NaN от rolling расчетов
2026-01-18 19:27:22,348 - INFO - Итоговое количество символов после нормализации: 277 из 309
2026-01-18 19:27:22,348 - INFO -   Статистика нормализации:
2026-01-18 19:27:22,349 - INFO -     Исходные символы: 309
2026-01-18 19:27:22,349 - INFO -     Недостаточная история: 32
2026-01-18 19:27:22,349 - INFO -     Постоянная цена: 0
2026-01-18 19:27:22,349 - INFO -     NaN после нормализации: 277
2026-01-18 19:27:22,349 - INFO -     Итоговые символы: 277 (89.6%)
2026-01-18 19:27:22,349 - INFO -   После нормализации: 277 символов (потеряно 32)
2026-01-18 19:27:22,349 - INFO -   Отброшено много символов: 32 из 309
2026-01-18 19:27:22,349 - INFO - ⇠ normalizing training data — done in 0.45s
2026-01-18 19:27:22,350 - INFO - ⇢ SSD computation — start
2026-01-18 19:27:22,350 - INFO -   Расчет SSD для всех пар (без ограничения)
2026-01-18 19:27:24,558 - INFO -   SSD результат (все пары): 38226 пар
2026-01-18 19:27:24,558 - INFO -   Ограничиваем до top-25000 пар для дальнейшей обработки
2026-01-18 19:27:24,559 - INFO - ⇠ SSD computation — done in 2.21s
2026-01-18 19:27:24,567 - INFO - ⇢ filtering pairs by cointegration and half-life — start
2026-01-18 19:27:24,568 - INFO - [ФИЛЬТР] Параллельная фильтрация: threads (8 workers)
2026-01-18 19:32:17,651 - INFO - [ФИЛЬТР] После проверки данных: 25000 пар
2026-01-18 19:32:17,651 - INFO - [ФИЛЬТР] После фильтра корреляции (>0.65): 19578 пар
2026-01-18 19:32:17,651 - INFO - [ФИЛЬТР] После фильтра beta: 13627 пар
2026-01-18 19:32:17,651 - INFO - [ФИЛЬТР] После фильтра mean crossings: 13627 пар
2026-01-18 19:32:17,651 - INFO - [ФИЛЬТР] После фильтра half-life: 13591 пар
2026-01-18 19:32:17,651 - INFO - [ФИЛЬТР] После фильтра коинтеграции: 3018 пар
2026-01-18 19:32:17,651 - INFO - [ФИЛЬТР] После фильтра Hurst: 1219 пар
2026-01-18 19:32:17,651 - INFO - [ФИЛЬТР] После фильтра KPSS: 57 пар
2026-01-18 19:32:17,651 - INFO - [ФИЛЬТР] После фильтра market microstructure: 57 пар
2026-01-18 19:32:17,651 - INFO - [ФИЛЬТР] Статистика фильтрации (оптимизированный порядок):
2026-01-18 19:32:17,651 - INFO -   1. SSD → Коинтеграция: 25000 → 3018 пар
2026-01-18 19:32:17,651 - INFO -   2. Коинтеграция → Beta: 3018 → 13627 пар
2026-01-18 19:32:17,651 - INFO -   3. Beta → Half-life: 13627 → 13591 пар
2026-01-18 19:32:17,651 - INFO -   4. Half-life → Mean crossings: 13591 → 13627 пар
2026-01-18 19:32:17,651 - INFO -   5. Mean crossings → Hurst: 13627 → 1219 пар
2026-01-18 19:32:17,651 - INFO -   6. Hurst → KPSS: 1219 → 57 пар
2026-01-18 19:32:17,651 - INFO -   7. KPSS → Market microstructure: 57 → 57 пар
2026-01-18 19:32:17,651 - INFO - [ФИЛЬТР] Причины отсева:
2026-01-18 19:32:17,651 - INFO -   • pvalue: 10573 пар (42.3%)
2026-01-18 19:32:17,651 - INFO -   • beta: 5951 пар (23.8%)
2026-01-18 19:32:17,651 - INFO -   • low_correlation: 5422 пар (21.7%)
2026-01-18 19:32:17,651 - INFO -   • hurst: 1799 пар (7.2%)
2026-01-18 19:32:17,651 - INFO -   • kpss: 1162 пар (4.6%)
2026-01-18 19:32:17,651 - INFO -   • half_life: 36 пар (0.1%)
2026-01-18 19:32:17,651 - INFO - [ФИЛЬТР] Итого: 25000 → 57 пар (0.2% прошли все фильтры)
2026-01-18 19:32:17,687 - INFO - Причины отсева сохранены в results/filter_reasons_20260118_193217.csv
2026-01-18 19:32:17,697 - INFO -   Фильтрация: 25000 → 57 пар
2026-01-18 19:32:17,697 - INFO - ⇠ filtering pairs by cointegration and half-life — done in 293.13s
2026-01-18 19:32:17,697 - INFO - ⇠ WF-шаг 3/3: training 2023-10-01-2023-11-29, testing 2023-11-30-2023-12-30 — done in 297.39s
2026-01-18 19:32:17,697 - INFO -   Топ-3 пары по волатильности спреда:
2026-01-18 19:32:17,697 - INFO -     1. BTCDAI-BTCUSDT: beta=1.0002, std=79.1758
2026-01-18 19:32:17,697 - INFO -     2. BTCDAI-BTCUSDC: beta=0.9992, std=79.0267
2026-01-18 19:32:17,697 - INFO -     3. ETHDAI-STETHUSDT: beta=1.0010, std=7.7465
2026-01-18 19:32:17,698 - INFO -   Всего пар для торговли: 57 (ограничение 12 применяется к одновременно открытым позициям)
2026-01-18 19:32:17,698 - INFO -   💰 Проверка расчета капитала: equity=$10,436.10, кандидатных_пар=57, max_позиций=12
2026-01-18 19:32:17,698 - INFO -   🎯 Target concurrency: 12 (ожидаемое одновременное число позиций)
2026-01-18 19:32:17,698 - INFO -   📊 Детали расчета капитала:
2026-01-18 19:32:17,698 - INFO -      • Базовый капитал на пару: $869.68 (equity / target_concurrency)
2026-01-18 19:32:17,698 - INFO -      • Риск-капитал: $125.23 (1.2% от equity)
2026-01-18 19:32:17,698 - INFO -      • Макс. размер позиции: $208.72 (2.0% от equity)
2026-01-18 19:32:17,698 - INFO -      • Итоговый капитал на пару: $125.23
2026-01-18 19:32:17,698 - INFO - ⇢ WF-шаг 3/3 backtests — starting 57 items
2026-01-18 19:32:17,699 - INFO - 🚀 WF-шаг 3/3: Начинаем бэктесты для 57 пар...
2026-01-18 19:32:17,699 - INFO - 🚀 WF-шаг 3/3: Запускаем параллельную обработку 57 пар на 8 ядрах...
2026-01-18 19:32:17,699 - INFO -   📊 Большой набор пар (57), ожидаемое время: ~2 мин
2026-01-18 19:32:17,699 - INFO -   🔄 Прогресс будет отображаться каждые 5 пар
2026-01-18 19:32:17,699 - INFO - 🚀 WF-шаг 3/3: Режим параллельности: процессы
⚙️  Загрузка данных за период: 2023-10-01 -> 2023-12-30
📂 Найдено 43 parquet файлов для обработки.
📊 Схема данных: Schema({'timestamp': Int64, 'open': Float64, 'high': Float64, 'low': Float64, 'close': Float64, 'volume': Float64, 'turnover': String, 'ts_ms': Int64, 'symbol': String})
✅ Загружено 2499894 записей с помощью Polars.
📊 Типы данных в pandas: timestamp       datetime64[us]
symbol                  object
close                  float64
timestamp_ms             int64
dtype: object
2026-01-18 19:32:17,751 - coint2.engine.numba_engine - INFO - Запуск Numba-оптимизированного бэктеста для BTCDAI-BTCUSDT
2026-01-18 19:32:17,772 - coint2.engine.numba_engine - INFO - Запуск Numba-оптимизированного бэктеста для BTCDAI-BTCUSDC
2026-01-18 19:32:17,793 - coint2.engine.numba_engine - INFO - Запуск Numba-оптимизированного бэктеста для ETHDAI-STETHUSDT
2026-01-18 19:32:17,815 - coint2.engine.numba_engine - INFO - Запуск Numba-оптимизированного бэктеста для GMXUSDT-WAVESUSDT
2026-01-18 19:32:17,834 - coint2.engine.numba_engine - INFO - Запуск Numba-оптимизированного бэктеста для CYBERUSDT-MASKUSDT
2026-01-18 19:32:17,836 - coint2.engine.numba_engine - INFO - Запуск Numba-оптимизированного бэктеста для GMXUSDT-OMGUSDT
2026-01-18 19:32:17,854 - coint2.engine.numba_engine - INFO - Запуск Numba-оптимизированного бэктеста для ETCUSDT-KDAUSDT
2026-01-18 19:32:17,856 - coint2.engine.numba_engine - INFO - Запуск Numba-оптимизированного бэктеста для FILUSDC-WAVESUSDT
2026-01-18 19:32:17,858 - coint2.engine.numba_engine - INFO - Запуск Numba-оптимизированного бэктеста для RPLUSDT-SANDUSDC
2026-01-18 19:32:17,875 - coint2.engine.numba_engine - INFO - Запуск Numba-оптимизированного бэктеста для CYBERUSDT-QTUMUSDT
2026-01-18 19:32:17,877 - coint2.engine.numba_engine - INFO - Запуск Numba-оптимизированного бэктеста для FILUSDT-WAVESUSDT
2026-01-18 19:32:17,879 - coint2.engine.numba_engine - INFO - Запуск Numba-оптимизированного бэктеста для COREUSDT-WWYUSDT
2026-01-18 19:32:17,888 - coint2.engine.numba_engine - INFO - Запуск Numba-оптимизированного бэктеста для RPLUSDT-WAVESUSDT
2026-01-18 19:32:17,895 - coint2.engine.numba_engine - INFO - Запуск Numba-оптимизированного бэктеста для CYBERUSDT-LRCUSDT
2026-01-18 19:32:17,897 - coint2.engine.numba_engine - INFO - Запуск Numba-оптимизированного бэктеста для FILUSDT-SANDUSDT
2026-01-18 19:32:17,899 - coint2.engine.numba_engine - INFO - Запуск Numba-оптимизированного бэктеста для CRVUSDT-VRAUSDT
2026-01-18 19:32:17,900 - coint2.engine.numba_engine - INFO - Запуск Numba-оптимизированного бэктеста для IDUSDT-LRCUSDT
2026-01-18 19:32:17,917 - coint2.engine.numba_engine - INFO - Запуск Numba-оптимизированного бэктеста для FXSUSDT-SCRTUSDT
2026-01-18 19:32:17,917 - coint2.engine.numba_engine - INFO - Запуск Numba-оптимизированного бэктеста для KSMUSDT-OMGUSDT
2026-01-18 19:32:17,918 - coint2.engine.numba_engine - INFO - Запуск Numba-оптимизированного бэктеста для JUVUSDT-OPUSDT
2026-01-18 19:32:17,919 - coint2.engine.numba_engine - INFO - Запуск Numba-оптимизированного бэктеста для FLOWUSDT-NEXOUSDT
2026-01-18 19:32:17,921 - coint2.engine.numba_engine - INFO - Запуск Numba-оптимизированного бэктеста для 1INCHUSDT-NYMUSDT
2026-01-18 19:32:17,923 - coint2.engine.numba_engine - INFO - Запуск Numba-оптимизированного бэктеста для MVUSDT-ZILUSDT
2026-01-18 19:32:17,940 - coint2.engine.numba_engine - INFO - Запуск Numba-оптимизированного бэктеста для JUVUSDT-OPUSDC
2026-01-18 19:32:17,940 - coint2.engine.numba_engine - INFO - Запуск Numba-оптимизированного бэктеста для STGUSDT-XTZUSDT
2026-01-18 19:32:17,942 - coint2.engine.numba_engine - INFO - Запуск Numba-оптимизированного бэктеста для SANDUSDC-WAVESUSDT
2026-01-18 19:32:17,943 - coint2.engine.numba_engine - INFO - Запуск Numba-оптимизированного бэктеста для MVUSDT-TONUSDT
2026-01-18 19:32:17,945 - coint2.engine.numba_engine - INFO - Запуск Numba-оптимизированного бэктеста для CHZUSDT-KSMUSDT
2026-01-18 19:32:17,945 - coint2.engine.numba_engine - INFO - Запуск Numba-оптимизированного бэктеста для AXSUSDT-NEXOUSDT
2026-01-18 19:32:17,962 - coint2.engine.numba_engine - INFO - Запуск Numba-оптимизированного бэктеста для AVAUSDT-CHZUSDC
2026-01-18 19:32:17,962 - coint2.engine.numba_engine - INFO - Запуск Numba-оптимизированного бэктеста для SANDUSDT-WAVESUSDT
2026-01-18 19:32:17,965 - coint2.engine.numba_engine - INFO - Запуск Numba-оптимизированного бэктеста для DOGEUSDC-SCRTUSDT
2026-01-18 19:32:17,965 - coint2.engine.numba_engine - INFO - Запуск Numba-оптимизированного бэктеста для HBARUSDT-SCRTUSDT
2026-01-18 19:32:17,967 - coint2.engine.numba_engine - INFO - Запуск Numba-оптимизированного бэктеста для LUNCUSDC-LUNCUSDT
2026-01-18 19:32:17,981 - coint2.engine.numba_engine - INFO - Запуск Numba-оптимизированного бэктеста для LUNAUSDT-MOVRUSDT
2026-01-18 19:32:17,984 - coint2.engine.numba_engine - INFO - Запуск Numba-оптимизированного бэктеста для BICOUSDT-VRAUSDT
2026-01-18 19:32:17,984 - coint2.engine.numba_engine - INFO - Запуск Numba-оптимизированного бэктеста для DOGEUSDT-SCRTUSDT
2026-01-18 19:32:17,987 - coint2.engine.numba_engine - INFO - Запуск Numba-оптимизированного бэктеста для ACHUSDT-SANDUSDT
2026-01-18 19:32:17,997 - coint2.engine.numba_engine - INFO - Запуск Numba-оптимизированного бэктеста для ICPUSDT-NEXOUSDT
2026-01-18 19:32:17,998 - coint2.engine.numba_engine - INFO - Запуск Numba-оптимизированного бэктеста для ICPUSDC-NEXOUSDT
2026-01-18 19:32:18,007 - coint2.engine.numba_engine - INFO - Запуск Numba-оптимизированного бэктеста для DOGEUSDC-NEXOUSDT
2026-01-18 19:32:18,007 - coint2.engine.numba_engine - INFO - Запуск Numba-оптимизированного бэктеста для CHRPUSDT-ICPUSDT
2026-01-18 19:32:18,015 - coint2.engine.numba_engine - INFO - Запуск Numba-оптимизированного бэктеста для AVAUSDT-CHZUSDT
2026-01-18 19:32:18,020 - coint2.engine.numba_engine - INFO - Запуск Numba-оптимизированного бэктеста для HOOKUSDT-RVNUSDT
2026-01-18 19:32:18,029 - coint2.engine.numba_engine - INFO - Запуск Numba-оптимизированного бэктеста для CHRPUSDT-GRTUSDT
2026-01-18 19:32:18,033 - coint2.engine.numba_engine - INFO - Запуск Numba-оптимизированного бэктеста для CITYUSDT-PERPUSDT
2026-01-18 19:32:18,042 - coint2.engine.numba_engine - INFO - Запуск Numba-оптимизированного бэктеста для AVAUSDT-LRCUSDT
2026-01-18 19:32:18,049 - coint2.engine.numba_engine - INFO - Запуск Numba-оптимизированного бэктеста для ENJUSDT-MANAUSDC
2026-01-18 19:32:18,064 - coint2.engine.numba_engine - INFO - Запуск Numba-оптимизированного бэктеста для C98USDT-QTUMUSDT
2026-01-18 19:32:18,067 - coint2.engine.numba_engine - INFO - Запуск Numba-оптимизированного бэктеста для ICXUSDT-PENDLEUSDT
2026-01-18 19:32:18,084 - coint2.engine.numba_engine - INFO - Запуск Numba-оптимизированного бэктеста для DOGEUSDT-NEXOUSDT
2026-01-18 19:32:18,086 - coint2.engine.numba_engine - INFO - Запуск Numba-оптимизированного бэктеста для CHZUSDC-KSMUSDT
2026-01-18 19:32:18,101 - coint2.engine.numba_engine - INFO - Запуск Numba-оптимизированного бэктеста для ENJUSDT-MANAUSDT
2026-01-18 19:32:18,108 - coint2.engine.numba_engine - INFO - Запуск Numba-оптимизированного бэктеста для MIXUSDT-XTZUSDT
2026-01-18 19:32:18,118 - coint2.engine.numba_engine - INFO - Запуск Numba-оптимизированного бэктеста для MVLUSDT-ZILUSDT
2026-01-18 19:32:18,136 - coint2.engine.numba_engine - INFO - Запуск Numba-оптимизированного бэктеста для DOGEEUR-NEXOUSDT
2026-01-18 19:32:18,161 - coint2.engine.numba_engine - INFO - Запуск Numba-оптимизированного бэктеста для DOMEUSDT-TENETUSDT
2026-01-18 19:32:18,199 - INFO -   ⏱️ Параллельная обработка завершена за 0.5с (113.9 пар/с)
2026-01-18 19:32:18,222 - coint2.pipeline.walk_forward_orchestrator - INFO - 🎯 СИМУЛЯЦИЯ ПОРТФЕЛЯ: 57 пар, лимит 12 позиций
2026-01-18 19:32:18,789 - coint2.pipeline.walk_forward_orchestrator - INFO -    📈 Макс. одновременных сигналов: 26
2026-01-18 19:32:18,789 - coint2.pipeline.walk_forward_orchestrator - INFO -    📊 Средн. сигналов за период: 0.6
2026-01-18 19:32:18,789 - coint2.pipeline.walk_forward_orchestrator - INFO -    🎯 Финальных активных позиций: 0
2026-01-18 19:32:18,790 - coint2.pipeline.walk_forward_orchestrator - INFO -    ⚡ Утилизация лимита позиций: 4.9%
2026-01-18 19:32:18,791 - INFO - ⇠ WF-шаг 3/3 backtests — completed 57 items in 1.09s (52.2 items/s)
2026-01-18 19:32:18,791 - INFO -   ✅ Обработка завершена: 57 успешно, 0 с ошибками
2026-01-18 19:32:18,791 - INFO -   📊 Успешность: 100.0%, прибыльность: 68.4%, сделок/пара: 15.2
2026-01-18 19:32:18,791 - INFO -   ✅ Завершены бэктесты для 57 пар
2026-01-18 19:32:18,791 - INFO -   📊 Всего обработано пар в этом шаге: 57
2026-01-18 19:32:18,791 - INFO -   📈 Результаты шага: 39/57 прибыльных пар, 867 сделок
2026-01-18 19:32:18,791 - INFO -   💰 P&L шага: $+214.41
2026-01-18 19:32:18,791 - INFO -   ⇢ Обновление капитала и дневного P&L...
2026-01-18 19:32:20,174 - INFO -   💼 Шаг P&L: $+214.41, Накопленный капитал: $10,650.51
2026-01-18 19:32:20,174 - INFO - ------------------------------------------------------------
2026-01-18 19:32:20,174 - INFO -   Walk-forward steps: 3 / 3 (100.0%) | 0.0 items/s | ETA: 0.0s
2026-01-18 19:32:20,174 - INFO - ⇠ Walk-forward steps — completed 3 items in 814.97s (0.0 items/s)
2026-01-18 19:32:20,174 - INFO - ================================================================================
2026-01-18 19:32:20,174 - INFO - 🏁 Walk-forward анализ завершен!
2026-01-18 19:32:20,174 - INFO - ⏱️ Обработано 3 шагов за 2.5 секунд
2026-01-18 19:32:20,174 - INFO - 📊 Всего обработано пар за весь анализ: 183
2026-01-18 19:32:20,174 - INFO - 💰 Финальный капитал: $10,650.51 (было $10,000.00)
2026-01-18 19:32:20,174 - INFO - 📈 Общая доходность: +6.51% ($+650.51)
2026-01-18 19:32:20,174 - INFO - 📊 Всего сделок: 0
2026-01-18 19:32:20,174 - INFO - ================================================================================
2026-01-18 19:32:20,175 - INFO - ✓ Завершены все 3 WF-шагов
2026-01-18 19:32:20,175 - INFO - ⇢ Обработка финальных результатов и расчет метрик...
2026-01-18 19:32:20,175 - INFO - ⇢ processing final results — start
2026-01-18 19:32:20,175 - INFO -   ⇢ Агрегация данных P&L за 8643 торговых дней
2026-01-18 19:32:20,198 - INFO -   ⇢ Расчет базовых метрик производительности...
2026-01-18 19:32:20,198 - INFO -     📊 Данные для анализа: 8643 записей P&L, 8641 точек equity
2026-01-18 19:32:20,201 - INFO -   ⇢ Расчет расширенных метрик (волатильность, Calmar ratio, и др.)...
2026-01-18 19:32:20,201 - INFO -   ✅ Расширенные метрики рассчитаны: 6 показателей
2026-01-18 19:32:20,201 - INFO -   ⇢ Анализ статистики по 183 парам...
2026-01-18 19:32:20,204 - INFO - ✅ Рассчитаны метрики производительности (19 показателей)
2026-01-18 19:32:20,204 - INFO -   💰 Общий P&L: $+650.51
2026-01-18 19:32:20,204 - INFO -   📊 Sharpe Ratio: 0.733
2026-01-18 19:32:20,204 - INFO -   📉 Максимальная просадка: -8816.83%
2026-01-18 19:32:20,204 - INFO -   🔄 Всего сделок: 3188
2026-01-18 19:32:20,204 - INFO -   📈 Торгуемых пар: 183
2026-01-18 19:32:20,204 - INFO -   💸 Общие издержки: $134.39
2026-01-18 19:32:20,205 - coint2.metrics - INFO - Metric: total_pnl
2026-01-18 19:32:20,205 - coint2.metrics - INFO - Metric: sharpe_ratio_abs
2026-01-18 19:32:20,205 - coint2.metrics - INFO - Metric: max_drawdown_pct
2026-01-18 19:32:20,205 - coint2.metrics - INFO - Metric: total_trades
2026-01-18 19:32:20,205 - coint2.metrics - INFO - Metric: total_pairs_traded
2026-01-18 19:32:20,205 - coint2.metrics - INFO - Metric: total_costs
2026-01-18 19:32:20,205 - INFO - ⇠ processing final results — done in 0.03s
2026-01-18 19:32:20,206 - INFO - ⇢ Создание отчетов и сохранение результатов...
2026-01-18 19:32:20,206 - INFO - ⇢ generating reports — start
2026-01-18 19:32:20,206 - INFO -   ⇢ Создание отчета о производительности...
2026-01-18 19:32:26,195 - INFO -   ✓ Отчет о производительности создан
2026-01-18 19:32:26,195 - INFO -   ⇢ Сохранение данных в CSV файлы...
2026-01-18 19:32:26,197 - INFO - 📋 Метрики сохранены: artifacts/wfa/runs/20260118_risk_sweep/risk_sweep_20260118_risk0p012_pos12_margin0p45_kelly0p2_z0p85_exit0p12_corr0p65_ssd25000/strategy_metrics.csv
2026-01-18 19:32:26,198 - INFO - 📈 Дневные P&L сохранены: artifacts/wfa/runs/20260118_risk_sweep/risk_sweep_20260118_risk0p012_pos12_margin0p45_kelly0p2_z0p85_exit0p12_corr0p65_ssd25000/daily_pnl.csv (91 записей)
2026-01-18 19:32:26,230 - INFO - 💹 Кривая капитала сохранена: artifacts/wfa/runs/20260118_risk_sweep/risk_sweep_20260118_risk0p012_pos12_margin0p45_kelly0p2_z0p85_exit0p12_corr0p65_ssd25000/equity_curve.csv (8641 точек)
2026-01-18 19:32:26,234 - INFO - 📋 Статистика сделок сохранена: artifacts/wfa/runs/20260118_risk_sweep/risk_sweep_20260118_risk0p012_pos12_margin0p45_kelly0p2_z0p85_exit0p12_corr0p65_ssd25000/trade_statistics.csv (183 записей)
2026-01-18 19:32:26,235 - INFO - 🎉 Walk-Forward анализ полностью завершен!
2026-01-18 19:32:26,235 - INFO - 📊 Все отчеты и данные сохранены в: artifacts/wfa/runs/20260118_risk_sweep/risk_sweep_20260118_risk0p012_pos12_margin0p45_kelly0p2_z0p85_exit0p12_corr0p65_ssd25000
2026-01-18 19:32:26,235 - INFO - 💼 Итоговый капитал: $10,650.51
2026-01-18 19:32:26,235 - INFO - ⏱️  Общее время выполнения: 8.5 секунд
2026-01-18 19:32:26,235 - INFO - ⇠ generating reports — done in 6.03s
2026-01-18 19:32:26,235 - coint2.core.memory_optimization - INFO - 🧹 Cleaning up global price data
2026-01-18 19:32:26,238 - coint2.core.memory_optimization - INFO - 📊 No global rolling stats to clean up
2026-01-18 19:32:26,239 - INFO - 🧹 Memory-mapped data cleaned up
2026-01-18 19:32:26,240 - INFO - ⇠ run_walk_forward_analysis — done in 824.91s
📊 Отчет сохранен: artifacts/wfa/runs/20260118_risk_sweep/risk_sweep_20260118_risk0p012_pos12_margin0p45_kelly0p2_z0p85_exit0p12_corr0p65_ssd25000/CointegrationStrategy_performance_report.png
🎯 ============================================================
📊 ИТОГИ ТОРГОВОЙ СТРАТЕГИИ
🎯 ============================================================

💰 ФИНАНСОВЫЕ РЕЗУЛЬТАТЫ:
   • Общий P&L:                          651
   • Максимальная просадка:              -88
   • Средний дневной P&L:                  7

📈 МЕТРИКИ РИСКА:
   • Коэффициент Шарпа:               0.7327
   • Волатильность P&L:                18.57
   • Процент прибыльных дней:         64.84%

🔄 ТОРГОВАЯ АКТИВНОСТЬ:
   • Всего торговых дней:                 91
   • Всего сделок:                     3,188
   • Торгуемых пар:                      183
   • Сделок на пару:                    17.4
   • Успешность сделок:               0.31%

💸 РАСХОДЫ И ЭКСТРЕМУМЫ:
   • Общие расходы:                      134
   • Максимальная прибыль:               110
   • Максимальный убыток:                -45
   • Лучшая пара (P&L):                   94
   • Худшая пара (P&L):                  -14

📊 ОЦЕНКА СТРАТЕГИИ:
   ✅ ОТЛИЧНАЯ стратегия! Высокий Шарп и положительный результат

🎯 ============================================================

Correct Sharpe Ratio: 0.7327133584956137
[run_wfa_fullcpu] end: 2026-01-18T19:32:27Z
