[run_wfa_queue] 2026-01-19T09:13:08Z cmd: /opt/coint4/coint4/run_wfa_fullcpu.sh configs/stability_20260119_relaxed4/stability_relaxed4_20260119_pv0p08_hurst0p65_hl0p02_60_corr0p45_ssd50000_kpss0p03.yaml artifacts/wfa/runs/20260119_stability_relaxed4/stability_relaxed4_20260119_pv0p08_hurst0p65_hl0p02_60_corr0p45_ssd50000_kpss0p03
[run_wfa_fullcpu] start: 2026-01-19T09:13:08Z
[run_wfa_fullcpu] os.cpu_count: 8
[run_wfa_fullcpu] worker_pid=1278
2026-01-19 09:13:11,657 - coint2.core.memory_optimization - INFO - ✅ BLAS threading limits set to 1 via threadpoolctl
2026-01-19 09:13:11,657 - coint2.core.memory_optimization - INFO - 🔧 Controlled libraries: openblas, openmp
2026-01-19 09:13:11,657 - coint2.core.memory_optimization - INFO - 🧵 Process threads: 2 → 2
2026-01-19 09:13:11,658 - coint2.core.memory_optimization - INFO - 📝 Set 11 environment variables
2026-01-19 09:13:12,028 - INFO - ✅ Параметры конфигурации валидны
2026-01-19 09:13:12,028 - INFO - 📝 Некоторые параметры были скорректированы:
2026-01-19 09:13:12,028 - INFO - 🧭 WFA: динамический отбор пар на каждом шаге
2026-01-19 09:13:12,028 - INFO -   Шаг 1: тренировка 2023-08-02-2023-09-30, тест 2023-10-01-2023-10-31
2026-01-19 09:13:12,028 - INFO -   Шаг 2: тренировка 2023-09-01-2023-10-30, тест 2023-10-31-2023-11-30
2026-01-19 09:13:12,028 - INFO -   Шаг 3: тренировка 2023-10-01-2023-11-29, тест 2023-11-30-2023-12-30
2026-01-19 09:13:12,028 - INFO -   Шаг 4: тренировка 2023-10-31-2023-12-29, тест 2023-12-30-2024-01-29
2026-01-19 09:13:12,028 - INFO -   Шаг 5: тренировка 2023-11-30-2024-01-28, тест 2024-01-29-2024-02-28
2026-01-19 09:13:12,028 - INFO -   Шаг 6: тренировка 2023-12-30-2024-02-27, тест 2024-02-28-2024-03-29
2026-01-19 09:13:12,028 - INFO -   Шаг 7: тренировка 2024-01-29-2024-03-28, тест 2024-03-29-2024-04-28
2026-01-19 09:13:12,028 - INFO -   Шаг 8: тренировка 2024-02-28-2024-04-27, тест 2024-04-28-2024-05-28
2026-01-19 09:13:12,028 - INFO - 📈 Запланировано 8 walk-forward шагов
2026-01-19 09:13:12,029 - INFO - ⛔ Ограничение WFA шагов: 8 → 5
2026-01-19 09:13:12,029 - WARNING - ⚠️ Маленький буфер между training и testing в шаге 1: 0 дней. Рекомендуется минимум 1 день.
2026-01-19 09:13:12,029 - WARNING - ⚠️ Маленький буфер между training и testing в шаге 2: 0 дней. Рекомендуется минимум 1 день.
2026-01-19 09:13:12,029 - WARNING - ⚠️ Маленький буфер между training и testing в шаге 3: 0 дней. Рекомендуется минимум 1 день.
2026-01-19 09:13:12,029 - WARNING - ⚠️ Маленький буфер между training и testing в шаге 4: 0 дней. Рекомендуется минимум 1 день.
2026-01-19 09:13:12,029 - WARNING - ⚠️ Маленький буфер между training и testing в шаге 5: 0 дней. Рекомендуется минимум 1 день.
2026-01-19 09:13:12,029 - INFO - ✅ Шаги успешно запланированы:
2026-01-19 09:13:12,029 - INFO -    Шаг 1: тренировка 2023-08-02-2023-09-30, тест 2023-10-01-2023-10-31
2026-01-19 09:13:12,029 - INFO -    Шаг 2: тренировка 2023-09-01-2023-10-30, тест 2023-10-31-2023-11-30
2026-01-19 09:13:12,029 - INFO -    Шаг 3: тренировка 2023-10-01-2023-11-29, тест 2023-11-30-2023-12-30
2026-01-19 09:13:12,029 - INFO -    Шаг 4: тренировка 2023-10-31-2023-12-29, тест 2023-12-30-2024-01-29
2026-01-19 09:13:12,029 - INFO -    Шаг 5: тренировка 2023-11-30-2024-01-28, тест 2024-01-29-2024-02-28
2026-01-19 09:13:12,029 - INFO - 🗂️ Consolidating price data for memory-mapped access...
2026-01-19 09:13:12,029 - INFO - 📊 Consolidating data range: 2023-07-28 → 2024-03-04
2026-01-19 09:13:12,029 - coint2.core.memory_optimization - INFO - 🔄 Consolidating price data from data_downloaded to .cache/consolidated_prices.parquet
2026-01-19 09:13:12,029 - INFO - ⇢ loading raw data for consolidation — start
2026-01-19 09:13:13,532 - INFO - ⇠ loading raw data for consolidation — done in 1.50s
2026-01-19 09:13:13,532 - INFO - ⇢ pivoting data to wide format — start
2026-01-19 09:13:18,661 - INFO - ⇠ pivoting data to wide format — done in 5.13s
2026-01-19 09:13:18,702 - coint2.core.memory_optimization - INFO - 📊 Consolidated data: 21121 rows × 346 symbols
2026-01-19 09:13:18,703 - coint2.core.memory_optimization - INFO - 💾 Memory usage: 29.4 MB
2026-01-19 09:13:18,703 - INFO - ⇢ writing consolidated Parquet file — start
2026-01-19 09:13:18,923 - INFO - ⇠ writing consolidated Parquet file — done in 0.22s
2026-01-19 09:13:18,923 - coint2.core.memory_optimization - INFO - ✅ Successfully consolidated data to .cache/consolidated_prices.parquet
2026-01-19 09:13:18,950 - coint2.core.memory_optimization - INFO - 🔄 Initializing memory-mapped price data from .cache/consolidated_prices.parquet
2026-01-19 09:13:18,950 - INFO - ⇢ loading memory-mapped data — start
2026-01-19 09:13:18,950 - coint2.core.memory_optimization - WARNING - ⚠️ memory_map не поддерживается в текущей версии pyarrow, fallback без mmap
2026-01-19 09:13:19,075 - INFO - ⇠ loading memory-mapped data — done in 0.12s
2026-01-19 09:13:19,084 - coint2.core.memory_optimization - INFO - 📊 Loaded 21121 rows × 346 symbols
2026-01-19 09:13:19,085 - coint2.core.memory_optimization - INFO - 💾 Memory usage: 29.4 MB (memory-mapped)
2026-01-19 09:13:19,086 - INFO - ✅ Memory-mapped data initialized successfully
2026-01-19 09:13:19,087 - INFO - ⇢ Walk-forward steps — starting 5 items
2026-01-19 09:13:19,088 - INFO - 📈 Инициализация equity кривой с первой тестовой даты: 2023-10-01 00:00:00
2026-01-19 09:13:19,088 - INFO - 🔍 WF-шаг 1/5: Валидация временных окон...
2026-01-19 09:13:19,088 - INFO - ⇢ WF-шаг 1/5: training 2023-08-02-2023-09-30, testing 2023-10-01-2023-10-31 — start
2026-01-19 09:13:19,088 - INFO - ⇢ loading step data — start
2026-01-19 09:13:19,241 - INFO - ⇠ loading step data — done in 0.15s
2026-01-19 09:13:20,600 - INFO - 📊 WF-шаг 1/5: Границы данных:
2026-01-19 09:13:20,600 - INFO -    Training: 2023-08-02 00:00:00 → 2023-09-30 23:45:00 (5,760 строк × 282 символов)
2026-01-19 09:13:20,600 - INFO -    Testing:  2023-10-01 00:00:00 → 2023-10-31 00:00:00 (2,881 строк × 282 символов)
2026-01-19 09:13:20,601 - INFO -    Временной разрыв: 0 days 00:15:00
2026-01-19 09:13:20,636 - INFO - ⇢ normalizing training data — start
2026-01-19 09:13:20,666 - INFO -   Символы с NaN значениями: 20
2026-01-19 09:13:20,667 - INFO -   Применяем метод нормализации: rolling_zscore
2026-01-19 09:13:20,680 - INFO - Символы с недостаточной историей: 20 из 282
2026-01-19 09:13:21,074 - INFO - Символы с NaN после нормализации: 262
2026-01-19 09:13:21,081 - INFO - Удалено 1 начальных строк с NaN от rolling расчетов
2026-01-19 09:13:21,084 - INFO - Итоговое количество символов после нормализации: 262 из 282
2026-01-19 09:13:21,084 - INFO -   Статистика нормализации:
2026-01-19 09:13:21,084 - INFO -     Исходные символы: 282
2026-01-19 09:13:21,084 - INFO -     Недостаточная история: 20
2026-01-19 09:13:21,084 - INFO -     Постоянная цена: 0
2026-01-19 09:13:21,084 - INFO -     NaN после нормализации: 262
2026-01-19 09:13:21,084 - INFO -     Итоговые символы: 262 (92.9%)
2026-01-19 09:13:21,084 - INFO -   После нормализации: 262 символов (потеряно 20)
2026-01-19 09:13:21,084 - INFO -   Отброшенные символы: ADAEUR, BEAMUSDT, BTCEUR, CYBERUSDT, DOGEEUR, ETHEUR, FETUSDT, JEFFUSDT, KASUSDT, KAVAUSDT, LTCEUR, ORDIUSDT, POLUSDT, PPTUSDT, PYUSDUSDT, SEIUSDT, SOLEUR, USDCEUR, XRPEUR, ZTXUSDT
2026-01-19 09:13:21,084 - INFO - ⇠ normalizing training data — done in 0.45s
2026-01-19 09:13:21,084 - INFO - ⇢ SSD computation — start
2026-01-19 09:13:21,084 - INFO -   Расчет SSD для всех пар (без ограничения)
2026-01-19 09:13:27,037 - INFO -   SSD результат (все пары): 34191 пар
2026-01-19 09:13:27,037 - INFO - ⇠ SSD computation — done in 5.95s
2026-01-19 09:13:27,046 - INFO - ⇢ filtering pairs by cointegration and half-life — start
2026-01-19 09:13:27,047 - INFO - [ФИЛЬТР] Параллельная фильтрация: processes (8 workers)
⚙️  Загрузка данных за период: 2023-07-28 -> 2024-03-04
📂 Найдено 43 parquet файлов для обработки.
📊 Схема данных: Schema({'timestamp': Int64, 'open': Float64, 'high': Float64, 'low': Float64, 'close': Float64, 'volume': Float64, 'turnover': String, 'ts_ms': Int64, 'symbol': String})
✅ Загружено 6226682 записей с помощью Polars.
📊 Типы данных в pandas: timestamp       datetime64[us]
symbol                  object
close                  float64
timestamp_ms             int64
dtype: object
⚙️  Загрузка данных за период: 2023-08-02 -> 2023-10-31
📂 Найдено 43 parquet файлов для обработки.
📊 Схема данных: Schema({'timestamp': Int64, 'open': Float64, 'high': Float64, 'low': Float64, 'close': Float64, 'volume': Float64, 'turnover': String, 'ts_ms': Int64, 'symbol': String})
✅ Загружено 2351056 записей с помощью Polars.
📊 Типы данных в pandas: timestamp       datetime64[us]
symbol                  object
close                  float64
timestamp_ms             int64
dtype: object
2026-01-19 09:16:37,809 - INFO - [ФИЛЬТР] После проверки данных: 34191 пар
2026-01-19 09:16:37,810 - INFO - [ФИЛЬТР] После фильтра корреляции (>0.45): 24243 пар
2026-01-19 09:16:37,810 - INFO - [ФИЛЬТР] После фильтра beta: 16020 пар
2026-01-19 09:16:37,810 - INFO - [ФИЛЬТР] После фильтра mean crossings: 16020 пар
2026-01-19 09:16:37,810 - INFO - [ФИЛЬТР] После фильтра half-life: 15921 пар
2026-01-19 09:16:37,810 - INFO - [ФИЛЬТР] После фильтра коинтеграции: 6593 пар
2026-01-19 09:16:37,810 - INFO - [ФИЛЬТР] После фильтра Hurst: 4567 пар
2026-01-19 09:16:37,810 - INFO - [ФИЛЬТР] После фильтра KPSS: 247 пар
2026-01-19 09:16:37,810 - INFO - [ФИЛЬТР] После фильтра market microstructure: 247 пар
2026-01-19 09:16:37,810 - INFO - [ФИЛЬТР] Статистика фильтрации (оптимизированный порядок):
2026-01-19 09:16:37,810 - INFO -   1. SSD → Коинтеграция: 34191 → 6593 пар
2026-01-19 09:16:37,810 - INFO -   2. Коинтеграция → Beta: 6593 → 16020 пар
2026-01-19 09:16:37,810 - INFO -   3. Beta → Half-life: 16020 → 15921 пар
2026-01-19 09:16:37,810 - INFO -   4. Half-life → Mean crossings: 15921 → 16020 пар
2026-01-19 09:16:37,810 - INFO -   5. Mean crossings → Hurst: 16020 → 4567 пар
2026-01-19 09:16:37,810 - INFO -   6. Hurst → KPSS: 4567 → 247 пар
2026-01-19 09:16:37,810 - INFO -   7. KPSS → Market microstructure: 247 → 247 пар
2026-01-19 09:16:37,810 - INFO - [ФИЛЬТР] Причины отсева:
2026-01-19 09:16:37,810 - INFO -   • low_correlation: 9948 пар (29.1%)
2026-01-19 09:16:37,810 - INFO -   • pvalue: 9328 пар (27.3%)
2026-01-19 09:16:37,810 - INFO -   • beta: 8223 пар (24.1%)
2026-01-19 09:16:37,810 - INFO -   • kpss: 4320 пар (12.6%)
2026-01-19 09:16:37,810 - INFO -   • hurst: 2026 пар (5.9%)
2026-01-19 09:16:37,810 - INFO -   • half_life: 99 пар (0.3%)
2026-01-19 09:16:37,810 - INFO - [ФИЛЬТР] Итого: 34191 → 247 пар (0.7% прошли все фильтры)
2026-01-19 09:16:37,857 - INFO - Причины отсева сохранены в results/filter_reasons_20260119_091637.csv
2026-01-19 09:16:37,862 - INFO -   Pair stability filter: insufficient history (0 < 1), skip
2026-01-19 09:16:37,862 - INFO -   Фильтрация: 34191 → 247 пар
2026-01-19 09:16:37,862 - INFO - ⇠ filtering pairs by cointegration and half-life — done in 190.82s
2026-01-19 09:16:37,862 - INFO - ⇠ WF-шаг 1/5: training 2023-08-02-2023-09-30, testing 2023-10-01-2023-10-31 — done in 198.77s
2026-01-19 09:16:37,862 - INFO -   Топ-3 пары по волатильности спреда:
2026-01-19 09:16:37,862 - INFO -     1. COMPUSDT-GMXUSDT: beta=1.0239, std=2.0031
2026-01-19 09:16:37,863 - INFO -     2. COMPUSDT-LTCUSDC: beta=0.8118, std=1.8132
2026-01-19 09:16:37,863 - INFO -     3. COMPUSDT-LTCUSDT: beta=0.8093, std=1.8119
2026-01-19 09:16:37,863 - INFO -   Всего пар для торговли: 247 (ограничение 15 применяется к одновременно открытым позициям)
2026-01-19 09:16:37,863 - INFO -   💰 Проверка расчета капитала: equity=$10,000.00, кандидатных_пар=247, max_позиций=15
2026-01-19 09:16:37,863 - INFO -   🎯 Target concurrency: 15 (ожидаемое одновременное число позиций)
2026-01-19 09:16:37,863 - INFO -   📊 Детали расчета капитала:
2026-01-19 09:16:37,863 - INFO -      • Базовый капитал на пару: $666.67 (equity / target_concurrency)
2026-01-19 09:16:37,863 - INFO -      • Риск-капитал: $150.00 (1.5% от equity)
2026-01-19 09:16:37,863 - INFO -      • Макс. размер позиции: $200.00 (2.0% от equity)
2026-01-19 09:16:37,863 - INFO -      • Итоговый капитал на пару: $150.00
2026-01-19 09:16:37,863 - INFO - ⇢ WF-шаг 1/5 backtests — starting 247 items
2026-01-19 09:16:37,863 - INFO - 🚀 WF-шаг 1/5: Начинаем бэктесты для 247 пар...
2026-01-19 09:16:37,864 - INFO - 🚀 WF-шаг 1/5: Запускаем параллельную обработку 247 пар на 8 ядрах...
2026-01-19 09:16:37,864 - INFO -   📊 Большой набор пар (247), ожидаемое время: ~9 мин
2026-01-19 09:16:37,864 - INFO -   🔄 Прогресс будет отображаться каждые 24 пар
2026-01-19 09:16:37,864 - INFO - 🚀 WF-шаг 1/5: Режим параллельности: процессы
2026-01-19 09:16:37,910 - coint2.engine.numba_engine - INFO - Запуск Numba-оптимизированного бэктеста для COMPUSDT-GMXUSDT
2026-01-19 09:16:37,926 - coint2.engine.numba_engine - INFO - Запуск Numba-оптимизированного бэктеста для COMPUSDT-LTCUSDC
2026-01-19 09:16:37,943 - coint2.engine.numba_engine - INFO - Запуск Numba-оптимизированного бэктеста для COMPUSDT-LTCUSDT
2026-01-19 09:16:37,972 - coint2.engine.numba_engine - INFO - Запуск Numba-оптимизированного бэктеста для RPLUSDT-SDUSDT
2026-01-19 09:16:37,986 - coint2.engine.numba_engine - INFO - Запуск Numba-оптимизированного бэктеста для TIMEUSDT-ZENUSDT
2026-01-19 09:16:38,007 - coint2.engine.numba_engine - INFO - Запуск Numba-оптимизированного бэктеста для TIMEUSDT-XRPUSDT
2026-01-19 09:16:38,015 - coint2.engine.numba_engine - INFO - Запуск Numba-оптимизированного бэктеста для ETHUSDC-ETHUSDT
2026-01-19 09:16:38,028 - coint2.engine.numba_engine - INFO - Запуск Numba-оптимизированного бэктеста для TIMEUSDT-WAVESUSDT
2026-01-19 09:16:38,031 - coint2.engine.numba_engine - INFO - Запуск Numba-оптимизированного бэктеста для TIMEUSDT-UMAUSDT
2026-01-19 09:16:38,042 - coint2.engine.numba_engine - INFO - Запуск Numba-оптимизированного бэктеста для KSMUSDT-STETHUSDT
2026-01-19 09:16:38,046 - coint2.engine.numba_engine - INFO - Запуск Numba-оптимизированного бэктеста для ARUSDT-XRPUSDT
2026-01-19 09:16:38,066 - coint2.engine.numba_engine - INFO - Запуск Numba-оптимизированного бэктеста для ARUSDT-MASKUSDT
2026-01-19 09:16:38,071 - coint2.engine.numba_engine - INFO - Запуск Numba-оптимизированного бэктеста для APTUSDC-ARBUSDT
2026-01-19 09:16:38,074 - coint2.engine.numba_engine - INFO - Запуск Numba-оптимизированного бэктеста для ETCUSDT-XRPUSDC
2026-01-19 09:16:38,080 - coint2.engine.numba_engine - INFO - Запуск Numba-оптимизированного бэктеста для AXSUSDT-GMTUSDT
2026-01-19 09:16:38,089 - coint2.engine.numba_engine - INFO - Запуск Numba-оптимизированного бэктеста для AXSUSDT-GMTUSDC
2026-01-19 09:16:38,089 - coint2.engine.numba_engine - INFO - Запуск Numba-оптимизированного бэктеста для TIMEUSDT-XRPUSDC
2026-01-19 09:16:38,096 - coint2.engine.numba_engine - INFO - Запуск Numba-оптимизированного бэктеста для ARUSDT-MANAUSDC
2026-01-19 09:16:38,102 - coint2.engine.numba_engine - INFO - Запуск Numba-оптимизированного бэктеста для SNXUSDT-SOLOUSDT
2026-01-19 09:16:38,109 - coint2.engine.numba_engine - INFO - Запуск Numba-оптимизированного бэктеста для APTUSDC-ARBUSDC
2026-01-19 09:16:38,111 - coint2.engine.numba_engine - INFO - Запуск Numba-оптимизированного бэктеста для INTERUSDT-XRPUSDC
2026-01-19 09:16:38,118 - coint2.engine.numba_engine - INFO - Запуск Numba-оптимизированного бэктеста для INTERUSDT-KSMUSDT
2026-01-19 09:16:38,120 - coint2.engine.numba_engine - INFO - Запуск Numba-оптимизированного бэктеста для DOTUSDC-SDUSDT
2026-01-19 09:16:38,124 - coint2.engine.numba_engine - INFO - Запуск Numba-оптимизированного бэктеста для INTERUSDT-WAXPUSDT
2026-01-19 09:16:38,132 - coint2.engine.numba_engine - INFO - Запуск Numba-оптимизированного бэктеста для ARUSDT-FILUSDT
2026-01-19 09:16:38,133 - coint2.engine.numba_engine - INFO - Запуск Numba-оптимизированного бэктеста для INTERUSDT-QTUMUSDT
2026-01-19 09:16:38,141 - coint2.engine.numba_engine - INFO - Запуск Numba-оптимизированного бэктеста для INTERUSDT-ZENUSDT
2026-01-19 09:16:38,142 - coint2.engine.numba_engine - INFO - Запуск Numba-оптимизированного бэктеста для ETCUSDT-XRPUSDT
2026-01-19 09:16:38,146 - coint2.engine.numba_engine - INFO - Запуск Numba-оптимизированного бэктеста для MASKUSDT-XRPUSDC
2026-01-19 09:16:38,153 - coint2.engine.numba_engine - INFO - Запуск Numba-оптимизированного бэктеста для AXSUSDT-SANDUSDC
2026-01-19 09:16:38,162 - coint2.engine.numba_engine - INFO - Запуск Numba-оптимизированного бэктеста для HNTUSDT-VPADUSDT
2026-01-19 09:16:38,163 - coint2.engine.numba_engine - INFO - Запуск Numba-оптимизированного бэктеста для INTERUSDT-LUNAUSDT
2026-01-19 09:16:38,168 - coint2.engine.numba_engine - INFO - Запуск Numba-оптимизированного бэктеста для INTERUSDT-UMAUSDT
2026-01-19 09:16:38,168 - coint2.engine.numba_engine - INFO - Запуск Numba-оптимизированного бэктеста для MASKUSDT-XRPUSDT
2026-01-19 09:16:38,171 - coint2.engine.numba_engine - INFO - Запуск Numba-оптимизированного бэктеста для ARUSDT-MANAUSDT
2026-01-19 09:16:38,174 - coint2.engine.numba_engine - INFO - Запуск Numba-оптимизированного бэктеста для APTUSDT-ARBUSDC
2026-01-19 09:16:38,182 - coint2.engine.numba_engine - INFO - Запуск Numba-оптимизированного бэктеста для INTERUSDT-ROSEUSDT
2026-01-19 09:16:38,186 - coint2.engine.numba_engine - INFO - Запуск Numba-оптимизированного бэктеста для INTERUSDT-MANAUSDT
2026-01-19 09:16:38,192 - coint2.engine.numba_engine - INFO - Запуск Numba-оптимизированного бэктеста для INTERUSDT-XEMUSDT
2026-01-19 09:16:38,193 - coint2.engine.numba_engine - INFO - Запуск Numba-оптимизированного бэктеста для HNTUSDT-MDAOUSDT
2026-01-19 09:16:38,196 - coint2.engine.numba_engine - INFO - Запуск Numba-оптимизированного бэктеста для AXSUSDT-UNIUSDT
2026-01-19 09:16:38,209 - coint2.engine.numba_engine - INFO - Запуск Numba-оптимизированного бэктеста для INTERUSDT-USTCUSDT
2026-01-19 09:16:38,214 - coint2.engine.numba_engine - INFO - Запуск Numba-оптимизированного бэктеста для AFCUSDT-AVAXUSDC
2026-01-19 09:16:38,216 - coint2.engine.numba_engine - INFO - Запуск Numba-оптимизированного бэктеста для INTERUSDT-XRPUSDT
2026-01-19 09:16:38,218 - coint2.engine.numba_engine - INFO - Запуск Numba-оптимизированного бэктеста для AXSUSDT-SANDUSDT
2026-01-19 09:16:38,220 - coint2.engine.numba_engine - INFO - Запуск Numba-оптимизированного бэктеста для INTERUSDT-LTCUSDT
2026-01-19 09:16:38,225 - coint2.engine.numba_engine - INFO - Запуск Numba-оптимизированного бэктеста для AFCUSDT-ICPUSDT
2026-01-19 09:16:38,231 - coint2.engine.numba_engine - INFO - Запуск Numba-оптимизированного бэктеста для INTERUSDT-SOLOUSDT
2026-01-19 09:16:38,232 - coint2.engine.numba_engine - INFO - Запуск Numba-оптимизированного бэктеста для AFCUSDT-DOTUSDC
2026-01-19 09:16:38,236 - coint2.engine.numba_engine - INFO - Запуск Numba-оптимизированного бэктеста для CITYUSDT-DOTUSDT
2026-01-19 09:16:38,239 - coint2.engine.numba_engine - INFO - Запуск Numba-оптимизированного бэктеста для INTERUSDT-ZILUSDT
2026-01-19 09:16:38,248 - coint2.engine.numba_engine - INFO - Запуск Numba-оптимизированного бэктеста для INTERUSDT-STXUSDT
2026-01-19 09:16:38,254 - coint2.engine.numba_engine - INFO - Запуск Numba-оптимизированного бэктеста для CITYUSDT-JUVUSDT
2026-01-19 09:16:38,255 - coint2.engine.numba_engine - INFO - Запуск Numba-оптимизированного бэктеста для DYDXUSDT-QNTUSDT
2026-01-19 09:16:38,258 - coint2.engine.numba_engine - INFO - Запуск Numba-оптимизированного бэктеста для ETHWUSDT-GMTUSDC
2026-01-19 09:16:38,261 - coint2.engine.numba_engine - INFO - Запуск Numba-оптимизированного бэктеста для PSGUSDT-SDUSDT
2026-01-19 09:16:38,263 - coint2.engine.numba_engine - INFO - Запуск Numba-оптимизированного бэктеста для APTUSDT-ARBUSDT
2026-01-19 09:16:38,275 - coint2.engine.numba_engine - INFO - Запуск Numba-оптимизированного бэктеста для INTERUSDT-LTCUSDC
2026-01-19 09:16:38,276 - coint2.engine.numba_engine - INFO - Запуск Numba-оптимизированного бэктеста для ETHWUSDT-SANDUSDC
2026-01-19 09:16:38,276 - coint2.engine.numba_engine - INFO - Запуск Numba-оптимизированного бэктеста для APEUSDC-PSTAKEUSDT
2026-01-19 09:16:38,278 - coint2.engine.numba_engine - INFO - Запуск Numba-оптимизированного бэктеста для OPUSDC-VPADUSDT
2026-01-19 09:16:38,281 - coint2.engine.numba_engine - INFO - Запуск Numba-оптимизированного бэктеста для CITYUSDT-DOTUSDC
2026-01-19 09:16:38,283 - coint2.engine.numba_engine - INFO - Запуск Numba-оптимизированного бэктеста для INTERUSDT-WAVESUSDT
2026-01-19 09:16:38,286 - coint2.engine.numba_engine - INFO - Запуск Numba-оптимизированного бэктеста для DOTUSDT-SDUSDT
2026-01-19 09:16:38,286 - coint2.engine.numba_engine - INFO - Запуск Numba-оптимизированного бэктеста для ARKMUSDT-SOLUSDC
2026-01-19 09:16:38,298 - coint2.engine.numba_engine - INFO - Запуск Numba-оптимизированного бэктеста для ARKMUSDT-OPUSDT
2026-01-19 09:16:38,298 - coint2.engine.numba_engine - INFO - Запуск Numba-оптимизированного бэктеста для INTERUSDT-MANAUSDC
2026-01-19 09:16:38,300 - coint2.engine.numba_engine - INFO - Запуск Numba-оптимизированного бэктеста для AFCUSDT-MDAOUSDT
2026-01-19 09:16:38,303 - coint2.engine.numba_engine - INFO - Запуск Numba-оптимизированного бэктеста для BELUSDT-FTTUSDT
2026-01-19 09:16:38,305 - coint2.engine.numba_engine - INFO - Запуск Numba-оптимизированного бэктеста для AFCUSDT-AVAXUSDT
2026-01-19 09:16:38,308 - coint2.engine.numba_engine - INFO - Запуск Numba-оптимизированного бэктеста для INTERUSDT-THETAUSDT
2026-01-19 09:16:38,320 - coint2.engine.numba_engine - INFO - Запуск Numba-оптимизированного бэктеста для SFUNDUSDT-VPADUSDT
2026-01-19 09:16:38,321 - coint2.engine.numba_engine - INFO - Запуск Numba-оптимизированного бэктеста для PSGUSDT-VPADUSDT
2026-01-19 09:16:38,322 - coint2.engine.numba_engine - INFO - Запуск Numba-оптимизированного бэктеста для UMAUSDT-XRPUSDC
2026-01-19 09:16:38,324 - coint2.engine.numba_engine - INFO - Запуск Numba-оптимизированного бэктеста для HNTUSDT-SDUSDT
2026-01-19 09:16:38,325 - coint2.engine.numba_engine - INFO - Запуск Numba-оптимизированного бэктеста для ARKMUSDT-SOLUSDT
2026-01-19 09:16:38,327 - coint2.engine.numba_engine - INFO - Запуск Numba-оптимизированного бэктеста для QTUMUSDT-STXUSDT
2026-01-19 09:16:38,328 - coint2.engine.numba_engine - INFO - Запуск Numba-оптимизированного бэктеста для ARKMUSDT-SFUNDUSDT
2026-01-19 09:16:38,331 - coint2.engine.numba_engine - INFO - Запуск Numba-оптимизированного бэктеста для INTERUSDT-SNXUSDT
2026-01-19 09:16:38,342 - coint2.engine.numba_engine - INFO - Запуск Numba-оптимизированного бэктеста для HFTUSDC-SFUNDUSDT
2026-01-19 09:16:38,344 - coint2.engine.numba_engine - INFO - Запуск Numba-оптимизированного бэктеста для AFCUSDT-DOTUSDT
2026-01-19 09:16:38,344 - coint2.engine.numba_engine - INFO - Запуск Numba-оптимизированного бэктеста для CRVUSDT-PIPUSDT
2026-01-19 09:16:38,347 - coint2.engine.numba_engine - INFO - Запуск Numba-оптимизированного бэктеста для ARKMUSDT-OMGUSDT
2026-01-19 09:16:38,349 - coint2.engine.numba_engine - INFO - Запуск Numba-оптимизированного бэктеста для ETHWUSDT-GMTUSDT
2026-01-19 09:16:38,350 - coint2.engine.numba_engine - INFO - Запуск Numba-оптимизированного бэктеста для HFTUSDT-VPADUSDT
2026-01-19 09:16:38,354 - coint2.engine.numba_engine - INFO - Запуск Numba-оптимизированного бэктеста для APEUSDT-PSTAKEUSDT
2026-01-19 09:16:38,367 - coint2.engine.numba_engine - INFO - Запуск Numba-оптимизированного бэктеста для ARKMUSDT-NEXOUSDT
2026-01-19 09:16:38,367 - coint2.engine.numba_engine - INFO - Запуск Numba-оптимизированного бэктеста для NEARUSDT-RPLUSDT
2026-01-19 09:16:38,370 - coint2.engine.numba_engine - INFO - Запуск Numba-оптимизированного бэктеста для BICOUSDT-IMXUSDT
2026-01-19 09:16:38,372 - coint2.engine.numba_engine - INFO - Запуск Numba-оптимизированного бэктеста для ARKMUSDT-CITYUSDT
2026-01-19 09:16:38,373 - coint2.engine.numba_engine - INFO - Запуск Numba-оптимизированного бэктеста для THETAUSDT-XRPUSDC
2026-01-19 09:16:38,377 - coint2.engine.numba_engine - INFO - Запуск Numba-оптимизированного бэктеста для INTERUSDT-MASKUSDT
2026-01-19 09:16:38,381 - WARNING - ❌ Ошибка обработки пары ARKMUSDT-CITYUSDT: division by zero
2026-01-19 09:16:38,381 - coint2.engine.numba_engine - INFO - Запуск Numba-оптимизированного бэктеста для AFCUSDT-ICPUSDC
2026-01-19 09:16:38,387 - coint2.engine.numba_engine - INFO - Запуск Numba-оптимизированного бэктеста для HFTUSDC-JUVUSDT
2026-01-19 09:16:38,389 - coint2.engine.numba_engine - INFO - Запуск Numba-оптимизированного бэктеста для STXUSDT-THETAUSDT
2026-01-19 09:16:38,390 - coint2.engine.numba_engine - INFO - Запуск Numba-оптимизированного бэктеста для ETHWUSDT-SANDUSDT
2026-01-19 09:16:38,391 - coint2.engine.numba_engine - INFO - Запуск Numba-оптимизированного бэктеста для SUSHIUSDT-UMAUSDT
2026-01-19 09:16:38,392 - coint2.engine.numba_engine - INFO - Запуск Numba-оптимизированного бэктеста для HFTUSDT-RPLUSDT
2026-01-19 09:16:38,396 - coint2.engine.numba_engine - INFO - Запуск Numba-оптимизированного бэктеста для BICOUSDT-ZILUSDT
2026-01-19 09:16:38,401 - coint2.engine.numba_engine - INFO - Запуск Numba-оптимизированного бэктеста для OPUSDT-VPADUSDT
2026-01-19 09:16:38,412 - coint2.engine.numba_engine - INFO - Запуск Numba-оптимизированного бэктеста для HFTUSDC-PSGUSDT
2026-01-19 09:16:38,412 - coint2.engine.numba_engine - INFO - Запуск Numba-оптимизированного бэктеста для ARKMUSDT-OPUSDC
2026-01-19 09:16:38,415 - coint2.engine.numba_engine - INFO - Запуск Numba-оптимизированного бэктеста для BICOUSDT-ROSEUSDT
2026-01-19 09:16:38,421 - coint2.engine.numba_engine - INFO - Запуск Numba-оптимизированного бэктеста для HFTUSDT-SFUNDUSDT
2026-01-19 09:16:38,422 - coint2.engine.numba_engine - INFO - Запуск Numba-оптимизированного бэктеста для HFTUSDC-MOVRUSDT
2026-01-19 09:16:38,423 - coint2.engine.numba_engine - INFO - Запуск Numba-оптимизированного бэктеста для HFTUSDT-SUIUSDT
2026-01-19 09:16:38,429 - coint2.engine.numba_engine - INFO - Запуск Numba-оптимизированного бэктеста для AFCUSDT-VPADUSDT
2026-01-19 09:16:38,434 - coint2.engine.numba_engine - INFO - Запуск Numba-оптимизированного бэктеста для NEARUSDT-XTZUSDT
2026-01-19 09:16:38,434 - coint2.engine.numba_engine - INFO - Запуск Numba-оптимизированного бэктеста для BICOUSDT-USTCUSDT
2026-01-19 09:16:38,435 - coint2.engine.numba_engine - INFO - Запуск Numba-оптимизированного бэктеста для AFCUSDT-CITYUSDT
2026-01-19 09:16:38,436 - coint2.engine.numba_engine - INFO - Запуск Numba-оптимизированного бэктеста для CELOUSDT-ZRXUSDT
2026-01-19 09:16:38,444 - WARNING - ❌ Ошибка обработки пары AFCUSDT-CITYUSDT: division by zero
2026-01-19 09:16:38,445 - coint2.engine.numba_engine - INFO - Запуск Numba-оптимизированного бэктеста для NEXOUSDT-PSGUSDT
2026-01-19 09:16:38,448 - coint2.engine.numba_engine - INFO - Запуск Numba-оптимизированного бэктеста для HFTUSDT-JUVUSDT
2026-01-19 09:16:38,454 - coint2.engine.numba_engine - INFO - Запуск Numba-оптимизированного бэктеста для UMAUSDT-XRPUSDT
2026-01-19 09:16:38,456 - coint2.engine.numba_engine - INFO - Запуск Numba-оптимизированного бэктеста для HFTUSDC-SUIUSDT
2026-01-19 09:16:38,456 - coint2.engine.numba_engine - INFO - Запуск Numba-оптимизированного бэктеста для HFTUSDT-PSGUSDT
2026-01-19 09:16:38,458 - coint2.engine.numba_engine - INFO - Запуск Numba-оптимизированного бэктеста для CTCUSDT-DOTUSDC
2026-01-19 09:16:38,467 - coint2.engine.numba_engine - INFO - Запуск Numba-оптимизированного бэктеста для FLOWUSDT-MASKUSDT
2026-01-19 09:16:38,469 - coint2.engine.numba_engine - INFO - Запуск Numba-оптимизированного бэктеста для CTCUSDT-VPADUSDT
2026-01-19 09:16:38,471 - coint2.engine.numba_engine - INFO - Запуск Numba-оптимизированного бэктеста для HFTUSDT-SUIUSDC
2026-01-19 09:16:38,473 - coint2.engine.numba_engine - INFO - Запуск Numba-оптимизированного бэктеста для ETHWUSDT-XTZUSDT
2026-01-19 09:16:38,476 - coint2.engine.numba_engine - INFO - Запуск Numba-оптимизированного бэктеста для CAKEUSDT-VPADUSDT
2026-01-19 09:16:38,478 - coint2.engine.numba_engine - INFO - Запуск Numba-оптимизированного бэктеста для CTCUSDT-ICPUSDC
2026-01-19 09:16:38,479 - coint2.engine.numba_engine - INFO - Запуск Numba-оптимизированного бэктеста для THETAUSDT-XRPUSDT
2026-01-19 09:16:38,481 - coint2.engine.numba_engine - INFO - Запуск Numba-оптимизированного бэктеста для RSS3USDT-TWTUSDT
2026-01-19 09:16:38,489 - coint2.engine.numba_engine - INFO - Запуск Numba-оптимизированного бэктеста для RSS3USDT-SCRTUSDT
2026-01-19 09:16:38,493 - coint2.engine.numba_engine - INFO - Запуск Numba-оптимизированного бэктеста для HFTUSDT-MOVRUSDT
2026-01-19 09:16:38,498 - coint2.engine.numba_engine - INFO - Запуск Numba-оптимизированного бэктеста для ARKMUSDT-PSGUSDT
2026-01-19 09:16:38,500 - coint2.engine.numba_engine - INFO - Запуск Numba-оптимизированного бэктеста для ENJUSDT-XTZUSDT
2026-01-19 09:16:38,502 - coint2.engine.numba_engine - INFO - Запуск Numba-оптимизированного бэктеста для RSS3USDT-SOLUSDT
2026-01-19 09:16:38,511 - coint2.engine.numba_engine - INFO - Запуск Numba-оптимизированного бэктеста для MANAUSDC-XRPUSDC
2026-01-19 09:16:38,515 - coint2.engine.numba_engine - INFO - Запуск Numba-оптимизированного бэктеста для GODSUSDT-HBARUSDT
2026-01-19 09:16:38,516 - coint2.engine.numba_engine - INFO - Запуск Numba-оптимизированного бэктеста для RSS3USDT-SDUSDT
2026-01-19 09:16:38,519 - coint2.engine.numba_engine - INFO - Запуск Numba-оптимизированного бэктеста для SUSHIUSDT-USTCUSDT
2026-01-19 09:16:38,520 - coint2.engine.numba_engine - INFO - Запуск Numba-оптимизированного бэктеста для CELOUSDT-SCUSDT
2026-01-19 09:16:38,522 - coint2.engine.numba_engine - INFO - Запуск Numba-оптимизированного бэктеста для RDNTUSDT-UNIUSDT
2026-01-19 09:16:38,520 - coint2.engine.numba_engine - INFO - Запуск Numba-оптимизированного бэктеста для HFTUSDC-SUIUSDC
2026-01-19 09:16:38,524 - coint2.engine.numba_engine - INFO - Запуск Numba-оптимизированного бэктеста для BATUSDT-COMPUSDT
2026-01-19 09:16:38,534 - coint2.engine.numba_engine - INFO - Запуск Numba-оптимизированного бэктеста для BATUSDT-FIDAUSDT
2026-01-19 09:16:38,537 - coint2.engine.numba_engine - INFO - Запуск Numba-оптимизированного бэктеста для RSS3USDT-XAVAUSDT
2026-01-19 09:16:38,542 - coint2.engine.numba_engine - INFO - Запуск Numba-оптимизированного бэктеста для OMGUSDT-UNIUSDT
2026-01-19 09:16:38,545 - coint2.engine.numba_engine - INFO - Запуск Numba-оптимизированного бэктеста для MANAUSDC-XRPUSDT
2026-01-19 09:16:38,546 - WARNING - ❌ Ошибка обработки пары RSS3USDT-XAVAUSDT: division by zero
2026-01-19 09:16:38,546 - coint2.engine.numba_engine - INFO - Запуск Numba-оптимизированного бэктеста для ADAUSDC-PSGUSDT
2026-01-19 09:16:38,556 - coint2.engine.numba_engine - INFO - Запуск Numba-оптимизированного бэктеста для MANAUSDT-XRPUSDT
2026-01-19 09:16:38,556 - coint2.engine.numba_engine - INFO - Запуск Numba-оптимизированного бэктеста для FORTUSDT-VPADUSDT
2026-01-19 09:16:38,564 - coint2.engine.numba_engine - INFO - Запуск Numba-оптимизированного бэктеста для RSS3USDT-UNIUSDT
2026-01-19 09:16:38,565 - coint2.engine.numba_engine - INFO - Запуск Numba-оптимизированного бэктеста для BICOUSDT-ICXUSDT
2026-01-19 09:16:38,567 - coint2.engine.numba_engine - INFO - Запуск Numba-оптимизированного бэктеста для WOOUSDT-XRPUSDC
2026-01-19 09:16:38,569 - coint2.engine.numba_engine - INFO - Запуск Numba-оптимизированного бэктеста для CTCUSDT-SDUSDT
2026-01-19 09:16:38,569 - coint2.engine.numba_engine - INFO - Запуск Numba-оптимизированного бэктеста для BATUSDT-LTCUSDC
2026-01-19 09:16:38,571 - coint2.engine.numba_engine - INFO - Запуск Numba-оптимизированного бэктеста для ARKMUSDT-IZIUSDT
2026-01-19 09:16:38,578 - coint2.engine.numba_engine - INFO - Запуск Numba-оптимизированного бэктеста для FORTUSDT-TWTUSDT
2026-01-19 09:16:38,587 - coint2.engine.numba_engine - INFO - Запуск Numba-оптимизированного бэктеста для BICOUSDT-CRVUSDT
2026-01-19 09:16:38,587 - coint2.engine.numba_engine - INFO - Запуск Numba-оптимизированного бэктеста для ADAUSDC-RPLUSDT
2026-01-19 09:16:38,589 - coint2.engine.numba_engine - INFO - Запуск Numba-оптимизированного бэктеста для ADAUSDC-GSTUSDT
2026-01-19 09:16:38,590 - coint2.engine.numba_engine - INFO - Запуск Numba-оптимизированного бэктеста для C98USDT-SSVUSDT
2026-01-19 09:16:38,591 - coint2.engine.numba_engine - INFO - Запуск Numba-оптимизированного бэктеста для FORTUSDT-SFUNDUSDT
2026-01-19 09:16:38,600 - coint2.engine.numba_engine - INFO - Запуск Numba-оптимизированного бэктеста для XDCUSDT-XTZUSDT
2026-01-19 09:16:38,607 - coint2.engine.numba_engine - INFO - Запуск Numba-оптимизированного бэктеста для WOOUSDT-XTZUSDT
2026-01-19 09:16:38,609 - coint2.engine.numba_engine - INFO - Запуск Numba-оптимизированного бэктеста для CTCUSDT-ICPUSDT
2026-01-19 09:16:38,611 - coint2.engine.numba_engine - INFO - Запуск Numba-оптимизированного бэктеста для FORTUSDT-ICPUSDC
2026-01-19 09:16:38,613 - coint2.engine.numba_engine - INFO - Запуск Numba-оптимизированного бэктеста для C98USDT-HOOKUSDT
2026-01-19 09:16:38,613 - coint2.engine.numba_engine - INFO - Запуск Numba-оптимизированного бэктеста для ALGOUSDT-ROSEUSDT
2026-01-19 09:16:38,617 - coint2.engine.numba_engine - INFO - Запуск Numba-оптимизированного бэктеста для SDUSDT-VPADUSDT
2026-01-19 09:16:38,623 - coint2.engine.numba_engine - INFO - Запуск Numba-оптимизированного бэктеста для MVUSDT-NEARUSDT
2026-01-19 09:16:38,631 - coint2.engine.numba_engine - INFO - Запуск Numba-оптимизированного бэктеста для ENJUSDT-NEARUSDT
2026-01-19 09:16:38,633 - coint2.engine.numba_engine - INFO - Запуск Numba-оптимизированного бэктеста для ALGOUSDT-IMXUSDT
2026-01-19 09:16:38,635 - coint2.engine.numba_engine - INFO - Запуск Numba-оптимизированного бэктеста для SANDUSDT-UNIUSDT
2026-01-19 09:16:38,635 - coint2.engine.numba_engine - INFO - Запуск Numba-оптимизированного бэктеста для ADAUSDC-CITYUSDT
2026-01-19 09:16:38,636 - coint2.engine.numba_engine - INFO - Запуск Numba-оптимизированного бэктеста для MVUSDT-OPUSDT
2026-01-19 09:16:38,645 - coint2.engine.numba_engine - INFO - Запуск Numba-оптимизированного бэктеста для DOGEUSDT-TELUSDT
2026-01-19 09:16:38,650 - WARNING - ❌ Ошибка обработки пары ADAUSDC-CITYUSDT: division by zero
2026-01-19 09:16:38,655 - coint2.engine.numba_engine - INFO - Запуск Numba-оптимизированного бэктеста для MVUSDT-SUIUSDC
2026-01-19 09:16:38,657 - coint2.engine.numba_engine - INFO - Запуск Numba-оптимизированного бэктеста для ADAUSDT-PSGUSDT
2026-01-19 09:16:38,657 - coint2.engine.numba_engine - INFO - Запуск Numba-оптимизированного бэктеста для BATUSDT-THETAUSDT
2026-01-19 09:16:38,657 - coint2.engine.numba_engine - INFO - Запуск Numba-оптимизированного бэктеста для HVHUSDT-TRVLUSDT
2026-01-19 09:16:38,660 - coint2.engine.numba_engine - INFO - Запуск Numba-оптимизированного бэктеста для BATUSDT-PEOPLEUSDT
2026-01-19 09:16:38,661 - coint2.engine.numba_engine - INFO - Запуск Numba-оптимизированного бэктеста для RSS3USDT-XTZUSDT
2026-01-19 09:16:38,663 - coint2.engine.numba_engine - INFO - Запуск Numba-оптимизированного бэктеста для HFTUSDC-RPLUSDT
2026-01-19 09:16:38,668 - coint2.engine.numba_engine - INFO - Запуск Numba-оптимизированного бэктеста для ROSEUSDT-USTCUSDT
2026-01-19 09:16:38,669 - coint2.engine.numba_engine - INFO - 🔍 ДИАГНОСТИКА HVHUSDT-TRVLUSDT:
2026-01-19 09:16:38,669 - coint2.engine.numba_engine - INFO -    entry_threshold: 0.85
2026-01-19 09:16:38,669 - coint2.engine.numba_engine - INFO -    exit_threshold: 0.12
2026-01-19 09:16:38,669 - coint2.engine.numba_engine - INFO -    Макс |z_score|: 15.2098
2026-01-19 09:16:38,669 - coint2.engine.numba_engine - INFO -    Позиций != 0: 30
2026-01-19 09:16:38,669 - coint2.engine.numba_engine - INFO -    Изменений позиций: 61
2026-01-19 09:16:38,670 - coint2.engine.numba_engine - INFO -    PnL сумма: 1.7220
2026-01-19 09:16:38,670 - coint2.engine.numba_engine - INFO -    Первые 10 z_scores: [-0.61579406  0.6302799   1.1688535   0.7469521  -0.72340673 -0.31277937
 -0.20099755  0.10098089  0.76779455  0.661367  ]
2026-01-19 09:16:38,670 - coint2.engine.numba_engine - INFO -    Превышают порог: 1496
2026-01-19 09:16:38,679 - coint2.engine.numba_engine - INFO - Запуск Numba-оптимизированного бэктеста для BATUSDT-QTUMUSDT
2026-01-19 09:16:38,681 - coint2.engine.numba_engine - INFO - Запуск Numba-оптимизированного бэктеста для WAXPUSDT-ZILUSDT
2026-01-19 09:16:38,682 - coint2.engine.numba_engine - INFO - Запуск Numba-оптимизированного бэктеста для GMTUSDC-UNIUSDT
2026-01-19 09:16:38,685 - coint2.engine.numba_engine - INFO - Запуск Numba-оптимизированного бэктеста для EVERUSDT-PSGUSDT
2026-01-19 09:16:38,686 - coint2.engine.numba_engine - INFO - Запуск Numba-оптимизированного бэктеста для BATUSDT-LTCUSDT
2026-01-19 09:16:38,690 - coint2.engine.numba_engine - INFO - Запуск Numba-оптимизированного бэктеста для DAIUSDT-XRPUSDC
2026-01-19 09:16:38,701 - coint2.engine.numba_engine - INFO - Запуск Numba-оптимизированного бэктеста для FORTUSDT-ICPUSDT
2026-01-19 09:16:38,703 - coint2.engine.numba_engine - INFO - Запуск Numba-оптимизированного бэктеста для PEOPLEUSDT-THETAUSDT
2026-01-19 09:16:38,705 - coint2.engine.numba_engine - INFO - Запуск Numba-оптимизированного бэктеста для GMTUSDT-SANDUSDT
2026-01-19 09:16:38,706 - coint2.engine.numba_engine - INFO - Запуск Numba-оптимизированного бэктеста для SANDUSDC-UNIUSDT
2026-01-19 09:16:38,706 - coint2.engine.numba_engine - INFO - Запуск Numba-оптимизированного бэктеста для BICOUSDT-WAXPUSDT
2026-01-19 09:16:38,708 - coint2.engine.numba_engine - INFO - Запуск Numba-оптимизированного бэктеста для GMTUSDT-UNIUSDT
2026-01-19 09:16:38,711 - coint2.engine.numba_engine - INFO - Запуск Numba-оптимизированного бэктеста для ONEUSDT-XRPUSDT
2026-01-19 09:16:38,724 - coint2.engine.numba_engine - INFO - Запуск Numba-оптимизированного бэктеста для ICXUSDT-WAXPUSDT
2026-01-19 09:16:38,726 - coint2.engine.numba_engine - INFO - Запуск Numba-оптимизированного бэктеста для SUNUSDT-ZRXUSDT
2026-01-19 09:16:38,728 - coint2.engine.numba_engine - INFO - Запуск Numba-оптимизированного бэктеста для EVERUSDT-RPLUSDT
2026-01-19 09:16:38,729 - coint2.engine.numba_engine - INFO - Запуск Numba-оптимизированного бэктеста для DOGEUSDT-ETHWUSDT
2026-01-19 09:16:38,730 - coint2.engine.numba_engine - INFO - Запуск Numba-оптимизированного бэктеста для MVUSDT-TWTUSDT
2026-01-19 09:16:38,738 - coint2.engine.numba_engine - INFO - Запуск Numba-оптимизированного бэктеста для LTCBTC-XRPUSDC
2026-01-19 09:16:38,746 - coint2.engine.numba_engine - INFO - Запуск Numba-оптимизированного бэктеста для MVUSDT-PSGUSDT
2026-01-19 09:16:38,748 - coint2.engine.numba_engine - INFO - Запуск Numba-оптимизированного бэктеста для RACAUSDT-VPADUSDT
2026-01-19 09:16:38,749 - coint2.engine.numba_engine - INFO - Запуск Numba-оптимизированного бэктеста для GRTUSDT-RVNUSDT
2026-01-19 09:16:38,752 - coint2.engine.numba_engine - INFO - Запуск Numba-оптимизированного бэктеста для DAIUSDT-LTCBTC
2026-01-19 09:16:38,753 - coint2.engine.numba_engine - INFO - Запуск Numba-оптимизированного бэктеста для MVUSDT-SFUNDUSDT
2026-01-19 09:16:38,753 - coint2.engine.numba_engine - INFO - Запуск Numba-оптимизированного бэктеста для OMGUSDT-RDNTUSDT
2026-01-19 09:16:38,753 - coint2.engine.numba_engine - INFO - Запуск Numba-оптимизированного бэктеста для BATUSDT-UMAUSDT
2026-01-19 09:16:38,769 - coint2.engine.numba_engine - INFO - Запуск Numba-оптимизированного бэктеста для DOGEUSDC-TELUSDT
2026-01-19 09:16:38,772 - coint2.engine.numba_engine - INFO - Запуск Numba-оптимизированного бэктеста для DAIUSDT-QTUMUSDT
2026-01-19 09:16:38,774 - coint2.engine.numba_engine - INFO - Запуск Numba-оптимизированного бэктеста для ACSUSDT-MCRTUSDT
2026-01-19 09:16:38,776 - coint2.engine.numba_engine - INFO - Запуск Numba-оптимизированного бэктеста для XECUSDT-ZILUSDT
2026-01-19 09:16:38,779 - coint2.engine.numba_engine - INFO - Запуск Numba-оптимизированного бэктеста для OASUSDT-TRVLUSDT
2026-01-19 09:16:38,784 - coint2.engine.numba_engine - INFO - Запуск Numba-оптимизированного бэктеста для FORTUSDT-PSTAKEUSDT
2026-01-19 09:16:38,792 - coint2.engine.numba_engine - INFO - Запуск Numba-оптимизированного бэктеста для DOGEUSDC-ETHWUSDT
2026-01-19 09:16:38,795 - coint2.engine.numba_engine - INFO - Запуск Numba-оптимизированного бэктеста для ONEUSDT-XRPUSDC
2026-01-19 09:16:38,796 - coint2.engine.numba_engine - INFO - Запуск Numba-оптимизированного бэктеста для SONUSDT-XRPBTC
2026-01-19 09:16:38,799 - coint2.engine.numba_engine - INFO - Запуск Numba-оптимизированного бэктеста для 1INCHUSDT-SCUSDT
2026-01-19 09:16:38,807 - coint2.engine.numba_engine - INFO - Запуск Numba-оптимизированного бэктеста для FORTUSDT-JUVUSDT
2026-01-19 09:16:38,811 - coint2.engine.numba_engine - INFO - Запуск Numba-оптимизированного бэктеста для ROSEUSDT-XEMUSDT
2026-01-19 09:16:38,815 - coint2.engine.numba_engine - INFO - Запуск Numba-оптимизированного бэктеста для DAIUSDT-XRPUSDT
2026-01-19 09:16:38,818 - coint2.engine.numba_engine - INFO - Запуск Numba-оптимизированного бэктеста для ALGOBTC-NFTUSDT
2026-01-19 09:16:38,818 - coint2.engine.numba_engine - INFO - Запуск Numba-оптимизированного бэктеста для LTCBTC-RVNUSDT
2026-01-19 09:16:38,821 - coint2.engine.numba_engine - INFO - Запуск Numba-оптимизированного бэктеста для RSS3USDT-SFUNDUSDT
2026-01-19 09:16:38,829 - coint2.engine.numba_engine - INFO - Запуск Numba-оптимизированного бэктеста для ALGOUSDT-USTCUSDT
2026-01-19 09:16:38,834 - coint2.engine.numba_engine - INFO - Запуск Numba-оптимизированного бэктеста для ONEUSDT-TELUSDT
2026-01-19 09:16:38,838 - coint2.engine.numba_engine - INFO - Запуск Numba-оптимизированного бэктеста для DGBUSDT-GSTUSDT
2026-01-19 09:16:38,840 - coint2.engine.numba_engine - INFO - Запуск Numba-оптимизированного бэктеста для LUNCUSDC-RVNUSDT
2026-01-19 09:16:38,844 - coint2.engine.numba_engine - INFO - Запуск Numba-оптимизированного бэктеста для RSS3USDT-SOLUSDC
2026-01-19 09:16:38,852 - coint2.engine.numba_engine - INFO - Запуск Numba-оптимизированного бэктеста для MVUSDT-SUIUSDT
2026-01-19 09:16:38,858 - coint2.engine.numba_engine - INFO - Запуск Numba-оптимизированного бэктеста для LTCBTC-LUNCUSDC
2026-01-19 09:16:38,861 - coint2.engine.numba_engine - INFO - Запуск Numba-оптимизированного бэктеста для LTCBTC-XRPUSDT
2026-01-19 09:16:38,867 - coint2.engine.numba_engine - INFO - Запуск Numba-оптимизированного бэктеста для RSS3USDT-RVNUSDT
2026-01-19 09:16:38,874 - coint2.engine.numba_engine - INFO - Запуск Numba-оптимизированного бэктеста для OASUSDT-STGUSDT
2026-01-19 09:16:38,881 - coint2.engine.numba_engine - INFO - Запуск Numba-оптимизированного бэктеста для LUNCUSDT-RVNUSDT
2026-01-19 09:16:38,883 - coint2.engine.numba_engine - INFO - Запуск Numba-оптимизированного бэктеста для ALGOBTC-XECUSDT
2026-01-19 09:16:38,889 - coint2.engine.numba_engine - INFO - Запуск Numba-оптимизированного бэктеста для FORTUSDT-HNTUSDT
2026-01-19 09:16:38,897 - coint2.engine.numba_engine - INFO - Запуск Numba-оптимизированного бэктеста для ROSEUSDT-WAXPUSDT
2026-01-19 09:16:38,913 - coint2.engine.numba_engine - INFO - Запуск Numba-оптимизированного бэктеста для FORTUSDT-SDUSDT
2026-01-19 09:16:38,920 - coint2.engine.numba_engine - INFO - Запуск Numba-оптимизированного бэктеста для DAIUSDT-SOLOUSDT
2026-01-19 09:16:38,936 - coint2.engine.numba_engine - INFO - Запуск Numba-оптимизированного бэктеста для FORTUSDT-PSGUSDT
2026-01-19 09:16:38,943 - coint2.engine.numba_engine - INFO - Запуск Numba-оптимизированного бэктеста для SCUSDT-USTCUSDT
2026-01-19 09:16:38,958 - coint2.engine.numba_engine - INFO - Запуск Numba-оптимизированного бэктеста для ALGOUSDT-WAXPUSDT
2026-01-19 09:16:38,965 - coint2.engine.numba_engine - INFO - Запуск Numba-оптимизированного бэктеста для SONUSDT-TELUSDT
2026-01-19 09:16:38,982 - coint2.engine.numba_engine - INFO - Запуск Numba-оптимизированного бэктеста для MVUSDT-OPUSDC
2026-01-19 09:16:39,005 - coint2.engine.numba_engine - INFO - Запуск Numba-оптимизированного бэктеста для EVERUSDT-JUVUSDT
2026-01-19 09:16:39,029 - coint2.engine.numba_engine - INFO - Запуск Numba-оптимизированного бэктеста для KASTAUSDT-XETAUSDT
2026-01-19 09:16:39,052 - coint2.engine.numba_engine - INFO - Запуск Numba-оптимизированного бэктеста для USTCUSDT-ZILUSDT
2026-01-19 09:16:39,076 - coint2.engine.numba_engine - INFO - Запуск Numba-оптимизированного бэктеста для SCUSDT-ZILUSDT
2026-01-19 09:16:39,100 - coint2.engine.numba_engine - INFO - Запуск Numba-оптимизированного бэктеста для SONUSDT-TAPUSDT
2026-01-19 09:16:39,183 - INFO -   ⏱️ Параллельная обработка завершена за 1.3с (187.2 пар/с)
2026-01-19 09:16:39,259 - coint2.pipeline.walk_forward_orchestrator - INFO - 🎯 СИМУЛЯЦИЯ ПОРТФЕЛЯ: 243 пар, лимит 15 позиций
2026-01-19 09:16:40,833 - coint2.pipeline.walk_forward_orchestrator - INFO -    📈 Макс. одновременных сигналов: 96
2026-01-19 09:16:40,834 - coint2.pipeline.walk_forward_orchestrator - INFO -    📊 Средн. сигналов за период: 3.2
2026-01-19 09:16:40,834 - coint2.pipeline.walk_forward_orchestrator - INFO -    🎯 Финальных активных позиций: 0
2026-01-19 09:16:40,835 - coint2.pipeline.walk_forward_orchestrator - INFO -    ⚡ Утилизация лимита позиций: 18.5%
2026-01-19 09:16:40,836 - WARNING -   ⚠️ Ошибка обработки пары ARKMUSDT-CITYUSDT: division by zero
2026-01-19 09:16:40,836 - WARNING -   ⚠️ Ошибка обработки пары RSS3USDT-XAVAUSDT: division by zero
2026-01-19 09:16:40,836 - WARNING -   ⚠️ Ошибка обработки пары ADAUSDC-CITYUSDT: division by zero
2026-01-19 09:16:40,836 - WARNING -   ⚠️ Ошибка обработки пары AFCUSDT-CITYUSDT: division by zero
2026-01-19 09:16:40,836 - INFO - ⇠ WF-шаг 1/5 backtests — completed 247 items in 2.97s (83.1 items/s)
2026-01-19 09:16:40,836 - INFO -   ✅ Обработка завершена: 243 успешно, 4 с ошибками
2026-01-19 09:16:40,836 - INFO -   📊 Успешность: 98.4%, прибыльность: 65.8%, сделок/пара: 18.9
2026-01-19 09:16:40,836 - INFO -   ✅ Завершены бэктесты для 247 пар
2026-01-19 09:16:40,836 - INFO -   📊 Всего обработано пар в этом шаге: 247
2026-01-19 09:16:40,836 - INFO -   📈 Результаты шага: 160/247 прибыльных пар, 4601 сделок
2026-01-19 09:16:40,837 - INFO -   💰 P&L шага: $+465.42
2026-01-19 09:16:40,837 - INFO -   ⇢ Обновление капитала и дневного P&L...
2026-01-19 09:16:42,010 - INFO -   💼 Шаг P&L: $+465.42, Накопленный капитал: $10,465.42
2026-01-19 09:16:42,010 - INFO - ------------------------------------------------------------
2026-01-19 09:16:42,011 - INFO -   Walk-forward steps: 1 / 5 (20.0%) | 0.0 items/s | ETA: 811.7s
2026-01-19 09:16:42,011 - INFO - 🔍 WF-шаг 2/5: Валидация временных окон...
2026-01-19 09:16:42,011 - INFO - ⇢ WF-шаг 2/5: training 2023-09-01-2023-10-30, testing 2023-10-31-2023-11-30 — start
2026-01-19 09:16:42,011 - INFO - ⇢ loading step data — start
2026-01-19 09:16:42,199 - INFO - ⇠ loading step data — done in 0.19s
2026-01-19 09:16:43,423 - INFO - 📊 WF-шаг 2/5: Границы данных:
2026-01-19 09:16:43,423 - INFO -    Training: 2023-09-01 00:00:00 → 2023-10-30 23:45:00 (5,760 строк × 292 символов)
2026-01-19 09:16:43,423 - INFO -    Testing:  2023-10-31 00:00:00 → 2023-11-30 00:00:00 (2,881 строк × 292 символов)
2026-01-19 09:16:43,423 - INFO -    Временной разрыв: 0 days 00:15:00
2026-01-19 09:16:43,644 - INFO - ⇢ normalizing training data — start
2026-01-19 09:16:43,676 - INFO -   Символы с NaN значениями: 26
2026-01-19 09:16:43,676 - INFO -   Применяем метод нормализации: rolling_zscore
2026-01-19 09:16:43,690 - INFO - Символы с недостаточной историей: 17 из 292
2026-01-19 09:16:44,091 - INFO - Символы с NaN после нормализации: 275
2026-01-19 09:16:44,097 - INFO - Удалено 617 начальных строк с NaN от rolling расчетов
2026-01-19 09:16:44,099 - INFO - Итоговое количество символов после нормализации: 275 из 292
2026-01-19 09:16:44,099 - INFO -   Статистика нормализации:
2026-01-19 09:16:44,099 - INFO -     Исходные символы: 292
2026-01-19 09:16:44,099 - INFO -     Недостаточная история: 17
2026-01-19 09:16:44,099 - INFO -     Постоянная цена: 0
2026-01-19 09:16:44,099 - INFO -     NaN после нормализации: 275
2026-01-19 09:16:44,100 - INFO -     Итоговые символы: 275 (94.2%)
2026-01-19 09:16:44,100 - INFO -   После нормализации: 275 символов (потеряно 17)
2026-01-19 09:16:44,100 - INFO -   Отброшенные символы: BEAMUSDT, FETUSDT, FLIPUSDT, JEFFUSDT, MEMEUSDT, POLUSDT, PPTUSDT, PYTHUSDT, PYUSDUSDT, ROOTUSDT, RPKUSDT, SHRAPUSDT, TIAUSDT, TOKENUSDT, TUSDUSDT, VRTXUSDT, ZTXUSDT
2026-01-19 09:16:44,100 - INFO - ⇠ normalizing training data — done in 0.46s
2026-01-19 09:16:44,101 - INFO - ⇢ SSD computation — start
2026-01-19 09:16:44,101 - INFO -   Расчет SSD для всех пар (без ограничения)
2026-01-19 09:16:46,166 - INFO -   SSD результат (все пары): 37675 пар
2026-01-19 09:16:46,166 - INFO - ⇠ SSD computation — done in 2.07s
2026-01-19 09:16:46,176 - INFO - ⇢ filtering pairs by cointegration and half-life — start
2026-01-19 09:16:46,176 - INFO - [ФИЛЬТР] Параллельная фильтрация: processes (8 workers)
⚙️  Загрузка данных за период: 2023-09-01 -> 2023-11-30
📂 Найдено 43 parquet файлов для обработки.
📊 Схема данных: Schema({'timestamp': Int64, 'open': Float64, 'high': Float64, 'low': Float64, 'close': Float64, 'volume': Float64, 'turnover': String, 'ts_ms': Int64, 'symbol': String})
✅ Загружено 2420293 записей с помощью Polars.
📊 Типы данных в pandas: timestamp       datetime64[us]
symbol                  object
close                  float64
timestamp_ms             int64
dtype: object
2026-01-19 09:19:06,920 - INFO - [ФИЛЬТР] После проверки данных: 37675 пар
2026-01-19 09:19:06,921 - INFO - [ФИЛЬТР] После фильтра корреляции (>0.45): 16210 пар
2026-01-19 09:19:06,921 - INFO - [ФИЛЬТР] После фильтра beta: 10952 пар
2026-01-19 09:19:06,921 - INFO - [ФИЛЬТР] После фильтра mean crossings: 10952 пар
2026-01-19 09:19:06,921 - INFO - [ФИЛЬТР] После фильтра half-life: 10881 пар
2026-01-19 09:19:06,921 - INFO - [ФИЛЬТР] После фильтра коинтеграции: 4687 пар
2026-01-19 09:19:06,921 - INFO - [ФИЛЬТР] После фильтра Hurst: 3628 пар
2026-01-19 09:19:06,921 - INFO - [ФИЛЬТР] После фильтра KPSS: 141 пар
2026-01-19 09:19:06,921 - INFO - [ФИЛЬТР] После фильтра market microstructure: 141 пар
2026-01-19 09:19:06,921 - INFO - [ФИЛЬТР] Статистика фильтрации (оптимизированный порядок):
2026-01-19 09:19:06,921 - INFO -   1. SSD → Коинтеграция: 37675 → 4687 пар
2026-01-19 09:19:06,921 - INFO -   2. Коинтеграция → Beta: 4687 → 10952 пар
2026-01-19 09:19:06,921 - INFO -   3. Beta → Half-life: 10952 → 10881 пар
2026-01-19 09:19:06,921 - INFO -   4. Half-life → Mean crossings: 10881 → 10952 пар
2026-01-19 09:19:06,921 - INFO -   5. Mean crossings → Hurst: 10952 → 3628 пар
2026-01-19 09:19:06,921 - INFO -   6. Hurst → KPSS: 3628 → 141 пар
2026-01-19 09:19:06,921 - INFO -   7. KPSS → Market microstructure: 141 → 141 пар
2026-01-19 09:19:06,921 - INFO - [ФИЛЬТР] Причины отсева:
2026-01-19 09:19:06,921 - INFO -   • low_correlation: 21465 пар (57.0%)
2026-01-19 09:19:06,921 - INFO -   • pvalue: 6194 пар (16.4%)
2026-01-19 09:19:06,921 - INFO -   • beta: 5258 пар (14.0%)
2026-01-19 09:19:06,921 - INFO -   • kpss: 3487 пар (9.3%)
2026-01-19 09:19:06,921 - INFO -   • hurst: 1059 пар (2.8%)
2026-01-19 09:19:06,921 - INFO -   • half_life: 71 пар (0.2%)
2026-01-19 09:19:06,921 - INFO - [ФИЛЬТР] Итого: 37675 → 141 пар (0.4% прошли все фильтры)
2026-01-19 09:19:06,972 - INFO - Причины отсева сохранены в results/filter_reasons_20260119_091906.csv
2026-01-19 09:19:06,978 - INFO -   Pair stability filter: 141 → 5 (window=1, min_steps=1, history=1)
2026-01-19 09:19:06,978 - INFO -   Фильтрация: 37675 → 5 пар
2026-01-19 09:19:06,978 - INFO - ⇠ filtering pairs by cointegration and half-life — done in 140.80s
2026-01-19 09:19:06,978 - INFO - ⇠ WF-шаг 2/5: training 2023-09-01-2023-10-30, testing 2023-10-31-2023-11-30 — done in 144.97s
2026-01-19 09:19:06,978 - INFO -   Топ-3 пары по волатильности спреда:
2026-01-19 09:19:06,978 - INFO -     1. CRVUSDT-PIPUSDT: beta=2.8441, std=0.0237
2026-01-19 09:19:06,978 - INFO -     2. MVUSDT-SUIUSDT: beta=0.0427, std=0.0011
2026-01-19 09:19:06,979 - INFO -     3. MVUSDT-SUIUSDC: beta=0.0428, std=0.0011
2026-01-19 09:19:06,979 - INFO -   Всего пар для торговли: 5 (ограничение 15 применяется к одновременно открытым позициям)
2026-01-19 09:19:06,979 - INFO -   💰 Проверка расчета капитала: equity=$10,465.42, кандидатных_пар=5, max_позиций=15
2026-01-19 09:19:06,979 - INFO -   🎯 Target concurrency: 5 (ожидаемое одновременное число позиций)
2026-01-19 09:19:06,979 - INFO -   📊 Детали расчета капитала:
2026-01-19 09:19:06,979 - INFO -      • Базовый капитал на пару: $2,093.08 (equity / target_concurrency)
2026-01-19 09:19:06,979 - INFO -      • Риск-капитал: $156.98 (1.5% от equity)
2026-01-19 09:19:06,979 - INFO -      • Макс. размер позиции: $209.31 (2.0% от equity)
2026-01-19 09:19:06,979 - INFO -      • Итоговый капитал на пару: $156.98
2026-01-19 09:19:06,979 - INFO - ⇢ WF-шаг 2/5 backtests — starting 5 items
2026-01-19 09:19:06,979 - INFO - 🚀 WF-шаг 2/5: Начинаем бэктесты для 5 пар...
2026-01-19 09:19:06,980 - INFO - 🚀 WF-шаг 2/5: Запускаем параллельную обработку 5 пар на 8 ядрах...
2026-01-19 09:19:06,980 - INFO - 🚀 WF-шаг 2/5: Режим параллельности: процессы
2026-01-19 09:19:07,033 - coint2.engine.numba_engine - INFO - Запуск Numba-оптимизированного бэктеста для CRVUSDT-PIPUSDT
2026-01-19 09:19:07,048 - coint2.engine.numba_engine - INFO - Запуск Numba-оптимизированного бэктеста для MVUSDT-SUIUSDT
2026-01-19 09:19:07,068 - coint2.engine.numba_engine - INFO - Запуск Numba-оптимизированного бэктеста для MVUSDT-SUIUSDC
2026-01-19 09:19:07,085 - coint2.engine.numba_engine - INFO - Запуск Numba-оптимизированного бэктеста для LUNCUSDC-RVNUSDT
2026-01-19 09:19:07,104 - coint2.engine.numba_engine - INFO - Запуск Numba-оптимизированного бэктеста для LUNCUSDT-RVNUSDT
2026-01-19 09:19:07,198 - INFO -   ⏱️ Параллельная обработка завершена за 0.2с (22.9 пар/с)
2026-01-19 09:19:07,206 - coint2.pipeline.walk_forward_orchestrator - INFO - 🎯 СИМУЛЯЦИЯ ПОРТФЕЛЯ: 5 пар, лимит 15 позиций
2026-01-19 09:19:07,505 - coint2.pipeline.walk_forward_orchestrator - INFO -    📈 Макс. одновременных сигналов: 3
2026-01-19 09:19:07,505 - coint2.pipeline.walk_forward_orchestrator - INFO -    📊 Средн. сигналов за период: 0.1
2026-01-19 09:19:07,505 - coint2.pipeline.walk_forward_orchestrator - INFO -    🎯 Финальных активных позиций: 0
2026-01-19 09:19:07,506 - coint2.pipeline.walk_forward_orchestrator - INFO -    ⚡ Утилизация лимита позиций: 0.4%
2026-01-19 09:19:07,507 - INFO - ⇠ WF-шаг 2/5 backtests — completed 5 items in 0.53s (9.5 items/s)
2026-01-19 09:19:07,507 - INFO -   ✅ Обработка завершена: 5 успешно, 0 с ошибками
2026-01-19 09:19:07,507 - INFO -   📊 Успешность: 100.0%, прибыльность: 60.0%, сделок/пара: 15.2
2026-01-19 09:19:07,507 - INFO -   ✅ Завершены бэктесты для 5 пар
2026-01-19 09:19:07,507 - INFO -   📊 Всего обработано пар в этом шаге: 5
2026-01-19 09:19:07,507 - INFO -   📈 Результаты шага: 3/5 прибыльных пар, 76 сделок
2026-01-19 09:19:07,507 - INFO -   💰 P&L шага: $+46.12
2026-01-19 09:19:07,507 - INFO -   ⇢ Обновление капитала и дневного P&L...
2026-01-19 09:19:08,902 - INFO -   💼 Шаг P&L: $+46.12, Накопленный капитал: $10,511.54
2026-01-19 09:19:08,902 - INFO - ------------------------------------------------------------
2026-01-19 09:19:08,902 - INFO -   Walk-forward steps: 2 / 5 (40.0%) | 0.0 items/s | ETA: 524.7s
2026-01-19 09:19:08,902 - INFO - 🔍 WF-шаг 3/5: Валидация временных окон...
2026-01-19 09:19:08,903 - INFO - ⇢ WF-шаг 3/5: training 2023-10-01-2023-11-29, testing 2023-11-30-2023-12-30 — start
2026-01-19 09:19:08,903 - INFO - ⇢ loading step data — start
2026-01-19 09:19:09,082 - INFO - ⇠ loading step data — done in 0.18s
2026-01-19 09:19:10,516 - INFO - 📊 WF-шаг 3/5: Границы данных:
2026-01-19 09:19:10,516 - INFO -    Training: 2023-10-01 00:00:00 → 2023-11-29 23:45:00 (5,760 строк × 309 символов)
2026-01-19 09:19:10,516 - INFO -    Testing:  2023-11-30 00:00:00 → 2023-12-30 00:00:00 (2,881 строк × 309 символов)
2026-01-19 09:19:10,516 - INFO -    Временной разрыв: 0 days 00:15:00
2026-01-19 09:19:10,555 - INFO - ⇢ normalizing training data — start
2026-01-19 09:19:10,588 - INFO -   Символы с NaN значениями: 33
2026-01-19 09:19:10,588 - INFO -   Применяем метод нормализации: rolling_zscore
2026-01-19 09:19:10,602 - INFO - Символы с недостаточной историей: 32 из 309
2026-01-19 09:19:11,004 - INFO - Символы с NaN после нормализации: 277
2026-01-19 09:19:11,010 - INFO - Удалено 233 начальных строк с NaN от rolling расчетов
2026-01-19 09:19:11,012 - INFO - Итоговое количество символов после нормализации: 277 из 309
2026-01-19 09:19:11,012 - INFO -   Статистика нормализации:
2026-01-19 09:19:11,012 - INFO -     Исходные символы: 309
2026-01-19 09:19:11,012 - INFO -     Недостаточная история: 32
2026-01-19 09:19:11,012 - INFO -     Постоянная цена: 0
2026-01-19 09:19:11,012 - INFO -     NaN после нормализации: 277
2026-01-19 09:19:11,012 - INFO -     Итоговые символы: 277 (89.6%)
2026-01-19 09:19:11,013 - INFO -   После нормализации: 277 символов (потеряно 32)
2026-01-19 09:19:11,013 - INFO -   Отброшено много символов: 32 из 309
2026-01-19 09:19:11,013 - INFO - ⇠ normalizing training data — done in 0.46s
2026-01-19 09:19:11,014 - INFO - ⇢ SSD computation — start
2026-01-19 09:19:11,014 - INFO -   Расчет SSD для всех пар (без ограничения)
2026-01-19 09:19:13,349 - INFO -   SSD результат (все пары): 38226 пар
2026-01-19 09:19:13,349 - INFO - ⇠ SSD computation — done in 2.34s
2026-01-19 09:19:13,360 - INFO - ⇢ filtering pairs by cointegration and half-life — start
2026-01-19 09:19:13,360 - INFO - [ФИЛЬТР] Параллельная фильтрация: processes (8 workers)
⚙️  Загрузка данных за период: 2023-10-01 -> 2023-12-30
📂 Найдено 43 parquet файлов для обработки.
📊 Схема данных: Schema({'timestamp': Int64, 'open': Float64, 'high': Float64, 'low': Float64, 'close': Float64, 'volume': Float64, 'turnover': String, 'ts_ms': Int64, 'symbol': String})
✅ Загружено 2499894 записей с помощью Polars.
📊 Типы данных в pandas: timestamp       datetime64[us]
symbol                  object
close                  float64
timestamp_ms             int64
dtype: object
2026-01-19 09:22:09,847 - INFO - [ФИЛЬТР] После проверки данных: 38226 пар
2026-01-19 09:22:09,847 - INFO - [ФИЛЬТР] После фильтра корреляции (>0.45): 27697 пар
2026-01-19 09:22:09,847 - INFO - [ФИЛЬТР] После фильтра beta: 19115 пар
2026-01-19 09:22:09,847 - INFO - [ФИЛЬТР] После фильтра mean crossings: 19115 пар
2026-01-19 09:22:09,847 - INFO - [ФИЛЬТР] После фильтра half-life: 18977 пар
2026-01-19 09:22:09,847 - INFO - [ФИЛЬТР] После фильтра коинтеграции: 4861 пар
2026-01-19 09:22:09,847 - INFO - [ФИЛЬТР] После фильтра Hurst: 2852 пар
2026-01-19 09:22:09,847 - INFO - [ФИЛЬТР] После фильтра KPSS: 189 пар
2026-01-19 09:22:09,847 - INFO - [ФИЛЬТР] После фильтра market microstructure: 189 пар
2026-01-19 09:22:09,847 - INFO - [ФИЛЬТР] Статистика фильтрации (оптимизированный порядок):
2026-01-19 09:22:09,847 - INFO -   1. SSD → Коинтеграция: 38226 → 4861 пар
2026-01-19 09:22:09,847 - INFO -   2. Коинтеграция → Beta: 4861 → 19115 пар
2026-01-19 09:22:09,847 - INFO -   3. Beta → Half-life: 19115 → 18977 пар
2026-01-19 09:22:09,847 - INFO -   4. Half-life → Mean crossings: 18977 → 19115 пар
2026-01-19 09:22:09,847 - INFO -   5. Mean crossings → Hurst: 19115 → 2852 пар
2026-01-19 09:22:09,847 - INFO -   6. Hurst → KPSS: 2852 → 189 пар
2026-01-19 09:22:09,847 - INFO -   7. KPSS → Market microstructure: 189 → 189 пар
2026-01-19 09:22:09,847 - INFO - [ФИЛЬТР] Причины отсева:
2026-01-19 09:22:09,847 - INFO -   • pvalue: 14116 пар (36.9%)
2026-01-19 09:22:09,847 - INFO -   • low_correlation: 10529 пар (27.5%)
2026-01-19 09:22:09,847 - INFO -   • beta: 8582 пар (22.5%)
2026-01-19 09:22:09,847 - INFO -   • kpss: 2663 пар (7.0%)
2026-01-19 09:22:09,847 - INFO -   • hurst: 2009 пар (5.3%)
2026-01-19 09:22:09,847 - INFO -   • half_life: 138 пар (0.4%)
2026-01-19 09:22:09,847 - INFO - [ФИЛЬТР] Итого: 38226 → 189 пар (0.5% прошли все фильтры)
2026-01-19 09:22:09,900 - INFO - Причины отсева сохранены в results/filter_reasons_20260119_092209.csv
2026-01-19 09:22:09,906 - INFO -   Pair stability filter: 189 → 5 (window=1, min_steps=1, history=2)
2026-01-19 09:22:09,906 - INFO -   Фильтрация: 38226 → 5 пар
2026-01-19 09:22:09,906 - INFO - ⇠ filtering pairs by cointegration and half-life — done in 176.55s
2026-01-19 09:22:09,906 - INFO - ⇠ WF-шаг 3/5: training 2023-10-01-2023-11-29, testing 2023-11-30-2023-12-30 — done in 181.00s
2026-01-19 09:22:09,906 - INFO -   Топ-3 пары по волатильности спреда:
2026-01-19 09:22:09,906 - INFO -     1. AVAUSDT-ENJUSDT: beta=1.0903, std=0.0150
2026-01-19 09:22:09,906 - INFO -     2. AVAUSDT-LRCUSDT: beta=1.7007, std=0.0111
2026-01-19 09:22:09,907 - INFO -     3. MVUSDT-STGUSDT: beta=0.0686, std=0.0030
2026-01-19 09:22:09,907 - INFO -   Всего пар для торговли: 5 (ограничение 15 применяется к одновременно открытым позициям)
2026-01-19 09:22:09,907 - INFO -   💰 Проверка расчета капитала: equity=$10,511.54, кандидатных_пар=5, max_позиций=15
2026-01-19 09:22:09,907 - INFO -   🎯 Target concurrency: 5 (ожидаемое одновременное число позиций)
2026-01-19 09:22:09,907 - INFO -   📊 Детали расчета капитала:
2026-01-19 09:22:09,907 - INFO -      • Базовый капитал на пару: $2,102.31 (equity / target_concurrency)
2026-01-19 09:22:09,907 - INFO -      • Риск-капитал: $157.67 (1.5% от equity)
2026-01-19 09:22:09,907 - INFO -      • Макс. размер позиции: $210.23 (2.0% от equity)
2026-01-19 09:22:09,907 - INFO -      • Итоговый капитал на пару: $157.67
2026-01-19 09:22:09,907 - INFO - ⇢ WF-шаг 3/5 backtests — starting 5 items
2026-01-19 09:22:09,907 - INFO - 🚀 WF-шаг 3/5: Начинаем бэктесты для 5 пар...
2026-01-19 09:22:09,908 - INFO - 🚀 WF-шаг 3/5: Запускаем параллельную обработку 5 пар на 8 ядрах...
2026-01-19 09:22:09,908 - INFO - 🚀 WF-шаг 3/5: Режим параллельности: процессы
2026-01-19 09:22:09,957 - coint2.engine.numba_engine - INFO - Запуск Numba-оптимизированного бэктеста для AVAUSDT-ENJUSDT
2026-01-19 09:22:09,976 - coint2.engine.numba_engine - INFO - Запуск Numba-оптимизированного бэктеста для AVAUSDT-LRCUSDT
2026-01-19 09:22:09,995 - coint2.engine.numba_engine - INFO - Запуск Numba-оптимизированного бэктеста для MVUSDT-STGUSDT
2026-01-19 09:22:10,016 - coint2.engine.numba_engine - INFO - Запуск Numba-оптимизированного бэктеста для DOGEEUR-WAVESUSDT
2026-01-19 09:22:10,037 - coint2.engine.numba_engine - INFO - Запуск Numba-оптимизированного бэктеста для IZIUSDT-NEXOUSDT
2026-01-19 09:22:10,136 - INFO -   ⏱️ Параллельная обработка завершена за 0.2с (21.9 пар/с)
2026-01-19 09:22:10,141 - coint2.pipeline.walk_forward_orchestrator - INFO - 🎯 СИМУЛЯЦИЯ ПОРТФЕЛЯ: 5 пар, лимит 15 позиций
2026-01-19 09:22:10,436 - coint2.pipeline.walk_forward_orchestrator - INFO -    📈 Макс. одновременных сигналов: 3
2026-01-19 09:22:10,436 - coint2.pipeline.walk_forward_orchestrator - INFO -    📊 Средн. сигналов за период: 0.1
2026-01-19 09:22:10,436 - coint2.pipeline.walk_forward_orchestrator - INFO -    🎯 Финальных активных позиций: 0
2026-01-19 09:22:10,438 - coint2.pipeline.walk_forward_orchestrator - INFO -    ⚡ Утилизация лимита позиций: 0.4%
2026-01-19 09:22:10,438 - INFO - ⇠ WF-шаг 3/5 backtests — completed 5 items in 0.53s (9.4 items/s)
2026-01-19 09:22:10,438 - INFO -   ✅ Обработка завершена: 5 успешно, 0 с ошибками
2026-01-19 09:22:10,438 - INFO -   📊 Успешность: 100.0%, прибыльность: 80.0%, сделок/пара: 16.4
2026-01-19 09:22:10,438 - INFO -   ✅ Завершены бэктесты для 5 пар
2026-01-19 09:22:10,438 - INFO -   📊 Всего обработано пар в этом шаге: 5
2026-01-19 09:22:10,439 - INFO -   📈 Результаты шага: 4/5 прибыльных пар, 82 сделок
2026-01-19 09:22:10,439 - INFO -   💰 P&L шага: $+61.22
2026-01-19 09:22:10,439 - INFO -   ⇢ Обновление капитала и дневного P&L...
2026-01-19 09:22:11,803 - INFO -   💼 Шаг P&L: $+61.22, Накопленный капитал: $10,572.76
2026-01-19 09:22:11,803 - INFO - ------------------------------------------------------------
2026-01-19 09:22:11,803 - INFO -   Walk-forward steps: 3 / 5 (60.0%) | 0.0 items/s | ETA: 355.1s
2026-01-19 09:22:11,803 - INFO - 🔍 WF-шаг 4/5: Валидация временных окон...
2026-01-19 09:22:11,804 - INFO - ⇢ WF-шаг 4/5: training 2023-10-31-2023-12-29, testing 2023-12-30-2024-01-29 — start
2026-01-19 09:22:11,804 - INFO - ⇢ loading step data — start
2026-01-19 09:22:12,003 - INFO - ⇠ loading step data — done in 0.20s
2026-01-19 09:22:13,402 - INFO - 📊 WF-шаг 4/5: Границы данных:
2026-01-19 09:22:13,403 - INFO -    Training: 2023-10-31 00:00:00 → 2023-12-29 23:45:00 (5,760 строк × 327 символов)
2026-01-19 09:22:13,403 - INFO -    Testing:  2023-12-30 00:00:00 → 2024-01-29 00:00:00 (2,881 строк × 327 символов)
2026-01-19 09:22:13,403 - INFO -    Временной разрыв: 0 days 00:15:00
2026-01-19 09:22:13,445 - INFO - ⇢ normalizing training data — start
2026-01-19 09:22:13,481 - INFO -   Символы с NaN значениями: 45
2026-01-19 09:22:13,481 - INFO -   Применяем метод нормализации: rolling_zscore
2026-01-19 09:22:13,496 - INFO - Символы с недостаточной историей: 40 из 327
2026-01-19 09:22:13,904 - INFO - Символы с NaN после нормализации: 287
2026-01-19 09:22:13,910 - INFO - Удалено 809 начальных строк с NaN от rolling расчетов
2026-01-19 09:22:13,912 - INFO - Итоговое количество символов после нормализации: 287 из 327
2026-01-19 09:22:13,912 - INFO -   Статистика нормализации:
2026-01-19 09:22:13,912 - INFO -     Исходные символы: 327
2026-01-19 09:22:13,912 - INFO -     Недостаточная история: 40
2026-01-19 09:22:13,912 - INFO -     Постоянная цена: 0
2026-01-19 09:22:13,912 - INFO -     NaN после нормализации: 287
2026-01-19 09:22:13,912 - INFO -     Итоговые символы: 287 (87.8%)
2026-01-19 09:22:13,912 - INFO -   После нормализации: 287 символов (потеряно 40)
2026-01-19 09:22:13,912 - INFO -   Отброшено много символов: 40 из 327
2026-01-19 09:22:13,912 - INFO - ⇠ normalizing training data — done in 0.47s
2026-01-19 09:22:13,914 - INFO - ⇢ SSD computation — start
2026-01-19 09:22:13,914 - INFO -   Расчет SSD для всех пар (без ограничения)
2026-01-19 09:22:16,095 - INFO -   SSD результат (все пары): 41041 пар
2026-01-19 09:22:16,095 - INFO - ⇠ SSD computation — done in 2.18s
2026-01-19 09:22:16,106 - INFO - ⇢ filtering pairs by cointegration and half-life — start
2026-01-19 09:22:16,106 - INFO - [ФИЛЬТР] Параллельная фильтрация: processes (8 workers)
⚙️  Загрузка данных за период: 2023-10-31 -> 2024-01-29
📂 Найдено 43 parquet файлов для обработки.
📊 Схема данных: Schema({'timestamp': Int64, 'open': Float64, 'high': Float64, 'low': Float64, 'close': Float64, 'volume': Float64, 'turnover': String, 'ts_ms': Int64, 'symbol': String})
✅ Загружено 2615053 записей с помощью Polars.
📊 Типы данных в pandas: timestamp       datetime64[us]
symbol                  object
close                  float64
timestamp_ms             int64
dtype: object
2026-01-19 09:25:05,797 - INFO - [ФИЛЬТР] После проверки данных: 41041 пар
2026-01-19 09:25:05,797 - INFO - [ФИЛЬТР] После фильтра корреляции (>0.45): 26199 пар
2026-01-19 09:25:05,797 - INFO - [ФИЛЬТР] После фильтра beta: 17817 пар
2026-01-19 09:25:05,797 - INFO - [ФИЛЬТР] После фильтра mean crossings: 17817 пар
2026-01-19 09:25:05,797 - INFO - [ФИЛЬТР] После фильтра half-life: 17721 пар
2026-01-19 09:25:05,798 - INFO - [ФИЛЬТР] После фильтра коинтеграции: 4456 пар
2026-01-19 09:25:05,798 - INFO - [ФИЛЬТР] После фильтра Hurst: 3028 пар
2026-01-19 09:25:05,798 - INFO - [ФИЛЬТР] После фильтра KPSS: 162 пар
2026-01-19 09:25:05,798 - INFO - [ФИЛЬТР] После фильтра market microstructure: 162 пар
2026-01-19 09:25:05,798 - INFO - [ФИЛЬТР] Статистика фильтрации (оптимизированный порядок):
2026-01-19 09:25:05,798 - INFO -   1. SSD → Коинтеграция: 41041 → 4456 пар
2026-01-19 09:25:05,798 - INFO -   2. Коинтеграция → Beta: 4456 → 17817 пар
2026-01-19 09:25:05,798 - INFO -   3. Beta → Half-life: 17817 → 17721 пар
2026-01-19 09:25:05,798 - INFO -   4. Half-life → Mean crossings: 17721 → 17817 пар
2026-01-19 09:25:05,798 - INFO -   5. Mean crossings → Hurst: 17817 → 3028 пар
2026-01-19 09:25:05,798 - INFO -   6. Hurst → KPSS: 3028 → 162 пар
2026-01-19 09:25:05,798 - INFO -   7. KPSS → Market microstructure: 162 → 162 пар
2026-01-19 09:25:05,798 - INFO - [ФИЛЬТР] Причины отсева:
2026-01-19 09:25:05,798 - INFO -   • low_correlation: 14842 пар (36.2%)
2026-01-19 09:25:05,798 - INFO -   • pvalue: 13265 пар (32.3%)
2026-01-19 09:25:05,798 - INFO -   • beta: 8382 пар (20.4%)
2026-01-19 09:25:05,798 - INFO -   • kpss: 2866 пар (7.0%)
2026-01-19 09:25:05,798 - INFO -   • hurst: 1428 пар (3.5%)
2026-01-19 09:25:05,798 - INFO -   • half_life: 96 пар (0.2%)
2026-01-19 09:25:05,798 - INFO - [ФИЛЬТР] Итого: 41041 → 162 пар (0.4% прошли все фильтры)
2026-01-19 09:25:05,859 - INFO - Причины отсева сохранены в results/filter_reasons_20260119_092505.csv
2026-01-19 09:25:05,865 - INFO -   Pair stability filter: 162 → 7 (window=1, min_steps=1, history=3)
2026-01-19 09:25:05,865 - INFO -   Фильтрация: 41041 → 7 пар
2026-01-19 09:25:05,865 - INFO - ⇠ filtering pairs by cointegration and half-life — done in 169.76s
2026-01-19 09:25:05,865 - INFO - ⇠ WF-шаг 4/5: training 2023-10-31-2023-12-29, testing 2023-12-30-2024-01-29 — done in 174.06s
2026-01-19 09:25:05,866 - INFO -   Топ-3 пары по волатильности спреда:
2026-01-19 09:25:05,866 - INFO -     1. AAVEUSDT-BTCDAI: beta=0.0012, std=5.4138
2026-01-19 09:25:05,866 - INFO -     2. AAVEUSDT-WBTCUSDT: beta=0.0012, std=5.4064
2026-01-19 09:25:05,866 - INFO -     3. 1INCHUSDT-NYMUSDT: beta=1.8065, std=0.0192
2026-01-19 09:25:05,866 - INFO -   Всего пар для торговли: 7 (ограничение 15 применяется к одновременно открытым позициям)
2026-01-19 09:25:05,866 - INFO -   💰 Проверка расчета капитала: equity=$10,572.76, кандидатных_пар=7, max_позиций=15
2026-01-19 09:25:05,866 - INFO -   🎯 Target concurrency: 7 (ожидаемое одновременное число позиций)
2026-01-19 09:25:05,866 - INFO -   📊 Детали расчета капитала:
2026-01-19 09:25:05,866 - INFO -      • Базовый капитал на пару: $1,510.39 (equity / target_concurrency)
2026-01-19 09:25:05,866 - INFO -      • Риск-капитал: $158.59 (1.5% от equity)
2026-01-19 09:25:05,866 - INFO -      • Макс. размер позиции: $211.46 (2.0% от equity)
2026-01-19 09:25:05,866 - INFO -      • Итоговый капитал на пару: $158.59
2026-01-19 09:25:05,867 - INFO - ⇢ WF-шаг 4/5 backtests — starting 7 items
2026-01-19 09:25:05,867 - INFO - 🚀 WF-шаг 4/5: Начинаем бэктесты для 7 пар...
2026-01-19 09:25:05,867 - INFO - 🚀 WF-шаг 4/5: Запускаем параллельную обработку 7 пар на 8 ядрах...
2026-01-19 09:25:05,867 - INFO - 🚀 WF-шаг 4/5: Режим параллельности: процессы
2026-01-19 09:25:05,918 - coint2.engine.numba_engine - INFO - Запуск Numba-оптимизированного бэктеста для AAVEUSDT-BTCDAI
2026-01-19 09:25:05,943 - coint2.engine.numba_engine - INFO - Запуск Numba-оптимизированного бэктеста для AAVEUSDT-WBTCUSDT
2026-01-19 09:25:05,964 - coint2.engine.numba_engine - INFO - Запуск Numba-оптимизированного бэктеста для 1INCHUSDT-NYMUSDT
2026-01-19 09:25:05,994 - WARNING - ❌ Ошибка обработки пары AAVEUSDT-BTCDAI: division by zero
2026-01-19 09:25:05,995 - coint2.engine.numba_engine - INFO - Запуск Numba-оптимизированного бэктеста для IDUSDT-LRCUSDT
2026-01-19 09:25:06,038 - coint2.engine.numba_engine - INFO - Запуск Numba-оптимизированного бэктеста для ICXUSDT-PENDLEUSDT
2026-01-19 09:25:06,057 - coint2.engine.numba_engine - INFO - Запуск Numba-оптимизированного бэктеста для CHRPUSDT-GRTUSDT
2026-01-19 09:25:06,080 - coint2.engine.numba_engine - INFO - Запуск Numba-оптимизированного бэктеста для CHRPUSDT-NEXOUSDT
2026-01-19 09:25:06,180 - INFO -   ⏱️ Параллельная обработка завершена за 0.3с (22.3 пар/с)
2026-01-19 09:25:06,185 - coint2.pipeline.walk_forward_orchestrator - INFO - 🎯 СИМУЛЯЦИЯ ПОРТФЕЛЯ: 6 пар, лимит 15 позиций
2026-01-19 09:25:06,494 - coint2.pipeline.walk_forward_orchestrator - INFO -    📈 Макс. одновременных сигналов: 3
2026-01-19 09:25:06,495 - coint2.pipeline.walk_forward_orchestrator - INFO -    📊 Средн. сигналов за период: 0.1
2026-01-19 09:25:06,495 - coint2.pipeline.walk_forward_orchestrator - INFO -    🎯 Финальных активных позиций: 0
2026-01-19 09:25:06,496 - coint2.pipeline.walk_forward_orchestrator - INFO -    ⚡ Утилизация лимита позиций: 0.5%
2026-01-19 09:25:06,496 - WARNING -   ⚠️ Ошибка обработки пары AAVEUSDT-BTCDAI: division by zero
2026-01-19 09:25:06,496 - INFO -   WF-шаг 4/5 backtests: 1 / 7 (14.3%) | 1.6 items/s | ETA: 3.8s
2026-01-19 09:25:06,497 - INFO - ⇠ WF-шаг 4/5 backtests — completed 7 items in 0.63s (11.1 items/s)
2026-01-19 09:25:06,497 - INFO -   ✅ Обработка завершена: 6 успешно, 1 с ошибками
2026-01-19 09:25:06,497 - INFO -   📊 Успешность: 85.7%, прибыльность: 83.3%, сделок/пара: 18.3
2026-01-19 09:25:06,497 - INFO -   ✅ Завершены бэктесты для 7 пар
2026-01-19 09:25:06,497 - INFO -   📊 Всего обработано пар в этом шаге: 7
2026-01-19 09:25:06,497 - INFO -   📈 Результаты шага: 5/7 прибыльных пар, 110 сделок
2026-01-19 09:25:06,497 - INFO -   💰 P&L шага: $+3.20
2026-01-19 09:25:06,497 - INFO -   ⇢ Обновление капитала и дневного P&L...
2026-01-19 09:25:08,063 - INFO -   💼 Шаг P&L: $+3.20, Накопленный капитал: $10,575.96
2026-01-19 09:25:08,064 - INFO - ------------------------------------------------------------
2026-01-19 09:25:08,064 - INFO -   Walk-forward steps: 4 / 5 (80.0%) | 0.0 items/s | ETA: 177.2s
2026-01-19 09:25:08,064 - INFO - 🔍 WF-шаг 5/5: Валидация временных окон...
2026-01-19 09:25:08,064 - INFO - ⇢ WF-шаг 5/5: training 2023-11-30-2024-01-28, testing 2024-01-29-2024-02-28 — start
2026-01-19 09:25:08,064 - INFO - ⇢ loading step data — start
2026-01-19 09:25:08,299 - INFO - ⇠ loading step data — done in 0.23s
2026-01-19 09:25:09,854 - INFO - 📊 WF-шаг 5/5: Границы данных:
2026-01-19 09:25:09,854 - INFO -    Training: 2023-11-30 00:00:00 → 2024-01-28 23:45:00 (5,760 строк × 344 символов)
2026-01-19 09:25:09,854 - INFO -    Testing:  2024-01-29 00:00:00 → 2024-02-28 00:00:00 (2,881 строк × 344 символов)
2026-01-19 09:25:09,855 - INFO -    Временной разрыв: 0 days 00:15:00
2026-01-19 09:25:09,902 - INFO - ⇢ normalizing training data — start
2026-01-19 09:25:09,940 - INFO -   Символы с NaN значениями: 52
2026-01-19 09:25:09,941 - INFO -   Применяем метод нормализации: rolling_zscore
2026-01-19 09:25:09,956 - INFO - Символы с недостаточной историей: 44 из 344
2026-01-19 09:25:10,420 - INFO - Символы с NaN после нормализации: 300
2026-01-19 09:25:10,427 - INFO - Удалено 809 начальных строк с NaN от rolling расчетов
2026-01-19 09:25:10,429 - INFO - Итоговое количество символов после нормализации: 300 из 344
2026-01-19 09:25:10,430 - INFO -   Статистика нормализации:
2026-01-19 09:25:10,430 - INFO -     Исходные символы: 344
2026-01-19 09:25:10,430 - INFO -     Недостаточная история: 44
2026-01-19 09:25:10,430 - INFO -     Постоянная цена: 0
2026-01-19 09:25:10,430 - INFO -     NaN после нормализации: 300
2026-01-19 09:25:10,430 - INFO -     Итоговые символы: 300 (87.2%)
2026-01-19 09:25:10,430 - INFO -   После нормализации: 300 символов (потеряно 44)
2026-01-19 09:25:10,430 - INFO -   Отброшено много символов: 44 из 344
2026-01-19 09:25:10,430 - INFO - ⇠ normalizing training data — done in 0.53s
2026-01-19 09:25:10,432 - INFO - ⇢ SSD computation — start
2026-01-19 09:25:10,432 - INFO -   Расчет SSD для всех пар (без ограничения)
2026-01-19 09:25:12,973 - INFO -   SSD результат (все пары): 44850 пар
2026-01-19 09:25:12,974 - INFO - ⇠ SSD computation — done in 2.54s
2026-01-19 09:25:12,986 - INFO - ⇢ filtering pairs by cointegration and half-life — start
2026-01-19 09:25:12,987 - INFO - [ФИЛЬТР] Параллельная фильтрация: processes (8 workers)
⚙️  Загрузка данных за период: 2023-11-30 -> 2024-02-28
📂 Найдено 43 parquet файлов для обработки.
📊 Схема данных: Schema({'timestamp': Int64, 'open': Float64, 'high': Float64, 'low': Float64, 'close': Float64, 'volume': Float64, 'turnover': String, 'ts_ms': Int64, 'symbol': String})
✅ Загружено 2755343 записей с помощью Polars.
📊 Типы данных в pandas: timestamp       datetime64[us]
symbol                  object
close                  float64
timestamp_ms             int64
dtype: object
2026-01-19 09:27:36,725 - INFO - [ФИЛЬТР] После проверки данных: 44850 пар
2026-01-19 09:27:36,725 - INFO - [ФИЛЬТР] После фильтра корреляции (>0.45): 14952 пар
2026-01-19 09:27:36,725 - INFO - [ФИЛЬТР] После фильтра beta: 10710 пар
2026-01-19 09:27:36,725 - INFO - [ФИЛЬТР] После фильтра mean crossings: 10710 пар
2026-01-19 09:27:36,725 - INFO - [ФИЛЬТР] После фильтра half-life: 10679 пар
2026-01-19 09:27:36,725 - INFO - [ФИЛЬТР] После фильтра коинтеграции: 4834 пар
2026-01-19 09:27:36,725 - INFO - [ФИЛЬТР] После фильтра Hurst: 3565 пар
2026-01-19 09:27:36,725 - INFO - [ФИЛЬТР] После фильтра KPSS: 150 пар
2026-01-19 09:27:36,725 - INFO - [ФИЛЬТР] После фильтра market microstructure: 150 пар
2026-01-19 09:27:36,725 - INFO - [ФИЛЬТР] Статистика фильтрации (оптимизированный порядок):
2026-01-19 09:27:36,725 - INFO -   1. SSD → Коинтеграция: 44850 → 4834 пар
2026-01-19 09:27:36,725 - INFO -   2. Коинтеграция → Beta: 4834 → 10710 пар
2026-01-19 09:27:36,725 - INFO -   3. Beta → Half-life: 10710 → 10679 пар
2026-01-19 09:27:36,725 - INFO -   4. Half-life → Mean crossings: 10679 → 10710 пар
2026-01-19 09:27:36,725 - INFO -   5. Mean crossings → Hurst: 10710 → 3565 пар
2026-01-19 09:27:36,725 - INFO -   6. Hurst → KPSS: 3565 → 150 пар
2026-01-19 09:27:36,725 - INFO -   7. KPSS → Market microstructure: 150 → 150 пар
2026-01-19 09:27:36,725 - INFO - [ФИЛЬТР] Причины отсева:
2026-01-19 09:27:36,725 - INFO -   • low_correlation: 29898 пар (66.7%)
2026-01-19 09:27:36,725 - INFO -   • pvalue: 5845 пар (13.0%)
2026-01-19 09:27:36,725 - INFO -   • beta: 4242 пар (9.5%)
2026-01-19 09:27:36,725 - INFO -   • kpss: 3415 пар (7.6%)
2026-01-19 09:27:36,725 - INFO -   • hurst: 1269 пар (2.8%)
2026-01-19 09:27:36,725 - INFO -   • half_life: 31 пар (0.1%)
2026-01-19 09:27:36,725 - INFO - [ФИЛЬТР] Итого: 44850 → 150 пар (0.3% прошли все фильтры)
2026-01-19 09:27:36,786 - INFO - Причины отсева сохранены в results/filter_reasons_20260119_092736.csv
2026-01-19 09:27:36,793 - INFO -   Pair stability filter: 150 → 13 (window=1, min_steps=1, history=4)
2026-01-19 09:27:36,793 - INFO -   Фильтрация: 44850 → 13 пар
2026-01-19 09:27:36,793 - INFO - ⇠ filtering pairs by cointegration and half-life — done in 143.81s
2026-01-19 09:27:36,793 - INFO - ⇠ WF-шаг 5/5: training 2023-11-30-2024-01-28, testing 2024-01-29-2024-02-28 — done in 148.73s
2026-01-19 09:27:36,793 - INFO -   Топ-3 пары по волатильности спреда:
2026-01-19 09:27:36,793 - INFO -     1. BTCDAI-WBTCUSDT: beta=1.0023, std=556.1976
2026-01-19 09:27:36,793 - INFO -     2. ARKMUSDT-HBARUSDT: beta=5.9349, std=0.0421
2026-01-19 09:27:36,793 - INFO -     3. BOBAUSDT-STXUSDT: beta=0.1253, std=0.0327
2026-01-19 09:27:36,793 - INFO -   Всего пар для торговли: 13 (ограничение 15 применяется к одновременно открытым позициям)
2026-01-19 09:27:36,794 - INFO -   💰 Проверка расчета капитала: equity=$10,575.96, кандидатных_пар=13, max_позиций=15
2026-01-19 09:27:36,794 - INFO -   🎯 Target concurrency: 13 (ожидаемое одновременное число позиций)
2026-01-19 09:27:36,794 - INFO -   📊 Детали расчета капитала:
2026-01-19 09:27:36,794 - INFO -      • Базовый капитал на пару: $813.54 (equity / target_concurrency)
2026-01-19 09:27:36,794 - INFO -      • Риск-капитал: $158.64 (1.5% от equity)
2026-01-19 09:27:36,794 - INFO -      • Макс. размер позиции: $211.52 (2.0% от equity)
2026-01-19 09:27:36,794 - INFO -      • Итоговый капитал на пару: $158.64
2026-01-19 09:27:36,794 - INFO - ⇢ WF-шаг 5/5 backtests — starting 13 items
2026-01-19 09:27:36,794 - INFO - 🚀 WF-шаг 5/5: Начинаем бэктесты для 13 пар...
2026-01-19 09:27:36,794 - INFO - 🚀 WF-шаг 5/5: Запускаем параллельную обработку 13 пар на 8 ядрах...
2026-01-19 09:27:36,794 - INFO - 🚀 WF-шаг 5/5: Режим параллельности: процессы
2026-01-19 09:27:36,843 - coint2.engine.numba_engine - INFO - Запуск Numba-оптимизированного бэктеста для BTCDAI-WBTCUSDT
2026-01-19 09:27:36,865 - coint2.engine.numba_engine - INFO - Запуск Numba-оптимизированного бэктеста для ARKMUSDT-HBARUSDT
2026-01-19 09:27:36,884 - coint2.engine.numba_engine - INFO - Запуск Numba-оптимизированного бэктеста для BOBAUSDT-STXUSDT
2026-01-19 09:27:36,907 - coint2.engine.numba_engine - INFO - Запуск Numba-оптимизированного бэктеста для GLMRUSDT-NEARUSDT
2026-01-19 09:27:36,924 - coint2.engine.numba_engine - INFO - Запуск Numba-оптимизированного бэктеста для CHRPUSDT-SNXUSDT
2026-01-19 09:27:36,929 - coint2.engine.numba_engine - INFO - Запуск Numba-оптимизированного бэктеста для BOBAUSDT-SOLEUR
2026-01-19 09:27:36,947 - coint2.engine.numba_engine - INFO - Запуск Numba-оптимизированного бэктеста для CHRPUSDT-XCADUSDT
2026-01-19 09:27:36,949 - coint2.engine.numba_engine - INFO - Запуск Numba-оптимизированного бэктеста для BATUSDT-ENJUSDT
2026-01-19 09:27:36,965 - coint2.engine.numba_engine - INFO - Запуск Numba-оптимизированного бэктеста для SWEATUSDT-XETAUSDT
2026-01-19 09:27:36,972 - coint2.engine.numba_engine - INFO - Запуск Numba-оптимизированного бэктеста для ACHUSDT-CRVUSDT
2026-01-19 09:27:37,000 - coint2.engine.numba_engine - INFO - Запуск Numba-оптимизированного бэктеста для CHRPUSDT-GALAUSDT
2026-01-19 09:27:37,004 - coint2.engine.numba_engine - INFO - Запуск Numba-оптимизированного бэктеста для CHRPUSDT-XETAUSDT
2026-01-19 09:27:37,012 - coint2.engine.numba_engine - INFO - Запуск Numba-оптимизированного бэктеста для CHRPUSDT-FITFIUSDT
2026-01-19 09:27:37,139 - INFO -   ⏱️ Параллельная обработка завершена за 0.3с (37.8 пар/с)
2026-01-19 09:27:37,146 - coint2.pipeline.walk_forward_orchestrator - INFO - 🎯 СИМУЛЯЦИЯ ПОРТФЕЛЯ: 13 пар, лимит 15 позиций
2026-01-19 09:27:37,490 - coint2.pipeline.walk_forward_orchestrator - INFO -    📈 Макс. одновременных сигналов: 7
2026-01-19 09:27:37,490 - coint2.pipeline.walk_forward_orchestrator - INFO -    📊 Средн. сигналов за период: 0.2
2026-01-19 09:27:37,490 - coint2.pipeline.walk_forward_orchestrator - INFO -    🎯 Финальных активных позиций: 0
2026-01-19 09:27:37,491 - coint2.pipeline.walk_forward_orchestrator - INFO -    ⚡ Утилизация лимита позиций: 1.3%
2026-01-19 09:27:37,492 - INFO - ⇠ WF-шаг 5/5 backtests — completed 13 items in 0.70s (18.6 items/s)
2026-01-19 09:27:37,492 - INFO -   ✅ Обработка завершена: 13 успешно, 0 с ошибками
2026-01-19 09:27:37,492 - INFO -   📊 Успешность: 100.0%, прибыльность: 53.8%, сделок/пара: 21.4
2026-01-19 09:27:37,492 - INFO -   ✅ Завершены бэктесты для 13 пар
2026-01-19 09:27:37,492 - INFO -   📊 Всего обработано пар в этом шаге: 13
2026-01-19 09:27:37,492 - INFO -   📈 Результаты шага: 7/13 прибыльных пар, 278 сделок
2026-01-19 09:27:37,492 - INFO -   💰 P&L шага: $-21.52
2026-01-19 09:27:37,492 - INFO -   ⇢ Обновление капитала и дневного P&L...
2026-01-19 09:27:39,102 - INFO -   💼 Шаг P&L: $-21.52, Накопленный капитал: $10,554.44
2026-01-19 09:27:39,102 - INFO - ------------------------------------------------------------
2026-01-19 09:27:39,102 - INFO -   Walk-forward steps: 5 / 5 (100.0%) | 0.0 items/s | ETA: 0.0s
2026-01-19 09:27:39,102 - INFO - ⇠ Walk-forward steps — completed 5 items in 860.01s (0.0 items/s)
2026-01-19 09:27:39,102 - INFO - ================================================================================
2026-01-19 09:27:39,102 - INFO - 🏁 Walk-forward анализ завершен!
2026-01-19 09:27:39,102 - INFO - ⏱️ Обработано 5 шагов за 2.3 секунд
2026-01-19 09:27:39,102 - INFO - 📊 Всего обработано пар за весь анализ: 277
2026-01-19 09:27:39,102 - INFO - 💰 Финальный капитал: $10,554.44 (было $10,000.00)
2026-01-19 09:27:39,102 - INFO - 📈 Общая доходность: +5.54% ($+554.44)
2026-01-19 09:27:39,102 - INFO - 📊 Всего сделок: 0
2026-01-19 09:27:39,102 - INFO - ================================================================================
2026-01-19 09:27:39,102 - INFO - ✓ Завершены все 5 WF-шагов
2026-01-19 09:27:39,102 - INFO - ⇢ Обработка финальных результатов и расчет метрик...
2026-01-19 09:27:39,102 - INFO - ⇢ processing final results — start
2026-01-19 09:27:39,103 - INFO -   ⇢ Агрегация данных P&L за 14405 торговых дней
2026-01-19 09:27:39,138 - INFO -   ⇢ Расчет базовых метрик производительности...
2026-01-19 09:27:39,139 - INFO -     📊 Данные для анализа: 14405 записей P&L, 14401 точек equity
2026-01-19 09:27:39,142 - INFO -   ⇢ Расчет расширенных метрик (волатильность, Calmar ratio, и др.)...
2026-01-19 09:27:39,142 - INFO -   ✅ Расширенные метрики рассчитаны: 6 показателей
2026-01-19 09:27:39,142 - INFO -   ⇢ Анализ статистики по 277 парам...
2026-01-19 09:27:39,145 - INFO - ✅ Рассчитаны метрики производительности (19 показателей)
2026-01-19 09:27:39,145 - INFO -   💰 Общий P&L: $+554.44
2026-01-19 09:27:39,145 - INFO -   📊 Sharpe Ratio: 3.092
2026-01-19 09:27:39,145 - INFO -   📉 Максимальная просадка: -16823.27%
2026-01-19 09:27:39,145 - INFO -   🔄 Всего сделок: 5147
2026-01-19 09:27:39,146 - INFO -   📈 Торгуемых пар: 272
2026-01-19 09:27:39,146 - INFO -   💸 Общие издержки: $175.02
2026-01-19 09:27:39,146 - coint2.metrics - INFO - Metric: total_pnl
2026-01-19 09:27:39,146 - coint2.metrics - INFO - Metric: sharpe_ratio_abs
2026-01-19 09:27:39,146 - coint2.metrics - INFO - Metric: max_drawdown_pct
2026-01-19 09:27:39,146 - coint2.metrics - INFO - Metric: total_trades
2026-01-19 09:27:39,146 - coint2.metrics - INFO - Metric: total_pairs_traded
2026-01-19 09:27:39,146 - coint2.metrics - INFO - Metric: total_costs
2026-01-19 09:27:39,147 - INFO - ⇠ processing final results — done in 0.04s
2026-01-19 09:27:39,147 - INFO - ⇢ Создание отчетов и сохранение результатов...
2026-01-19 09:27:39,147 - INFO - ⇢ generating reports — start
2026-01-19 09:27:39,147 - INFO -   ⇢ Создание отчета о производительности...
2026-01-19 09:27:46,020 - INFO -   ✓ Отчет о производительности создан
2026-01-19 09:27:46,020 - INFO -   ⇢ Сохранение данных в CSV файлы...
2026-01-19 09:27:46,022 - INFO - 📋 Метрики сохранены: artifacts/wfa/runs/20260119_stability_relaxed4/stability_relaxed4_20260119_pv0p08_hurst0p65_hl0p02_60_corr0p45_ssd50000_kpss0p03/strategy_metrics.csv
2026-01-19 09:27:46,024 - INFO - 📈 Дневные P&L сохранены: artifacts/wfa/runs/20260119_stability_relaxed4/stability_relaxed4_20260119_pv0p08_hurst0p65_hl0p02_60_corr0p45_ssd50000_kpss0p03/daily_pnl.csv (151 записей)
2026-01-19 09:27:46,075 - INFO - 💹 Кривая капитала сохранена: artifacts/wfa/runs/20260119_stability_relaxed4/stability_relaxed4_20260119_pv0p08_hurst0p65_hl0p02_60_corr0p45_ssd50000_kpss0p03/equity_curve.csv (14401 точек)
2026-01-19 09:27:46,081 - INFO - 📋 Статистика сделок сохранена: artifacts/wfa/runs/20260119_stability_relaxed4/stability_relaxed4_20260119_pv0p08_hurst0p65_hl0p02_60_corr0p45_ssd50000_kpss0p03/trade_statistics.csv (277 записей)
2026-01-19 09:27:46,081 - INFO - 🎉 Walk-Forward анализ полностью завершен!
2026-01-19 09:27:46,081 - INFO - 📊 Все отчеты и данные сохранены в: artifacts/wfa/runs/20260119_stability_relaxed4/stability_relaxed4_20260119_pv0p08_hurst0p65_hl0p02_60_corr0p45_ssd50000_kpss0p03
2026-01-19 09:27:46,081 - INFO - 💼 Итоговый капитал: $10,554.44
2026-01-19 09:27:46,081 - INFO - ⏱️  Общее время выполнения: 9.3 секунд
2026-01-19 09:27:46,081 - INFO - ⇠ generating reports — done in 6.93s
2026-01-19 09:27:46,081 - coint2.core.memory_optimization - INFO - 🧹 Cleaning up global price data
2026-01-19 09:27:46,085 - coint2.core.memory_optimization - INFO - 📊 No global rolling stats to clean up
2026-01-19 09:27:46,085 - INFO - 🧹 Memory-mapped data cleaned up
2026-01-19 09:27:46,087 - INFO - ⇠ run_walk_forward_analysis — done in 874.45s
📊 Отчет сохранен: artifacts/wfa/runs/20260119_stability_relaxed4/stability_relaxed4_20260119_pv0p08_hurst0p65_hl0p02_60_corr0p45_ssd50000_kpss0p03/CointegrationStrategy_performance_report.png
🎯 ============================================================
📊 ИТОГИ ТОРГОВОЙ СТРАТЕГИИ
🎯 ============================================================

💰 ФИНАНСОВЫЕ РЕЗУЛЬТАТЫ:
   • Общий P&L:                          554
   • Максимальная просадка:             -168
   • Средний дневной P&L:                  4

📈 МЕТРИКИ РИСКА:
   • Коэффициент Шарпа:               3.0920
   • Волатильность P&L:                21.20
   • Процент прибыльных дней:         52.32%

🔄 ТОРГОВАЯ АКТИВНОСТЬ:
   • Всего торговых дней:                151
   • Всего сделок:                     5,147
   • Торгуемых пар:                      272
   • Сделок на пару:                    18.6
   • Успешность сделок:               0.32%

💸 РАСХОДЫ И ЭКСТРЕМУМЫ:
   • Общие расходы:                      175
   • Максимальная прибыль:               159
   • Максимальный убыток:               -115
   • Лучшая пара (P&L):                   75
   • Худшая пара (P&L):                  -37

📊 ОЦЕНКА СТРАТЕГИИ:
   ✅ ОТЛИЧНАЯ стратегия! Высокий Шарп и положительный результат

🎯 ============================================================

Annualized Sharpe Ratio: 3.0919644980138545
[run_wfa_fullcpu] end: 2026-01-19T09:27:47Z
