[run_wfa_fullcpu] start: 2026-01-15T17:10:40Z
[run_wfa_fullcpu] os.cpu_count: 16
2026-01-15 17:10:45,405 - coint2.core.memory_optimization - INFO - ✅ BLAS threading limits set to 1 via threadpoolctl
2026-01-15 17:10:45,405 - coint2.core.memory_optimization - INFO - 🔧 Controlled libraries: openblas, openmp
2026-01-15 17:10:45,405 - coint2.core.memory_optimization - INFO - 🧵 Process threads: 2 → 2
2026-01-15 17:10:45,405 - coint2.core.memory_optimization - INFO - 📝 Set 11 environment variables
2026-01-15 17:10:45,842 - INFO - ✅ Параметры конфигурации валидны
2026-01-15 17:10:45,842 - INFO - 📝 Некоторые параметры были скорректированы:
2026-01-15 17:10:45,842 - INFO - 🧭 WFA: динамический отбор пар на каждом шаге
2026-01-15 17:10:45,842 - INFO -   Шаг 1: тренировка 2023-08-02-2023-09-30, тест 2023-10-01-2023-10-31
2026-01-15 17:10:45,842 - INFO -   Шаг 2: тренировка 2023-09-01-2023-10-30, тест 2023-10-31-2023-11-30
2026-01-15 17:10:45,842 - INFO -   Шаг 3: тренировка 2023-10-01-2023-11-29, тест 2023-11-30-2023-12-30
2026-01-15 17:10:45,842 - INFO -   Шаг 4: тренировка 2023-10-31-2023-12-29, тест 2023-12-30-2024-01-29
2026-01-15 17:10:45,842 - INFO - 📈 Запланировано 4 walk-forward шагов
2026-01-15 17:10:45,842 - INFO - ⛔ Ограничение WFA шагов: 4 → 3
2026-01-15 17:10:45,842 - WARNING - ⚠️ Маленький буфер между training и testing в шаге 1: 0 дней. Рекомендуется минимум 1 день.
2026-01-15 17:10:45,842 - WARNING - ⚠️ Маленький буфер между training и testing в шаге 2: 0 дней. Рекомендуется минимум 1 день.
2026-01-15 17:10:45,842 - WARNING - ⚠️ Маленький буфер между training и testing в шаге 3: 0 дней. Рекомендуется минимум 1 день.
2026-01-15 17:10:45,842 - INFO - ✅ Шаги успешно запланированы:
2026-01-15 17:10:45,842 - INFO -    Шаг 1: тренировка 2023-08-02-2023-09-30, тест 2023-10-01-2023-10-31
2026-01-15 17:10:45,842 - INFO -    Шаг 2: тренировка 2023-09-01-2023-10-30, тест 2023-10-31-2023-11-30
2026-01-15 17:10:45,842 - INFO -    Шаг 3: тренировка 2023-10-01-2023-11-29, тест 2023-11-30-2023-12-30
2026-01-15 17:10:45,842 - INFO - 🗂️ Consolidating price data for memory-mapped access...
2026-01-15 17:10:45,843 - INFO - 📊 Consolidating data range: 2023-07-28 → 2024-01-04
2026-01-15 17:10:45,843 - coint2.core.memory_optimization - INFO - 🔄 Consolidating price data from data_downloaded to .cache/consolidated_prices.parquet
2026-01-15 17:10:45,843 - INFO - ⇢ loading raw data for consolidation — start
2026-01-15 17:10:46,478 - INFO - ⇠ loading raw data for consolidation — done in 0.64s
2026-01-15 17:10:46,479 - INFO - ⇢ pivoting data to wide format — start
2026-01-15 17:10:49,374 - INFO - ⇠ pivoting data to wide format — done in 2.89s
2026-01-15 17:10:49,414 - coint2.core.memory_optimization - INFO - 📊 Consolidated data: 15361 rows × 310 symbols
2026-01-15 17:10:49,414 - coint2.core.memory_optimization - INFO - 💾 Memory usage: 19.2 MB
2026-01-15 17:10:49,415 - INFO - ⇢ writing consolidated Parquet file — start
2026-01-15 17:10:49,587 - INFO - ⇠ writing consolidated Parquet file — done in 0.17s
2026-01-15 17:10:49,587 - coint2.core.memory_optimization - INFO - ✅ Successfully consolidated data to .cache/consolidated_prices.parquet
2026-01-15 17:10:49,603 - coint2.core.memory_optimization - INFO - 🔄 Initializing memory-mapped price data from .cache/consolidated_prices.parquet
2026-01-15 17:10:49,604 - INFO - ⇢ loading memory-mapped data — start
2026-01-15 17:10:49,604 - coint2.core.memory_optimization - WARNING - ⚠️ memory_map не поддерживается в текущей версии pyarrow, fallback без mmap
2026-01-15 17:10:49,702 - INFO - ⇠ loading memory-mapped data — done in 0.10s
2026-01-15 17:10:49,710 - coint2.core.memory_optimization - INFO - 📊 Loaded 15361 rows × 310 symbols
2026-01-15 17:10:49,710 - coint2.core.memory_optimization - INFO - 💾 Memory usage: 19.2 MB (memory-mapped)
2026-01-15 17:10:49,711 - INFO - ✅ Memory-mapped data initialized successfully
2026-01-15 17:10:49,712 - INFO - ⇢ Walk-forward steps — starting 3 items
2026-01-15 17:10:49,713 - INFO - 📈 Инициализация equity кривой с первой тестовой даты: 2023-10-01 00:00:00
2026-01-15 17:10:49,713 - INFO - 🔍 WF-шаг 1/3: Валидация временных окон...
2026-01-15 17:10:49,713 - INFO - ⇢ WF-шаг 1/3: training 2023-08-02-2023-09-30, testing 2023-10-01-2023-10-31 — start
2026-01-15 17:10:49,713 - INFO - ⇢ loading step data — start
2026-01-15 17:10:49,864 - INFO - ⇠ loading step data — done in 0.15s
2026-01-15 17:10:51,105 - INFO - 📊 WF-шаг 1/3: Границы данных:
2026-01-15 17:10:51,105 - INFO -    Training: 2023-08-02 00:00:00 → 2023-09-30 23:45:00 (5,760 строк × 282 символов)
2026-01-15 17:10:51,105 - INFO -    Testing:  2023-10-01 00:00:00 → 2023-10-31 00:00:00 (2,881 строк × 282 символов)
2026-01-15 17:10:51,106 - INFO -    Временной разрыв: 0 days 00:15:00
2026-01-15 17:10:51,141 - INFO - ⇢ normalizing training data — start
2026-01-15 17:10:51,171 - INFO -   Символы с NaN значениями: 20
2026-01-15 17:10:51,171 - INFO -   Применяем метод нормализации: rolling_zscore
2026-01-15 17:10:51,185 - INFO - Символы с недостаточной историей: 20 из 282
2026-01-15 17:10:51,550 - INFO - Символы с NaN после нормализации: 262
2026-01-15 17:10:51,557 - INFO - Удалено 1 начальных строк с NaN от rolling расчетов
2026-01-15 17:10:51,559 - INFO - Итоговое количество символов после нормализации: 262 из 282
2026-01-15 17:10:51,559 - INFO -   Статистика нормализации:
2026-01-15 17:10:51,559 - INFO -     Исходные символы: 282
2026-01-15 17:10:51,559 - INFO -     Недостаточная история: 20
2026-01-15 17:10:51,559 - INFO -     Постоянная цена: 0
2026-01-15 17:10:51,559 - INFO -     NaN после нормализации: 262
2026-01-15 17:10:51,560 - INFO -     Итоговые символы: 262 (92.9%)
2026-01-15 17:10:51,560 - INFO -   После нормализации: 262 символов (потеряно 20)
2026-01-15 17:10:51,560 - INFO -   Отброшенные символы: ADAEUR, BEAMUSDT, BTCEUR, CYBERUSDT, DOGEEUR, ETHEUR, FETUSDT, JEFFUSDT, KASUSDT, KAVAUSDT, LTCEUR, ORDIUSDT, POLUSDT, PPTUSDT, PYUSDUSDT, SEIUSDT, SOLEUR, USDCEUR, XRPEUR, ZTXUSDT
2026-01-15 17:10:51,560 - INFO - ⇠ normalizing training data — done in 0.42s
2026-01-15 17:10:51,560 - INFO - ⇢ SSD computation — start
2026-01-15 17:10:51,560 - INFO -   Расчет SSD для всех пар (без ограничения)
2026-01-15 17:10:54,396 - INFO -   SSD результат (все пары): 34191 пар
2026-01-15 17:10:54,397 - INFO -   Ограничиваем до top-5000 пар для дальнейшей обработки
2026-01-15 17:10:54,398 - INFO - ⇠ SSD computation — done in 2.84s
2026-01-15 17:10:54,399 - INFO - ⇢ filtering pairs by cointegration and half-life — start
2026-01-15 17:10:54,399 - INFO - [ФИЛЬТР] На входе после SSD: 5000 пар
2026-01-15 17:10:54,399 - INFO - [ФИЛЬТР] Оптимизированный порядок: Данные → Корреляция → Beta → Crossings → Half-life → Коинтеграция → Hurst → KPSS
2026-01-15 17:11:00,062 - INFO - [ФИЛЬТР] После проверки данных: 5000 пар
2026-01-15 17:11:01,426 - INFO - [ФИЛЬТР] После фильтра корреляции (>0.4): 4953 пар
2026-01-15 17:11:02,555 - INFO - [ФИЛЬТР] После фильтра beta: 3498 пар
2026-01-15 17:11:04,170 - INFO - [ФИЛЬТР] После фильтра mean crossings: 3498 пар
2026-01-15 17:11:12,448 - INFO - [ФИЛЬТР] После фильтра half-life: 3460 пар
2026-01-15 17:13:48,291 - INFO - [ФИЛЬТР] После фильтра коинтеграции: 2547 пар
2026-01-15 17:15:25,588 - INFO - [ФИЛЬТР] После фильтра Hurst: 1683 пар
2026-01-15 17:15:26,020 - INFO - [ФИЛЬТР] После фильтра KPSS: 69 пар
2026-01-15 17:15:26,048 - INFO - [ФИЛЬТР] После фильтра market microstructure: 69 пар
2026-01-15 17:15:26,048 - INFO - [ФИЛЬТР] Статистика фильтрации (оптимизированный порядок):
2026-01-15 17:15:26,048 - INFO -   1. SSD → Коинтеграция: 5000 → 2547 пар
2026-01-15 17:15:26,048 - INFO -   2. Коинтеграция → Beta: 2547 → 3498 пар
2026-01-15 17:15:26,048 - INFO -   3. Beta → Half-life: 3498 → 3460 пар
2026-01-15 17:15:26,048 - INFO -   4. Half-life → Mean crossings: 3460 → 3498 пар
2026-01-15 17:15:26,048 - INFO -   5. Mean crossings → Hurst: 3498 → 1683 пар
2026-01-15 17:15:26,048 - INFO -   6. Hurst → KPSS: 1683 → 69 пар
2026-01-15 17:15:26,048 - INFO -   7. KPSS → Market microstructure: 69 → 69 пар
2026-01-15 17:15:26,048 - INFO - [ФИЛЬТР] Причины отсева:
2026-01-15 17:15:26,048 - INFO -   • total: 5000 пар (100.0%)
2026-01-15 17:15:26,048 - INFO -   • kpss: 1614 пар (32.3%)
2026-01-15 17:15:26,048 - INFO -   • beta: 1455 пар (29.1%)
2026-01-15 17:15:26,048 - INFO -   • pvalue: 913 пар (18.3%)
2026-01-15 17:15:26,048 - INFO -   • hurst: 864 пар (17.3%)
2026-01-15 17:15:26,048 - INFO -   • low_correlation: 47 пар (0.9%)
2026-01-15 17:15:26,048 - INFO -   • half_life: 38 пар (0.8%)
2026-01-15 17:15:26,048 - INFO - [ФИЛЬТР] Итого: 5000 → 69 пар (1.4% прошли все фильтры)
2026-01-15 17:15:26,058 - INFO - Причины отсева сохранены в results/filter_reasons_20260115_171526.csv
2026-01-15 17:15:26,120 - INFO -   Фильтрация: 5000 → 69 пар
2026-01-15 17:15:26,121 - INFO - ⇠ filtering pairs by cointegration and half-life — done in 271.72s
2026-01-15 17:15:26,121 - INFO - ⇠ WF-шаг 1/3: training 2023-08-02-2023-09-30, testing 2023-10-01-2023-10-31 — done in 276.41s
2026-01-15 17:15:26,121 - INFO -   Топ-3 пары по волатильности спреда:
2026-01-15 17:15:26,121 - INFO -     1. BTCDAI-BTCUSDT: beta=0.9916, std=36.6088
2026-01-15 17:15:26,121 - INFO -     2. ETHUSDC-STETHUSDT: beta=0.9945, std=1.3262
2026-01-15 17:15:26,121 - INFO -     3. ETHUSDT-STETHUSDT: beta=1.0009, std=1.2980
2026-01-15 17:15:26,121 - INFO -   Всего пар для торговли: 69 (ограничение 15 применяется к одновременно открытым позициям)
2026-01-15 17:15:26,121 - INFO -   💰 Проверка расчета капитала: equity=$10,000.00, кандидатных_пар=69, max_позиций=15
2026-01-15 17:15:26,122 - INFO -   🎯 Target concurrency: 15 (ожидаемое одновременное число позиций)
2026-01-15 17:15:26,122 - INFO -   📊 Детали расчета капитала:
2026-01-15 17:15:26,122 - INFO -      • Базовый капитал на пару: $666.67 (equity / target_concurrency)
2026-01-15 17:15:26,122 - INFO -      • Риск-капитал: $150.00 (1.5% от equity)
2026-01-15 17:15:26,122 - INFO -      • Макс. размер позиции: $200.00 (2.0% от equity)
2026-01-15 17:15:26,122 - INFO -      • Итоговый капитал на пару: $150.00
2026-01-15 17:15:26,122 - INFO - ⇢ WF-шаг 1/3 backtests — starting 69 items
2026-01-15 17:15:26,122 - INFO - 🚀 WF-шаг 1/3: Начинаем бэктесты для 69 пар...
2026-01-15 17:15:26,122 - INFO - 🚀 WF-шаг 1/3: Запускаем параллельную обработку 69 пар на 8 ядрах...
2026-01-15 17:15:26,122 - INFO -   📊 Большой набор пар (69), ожидаемое время: ~3 мин
2026-01-15 17:15:26,122 - INFO -   🔄 Прогресс будет отображаться каждые 6 пар
2026-01-15 17:15:26,122 - INFO - 🚀 WF-шаг 1/3: Режим параллельности: процессы
⚙️  Загрузка данных за период: 2023-07-28 -> 2024-01-04
📂 Найдено 43 parquet файлов для обработки.
📊 Схема данных: Schema({'timestamp': Int64, 'open': Float64, 'high': Float64, 'low': Float64, 'close': Float64, 'volume': Float64, 'turnover': String, 'ts_ms': Int64, 'symbol': String})
✅ Загружено 4323175 записей с помощью Polars.
📊 Типы данных в pandas: timestamp       datetime64[us]
symbol                  object
close                  float64
timestamp_ms             int64
dtype: object
⚙️  Загрузка данных за период: 2023-08-02 -> 2023-10-31
📂 Найдено 43 parquet файлов для обработки.
📊 Схема данных: Schema({'timestamp': Int64, 'open': Float64, 'high': Float64, 'low': Float64, 'close': Float64, 'volume': Float64, 'turnover': String, 'ts_ms': Int64, 'symbol': String})
✅ Загружено 2351056 записей с помощью Polars.
📊 Типы данных в pandas: timestamp       datetime64[us]
symbol                  object
close                  float64
timestamp_ms             int64
dtype: object
2026-01-15 17:15:26,175 - coint2.engine.numba_engine - INFO - Запуск Numba-оптимизированного бэктеста для BTCDAI-BTCUSDT
2026-01-15 17:15:26,196 - coint2.engine.numba_engine - INFO - Запуск Numba-оптимизированного бэктеста для ETHUSDC-STETHUSDT
2026-01-15 17:15:26,216 - coint2.engine.numba_engine - INFO - Запуск Numba-оптимизированного бэктеста для ETHUSDT-STETHUSDT
2026-01-15 17:15:26,237 - coint2.engine.numba_engine - INFO - Запуск Numba-оптимизированного бэктеста для ETHUSDC-ETHUSDT
2026-01-15 17:15:26,256 - coint2.engine.numba_engine - INFO - Запуск Numba-оптимизированного бэктеста для KSMUSDT-UNIUSDT
2026-01-15 17:15:26,258 - coint2.engine.numba_engine - INFO - Запуск Numba-оптимизированного бэктеста для KSMUSDT-SANDUSDT
2026-01-15 17:15:26,274 - coint2.engine.numba_engine - INFO - Запуск Numba-оптимизированного бэктеста для ETCUSDT-XRPUSDT
2026-01-15 17:15:26,278 - coint2.engine.numba_engine - INFO - Запуск Numba-оптимизированного бэктеста для AXSUSDT-UNIUSDT
2026-01-15 17:15:26,279 - coint2.engine.numba_engine - INFO - Запуск Numba-оптимизированного бэктеста для KSMUSDT-SANDUSDC
2026-01-15 17:15:26,294 - coint2.engine.numba_engine - INFO - Запуск Numba-оптимизированного бэктеста для ETCUSDT-XRPUSDC
2026-01-15 17:15:26,296 - coint2.engine.numba_engine - INFO - Запуск Numba-оптимизированного бэктеста для ARUSDT-FILUSDT
2026-01-15 17:15:26,299 - coint2.engine.numba_engine - INFO - Запуск Numba-оптимизированного бэктеста для LDOUSDC-RDNTUSDT
2026-01-15 17:15:26,301 - coint2.engine.numba_engine - INFO - Запуск Numba-оптимизированного бэктеста для KSMUSDT-STETHUSDT
2026-01-15 17:15:26,314 - coint2.engine.numba_engine - INFO - Запуск Numba-оптимизированного бэктеста для APTUSDC-MAGICUSDT
2026-01-15 17:15:26,316 - coint2.engine.numba_engine - INFO - Запуск Numba-оптимизированного бэктеста для AXSUSDT-GMTUSDT
2026-01-15 17:15:26,318 - coint2.engine.numba_engine - INFO - Запуск Numba-оптимизированного бэктеста для ARKMUSDT-DOTUSDT
2026-01-15 17:15:26,321 - coint2.engine.numba_engine - INFO - Запуск Numba-оптимизированного бэктеста для NEARUSDT-XTZUSDT
2026-01-15 17:15:26,321 - coint2.engine.numba_engine - INFO - Запуск Numba-оптимизированного бэктеста для KSMUSDT-RDNTUSDT
2026-01-15 17:15:26,335 - coint2.engine.numba_engine - INFO - Запуск Numba-оптимизированного бэктеста для APTUSDT-MAGICUSDT
2026-01-15 17:15:26,336 - coint2.engine.numba_engine - INFO - Запуск Numba-оптимизированного бэктеста для AXSUSDT-GMTUSDC
2026-01-15 17:15:26,337 - coint2.engine.numba_engine - INFO - Запуск Numba-оптимизированного бэктеста для ARKMUSDT-SANDUSDT
2026-01-15 17:15:26,340 - coint2.engine.numba_engine - INFO - Запуск Numba-оптимизированного бэктеста для THETAUSDT-XRPUSDC
2026-01-15 17:15:26,342 - coint2.engine.numba_engine - INFO - Запуск Numba-оптимизированного бэктеста для APTUSDC-APTUSDT
2026-01-15 17:15:26,356 - coint2.engine.numba_engine - INFO - Запуск Numba-оптимизированного бэктеста для AVAXUSDC-CAKEUSDT
2026-01-15 17:15:26,357 - coint2.engine.numba_engine - INFO - Запуск Numba-оптимизированного бэктеста для AXSUSDT-SANDUSDT
2026-01-15 17:15:26,357 - coint2.engine.numba_engine - INFO - Запуск Numba-оптимизированного бэктеста для ARKMUSDT-SANDUSDC
2026-01-15 17:15:26,358 - coint2.engine.numba_engine - INFO - Запуск Numba-оптимизированного бэктеста для THETAUSDT-XRPUSDT
2026-01-15 17:15:26,361 - coint2.engine.numba_engine - INFO - Запуск Numba-оптимизированного бэктеста для FLOWUSDT-MASKUSDT
2026-01-15 17:15:26,364 - coint2.engine.numba_engine - INFO - Запуск Numba-оптимизированного бэктеста для LDOUSDC-LDOUSDT
2026-01-15 17:15:26,377 - coint2.engine.numba_engine - INFO - Запуск Numba-оптимизированного бэктеста для AXSUSDT-SANDUSDC
2026-01-15 17:15:26,378 - coint2.engine.numba_engine - INFO - Запуск Numba-оптимизированного бэктеста для ARKMUSDT-CHZUSDT
2026-01-15 17:15:26,379 - coint2.engine.numba_engine - INFO - Запуск Numba-оптимизированного бэктеста для HFTUSDT-SUIUSDC
2026-01-15 17:15:26,379 - coint2.engine.numba_engine - INFO - Запуск Numba-оптимизированного бэктеста для AVAXUSDC-AVAXUSDT
2026-01-15 17:15:26,382 - coint2.engine.numba_engine - INFO - Запуск Numba-оптимизированного бэктеста для BATUSDT-QTUMUSDT
2026-01-15 17:15:26,385 - coint2.engine.numba_engine - INFO - Запуск Numba-оптимизированного бэктеста для GMTUSDT-SANDUSDT
2026-01-15 17:15:26,386 - coint2.engine.numba_engine - INFO - Запуск Numba-оптимизированного бэктеста для AVAXUSDT-CAKEUSDT
2026-01-15 17:15:26,398 - coint2.engine.numba_engine - INFO - Запуск Numba-оптимизированного бэктеста для AXSUSDT-ENSUSDT
2026-01-15 17:15:26,398 - coint2.engine.numba_engine - INFO - Запуск Numba-оптимизированного бэктеста для ARKMUSDT-CHZUSDC
2026-01-15 17:15:26,399 - coint2.engine.numba_engine - INFO - Запуск Numba-оптимизированного бэктеста для HFTUSDT-SUIUSDT
2026-01-15 17:15:26,400 - coint2.engine.numba_engine - INFO - Запуск Numba-оптимизированного бэктеста для MANAUSDT-XRPUSDT
2026-01-15 17:15:26,400 - coint2.engine.numba_engine - INFO - Запуск Numba-оптимизированного бэктеста для BATUSDT-LTCUSDC
2026-01-15 17:15:26,403 - coint2.engine.numba_engine - INFO - Запуск Numba-оптимизированного бэктеста для GRTUSDT-RDNTUSDT
2026-01-15 17:15:26,406 - coint2.engine.numba_engine - INFO - Запуск Numba-оптимизированного бэктеста для ONEUSDT-XRPUSDC
2026-01-15 17:15:26,409 - coint2.engine.numba_engine - INFO - Запуск Numba-оптимизированного бэктеста для MASKUSDT-XRPUSDC
2026-01-15 17:15:26,419 - coint2.engine.numba_engine - INFO - Запуск Numba-оптимизированного бэктеста для HFTUSDT-ICPUSDC
2026-01-15 17:15:26,419 - coint2.engine.numba_engine - INFO - Запуск Numba-оптимизированного бэктеста для MASKUSDT-XRPUSDT
2026-01-15 17:15:26,420 - coint2.engine.numba_engine - INFO - Запуск Numba-оптимизированного бэктеста для MANAUSDC-XRPUSDC
2026-01-15 17:15:26,420 - coint2.engine.numba_engine - INFO - Запуск Numba-оптимизированного бэктеста для BATUSDT-LTCUSDT
2026-01-15 17:15:26,421 - coint2.engine.numba_engine - INFO - Запуск Numba-оптимизированного бэктеста для ARBUSDC-ARBUSDT
2026-01-15 17:15:26,425 - coint2.engine.numba_engine - INFO - Запуск Numba-оптимизированного бэктеста для ONEUSDT-XRPUSDT
2026-01-15 17:15:26,431 - coint2.engine.numba_engine - INFO - Запуск Numba-оптимизированного бэктеста для ARKMUSDT-ICPUSDT
2026-01-15 17:15:26,441 - coint2.engine.numba_engine - INFO - Запуск Numba-оптимизированного бэктеста для MANAUSDC-XRPUSDT
2026-01-15 17:15:26,441 - coint2.engine.numba_engine - INFO - Запуск Numba-оптимизированного бэктеста для ARKMUSDT-ICPUSDC
2026-01-15 17:15:26,441 - coint2.engine.numba_engine - INFO - Запуск Numba-оптимизированного бэктеста для GMTUSDT-UNIUSDT
2026-01-15 17:15:26,442 - coint2.engine.numba_engine - INFO - Запуск Numba-оптимизированного бэктеста для ROSEUSDT-WAXPUSDT
2026-01-15 17:15:26,442 - coint2.engine.numba_engine - INFO - Запуск Numba-оптимизированного бэктеста для RVNUSDT-UNIUSDT
2026-01-15 17:15:26,453 - coint2.engine.numba_engine - INFO - Запуск Numba-оптимизированного бэктеста для HFTUSDT-ICPUSDT
2026-01-15 17:15:26,463 - coint2.engine.numba_engine - INFO - Запуск Numba-оптимизированного бэктеста для WAXPUSDT-ZILUSDT
2026-01-15 17:15:26,463 - coint2.engine.numba_engine - INFO - Запуск Numba-оптимизированного бэктеста для GMTUSDC-UNIUSDT
2026-01-15 17:15:26,463 - coint2.engine.numba_engine - INFO - Запуск Numba-оптимизированного бэктеста для OMGUSDT-RDNTUSDT
2026-01-15 17:15:26,464 - coint2.engine.numba_engine - INFO - Запуск Numba-оптимизированного бэктеста для XECUSDT-ZILUSDT
2026-01-15 17:15:26,475 - coint2.engine.numba_engine - INFO - Запуск Numba-оптимизированного бэктеста для ICPUSDC-ICPUSDT
2026-01-15 17:15:26,484 - coint2.engine.numba_engine - INFO - Запуск Numba-оптимизированного бэктеста для BATUSDT-THETAUSDT
2026-01-15 17:15:26,484 - coint2.engine.numba_engine - INFO - Запуск Numba-оптимизированного бэктеста для LUNCUSDC-LUNCUSDT
2026-01-15 17:15:26,484 - coint2.engine.numba_engine - INFO - Запуск Numba-оптимизированного бэктеста для ROSEUSDT-XEMUSDT
2026-01-15 17:15:26,497 - coint2.engine.numba_engine - INFO - Запуск Numba-оптимизированного бэктеста для ICXUSDT-WAXPUSDT
2026-01-15 17:15:26,506 - coint2.engine.numba_engine - INFO - Запуск Numba-оптимизированного бэктеста для ALGOUSDT-ROSEUSDT
2026-01-15 17:15:26,519 - coint2.engine.numba_engine - INFO - Запуск Numba-оптимизированного бэктеста для ADAUSDC-ADAUSDT
2026-01-15 17:15:26,528 - coint2.engine.numba_engine - INFO - Запуск Numba-оптимизированного бэктеста для GMTUSDC-GMTUSDT
2026-01-15 17:15:26,562 - INFO -   ⏱️ Параллельная обработка завершена за 0.4с (156.8 пар/с)
2026-01-15 17:15:26,585 - coint2.pipeline.walk_forward_orchestrator - INFO - 🎯 СИМУЛЯЦИЯ ПОРТФЕЛЯ: 69 пар, лимит 15 позиций
2026-01-15 17:15:27,228 - coint2.pipeline.walk_forward_orchestrator - INFO -    📈 Макс. одновременных сигналов: 24
2026-01-15 17:15:27,229 - coint2.pipeline.walk_forward_orchestrator - INFO -    📊 Средн. сигналов за период: 1.1
2026-01-15 17:15:27,229 - coint2.pipeline.walk_forward_orchestrator - INFO -    🎯 Финальных активных позиций: 0
2026-01-15 17:15:27,230 - coint2.pipeline.walk_forward_orchestrator - INFO -    ⚡ Утилизация лимита позиций: 7.5%
2026-01-15 17:15:27,231 - INFO - ⇠ WF-шаг 1/3 backtests — completed 69 items in 1.11s (62.2 items/s)
2026-01-15 17:15:27,231 - INFO -   ✅ Обработка завершена: 69 успешно, 0 с ошибками
2026-01-15 17:15:27,231 - INFO -   📊 Успешность: 100.0%, прибыльность: 62.3%, сделок/пара: 24.0
2026-01-15 17:15:27,231 - INFO -   ✅ Завершены бэктесты для 69 пар
2026-01-15 17:15:27,231 - INFO -   📊 Всего обработано пар в этом шаге: 69
2026-01-15 17:15:27,231 - INFO -   📈 Результаты шага: 43/69 прибыльных пар, 1653 сделок
2026-01-15 17:15:27,231 - INFO -   💰 P&L шага: $+87.36
2026-01-15 17:15:27,231 - INFO -   ⇢ Обновление капитала и дневного P&L...
2026-01-15 17:15:28,383 - INFO -   💼 Шаг P&L: $+87.36, Накопленный капитал: $10,087.36
2026-01-15 17:15:28,383 - INFO - ------------------------------------------------------------
2026-01-15 17:15:28,383 - INFO -   Walk-forward steps: 1 / 3 (33.3%) | 0.0 items/s | ETA: 557.3s
2026-01-15 17:15:28,383 - INFO - 🔍 WF-шаг 2/3: Валидация временных окон...
2026-01-15 17:15:28,383 - INFO - ⇢ WF-шаг 2/3: training 2023-09-01-2023-10-30, testing 2023-10-31-2023-11-30 — start
2026-01-15 17:15:28,383 - INFO - ⇢ loading step data — start
2026-01-15 17:15:28,578 - INFO - ⇠ loading step data — done in 0.19s
2026-01-15 17:15:29,674 - INFO - 📊 WF-шаг 2/3: Границы данных:
2026-01-15 17:15:29,674 - INFO -    Training: 2023-09-01 00:00:00 → 2023-10-30 23:45:00 (5,760 строк × 292 символов)
2026-01-15 17:15:29,674 - INFO -    Testing:  2023-10-31 00:00:00 → 2023-11-30 00:00:00 (2,881 строк × 292 символов)
2026-01-15 17:15:29,674 - INFO -    Временной разрыв: 0 days 00:15:00
2026-01-15 17:15:29,711 - INFO - ⇢ normalizing training data — start
2026-01-15 17:15:29,742 - INFO -   Символы с NaN значениями: 26
2026-01-15 17:15:29,742 - INFO -   Применяем метод нормализации: rolling_zscore
2026-01-15 17:15:29,761 - INFO - Символы с недостаточной историей: 17 из 292
2026-01-15 17:15:30,157 - INFO - Символы с NaN после нормализации: 275
2026-01-15 17:15:30,166 - INFO - Удалено 617 начальных строк с NaN от rolling расчетов
2026-01-15 17:15:30,168 - INFO - Итоговое количество символов после нормализации: 275 из 292
2026-01-15 17:15:30,169 - INFO -   Статистика нормализации:
2026-01-15 17:15:30,169 - INFO -     Исходные символы: 292
2026-01-15 17:15:30,169 - INFO -     Недостаточная история: 17
2026-01-15 17:15:30,169 - INFO -     Постоянная цена: 0
2026-01-15 17:15:30,169 - INFO -     NaN после нормализации: 275
2026-01-15 17:15:30,169 - INFO -     Итоговые символы: 275 (94.2%)
2026-01-15 17:15:30,169 - INFO -   После нормализации: 275 символов (потеряно 17)
2026-01-15 17:15:30,169 - INFO -   Отброшенные символы: BEAMUSDT, FETUSDT, FLIPUSDT, JEFFUSDT, MEMEUSDT, POLUSDT, PPTUSDT, PYTHUSDT, PYUSDUSDT, ROOTUSDT, RPKUSDT, SHRAPUSDT, TIAUSDT, TOKENUSDT, TUSDUSDT, VRTXUSDT, ZTXUSDT
2026-01-15 17:15:30,169 - INFO - ⇠ normalizing training data — done in 0.46s
2026-01-15 17:15:30,169 - INFO - ⇢ SSD computation — start
2026-01-15 17:15:30,169 - INFO -   Расчет SSD для всех пар (без ограничения)
2026-01-15 17:15:32,243 - INFO -   SSD результат (все пары): 37675 пар
2026-01-15 17:15:32,243 - INFO -   Ограничиваем до top-5000 пар для дальнейшей обработки
2026-01-15 17:15:32,244 - INFO - ⇠ SSD computation — done in 2.07s
2026-01-15 17:15:32,245 - INFO - ⇢ filtering pairs by cointegration and half-life — start
2026-01-15 17:15:32,246 - INFO - [ФИЛЬТР] На входе после SSD: 5000 пар
2026-01-15 17:15:32,246 - INFO - [ФИЛЬТР] Оптимизированный порядок: Данные → Корреляция → Beta → Crossings → Half-life → Коинтеграция → Hurst → KPSS
2026-01-15 17:15:37,983 - INFO - [ФИЛЬТР] После проверки данных: 5000 пар
2026-01-15 17:15:39,327 - INFO - [ФИЛЬТР] После фильтра корреляции (>0.4): 4320 пар
2026-01-15 17:15:40,327 - INFO - [ФИЛЬТР] После фильтра beta: 3109 пар
2026-01-15 17:15:41,746 - INFO - [ФИЛЬТР] После фильтра mean crossings: 3109 пар
2026-01-15 17:15:49,048 - INFO - [ФИЛЬТР] После фильтра half-life: 3096 пар
2026-01-15 17:16:07,216 - INFO - [ФИЛЬТР] После фильтра коинтеграции: 2180 пар
2026-01-15 17:17:28,897 - INFO - [ФИЛЬТР] После фильтра Hurst: 1725 пар
2026-01-15 17:17:29,342 - INFO - [ФИЛЬТР] После фильтра KPSS: 21 пар
2026-01-15 17:17:29,350 - INFO - [ФИЛЬТР] После фильтра market microstructure: 21 пар
2026-01-15 17:17:29,351 - INFO - [ФИЛЬТР] Статистика фильтрации (оптимизированный порядок):
2026-01-15 17:17:29,351 - INFO -   1. SSD → Коинтеграция: 5000 → 2180 пар
2026-01-15 17:17:29,351 - INFO -   2. Коинтеграция → Beta: 2180 → 3109 пар
2026-01-15 17:17:29,351 - INFO -   3. Beta → Half-life: 3109 → 3096 пар
2026-01-15 17:17:29,351 - INFO -   4. Half-life → Mean crossings: 3096 → 3109 пар
2026-01-15 17:17:29,351 - INFO -   5. Mean crossings → Hurst: 3109 → 1725 пар
2026-01-15 17:17:29,351 - INFO -   6. Hurst → KPSS: 1725 → 21 пар
2026-01-15 17:17:29,351 - INFO -   7. KPSS → Market microstructure: 21 → 21 пар
2026-01-15 17:17:29,351 - INFO - [ФИЛЬТР] Причины отсева:
2026-01-15 17:17:29,351 - INFO -   • total: 5000 пар (100.0%)
2026-01-15 17:17:29,351 - INFO -   • kpss: 1704 пар (34.1%)
2026-01-15 17:17:29,351 - INFO -   • beta: 1211 пар (24.2%)
2026-01-15 17:17:29,351 - INFO -   • pvalue: 916 пар (18.3%)
2026-01-15 17:17:29,351 - INFO -   • low_correlation: 680 пар (13.6%)
2026-01-15 17:17:29,351 - INFO -   • hurst: 455 пар (9.1%)
2026-01-15 17:17:29,351 - INFO -   • half_life: 13 пар (0.3%)
2026-01-15 17:17:29,351 - INFO - [ФИЛЬТР] Итого: 5000 → 21 пар (0.4% прошли все фильтры)
2026-01-15 17:17:29,359 - INFO - Причины отсева сохранены в results/filter_reasons_20260115_171729.csv
2026-01-15 17:17:29,426 - INFO -   Фильтрация: 5000 → 21 пар
2026-01-15 17:17:29,426 - INFO - ⇠ filtering pairs by cointegration and half-life — done in 117.18s
2026-01-15 17:17:29,426 - INFO - ⇠ WF-шаг 2/3: training 2023-09-01-2023-10-30, testing 2023-10-31-2023-11-30 — done in 121.04s
2026-01-15 17:17:29,426 - INFO -   Топ-3 пары по волатильности спреда:
2026-01-15 17:17:29,426 - INFO -     1. BTCDAI-WBTCUSDT: beta=0.9991, std=60.6766
2026-01-15 17:17:29,426 - INFO -     2. BTCUSDC-WBTCUSDT: beta=0.9998, std=54.3742
2026-01-15 17:17:29,426 - INFO -     3. ETCUSDT-IMXUSDT: beta=7.2682, std=0.3803
2026-01-15 17:17:29,426 - INFO -   Всего пар для торговли: 21 (ограничение 15 применяется к одновременно открытым позициям)
2026-01-15 17:17:29,427 - INFO -   💰 Проверка расчета капитала: equity=$10,087.36, кандидатных_пар=21, max_позиций=15
2026-01-15 17:17:29,427 - INFO -   🎯 Target concurrency: 15 (ожидаемое одновременное число позиций)
2026-01-15 17:17:29,427 - INFO -   📊 Детали расчета капитала:
2026-01-15 17:17:29,427 - INFO -      • Базовый капитал на пару: $672.49 (equity / target_concurrency)
2026-01-15 17:17:29,427 - INFO -      • Риск-капитал: $151.31 (1.5% от equity)
2026-01-15 17:17:29,427 - INFO -      • Макс. размер позиции: $201.75 (2.0% от equity)
2026-01-15 17:17:29,427 - INFO -      • Итоговый капитал на пару: $151.31
2026-01-15 17:17:29,427 - INFO - ⇢ WF-шаг 2/3 backtests — starting 21 items
2026-01-15 17:17:29,427 - INFO - 🚀 WF-шаг 2/3: Начинаем бэктесты для 21 пар...
2026-01-15 17:17:29,427 - INFO - 🚀 WF-шаг 2/3: Запускаем параллельную обработку 21 пар на 8 ядрах...
2026-01-15 17:17:29,427 - INFO - 🚀 WF-шаг 2/3: Режим параллельности: процессы
⚙️  Загрузка данных за период: 2023-09-01 -> 2023-11-30
📂 Найдено 43 parquet файлов для обработки.
📊 Схема данных: Schema({'timestamp': Int64, 'open': Float64, 'high': Float64, 'low': Float64, 'close': Float64, 'volume': Float64, 'turnover': String, 'ts_ms': Int64, 'symbol': String})
✅ Загружено 2420293 записей с помощью Polars.
📊 Типы данных в pandas: timestamp       datetime64[us]
symbol                  object
close                  float64
timestamp_ms             int64
dtype: object
2026-01-15 17:17:29,482 - coint2.engine.numba_engine - INFO - Запуск Numba-оптимизированного бэктеста для BTCDAI-WBTCUSDT
2026-01-15 17:17:29,505 - coint2.engine.numba_engine - INFO - Запуск Numba-оптимизированного бэктеста для BTCUSDC-WBTCUSDT
2026-01-15 17:17:29,528 - coint2.engine.numba_engine - INFO - Запуск Numba-оптимизированного бэктеста для ETCUSDT-IMXUSDT
2026-01-15 17:17:29,551 - coint2.engine.numba_engine - INFO - Запуск Numba-оптимизированного бэктеста для AVAXUSDC-ICPUSDT
2026-01-15 17:17:29,562 - coint2.engine.numba_engine - INFO - Запуск Numba-оптимизированного бэктеста для FILUSDC-ROSEUSDT
2026-01-15 17:17:29,575 - coint2.engine.numba_engine - INFO - Запуск Numba-оптимизированного бэктеста для AVAXUSDC-ICPUSDC
2026-01-15 17:17:29,583 - coint2.engine.numba_engine - INFO - Запуск Numba-оптимизированного бэктеста для FILUSDT-ROSEUSDT
2026-01-15 17:17:29,584 - coint2.engine.numba_engine - INFO - Запуск Numba-оптимизированного бэктеста для MANAUSDT-PEOPLEUSDT
2026-01-15 17:17:29,598 - coint2.engine.numba_engine - INFO - Запуск Numba-оптимизированного бэктеста для AVAXUSDT-ICPUSDT
2026-01-15 17:17:29,606 - coint2.engine.numba_engine - INFO - Запуск Numba-оптимизированного бэктеста для BATUSDT-ICXUSDT
2026-01-15 17:17:29,606 - coint2.engine.numba_engine - INFO - Запуск Numba-оптимизированного бэктеста для UMAUSDT-WAVESUSDT
2026-01-15 17:17:29,623 - coint2.engine.numba_engine - INFO - Запуск Numba-оптимизированного бэктеста для AVAXUSDT-ICPUSDC
2026-01-15 17:17:29,629 - coint2.engine.numba_engine - INFO - Запуск Numba-оптимизированного бэктеста для HFTUSDC-HFTUSDT
2026-01-15 17:17:29,629 - coint2.engine.numba_engine - INFO - Запуск Numba-оптимизированного бэктеста для ARKMUSDT-UNIUSDT
2026-01-15 17:17:29,646 - coint2.engine.numba_engine - INFO - Запуск Numba-оптимизированного бэктеста для AXSUSDT-UMAUSDT
2026-01-15 17:17:29,652 - coint2.engine.numba_engine - INFO - Запуск Numba-оптимизированного бэктеста для ONEUSDT-WAVESUSDT
2026-01-15 17:17:29,653 - coint2.engine.numba_engine - INFO - Запуск Numba-оптимизированного бэктеста для OMGUSDT-QTUMUSDT
2026-01-15 17:17:29,676 - coint2.engine.numba_engine - INFO - Запуск Numba-оптимизированного бэктеста для TRXUSDC-TRXUSDT
2026-01-15 17:17:29,676 - coint2.engine.numba_engine - INFO - Запуск Numba-оптимизированного бэктеста для FLOWUSDT-QTUMUSDT
2026-01-15 17:17:29,701 - coint2.engine.numba_engine - INFO - Запуск Numba-оптимизированного бэктеста для FLOWUSDT-ROSEUSDT
2026-01-15 17:17:29,725 - coint2.engine.numba_engine - INFO - Запуск Numba-оптимизированного бэктеста для MANAUSDC-PEOPLEUSDT
2026-01-15 17:17:29,763 - INFO -   ⏱️ Параллельная обработка завершена за 0.3с (62.6 пар/с)
2026-01-15 17:17:29,773 - coint2.pipeline.walk_forward_orchestrator - INFO - 🎯 СИМУЛЯЦИЯ ПОРТФЕЛЯ: 21 пар, лимит 15 позиций
2026-01-15 17:17:30,149 - coint2.pipeline.walk_forward_orchestrator - INFO -    📈 Макс. одновременных сигналов: 8
2026-01-15 17:17:30,150 - coint2.pipeline.walk_forward_orchestrator - INFO -    📊 Средн. сигналов за период: 0.2
2026-01-15 17:17:30,150 - coint2.pipeline.walk_forward_orchestrator - INFO -    🎯 Финальных активных позиций: 0
2026-01-15 17:17:30,151 - coint2.pipeline.walk_forward_orchestrator - INFO -    ⚡ Утилизация лимита позиций: 1.3%
2026-01-15 17:17:30,151 - INFO - ⇠ WF-шаг 2/3 backtests — completed 21 items in 0.72s (29.0 items/s)
2026-01-15 17:17:30,151 - INFO -   ✅ Обработка завершена: 21 успешно, 0 с ошибками
2026-01-15 17:17:30,152 - INFO -   📊 Успешность: 100.0%, прибыльность: 52.4%, сделок/пара: 13.0
2026-01-15 17:17:30,152 - INFO -   ✅ Завершены бэктесты для 21 пар
2026-01-15 17:17:30,152 - INFO -   📊 Всего обработано пар в этом шаге: 21
2026-01-15 17:17:30,152 - INFO -   📈 Результаты шага: 11/21 прибыльных пар, 273 сделок
2026-01-15 17:17:30,152 - INFO -   💰 P&L шага: $-12.83
2026-01-15 17:17:30,152 - INFO -   ⇢ Обновление капитала и дневного P&L...
2026-01-15 17:17:31,390 - INFO -   💼 Шаг P&L: $-12.83, Накопленный капитал: $10,074.53
2026-01-15 17:17:31,390 - INFO - ------------------------------------------------------------
2026-01-15 17:17:31,390 - INFO -   Walk-forward steps: 2 / 3 (66.7%) | 0.0 items/s | ETA: 200.8s
2026-01-15 17:17:31,390 - INFO - 🔍 WF-шаг 3/3: Валидация временных окон...
2026-01-15 17:17:31,390 - INFO - ⇢ WF-шаг 3/3: training 2023-10-01-2023-11-29, testing 2023-11-30-2023-12-30 — start
2026-01-15 17:17:31,390 - INFO - ⇢ loading step data — start
2026-01-15 17:17:31,569 - INFO - ⇠ loading step data — done in 0.18s
2026-01-15 17:17:32,867 - INFO - 📊 WF-шаг 3/3: Границы данных:
2026-01-15 17:17:32,867 - INFO -    Training: 2023-10-01 00:00:00 → 2023-11-29 23:45:00 (5,760 строк × 309 символов)
2026-01-15 17:17:32,868 - INFO -    Testing:  2023-11-30 00:00:00 → 2023-12-30 00:00:00 (2,881 строк × 309 символов)
2026-01-15 17:17:32,868 - INFO -    Временной разрыв: 0 days 00:15:00
2026-01-15 17:17:32,910 - INFO - ⇢ normalizing training data — start
2026-01-15 17:17:32,947 - INFO -   Символы с NaN значениями: 33
2026-01-15 17:17:32,948 - INFO -   Применяем метод нормализации: rolling_zscore
2026-01-15 17:17:32,968 - INFO - Символы с недостаточной историей: 32 из 309
2026-01-15 17:17:33,404 - INFO - Символы с NaN после нормализации: 277
2026-01-15 17:17:33,410 - INFO - Удалено 233 начальных строк с NaN от rolling расчетов
2026-01-15 17:17:33,412 - INFO - Итоговое количество символов после нормализации: 277 из 309
2026-01-15 17:17:33,412 - INFO -   Статистика нормализации:
2026-01-15 17:17:33,412 - INFO -     Исходные символы: 309
2026-01-15 17:17:33,412 - INFO -     Недостаточная история: 32
2026-01-15 17:17:33,412 - INFO -     Постоянная цена: 0
2026-01-15 17:17:33,412 - INFO -     NaN после нормализации: 277
2026-01-15 17:17:33,412 - INFO -     Итоговые символы: 277 (89.6%)
2026-01-15 17:17:33,412 - INFO -   После нормализации: 277 символов (потеряно 32)
2026-01-15 17:17:33,412 - INFO -   Отброшено много символов: 32 из 309
2026-01-15 17:17:33,412 - INFO - ⇠ normalizing training data — done in 0.50s
2026-01-15 17:17:33,413 - INFO - ⇢ SSD computation — start
2026-01-15 17:17:33,413 - INFO -   Расчет SSD для всех пар (без ограничения)
2026-01-15 17:17:35,623 - INFO -   SSD результат (все пары): 38226 пар
2026-01-15 17:17:35,624 - INFO -   Ограничиваем до top-5000 пар для дальнейшей обработки
2026-01-15 17:17:35,625 - INFO - ⇠ SSD computation — done in 2.21s
2026-01-15 17:17:35,626 - INFO - ⇢ filtering pairs by cointegration and half-life — start
2026-01-15 17:17:35,627 - INFO - [ФИЛЬТР] На входе после SSD: 5000 пар
2026-01-15 17:17:35,627 - INFO - [ФИЛЬТР] Оптимизированный порядок: Данные → Корреляция → Beta → Crossings → Half-life → Коинтеграция → Hurst → KPSS
2026-01-15 17:17:41,283 - INFO - [ФИЛЬТР] После проверки данных: 5000 пар
2026-01-15 17:17:42,411 - INFO - [ФИЛЬТР] После фильтра корреляции (>0.4): 4889 пар
2026-01-15 17:17:43,563 - INFO - [ФИЛЬТР] После фильтра beta: 3559 пар
2026-01-15 17:17:45,130 - INFO - [ФИЛЬТР] После фильтра mean crossings: 3559 пар
2026-01-15 17:17:53,878 - INFO - [ФИЛЬТР] После фильтра half-life: 3559 пар
2026-01-15 17:27:31,526 - INFO - [ФИЛЬТР] После фильтра коинтеграции: 2456 пар
2026-01-15 17:29:05,087 - INFO - [ФИЛЬТР] После фильтра Hurst: 1543 пар
2026-01-15 17:29:05,482 - INFO - [ФИЛЬТР] После фильтра KPSS: 75 пар
2026-01-15 17:29:05,511 - INFO - [ФИЛЬТР] После фильтра market microstructure: 75 пар
2026-01-15 17:29:05,511 - INFO - [ФИЛЬТР] Статистика фильтрации (оптимизированный порядок):
2026-01-15 17:29:05,511 - INFO -   1. SSD → Коинтеграция: 5000 → 2456 пар
2026-01-15 17:29:05,511 - INFO -   2. Коинтеграция → Beta: 2456 → 3559 пар
2026-01-15 17:29:05,511 - INFO -   3. Beta → Half-life: 3559 → 3559 пар
2026-01-15 17:29:05,511 - INFO -   4. Half-life → Mean crossings: 3559 → 3559 пар
2026-01-15 17:29:05,511 - INFO -   5. Mean crossings → Hurst: 3559 → 1543 пар
2026-01-15 17:29:05,511 - INFO -   6. Hurst → KPSS: 1543 → 75 пар
2026-01-15 17:29:05,512 - INFO -   7. KPSS → Market microstructure: 75 → 75 пар
2026-01-15 17:29:05,512 - INFO - [ФИЛЬТР] Причины отсева:
2026-01-15 17:29:05,512 - INFO -   • total: 5000 пар (100.0%)
2026-01-15 17:29:05,512 - INFO -   • kpss: 1468 пар (29.4%)
2026-01-15 17:29:05,512 - INFO -   • beta: 1330 пар (26.6%)
2026-01-15 17:29:05,512 - INFO -   • pvalue: 1103 пар (22.1%)
2026-01-15 17:29:05,512 - INFO -   • hurst: 913 пар (18.3%)
2026-01-15 17:29:05,512 - INFO -   • low_correlation: 111 пар (2.2%)
2026-01-15 17:29:05,512 - INFO - [ФИЛЬТР] Итого: 5000 → 75 пар (1.5% прошли все фильтры)
2026-01-15 17:29:05,519 - INFO - Причины отсева сохранены в results/filter_reasons_20260115_172905.csv
2026-01-15 17:29:05,586 - INFO -   Фильтрация: 5000 → 75 пар
2026-01-15 17:29:05,586 - INFO - ⇠ filtering pairs by cointegration and half-life — done in 689.96s
2026-01-15 17:29:05,587 - INFO - ⇠ WF-шаг 3/3: training 2023-10-01-2023-11-29, testing 2023-11-30-2023-12-30 — done in 694.20s
2026-01-15 17:29:05,587 - INFO -   Топ-3 пары по волатильности спреда:
2026-01-15 17:29:05,587 - INFO -     1. BTCDAI-BTCUSDT: beta=1.0002, std=79.1758
2026-01-15 17:29:05,587 - INFO -     2. BTCDAI-BTCUSDC: beta=0.9992, std=79.0267
2026-01-15 17:29:05,587 - INFO -     3. ETHDAI-STETHUSDT: beta=1.0010, std=7.7465
2026-01-15 17:29:05,587 - INFO -   Всего пар для торговли: 75 (ограничение 15 применяется к одновременно открытым позициям)
2026-01-15 17:29:05,587 - INFO -   💰 Проверка расчета капитала: equity=$10,074.53, кандидатных_пар=75, max_позиций=15
2026-01-15 17:29:05,587 - INFO -   🎯 Target concurrency: 15 (ожидаемое одновременное число позиций)
2026-01-15 17:29:05,587 - INFO -   📊 Детали расчета капитала:
2026-01-15 17:29:05,587 - INFO -      • Базовый капитал на пару: $671.64 (equity / target_concurrency)
2026-01-15 17:29:05,587 - INFO -      • Риск-капитал: $151.12 (1.5% от equity)
2026-01-15 17:29:05,587 - INFO -      • Макс. размер позиции: $201.49 (2.0% от equity)
2026-01-15 17:29:05,587 - INFO -      • Итоговый капитал на пару: $151.12
2026-01-15 17:29:05,588 - INFO - ⇢ WF-шаг 3/3 backtests — starting 75 items
2026-01-15 17:29:05,588 - INFO - 🚀 WF-шаг 3/3: Начинаем бэктесты для 75 пар...
2026-01-15 17:29:05,588 - INFO - 🚀 WF-шаг 3/3: Запускаем параллельную обработку 75 пар на 8 ядрах...
2026-01-15 17:29:05,588 - INFO -   📊 Большой набор пар (75), ожидаемое время: ~3 мин
2026-01-15 17:29:05,588 - INFO -   🔄 Прогресс будет отображаться каждые 7 пар
2026-01-15 17:29:05,588 - INFO - 🚀 WF-шаг 3/3: Режим параллельности: процессы
⚙️  Загрузка данных за период: 2023-10-01 -> 2023-12-30
📂 Найдено 43 parquet файлов для обработки.
📊 Схема данных: Schema({'timestamp': Int64, 'open': Float64, 'high': Float64, 'low': Float64, 'close': Float64, 'volume': Float64, 'turnover': String, 'ts_ms': Int64, 'symbol': String})
✅ Загружено 2499894 записей с помощью Polars.
📊 Типы данных в pandas: timestamp       datetime64[us]
symbol                  object
close                  float64
timestamp_ms             int64
dtype: object
2026-01-15 17:29:05,643 - coint2.engine.numba_engine - INFO - Запуск Numba-оптимизированного бэктеста для BTCDAI-BTCUSDT
2026-01-15 17:29:05,665 - coint2.engine.numba_engine - INFO - Запуск Numba-оптимизированного бэктеста для BTCDAI-BTCUSDC
2026-01-15 17:29:05,687 - coint2.engine.numba_engine - INFO - Запуск Numba-оптимизированного бэктеста для ETHDAI-STETHUSDT
2026-01-15 17:29:05,710 - coint2.engine.numba_engine - INFO - Запуск Numba-оптимизированного бэктеста для GMXUSDT-WAVESUSDT
2026-01-15 17:29:05,726 - coint2.engine.numba_engine - INFO - Запуск Numba-оптимизированного бэктеста для LTCUSDT-XRPUSDC
2026-01-15 17:29:05,733 - coint2.engine.numba_engine - INFO - Запуск Numba-оптимизированного бэктеста для GMXUSDT-MANAUSDT
2026-01-15 17:29:05,747 - coint2.engine.numba_engine - INFO - Запуск Numba-оптимизированного бэктеста для LTCUSDC-XRPUSDC
2026-01-15 17:29:05,749 - coint2.engine.numba_engine - INFO - Запуск Numba-оптимизированного бэктеста для AXSUSDT-ETHUSDT
2026-01-15 17:29:05,756 - coint2.engine.numba_engine - INFO - Запуск Numba-оптимизированного бэктеста для GMXUSDT-MANAUSDC
2026-01-15 17:29:05,770 - coint2.engine.numba_engine - INFO - Запуск Numba-оптимизированного бэктеста для AXSUSDT-ETHUSDC
2026-01-15 17:29:05,771 - coint2.engine.numba_engine - INFO - Запуск Numba-оптимизированного бэктеста для MASKUSDT-SANDUSDC
2026-01-15 17:29:05,773 - coint2.engine.numba_engine - INFO - Запуск Numba-оптимизированного бэктеста для KSMUSDT-OMGUSDT
2026-01-15 17:29:05,779 - coint2.engine.numba_engine - INFO - Запуск Numba-оптимизированного бэктеста для LTCUSDT-XRPUSDT
2026-01-15 17:29:05,792 - coint2.engine.numba_engine - INFO - Запуск Numba-оптимизированного бэктеста для ETCUSDT-FILUSDT
2026-01-15 17:29:05,792 - coint2.engine.numba_engine - INFO - Запуск Numba-оптимизированного бэктеста для ARBUSDC-IDUSDT
2026-01-15 17:29:05,794 - coint2.engine.numba_engine - INFO - Запуск Numba-оптимизированного бэктеста для SANDUSDC-XEMUSDT
2026-01-15 17:29:05,797 - coint2.engine.numba_engine - INFO - Запуск Numba-оптимизированного бэктеста для AXSUSDT-STETHUSDT
2026-01-15 17:29:05,803 - coint2.engine.numba_engine - INFO - Запуск Numba-оптимизированного бэктеста для LTCUSDC-XRPUSDT
2026-01-15 17:29:05,814 - coint2.engine.numba_engine - INFO - Запуск Numba-оптимизированного бэктеста для SANDUSDT-XEMUSDT
2026-01-15 17:29:05,814 - coint2.engine.numba_engine - INFO - Запуск Numba-оптимизированного бэктеста для AXSUSDT-GRTUSDT
2026-01-15 17:29:05,815 - coint2.engine.numba_engine - INFO - Запуск Numba-оптимизированного бэктеста для ETCUSDT-FILUSDC
2026-01-15 17:29:05,816 - coint2.engine.numba_engine - INFO - Запуск Numba-оптимизированного бэктеста для 1INCHUSDT-WAVESUSDT
2026-01-15 17:29:05,819 - coint2.engine.numba_engine - INFO - Запуск Numba-оптимизированного бэктеста для ARBUSDT-IDUSDT
2026-01-15 17:29:05,836 - coint2.engine.numba_engine - INFO - Запуск Numba-оптимизированного бэктеста для HOOKUSDT-RVNUSDT
2026-01-15 17:29:05,836 - coint2.engine.numba_engine - INFO - Запуск Numba-оптимизированного бэктеста для ENJUSDT-MANAUSDC
2026-01-15 17:29:05,837 - coint2.engine.numba_engine - INFO - Запуск Numba-оптимизированного бэктеста для ETCUSDT-WAVESUSDT
2026-01-15 17:29:05,837 - coint2.engine.numba_engine - INFO - Запуск Numba-оптимизированного бэктеста для FILUSDC-WAVESUSDT
2026-01-15 17:29:05,838 - coint2.engine.numba_engine - INFO - Запуск Numba-оптимизированного бэктеста для DOTUSDC-DOTUSDT
2026-01-15 17:29:05,841 - coint2.engine.numba_engine - INFO - Запуск Numba-оптимизированного бэктеста для APTUSDC-APTUSDT
2026-01-15 17:29:05,858 - coint2.engine.numba_engine - INFO - Запуск Numba-оптимизированного бэктеста для ALGOUSDT-THETAUSDT
2026-01-15 17:29:05,859 - coint2.engine.numba_engine - INFO - Запуск Numba-оптимизированного бэктеста для ETCUSDT-SANDUSDC
2026-01-15 17:29:05,859 - coint2.engine.numba_engine - INFO - Запуск Numba-оптимизированного бэктеста для LINKUSDC-LINKUSDT
2026-01-15 17:29:05,859 - coint2.engine.numba_engine - INFO - Запуск Numba-оптимизированного бэктеста для FILUSDT-WAVESUSDT
2026-01-15 17:29:05,859 - coint2.engine.numba_engine - INFO - Запуск Numba-оптимизированного бэктеста для SOLUSDC-SOLUSDT
2026-01-15 17:29:05,861 - coint2.engine.numba_engine - INFO - Запуск Numba-оптимизированного бэктеста для APEUSDC-APEUSDT
2026-01-15 17:29:05,862 - coint2.engine.numba_engine - INFO - Запуск Numba-оптимизированного бэктеста для ENJUSDT-MANAUSDT
2026-01-15 17:29:05,881 - coint2.engine.numba_engine - INFO - Запуск Numba-оптимизированного бэктеста для FILUSDC-FILUSDT
2026-01-15 17:29:05,881 - coint2.engine.numba_engine - INFO - Запуск Numba-оптимизированного бэктеста для CHZUSDC-ONEUSDT
2026-01-15 17:29:05,881 - coint2.engine.numba_engine - INFO - Запуск Numba-оптимизированного бэктеста для CELOUSDT-QTUMUSDT
2026-01-15 17:29:05,881 - coint2.engine.numba_engine - INFO - Запуск Numba-оптимизированного бэктеста для FILUSDT-SANDUSDT
2026-01-15 17:29:05,881 - coint2.engine.numba_engine - INFO - Запуск Numba-оптимизированного бэктеста для IDUSDT-LRCUSDT
2026-01-15 17:29:05,882 - coint2.engine.numba_engine - INFO - Запуск Numba-оптимизированного бэктеста для ETCUSDT-SANDUSDT
2026-01-15 17:29:05,883 - coint2.engine.numba_engine - INFO - Запуск Numba-оптимизированного бэктеста для MANAUSDC-MANAUSDT
2026-01-15 17:29:05,884 - coint2.engine.numba_engine - INFO - Запуск Numba-оптимизированного бэктеста для DOGEUSDC-FLOWUSDT
2026-01-15 17:29:05,902 - coint2.engine.numba_engine - INFO - Запуск Numba-оптимизированного бэктеста для STGUSDT-XTZUSDT
2026-01-15 17:29:05,902 - coint2.engine.numba_engine - INFO - Запуск Numba-оптимизированного бэктеста для GMTUSDC-GMTUSDT
2026-01-15 17:29:05,902 - coint2.engine.numba_engine - INFO - Запуск Numba-оптимизированного бэктеста для DOGEUSDT-FLOWUSDT
2026-01-15 17:29:05,902 - coint2.engine.numba_engine - INFO - Запуск Numba-оптимизированного бэктеста для 1INCHUSDT-XEMUSDT
2026-01-15 17:29:05,902 - coint2.engine.numba_engine - INFO - Запуск Numba-оптимизированного бэктеста для C98USDT-QTUMUSDT
2026-01-15 17:29:05,904 - coint2.engine.numba_engine - INFO - Запуск Numba-оптимизированного бэктеста для MASKUSDT-SANDUSDT
2026-01-15 17:29:05,905 - coint2.engine.numba_engine - INFO - Запуск Numba-оптимизированного бэктеста для CHZUSDT-ONEUSDT
2026-01-15 17:29:05,906 - coint2.engine.numba_engine - INFO - Запуск Numba-оптимизированного бэктеста для DOGEUSDC-DOGEUSDT
2026-01-15 17:29:05,924 - coint2.engine.numba_engine - INFO - Запуск Numba-оптимизированного бэктеста для LUNCUSDC-LUNCUSDT
2026-01-15 17:29:05,924 - coint2.engine.numba_engine - INFO - Запуск Numba-оптимизированного бэктеста для SANDUSDC-WAVESUSDT
2026-01-15 17:29:05,924 - coint2.engine.numba_engine - INFO - Запуск Numba-оптимизированного бэктеста для OPUSDC-OPUSDT
2026-01-15 17:29:05,924 - coint2.engine.numba_engine - INFO - Запуск Numba-оптимизированного бэктеста для DOGEEUR-WAVESUSDT
2026-01-15 17:29:05,925 - coint2.engine.numba_engine - INFO - Запуск Numba-оптимизированного бэктеста для CELOUSDT-IDUSDT
2026-01-15 17:29:05,926 - coint2.engine.numba_engine - INFO - Запуск Numba-оптимизированного бэктеста для ICPUSDC-ICPUSDT
2026-01-15 17:29:05,926 - coint2.engine.numba_engine - INFO - Запуск Numba-оптимизированного бэктеста для SANDUSDC-SANDUSDT
2026-01-15 17:29:05,946 - coint2.engine.numba_engine - INFO - Запуск Numba-оптимизированного бэктеста для FIDAUSDT-JASMYUSDT
2026-01-15 17:29:05,946 - coint2.engine.numba_engine - INFO - Запуск Numba-оптимизированного бэктеста для ADAUSDC-ADAUSDT
2026-01-15 17:29:05,946 - coint2.engine.numba_engine - INFO - Запуск Numba-оптимизированного бэктеста для WLDUSDC-WLDUSDT
2026-01-15 17:29:05,947 - coint2.engine.numba_engine - INFO - Запуск Numba-оптимизированного бэктеста для SANDUSDT-WAVESUSDT
2026-01-15 17:29:05,948 - coint2.engine.numba_engine - INFO - Запуск Numba-оптимизированного бэктеста для SHIBUSDC-SHIBUSDT
2026-01-15 17:29:05,949 - coint2.engine.numba_engine - INFO - Запуск Numba-оптимизированного бэктеста для DOGEEUR-FLOWUSDT
2026-01-15 17:29:05,968 - coint2.engine.numba_engine - INFO - Запуск Numba-оптимизированного бэктеста для CHZUSDC-KSMUSDT
2026-01-15 17:29:05,968 - coint2.engine.numba_engine - INFO - Запуск Numba-оптимизированного бэктеста для MNTUSDC-MNTUSDT
2026-01-15 17:29:05,969 - coint2.engine.numba_engine - INFO - Запуск Numba-оптимизированного бэктеста для LDOUSDC-LDOUSDT
2026-01-15 17:29:05,972 - coint2.engine.numba_engine - INFO - Запуск Numba-оптимизированного бэктеста для ACHUSDT-SANDUSDT
2026-01-15 17:29:05,991 - coint2.engine.numba_engine - INFO - Запуск Numba-оптимизированного бэктеста для APEXUSDC-APEXUSDT
2026-01-15 17:29:05,991 - coint2.engine.numba_engine - INFO - Запуск Numba-оптимизированного бэктеста для CHZUSDT-KSMUSDT
2026-01-15 17:29:05,995 - coint2.engine.numba_engine - INFO - Запуск Numba-оптимизированного бэктеста для CHZUSDC-CHZUSDT
2026-01-15 17:29:06,014 - coint2.engine.numba_engine - INFO - Запуск Numba-оптимизированного бэктеста для XLMUSDC-XLMUSDT
2026-01-15 17:29:06,014 - coint2.engine.numba_engine - INFO - Запуск Numba-оптимизированного бэктеста для SUIUSDC-SUIUSDT
2026-01-15 17:29:06,036 - coint2.engine.numba_engine - INFO - Запуск Numba-оптимизированного бэктеста для TRXUSDC-TRXUSDT
2026-01-15 17:29:06,075 - INFO -   ⏱️ Параллельная обработка завершена за 0.5с (154.0 пар/с)
2026-01-15 17:29:06,100 - coint2.pipeline.walk_forward_orchestrator - INFO - 🎯 СИМУЛЯЦИЯ ПОРТФЕЛЯ: 75 пар, лимит 15 позиций
2026-01-15 17:29:06,780 - coint2.pipeline.walk_forward_orchestrator - INFO -    📈 Макс. одновременных сигналов: 45
2026-01-15 17:29:06,780 - coint2.pipeline.walk_forward_orchestrator - INFO -    📊 Средн. сигналов за период: 1.3
2026-01-15 17:29:06,780 - coint2.pipeline.walk_forward_orchestrator - INFO -    🎯 Финальных активных позиций: 4
2026-01-15 17:29:06,781 - coint2.pipeline.walk_forward_orchestrator - INFO -    ⚡ Утилизация лимита позиций: 8.4%
2026-01-15 17:29:06,782 - INFO - ⇠ WF-шаг 3/3 backtests — completed 75 items in 1.19s (62.8 items/s)
2026-01-15 17:29:06,782 - INFO -   ✅ Обработка завершена: 75 успешно, 0 с ошибками
2026-01-15 17:29:06,782 - INFO -   📊 Успешность: 100.0%, прибыльность: 54.7%, сделок/пара: 24.6
2026-01-15 17:29:06,782 - INFO -   ✅ Завершены бэктесты для 75 пар
2026-01-15 17:29:06,782 - INFO -   📊 Всего обработано пар в этом шаге: 75
2026-01-15 17:29:06,782 - INFO -   📈 Результаты шага: 41/75 прибыльных пар, 1842 сделок
2026-01-15 17:29:06,782 - INFO -   💰 P&L шага: $+107.78
2026-01-15 17:29:06,782 - INFO -   ⇢ Обновление капитала и дневного P&L...
2026-01-15 17:29:08,146 - INFO -   💼 Шаг P&L: $+107.78, Накопленный капитал: $10,182.31
2026-01-15 17:29:08,146 - INFO - ------------------------------------------------------------
2026-01-15 17:29:08,146 - INFO -   Walk-forward steps: 3 / 3 (100.0%) | 0.0 items/s | ETA: 0.0s
2026-01-15 17:29:08,147 - INFO - ⇠ Walk-forward steps — completed 3 items in 1098.43s (0.0 items/s)
2026-01-15 17:29:08,147 - INFO - ================================================================================
2026-01-15 17:29:08,147 - INFO - 🏁 Walk-forward анализ завершен!
2026-01-15 17:29:08,147 - INFO - ⏱️ Обработано 3 шагов за 2.6 секунд
2026-01-15 17:29:08,147 - INFO - 📊 Всего обработано пар за весь анализ: 165
2026-01-15 17:29:08,147 - INFO - 💰 Финальный капитал: $10,182.31 (было $10,000.00)
2026-01-15 17:29:08,147 - INFO - 📈 Общая доходность: +1.82% ($+182.31)
2026-01-15 17:29:08,147 - INFO - 📊 Всего сделок: 0
2026-01-15 17:29:08,147 - INFO - ================================================================================
2026-01-15 17:29:08,147 - INFO - ✓ Завершены все 3 WF-шагов
2026-01-15 17:29:08,147 - INFO - ⇢ Обработка финальных результатов и расчет метрик...
2026-01-15 17:29:08,147 - INFO - ⇢ processing final results — start
2026-01-15 17:29:08,148 - INFO -   ⇢ Агрегация данных P&L за 8643 торговых дней
2026-01-15 17:29:08,172 - INFO -   ⇢ Расчет базовых метрик производительности...
2026-01-15 17:29:08,172 - INFO -     📊 Данные для анализа: 8643 записей P&L, 8641 точек equity
2026-01-15 17:29:08,174 - INFO -   ⇢ Расчет расширенных метрик (волатильность, Calmar ratio, и др.)...
2026-01-15 17:29:08,175 - INFO -   ✅ Расширенные метрики рассчитаны: 6 показателей
2026-01-15 17:29:08,175 - INFO -   ⇢ Анализ статистики по 165 парам...
2026-01-15 17:29:08,177 - INFO - ✅ Рассчитаны метрики производительности (19 показателей)
2026-01-15 17:29:08,177 - INFO -   💰 Общий P&L: $+182.31
2026-01-15 17:29:08,177 - INFO -   📊 Sharpe Ratio: 0.290
2026-01-15 17:29:08,178 - INFO -   📉 Максимальная просадка: -8150.39%
2026-01-15 17:29:08,178 - INFO -   🔄 Всего сделок: 3768
2026-01-15 17:29:08,178 - INFO -   📈 Торгуемых пар: 157
2026-01-15 17:29:08,178 - INFO -   💸 Общие издержки: $0.00
2026-01-15 17:29:08,178 - coint2.metrics - INFO - Metric: total_pnl
2026-01-15 17:29:08,179 - coint2.metrics - INFO - Metric: sharpe_ratio_abs
2026-01-15 17:29:08,179 - coint2.metrics - INFO - Metric: max_drawdown_pct
2026-01-15 17:29:08,179 - coint2.metrics - INFO - Metric: total_trades
2026-01-15 17:29:08,179 - coint2.metrics - INFO - Metric: total_pairs_traded
2026-01-15 17:29:08,179 - coint2.metrics - INFO - Metric: total_costs
2026-01-15 17:29:08,179 - INFO - ⇠ processing final results — done in 0.03s
2026-01-15 17:29:08,179 - INFO - ⇢ Создание отчетов и сохранение результатов...
2026-01-15 17:29:08,179 - INFO - ⇢ generating reports — start
2026-01-15 17:29:08,180 - INFO -   ⇢ Создание отчета о производительности...
2026-01-15 17:29:14,030 - INFO -   ✓ Отчет о производительности создан
2026-01-15 17:29:14,030 - INFO -   ⇢ Сохранение данных в CSV файлы...
2026-01-15 17:29:14,032 - INFO - 📋 Метрики сохранены: artifacts/wfa/runs/20260115_ssd_topn_sweep/ssd_topn_20260115_exit0p06_pv0p4_kpss0p05_h0p65_c0p4_hl0p001-100_ssd5000/strategy_metrics.csv
2026-01-15 17:29:14,033 - INFO - 📈 Дневные P&L сохранены: artifacts/wfa/runs/20260115_ssd_topn_sweep/ssd_topn_20260115_exit0p06_pv0p4_kpss0p05_h0p65_c0p4_hl0p001-100_ssd5000/daily_pnl.csv (91 записей)
2026-01-15 17:29:14,065 - INFO - 💹 Кривая капитала сохранена: artifacts/wfa/runs/20260115_ssd_topn_sweep/ssd_topn_20260115_exit0p06_pv0p4_kpss0p05_h0p65_c0p4_hl0p001-100_ssd5000/equity_curve.csv (8641 точек)
2026-01-15 17:29:14,068 - INFO - 📋 Статистика сделок сохранена: artifacts/wfa/runs/20260115_ssd_topn_sweep/ssd_topn_20260115_exit0p06_pv0p4_kpss0p05_h0p65_c0p4_hl0p001-100_ssd5000/trade_statistics.csv (165 записей)
2026-01-15 17:29:14,068 - INFO - 🎉 Walk-Forward анализ полностью завершен!
2026-01-15 17:29:14,068 - INFO - 📊 Все отчеты и данные сохранены в: artifacts/wfa/runs/20260115_ssd_topn_sweep/ssd_topn_20260115_exit0p06_pv0p4_kpss0p05_h0p65_c0p4_hl0p001-100_ssd5000
2026-01-15 17:29:14,069 - INFO - 💼 Итоговый капитал: $10,182.31
2026-01-15 17:29:14,069 - INFO - ⏱️  Общее время выполнения: 8.5 секунд
2026-01-15 17:29:14,069 - INFO - ⇠ generating reports — done in 5.89s
2026-01-15 17:29:14,069 - coint2.core.memory_optimization - INFO - 🧹 Cleaning up global price data
2026-01-15 17:29:14,072 - coint2.core.memory_optimization - INFO - 📊 No global rolling stats to clean up
2026-01-15 17:29:14,073 - INFO - 🧹 Memory-mapped data cleaned up
2026-01-15 17:29:14,074 - INFO - ⇠ run_walk_forward_analysis — done in 1,108.70s
📊 Отчет сохранен: artifacts/wfa/runs/20260115_ssd_topn_sweep/ssd_topn_20260115_exit0p06_pv0p4_kpss0p05_h0p65_c0p4_hl0p001-100_ssd5000/CointegrationStrategy_performance_report.png
🎯 ============================================================
📊 ИТОГИ ТОРГОВОЙ СТРАТЕГИИ
🎯 ============================================================

💰 ФИНАНСОВЫЕ РЕЗУЛЬТАТЫ:
   • Общий P&L:                          182
   • Максимальная просадка:              -82
   • Средний дневной P&L:                  2

📈 МЕТРИКИ РИСКА:
   • Коэффициент Шарпа:               0.2905
   • Волатильность P&L:                11.74
   • Процент прибыльных дней:         56.04%

🔄 ТОРГОВАЯ АКТИВНОСТЬ:
   • Всего торговых дней:                 91
   • Всего сделок:                     3,768
   • Торгуемых пар:                      157
   • Сделок на пару:                    22.8
   • Успешность сделок:               0.43%

💸 РАСХОДЫ И ЭКСТРЕМУМЫ:
   • Общие расходы:                        0
   • Максимальная прибыль:                51
   • Максимальный убыток:                -34
   • Лучшая пара (P&L):                   31
   • Худшая пара (P&L):                  -13

📊 ОЦЕНКА СТРАТЕГИИ:
   ✅ ХОРОШАЯ стратегия! Положительный результат с разумным риском

🎯 ============================================================

Correct Sharpe Ratio: 0.2904549901652444
[run_wfa_fullcpu] end: 2026-01-15T17:29:15Z
