[run_wfa_queue] 2026-01-19T08:22:39Z cmd: /opt/coint4/coint4/run_wfa_fullcpu.sh configs/stability_20260119_relaxed2/stability_relaxed2_20260119_pv0p06_hurst0p6_hl0p02_60_corr0p55_ssd30000.yaml artifacts/wfa/runs/20260119_stability_relaxed2/stability_relaxed2_20260119_pv0p06_hurst0p6_hl0p02_60_corr0p55_ssd30000
[run_wfa_fullcpu] start: 2026-01-19T08:22:39Z
[run_wfa_fullcpu] os.cpu_count: 8
[run_wfa_fullcpu] worker_pid=1332
2026-01-19 08:22:42,473 - coint2.core.memory_optimization - INFO - ✅ BLAS threading limits set to 1 via threadpoolctl
2026-01-19 08:22:42,473 - coint2.core.memory_optimization - INFO - 🔧 Controlled libraries: openblas, openmp
2026-01-19 08:22:42,474 - coint2.core.memory_optimization - INFO - 🧵 Process threads: 2 → 2
2026-01-19 08:22:42,474 - coint2.core.memory_optimization - INFO - 📝 Set 11 environment variables
2026-01-19 08:22:42,879 - INFO - ✅ Параметры конфигурации валидны
2026-01-19 08:22:42,879 - INFO - 📝 Некоторые параметры были скорректированы:
2026-01-19 08:22:42,879 - INFO - 🧭 WFA: динамический отбор пар на каждом шаге
2026-01-19 08:22:42,879 - INFO -   Шаг 1: тренировка 2023-08-02-2023-09-30, тест 2023-10-01-2023-10-31
2026-01-19 08:22:42,879 - INFO -   Шаг 2: тренировка 2023-09-01-2023-10-30, тест 2023-10-31-2023-11-30
2026-01-19 08:22:42,879 - INFO -   Шаг 3: тренировка 2023-10-01-2023-11-29, тест 2023-11-30-2023-12-30
2026-01-19 08:22:42,879 - INFO -   Шаг 4: тренировка 2023-10-31-2023-12-29, тест 2023-12-30-2024-01-29
2026-01-19 08:22:42,879 - INFO -   Шаг 5: тренировка 2023-11-30-2024-01-28, тест 2024-01-29-2024-02-28
2026-01-19 08:22:42,880 - INFO -   Шаг 6: тренировка 2023-12-30-2024-02-27, тест 2024-02-28-2024-03-29
2026-01-19 08:22:42,880 - INFO -   Шаг 7: тренировка 2024-01-29-2024-03-28, тест 2024-03-29-2024-04-28
2026-01-19 08:22:42,880 - INFO -   Шаг 8: тренировка 2024-02-28-2024-04-27, тест 2024-04-28-2024-05-28
2026-01-19 08:22:42,880 - INFO - 📈 Запланировано 8 walk-forward шагов
2026-01-19 08:22:42,880 - INFO - ⛔ Ограничение WFA шагов: 8 → 5
2026-01-19 08:22:42,880 - WARNING - ⚠️ Маленький буфер между training и testing в шаге 1: 0 дней. Рекомендуется минимум 1 день.
2026-01-19 08:22:42,880 - WARNING - ⚠️ Маленький буфер между training и testing в шаге 2: 0 дней. Рекомендуется минимум 1 день.
2026-01-19 08:22:42,880 - WARNING - ⚠️ Маленький буфер между training и testing в шаге 3: 0 дней. Рекомендуется минимум 1 день.
2026-01-19 08:22:42,880 - WARNING - ⚠️ Маленький буфер между training и testing в шаге 4: 0 дней. Рекомендуется минимум 1 день.
2026-01-19 08:22:42,880 - WARNING - ⚠️ Маленький буфер между training и testing в шаге 5: 0 дней. Рекомендуется минимум 1 день.
2026-01-19 08:22:42,880 - INFO - ✅ Шаги успешно запланированы:
2026-01-19 08:22:42,880 - INFO -    Шаг 1: тренировка 2023-08-02-2023-09-30, тест 2023-10-01-2023-10-31
2026-01-19 08:22:42,880 - INFO -    Шаг 2: тренировка 2023-09-01-2023-10-30, тест 2023-10-31-2023-11-30
2026-01-19 08:22:42,880 - INFO -    Шаг 3: тренировка 2023-10-01-2023-11-29, тест 2023-11-30-2023-12-30
2026-01-19 08:22:42,880 - INFO -    Шаг 4: тренировка 2023-10-31-2023-12-29, тест 2023-12-30-2024-01-29
2026-01-19 08:22:42,880 - INFO -    Шаг 5: тренировка 2023-11-30-2024-01-28, тест 2024-01-29-2024-02-28
2026-01-19 08:22:42,880 - INFO - 🗂️ Consolidating price data for memory-mapped access...
2026-01-19 08:22:42,880 - INFO - 📊 Consolidating data range: 2023-07-28 → 2024-03-04
2026-01-19 08:22:42,880 - coint2.core.memory_optimization - INFO - 🔄 Consolidating price data from data_downloaded to .cache/consolidated_prices.parquet
2026-01-19 08:22:42,880 - INFO - ⇢ loading raw data for consolidation — start
2026-01-19 08:22:44,192 - INFO - ⇠ loading raw data for consolidation — done in 1.31s
2026-01-19 08:22:44,192 - INFO - ⇢ pivoting data to wide format — start
2026-01-19 08:22:49,199 - INFO - ⇠ pivoting data to wide format — done in 5.01s
2026-01-19 08:22:49,256 - coint2.core.memory_optimization - INFO - 📊 Consolidated data: 21121 rows × 346 symbols
2026-01-19 08:22:49,256 - coint2.core.memory_optimization - INFO - 💾 Memory usage: 29.4 MB
2026-01-19 08:22:49,256 - INFO - ⇢ writing consolidated Parquet file — start
2026-01-19 08:22:49,472 - INFO - ⇠ writing consolidated Parquet file — done in 0.22s
2026-01-19 08:22:49,473 - coint2.core.memory_optimization - INFO - ✅ Successfully consolidated data to .cache/consolidated_prices.parquet
2026-01-19 08:22:49,495 - coint2.core.memory_optimization - INFO - 🔄 Initializing memory-mapped price data from .cache/consolidated_prices.parquet
2026-01-19 08:22:49,496 - INFO - ⇢ loading memory-mapped data — start
2026-01-19 08:22:49,496 - coint2.core.memory_optimization - WARNING - ⚠️ memory_map не поддерживается в текущей версии pyarrow, fallback без mmap
2026-01-19 08:22:49,621 - INFO - ⇠ loading memory-mapped data — done in 0.13s
2026-01-19 08:22:49,631 - coint2.core.memory_optimization - INFO - 📊 Loaded 21121 rows × 346 symbols
2026-01-19 08:22:49,631 - coint2.core.memory_optimization - INFO - 💾 Memory usage: 29.4 MB (memory-mapped)
2026-01-19 08:22:49,632 - INFO - ✅ Memory-mapped data initialized successfully
2026-01-19 08:22:49,633 - INFO - ⇢ Walk-forward steps — starting 5 items
2026-01-19 08:22:49,634 - INFO - 📈 Инициализация equity кривой с первой тестовой даты: 2023-10-01 00:00:00
2026-01-19 08:22:49,634 - INFO - 🔍 WF-шаг 1/5: Валидация временных окон...
2026-01-19 08:22:49,634 - INFO - ⇢ WF-шаг 1/5: training 2023-08-02-2023-09-30, testing 2023-10-01-2023-10-31 — start
2026-01-19 08:22:49,634 - INFO - ⇢ loading step data — start
2026-01-19 08:22:49,798 - INFO - ⇠ loading step data — done in 0.16s
2026-01-19 08:22:51,034 - INFO - 📊 WF-шаг 1/5: Границы данных:
2026-01-19 08:22:51,034 - INFO -    Training: 2023-08-02 00:00:00 → 2023-09-30 23:45:00 (5,760 строк × 282 символов)
2026-01-19 08:22:51,034 - INFO -    Testing:  2023-10-01 00:00:00 → 2023-10-31 00:00:00 (2,881 строк × 282 символов)
2026-01-19 08:22:51,034 - INFO -    Временной разрыв: 0 days 00:15:00
2026-01-19 08:22:51,069 - INFO - ⇢ normalizing training data — start
2026-01-19 08:22:51,098 - INFO -   Символы с NaN значениями: 20
2026-01-19 08:22:51,099 - INFO -   Применяем метод нормализации: rolling_zscore
2026-01-19 08:22:51,111 - INFO - Символы с недостаточной историей: 20 из 282
2026-01-19 08:22:51,463 - INFO - Символы с NaN после нормализации: 262
2026-01-19 08:22:51,469 - INFO - Удалено 1 начальных строк с NaN от rolling расчетов
2026-01-19 08:22:51,472 - INFO - Итоговое количество символов после нормализации: 262 из 282
2026-01-19 08:22:51,472 - INFO -   Статистика нормализации:
2026-01-19 08:22:51,472 - INFO -     Исходные символы: 282
2026-01-19 08:22:51,472 - INFO -     Недостаточная история: 20
2026-01-19 08:22:51,472 - INFO -     Постоянная цена: 0
2026-01-19 08:22:51,472 - INFO -     NaN после нормализации: 262
2026-01-19 08:22:51,472 - INFO -     Итоговые символы: 262 (92.9%)
2026-01-19 08:22:51,472 - INFO -   После нормализации: 262 символов (потеряно 20)
2026-01-19 08:22:51,472 - INFO -   Отброшенные символы: ADAEUR, BEAMUSDT, BTCEUR, CYBERUSDT, DOGEEUR, ETHEUR, FETUSDT, JEFFUSDT, KASUSDT, KAVAUSDT, LTCEUR, ORDIUSDT, POLUSDT, PPTUSDT, PYUSDUSDT, SEIUSDT, SOLEUR, USDCEUR, XRPEUR, ZTXUSDT
2026-01-19 08:22:51,472 - INFO - ⇠ normalizing training data — done in 0.40s
2026-01-19 08:22:51,472 - INFO - ⇢ SSD computation — start
2026-01-19 08:22:51,472 - INFO -   Расчет SSD для всех пар (без ограничения)
2026-01-19 08:22:56,787 - INFO -   SSD результат (все пары): 34191 пар
2026-01-19 08:22:56,787 - INFO -   Ограничиваем до top-30000 пар для дальнейшей обработки
2026-01-19 08:22:56,788 - INFO - ⇠ SSD computation — done in 5.32s
2026-01-19 08:22:56,796 - INFO - ⇢ filtering pairs by cointegration and half-life — start
2026-01-19 08:22:56,796 - INFO - [ФИЛЬТР] Параллельная фильтрация: processes (8 workers)
⚙️  Загрузка данных за период: 2023-07-28 -> 2024-03-04
📂 Найдено 43 parquet файлов для обработки.
📊 Схема данных: Schema({'timestamp': Int64, 'open': Float64, 'high': Float64, 'low': Float64, 'close': Float64, 'volume': Float64, 'turnover': String, 'ts_ms': Int64, 'symbol': String})
✅ Загружено 6226682 записей с помощью Polars.
📊 Типы данных в pandas: timestamp       datetime64[us]
symbol                  object
close                  float64
timestamp_ms             int64
dtype: object
⚙️  Загрузка данных за период: 2023-08-02 -> 2023-10-31
📂 Найдено 43 parquet файлов для обработки.
📊 Схема данных: Schema({'timestamp': Int64, 'open': Float64, 'high': Float64, 'low': Float64, 'close': Float64, 'volume': Float64, 'turnover': String, 'ts_ms': Int64, 'symbol': String})
✅ Загружено 2351056 записей с помощью Polars.
📊 Типы данных в pandas: timestamp       datetime64[us]
symbol                  object
close                  float64
timestamp_ms             int64
dtype: object
2026-01-19 08:23:58,722 - INFO - [ФИЛЬТР] После проверки данных: 30000 пар
2026-01-19 08:23:58,722 - INFO - [ФИЛЬТР] После фильтра корреляции (>0.55): 20518 пар
2026-01-19 08:23:58,722 - INFO - [ФИЛЬТР] После фильтра beta: 13573 пар
2026-01-19 08:23:58,722 - INFO - [ФИЛЬТР] После фильтра mean crossings: 13573 пар
2026-01-19 08:23:58,722 - INFO - [ФИЛЬТР] После фильтра half-life: 13505 пар
2026-01-19 08:23:58,723 - INFO - [ФИЛЬТР] После фильтра коинтеграции: 5241 пар
2026-01-19 08:23:58,723 - INFO - [ФИЛЬТР] После фильтра Hurst: 3139 пар
2026-01-19 08:23:58,723 - INFO - [ФИЛЬТР] После фильтра KPSS: 48 пар
2026-01-19 08:23:58,723 - INFO - [ФИЛЬТР] После фильтра market microstructure: 48 пар
2026-01-19 08:23:58,723 - INFO - [ФИЛЬТР] Статистика фильтрации (оптимизированный порядок):
2026-01-19 08:23:58,723 - INFO -   1. SSD → Коинтеграция: 30000 → 5241 пар
2026-01-19 08:23:58,723 - INFO -   2. Коинтеграция → Beta: 5241 → 13573 пар
2026-01-19 08:23:58,723 - INFO -   3. Beta → Half-life: 13573 → 13505 пар
2026-01-19 08:23:58,723 - INFO -   4. Half-life → Mean crossings: 13505 → 13573 пар
2026-01-19 08:23:58,723 - INFO -   5. Mean crossings → Hurst: 13573 → 3139 пар
2026-01-19 08:23:58,723 - INFO -   6. Hurst → KPSS: 3139 → 48 пар
2026-01-19 08:23:58,723 - INFO -   7. KPSS → Market microstructure: 48 → 48 пар
2026-01-19 08:23:58,723 - INFO - [ФИЛЬТР] Причины отсева:
2026-01-19 08:23:58,723 - INFO -   • low_correlation: 9482 пар (31.6%)
2026-01-19 08:23:58,723 - INFO -   • pvalue: 8264 пар (27.5%)
2026-01-19 08:23:58,723 - INFO -   • beta: 6945 пар (23.2%)
2026-01-19 08:23:58,723 - INFO -   • kpss: 3091 пар (10.3%)
2026-01-19 08:23:58,723 - INFO -   • hurst: 2102 пар (7.0%)
2026-01-19 08:23:58,723 - INFO -   • half_life: 68 пар (0.2%)
2026-01-19 08:23:58,723 - INFO - [ФИЛЬТР] Итого: 30000 → 48 пар (0.2% прошли все фильтры)
2026-01-19 08:23:58,764 - INFO - Причины отсева сохранены в results/filter_reasons_20260119_082358.csv
2026-01-19 08:23:58,768 - INFO -   Pair stability filter: insufficient history (0 < 1), skip
2026-01-19 08:23:58,768 - INFO -   Фильтрация: 30000 → 48 пар
2026-01-19 08:23:58,768 - INFO - ⇠ filtering pairs by cointegration and half-life — done in 61.97s
2026-01-19 08:23:58,768 - INFO - ⇠ WF-шаг 1/5: training 2023-08-02-2023-09-30, testing 2023-10-01-2023-10-31 — done in 69.13s
2026-01-19 08:23:58,768 - INFO -   Топ-3 пары по волатильности спреда:
2026-01-19 08:23:58,768 - INFO -     1. COMPUSDT-GMXUSDT: beta=1.0239, std=2.0031
2026-01-19 08:23:58,768 - INFO -     2. TIMEUSDT-WAVESUSDT: beta=4.9232, std=0.6684
2026-01-19 08:23:58,768 - INFO -     3. TIMEUSDT-UMAUSDT: beta=7.4645, std=0.6598
2026-01-19 08:23:58,768 - INFO -   Всего пар для торговли: 48 (ограничение 15 применяется к одновременно открытым позициям)
2026-01-19 08:23:58,769 - INFO -   💰 Проверка расчета капитала: equity=$10,000.00, кандидатных_пар=48, max_позиций=15
2026-01-19 08:23:58,769 - INFO -   🎯 Target concurrency: 15 (ожидаемое одновременное число позиций)
2026-01-19 08:23:58,769 - INFO -   📊 Детали расчета капитала:
2026-01-19 08:23:58,769 - INFO -      • Базовый капитал на пару: $666.67 (equity / target_concurrency)
2026-01-19 08:23:58,769 - INFO -      • Риск-капитал: $150.00 (1.5% от equity)
2026-01-19 08:23:58,769 - INFO -      • Макс. размер позиции: $200.00 (2.0% от equity)
2026-01-19 08:23:58,769 - INFO -      • Итоговый капитал на пару: $150.00
2026-01-19 08:23:58,769 - INFO - ⇢ WF-шаг 1/5 backtests — starting 48 items
2026-01-19 08:23:58,769 - INFO - 🚀 WF-шаг 1/5: Начинаем бэктесты для 48 пар...
2026-01-19 08:23:58,769 - INFO - 🚀 WF-шаг 1/5: Запускаем параллельную обработку 48 пар на 8 ядрах...
2026-01-19 08:23:58,769 - INFO - 🚀 WF-шаг 1/5: Режим параллельности: процессы
2026-01-19 08:23:58,815 - coint2.engine.numba_engine - INFO - Запуск Numba-оптимизированного бэктеста для COMPUSDT-GMXUSDT
2026-01-19 08:23:58,832 - coint2.engine.numba_engine - INFO - Запуск Numba-оптимизированного бэктеста для TIMEUSDT-WAVESUSDT
2026-01-19 08:23:58,848 - coint2.engine.numba_engine - INFO - Запуск Numba-оптимизированного бэктеста для TIMEUSDT-UMAUSDT
2026-01-19 08:23:58,863 - coint2.engine.numba_engine - INFO - Запуск Numba-оптимизированного бэктеста для AXSUSDT-UNIUSDT
2026-01-19 08:23:58,891 - coint2.engine.numba_engine - INFO - Запуск Numba-оптимизированного бэктеста для ARUSDT-FILUSDT
2026-01-19 08:23:58,897 - coint2.engine.numba_engine - INFO - Запуск Numba-оптимизированного бэктеста для INTERUSDT-SOLOUSDT
2026-01-19 08:23:58,898 - coint2.engine.numba_engine - INFO - Запуск Numba-оптимизированного бэктеста для DOTUSDT-SDUSDT
2026-01-19 08:23:58,911 - coint2.engine.numba_engine - INFO - Запуск Numba-оптимизированного бэктеста для INTERUSDT-WAXPUSDT
2026-01-19 08:23:58,920 - coint2.engine.numba_engine - INFO - Запуск Numba-оптимизированного бэктеста для INTERUSDT-USTCUSDT
2026-01-19 08:23:58,925 - coint2.engine.numba_engine - INFO - Запуск Numba-оптимизированного бэктеста для INTERUSDT-THETAUSDT
2026-01-19 08:23:58,926 - coint2.engine.numba_engine - INFO - Запуск Numba-оптимизированного бэктеста для INTERUSDT-QTUMUSDT
2026-01-19 08:23:58,934 - coint2.engine.numba_engine - INFO - Запуск Numba-оптимизированного бэктеста для PSGUSDT-VPADUSDT
2026-01-19 08:23:58,941 - coint2.engine.numba_engine - INFO - Запуск Numba-оптимизированного бэктеста для INTERUSDT-STXUSDT
2026-01-19 08:23:58,942 - coint2.engine.numba_engine - INFO - Запуск Numba-оптимизированного бэктеста для INTERUSDT-ZILUSDT
2026-01-19 08:23:58,942 - coint2.engine.numba_engine - INFO - Запуск Numba-оптимизированного бэктеста для OMGUSDT-RDNTUSDT
2026-01-19 08:23:58,950 - coint2.engine.numba_engine - INFO - Запуск Numba-оптимизированного бэктеста для AFCUSDT-MDAOUSDT
2026-01-19 08:23:58,956 - coint2.engine.numba_engine - INFO - Запуск Numba-оптимизированного бэктеста для CELOUSDT-ZRXUSDT
2026-01-19 08:23:58,964 - coint2.engine.numba_engine - INFO - Запуск Numba-оптимизированного бэктеста для AFCUSDT-VPADUSDT
2026-01-19 08:23:58,964 - coint2.engine.numba_engine - INFO - Запуск Numba-оптимизированного бэктеста для ADAUSDC-PSGUSDT
2026-01-19 08:23:58,971 - coint2.engine.numba_engine - INFO - Запуск Numba-оптимизированного бэктеста для HFTUSDC-MOVRUSDT
2026-01-19 08:23:58,976 - coint2.engine.numba_engine - INFO - Запуск Numba-оптимизированного бэктеста для INTERUSDT-LTCUSDT
2026-01-19 08:23:58,979 - coint2.engine.numba_engine - INFO - Запуск Numba-оптимизированного бэктеста для INTERUSDT-LTCUSDC
2026-01-19 08:23:58,981 - coint2.engine.numba_engine - INFO - Запуск Numba-оптимизированного бэктеста для ADAUSDT-PSGUSDT
2026-01-19 08:23:58,986 - coint2.engine.numba_engine - INFO - Запуск Numba-оптимизированного бэктеста для HFTUSDT-MOVRUSDT
2026-01-19 08:23:58,986 - coint2.engine.numba_engine - INFO - Запуск Numba-оптимизированного бэктеста для WAXPUSDT-ZILUSDT
2026-01-19 08:23:58,999 - coint2.engine.numba_engine - INFO - Запуск Numba-оптимизированного бэктеста для FORTUSDT-PSGUSDT
2026-01-19 08:23:59,002 - coint2.engine.numba_engine - INFO - Запуск Numba-оптимизированного бэктеста для ROSEUSDT-XEMUSDT
2026-01-19 08:23:59,003 - coint2.engine.numba_engine - INFO - Запуск Numba-оптимизированного бэктеста для CITYUSDT-JUVUSDT
2026-01-19 08:23:59,003 - coint2.engine.numba_engine - INFO - Запуск Numba-оптимизированного бэктеста для INTERUSDT-XEMUSDT
2026-01-19 08:23:59,006 - coint2.engine.numba_engine - INFO - Запуск Numba-оптимизированного бэктеста для CAKEUSDT-VPADUSDT
2026-01-19 08:23:59,008 - coint2.engine.numba_engine - INFO - Запуск Numba-оптимизированного бэктеста для FORTUSDT-SFUNDUSDT
2026-01-19 08:23:59,025 - coint2.engine.numba_engine - INFO - Запуск Numba-оптимизированного бэктеста для CTCUSDT-VPADUSDT
2026-01-19 08:23:59,026 - coint2.engine.numba_engine - INFO - Запуск Numba-оптимизированного бэктеста для INTERUSDT-WAVESUSDT
2026-01-19 08:23:59,027 - coint2.engine.numba_engine - INFO - Запуск Numba-оптимизированного бэктеста для DAIUSDT-QTUMUSDT
2026-01-19 08:23:59,030 - coint2.engine.numba_engine - INFO - Запуск Numba-оптимизированного бэктеста для DAIUSDT-LTCBTC
2026-01-19 08:23:59,030 - coint2.engine.numba_engine - INFO - Запуск Numba-оптимизированного бэктеста для SUSHIUSDT-UMAUSDT
2026-01-19 08:23:59,031 - coint2.engine.numba_engine - INFO - Запуск Numba-оптимизированного бэктеста для FLOWUSDT-MASKUSDT
2026-01-19 08:23:59,048 - coint2.engine.numba_engine - INFO - Запуск Numba-оптимизированного бэктеста для GMTUSDT-SANDUSDT
2026-01-19 08:23:59,052 - coint2.engine.numba_engine - INFO - Запуск Numba-оптимизированного бэктеста для NEARUSDT-XTZUSDT
2026-01-19 08:23:59,053 - coint2.engine.numba_engine - INFO - Запуск Numba-оптимизированного бэктеста для DOGEUSDT-TELUSDT
2026-01-19 08:23:59,055 - coint2.engine.numba_engine - INFO - Запуск Numba-оптимизированного бэктеста для RSS3USDT-SCRTUSDT
2026-01-19 08:23:59,070 - coint2.engine.numba_engine - INFO - Запуск Numba-оптимизированного бэктеста для ONEUSDT-XRPUSDC
2026-01-19 08:23:59,075 - coint2.engine.numba_engine - INFO - Запуск Numba-оптимизированного бэктеста для ONEUSDT-XRPUSDT
2026-01-19 08:23:59,077 - coint2.engine.numba_engine - INFO - Запуск Numba-оптимизированного бэктеста для RSS3USDT-XTZUSDT
2026-01-19 08:23:59,080 - coint2.engine.numba_engine - INFO - Запуск Numba-оптимизированного бэктеста для DOGEUSDC-TELUSDT
2026-01-19 08:23:59,103 - coint2.engine.numba_engine - INFO - Запуск Numba-оптимизированного бэктеста для OASUSDT-TRVLUSDT
2026-01-19 08:23:59,105 - coint2.engine.numba_engine - INFO - Запуск Numba-оптимизированного бэктеста для SCUSDT-USTCUSDT
2026-01-19 08:23:59,127 - coint2.engine.numba_engine - INFO - Запуск Numba-оптимизированного бэктеста для SONUSDT-TAPUSDT
2026-01-19 08:23:59,159 - INFO -   ⏱️ Параллельная обработка завершена за 0.4с (123.2 пар/с)
2026-01-19 08:23:59,175 - coint2.pipeline.walk_forward_orchestrator - INFO - 🎯 СИМУЛЯЦИЯ ПОРТФЕЛЯ: 48 пар, лимит 15 позиций
2026-01-19 08:23:59,726 - coint2.pipeline.walk_forward_orchestrator - INFO -    📈 Макс. одновременных сигналов: 15
2026-01-19 08:23:59,727 - coint2.pipeline.walk_forward_orchestrator - INFO -    📊 Средн. сигналов за период: 0.6
2026-01-19 08:23:59,727 - coint2.pipeline.walk_forward_orchestrator - INFO -    🎯 Финальных активных позиций: 0
2026-01-19 08:23:59,728 - coint2.pipeline.walk_forward_orchestrator - INFO -    ⚡ Утилизация лимита позиций: 4.2%
2026-01-19 08:23:59,729 - INFO - ⇠ WF-шаг 1/5 backtests — completed 48 items in 0.96s (50.0 items/s)
2026-01-19 08:23:59,729 - INFO -   ✅ Обработка завершена: 48 успешно, 0 с ошибками
2026-01-19 08:23:59,729 - INFO -   📊 Успешность: 100.0%, прибыльность: 50.0%, сделок/пара: 19.0
2026-01-19 08:23:59,729 - INFO -   ✅ Завершены бэктесты для 48 пар
2026-01-19 08:23:59,729 - INFO -   📊 Всего обработано пар в этом шаге: 48
2026-01-19 08:23:59,729 - INFO -   📈 Результаты шага: 24/48 прибыльных пар, 914 сделок
2026-01-19 08:23:59,729 - INFO -   💰 P&L шага: $+76.32
2026-01-19 08:23:59,729 - INFO -   ⇢ Обновление капитала и дневного P&L...
2026-01-19 08:24:00,845 - INFO -   💼 Шаг P&L: $+76.32, Накопленный капитал: $10,076.32
2026-01-19 08:24:00,845 - INFO - ------------------------------------------------------------
2026-01-19 08:24:00,845 - INFO -   Walk-forward steps: 1 / 5 (20.0%) | 0.0 items/s | ETA: 284.8s
2026-01-19 08:24:00,845 - INFO - 🔍 WF-шаг 2/5: Валидация временных окон...
2026-01-19 08:24:00,846 - INFO - ⇢ WF-шаг 2/5: training 2023-09-01-2023-10-30, testing 2023-10-31-2023-11-30 — start
2026-01-19 08:24:00,846 - INFO - ⇢ loading step data — start
2026-01-19 08:24:01,024 - INFO - ⇠ loading step data — done in 0.18s
2026-01-19 08:24:02,150 - INFO - 📊 WF-шаг 2/5: Границы данных:
2026-01-19 08:24:02,150 - INFO -    Training: 2023-09-01 00:00:00 → 2023-10-30 23:45:00 (5,760 строк × 292 символов)
2026-01-19 08:24:02,150 - INFO -    Testing:  2023-10-31 00:00:00 → 2023-11-30 00:00:00 (2,881 строк × 292 символов)
2026-01-19 08:24:02,150 - INFO -    Временной разрыв: 0 days 00:15:00
2026-01-19 08:24:02,185 - INFO - ⇢ normalizing training data — start
2026-01-19 08:24:02,216 - INFO -   Символы с NaN значениями: 26
2026-01-19 08:24:02,216 - INFO -   Применяем метод нормализации: rolling_zscore
2026-01-19 08:24:02,229 - INFO - Символы с недостаточной историей: 17 из 292
2026-01-19 08:24:02,634 - INFO - Символы с NaN после нормализации: 275
2026-01-19 08:24:02,640 - INFO - Удалено 617 начальных строк с NaN от rolling расчетов
2026-01-19 08:24:02,641 - INFO - Итоговое количество символов после нормализации: 275 из 292
2026-01-19 08:24:02,642 - INFO -   Статистика нормализации:
2026-01-19 08:24:02,642 - INFO -     Исходные символы: 292
2026-01-19 08:24:02,642 - INFO -     Недостаточная история: 17
2026-01-19 08:24:02,642 - INFO -     Постоянная цена: 0
2026-01-19 08:24:02,642 - INFO -     NaN после нормализации: 275
2026-01-19 08:24:02,642 - INFO -     Итоговые символы: 275 (94.2%)
2026-01-19 08:24:02,642 - INFO -   После нормализации: 275 символов (потеряно 17)
2026-01-19 08:24:02,642 - INFO -   Отброшенные символы: BEAMUSDT, FETUSDT, FLIPUSDT, JEFFUSDT, MEMEUSDT, POLUSDT, PPTUSDT, PYTHUSDT, PYUSDUSDT, ROOTUSDT, RPKUSDT, SHRAPUSDT, TIAUSDT, TOKENUSDT, TUSDUSDT, VRTXUSDT, ZTXUSDT
2026-01-19 08:24:02,642 - INFO - ⇠ normalizing training data — done in 0.46s
2026-01-19 08:24:02,644 - INFO - ⇢ SSD computation — start
2026-01-19 08:24:02,644 - INFO -   Расчет SSD для всех пар (без ограничения)
2026-01-19 08:24:04,843 - INFO -   SSD результат (все пары): 37675 пар
2026-01-19 08:24:04,843 - INFO -   Ограничиваем до top-30000 пар для дальнейшей обработки
2026-01-19 08:24:04,844 - INFO - ⇠ SSD computation — done in 2.20s
2026-01-19 08:24:04,852 - INFO - ⇢ filtering pairs by cointegration and half-life — start
2026-01-19 08:24:04,852 - INFO - [ФИЛЬТР] Параллельная фильтрация: processes (8 workers)
⚙️  Загрузка данных за период: 2023-09-01 -> 2023-11-30
📂 Найдено 43 parquet файлов для обработки.
📊 Схема данных: Schema({'timestamp': Int64, 'open': Float64, 'high': Float64, 'low': Float64, 'close': Float64, 'volume': Float64, 'turnover': String, 'ts_ms': Int64, 'symbol': String})
✅ Загружено 2420293 записей с помощью Polars.
📊 Типы данных в pandas: timestamp       datetime64[us]
symbol                  object
close                  float64
timestamp_ms             int64
dtype: object
2026-01-19 08:24:51,253 - INFO - [ФИЛЬТР] После проверки данных: 30000 пар
2026-01-19 08:24:51,253 - INFO - [ФИЛЬТР] После фильтра корреляции (>0.55): 12231 пар
2026-01-19 08:24:51,253 - INFO - [ФИЛЬТР] После фильтра beta: 8160 пар
2026-01-19 08:24:51,253 - INFO - [ФИЛЬТР] После фильтра mean crossings: 8160 пар
2026-01-19 08:24:51,253 - INFO - [ФИЛЬТР] После фильтра half-life: 8114 пар
2026-01-19 08:24:51,254 - INFO - [ФИЛЬТР] После фильтра коинтеграции: 3238 пар
2026-01-19 08:24:51,254 - INFO - [ФИЛЬТР] После фильтра Hurst: 2312 пар
2026-01-19 08:24:51,254 - INFO - [ФИЛЬТР] После фильтра KPSS: 17 пар
2026-01-19 08:24:51,254 - INFO - [ФИЛЬТР] После фильтра market microstructure: 17 пар
2026-01-19 08:24:51,254 - INFO - [ФИЛЬТР] Статистика фильтрации (оптимизированный порядок):
2026-01-19 08:24:51,254 - INFO -   1. SSD → Коинтеграция: 30000 → 3238 пар
2026-01-19 08:24:51,254 - INFO -   2. Коинтеграция → Beta: 3238 → 8160 пар
2026-01-19 08:24:51,254 - INFO -   3. Beta → Half-life: 8160 → 8114 пар
2026-01-19 08:24:51,254 - INFO -   4. Half-life → Mean crossings: 8114 → 8160 пар
2026-01-19 08:24:51,254 - INFO -   5. Mean crossings → Hurst: 8160 → 2312 пар
2026-01-19 08:24:51,254 - INFO -   6. Hurst → KPSS: 2312 → 17 пар
2026-01-19 08:24:51,254 - INFO -   7. KPSS → Market microstructure: 17 → 17 пар
2026-01-19 08:24:51,254 - INFO - [ФИЛЬТР] Причины отсева:
2026-01-19 08:24:51,254 - INFO -   • low_correlation: 17769 пар (59.2%)
2026-01-19 08:24:51,254 - INFO -   • pvalue: 4876 пар (16.3%)
2026-01-19 08:24:51,254 - INFO -   • beta: 4071 пар (13.6%)
2026-01-19 08:24:51,254 - INFO -   • kpss: 2295 пар (7.6%)
2026-01-19 08:24:51,254 - INFO -   • hurst: 926 пар (3.1%)
2026-01-19 08:24:51,254 - INFO -   • half_life: 46 пар (0.2%)
2026-01-19 08:24:51,254 - INFO - [ФИЛЬТР] Итого: 30000 → 17 пар (0.1% прошли все фильтры)
2026-01-19 08:24:51,295 - INFO - Причины отсева сохранены в results/filter_reasons_20260119_082451.csv
2026-01-19 08:24:51,299 - INFO -   Pair stability filter: 17 → 0 (window=2, min_steps=1, history=1)
2026-01-19 08:24:51,299 - INFO -   Фильтрация: 30000 → 0 пар
2026-01-19 08:24:51,299 - INFO - ⇠ filtering pairs by cointegration and half-life — done in 46.45s
2026-01-19 08:24:51,299 - INFO - ⇠ WF-шаг 2/5: training 2023-09-01-2023-10-30, testing 2023-10-31-2023-11-30 — done in 50.45s
2026-01-19 08:24:51,299 - INFO -   Всего пар для торговли: 0 (ограничение 15 применяется к одновременно открытым позициям)
2026-01-19 08:24:51,300 - INFO -   💰 Проверка расчета капитала: equity=$10,076.32, кандидатных_пар=0, max_позиций=15
2026-01-19 08:24:51,300 - INFO -   🎯 Target concurrency: 0 (ожидаемое одновременное число позиций)
2026-01-19 08:24:51,300 - INFO -   💼 Шаг P&L: $+0.00, Накопленный капитал: $10,076.32
2026-01-19 08:24:51,300 - INFO - ------------------------------------------------------------
2026-01-19 08:24:51,300 - INFO -   Walk-forward steps: 2 / 5 (40.0%) | 0.0 items/s | ETA: 182.5s
2026-01-19 08:24:51,300 - INFO - 🔍 WF-шаг 3/5: Валидация временных окон...
2026-01-19 08:24:51,301 - INFO - ⇢ WF-шаг 3/5: training 2023-10-01-2023-11-29, testing 2023-11-30-2023-12-30 — start
2026-01-19 08:24:51,301 - INFO - ⇢ loading step data — start
2026-01-19 08:24:51,452 - INFO - ⇠ loading step data — done in 0.15s
2026-01-19 08:24:52,772 - INFO - 📊 WF-шаг 3/5: Границы данных:
2026-01-19 08:24:52,772 - INFO -    Training: 2023-10-01 00:00:00 → 2023-11-29 23:45:00 (5,760 строк × 309 символов)
2026-01-19 08:24:52,772 - INFO -    Testing:  2023-11-30 00:00:00 → 2023-12-30 00:00:00 (2,881 строк × 309 символов)
2026-01-19 08:24:52,772 - INFO -    Временной разрыв: 0 days 00:15:00
2026-01-19 08:24:52,995 - INFO - ⇢ normalizing training data — start
2026-01-19 08:24:53,035 - INFO -   Символы с NaN значениями: 33
2026-01-19 08:24:53,035 - INFO -   Применяем метод нормализации: rolling_zscore
2026-01-19 08:24:53,050 - INFO - Символы с недостаточной историей: 32 из 309
2026-01-19 08:24:53,438 - INFO - Символы с NaN после нормализации: 277
2026-01-19 08:24:53,444 - INFO - Удалено 233 начальных строк с NaN от rolling расчетов
2026-01-19 08:24:53,445 - INFO - Итоговое количество символов после нормализации: 277 из 309
2026-01-19 08:24:53,446 - INFO -   Статистика нормализации:
2026-01-19 08:24:53,446 - INFO -     Исходные символы: 309
2026-01-19 08:24:53,446 - INFO -     Недостаточная история: 32
2026-01-19 08:24:53,446 - INFO -     Постоянная цена: 0
2026-01-19 08:24:53,446 - INFO -     NaN после нормализации: 277
2026-01-19 08:24:53,446 - INFO -     Итоговые символы: 277 (89.6%)
2026-01-19 08:24:53,446 - INFO -   После нормализации: 277 символов (потеряно 32)
2026-01-19 08:24:53,446 - INFO -   Отброшено много символов: 32 из 309
2026-01-19 08:24:53,446 - INFO - ⇠ normalizing training data — done in 0.45s
2026-01-19 08:24:53,447 - INFO - ⇢ SSD computation — start
2026-01-19 08:24:53,447 - INFO -   Расчет SSD для всех пар (без ограничения)
2026-01-19 08:24:56,055 - INFO -   SSD результат (все пары): 38226 пар
2026-01-19 08:24:56,055 - INFO -   Ограничиваем до top-30000 пар для дальнейшей обработки
2026-01-19 08:24:56,056 - INFO - ⇠ SSD computation — done in 2.61s
2026-01-19 08:24:56,065 - INFO - ⇢ filtering pairs by cointegration and half-life — start
2026-01-19 08:24:56,065 - INFO - [ФИЛЬТР] Параллельная фильтрация: processes (8 workers)
⚙️  Загрузка данных за период: 2023-10-01 -> 2023-12-30
📂 Найдено 43 parquet файлов для обработки.
📊 Схема данных: Schema({'timestamp': Int64, 'open': Float64, 'high': Float64, 'low': Float64, 'close': Float64, 'volume': Float64, 'turnover': String, 'ts_ms': Int64, 'symbol': String})
✅ Загружено 2499894 записей с помощью Polars.
📊 Типы данных в pandas: timestamp       datetime64[us]
symbol                  object
close                  float64
timestamp_ms             int64
dtype: object
2026-01-19 08:25:53,388 - INFO - [ФИЛЬТР] После проверки данных: 30000 пар
2026-01-19 08:25:53,388 - INFO - [ФИЛЬТР] После фильтра корреляции (>0.55): 23740 пар
2026-01-19 08:25:53,388 - INFO - [ФИЛЬТР] После фильтра beta: 16444 пар
2026-01-19 08:25:53,388 - INFO - [ФИЛЬТР] После фильтра mean crossings: 16444 пар
2026-01-19 08:25:53,388 - INFO - [ФИЛЬТР] После фильтра half-life: 16371 пар
2026-01-19 08:25:53,388 - INFO - [ФИЛЬТР] После фильтра коинтеграции: 3781 пар
2026-01-19 08:25:53,388 - INFO - [ФИЛЬТР] После фильтра Hurst: 1912 пар
2026-01-19 08:25:53,388 - INFO - [ФИЛЬТР] После фильтра KPSS: 35 пар
2026-01-19 08:25:53,388 - INFO - [ФИЛЬТР] После фильтра market microstructure: 35 пар
2026-01-19 08:25:53,388 - INFO - [ФИЛЬТР] Статистика фильтрации (оптимизированный порядок):
2026-01-19 08:25:53,388 - INFO -   1. SSD → Коинтеграция: 30000 → 3781 пар
2026-01-19 08:25:53,388 - INFO -   2. Коинтеграция → Beta: 3781 → 16444 пар
2026-01-19 08:25:53,388 - INFO -   3. Beta → Half-life: 16444 → 16371 пар
2026-01-19 08:25:53,388 - INFO -   4. Half-life → Mean crossings: 16371 → 16444 пар
2026-01-19 08:25:53,388 - INFO -   5. Mean crossings → Hurst: 16444 → 1912 пар
2026-01-19 08:25:53,388 - INFO -   6. Hurst → KPSS: 1912 → 35 пар
2026-01-19 08:25:53,388 - INFO -   7. KPSS → Market microstructure: 35 → 35 пар
2026-01-19 08:25:53,388 - INFO - [ФИЛЬТР] Причины отсева:
2026-01-19 08:25:53,389 - INFO -   • pvalue: 12590 пар (42.0%)
2026-01-19 08:25:53,389 - INFO -   • beta: 7296 пар (24.3%)
2026-01-19 08:25:53,389 - INFO -   • low_correlation: 6260 пар (20.9%)
2026-01-19 08:25:53,389 - INFO -   • kpss: 1877 пар (6.3%)
2026-01-19 08:25:53,389 - INFO -   • hurst: 1869 пар (6.2%)
2026-01-19 08:25:53,389 - INFO -   • half_life: 73 пар (0.2%)
2026-01-19 08:25:53,389 - INFO - [ФИЛЬТР] Итого: 30000 → 35 пар (0.1% прошли все фильтры)
2026-01-19 08:25:53,428 - INFO - Причины отсева сохранены в results/filter_reasons_20260119_082553.csv
2026-01-19 08:25:53,433 - INFO -   Pair stability filter: 35 → 0 (window=2, min_steps=1, history=2)
2026-01-19 08:25:53,433 - INFO -   Фильтрация: 30000 → 0 пар
2026-01-19 08:25:53,433 - INFO - ⇠ filtering pairs by cointegration and half-life — done in 57.37s
2026-01-19 08:25:53,433 - INFO - ⇠ WF-шаг 3/5: training 2023-10-01-2023-11-29, testing 2023-11-30-2023-12-30 — done in 62.13s
2026-01-19 08:25:53,433 - INFO -   Всего пар для торговли: 0 (ограничение 15 применяется к одновременно открытым позициям)
2026-01-19 08:25:53,433 - INFO -   💰 Проверка расчета капитала: equity=$10,076.32, кандидатных_пар=0, max_позиций=15
2026-01-19 08:25:53,433 - INFO -   🎯 Target concurrency: 0 (ожидаемое одновременное число позиций)
2026-01-19 08:25:53,434 - INFO -   💼 Шаг P&L: $+0.00, Накопленный капитал: $10,076.32
2026-01-19 08:25:53,434 - INFO - ------------------------------------------------------------
2026-01-19 08:25:53,434 - INFO -   Walk-forward steps: 3 / 5 (60.0%) | 0.0 items/s | ETA: 122.5s
2026-01-19 08:25:53,434 - INFO - 🔍 WF-шаг 4/5: Валидация временных окон...
2026-01-19 08:25:53,434 - INFO - ⇢ WF-шаг 4/5: training 2023-10-31-2023-12-29, testing 2023-12-30-2024-01-29 — start
2026-01-19 08:25:53,434 - INFO - ⇢ loading step data — start
2026-01-19 08:25:53,601 - INFO - ⇠ loading step data — done in 0.17s
2026-01-19 08:25:54,864 - INFO - 📊 WF-шаг 4/5: Границы данных:
2026-01-19 08:25:54,864 - INFO -    Training: 2023-10-31 00:00:00 → 2023-12-29 23:45:00 (5,760 строк × 327 символов)
2026-01-19 08:25:54,864 - INFO -    Testing:  2023-12-30 00:00:00 → 2024-01-29 00:00:00 (2,881 строк × 327 символов)
2026-01-19 08:25:54,864 - INFO -    Временной разрыв: 0 days 00:15:00
2026-01-19 08:25:54,903 - INFO - ⇢ normalizing training data — start
2026-01-19 08:25:54,938 - INFO -   Символы с NaN значениями: 45
2026-01-19 08:25:54,938 - INFO -   Применяем метод нормализации: rolling_zscore
2026-01-19 08:25:54,952 - INFO - Символы с недостаточной историей: 40 из 327
2026-01-19 08:25:55,343 - INFO - Символы с NaN после нормализации: 287
2026-01-19 08:25:55,348 - INFO - Удалено 809 начальных строк с NaN от rolling расчетов
2026-01-19 08:25:55,350 - INFO - Итоговое количество символов после нормализации: 287 из 327
2026-01-19 08:25:55,350 - INFO -   Статистика нормализации:
2026-01-19 08:25:55,350 - INFO -     Исходные символы: 327
2026-01-19 08:25:55,350 - INFO -     Недостаточная история: 40
2026-01-19 08:25:55,351 - INFO -     Постоянная цена: 0
2026-01-19 08:25:55,351 - INFO -     NaN после нормализации: 287
2026-01-19 08:25:55,351 - INFO -     Итоговые символы: 287 (87.8%)
2026-01-19 08:25:55,351 - INFO -   После нормализации: 287 символов (потеряно 40)
2026-01-19 08:25:55,351 - INFO -   Отброшено много символов: 40 из 327
2026-01-19 08:25:55,351 - INFO - ⇠ normalizing training data — done in 0.45s
2026-01-19 08:25:55,352 - INFO - ⇢ SSD computation — start
2026-01-19 08:25:55,352 - INFO -   Расчет SSD для всех пар (без ограничения)
2026-01-19 08:25:57,616 - INFO -   SSD результат (все пары): 41041 пар
2026-01-19 08:25:57,616 - INFO -   Ограничиваем до top-30000 пар для дальнейшей обработки
2026-01-19 08:25:57,617 - INFO - ⇠ SSD computation — done in 2.27s
2026-01-19 08:25:57,625 - INFO - ⇢ filtering pairs by cointegration and half-life — start
2026-01-19 08:25:57,625 - INFO - [ФИЛЬТР] Параллельная фильтрация: processes (8 workers)
⚙️  Загрузка данных за период: 2023-10-31 -> 2024-01-29
📂 Найдено 43 parquet файлов для обработки.
📊 Схема данных: Schema({'timestamp': Int64, 'open': Float64, 'high': Float64, 'low': Float64, 'close': Float64, 'volume': Float64, 'turnover': String, 'ts_ms': Int64, 'symbol': String})
✅ Загружено 2615053 записей с помощью Polars.
📊 Типы данных в pandas: timestamp       datetime64[us]
symbol                  object
close                  float64
timestamp_ms             int64
dtype: object
2026-01-19 08:26:46,517 - INFO - [ФИЛЬТР] После проверки данных: 30000 пар
2026-01-19 08:26:46,517 - INFO - [ФИЛЬТР] После фильтра корреляции (>0.55): 18323 пар
2026-01-19 08:26:46,517 - INFO - [ФИЛЬТР] После фильтра beta: 12354 пар
2026-01-19 08:26:46,517 - INFO - [ФИЛЬТР] После фильтра mean crossings: 12354 пар
2026-01-19 08:26:46,517 - INFO - [ФИЛЬТР] После фильтра half-life: 12287 пар
2026-01-19 08:26:46,517 - INFO - [ФИЛЬТР] После фильтра коинтеграции: 2741 пар
2026-01-19 08:26:46,517 - INFO - [ФИЛЬТР] После фильтра Hurst: 1622 пар
2026-01-19 08:26:46,517 - INFO - [ФИЛЬТР] После фильтра KPSS: 25 пар
2026-01-19 08:26:46,517 - INFO - [ФИЛЬТР] После фильтра market microstructure: 25 пар
2026-01-19 08:26:46,517 - INFO - [ФИЛЬТР] Статистика фильтрации (оптимизированный порядок):
2026-01-19 08:26:46,517 - INFO -   1. SSD → Коинтеграция: 30000 → 2741 пар
2026-01-19 08:26:46,517 - INFO -   2. Коинтеграция → Beta: 2741 → 12354 пар
2026-01-19 08:26:46,517 - INFO -   3. Beta → Half-life: 12354 → 12287 пар
2026-01-19 08:26:46,517 - INFO -   4. Half-life → Mean crossings: 12287 → 12354 пар
2026-01-19 08:26:46,517 - INFO -   5. Mean crossings → Hurst: 12354 → 1622 пар
2026-01-19 08:26:46,517 - INFO -   6. Hurst → KPSS: 1622 → 25 пар
2026-01-19 08:26:46,517 - INFO -   7. KPSS → Market microstructure: 25 → 25 пар
2026-01-19 08:26:46,517 - INFO - [ФИЛЬТР] Причины отсева:
2026-01-19 08:26:46,517 - INFO -   • low_correlation: 11677 пар (38.9%)
2026-01-19 08:26:46,517 - INFO -   • pvalue: 9546 пар (31.8%)
2026-01-19 08:26:46,518 - INFO -   • beta: 5969 пар (19.9%)
2026-01-19 08:26:46,518 - INFO -   • kpss: 1597 пар (5.3%)
2026-01-19 08:26:46,518 - INFO -   • hurst: 1119 пар (3.7%)
2026-01-19 08:26:46,518 - INFO -   • half_life: 67 пар (0.2%)
2026-01-19 08:26:46,518 - INFO - [ФИЛЬТР] Итого: 30000 → 25 пар (0.1% прошли все фильтры)
2026-01-19 08:26:46,557 - INFO - Причины отсева сохранены в results/filter_reasons_20260119_082646.csv
2026-01-19 08:26:46,561 - INFO -   Pair stability filter: 25 → 2 (window=2, min_steps=1, history=3)
2026-01-19 08:26:46,561 - INFO -   Фильтрация: 30000 → 2 пар
2026-01-19 08:26:46,561 - INFO - ⇠ filtering pairs by cointegration and half-life — done in 48.94s
2026-01-19 08:26:46,561 - INFO - ⇠ WF-шаг 4/5: training 2023-10-31-2023-12-29, testing 2023-12-30-2024-01-29 — done in 53.13s
2026-01-19 08:26:46,561 - INFO -   Топ-3 пары по волатильности спреда:
2026-01-19 08:26:46,562 - INFO -     1. IDUSDT-LRCUSDT: beta=0.7191, std=0.0143
2026-01-19 08:26:46,562 - INFO -     2. CHRPUSDT-NEXOUSDT: beta=0.0086, std=0.0007
2026-01-19 08:26:46,562 - INFO -   Всего пар для торговли: 2 (ограничение 15 применяется к одновременно открытым позициям)
2026-01-19 08:26:46,562 - INFO -   💰 Проверка расчета капитала: equity=$10,076.32, кандидатных_пар=2, max_позиций=15
2026-01-19 08:26:46,562 - INFO -   🎯 Target concurrency: 2 (ожидаемое одновременное число позиций)
2026-01-19 08:26:46,562 - INFO -   📊 Детали расчета капитала:
2026-01-19 08:26:46,562 - INFO -      • Базовый капитал на пару: $5,038.16 (equity / target_concurrency)
2026-01-19 08:26:46,562 - INFO -      • Риск-капитал: $151.14 (1.5% от equity)
2026-01-19 08:26:46,562 - INFO -      • Макс. размер позиции: $201.53 (2.0% от equity)
2026-01-19 08:26:46,562 - INFO -      • Итоговый капитал на пару: $151.14
2026-01-19 08:26:46,562 - INFO - ⇢ WF-шаг 4/5 backtests — starting 2 items
2026-01-19 08:26:46,562 - INFO - 🚀 WF-шаг 4/5: Начинаем бэктесты для 2 пар...
2026-01-19 08:26:46,563 - INFO - 🚀 WF-шаг 4/5: Запускаем параллельную обработку 2 пар на 8 ядрах...
2026-01-19 08:26:46,563 - INFO - 🚀 WF-шаг 4/5: Режим параллельности: процессы
2026-01-19 08:26:46,610 - coint2.engine.numba_engine - INFO - Запуск Numba-оптимизированного бэктеста для IDUSDT-LRCUSDT
2026-01-19 08:26:46,628 - coint2.engine.numba_engine - INFO - Запуск Numba-оптимизированного бэктеста для CHRPUSDT-NEXOUSDT
2026-01-19 08:26:46,718 - INFO -   ⏱️ Параллельная обработка завершена за 0.2с (12.9 пар/с)
2026-01-19 08:26:46,722 - coint2.pipeline.walk_forward_orchestrator - INFO - 🎯 СИМУЛЯЦИЯ ПОРТФЕЛЯ: 2 пар, лимит 15 позиций
2026-01-19 08:26:46,988 - coint2.pipeline.walk_forward_orchestrator - INFO -    📈 Макс. одновременных сигналов: 2
2026-01-19 08:26:46,988 - coint2.pipeline.walk_forward_orchestrator - INFO -    📊 Средн. сигналов за период: 0.0
2026-01-19 08:26:46,988 - coint2.pipeline.walk_forward_orchestrator - INFO -    🎯 Финальных активных позиций: 0
2026-01-19 08:26:46,989 - coint2.pipeline.walk_forward_orchestrator - INFO -    ⚡ Утилизация лимита позиций: 0.2%
2026-01-19 08:26:46,990 - INFO - ⇠ WF-шаг 4/5 backtests — completed 2 items in 0.43s (4.7 items/s)
2026-01-19 08:26:46,990 - INFO -   ✅ Обработка завершена: 2 успешно, 0 с ошибками
2026-01-19 08:26:46,990 - INFO -   📊 Успешность: 100.0%, прибыльность: 50.0%, сделок/пара: 25.5
2026-01-19 08:26:46,990 - INFO -   ✅ Завершены бэктесты для 2 пар
2026-01-19 08:26:46,990 - INFO -   📊 Всего обработано пар в этом шаге: 2
2026-01-19 08:26:46,990 - INFO -   📈 Результаты шага: 1/2 прибыльных пар, 51 сделок
2026-01-19 08:26:46,990 - INFO -   💰 P&L шага: $-2.11
2026-01-19 08:26:46,990 - INFO -   ⇢ Обновление капитала и дневного P&L...
2026-01-19 08:26:48,264 - INFO -   💼 Шаг P&L: $-2.11, Накопленный капитал: $10,074.20
2026-01-19 08:26:48,264 - INFO - ------------------------------------------------------------
2026-01-19 08:26:48,264 - INFO -   Walk-forward steps: 4 / 5 (80.0%) | 0.0 items/s | ETA: 59.7s
2026-01-19 08:26:48,264 - INFO - 🔍 WF-шаг 5/5: Валидация временных окон...
2026-01-19 08:26:48,264 - INFO - ⇢ WF-шаг 5/5: training 2023-11-30-2024-01-28, testing 2024-01-29-2024-02-28 — start
2026-01-19 08:26:48,264 - INFO - ⇢ loading step data — start
2026-01-19 08:26:48,467 - INFO - ⇠ loading step data — done in 0.20s
2026-01-19 08:26:49,803 - INFO - 📊 WF-шаг 5/5: Границы данных:
2026-01-19 08:26:49,803 - INFO -    Training: 2023-11-30 00:00:00 → 2024-01-28 23:45:00 (5,760 строк × 344 символов)
2026-01-19 08:26:49,803 - INFO -    Testing:  2024-01-29 00:00:00 → 2024-02-28 00:00:00 (2,881 строк × 344 символов)
2026-01-19 08:26:49,803 - INFO -    Временной разрыв: 0 days 00:15:00
2026-01-19 08:26:49,843 - INFO - ⇢ normalizing training data — start
2026-01-19 08:26:49,880 - INFO -   Символы с NaN значениями: 52
2026-01-19 08:26:49,880 - INFO -   Применяем метод нормализации: rolling_zscore
2026-01-19 08:26:49,894 - INFO - Символы с недостаточной историей: 44 из 344
2026-01-19 08:26:50,296 - INFO - Символы с NaN после нормализации: 300
2026-01-19 08:26:50,302 - INFO - Удалено 809 начальных строк с NaN от rolling расчетов
2026-01-19 08:26:50,304 - INFO - Итоговое количество символов после нормализации: 300 из 344
2026-01-19 08:26:50,304 - INFO -   Статистика нормализации:
2026-01-19 08:26:50,304 - INFO -     Исходные символы: 344
2026-01-19 08:26:50,304 - INFO -     Недостаточная история: 44
2026-01-19 08:26:50,304 - INFO -     Постоянная цена: 0
2026-01-19 08:26:50,304 - INFO -     NaN после нормализации: 300
2026-01-19 08:26:50,305 - INFO -     Итоговые символы: 300 (87.2%)
2026-01-19 08:26:50,305 - INFO -   После нормализации: 300 символов (потеряно 44)
2026-01-19 08:26:50,305 - INFO -   Отброшено много символов: 44 из 344
2026-01-19 08:26:50,305 - INFO - ⇠ normalizing training data — done in 0.46s
2026-01-19 08:26:50,306 - INFO - ⇢ SSD computation — start
2026-01-19 08:26:50,306 - INFO -   Расчет SSD для всех пар (без ограничения)
2026-01-19 08:26:53,127 - INFO -   SSD результат (все пары): 44850 пар
2026-01-19 08:26:53,127 - INFO -   Ограничиваем до top-30000 пар для дальнейшей обработки
2026-01-19 08:26:53,129 - INFO - ⇠ SSD computation — done in 2.82s
2026-01-19 08:26:53,138 - INFO - ⇢ filtering pairs by cointegration and half-life — start
2026-01-19 08:26:53,138 - INFO - [ФИЛЬТР] Параллельная фильтрация: processes (8 workers)
⚙️  Загрузка данных за период: 2023-11-30 -> 2024-02-28
📂 Найдено 43 parquet файлов для обработки.
📊 Схема данных: Schema({'timestamp': Int64, 'open': Float64, 'high': Float64, 'low': Float64, 'close': Float64, 'volume': Float64, 'turnover': String, 'ts_ms': Int64, 'symbol': String})
✅ Загружено 2755343 записей с помощью Polars.
📊 Типы данных в pandas: timestamp       datetime64[us]
symbol                  object
close                  float64
timestamp_ms             int64
dtype: object
2026-01-19 08:27:38,171 - INFO - [ФИЛЬТР] После проверки данных: 30000 пар
2026-01-19 08:27:38,171 - INFO - [ФИЛЬТР] После фильтра корреляции (>0.55): 8822 пар
2026-01-19 08:27:38,171 - INFO - [ФИЛЬТР] После фильтра beta: 6482 пар
2026-01-19 08:27:38,171 - INFO - [ФИЛЬТР] После фильтра mean crossings: 6482 пар
2026-01-19 08:27:38,171 - INFO - [ФИЛЬТР] После фильтра half-life: 6453 пар
2026-01-19 08:27:38,171 - INFO - [ФИЛЬТР] После фильтра коинтеграции: 2882 пар
2026-01-19 08:27:38,171 - INFO - [ФИЛЬТР] После фильтра Hurst: 1904 пар
2026-01-19 08:27:38,171 - INFO - [ФИЛЬТР] После фильтра KPSS: 23 пар
2026-01-19 08:27:38,171 - INFO - [ФИЛЬТР] После фильтра market microstructure: 23 пар
2026-01-19 08:27:38,171 - INFO - [ФИЛЬТР] Статистика фильтрации (оптимизированный порядок):
2026-01-19 08:27:38,171 - INFO -   1. SSD → Коинтеграция: 30000 → 2882 пар
2026-01-19 08:27:38,171 - INFO -   2. Коинтеграция → Beta: 2882 → 6482 пар
2026-01-19 08:27:38,171 - INFO -   3. Beta → Half-life: 6482 → 6453 пар
2026-01-19 08:27:38,171 - INFO -   4. Half-life → Mean crossings: 6453 → 6482 пар
2026-01-19 08:27:38,171 - INFO -   5. Mean crossings → Hurst: 6482 → 1904 пар
2026-01-19 08:27:38,171 - INFO -   6. Hurst → KPSS: 1904 → 23 пар
2026-01-19 08:27:38,171 - INFO -   7. KPSS → Market microstructure: 23 → 23 пар
2026-01-19 08:27:38,171 - INFO - [ФИЛЬТР] Причины отсева:
2026-01-19 08:27:38,171 - INFO -   • low_correlation: 21178 пар (70.6%)
2026-01-19 08:27:38,171 - INFO -   • pvalue: 3571 пар (11.9%)
2026-01-19 08:27:38,171 - INFO -   • beta: 2340 пар (7.8%)
2026-01-19 08:27:38,172 - INFO -   • kpss: 1881 пар (6.3%)
2026-01-19 08:27:38,172 - INFO -   • hurst: 978 пар (3.3%)
2026-01-19 08:27:38,172 - INFO -   • half_life: 29 пар (0.1%)
2026-01-19 08:27:38,172 - INFO - [ФИЛЬТР] Итого: 30000 → 23 пар (0.1% прошли все фильтры)
2026-01-19 08:27:38,211 - INFO - Причины отсева сохранены в results/filter_reasons_20260119_082738.csv
2026-01-19 08:27:38,215 - INFO -   Pair stability filter: 23 → 2 (window=2, min_steps=1, history=4)
2026-01-19 08:27:38,216 - INFO -   Фильтрация: 30000 → 2 пар
2026-01-19 08:27:38,216 - INFO - ⇠ filtering pairs by cointegration and half-life — done in 45.08s
2026-01-19 08:27:38,216 - INFO - ⇠ WF-шаг 5/5: training 2023-11-30-2024-01-28, testing 2024-01-29-2024-02-28 — done in 49.95s
2026-01-19 08:27:38,216 - INFO -   Топ-3 пары по волатильности спреда:
2026-01-19 08:27:38,216 - INFO -     1. BTCDAI-WBTCUSDT: beta=1.0023, std=556.1976
2026-01-19 08:27:38,216 - INFO -     2. ETHDAI-STETHUSDT: beta=0.9934, std=13.3291
2026-01-19 08:27:38,216 - INFO -   Всего пар для торговли: 2 (ограничение 15 применяется к одновременно открытым позициям)
2026-01-19 08:27:38,216 - INFO -   💰 Проверка расчета капитала: equity=$10,074.20, кандидатных_пар=2, max_позиций=15
2026-01-19 08:27:38,216 - INFO -   🎯 Target concurrency: 2 (ожидаемое одновременное число позиций)
2026-01-19 08:27:38,216 - INFO -   📊 Детали расчета капитала:
2026-01-19 08:27:38,216 - INFO -      • Базовый капитал на пару: $5,037.10 (equity / target_concurrency)
2026-01-19 08:27:38,216 - INFO -      • Риск-капитал: $151.11 (1.5% от equity)
2026-01-19 08:27:38,216 - INFO -      • Макс. размер позиции: $201.48 (2.0% от equity)
2026-01-19 08:27:38,216 - INFO -      • Итоговый капитал на пару: $151.11
2026-01-19 08:27:38,217 - INFO - ⇢ WF-шаг 5/5 backtests — starting 2 items
2026-01-19 08:27:38,217 - INFO - 🚀 WF-шаг 5/5: Начинаем бэктесты для 2 пар...
2026-01-19 08:27:38,217 - INFO - 🚀 WF-шаг 5/5: Запускаем параллельную обработку 2 пар на 8 ядрах...
2026-01-19 08:27:38,217 - INFO - 🚀 WF-шаг 5/5: Режим параллельности: процессы
2026-01-19 08:27:38,268 - coint2.engine.numba_engine - INFO - Запуск Numba-оптимизированного бэктеста для BTCDAI-WBTCUSDT
2026-01-19 08:27:38,289 - coint2.engine.numba_engine - INFO - Запуск Numba-оптимизированного бэктеста для ETHDAI-STETHUSDT
2026-01-19 08:27:38,377 - INFO -   ⏱️ Параллельная обработка завершена за 0.2с (12.5 пар/с)
2026-01-19 08:27:38,381 - coint2.pipeline.walk_forward_orchestrator - INFO - 🎯 СИМУЛЯЦИЯ ПОРТФЕЛЯ: 2 пар, лимит 15 позиций
2026-01-19 08:27:38,651 - coint2.pipeline.walk_forward_orchestrator - INFO -    📈 Макс. одновременных сигналов: 2
2026-01-19 08:27:38,651 - coint2.pipeline.walk_forward_orchestrator - INFO -    📊 Средн. сигналов за период: 0.0
2026-01-19 08:27:38,651 - coint2.pipeline.walk_forward_orchestrator - INFO -    🎯 Финальных активных позиций: 0
2026-01-19 08:27:38,652 - coint2.pipeline.walk_forward_orchestrator - INFO -    ⚡ Утилизация лимита позиций: 0.2%
2026-01-19 08:27:38,653 - INFO - ⇠ WF-шаг 5/5 backtests — completed 2 items in 0.44s (4.6 items/s)
2026-01-19 08:27:38,653 - INFO -   ✅ Обработка завершена: 2 успешно, 0 с ошибками
2026-01-19 08:27:38,653 - INFO -   📊 Успешность: 100.0%, прибыльность: 100.0%, сделок/пара: 22.5
2026-01-19 08:27:38,653 - INFO -   ✅ Завершены бэктесты для 2 пар
2026-01-19 08:27:38,653 - INFO -   📊 Всего обработано пар в этом шаге: 2
2026-01-19 08:27:38,653 - INFO -   📈 Результаты шага: 2/2 прибыльных пар, 45 сделок
2026-01-19 08:27:38,653 - INFO -   💰 P&L шага: $+9.93
2026-01-19 08:27:38,653 - INFO -   ⇢ Обновление капитала и дневного P&L...
2026-01-19 08:27:40,105 - INFO -   💼 Шаг P&L: $+9.93, Накопленный капитал: $10,084.13
2026-01-19 08:27:40,105 - INFO - ------------------------------------------------------------
2026-01-19 08:27:40,105 - INFO -   Walk-forward steps: 5 / 5 (100.0%) | 0.0 items/s | ETA: 0.0s
2026-01-19 08:27:40,105 - INFO - ⇠ Walk-forward steps — completed 5 items in 290.47s (0.0 items/s)
2026-01-19 08:27:40,105 - INFO - ================================================================================
2026-01-19 08:27:40,105 - INFO - 🏁 Walk-forward анализ завершен!
2026-01-19 08:27:40,105 - INFO - ⏱️ Обработано 5 шагов за 1.9 секунд
2026-01-19 08:27:40,105 - INFO - 📊 Всего обработано пар за весь анализ: 52
2026-01-19 08:27:40,105 - INFO - 💰 Финальный капитал: $10,084.13 (было $10,000.00)
2026-01-19 08:27:40,105 - INFO - 📈 Общая доходность: +0.84% ($+84.13)
2026-01-19 08:27:40,105 - INFO - 📊 Всего сделок: 0
2026-01-19 08:27:40,105 - INFO - ================================================================================
2026-01-19 08:27:40,105 - INFO - ✓ Завершены все 5 WF-шагов
2026-01-19 08:27:40,105 - INFO - ⇢ Обработка финальных результатов и расчет метрик...
2026-01-19 08:27:40,105 - INFO - ⇢ processing final results — start
2026-01-19 08:27:40,106 - INFO -   ⇢ Агрегация данных P&L за 8643 торговых дней
2026-01-19 08:27:40,128 - INFO -   ⇢ Расчет базовых метрик производительности...
2026-01-19 08:27:40,128 - INFO -     📊 Данные для анализа: 8643 записей P&L, 8642 точек equity
2026-01-19 08:27:40,130 - INFO -   ⇢ Расчет расширенных метрик (волатильность, Calmar ratio, и др.)...
2026-01-19 08:27:40,131 - INFO -   ✅ Расширенные метрики рассчитаны: 6 показателей
2026-01-19 08:27:40,131 - INFO -   ⇢ Анализ статистики по 52 парам...
2026-01-19 08:27:40,133 - INFO - ✅ Рассчитаны метрики производительности (19 показателей)
2026-01-19 08:27:40,133 - INFO -   💰 Общий P&L: $+84.13
2026-01-19 08:27:40,133 - INFO -   📊 Sharpe Ratio: 2.129
2026-01-19 08:27:40,133 - INFO -   📉 Максимальная просадка: -7441.76%
2026-01-19 08:27:40,133 - INFO -   🔄 Всего сделок: 1010
2026-01-19 08:27:40,133 - INFO -   📈 Торгуемых пар: 52
2026-01-19 08:27:40,133 - INFO -   💸 Общие издержки: $31.36
2026-01-19 08:27:40,134 - coint2.metrics - INFO - Metric: total_pnl
2026-01-19 08:27:40,134 - coint2.metrics - INFO - Metric: sharpe_ratio_abs
2026-01-19 08:27:40,134 - coint2.metrics - INFO - Metric: max_drawdown_pct
2026-01-19 08:27:40,134 - coint2.metrics - INFO - Metric: total_trades
2026-01-19 08:27:40,135 - coint2.metrics - INFO - Metric: total_pairs_traded
2026-01-19 08:27:40,135 - coint2.metrics - INFO - Metric: total_costs
2026-01-19 08:27:40,135 - INFO - ⇠ processing final results — done in 0.03s
2026-01-19 08:27:40,135 - INFO - ⇢ Создание отчетов и сохранение результатов...
2026-01-19 08:27:40,135 - INFO - ⇢ generating reports — start
2026-01-19 08:27:40,135 - INFO -   ⇢ Создание отчета о производительности...
2026-01-19 08:27:44,751 - INFO -   ✓ Отчет о производительности создан
2026-01-19 08:27:44,751 - INFO -   ⇢ Сохранение данных в CSV файлы...
2026-01-19 08:27:44,753 - INFO - 📋 Метрики сохранены: artifacts/wfa/runs/20260119_stability_relaxed2/stability_relaxed2_20260119_pv0p06_hurst0p6_hl0p02_60_corr0p55_ssd30000/strategy_metrics.csv
2026-01-19 08:27:44,754 - INFO - 📈 Дневные P&L сохранены: artifacts/wfa/runs/20260119_stability_relaxed2/stability_relaxed2_20260119_pv0p06_hurst0p6_hl0p02_60_corr0p55_ssd30000/daily_pnl.csv (92 записей)
2026-01-19 08:27:44,785 - INFO - 💹 Кривая капитала сохранена: artifacts/wfa/runs/20260119_stability_relaxed2/stability_relaxed2_20260119_pv0p06_hurst0p6_hl0p02_60_corr0p55_ssd30000/equity_curve.csv (8642 точек)
2026-01-19 08:27:44,788 - INFO - 📋 Статистика сделок сохранена: artifacts/wfa/runs/20260119_stability_relaxed2/stability_relaxed2_20260119_pv0p06_hurst0p6_hl0p02_60_corr0p55_ssd30000/trade_statistics.csv (52 записей)
2026-01-19 08:27:44,788 - INFO - 🎉 Walk-Forward анализ полностью завершен!
2026-01-19 08:27:44,788 - INFO - 📊 Все отчеты и данные сохранены в: artifacts/wfa/runs/20260119_stability_relaxed2/stability_relaxed2_20260119_pv0p06_hurst0p6_hl0p02_60_corr0p55_ssd30000
2026-01-19 08:27:44,788 - INFO - 💼 Итоговый капитал: $10,084.13
2026-01-19 08:27:44,788 - INFO - ⏱️  Общее время выполнения: 6.6 секунд
2026-01-19 08:27:44,788 - INFO - ⇠ generating reports — done in 4.65s
2026-01-19 08:27:44,788 - coint2.core.memory_optimization - INFO - 🧹 Cleaning up global price data
2026-01-19 08:27:44,792 - coint2.core.memory_optimization - INFO - 📊 No global rolling stats to clean up
2026-01-19 08:27:44,792 - INFO - 🧹 Memory-mapped data cleaned up
2026-01-19 08:27:44,794 - INFO - ⇠ run_walk_forward_analysis — done in 302.34s
📊 Отчет сохранен: artifacts/wfa/runs/20260119_stability_relaxed2/stability_relaxed2_20260119_pv0p06_hurst0p6_hl0p02_60_corr0p55_ssd30000/CointegrationStrategy_performance_report.png
🎯 ============================================================
📊 ИТОГИ ТОРГОВОЙ СТРАТЕГИИ
🎯 ============================================================

💰 ФИНАНСОВЫЕ РЕЗУЛЬТАТЫ:
   • Общий P&L:                           84
   • Максимальная просадка:              -74
   • Средний дневной P&L:                  1

📈 МЕТРИКИ РИСКА:
   • Коэффициент Шарпа:               2.1286
   • Волатильность P&L:                 9.13
   • Процент прибыльных дней:         40.22%

🔄 ТОРГОВАЯ АКТИВНОСТЬ:
   • Всего торговых дней:                 92
   • Всего сделок:                     1,010
   • Торгуемых пар:                       52
   • Сделок на пару:                    19.4
   • Успешность сделок:               0.29%

💸 РАСХОДЫ И ЭКСТРЕМУМЫ:
   • Общие расходы:                       31
   • Максимальная прибыль:                50
   • Максимальный убыток:                -41
   • Лучшая пара (P&L):                   75
   • Худшая пара (P&L):                  -14

📊 ОЦЕНКА СТРАТЕГИИ:
   ✅ ОТЛИЧНАЯ стратегия! Высокий Шарп и положительный результат

🎯 ============================================================

Annualized Sharpe Ratio: 2.1285513958681572
[run_wfa_fullcpu] end: 2026-01-19T08:27:45Z
