[run_wfa_queue] 2026-01-23T11:35:35Z cmd: /opt/coint4/coint4/run_wfa_fullcpu.sh configs/budget_20260123_1000_capsweep_maxnot25_minnotgrid/stress_relaxed8_nokpss_20260123_top50_z1p00_exit0p06_hold180_cd180_ms0p2_cap1000_maxnot25_risk0p75_minnot5.yaml artifacts/wfa/runs/20260123_budget1000_capsweep_maxnot25_risk_minnot_grid/stress_relaxed8_nokpss_20260123_top50_z1p00_exit0p06_hold180_cd180_ms0p2_cap1000_maxnot25_risk0p75_minnot5
[run_wfa_fullcpu] start: 2026-01-23T11:35:35Z
[run_wfa_fullcpu] os.cpu_count: 8
[run_wfa_fullcpu] worker_pid=5909
2026-01-23 11:35:39,030 - coint2.core.memory_optimization - INFO - ✅ BLAS threading limits set to 1 via threadpoolctl
2026-01-23 11:35:39,030 - coint2.core.memory_optimization - INFO - 🔧 Controlled libraries: openblas, openmp
2026-01-23 11:35:39,031 - coint2.core.memory_optimization - INFO - 🧵 Process threads: 2 → 2
2026-01-23 11:35:39,031 - coint2.core.memory_optimization - INFO - 📝 Set 11 environment variables
2026-01-23 11:35:39,380 - INFO - ✅ Параметры конфигурации валидны
2026-01-23 11:35:39,380 - INFO - 📝 Некоторые параметры были скорректированы:
2026-01-23 11:35:39,534 - INFO - 🔒 WFA: фиксированный universe из artifacts/universe/20260119_relaxed8_strict_preholdout_v2/pairs_universe.yaml (250 пар)
2026-01-23 11:35:39,534 - INFO -   Шаг 1: тренировка 2024-02-01-2024-04-30, тест 2024-05-01-2024-05-31
2026-01-23 11:35:39,534 - INFO -   Шаг 2: тренировка 2024-03-02-2024-05-30, тест 2024-05-31-2024-06-30
2026-01-23 11:35:39,534 - INFO -   Шаг 3: тренировка 2024-04-01-2024-06-29, тест 2024-06-30-2024-07-30
2026-01-23 11:35:39,534 - INFO -   Шаг 4: тренировка 2024-05-01-2024-07-29, тест 2024-07-30-2024-08-29
2026-01-23 11:35:39,534 - INFO -   Шаг 5: тренировка 2024-05-31-2024-08-28, тест 2024-08-29-2024-09-28
2026-01-23 11:35:39,534 - INFO -   Шаг 6: тренировка 2024-06-30-2024-09-27, тест 2024-09-28-2024-10-28
2026-01-23 11:35:39,534 - INFO -   Шаг 7: тренировка 2024-07-30-2024-10-27, тест 2024-10-28-2024-11-27
2026-01-23 11:35:39,534 - INFO -   Шаг 8: тренировка 2024-08-29-2024-11-26, тест 2024-11-27-2024-12-27
2026-01-23 11:35:39,534 - INFO -   Шаг 9: тренировка 2024-09-28-2024-12-26, тест 2024-12-27-2025-01-26
2026-01-23 11:35:39,534 - INFO - 📈 Запланировано 9 walk-forward шагов
2026-01-23 11:35:39,534 - INFO - ⛔ Ограничение WFA шагов: 9 → 5
2026-01-23 11:35:39,534 - WARNING - ⚠️ Маленький буфер между training и testing в шаге 1: 0 дней. Рекомендуется минимум 1 день.
2026-01-23 11:35:39,534 - WARNING - ⚠️ Маленький буфер между training и testing в шаге 2: 0 дней. Рекомендуется минимум 1 день.
2026-01-23 11:35:39,535 - WARNING - ⚠️ Маленький буфер между training и testing в шаге 3: 0 дней. Рекомендуется минимум 1 день.
2026-01-23 11:35:39,535 - WARNING - ⚠️ Маленький буфер между training и testing в шаге 4: 0 дней. Рекомендуется минимум 1 день.
2026-01-23 11:35:39,535 - WARNING - ⚠️ Маленький буфер между training и testing в шаге 5: 0 дней. Рекомендуется минимум 1 день.
2026-01-23 11:35:39,535 - INFO - ✅ Шаги успешно запланированы:
2026-01-23 11:35:39,535 - INFO -    Шаг 1: тренировка 2024-02-01-2024-04-30, тест 2024-05-01-2024-05-31
2026-01-23 11:35:39,535 - INFO -    Шаг 2: тренировка 2024-03-02-2024-05-30, тест 2024-05-31-2024-06-30
2026-01-23 11:35:39,535 - INFO -    Шаг 3: тренировка 2024-04-01-2024-06-29, тест 2024-06-30-2024-07-30
2026-01-23 11:35:39,535 - INFO -    Шаг 4: тренировка 2024-05-01-2024-07-29, тест 2024-07-30-2024-08-29
2026-01-23 11:35:39,535 - INFO -    Шаг 5: тренировка 2024-05-31-2024-08-28, тест 2024-08-29-2024-09-28
2026-01-23 11:35:39,535 - INFO - 🗂️ Consolidating price data for memory-mapped access...
2026-01-23 11:35:39,535 - INFO - 📊 Consolidating data range: 2024-01-27 → 2024-10-03
2026-01-23 11:35:39,535 - coint2.core.memory_optimization - INFO - 🔄 Consolidating price data from data_downloaded to .cache/consolidated_prices.parquet
2026-01-23 11:35:39,535 - INFO - ⇢ loading raw data for consolidation — start
2026-01-23 11:35:40,360 - INFO - ⇠ loading raw data for consolidation — done in 0.82s
2026-01-23 11:35:40,360 - INFO - ⇢ pivoting data to wide format — start
2026-01-23 11:35:47,485 - INFO - ⇠ pivoting data to wide format — done in 7.13s
2026-01-23 11:35:47,569 - coint2.core.memory_optimization - INFO - 📊 Consolidated data: 24001 rows × 493 symbols
2026-01-23 11:35:47,570 - coint2.core.memory_optimization - INFO - 💾 Memory usage: 47.5 MB
2026-01-23 11:35:47,570 - INFO - ⇢ writing consolidated Parquet file — start
2026-01-23 11:35:47,912 - INFO - ⇠ writing consolidated Parquet file — done in 0.34s
2026-01-23 11:35:47,912 - coint2.core.memory_optimization - INFO - ✅ Successfully consolidated data to .cache/consolidated_prices.parquet
2026-01-23 11:35:47,951 - coint2.core.memory_optimization - INFO - 🔄 Initializing memory-mapped price data from .cache/consolidated_prices.parquet
2026-01-23 11:35:47,952 - INFO - ⇢ loading memory-mapped data — start
2026-01-23 11:35:47,952 - coint2.core.memory_optimization - WARNING - ⚠️ memory_map не поддерживается в текущей версии pyarrow, fallback без mmap
2026-01-23 11:35:48,142 - INFO - ⇠ loading memory-mapped data — done in 0.19s
2026-01-23 11:35:48,154 - coint2.core.memory_optimization - INFO - 📊 Loaded 24001 rows × 493 symbols
2026-01-23 11:35:48,155 - coint2.core.memory_optimization - INFO - 💾 Memory usage: 47.5 MB (memory-mapped)
2026-01-23 11:35:48,156 - INFO - ✅ Memory-mapped data initialized successfully
2026-01-23 11:35:48,158 - INFO - ⇢ Walk-forward steps — starting 5 items
2026-01-23 11:35:48,158 - INFO - 📈 Инициализация equity кривой с первой тестовой даты: 2024-05-01 00:00:00
2026-01-23 11:35:48,158 - INFO - 🔍 WF-шаг 1/5: Валидация временных окон...
2026-01-23 11:35:48,159 - INFO - ⇢ WF-шаг 1/5: training 2024-02-01-2024-04-30, testing 2024-05-01-2024-05-31 — start
2026-01-23 11:35:48,159 - INFO - ⇢ loading step data — start
2026-01-23 11:35:48,425 - INFO - ⇠ loading step data — done in 0.27s
2026-01-23 11:35:51,231 - INFO - 📊 WF-шаг 1/5: Границы данных:
2026-01-23 11:35:51,231 - INFO -    Training: 2024-02-01 00:00:00 → 2024-04-30 23:45:00 (8,640 строк × 403 символов)
2026-01-23 11:35:51,231 - INFO -    Testing:  2024-05-01 00:00:00 → 2024-05-31 00:00:00 (2,881 строк × 403 символов)
2026-01-23 11:35:51,232 - INFO -    Временной разрыв: 0 days 00:15:00
2026-01-23 11:35:51,285 - INFO - ⇢ normalizing training data — start
2026-01-23 11:35:51,334 - INFO -   Символы с NaN значениями: 72
2026-01-23 11:35:51,334 - INFO -   Применяем метод нормализации: rolling_zscore
2026-01-23 11:35:51,378 - INFO - Символы с недостаточной историей: 67 из 403
2026-01-23 11:35:52,165 - INFO - Символы с NaN после нормализации: 336
2026-01-23 11:35:52,177 - INFO - Удалено 549 начальных строк с NaN от rolling расчетов
2026-01-23 11:35:52,180 - INFO - Итоговое количество символов после нормализации: 336 из 403
2026-01-23 11:35:52,181 - INFO -   Статистика нормализации:
2026-01-23 11:35:52,181 - INFO -     Исходные символы: 403
2026-01-23 11:35:52,182 - INFO -     Недостаточная история: 67
2026-01-23 11:35:52,182 - INFO -     Постоянная цена: 0
2026-01-23 11:35:52,182 - INFO -     NaN после нормализации: 336
2026-01-23 11:35:52,182 - INFO -     Итоговые символы: 336 (83.4%)
2026-01-23 11:35:52,182 - INFO -   После нормализации: 336 символов (потеряно 67)
2026-01-23 11:35:52,182 - INFO -   Отброшено много символов: 67 из 403
2026-01-23 11:35:52,182 - INFO - ⇠ normalizing training data — done in 0.90s
2026-01-23 11:35:52,182 - INFO -   Фиксированный universe: 250 пар (отфильтровано 0 недоступных)
2026-01-23 11:35:52,182 - INFO - ⇢ filtering pairs by cointegration and half-life — start
2026-01-23 11:35:52,182 - INFO - [ФИЛЬТР] Параллельная фильтрация: threads (8 workers)
2026-01-23 11:36:07,695 - INFO - [ФИЛЬТР] После проверки данных: 250 пар
2026-01-23 11:36:07,695 - INFO - [ФИЛЬТР] После фильтра корреляции (>0.4): 242 пар
2026-01-23 11:36:07,695 - INFO - [ФИЛЬТР] После фильтра beta: 204 пар
2026-01-23 11:36:07,695 - INFO - [ФИЛЬТР] После фильтра mean crossings: 204 пар
2026-01-23 11:36:07,695 - INFO - [ФИЛЬТР] После фильтра half-life: 204 пар
2026-01-23 11:36:07,695 - INFO - [ФИЛЬТР] После фильтра коинтеграции: 198 пар
2026-01-23 11:36:07,695 - INFO - [ФИЛЬТР] После фильтра Hurst: 139 пар
2026-01-23 11:36:07,696 - INFO - [ФИЛЬТР] После фильтра KPSS: 139 пар
2026-01-23 11:36:07,696 - INFO - [ФИЛЬТР] После фильтра market microstructure: 135 пар
2026-01-23 11:36:07,696 - INFO - [ФИЛЬТР] Статистика фильтрации (оптимизированный порядок):
2026-01-23 11:36:07,696 - INFO -   1. SSD → Коинтеграция: 250 → 198 пар
2026-01-23 11:36:07,696 - INFO -   2. Коинтеграция → Beta: 198 → 204 пар
2026-01-23 11:36:07,696 - INFO -   3. Beta → Half-life: 204 → 204 пар
2026-01-23 11:36:07,696 - INFO -   4. Half-life → Mean crossings: 204 → 204 пар
2026-01-23 11:36:07,696 - INFO -   5. Mean crossings → Hurst: 204 → 139 пар
2026-01-23 11:36:07,696 - INFO -   6. Hurst → KPSS: 139 → 139 пар
2026-01-23 11:36:07,696 - INFO -   7. KPSS → Market microstructure: 139 → 135 пар
2026-01-23 11:36:07,696 - INFO - [ФИЛЬТР] Причины отсева:
2026-01-23 11:36:07,696 - INFO -   • hurst: 59 пар (23.6%)
2026-01-23 11:36:07,696 - INFO -   • beta: 38 пар (15.2%)
2026-01-23 11:36:07,696 - INFO -   • low_correlation: 8 пар (3.2%)
2026-01-23 11:36:07,696 - INFO -   • pvalue: 6 пар (2.4%)
2026-01-23 11:36:07,696 - INFO -   • history: 4 пар (1.6%)
2026-01-23 11:36:07,696 - INFO - [ФИЛЬТР] Итого: 250 → 135 пар (54.0% прошли все фильтры)
2026-01-23 11:36:07,699 - INFO - Причины отсева сохранены в results/filter_reasons_20260123_113607.csv
2026-01-23 11:36:07,699 - INFO -   Pair stability filter: insufficient history (0 < 1), skip
2026-01-23 11:36:07,699 - INFO -   Фильтрация: 250 → 135 пар
2026-01-23 11:36:07,699 - INFO - ⇠ filtering pairs by cointegration and half-life — done in 15.52s
2026-01-23 11:36:07,699 - INFO - ⇠ WF-шаг 1/5: training 2024-02-01-2024-04-30, testing 2024-05-01-2024-05-31 — done in 19.54s
2026-01-23 11:36:07,700 - INFO -   Ограничение max_pairs=50: 135 → 50
2026-01-23 11:36:07,700 - INFO -   Топ-3 пары по волатильности спреда:
2026-01-23 11:36:07,700 - INFO -     1. BTCDAI-BTCEUR: beta=1.0799, std=663.3878
2026-01-23 11:36:07,700 - INFO -     2. COMPUSDT-GTAIUSDT: beta=13.3410, std=4.9977
2026-01-23 11:36:07,700 - INFO -     3. ETHUSDC-ETHUSDT: beta=1.0017, std=1.8914
2026-01-23 11:36:07,700 - INFO -   Всего пар для торговли: 50 (ограничение 15 применяется к одновременно открытым позициям)
2026-01-23 11:36:07,700 - INFO -   💰 Проверка расчета капитала: equity=$1,000.00, кандидатных_пар=50, max_позиций=15
2026-01-23 11:36:07,700 - INFO -   🎯 Target concurrency: 15 (ожидаемое одновременное число позиций)
2026-01-23 11:36:07,700 - INFO -   📊 Детали расчета капитала:
2026-01-23 11:36:07,700 - INFO -      • Базовый капитал на пару: $66.67 (equity / target_concurrency)
2026-01-23 11:36:07,700 - INFO -      • Риск-капитал: $7.50 (0.8% от equity)
2026-01-23 11:36:07,700 - INFO -      • Макс. размер позиции: $20.00 (2.0% от equity)
2026-01-23 11:36:07,700 - INFO -      • Итоговый капитал на пару: $7.50
2026-01-23 11:36:07,700 - INFO - ⇢ WF-шаг 1/5 backtests — starting 50 items
2026-01-23 11:36:07,700 - INFO - 🚀 WF-шаг 1/5: Начинаем бэктесты для 50 пар...
2026-01-23 11:36:07,701 - INFO - 🚀 WF-шаг 1/5: Запускаем параллельную обработку 50 пар на 8 ядрах...
2026-01-23 11:36:07,701 - INFO - 🚀 WF-шаг 1/5: Режим параллельности: процессы
⚙️  Загрузка данных за период: 2024-01-27 -> 2024-10-03
📂 Найдено 43 parquet файлов для обработки.
📊 Схема данных: Schema({'timestamp': Int64, 'open': Float64, 'high': Float64, 'low': Float64, 'close': Float64, 'volume': Float64, 'turnover': String, 'ts_ms': Int64, 'symbol': String})
✅ Загружено 9788769 записей с помощью Polars.
📊 Типы данных в pandas: timestamp       datetime64[us]
symbol                  object
close                  float64
timestamp_ms             int64
dtype: object
⚙️  Загрузка данных за период: 2024-02-01 -> 2024-05-31
📂 Найдено 43 parquet файлов для обработки.
📊 Схема данных: Schema({'timestamp': Int64, 'open': Float64, 'high': Float64, 'low': Float64, 'close': Float64, 'volume': Float64, 'turnover': String, 'ts_ms': Int64, 'symbol': String})
✅ Загружено 4205229 записей с помощью Polars.
📊 Типы данных в pandas: timestamp       datetime64[us]
symbol                  object
close                  float64
timestamp_ms             int64
dtype: object
2026-01-23 11:36:07,786 - coint2.engine.numba_engine - INFO - Запуск Numba-оптимизированного бэктеста для BTCDAI-BTCEUR
2026-01-23 11:36:07,852 - coint2.engine.numba_engine - INFO - Запуск Numba-оптимизированного бэктеста для COMPUSDT-GTAIUSDT
2026-01-23 11:36:07,880 - coint2.engine.numba_engine - INFO - Запуск Numba-оптимизированного бэктеста для KCSUSDT-KDAUSDT
2026-01-23 11:36:07,901 - coint2.engine.numba_engine - INFO - Запуск Numba-оптимизированного бэктеста для ATOMUSDT-KDAUSDT
2026-01-23 11:36:07,910 - coint2.engine.numba_engine - INFO - Запуск Numba-оптимизированного бэктеста для ETHUSDC-ETHUSDT
2026-01-23 11:36:07,923 - coint2.engine.numba_engine - INFO - Запуск Numba-оптимизированного бэктеста для FTTUSDT-GSWIFTUSDT
2026-01-23 11:36:07,931 - coint2.engine.numba_engine - INFO - Запуск Numba-оптимизированного бэктеста для FILUSDC-GTAIUSDT
2026-01-23 11:36:07,946 - coint2.engine.numba_engine - INFO - Запуск Numba-оптимизированного бэктеста для FLOWUSDT-JUVUSDT
2026-01-23 11:36:07,953 - coint2.engine.numba_engine - INFO - Запуск Numba-оптимизированного бэктеста для DOTUSDC-KDAUSDT
2026-01-23 11:36:07,968 - coint2.engine.numba_engine - INFO - Запуск Numba-оптимизированного бэктеста для AFCUSDT-CITYUSDT
2026-01-23 11:36:07,969 - coint2.engine.numba_engine - INFO - Запуск Numba-оптимизированного бэктеста для ETCUSDT-JUVUSDT
2026-01-23 11:36:07,974 - coint2.engine.numba_engine - INFO - Запуск Numba-оптимизированного бэктеста для GALFTUSDT-GRTUSDT
2026-01-23 11:36:07,989 - coint2.engine.numba_engine - INFO - Запуск Numba-оптимизированного бэктеста для DMAILUSDT-GMTUSDT
2026-01-23 11:36:07,993 - coint2.engine.numba_engine - INFO - Запуск Numba-оптимизированного бэктеста для FILUSDC-JUVUSDT
2026-01-23 11:36:07,995 - coint2.engine.numba_engine - INFO - Запуск Numba-оптимизированного бэктеста для ARTYUSDT-KUBUSDT
2026-01-23 11:36:08,010 - coint2.engine.numba_engine - INFO - Запуск Numba-оптимизированного бэктеста для FILUSDT-GTAIUSDT
2026-01-23 11:36:08,016 - coint2.engine.numba_engine - INFO - Запуск Numba-оптимизированного бэктеста для FLOWUSDT-HVHUSDT
2026-01-23 11:36:08,026 - coint2.engine.numba_engine - INFO - 🔍 ДИАГНОСТИКА FLOWUSDT-HVHUSDT:
2026-01-23 11:36:08,026 - coint2.engine.numba_engine - INFO -    entry_threshold: 1.0
2026-01-23 11:36:08,026 - coint2.engine.numba_engine - INFO -    exit_threshold: 0.06
2026-01-23 11:36:08,027 - coint2.engine.numba_engine - INFO -    Макс |z_score|: 5.6862
2026-01-23 11:36:08,027 - coint2.engine.numba_engine - INFO -    Позиций != 0: 659
2026-01-23 11:36:08,027 - coint2.engine.numba_engine - INFO -    Изменений позиций: 71
2026-01-23 11:36:08,027 - coint2.engine.numba_engine - INFO -    PnL сумма: 8.4344
2026-01-23 11:36:08,027 - coint2.engine.numba_engine - INFO -    Первые 10 z_scores: [1.4231215  1.170881   0.91543454 0.7576492  0.87377423 0.73298055
 0.4843788  0.43646535 0.9170312  0.68358904]
2026-01-23 11:36:08,028 - coint2.engine.numba_engine - INFO -    Превышают порог: 1360
2026-01-23 11:36:08,032 - coint2.engine.numba_engine - INFO - Запуск Numba-оптимизированного бэктеста для DOTUSDT-KDAUSDT
2026-01-23 11:36:08,034 - coint2.engine.numba_engine - INFO - Запуск Numba-оптимизированного бэктеста для FILUSDT-JUVUSDT
2026-01-23 11:36:08,040 - coint2.engine.numba_engine - INFO - Запуск Numba-оптимизированного бэктеста для CELOUSDT-FITFIUSDT
2026-01-23 11:36:08,050 - coint2.engine.numba_engine - INFO - Запуск Numba-оптимизированного бэктеста для DOTUSDC-FTTUSDT
2026-01-23 11:36:08,053 - coint2.engine.numba_engine - INFO - Запуск Numba-оптимизированного бэктеста для CITYUSDT-KASTAUSDT
2026-01-23 11:36:08,072 - coint2.engine.numba_engine - INFO - Запуск Numba-оптимизированного бэктеста для GALFTUSDT-HBARUSDT
2026-01-23 11:36:08,072 - coint2.engine.numba_engine - INFO - Запуск Numba-оптимизированного бэктеста для HNTUSDT-INTERUSDT
2026-01-23 11:36:08,074 - coint2.engine.numba_engine - INFO - Запуск Numba-оптимизированного бэктеста для DOTUSDT-FTTUSDT
2026-01-23 11:36:08,074 - coint2.engine.numba_engine - INFO - Запуск Numba-оптимизированного бэктеста для ARTYUSDT-GENEUSDT
2026-01-23 11:36:08,094 - coint2.engine.numba_engine - INFO - Запуск Numba-оптимизированного бэктеста для APEXUSDT-AVAUSDT
2026-01-23 11:36:08,095 - coint2.engine.numba_engine - INFO - Запуск Numba-оптимизированного бэктеста для APEUSDC-HFTUSDT
2026-01-23 11:36:08,095 - coint2.engine.numba_engine - INFO - Запуск Numba-оптимизированного бэктеста для APEXUSDT-KASTAUSDT
2026-01-23 11:36:08,117 - coint2.engine.numba_engine - INFO - Запуск Numba-оптимизированного бэктеста для AFCUSDT-ANKRUSDT
2026-01-23 11:36:08,119 - coint2.engine.numba_engine - INFO - Запуск Numba-оптимизированного бэктеста для APEXUSDC-AVAUSDT
2026-01-23 11:36:08,121 - coint2.engine.numba_engine - INFO - Запуск Numba-оптимизированного бэктеста для CYBERUSDT-FIDAUSDT
2026-01-23 11:36:08,125 - coint2.engine.numba_engine - INFO - Запуск Numba-оптимизированного бэктеста для AXSUSDT-KUBUSDT
2026-01-23 11:36:08,142 - coint2.engine.numba_engine - INFO - Запуск Numba-оптимизированного бэктеста для AXLUSDT-FILUSDT
2026-01-23 11:36:08,143 - coint2.engine.numba_engine - INFO - Запуск Numba-оптимизированного бэктеста для AFCUSDT-BICOUSDT
2026-01-23 11:36:08,152 - coint2.engine.numba_engine - INFO - Запуск Numba-оптимизированного бэктеста для DYDXUSDT-KCALUSDT
2026-01-23 11:36:08,162 - coint2.engine.numba_engine - INFO - Запуск Numba-оптимизированного бэктеста для ATOMUSDT-GODSUSDT
2026-01-23 11:36:08,165 - coint2.engine.numba_engine - INFO - Запуск Numba-оптимизированного бэктеста для CTCUSDT-DMAILUSDT
2026-01-23 11:36:08,180 - coint2.engine.numba_engine - INFO - Запуск Numba-оптимизированного бэктеста для ARTYUSDT-KDAUSDT
2026-01-23 11:36:08,189 - coint2.engine.numba_engine - INFO - Запуск Numba-оптимизированного бэктеста для CAKEUSDT-FIDAUSDT
2026-01-23 11:36:08,205 - coint2.engine.numba_engine - INFO - Запуск Numba-оптимизированного бэктеста для AXLUSDT-FILUSDC
2026-01-23 11:36:08,216 - coint2.engine.numba_engine - INFO - Запуск Numba-оптимизированного бэктеста для FTTUSDT-KSMUSDT
2026-01-23 11:36:08,218 - coint2.engine.numba_engine - INFO - Запуск Numba-оптимизированного бэктеста для ATOMUSDT-KCALUSDT
2026-01-23 11:36:08,232 - coint2.engine.numba_engine - INFO - Запуск Numba-оптимизированного бэктеста для CELOUSDT-CGPTUSDT
2026-01-23 11:36:08,242 - coint2.engine.numba_engine - INFO - Запуск Numba-оптимизированного бэктеста для APEUSDC-GODSUSDT
2026-01-23 11:36:08,243 - coint2.engine.numba_engine - INFO - Запуск Numba-оптимизированного бэктеста для GALFTUSDT-HVHUSDT
2026-01-23 11:36:08,254 - coint2.engine.numba_engine - INFO - 🔍 ДИАГНОСТИКА GALFTUSDT-HVHUSDT:
2026-01-23 11:36:08,254 - coint2.engine.numba_engine - INFO -    entry_threshold: 1.0
2026-01-23 11:36:08,254 - coint2.engine.numba_engine - INFO -    exit_threshold: 0.06
2026-01-23 11:36:08,254 - coint2.engine.numba_engine - INFO -    Макс |z_score|: 10.4103
2026-01-23 11:36:08,254 - coint2.engine.numba_engine - INFO -    Позиций != 0: 718
2026-01-23 11:36:08,254 - coint2.engine.numba_engine - INFO -    Изменений позиций: 65
2026-01-23 11:36:08,254 - coint2.engine.numba_engine - INFO -    PnL сумма: 3.3095
2026-01-23 11:36:08,255 - coint2.engine.numba_engine - INFO -    Первые 10 z_scores: [0.25753918 0.2817404  0.27650234 0.2711627  0.27138817 0.27258173
 0.2671839  0.3034511  0.28870547 0.27344045]
2026-01-23 11:36:08,255 - coint2.engine.numba_engine - INFO -    Превышают порог: 1355
2026-01-23 11:36:08,265 - coint2.engine.numba_engine - INFO - Запуск Numba-оптимизированного бэктеста для AGLDUSDT-KUBUSDT
2026-01-23 11:36:08,270 - coint2.engine.numba_engine - INFO - Запуск Numba-оптимизированного бэктеста для AFCUSDT-C98USDT
2026-01-23 11:36:08,294 - coint2.engine.numba_engine - INFO - Запуск Numba-оптимизированного бэктеста для APEUSDT-GODSUSDT
2026-01-23 11:36:08,318 - coint2.engine.numba_engine - INFO - Запуск Numba-оптимизированного бэктеста для DMAILUSDT-GMTUSDC
2026-01-23 11:36:08,371 - INFO -   ⏱️ Параллельная обработка завершена за 0.7с (74.6 пар/с)
2026-01-23 11:36:08,395 - coint2.pipeline.walk_forward_orchestrator - INFO - 🎯 СИМУЛЯЦИЯ ПОРТФЕЛЯ: 50 пар, лимит 15 позиций
2026-01-23 11:36:09,534 - coint2.pipeline.walk_forward_orchestrator - INFO -    📈 Макс. одновременных сигналов: 32
2026-01-23 11:36:09,534 - coint2.pipeline.walk_forward_orchestrator - INFO -    📊 Средн. сигналов за период: 17.0
2026-01-23 11:36:09,534 - coint2.pipeline.walk_forward_orchestrator - INFO -    🎯 Финальных активных позиций: 10
2026-01-23 11:36:09,535 - coint2.pipeline.walk_forward_orchestrator - INFO -    ⚡ Утилизация лимита позиций: 91.5%
2026-01-23 11:36:09,536 - INFO - ⇠ WF-шаг 1/5 backtests — completed 50 items in 1.84s (27.2 items/s)
2026-01-23 11:36:09,536 - INFO -   ✅ Обработка завершена: 50 успешно, 0 с ошибками
2026-01-23 11:36:09,536 - INFO -   📊 Успешность: 100.0%, прибыльность: 48.0%, сделок/пара: 42.8
2026-01-23 11:36:09,536 - INFO -   ✅ Завершены бэктесты для 50 пар
2026-01-23 11:36:09,536 - INFO -   📊 Всего обработано пар в этом шаге: 50
2026-01-23 11:36:09,536 - INFO -   📈 Результаты шага: 24/50 прибыльных пар, 2139 сделок
2026-01-23 11:36:09,536 - INFO -   💰 P&L шага: $-107.20
2026-01-23 11:36:09,536 - INFO -   ⇢ Обновление капитала и дневного P&L...
2026-01-23 11:36:10,746 - INFO -   💼 Шаг P&L: $-107.20, Накопленный капитал: $892.80
2026-01-23 11:36:10,746 - INFO - ------------------------------------------------------------
2026-01-23 11:36:10,747 - INFO -   Walk-forward steps: 1 / 5 (20.0%) | 0.0 items/s | ETA: 90.4s
2026-01-23 11:36:10,747 - INFO - 🔍 WF-шаг 2/5: Валидация временных окон...
2026-01-23 11:36:10,747 - INFO - ⇢ WF-шаг 2/5: training 2024-03-02-2024-05-30, testing 2024-05-31-2024-06-30 — start
2026-01-23 11:36:10,747 - INFO - ⇢ loading step data — start
2026-01-23 11:36:11,070 - INFO - ⇠ loading step data — done in 0.32s
2026-01-23 11:36:14,205 - INFO - 📊 WF-шаг 2/5: Границы данных:
2026-01-23 11:36:14,205 - INFO -    Training: 2024-03-02 00:00:00 → 2024-05-30 23:45:00 (8,640 строк × 432 символов)
2026-01-23 11:36:14,205 - INFO -    Testing:  2024-05-31 00:00:00 → 2024-06-30 00:00:00 (2,881 строк × 432 символов)
2026-01-23 11:36:14,205 - INFO -    Временной разрыв: 0 days 00:15:00
2026-01-23 11:36:14,265 - INFO - ⇢ normalizing training data — start
2026-01-23 11:36:14,320 - INFO -   Символы с NaN значениями: 86
2026-01-23 11:36:14,320 - INFO -   Применяем метод нормализации: rolling_zscore
2026-01-23 11:36:14,348 - INFO - Символы с недостаточной историей: 77 из 432
2026-01-23 11:36:15,199 - INFO - Символы с NaN после нормализации: 355
2026-01-23 11:36:15,209 - INFO - Удалено 1673 начальных строк с NaN от rolling расчетов
2026-01-23 11:36:15,212 - INFO - Итоговое количество символов после нормализации: 355 из 432
2026-01-23 11:36:15,213 - INFO -   Статистика нормализации:
2026-01-23 11:36:15,213 - INFO -     Исходные символы: 432
2026-01-23 11:36:15,213 - INFO -     Недостаточная история: 77
2026-01-23 11:36:15,213 - INFO -     Постоянная цена: 0
2026-01-23 11:36:15,213 - INFO -     NaN после нормализации: 355
2026-01-23 11:36:15,213 - INFO -     Итоговые символы: 355 (82.2%)
2026-01-23 11:36:15,213 - INFO -   После нормализации: 355 символов (потеряно 77)
2026-01-23 11:36:15,213 - INFO -   Отброшено много символов: 77 из 432
2026-01-23 11:36:15,213 - INFO - ⇠ normalizing training data — done in 0.95s
2026-01-23 11:36:15,213 - INFO -   Фиксированный universe: 250 пар (отфильтровано 0 недоступных)
2026-01-23 11:36:15,213 - INFO - ⇢ filtering pairs by cointegration and half-life — start
2026-01-23 11:36:15,214 - INFO - [ФИЛЬТР] Параллельная фильтрация: threads (8 workers)
2026-01-23 11:36:28,592 - INFO - [ФИЛЬТР] После проверки данных: 250 пар
2026-01-23 11:36:28,592 - INFO - [ФИЛЬТР] После фильтра корреляции (>0.4): 231 пар
2026-01-23 11:36:28,592 - INFO - [ФИЛЬТР] После фильтра beta: 194 пар
2026-01-23 11:36:28,592 - INFO - [ФИЛЬТР] После фильтра mean crossings: 194 пар
2026-01-23 11:36:28,592 - INFO - [ФИЛЬТР] После фильтра half-life: 194 пар
2026-01-23 11:36:28,592 - INFO - [ФИЛЬТР] После фильтра коинтеграции: 165 пар
2026-01-23 11:36:28,592 - INFO - [ФИЛЬТР] После фильтра Hurst: 115 пар
2026-01-23 11:36:28,592 - INFO - [ФИЛЬТР] После фильтра KPSS: 115 пар
2026-01-23 11:36:28,592 - INFO - [ФИЛЬТР] После фильтра market microstructure: 115 пар
2026-01-23 11:36:28,592 - INFO - [ФИЛЬТР] Статистика фильтрации (оптимизированный порядок):
2026-01-23 11:36:28,592 - INFO -   1. SSD → Коинтеграция: 250 → 165 пар
2026-01-23 11:36:28,592 - INFO -   2. Коинтеграция → Beta: 165 → 194 пар
2026-01-23 11:36:28,592 - INFO -   3. Beta → Half-life: 194 → 194 пар
2026-01-23 11:36:28,592 - INFO -   4. Half-life → Mean crossings: 194 → 194 пар
2026-01-23 11:36:28,592 - INFO -   5. Mean crossings → Hurst: 194 → 115 пар
2026-01-23 11:36:28,592 - INFO -   6. Hurst → KPSS: 115 → 115 пар
2026-01-23 11:36:28,592 - INFO -   7. KPSS → Market microstructure: 115 → 115 пар
2026-01-23 11:36:28,592 - INFO - [ФИЛЬТР] Причины отсева:
2026-01-23 11:36:28,592 - INFO -   • hurst: 50 пар (20.0%)
2026-01-23 11:36:28,592 - INFO -   • beta: 37 пар (14.8%)
2026-01-23 11:36:28,592 - INFO -   • pvalue: 29 пар (11.6%)
2026-01-23 11:36:28,592 - INFO -   • low_correlation: 19 пар (7.6%)
2026-01-23 11:36:28,592 - INFO - [ФИЛЬТР] Итого: 250 → 115 пар (46.0% прошли все фильтры)
2026-01-23 11:36:28,594 - INFO - Причины отсева сохранены в results/filter_reasons_20260123_113628.csv
2026-01-23 11:36:28,595 - INFO -   Pair stability filter: 115 → 87 (window=2, min_steps=1, history=1)
2026-01-23 11:36:28,595 - INFO -   Фильтрация: 250 → 87 пар
2026-01-23 11:36:28,595 - INFO - ⇠ filtering pairs by cointegration and half-life — done in 13.38s
2026-01-23 11:36:28,595 - INFO - ⇠ WF-шаг 2/5: training 2024-03-02-2024-05-30, testing 2024-05-31-2024-06-30 — done in 17.85s
2026-01-23 11:36:28,595 - INFO -   Ограничение max_pairs=50: 87 → 50
2026-01-23 11:36:28,595 - INFO -   Топ-3 пары по волатильности спреда:
2026-01-23 11:36:28,595 - INFO -     1. BTCDAI-BTCEUR: beta=1.1387, std=658.9744
2026-01-23 11:36:28,595 - INFO -     2. ETHUSDC-ETHUSDT: beta=1.0013, std=2.1640
2026-01-23 11:36:28,595 - INFO -     3. CYBERUSDT-FIDAUSDT: beta=18.0281, std=1.0583
2026-01-23 11:36:28,595 - INFO -   Всего пар для торговли: 50 (ограничение 15 применяется к одновременно открытым позициям)
2026-01-23 11:36:28,596 - INFO -   💰 Проверка расчета капитала: equity=$892.80, кандидатных_пар=50, max_позиций=15
2026-01-23 11:36:28,596 - INFO -   🎯 Target concurrency: 15 (ожидаемое одновременное число позиций)
2026-01-23 11:36:28,596 - INFO -   📊 Детали расчета капитала:
2026-01-23 11:36:28,596 - INFO -      • Базовый капитал на пару: $59.52 (equity / target_concurrency)
2026-01-23 11:36:28,596 - INFO -      • Риск-капитал: $6.70 (0.8% от equity)
2026-01-23 11:36:28,596 - INFO -      • Макс. размер позиции: $17.86 (2.0% от equity)
2026-01-23 11:36:28,596 - INFO -      • Итоговый капитал на пару: $6.70
2026-01-23 11:36:28,596 - INFO - ⇢ WF-шаг 2/5 backtests — starting 50 items
2026-01-23 11:36:28,596 - INFO - 🚀 WF-шаг 2/5: Начинаем бэктесты для 50 пар...
2026-01-23 11:36:28,596 - INFO - 🚀 WF-шаг 2/5: Запускаем параллельную обработку 50 пар на 8 ядрах...
2026-01-23 11:36:28,596 - INFO - 🚀 WF-шаг 2/5: Режим параллельности: процессы
⚙️  Загрузка данных за период: 2024-03-02 -> 2024-06-30
📂 Найдено 43 parquet файлов для обработки.
📊 Схема данных: Schema({'timestamp': Int64, 'open': Float64, 'high': Float64, 'low': Float64, 'close': Float64, 'volume': Float64, 'turnover': String, 'ts_ms': Int64, 'symbol': String})
✅ Загружено 4429881 записей с помощью Polars.
📊 Типы данных в pandas: timestamp       datetime64[us]
symbol                  object
close                  float64
timestamp_ms             int64
dtype: object
2026-01-23 11:36:28,660 - coint2.engine.numba_engine - INFO - Запуск Numba-оптимизированного бэктеста для BTCDAI-BTCEUR
2026-01-23 11:36:28,694 - coint2.engine.numba_engine - INFO - Запуск Numba-оптимизированного бэктеста для ETHUSDC-ETHUSDT
2026-01-23 11:36:28,728 - coint2.engine.numba_engine - INFO - Запуск Numba-оптимизированного бэктеста для CYBERUSDT-FIDAUSDT
2026-01-23 11:36:28,745 - coint2.engine.numba_engine - INFO - Запуск Numba-оптимизированного бэктеста для ATOMUSDT-GODSUSDT
2026-01-23 11:36:28,759 - coint2.engine.numba_engine - INFO - Запуск Numba-оптимизированного бэктеста для HNTUSDT-INTERUSDT
2026-01-23 11:36:28,771 - coint2.engine.numba_engine - INFO - Запуск Numba-оптимизированного бэктеста для CITYUSDT-KASTAUSDT
2026-01-23 11:36:28,776 - coint2.engine.numba_engine - INFO - Запуск Numba-оптимизированного бэктеста для ATOMUSDT-KDAUSDT
2026-01-23 11:36:28,792 - coint2.engine.numba_engine - INFO - Запуск Numba-оптимизированного бэктеста для FLOWUSDT-HVHUSDT
2026-01-23 11:36:28,792 - coint2.engine.numba_engine - INFO - Запуск Numba-оптимизированного бэктеста для FILUSDT-JUVUSDT
2026-01-23 11:36:28,798 - coint2.engine.numba_engine - INFO - Запуск Numba-оптимизированного бэктеста для AFCUSDT-C98USDT
2026-01-23 11:36:28,802 - coint2.engine.numba_engine - INFO - 🔍 ДИАГНОСТИКА FLOWUSDT-HVHUSDT:
2026-01-23 11:36:28,802 - coint2.engine.numba_engine - INFO -    entry_threshold: 1.0
2026-01-23 11:36:28,802 - coint2.engine.numba_engine - INFO -    exit_threshold: 0.06
2026-01-23 11:36:28,803 - coint2.engine.numba_engine - INFO -    Макс |z_score|: 16.6024
2026-01-23 11:36:28,803 - coint2.engine.numba_engine - INFO -    Позиций != 0: 1454
2026-01-23 11:36:28,803 - coint2.engine.numba_engine - INFO -    Изменений позиций: 88
2026-01-23 11:36:28,803 - coint2.engine.numba_engine - INFO -    PnL сумма: -44.8802
2026-01-23 11:36:28,803 - coint2.engine.numba_engine - INFO -    Первые 10 z_scores: [-1.3505305 -1.7185029 -1.4328145 -1.3039925 -1.6309805 -1.5539491
 -1.4519924 -1.5030717 -1.0084609 -1.3187553]
2026-01-23 11:36:28,804 - coint2.engine.numba_engine - INFO -    Превышают порог: 1404
2026-01-23 11:36:28,816 - coint2.engine.numba_engine - INFO - Запуск Numba-оптимизированного бэктеста для GALFTUSDT-GRTUSDT
2026-01-23 11:36:28,816 - coint2.engine.numba_engine - INFO - Запуск Numba-оптимизированного бэктеста для DMAILUSDT-GMTUSDT
2026-01-23 11:36:28,819 - coint2.engine.numba_engine - INFO - Запуск Numba-оптимизированного бэктеста для APEUSDC-HFTUSDT
2026-01-23 11:36:28,828 - coint2.engine.numba_engine - INFO - Запуск Numba-оптимизированного бэктеста для FILUSDC-JUVUSDT
2026-01-23 11:36:28,838 - coint2.engine.numba_engine - INFO - Запуск Numba-оптимизированного бэктеста для AFCUSDT-CITYUSDT
2026-01-23 11:36:28,838 - coint2.engine.numba_engine - INFO - Запуск Numba-оптимизированного бэктеста для FIDAUSDT-KAVAUSDT
2026-01-23 11:36:28,840 - coint2.engine.numba_engine - INFO - Запуск Numba-оптимизированного бэктеста для HOOKUSDT-KAVAUSDT
2026-01-23 11:36:28,841 - coint2.engine.numba_engine - INFO - Запуск Numba-оптимизированного бэктеста для APEXUSDT-KASTAUSDT
2026-01-23 11:36:28,859 - coint2.engine.numba_engine - INFO - Запуск Numba-оптимизированного бэктеста для CGPTUSDT-FILUSDT
2026-01-23 11:36:28,860 - coint2.engine.numba_engine - INFO - Запуск Numba-оптимизированного бэктеста для AGLDUSDT-HFTUSDC
2026-01-23 11:36:28,861 - coint2.engine.numba_engine - INFO - Запуск Numba-оптимизированного бэктеста для CBKUSDT-FILUSDC
2026-01-23 11:36:28,863 - coint2.engine.numba_engine - INFO - Запуск Numba-оптимизированного бэктеста для AXLUSDT-FILUSDC
2026-01-23 11:36:28,881 - coint2.engine.numba_engine - INFO - Запуск Numba-оптимизированного бэктеста для HOOKUSDT-ICXUSDT
2026-01-23 11:36:28,881 - coint2.engine.numba_engine - INFO - Запуск Numba-оптимизированного бэктеста для CAKEUSDT-FIDAUSDT
2026-01-23 11:36:28,882 - coint2.engine.numba_engine - INFO - Запуск Numba-оптимизированного бэктеста для 1INCHUSDT-KUBUSDT
2026-01-23 11:36:28,884 - coint2.engine.numba_engine - INFO - Запуск Numba-оптимизированного бэктеста для AGLDUSDT-HFTUSDT
2026-01-23 11:36:28,887 - coint2.engine.numba_engine - INFO - Запуск Numba-оптимизированного бэктеста для FILUSDC-GTAIUSDT
2026-01-23 11:36:28,902 - coint2.engine.numba_engine - INFO - Запуск Numba-оптимизированного бэктеста для CBKUSDT-FILUSDT
2026-01-23 11:36:28,905 - coint2.engine.numba_engine - INFO - Запуск Numba-оптимизированного бэктеста для CTCUSDT-DMAILUSDT
2026-01-23 11:36:28,906 - coint2.engine.numba_engine - INFO - Запуск Numba-оптимизированного бэктеста для AXLUSDT-FILUSDT
2026-01-23 11:36:28,907 - coint2.engine.numba_engine - INFO - Запуск Numba-оптимизированного бэктеста для FILUSDT-GTAIUSDT
2026-01-23 11:36:28,927 - coint2.engine.numba_engine - INFO - Запуск Numba-оптимизированного бэктеста для ENJUSDT-GTAIUSDT
2026-01-23 11:36:28,930 - coint2.engine.numba_engine - INFO - Запуск Numba-оптимизированного бэктеста для CELOUSDT-FITFIUSDT
2026-01-23 11:36:28,934 - coint2.engine.numba_engine - INFO - Запуск Numba-оптимизированного бэктеста для DYDXUSDT-KCALUSDT
2026-01-23 11:36:28,957 - coint2.engine.numba_engine - INFO - Запуск Numba-оптимизированного бэктеста для ARTYUSDT-KDAUSDT
2026-01-23 11:36:28,959 - coint2.engine.numba_engine - INFO - Запуск Numba-оптимизированного бэктеста для BICOUSDT-DUELUSDT
2026-01-23 11:36:28,978 - coint2.engine.numba_engine - INFO - Запуск Numba-оптимизированного бэктеста для BICOUSDT-KASTAUSDT
2026-01-23 11:36:28,983 - coint2.engine.numba_engine - INFO - Запуск Numba-оптимизированного бэктеста для FIDAUSDT-HOOKUSDT
2026-01-23 11:36:28,988 - coint2.engine.numba_engine - INFO - Запуск Numba-оптимизированного бэктеста для AFCUSDT-BICOUSDT
2026-01-23 11:36:28,997 - coint2.engine.numba_engine - INFO - Запуск Numba-оптимизированного бэктеста для FTTUSDT-KSMUSDT
2026-01-23 11:36:28,999 - coint2.engine.numba_engine - INFO - Запуск Numba-оптимизированного бэктеста для BICOUSDT-ETHWUSDT
2026-01-23 11:36:29,010 - coint2.engine.numba_engine - INFO - Запуск Numba-оптимизированного бэктеста для AGLDUSDT-KUBUSDT
2026-01-23 11:36:29,021 - coint2.engine.numba_engine - INFO - Запуск Numba-оптимизированного бэктеста для AVAUSDT-FITFIUSDT
2026-01-23 11:36:29,021 - coint2.engine.numba_engine - INFO - Запуск Numba-оптимизированного бэктеста для ARTYUSDT-GENEUSDT
2026-01-23 11:36:29,032 - coint2.engine.numba_engine - INFO - Запуск Numba-оптимизированного бэктеста для DMAILUSDT-GMTUSDC
2026-01-23 11:36:29,044 - coint2.engine.numba_engine - INFO - Запуск Numba-оптимизированного бэктеста для CELOUSDT-CGPTUSDT
2026-01-23 11:36:29,054 - coint2.engine.numba_engine - INFO - Запуск Numba-оптимизированного бэктеста для CBKUSDT-ENJUSDT
2026-01-23 11:36:29,068 - coint2.engine.numba_engine - INFO - Запуск Numba-оптимизированного бэктеста для CELOUSDT-FLOWUSDT
2026-01-23 11:36:29,077 - coint2.engine.numba_engine - INFO - Запуск Numba-оптимизированного бэктеста для CRVUSDT-HFTUSDC
2026-01-23 11:36:29,090 - coint2.engine.numba_engine - INFO - Запуск Numba-оптимизированного бэктеста для CGPTUSDT-FILUSDC
2026-01-23 11:36:29,153 - INFO -   ⏱️ Параллельная обработка завершена за 0.6с (89.9 пар/с)
2026-01-23 11:36:29,177 - coint2.pipeline.walk_forward_orchestrator - INFO - 🎯 СИМУЛЯЦИЯ ПОРТФЕЛЯ: 50 пар, лимит 15 позиций
2026-01-23 11:36:30,084 - coint2.pipeline.walk_forward_orchestrator - INFO -    📈 Макс. одновременных сигналов: 33
2026-01-23 11:36:30,084 - coint2.pipeline.walk_forward_orchestrator - INFO -    📊 Средн. сигналов за период: 18.6
2026-01-23 11:36:30,084 - coint2.pipeline.walk_forward_orchestrator - INFO -    🎯 Финальных активных позиций: 13
2026-01-23 11:36:30,085 - coint2.pipeline.walk_forward_orchestrator - INFO -    ⚡ Утилизация лимита позиций: 94.5%
2026-01-23 11:36:30,086 - INFO - ⇠ WF-шаг 2/5 backtests — completed 50 items in 1.49s (33.6 items/s)
2026-01-23 11:36:30,086 - INFO -   ✅ Обработка завершена: 50 успешно, 0 с ошибками
2026-01-23 11:36:30,086 - INFO -   📊 Успешность: 100.0%, прибыльность: 42.0%, сделок/пара: 43.7
2026-01-23 11:36:30,086 - INFO -   ✅ Завершены бэктесты для 50 пар
2026-01-23 11:36:30,086 - INFO -   📊 Всего обработано пар в этом шаге: 50
2026-01-23 11:36:30,086 - INFO -   📈 Результаты шага: 21/50 прибыльных пар, 2187 сделок
2026-01-23 11:36:30,086 - INFO -   💰 P&L шага: $-1.99
2026-01-23 11:36:30,086 - INFO -   ⇢ Обновление капитала и дневного P&L...
2026-01-23 11:36:31,364 - INFO -   💼 Шаг P&L: $-1.99, Накопленный капитал: $890.81
2026-01-23 11:36:31,364 - INFO - ------------------------------------------------------------
2026-01-23 11:36:31,364 - INFO -   Walk-forward steps: 2 / 5 (40.0%) | 0.0 items/s | ETA: 64.8s
2026-01-23 11:36:31,364 - INFO - 🔍 WF-шаг 3/5: Валидация временных окон...
2026-01-23 11:36:31,365 - INFO - ⇢ WF-шаг 3/5: training 2024-04-01-2024-06-29, testing 2024-06-30-2024-07-30 — start
2026-01-23 11:36:31,365 - INFO - ⇢ loading step data — start
2026-01-23 11:36:31,698 - INFO - ⇠ loading step data — done in 0.33s
2026-01-23 11:36:34,971 - INFO - 📊 WF-шаг 3/5: Границы данных:
2026-01-23 11:36:34,972 - INFO -    Training: 2024-04-01 00:00:00 → 2024-06-29 23:45:00 (8,640 строк × 451 символов)
2026-01-23 11:36:34,972 - INFO -    Testing:  2024-06-30 00:00:00 → 2024-07-30 00:00:00 (2,881 строк × 451 символов)
2026-01-23 11:36:34,972 - INFO -    Временной разрыв: 0 days 00:15:00
2026-01-23 11:36:35,030 - INFO - ⇢ normalizing training data — start
2026-01-23 11:36:35,085 - INFO -   Символы с NaN значениями: 91
2026-01-23 11:36:35,085 - INFO -   Применяем метод нормализации: rolling_zscore
2026-01-23 11:36:35,115 - INFO - Символы с недостаточной историей: 75 из 451
2026-01-23 11:36:35,978 - INFO - Символы с NaN после нормализации: 376
2026-01-23 11:36:35,989 - INFO - Удалено 1959 начальных строк с NaN от rolling расчетов
2026-01-23 11:36:35,992 - INFO - Итоговое количество символов после нормализации: 376 из 451
2026-01-23 11:36:35,995 - INFO -   Статистика нормализации:
2026-01-23 11:36:35,995 - INFO -     Исходные символы: 451
2026-01-23 11:36:35,995 - INFO -     Недостаточная история: 75
2026-01-23 11:36:35,995 - INFO -     Постоянная цена: 0
2026-01-23 11:36:35,995 - INFO -     NaN после нормализации: 376
2026-01-23 11:36:35,996 - INFO -     Итоговые символы: 376 (83.4%)
2026-01-23 11:36:35,996 - INFO -   После нормализации: 376 символов (потеряно 75)
2026-01-23 11:36:35,996 - INFO -   Отброшено много символов: 75 из 451
2026-01-23 11:36:35,996 - INFO - ⇠ normalizing training data — done in 0.97s
2026-01-23 11:36:35,996 - INFO -   Фиксированный universe: 250 пар (отфильтровано 0 недоступных)
2026-01-23 11:36:35,996 - INFO - ⇢ filtering pairs by cointegration and half-life — start
2026-01-23 11:36:35,997 - INFO - [ФИЛЬТР] Параллельная фильтрация: threads (8 workers)
2026-01-23 11:36:47,679 - INFO - [ФИЛЬТР] После проверки данных: 250 пар
2026-01-23 11:36:47,680 - INFO - [ФИЛЬТР] После фильтра корреляции (>0.4): 224 пар
2026-01-23 11:36:47,680 - INFO - [ФИЛЬТР] После фильтра beta: 198 пар
2026-01-23 11:36:47,680 - INFO - [ФИЛЬТР] После фильтра mean crossings: 198 пар
2026-01-23 11:36:47,680 - INFO - [ФИЛЬТР] После фильтра half-life: 198 пар
2026-01-23 11:36:47,680 - INFO - [ФИЛЬТР] После фильтра коинтеграции: 140 пар
2026-01-23 11:36:47,680 - INFO - [ФИЛЬТР] После фильтра Hurst: 113 пар
2026-01-23 11:36:47,680 - INFO - [ФИЛЬТР] После фильтра KPSS: 113 пар
2026-01-23 11:36:47,680 - INFO - [ФИЛЬТР] После фильтра market microstructure: 113 пар
2026-01-23 11:36:47,680 - INFO - [ФИЛЬТР] Статистика фильтрации (оптимизированный порядок):
2026-01-23 11:36:47,680 - INFO -   1. SSD → Коинтеграция: 250 → 140 пар
2026-01-23 11:36:47,680 - INFO -   2. Коинтеграция → Beta: 140 → 198 пар
2026-01-23 11:36:47,680 - INFO -   3. Beta → Half-life: 198 → 198 пар
2026-01-23 11:36:47,680 - INFO -   4. Half-life → Mean crossings: 198 → 198 пар
2026-01-23 11:36:47,680 - INFO -   5. Mean crossings → Hurst: 198 → 113 пар
2026-01-23 11:36:47,680 - INFO -   6. Hurst → KPSS: 113 → 113 пар
2026-01-23 11:36:47,680 - INFO -   7. KPSS → Market microstructure: 113 → 113 пар
2026-01-23 11:36:47,680 - INFO - [ФИЛЬТР] Причины отсева:
2026-01-23 11:36:47,680 - INFO -   • pvalue: 58 пар (23.2%)
2026-01-23 11:36:47,680 - INFO -   • hurst: 27 пар (10.8%)
2026-01-23 11:36:47,680 - INFO -   • low_correlation: 26 пар (10.4%)
2026-01-23 11:36:47,680 - INFO -   • beta: 26 пар (10.4%)
2026-01-23 11:36:47,680 - INFO - [ФИЛЬТР] Итого: 250 → 113 пар (45.2% прошли все фильтры)
2026-01-23 11:36:47,682 - INFO - Причины отсева сохранены в results/filter_reasons_20260123_113647.csv
2026-01-23 11:36:47,683 - INFO -   Pair stability filter: 113 → 93 (window=2, min_steps=1, history=2)
2026-01-23 11:36:47,683 - INFO -   Фильтрация: 250 → 93 пар
2026-01-23 11:36:47,683 - INFO - ⇠ filtering pairs by cointegration and half-life — done in 11.69s
2026-01-23 11:36:47,683 - INFO - ⇠ WF-шаг 3/5: training 2024-04-01-2024-06-29, testing 2024-06-30-2024-07-30 — done in 16.32s
2026-01-23 11:36:47,683 - INFO -   Ограничение max_pairs=50: 93 → 50
2026-01-23 11:36:47,683 - INFO -   Топ-3 пары по волатильности спреда:
2026-01-23 11:36:47,683 - INFO -     1. BTCDAI-BTCEUR: beta=1.1442, std=520.0727
2026-01-23 11:36:47,683 - INFO -     2. ETHDAI-ETHEUR: beta=1.1177, std=26.8390
2026-01-23 11:36:47,683 - INFO -     3. AAVEUSDT-GALFTUSDT: beta=13.9468, std=10.8089
2026-01-23 11:36:47,683 - INFO -   Всего пар для торговли: 50 (ограничение 15 применяется к одновременно открытым позициям)
2026-01-23 11:36:47,683 - INFO -   💰 Проверка расчета капитала: equity=$890.81, кандидатных_пар=50, max_позиций=15
2026-01-23 11:36:47,683 - INFO -   🎯 Target concurrency: 15 (ожидаемое одновременное число позиций)
2026-01-23 11:36:47,684 - INFO -   📊 Детали расчета капитала:
2026-01-23 11:36:47,684 - INFO -      • Базовый капитал на пару: $59.39 (equity / target_concurrency)
2026-01-23 11:36:47,684 - INFO -      • Риск-капитал: $6.68 (0.8% от equity)
2026-01-23 11:36:47,684 - INFO -      • Макс. размер позиции: $17.82 (2.0% от equity)
2026-01-23 11:36:47,684 - INFO -      • Итоговый капитал на пару: $6.68
2026-01-23 11:36:47,684 - INFO - ⇢ WF-шаг 3/5 backtests — starting 50 items
2026-01-23 11:36:47,684 - INFO - 🚀 WF-шаг 3/5: Начинаем бэктесты для 50 пар...
2026-01-23 11:36:47,684 - INFO - 🚀 WF-шаг 3/5: Запускаем параллельную обработку 50 пар на 8 ядрах...
2026-01-23 11:36:47,684 - INFO - 🚀 WF-шаг 3/5: Режим параллельности: процессы
⚙️  Загрузка данных за период: 2024-04-01 -> 2024-07-30
📂 Найдено 43 parquet файлов для обработки.
📊 Схема данных: Schema({'timestamp': Int64, 'open': Float64, 'high': Float64, 'low': Float64, 'close': Float64, 'volume': Float64, 'turnover': String, 'ts_ms': Int64, 'symbol': String})
✅ Загружено 4689651 записей с помощью Polars.
📊 Типы данных в pandas: timestamp       datetime64[us]
symbol                  object
close                  float64
timestamp_ms             int64
dtype: object
2026-01-23 11:36:47,749 - coint2.engine.numba_engine - INFO - Запуск Numba-оптимизированного бэктеста для BTCDAI-BTCEUR
2026-01-23 11:36:47,782 - coint2.engine.numba_engine - INFO - Запуск Numba-оптимизированного бэктеста для ETHDAI-ETHEUR
2026-01-23 11:36:47,814 - coint2.engine.numba_engine - INFO - Запуск Numba-оптимизированного бэктеста для AAVEUSDT-GALFTUSDT
2026-01-23 11:36:47,831 - coint2.engine.numba_engine - INFO - Запуск Numba-оптимизированного бэктеста для FILUSDC-JUVUSDT
2026-01-23 11:36:47,847 - coint2.engine.numba_engine - INFO - Запуск Numba-оптимизированного бэктеста для ETCUSDT-JUVUSDT
2026-01-23 11:36:47,853 - coint2.engine.numba_engine - INFO - Запуск Numba-оптимизированного бэктеста для DOTUSDT-KUBUSDT
2026-01-23 11:36:47,864 - coint2.engine.numba_engine - INFO - Запуск Numba-оптимизированного бэктеста для FILUSDT-JUVUSDT
2026-01-23 11:36:47,874 - coint2.engine.numba_engine - INFO - Запуск Numba-оптимизированного бэктеста для FTTUSDT-KSMUSDT
2026-01-23 11:36:47,879 - coint2.engine.numba_engine - INFO - Запуск Numba-оптимизированного бэктеста для ETHUSDC-ETHUSDT
2026-01-23 11:36:47,886 - coint2.engine.numba_engine - INFO - Запуск Numba-оптимизированного бэктеста для DOTUSDC-KUBUSDT
2026-01-23 11:36:47,895 - coint2.engine.numba_engine - INFO - Запуск Numba-оптимизированного бэктеста для AXSUSDT-KUBUSDT
2026-01-23 11:36:47,895 - coint2.engine.numba_engine - INFO - Запуск Numba-оптимизированного бэктеста для FLOWUSDT-IZIUSDT
2026-01-23 11:36:47,907 - coint2.engine.numba_engine - INFO - Запуск Numba-оптимизированного бэктеста для AFCUSDT-CITYUSDT
2026-01-23 11:36:47,917 - coint2.engine.numba_engine - INFO - Запуск Numba-оптимизированного бэктеста для APEUSDT-HFTUSDC
2026-01-23 11:36:47,917 - coint2.engine.numba_engine - INFO - Запуск Numba-оптимизированного бэктеста для CAKEUSDT-FIDAUSDT
2026-01-23 11:36:47,917 - coint2.engine.numba_engine - INFO - Запуск Numba-оптимизированного бэктеста для DOTUSDC-FTTUSDT
2026-01-23 11:36:47,928 - coint2.engine.numba_engine - INFO - Запуск Numba-оптимизированного бэктеста для BICOUSDT-KASTAUSDT
2026-01-23 11:36:47,931 - coint2.engine.numba_engine - INFO - Запуск Numba-оптимизированного бэктеста для GALFTUSDT-HVHUSDT
2026-01-23 11:36:47,938 - coint2.engine.numba_engine - INFO - Запуск Numba-оптимизированного бэктеста для HOOKUSDT-ICXUSDT
2026-01-23 11:36:47,938 - coint2.engine.numba_engine - INFO - Запуск Numba-оптимизированного бэктеста для ARTYUSDT-KUBUSDT
2026-01-23 11:36:47,940 - coint2.engine.numba_engine - INFO - 🔍 ДИАГНОСТИКА GALFTUSDT-HVHUSDT:
2026-01-23 11:36:47,941 - coint2.engine.numba_engine - INFO -    entry_threshold: 1.0
2026-01-23 11:36:47,941 - coint2.engine.numba_engine - INFO -    exit_threshold: 0.06
2026-01-23 11:36:47,941 - coint2.engine.numba_engine - INFO -    Макс |z_score|: 22.1101
2026-01-23 11:36:47,941 - coint2.engine.numba_engine - INFO -    Позиций != 0: 1251
2026-01-23 11:36:47,941 - coint2.engine.numba_engine - INFO -    Изменений позиций: 71
2026-01-23 11:36:47,941 - coint2.engine.numba_engine - INFO -    PnL сумма: 7.6819
2026-01-23 11:36:47,942 - coint2.engine.numba_engine - INFO -    Первые 10 z_scores: [1.0149729  0.89775175 0.88267124 0.7178458  0.70639974 0.05912989
 0.25585455 0.2545332  0.11229683 0.16204534]
2026-01-23 11:36:47,942 - coint2.engine.numba_engine - INFO -    Превышают порог: 1143
2026-01-23 11:36:47,951 - coint2.engine.numba_engine - INFO - Запуск Numba-оптимизированного бэктеста для APEUSDT-HFTUSDT
2026-01-23 11:36:47,955 - coint2.engine.numba_engine - INFO - Запуск Numba-оптимизированного бэктеста для APEXUSDC-AVAUSDT
2026-01-23 11:36:47,960 - coint2.engine.numba_engine - INFO - Запуск Numba-оптимизированного бэктеста для FLOWUSDT-JUVUSDT
2026-01-23 11:36:47,964 - coint2.engine.numba_engine - INFO - Запуск Numba-оптимизированного бэктеста для ATOMUSDT-GODSUSDT
2026-01-23 11:36:47,972 - coint2.engine.numba_engine - INFO - Запуск Numba-оптимизированного бэктеста для HOOKUSDT-KAVAUSDT
2026-01-23 11:36:47,976 - coint2.engine.numba_engine - INFO - Запуск Numba-оптимизированного бэктеста для ARTYUSDT-GENEUSDT
2026-01-23 11:36:47,974 - coint2.engine.numba_engine - INFO - Запуск Numba-оптимизированного бэктеста для DOTUSDT-FTTUSDT
2026-01-23 11:36:47,983 - coint2.engine.numba_engine - INFO - Запуск Numba-оптимизированного бэктеста для APEUSDC-HFTUSDC
2026-01-23 11:36:47,986 - coint2.engine.numba_engine - INFO - Запуск Numba-оптимизированного бэктеста для APEXUSDT-AVAUSDT
2026-01-23 11:36:48,002 - coint2.engine.numba_engine - INFO - Запуск Numba-оптимизированного бэктеста для CTCUSDT-DMAILUSDT
2026-01-23 11:36:48,008 - coint2.engine.numba_engine - INFO - Запуск Numba-оптимизированного бэктеста для AXLUSDT-FILUSDT
2026-01-23 11:36:48,018 - coint2.engine.numba_engine - INFO - Запуск Numba-оптимизированного бэктеста для GALFTUSDT-HBARUSDT
2026-01-23 11:36:48,019 - coint2.engine.numba_engine - INFO - Запуск Numba-оптимизированного бэктеста для HNTUSDT-INTERUSDT
2026-01-23 11:36:48,025 - coint2.engine.numba_engine - INFO - Запуск Numba-оптимизированного бэктеста для APEUSDC-HFTUSDT
2026-01-23 11:36:48,031 - coint2.engine.numba_engine - INFO - Запуск Numba-оптимизированного бэктеста для BICOUSDT-ETHWUSDT
2026-01-23 11:36:48,041 - coint2.engine.numba_engine - INFO - Запуск Numba-оптимизированного бэктеста для CITYUSDT-KASTAUSDT
2026-01-23 11:36:48,054 - coint2.engine.numba_engine - INFO - Запуск Numba-оптимизированного бэктеста для DMAILUSDT-GMTUSDC
2026-01-23 11:36:48,063 - coint2.engine.numba_engine - INFO - Запуск Numba-оптимизированного бэктеста для ARTYUSDT-KDAUSDT
2026-01-23 11:36:48,085 - coint2.engine.numba_engine - INFO - Запуск Numba-оптимизированного бэктеста для CELOUSDT-CGPTUSDT
2026-01-23 11:36:48,090 - coint2.engine.numba_engine - INFO - Запуск Numba-оптимизированного бэктеста для CITYUSDT-GRTUSDT
2026-01-23 11:36:48,100 - coint2.engine.numba_engine - INFO - Запуск Numba-оптимизированного бэктеста для GALFTUSDT-GRTUSDT
2026-01-23 11:36:48,108 - coint2.engine.numba_engine - INFO - Запуск Numba-оптимизированного бэктеста для DMAILUSDT-GMTUSDT
2026-01-23 11:36:48,116 - coint2.engine.numba_engine - INFO - Запуск Numba-оптимизированного бэктеста для AFCUSDT-ANKRUSDT
2026-01-23 11:36:48,124 - coint2.engine.numba_engine - INFO - Запуск Numba-оптимизированного бэктеста для ARKMUSDT-ARUSDT
2026-01-23 11:36:48,142 - coint2.engine.numba_engine - INFO - Запуск Numba-оптимизированного бэктеста для DMAILUSDT-GALFTUSDT
2026-01-23 11:36:48,151 - coint2.engine.numba_engine - INFO - Запуск Numba-оптимизированного бэктеста для CTCUSDT-GALFTUSDT
2026-01-23 11:36:48,167 - coint2.engine.numba_engine - INFO - Запуск Numba-оптимизированного бэктеста для APEUSDC-GODSUSDT
2026-01-23 11:36:48,179 - coint2.engine.numba_engine - INFO - Запуск Numba-оптимизированного бэктеста для APEUSDT-GODSUSDT
2026-01-23 11:36:48,193 - coint2.engine.numba_engine - INFO - Запуск Numba-оптимизированного бэктеста для CELOUSDT-FITFIUSDT
2026-01-23 11:36:48,206 - coint2.engine.numba_engine - INFO - Запуск Numba-оптимизированного бэктеста для C98USDT-CHZUSDC
2026-01-23 11:36:48,263 - INFO -   ⏱️ Параллельная обработка завершена за 0.6с (86.3 пар/с)
2026-01-23 11:36:48,289 - coint2.pipeline.walk_forward_orchestrator - INFO - 🎯 СИМУЛЯЦИЯ ПОРТФЕЛЯ: 50 пар, лимит 15 позиций
2026-01-23 11:36:49,195 - coint2.pipeline.walk_forward_orchestrator - INFO -    📈 Макс. одновременных сигналов: 35
2026-01-23 11:36:49,195 - coint2.pipeline.walk_forward_orchestrator - INFO -    📊 Средн. сигналов за период: 21.0
2026-01-23 11:36:49,195 - coint2.pipeline.walk_forward_orchestrator - INFO -    🎯 Финальных активных позиций: 15
2026-01-23 11:36:49,196 - coint2.pipeline.walk_forward_orchestrator - INFO -    ⚡ Утилизация лимита позиций: 95.7%
2026-01-23 11:36:49,197 - INFO - ⇠ WF-шаг 3/5 backtests — completed 50 items in 1.51s (33.0 items/s)
2026-01-23 11:36:49,197 - INFO -   ✅ Обработка завершена: 50 успешно, 0 с ошибками
2026-01-23 11:36:49,197 - INFO -   📊 Успешность: 100.0%, прибыльность: 72.0%, сделок/пара: 47.1
2026-01-23 11:36:49,197 - INFO -   ✅ Завершены бэктесты для 50 пар
2026-01-23 11:36:49,197 - INFO -   📊 Всего обработано пар в этом шаге: 50
2026-01-23 11:36:49,197 - INFO -   📈 Результаты шага: 36/50 прибыльных пар, 2353 сделок
2026-01-23 11:36:49,197 - INFO -   💰 P&L шага: $+1,051.38
2026-01-23 11:36:49,197 - INFO -   ⇢ Обновление капитала и дневного P&L...
2026-01-23 11:36:50,643 - INFO -   💼 Шаг P&L: $+1,051.38, Накопленный капитал: $1,942.19
2026-01-23 11:36:50,643 - INFO - ------------------------------------------------------------
2026-01-23 11:36:50,643 - INFO -   Walk-forward steps: 3 / 5 (60.0%) | 0.0 items/s | ETA: 41.7s
2026-01-23 11:36:50,643 - INFO - 🔍 WF-шаг 4/5: Валидация временных окон...
2026-01-23 11:36:50,644 - INFO - ⇢ WF-шаг 4/5: training 2024-05-01-2024-07-29, testing 2024-07-30-2024-08-29 — start
2026-01-23 11:36:50,644 - INFO - ⇢ loading step data — start
2026-01-23 11:36:50,999 - INFO - ⇠ loading step data — done in 0.35s
2026-01-23 11:36:54,238 - INFO - 📊 WF-шаг 4/5: Границы данных:
2026-01-23 11:36:54,238 - INFO -    Training: 2024-05-01 00:00:00 → 2024-07-29 23:45:00 (8,640 строк × 475 символов)
2026-01-23 11:36:54,238 - INFO -    Testing:  2024-07-30 00:00:00 → 2024-08-29 00:00:00 (2,881 строк × 475 символов)
2026-01-23 11:36:54,238 - INFO -    Временной разрыв: 0 days 00:15:00
2026-01-23 11:36:54,300 - INFO - ⇢ normalizing training data — start
2026-01-23 11:36:54,360 - INFO -   Символы с NaN значениями: 89
2026-01-23 11:36:54,360 - INFO -   Применяем метод нормализации: rolling_zscore
2026-01-23 11:36:54,391 - INFO - Символы с недостаточной историей: 75 из 475
2026-01-23 11:36:55,411 - INFO - Символы с NaN после нормализации: 400
2026-01-23 11:36:55,422 - INFO - Удалено 1863 начальных строк с NaN от rolling расчетов
2026-01-23 11:36:55,426 - INFO - Итоговое количество символов после нормализации: 400 из 475
2026-01-23 11:36:55,431 - INFO -   Статистика нормализации:
2026-01-23 11:36:55,431 - INFO -     Исходные символы: 475
2026-01-23 11:36:55,431 - INFO -     Недостаточная история: 75
2026-01-23 11:36:55,431 - INFO -     Постоянная цена: 0
2026-01-23 11:36:55,431 - INFO -     NaN после нормализации: 400
2026-01-23 11:36:55,431 - INFO -     Итоговые символы: 400 (84.2%)
2026-01-23 11:36:55,431 - INFO -   После нормализации: 400 символов (потеряно 75)
2026-01-23 11:36:55,431 - INFO -   Отброшено много символов: 75 из 475
2026-01-23 11:36:55,431 - INFO - ⇠ normalizing training data — done in 1.13s
2026-01-23 11:36:55,432 - INFO -   Фиксированный universe: 250 пар (отфильтровано 0 недоступных)
2026-01-23 11:36:55,432 - INFO - ⇢ filtering pairs by cointegration and half-life — start
2026-01-23 11:36:55,432 - INFO - [ФИЛЬТР] Параллельная фильтрация: threads (8 workers)
2026-01-23 11:37:04,634 - INFO - [ФИЛЬТР] После проверки данных: 250 пар
2026-01-23 11:37:04,634 - INFO - [ФИЛЬТР] После фильтра корреляции (>0.4): 217 пар
2026-01-23 11:37:04,634 - INFO - [ФИЛЬТР] После фильтра beta: 190 пар
2026-01-23 11:37:04,634 - INFO - [ФИЛЬТР] После фильтра mean crossings: 190 пар
2026-01-23 11:37:04,634 - INFO - [ФИЛЬТР] После фильтра half-life: 190 пар
2026-01-23 11:37:04,634 - INFO - [ФИЛЬТР] После фильтра коинтеграции: 102 пар
2026-01-23 11:37:04,634 - INFO - [ФИЛЬТР] После фильтра Hurst: 76 пар
2026-01-23 11:37:04,634 - INFO - [ФИЛЬТР] После фильтра KPSS: 76 пар
2026-01-23 11:37:04,634 - INFO - [ФИЛЬТР] После фильтра market microstructure: 76 пар
2026-01-23 11:37:04,634 - INFO - [ФИЛЬТР] Статистика фильтрации (оптимизированный порядок):
2026-01-23 11:37:04,634 - INFO -   1. SSD → Коинтеграция: 250 → 102 пар
2026-01-23 11:37:04,634 - INFO -   2. Коинтеграция → Beta: 102 → 190 пар
2026-01-23 11:37:04,634 - INFO -   3. Beta → Half-life: 190 → 190 пар
2026-01-23 11:37:04,634 - INFO -   4. Half-life → Mean crossings: 190 → 190 пар
2026-01-23 11:37:04,634 - INFO -   5. Mean crossings → Hurst: 190 → 76 пар
2026-01-23 11:37:04,634 - INFO -   6. Hurst → KPSS: 76 → 76 пар
2026-01-23 11:37:04,634 - INFO -   7. KPSS → Market microstructure: 76 → 76 пар
2026-01-23 11:37:04,634 - INFO - [ФИЛЬТР] Причины отсева:
2026-01-23 11:37:04,634 - INFO -   • pvalue: 88 пар (35.2%)
2026-01-23 11:37:04,634 - INFO -   • low_correlation: 33 пар (13.2%)
2026-01-23 11:37:04,634 - INFO -   • beta: 27 пар (10.8%)
2026-01-23 11:37:04,634 - INFO -   • hurst: 26 пар (10.4%)
2026-01-23 11:37:04,634 - INFO - [ФИЛЬТР] Итого: 250 → 76 пар (30.4% прошли все фильтры)
2026-01-23 11:37:04,636 - INFO - Причины отсева сохранены в results/filter_reasons_20260123_113704.csv
2026-01-23 11:37:04,637 - INFO -   Pair stability filter: 76 → 66 (window=2, min_steps=1, history=3)
2026-01-23 11:37:04,637 - INFO -   Фильтрация: 250 → 66 пар
2026-01-23 11:37:04,637 - INFO - ⇠ filtering pairs by cointegration and half-life — done in 9.20s
2026-01-23 11:37:04,637 - INFO - ⇠ WF-шаг 4/5: training 2024-05-01-2024-07-29, testing 2024-07-30-2024-08-29 — done in 13.99s
2026-01-23 11:37:04,637 - INFO -   Ограничение max_pairs=50: 66 → 50
2026-01-23 11:37:04,637 - INFO -   Топ-3 пары по волатильности спреда:
2026-01-23 11:37:04,637 - INFO -     1. BTCDAI-BTCEUR: beta=1.0982, std=452.6966
2026-01-23 11:37:04,637 - INFO -     2. BTCUSDC-BTCUSDT: beta=1.0003, std=30.5203
2026-01-23 11:37:04,637 - INFO -     3. ETHDAI-ETHEUR: beta=1.0858, std=24.7639
2026-01-23 11:37:04,637 - INFO -   Всего пар для торговли: 50 (ограничение 15 применяется к одновременно открытым позициям)
2026-01-23 11:37:04,637 - INFO -   💰 Проверка расчета капитала: equity=$1,942.19, кандидатных_пар=50, max_позиций=15
2026-01-23 11:37:04,638 - INFO -   🎯 Target concurrency: 15 (ожидаемое одновременное число позиций)
2026-01-23 11:37:04,638 - INFO -   📊 Детали расчета капитала:
2026-01-23 11:37:04,638 - INFO -      • Базовый капитал на пару: $129.48 (equity / target_concurrency)
2026-01-23 11:37:04,638 - INFO -      • Риск-капитал: $14.57 (0.8% от equity)
2026-01-23 11:37:04,638 - INFO -      • Макс. размер позиции: $38.84 (2.0% от equity)
2026-01-23 11:37:04,638 - INFO -      • Итоговый капитал на пару: $14.57
2026-01-23 11:37:04,638 - INFO - ⇢ WF-шаг 4/5 backtests — starting 50 items
2026-01-23 11:37:04,638 - INFO - 🚀 WF-шаг 4/5: Начинаем бэктесты для 50 пар...
2026-01-23 11:37:04,638 - INFO - 🚀 WF-шаг 4/5: Запускаем параллельную обработку 50 пар на 8 ядрах...
2026-01-23 11:37:04,638 - INFO - 🚀 WF-шаг 4/5: Режим параллельности: процессы
⚙️  Загрузка данных за период: 2024-05-01 -> 2024-08-29
📂 Найдено 43 parquet файлов для обработки.
📊 Схема данных: Schema({'timestamp': Int64, 'open': Float64, 'high': Float64, 'low': Float64, 'close': Float64, 'volume': Float64, 'turnover': String, 'ts_ms': Int64, 'symbol': String})
✅ Загружено 4931437 записей с помощью Polars.
📊 Типы данных в pandas: timestamp       datetime64[us]
symbol                  object
close                  float64
timestamp_ms             int64
dtype: object
2026-01-23 11:37:04,702 - coint2.engine.numba_engine - INFO - Запуск Numba-оптимизированного бэктеста для BTCDAI-BTCEUR
2026-01-23 11:37:04,734 - coint2.engine.numba_engine - INFO - Запуск Numba-оптимизированного бэктеста для BTCUSDC-BTCUSDT
2026-01-23 11:37:04,767 - coint2.engine.numba_engine - INFO - Запуск Numba-оптимизированного бэктеста для ETHDAI-ETHEUR
2026-01-23 11:37:04,785 - coint2.engine.numba_engine - INFO - Запуск Numba-оптимизированного бэктеста для AXSUSDT-KUBUSDT
2026-01-23 11:37:04,803 - coint2.engine.numba_engine - INFO - Запуск Numba-оптимизированного бэктеста для ETCUSDT-JUVUSDT
2026-01-23 11:37:04,807 - coint2.engine.numba_engine - INFO - Запуск Numba-оптимизированного бэктеста для APEXUSDT-AVAUSDT
2026-01-23 11:37:04,818 - coint2.engine.numba_engine - INFO - Запуск Numba-оптимизированного бэктеста для GALFTUSDT-GRTUSDT
2026-01-23 11:37:04,829 - coint2.engine.numba_engine - INFO - Запуск Numba-оптимизированного бэктеста для CTCUSDT-GALFTUSDT
2026-01-23 11:37:04,836 - coint2.engine.numba_engine - INFO - Запуск Numba-оптимизированного бэктеста для ETHUSDC-ETHUSDT
2026-01-23 11:37:04,840 - coint2.engine.numba_engine - INFO - Запуск Numba-оптимизированного бэктеста для CITYUSDT-GRTUSDT
2026-01-23 11:37:04,850 - coint2.engine.numba_engine - INFO - Запуск Numba-оптимизированного бэктеста для CELOUSDT-FITFIUSDT
2026-01-23 11:37:04,850 - coint2.engine.numba_engine - INFO - Запуск Numba-оптимизированного бэктеста для ATOMUSDT-KDAUSDT
2026-01-23 11:37:04,861 - coint2.engine.numba_engine - INFO - Запуск Numba-оптимизированного бэктеста для DMAILUSDT-GALFTUSDT
2026-01-23 11:37:04,872 - coint2.engine.numba_engine - INFO - Запуск Numba-оптимизированного бэктеста для ALGOUSDT-GALFTUSDT
2026-01-23 11:37:04,872 - coint2.engine.numba_engine - INFO - Запуск Numba-оптимизированного бэктеста для CITYUSDT-KASTAUSDT
2026-01-23 11:37:04,872 - coint2.engine.numba_engine - INFO - Запуск Numba-оптимизированного бэктеста для CYBERUSDT-GALFTUSDT
2026-01-23 11:37:04,883 - coint2.engine.numba_engine - INFO - Запуск Numba-оптимизированного бэктеста для CBKUSDT-ENJUSDT
2026-01-23 11:37:04,884 - coint2.engine.numba_engine - INFO - Запуск Numba-оптимизированного бэктеста для DOTUSDC-KUBUSDT
2026-01-23 11:37:04,893 - coint2.engine.numba_engine - INFO - Запуск Numba-оптимизированного бэктеста для GMTUSDC-KAVAUSDT
2026-01-23 11:37:04,893 - coint2.engine.numba_engine - INFO - Запуск Numba-оптимизированного бэктеста для APEUSDT-HFTUSDT
2026-01-23 11:37:04,904 - coint2.engine.numba_engine - INFO - Запуск Numba-оптимизированного бэктеста для HFTUSDT-KDAUSDT
2026-01-23 11:37:04,905 - coint2.engine.numba_engine - INFO - Запуск Numba-оптимизированного бэктеста для FTTUSDT-KSMUSDT
2026-01-23 11:37:04,918 - coint2.engine.numba_engine - INFO - Запуск Numba-оптимизированного бэктеста для GENEUSDT-KDAUSDT
2026-01-23 11:37:04,926 - coint2.engine.numba_engine - INFO - Запуск Numba-оптимизированного бэктеста для GMTUSDT-KAVAUSDT
2026-01-23 11:37:04,927 - coint2.engine.numba_engine - INFO - Запуск Numba-оптимизированного бэктеста для APEUSDC-HFTUSDC
2026-01-23 11:37:04,930 - coint2.engine.numba_engine - INFO - Запуск Numba-оптимизированного бэктеста для DOTUSDT-KUBUSDT
2026-01-23 11:37:04,934 - coint2.engine.numba_engine - INFO - Запуск Numba-оптимизированного бэктеста для DOTUSDC-FTTUSDT
2026-01-23 11:37:04,949 - coint2.engine.numba_engine - INFO - Запуск Numba-оптимизированного бэктеста для GENEUSDT-KUBUSDT
2026-01-23 11:37:04,951 - coint2.engine.numba_engine - INFO - Запуск Numba-оптимизированного бэктеста для HFTUSDC-KDAUSDT
2026-01-23 11:37:04,963 - coint2.engine.numba_engine - INFO - Запуск Numba-оптимизированного бэктеста для DOTUSDT-FTTUSDT
2026-01-23 11:37:04,965 - coint2.engine.numba_engine - INFO - Запуск Numba-оптимизированного бэктеста для ARTYUSDT-KUBUSDT
2026-01-23 11:37:04,974 - coint2.engine.numba_engine - INFO - Запуск Numba-оптимизированного бэктеста для ALGOUSDT-IZIUSDT
2026-01-23 11:37:04,976 - coint2.engine.numba_engine - INFO - Запуск Numba-оптимизированного бэктеста для FILUSDT-JUVUSDT
2026-01-23 11:37:04,991 - coint2.engine.numba_engine - INFO - Запуск Numba-оптимизированного бэктеста для APEUSDC-HFTUSDT
2026-01-23 11:37:04,999 - coint2.engine.numba_engine - INFO - Запуск Numba-оптимизированного бэктеста для ARTYUSDT-KDAUSDT
2026-01-23 11:37:05,014 - coint2.engine.numba_engine - INFO - Запуск Numba-оптимизированного бэктеста для DMAILUSDT-GMTUSDC
2026-01-23 11:37:05,022 - coint2.engine.numba_engine - INFO - Запуск Numba-оптимизированного бэктеста для FLOWUSDT-HVHUSDT
2026-01-23 11:37:05,032 - coint2.engine.numba_engine - INFO - Запуск Numba-оптимизированного бэктеста для FILUSDC-JUVUSDT
2026-01-23 11:37:05,032 - coint2.engine.numba_engine - INFO - 🔍 ДИАГНОСТИКА FLOWUSDT-HVHUSDT:
2026-01-23 11:37:05,033 - coint2.engine.numba_engine - INFO -    entry_threshold: 1.0
2026-01-23 11:37:05,033 - coint2.engine.numba_engine - INFO -    exit_threshold: 0.06
2026-01-23 11:37:05,033 - coint2.engine.numba_engine - INFO -    Макс |z_score|: 6.9579
2026-01-23 11:37:05,033 - coint2.engine.numba_engine - INFO -    Позиций != 0: 747
2026-01-23 11:37:05,033 - coint2.engine.numba_engine - INFO -    Изменений позиций: 75
2026-01-23 11:37:05,033 - coint2.engine.numba_engine - INFO -    PnL сумма: 31.8937
2026-01-23 11:37:05,034 - coint2.engine.numba_engine - INFO -    Первые 10 z_scores: [-0.8493914  -1.3388989  -0.14289144  0.9125507   1.4988666   2.415785
  0.8939715   1.4904214   0.71968883  0.58437705]
2026-01-23 11:37:05,034 - coint2.engine.numba_engine - INFO -    Превышают порог: 1305
2026-01-23 11:37:05,036 - coint2.engine.numba_engine - INFO - Запуск Numba-оптимизированного бэктеста для HFTUSDT-KUBUSDT
2026-01-23 11:37:05,042 - coint2.engine.numba_engine - INFO - Запуск Numba-оптимизированного бэктеста для APEXUSDC-AVAUSDT
2026-01-23 11:37:05,046 - coint2.engine.numba_engine - INFO - Запуск Numba-оптимизированного бэктеста для DMAILUSDT-GMTUSDT
2026-01-23 11:37:05,054 - coint2.engine.numba_engine - INFO - Запуск Numba-оптимизированного бэктеста для ARTYUSDT-GENEUSDT
2026-01-23 11:37:05,064 - coint2.engine.numba_engine - INFO - Запуск Numba-оптимизированного бэктеста для FLOWUSDT-IZIUSDT
2026-01-23 11:37:05,067 - coint2.engine.numba_engine - INFO - Запуск Numba-оптимизированного бэктеста для HFTUSDC-KUBUSDT
2026-01-23 11:37:05,076 - coint2.engine.numba_engine - INFO - Запуск Numba-оптимизированного бэктеста для CELOUSDT-CGPTUSDT
2026-01-23 11:37:05,086 - coint2.engine.numba_engine - INFO - Запуск Numba-оптимизированного бэктеста для FLOWUSDT-JUVUSDT
2026-01-23 11:37:05,097 - coint2.engine.numba_engine - INFO - Запуск Numba-оптимизированного бэктеста для CELOUSDT-FLOWUSDT
2026-01-23 11:37:05,108 - coint2.engine.numba_engine - INFO - Запуск Numba-оптимизированного бэктеста для ALGOUSDT-APEXUSDC
2026-01-23 11:37:05,119 - coint2.engine.numba_engine - INFO - Запуск Numba-оптимизированного бэктеста для DOGEUSDC-JUVUSDT
2026-01-23 11:37:05,130 - coint2.engine.numba_engine - INFO - Запуск Numba-оптимизированного бэктеста для BATUSDT-CBKUSDT
2026-01-23 11:37:05,182 - INFO -   ⏱️ Параллельная обработка завершена за 0.5с (92.0 пар/с)
2026-01-23 11:37:05,206 - coint2.pipeline.walk_forward_orchestrator - INFO - 🎯 СИМУЛЯЦИЯ ПОРТФЕЛЯ: 50 пар, лимит 15 позиций
2026-01-23 11:37:06,120 - coint2.pipeline.walk_forward_orchestrator - INFO -    📈 Макс. одновременных сигналов: 37
2026-01-23 11:37:06,120 - coint2.pipeline.walk_forward_orchestrator - INFO -    📊 Средн. сигналов за период: 20.5
2026-01-23 11:37:06,120 - coint2.pipeline.walk_forward_orchestrator - INFO -    🎯 Финальных активных позиций: 14
2026-01-23 11:37:06,121 - coint2.pipeline.walk_forward_orchestrator - INFO -    ⚡ Утилизация лимита позиций: 94.3%
2026-01-23 11:37:06,122 - INFO - ⇠ WF-шаг 4/5 backtests — completed 50 items in 1.48s (33.7 items/s)
2026-01-23 11:37:06,122 - INFO -   ✅ Обработка завершена: 50 успешно, 0 с ошибками
2026-01-23 11:37:06,122 - INFO -   📊 Успешность: 100.0%, прибыльность: 58.0%, сделок/пара: 48.1
2026-01-23 11:37:06,122 - INFO -   ✅ Завершены бэктесты для 50 пар
2026-01-23 11:37:06,122 - INFO -   📊 Всего обработано пар в этом шаге: 50
2026-01-23 11:37:06,122 - INFO -   📈 Результаты шага: 29/50 прибыльных пар, 2405 сделок
2026-01-23 11:37:06,123 - INFO -   💰 P&L шага: $+149.05
2026-01-23 11:37:06,123 - INFO -   ⇢ Обновление капитала и дневного P&L...
2026-01-23 11:37:07,630 - INFO -   💼 Шаг P&L: $+149.05, Накопленный капитал: $2,091.24
2026-01-23 11:37:07,630 - INFO - ------------------------------------------------------------
2026-01-23 11:37:07,630 - INFO -   Walk-forward steps: 4 / 5 (80.0%) | 0.1 items/s | ETA: 19.9s
2026-01-23 11:37:07,630 - INFO - 🔍 WF-шаг 5/5: Валидация временных окон...
2026-01-23 11:37:07,631 - INFO - ⇢ WF-шаг 5/5: training 2024-05-31-2024-08-28, testing 2024-08-29-2024-09-28 — start
2026-01-23 11:37:07,631 - INFO - ⇢ loading step data — start
2026-01-23 11:37:08,010 - INFO - ⇠ loading step data — done in 0.38s
2026-01-23 11:37:11,662 - INFO - 📊 WF-шаг 5/5: Границы данных:
2026-01-23 11:37:11,662 - INFO -    Training: 2024-05-31 00:00:00 → 2024-08-28 23:45:00 (8,640 строк × 492 символов)
2026-01-23 11:37:11,662 - INFO -    Testing:  2024-08-29 00:00:00 → 2024-09-28 00:00:00 (2,881 строк × 492 символов)
2026-01-23 11:37:11,662 - INFO -    Временной разрыв: 0 days 00:15:00
2026-01-23 11:37:11,727 - INFO - ⇢ normalizing training data — start
2026-01-23 11:37:11,788 - INFO -   Символы с NaN значениями: 90
2026-01-23 11:37:11,788 - INFO -   Применяем метод нормализации: rolling_zscore
2026-01-23 11:37:11,821 - INFO - Символы с недостаточной историей: 73 из 492
2026-01-23 11:37:12,863 - INFO - Символы с NaN после нормализации: 419
2026-01-23 11:37:12,875 - INFO - Удалено 1661 начальных строк с NaN от rolling расчетов
2026-01-23 11:37:12,879 - INFO - Итоговое количество символов после нормализации: 419 из 492
2026-01-23 11:37:12,884 - INFO -   Статистика нормализации:
2026-01-23 11:37:12,884 - INFO -     Исходные символы: 492
2026-01-23 11:37:12,884 - INFO -     Недостаточная история: 73
2026-01-23 11:37:12,884 - INFO -     Постоянная цена: 0
2026-01-23 11:37:12,884 - INFO -     NaN после нормализации: 419
2026-01-23 11:37:12,884 - INFO -     Итоговые символы: 419 (85.2%)
2026-01-23 11:37:12,884 - INFO -   После нормализации: 419 символов (потеряно 73)
2026-01-23 11:37:12,884 - INFO -   Отброшено много символов: 73 из 492
2026-01-23 11:37:12,884 - INFO - ⇠ normalizing training data — done in 1.16s
2026-01-23 11:37:12,885 - INFO -   Фиксированный universe: 250 пар (отфильтровано 0 недоступных)
2026-01-23 11:37:12,885 - INFO - ⇢ filtering pairs by cointegration and half-life — start
2026-01-23 11:37:12,885 - INFO - [ФИЛЬТР] Параллельная фильтрация: threads (8 workers)
2026-01-23 11:37:22,304 - INFO - [ФИЛЬТР] После проверки данных: 250 пар
2026-01-23 11:37:22,304 - INFO - [ФИЛЬТР] После фильтра корреляции (>0.4): 211 пар
2026-01-23 11:37:22,304 - INFO - [ФИЛЬТР] После фильтра beta: 180 пар
2026-01-23 11:37:22,304 - INFO - [ФИЛЬТР] После фильтра mean crossings: 180 пар
2026-01-23 11:37:22,304 - INFO - [ФИЛЬТР] После фильтра half-life: 180 пар
2026-01-23 11:37:22,304 - INFO - [ФИЛЬТР] После фильтра коинтеграции: 102 пар
2026-01-23 11:37:22,304 - INFO - [ФИЛЬТР] После фильтра Hurst: 77 пар
2026-01-23 11:37:22,304 - INFO - [ФИЛЬТР] После фильтра KPSS: 77 пар
2026-01-23 11:37:22,304 - INFO - [ФИЛЬТР] После фильтра market microstructure: 77 пар
2026-01-23 11:37:22,304 - INFO - [ФИЛЬТР] Статистика фильтрации (оптимизированный порядок):
2026-01-23 11:37:22,304 - INFO -   1. SSD → Коинтеграция: 250 → 102 пар
2026-01-23 11:37:22,304 - INFO -   2. Коинтеграция → Beta: 102 → 180 пар
2026-01-23 11:37:22,304 - INFO -   3. Beta → Half-life: 180 → 180 пар
2026-01-23 11:37:22,304 - INFO -   4. Half-life → Mean crossings: 180 → 180 пар
2026-01-23 11:37:22,304 - INFO -   5. Mean crossings → Hurst: 180 → 77 пар
2026-01-23 11:37:22,304 - INFO -   6. Hurst → KPSS: 77 → 77 пар
2026-01-23 11:37:22,304 - INFO -   7. KPSS → Market microstructure: 77 → 77 пар
2026-01-23 11:37:22,304 - INFO - [ФИЛЬТР] Причины отсева:
2026-01-23 11:37:22,304 - INFO -   • pvalue: 78 пар (31.2%)
2026-01-23 11:37:22,304 - INFO -   • low_correlation: 39 пар (15.6%)
2026-01-23 11:37:22,304 - INFO -   • beta: 31 пар (12.4%)
2026-01-23 11:37:22,304 - INFO -   • hurst: 25 пар (10.0%)
2026-01-23 11:37:22,304 - INFO - [ФИЛЬТР] Итого: 250 → 77 пар (30.8% прошли все фильтры)
2026-01-23 11:37:22,306 - INFO - Причины отсева сохранены в results/filter_reasons_20260123_113722.csv
2026-01-23 11:37:22,307 - INFO -   Pair stability filter: 77 → 52 (window=2, min_steps=1, history=4)
2026-01-23 11:37:22,307 - INFO -   Фильтрация: 250 → 52 пар
2026-01-23 11:37:22,307 - INFO - ⇠ filtering pairs by cointegration and half-life — done in 9.42s
2026-01-23 11:37:22,307 - INFO - ⇠ WF-шаг 5/5: training 2024-05-31-2024-08-28, testing 2024-08-29-2024-09-28 — done in 14.68s
2026-01-23 11:37:22,307 - INFO -   Ограничение max_pairs=50: 52 → 50
2026-01-23 11:37:22,307 - INFO -   Топ-3 пары по волатильности спреда:
2026-01-23 11:37:22,307 - INFO -     1. BTCDAI-BTCEUR: beta=1.0139, std=689.5404
2026-01-23 11:37:22,307 - INFO -     2. ETHDAI-ETHEUR: beta=1.0258, std=27.1640
2026-01-23 11:37:22,307 - INFO -     3. INJUSDT-KSMUSDT: beta=0.6715, std=2.1131
2026-01-23 11:37:22,307 - INFO -   Всего пар для торговли: 50 (ограничение 15 применяется к одновременно открытым позициям)
2026-01-23 11:37:22,307 - INFO -   💰 Проверка расчета капитала: equity=$2,091.24, кандидатных_пар=50, max_позиций=15
2026-01-23 11:37:22,307 - INFO -   🎯 Target concurrency: 15 (ожидаемое одновременное число позиций)
2026-01-23 11:37:22,307 - INFO -   📊 Детали расчета капитала:
2026-01-23 11:37:22,308 - INFO -      • Базовый капитал на пару: $139.42 (equity / target_concurrency)
2026-01-23 11:37:22,308 - INFO -      • Риск-капитал: $15.68 (0.8% от equity)
2026-01-23 11:37:22,308 - INFO -      • Макс. размер позиции: $41.82 (2.0% от equity)
2026-01-23 11:37:22,308 - INFO -      • Итоговый капитал на пару: $15.68
2026-01-23 11:37:22,308 - INFO - ⇢ WF-шаг 5/5 backtests — starting 50 items
2026-01-23 11:37:22,308 - INFO - 🚀 WF-шаг 5/5: Начинаем бэктесты для 50 пар...
2026-01-23 11:37:22,308 - INFO - 🚀 WF-шаг 5/5: Запускаем параллельную обработку 50 пар на 8 ядрах...
2026-01-23 11:37:22,308 - INFO - 🚀 WF-шаг 5/5: Режим параллельности: процессы
⚙️  Загрузка данных за период: 2024-05-31 -> 2024-09-28
📂 Найдено 43 parquet файлов для обработки.
📊 Схема данных: Schema({'timestamp': Int64, 'open': Float64, 'high': Float64, 'low': Float64, 'close': Float64, 'volume': Float64, 'turnover': String, 'ts_ms': Int64, 'symbol': String})
✅ Загружено 5190250 записей с помощью Polars.
📊 Типы данных в pandas: timestamp       datetime64[us]
symbol                  object
close                  float64
timestamp_ms             int64
dtype: object
2026-01-23 11:37:22,375 - coint2.engine.numba_engine - INFO - Запуск Numba-оптимизированного бэктеста для BTCDAI-BTCEUR
2026-01-23 11:37:22,410 - coint2.engine.numba_engine - INFO - Запуск Numba-оптимизированного бэктеста для ETHDAI-ETHEUR
2026-01-23 11:37:22,445 - coint2.engine.numba_engine - INFO - Запуск Numba-оптимизированного бэктеста для INJUSDT-KSMUSDT
2026-01-23 11:37:22,458 - coint2.engine.numba_engine - INFO - Запуск Numba-оптимизированного бэктеста для GALFTUSDT-HVHUSDT
2026-01-23 11:37:22,468 - coint2.engine.numba_engine - INFO - 🔍 ДИАГНОСТИКА GALFTUSDT-HVHUSDT:
2026-01-23 11:37:22,468 - coint2.engine.numba_engine - INFO -    entry_threshold: 1.0
2026-01-23 11:37:22,468 - coint2.engine.numba_engine - INFO -    exit_threshold: 0.06
2026-01-23 11:37:22,468 - coint2.engine.numba_engine - INFO -    Макс |z_score|: 53.8784
2026-01-23 11:37:22,468 - coint2.engine.numba_engine - INFO -    Позиций != 0: 770
2026-01-23 11:37:22,468 - coint2.engine.numba_engine - INFO -    Изменений позиций: 62
2026-01-23 11:37:22,469 - coint2.engine.numba_engine - INFO -    PnL сумма: -17.0367
2026-01-23 11:37:22,469 - coint2.engine.numba_engine - INFO -    Первые 10 z_scores: [-0.7682896  -0.6592879  -0.5004639  -0.558713   -0.51350254 -0.48972172
 -0.42940226 -0.43437722 -0.41184348 -0.39054438]
2026-01-23 11:37:22,469 - coint2.engine.numba_engine - INFO -    Превышают порог: 1289
2026-01-23 11:37:22,478 - coint2.engine.numba_engine - INFO - Запуск Numba-оптимизированного бэктеста для ETCUSDT-JUVUSDT
2026-01-23 11:37:22,482 - coint2.engine.numba_engine - INFO - Запуск Numba-оптимизированного бэктеста для CBKUSDT-ENJUSDT
2026-01-23 11:37:22,494 - coint2.engine.numba_engine - INFO - Запуск Numba-оптимизированного бэктеста для FTTUSDT-KCSUSDT
2026-01-23 11:37:22,503 - coint2.engine.numba_engine - INFO - Запуск Numba-оптимизированного бэктеста для GENEUSDT-KDAUSDT
2026-01-23 11:37:22,512 - coint2.engine.numba_engine - INFO - Запуск Numba-оптимизированного бэктеста для APEXUSDC-AVAUSDT
2026-01-23 11:37:22,518 - coint2.engine.numba_engine - INFO - Запуск Numba-оптимизированного бэктеста для DMAILUSDT-GMTUSDC
2026-01-23 11:37:22,524 - coint2.engine.numba_engine - INFO - Запуск Numba-оптимизированного бэктеста для C98USDT-CHZUSDT
2026-01-23 11:37:22,529 - coint2.engine.numba_engine - INFO - Запуск Numba-оптимизированного бэктеста для ARTYUSDT-CRVUSDT
2026-01-23 11:37:22,545 - coint2.engine.numba_engine - INFO - Запуск Numba-оптимизированного бэктеста для HOOKUSDT-KAVAUSDT
2026-01-23 11:37:22,547 - coint2.engine.numba_engine - INFO - Запуск Numba-оптимизированного бэктеста для GMTUSDC-KAVAUSDT
2026-01-23 11:37:22,550 - coint2.engine.numba_engine - INFO - Запуск Numba-оптимизированного бэктеста для FILUSDC-JUVUSDT
2026-01-23 11:37:22,553 - coint2.engine.numba_engine - INFO - Запуск Numba-оптимизированного бэктеста для DMAILUSDT-GMTUSDT
2026-01-23 11:37:22,563 - coint2.engine.numba_engine - INFO - Запуск Numba-оптимизированного бэктеста для ARTYUSDT-GENEUSDT
2026-01-23 11:37:22,567 - coint2.engine.numba_engine - INFO - Запуск Numba-оптимизированного бэктеста для BATUSDT-CBKUSDT
2026-01-23 11:37:22,569 - coint2.engine.numba_engine - INFO - Запуск Numba-оптимизированного бэктеста для FITFIUSDT-JUVUSDT
2026-01-23 11:37:22,575 - coint2.engine.numba_engine - INFO - Запуск Numba-оптимизированного бэктеста для ADAUSDC-KUBUSDT
2026-01-23 11:37:22,585 - coint2.engine.numba_engine - INFO - Запуск Numba-оптимизированного бэктеста для FLOWUSDT-HVHUSDT
2026-01-23 11:37:22,589 - coint2.engine.numba_engine - INFO - Запуск Numba-оптимизированного бэктеста для DOGEUSDC-JUVUSDT
2026-01-23 11:37:22,595 - coint2.engine.numba_engine - INFO - 🔍 ДИАГНОСТИКА FLOWUSDT-HVHUSDT:
2026-01-23 11:37:22,595 - coint2.engine.numba_engine - INFO -    entry_threshold: 1.0
2026-01-23 11:37:22,595 - coint2.engine.numba_engine - INFO -    exit_threshold: 0.06
2026-01-23 11:37:22,595 - coint2.engine.numba_engine - INFO -    Макс |z_score|: 4.7010
2026-01-23 11:37:22,595 - coint2.engine.numba_engine - INFO -    Позиций != 0: 1330
2026-01-23 11:37:22,595 - coint2.engine.numba_engine - INFO -    Изменений позиций: 97
2026-01-23 11:37:22,596 - coint2.engine.numba_engine - INFO -    PnL сумма: -63.1571
2026-01-23 11:37:22,596 - coint2.engine.numba_engine - INFO -    Первые 10 z_scores: [1.3149515 2.1420898 2.8071206 1.6895965 1.5170032 0.6591689 1.1773024
 0.9560649 0.7745351 0.7264485]
2026-01-23 11:37:22,596 - coint2.engine.numba_engine - INFO -    Превышают порог: 1340
2026-01-23 11:37:22,598 - coint2.engine.numba_engine - INFO - Запуск Numba-оптимизированного бэктеста для CHZUSDT-FILUSDC
2026-01-23 11:37:22,599 - coint2.engine.numba_engine - INFO - Запуск Numba-оптимизированного бэктеста для FILUSDT-JUVUSDT
2026-01-23 11:37:22,603 - coint2.engine.numba_engine - INFO - Запуск Numba-оптимизированного бэктеста для CTCUSDT-GALFTUSDT
2026-01-23 11:37:22,609 - coint2.engine.numba_engine - INFO - Запуск Numba-оптимизированного бэктеста для ADAUSDT-KUBUSDT
2026-01-23 11:37:22,611 - coint2.engine.numba_engine - INFO - Запуск Numba-оптимизированного бэктеста для DGBUSDT-JUVUSDT
2026-01-23 11:37:22,619 - coint2.engine.numba_engine - INFO - Запуск Numba-оптимизированного бэктеста для BATUSDT-JUVUSDT
2026-01-23 11:37:22,627 - coint2.engine.numba_engine - INFO - Запуск Numba-оптимизированного бэктеста для CELOUSDT-CGPTUSDT
2026-01-23 11:37:22,631 - coint2.engine.numba_engine - INFO - Запуск Numba-оптимизированного бэктеста для CHZUSDT-FILUSDT
2026-01-23 11:37:22,648 - coint2.engine.numba_engine - INFO - Запуск Numba-оптимизированного бэктеста для CAKEUSDT-CITYUSDT
2026-01-23 11:37:22,649 - coint2.engine.numba_engine - INFO - Запуск Numba-оптимизированного бэктеста для ADAEUR-KUBUSDT
2026-01-23 11:37:22,653 - coint2.engine.numba_engine - INFO - Запуск Numba-оптимизированного бэктеста для ADAEUR-ADAUSDC
2026-01-23 11:37:22,671 - coint2.engine.numba_engine - INFO - Запуск Numba-оптимизированного бэктеста для CHZUSDC-FILUSDT
2026-01-23 11:37:22,683 - coint2.engine.numba_engine - INFO - Запуск Numba-оптимизированного бэктеста для ARTYUSDT-KUBUSDT
2026-01-23 11:37:22,684 - coint2.engine.numba_engine - INFO - Запуск Numba-оптимизированного бэктеста для ARTYUSDT-KDAUSDT
2026-01-23 11:37:22,693 - coint2.engine.numba_engine - INFO - Запуск Numba-оптимизированного бэктеста для CHRPUSDT-GALFTUSDT
2026-01-23 11:37:22,705 - coint2.engine.numba_engine - INFO - Запуск Numba-оптимизированного бэктеста для FLOWUSDT-JUVUSDT
2026-01-23 11:37:22,706 - coint2.engine.numba_engine - INFO - Запуск Numba-оптимизированного бэктеста для AFCUSDT-CITYUSDT
2026-01-23 11:37:22,727 - coint2.engine.numba_engine - INFO - Запуск Numba-оптимизированного бэктеста для CELOUSDT-FITFIUSDT
2026-01-23 11:37:22,729 - coint2.engine.numba_engine - INFO - Запуск Numba-оптимизированного бэктеста для ALGOUSDT-GALFTUSDT
2026-01-23 11:37:22,730 - coint2.engine.numba_engine - INFO - Запуск Numba-оптимизированного бэктеста для GODSUSDT-INJUSDT
2026-01-23 11:37:22,749 - coint2.engine.numba_engine - INFO - Запуск Numba-оптимизированного бэктеста для GMTUSDC-HOOKUSDT
2026-01-23 11:37:22,751 - coint2.engine.numba_engine - INFO - Запуск Numba-оптимизированного бэктеста для GMTUSDT-HOOKUSDT
2026-01-23 11:37:22,752 - coint2.engine.numba_engine - INFO - Запуск Numba-оптимизированного бэктеста для GENEUSDT-KUBUSDT
2026-01-23 11:37:22,771 - coint2.engine.numba_engine - INFO - Запуск Numba-оптимизированного бэктеста для AFGUSDT-FXSUSDT
2026-01-23 11:37:22,773 - coint2.engine.numba_engine - INFO - Запуск Numba-оптимизированного бэктеста для CHRPUSDT-ERTHAUSDT
2026-01-23 11:37:22,773 - coint2.engine.numba_engine - INFO - Запуск Numba-оптимизированного бэктеста для C98USDT-CHZUSDC
2026-01-23 11:37:22,796 - coint2.engine.numba_engine - INFO - Запуск Numba-оптимизированного бэктеста для CGPTUSDT-GRTUSDT
2026-01-23 11:37:22,818 - coint2.engine.numba_engine - INFO - Запуск Numba-оптимизированного бэктеста для CAPSUSDT-GTAIUSDT
2026-01-23 11:37:22,870 - INFO -   ⏱️ Параллельная обработка завершена за 0.6с (89.0 пар/с)
2026-01-23 11:37:22,896 - coint2.pipeline.walk_forward_orchestrator - INFO - 🎯 СИМУЛЯЦИЯ ПОРТФЕЛЯ: 50 пар, лимит 15 позиций
2026-01-23 11:37:23,813 - coint2.pipeline.walk_forward_orchestrator - INFO -    📈 Макс. одновременных сигналов: 33
2026-01-23 11:37:23,814 - coint2.pipeline.walk_forward_orchestrator - INFO -    📊 Средн. сигналов за период: 20.2
2026-01-23 11:37:23,814 - coint2.pipeline.walk_forward_orchestrator - INFO -    🎯 Финальных активных позиций: 12
2026-01-23 11:37:23,815 - coint2.pipeline.walk_forward_orchestrator - INFO -    ⚡ Утилизация лимита позиций: 94.9%
2026-01-23 11:37:23,816 - INFO - ⇠ WF-шаг 5/5 backtests — completed 50 items in 1.51s (33.2 items/s)
2026-01-23 11:37:23,816 - INFO -   ✅ Обработка завершена: 50 успешно, 0 с ошибками
2026-01-23 11:37:23,816 - INFO -   📊 Успешность: 100.0%, прибыльность: 62.0%, сделок/пара: 46.0
2026-01-23 11:37:23,816 - INFO -   ✅ Завершены бэктесты для 50 пар
2026-01-23 11:37:23,816 - INFO -   📊 Всего обработано пар в этом шаге: 50
2026-01-23 11:37:23,816 - INFO -   📈 Результаты шага: 31/50 прибыльных пар, 2300 сделок
2026-01-23 11:37:23,816 - INFO -   💰 P&L шага: $+679.81
2026-01-23 11:37:23,816 - INFO -   ⇢ Обновление капитала и дневного P&L...
2026-01-23 11:37:25,510 - INFO -   💼 Шаг P&L: $+679.81, Накопленный капитал: $2,771.05
2026-01-23 11:37:25,510 - INFO - ------------------------------------------------------------
2026-01-23 11:37:25,511 - INFO -   Walk-forward steps: 5 / 5 (100.0%) | 0.1 items/s | ETA: 0.0s
2026-01-23 11:37:25,511 - INFO - ⇠ Walk-forward steps — completed 5 items in 97.35s (0.1 items/s)
2026-01-23 11:37:25,511 - INFO - ================================================================================
2026-01-23 11:37:25,511 - INFO - 🏁 Walk-forward анализ завершен!
2026-01-23 11:37:25,511 - INFO - ⏱️ Обработано 5 шагов за 3.2 секунд
2026-01-23 11:37:25,511 - INFO - 📊 Всего обработано пар за весь анализ: 250
2026-01-23 11:37:25,511 - INFO - 💰 Финальный капитал: $2,771.05 (было $1,000.00)
2026-01-23 11:37:25,511 - INFO - 📈 Общая доходность: +177.11% ($+1,771.05)
2026-01-23 11:37:25,511 - INFO - 📊 Всего сделок: 0
2026-01-23 11:37:25,511 - INFO - ================================================================================
2026-01-23 11:37:25,511 - INFO - ✓ Завершены все 5 WF-шагов
2026-01-23 11:37:25,511 - INFO - ⇢ Обработка финальных результатов и расчет метрик...
2026-01-23 11:37:25,511 - INFO - ⇢ processing final results — start
2026-01-23 11:37:25,512 - INFO -   ⇢ Агрегация данных P&L за 14405 торговых дней
2026-01-23 11:37:25,548 - INFO -   ⇢ Расчет базовых метрик производительности...
2026-01-23 11:37:25,549 - INFO -     📊 Данные для анализа: 14405 записей P&L, 14401 точек equity
2026-01-23 11:37:25,551 - INFO -   ⇢ Расчет расширенных метрик (волатильность, Calmar ratio, и др.)...
2026-01-23 11:37:25,552 - INFO -   ✅ Расширенные метрики рассчитаны: 6 показателей
2026-01-23 11:37:25,552 - INFO -   ⇢ Анализ статистики по 250 парам...
2026-01-23 11:37:25,556 - INFO - ✅ Рассчитаны метрики производительности (26 показателей)
2026-01-23 11:37:25,557 - INFO -   💰 Общий P&L: $+1,771.05
2026-01-23 11:37:25,557 - INFO -   📊 Sharpe Ratio: 4.007
2026-01-23 11:37:25,557 - INFO -   📉 Максимальная просадка: -35356.82%
2026-01-23 11:37:25,557 - INFO -   🔄 Всего сделок: 11384
2026-01-23 11:37:25,557 - INFO -   📈 Торгуемых пар: 120
2026-01-23 11:37:25,557 - INFO -   💸 Общие издержки: $398.42
2026-01-23 11:37:25,557 - coint2.metrics - INFO - Metric: total_pnl
2026-01-23 11:37:25,558 - coint2.metrics - INFO - Metric: sharpe_ratio_abs
2026-01-23 11:37:25,558 - coint2.metrics - INFO - Metric: max_drawdown_pct
2026-01-23 11:37:25,558 - coint2.metrics - INFO - Metric: total_trades
2026-01-23 11:37:25,558 - coint2.metrics - INFO - Metric: total_pairs_traded
2026-01-23 11:37:25,558 - coint2.metrics - INFO - Metric: total_costs
2026-01-23 11:37:25,558 - INFO - ⇠ processing final results — done in 0.05s
2026-01-23 11:37:25,559 - INFO - ⇢ Создание отчетов и сохранение результатов...
2026-01-23 11:37:25,559 - INFO - ⇢ generating reports — start
2026-01-23 11:37:25,559 - INFO -   ⇢ Создание отчета о производительности...
2026-01-23 11:37:32,496 - INFO -   ✓ Отчет о производительности создан
2026-01-23 11:37:32,496 - INFO -   ⇢ Сохранение данных в CSV файлы...
2026-01-23 11:37:32,498 - INFO - 📋 Метрики сохранены: artifacts/wfa/runs/20260123_budget1000_capsweep_maxnot25_risk_minnot_grid/stress_relaxed8_nokpss_20260123_top50_z1p00_exit0p06_hold180_cd180_ms0p2_cap1000_maxnot25_risk0p75_minnot5/strategy_metrics.csv
2026-01-23 11:37:32,500 - INFO - 📈 Дневные P&L сохранены: artifacts/wfa/runs/20260123_budget1000_capsweep_maxnot25_risk_minnot_grid/stress_relaxed8_nokpss_20260123_top50_z1p00_exit0p06_hold180_cd180_ms0p2_cap1000_maxnot25_risk0p75_minnot5/daily_pnl.csv (151 записей)
2026-01-23 11:37:32,552 - INFO - 💹 Кривая капитала сохранена: artifacts/wfa/runs/20260123_budget1000_capsweep_maxnot25_risk_minnot_grid/stress_relaxed8_nokpss_20260123_top50_z1p00_exit0p06_hold180_cd180_ms0p2_cap1000_maxnot25_risk0p75_minnot5/equity_curve.csv (14401 точек)
2026-01-23 11:37:32,559 - INFO - 📋 Статистика сделок сохранена: artifacts/wfa/runs/20260123_budget1000_capsweep_maxnot25_risk_minnot_grid/stress_relaxed8_nokpss_20260123_top50_z1p00_exit0p06_hold180_cd180_ms0p2_cap1000_maxnot25_risk0p75_minnot5/trade_statistics.csv (250 записей)
2026-01-23 11:37:32,560 - INFO - 🎉 Walk-Forward анализ полностью завершен!
2026-01-23 11:37:32,560 - INFO - 📊 Все отчеты и данные сохранены в: artifacts/wfa/runs/20260123_budget1000_capsweep_maxnot25_risk_minnot_grid/stress_relaxed8_nokpss_20260123_top50_z1p00_exit0p06_hold180_cd180_ms0p2_cap1000_maxnot25_risk0p75_minnot5
2026-01-23 11:37:32,560 - INFO - 💼 Итоговый капитал: $2,771.05
2026-01-23 11:37:32,560 - INFO - ⏱️  Общее время выполнения: 10.3 секунд
2026-01-23 11:37:32,560 - INFO - ⇠ generating reports — done in 7.00s
2026-01-23 11:37:32,560 - coint2.core.memory_optimization - INFO - 🧹 Cleaning up global price data
2026-01-23 11:37:32,565 - coint2.core.memory_optimization - INFO - 📊 No global rolling stats to clean up
2026-01-23 11:37:32,565 - INFO - 🧹 Memory-mapped data cleaned up
2026-01-23 11:37:32,567 - INFO - ⇠ run_walk_forward_analysis — done in 113.56s
📊 Отчет сохранен: artifacts/wfa/runs/20260123_budget1000_capsweep_maxnot25_risk_minnot_grid/stress_relaxed8_nokpss_20260123_top50_z1p00_exit0p06_hold180_cd180_ms0p2_cap1000_maxnot25_risk0p75_minnot5/CointegrationStrategy_performance_report.png
🎯 ============================================================
📊 ИТОГИ ТОРГОВОЙ СТРАТЕГИИ
🎯 ============================================================

💰 ФИНАНСОВЫЕ РЕЗУЛЬТАТЫ:
   • Общий P&L:                        1,771
   • Максимальная просадка:             -354
   • Средний дневной P&L:                 12

📈 МЕТРИКИ РИСКА:
   • Коэффициент Шарпа:               4.0071
   • Волатильность P&L:                55.52
   • Процент прибыльных дней:         63.58%

🔄 ТОРГОВАЯ АКТИВНОСТЬ:
   • Всего торговых дней:                151
   • Всего сделок:                    11,384
   • Торгуемых пар:                      120
   • Сделок на пару:                    45.5
   • Успешность сделок:               0.80%

💸 РАСХОДЫ И ЭКСТРЕМУМЫ:
   • Общие расходы:                      398
   • Максимальная прибыль:               330
   • Максимальный убыток:               -209
   • Лучшая пара (P&L):                1,148
   • Худшая пара (P&L):                 -278

📊 ОЦЕНКА СТРАТЕГИИ:
   ✅ ОТЛИЧНАЯ стратегия! Высокий Шарп и положительный результат

🎯 ============================================================

Annualized Sharpe Ratio: 4.007111655293506
[run_wfa_fullcpu] end: 2026-01-23T11:37:33Z
