[run_wfa_queue] 2026-01-23T11:33:00Z cmd: /opt/coint4/coint4/run_wfa_fullcpu.sh configs/budget_20260123_1000_capsweep_maxnot25_riskgrid/stress_relaxed8_nokpss_20260123_top50_z1p00_exit0p06_hold180_cd180_ms0p2_cap1000_maxnot25_risk0p02.yaml artifacts/wfa/runs/20260123_budget1000_capsweep_maxnot25_risk_minnot_grid/stress_relaxed8_nokpss_20260123_top50_z1p00_exit0p06_hold180_cd180_ms0p2_cap1000_maxnot25_risk0p02
[run_wfa_fullcpu] start: 2026-01-23T11:33:00Z
[run_wfa_fullcpu] os.cpu_count: 8
[run_wfa_fullcpu] worker_pid=1504
2026-01-23 11:33:04,350 - coint2.core.memory_optimization - INFO - ✅ BLAS threading limits set to 1 via threadpoolctl
2026-01-23 11:33:04,350 - coint2.core.memory_optimization - INFO - 🔧 Controlled libraries: openblas, openmp
2026-01-23 11:33:04,351 - coint2.core.memory_optimization - INFO - 🧵 Process threads: 2 → 2
2026-01-23 11:33:04,351 - coint2.core.memory_optimization - INFO - 📝 Set 11 environment variables
2026-01-23 11:33:04,791 - INFO - ✅ Параметры конфигурации валидны
2026-01-23 11:33:04,791 - INFO - 📝 Некоторые параметры были скорректированы:
2026-01-23 11:33:04,958 - INFO - 🔒 WFA: фиксированный universe из artifacts/universe/20260119_relaxed8_strict_preholdout_v2/pairs_universe.yaml (250 пар)
2026-01-23 11:33:04,959 - INFO -   Шаг 1: тренировка 2024-02-01-2024-04-30, тест 2024-05-01-2024-05-31
2026-01-23 11:33:04,959 - INFO -   Шаг 2: тренировка 2024-03-02-2024-05-30, тест 2024-05-31-2024-06-30
2026-01-23 11:33:04,959 - INFO -   Шаг 3: тренировка 2024-04-01-2024-06-29, тест 2024-06-30-2024-07-30
2026-01-23 11:33:04,959 - INFO -   Шаг 4: тренировка 2024-05-01-2024-07-29, тест 2024-07-30-2024-08-29
2026-01-23 11:33:04,959 - INFO -   Шаг 5: тренировка 2024-05-31-2024-08-28, тест 2024-08-29-2024-09-28
2026-01-23 11:33:04,959 - INFO -   Шаг 6: тренировка 2024-06-30-2024-09-27, тест 2024-09-28-2024-10-28
2026-01-23 11:33:04,959 - INFO -   Шаг 7: тренировка 2024-07-30-2024-10-27, тест 2024-10-28-2024-11-27
2026-01-23 11:33:04,959 - INFO -   Шаг 8: тренировка 2024-08-29-2024-11-26, тест 2024-11-27-2024-12-27
2026-01-23 11:33:04,959 - INFO -   Шаг 9: тренировка 2024-09-28-2024-12-26, тест 2024-12-27-2025-01-26
2026-01-23 11:33:04,959 - INFO - 📈 Запланировано 9 walk-forward шагов
2026-01-23 11:33:04,959 - INFO - ⛔ Ограничение WFA шагов: 9 → 5
2026-01-23 11:33:04,959 - WARNING - ⚠️ Маленький буфер между training и testing в шаге 1: 0 дней. Рекомендуется минимум 1 день.
2026-01-23 11:33:04,959 - WARNING - ⚠️ Маленький буфер между training и testing в шаге 2: 0 дней. Рекомендуется минимум 1 день.
2026-01-23 11:33:04,959 - WARNING - ⚠️ Маленький буфер между training и testing в шаге 3: 0 дней. Рекомендуется минимум 1 день.
2026-01-23 11:33:04,959 - WARNING - ⚠️ Маленький буфер между training и testing в шаге 4: 0 дней. Рекомендуется минимум 1 день.
2026-01-23 11:33:04,959 - WARNING - ⚠️ Маленький буфер между training и testing в шаге 5: 0 дней. Рекомендуется минимум 1 день.
2026-01-23 11:33:04,959 - INFO - ✅ Шаги успешно запланированы:
2026-01-23 11:33:04,959 - INFO -    Шаг 1: тренировка 2024-02-01-2024-04-30, тест 2024-05-01-2024-05-31
2026-01-23 11:33:04,959 - INFO -    Шаг 2: тренировка 2024-03-02-2024-05-30, тест 2024-05-31-2024-06-30
2026-01-23 11:33:04,959 - INFO -    Шаг 3: тренировка 2024-04-01-2024-06-29, тест 2024-06-30-2024-07-30
2026-01-23 11:33:04,959 - INFO -    Шаг 4: тренировка 2024-05-01-2024-07-29, тест 2024-07-30-2024-08-29
2026-01-23 11:33:04,960 - INFO -    Шаг 5: тренировка 2024-05-31-2024-08-28, тест 2024-08-29-2024-09-28
2026-01-23 11:33:04,960 - INFO - 🗂️ Consolidating price data for memory-mapped access...
2026-01-23 11:33:04,960 - INFO - 📊 Consolidating data range: 2024-01-27 → 2024-10-03
2026-01-23 11:33:04,960 - coint2.core.memory_optimization - INFO - 🔄 Consolidating price data from data_downloaded to .cache/consolidated_prices.parquet
2026-01-23 11:33:04,960 - INFO - ⇢ loading raw data for consolidation — start
2026-01-23 11:33:08,560 - INFO - ⇠ loading raw data for consolidation — done in 3.60s
2026-01-23 11:33:08,560 - INFO - ⇢ pivoting data to wide format — start
2026-01-23 11:33:18,031 - INFO - ⇠ pivoting data to wide format — done in 9.47s
2026-01-23 11:33:18,122 - coint2.core.memory_optimization - INFO - 📊 Consolidated data: 24001 rows × 493 symbols
2026-01-23 11:33:18,123 - coint2.core.memory_optimization - INFO - 💾 Memory usage: 47.5 MB
2026-01-23 11:33:18,123 - INFO - ⇢ writing consolidated Parquet file — start
2026-01-23 11:33:18,478 - INFO - ⇠ writing consolidated Parquet file — done in 0.35s
2026-01-23 11:33:18,478 - coint2.core.memory_optimization - INFO - ✅ Successfully consolidated data to .cache/consolidated_prices.parquet
2026-01-23 11:33:18,519 - coint2.core.memory_optimization - INFO - 🔄 Initializing memory-mapped price data from .cache/consolidated_prices.parquet
2026-01-23 11:33:18,520 - INFO - ⇢ loading memory-mapped data — start
2026-01-23 11:33:18,520 - coint2.core.memory_optimization - WARNING - ⚠️ memory_map не поддерживается в текущей версии pyarrow, fallback без mmap
2026-01-23 11:33:18,718 - INFO - ⇠ loading memory-mapped data — done in 0.20s
2026-01-23 11:33:18,730 - coint2.core.memory_optimization - INFO - 📊 Loaded 24001 rows × 493 symbols
2026-01-23 11:33:18,730 - coint2.core.memory_optimization - INFO - 💾 Memory usage: 47.5 MB (memory-mapped)
2026-01-23 11:33:18,732 - INFO - ✅ Memory-mapped data initialized successfully
2026-01-23 11:33:18,734 - INFO - ⇢ Walk-forward steps — starting 5 items
2026-01-23 11:33:18,735 - INFO - 📈 Инициализация equity кривой с первой тестовой даты: 2024-05-01 00:00:00
2026-01-23 11:33:18,735 - INFO - 🔍 WF-шаг 1/5: Валидация временных окон...
2026-01-23 11:33:18,736 - INFO - ⇢ WF-шаг 1/5: training 2024-02-01-2024-04-30, testing 2024-05-01-2024-05-31 — start
2026-01-23 11:33:18,736 - INFO - ⇢ loading step data — start
2026-01-23 11:33:19,118 - INFO - ⇠ loading step data — done in 0.38s
2026-01-23 11:33:22,086 - INFO - 📊 WF-шаг 1/5: Границы данных:
2026-01-23 11:33:22,086 - INFO -    Training: 2024-02-01 00:00:00 → 2024-04-30 23:45:00 (8,640 строк × 403 символов)
2026-01-23 11:33:22,087 - INFO -    Testing:  2024-05-01 00:00:00 → 2024-05-31 00:00:00 (2,881 строк × 403 символов)
2026-01-23 11:33:22,087 - INFO -    Временной разрыв: 0 days 00:15:00
2026-01-23 11:33:22,146 - INFO - ⇢ normalizing training data — start
2026-01-23 11:33:22,197 - INFO -   Символы с NaN значениями: 72
2026-01-23 11:33:22,197 - INFO -   Применяем метод нормализации: rolling_zscore
2026-01-23 11:33:22,243 - INFO - Символы с недостаточной историей: 67 из 403
2026-01-23 11:33:23,082 - INFO - Символы с NaN после нормализации: 336
2026-01-23 11:33:23,095 - INFO - Удалено 549 начальных строк с NaN от rolling расчетов
2026-01-23 11:33:23,099 - INFO - Итоговое количество символов после нормализации: 336 из 403
2026-01-23 11:33:23,099 - INFO -   Статистика нормализации:
2026-01-23 11:33:23,099 - INFO -     Исходные символы: 403
2026-01-23 11:33:23,099 - INFO -     Недостаточная история: 67
2026-01-23 11:33:23,099 - INFO -     Постоянная цена: 0
2026-01-23 11:33:23,099 - INFO -     NaN после нормализации: 336
2026-01-23 11:33:23,099 - INFO -     Итоговые символы: 336 (83.4%)
2026-01-23 11:33:23,099 - INFO -   После нормализации: 336 символов (потеряно 67)
2026-01-23 11:33:23,100 - INFO -   Отброшено много символов: 67 из 403
2026-01-23 11:33:23,100 - INFO - ⇠ normalizing training data — done in 0.95s
2026-01-23 11:33:23,100 - INFO -   Фиксированный universe: 250 пар (отфильтровано 0 недоступных)
2026-01-23 11:33:23,100 - INFO - ⇢ filtering pairs by cointegration and half-life — start
2026-01-23 11:33:23,100 - INFO - [ФИЛЬТР] Параллельная фильтрация: threads (8 workers)
2026-01-23 11:33:43,014 - INFO - [ФИЛЬТР] После проверки данных: 250 пар
2026-01-23 11:33:43,014 - INFO - [ФИЛЬТР] После фильтра корреляции (>0.4): 242 пар
2026-01-23 11:33:43,014 - INFO - [ФИЛЬТР] После фильтра beta: 204 пар
2026-01-23 11:33:43,014 - INFO - [ФИЛЬТР] После фильтра mean crossings: 204 пар
2026-01-23 11:33:43,014 - INFO - [ФИЛЬТР] После фильтра half-life: 204 пар
2026-01-23 11:33:43,014 - INFO - [ФИЛЬТР] После фильтра коинтеграции: 198 пар
2026-01-23 11:33:43,014 - INFO - [ФИЛЬТР] После фильтра Hurst: 139 пар
2026-01-23 11:33:43,014 - INFO - [ФИЛЬТР] После фильтра KPSS: 139 пар
2026-01-23 11:33:43,014 - INFO - [ФИЛЬТР] После фильтра market microstructure: 135 пар
2026-01-23 11:33:43,014 - INFO - [ФИЛЬТР] Статистика фильтрации (оптимизированный порядок):
2026-01-23 11:33:43,014 - INFO -   1. SSD → Коинтеграция: 250 → 198 пар
2026-01-23 11:33:43,014 - INFO -   2. Коинтеграция → Beta: 198 → 204 пар
2026-01-23 11:33:43,014 - INFO -   3. Beta → Half-life: 204 → 204 пар
2026-01-23 11:33:43,014 - INFO -   4. Half-life → Mean crossings: 204 → 204 пар
2026-01-23 11:33:43,015 - INFO -   5. Mean crossings → Hurst: 204 → 139 пар
2026-01-23 11:33:43,015 - INFO -   6. Hurst → KPSS: 139 → 139 пар
2026-01-23 11:33:43,015 - INFO -   7. KPSS → Market microstructure: 139 → 135 пар
2026-01-23 11:33:43,015 - INFO - [ФИЛЬТР] Причины отсева:
2026-01-23 11:33:43,015 - INFO -   • hurst: 59 пар (23.6%)
2026-01-23 11:33:43,015 - INFO -   • beta: 38 пар (15.2%)
2026-01-23 11:33:43,015 - INFO -   • low_correlation: 8 пар (3.2%)
2026-01-23 11:33:43,015 - INFO -   • pvalue: 6 пар (2.4%)
2026-01-23 11:33:43,015 - INFO -   • history: 4 пар (1.6%)
2026-01-23 11:33:43,015 - INFO - [ФИЛЬТР] Итого: 250 → 135 пар (54.0% прошли все фильтры)
2026-01-23 11:33:43,022 - INFO - Причины отсева сохранены в results/filter_reasons_20260123_113343.csv
2026-01-23 11:33:43,022 - INFO -   Pair stability filter: insufficient history (0 < 1), skip
2026-01-23 11:33:43,022 - INFO -   Фильтрация: 250 → 135 пар
2026-01-23 11:33:43,022 - INFO - ⇠ filtering pairs by cointegration and half-life — done in 19.92s
2026-01-23 11:33:43,022 - INFO - ⇠ WF-шаг 1/5: training 2024-02-01-2024-04-30, testing 2024-05-01-2024-05-31 — done in 24.29s
2026-01-23 11:33:43,022 - INFO -   Ограничение max_pairs=50: 135 → 50
2026-01-23 11:33:43,022 - INFO -   Топ-3 пары по волатильности спреда:
2026-01-23 11:33:43,022 - INFO -     1. BTCDAI-BTCEUR: beta=1.0799, std=663.3878
2026-01-23 11:33:43,022 - INFO -     2. COMPUSDT-GTAIUSDT: beta=13.3410, std=4.9977
2026-01-23 11:33:43,022 - INFO -     3. ETHUSDC-ETHUSDT: beta=1.0017, std=1.8914
2026-01-23 11:33:43,023 - INFO -   Всего пар для торговли: 50 (ограничение 15 применяется к одновременно открытым позициям)
2026-01-23 11:33:43,023 - INFO -   💰 Проверка расчета капитала: equity=$1,000.00, кандидатных_пар=50, max_позиций=15
2026-01-23 11:33:43,023 - INFO -   🎯 Target concurrency: 15 (ожидаемое одновременное число позиций)
2026-01-23 11:33:43,023 - INFO -   📊 Детали расчета капитала:
2026-01-23 11:33:43,023 - INFO -      • Базовый капитал на пару: $66.67 (equity / target_concurrency)
2026-01-23 11:33:43,023 - INFO -      • Риск-капитал: $20.00 (2.0% от equity)
2026-01-23 11:33:43,023 - INFO -      • Макс. размер позиции: $20.00 (2.0% от equity)
2026-01-23 11:33:43,023 - INFO -      • Итоговый капитал на пару: $20.00
2026-01-23 11:33:43,023 - INFO - ⇢ WF-шаг 1/5 backtests — starting 50 items
2026-01-23 11:33:43,023 - INFO - 🚀 WF-шаг 1/5: Начинаем бэктесты для 50 пар...
2026-01-23 11:33:43,023 - INFO - 🚀 WF-шаг 1/5: Запускаем параллельную обработку 50 пар на 8 ядрах...
2026-01-23 11:33:43,023 - INFO - 🚀 WF-шаг 1/5: Режим параллельности: процессы
⚙️  Загрузка данных за период: 2024-01-27 -> 2024-10-03
📂 Найдено 43 parquet файлов для обработки.
📊 Схема данных: Schema({'timestamp': Int64, 'open': Float64, 'high': Float64, 'low': Float64, 'close': Float64, 'volume': Float64, 'turnover': String, 'ts_ms': Int64, 'symbol': String})
✅ Загружено 9788769 записей с помощью Polars.
📊 Типы данных в pandas: timestamp       datetime64[us]
symbol                  object
close                  float64
timestamp_ms             int64
dtype: object
⚙️  Загрузка данных за период: 2024-02-01 -> 2024-05-31
📂 Найдено 43 parquet файлов для обработки.
📊 Схема данных: Schema({'timestamp': Int64, 'open': Float64, 'high': Float64, 'low': Float64, 'close': Float64, 'volume': Float64, 'turnover': String, 'ts_ms': Int64, 'symbol': String})
✅ Загружено 4205229 записей с помощью Polars.
📊 Типы данных в pandas: timestamp       datetime64[us]
symbol                  object
close                  float64
timestamp_ms             int64
dtype: object
2026-01-23 11:33:43,251 - coint2.engine.numba_engine - INFO - Запуск Numba-оптимизированного бэктеста для BTCDAI-BTCEUR
2026-01-23 11:33:43,368 - coint2.engine.numba_engine - INFO - Запуск Numba-оптимизированного бэктеста для COMPUSDT-GTAIUSDT
2026-01-23 11:33:43,467 - coint2.engine.numba_engine - INFO - Запуск Numba-оптимизированного бэктеста для ETHUSDC-ETHUSDT
2026-01-23 11:33:43,594 - coint2.engine.numba_engine - INFO - Запуск Numba-оптимизированного бэктеста для ETCUSDT-JUVUSDT
2026-01-23 11:33:43,739 - coint2.engine.numba_engine - INFO - Запуск Numba-оптимизированного бэктеста для KCSUSDT-KDAUSDT
2026-01-23 11:33:43,752 - coint2.engine.numba_engine - INFO - Запуск Numba-оптимизированного бэктеста для FILUSDC-JUVUSDT
2026-01-23 11:33:43,876 - coint2.engine.numba_engine - INFO - Запуск Numba-оптимизированного бэктеста для FILUSDC-GTAIUSDT
2026-01-23 11:33:43,898 - coint2.engine.numba_engine - INFO - Запуск Numba-оптимизированного бэктеста для ATOMUSDT-KDAUSDT
2026-01-23 11:33:43,930 - coint2.engine.numba_engine - INFO - Запуск Numba-оптимизированного бэктеста для FILUSDT-JUVUSDT
2026-01-23 11:33:43,950 - coint2.engine.numba_engine - INFO - Запуск Numba-оптимизированного бэктеста для FILUSDT-GTAIUSDT
2026-01-23 11:33:44,051 - coint2.engine.numba_engine - INFO - Запуск Numba-оптимизированного бэктеста для DOTUSDC-KDAUSDT
2026-01-23 11:33:44,058 - coint2.engine.numba_engine - INFO - Запуск Numba-оптимизированного бэктеста для HNTUSDT-INTERUSDT
2026-01-23 11:33:44,063 - coint2.engine.numba_engine - INFO - Запуск Numba-оптимизированного бэктеста для FTTUSDT-GSWIFTUSDT
2026-01-23 11:33:44,129 - coint2.engine.numba_engine - INFO - Запуск Numba-оптимизированного бэктеста для DOTUSDT-KDAUSDT
2026-01-23 11:33:44,213 - coint2.engine.numba_engine - INFO - Запуск Numba-оптимизированного бэктеста для DOTUSDC-FTTUSDT
2026-01-23 11:33:44,235 - coint2.engine.numba_engine - INFO - Запуск Numba-оптимизированного бэктеста для GALFTUSDT-GRTUSDT
2026-01-23 11:33:44,231 - coint2.engine.numba_engine - INFO - Запуск Numba-оптимизированного бэктеста для CYBERUSDT-FIDAUSDT
2026-01-23 11:33:44,267 - coint2.engine.numba_engine - INFO - Запуск Numba-оптимизированного бэктеста для FLOWUSDT-JUVUSDT
2026-01-23 11:33:44,288 - coint2.engine.numba_engine - INFO - Запуск Numba-оптимизированного бэктеста для CITYUSDT-KASTAUSDT
2026-01-23 11:33:44,350 - coint2.engine.numba_engine - INFO - Запуск Numba-оптимизированного бэктеста для DOTUSDT-FTTUSDT
2026-01-23 11:33:44,390 - coint2.engine.numba_engine - INFO - Запуск Numba-оптимизированного бэктеста для ARTYUSDT-KUBUSDT
2026-01-23 11:33:44,415 - coint2.engine.numba_engine - INFO - Запуск Numba-оптимизированного бэктеста для AFCUSDT-CITYUSDT
2026-01-23 11:33:44,391 - coint2.engine.numba_engine - INFO - Запуск Numba-оптимизированного бэктеста для GALFTUSDT-HBARUSDT
2026-01-23 11:33:44,451 - coint2.engine.numba_engine - INFO - Запуск Numba-оптимизированного бэктеста для ARTYUSDT-GENEUSDT
2026-01-23 11:33:44,527 - coint2.engine.numba_engine - INFO - Запуск Numba-оптимизированного бэктеста для APEXUSDT-KASTAUSDT
2026-01-23 11:33:44,548 - coint2.engine.numba_engine - INFO - Запуск Numba-оптимизированного бэктеста для FLOWUSDT-HVHUSDT
2026-01-23 11:33:44,581 - coint2.engine.numba_engine - INFO - Запуск Numba-оптимизированного бэктеста для AXSUSDT-KUBUSDT
2026-01-23 11:33:44,595 - coint2.engine.numba_engine - INFO - Запуск Numba-оптимизированного бэктеста для APEXUSDT-AVAUSDT
2026-01-23 11:33:44,588 - coint2.engine.numba_engine - INFO - Запуск Numba-оптимизированного бэктеста для DMAILUSDT-GMTUSDT
2026-01-23 11:33:44,618 - coint2.engine.numba_engine - INFO - 🔍 ДИАГНОСТИКА FLOWUSDT-HVHUSDT:
2026-01-23 11:33:44,618 - coint2.engine.numba_engine - INFO -    entry_threshold: 1.0
2026-01-23 11:33:44,618 - coint2.engine.numba_engine - INFO -    exit_threshold: 0.06
2026-01-23 11:33:44,618 - coint2.engine.numba_engine - INFO -    Макс |z_score|: 5.6862
2026-01-23 11:33:44,618 - coint2.engine.numba_engine - INFO -    Позиций != 0: 659
2026-01-23 11:33:44,618 - coint2.engine.numba_engine - INFO -    Изменений позиций: 71
2026-01-23 11:33:44,619 - coint2.engine.numba_engine - INFO -    PnL сумма: 22.4917
2026-01-23 11:33:44,623 - coint2.engine.numba_engine - INFO - Запуск Numba-оптимизированного бэктеста для APEUSDC-HFTUSDT
2026-01-23 11:33:44,633 - coint2.engine.numba_engine - INFO -    Первые 10 z_scores: [1.4231215  1.170881   0.91543454 0.7576492  0.87377423 0.73298055
 0.4843788  0.43646535 0.9170312  0.68358904]
2026-01-23 11:33:44,634 - coint2.engine.numba_engine - INFO -    Превышают порог: 1360
2026-01-23 11:33:44,650 - coint2.engine.numba_engine - INFO - Запуск Numba-оптимизированного бэктеста для ATOMUSDT-GODSUSDT
2026-01-23 11:33:44,663 - coint2.engine.numba_engine - INFO - Запуск Numba-оптимизированного бэктеста для APEXUSDC-AVAUSDT
2026-01-23 11:33:44,727 - coint2.engine.numba_engine - INFO - Запуск Numba-оптимизированного бэктеста для CELOUSDT-FITFIUSDT
2026-01-23 11:33:44,741 - coint2.engine.numba_engine - INFO - Запуск Numba-оптимизированного бэктеста для AFCUSDT-ANKRUSDT
2026-01-23 11:33:44,755 - coint2.engine.numba_engine - INFO - Запуск Numba-оптимизированного бэктеста для DYDXUSDT-KCALUSDT
2026-01-23 11:33:44,800 - coint2.engine.numba_engine - INFO - Запуск Numba-оптимизированного бэктеста для CAKEUSDT-FIDAUSDT
2026-01-23 11:33:44,815 - coint2.engine.numba_engine - INFO - Запуск Numba-оптимизированного бэктеста для AXLUSDT-FILUSDT
2026-01-23 11:33:44,808 - coint2.engine.numba_engine - INFO - Запуск Numba-оптимизированного бэктеста для ATOMUSDT-KCALUSDT
2026-01-23 11:33:44,911 - coint2.engine.numba_engine - INFO - Запуск Numba-оптимизированного бэктеста для ARTYUSDT-KDAUSDT
2026-01-23 11:33:44,915 - coint2.engine.numba_engine - INFO - Запуск Numba-оптимизированного бэктеста для AFCUSDT-BICOUSDT
2026-01-23 11:33:44,956 - coint2.engine.numba_engine - INFO - Запуск Numba-оптимизированного бэктеста для FTTUSDT-KSMUSDT
2026-01-23 11:33:44,963 - coint2.engine.numba_engine - INFO - Запуск Numba-оптимизированного бэктеста для CTCUSDT-DMAILUSDT
2026-01-23 11:33:44,969 - coint2.engine.numba_engine - INFO - Запуск Numba-оптимизированного бэктеста для GALFTUSDT-HVHUSDT
2026-01-23 11:33:45,037 - coint2.engine.numba_engine - INFO - 🔍 ДИАГНОСТИКА GALFTUSDT-HVHUSDT:
2026-01-23 11:33:45,038 - coint2.engine.numba_engine - INFO -    entry_threshold: 1.0
2026-01-23 11:33:45,038 - coint2.engine.numba_engine - INFO -    exit_threshold: 0.06
2026-01-23 11:33:45,038 - coint2.engine.numba_engine - INFO -    Макс |z_score|: 10.4103
2026-01-23 11:33:45,038 - coint2.engine.numba_engine - INFO -    Позиций != 0: 718
2026-01-23 11:33:45,038 - coint2.engine.numba_engine - INFO -    Изменений позиций: 65
2026-01-23 11:33:45,038 - coint2.engine.numba_engine - INFO -    PnL сумма: 8.8253
2026-01-23 11:33:45,039 - coint2.engine.numba_engine - INFO -    Первые 10 z_scores: [0.25753918 0.2817404  0.27650234 0.2711627  0.27138817 0.27258173
 0.2671839  0.3034511  0.28870547 0.27344045]
2026-01-23 11:33:45,039 - coint2.engine.numba_engine - INFO -    Превышают порог: 1355
2026-01-23 11:33:45,103 - coint2.engine.numba_engine - INFO - Запуск Numba-оптимизированного бэктеста для AXLUSDT-FILUSDC
2026-01-23 11:33:45,117 - coint2.engine.numba_engine - INFO - Запуск Numba-оптимизированного бэктеста для AFCUSDT-C98USDT
2026-01-23 11:33:45,121 - coint2.engine.numba_engine - INFO - Запуск Numba-оптимизированного бэктеста для APEUSDC-GODSUSDT
2026-01-23 11:33:45,258 - coint2.engine.numba_engine - INFO - Запуск Numba-оптимизированного бэктеста для CELOUSDT-CGPTUSDT
2026-01-23 11:33:45,261 - coint2.engine.numba_engine - INFO - Запуск Numba-оптимизированного бэктеста для APEUSDT-GODSUSDT
2026-01-23 11:33:45,280 - coint2.engine.numba_engine - INFO - Запуск Numba-оптимизированного бэктеста для AGLDUSDT-KUBUSDT
2026-01-23 11:33:45,387 - coint2.engine.numba_engine - INFO - Запуск Numba-оптимизированного бэктеста для DMAILUSDT-GMTUSDC
2026-01-23 11:33:45,560 - INFO -   ⏱️ Параллельная обработка завершена за 2.5с (19.7 пар/с)
2026-01-23 11:33:45,626 - coint2.pipeline.walk_forward_orchestrator - INFO - 🎯 СИМУЛЯЦИЯ ПОРТФЕЛЯ: 50 пар, лимит 15 позиций
2026-01-23 11:33:46,813 - coint2.pipeline.walk_forward_orchestrator - INFO -    📈 Макс. одновременных сигналов: 32
2026-01-23 11:33:46,813 - coint2.pipeline.walk_forward_orchestrator - INFO -    📊 Средн. сигналов за период: 17.0
2026-01-23 11:33:46,813 - coint2.pipeline.walk_forward_orchestrator - INFO -    🎯 Финальных активных позиций: 10
2026-01-23 11:33:46,814 - coint2.pipeline.walk_forward_orchestrator - INFO -    ⚡ Утилизация лимита позиций: 91.5%
2026-01-23 11:33:46,815 - INFO - ⇠ WF-шаг 1/5 backtests — completed 50 items in 3.79s (13.2 items/s)
2026-01-23 11:33:46,815 - INFO -   ✅ Обработка завершена: 50 успешно, 0 с ошибками
2026-01-23 11:33:46,815 - INFO -   📊 Успешность: 100.0%, прибыльность: 48.0%, сделок/пара: 42.8
2026-01-23 11:33:46,815 - INFO -   ✅ Завершены бэктесты для 50 пар
2026-01-23 11:33:46,815 - INFO -   📊 Всего обработано пар в этом шаге: 50
2026-01-23 11:33:46,815 - INFO -   📈 Результаты шага: 24/50 прибыльных пар, 2139 сделок
2026-01-23 11:33:46,815 - INFO -   💰 P&L шага: $-285.86
2026-01-23 11:33:46,816 - INFO -   ⇢ Обновление капитала и дневного P&L...
2026-01-23 11:33:48,026 - INFO -   💼 Шаг P&L: $-285.86, Накопленный капитал: $714.14
2026-01-23 11:33:48,026 - INFO - ------------------------------------------------------------
2026-01-23 11:33:48,026 - INFO -   Walk-forward steps: 1 / 5 (20.0%) | 0.0 items/s | ETA: 117.2s
2026-01-23 11:33:48,026 - INFO - 🔍 WF-шаг 2/5: Валидация временных окон...
2026-01-23 11:33:48,027 - INFO - ⇢ WF-шаг 2/5: training 2024-03-02-2024-05-30, testing 2024-05-31-2024-06-30 — start
2026-01-23 11:33:48,027 - INFO - ⇢ loading step data — start
2026-01-23 11:33:48,451 - INFO - ⇠ loading step data — done in 0.42s
2026-01-23 11:33:51,603 - INFO - 📊 WF-шаг 2/5: Границы данных:
2026-01-23 11:33:51,604 - INFO -    Training: 2024-03-02 00:00:00 → 2024-05-30 23:45:00 (8,640 строк × 432 символов)
2026-01-23 11:33:51,604 - INFO -    Testing:  2024-05-31 00:00:00 → 2024-06-30 00:00:00 (2,881 строк × 432 символов)
2026-01-23 11:33:51,604 - INFO -    Временной разрыв: 0 days 00:15:00
2026-01-23 11:33:51,663 - INFO - ⇢ normalizing training data — start
2026-01-23 11:33:51,719 - INFO -   Символы с NaN значениями: 86
2026-01-23 11:33:51,720 - INFO -   Применяем метод нормализации: rolling_zscore
2026-01-23 11:33:51,749 - INFO - Символы с недостаточной историей: 77 из 432
2026-01-23 11:33:52,610 - INFO - Символы с NaN после нормализации: 355
2026-01-23 11:33:52,621 - INFO - Удалено 1673 начальных строк с NaN от rolling расчетов
2026-01-23 11:33:52,624 - INFO - Итоговое количество символов после нормализации: 355 из 432
2026-01-23 11:33:52,624 - INFO -   Статистика нормализации:
2026-01-23 11:33:52,624 - INFO -     Исходные символы: 432
2026-01-23 11:33:52,624 - INFO -     Недостаточная история: 77
2026-01-23 11:33:52,624 - INFO -     Постоянная цена: 0
2026-01-23 11:33:52,624 - INFO -     NaN после нормализации: 355
2026-01-23 11:33:52,624 - INFO -     Итоговые символы: 355 (82.2%)
2026-01-23 11:33:52,625 - INFO -   После нормализации: 355 символов (потеряно 77)
2026-01-23 11:33:52,625 - INFO -   Отброшено много символов: 77 из 432
2026-01-23 11:33:52,625 - INFO - ⇠ normalizing training data — done in 0.96s
2026-01-23 11:33:52,625 - INFO -   Фиксированный universe: 250 пар (отфильтровано 0 недоступных)
2026-01-23 11:33:52,625 - INFO - ⇢ filtering pairs by cointegration and half-life — start
2026-01-23 11:33:52,625 - INFO - [ФИЛЬТР] Параллельная фильтрация: threads (8 workers)
2026-01-23 11:34:09,903 - INFO - [ФИЛЬТР] После проверки данных: 250 пар
2026-01-23 11:34:09,903 - INFO - [ФИЛЬТР] После фильтра корреляции (>0.4): 231 пар
2026-01-23 11:34:09,903 - INFO - [ФИЛЬТР] После фильтра beta: 194 пар
2026-01-23 11:34:09,903 - INFO - [ФИЛЬТР] После фильтра mean crossings: 194 пар
2026-01-23 11:34:09,903 - INFO - [ФИЛЬТР] После фильтра half-life: 194 пар
2026-01-23 11:34:09,903 - INFO - [ФИЛЬТР] После фильтра коинтеграции: 165 пар
2026-01-23 11:34:09,903 - INFO - [ФИЛЬТР] После фильтра Hurst: 115 пар
2026-01-23 11:34:09,904 - INFO - [ФИЛЬТР] После фильтра KPSS: 115 пар
2026-01-23 11:34:09,904 - INFO - [ФИЛЬТР] После фильтра market microstructure: 115 пар
2026-01-23 11:34:09,904 - INFO - [ФИЛЬТР] Статистика фильтрации (оптимизированный порядок):
2026-01-23 11:34:09,904 - INFO -   1. SSD → Коинтеграция: 250 → 165 пар
2026-01-23 11:34:09,904 - INFO -   2. Коинтеграция → Beta: 165 → 194 пар
2026-01-23 11:34:09,904 - INFO -   3. Beta → Half-life: 194 → 194 пар
2026-01-23 11:34:09,904 - INFO -   4. Half-life → Mean crossings: 194 → 194 пар
2026-01-23 11:34:09,904 - INFO -   5. Mean crossings → Hurst: 194 → 115 пар
2026-01-23 11:34:09,904 - INFO -   6. Hurst → KPSS: 115 → 115 пар
2026-01-23 11:34:09,904 - INFO -   7. KPSS → Market microstructure: 115 → 115 пар
2026-01-23 11:34:09,904 - INFO - [ФИЛЬТР] Причины отсева:
2026-01-23 11:34:09,904 - INFO -   • hurst: 50 пар (20.0%)
2026-01-23 11:34:09,904 - INFO -   • beta: 37 пар (14.8%)
2026-01-23 11:34:09,904 - INFO -   • pvalue: 29 пар (11.6%)
2026-01-23 11:34:09,904 - INFO -   • low_correlation: 19 пар (7.6%)
2026-01-23 11:34:09,904 - INFO - [ФИЛЬТР] Итого: 250 → 115 пар (46.0% прошли все фильтры)
2026-01-23 11:34:09,907 - INFO - Причины отсева сохранены в results/filter_reasons_20260123_113409.csv
2026-01-23 11:34:09,908 - INFO -   Pair stability filter: 115 → 87 (window=2, min_steps=1, history=1)
2026-01-23 11:34:09,908 - INFO -   Фильтрация: 250 → 87 пар
2026-01-23 11:34:09,908 - INFO - ⇠ filtering pairs by cointegration and half-life — done in 17.28s
2026-01-23 11:34:09,908 - INFO - ⇠ WF-шаг 2/5: training 2024-03-02-2024-05-30, testing 2024-05-31-2024-06-30 — done in 21.88s
2026-01-23 11:34:09,908 - INFO -   Ограничение max_pairs=50: 87 → 50
2026-01-23 11:34:09,908 - INFO -   Топ-3 пары по волатильности спреда:
2026-01-23 11:34:09,908 - INFO -     1. BTCDAI-BTCEUR: beta=1.1387, std=658.9744
2026-01-23 11:34:09,909 - INFO -     2. ETHUSDC-ETHUSDT: beta=1.0013, std=2.1640
2026-01-23 11:34:09,909 - INFO -     3. CYBERUSDT-FIDAUSDT: beta=18.0281, std=1.0583
2026-01-23 11:34:09,909 - INFO -   Всего пар для торговли: 50 (ограничение 15 применяется к одновременно открытым позициям)
2026-01-23 11:34:09,909 - INFO -   💰 Проверка расчета капитала: equity=$714.14, кандидатных_пар=50, max_позиций=15
2026-01-23 11:34:09,909 - INFO -   🎯 Target concurrency: 15 (ожидаемое одновременное число позиций)
2026-01-23 11:34:09,909 - INFO -   📊 Детали расчета капитала:
2026-01-23 11:34:09,909 - INFO -      • Базовый капитал на пару: $47.61 (equity / target_concurrency)
2026-01-23 11:34:09,909 - INFO -      • Риск-капитал: $14.28 (2.0% от equity)
2026-01-23 11:34:09,909 - INFO -      • Макс. размер позиции: $14.28 (2.0% от equity)
2026-01-23 11:34:09,910 - INFO -      • Итоговый капитал на пару: $14.28
2026-01-23 11:34:09,910 - INFO - ⇢ WF-шаг 2/5 backtests — starting 50 items
2026-01-23 11:34:09,910 - INFO - 🚀 WF-шаг 2/5: Начинаем бэктесты для 50 пар...
2026-01-23 11:34:09,910 - INFO - 🚀 WF-шаг 2/5: Запускаем параллельную обработку 50 пар на 8 ядрах...
2026-01-23 11:34:09,910 - INFO - 🚀 WF-шаг 2/5: Режим параллельности: процессы
⚙️  Загрузка данных за период: 2024-03-02 -> 2024-06-30
📂 Найдено 43 parquet файлов для обработки.
📊 Схема данных: Schema({'timestamp': Int64, 'open': Float64, 'high': Float64, 'low': Float64, 'close': Float64, 'volume': Float64, 'turnover': String, 'ts_ms': Int64, 'symbol': String})
✅ Загружено 4429881 записей с помощью Polars.
📊 Типы данных в pandas: timestamp       datetime64[us]
symbol                  object
close                  float64
timestamp_ms             int64
dtype: object
2026-01-23 11:34:09,984 - coint2.engine.numba_engine - INFO - Запуск Numba-оптимизированного бэктеста для BTCDAI-BTCEUR
2026-01-23 11:34:10,040 - coint2.engine.numba_engine - INFO - Запуск Numba-оптимизированного бэктеста для ETHUSDC-ETHUSDT
2026-01-23 11:34:10,082 - coint2.engine.numba_engine - INFO - Запуск Numba-оптимизированного бэктеста для CYBERUSDT-FIDAUSDT
2026-01-23 11:34:10,088 - coint2.engine.numba_engine - INFO - Запуск Numba-оптимизированного бэктеста для HNTUSDT-INTERUSDT
2026-01-23 11:34:10,116 - coint2.engine.numba_engine - INFO - Запуск Numba-оптимизированного бэктеста для ATOMUSDT-GODSUSDT
2026-01-23 11:34:10,146 - coint2.engine.numba_engine - INFO - Запуск Numba-оптимизированного бэктеста для FILUSDT-JUVUSDT
2026-01-23 11:34:10,164 - coint2.engine.numba_engine - INFO - Запуск Numba-оптимизированного бэктеста для CITYUSDT-KASTAUSDT
2026-01-23 11:34:10,215 - coint2.engine.numba_engine - INFO - Запуск Numba-оптимизированного бэктеста для FILUSDC-JUVUSDT
2026-01-23 11:34:10,217 - coint2.engine.numba_engine - INFO - Запуск Numba-оптимизированного бэктеста для FLOWUSDT-HVHUSDT
2026-01-23 11:34:10,246 - coint2.engine.numba_engine - INFO - 🔍 ДИАГНОСТИКА FLOWUSDT-HVHUSDT:
2026-01-23 11:34:10,246 - coint2.engine.numba_engine - INFO -    entry_threshold: 1.0
2026-01-23 11:34:10,253 - coint2.engine.numba_engine - INFO -    exit_threshold: 0.06
2026-01-23 11:34:10,254 - coint2.engine.numba_engine - INFO -    Макс |z_score|: 16.6024
2026-01-23 11:34:10,254 - coint2.engine.numba_engine - INFO -    Позиций != 0: 1454
2026-01-23 11:34:10,254 - coint2.engine.numba_engine - INFO -    Изменений позиций: 88
2026-01-23 11:34:10,254 - coint2.engine.numba_engine - INFO -    PnL сумма: -95.7307
2026-01-23 11:34:10,255 - coint2.engine.numba_engine - INFO -    Первые 10 z_scores: [-1.3505305 -1.7185029 -1.4328145 -1.3039925 -1.6309805 -1.5539491
 -1.4519924 -1.5030717 -1.0084609 -1.3187553]
2026-01-23 11:34:10,255 - coint2.engine.numba_engine - INFO -    Превышают порог: 1404
2026-01-23 11:34:10,283 - coint2.engine.numba_engine - INFO - Запуск Numba-оптимизированного бэктеста для ATOMUSDT-KDAUSDT
2026-01-23 11:34:10,288 - coint2.engine.numba_engine - INFO - Запуск Numba-оптимизированного бэктеста для FILUSDC-GTAIUSDT
2026-01-23 11:34:10,316 - coint2.engine.numba_engine - INFO - Запуск Numba-оптимизированного бэктеста для DMAILUSDT-GMTUSDT
2026-01-23 11:34:10,330 - coint2.engine.numba_engine - INFO - Запуск Numba-оптимизированного бэктеста для AFCUSDT-C98USDT
2026-01-23 11:34:10,334 - coint2.engine.numba_engine - INFO - Запуск Numba-оптимизированного бэктеста для APEXUSDT-KASTAUSDT
2026-01-23 11:34:10,344 - coint2.engine.numba_engine - INFO - Запуск Numba-оптимизированного бэктеста для GALFTUSDT-GRTUSDT
2026-01-23 11:34:10,365 - coint2.engine.numba_engine - INFO - Запуск Numba-оптимизированного бэктеста для FILUSDT-GTAIUSDT
2026-01-23 11:34:10,385 - coint2.engine.numba_engine - INFO - Запуск Numba-оптимизированного бэктеста для CAKEUSDT-FIDAUSDT
2026-01-23 11:34:10,387 - coint2.engine.numba_engine - INFO - Запуск Numba-оптимизированного бэктеста для APEUSDC-HFTUSDT
2026-01-23 11:34:10,390 - coint2.engine.numba_engine - INFO - Запуск Numba-оптимизированного бэктеста для FIDAUSDT-KAVAUSDT
2026-01-23 11:34:10,416 - coint2.engine.numba_engine - INFO - Запуск Numba-оптимизированного бэктеста для AXLUSDT-FILUSDC
2026-01-23 11:34:10,440 - coint2.engine.numba_engine - INFO - Запуск Numba-оптимизированного бэктеста для HOOKUSDT-KAVAUSDT
2026-01-23 11:34:10,440 - coint2.engine.numba_engine - INFO - Запуск Numba-оптимизированного бэктеста для AFCUSDT-CITYUSDT
2026-01-23 11:34:10,454 - coint2.engine.numba_engine - INFO - Запуск Numba-оптимизированного бэктеста для DYDXUSDT-KCALUSDT
2026-01-23 11:34:10,479 - coint2.engine.numba_engine - INFO - Запуск Numba-оптимизированного бэктеста для CGPTUSDT-FILUSDT
2026-01-23 11:34:10,483 - coint2.engine.numba_engine - INFO - Запуск Numba-оптимизированного бэктеста для FTTUSDT-KSMUSDT
2026-01-23 11:34:10,492 - coint2.engine.numba_engine - INFO - Запуск Numba-оптимизированного бэктеста для AGLDUSDT-HFTUSDT
2026-01-23 11:34:10,495 - coint2.engine.numba_engine - INFO - Запуск Numba-оптимизированного бэктеста для AXLUSDT-FILUSDT
2026-01-23 11:34:10,502 - coint2.engine.numba_engine - INFO - Запуск Numba-оптимизированного бэктеста для CBKUSDT-FILUSDC
2026-01-23 11:34:10,513 - coint2.engine.numba_engine - INFO - Запуск Numba-оптимизированного бэктеста для ARTYUSDT-KDAUSDT
2026-01-23 11:34:10,528 - coint2.engine.numba_engine - INFO - Запуск Numba-оптимизированного бэктеста для AGLDUSDT-HFTUSDC
2026-01-23 11:34:10,575 - coint2.engine.numba_engine - INFO - Запуск Numba-оптимизированного бэктеста для ARTYUSDT-GENEUSDT
2026-01-23 11:34:10,577 - coint2.engine.numba_engine - INFO - Запуск Numba-оптимизированного бэктеста для CTCUSDT-DMAILUSDT
2026-01-23 11:34:10,586 - coint2.engine.numba_engine - INFO - Запуск Numba-оптимизированного бэктеста для CELOUSDT-FITFIUSDT
2026-01-23 11:34:10,590 - coint2.engine.numba_engine - INFO - Запуск Numba-оптимизированного бэктеста для 1INCHUSDT-KUBUSDT
2026-01-23 11:34:10,606 - coint2.engine.numba_engine - INFO - Запуск Numba-оптимизированного бэктеста для BICOUSDT-KASTAUSDT
2026-01-23 11:34:10,614 - coint2.engine.numba_engine - INFO - Запуск Numba-оптимизированного бэктеста для HOOKUSDT-ICXUSDT
2026-01-23 11:34:10,667 - coint2.engine.numba_engine - INFO - Запуск Numba-оптимизированного бэктеста для CELOUSDT-CGPTUSDT
2026-01-23 11:34:10,673 - coint2.engine.numba_engine - INFO - Запуск Numba-оптимизированного бэктеста для ENJUSDT-GTAIUSDT
2026-01-23 11:34:10,687 - coint2.engine.numba_engine - INFO - Запуск Numba-оптимизированного бэктеста для BICOUSDT-DUELUSDT
2026-01-23 11:34:10,691 - coint2.engine.numba_engine - INFO - Запуск Numba-оптимизированного бэктеста для CBKUSDT-FILUSDT
2026-01-23 11:34:10,712 - coint2.engine.numba_engine - INFO - Запуск Numba-оптимизированного бэктеста для BICOUSDT-ETHWUSDT
2026-01-23 11:34:10,736 - coint2.engine.numba_engine - INFO - Запуск Numba-оптимизированного бэктеста для AFCUSDT-BICOUSDT
2026-01-23 11:34:10,788 - coint2.engine.numba_engine - INFO - Запуск Numba-оптимизированного бэктеста для CELOUSDT-FLOWUSDT
2026-01-23 11:34:10,795 - coint2.engine.numba_engine - INFO - Запуск Numba-оптимизированного бэктеста для AVAUSDT-FITFIUSDT
2026-01-23 11:34:10,811 - coint2.engine.numba_engine - INFO - Запуск Numba-оптимизированного бэктеста для FIDAUSDT-HOOKUSDT
2026-01-23 11:34:10,863 - coint2.engine.numba_engine - INFO - Запуск Numba-оптимизированного бэктеста для AGLDUSDT-KUBUSDT
2026-01-23 11:34:10,899 - coint2.engine.numba_engine - INFO - Запуск Numba-оптимизированного бэктеста для CGPTUSDT-FILUSDC
2026-01-23 11:34:10,988 - coint2.engine.numba_engine - INFO - Запуск Numba-оптимизированного бэктеста для DMAILUSDT-GMTUSDC
2026-01-23 11:34:11,111 - coint2.engine.numba_engine - INFO - Запуск Numba-оптимизированного бэктеста для CBKUSDT-ENJUSDT
2026-01-23 11:34:11,237 - coint2.engine.numba_engine - INFO - Запуск Numba-оптимизированного бэктеста для CRVUSDT-HFTUSDC
2026-01-23 11:34:11,451 - INFO -   ⏱️ Параллельная обработка завершена за 1.5с (32.4 пар/с)
2026-01-23 11:34:11,589 - coint2.pipeline.walk_forward_orchestrator - INFO - 🎯 СИМУЛЯЦИЯ ПОРТФЕЛЯ: 50 пар, лимит 15 позиций
2026-01-23 11:34:13,914 - coint2.pipeline.walk_forward_orchestrator - INFO -    📈 Макс. одновременных сигналов: 33
2026-01-23 11:34:13,915 - coint2.pipeline.walk_forward_orchestrator - INFO -    📊 Средн. сигналов за период: 18.6
2026-01-23 11:34:13,915 - coint2.pipeline.walk_forward_orchestrator - INFO -    🎯 Финальных активных позиций: 13
2026-01-23 11:34:13,916 - coint2.pipeline.walk_forward_orchestrator - INFO -    ⚡ Утилизация лимита позиций: 94.5%
2026-01-23 11:34:13,917 - INFO - ⇠ WF-шаг 2/5 backtests — completed 50 items in 4.01s (12.5 items/s)
2026-01-23 11:34:13,917 - INFO -   ✅ Обработка завершена: 50 успешно, 0 с ошибками
2026-01-23 11:34:13,917 - INFO -   📊 Успешность: 100.0%, прибыльность: 42.0%, сделок/пара: 43.7
2026-01-23 11:34:13,917 - INFO -   ✅ Завершены бэктесты для 50 пар
2026-01-23 11:34:13,917 - INFO -   📊 Всего обработано пар в этом шаге: 50
2026-01-23 11:34:13,917 - INFO -   📈 Результаты шага: 21/50 прибыльных пар, 2187 сделок
2026-01-23 11:34:13,917 - INFO -   💰 P&L шага: $-4.24
2026-01-23 11:34:13,917 - INFO -   ⇢ Обновление капитала и дневного P&L...
2026-01-23 11:34:15,303 - INFO -   💼 Шаг P&L: $-4.24, Накопленный капитал: $709.90
2026-01-23 11:34:15,303 - INFO - ------------------------------------------------------------
2026-01-23 11:34:15,303 - INFO -   Walk-forward steps: 2 / 5 (40.0%) | 0.0 items/s | ETA: 84.9s
2026-01-23 11:34:15,303 - INFO - 🔍 WF-шаг 3/5: Валидация временных окон...
2026-01-23 11:34:15,303 - INFO - ⇢ WF-шаг 3/5: training 2024-04-01-2024-06-29, testing 2024-06-30-2024-07-30 — start
2026-01-23 11:34:15,303 - INFO - ⇢ loading step data — start
2026-01-23 11:34:15,720 - INFO - ⇠ loading step data — done in 0.42s
2026-01-23 11:34:19,357 - INFO - 📊 WF-шаг 3/5: Границы данных:
2026-01-23 11:34:19,357 - INFO -    Training: 2024-04-01 00:00:00 → 2024-06-29 23:45:00 (8,640 строк × 451 символов)
2026-01-23 11:34:19,357 - INFO -    Testing:  2024-06-30 00:00:00 → 2024-07-30 00:00:00 (2,881 строк × 451 символов)
2026-01-23 11:34:19,357 - INFO -    Временной разрыв: 0 days 00:15:00
2026-01-23 11:34:19,425 - INFO - ⇢ normalizing training data — start
2026-01-23 11:34:19,490 - INFO -   Символы с NaN значениями: 91
2026-01-23 11:34:19,490 - INFO -   Применяем метод нормализации: rolling_zscore
2026-01-23 11:34:19,522 - INFO - Символы с недостаточной историей: 75 из 451
2026-01-23 11:34:20,412 - INFO - Символы с NaN после нормализации: 376
2026-01-23 11:34:20,425 - INFO - Удалено 1959 начальных строк с NaN от rolling расчетов
2026-01-23 11:34:20,428 - INFO - Итоговое количество символов после нормализации: 376 из 451
2026-01-23 11:34:20,433 - INFO -   Статистика нормализации:
2026-01-23 11:34:20,433 - INFO -     Исходные символы: 451
2026-01-23 11:34:20,433 - INFO -     Недостаточная история: 75
2026-01-23 11:34:20,433 - INFO -     Постоянная цена: 0
2026-01-23 11:34:20,433 - INFO -     NaN после нормализации: 376
2026-01-23 11:34:20,433 - INFO -     Итоговые символы: 376 (83.4%)
2026-01-23 11:34:20,434 - INFO -   После нормализации: 376 символов (потеряно 75)
2026-01-23 11:34:20,434 - INFO -   Отброшено много символов: 75 из 451
2026-01-23 11:34:20,434 - INFO - ⇠ normalizing training data — done in 1.01s
2026-01-23 11:34:20,435 - INFO -   Фиксированный universe: 250 пар (отфильтровано 0 недоступных)
2026-01-23 11:34:20,435 - INFO - ⇢ filtering pairs by cointegration and half-life — start
2026-01-23 11:34:20,435 - INFO - [ФИЛЬТР] Параллельная фильтрация: threads (8 workers)
2026-01-23 11:34:35,807 - INFO - [ФИЛЬТР] После проверки данных: 250 пар
2026-01-23 11:34:35,807 - INFO - [ФИЛЬТР] После фильтра корреляции (>0.4): 224 пар
2026-01-23 11:34:35,807 - INFO - [ФИЛЬТР] После фильтра beta: 198 пар
2026-01-23 11:34:35,807 - INFO - [ФИЛЬТР] После фильтра mean crossings: 198 пар
2026-01-23 11:34:35,807 - INFO - [ФИЛЬТР] После фильтра half-life: 198 пар
2026-01-23 11:34:35,807 - INFO - [ФИЛЬТР] После фильтра коинтеграции: 140 пар
2026-01-23 11:34:35,807 - INFO - [ФИЛЬТР] После фильтра Hurst: 113 пар
2026-01-23 11:34:35,807 - INFO - [ФИЛЬТР] После фильтра KPSS: 113 пар
2026-01-23 11:34:35,807 - INFO - [ФИЛЬТР] После фильтра market microstructure: 113 пар
2026-01-23 11:34:35,807 - INFO - [ФИЛЬТР] Статистика фильтрации (оптимизированный порядок):
2026-01-23 11:34:35,807 - INFO -   1. SSD → Коинтеграция: 250 → 140 пар
2026-01-23 11:34:35,807 - INFO -   2. Коинтеграция → Beta: 140 → 198 пар
2026-01-23 11:34:35,807 - INFO -   3. Beta → Half-life: 198 → 198 пар
2026-01-23 11:34:35,807 - INFO -   4. Half-life → Mean crossings: 198 → 198 пар
2026-01-23 11:34:35,807 - INFO -   5. Mean crossings → Hurst: 198 → 113 пар
2026-01-23 11:34:35,808 - INFO -   6. Hurst → KPSS: 113 → 113 пар
2026-01-23 11:34:35,808 - INFO -   7. KPSS → Market microstructure: 113 → 113 пар
2026-01-23 11:34:35,808 - INFO - [ФИЛЬТР] Причины отсева:
2026-01-23 11:34:35,808 - INFO -   • pvalue: 58 пар (23.2%)
2026-01-23 11:34:35,808 - INFO -   • hurst: 27 пар (10.8%)
2026-01-23 11:34:35,808 - INFO -   • low_correlation: 26 пар (10.4%)
2026-01-23 11:34:35,808 - INFO -   • beta: 26 пар (10.4%)
2026-01-23 11:34:35,808 - INFO - [ФИЛЬТР] Итого: 250 → 113 пар (45.2% прошли все фильтры)
2026-01-23 11:34:35,812 - INFO - Причины отсева сохранены в results/filter_reasons_20260123_113435.csv
2026-01-23 11:34:35,815 - INFO -   Pair stability filter: 113 → 93 (window=2, min_steps=1, history=2)
2026-01-23 11:34:35,815 - INFO -   Фильтрация: 250 → 93 пар
2026-01-23 11:34:35,815 - INFO - ⇠ filtering pairs by cointegration and half-life — done in 15.38s
2026-01-23 11:34:35,815 - INFO - ⇠ WF-шаг 3/5: training 2024-04-01-2024-06-29, testing 2024-06-30-2024-07-30 — done in 20.51s
2026-01-23 11:34:35,815 - INFO -   Ограничение max_pairs=50: 93 → 50
2026-01-23 11:34:35,815 - INFO -   Топ-3 пары по волатильности спреда:
2026-01-23 11:34:35,815 - INFO -     1. BTCDAI-BTCEUR: beta=1.1442, std=520.0727
2026-01-23 11:34:35,816 - INFO -     2. ETHDAI-ETHEUR: beta=1.1177, std=26.8390
2026-01-23 11:34:35,816 - INFO -     3. AAVEUSDT-GALFTUSDT: beta=13.9468, std=10.8089
2026-01-23 11:34:35,816 - INFO -   Всего пар для торговли: 50 (ограничение 15 применяется к одновременно открытым позициям)
2026-01-23 11:34:35,816 - INFO -   💰 Проверка расчета капитала: equity=$709.90, кандидатных_пар=50, max_позиций=15
2026-01-23 11:34:35,816 - INFO -   🎯 Target concurrency: 15 (ожидаемое одновременное число позиций)
2026-01-23 11:34:35,816 - INFO -   📊 Детали расчета капитала:
2026-01-23 11:34:35,816 - INFO -      • Базовый капитал на пару: $47.33 (equity / target_concurrency)
2026-01-23 11:34:35,817 - INFO -      • Риск-капитал: $14.20 (2.0% от equity)
2026-01-23 11:34:35,817 - INFO -      • Макс. размер позиции: $14.20 (2.0% от equity)
2026-01-23 11:34:35,817 - INFO -      • Итоговый капитал на пару: $14.20
2026-01-23 11:34:35,817 - INFO - ⇢ WF-шаг 3/5 backtests — starting 50 items
2026-01-23 11:34:35,818 - INFO - 🚀 WF-шаг 3/5: Начинаем бэктесты для 50 пар...
2026-01-23 11:34:35,818 - INFO - 🚀 WF-шаг 3/5: Запускаем параллельную обработку 50 пар на 8 ядрах...
2026-01-23 11:34:35,818 - INFO - 🚀 WF-шаг 3/5: Режим параллельности: процессы
⚙️  Загрузка данных за период: 2024-04-01 -> 2024-07-30
📂 Найдено 43 parquet файлов для обработки.
📊 Схема данных: Schema({'timestamp': Int64, 'open': Float64, 'high': Float64, 'low': Float64, 'close': Float64, 'volume': Float64, 'turnover': String, 'ts_ms': Int64, 'symbol': String})
✅ Загружено 4689651 записей с помощью Polars.
📊 Типы данных в pandas: timestamp       datetime64[us]
symbol                  object
close                  float64
timestamp_ms             int64
dtype: object
2026-01-23 11:34:35,948 - coint2.engine.numba_engine - INFO - Запуск Numba-оптимизированного бэктеста для BTCDAI-BTCEUR
2026-01-23 11:34:36,058 - coint2.engine.numba_engine - INFO - Запуск Numba-оптимизированного бэктеста для ETHDAI-ETHEUR
2026-01-23 11:34:36,162 - coint2.engine.numba_engine - INFO - Запуск Numba-оптимизированного бэктеста для AAVEUSDT-GALFTUSDT
2026-01-23 11:34:36,217 - coint2.engine.numba_engine - INFO - Запуск Numba-оптимизированного бэктеста для ETCUSDT-JUVUSDT
2026-01-23 11:34:36,280 - coint2.engine.numba_engine - INFO - Запуск Numba-оптимизированного бэктеста для FILUSDC-JUVUSDT
2026-01-23 11:34:36,391 - coint2.engine.numba_engine - INFO - Запуск Numba-оптимизированного бэктеста для ETHUSDC-ETHUSDT
2026-01-23 11:34:36,424 - coint2.engine.numba_engine - INFO - Запуск Numba-оптимизированного бэктеста для DOTUSDT-KUBUSDT
2026-01-23 11:34:36,456 - coint2.engine.numba_engine - INFO - Запуск Numba-оптимизированного бэктеста для FILUSDT-JUVUSDT
2026-01-23 11:34:36,520 - coint2.engine.numba_engine - INFO - Запуск Numba-оптимизированного бэктеста для FTTUSDT-KSMUSDT
2026-01-23 11:34:36,520 - coint2.engine.numba_engine - INFO - Запуск Numba-оптимизированного бэктеста для GALFTUSDT-HVHUSDT
2026-01-23 11:34:36,555 - coint2.engine.numba_engine - INFO - Запуск Numba-оптимизированного бэктеста для DOTUSDC-FTTUSDT
2026-01-23 11:34:36,558 - coint2.engine.numba_engine - INFO - 🔍 ДИАГНОСТИКА GALFTUSDT-HVHUSDT:
2026-01-23 11:34:36,558 - coint2.engine.numba_engine - INFO -    entry_threshold: 1.0
2026-01-23 11:34:36,558 - coint2.engine.numba_engine - INFO -    exit_threshold: 0.06
2026-01-23 11:34:36,558 - coint2.engine.numba_engine - INFO -    Макс |z_score|: 22.1101
2026-01-23 11:34:36,558 - coint2.engine.numba_engine - INFO -    Позиций != 0: 1251
2026-01-23 11:34:36,558 - coint2.engine.numba_engine - INFO -    Изменений позиций: 71
2026-01-23 11:34:36,558 - coint2.engine.numba_engine - INFO -    PnL сумма: 16.3247
2026-01-23 11:34:36,559 - coint2.engine.numba_engine - INFO -    Первые 10 z_scores: [1.0149729  0.89775175 0.88267124 0.7178458  0.70639974 0.05912989
 0.25585455 0.2545332  0.11229683 0.16204534]
2026-01-23 11:34:36,567 - coint2.engine.numba_engine - INFO -    Превышают порог: 1143
2026-01-23 11:34:36,579 - coint2.engine.numba_engine - INFO - Запуск Numba-оптимизированного бэктеста для DOTUSDC-KUBUSDT
2026-01-23 11:34:36,592 - coint2.engine.numba_engine - INFO - Запуск Numba-оптимизированного бэктеста для AXSUSDT-KUBUSDT
2026-01-23 11:34:36,615 - coint2.engine.numba_engine - INFO - Запуск Numba-оптимизированного бэктеста для FLOWUSDT-IZIUSDT
2026-01-23 11:34:36,646 - coint2.engine.numba_engine - INFO - Запуск Numba-оптимизированного бэктеста для APEXUSDC-AVAUSDT
2026-01-23 11:34:36,700 - coint2.engine.numba_engine - INFO - Запуск Numba-оптимизированного бэктеста для DOTUSDT-FTTUSDT
2026-01-23 11:34:36,712 - coint2.engine.numba_engine - INFO - Запуск Numba-оптимизированного бэктеста для CAKEUSDT-FIDAUSDT
2026-01-23 11:34:36,720 - coint2.engine.numba_engine - INFO - Запуск Numba-оптимизированного бэктеста для APEUSDT-HFTUSDC
2026-01-23 11:34:36,723 - coint2.engine.numba_engine - INFO - Запуск Numba-оптимизированного бэктеста для AFCUSDT-CITYUSDT
2026-01-23 11:34:36,773 - coint2.engine.numba_engine - INFO - Запуск Numba-оптимизированного бэктеста для ARTYUSDT-GENEUSDT
2026-01-23 11:34:36,831 - coint2.engine.numba_engine - INFO - Запуск Numba-оптимизированного бэктеста для ARTYUSDT-KUBUSDT
2026-01-23 11:34:36,833 - coint2.engine.numba_engine - INFO - Запуск Numba-оптимизированного бэктеста для HOOKUSDT-ICXUSDT
2026-01-23 11:34:36,854 - coint2.engine.numba_engine - INFO - Запуск Numba-оптимизированного бэктеста для HNTUSDT-INTERUSDT
2026-01-23 11:34:36,866 - coint2.engine.numba_engine - INFO - Запуск Numba-оптимизированного бэктеста для BICOUSDT-KASTAUSDT
2026-01-23 11:34:36,875 - coint2.engine.numba_engine - INFO - Запуск Numba-оптимизированного бэктеста для ATOMUSDT-GODSUSDT
2026-01-23 11:34:36,921 - coint2.engine.numba_engine - INFO - Запуск Numba-оптимизированного бэктеста для CTCUSDT-DMAILUSDT
2026-01-23 11:34:36,928 - coint2.engine.numba_engine - INFO - Запуск Numba-оптимизированного бэктеста для FLOWUSDT-JUVUSDT
2026-01-23 11:34:36,984 - coint2.engine.numba_engine - INFO - Запуск Numba-оптимизированного бэктеста для APEUSDT-HFTUSDT
2026-01-23 11:34:36,994 - coint2.engine.numba_engine - INFO - Запуск Numba-оптимизированного бэктеста для APEXUSDT-AVAUSDT
2026-01-23 11:34:37,029 - coint2.engine.numba_engine - INFO - Запуск Numba-оптимизированного бэктеста для APEUSDC-HFTUSDC
2026-01-23 11:34:37,037 - coint2.engine.numba_engine - INFO - Запуск Numba-оптимизированного бэктеста для GALFTUSDT-HBARUSDT
2026-01-23 11:34:37,061 - coint2.engine.numba_engine - INFO - Запуск Numba-оптимизированного бэктеста для CITYUSDT-GRTUSDT
2026-01-23 11:34:37,066 - coint2.engine.numba_engine - INFO - Запуск Numba-оптимизированного бэктеста для APEUSDC-HFTUSDT
2026-01-23 11:34:37,105 - coint2.engine.numba_engine - INFO - Запуск Numba-оптимизированного бэктеста для HOOKUSDT-KAVAUSDT
2026-01-23 11:34:37,117 - coint2.engine.numba_engine - INFO - Запуск Numba-оптимизированного бэктеста для AXLUSDT-FILUSDT
2026-01-23 11:34:37,135 - coint2.engine.numba_engine - INFO - Запуск Numba-оптимизированного бэктеста для CITYUSDT-KASTAUSDT
2026-01-23 11:34:37,151 - coint2.engine.numba_engine - INFO - Запуск Numba-оптимизированного бэктеста для AFCUSDT-ANKRUSDT
2026-01-23 11:34:37,219 - coint2.engine.numba_engine - INFO - Запуск Numba-оптимизированного бэктеста для BICOUSDT-ETHWUSDT
2026-01-23 11:34:37,240 - coint2.engine.numba_engine - INFO - Запуск Numba-оптимизированного бэктеста для ARTYUSDT-KDAUSDT
2026-01-23 11:34:37,270 - coint2.engine.numba_engine - INFO - Запуск Numba-оптимизированного бэктеста для DMAILUSDT-GALFTUSDT
2026-01-23 11:34:37,283 - coint2.engine.numba_engine - INFO - Запуск Numba-оптимизированного бэктеста для GALFTUSDT-GRTUSDT
2026-01-23 11:34:37,319 - coint2.engine.numba_engine - INFO - Запуск Numba-оптимизированного бэктеста для DMAILUSDT-GMTUSDC
2026-01-23 11:34:37,334 - coint2.engine.numba_engine - INFO - Запуск Numba-оптимизированного бэктеста для CELOUSDT-CGPTUSDT
2026-01-23 11:34:37,388 - coint2.engine.numba_engine - INFO - Запуск Numba-оптимизированного бэктеста для APEUSDC-GODSUSDT
2026-01-23 11:34:37,390 - coint2.engine.numba_engine - INFO - Запуск Numba-оптимизированного бэктеста для ARKMUSDT-ARUSDT
2026-01-23 11:34:37,438 - coint2.engine.numba_engine - INFO - Запуск Numba-оптимизированного бэктеста для DMAILUSDT-GMTUSDT
2026-01-23 11:34:37,487 - coint2.engine.numba_engine - INFO - Запуск Numba-оптимизированного бэктеста для CTCUSDT-GALFTUSDT
2026-01-23 11:34:37,490 - coint2.engine.numba_engine - INFO - Запуск Numba-оптимизированного бэктеста для CELOUSDT-FITFIUSDT
2026-01-23 11:34:37,574 - coint2.engine.numba_engine - INFO - Запуск Numba-оптимизированного бэктеста для APEUSDT-GODSUSDT
2026-01-23 11:34:37,661 - coint2.engine.numba_engine - INFO - Запуск Numba-оптимизированного бэктеста для C98USDT-CHZUSDC
2026-01-23 11:34:37,834 - INFO -   ⏱️ Параллельная обработка завершена за 2.0с (24.8 пар/с)
2026-01-23 11:34:37,957 - coint2.pipeline.walk_forward_orchestrator - INFO - 🎯 СИМУЛЯЦИЯ ПОРТФЕЛЯ: 50 пар, лимит 15 позиций
2026-01-23 11:34:39,602 - coint2.pipeline.walk_forward_orchestrator - INFO -    📈 Макс. одновременных сигналов: 35
2026-01-23 11:34:39,602 - coint2.pipeline.walk_forward_orchestrator - INFO -    📊 Средн. сигналов за период: 21.0
2026-01-23 11:34:39,602 - coint2.pipeline.walk_forward_orchestrator - INFO -    🎯 Финальных активных позиций: 15
2026-01-23 11:34:39,604 - coint2.pipeline.walk_forward_orchestrator - INFO -    ⚡ Утилизация лимита позиций: 95.7%
2026-01-23 11:34:39,604 - INFO - ⇠ WF-шаг 3/5 backtests — completed 50 items in 3.79s (13.2 items/s)
2026-01-23 11:34:39,604 - INFO -   ✅ Обработка завершена: 50 успешно, 0 с ошибками
2026-01-23 11:34:39,604 - INFO -   📊 Успешность: 100.0%, прибыльность: 72.0%, сделок/пара: 47.1
2026-01-23 11:34:39,604 - INFO -   ✅ Завершены бэктесты для 50 пар
2026-01-23 11:34:39,604 - INFO -   📊 Всего обработано пар в этом шаге: 50
2026-01-23 11:34:39,605 - INFO -   📈 Результаты шага: 36/50 прибыльных пар, 2353 сделок
2026-01-23 11:34:39,605 - INFO -   💰 P&L шага: $+2,234.28
2026-01-23 11:34:39,605 - INFO -   ⇢ Обновление капитала и дневного P&L...
2026-01-23 11:34:41,048 - INFO -   💼 Шаг P&L: $+2,234.28, Накопленный капитал: $2,944.17
2026-01-23 11:34:41,048 - INFO - ------------------------------------------------------------
2026-01-23 11:34:41,048 - INFO -   Walk-forward steps: 3 / 5 (60.0%) | 0.0 items/s | ETA: 54.9s
2026-01-23 11:34:41,048 - INFO - 🔍 WF-шаг 4/5: Валидация временных окон...
2026-01-23 11:34:41,048 - INFO - ⇢ WF-шаг 4/5: training 2024-05-01-2024-07-29, testing 2024-07-30-2024-08-29 — start
2026-01-23 11:34:41,048 - INFO - ⇢ loading step data — start
2026-01-23 11:34:41,539 - INFO - ⇠ loading step data — done in 0.49s
2026-01-23 11:34:45,140 - INFO - 📊 WF-шаг 4/5: Границы данных:
2026-01-23 11:34:45,140 - INFO -    Training: 2024-05-01 00:00:00 → 2024-07-29 23:45:00 (8,640 строк × 475 символов)
2026-01-23 11:34:45,140 - INFO -    Testing:  2024-07-30 00:00:00 → 2024-08-29 00:00:00 (2,881 строк × 475 символов)
2026-01-23 11:34:45,140 - INFO -    Временной разрыв: 0 days 00:15:00
2026-01-23 11:34:45,204 - INFO - ⇢ normalizing training data — start
2026-01-23 11:34:45,264 - INFO -   Символы с NaN значениями: 89
2026-01-23 11:34:45,264 - INFO -   Применяем метод нормализации: rolling_zscore
2026-01-23 11:34:45,296 - INFO - Символы с недостаточной историей: 75 из 475
2026-01-23 11:34:46,309 - INFO - Символы с NaN после нормализации: 400
2026-01-23 11:34:46,320 - INFO - Удалено 1863 начальных строк с NaN от rolling расчетов
2026-01-23 11:34:46,323 - INFO - Итоговое количество символов после нормализации: 400 из 475
2026-01-23 11:34:46,324 - INFO -   Статистика нормализации:
2026-01-23 11:34:46,325 - INFO -     Исходные символы: 475
2026-01-23 11:34:46,325 - INFO -     Недостаточная история: 75
2026-01-23 11:34:46,325 - INFO -     Постоянная цена: 0
2026-01-23 11:34:46,325 - INFO -     NaN после нормализации: 400
2026-01-23 11:34:46,325 - INFO -     Итоговые символы: 400 (84.2%)
2026-01-23 11:34:46,325 - INFO -   После нормализации: 400 символов (потеряно 75)
2026-01-23 11:34:46,325 - INFO -   Отброшено много символов: 75 из 475
2026-01-23 11:34:46,325 - INFO - ⇠ normalizing training data — done in 1.12s
2026-01-23 11:34:46,326 - INFO -   Фиксированный universe: 250 пар (отфильтровано 0 недоступных)
2026-01-23 11:34:46,326 - INFO - ⇢ filtering pairs by cointegration and half-life — start
2026-01-23 11:34:46,326 - INFO - [ФИЛЬТР] Параллельная фильтрация: threads (8 workers)
2026-01-23 11:34:58,912 - INFO - [ФИЛЬТР] После проверки данных: 250 пар
2026-01-23 11:34:58,912 - INFO - [ФИЛЬТР] После фильтра корреляции (>0.4): 217 пар
2026-01-23 11:34:58,912 - INFO - [ФИЛЬТР] После фильтра beta: 190 пар
2026-01-23 11:34:58,912 - INFO - [ФИЛЬТР] После фильтра mean crossings: 190 пар
2026-01-23 11:34:58,912 - INFO - [ФИЛЬТР] После фильтра half-life: 190 пар
2026-01-23 11:34:58,912 - INFO - [ФИЛЬТР] После фильтра коинтеграции: 102 пар
2026-01-23 11:34:58,912 - INFO - [ФИЛЬТР] После фильтра Hurst: 76 пар
2026-01-23 11:34:58,912 - INFO - [ФИЛЬТР] После фильтра KPSS: 76 пар
2026-01-23 11:34:58,913 - INFO - [ФИЛЬТР] После фильтра market microstructure: 76 пар
2026-01-23 11:34:58,913 - INFO - [ФИЛЬТР] Статистика фильтрации (оптимизированный порядок):
2026-01-23 11:34:58,913 - INFO -   1. SSD → Коинтеграция: 250 → 102 пар
2026-01-23 11:34:58,913 - INFO -   2. Коинтеграция → Beta: 102 → 190 пар
2026-01-23 11:34:58,913 - INFO -   3. Beta → Half-life: 190 → 190 пар
2026-01-23 11:34:58,913 - INFO -   4. Half-life → Mean crossings: 190 → 190 пар
2026-01-23 11:34:58,913 - INFO -   5. Mean crossings → Hurst: 190 → 76 пар
2026-01-23 11:34:58,913 - INFO -   6. Hurst → KPSS: 76 → 76 пар
2026-01-23 11:34:58,913 - INFO -   7. KPSS → Market microstructure: 76 → 76 пар
2026-01-23 11:34:58,913 - INFO - [ФИЛЬТР] Причины отсева:
2026-01-23 11:34:58,913 - INFO -   • pvalue: 88 пар (35.2%)
2026-01-23 11:34:58,913 - INFO -   • low_correlation: 33 пар (13.2%)
2026-01-23 11:34:58,913 - INFO -   • beta: 27 пар (10.8%)
2026-01-23 11:34:58,913 - INFO -   • hurst: 26 пар (10.4%)
2026-01-23 11:34:58,913 - INFO - [ФИЛЬТР] Итого: 250 → 76 пар (30.4% прошли все фильтры)
2026-01-23 11:34:58,915 - INFO - Причины отсева сохранены в results/filter_reasons_20260123_113458.csv
2026-01-23 11:34:58,918 - INFO -   Pair stability filter: 76 → 66 (window=2, min_steps=1, history=3)
2026-01-23 11:34:58,919 - INFO -   Фильтрация: 250 → 66 пар
2026-01-23 11:34:58,919 - INFO - ⇠ filtering pairs by cointegration and half-life — done in 12.59s
2026-01-23 11:34:58,919 - INFO - ⇠ WF-шаг 4/5: training 2024-05-01-2024-07-29, testing 2024-07-30-2024-08-29 — done in 17.87s
2026-01-23 11:34:58,919 - INFO -   Ограничение max_pairs=50: 66 → 50
2026-01-23 11:34:58,919 - INFO -   Топ-3 пары по волатильности спреда:
2026-01-23 11:34:58,919 - INFO -     1. BTCDAI-BTCEUR: beta=1.0982, std=452.6966
2026-01-23 11:34:58,919 - INFO -     2. BTCUSDC-BTCUSDT: beta=1.0003, std=30.5203
2026-01-23 11:34:58,919 - INFO -     3. ETHDAI-ETHEUR: beta=1.0858, std=24.7639
2026-01-23 11:34:58,919 - INFO -   Всего пар для торговли: 50 (ограничение 15 применяется к одновременно открытым позициям)
2026-01-23 11:34:58,919 - INFO -   💰 Проверка расчета капитала: equity=$2,944.17, кандидатных_пар=50, max_позиций=15
2026-01-23 11:34:58,919 - INFO -   🎯 Target concurrency: 15 (ожидаемое одновременное число позиций)
2026-01-23 11:34:58,919 - INFO -   📊 Детали расчета капитала:
2026-01-23 11:34:58,919 - INFO -      • Базовый капитал на пару: $196.28 (equity / target_concurrency)
2026-01-23 11:34:58,919 - INFO -      • Риск-капитал: $58.88 (2.0% от equity)
2026-01-23 11:34:58,920 - INFO -      • Макс. размер позиции: $58.88 (2.0% от equity)
2026-01-23 11:34:58,920 - INFO -      • Итоговый капитал на пару: $58.88
2026-01-23 11:34:58,920 - INFO - ⇢ WF-шаг 4/5 backtests — starting 50 items
2026-01-23 11:34:58,920 - INFO - 🚀 WF-шаг 4/5: Начинаем бэктесты для 50 пар...
2026-01-23 11:34:58,920 - INFO - 🚀 WF-шаг 4/5: Запускаем параллельную обработку 50 пар на 8 ядрах...
2026-01-23 11:34:58,920 - INFO - 🚀 WF-шаг 4/5: Режим параллельности: процессы
⚙️  Загрузка данных за период: 2024-05-01 -> 2024-08-29
📂 Найдено 43 parquet файлов для обработки.
📊 Схема данных: Schema({'timestamp': Int64, 'open': Float64, 'high': Float64, 'low': Float64, 'close': Float64, 'volume': Float64, 'turnover': String, 'ts_ms': Int64, 'symbol': String})
✅ Загружено 4931437 записей с помощью Polars.
📊 Типы данных в pandas: timestamp       datetime64[us]
symbol                  object
close                  float64
timestamp_ms             int64
dtype: object
2026-01-23 11:34:59,064 - coint2.engine.numba_engine - INFO - Запуск Numba-оптимизированного бэктеста для BTCDAI-BTCEUR
2026-01-23 11:34:59,149 - coint2.engine.numba_engine - INFO - Запуск Numba-оптимизированного бэктеста для BTCUSDC-BTCUSDT
2026-01-23 11:34:59,188 - coint2.engine.numba_engine - INFO - Запуск Numba-оптимизированного бэктеста для ETHDAI-ETHEUR
2026-01-23 11:34:59,332 - coint2.engine.numba_engine - INFO - Запуск Numba-оптимизированного бэктеста для AXSUSDT-KUBUSDT
2026-01-23 11:34:59,340 - coint2.engine.numba_engine - INFO - Запуск Numba-оптимизированного бэктеста для ETCUSDT-JUVUSDT
2026-01-23 11:34:59,441 - coint2.engine.numba_engine - INFO - Запуск Numba-оптимизированного бэктеста для APEXUSDT-AVAUSDT
2026-01-23 11:34:59,443 - coint2.engine.numba_engine - INFO - Запуск Numba-оптимизированного бэктеста для ETHUSDC-ETHUSDT
2026-01-23 11:34:59,493 - coint2.engine.numba_engine - INFO - Запуск Numba-оптимизированного бэктеста для GALFTUSDT-GRTUSDT
2026-01-23 11:34:59,574 - coint2.engine.numba_engine - INFO - Запуск Numba-оптимизированного бэктеста для ATOMUSDT-KDAUSDT
2026-01-23 11:34:59,575 - coint2.engine.numba_engine - INFO - Запуск Numba-оптимизированного бэктеста для CTCUSDT-GALFTUSDT
2026-01-23 11:34:59,627 - coint2.engine.numba_engine - INFO - Запуск Numba-оптимизированного бэктеста для CITYUSDT-GRTUSDT
2026-01-23 11:34:59,611 - coint2.engine.numba_engine - INFO - Запуск Numba-оптимизированного бэктеста для CYBERUSDT-GALFTUSDT
2026-01-23 11:34:59,731 - coint2.engine.numba_engine - INFO - Запуск Numba-оптимизированного бэктеста для CELOUSDT-FITFIUSDT
2026-01-23 11:34:59,735 - coint2.engine.numba_engine - INFO - Запуск Numba-оптимизированного бэктеста для CITYUSDT-KASTAUSDT
2026-01-23 11:34:59,759 - coint2.engine.numba_engine - INFO - Запуск Numba-оптимизированного бэктеста для DOTUSDC-FTTUSDT
2026-01-23 11:34:59,793 - coint2.engine.numba_engine - INFO - Запуск Numba-оптимизированного бэктеста для DMAILUSDT-GALFTUSDT
2026-01-23 11:34:59,828 - coint2.engine.numba_engine - INFO - Запуск Numba-оптимизированного бэктеста для DOTUSDC-KUBUSDT
2026-01-23 11:34:59,898 - coint2.engine.numba_engine - INFO - Запуск Numba-оптимизированного бэктеста для ALGOUSDT-GALFTUSDT
2026-01-23 11:34:59,904 - coint2.engine.numba_engine - INFO - Запуск Numba-оптимизированного бэктеста для DOTUSDT-FTTUSDT
2026-01-23 11:34:59,910 - coint2.engine.numba_engine - INFO - Запуск Numba-оптимизированного бэктеста для APEUSDT-HFTUSDT
2026-01-23 11:34:59,953 - coint2.engine.numba_engine - INFO - Запуск Numba-оптимизированного бэктеста для CBKUSDT-ENJUSDT
2026-01-23 11:34:59,946 - coint2.engine.numba_engine - INFO - Запуск Numba-оптимизированного бэктеста для DOTUSDT-KUBUSDT
2026-01-23 11:34:59,969 - coint2.engine.numba_engine - INFO - Запуск Numba-оптимизированного бэктеста для FTTUSDT-KSMUSDT
2026-01-23 11:35:00,040 - coint2.engine.numba_engine - INFO - Запуск Numba-оптимизированного бэктеста для GENEUSDT-KDAUSDT
2026-01-23 11:35:00,063 - coint2.engine.numba_engine - INFO - Запуск Numba-оптимизированного бэктеста для GMTUSDC-KAVAUSDT
2026-01-23 11:35:00,114 - coint2.engine.numba_engine - INFO - Запуск Numba-оптимизированного бэктеста для APEUSDC-HFTUSDC
2026-01-23 11:35:00,115 - coint2.engine.numba_engine - INFO - Запуск Numba-оптимизированного бэктеста для HFTUSDT-KDAUSDT
2026-01-23 11:35:00,120 - coint2.engine.numba_engine - INFO - Запуск Numba-оптимизированного бэктеста для ARTYUSDT-KUBUSDT
2026-01-23 11:35:00,185 - coint2.engine.numba_engine - INFO - Запуск Numba-оптимизированного бэктеста для HFTUSDC-KDAUSDT
2026-01-23 11:35:00,186 - coint2.engine.numba_engine - INFO - Запуск Numba-оптимизированного бэктеста для FILUSDT-JUVUSDT
2026-01-23 11:35:00,267 - coint2.engine.numba_engine - INFO - Запуск Numba-оптимизированного бэктеста для GENEUSDT-KUBUSDT
2026-01-23 11:35:00,284 - coint2.engine.numba_engine - INFO - Запуск Numba-оптимизированного бэктеста для APEUSDC-HFTUSDT
2026-01-23 11:35:00,303 - coint2.engine.numba_engine - INFO - Запуск Numba-оптимизированного бэктеста для GMTUSDT-KAVAUSDT
2026-01-23 11:35:00,336 - coint2.engine.numba_engine - INFO - Запуск Numba-оптимизированного бэктеста для FILUSDC-JUVUSDT
2026-01-23 11:35:00,348 - coint2.engine.numba_engine - INFO - Запуск Numba-оптимизированного бэктеста для ARTYUSDT-KDAUSDT
2026-01-23 11:35:00,394 - coint2.engine.numba_engine - INFO - Запуск Numba-оптимизированного бэктеста для ALGOUSDT-IZIUSDT
2026-01-23 11:35:00,439 - coint2.engine.numba_engine - INFO - Запуск Numba-оптимизированного бэктеста для DMAILUSDT-GMTUSDC
2026-01-23 11:35:00,487 - coint2.engine.numba_engine - INFO - Запуск Numba-оптимизированного бэктеста для APEXUSDC-AVAUSDT
2026-01-23 11:35:00,494 - coint2.engine.numba_engine - INFO - Запуск Numba-оптимизированного бэктеста для FLOWUSDT-HVHUSDT
2026-01-23 11:35:00,497 - coint2.engine.numba_engine - INFO - Запуск Numba-оптимизированного бэктеста для ARTYUSDT-GENEUSDT
2026-01-23 11:35:00,565 - coint2.engine.numba_engine - INFO - 🔍 ДИАГНОСТИКА FLOWUSDT-HVHUSDT:
2026-01-23 11:35:00,565 - coint2.engine.numba_engine - INFO -    entry_threshold: 1.0
2026-01-23 11:35:00,565 - coint2.engine.numba_engine - INFO -    exit_threshold: 0.06
2026-01-23 11:35:00,565 - coint2.engine.numba_engine - INFO -    Макс |z_score|: 6.9579
2026-01-23 11:35:00,565 - coint2.engine.numba_engine - INFO -    Позиций != 0: 747
2026-01-23 11:35:00,566 - coint2.engine.numba_engine - INFO -    Изменений позиций: 75
2026-01-23 11:35:00,566 - coint2.engine.numba_engine - INFO -    PnL сумма: 54.7384
2026-01-23 11:35:00,573 - coint2.engine.numba_engine - INFO - Запуск Numba-оптимизированного бэктеста для HFTUSDT-KUBUSDT
2026-01-23 11:35:00,584 - coint2.engine.numba_engine - INFO -    Первые 10 z_scores: [-0.8493914  -1.3388989  -0.14289144  0.9125507   1.4988666   2.415785
  0.8939715   1.4904214   0.71968883  0.58437705]
2026-01-23 11:35:00,585 - coint2.engine.numba_engine - INFO -    Превышают порог: 1305
2026-01-23 11:35:00,627 - coint2.engine.numba_engine - INFO - Запуск Numba-оптимизированного бэктеста для CELOUSDT-CGPTUSDT
2026-01-23 11:35:00,635 - coint2.engine.numba_engine - INFO - Запуск Numba-оптимизированного бэктеста для FLOWUSDT-IZIUSDT
2026-01-23 11:35:00,654 - coint2.engine.numba_engine - INFO - Запуск Numba-оптимизированного бэктеста для DMAILUSDT-GMTUSDT
2026-01-23 11:35:00,755 - coint2.engine.numba_engine - INFO - Запуск Numba-оптимизированного бэктеста для FLOWUSDT-JUVUSDT
2026-01-23 11:35:00,750 - coint2.engine.numba_engine - INFO - Запуск Numba-оптимизированного бэктеста для CELOUSDT-FLOWUSDT
2026-01-23 11:35:00,793 - coint2.engine.numba_engine - INFO - Запуск Numba-оптимизированного бэктеста для HFTUSDC-KUBUSDT
2026-01-23 11:35:00,887 - coint2.engine.numba_engine - INFO - Запуск Numba-оптимизированного бэктеста для ALGOUSDT-APEXUSDC
2026-01-23 11:35:00,892 - coint2.engine.numba_engine - INFO - Запуск Numba-оптимизированного бэктеста для DOGEUSDC-JUVUSDT
2026-01-23 11:35:00,990 - coint2.engine.numba_engine - INFO - Запуск Numba-оптимизированного бэктеста для BATUSDT-CBKUSDT
2026-01-23 11:35:01,134 - INFO -   ⏱️ Параллельная обработка завершена за 2.2с (22.6 пар/с)
2026-01-23 11:35:01,211 - coint2.pipeline.walk_forward_orchestrator - INFO - 🎯 СИМУЛЯЦИЯ ПОРТФЕЛЯ: 50 пар, лимит 15 позиций
2026-01-23 11:35:02,789 - coint2.pipeline.walk_forward_orchestrator - INFO -    📈 Макс. одновременных сигналов: 37
2026-01-23 11:35:02,789 - coint2.pipeline.walk_forward_orchestrator - INFO -    📊 Средн. сигналов за период: 20.5
2026-01-23 11:35:02,789 - coint2.pipeline.walk_forward_orchestrator - INFO -    🎯 Финальных активных позиций: 14
2026-01-23 11:35:02,790 - coint2.pipeline.walk_forward_orchestrator - INFO -    ⚡ Утилизация лимита позиций: 94.3%
2026-01-23 11:35:02,791 - INFO - ⇠ WF-шаг 4/5 backtests — completed 50 items in 3.87s (12.9 items/s)
2026-01-23 11:35:02,791 - INFO -   ✅ Обработка завершена: 50 успешно, 0 с ошибками
2026-01-23 11:35:02,791 - INFO -   📊 Успешность: 100.0%, прибыльность: 58.0%, сделок/пара: 48.1
2026-01-23 11:35:02,791 - INFO -   ✅ Завершены бэктесты для 50 пар
2026-01-23 11:35:02,791 - INFO -   📊 Всего обработано пар в этом шаге: 50
2026-01-23 11:35:02,791 - INFO -   📈 Результаты шага: 29/50 прибыльных пар, 2405 сделок
2026-01-23 11:35:02,791 - INFO -   💰 P&L шага: $+255.80
2026-01-23 11:35:02,792 - INFO -   ⇢ Обновление капитала и дневного P&L...
2026-01-23 11:35:04,457 - INFO -   💼 Шаг P&L: $+255.80, Накопленный капитал: $3,199.98
2026-01-23 11:35:04,457 - INFO - ------------------------------------------------------------
2026-01-23 11:35:04,457 - INFO -   Walk-forward steps: 4 / 5 (80.0%) | 0.0 items/s | ETA: 26.4s
2026-01-23 11:35:04,457 - INFO - 🔍 WF-шаг 5/5: Валидация временных окон...
2026-01-23 11:35:04,458 - INFO - ⇢ WF-шаг 5/5: training 2024-05-31-2024-08-28, testing 2024-08-29-2024-09-28 — start
2026-01-23 11:35:04,458 - INFO - ⇢ loading step data — start
2026-01-23 11:35:05,056 - INFO - ⇠ loading step data — done in 0.60s
2026-01-23 11:35:08,939 - INFO - 📊 WF-шаг 5/5: Границы данных:
2026-01-23 11:35:08,940 - INFO -    Training: 2024-05-31 00:00:00 → 2024-08-28 23:45:00 (8,640 строк × 492 символов)
2026-01-23 11:35:08,940 - INFO -    Testing:  2024-08-29 00:00:00 → 2024-09-28 00:00:00 (2,881 строк × 492 символов)
2026-01-23 11:35:08,940 - INFO -    Временной разрыв: 0 days 00:15:00
2026-01-23 11:35:09,011 - INFO - ⇢ normalizing training data — start
2026-01-23 11:35:09,076 - INFO -   Символы с NaN значениями: 90
2026-01-23 11:35:09,076 - INFO -   Применяем метод нормализации: rolling_zscore
2026-01-23 11:35:09,113 - INFO - Символы с недостаточной историей: 73 из 492
2026-01-23 11:35:10,219 - INFO - Символы с NaN после нормализации: 419
2026-01-23 11:35:10,233 - INFO - Удалено 1661 начальных строк с NaN от rolling расчетов
2026-01-23 11:35:10,238 - INFO - Итоговое количество символов после нормализации: 419 из 492
2026-01-23 11:35:10,238 - INFO -   Статистика нормализации:
2026-01-23 11:35:10,239 - INFO -     Исходные символы: 492
2026-01-23 11:35:10,239 - INFO -     Недостаточная история: 73
2026-01-23 11:35:10,239 - INFO -     Постоянная цена: 0
2026-01-23 11:35:10,239 - INFO -     NaN после нормализации: 419
2026-01-23 11:35:10,239 - INFO -     Итоговые символы: 419 (85.2%)
2026-01-23 11:35:10,239 - INFO -   После нормализации: 419 символов (потеряно 73)
2026-01-23 11:35:10,239 - INFO -   Отброшено много символов: 73 из 492
2026-01-23 11:35:10,239 - INFO - ⇠ normalizing training data — done in 1.23s
2026-01-23 11:35:10,239 - INFO -   Фиксированный universe: 250 пар (отфильтровано 0 недоступных)
2026-01-23 11:35:10,239 - INFO - ⇢ filtering pairs by cointegration and half-life — start
2026-01-23 11:35:10,240 - INFO - [ФИЛЬТР] Параллельная фильтрация: threads (8 workers)
2026-01-23 11:35:22,428 - INFO - [ФИЛЬТР] После проверки данных: 250 пар
2026-01-23 11:35:22,428 - INFO - [ФИЛЬТР] После фильтра корреляции (>0.4): 211 пар
2026-01-23 11:35:22,428 - INFO - [ФИЛЬТР] После фильтра beta: 180 пар
2026-01-23 11:35:22,428 - INFO - [ФИЛЬТР] После фильтра mean crossings: 180 пар
2026-01-23 11:35:22,428 - INFO - [ФИЛЬТР] После фильтра half-life: 180 пар
2026-01-23 11:35:22,428 - INFO - [ФИЛЬТР] После фильтра коинтеграции: 102 пар
2026-01-23 11:35:22,428 - INFO - [ФИЛЬТР] После фильтра Hurst: 77 пар
2026-01-23 11:35:22,428 - INFO - [ФИЛЬТР] После фильтра KPSS: 77 пар
2026-01-23 11:35:22,428 - INFO - [ФИЛЬТР] После фильтра market microstructure: 77 пар
2026-01-23 11:35:22,428 - INFO - [ФИЛЬТР] Статистика фильтрации (оптимизированный порядок):
2026-01-23 11:35:22,428 - INFO -   1. SSD → Коинтеграция: 250 → 102 пар
2026-01-23 11:35:22,428 - INFO -   2. Коинтеграция → Beta: 102 → 180 пар
2026-01-23 11:35:22,428 - INFO -   3. Beta → Half-life: 180 → 180 пар
2026-01-23 11:35:22,428 - INFO -   4. Half-life → Mean crossings: 180 → 180 пар
2026-01-23 11:35:22,428 - INFO -   5. Mean crossings → Hurst: 180 → 77 пар
2026-01-23 11:35:22,428 - INFO -   6. Hurst → KPSS: 77 → 77 пар
2026-01-23 11:35:22,428 - INFO -   7. KPSS → Market microstructure: 77 → 77 пар
2026-01-23 11:35:22,428 - INFO - [ФИЛЬТР] Причины отсева:
2026-01-23 11:35:22,428 - INFO -   • pvalue: 78 пар (31.2%)
2026-01-23 11:35:22,428 - INFO -   • low_correlation: 39 пар (15.6%)
2026-01-23 11:35:22,428 - INFO -   • beta: 31 пар (12.4%)
2026-01-23 11:35:22,428 - INFO -   • hurst: 25 пар (10.0%)
2026-01-23 11:35:22,428 - INFO - [ФИЛЬТР] Итого: 250 → 77 пар (30.8% прошли все фильтры)
2026-01-23 11:35:22,430 - INFO - Причины отсева сохранены в results/filter_reasons_20260123_113522.csv
2026-01-23 11:35:22,430 - INFO -   Pair stability filter: 77 → 52 (window=2, min_steps=1, history=4)
2026-01-23 11:35:22,430 - INFO -   Фильтрация: 250 → 52 пар
2026-01-23 11:35:22,431 - INFO - ⇠ filtering pairs by cointegration and half-life — done in 12.19s
2026-01-23 11:35:22,431 - INFO - ⇠ WF-шаг 5/5: training 2024-05-31-2024-08-28, testing 2024-08-29-2024-09-28 — done in 17.97s
2026-01-23 11:35:22,431 - INFO -   Ограничение max_pairs=50: 52 → 50
2026-01-23 11:35:22,431 - INFO -   Топ-3 пары по волатильности спреда:
2026-01-23 11:35:22,431 - INFO -     1. BTCDAI-BTCEUR: beta=1.0139, std=689.5404
2026-01-23 11:35:22,431 - INFO -     2. ETHDAI-ETHEUR: beta=1.0258, std=27.1640
2026-01-23 11:35:22,431 - INFO -     3. INJUSDT-KSMUSDT: beta=0.6715, std=2.1131
2026-01-23 11:35:22,431 - INFO -   Всего пар для торговли: 50 (ограничение 15 применяется к одновременно открытым позициям)
2026-01-23 11:35:22,444 - INFO -   💰 Проверка расчета капитала: equity=$3,199.98, кандидатных_пар=50, max_позиций=15
2026-01-23 11:35:22,444 - INFO -   🎯 Target concurrency: 15 (ожидаемое одновременное число позиций)
2026-01-23 11:35:22,444 - INFO -   📊 Детали расчета капитала:
2026-01-23 11:35:22,444 - INFO -      • Базовый капитал на пару: $213.33 (equity / target_concurrency)
2026-01-23 11:35:22,444 - INFO -      • Риск-капитал: $64.00 (2.0% от equity)
2026-01-23 11:35:22,444 - INFO -      • Макс. размер позиции: $64.00 (2.0% от equity)
2026-01-23 11:35:22,444 - INFO -      • Итоговый капитал на пару: $64.00
2026-01-23 11:35:22,444 - INFO - ⇢ WF-шаг 5/5 backtests — starting 50 items
2026-01-23 11:35:22,444 - INFO - 🚀 WF-шаг 5/5: Начинаем бэктесты для 50 пар...
2026-01-23 11:35:22,444 - INFO - 🚀 WF-шаг 5/5: Запускаем параллельную обработку 50 пар на 8 ядрах...
2026-01-23 11:35:22,444 - INFO - 🚀 WF-шаг 5/5: Режим параллельности: процессы
⚙️  Загрузка данных за период: 2024-05-31 -> 2024-09-28
📂 Найдено 43 parquet файлов для обработки.
📊 Схема данных: Schema({'timestamp': Int64, 'open': Float64, 'high': Float64, 'low': Float64, 'close': Float64, 'volume': Float64, 'turnover': String, 'ts_ms': Int64, 'symbol': String})
✅ Загружено 5190250 записей с помощью Polars.
📊 Типы данных в pandas: timestamp       datetime64[us]
symbol                  object
close                  float64
timestamp_ms             int64
dtype: object
2026-01-23 11:35:22,769 - coint2.engine.numba_engine - INFO - Запуск Numba-оптимизированного бэктеста для BTCDAI-BTCEUR
2026-01-23 11:35:22,852 - coint2.engine.numba_engine - INFO - Запуск Numba-оптимизированного бэктеста для ETHDAI-ETHEUR
2026-01-23 11:35:23,005 - coint2.engine.numba_engine - INFO - Запуск Numba-оптимизированного бэктеста для INJUSDT-KSMUSDT
2026-01-23 11:35:23,105 - coint2.engine.numba_engine - INFO - Запуск Numba-оптимизированного бэктеста для GALFTUSDT-HVHUSDT
2026-01-23 11:35:23,112 - coint2.engine.numba_engine - INFO - Запуск Numba-оптимизированного бэктеста для ETCUSDT-JUVUSDT
2026-01-23 11:35:23,133 - coint2.engine.numba_engine - INFO - 🔍 ДИАГНОСТИКА GALFTUSDT-HVHUSDT:
2026-01-23 11:35:23,134 - coint2.engine.numba_engine - INFO -    entry_threshold: 1.0
2026-01-23 11:35:23,134 - coint2.engine.numba_engine - INFO -    exit_threshold: 0.06
2026-01-23 11:35:23,134 - coint2.engine.numba_engine - INFO -    Макс |z_score|: 53.8784
2026-01-23 11:35:23,141 - coint2.engine.numba_engine - INFO -    Позиций != 0: 770
2026-01-23 11:35:23,141 - coint2.engine.numba_engine - INFO -    Изменений позиций: 62
2026-01-23 11:35:23,142 - coint2.engine.numba_engine - INFO -    PnL сумма: -27.1557
2026-01-23 11:35:23,142 - coint2.engine.numba_engine - INFO -    Первые 10 z_scores: [-0.7682896  -0.6592879  -0.5004639  -0.558713   -0.51350254 -0.48972172
 -0.42940226 -0.43437722 -0.41184348 -0.39054438]
2026-01-23 11:35:23,142 - coint2.engine.numba_engine - INFO -    Превышают порог: 1289
2026-01-23 11:35:23,192 - coint2.engine.numba_engine - INFO - Запуск Numba-оптимизированного бэктеста для FTTUSDT-KCSUSDT
2026-01-23 11:35:23,200 - coint2.engine.numba_engine - INFO - Запуск Numba-оптимизированного бэктеста для CBKUSDT-ENJUSDT
2026-01-23 11:35:23,271 - coint2.engine.numba_engine - INFO - Запуск Numba-оптимизированного бэктеста для APEXUSDC-AVAUSDT
2026-01-23 11:35:23,284 - coint2.engine.numba_engine - INFO - Запуск Numba-оптимизированного бэктеста для DMAILUSDT-GMTUSDC
2026-01-23 11:35:23,344 - coint2.engine.numba_engine - INFO - Запуск Numba-оптимизированного бэктеста для GENEUSDT-KDAUSDT
2026-01-23 11:35:23,394 - coint2.engine.numba_engine - INFO - Запуск Numba-оптимизированного бэктеста для HOOKUSDT-KAVAUSDT
2026-01-23 11:35:23,459 - coint2.engine.numba_engine - INFO - Запуск Numba-оптимизированного бэктеста для C98USDT-CHZUSDT
2026-01-23 11:35:23,459 - coint2.engine.numba_engine - INFO - Запуск Numba-оптимизированного бэктеста для ARTYUSDT-GENEUSDT
2026-01-23 11:35:23,465 - coint2.engine.numba_engine - INFO - Запуск Numba-оптимизированного бэктеста для FILUSDC-JUVUSDT
2026-01-23 11:35:23,500 - coint2.engine.numba_engine - INFO - Запуск Numba-оптимизированного бэктеста для ARTYUSDT-CRVUSDT
2026-01-23 11:35:23,509 - coint2.engine.numba_engine - INFO - Запуск Numba-оптимизированного бэктеста для BATUSDT-CBKUSDT
2026-01-23 11:35:23,580 - coint2.engine.numba_engine - INFO - Запуск Numba-оптимизированного бэктеста для GMTUSDC-KAVAUSDT
2026-01-23 11:35:23,592 - coint2.engine.numba_engine - INFO - Запуск Numba-оптимизированного бэктеста для FLOWUSDT-HVHUSDT
2026-01-23 11:35:23,620 - coint2.engine.numba_engine - INFO - Запуск Numba-оптимизированного бэктеста для DMAILUSDT-GMTUSDT
2026-01-23 11:35:23,629 - coint2.engine.numba_engine - INFO - Запуск Numba-оптимизированного бэктеста для FILUSDT-JUVUSDT
2026-01-23 11:35:23,631 - coint2.engine.numba_engine - INFO - Запуск Numba-оптимизированного бэктеста для CTCUSDT-GALFTUSDT
2026-01-23 11:35:23,632 - coint2.engine.numba_engine - INFO - Запуск Numba-оптимизированного бэктеста для DOGEUSDC-JUVUSDT
2026-01-23 11:35:23,657 - coint2.engine.numba_engine - INFO - 🔍 ДИАГНОСТИКА FLOWUSDT-HVHUSDT:
2026-01-23 11:35:23,657 - coint2.engine.numba_engine - INFO -    entry_threshold: 1.0
2026-01-23 11:35:23,657 - coint2.engine.numba_engine - INFO -    exit_threshold: 0.06
2026-01-23 11:35:23,658 - coint2.engine.numba_engine - INFO -    Макс |z_score|: 4.7010
2026-01-23 11:35:23,658 - coint2.engine.numba_engine - INFO -    Позиций != 0: 1330
2026-01-23 11:35:23,658 - coint2.engine.numba_engine - INFO -    Изменений позиций: 97
2026-01-23 11:35:23,658 - coint2.engine.numba_engine - INFO -    PnL сумма: -100.6693
2026-01-23 11:35:23,659 - coint2.engine.numba_engine - INFO -    Первые 10 z_scores: [1.3149515 2.1420898 2.8071206 1.6895965 1.5170032 0.6591689 1.1773024
 0.9560649 0.7745351 0.7264485]
2026-01-23 11:35:23,659 - coint2.engine.numba_engine - INFO -    Превышают порог: 1340
2026-01-23 11:35:23,690 - coint2.engine.numba_engine - INFO - Запуск Numba-оптимизированного бэктеста для CAKEUSDT-CITYUSDT
2026-01-23 11:35:23,702 - coint2.engine.numba_engine - INFO - Запуск Numba-оптимизированного бэктеста для CELOUSDT-CGPTUSDT
2026-01-23 11:35:23,720 - coint2.engine.numba_engine - INFO - Запуск Numba-оптимизированного бэктеста для FITFIUSDT-JUVUSDT
2026-01-23 11:35:23,724 - coint2.engine.numba_engine - INFO - Запуск Numba-оптимизированного бэктеста для ADAUSDC-KUBUSDT
2026-01-23 11:35:23,726 - coint2.engine.numba_engine - INFO - Запуск Numba-оптимизированного бэктеста для ADAUSDT-KUBUSDT
2026-01-23 11:35:23,738 - coint2.engine.numba_engine - INFO - Запуск Numba-оптимизированного бэктеста для DGBUSDT-JUVUSDT
2026-01-23 11:35:23,782 - coint2.engine.numba_engine - INFO - Запуск Numba-оптимизированного бэктеста для ADAEUR-KUBUSDT
2026-01-23 11:35:23,841 - coint2.engine.numba_engine - INFO - Запуск Numba-оптимизированного бэктеста для CHZUSDT-FILUSDC
2026-01-23 11:35:23,843 - coint2.engine.numba_engine - INFO - Запуск Numba-оптимизированного бэктеста для CHZUSDT-FILUSDT
2026-01-23 11:35:23,880 - coint2.engine.numba_engine - INFO - Запуск Numba-оптимизированного бэктеста для CHZUSDC-FILUSDT
2026-01-23 11:35:23,929 - coint2.engine.numba_engine - INFO - Запуск Numba-оптимизированного бэктеста для ARTYUSDT-KUBUSDT
2026-01-23 11:35:23,958 - coint2.engine.numba_engine - INFO - Запуск Numba-оптимизированного бэктеста для CHRPUSDT-GALFTUSDT
2026-01-23 11:35:23,959 - coint2.engine.numba_engine - INFO - Запуск Numba-оптимизированного бэктеста для BATUSDT-JUVUSDT
2026-01-23 11:35:23,960 - coint2.engine.numba_engine - INFO - Запуск Numba-оптимизированного бэктеста для ADAEUR-ADAUSDC
2026-01-23 11:35:24,009 - coint2.engine.numba_engine - INFO - Запуск Numba-оптимизированного бэктеста для GODSUSDT-INJUSDT
2026-01-23 11:35:24,034 - coint2.engine.numba_engine - INFO - Запуск Numba-оптимизированного бэктеста для FLOWUSDT-JUVUSDT
2026-01-23 11:35:24,048 - coint2.engine.numba_engine - INFO - Запуск Numba-оптимизированного бэктеста для ARTYUSDT-KDAUSDT
2026-01-23 11:35:24,129 - coint2.engine.numba_engine - INFO - Запуск Numba-оптимизированного бэктеста для GENEUSDT-KUBUSDT
2026-01-23 11:35:24,146 - coint2.engine.numba_engine - INFO - Запуск Numba-оптимизированного бэктеста для CELOUSDT-FITFIUSDT
2026-01-23 11:35:24,196 - coint2.engine.numba_engine - INFO - Запуск Numba-оптимизированного бэктеста для AFCUSDT-CITYUSDT
2026-01-23 11:35:24,226 - coint2.engine.numba_engine - INFO - Запуск Numba-оптимизированного бэктеста для C98USDT-CHZUSDC
2026-01-23 11:35:24,279 - coint2.engine.numba_engine - INFO - Запуск Numba-оптимизированного бэктеста для GMTUSDC-HOOKUSDT
2026-01-23 11:35:24,307 - coint2.engine.numba_engine - INFO - Запуск Numba-оптимизированного бэктеста для ALGOUSDT-GALFTUSDT
2026-01-23 11:35:24,312 - coint2.engine.numba_engine - INFO - Запуск Numba-оптимизированного бэктеста для CGPTUSDT-GRTUSDT
2026-01-23 11:35:24,393 - coint2.engine.numba_engine - INFO - Запуск Numba-оптимизированного бэктеста для GMTUSDT-HOOKUSDT
2026-01-23 11:35:24,409 - coint2.engine.numba_engine - INFO - Запуск Numba-оптимизированного бэктеста для CAPSUSDT-GTAIUSDT
2026-01-23 11:35:24,431 - coint2.engine.numba_engine - INFO - Запуск Numba-оптимизированного бэктеста для AFGUSDT-FXSUSDT
2026-01-23 11:35:24,489 - coint2.engine.numba_engine - INFO - Запуск Numba-оптимизированного бэктеста для CHRPUSDT-ERTHAUSDT
2026-01-23 11:35:24,676 - INFO -   ⏱️ Параллельная обработка завершена за 2.2с (22.4 пар/с)
2026-01-23 11:35:24,794 - coint2.pipeline.walk_forward_orchestrator - INFO - 🎯 СИМУЛЯЦИЯ ПОРТФЕЛЯ: 50 пар, лимит 15 позиций
2026-01-23 11:35:26,295 - coint2.pipeline.walk_forward_orchestrator - INFO -    📈 Макс. одновременных сигналов: 33
2026-01-23 11:35:26,296 - coint2.pipeline.walk_forward_orchestrator - INFO -    📊 Средн. сигналов за период: 20.2
2026-01-23 11:35:26,296 - coint2.pipeline.walk_forward_orchestrator - INFO -    🎯 Финальных активных позиций: 12
2026-01-23 11:35:26,297 - coint2.pipeline.walk_forward_orchestrator - INFO -    ⚡ Утилизация лимита позиций: 94.9%
2026-01-23 11:35:26,298 - INFO - ⇠ WF-шаг 5/5 backtests — completed 50 items in 3.85s (13.0 items/s)
2026-01-23 11:35:26,298 - INFO -   ✅ Обработка завершена: 50 успешно, 0 с ошибками
2026-01-23 11:35:26,298 - INFO -   📊 Успешность: 100.0%, прибыльность: 62.0%, сделок/пара: 46.0
2026-01-23 11:35:26,298 - INFO -   ✅ Завершены бэктесты для 50 пар
2026-01-23 11:35:26,298 - INFO -   📊 Всего обработано пар в этом шаге: 50
2026-01-23 11:35:26,298 - INFO -   📈 Результаты шага: 31/50 прибыльных пар, 2300 сделок
2026-01-23 11:35:26,298 - INFO -   💰 P&L шага: $+1,083.59
2026-01-23 11:35:26,298 - INFO -   ⇢ Обновление капитала и дневного P&L...
2026-01-23 11:35:28,006 - INFO -   💼 Шаг P&L: $+1,083.59, Накопленный капитал: $4,283.57
2026-01-23 11:35:28,006 - INFO - ------------------------------------------------------------
2026-01-23 11:35:28,006 - INFO -   Walk-forward steps: 5 / 5 (100.0%) | 0.0 items/s | ETA: 0.0s
2026-01-23 11:35:28,006 - INFO - ⇠ Walk-forward steps — completed 5 items in 129.27s (0.0 items/s)
2026-01-23 11:35:28,006 - INFO - ================================================================================
2026-01-23 11:35:28,006 - INFO - 🏁 Walk-forward анализ завершен!
2026-01-23 11:35:28,006 - INFO - ⏱️ Обработано 5 шагов за 5.6 секунд
2026-01-23 11:35:28,006 - INFO - 📊 Всего обработано пар за весь анализ: 250
2026-01-23 11:35:28,006 - INFO - 💰 Финальный капитал: $4,283.57 (было $1,000.00)
2026-01-23 11:35:28,006 - INFO - 📈 Общая доходность: +328.36% ($+3,283.57)
2026-01-23 11:35:28,007 - INFO - 📊 Всего сделок: 0
2026-01-23 11:35:28,007 - INFO - ================================================================================
2026-01-23 11:35:28,007 - INFO - ✓ Завершены все 5 WF-шагов
2026-01-23 11:35:28,007 - INFO - ⇢ Обработка финальных результатов и расчет метрик...
2026-01-23 11:35:28,007 - INFO - ⇢ processing final results — start
2026-01-23 11:35:28,007 - INFO -   ⇢ Агрегация данных P&L за 14405 торговых дней
2026-01-23 11:35:28,044 - INFO -   ⇢ Расчет базовых метрик производительности...
2026-01-23 11:35:28,044 - INFO -     📊 Данные для анализа: 14405 записей P&L, 14401 точек equity
2026-01-23 11:35:28,047 - INFO -   ⇢ Расчет расширенных метрик (волатильность, Calmar ratio, и др.)...
2026-01-23 11:35:28,047 - INFO -   ✅ Расширенные метрики рассчитаны: 6 показателей
2026-01-23 11:35:28,047 - INFO -   ⇢ Анализ статистики по 250 парам...
2026-01-23 11:35:28,052 - INFO - ✅ Рассчитаны метрики производительности (26 показателей)
2026-01-23 11:35:28,052 - INFO -   💰 Общий P&L: $+3,283.57
2026-01-23 11:35:28,052 - INFO -   📊 Sharpe Ratio: 3.153
2026-01-23 11:35:28,052 - INFO -   📉 Максимальная просадка: -92693.32%
2026-01-23 11:35:28,052 - INFO -   🔄 Всего сделок: 11384
2026-01-23 11:35:28,052 - INFO -   📈 Торгуемых пар: 120
2026-01-23 11:35:28,052 - INFO -   💸 Общие издержки: $761.84
2026-01-23 11:35:28,052 - coint2.metrics - INFO - Metric: total_pnl
2026-01-23 11:35:28,053 - coint2.metrics - INFO - Metric: sharpe_ratio_abs
2026-01-23 11:35:28,053 - coint2.metrics - INFO - Metric: max_drawdown_pct
2026-01-23 11:35:28,053 - coint2.metrics - INFO - Metric: total_trades
2026-01-23 11:35:28,053 - coint2.metrics - INFO - Metric: total_pairs_traded
2026-01-23 11:35:28,053 - coint2.metrics - INFO - Metric: total_costs
2026-01-23 11:35:28,053 - INFO - ⇠ processing final results — done in 0.05s
2026-01-23 11:35:28,053 - INFO - ⇢ Создание отчетов и сохранение результатов...
2026-01-23 11:35:28,054 - INFO - ⇢ generating reports — start
2026-01-23 11:35:28,054 - INFO -   ⇢ Создание отчета о производительности...
2026-01-23 11:35:35,401 - INFO -   ✓ Отчет о производительности создан
2026-01-23 11:35:35,401 - INFO -   ⇢ Сохранение данных в CSV файлы...
2026-01-23 11:35:35,403 - INFO - 📋 Метрики сохранены: artifacts/wfa/runs/20260123_budget1000_capsweep_maxnot25_risk_minnot_grid/stress_relaxed8_nokpss_20260123_top50_z1p00_exit0p06_hold180_cd180_ms0p2_cap1000_maxnot25_risk0p02/strategy_metrics.csv
2026-01-23 11:35:35,405 - INFO - 📈 Дневные P&L сохранены: artifacts/wfa/runs/20260123_budget1000_capsweep_maxnot25_risk_minnot_grid/stress_relaxed8_nokpss_20260123_top50_z1p00_exit0p06_hold180_cd180_ms0p2_cap1000_maxnot25_risk0p02/daily_pnl.csv (151 записей)
2026-01-23 11:35:35,461 - INFO - 💹 Кривая капитала сохранена: artifacts/wfa/runs/20260123_budget1000_capsweep_maxnot25_risk_minnot_grid/stress_relaxed8_nokpss_20260123_top50_z1p00_exit0p06_hold180_cd180_ms0p2_cap1000_maxnot25_risk0p02/equity_curve.csv (14401 точек)
2026-01-23 11:35:35,474 - INFO - 📋 Статистика сделок сохранена: artifacts/wfa/runs/20260123_budget1000_capsweep_maxnot25_risk_minnot_grid/stress_relaxed8_nokpss_20260123_top50_z1p00_exit0p06_hold180_cd180_ms0p2_cap1000_maxnot25_risk0p02/trade_statistics.csv (250 записей)
2026-01-23 11:35:35,474 - INFO - 🎉 Walk-Forward анализ полностью завершен!
2026-01-23 11:35:35,474 - INFO - 📊 Все отчеты и данные сохранены в: artifacts/wfa/runs/20260123_budget1000_capsweep_maxnot25_risk_minnot_grid/stress_relaxed8_nokpss_20260123_top50_z1p00_exit0p06_hold180_cd180_ms0p2_cap1000_maxnot25_risk0p02
2026-01-23 11:35:35,475 - INFO - 💼 Итоговый капитал: $4,283.57
2026-01-23 11:35:35,475 - INFO - ⏱️  Общее время выполнения: 13.0 секунд
2026-01-23 11:35:35,475 - INFO - ⇠ generating reports — done in 7.42s
2026-01-23 11:35:35,475 - coint2.core.memory_optimization - INFO - 🧹 Cleaning up global price data
2026-01-23 11:35:35,482 - coint2.core.memory_optimization - INFO - 📊 No global rolling stats to clean up
2026-01-23 11:35:35,483 - INFO - 🧹 Memory-mapped data cleaned up
2026-01-23 11:35:35,485 - INFO - ⇠ run_walk_forward_analysis — done in 151.15s
📊 Отчет сохранен: artifacts/wfa/runs/20260123_budget1000_capsweep_maxnot25_risk_minnot_grid/stress_relaxed8_nokpss_20260123_top50_z1p00_exit0p06_hold180_cd180_ms0p2_cap1000_maxnot25_risk0p02/CointegrationStrategy_performance_report.png
🎯 ============================================================
📊 ИТОГИ ТОРГОВОЙ СТРАТЕГИИ
🎯 ============================================================

💰 ФИНАНСОВЫЕ РЕЗУЛЬТАТЫ:
   • Общий P&L:                        3,284
   • Максимальная просадка:             -927
   • Средний дневной P&L:                 22

📈 МЕТРИКИ РИСКА:
   • Коэффициент Шарпа:               3.1530
   • Волатильность P&L:               112.27
   • Процент прибыльных дней:         63.58%

🔄 ТОРГОВАЯ АКТИВНОСТЬ:
   • Всего торговых дней:                151
   • Всего сделок:                    11,384
   • Торгуемых пар:                      120
   • Сделок на пару:                    45.5
   • Успешность сделок:               0.80%

💸 РАСХОДЫ И ЭКСТРЕМУМЫ:
   • Общие расходы:                      762
   • Максимальная прибыль:               701
   • Максимальный убыток:               -557
   • Лучшая пара (P&L):                1,830
   • Худшая пара (P&L):                 -443

📊 ОЦЕНКА СТРАТЕГИИ:
   ✅ ОТЛИЧНАЯ стратегия! Высокий Шарп и положительный результат

🎯 ============================================================

Annualized Sharpe Ratio: 3.1529861292455292
[run_wfa_fullcpu] end: 2026-01-23T11:35:36Z
