[run_wfa_queue] 2026-01-23T13:16:38Z cmd: /opt/coint4/coint4/run_wfa_fullcpu.sh configs/budget_20260123_1000_capsweep_oos20240101_20240630_top50_maxnot25_risk0p0125_maxpairsgrid/stress_relaxed8_nokpss_20260123_oos20240101_20240630_top50_z1p00_exit0p06_hold180_cd180_ms0p2_cap1000_maxnot25_risk0p0125_maxpairs40.yaml artifacts/wfa/runs/20260123_budget1000_oos20240101_20240630_top50_maxnot25_risk0p0125_maxpairsgrid/stress_relaxed8_nokpss_20260123_oos20240101_20240630_top50_z1p00_exit0p06_hold180_cd180_ms0p2_cap1000_maxnot25_risk0p0125_maxpairs40
[run_wfa_fullcpu] start: 2026-01-23T13:16:38Z
[run_wfa_fullcpu] os.cpu_count: 8
[run_wfa_fullcpu] worker_pid=1832
2026-01-23 13:16:41,975 - coint2.core.memory_optimization - INFO - ✅ BLAS threading limits set to 1 via threadpoolctl
2026-01-23 13:16:41,975 - coint2.core.memory_optimization - INFO - 🔧 Controlled libraries: openblas, openmp
2026-01-23 13:16:41,976 - coint2.core.memory_optimization - INFO - 🧵 Process threads: 2 → 2
2026-01-23 13:16:41,976 - coint2.core.memory_optimization - INFO - 📝 Set 11 environment variables
2026-01-23 13:16:42,306 - INFO - ✅ Параметры конфигурации валидны
2026-01-23 13:16:42,307 - INFO - 📝 Некоторые параметры были скорректированы:
2026-01-23 13:16:42,461 - INFO - 🔒 WFA: фиксированный universe из artifacts/universe/20260119_relaxed8_strict_preholdout_v2/pairs_universe.yaml (250 пар)
2026-01-23 13:16:42,461 - INFO -   Шаг 1: тренировка 2023-10-03-2023-12-31, тест 2024-01-01-2024-01-31
2026-01-23 13:16:42,461 - INFO -   Шаг 2: тренировка 2023-11-02-2024-01-30, тест 2024-01-31-2024-03-01
2026-01-23 13:16:42,461 - INFO -   Шаг 3: тренировка 2023-12-02-2024-02-29, тест 2024-03-01-2024-03-31
2026-01-23 13:16:42,461 - INFO -   Шаг 4: тренировка 2024-01-01-2024-03-30, тест 2024-03-31-2024-04-30
2026-01-23 13:16:42,461 - INFO -   Шаг 5: тренировка 2024-01-31-2024-04-29, тест 2024-04-30-2024-05-30
2026-01-23 13:16:42,461 - INFO -   Шаг 6: тренировка 2024-03-01-2024-05-29, тест 2024-05-30-2024-06-29
2026-01-23 13:16:42,461 - INFO -   Шаг 7: тренировка 2024-03-31-2024-06-28, тест 2024-06-29-2024-07-29
2026-01-23 13:16:42,461 - INFO - 📈 Запланировано 7 walk-forward шагов
2026-01-23 13:16:42,461 - INFO - ⛔ Ограничение WFA шагов: 7 → 3
2026-01-23 13:16:42,461 - WARNING - ⚠️ Маленький буфер между training и testing в шаге 1: 0 дней. Рекомендуется минимум 1 день.
2026-01-23 13:16:42,461 - WARNING - ⚠️ Маленький буфер между training и testing в шаге 2: 0 дней. Рекомендуется минимум 1 день.
2026-01-23 13:16:42,461 - WARNING - ⚠️ Маленький буфер между training и testing в шаге 3: 0 дней. Рекомендуется минимум 1 день.
2026-01-23 13:16:42,461 - INFO - ✅ Шаги успешно запланированы:
2026-01-23 13:16:42,461 - INFO -    Шаг 1: тренировка 2023-10-03-2023-12-31, тест 2024-01-01-2024-01-31
2026-01-23 13:16:42,462 - INFO -    Шаг 2: тренировка 2023-11-02-2024-01-30, тест 2024-01-31-2024-03-01
2026-01-23 13:16:42,462 - INFO -    Шаг 3: тренировка 2023-12-02-2024-02-29, тест 2024-03-01-2024-03-31
2026-01-23 13:16:42,462 - INFO - 🗂️ Consolidating price data for memory-mapped access...
2026-01-23 13:16:42,462 - INFO - 📊 Consolidating data range: 2023-09-28 → 2024-04-05
2026-01-23 13:16:42,462 - coint2.core.memory_optimization - INFO - 🔄 Consolidating price data from data_downloaded to .cache/consolidated_prices.parquet
2026-01-23 13:16:42,462 - INFO - ⇢ loading raw data for consolidation — start
2026-01-23 13:16:43,025 - INFO - ⇠ loading raw data for consolidation — done in 0.56s
2026-01-23 13:16:43,026 - INFO - ⇢ pivoting data to wide format — start
2026-01-23 13:16:46,927 - INFO - ⇠ pivoting data to wide format — done in 3.90s
2026-01-23 13:16:46,981 - coint2.core.memory_optimization - INFO - 📊 Consolidated data: 18241 rows × 366 symbols
2026-01-23 13:16:46,981 - coint2.core.memory_optimization - INFO - 💾 Memory usage: 26.9 MB
2026-01-23 13:16:46,981 - INFO - ⇢ writing consolidated Parquet file — start
2026-01-23 13:16:47,187 - INFO - ⇠ writing consolidated Parquet file — done in 0.21s
2026-01-23 13:16:47,187 - coint2.core.memory_optimization - INFO - ✅ Successfully consolidated data to .cache/consolidated_prices.parquet
2026-01-23 13:16:47,208 - coint2.core.memory_optimization - INFO - 🔄 Initializing memory-mapped price data from .cache/consolidated_prices.parquet
2026-01-23 13:16:47,208 - INFO - ⇢ loading memory-mapped data — start
2026-01-23 13:16:47,208 - coint2.core.memory_optimization - WARNING - ⚠️ memory_map не поддерживается в текущей версии pyarrow, fallback без mmap
2026-01-23 13:16:47,321 - INFO - ⇠ loading memory-mapped data — done in 0.11s
2026-01-23 13:16:47,331 - coint2.core.memory_optimization - INFO - 📊 Loaded 18241 rows × 366 symbols
2026-01-23 13:16:47,331 - coint2.core.memory_optimization - INFO - 💾 Memory usage: 26.9 MB (memory-mapped)
2026-01-23 13:16:47,332 - INFO - ✅ Memory-mapped data initialized successfully
2026-01-23 13:16:47,333 - INFO - ⇢ Walk-forward steps — starting 3 items
2026-01-23 13:16:47,334 - INFO - 📈 Инициализация equity кривой с первой тестовой даты: 2024-01-01 00:00:00
2026-01-23 13:16:47,334 - INFO - 🔍 WF-шаг 1/3: Валидация временных окон...
2026-01-23 13:16:47,334 - INFO - ⇢ WF-шаг 1/3: training 2023-10-03-2023-12-31, testing 2024-01-01-2024-01-31 — start
2026-01-23 13:16:47,335 - INFO - ⇢ loading step data — start
2026-01-23 13:16:47,557 - INFO - ⇠ loading step data — done in 0.22s
2026-01-23 13:16:49,635 - INFO - 📊 WF-шаг 1/3: Границы данных:
2026-01-23 13:16:49,635 - INFO -    Training: 2023-10-03 00:00:00 → 2023-12-31 23:45:00 (8,640 строк × 329 символов)
2026-01-23 13:16:49,635 - INFO -    Testing:  2024-01-01 00:00:00 → 2024-01-31 00:00:00 (2,881 строк × 329 символов)
2026-01-23 13:16:49,635 - INFO -    Временной разрыв: 0 days 00:15:00
2026-01-23 13:16:49,677 - INFO - ⇢ normalizing training data — start
2026-01-23 13:16:49,717 - INFO -   Символы с NaN значениями: 53
2026-01-23 13:16:49,718 - INFO -   Применяем метод нормализации: rolling_zscore
2026-01-23 13:16:49,741 - INFO - Символы с недостаточной историей: 50 из 329
2026-01-23 13:16:50,374 - INFO - Символы с NaN после нормализации: 279
2026-01-23 13:16:50,384 - INFO - Удалено 1577 начальных строк с NaN от rolling расчетов
2026-01-23 13:16:50,386 - INFO - Итоговое количество символов после нормализации: 279 из 329
2026-01-23 13:16:50,386 - INFO -   Статистика нормализации:
2026-01-23 13:16:50,386 - INFO -     Исходные символы: 329
2026-01-23 13:16:50,387 - INFO -     Недостаточная история: 50
2026-01-23 13:16:50,387 - INFO -     Постоянная цена: 0
2026-01-23 13:16:50,387 - INFO -     NaN после нормализации: 279
2026-01-23 13:16:50,387 - INFO -     Итоговые символы: 279 (84.8%)
2026-01-23 13:16:50,387 - INFO -   После нормализации: 279 символов (потеряно 50)
2026-01-23 13:16:50,387 - INFO -   Отброшено много символов: 50 из 329
2026-01-23 13:16:50,387 - INFO - ⇠ normalizing training data — done in 0.71s
2026-01-23 13:16:50,387 - INFO -   Фиксированный universe: 234 пар (отфильтровано 16 недоступных)
2026-01-23 13:16:50,387 - INFO - ⇢ filtering pairs by cointegration and half-life — start
2026-01-23 13:16:50,387 - INFO - [ФИЛЬТР] Параллельная фильтрация: threads (8 workers)
2026-01-23 13:16:56,284 - INFO - [ФИЛЬТР] После проверки данных: 212 пар
2026-01-23 13:16:56,284 - INFO - [ФИЛЬТР] После фильтра корреляции (>0.4): 163 пар
2026-01-23 13:16:56,284 - INFO - [ФИЛЬТР] После фильтра beta: 141 пар
2026-01-23 13:16:56,285 - INFO - [ФИЛЬТР] После фильтра mean crossings: 141 пар
2026-01-23 13:16:56,285 - INFO - [ФИЛЬТР] После фильтра half-life: 141 пар
2026-01-23 13:16:56,285 - INFO - [ФИЛЬТР] После фильтра коинтеграции: 63 пар
2026-01-23 13:16:56,285 - INFO - [ФИЛЬТР] После фильтра Hurst: 48 пар
2026-01-23 13:16:56,285 - INFO - [ФИЛЬТР] После фильтра KPSS: 48 пар
2026-01-23 13:16:56,285 - INFO - [ФИЛЬТР] После фильтра market microstructure: 44 пар
2026-01-23 13:16:56,285 - INFO - [ФИЛЬТР] Статистика фильтрации (оптимизированный порядок):
2026-01-23 13:16:56,285 - INFO -   1. SSD → Коинтеграция: 234 → 63 пар
2026-01-23 13:16:56,285 - INFO -   2. Коинтеграция → Beta: 63 → 141 пар
2026-01-23 13:16:56,285 - INFO -   3. Beta → Half-life: 141 → 141 пар
2026-01-23 13:16:56,285 - INFO -   4. Half-life → Mean crossings: 141 → 141 пар
2026-01-23 13:16:56,285 - INFO -   5. Mean crossings → Hurst: 141 → 48 пар
2026-01-23 13:16:56,285 - INFO -   6. Hurst → KPSS: 48 → 48 пар
2026-01-23 13:16:56,285 - INFO -   7. KPSS → Market microstructure: 48 → 44 пар
2026-01-23 13:16:56,285 - INFO - [ФИЛЬТР] Причины отсева:
2026-01-23 13:16:56,285 - INFO -   • pvalue: 78 пар (33.3%)
2026-01-23 13:16:56,285 - INFO -   • low_correlation: 49 пар (20.9%)
2026-01-23 13:16:56,285 - INFO -   • insufficient_data: 22 пар (9.4%)
2026-01-23 13:16:56,285 - INFO -   • beta: 22 пар (9.4%)
2026-01-23 13:16:56,285 - INFO -   • hurst: 15 пар (6.4%)
2026-01-23 13:16:56,285 - INFO -   • history: 4 пар (1.7%)
2026-01-23 13:16:56,285 - INFO - [ФИЛЬТР] Итого: 234 → 44 пар (18.8% прошли все фильтры)
2026-01-23 13:16:56,288 - INFO - Причины отсева сохранены в results/filter_reasons_20260123_131656.csv
2026-01-23 13:16:56,289 - INFO -   Pair stability filter: insufficient history (0 < 1), skip
2026-01-23 13:16:56,289 - INFO -   Фильтрация: 234 → 44 пар
2026-01-23 13:16:56,289 - INFO - ⇠ filtering pairs by cointegration and half-life — done in 5.90s
2026-01-23 13:16:56,289 - INFO - ⇠ WF-шаг 1/3: training 2023-10-03-2023-12-31, testing 2024-01-01-2024-01-31 — done in 8.95s
2026-01-23 13:16:56,289 - INFO -   Ограничение max_pairs=40: 44 → 40
2026-01-23 13:16:56,289 - INFO -   Топ-3 пары по волатильности спреда:
2026-01-23 13:16:56,289 - INFO -     1. BTCDAI-BTCEUR: beta=1.1665, std=409.8237
2026-01-23 13:16:56,289 - INFO -     2. ETHDAI-ETHEUR: beta=1.1882, std=22.0629
2026-01-23 13:16:56,289 - INFO -     3. BTCUSDC-BTCUSDT: beta=0.9998, std=13.3093
2026-01-23 13:16:56,289 - INFO -   Всего пар для торговли: 40 (ограничение 15 применяется к одновременно открытым позициям)
2026-01-23 13:16:56,289 - INFO -   💰 Проверка расчета капитала: equity=$1,000.00, кандидатных_пар=40, max_позиций=15
2026-01-23 13:16:56,289 - INFO -   🎯 Target concurrency: 15 (ожидаемое одновременное число позиций)
2026-01-23 13:16:56,290 - INFO -   📊 Детали расчета капитала:
2026-01-23 13:16:56,290 - INFO -      • Базовый капитал на пару: $66.67 (equity / target_concurrency)
2026-01-23 13:16:56,290 - INFO -      • Риск-капитал: $12.50 (1.2% от equity)
2026-01-23 13:16:56,290 - INFO -      • Макс. размер позиции: $20.00 (2.0% от equity)
2026-01-23 13:16:56,290 - INFO -      • Итоговый капитал на пару: $12.50
2026-01-23 13:16:56,290 - INFO - ⇢ WF-шаг 1/3 backtests — starting 40 items
2026-01-23 13:16:56,290 - INFO - 🚀 WF-шаг 1/3: Начинаем бэктесты для 40 пар...
2026-01-23 13:16:56,290 - INFO - 🚀 WF-шаг 1/3: Запускаем параллельную обработку 40 пар на 8 ядрах...
2026-01-23 13:16:56,290 - INFO - 🚀 WF-шаг 1/3: Режим параллельности: процессы
⚙️  Загрузка данных за период: 2023-09-28 -> 2024-04-05
📂 Найдено 43 parquet файлов для обработки.
📊 Схема данных: Schema({'timestamp': Int64, 'open': Float64, 'high': Float64, 'low': Float64, 'close': Float64, 'volume': Float64, 'turnover': String, 'ts_ms': Int64, 'symbol': String})
✅ Загружено 5719620 записей с помощью Polars.
📊 Типы данных в pandas: timestamp       datetime64[us]
symbol                  object
close                  float64
timestamp_ms             int64
dtype: object
⚙️  Загрузка данных за период: 2023-10-03 -> 2024-01-31
📂 Найдено 43 parquet файлов для обработки.
📊 Схема данных: Schema({'timestamp': Int64, 'open': Float64, 'high': Float64, 'low': Float64, 'close': Float64, 'volume': Float64, 'turnover': String, 'ts_ms': Int64, 'symbol': String})
✅ Загружено 3426589 записей с помощью Polars.
📊 Типы данных в pandas: timestamp       datetime64[us]
symbol                  object
close                  float64
timestamp_ms             int64
dtype: object
2026-01-23 13:16:56,346 - coint2.engine.numba_engine - INFO - Запуск Numba-оптимизированного бэктеста для BTCDAI-BTCEUR
2026-01-23 13:16:56,367 - coint2.engine.numba_engine - INFO - Запуск Numba-оптимизированного бэктеста для ETHDAI-ETHEUR
2026-01-23 13:16:56,389 - coint2.engine.numba_engine - INFO - Запуск Numba-оптимизированного бэктеста для BTCUSDC-BTCUSDT
2026-01-23 13:16:56,414 - coint2.engine.numba_engine - INFO - Запуск Numba-оптимизированного бэктеста для ETCUSDT-JUVUSDT
2026-01-23 13:16:56,434 - coint2.engine.numba_engine - INFO - Запуск Numba-оптимизированного бэктеста для APEUSDC-HFTUSDC
2026-01-23 13:16:56,438 - coint2.engine.numba_engine - INFO - Запуск Numba-оптимизированного бэктеста для ATOMUSDT-GODSUSDT
2026-01-23 13:16:56,449 - coint2.engine.numba_engine - INFO - Запуск Numba-оптимизированного бэктеста для APEUSDT-HFTUSDC
2026-01-23 13:16:56,458 - coint2.engine.numba_engine - INFO - Запуск Numba-оптимизированного бэктеста для CITYUSDT-IZIUSDT
2026-01-23 13:16:56,466 - coint2.engine.numba_engine - INFO - Запуск Numba-оптимизированного бэктеста для ETHUSDC-ETHUSDT
2026-01-23 13:16:56,471 - coint2.engine.numba_engine - INFO - Запуск Numba-оптимизированного бэктеста для APEUSDC-HFTUSDT
2026-01-23 13:16:56,471 - coint2.engine.numba_engine - INFO - Запуск Numba-оптимизированного бэктеста для APEUSDC-GODSUSDT
2026-01-23 13:16:56,481 - coint2.engine.numba_engine - INFO - Запуск Numba-оптимизированного бэктеста для CELOUSDT-FLOWUSDT
2026-01-23 13:16:56,490 - coint2.engine.numba_engine - INFO - Запуск Numba-оптимизированного бэктеста для AXSUSDT-DOTUSDT
2026-01-23 13:16:56,492 - coint2.engine.numba_engine - INFO - Запуск Numba-оптимизированного бэктеста для APEUSDT-GODSUSDT
2026-01-23 13:16:56,494 - coint2.engine.numba_engine - INFO - Запуск Numba-оптимизированного бэктеста для APEUSDT-HFTUSDT
2026-01-23 13:16:56,503 - coint2.engine.numba_engine - INFO - Запуск Numba-оптимизированного бэктеста для C98USDT-FILUSDT
2026-01-23 13:16:56,513 - coint2.engine.numba_engine - INFO - Запуск Numba-оптимизированного бэктеста для AVAUSDT-FITFIUSDT
2026-01-23 13:16:56,517 - coint2.engine.numba_engine - INFO - Запуск Numba-оптимизированного бэктеста для AFCUSDT-ANKRUSDT
2026-01-23 13:16:56,517 - coint2.engine.numba_engine - INFO - Запуск Numba-оптимизированного бэктеста для AGLDUSDT-HFTUSDC
2026-01-23 13:16:56,519 - coint2.engine.numba_engine - INFO - Запуск Numba-оптимизированного бэктеста для AVAUSDT-IZIUSDT
2026-01-23 13:16:56,530 - coint2.engine.numba_engine - INFO - Запуск Numba-оптимизированного бэктеста для AXSUSDT-DOTUSDC
2026-01-23 13:16:56,535 - coint2.engine.numba_engine - INFO - Запуск Numba-оптимизированного бэктеста для DOGEUSDC-JUVUSDT
2026-01-23 13:16:56,538 - coint2.engine.numba_engine - INFO - Запуск Numba-оптимизированного бэктеста для HOOKUSDT-KAVAUSDT
2026-01-23 13:16:56,541 - coint2.engine.numba_engine - INFO - Запуск Numba-оптимизированного бэктеста для 1INCHUSDT-ACSUSDT
2026-01-23 13:16:56,552 - coint2.engine.numba_engine - INFO - Запуск Numba-оптимизированного бэктеста для BATUSDT-ETCUSDT
2026-01-23 13:16:56,555 - coint2.engine.numba_engine - INFO - Запуск Numba-оптимизированного бэктеста для AGLDUSDT-HFTUSDT
2026-01-23 13:16:56,559 - coint2.engine.numba_engine - INFO - Запуск Numba-оптимизированного бэктеста для GMTUSDC-HOOKUSDT
2026-01-23 13:16:56,566 - coint2.engine.numba_engine - INFO - Запуск Numba-оптимизированного бэктеста для CHZUSDC-JSTUSDT
2026-01-23 13:16:56,571 - coint2.engine.numba_engine - INFO - Запуск Numba-оптимизированного бэктеста для APEUSDC-ATOMUSDT
2026-01-23 13:16:56,579 - coint2.engine.numba_engine - INFO - Запуск Numba-оптимизированного бэктеста для CRVUSDT-HFTUSDT
2026-01-23 13:16:56,581 - coint2.engine.numba_engine - INFO - Запуск Numba-оптимизированного бэктеста для CHRPUSDT-CITYUSDT
2026-01-23 13:16:56,594 - coint2.engine.numba_engine - INFO - Запуск Numba-оптимизированного бэктеста для CRVUSDT-HFTUSDC
2026-01-23 13:16:56,604 - coint2.engine.numba_engine - INFO - Запуск Numba-оптимизированного бэктеста для GMTUSDT-HOOKUSDT
2026-01-23 13:16:56,615 - coint2.engine.numba_engine - INFO - Запуск Numba-оптимизированного бэктеста для ENJUSDT-FILUSDC
2026-01-23 13:16:56,618 - coint2.engine.numba_engine - INFO - Запуск Numba-оптимизированного бэктеста для APEUSDT-ATOMUSDT
2026-01-23 13:16:56,628 - coint2.engine.numba_engine - INFO - Запуск Numba-оптимизированного бэктеста для FITFIUSDT-JUVUSDT
2026-01-23 13:16:56,636 - coint2.engine.numba_engine - INFO - Запуск Numba-оптимизированного бэктеста для FITFIUSDT-IZIUSDT
2026-01-23 13:16:56,639 - coint2.engine.numba_engine - INFO - Запуск Numba-оптимизированного бэктеста для CELOUSDT-ENJUSDT
2026-01-23 13:16:56,662 - coint2.engine.numba_engine - INFO - Запуск Numba-оптимизированного бэктеста для 1INCHUSDT-AXSUSDT
2026-01-23 13:16:56,684 - coint2.engine.numba_engine - INFO - Запуск Numba-оптимизированного бэктеста для CHRPUSDT-ERTHAUSDT
2026-01-23 13:16:56,722 - INFO -   ⏱️ Параллельная обработка завершена за 0.4с (92.6 пар/с)
2026-01-23 13:16:56,740 - coint2.pipeline.walk_forward_orchestrator - INFO - 🎯 СИМУЛЯЦИЯ ПОРТФЕЛЯ: 40 пар, лимит 15 позиций
2026-01-23 13:16:57,647 - coint2.pipeline.walk_forward_orchestrator - INFO -    📈 Макс. одновременных сигналов: 31
2026-01-23 13:16:57,648 - coint2.pipeline.walk_forward_orchestrator - INFO -    📊 Средн. сигналов за период: 15.5
2026-01-23 13:16:57,648 - coint2.pipeline.walk_forward_orchestrator - INFO -    🎯 Финальных активных позиций: 14
2026-01-23 13:16:57,649 - coint2.pipeline.walk_forward_orchestrator - INFO -    ⚡ Утилизация лимита позиций: 88.0%
2026-01-23 13:16:57,650 - INFO - ⇠ WF-шаг 1/3 backtests — completed 40 items in 1.36s (29.4 items/s)
2026-01-23 13:16:57,650 - INFO -   ✅ Обработка завершена: 40 успешно, 0 с ошибками
2026-01-23 13:16:57,650 - INFO -   📊 Успешность: 100.0%, прибыльность: 60.0%, сделок/пара: 47.3
2026-01-23 13:16:57,650 - INFO -   ✅ Завершены бэктесты для 40 пар
2026-01-23 13:16:57,650 - INFO -   📊 Всего обработано пар в этом шаге: 40
2026-01-23 13:16:57,650 - INFO -   📈 Результаты шага: 24/40 прибыльных пар, 1893 сделок
2026-01-23 13:16:57,650 - INFO -   💰 P&L шага: $-25.38
2026-01-23 13:16:57,651 - INFO -   ⇢ Обновление капитала и дневного P&L...
2026-01-23 13:16:58,822 - INFO -   💼 Шаг P&L: $-25.38, Накопленный капитал: $974.62
2026-01-23 13:16:58,822 - INFO - ------------------------------------------------------------
2026-01-23 13:16:58,822 - INFO -   Walk-forward steps: 1 / 3 (33.3%) | 0.1 items/s | ETA: 23.0s
2026-01-23 13:16:58,822 - INFO - 🔍 WF-шаг 2/3: Валидация временных окон...
2026-01-23 13:16:58,823 - INFO - ⇢ WF-шаг 2/3: training 2023-11-02-2024-01-30, testing 2024-01-31-2024-03-01 — start
2026-01-23 13:16:58,823 - INFO - ⇢ loading step data — start
2026-01-23 13:16:59,113 - INFO - ⇠ loading step data — done in 0.29s
2026-01-23 13:17:01,106 - INFO - 📊 WF-шаг 2/3: Границы данных:
2026-01-23 13:17:01,107 - INFO -    Training: 2023-11-02 00:00:00 → 2024-01-30 23:45:00 (8,640 строк × 346 символов)
2026-01-23 13:17:01,107 - INFO -    Testing:  2024-01-31 00:00:00 → 2024-03-01 00:00:00 (2,881 строк × 346 символов)
2026-01-23 13:17:01,107 - INFO -    Временной разрыв: 0 days 00:15:00
2026-01-23 13:17:01,348 - INFO - ⇢ normalizing training data — start
2026-01-23 13:17:01,390 - INFO -   Символы с NaN значениями: 63
2026-01-23 13:17:01,391 - INFO -   Применяем метод нормализации: rolling_zscore
2026-01-23 13:17:01,414 - INFO - Символы с недостаточной историей: 58 из 346
2026-01-23 13:17:02,032 - INFO - Символы с NaN после нормализации: 288
2026-01-23 13:17:02,041 - INFO - Удалено 1193 начальных строк с NaN от rolling расчетов
2026-01-23 13:17:02,044 - INFO - Итоговое количество символов после нормализации: 288 из 346
2026-01-23 13:17:02,045 - INFO -   Статистика нормализации:
2026-01-23 13:17:02,045 - INFO -     Исходные символы: 346
2026-01-23 13:17:02,045 - INFO -     Недостаточная история: 58
2026-01-23 13:17:02,045 - INFO -     Постоянная цена: 0
2026-01-23 13:17:02,045 - INFO -     NaN после нормализации: 288
2026-01-23 13:17:02,045 - INFO -     Итоговые символы: 288 (83.2%)
2026-01-23 13:17:02,045 - INFO -   После нормализации: 288 символов (потеряно 58)
2026-01-23 13:17:02,045 - INFO -   Отброшено много символов: 58 из 346
2026-01-23 13:17:02,045 - INFO - ⇠ normalizing training data — done in 0.70s
2026-01-23 13:17:02,045 - INFO -   Фиксированный universe: 246 пар (отфильтровано 4 недоступных)
2026-01-23 13:17:02,045 - INFO - ⇢ filtering pairs by cointegration and half-life — start
2026-01-23 13:17:02,046 - INFO - [ФИЛЬТР] Параллельная фильтрация: threads (8 workers)
2026-01-23 13:17:08,049 - INFO - [ФИЛЬТР] После проверки данных: 218 пар
2026-01-23 13:17:08,049 - INFO - [ФИЛЬТР] После фильтра корреляции (>0.4): 122 пар
2026-01-23 13:17:08,049 - INFO - [ФИЛЬТР] После фильтра beta: 108 пар
2026-01-23 13:17:08,049 - INFO - [ФИЛЬТР] После фильтра mean crossings: 108 пар
2026-01-23 13:17:08,049 - INFO - [ФИЛЬТР] После фильтра half-life: 108 пар
2026-01-23 13:17:08,050 - INFO - [ФИЛЬТР] После фильтра коинтеграции: 72 пар
2026-01-23 13:17:08,050 - INFO - [ФИЛЬТР] После фильтра Hurst: 55 пар
2026-01-23 13:17:08,050 - INFO - [ФИЛЬТР] После фильтра KPSS: 55 пар
2026-01-23 13:17:08,050 - INFO - [ФИЛЬТР] После фильтра market microstructure: 49 пар
2026-01-23 13:17:08,050 - INFO - [ФИЛЬТР] Статистика фильтрации (оптимизированный порядок):
2026-01-23 13:17:08,050 - INFO -   1. SSD → Коинтеграция: 246 → 72 пар
2026-01-23 13:17:08,050 - INFO -   2. Коинтеграция → Beta: 72 → 108 пар
2026-01-23 13:17:08,050 - INFO -   3. Beta → Half-life: 108 → 108 пар
2026-01-23 13:17:08,050 - INFO -   4. Half-life → Mean crossings: 108 → 108 пар
2026-01-23 13:17:08,050 - INFO -   5. Mean crossings → Hurst: 108 → 55 пар
2026-01-23 13:17:08,050 - INFO -   6. Hurst → KPSS: 55 → 55 пар
2026-01-23 13:17:08,050 - INFO -   7. KPSS → Market microstructure: 55 → 49 пар
2026-01-23 13:17:08,050 - INFO - [ФИЛЬТР] Причины отсева:
2026-01-23 13:17:08,050 - INFO -   • low_correlation: 96 пар (39.0%)
2026-01-23 13:17:08,050 - INFO -   • pvalue: 36 пар (14.6%)
2026-01-23 13:17:08,050 - INFO -   • insufficient_data: 28 пар (11.4%)
2026-01-23 13:17:08,050 - INFO -   • hurst: 17 пар (6.9%)
2026-01-23 13:17:08,050 - INFO -   • beta: 14 пар (5.7%)
2026-01-23 13:17:08,050 - INFO -   • history: 6 пар (2.4%)
2026-01-23 13:17:08,050 - INFO - [ФИЛЬТР] Итого: 246 → 49 пар (19.9% прошли все фильтры)
2026-01-23 13:17:08,052 - INFO - Причины отсева сохранены в results/filter_reasons_20260123_131708.csv
2026-01-23 13:17:08,053 - INFO -   Pair stability filter: 49 → 31 (window=2, min_steps=1, history=1)
2026-01-23 13:17:08,053 - INFO -   Фильтрация: 246 → 31 пар
2026-01-23 13:17:08,053 - INFO - ⇠ filtering pairs by cointegration and half-life — done in 6.01s
2026-01-23 13:17:08,053 - INFO - ⇠ WF-шаг 2/3: training 2023-11-02-2024-01-30, testing 2024-01-31-2024-03-01 — done in 9.23s
2026-01-23 13:17:08,053 - INFO -   Ограничение max_pairs=40: 31 пар (лимит не достигнут)
2026-01-23 13:17:08,053 - INFO -   Топ-3 пары по волатильности спреда:
2026-01-23 13:17:08,053 - INFO -     1. BTCDAI-BTCEUR: beta=1.1459, std=574.8675
2026-01-23 13:17:08,053 - INFO -     2. ETHDAI-ETHEUR: beta=1.1311, std=22.8903
2026-01-23 13:17:08,053 - INFO -     3. BTCUSDC-BTCUSDT: beta=0.9990, std=20.6114
2026-01-23 13:17:08,053 - INFO -   Всего пар для торговли: 31 (ограничение 15 применяется к одновременно открытым позициям)
2026-01-23 13:17:08,054 - INFO -   💰 Проверка расчета капитала: equity=$974.62, кандидатных_пар=31, max_позиций=15
2026-01-23 13:17:08,054 - INFO -   🎯 Target concurrency: 15 (ожидаемое одновременное число позиций)
2026-01-23 13:17:08,054 - INFO -   📊 Детали расчета капитала:
2026-01-23 13:17:08,054 - INFO -      • Базовый капитал на пару: $64.97 (equity / target_concurrency)
2026-01-23 13:17:08,054 - INFO -      • Риск-капитал: $12.18 (1.2% от equity)
2026-01-23 13:17:08,054 - INFO -      • Макс. размер позиции: $19.49 (2.0% от equity)
2026-01-23 13:17:08,054 - INFO -      • Итоговый капитал на пару: $12.18
2026-01-23 13:17:08,054 - INFO - ⇢ WF-шаг 2/3 backtests — starting 31 items
2026-01-23 13:17:08,054 - INFO - 🚀 WF-шаг 2/3: Начинаем бэктесты для 31 пар...
2026-01-23 13:17:08,054 - INFO - 🚀 WF-шаг 2/3: Запускаем параллельную обработку 31 пар на 8 ядрах...
2026-01-23 13:17:08,054 - INFO - 🚀 WF-шаг 2/3: Режим параллельности: процессы
⚙️  Загрузка данных за период: 2023-11-02 -> 2024-03-01
📂 Найдено 43 parquet файлов для обработки.
📊 Схема данных: Schema({'timestamp': Int64, 'open': Float64, 'high': Float64, 'low': Float64, 'close': Float64, 'volume': Float64, 'turnover': String, 'ts_ms': Int64, 'symbol': String})
✅ Загружено 3596229 записей с помощью Polars.
📊 Типы данных в pandas: timestamp       datetime64[us]
symbol                  object
close                  float64
timestamp_ms             int64
dtype: object
2026-01-23 13:17:08,108 - coint2.engine.numba_engine - INFO - Запуск Numba-оптимизированного бэктеста для BTCDAI-BTCEUR
2026-01-23 13:17:08,132 - coint2.engine.numba_engine - INFO - Запуск Numba-оптимизированного бэктеста для ETHDAI-ETHEUR
2026-01-23 13:17:08,155 - coint2.engine.numba_engine - INFO - Запуск Numba-оптимизированного бэктеста для BTCUSDC-BTCUSDT
2026-01-23 13:17:08,179 - coint2.engine.numba_engine - INFO - Запуск Numba-оптимизированного бэктеста для ETHUSDC-ETHUSDT
2026-01-23 13:17:08,191 - coint2.engine.numba_engine - INFO - Запуск Numba-оптимизированного бэктеста для AGLDUSDT-HFTUSDT
2026-01-23 13:17:08,205 - coint2.engine.numba_engine - INFO - Запуск Numba-оптимизированного бэктеста для ATOMUSDT-GODSUSDT
2026-01-23 13:17:08,213 - coint2.engine.numba_engine - INFO - Запуск Numba-оптимизированного бэктеста для APEUSDC-GODSUSDT
2026-01-23 13:17:08,214 - coint2.engine.numba_engine - INFO - Запуск Numba-оптимизированного бэктеста для APEUSDC-HFTUSDT
2026-01-23 13:17:08,232 - coint2.engine.numba_engine - INFO - Запуск Numba-оптимизированного бэктеста для AXSUSDT-DOTUSDT
2026-01-23 13:17:08,235 - coint2.engine.numba_engine - INFO - Запуск Numba-оптимизированного бэктеста для 1INCHUSDT-AXSUSDT
2026-01-23 13:17:08,236 - coint2.engine.numba_engine - INFO - Запуск Numba-оптимизированного бэктеста для APEUSDT-GODSUSDT
2026-01-23 13:17:08,237 - coint2.engine.numba_engine - INFO - Запуск Numba-оптимизированного бэктеста для APEUSDC-HFTUSDC
2026-01-23 13:17:08,257 - coint2.engine.numba_engine - INFO - Запуск Numba-оптимизированного бэктеста для DOGEUSDC-JUVUSDT
2026-01-23 13:17:08,259 - coint2.engine.numba_engine - INFO - Запуск Numba-оптимизированного бэктеста для HOOKUSDT-KAVAUSDT
2026-01-23 13:17:08,260 - coint2.engine.numba_engine - INFO - Запуск Numba-оптимизированного бэктеста для APEUSDT-HFTUSDT
2026-01-23 13:17:08,281 - coint2.engine.numba_engine - INFO - Запуск Numba-оптимизированного бэктеста для FITFIUSDT-IZIUSDT
2026-01-23 13:17:08,282 - coint2.engine.numba_engine - INFO - Запуск Numba-оптимизированного бэктеста для CELOUSDT-ENJUSDT
2026-01-23 13:17:08,282 - coint2.engine.numba_engine - INFO - Запуск Numba-оптимизированного бэктеста для AXSUSDT-DOTUSDC
2026-01-23 13:17:08,290 - coint2.engine.numba_engine - INFO - Запуск Numba-оптимизированного бэктеста для APEUSDT-HFTUSDC
2026-01-23 13:17:08,294 - coint2.engine.numba_engine - INFO - Запуск Numba-оптимизированного бэктеста для AGLDUSDT-HFTUSDC
2026-01-23 13:17:08,303 - coint2.engine.numba_engine - INFO - Запуск Numba-оптимизированного бэктеста для IZIUSDT-KAVAUSDT
2026-01-23 13:17:08,312 - coint2.engine.numba_engine - INFO - Запуск Numba-оптимизированного бэктеста для CELOUSDT-FLOWUSDT
2026-01-23 13:17:08,323 - coint2.engine.numba_engine - INFO - Запуск Numba-оптимизированного бэктеста для APEUSDC-ATOMUSDT
2026-01-23 13:17:08,334 - coint2.engine.numba_engine - INFO - Запуск Numba-оптимизированного бэктеста для ERTHAUSDT-IZIUSDT
2026-01-23 13:17:08,344 - coint2.engine.numba_engine - INFO - Запуск Numba-оптимизированного бэктеста для AVAUSDT-FITFIUSDT
2026-01-23 13:17:08,365 - coint2.engine.numba_engine - INFO - Запуск Numba-оптимизированного бэктеста для ACSUSDT-AGLDUSDT
2026-01-23 13:17:08,365 - coint2.engine.numba_engine - INFO - Запуск Numba-оптимизированного бэктеста для APEUSDT-ATOMUSDT
2026-01-23 13:17:08,376 - coint2.engine.numba_engine - INFO - Запуск Numba-оптимизированного бэктеста для AFCUSDT-ANKRUSDT
2026-01-23 13:17:08,386 - coint2.engine.numba_engine - INFO - Запуск Numba-оптимизированного бэктеста для 1INCHUSDT-ACSUSDT
2026-01-23 13:17:08,397 - coint2.engine.numba_engine - INFO - Запуск Numba-оптимизированного бэктеста для ENJUSDT-FILUSDC
2026-01-23 13:17:08,407 - coint2.engine.numba_engine - INFO - Запуск Numba-оптимизированного бэктеста для DOMEUSDT-GODSUSDT
2026-01-23 13:17:08,447 - INFO -   ⏱️ Параллельная обработка завершена за 0.4с (79.0 пар/с)
2026-01-23 13:17:08,468 - coint2.pipeline.walk_forward_orchestrator - INFO - 🎯 СИМУЛЯЦИЯ ПОРТФЕЛЯ: 31 пар, лимит 15 позиций
2026-01-23 13:17:09,276 - coint2.pipeline.walk_forward_orchestrator - INFO -    📈 Макс. одновременных сигналов: 24
2026-01-23 13:17:09,276 - coint2.pipeline.walk_forward_orchestrator - INFO -    📊 Средн. сигналов за период: 13.0
2026-01-23 13:17:09,276 - coint2.pipeline.walk_forward_orchestrator - INFO -    🎯 Финальных активных позиций: 6
2026-01-23 13:17:09,278 - coint2.pipeline.walk_forward_orchestrator - INFO -    ⚡ Утилизация лимита позиций: 80.8%
2026-01-23 13:17:09,278 - INFO - ⇠ WF-шаг 2/3 backtests — completed 31 items in 1.22s (25.3 items/s)
2026-01-23 13:17:09,278 - INFO -   ✅ Обработка завершена: 31 успешно, 0 с ошибками
2026-01-23 13:17:09,278 - INFO -   📊 Успешность: 100.0%, прибыльность: 48.4%, сделок/пара: 48.9
2026-01-23 13:17:09,278 - INFO -   ✅ Завершены бэктесты для 31 пар
2026-01-23 13:17:09,279 - INFO -   📊 Всего обработано пар в этом шаге: 31
2026-01-23 13:17:09,279 - INFO -   📈 Результаты шага: 15/31 прибыльных пар, 1515 сделок
2026-01-23 13:17:09,279 - INFO -   💰 P&L шага: $+68.33
2026-01-23 13:17:09,279 - INFO -   ⇢ Обновление капитала и дневного P&L...
2026-01-23 13:17:10,571 - INFO -   💼 Шаг P&L: $+68.33, Накопленный капитал: $1,042.95
2026-01-23 13:17:10,571 - INFO - ------------------------------------------------------------
2026-01-23 13:17:10,571 - INFO -   Walk-forward steps: 2 / 3 (66.7%) | 0.1 items/s | ETA: 11.6s
2026-01-23 13:17:10,571 - INFO - 🔍 WF-шаг 3/3: Валидация временных окон...
2026-01-23 13:17:10,572 - INFO - ⇢ WF-шаг 3/3: training 2023-12-02-2024-02-29, testing 2024-03-01-2024-03-31 — start
2026-01-23 13:17:10,572 - INFO - ⇢ loading step data — start
2026-01-23 13:17:10,858 - INFO - ⇠ loading step data — done in 0.29s
2026-01-23 13:17:12,951 - INFO - 📊 WF-шаг 3/3: Границы данных:
2026-01-23 13:17:12,951 - INFO -    Training: 2023-12-02 00:00:00 → 2024-02-29 23:45:00 (8,640 строк × 361 символов)
2026-01-23 13:17:12,951 - INFO -    Testing:  2024-03-01 00:00:00 → 2024-03-31 00:00:00 (2,881 строк × 361 символов)
2026-01-23 13:17:12,951 - INFO -    Временной разрыв: 0 days 00:15:00
2026-01-23 13:17:12,999 - INFO - ⇢ normalizing training data — start
2026-01-23 13:17:13,044 - INFO -   Символы с NaN значениями: 68
2026-01-23 13:17:13,044 - INFO -   Применяем метод нормализации: rolling_zscore
2026-01-23 13:17:13,067 - INFO - Символы с недостаточной историей: 56 из 361
2026-01-23 13:17:13,716 - INFO - Символы с NaN после нормализации: 305
2026-01-23 13:17:13,725 - INFO - Удалено 1673 начальных строк с NaN от rolling расчетов
2026-01-23 13:17:13,728 - INFO - Итоговое количество символов после нормализации: 305 из 361
2026-01-23 13:17:13,728 - INFO -   Статистика нормализации:
2026-01-23 13:17:13,728 - INFO -     Исходные символы: 361
2026-01-23 13:17:13,728 - INFO -     Недостаточная история: 56
2026-01-23 13:17:13,728 - INFO -     Постоянная цена: 0
2026-01-23 13:17:13,728 - INFO -     NaN после нормализации: 305
2026-01-23 13:17:13,728 - INFO -     Итоговые символы: 305 (84.5%)
2026-01-23 13:17:13,729 - INFO -   После нормализации: 305 символов (потеряно 56)
2026-01-23 13:17:13,729 - INFO -   Отброшено много символов: 56 из 361
2026-01-23 13:17:13,729 - INFO - ⇠ normalizing training data — done in 0.73s
2026-01-23 13:17:13,729 - INFO -   Фиксированный universe: 250 пар (отфильтровано 0 недоступных)
2026-01-23 13:17:13,729 - INFO - ⇢ filtering pairs by cointegration and half-life — start
2026-01-23 13:17:13,729 - INFO - [ФИЛЬТР] Параллельная фильтрация: threads (8 workers)
2026-01-23 13:17:21,122 - INFO - [ФИЛЬТР] После проверки данных: 239 пар
2026-01-23 13:17:21,122 - INFO - [ФИЛЬТР] После фильтра корреляции (>0.4): 137 пар
2026-01-23 13:17:21,122 - INFO - [ФИЛЬТР] После фильтра beta: 127 пар
2026-01-23 13:17:21,122 - INFO - [ФИЛЬТР] После фильтра mean crossings: 127 пар
2026-01-23 13:17:21,122 - INFO - [ФИЛЬТР] После фильтра half-life: 127 пар
2026-01-23 13:17:21,122 - INFO - [ФИЛЬТР] После фильтра коинтеграции: 92 пар
2026-01-23 13:17:21,122 - INFO - [ФИЛЬТР] После фильтра Hurst: 76 пар
2026-01-23 13:17:21,122 - INFO - [ФИЛЬТР] После фильтра KPSS: 76 пар
2026-01-23 13:17:21,122 - INFO - [ФИЛЬТР] После фильтра market microstructure: 68 пар
2026-01-23 13:17:21,122 - INFO - [ФИЛЬТР] Статистика фильтрации (оптимизированный порядок):
2026-01-23 13:17:21,122 - INFO -   1. SSD → Коинтеграция: 250 → 92 пар
2026-01-23 13:17:21,122 - INFO -   2. Коинтеграция → Beta: 92 → 127 пар
2026-01-23 13:17:21,122 - INFO -   3. Beta → Half-life: 127 → 127 пар
2026-01-23 13:17:21,122 - INFO -   4. Half-life → Mean crossings: 127 → 127 пар
2026-01-23 13:17:21,122 - INFO -   5. Mean crossings → Hurst: 127 → 76 пар
2026-01-23 13:17:21,122 - INFO -   6. Hurst → KPSS: 76 → 76 пар
2026-01-23 13:17:21,123 - INFO -   7. KPSS → Market microstructure: 76 → 68 пар
2026-01-23 13:17:21,123 - INFO - [ФИЛЬТР] Причины отсева:
2026-01-23 13:17:21,123 - INFO -   • low_correlation: 102 пар (40.8%)
2026-01-23 13:17:21,123 - INFO -   • pvalue: 35 пар (14.0%)
2026-01-23 13:17:21,123 - INFO -   • hurst: 16 пар (6.4%)
2026-01-23 13:17:21,123 - INFO -   • insufficient_data: 11 пар (4.4%)
2026-01-23 13:17:21,123 - INFO -   • beta: 10 пар (4.0%)
2026-01-23 13:17:21,123 - INFO -   • history: 8 пар (3.2%)
2026-01-23 13:17:21,123 - INFO - [ФИЛЬТР] Итого: 250 → 68 пар (27.2% прошли все фильтры)
2026-01-23 13:17:21,125 - INFO - Причины отсева сохранены в results/filter_reasons_20260123_131721.csv
2026-01-23 13:17:21,125 - INFO -   Pair stability filter: 68 → 29 (window=2, min_steps=1, history=2)
2026-01-23 13:17:21,125 - INFO -   Фильтрация: 250 → 29 пар
2026-01-23 13:17:21,125 - INFO - ⇠ filtering pairs by cointegration and half-life — done in 7.40s
2026-01-23 13:17:21,125 - INFO - ⇠ WF-шаг 3/3: training 2023-12-02-2024-02-29, testing 2024-03-01-2024-03-31 — done in 10.55s
2026-01-23 13:17:21,125 - INFO -   Ограничение max_pairs=40: 29 пар (лимит не достигнут)
2026-01-23 13:17:21,125 - INFO -   Топ-3 пары по волатильности спреда:
2026-01-23 13:17:21,125 - INFO -     1. BTCDAI-BTCEUR: beta=1.0480, std=582.7625
2026-01-23 13:17:21,125 - INFO -     2. ETHDAI-ETHEUR: beta=1.0530, std=30.4486
2026-01-23 13:17:21,125 - INFO -     3. ATOMUSDT-GODSUSDT: beta=8.5838, std=0.6434
2026-01-23 13:17:21,125 - INFO -   Всего пар для торговли: 29 (ограничение 15 применяется к одновременно открытым позициям)
2026-01-23 13:17:21,126 - INFO -   💰 Проверка расчета капитала: equity=$1,042.95, кандидатных_пар=29, max_позиций=15
2026-01-23 13:17:21,126 - INFO -   🎯 Target concurrency: 15 (ожидаемое одновременное число позиций)
2026-01-23 13:17:21,126 - INFO -   📊 Детали расчета капитала:
2026-01-23 13:17:21,126 - INFO -      • Базовый капитал на пару: $69.53 (equity / target_concurrency)
2026-01-23 13:17:21,126 - INFO -      • Риск-капитал: $13.04 (1.2% от equity)
2026-01-23 13:17:21,126 - INFO -      • Макс. размер позиции: $20.86 (2.0% от equity)
2026-01-23 13:17:21,126 - INFO -      • Итоговый капитал на пару: $13.04
2026-01-23 13:17:21,126 - INFO - ⇢ WF-шаг 3/3 backtests — starting 29 items
2026-01-23 13:17:21,126 - INFO - 🚀 WF-шаг 3/3: Начинаем бэктесты для 29 пар...
2026-01-23 13:17:21,126 - INFO - 🚀 WF-шаг 3/3: Запускаем параллельную обработку 29 пар на 8 ядрах...
2026-01-23 13:17:21,127 - INFO - 🚀 WF-шаг 3/3: Режим параллельности: процессы
⚙️  Загрузка данных за период: 2023-12-02 -> 2024-03-31
📂 Найдено 43 parquet файлов для обработки.
📊 Схема данных: Schema({'timestamp': Int64, 'open': Float64, 'high': Float64, 'low': Float64, 'close': Float64, 'volume': Float64, 'turnover': String, 'ts_ms': Int64, 'symbol': String})
✅ Загружено 3779046 записей с помощью Polars.
📊 Типы данных в pandas: timestamp       datetime64[us]
symbol                  object
close                  float64
timestamp_ms             int64
dtype: object
2026-01-23 13:17:21,184 - coint2.engine.numba_engine - INFO - Запуск Numba-оптимизированного бэктеста для BTCDAI-BTCEUR
2026-01-23 13:17:21,203 - coint2.engine.numba_engine - INFO - Запуск Numba-оптимизированного бэктеста для ETHDAI-ETHEUR
2026-01-23 13:17:21,228 - coint2.engine.numba_engine - INFO - Запуск Numba-оптимизированного бэктеста для ATOMUSDT-GODSUSDT
2026-01-23 13:17:21,250 - coint2.engine.numba_engine - INFO - Запуск Numba-оптимизированного бэктеста для ATOMUSDT-KCALUSDT
2026-01-23 13:17:21,274 - coint2.engine.numba_engine - INFO - Запуск Numba-оптимизированного бэктеста для CAKEUSDT-FIDAUSDT
2026-01-23 13:17:21,278 - coint2.engine.numba_engine - INFO - Запуск Numba-оптимизированного бэктеста для APEUSDC-HFTUSDC
2026-01-23 13:17:21,285 - coint2.engine.numba_engine - INFO - Запуск Numba-оптимизированного бэктеста для APEUSDT-HFTUSDC
2026-01-23 13:17:21,302 - coint2.engine.numba_engine - INFO - Запуск Numba-оптимизированного бэктеста для APEUSDT-GODSUSDT
2026-01-23 13:17:21,304 - coint2.engine.numba_engine - INFO - Запуск Numba-оптимизированного бэктеста для BICOUSDT-KASTAUSDT
2026-01-23 13:17:21,307 - coint2.engine.numba_engine - INFO - Запуск Numba-оптимизированного бэктеста для 1INCHUSDT-AXSUSDT
2026-01-23 13:17:21,318 - coint2.engine.numba_engine - INFO - Запуск Numba-оптимизированного бэктеста для APEUSDC-ATOMUSDT
2026-01-23 13:17:21,325 - coint2.engine.numba_engine - INFO - Запуск Numba-оптимизированного бэктеста для IZIUSDT-KAVAUSDT
2026-01-23 13:17:21,327 - coint2.engine.numba_engine - INFO - Запуск Numba-оптимизированного бэктеста для FITFIUSDT-IZIUSDT
2026-01-23 13:17:21,338 - coint2.engine.numba_engine - INFO - Запуск Numba-оптимизированного бэктеста для APEUSDT-ATOMUSDT
2026-01-23 13:17:21,342 - coint2.engine.numba_engine - INFO - Запуск Numba-оптимизированного бэктеста для GMTUSDC-KAVAUSDT
2026-01-23 13:17:21,344 - coint2.engine.numba_engine - INFO - Запуск Numba-оптимизированного бэктеста для AGLDUSDT-HFTUSDC
2026-01-23 13:17:21,361 - coint2.engine.numba_engine - INFO - Запуск Numba-оптимизированного бэктеста для AGLDUSDT-HFTUSDT
2026-01-23 13:17:21,363 - coint2.engine.numba_engine - INFO - Запуск Numba-оптимизированного бэктеста для FITFIUSDT-JUVUSDT
2026-01-23 13:17:21,364 - coint2.engine.numba_engine - INFO - Запуск Numba-оптимизированного бэктеста для AFCUSDT-ANKRUSDT
2026-01-23 13:17:21,364 - coint2.engine.numba_engine - INFO - Запуск Numba-оптимизированного бэктеста для GMTUSDT-KAVAUSDT
2026-01-23 13:17:21,386 - coint2.engine.numba_engine - INFO - Запуск Numba-оптимизированного бэктеста для GMTUSDC-KCALUSDT
2026-01-23 13:17:21,388 - coint2.engine.numba_engine - INFO - Запуск Numba-оптимизированного бэктеста для ERTHAUSDT-IZIUSDT
2026-01-23 13:17:21,407 - coint2.engine.numba_engine - INFO - Запуск Numba-оптимизированного бэктеста для DOMEUSDT-GODSUSDT
2026-01-23 13:17:21,407 - coint2.engine.numba_engine - INFO - Запуск Numba-оптимизированного бэктеста для GODSUSDT-KCALUSDT
2026-01-23 13:17:21,430 - coint2.engine.numba_engine - INFO - Запуск Numba-оптимизированного бэктеста для GMTUSDT-KCALUSDT
2026-01-23 13:17:21,430 - coint2.engine.numba_engine - INFO - Запуск Numba-оптимизированного бэктеста для BICOUSDT-ETHWUSDT
2026-01-23 13:17:21,449 - coint2.engine.numba_engine - INFO - Запуск Numba-оптимизированного бэктеста для AVAUSDT-FITFIUSDT
2026-01-23 13:17:21,451 - coint2.engine.numba_engine - INFO - Запуск Numba-оптимизированного бэктеста для C98USDT-FILUSDT
2026-01-23 13:17:21,470 - coint2.engine.numba_engine - INFO - Запуск Numba-оптимизированного бэктеста для DOGEUSDC-JUVUSDT
2026-01-23 13:17:21,509 - INFO -   ⏱️ Параллельная обработка завершена за 0.4с (75.8 пар/с)
2026-01-23 13:17:21,526 - coint2.pipeline.walk_forward_orchestrator - INFO - 🎯 СИМУЛЯЦИЯ ПОРТФЕЛЯ: 29 пар, лимит 15 позиций
2026-01-23 13:17:22,316 - coint2.pipeline.walk_forward_orchestrator - INFO -    📈 Макс. одновременных сигналов: 22
2026-01-23 13:17:22,317 - coint2.pipeline.walk_forward_orchestrator - INFO -    📊 Средн. сигналов за период: 12.3
2026-01-23 13:17:22,317 - coint2.pipeline.walk_forward_orchestrator - INFO -    🎯 Финальных активных позиций: 13
2026-01-23 13:17:22,318 - coint2.pipeline.walk_forward_orchestrator - INFO -    ⚡ Утилизация лимита позиций: 78.6%
2026-01-23 13:17:22,318 - INFO - ⇠ WF-шаг 3/3 backtests — completed 29 items in 1.19s (24.3 items/s)
2026-01-23 13:17:22,318 - INFO -   ✅ Обработка завершена: 29 успешно, 0 с ошибками
2026-01-23 13:17:22,319 - INFO -   📊 Успешность: 100.0%, прибыльность: 48.3%, сделок/пара: 49.6
2026-01-23 13:17:22,319 - INFO -   ✅ Завершены бэктесты для 29 пар
2026-01-23 13:17:22,319 - INFO -   📊 Всего обработано пар в этом шаге: 29
2026-01-23 13:17:22,319 - INFO -   📈 Результаты шага: 14/29 прибыльных пар, 1438 сделок
2026-01-23 13:17:22,319 - INFO -   💰 P&L шага: $-172.01
2026-01-23 13:17:22,319 - INFO -   ⇢ Обновление капитала и дневного P&L...
2026-01-23 13:17:23,708 - INFO -   💼 Шаг P&L: $-172.01, Накопленный капитал: $870.94
2026-01-23 13:17:23,708 - INFO - ------------------------------------------------------------
2026-01-23 13:17:23,708 - INFO -   Walk-forward steps: 3 / 3 (100.0%) | 0.1 items/s | ETA: 0.0s
2026-01-23 13:17:23,708 - INFO - ⇠ Walk-forward steps — completed 3 items in 36.37s (0.1 items/s)
2026-01-23 13:17:23,708 - INFO - ================================================================================
2026-01-23 13:17:23,708 - INFO - 🏁 Walk-forward анализ завершен!
2026-01-23 13:17:23,708 - INFO - ⏱️ Обработано 3 шагов за 2.6 секунд
2026-01-23 13:17:23,709 - INFO - 📊 Всего обработано пар за весь анализ: 100
2026-01-23 13:17:23,709 - INFO - 💰 Финальный капитал: $870.94 (было $1,000.00)
2026-01-23 13:17:23,709 - INFO - 📈 Общая доходность: -12.91% ($-129.06)
2026-01-23 13:17:23,709 - INFO - 📊 Всего сделок: 0
2026-01-23 13:17:23,709 - INFO - ================================================================================
2026-01-23 13:17:23,709 - INFO - ✓ Завершены все 3 WF-шагов
2026-01-23 13:17:23,709 - INFO - ⇢ Обработка финальных результатов и расчет метрик...
2026-01-23 13:17:23,709 - INFO - ⇢ processing final results — start
2026-01-23 13:17:23,709 - INFO -   ⇢ Агрегация данных P&L за 8643 торговых дней
2026-01-23 13:17:23,731 - INFO -   ⇢ Расчет базовых метрик производительности...
2026-01-23 13:17:23,732 - INFO -     📊 Данные для анализа: 8643 записей P&L, 8641 точек equity
2026-01-23 13:17:23,734 - INFO -   ⇢ Расчет расширенных метрик (волатильность, Calmar ratio, и др.)...
2026-01-23 13:17:23,734 - INFO -   ✅ Расширенные метрики рассчитаны: 6 показателей
2026-01-23 13:17:23,735 - INFO -   ⇢ Анализ статистики по 100 парам...
2026-01-23 13:17:23,738 - INFO - ✅ Рассчитаны метрики производительности (26 показателей)
2026-01-23 13:17:23,738 - INFO -   💰 Общий P&L: $-129.06
2026-01-23 13:17:23,738 - INFO -   📊 Sharpe Ratio: 0.000
2026-01-23 13:17:23,738 - INFO -   📉 Максимальная просадка: -36895.96%
2026-01-23 13:17:23,738 - INFO -   🔄 Всего сделок: 4846
2026-01-23 13:17:23,738 - INFO -   📈 Торгуемых пар: 53
2026-01-23 13:17:23,739 - INFO -   💸 Общие издержки: $203.06
2026-01-23 13:17:23,739 - coint2.metrics - INFO - Metric: total_pnl
2026-01-23 13:17:23,739 - coint2.metrics - INFO - Metric: sharpe_ratio_abs
2026-01-23 13:17:23,739 - coint2.metrics - INFO - Metric: max_drawdown_pct
2026-01-23 13:17:23,739 - coint2.metrics - INFO - Metric: total_trades
2026-01-23 13:17:23,739 - coint2.metrics - INFO - Metric: total_pairs_traded
2026-01-23 13:17:23,739 - coint2.metrics - INFO - Metric: total_costs
2026-01-23 13:17:23,740 - INFO - ⇠ processing final results — done in 0.03s
2026-01-23 13:17:23,740 - INFO - ⇢ Создание отчетов и сохранение результатов...
2026-01-23 13:17:23,740 - INFO - ⇢ generating reports — start
2026-01-23 13:17:23,740 - INFO -   ⇢ Создание отчета о производительности...
2026-01-23 13:17:29,870 - INFO -   ✓ Отчет о производительности создан
2026-01-23 13:17:29,870 - INFO -   ⇢ Сохранение данных в CSV файлы...
2026-01-23 13:17:29,873 - INFO - 📋 Метрики сохранены: artifacts/wfa/runs/20260123_budget1000_oos20240101_20240630_top50_maxnot25_risk0p0125_maxpairsgrid/stress_relaxed8_nokpss_20260123_oos20240101_20240630_top50_z1p00_exit0p06_hold180_cd180_ms0p2_cap1000_maxnot25_risk0p0125_maxpairs40/strategy_metrics.csv
2026-01-23 13:17:29,874 - INFO - 📈 Дневные P&L сохранены: artifacts/wfa/runs/20260123_budget1000_oos20240101_20240630_top50_maxnot25_risk0p0125_maxpairsgrid/stress_relaxed8_nokpss_20260123_oos20240101_20240630_top50_z1p00_exit0p06_hold180_cd180_ms0p2_cap1000_maxnot25_risk0p0125_maxpairs40/daily_pnl.csv (91 записей)
2026-01-23 13:17:29,905 - INFO - 💹 Кривая капитала сохранена: artifacts/wfa/runs/20260123_budget1000_oos20240101_20240630_top50_maxnot25_risk0p0125_maxpairsgrid/stress_relaxed8_nokpss_20260123_oos20240101_20240630_top50_z1p00_exit0p06_hold180_cd180_ms0p2_cap1000_maxnot25_risk0p0125_maxpairs40/equity_curve.csv (8641 точек)
2026-01-23 13:17:29,909 - INFO - 📋 Статистика сделок сохранена: artifacts/wfa/runs/20260123_budget1000_oos20240101_20240630_top50_maxnot25_risk0p0125_maxpairsgrid/stress_relaxed8_nokpss_20260123_oos20240101_20240630_top50_z1p00_exit0p06_hold180_cd180_ms0p2_cap1000_maxnot25_risk0p0125_maxpairs40/trade_statistics.csv (100 записей)
2026-01-23 13:17:29,910 - INFO - 🎉 Walk-Forward анализ полностью завершен!
2026-01-23 13:17:29,910 - INFO - 📊 Все отчеты и данные сохранены в: artifacts/wfa/runs/20260123_budget1000_oos20240101_20240630_top50_maxnot25_risk0p0125_maxpairsgrid/stress_relaxed8_nokpss_20260123_oos20240101_20240630_top50_z1p00_exit0p06_hold180_cd180_ms0p2_cap1000_maxnot25_risk0p0125_maxpairs40
2026-01-23 13:17:29,910 - INFO - 💼 Итоговый капитал: $870.94
2026-01-23 13:17:29,910 - INFO - ⏱️  Общее время выполнения: 8.8 секунд
2026-01-23 13:17:29,910 - INFO - ⇠ generating reports — done in 6.17s
2026-01-23 13:17:29,910 - coint2.core.memory_optimization - INFO - 🧹 Cleaning up global price data
2026-01-23 13:17:29,914 - coint2.core.memory_optimization - INFO - 📊 No global rolling stats to clean up
2026-01-23 13:17:29,914 - INFO - 🧹 Memory-mapped data cleaned up
2026-01-23 13:17:29,915 - INFO - ⇠ run_walk_forward_analysis — done in 47.96s
📊 Отчет сохранен: artifacts/wfa/runs/20260123_budget1000_oos20240101_20240630_top50_maxnot25_risk0p0125_maxpairsgrid/stress_relaxed8_nokpss_20260123_oos20240101_20240630_top50_z1p00_exit0p06_hold180_cd180_ms0p2_cap1000_maxnot25_risk0p0125_maxpairs40/CointegrationStrategy_performance_report.png
🎯 ============================================================
📊 ИТОГИ ТОРГОВОЙ СТРАТЕГИИ
🎯 ============================================================

💰 ФИНАНСОВЫЕ РЕЗУЛЬТАТЫ:
   • Общий P&L:                         -129
   • Максимальная просадка:             -369
   • Средний дневной P&L:                 -1

📈 МЕТРИКИ РИСКА:
   • Коэффициент Шарпа:               0.0001
   • Волатильность P&L:                51.14
   • Процент прибыльных дней:         57.14%

🔄 ТОРГОВАЯ АКТИВНОСТЬ:
   • Всего торговых дней:                 91
   • Всего сделок:                     4,846
   • Торгуемых пар:                       53
   • Сделок на пару:                    48.5
   • Успешность сделок:               0.85%

💸 РАСХОДЫ И ЭКСТРЕМУМЫ:
   • Общие расходы:                      203
   • Максимальная прибыль:               146
   • Максимальный убыток:               -303
   • Лучшая пара (P&L):                  124
   • Худшая пара (P&L):                 -143

📊 ОЦЕНКА СТРАТЕГИИ:
   ❌ УБЫТОЧНАЯ стратегия. Требует доработки

🎯 ============================================================

Annualized Sharpe Ratio: 0.00011353362555302668
[run_wfa_fullcpu] end: 2026-01-23T13:17:31Z
