[run_wfa_queue] 2026-01-18T23:25:22Z cmd: /opt/coint4/coint4/run_wfa_fullcpu.sh configs/stress_20260118/stress_20260118_baseline_z0p85_exit0p12_corr0p65_ssd25000.yaml artifacts/wfa/runs/20260118_stress/stress_20260118_baseline_z0p85_exit0p12_corr0p65_ssd25000
[run_wfa_fullcpu] start: 2026-01-18T23:25:22Z
[run_wfa_fullcpu] os.cpu_count: 8
[run_wfa_fullcpu] worker_pid=5736
2026-01-18 23:25:25,609 - coint2.core.memory_optimization - INFO - ✅ BLAS threading limits set to 1 via threadpoolctl
2026-01-18 23:25:25,610 - coint2.core.memory_optimization - INFO - 🔧 Controlled libraries: openblas, openmp
2026-01-18 23:25:25,610 - coint2.core.memory_optimization - INFO - 🧵 Process threads: 2 → 2
2026-01-18 23:25:25,610 - coint2.core.memory_optimization - INFO - 📝 Set 11 environment variables
2026-01-18 23:25:25,939 - INFO - ✅ Параметры конфигурации валидны
2026-01-18 23:25:25,939 - INFO - 📝 Некоторые параметры были скорректированы:
2026-01-18 23:25:25,939 - INFO - 🧭 WFA: динамический отбор пар на каждом шаге
2026-01-18 23:25:25,940 - INFO -   Шаг 1: тренировка 2023-08-02-2023-09-30, тест 2023-10-01-2023-10-31
2026-01-18 23:25:25,940 - INFO -   Шаг 2: тренировка 2023-09-01-2023-10-30, тест 2023-10-31-2023-11-30
2026-01-18 23:25:25,940 - INFO -   Шаг 3: тренировка 2023-10-01-2023-11-29, тест 2023-11-30-2023-12-30
2026-01-18 23:25:25,940 - INFO -   Шаг 4: тренировка 2023-10-31-2023-12-29, тест 2023-12-30-2024-01-29
2026-01-18 23:25:25,940 - INFO -   Шаг 5: тренировка 2023-11-30-2024-01-28, тест 2024-01-29-2024-02-28
2026-01-18 23:25:25,940 - INFO -   Шаг 6: тренировка 2023-12-30-2024-02-27, тест 2024-02-28-2024-03-29
2026-01-18 23:25:25,940 - INFO -   Шаг 7: тренировка 2024-01-29-2024-03-28, тест 2024-03-29-2024-04-28
2026-01-18 23:25:25,940 - INFO -   Шаг 8: тренировка 2024-02-28-2024-04-27, тест 2024-04-28-2024-05-28
2026-01-18 23:25:25,940 - INFO - 📈 Запланировано 8 walk-forward шагов
2026-01-18 23:25:25,940 - INFO - ⛔ Ограничение WFA шагов: 8 → 5
2026-01-18 23:25:25,940 - WARNING - ⚠️ Маленький буфер между training и testing в шаге 1: 0 дней. Рекомендуется минимум 1 день.
2026-01-18 23:25:25,940 - WARNING - ⚠️ Маленький буфер между training и testing в шаге 2: 0 дней. Рекомендуется минимум 1 день.
2026-01-18 23:25:25,940 - WARNING - ⚠️ Маленький буфер между training и testing в шаге 3: 0 дней. Рекомендуется минимум 1 день.
2026-01-18 23:25:25,940 - WARNING - ⚠️ Маленький буфер между training и testing в шаге 4: 0 дней. Рекомендуется минимум 1 день.
2026-01-18 23:25:25,940 - WARNING - ⚠️ Маленький буфер между training и testing в шаге 5: 0 дней. Рекомендуется минимум 1 день.
2026-01-18 23:25:25,940 - INFO - ✅ Шаги успешно запланированы:
2026-01-18 23:25:25,940 - INFO -    Шаг 1: тренировка 2023-08-02-2023-09-30, тест 2023-10-01-2023-10-31
2026-01-18 23:25:25,940 - INFO -    Шаг 2: тренировка 2023-09-01-2023-10-30, тест 2023-10-31-2023-11-30
2026-01-18 23:25:25,940 - INFO -    Шаг 3: тренировка 2023-10-01-2023-11-29, тест 2023-11-30-2023-12-30
2026-01-18 23:25:25,940 - INFO -    Шаг 4: тренировка 2023-10-31-2023-12-29, тест 2023-12-30-2024-01-29
2026-01-18 23:25:25,940 - INFO -    Шаг 5: тренировка 2023-11-30-2024-01-28, тест 2024-01-29-2024-02-28
2026-01-18 23:25:25,940 - INFO - 🗂️ Consolidating price data for memory-mapped access...
2026-01-18 23:25:25,941 - INFO - 📊 Consolidating data range: 2023-07-28 → 2024-03-04
2026-01-18 23:25:25,941 - coint2.core.memory_optimization - INFO - 🔄 Consolidating price data from data_downloaded to .cache/consolidated_prices.parquet
2026-01-18 23:25:25,941 - INFO - ⇢ loading raw data for consolidation — start
2026-01-18 23:25:26,606 - INFO - ⇠ loading raw data for consolidation — done in 0.66s
2026-01-18 23:25:26,606 - INFO - ⇢ pivoting data to wide format — start
2026-01-18 23:25:30,629 - INFO - ⇠ pivoting data to wide format — done in 4.02s
2026-01-18 23:25:30,687 - coint2.core.memory_optimization - INFO - 📊 Consolidated data: 21121 rows × 346 symbols
2026-01-18 23:25:30,687 - coint2.core.memory_optimization - INFO - 💾 Memory usage: 29.4 MB
2026-01-18 23:25:30,687 - INFO - ⇢ writing consolidated Parquet file — start
2026-01-18 23:25:30,910 - INFO - ⇠ writing consolidated Parquet file — done in 0.22s
2026-01-18 23:25:30,911 - coint2.core.memory_optimization - INFO - ✅ Successfully consolidated data to .cache/consolidated_prices.parquet
2026-01-18 23:25:30,934 - coint2.core.memory_optimization - INFO - 🔄 Initializing memory-mapped price data from .cache/consolidated_prices.parquet
2026-01-18 23:25:30,935 - INFO - ⇢ loading memory-mapped data — start
2026-01-18 23:25:30,935 - coint2.core.memory_optimization - WARNING - ⚠️ memory_map не поддерживается в текущей версии pyarrow, fallback без mmap
2026-01-18 23:25:31,059 - INFO - ⇠ loading memory-mapped data — done in 0.12s
2026-01-18 23:25:31,069 - coint2.core.memory_optimization - INFO - 📊 Loaded 21121 rows × 346 symbols
2026-01-18 23:25:31,069 - coint2.core.memory_optimization - INFO - 💾 Memory usage: 29.4 MB (memory-mapped)
2026-01-18 23:25:31,070 - INFO - ✅ Memory-mapped data initialized successfully
2026-01-18 23:25:31,071 - INFO - ⇢ Walk-forward steps — starting 5 items
2026-01-18 23:25:31,071 - INFO - 📈 Инициализация equity кривой с первой тестовой даты: 2023-10-01 00:00:00
2026-01-18 23:25:31,071 - INFO - 🔍 WF-шаг 1/5: Валидация временных окон...
2026-01-18 23:25:31,072 - INFO - ⇢ WF-шаг 1/5: training 2023-08-02-2023-09-30, testing 2023-10-01-2023-10-31 — start
2026-01-18 23:25:31,072 - INFO - ⇢ loading step data — start
2026-01-18 23:25:31,222 - INFO - ⇠ loading step data — done in 0.15s
2026-01-18 23:25:32,469 - INFO - 📊 WF-шаг 1/5: Границы данных:
2026-01-18 23:25:32,470 - INFO -    Training: 2023-08-02 00:00:00 → 2023-09-30 23:45:00 (5,760 строк × 282 символов)
2026-01-18 23:25:32,470 - INFO -    Testing:  2023-10-01 00:00:00 → 2023-10-31 00:00:00 (2,881 строк × 282 символов)
2026-01-18 23:25:32,470 - INFO -    Временной разрыв: 0 days 00:15:00
2026-01-18 23:25:32,505 - INFO - ⇢ normalizing training data — start
2026-01-18 23:25:32,535 - INFO -   Символы с NaN значениями: 20
2026-01-18 23:25:32,535 - INFO -   Применяем метод нормализации: rolling_zscore
2026-01-18 23:25:32,548 - INFO - Символы с недостаточной историей: 20 из 282
2026-01-18 23:25:32,901 - INFO - Символы с NaN после нормализации: 262
2026-01-18 23:25:32,908 - INFO - Удалено 1 начальных строк с NaN от rolling расчетов
2026-01-18 23:25:32,910 - INFO - Итоговое количество символов после нормализации: 262 из 282
2026-01-18 23:25:32,910 - INFO -   Статистика нормализации:
2026-01-18 23:25:32,910 - INFO -     Исходные символы: 282
2026-01-18 23:25:32,910 - INFO -     Недостаточная история: 20
2026-01-18 23:25:32,911 - INFO -     Постоянная цена: 0
2026-01-18 23:25:32,911 - INFO -     NaN после нормализации: 262
2026-01-18 23:25:32,911 - INFO -     Итоговые символы: 262 (92.9%)
2026-01-18 23:25:32,911 - INFO -   После нормализации: 262 символов (потеряно 20)
2026-01-18 23:25:32,911 - INFO -   Отброшенные символы: ADAEUR, BEAMUSDT, BTCEUR, CYBERUSDT, DOGEEUR, ETHEUR, FETUSDT, JEFFUSDT, KASUSDT, KAVAUSDT, LTCEUR, ORDIUSDT, POLUSDT, PPTUSDT, PYUSDUSDT, SEIUSDT, SOLEUR, USDCEUR, XRPEUR, ZTXUSDT
2026-01-18 23:25:32,911 - INFO - ⇠ normalizing training data — done in 0.41s
2026-01-18 23:25:32,911 - INFO - ⇢ SSD computation — start
2026-01-18 23:25:32,911 - INFO -   Расчет SSD для всех пар (без ограничения)
2026-01-18 23:25:35,228 - INFO -   SSD результат (все пары): 34191 пар
2026-01-18 23:25:35,229 - INFO -   Ограничиваем до top-25000 пар для дальнейшей обработки
2026-01-18 23:25:35,230 - INFO - ⇠ SSD computation — done in 2.32s
2026-01-18 23:25:35,236 - INFO - ⇢ filtering pairs by cointegration and half-life — start
2026-01-18 23:25:35,236 - INFO - [ФИЛЬТР] Параллельная фильтрация: threads (8 workers)
2026-01-18 23:30:53,541 - INFO - [ФИЛЬТР] После проверки данных: 25000 пар
2026-01-18 23:30:53,541 - INFO - [ФИЛЬТР] После фильтра корреляции (>0.65): 16120 пар
2026-01-18 23:30:53,541 - INFO - [ФИЛЬТР] После фильтра beta: 10655 пар
2026-01-18 23:30:53,541 - INFO - [ФИЛЬТР] После фильтра mean crossings: 10655 пар
2026-01-18 23:30:53,541 - INFO - [ФИЛЬТР] После фильтра half-life: 10624 пар
2026-01-18 23:30:53,541 - INFO - [ФИЛЬТР] После фильтра коинтеграции: 4048 пар
2026-01-18 23:30:53,541 - INFO - [ФИЛЬТР] После фильтра Hurst: 1955 пар
2026-01-18 23:30:53,541 - INFO - [ФИЛЬТР] После фильтра KPSS: 90 пар
2026-01-18 23:30:53,541 - INFO - [ФИЛЬТР] После фильтра market microstructure: 90 пар
2026-01-18 23:30:53,541 - INFO - [ФИЛЬТР] Статистика фильтрации (оптимизированный порядок):
2026-01-18 23:30:53,541 - INFO -   1. SSD → Коинтеграция: 25000 → 4048 пар
2026-01-18 23:30:53,541 - INFO -   2. Коинтеграция → Beta: 4048 → 10655 пар
2026-01-18 23:30:53,541 - INFO -   3. Beta → Half-life: 10655 → 10624 пар
2026-01-18 23:30:53,541 - INFO -   4. Half-life → Mean crossings: 10624 → 10655 пар
2026-01-18 23:30:53,541 - INFO -   5. Mean crossings → Hurst: 10655 → 1955 пар
2026-01-18 23:30:53,541 - INFO -   6. Hurst → KPSS: 1955 → 90 пар
2026-01-18 23:30:53,541 - INFO -   7. KPSS → Market microstructure: 90 → 90 пар
2026-01-18 23:30:53,541 - INFO - [ФИЛЬТР] Причины отсева:
2026-01-18 23:30:53,542 - INFO -   • low_correlation: 8880 пар (35.5%)
2026-01-18 23:30:53,542 - INFO -   • pvalue: 6576 пар (26.3%)
2026-01-18 23:30:53,542 - INFO -   • beta: 5465 пар (21.9%)
2026-01-18 23:30:53,542 - INFO -   • hurst: 2093 пар (8.4%)
2026-01-18 23:30:53,542 - INFO -   • kpss: 1865 пар (7.5%)
2026-01-18 23:30:53,542 - INFO -   • half_life: 31 пар (0.1%)
2026-01-18 23:30:53,542 - INFO - [ФИЛЬТР] Итого: 25000 → 90 пар (0.4% прошли все фильтры)
2026-01-18 23:30:53,582 - INFO - Причины отсева сохранены в results/filter_reasons_20260118_233053.csv
2026-01-18 23:30:53,592 - INFO -   Фильтрация: 25000 → 90 пар
2026-01-18 23:30:53,593 - INFO - ⇠ filtering pairs by cointegration and half-life — done in 318.36s
2026-01-18 23:30:53,593 - INFO - ⇠ WF-шаг 1/5: training 2023-08-02-2023-09-30, testing 2023-10-01-2023-10-31 — done in 322.52s
2026-01-18 23:30:53,593 - INFO -   Топ-3 пары по волатильности спреда:
2026-01-18 23:30:53,593 - INFO -     1. COMPUSDT-GMXUSDT: beta=1.0239, std=2.0031
2026-01-18 23:30:53,593 - INFO -     2. TIMEUSDT-ZENUSDT: beta=1.0190, std=0.6922
2026-01-18 23:30:53,593 - INFO -     3. ETHUSDC-ETHUSDT: beta=0.9936, std=0.6033
2026-01-18 23:30:53,593 - INFO -   Всего пар для торговли: 90 (ограничение 15 применяется к одновременно открытым позициям)
2026-01-18 23:30:53,593 - INFO -   💰 Проверка расчета капитала: equity=$10,000.00, кандидатных_пар=90, max_позиций=15
2026-01-18 23:30:53,593 - INFO -   🎯 Target concurrency: 15 (ожидаемое одновременное число позиций)
2026-01-18 23:30:53,593 - INFO -   📊 Детали расчета капитала:
2026-01-18 23:30:53,593 - INFO -      • Базовый капитал на пару: $666.67 (equity / target_concurrency)
2026-01-18 23:30:53,593 - INFO -      • Риск-капитал: $150.00 (1.5% от equity)
2026-01-18 23:30:53,593 - INFO -      • Макс. размер позиции: $200.00 (2.0% от equity)
2026-01-18 23:30:53,593 - INFO -      • Итоговый капитал на пару: $150.00
2026-01-18 23:30:53,594 - INFO - ⇢ WF-шаг 1/5 backtests — starting 90 items
2026-01-18 23:30:53,594 - INFO - 🚀 WF-шаг 1/5: Начинаем бэктесты для 90 пар...
2026-01-18 23:30:53,594 - INFO - 🚀 WF-шаг 1/5: Запускаем параллельную обработку 90 пар на 8 ядрах...
2026-01-18 23:30:53,594 - INFO -   📊 Большой набор пар (90), ожидаемое время: ~4 мин
2026-01-18 23:30:53,594 - INFO -   🔄 Прогресс будет отображаться каждые 9 пар
2026-01-18 23:30:53,594 - INFO - 🚀 WF-шаг 1/5: Режим параллельности: процессы
⚙️  Загрузка данных за период: 2023-07-28 -> 2024-03-04
📂 Найдено 43 parquet файлов для обработки.
📊 Схема данных: Schema({'timestamp': Int64, 'open': Float64, 'high': Float64, 'low': Float64, 'close': Float64, 'volume': Float64, 'turnover': String, 'ts_ms': Int64, 'symbol': String})
✅ Загружено 6226682 записей с помощью Polars.
📊 Типы данных в pandas: timestamp       datetime64[us]
symbol                  object
close                  float64
timestamp_ms             int64
dtype: object
⚙️  Загрузка данных за период: 2023-08-02 -> 2023-10-31
📂 Найдено 43 parquet файлов для обработки.
📊 Схема данных: Schema({'timestamp': Int64, 'open': Float64, 'high': Float64, 'low': Float64, 'close': Float64, 'volume': Float64, 'turnover': String, 'ts_ms': Int64, 'symbol': String})
✅ Загружено 2351056 записей с помощью Polars.
📊 Типы данных в pandas: timestamp       datetime64[us]
symbol                  object
close                  float64
timestamp_ms             int64
dtype: object
2026-01-18 23:30:53,648 - coint2.engine.numba_engine - INFO - Запуск Numba-оптимизированного бэктеста для COMPUSDT-GMXUSDT
2026-01-18 23:30:53,668 - coint2.engine.numba_engine - INFO - Запуск Numba-оптимизированного бэктеста для TIMEUSDT-ZENUSDT
2026-01-18 23:30:53,690 - coint2.engine.numba_engine - INFO - Запуск Numba-оптимизированного бэктеста для ETHUSDC-ETHUSDT
2026-01-18 23:30:53,711 - coint2.engine.numba_engine - INFO - Запуск Numba-оптимизированного бэктеста для AXSUSDT-UNIUSDT
2026-01-18 23:30:53,731 - coint2.engine.numba_engine - INFO - Запуск Numba-оптимизированного бэктеста для ARUSDT-FILUSDT
2026-01-18 23:30:53,736 - coint2.engine.numba_engine - INFO - Запуск Numba-оптимизированного бэктеста для SNXUSDT-SOLOUSDT
2026-01-18 23:30:53,754 - coint2.engine.numba_engine - INFO - Запуск Numba-оптимизированного бэктеста для INTERUSDT-XRPUSDC
2026-01-18 23:30:53,761 - coint2.engine.numba_engine - INFO - Запуск Numba-оптимизированного бэктеста для INTERUSDT-QTUMUSDT
2026-01-18 23:30:53,769 - coint2.engine.numba_engine - INFO - Запуск Numba-оптимизированного бэктеста для AXSUSDT-SANDUSDT
2026-01-18 23:30:53,776 - coint2.engine.numba_engine - INFO - Запуск Numba-оптимизированного бэктеста для INTERUSDT-XRPUSDT
2026-01-18 23:30:53,783 - coint2.engine.numba_engine - INFO - Запуск Numba-оптимизированного бэктеста для INTERUSDT-ZILUSDT
2026-01-18 23:30:53,791 - coint2.engine.numba_engine - INFO - Запуск Numba-оптимизированного бэктеста для INTERUSDT-XEMUSDT
2026-01-18 23:30:53,800 - coint2.engine.numba_engine - INFO - Запуск Numba-оптимизированного бэктеста для AXSUSDT-SANDUSDC
2026-01-18 23:30:53,803 - coint2.engine.numba_engine - INFO - Запуск Numba-оптимизированного бэктеста для INTERUSDT-ZENUSDT
2026-01-18 23:30:53,806 - coint2.engine.numba_engine - INFO - Запуск Numba-оптимизированного бэктеста для INTERUSDT-WAVESUSDT
2026-01-18 23:30:53,813 - coint2.engine.numba_engine - INFO - Запуск Numba-оптимизированного бэктеста для CITYUSDT-DOTUSDC
2026-01-18 23:30:53,826 - coint2.engine.numba_engine - INFO - Запуск Numba-оптимизированного бэктеста для INTERUSDT-LTCUSDT
2026-01-18 23:30:53,828 - coint2.engine.numba_engine - INFO - Запуск Numba-оптимизированного бэктеста для INTERUSDT-LTCUSDC
2026-01-18 23:30:53,828 - coint2.engine.numba_engine - INFO - Запуск Numba-оптимизированного бэктеста для CITYUSDT-DOTUSDT
2026-01-18 23:30:53,829 - coint2.engine.numba_engine - INFO - Запуск Numba-оптимизированного бэктеста для INTERUSDT-STXUSDT
2026-01-18 23:30:53,835 - coint2.engine.numba_engine - INFO - Запуск Numba-оптимизированного бэктеста для SUSHIUSDT-UMAUSDT
2026-01-18 23:30:53,845 - coint2.engine.numba_engine - INFO - Запуск Numba-оптимизированного бэктеста для INTERUSDT-THETAUSDT
2026-01-18 23:30:53,850 - coint2.engine.numba_engine - INFO - Запуск Numba-оптимизированного бэктеста для HFTUSDT-PSGUSDT
2026-01-18 23:30:53,851 - coint2.engine.numba_engine - INFO - Запуск Numba-оптимизированного бэктеста для PSGUSDT-VPADUSDT
2026-01-18 23:30:53,856 - coint2.engine.numba_engine - INFO - Запуск Numba-оптимизированного бэктеста для MASKUSDT-XRPUSDC
2026-01-18 23:30:53,857 - coint2.engine.numba_engine - INFO - Запуск Numba-оптимизированного бэктеста для CELOUSDT-ZRXUSDT
2026-01-18 23:30:53,864 - coint2.engine.numba_engine - INFO - Запуск Numba-оптимизированного бэктеста для INTERUSDT-ROSEUSDT
2026-01-18 23:30:53,872 - coint2.engine.numba_engine - INFO - Запуск Numba-оптимизированного бэктеста для INTERUSDT-USTCUSDT
2026-01-18 23:30:53,873 - coint2.engine.numba_engine - INFO - Запуск Numba-оптимизированного бэктеста для HFTUSDC-MOVRUSDT
2026-01-18 23:30:53,875 - coint2.engine.numba_engine - INFO - Запуск Numba-оптимизированного бэктеста для ETHWUSDT-GMTUSDC
2026-01-18 23:30:53,891 - coint2.engine.numba_engine - INFO - Запуск Numba-оптимизированного бэктеста для MASKUSDT-XRPUSDT
2026-01-18 23:30:53,892 - coint2.engine.numba_engine - INFO - Запуск Numba-оптимизированного бэктеста для INTERUSDT-SOLOUSDT
2026-01-18 23:30:53,894 - coint2.engine.numba_engine - INFO - Запуск Numba-оптимизированного бэктеста для RSS3USDT-SCRTUSDT
2026-01-18 23:30:53,898 - coint2.engine.numba_engine - INFO - Запуск Numba-оптимизированного бэктеста для AFCUSDT-DOTUSDC
2026-01-18 23:30:53,900 - coint2.engine.numba_engine - INFO - Запуск Numba-оптимизированного бэктеста для RSS3USDT-XTZUSDT
2026-01-18 23:30:53,901 - coint2.engine.numba_engine - INFO - Запуск Numba-оптимизированного бэктеста для HFTUSDC-RPLUSDT
2026-01-18 23:30:53,915 - coint2.engine.numba_engine - INFO - Запуск Numba-оптимизированного бэктеста для INTERUSDT-MANAUSDT
2026-01-18 23:30:53,917 - coint2.engine.numba_engine - INFO - Запуск Numba-оптимизированного бэктеста для AFCUSDT-DOTUSDT
2026-01-18 23:30:53,917 - coint2.engine.numba_engine - INFO - Запуск Numba-оптимизированного бэктеста для BATUSDT-PEOPLEUSDT
2026-01-18 23:30:53,923 - coint2.engine.numba_engine - INFO - Запуск Numba-оптимизированного бэктеста для FORTUSDT-ICPUSDT
2026-01-18 23:30:53,923 - coint2.engine.numba_engine - INFO - Запуск Numba-оптимизированного бэктеста для CITYUSDT-JUVUSDT
2026-01-18 23:30:53,925 - coint2.engine.numba_engine - INFO - Запуск Numba-оптимизированного бэктеста для CTCUSDT-DOTUSDC
2026-01-18 23:30:53,931 - coint2.engine.numba_engine - INFO - Запуск Numba-оптимизированного бэктеста для ETHWUSDT-GMTUSDT
2026-01-18 23:30:53,937 - coint2.engine.numba_engine - INFO - Запуск Numba-оптимизированного бэктеста для AFCUSDT-MDAOUSDT
2026-01-18 23:30:53,940 - coint2.engine.numba_engine - INFO - Запуск Numba-оптимизированного бэктеста для ALGOUSDT-WAXPUSDT
2026-01-18 23:30:53,944 - coint2.engine.numba_engine - INFO - Запуск Numba-оптимизированного бэктеста для CAKEUSDT-VPADUSDT
2026-01-18 23:30:53,947 - coint2.engine.numba_engine - INFO - Запуск Numba-оптимизированного бэктеста для ALGOUSDT-ROSEUSDT
2026-01-18 23:30:53,947 - coint2.engine.numba_engine - INFO - Запуск Numba-оптимизированного бэктеста для BATUSDT-FIDAUSDT
2026-01-18 23:30:53,959 - coint2.engine.numba_engine - INFO - Запуск Numba-оптимизированного бэктеста для HFTUSDT-RPLUSDT
2026-01-18 23:30:53,960 - coint2.engine.numba_engine - INFO - Запуск Numba-оптимизированного бэктеста для SUSHIUSDT-USTCUSDT
2026-01-18 23:30:53,963 - coint2.engine.numba_engine - INFO - Запуск Numba-оптимизированного бэктеста для ROSEUSDT-WAXPUSDT
2026-01-18 23:30:53,970 - coint2.engine.numba_engine - INFO - Запуск Numba-оптимизированного бэктеста для THETAUSDT-XRPUSDC
2026-01-18 23:30:53,967 - coint2.engine.numba_engine - INFO - Запуск Numba-оптимизированного бэктеста для HFTUSDC-PSGUSDT
2026-01-18 23:30:53,972 - coint2.engine.numba_engine - INFO - Запуск Numba-оптимизированного бэктеста для WAXPUSDT-ZILUSDT
2026-01-18 23:30:53,974 - coint2.engine.numba_engine - INFO - Запуск Numba-оптимизированного бэктеста для FORTUSDT-PSGUSDT
2026-01-18 23:30:53,982 - coint2.engine.numba_engine - INFO - Запуск Numba-оптимизированного бэктеста для THETAUSDT-XRPUSDT
2026-01-18 23:30:53,983 - coint2.engine.numba_engine - INFO - Запуск Numba-оптимизированного бэктеста для CTCUSDT-VPADUSDT
2026-01-18 23:30:53,992 - coint2.engine.numba_engine - INFO - Запуск Numba-оптимизированного бэктеста для LTCBTC-RVNUSDT
2026-01-18 23:30:54,001 - coint2.engine.numba_engine - INFO - Запуск Numba-оптимизированного бэктеста для RACAUSDT-VPADUSDT
2026-01-18 23:30:54,004 - coint2.engine.numba_engine - INFO - Запуск Numba-оптимизированного бэктеста для FLOWUSDT-MASKUSDT
2026-01-18 23:30:54,005 - coint2.engine.numba_engine - INFO - Запуск Numba-оптимизированного бэктеста для DOGEUSDT-TELUSDT
2026-01-18 23:30:54,012 - coint2.engine.numba_engine - INFO - Запуск Numba-оптимизированного бэктеста для BATUSDT-UMAUSDT
2026-01-18 23:30:54,013 - coint2.engine.numba_engine - INFO - Запуск Numba-оптимизированного бэктеста для RSS3USDT-SFUNDUSDT
2026-01-18 23:30:54,018 - coint2.engine.numba_engine - INFO - Запуск Numba-оптимизированного бэктеста для INTERUSDT-WAXPUSDT
2026-01-18 23:30:54,022 - coint2.engine.numba_engine - INFO - Запуск Numba-оптимизированного бэктеста для HFTUSDT-MOVRUSDT
2026-01-18 23:30:54,028 - coint2.engine.numba_engine - INFO - Запуск Numba-оптимизированного бэктеста для ADAUSDC-PSGUSDT
2026-01-18 23:30:54,029 - coint2.engine.numba_engine - INFO - Запуск Numba-оптимизированного бэктеста для ONEUSDT-XRPUSDC
2026-01-18 23:30:54,035 - coint2.engine.numba_engine - INFO - Запуск Numba-оптимизированного бэктеста для FORTUSDT-SFUNDUSDT
2026-01-18 23:30:54,036 - coint2.engine.numba_engine - INFO - Запуск Numba-оптимизированного бэктеста для ADAUSDT-PSGUSDT
2026-01-18 23:30:54,051 - coint2.engine.numba_engine - INFO - Запуск Numba-оптимизированного бэктеста для GMTUSDC-UNIUSDT
2026-01-18 23:30:54,051 - coint2.engine.numba_engine - INFO - Запуск Numba-оптимизированного бэктеста для INTERUSDT-MANAUSDC
2026-01-18 23:30:54,051 - coint2.engine.numba_engine - INFO - Запуск Numba-оптимизированного бэктеста для RSS3USDT-RVNUSDT
2026-01-18 23:30:54,068 - coint2.engine.numba_engine - INFO - Запуск Numba-оптимизированного бэктеста для DOGEUSDC-TELUSDT
2026-01-18 23:30:54,068 - coint2.engine.numba_engine - INFO - Запуск Numba-оптимизированного бэктеста для ALGOUSDT-IMXUSDT
2026-01-18 23:30:54,073 - coint2.engine.numba_engine - INFO - Запуск Numba-оптимизированного бэктеста для AFCUSDT-CITYUSDT
2026-01-18 23:30:54,073 - coint2.engine.numba_engine - INFO - Запуск Numba-оптимизированного бэктеста для FORTUSDT-ICPUSDC
2026-01-18 23:30:54,073 - coint2.engine.numba_engine - INFO - Запуск Numba-оптимизированного бэктеста для ROSEUSDT-USTCUSDT
2026-01-18 23:30:54,082 - WARNING - ❌ Ошибка обработки пары AFCUSDT-CITYUSDT: division by zero
2026-01-18 23:30:54,091 - coint2.engine.numba_engine - INFO - Запуск Numba-оптимизированного бэктеста для DOGEUSDC-ETHWUSDT
2026-01-18 23:30:54,091 - coint2.engine.numba_engine - INFO - Запуск Numba-оптимизированного бэктеста для ONEUSDT-XRPUSDT
2026-01-18 23:30:54,091 - coint2.engine.numba_engine - INFO - Запуск Numba-оптимизированного бэктеста для ARKMUSDT-NEXOUSDT
2026-01-18 23:30:54,098 - coint2.engine.numba_engine - INFO - Запуск Numba-оптимизированного бэктеста для GMTUSDT-SANDUSDT
2026-01-18 23:30:54,099 - coint2.engine.numba_engine - INFO - Запуск Numba-оптимизированного бэктеста для SCUSDT-USTCUSDT
2026-01-18 23:30:54,117 - coint2.engine.numba_engine - INFO - Запуск Numba-оптимизированного бэктеста для OMGUSDT-RDNTUSDT
2026-01-18 23:30:54,118 - coint2.engine.numba_engine - INFO - Запуск Numba-оптимизированного бэктеста для SCUSDT-ZILUSDT
2026-01-18 23:30:54,121 - coint2.engine.numba_engine - INFO - Запуск Numba-оптимизированного бэктеста для USTCUSDT-ZILUSDT
2026-01-18 23:30:54,140 - coint2.engine.numba_engine - INFO - Запуск Numba-оптимизированного бэктеста для RSS3USDT-XAVAUSDT
2026-01-18 23:30:54,149 - WARNING - ❌ Ошибка обработки пары RSS3USDT-XAVAUSDT: division by zero
2026-01-18 23:30:54,160 - coint2.engine.numba_engine - INFO - Запуск Numba-оптимизированного бэктеста для BATUSDT-QTUMUSDT
2026-01-18 23:30:54,182 - coint2.engine.numba_engine - INFO - Запуск Numba-оптимизированного бэктеста для ALGOUSDT-USTCUSDT
2026-01-18 23:30:54,209 - coint2.engine.numba_engine - INFO - Запуск Numba-оптимизированного бэктеста для DOGEUSDT-ETHWUSDT
2026-01-18 23:30:54,231 - coint2.engine.numba_engine - INFO - Запуск Numba-оптимизированного бэктеста для SUNUSDT-ZRXUSDT
2026-01-18 23:30:54,269 - INFO -   ⏱️ Параллельная обработка завершена за 0.7с (133.4 пар/с)
2026-01-18 23:30:54,297 - coint2.pipeline.walk_forward_orchestrator - INFO - 🎯 СИМУЛЯЦИЯ ПОРТФЕЛЯ: 88 пар, лимит 15 позиций
2026-01-18 23:30:55,075 - coint2.pipeline.walk_forward_orchestrator - INFO -    📈 Макс. одновременных сигналов: 25
2026-01-18 23:30:55,075 - coint2.pipeline.walk_forward_orchestrator - INFO -    📊 Средн. сигналов за период: 1.3
2026-01-18 23:30:55,075 - coint2.pipeline.walk_forward_orchestrator - INFO -    🎯 Финальных активных позиций: 0
2026-01-18 23:30:55,077 - coint2.pipeline.walk_forward_orchestrator - INFO -    ⚡ Утилизация лимита позиций: 8.1%
2026-01-18 23:30:55,077 - WARNING -   ⚠️ Ошибка обработки пары AFCUSDT-CITYUSDT: division by zero
2026-01-18 23:30:55,077 - WARNING -   ⚠️ Ошибка обработки пары RSS3USDT-XAVAUSDT: division by zero
2026-01-18 23:30:55,077 - INFO - ⇠ WF-шаг 1/5 backtests — completed 90 items in 1.48s (60.7 items/s)
2026-01-18 23:30:55,077 - INFO -   ✅ Обработка завершена: 88 успешно, 2 с ошибками
2026-01-18 23:30:55,077 - INFO -   📊 Успешность: 97.8%, прибыльность: 56.8%, сделок/пара: 20.7
2026-01-18 23:30:55,077 - INFO -   ✅ Завершены бэктесты для 90 пар
2026-01-18 23:30:55,077 - INFO -   📊 Всего обработано пар в этом шаге: 90
2026-01-18 23:30:55,078 - INFO -   📈 Результаты шага: 50/90 прибыльных пар, 1823 сделок
2026-01-18 23:30:55,078 - INFO -   💰 P&L шага: $+203.96
2026-01-18 23:30:55,078 - INFO -   ⇢ Обновление капитала и дневного P&L...
2026-01-18 23:30:56,266 - INFO -   💼 Шаг P&L: $+203.96, Накопленный капитал: $10,203.96
2026-01-18 23:30:56,266 - INFO - ------------------------------------------------------------
2026-01-18 23:30:56,266 - INFO -   Walk-forward steps: 1 / 5 (20.0%) | 0.0 items/s | ETA: 1300.8s
2026-01-18 23:30:56,266 - INFO - 🔍 WF-шаг 2/5: Валидация временных окон...
2026-01-18 23:30:56,267 - INFO - ⇢ WF-шаг 2/5: training 2023-09-01-2023-10-30, testing 2023-10-31-2023-11-30 — start
2026-01-18 23:30:56,267 - INFO - ⇢ loading step data — start
2026-01-18 23:30:56,449 - INFO - ⇠ loading step data — done in 0.18s
2026-01-18 23:30:57,649 - INFO - 📊 WF-шаг 2/5: Границы данных:
2026-01-18 23:30:57,649 - INFO -    Training: 2023-09-01 00:00:00 → 2023-10-30 23:45:00 (5,760 строк × 292 символов)
2026-01-18 23:30:57,649 - INFO -    Testing:  2023-10-31 00:00:00 → 2023-11-30 00:00:00 (2,881 строк × 292 символов)
2026-01-18 23:30:57,649 - INFO -    Временной разрыв: 0 days 00:15:00
2026-01-18 23:30:57,687 - INFO - ⇢ normalizing training data — start
2026-01-18 23:30:57,718 - INFO -   Символы с NaN значениями: 26
2026-01-18 23:30:57,719 - INFO -   Применяем метод нормализации: rolling_zscore
2026-01-18 23:30:57,733 - INFO - Символы с недостаточной историей: 17 из 292
2026-01-18 23:30:58,119 - INFO - Символы с NaN после нормализации: 275
2026-01-18 23:30:58,125 - INFO - Удалено 617 начальных строк с NaN от rolling расчетов
2026-01-18 23:30:58,127 - INFO - Итоговое количество символов после нормализации: 275 из 292
2026-01-18 23:30:58,127 - INFO -   Статистика нормализации:
2026-01-18 23:30:58,128 - INFO -     Исходные символы: 292
2026-01-18 23:30:58,128 - INFO -     Недостаточная история: 17
2026-01-18 23:30:58,128 - INFO -     Постоянная цена: 0
2026-01-18 23:30:58,128 - INFO -     NaN после нормализации: 275
2026-01-18 23:30:58,128 - INFO -     Итоговые символы: 275 (94.2%)
2026-01-18 23:30:58,128 - INFO -   После нормализации: 275 символов (потеряно 17)
2026-01-18 23:30:58,128 - INFO -   Отброшенные символы: BEAMUSDT, FETUSDT, FLIPUSDT, JEFFUSDT, MEMEUSDT, POLUSDT, PPTUSDT, PYTHUSDT, PYUSDUSDT, ROOTUSDT, RPKUSDT, SHRAPUSDT, TIAUSDT, TOKENUSDT, TUSDUSDT, VRTXUSDT, ZTXUSDT
2026-01-18 23:30:58,128 - INFO - ⇠ normalizing training data — done in 0.44s
2026-01-18 23:30:58,129 - INFO - ⇢ SSD computation — start
2026-01-18 23:30:58,129 - INFO -   Расчет SSD для всех пар (без ограничения)
2026-01-18 23:31:00,264 - INFO -   SSD результат (все пары): 37675 пар
2026-01-18 23:31:00,264 - INFO -   Ограничиваем до top-25000 пар для дальнейшей обработки
2026-01-18 23:31:00,266 - INFO - ⇠ SSD computation — done in 2.14s
2026-01-18 23:31:00,274 - INFO - ⇢ filtering pairs by cointegration and half-life — start
2026-01-18 23:31:00,274 - INFO - [ФИЛЬТР] Параллельная фильтрация: threads (8 workers)
2026-01-18 23:34:13,918 - INFO - [ФИЛЬТР] После проверки данных: 25000 пар
2026-01-18 23:34:13,918 - INFO - [ФИЛЬТР] После фильтра корреляции (>0.65): 8428 пар
2026-01-18 23:34:13,918 - INFO - [ФИЛЬТР] После фильтра beta: 5507 пар
2026-01-18 23:34:13,918 - INFO - [ФИЛЬТР] После фильтра mean crossings: 5507 пар
2026-01-18 23:34:13,918 - INFO - [ФИЛЬТР] После фильтра half-life: 5472 пар
2026-01-18 23:34:13,918 - INFO - [ФИЛЬТР] После фильтра коинтеграции: 2143 пар
2026-01-18 23:34:13,918 - INFO - [ФИЛЬТР] После фильтра Hurst: 1292 пар
2026-01-18 23:34:13,918 - INFO - [ФИЛЬТР] После фильтра KPSS: 36 пар
2026-01-18 23:34:13,918 - INFO - [ФИЛЬТР] После фильтра market microstructure: 36 пар
2026-01-18 23:34:13,918 - INFO - [ФИЛЬТР] Статистика фильтрации (оптимизированный порядок):
2026-01-18 23:34:13,918 - INFO -   1. SSD → Коинтеграция: 25000 → 2143 пар
2026-01-18 23:34:13,918 - INFO -   2. Коинтеграция → Beta: 2143 → 5507 пар
2026-01-18 23:34:13,918 - INFO -   3. Beta → Half-life: 5507 → 5472 пар
2026-01-18 23:34:13,918 - INFO -   4. Half-life → Mean crossings: 5472 → 5507 пар
2026-01-18 23:34:13,918 - INFO -   5. Mean crossings → Hurst: 5507 → 1292 пар
2026-01-18 23:34:13,918 - INFO -   6. Hurst → KPSS: 1292 → 36 пар
2026-01-18 23:34:13,918 - INFO -   7. KPSS → Market microstructure: 36 → 36 пар
2026-01-18 23:34:13,918 - INFO - [ФИЛЬТР] Причины отсева:
2026-01-18 23:34:13,918 - INFO -   • low_correlation: 16572 пар (66.3%)
2026-01-18 23:34:13,918 - INFO -   • pvalue: 3329 пар (13.3%)
2026-01-18 23:34:13,919 - INFO -   • beta: 2921 пар (11.7%)
2026-01-18 23:34:13,919 - INFO -   • kpss: 1256 пар (5.0%)
2026-01-18 23:34:13,919 - INFO -   • hurst: 851 пар (3.4%)
2026-01-18 23:34:13,919 - INFO -   • half_life: 35 пар (0.1%)
2026-01-18 23:34:13,919 - INFO - [ФИЛЬТР] Итого: 25000 → 36 пар (0.1% прошли все фильтры)
2026-01-18 23:34:13,956 - INFO - Причины отсева сохранены в results/filter_reasons_20260118_233413.csv
2026-01-18 23:34:13,966 - INFO -   Фильтрация: 25000 → 36 пар
2026-01-18 23:34:13,966 - INFO - ⇠ filtering pairs by cointegration and half-life — done in 193.69s
2026-01-18 23:34:13,967 - INFO - ⇠ WF-шаг 2/5: training 2023-09-01-2023-10-30, testing 2023-10-31-2023-11-30 — done in 197.70s
2026-01-18 23:34:13,967 - INFO -   Топ-3 пары по волатильности спреда:
2026-01-18 23:34:13,967 - INFO -     1. MOVRUSDT-TRVLUSDT: beta=68.1436, std=0.1172
2026-01-18 23:34:13,967 - INFO -     2. AGLDUSDT-PENDLEUSDT: beta=0.9594, std=0.0760
2026-01-18 23:34:13,967 - INFO -     3. AGLDUSDT-ICXUSDT: beta=5.7286, std=0.0652
2026-01-18 23:34:13,967 - INFO -   Всего пар для торговли: 36 (ограничение 15 применяется к одновременно открытым позициям)
2026-01-18 23:34:13,967 - INFO -   💰 Проверка расчета капитала: equity=$10,203.96, кандидатных_пар=36, max_позиций=15
2026-01-18 23:34:13,967 - INFO -   🎯 Target concurrency: 15 (ожидаемое одновременное число позиций)
2026-01-18 23:34:13,967 - INFO -   📊 Детали расчета капитала:
2026-01-18 23:34:13,967 - INFO -      • Базовый капитал на пару: $680.26 (equity / target_concurrency)
2026-01-18 23:34:13,967 - INFO -      • Риск-капитал: $153.06 (1.5% от equity)
2026-01-18 23:34:13,967 - INFO -      • Макс. размер позиции: $204.08 (2.0% от equity)
2026-01-18 23:34:13,967 - INFO -      • Итоговый капитал на пару: $153.06
2026-01-18 23:34:13,968 - INFO - ⇢ WF-шаг 2/5 backtests — starting 36 items
2026-01-18 23:34:13,968 - INFO - 🚀 WF-шаг 2/5: Начинаем бэктесты для 36 пар...
2026-01-18 23:34:13,968 - INFO - 🚀 WF-шаг 2/5: Запускаем параллельную обработку 36 пар на 8 ядрах...
2026-01-18 23:34:13,968 - INFO - 🚀 WF-шаг 2/5: Режим параллельности: процессы
⚙️  Загрузка данных за период: 2023-09-01 -> 2023-11-30
📂 Найдено 43 parquet файлов для обработки.
📊 Схема данных: Schema({'timestamp': Int64, 'open': Float64, 'high': Float64, 'low': Float64, 'close': Float64, 'volume': Float64, 'turnover': String, 'ts_ms': Int64, 'symbol': String})
✅ Загружено 2420293 записей с помощью Polars.
📊 Типы данных в pandas: timestamp       datetime64[us]
symbol                  object
close                  float64
timestamp_ms             int64
dtype: object
2026-01-18 23:34:14,020 - coint2.engine.numba_engine - INFO - Запуск Numba-оптимизированного бэктеста для MOVRUSDT-TRVLUSDT
2026-01-18 23:34:14,040 - coint2.engine.numba_engine - INFO - Запуск Numba-оптимизированного бэктеста для AGLDUSDT-PENDLEUSDT
2026-01-18 23:34:14,060 - coint2.engine.numba_engine - INFO - Запуск Numba-оптимизированного бэктеста для AGLDUSDT-ICXUSDT
2026-01-18 23:34:14,083 - coint2.engine.numba_engine - INFO - Запуск Numba-оптимизированного бэктеста для CITYUSDT-OASUSDT
2026-01-18 23:34:14,104 - coint2.engine.numba_engine - INFO - Запуск Numba-оптимизированного бэктеста для LDOUSDT-SFUNDUSDT
2026-01-18 23:34:14,105 - coint2.engine.numba_engine - INFO - Запуск Numba-оптимизированного бэктеста для CAKEUSDT-CTCUSDT
2026-01-18 23:34:14,125 - coint2.engine.numba_engine - INFO - Запуск Numba-оптимизированного бэктеста для ETHWUSDT-RPLUSDT
2026-01-18 23:34:14,128 - coint2.engine.numba_engine - INFO - Запуск Numba-оптимизированного бэктеста для LDOUSDC-SFUNDUSDT
2026-01-18 23:34:14,128 - coint2.engine.numba_engine - INFO - Запуск Numba-оптимизированного бэктеста для AGLAUSDT-SALDUSDT
2026-01-18 23:34:14,149 - coint2.engine.numba_engine - INFO - Запуск Numba-оптимизированного бэктеста для ADAEUR-LDOUSDT
2026-01-18 23:34:14,151 - coint2.engine.numba_engine - INFO - Запуск Numba-оптимизированного бэктеста для DOGEUSDC-GODSUSDT
2026-01-18 23:34:14,156 - coint2.engine.numba_engine - INFO - Запуск Numba-оптимизированного бэктеста для ETHWUSDT-TRVLUSDT
2026-01-18 23:34:14,157 - coint2.engine.numba_engine - INFO - Запуск Numba-оптимизированного бэктеста для JUVUSDT-KAVAUSDT
2026-01-18 23:34:14,172 - coint2.engine.numba_engine - INFO - Запуск Numba-оптимизированного бэктеста для HFTUSDC-HFTUSDT
2026-01-18 23:34:14,173 - coint2.engine.numba_engine - INFO - Запуск Numba-оптимизированного бэктеста для LUNCUSDT-RVNUSDT
2026-01-18 23:34:14,182 - coint2.engine.numba_engine - INFO - Запуск Numba-оптимизированного бэктеста для BELUSDT-USTCUSDT
2026-01-18 23:34:14,192 - coint2.engine.numba_engine - INFO - Запуск Numba-оптимизированного бэктеста для UMAUSDT-WAVESUSDT
2026-01-18 23:34:14,193 - coint2.engine.numba_engine - INFO - Запуск Numba-оптимизированного бэктеста для KAVAUSDT-VELOUSDT
2026-01-18 23:34:14,195 - coint2.engine.numba_engine - INFO - Запуск Numba-оптимизированного бэктеста для NFTUSDT-XECUSDT
2026-01-18 23:34:14,200 - coint2.engine.numba_engine - INFO - Запуск Numba-оптимизированного бэктеста для ADAEUR-LDOUSDC
2026-01-18 23:34:14,211 - coint2.engine.numba_engine - INFO - Запуск Numba-оптимизированного бэктеста для ADAUSDT-LOOKSUSDT
2026-01-18 23:34:14,217 - coint2.engine.numba_engine - INFO - Запуск Numba-оптимизированного бэктеста для OMGUSDT-XRPEUR
2026-01-18 23:34:14,217 - coint2.engine.numba_engine - INFO - Запуск Numba-оптимизированного бэктеста для ADAUSDC-LOOKSUSDT
2026-01-18 23:34:14,233 - coint2.engine.numba_engine - INFO - Запуск Numba-оптимизированного бэктеста для JSTUSDT-MVLUSDT
2026-01-18 23:34:14,236 - coint2.engine.numba_engine - INFO - Запуск Numba-оптимизированного бэктеста для DOGEEUR-DYDXUSDT
2026-01-18 23:34:14,240 - coint2.engine.numba_engine - INFO - Запуск Numba-оптимизированного бэктеста для SOLOUSDT-TELUSDT
2026-01-18 23:34:14,240 - coint2.engine.numba_engine - INFO - Запуск Numba-оптимизированного бэктеста для GSTUSDT-MVUSDT
2026-01-18 23:34:14,240 - coint2.engine.numba_engine - INFO - Запуск Numba-оптимизированного бэктеста для AVAUSDT-ERTHAUSDT
2026-01-18 23:34:14,256 - coint2.engine.numba_engine - INFO - Запуск Numba-оптимизированного бэктеста для LADYSUSDT-SHIBUSDC
2026-01-18 23:34:14,261 - coint2.engine.numba_engine - INFO - Запуск Numba-оптимизированного бэктеста для LADYSUSDT-SHIBUSDT
2026-01-18 23:34:14,262 - coint2.engine.numba_engine - INFO - Запуск Numba-оптимизированного бэктеста для ONEUSDT-WAVESUSDT
2026-01-18 23:34:14,263 - coint2.engine.numba_engine - INFO - Запуск Numba-оптимизированного бэктеста для BATUSDT-ICXUSDT
2026-01-18 23:34:14,286 - coint2.engine.numba_engine - INFO - Запуск Numba-оптимизированного бэктеста для DAIUSDT-USDCUSDT
2026-01-18 23:34:14,288 - coint2.engine.numba_engine - INFO - Запуск Numba-оптимизированного бэктеста для FLOWUSDT-ROSEUSDT
2026-01-18 23:34:14,312 - coint2.engine.numba_engine - INFO - Запуск Numba-оптимизированного бэктеста для DOGEUSDT-GODSUSDT
2026-01-18 23:34:14,335 - coint2.engine.numba_engine - INFO - Запуск Numba-оптимизированного бэктеста для LUNCUSDC-RVNUSDT
2026-01-18 23:34:14,373 - INFO -   ⏱️ Параллельная обработка завершена за 0.4с (89.0 пар/с)
2026-01-18 23:34:14,389 - coint2.pipeline.walk_forward_orchestrator - INFO - 🎯 СИМУЛЯЦИЯ ПОРТФЕЛЯ: 36 пар, лимит 15 позиций
2026-01-18 23:34:14,859 - coint2.pipeline.walk_forward_orchestrator - INFO -    📈 Макс. одновременных сигналов: 20
2026-01-18 23:34:14,859 - coint2.pipeline.walk_forward_orchestrator - INFO -    📊 Средн. сигналов за период: 0.3
2026-01-18 23:34:14,859 - coint2.pipeline.walk_forward_orchestrator - INFO -    🎯 Финальных активных позиций: 0
2026-01-18 23:34:14,861 - coint2.pipeline.walk_forward_orchestrator - INFO -    ⚡ Утилизация лимита позиций: 2.3%
2026-01-18 23:34:14,861 - INFO - ⇠ WF-шаг 2/5 backtests — completed 36 items in 0.89s (40.3 items/s)
2026-01-18 23:34:14,861 - INFO -   ✅ Обработка завершена: 36 успешно, 0 с ошибками
2026-01-18 23:34:14,861 - INFO -   📊 Успешность: 100.0%, прибыльность: 50.0%, сделок/пара: 13.8
2026-01-18 23:34:14,861 - INFO -   ✅ Завершены бэктесты для 36 пар
2026-01-18 23:34:14,861 - INFO -   📊 Всего обработано пар в этом шаге: 36
2026-01-18 23:34:14,861 - INFO -   📈 Результаты шага: 18/36 прибыльных пар, 498 сделок
2026-01-18 23:34:14,861 - INFO -   💰 P&L шага: $+174.05
2026-01-18 23:34:14,862 - INFO -   ⇢ Обновление капитала и дневного P&L...
2026-01-18 23:34:16,132 - INFO -   💼 Шаг P&L: $+174.05, Накопленный капитал: $10,378.01
2026-01-18 23:34:16,132 - INFO - ------------------------------------------------------------
2026-01-18 23:34:16,132 - INFO -   Walk-forward steps: 2 / 5 (40.0%) | 0.0 items/s | ETA: 787.6s
2026-01-18 23:34:16,132 - INFO - 🔍 WF-шаг 3/5: Валидация временных окон...
2026-01-18 23:34:16,133 - INFO - ⇢ WF-шаг 3/5: training 2023-10-01-2023-11-29, testing 2023-11-30-2023-12-30 — start
2026-01-18 23:34:16,133 - INFO - ⇢ loading step data — start
2026-01-18 23:34:16,312 - INFO - ⇠ loading step data — done in 0.18s
2026-01-18 23:34:17,684 - INFO - 📊 WF-шаг 3/5: Границы данных:
2026-01-18 23:34:17,684 - INFO -    Training: 2023-10-01 00:00:00 → 2023-11-29 23:45:00 (5,760 строк × 309 символов)
2026-01-18 23:34:17,684 - INFO -    Testing:  2023-11-30 00:00:00 → 2023-12-30 00:00:00 (2,881 строк × 309 символов)
2026-01-18 23:34:17,684 - INFO -    Временной разрыв: 0 days 00:15:00
2026-01-18 23:34:17,729 - INFO - ⇢ normalizing training data — start
2026-01-18 23:34:17,768 - INFO -   Символы с NaN значениями: 33
2026-01-18 23:34:17,768 - INFO -   Применяем метод нормализации: rolling_zscore
2026-01-18 23:34:17,784 - INFO - Символы с недостаточной историей: 32 из 309
2026-01-18 23:34:18,214 - INFO - Символы с NaN после нормализации: 277
2026-01-18 23:34:18,221 - INFO - Удалено 233 начальных строк с NaN от rolling расчетов
2026-01-18 23:34:18,223 - INFO - Итоговое количество символов после нормализации: 277 из 309
2026-01-18 23:34:18,223 - INFO -   Статистика нормализации:
2026-01-18 23:34:18,223 - INFO -     Исходные символы: 309
2026-01-18 23:34:18,223 - INFO -     Недостаточная история: 32
2026-01-18 23:34:18,223 - INFO -     Постоянная цена: 0
2026-01-18 23:34:18,223 - INFO -     NaN после нормализации: 277
2026-01-18 23:34:18,224 - INFO -     Итоговые символы: 277 (89.6%)
2026-01-18 23:34:18,224 - INFO -   После нормализации: 277 символов (потеряно 32)
2026-01-18 23:34:18,224 - INFO -   Отброшено много символов: 32 из 309
2026-01-18 23:34:18,224 - INFO - ⇠ normalizing training data — done in 0.50s
2026-01-18 23:34:18,225 - INFO - ⇢ SSD computation — start
2026-01-18 23:34:18,225 - INFO -   Расчет SSD для всех пар (без ограничения)
2026-01-18 23:34:20,537 - INFO -   SSD результат (все пары): 38226 пар
2026-01-18 23:34:20,537 - INFO -   Ограничиваем до top-25000 пар для дальнейшей обработки
2026-01-18 23:34:20,538 - INFO - ⇠ SSD computation — done in 2.31s
2026-01-18 23:34:20,546 - INFO - ⇢ filtering pairs by cointegration and half-life — start
2026-01-18 23:34:20,547 - INFO - [ФИЛЬТР] Параллельная фильтрация: threads (8 workers)
2026-01-18 23:39:22,595 - INFO - [ФИЛЬТР] После проверки данных: 25000 пар
2026-01-18 23:39:22,595 - INFO - [ФИЛЬТР] После фильтра корреляции (>0.65): 19578 пар
2026-01-18 23:39:22,595 - INFO - [ФИЛЬТР] После фильтра beta: 13627 пар
2026-01-18 23:39:22,595 - INFO - [ФИЛЬТР] После фильтра mean crossings: 13627 пар
2026-01-18 23:39:22,595 - INFO - [ФИЛЬТР] После фильтра half-life: 13591 пар
2026-01-18 23:39:22,595 - INFO - [ФИЛЬТР] После фильтра коинтеграции: 3018 пар
2026-01-18 23:39:22,595 - INFO - [ФИЛЬТР] После фильтра Hurst: 1219 пар
2026-01-18 23:39:22,596 - INFO - [ФИЛЬТР] После фильтра KPSS: 57 пар
2026-01-18 23:39:22,596 - INFO - [ФИЛЬТР] После фильтра market microstructure: 57 пар
2026-01-18 23:39:22,596 - INFO - [ФИЛЬТР] Статистика фильтрации (оптимизированный порядок):
2026-01-18 23:39:22,596 - INFO -   1. SSD → Коинтеграция: 25000 → 3018 пар
2026-01-18 23:39:22,596 - INFO -   2. Коинтеграция → Beta: 3018 → 13627 пар
2026-01-18 23:39:22,596 - INFO -   3. Beta → Half-life: 13627 → 13591 пар
2026-01-18 23:39:22,596 - INFO -   4. Half-life → Mean crossings: 13591 → 13627 пар
2026-01-18 23:39:22,596 - INFO -   5. Mean crossings → Hurst: 13627 → 1219 пар
2026-01-18 23:39:22,596 - INFO -   6. Hurst → KPSS: 1219 → 57 пар
2026-01-18 23:39:22,596 - INFO -   7. KPSS → Market microstructure: 57 → 57 пар
2026-01-18 23:39:22,596 - INFO - [ФИЛЬТР] Причины отсева:
2026-01-18 23:39:22,596 - INFO -   • pvalue: 10573 пар (42.3%)
2026-01-18 23:39:22,596 - INFO -   • beta: 5951 пар (23.8%)
2026-01-18 23:39:22,596 - INFO -   • low_correlation: 5422 пар (21.7%)
2026-01-18 23:39:22,596 - INFO -   • hurst: 1799 пар (7.2%)
2026-01-18 23:39:22,596 - INFO -   • kpss: 1162 пар (4.6%)
2026-01-18 23:39:22,596 - INFO -   • half_life: 36 пар (0.1%)
2026-01-18 23:39:22,596 - INFO - [ФИЛЬТР] Итого: 25000 → 57 пар (0.2% прошли все фильтры)
2026-01-18 23:39:22,633 - INFO - Причины отсева сохранены в results/filter_reasons_20260118_233922.csv
2026-01-18 23:39:22,644 - INFO -   Фильтрация: 25000 → 57 пар
2026-01-18 23:39:22,644 - INFO - ⇠ filtering pairs by cointegration and half-life — done in 302.10s
2026-01-18 23:39:22,644 - INFO - ⇠ WF-шаг 3/5: training 2023-10-01-2023-11-29, testing 2023-11-30-2023-12-30 — done in 306.51s
2026-01-18 23:39:22,644 - INFO -   Топ-3 пары по волатильности спреда:
2026-01-18 23:39:22,644 - INFO -     1. BTCDAI-BTCUSDT: beta=1.0002, std=79.1758
2026-01-18 23:39:22,644 - INFO -     2. BTCDAI-BTCUSDC: beta=0.9992, std=79.0267
2026-01-18 23:39:22,644 - INFO -     3. ETHDAI-STETHUSDT: beta=1.0010, std=7.7465
2026-01-18 23:39:22,644 - INFO -   Всего пар для торговли: 57 (ограничение 15 применяется к одновременно открытым позициям)
2026-01-18 23:39:22,645 - INFO -   💰 Проверка расчета капитала: equity=$10,378.01, кандидатных_пар=57, max_позиций=15
2026-01-18 23:39:22,645 - INFO -   🎯 Target concurrency: 15 (ожидаемое одновременное число позиций)
2026-01-18 23:39:22,645 - INFO -   📊 Детали расчета капитала:
2026-01-18 23:39:22,645 - INFO -      • Базовый капитал на пару: $691.87 (equity / target_concurrency)
2026-01-18 23:39:22,645 - INFO -      • Риск-капитал: $155.67 (1.5% от equity)
2026-01-18 23:39:22,645 - INFO -      • Макс. размер позиции: $207.56 (2.0% от equity)
2026-01-18 23:39:22,645 - INFO -      • Итоговый капитал на пару: $155.67
2026-01-18 23:39:22,645 - INFO - ⇢ WF-шаг 3/5 backtests — starting 57 items
2026-01-18 23:39:22,645 - INFO - 🚀 WF-шаг 3/5: Начинаем бэктесты для 57 пар...
2026-01-18 23:39:22,645 - INFO - 🚀 WF-шаг 3/5: Запускаем параллельную обработку 57 пар на 8 ядрах...
2026-01-18 23:39:22,645 - INFO -   📊 Большой набор пар (57), ожидаемое время: ~2 мин
2026-01-18 23:39:22,645 - INFO -   🔄 Прогресс будет отображаться каждые 5 пар
2026-01-18 23:39:22,645 - INFO - 🚀 WF-шаг 3/5: Режим параллельности: процессы
⚙️  Загрузка данных за период: 2023-10-01 -> 2023-12-30
📂 Найдено 43 parquet файлов для обработки.
📊 Схема данных: Schema({'timestamp': Int64, 'open': Float64, 'high': Float64, 'low': Float64, 'close': Float64, 'volume': Float64, 'turnover': String, 'ts_ms': Int64, 'symbol': String})
✅ Загружено 2499894 записей с помощью Polars.
📊 Типы данных в pandas: timestamp       datetime64[us]
symbol                  object
close                  float64
timestamp_ms             int64
dtype: object
2026-01-18 23:39:22,699 - coint2.engine.numba_engine - INFO - Запуск Numba-оптимизированного бэктеста для BTCDAI-BTCUSDT
2026-01-18 23:39:22,721 - coint2.engine.numba_engine - INFO - Запуск Numba-оптимизированного бэктеста для BTCDAI-BTCUSDC
2026-01-18 23:39:22,742 - coint2.engine.numba_engine - INFO - Запуск Numba-оптимизированного бэктеста для ETHDAI-STETHUSDT
2026-01-18 23:39:22,777 - coint2.engine.numba_engine - INFO - Запуск Numba-оптимизированного бэктеста для GMXUSDT-WAVESUSDT
2026-01-18 23:39:22,787 - coint2.engine.numba_engine - INFO - Запуск Numba-оптимизированного бэктеста для GMXUSDT-OMGUSDT
2026-01-18 23:39:22,795 - coint2.engine.numba_engine - INFO - Запуск Numba-оптимизированного бэктеста для CYBERUSDT-MASKUSDT
2026-01-18 23:39:22,819 - coint2.engine.numba_engine - INFO - Запуск Numba-оптимизированного бэктеста для FILUSDC-WAVESUSDT
2026-01-18 23:39:22,828 - coint2.engine.numba_engine - INFO - Запуск Numba-оптимизированного бэктеста для CYBERUSDT-QTUMUSDT
2026-01-18 23:39:22,835 - coint2.engine.numba_engine - INFO - Запуск Numba-оптимизированного бэктеста для ETCUSDT-KDAUSDT
2026-01-18 23:39:22,842 - coint2.engine.numba_engine - INFO - Запуск Numba-оптимизированного бэктеста для RPLUSDT-SANDUSDC
2026-01-18 23:39:22,843 - coint2.engine.numba_engine - INFO - Запуск Numba-оптимизированного бэктеста для RPLUSDT-WAVESUSDT
2026-01-18 23:39:22,844 - coint2.engine.numba_engine - INFO - Запуск Numba-оптимизированного бэктеста для COREUSDT-WWYUSDT
2026-01-18 23:39:22,853 - coint2.engine.numba_engine - INFO - Запуск Numba-оптимизированного бэктеста для FILUSDT-SANDUSDT
2026-01-18 23:39:22,858 - coint2.engine.numba_engine - INFO - Запуск Numba-оптимизированного бэктеста для FILUSDT-WAVESUSDT
2026-01-18 23:39:22,863 - coint2.engine.numba_engine - INFO - Запуск Numba-оптимизированного бэктеста для CYBERUSDT-LRCUSDT
2026-01-18 23:39:22,868 - coint2.engine.numba_engine - INFO - Запуск Numba-оптимизированного бэктеста для IDUSDT-LRCUSDT
2026-01-18 23:39:22,877 - coint2.engine.numba_engine - INFO - Запуск Numba-оптимизированного бэктеста для FLOWUSDT-NEXOUSDT
2026-01-18 23:39:22,881 - coint2.engine.numba_engine - INFO - Запуск Numba-оптимизированного бэктеста для CRVUSDT-VRAUSDT
2026-01-18 23:39:22,878 - coint2.engine.numba_engine - INFO - Запуск Numba-оптимизированного бэктеста для KSMUSDT-OMGUSDT
2026-01-18 23:39:22,892 - coint2.engine.numba_engine - INFO - Запуск Numba-оптимизированного бэктеста для MVUSDT-ZILUSDT
2026-01-18 23:39:22,893 - coint2.engine.numba_engine - INFO - Запуск Numba-оптимизированного бэктеста для JUVUSDT-OPUSDT
2026-01-18 23:39:22,904 - coint2.engine.numba_engine - INFO - Запуск Numba-оптимизированного бэктеста для 1INCHUSDT-NYMUSDT
2026-01-18 23:39:22,904 - coint2.engine.numba_engine - INFO - Запуск Numba-оптимизированного бэктеста для SANDUSDC-WAVESUSDT
2026-01-18 23:39:22,905 - coint2.engine.numba_engine - INFO - Запуск Numba-оптимизированного бэктеста для FXSUSDT-SCRTUSDT
2026-01-18 23:39:22,916 - coint2.engine.numba_engine - INFO - Запуск Numba-оптимизированного бэктеста для CHZUSDT-KSMUSDT
2026-01-18 23:39:22,921 - coint2.engine.numba_engine - INFO - Запуск Numba-оптимизированного бэктеста для STGUSDT-XTZUSDT
2026-01-18 23:39:22,925 - coint2.engine.numba_engine - INFO - Запуск Numba-оптимизированного бэктеста для ICPUSDC-NEXOUSDT
2026-01-18 23:39:22,930 - coint2.engine.numba_engine - INFO - Запуск Numba-оптимизированного бэктеста для JUVUSDT-OPUSDC
2026-01-18 23:39:22,931 - coint2.engine.numba_engine - INFO - Запуск Numba-оптимизированного бэктеста для DOGEUSDC-SCRTUSDT
2026-01-18 23:39:22,935 - coint2.engine.numba_engine - INFO - Запуск Numba-оптимизированного бэктеста для MVUSDT-TONUSDT
2026-01-18 23:39:22,944 - coint2.engine.numba_engine - INFO - Запуск Numba-оптимизированного бэктеста для LUNCUSDC-LUNCUSDT
2026-01-18 23:39:22,944 - coint2.engine.numba_engine - INFO - Запуск Numba-оптимизированного бэктеста для SANDUSDT-WAVESUSDT
2026-01-18 23:39:22,947 - coint2.engine.numba_engine - INFO - Запуск Numba-оптимизированного бэктеста для CITYUSDT-PERPUSDT
2026-01-18 23:39:22,953 - coint2.engine.numba_engine - INFO - Запуск Numba-оптимизированного бэктеста для AVAUSDT-CHZUSDC
2026-01-18 23:39:22,953 - coint2.engine.numba_engine - INFO - Запуск Numba-оптимизированного бэктеста для ACHUSDT-SANDUSDT
2026-01-18 23:39:22,961 - coint2.engine.numba_engine - INFO - Запуск Numba-оптимизированного бэктеста для HBARUSDT-SCRTUSDT
2026-01-18 23:39:22,967 - coint2.engine.numba_engine - INFO - Запуск Numba-оптимизированного бэктеста для DOGEUSDT-SCRTUSDT
2026-01-18 23:39:22,970 - coint2.engine.numba_engine - INFO - Запуск Numba-оптимизированного бэктеста для ICXUSDT-PENDLEUSDT
2026-01-18 23:39:22,975 - coint2.engine.numba_engine - INFO - Запуск Numba-оптимизированного бэктеста для BICOUSDT-VRAUSDT
2026-01-18 23:39:22,991 - coint2.engine.numba_engine - INFO - Запуск Numba-оптимизированного бэктеста для CHRPUSDT-ICPUSDT
2026-01-18 23:39:22,992 - coint2.engine.numba_engine - INFO - Запуск Numba-оптимизированного бэктеста для ENJUSDT-MANAUSDT
2026-01-18 23:39:22,999 - coint2.engine.numba_engine - INFO - Запуск Numba-оптимизированного бэктеста для DOGEUSDC-NEXOUSDT
2026-01-18 23:39:23,003 - coint2.engine.numba_engine - INFO - Запуск Numba-оптимизированного бэктеста для AXSUSDT-NEXOUSDT
2026-01-18 23:39:23,015 - coint2.engine.numba_engine - INFO - Запуск Numba-оптимизированного бэктеста для DOGEEUR-NEXOUSDT
2026-01-18 23:39:23,021 - coint2.engine.numba_engine - INFO - Запуск Numba-оптимизированного бэктеста для ICPUSDT-NEXOUSDT
2026-01-18 23:39:23,022 - coint2.engine.numba_engine - INFO - Запуск Numba-оптимизированного бэктеста для CHRPUSDT-GRTUSDT
2026-01-18 23:39:23,026 - coint2.engine.numba_engine - INFO - Запуск Numba-оптимизированного бэктеста для LUNAUSDT-MOVRUSDT
2026-01-18 23:39:23,037 - coint2.engine.numba_engine - INFO - Запуск Numba-оптимизированного бэктеста для DOMEUSDT-TENETUSDT
2026-01-18 23:39:23,043 - coint2.engine.numba_engine - INFO - Запуск Numba-оптимизированного бэктеста для HOOKUSDT-RVNUSDT
2026-01-18 23:39:23,048 - coint2.engine.numba_engine - INFO - Запуск Numba-оптимизированного бэктеста для AVAUSDT-CHZUSDT
2026-01-18 23:39:23,071 - coint2.engine.numba_engine - INFO - Запуск Numba-оптимизированного бэктеста для ENJUSDT-MANAUSDC
2026-01-18 23:39:23,073 - coint2.engine.numba_engine - INFO - Запуск Numba-оптимизированного бэктеста для AVAUSDT-LRCUSDT
2026-01-18 23:39:23,094 - coint2.engine.numba_engine - INFO - Запуск Numba-оптимизированного бэктеста для DOGEUSDT-NEXOUSDT
2026-01-18 23:39:23,096 - coint2.engine.numba_engine - INFO - Запуск Numba-оптимизированного бэктеста для C98USDT-QTUMUSDT
2026-01-18 23:39:23,117 - coint2.engine.numba_engine - INFO - Запуск Numba-оптимизированного бэктеста для MVLUSDT-ZILUSDT
2026-01-18 23:39:23,118 - coint2.engine.numba_engine - INFO - Запуск Numba-оптимизированного бэктеста для CHZUSDC-KSMUSDT
2026-01-18 23:39:23,140 - coint2.engine.numba_engine - INFO - Запуск Numba-оптимизированного бэктеста для MIXUSDT-XTZUSDT
2026-01-18 23:39:23,179 - INFO -   ⏱️ Параллельная обработка завершена за 0.5с (106.8 пар/с)
2026-01-18 23:39:23,203 - coint2.pipeline.walk_forward_orchestrator - INFO - 🎯 СИМУЛЯЦИЯ ПОРТФЕЛЯ: 57 пар, лимит 15 позиций
2026-01-18 23:39:23,789 - coint2.pipeline.walk_forward_orchestrator - INFO -    📈 Макс. одновременных сигналов: 26
2026-01-18 23:39:23,789 - coint2.pipeline.walk_forward_orchestrator - INFO -    📊 Средн. сигналов за период: 0.6
2026-01-18 23:39:23,789 - coint2.pipeline.walk_forward_orchestrator - INFO -    🎯 Финальных активных позиций: 0
2026-01-18 23:39:23,790 - coint2.pipeline.walk_forward_orchestrator - INFO -    ⚡ Утилизация лимита позиций: 4.0%
2026-01-18 23:39:23,791 - INFO - ⇠ WF-шаг 3/5 backtests — completed 57 items in 1.15s (49.8 items/s)
2026-01-18 23:39:23,791 - INFO -   ✅ Обработка завершена: 57 успешно, 0 с ошибками
2026-01-18 23:39:23,791 - INFO -   📊 Успешность: 100.0%, прибыльность: 68.4%, сделок/пара: 15.2
2026-01-18 23:39:23,791 - INFO -   ✅ Завершены бэктесты для 57 пар
2026-01-18 23:39:23,791 - INFO -   📊 Всего обработано пар в этом шаге: 57
2026-01-18 23:39:23,791 - INFO -   📈 Результаты шага: 39/57 прибыльных пар, 867 сделок
2026-01-18 23:39:23,791 - INFO -   💰 P&L шага: $+169.23
2026-01-18 23:39:23,792 - INFO -   ⇢ Обновление капитала и дневного P&L...
2026-01-18 23:39:25,179 - INFO -   💼 Шаг P&L: $+169.23, Накопленный капитал: $10,547.25
2026-01-18 23:39:25,179 - INFO - ------------------------------------------------------------
2026-01-18 23:39:25,179 - INFO -   Walk-forward steps: 3 / 5 (60.0%) | 0.0 items/s | ETA: 556.1s
2026-01-18 23:39:25,179 - INFO - 🔍 WF-шаг 4/5: Валидация временных окон...
2026-01-18 23:39:25,179 - INFO - ⇢ WF-шаг 4/5: training 2023-10-31-2023-12-29, testing 2023-12-30-2024-01-29 — start
2026-01-18 23:39:25,179 - INFO - ⇢ loading step data — start
2026-01-18 23:39:25,381 - INFO - ⇠ loading step data — done in 0.20s
2026-01-18 23:39:26,708 - INFO - 📊 WF-шаг 4/5: Границы данных:
2026-01-18 23:39:26,708 - INFO -    Training: 2023-10-31 00:00:00 → 2023-12-29 23:45:00 (5,760 строк × 327 символов)
2026-01-18 23:39:26,709 - INFO -    Testing:  2023-12-30 00:00:00 → 2024-01-29 00:00:00 (2,881 строк × 327 символов)
2026-01-18 23:39:26,709 - INFO -    Временной разрыв: 0 days 00:15:00
2026-01-18 23:39:26,752 - INFO - ⇢ normalizing training data — start
2026-01-18 23:39:26,788 - INFO -   Символы с NaN значениями: 45
2026-01-18 23:39:26,789 - INFO -   Применяем метод нормализации: rolling_zscore
2026-01-18 23:39:26,806 - INFO - Символы с недостаточной историей: 40 из 327
2026-01-18 23:39:27,199 - INFO - Символы с NaN после нормализации: 287
2026-01-18 23:39:27,205 - INFO - Удалено 809 начальных строк с NaN от rolling расчетов
2026-01-18 23:39:27,206 - INFO - Итоговое количество символов после нормализации: 287 из 327
2026-01-18 23:39:27,207 - INFO -   Статистика нормализации:
2026-01-18 23:39:27,207 - INFO -     Исходные символы: 327
2026-01-18 23:39:27,207 - INFO -     Недостаточная история: 40
2026-01-18 23:39:27,207 - INFO -     Постоянная цена: 0
2026-01-18 23:39:27,207 - INFO -     NaN после нормализации: 287
2026-01-18 23:39:27,207 - INFO -     Итоговые символы: 287 (87.8%)
2026-01-18 23:39:27,207 - INFO -   После нормализации: 287 символов (потеряно 40)
2026-01-18 23:39:27,207 - INFO -   Отброшено много символов: 40 из 327
2026-01-18 23:39:27,207 - INFO - ⇠ normalizing training data — done in 0.45s
2026-01-18 23:39:27,208 - INFO - ⇢ SSD computation — start
2026-01-18 23:39:27,208 - INFO -   Расчет SSD для всех пар (без ограничения)
2026-01-18 23:39:29,464 - INFO -   SSD результат (все пары): 41041 пар
2026-01-18 23:39:29,464 - INFO -   Ограничиваем до top-25000 пар для дальнейшей обработки
2026-01-18 23:39:29,465 - INFO - ⇠ SSD computation — done in 2.26s
2026-01-18 23:39:29,474 - INFO - ⇢ filtering pairs by cointegration and half-life — start
2026-01-18 23:39:29,474 - INFO - [ФИЛЬТР] Параллельная фильтрация: threads (8 workers)
2026-01-18 23:42:57,284 - INFO - [ФИЛЬТР] После проверки данных: 25000 пар
2026-01-18 23:42:57,284 - INFO - [ФИЛЬТР] После фильтра корреляции (>0.65): 12732 пар
2026-01-18 23:42:57,284 - INFO - [ФИЛЬТР] После фильтра beta: 8496 пар
2026-01-18 23:42:57,284 - INFO - [ФИЛЬТР] После фильтра mean crossings: 8496 пар
2026-01-18 23:42:57,284 - INFO - [ФИЛЬТР] После фильтра half-life: 8457 пар
2026-01-18 23:42:57,284 - INFO - [ФИЛЬТР] После фильтра коинтеграции: 1858 пар
2026-01-18 23:42:57,284 - INFO - [ФИЛЬТР] После фильтра Hurst: 894 пар
2026-01-18 23:42:57,284 - INFO - [ФИЛЬТР] После фильтра KPSS: 38 пар
2026-01-18 23:42:57,284 - INFO - [ФИЛЬТР] После фильтра market microstructure: 38 пар
2026-01-18 23:42:57,284 - INFO - [ФИЛЬТР] Статистика фильтрации (оптимизированный порядок):
2026-01-18 23:42:57,284 - INFO -   1. SSD → Коинтеграция: 25000 → 1858 пар
2026-01-18 23:42:57,284 - INFO -   2. Коинтеграция → Beta: 1858 → 8496 пар
2026-01-18 23:42:57,284 - INFO -   3. Beta → Half-life: 8496 → 8457 пар
2026-01-18 23:42:57,284 - INFO -   4. Half-life → Mean crossings: 8457 → 8496 пар
2026-01-18 23:42:57,284 - INFO -   5. Mean crossings → Hurst: 8496 → 894 пар
2026-01-18 23:42:57,284 - INFO -   6. Hurst → KPSS: 894 → 38 пар
2026-01-18 23:42:57,284 - INFO -   7. KPSS → Market microstructure: 38 → 38 пар
2026-01-18 23:42:57,285 - INFO - [ФИЛЬТР] Причины отсева:
2026-01-18 23:42:57,285 - INFO -   • low_correlation: 12268 пар (49.1%)
2026-01-18 23:42:57,285 - INFO -   • pvalue: 6599 пар (26.4%)
2026-01-18 23:42:57,285 - INFO -   • beta: 4236 пар (16.9%)
2026-01-18 23:42:57,285 - INFO -   • hurst: 964 пар (3.9%)
2026-01-18 23:42:57,285 - INFO -   • kpss: 856 пар (3.4%)
2026-01-18 23:42:57,285 - INFO -   • half_life: 39 пар (0.2%)
2026-01-18 23:42:57,285 - INFO - [ФИЛЬТР] Итого: 25000 → 38 пар (0.2% прошли все фильтры)
2026-01-18 23:42:57,322 - INFO - Причины отсева сохранены в results/filter_reasons_20260118_234257.csv
2026-01-18 23:42:57,331 - INFO -   Фильтрация: 25000 → 38 пар
2026-01-18 23:42:57,332 - INFO - ⇠ filtering pairs by cointegration and half-life — done in 207.86s
2026-01-18 23:42:57,332 - INFO - ⇠ WF-шаг 4/5: training 2023-10-31-2023-12-29, testing 2023-12-30-2024-01-29 — done in 212.15s
2026-01-18 23:42:57,332 - INFO -   Топ-3 пары по волатильности спреда:
2026-01-18 23:42:57,332 - INFO -     1. AAVEUSDT-AVAUSDT: beta=86.0000, std=4.9882
2026-01-18 23:42:57,332 - INFO -     2. KSMUSDT-PERPUSDT: beta=56.7982, std=3.5340
2026-01-18 23:42:57,332 - INFO -     3. ETHUSDC-STETHUSDT: beta=0.9976, std=2.7757
2026-01-18 23:42:57,332 - INFO -   Всего пар для торговли: 38 (ограничение 15 применяется к одновременно открытым позициям)
2026-01-18 23:42:57,332 - INFO -   💰 Проверка расчета капитала: equity=$10,547.25, кандидатных_пар=38, max_позиций=15
2026-01-18 23:42:57,332 - INFO -   🎯 Target concurrency: 15 (ожидаемое одновременное число позиций)
2026-01-18 23:42:57,332 - INFO -   📊 Детали расчета капитала:
2026-01-18 23:42:57,332 - INFO -      • Базовый капитал на пару: $703.15 (equity / target_concurrency)
2026-01-18 23:42:57,332 - INFO -      • Риск-капитал: $158.21 (1.5% от equity)
2026-01-18 23:42:57,332 - INFO -      • Макс. размер позиции: $210.94 (2.0% от equity)
2026-01-18 23:42:57,332 - INFO -      • Итоговый капитал на пару: $158.21
2026-01-18 23:42:57,333 - INFO - ⇢ WF-шаг 4/5 backtests — starting 38 items
2026-01-18 23:42:57,333 - INFO - 🚀 WF-шаг 4/5: Начинаем бэктесты для 38 пар...
2026-01-18 23:42:57,333 - INFO - 🚀 WF-шаг 4/5: Запускаем параллельную обработку 38 пар на 8 ядрах...
2026-01-18 23:42:57,333 - INFO - 🚀 WF-шаг 4/5: Режим параллельности: процессы
⚙️  Загрузка данных за период: 2023-10-31 -> 2024-01-29
📂 Найдено 43 parquet файлов для обработки.
📊 Схема данных: Schema({'timestamp': Int64, 'open': Float64, 'high': Float64, 'low': Float64, 'close': Float64, 'volume': Float64, 'turnover': String, 'ts_ms': Int64, 'symbol': String})
✅ Загружено 2615053 записей с помощью Polars.
📊 Типы данных в pandas: timestamp       datetime64[us]
symbol                  object
close                  float64
timestamp_ms             int64
dtype: object
2026-01-18 23:42:57,388 - coint2.engine.numba_engine - INFO - Запуск Numba-оптимизированного бэктеста для AAVEUSDT-AVAUSDT
2026-01-18 23:42:57,410 - coint2.engine.numba_engine - INFO - Запуск Numba-оптимизированного бэктеста для KSMUSDT-PERPUSDT
2026-01-18 23:42:57,433 - coint2.engine.numba_engine - INFO - Запуск Numba-оптимизированного бэктеста для ETHUSDC-STETHUSDT
2026-01-18 23:42:57,458 - coint2.engine.numba_engine - INFO - Запуск Numba-оптимизированного бэктеста для ETHUSDT-STETHUSDT
2026-01-18 23:42:57,473 - coint2.engine.numba_engine - INFO - Запуск Numba-оптимизированного бэктеста для APTUSDT-C98USDT
2026-01-18 23:42:57,482 - coint2.engine.numba_engine - INFO - Запуск Numba-оптимизированного бэктеста для ETCUSDT-MANAUSDT
2026-01-18 23:42:57,493 - coint2.engine.numba_engine - INFO - Запуск Numba-оптимизированного бэктеста для ENSUSDT-POLUSDT
2026-01-18 23:42:57,496 - coint2.engine.numba_engine - INFO - Запуск Numba-оптимизированного бэктеста для CELOUSDT-SOLOUSDT
2026-01-18 23:42:57,507 - coint2.engine.numba_engine - INFO - Запуск Numba-оптимизированного бэктеста для ETCUSDT-MANAUSDC
2026-01-18 23:42:57,516 - coint2.engine.numba_engine - INFO - Запуск Numba-оптимизированного бэктеста для BOBAUSDT-OASUSDT
2026-01-18 23:42:57,517 - coint2.engine.numba_engine - INFO - Запуск Numba-оптимизированного бэктеста для FILUSDC-SCRTUSDT
2026-01-18 23:42:57,520 - coint2.engine.numba_engine - INFO - Запуск Numba-оптимизированного бэктеста для BOBAUSDT-SOLEUR
2026-01-18 23:42:57,540 - coint2.engine.numba_engine - INFO - Запуск Numba-оптимизированного бэктеста для BOBAUSDT-SOLUSDT
2026-01-18 23:42:57,540 - coint2.engine.numba_engine - INFO - Запуск Numba-оптимизированного бэктеста для COREUSDT-ETCUSDT
2026-01-18 23:42:57,542 - coint2.engine.numba_engine - INFO - Запуск Numba-оптимизированного бэктеста для FITFIUSDT-SNXUSDT
2026-01-18 23:42:57,542 - coint2.engine.numba_engine - INFO - Запуск Numba-оптимизированного бэктеста для MASKUSDT-PENDLEUSDT
2026-01-18 23:42:57,552 - coint2.engine.numba_engine - INFO - Запуск Numba-оптимизированного бэктеста для APTUSDC-C98USDT
2026-01-18 23:42:57,556 - coint2.engine.numba_engine - INFO - Запуск Numba-оптимизированного бэктеста для ENSUSDT-NYMUSDT
2026-01-18 23:42:57,563 - coint2.engine.numba_engine - INFO - Запуск Numba-оптимизированного бэктеста для PEOPLEUSDT-WAXPUSDT
2026-01-18 23:42:57,563 - coint2.engine.numba_engine - INFO - Запуск Numba-оптимизированного бэктеста для BOBAUSDT-SOLUSDC
2026-01-18 23:42:57,567 - coint2.engine.numba_engine - INFO - Запуск Numba-оптимизированного бэктеста для BOBAUSDT-HBARUSDT
2026-01-18 23:42:57,586 - coint2.engine.numba_engine - INFO - Запуск Numba-оптимизированного бэктеста для DGBUSDT-OMGUSDT
2026-01-18 23:42:57,597 - coint2.engine.numba_engine - INFO - Запуск Numba-оптимизированного бэктеста для IDUSDT-OMGUSDT
2026-01-18 23:42:57,602 - coint2.engine.numba_engine - INFO - Запуск Numba-оптимизированного бэктеста для QTUMUSDT-RDNTUSDT
2026-01-18 23:42:57,617 - coint2.engine.numba_engine - INFO - Запуск Numba-оптимизированного бэктеста для QTUMUSDT-WAXPUSDT
2026-01-18 23:42:57,625 - coint2.engine.numba_engine - INFO - Запуск Numba-оптимизированного бэктеста для ACSUSDT-BICOUSDT
2026-01-18 23:42:57,627 - coint2.engine.numba_engine - INFO - Запуск Numba-оптимизированного бэктеста для BOBAUSDT-STXUSDT
2026-01-18 23:42:57,640 - coint2.engine.numba_engine - INFO - Запуск Numba-оптимизированного бэктеста для CRVUSDT-INTERUSDT
2026-01-18 23:42:57,642 - coint2.engine.numba_engine - INFO - Запуск Numba-оптимизированного бэктеста для ARBUSDC-QNTUSDT
2026-01-18 23:42:57,652 - coint2.engine.numba_engine - INFO - Запуск Numba-оптимизированного бэктеста для BICOUSDT-HBARUSDT
2026-01-18 23:42:57,664 - coint2.engine.numba_engine - INFO - Запуск Numba-оптимизированного бэктеста для IDUSDT-LRCUSDT
2026-01-18 23:42:57,664 - coint2.engine.numba_engine - INFO - Запуск Numba-оптимизированного бэктеста для BOBAUSDT-DOTUSDC
2026-01-18 23:42:57,666 - coint2.engine.numba_engine - INFO - Запуск Numba-оптимизированного бэктеста для AGLDUSDT-C98USDT
2026-01-18 23:42:57,674 - coint2.engine.numba_engine - INFO - Запуск Numba-оптимизированного бэктеста для VELOUSDT-XTZUSDT
2026-01-18 23:42:57,686 - coint2.engine.numba_engine - INFO - Запуск Numba-оптимизированного бэктеста для ACSUSDT-HBARUSDT
2026-01-18 23:42:57,687 - coint2.engine.numba_engine - INFO - Запуск Numba-оптимизированного бэктеста для BATUSDT-ENJUSDT
2026-01-18 23:42:57,689 - coint2.engine.numba_engine - INFO - Запуск Numba-оптимизированного бэктеста для BOBAUSDT-DOTUSDT
2026-01-18 23:42:57,712 - coint2.engine.numba_engine - INFO - Запуск Numba-оптимизированного бэктеста для RDNTUSDT-SUNUSDT
2026-01-18 23:42:57,757 - INFO -   ⏱️ Параллельная обработка завершена за 0.4с (89.7 пар/с)
2026-01-18 23:42:57,784 - coint2.pipeline.walk_forward_orchestrator - INFO - 🎯 СИМУЛЯЦИЯ ПОРТФЕЛЯ: 38 пар, лимит 15 позиций
2026-01-18 23:42:58,626 - coint2.pipeline.walk_forward_orchestrator - INFO -    📈 Макс. одновременных сигналов: 21
2026-01-18 23:42:58,626 - coint2.pipeline.walk_forward_orchestrator - INFO -    📊 Средн. сигналов за период: 0.4
2026-01-18 23:42:58,626 - coint2.pipeline.walk_forward_orchestrator - INFO -    🎯 Финальных активных позиций: 2
2026-01-18 23:42:58,628 - coint2.pipeline.walk_forward_orchestrator - INFO -    ⚡ Утилизация лимита позиций: 2.9%
2026-01-18 23:42:58,628 - INFO - ⇠ WF-шаг 4/5 backtests — completed 38 items in 1.30s (29.3 items/s)
2026-01-18 23:42:58,628 - INFO -   ✅ Обработка завершена: 38 успешно, 0 с ошибками
2026-01-18 23:42:58,628 - INFO -   📊 Успешность: 100.0%, прибыльность: 71.1%, сделок/пара: 16.8
2026-01-18 23:42:58,628 - INFO -   ✅ Завершены бэктесты для 38 пар
2026-01-18 23:42:58,628 - INFO -   📊 Всего обработано пар в этом шаге: 38
2026-01-18 23:42:58,629 - INFO -   📈 Результаты шага: 27/38 прибыльных пар, 638 сделок
2026-01-18 23:42:58,629 - INFO -   💰 P&L шага: $+111.90
2026-01-18 23:42:58,629 - INFO -   ⇢ Обновление капитала и дневного P&L...
2026-01-18 23:43:00,100 - INFO -   💼 Шаг P&L: $+111.90, Накопленный капитал: $10,659.15
2026-01-18 23:43:00,100 - INFO - ------------------------------------------------------------
2026-01-18 23:43:00,100 - INFO -   Walk-forward steps: 4 / 5 (80.0%) | 0.0 items/s | ETA: 262.3s
2026-01-18 23:43:00,100 - INFO - 🔍 WF-шаг 5/5: Валидация временных окон...
2026-01-18 23:43:00,101 - INFO - ⇢ WF-шаг 5/5: training 2023-11-30-2024-01-28, testing 2024-01-29-2024-02-28 — start
2026-01-18 23:43:00,101 - INFO - ⇢ loading step data — start
2026-01-18 23:43:00,320 - INFO - ⇠ loading step data — done in 0.22s
2026-01-18 23:43:01,799 - INFO - 📊 WF-шаг 5/5: Границы данных:
2026-01-18 23:43:01,799 - INFO -    Training: 2023-11-30 00:00:00 → 2024-01-28 23:45:00 (5,760 строк × 344 символов)
2026-01-18 23:43:01,799 - INFO -    Testing:  2024-01-29 00:00:00 → 2024-02-28 00:00:00 (2,881 строк × 344 символов)
2026-01-18 23:43:01,799 - INFO -    Временной разрыв: 0 days 00:15:00
2026-01-18 23:43:01,845 - INFO - ⇢ normalizing training data — start
2026-01-18 23:43:01,883 - INFO -   Символы с NaN значениями: 52
2026-01-18 23:43:01,883 - INFO -   Применяем метод нормализации: rolling_zscore
2026-01-18 23:43:01,902 - INFO - Символы с недостаточной историей: 44 из 344
2026-01-18 23:43:02,316 - INFO - Символы с NaN после нормализации: 300
2026-01-18 23:43:02,322 - INFO - Удалено 809 начальных строк с NaN от rolling расчетов
2026-01-18 23:43:02,324 - INFO - Итоговое количество символов после нормализации: 300 из 344
2026-01-18 23:43:02,324 - INFO -   Статистика нормализации:
2026-01-18 23:43:02,325 - INFO -     Исходные символы: 344
2026-01-18 23:43:02,325 - INFO -     Недостаточная история: 44
2026-01-18 23:43:02,325 - INFO -     Постоянная цена: 0
2026-01-18 23:43:02,325 - INFO -     NaN после нормализации: 300
2026-01-18 23:43:02,325 - INFO -     Итоговые символы: 300 (87.2%)
2026-01-18 23:43:02,325 - INFO -   После нормализации: 300 символов (потеряно 44)
2026-01-18 23:43:02,325 - INFO -   Отброшено много символов: 44 из 344
2026-01-18 23:43:02,325 - INFO - ⇠ normalizing training data — done in 0.48s
2026-01-18 23:43:02,326 - INFO - ⇢ SSD computation — start
2026-01-18 23:43:02,326 - INFO -   Расчет SSD для всех пар (без ограничения)
2026-01-18 23:43:04,908 - INFO -   SSD результат (все пары): 44850 пар
2026-01-18 23:43:04,908 - INFO -   Ограничиваем до top-25000 пар для дальнейшей обработки
2026-01-18 23:43:04,910 - INFO - ⇠ SSD computation — done in 2.58s
2026-01-18 23:43:04,918 - INFO - ⇢ filtering pairs by cointegration and half-life — start
2026-01-18 23:43:04,918 - INFO - [ФИЛЬТР] Параллельная фильтрация: threads (8 workers)
2026-01-18 23:45:47,743 - INFO - [ФИЛЬТР] После проверки данных: 25000 пар
2026-01-18 23:45:47,743 - INFO - [ФИЛЬТР] После фильтра корреляции (>0.65): 5393 пар
2026-01-18 23:45:47,743 - INFO - [ФИЛЬТР] После фильтра beta: 4047 пар
2026-01-18 23:45:47,743 - INFO - [ФИЛЬТР] После фильтра mean crossings: 4047 пар
2026-01-18 23:45:47,743 - INFO - [ФИЛЬТР] После фильтра half-life: 4031 пар
2026-01-18 23:45:47,743 - INFO - [ФИЛЬТР] После фильтра коинтеграции: 1851 пар
2026-01-18 23:45:47,743 - INFO - [ФИЛЬТР] После фильтра Hurst: 972 пар
2026-01-18 23:45:47,743 - INFO - [ФИЛЬТР] После фильтра KPSS: 54 пар
2026-01-18 23:45:47,743 - INFO - [ФИЛЬТР] После фильтра market microstructure: 54 пар
2026-01-18 23:45:47,743 - INFO - [ФИЛЬТР] Статистика фильтрации (оптимизированный порядок):
2026-01-18 23:45:47,743 - INFO -   1. SSD → Коинтеграция: 25000 → 1851 пар
2026-01-18 23:45:47,743 - INFO -   2. Коинтеграция → Beta: 1851 → 4047 пар
2026-01-18 23:45:47,743 - INFO -   3. Beta → Half-life: 4047 → 4031 пар
2026-01-18 23:45:47,743 - INFO -   4. Half-life → Mean crossings: 4031 → 4047 пар
2026-01-18 23:45:47,743 - INFO -   5. Mean crossings → Hurst: 4047 → 972 пар
2026-01-18 23:45:47,743 - INFO -   6. Hurst → KPSS: 972 → 54 пар
2026-01-18 23:45:47,743 - INFO -   7. KPSS → Market microstructure: 54 → 54 пар
2026-01-18 23:45:47,743 - INFO - [ФИЛЬТР] Причины отсева:
2026-01-18 23:45:47,743 - INFO -   • low_correlation: 19607 пар (78.4%)
2026-01-18 23:45:47,744 - INFO -   • pvalue: 2180 пар (8.7%)
2026-01-18 23:45:47,744 - INFO -   • beta: 1346 пар (5.4%)
2026-01-18 23:45:47,744 - INFO -   • kpss: 918 пар (3.7%)
2026-01-18 23:45:47,744 - INFO -   • hurst: 879 пар (3.5%)
2026-01-18 23:45:47,744 - INFO -   • half_life: 16 пар (0.1%)
2026-01-18 23:45:47,744 - INFO - [ФИЛЬТР] Итого: 25000 → 54 пар (0.2% прошли все фильтры)
2026-01-18 23:45:47,781 - INFO - Причины отсева сохранены в results/filter_reasons_20260118_234547.csv
2026-01-18 23:45:47,791 - INFO -   Фильтрация: 25000 → 54 пар
2026-01-18 23:45:47,791 - INFO - ⇠ filtering pairs by cointegration and half-life — done in 162.87s
2026-01-18 23:45:47,792 - INFO - ⇠ WF-шаг 5/5: training 2023-11-30-2024-01-28, testing 2024-01-29-2024-02-28 — done in 167.69s
2026-01-18 23:45:47,792 - INFO -   Топ-3 пары по волатильности спреда:
2026-01-18 23:45:47,792 - INFO -     1. BTCBRZ-BTCDAI: beta=4.2777, std=2850.9804
2026-01-18 23:45:47,792 - INFO -     2. BTCDAI-WBTCUSDT: beta=1.0023, std=556.1976
2026-01-18 23:45:47,792 - INFO -     3. ETHDAI-STETHUSDT: beta=0.9934, std=13.3291
2026-01-18 23:45:47,792 - INFO -   Всего пар для торговли: 54 (ограничение 15 применяется к одновременно открытым позициям)
2026-01-18 23:45:47,792 - INFO -   💰 Проверка расчета капитала: equity=$10,659.15, кандидатных_пар=54, max_позиций=15
2026-01-18 23:45:47,792 - INFO -   🎯 Target concurrency: 15 (ожидаемое одновременное число позиций)
2026-01-18 23:45:47,792 - INFO -   📊 Детали расчета капитала:
2026-01-18 23:45:47,792 - INFO -      • Базовый капитал на пару: $710.61 (equity / target_concurrency)
2026-01-18 23:45:47,792 - INFO -      • Риск-капитал: $159.89 (1.5% от equity)
2026-01-18 23:45:47,792 - INFO -      • Макс. размер позиции: $213.18 (2.0% от equity)
2026-01-18 23:45:47,792 - INFO -      • Итоговый капитал на пару: $159.89
2026-01-18 23:45:47,793 - INFO - ⇢ WF-шаг 5/5 backtests — starting 54 items
2026-01-18 23:45:47,793 - INFO - 🚀 WF-шаг 5/5: Начинаем бэктесты для 54 пар...
2026-01-18 23:45:47,793 - INFO - 🚀 WF-шаг 5/5: Запускаем параллельную обработку 54 пар на 8 ядрах...
2026-01-18 23:45:47,793 - INFO -   📊 Большой набор пар (54), ожидаемое время: ~2 мин
2026-01-18 23:45:47,793 - INFO -   🔄 Прогресс будет отображаться каждые 5 пар
2026-01-18 23:45:47,793 - INFO - 🚀 WF-шаг 5/5: Режим параллельности: процессы
⚙️  Загрузка данных за период: 2023-11-30 -> 2024-02-28
📂 Найдено 43 parquet файлов для обработки.
📊 Схема данных: Schema({'timestamp': Int64, 'open': Float64, 'high': Float64, 'low': Float64, 'close': Float64, 'volume': Float64, 'turnover': String, 'ts_ms': Int64, 'symbol': String})
✅ Загружено 2755343 записей с помощью Polars.
📊 Типы данных в pandas: timestamp       datetime64[us]
symbol                  object
close                  float64
timestamp_ms             int64
dtype: object
2026-01-18 23:45:47,849 - coint2.engine.numba_engine - INFO - Запуск Numba-оптимизированного бэктеста для BTCBRZ-BTCDAI
2026-01-18 23:45:47,873 - coint2.engine.numba_engine - INFO - Запуск Numba-оптимизированного бэктеста для BTCDAI-WBTCUSDT
2026-01-18 23:45:47,896 - coint2.engine.numba_engine - INFO - Запуск Numba-оптимизированного бэктеста для ETHDAI-STETHUSDT
2026-01-18 23:45:47,921 - coint2.engine.numba_engine - INFO - Запуск Numba-оптимизированного бэктеста для AAVEUSDT-THETAUSDT
2026-01-18 23:45:47,935 - coint2.engine.numba_engine - INFO - Запуск Numba-оптимизированного бэктеста для ETHWUSDT-GRTUSDT
2026-01-18 23:45:47,946 - coint2.engine.numba_engine - INFO - Запуск Numba-оптимизированного бэктеста для LTCEUR-MXUSDT
2026-01-18 23:45:47,958 - coint2.engine.numba_engine - INFO - Запуск Numba-оптимизированного бэктеста для FLOWUSDT-WAVESUSDT
2026-01-18 23:45:47,958 - coint2.engine.numba_engine - INFO - Запуск Numba-оптимизированного бэктеста для NEARUSDT-ROSEUSDT
2026-01-18 23:45:47,970 - coint2.engine.numba_engine - INFO - Запуск Numba-оптимизированного бэктеста для ATOMUSDT-MBXUSDT
2026-01-18 23:45:47,981 - coint2.engine.numba_engine - INFO - Запуск Numba-оптимизированного бэктеста для GLMRUSDT-ROSEUSDT
2026-01-18 23:45:47,981 - coint2.engine.numba_engine - INFO - Запуск Numba-оптимизированного бэктеста для ETHWUSDT-UNIUSDT
2026-01-18 23:45:47,981 - coint2.engine.numba_engine - INFO - Запуск Numba-оптимизированного бэктеста для MANAUSDT-MBXUSDT
2026-01-18 23:45:47,996 - coint2.engine.numba_engine - INFO - Запуск Numba-оптимизированного бэктеста для APTUSDC-CELOUSDT
2026-01-18 23:45:48,004 - coint2.engine.numba_engine - INFO - Запуск Numba-оптимизированного бэктеста для HFTUSDT-SANDUSDT
2026-01-18 23:45:48,004 - coint2.engine.numba_engine - INFO - Запуск Numba-оптимизированного бэктеста для IDUSDT-QNTUSDT
2026-01-18 23:45:48,004 - coint2.engine.numba_engine - INFO - Запуск Numba-оптимизированного бэктеста для BOBAUSDT-MINAUSDT
2026-01-18 23:45:48,006 - coint2.engine.numba_engine - INFO - Запуск Numba-оптимизированного бэктеста для AGLDUSDT-CELOUSDT
2026-01-18 23:45:48,019 - coint2.engine.numba_engine - INFO - Запуск Numba-оптимизированного бэктеста для APTUSDT-CELOUSDT
2026-01-18 23:45:48,027 - coint2.engine.numba_engine - INFO - Запуск Numba-оптимизированного бэктеста для HFTUSDT-SANDUSDC
2026-01-18 23:45:48,027 - coint2.engine.numba_engine - INFO - Запуск Numba-оптимизированного бэктеста для IDUSDT-UNIUSDT
2026-01-18 23:45:48,027 - coint2.engine.numba_engine - INFO - Запуск Numba-оптимизированного бэктеста для TENETUSDT-XRPEUR
2026-01-18 23:45:48,029 - coint2.engine.numba_engine - INFO - Запуск Numba-оптимизированного бэктеста для GLMRUSDT-NEARUSDT
2026-01-18 23:45:48,030 - coint2.engine.numba_engine - INFO - Запуск Numba-оптимизированного бэктеста для AGLDUSDT-NEARUSDT
2026-01-18 23:45:48,050 - coint2.engine.numba_engine - INFO - Запуск Numba-оптимизированного бэктеста для GRTUSDT-WAVESUSDT
2026-01-18 23:45:48,050 - coint2.engine.numba_engine - INFO - Запуск Numba-оптимизированного бэктеста для HFTUSDC-SCRTUSDT
2026-01-18 23:45:48,050 - coint2.engine.numba_engine - INFO - Запуск Numba-оптимизированного бэктеста для JSTUSDT-XRPEUR
2026-01-18 23:45:48,051 - coint2.engine.numba_engine - INFO - Запуск Numba-оптимизированного бэктеста для BELUSDT-GALAUSDT
2026-01-18 23:45:48,053 - coint2.engine.numba_engine - INFO - Запуск Numba-оптимизированного бэктеста для JUVUSDT-ZRXUSDT
2026-01-18 23:45:48,053 - coint2.engine.numba_engine - INFO - Запуск Numba-оптимизированного бэктеста для BOBAUSDT-SOLEUR
2026-01-18 23:45:48,073 - coint2.engine.numba_engine - INFO - Запуск Numba-оптимизированного бэктеста для CHZUSDC-CHZUSDT
2026-01-18 23:45:48,073 - coint2.engine.numba_engine - INFO - Запуск Numba-оптимизированного бэктеста для BATUSDT-POLUSDT
2026-01-18 23:45:48,075 - coint2.engine.numba_engine - INFO - Запуск Numba-оптимизированного бэктеста для HFTUSDT-SCRTUSDT
2026-01-18 23:45:48,076 - coint2.engine.numba_engine - INFO - Запуск Numba-оптимизированного бэктеста для IDUSDT-WAVESUSDT
2026-01-18 23:45:48,076 - coint2.engine.numba_engine - INFO - Запуск Numba-оптимизированного бэктеста для BOBAUSDT-OPUSDC
2026-01-18 23:45:48,079 - coint2.engine.numba_engine - INFO - Запуск Numba-оптимизированного бэктеста для ARKMUSDT-FLOWUSDT
2026-01-18 23:45:48,096 - coint2.engine.numba_engine - INFO - Запуск Numba-оптимизированного бэктеста для MVLUSDT-RACAUSDT
2026-01-18 23:45:48,099 - coint2.engine.numba_engine - INFO - Запуск Numba-оптимизированного бэктеста для HFTUSDC-SANDUSDT
2026-01-18 23:45:48,099 - coint2.engine.numba_engine - INFO - Запуск Numba-оптимизированного бэктеста для HFTUSDC-LRCUSDT
2026-01-18 23:45:48,099 - coint2.engine.numba_engine - INFO - Запуск Numba-оптимизированного бэктеста для ANKRUSDT-WAXPUSDT
2026-01-18 23:45:48,103 - coint2.engine.numba_engine - INFO - Запуск Numba-оптимизированного бэктеста для BOBAUSDT-OPUSDT
2026-01-18 23:45:48,103 - coint2.engine.numba_engine - INFO - Запуск Numba-оптимизированного бэктеста для BOBAUSDT-STXUSDT
2026-01-18 23:45:48,121 - coint2.engine.numba_engine - INFO - Запуск Numba-оптимизированного бэктеста для JSTUSDT-RACAUSDT
2026-01-18 23:45:48,122 - coint2.engine.numba_engine - INFO - Запуск Numba-оптимизированного бэктеста для HFTUSDT-LRCUSDT
2026-01-18 23:45:48,122 - coint2.engine.numba_engine - INFO - Запуск Numba-оптимизированного бэктеста для LUNCUSDT-VRAUSDT
2026-01-18 23:45:48,126 - coint2.engine.numba_engine - INFO - Запуск Numba-оптимизированного бэктеста для HFTUSDC-SANDUSDC
2026-01-18 23:45:48,126 - coint2.engine.numba_engine - INFO - Запуск Numba-оптимизированного бэктеста для MANAUSDC-MBXUSDT
2026-01-18 23:45:48,144 - coint2.engine.numba_engine - INFO - Запуск Numba-оптимизированного бэктеста для LUNCUSDC-VRAUSDT
2026-01-18 23:45:48,144 - coint2.engine.numba_engine - INFO - Запуск Numba-оптимизированного бэктеста для RVNUSDT-WAXPUSDT
2026-01-18 23:45:48,148 - coint2.engine.numba_engine - INFO - Запуск Numba-оптимизированного бэктеста для TENETUSDT-XRPUSDC
2026-01-18 23:45:48,148 - coint2.engine.numba_engine - INFO - Запуск Numba-оптимизированного бэктеста для C98USDT-SOLOUSDT
2026-01-18 23:45:48,167 - coint2.engine.numba_engine - INFO - Запуск Numba-оптимизированного бэктеста для PEPEUSDT-RACAUSDT
2026-01-18 23:45:48,171 - coint2.engine.numba_engine - INFO - Запуск Numba-оптимизированного бэктеста для TENETUSDT-XRPUSDT
2026-01-18 23:45:48,171 - coint2.engine.numba_engine - INFO - Запуск Numba-оптимизированного бэктеста для JSTUSDT-XRPUSDC
2026-01-18 23:45:48,194 - coint2.engine.numba_engine - INFO - Запуск Numba-оптимизированного бэктеста для JSTUSDT-XRPUSDT
2026-01-18 23:45:48,234 - INFO -   ⏱️ Параллельная обработка завершена за 0.4с (122.4 пар/с)
2026-01-18 23:45:48,254 - coint2.pipeline.walk_forward_orchestrator - INFO - 🎯 СИМУЛЯЦИЯ ПОРТФЕЛЯ: 54 пар, лимит 15 позиций
2026-01-18 23:45:48,812 - coint2.pipeline.walk_forward_orchestrator - INFO -    📈 Макс. одновременных сигналов: 22
2026-01-18 23:45:48,813 - coint2.pipeline.walk_forward_orchestrator - INFO -    📊 Средн. сигналов за период: 0.7
2026-01-18 23:45:48,813 - coint2.pipeline.walk_forward_orchestrator - INFO -    🎯 Финальных активных позиций: 0
2026-01-18 23:45:48,814 - coint2.pipeline.walk_forward_orchestrator - INFO -    ⚡ Утилизация лимита позиций: 4.5%
2026-01-18 23:45:48,814 - INFO - ⇠ WF-шаг 5/5 backtests — completed 54 items in 1.02s (52.8 items/s)
2026-01-18 23:45:48,815 - INFO -   ✅ Обработка завершена: 54 успешно, 0 с ошибками
2026-01-18 23:45:48,815 - INFO -   📊 Успешность: 100.0%, прибыльность: 50.0%, сделок/пара: 18.3
2026-01-18 23:45:48,815 - INFO -   ✅ Завершены бэктесты для 54 пар
2026-01-18 23:45:48,815 - INFO -   📊 Всего обработано пар в этом шаге: 54
2026-01-18 23:45:48,815 - INFO -   📈 Результаты шага: 27/54 прибыльных пар, 989 сделок
2026-01-18 23:45:48,815 - INFO -   💰 P&L шага: $-42.61
2026-01-18 23:45:48,815 - INFO -   ⇢ Обновление капитала и дневного P&L...
2026-01-18 23:45:50,405 - INFO -   💼 Шаг P&L: $-42.61, Накопленный капитал: $10,616.53
2026-01-18 23:45:50,405 - INFO - ------------------------------------------------------------
2026-01-18 23:45:50,405 - INFO -   Walk-forward steps: 5 / 5 (100.0%) | 0.0 items/s | ETA: 0.0s
2026-01-18 23:45:50,405 - INFO - ⇠ Walk-forward steps — completed 5 items in 1219.33s (0.0 items/s)
2026-01-18 23:45:50,405 - INFO - ================================================================================
2026-01-18 23:45:50,406 - INFO - 🏁 Walk-forward анализ завершен!
2026-01-18 23:45:50,406 - INFO - ⏱️ Обработано 5 шагов за 2.6 секунд
2026-01-18 23:45:50,406 - INFO - 📊 Всего обработано пар за весь анализ: 275
2026-01-18 23:45:50,406 - INFO - 💰 Финальный капитал: $10,616.53 (было $10,000.00)
2026-01-18 23:45:50,406 - INFO - 📈 Общая доходность: +6.17% ($+616.53)
2026-01-18 23:45:50,406 - INFO - 📊 Всего сделок: 0
2026-01-18 23:45:50,406 - INFO - ================================================================================
2026-01-18 23:45:50,406 - INFO - ✓ Завершены все 5 WF-шагов
2026-01-18 23:45:50,406 - INFO - ⇢ Обработка финальных результатов и расчет метрик...
2026-01-18 23:45:50,406 - INFO - ⇢ processing final results — start
2026-01-18 23:45:50,406 - INFO -   ⇢ Агрегация данных P&L за 14405 торговых дней
2026-01-18 23:45:50,443 - INFO -   ⇢ Расчет базовых метрик производительности...
2026-01-18 23:45:50,443 - INFO -     📊 Данные для анализа: 14405 записей P&L, 14401 точек equity
2026-01-18 23:45:50,446 - INFO -   ⇢ Расчет расширенных метрик (волатильность, Calmar ratio, и др.)...
2026-01-18 23:45:50,446 - INFO -   ✅ Расширенные метрики рассчитаны: 6 показателей
2026-01-18 23:45:50,446 - INFO -   ⇢ Анализ статистики по 275 парам...
2026-01-18 23:45:50,449 - INFO - ✅ Рассчитаны метрики производительности (19 показателей)
2026-01-18 23:45:50,449 - INFO -   💰 Общий P&L: $+616.53
2026-01-18 23:45:50,449 - INFO -   📊 Sharpe Ratio: 4.664
2026-01-18 23:45:50,449 - INFO -   📉 Максимальная просадка: -9136.01%
2026-01-18 23:45:50,449 - INFO -   🔄 Всего сделок: 4815
2026-01-18 23:45:50,449 - INFO -   📈 Торгуемых пар: 271
2026-01-18 23:45:50,449 - INFO -   💸 Общие издержки: $337.29
2026-01-18 23:45:50,450 - coint2.metrics - INFO - Metric: total_pnl
2026-01-18 23:45:50,450 - coint2.metrics - INFO - Metric: sharpe_ratio_abs
2026-01-18 23:45:50,450 - coint2.metrics - INFO - Metric: max_drawdown_pct
2026-01-18 23:45:50,450 - coint2.metrics - INFO - Metric: total_trades
2026-01-18 23:45:50,450 - coint2.metrics - INFO - Metric: total_pairs_traded
2026-01-18 23:45:50,450 - coint2.metrics - INFO - Metric: total_costs
2026-01-18 23:45:50,451 - INFO - ⇠ processing final results — done in 0.04s
2026-01-18 23:45:50,451 - INFO - ⇢ Создание отчетов и сохранение результатов...
2026-01-18 23:45:50,451 - INFO - ⇢ generating reports — start
2026-01-18 23:45:50,451 - INFO -   ⇢ Создание отчета о производительности...
2026-01-18 23:45:57,285 - INFO -   ✓ Отчет о производительности создан
2026-01-18 23:45:57,285 - INFO -   ⇢ Сохранение данных в CSV файлы...
2026-01-18 23:45:57,287 - INFO - 📋 Метрики сохранены: artifacts/wfa/runs/20260118_stress/stress_20260118_baseline_z0p85_exit0p12_corr0p65_ssd25000/strategy_metrics.csv
2026-01-18 23:45:57,288 - INFO - 📈 Дневные P&L сохранены: artifacts/wfa/runs/20260118_stress/stress_20260118_baseline_z0p85_exit0p12_corr0p65_ssd25000/daily_pnl.csv (151 записей)
2026-01-18 23:45:57,341 - INFO - 💹 Кривая капитала сохранена: artifacts/wfa/runs/20260118_stress/stress_20260118_baseline_z0p85_exit0p12_corr0p65_ssd25000/equity_curve.csv (14401 точек)
2026-01-18 23:45:57,347 - INFO - 📋 Статистика сделок сохранена: artifacts/wfa/runs/20260118_stress/stress_20260118_baseline_z0p85_exit0p12_corr0p65_ssd25000/trade_statistics.csv (275 записей)
2026-01-18 23:45:57,347 - INFO - 🎉 Walk-Forward анализ полностью завершен!
2026-01-18 23:45:57,347 - INFO - 📊 Все отчеты и данные сохранены в: artifacts/wfa/runs/20260118_stress/stress_20260118_baseline_z0p85_exit0p12_corr0p65_ssd25000
2026-01-18 23:45:57,347 - INFO - 💼 Итоговый капитал: $10,616.53
2026-01-18 23:45:57,347 - INFO - ⏱️  Общее время выполнения: 9.6 секунд
2026-01-18 23:45:57,347 - INFO - ⇠ generating reports — done in 6.90s
2026-01-18 23:45:57,347 - coint2.core.memory_optimization - INFO - 🧹 Cleaning up global price data
2026-01-18 23:45:57,351 - coint2.core.memory_optimization - INFO - 📊 No global rolling stats to clean up
2026-01-18 23:45:57,351 - INFO - 🧹 Memory-mapped data cleaned up
2026-01-18 23:45:57,353 - INFO - ⇠ run_walk_forward_analysis — done in 1,231.76s
📊 Отчет сохранен: artifacts/wfa/runs/20260118_stress/stress_20260118_baseline_z0p85_exit0p12_corr0p65_ssd25000/CointegrationStrategy_performance_report.png
🎯 ============================================================
📊 ИТОГИ ТОРГОВОЙ СТРАТЕГИИ
🎯 ============================================================

💰 ФИНАНСОВЫЕ РЕЗУЛЬТАТЫ:
   • Общий P&L:                          617
   • Максимальная просадка:              -91
   • Средний дневной P&L:                  4

📈 МЕТРИКИ РИСКА:
   • Коэффициент Шарпа:               4.6636
   • Волатильность P&L:                17.38
   • Процент прибыльных дней:         56.29%

🔄 ТОРГОВАЯ АКТИВНОСТЬ:
   • Всего торговых дней:                151
   • Всего сделок:                     4,815
   • Торгуемых пар:                      271
   • Сделок на пару:                    17.5
   • Успешность сделок:               0.31%

💸 РАСХОДЫ И ЭКСТРЕМУМЫ:
   • Общие расходы:                      337
   • Максимальная прибыль:               108
   • Максимальный убыток:                -48
   • Лучшая пара (P&L):                   93
   • Худшая пара (P&L):                  -17

📊 ОЦЕНКА СТРАТЕГИИ:
   ✅ ОТЛИЧНАЯ стратегия! Высокий Шарп и положительный результат

🎯 ============================================================

Annualized Sharpe Ratio: 4.663630130440783
[run_wfa_fullcpu] end: 2026-01-18T23:45:58Z
