[run_wfa_queue] 2026-01-23T11:56:00Z cmd: /opt/coint4/coint4/run_wfa_fullcpu.sh configs/budget_20260123_1000_capsweep_oos20250101_20250630_top50_maxnot25_riskgrid/stress_relaxed8_nokpss_20260123_oos20250101_20250630_top50_z1p00_exit0p06_hold180_cd180_ms0p2_cap1000_maxnot25_risk0p75_minnot5.yaml artifacts/wfa/runs/20260123_budget1000_oos_risk_minnot_grid/stress_relaxed8_nokpss_20260123_oos20250101_20250630_top50_z1p00_exit0p06_hold180_cd180_ms0p2_cap1000_maxnot25_risk0p75_minnot5
[run_wfa_fullcpu] start: 2026-01-23T11:56:00Z
[run_wfa_fullcpu] os.cpu_count: 8
[run_wfa_fullcpu] worker_pid=3850
2026-01-23 11:56:04,098 - coint2.core.memory_optimization - INFO - ✅ BLAS threading limits set to 1 via threadpoolctl
2026-01-23 11:56:04,098 - coint2.core.memory_optimization - INFO - 🔧 Controlled libraries: openblas, openmp
2026-01-23 11:56:04,098 - coint2.core.memory_optimization - INFO - 🧵 Process threads: 2 → 2
2026-01-23 11:56:04,098 - coint2.core.memory_optimization - INFO - 📝 Set 11 environment variables
2026-01-23 11:56:04,434 - INFO - ✅ Параметры конфигурации валидны
2026-01-23 11:56:04,434 - INFO - 📝 Некоторые параметры были скорректированы:
2026-01-23 11:56:04,600 - INFO - 🔒 WFA: фиксированный universe из artifacts/universe/20260119_relaxed8_strict_preholdout_v2/pairs_universe.yaml (250 пар)
2026-01-23 11:56:04,600 - INFO -   Шаг 1: тренировка 2024-10-03-2024-12-31, тест 2025-01-01-2025-01-31
2026-01-23 11:56:04,600 - INFO -   Шаг 2: тренировка 2024-11-02-2025-01-30, тест 2025-01-31-2025-03-02
2026-01-23 11:56:04,600 - INFO -   Шаг 3: тренировка 2024-12-02-2025-03-01, тест 2025-03-02-2025-04-01
2026-01-23 11:56:04,600 - INFO -   Шаг 4: тренировка 2025-01-01-2025-03-31, тест 2025-04-01-2025-05-01
2026-01-23 11:56:04,600 - INFO -   Шаг 5: тренировка 2025-01-31-2025-04-30, тест 2025-05-01-2025-05-31
2026-01-23 11:56:04,600 - INFO -   Шаг 6: тренировка 2025-03-02-2025-05-30, тест 2025-05-31-2025-06-30
2026-01-23 11:56:04,601 - INFO - 📈 Запланировано 6 walk-forward шагов
2026-01-23 11:56:04,601 - INFO - ⛔ Ограничение WFA шагов: 6 → 3
2026-01-23 11:56:04,601 - WARNING - ⚠️ Маленький буфер между training и testing в шаге 1: 0 дней. Рекомендуется минимум 1 день.
2026-01-23 11:56:04,601 - WARNING - ⚠️ Маленький буфер между training и testing в шаге 2: 0 дней. Рекомендуется минимум 1 день.
2026-01-23 11:56:04,601 - WARNING - ⚠️ Маленький буфер между training и testing в шаге 3: 0 дней. Рекомендуется минимум 1 день.
2026-01-23 11:56:04,601 - INFO - ✅ Шаги успешно запланированы:
2026-01-23 11:56:04,601 - INFO -    Шаг 1: тренировка 2024-10-03-2024-12-31, тест 2025-01-01-2025-01-31
2026-01-23 11:56:04,601 - INFO -    Шаг 2: тренировка 2024-11-02-2025-01-30, тест 2025-01-31-2025-03-02
2026-01-23 11:56:04,601 - INFO -    Шаг 3: тренировка 2024-12-02-2025-03-01, тест 2025-03-02-2025-04-01
2026-01-23 11:56:04,601 - INFO - 🗂️ Consolidating price data for memory-mapped access...
2026-01-23 11:56:04,601 - INFO - 📊 Consolidating data range: 2024-09-28 → 2025-04-06
2026-01-23 11:56:04,601 - coint2.core.memory_optimization - INFO - 🔄 Consolidating price data from data_downloaded to .cache/consolidated_prices.parquet
2026-01-23 11:56:04,601 - INFO - ⇢ loading raw data for consolidation — start
2026-01-23 11:56:05,408 - INFO - ⇠ loading raw data for consolidation — done in 0.81s
2026-01-23 11:56:05,408 - INFO - ⇢ pivoting data to wide format — start
2026-01-23 11:56:12,396 - INFO - ⇠ pivoting data to wide format — done in 6.99s
2026-01-23 11:56:12,478 - coint2.core.memory_optimization - INFO - 📊 Consolidated data: 18241 rows × 598 symbols
2026-01-23 11:56:12,478 - coint2.core.memory_optimization - INFO - 💾 Memory usage: 43.8 MB
2026-01-23 11:56:12,478 - INFO - ⇢ writing consolidated Parquet file — start
2026-01-23 11:56:12,814 - INFO - ⇠ writing consolidated Parquet file — done in 0.34s
2026-01-23 11:56:12,815 - coint2.core.memory_optimization - INFO - ✅ Successfully consolidated data to .cache/consolidated_prices.parquet
2026-01-23 11:56:12,853 - coint2.core.memory_optimization - INFO - 🔄 Initializing memory-mapped price data from .cache/consolidated_prices.parquet
2026-01-23 11:56:12,854 - INFO - ⇢ loading memory-mapped data — start
2026-01-23 11:56:12,854 - coint2.core.memory_optimization - WARNING - ⚠️ memory_map не поддерживается в текущей версии pyarrow, fallback без mmap
2026-01-23 11:56:13,046 - INFO - ⇠ loading memory-mapped data — done in 0.19s
2026-01-23 11:56:13,237 - coint2.core.memory_optimization - INFO - 📊 Loaded 18241 rows × 598 symbols
2026-01-23 11:56:13,238 - coint2.core.memory_optimization - INFO - 💾 Memory usage: 43.8 MB (memory-mapped)
2026-01-23 11:56:13,239 - INFO - ✅ Memory-mapped data initialized successfully
2026-01-23 11:56:13,240 - INFO - ⇢ Walk-forward steps — starting 3 items
2026-01-23 11:56:13,241 - INFO - 📈 Инициализация equity кривой с первой тестовой даты: 2025-01-01 00:00:00
2026-01-23 11:56:13,241 - INFO - 🔍 WF-шаг 1/3: Валидация временных окон...
2026-01-23 11:56:13,242 - INFO - ⇢ WF-шаг 1/3: training 2024-10-03-2024-12-31, testing 2025-01-01-2025-01-31 — start
2026-01-23 11:56:13,242 - INFO - ⇢ loading step data — start
2026-01-23 11:56:13,619 - INFO - ⇠ loading step data — done in 0.38s
2026-01-23 11:56:17,655 - INFO - 📊 WF-шаг 1/3: Границы данных:
2026-01-23 11:56:17,655 - INFO -    Training: 2024-10-03 00:00:00 → 2024-12-31 23:45:00 (8,640 строк × 569 символов)
2026-01-23 11:56:17,655 - INFO -    Testing:  2025-01-01 00:00:00 → 2025-01-31 00:00:00 (2,881 строк × 569 символов)
2026-01-23 11:56:17,655 - INFO -    Временной разрыв: 0 days 00:15:00
2026-01-23 11:56:17,730 - INFO - ⇢ normalizing training data — start
2026-01-23 11:56:17,797 - INFO -   Символы с NaN значениями: 76
2026-01-23 11:56:17,797 - INFO -   Применяем метод нормализации: rolling_zscore
2026-01-23 11:56:17,857 - INFO - Символы с недостаточной историей: 67 из 569
2026-01-23 11:56:19,060 - INFO - Символы с NaN после нормализации: 502
2026-01-23 11:56:19,074 - INFO - Удалено 1481 начальных строк с NaN от rolling расчетов
2026-01-23 11:56:19,079 - INFO - Итоговое количество символов после нормализации: 502 из 569
2026-01-23 11:56:19,081 - INFO -   Статистика нормализации:
2026-01-23 11:56:19,081 - INFO -     Исходные символы: 569
2026-01-23 11:56:19,081 - INFO -     Недостаточная история: 67
2026-01-23 11:56:19,081 - INFO -     Постоянная цена: 0
2026-01-23 11:56:19,081 - INFO -     NaN после нормализации: 502
2026-01-23 11:56:19,081 - INFO -     Итоговые символы: 502 (88.2%)
2026-01-23 11:56:19,081 - INFO -   После нормализации: 502 символов (потеряно 67)
2026-01-23 11:56:19,081 - INFO -   Отброшено много символов: 67 из 569
2026-01-23 11:56:19,081 - INFO - ⇠ normalizing training data — done in 1.35s
2026-01-23 11:56:19,082 - INFO -   Фиксированный universe: 250 пар (отфильтровано 0 недоступных)
2026-01-23 11:56:19,082 - INFO - ⇢ filtering pairs by cointegration and half-life — start
2026-01-23 11:56:19,082 - INFO - [ФИЛЬТР] Параллельная фильтрация: threads (8 workers)
2026-01-23 11:56:26,839 - INFO - [ФИЛЬТР] После проверки данных: 250 пар
2026-01-23 11:56:26,839 - INFO - [ФИЛЬТР] После фильтра корреляции (>0.4): 198 пар
2026-01-23 11:56:26,839 - INFO - [ФИЛЬТР] После фильтра beta: 158 пар
2026-01-23 11:56:26,839 - INFO - [ФИЛЬТР] После фильтра mean crossings: 158 пар
2026-01-23 11:56:26,840 - INFO - [ФИЛЬТР] После фильтра half-life: 158 пар
2026-01-23 11:56:26,840 - INFO - [ФИЛЬТР] После фильтра коинтеграции: 86 пар
2026-01-23 11:56:26,840 - INFO - [ФИЛЬТР] После фильтра Hurst: 55 пар
2026-01-23 11:56:26,840 - INFO - [ФИЛЬТР] После фильтра KPSS: 55 пар
2026-01-23 11:56:26,840 - INFO - [ФИЛЬТР] После фильтра market microstructure: 55 пар
2026-01-23 11:56:26,840 - INFO - [ФИЛЬТР] Статистика фильтрации (оптимизированный порядок):
2026-01-23 11:56:26,840 - INFO -   1. SSD → Коинтеграция: 250 → 86 пар
2026-01-23 11:56:26,840 - INFO -   2. Коинтеграция → Beta: 86 → 158 пар
2026-01-23 11:56:26,840 - INFO -   3. Beta → Half-life: 158 → 158 пар
2026-01-23 11:56:26,840 - INFO -   4. Half-life → Mean crossings: 158 → 158 пар
2026-01-23 11:56:26,840 - INFO -   5. Mean crossings → Hurst: 158 → 55 пар
2026-01-23 11:56:26,840 - INFO -   6. Hurst → KPSS: 55 → 55 пар
2026-01-23 11:56:26,840 - INFO -   7. KPSS → Market microstructure: 55 → 55 пар
2026-01-23 11:56:26,840 - INFO - [ФИЛЬТР] Причины отсева:
2026-01-23 11:56:26,840 - INFO -   • pvalue: 72 пар (28.8%)
2026-01-23 11:56:26,840 - INFO -   • low_correlation: 52 пар (20.8%)
2026-01-23 11:56:26,840 - INFO -   • beta: 40 пар (16.0%)
2026-01-23 11:56:26,840 - INFO -   • hurst: 31 пар (12.4%)
2026-01-23 11:56:26,840 - INFO - [ФИЛЬТР] Итого: 250 → 55 пар (22.0% прошли все фильтры)
2026-01-23 11:56:26,843 - INFO - Причины отсева сохранены в results/filter_reasons_20260123_115626.csv
2026-01-23 11:56:26,844 - INFO -   Pair stability filter: insufficient history (0 < 1), skip
2026-01-23 11:56:26,844 - INFO -   Фильтрация: 250 → 55 пар
2026-01-23 11:56:26,844 - INFO - ⇠ filtering pairs by cointegration and half-life — done in 7.76s
2026-01-23 11:56:26,844 - INFO - ⇠ WF-шаг 1/3: training 2024-10-03-2024-12-31, testing 2025-01-01-2025-01-31 — done in 13.60s
2026-01-23 11:56:26,844 - INFO -   Ограничение max_pairs=50: 55 → 50
2026-01-23 11:56:26,844 - INFO -   Топ-3 пары по волатильности спреда:
2026-01-23 11:56:26,844 - INFO -     1. BTCUSDC-BTCUSDT: beta=1.0010, std=69.8508
2026-01-23 11:56:26,844 - INFO -     2. ETHDAI-ETHEUR: beta=0.9775, std=32.5750
2026-01-23 11:56:26,844 - INFO -     3. ETHUSDC-ETHUSDT: beta=1.0014, std=2.4933
2026-01-23 11:56:26,844 - INFO -   Всего пар для торговли: 50 (ограничение 15 применяется к одновременно открытым позициям)
2026-01-23 11:56:26,844 - INFO -   💰 Проверка расчета капитала: equity=$1,000.00, кандидатных_пар=50, max_позиций=15
2026-01-23 11:56:26,845 - INFO -   🎯 Target concurrency: 15 (ожидаемое одновременное число позиций)
2026-01-23 11:56:26,845 - INFO -   📊 Детали расчета капитала:
2026-01-23 11:56:26,845 - INFO -      • Базовый капитал на пару: $66.67 (equity / target_concurrency)
2026-01-23 11:56:26,845 - INFO -      • Риск-капитал: $7.50 (0.8% от equity)
2026-01-23 11:56:26,845 - INFO -      • Макс. размер позиции: $20.00 (2.0% от equity)
2026-01-23 11:56:26,845 - INFO -      • Итоговый капитал на пару: $7.50
2026-01-23 11:56:26,845 - INFO - ⇢ WF-шаг 1/3 backtests — starting 50 items
2026-01-23 11:56:26,845 - INFO - 🚀 WF-шаг 1/3: Начинаем бэктесты для 50 пар...
2026-01-23 11:56:26,845 - INFO - 🚀 WF-шаг 1/3: Запускаем параллельную обработку 50 пар на 8 ядрах...
2026-01-23 11:56:26,845 - INFO - 🚀 WF-шаг 1/3: Режим параллельности: процессы
⚙️  Загрузка данных за период: 2024-09-28 -> 2025-04-06
📂 Найдено 43 parquet файлов для обработки.
📊 Схема данных: Schema({'timestamp': Int64, 'open': Float64, 'high': Float64, 'low': Float64, 'close': Float64, 'volume': Float64, 'turnover': String, 'ts_ms': Int64, 'symbol': String})
✅ Загружено 9958627 записей с помощью Polars.
📊 Типы данных в pandas: timestamp       datetime64[us]
symbol                  object
close                  float64
timestamp_ms             int64
dtype: object
⚙️  Загрузка данных за период: 2024-10-03 -> 2025-01-31
📂 Найдено 43 parquet файлов для обработки.
📊 Схема данных: Schema({'timestamp': Int64, 'open': Float64, 'high': Float64, 'low': Float64, 'close': Float64, 'volume': Float64, 'turnover': String, 'ts_ms': Int64, 'symbol': String})
✅ Загружено 6098760 записей с помощью Polars.
📊 Типы данных в pandas: timestamp       datetime64[us]
symbol                  object
close                  float64
timestamp_ms             int64
dtype: object
2026-01-23 11:56:26,910 - coint2.engine.numba_engine - INFO - Запуск Numba-оптимизированного бэктеста для BTCUSDC-BTCUSDT
2026-01-23 11:56:26,943 - coint2.engine.numba_engine - INFO - Запуск Numba-оптимизированного бэктеста для ETHDAI-ETHEUR
2026-01-23 11:56:26,973 - coint2.engine.numba_engine - INFO - Запуск Numba-оптимизированного бэктеста для ETHUSDC-ETHUSDT
2026-01-23 11:56:26,999 - coint2.engine.numba_engine - INFO - Запуск Numba-оптимизированного бэктеста для DYDXUSDT-KSMUSDT
2026-01-23 11:56:27,007 - coint2.engine.numba_engine - INFO - Запуск Numba-оптимизированного бэктеста для AVAUSDT-FLOWUSDT
2026-01-23 11:56:27,025 - coint2.engine.numba_engine - INFO - Запуск Numba-оптимизированного бэктеста для CBKUSDT-FILUSDC
2026-01-23 11:56:27,025 - coint2.engine.numba_engine - INFO - Запуск Numba-оптимизированного бэктеста для APEUSDC-HFTUSDC
2026-01-23 11:56:27,039 - coint2.engine.numba_engine - INFO - Запуск Numba-оптимизированного бэктеста для CYBERUSDT-FIDAUSDT
2026-01-23 11:56:27,048 - coint2.engine.numba_engine - INFO - Запуск Numba-оптимизированного бэктеста для CBKUSDT-ENJUSDT
2026-01-23 11:56:27,050 - coint2.engine.numba_engine - INFO - Запуск Numba-оптимизированного бэктеста для BATUSDT-JSTUSDT
2026-01-23 11:56:27,054 - coint2.engine.numba_engine - INFO - Запуск Numba-оптимизированного бэктеста для APEUSDT-HFTUSDC
2026-01-23 11:56:27,070 - coint2.engine.numba_engine - INFO - Запуск Numba-оптимизированного бэктеста для DYDXUSDT-KCALUSDT
2026-01-23 11:56:27,071 - coint2.engine.numba_engine - INFO - Запуск Numba-оптимизированного бэктеста для GODSUSDT-KCALUSDT
2026-01-23 11:56:27,072 - coint2.engine.numba_engine - INFO - Запуск Numba-оптимизированного бэктеста для CHZUSDC-JSTUSDT
2026-01-23 11:56:27,076 - coint2.engine.numba_engine - INFO - Запуск Numba-оптимизированного бэктеста для CBKUSDT-ETCUSDT
2026-01-23 11:56:27,093 - coint2.engine.numba_engine - INFO - Запуск Numba-оптимизированного бэктеста для CHZUSDT-JSTUSDT
2026-01-23 11:56:27,097 - coint2.engine.numba_engine - INFO - Запуск Numba-оптимизированного бэктеста для GMTUSDT-KCALUSDT
2026-01-23 11:56:27,097 - coint2.engine.numba_engine - INFO - Запуск Numba-оптимизированного бэктеста для CAPSUSDT-FTTUSDT
2026-01-23 11:56:27,109 - coint2.engine.numba_engine - INFO - Запуск Numba-оптимизированного бэктеста для AXLUSDT-IZIUSDT
2026-01-23 11:56:27,114 - coint2.engine.numba_engine - INFO - Запуск Numba-оптимизированного бэктеста для AGLAUSDT-ARBUSDC
2026-01-23 11:56:27,118 - coint2.engine.numba_engine - INFO - Запуск Numba-оптимизированного бэктеста для FITFIUSDT-IZIUSDT
2026-01-23 11:56:27,118 - coint2.engine.numba_engine - INFO - Запуск Numba-оптимизированного бэктеста для ADAEUR-ADAUSDC
2026-01-23 11:56:27,123 - coint2.engine.numba_engine - INFO - Запуск Numba-оптимизированного бэктеста для FLOWUSDT-JSTUSDT
2026-01-23 11:56:27,130 - coint2.engine.numba_engine - INFO - Запуск Numba-оптимизированного бэктеста для AVAUSDT-KASTAUSDT
2026-01-23 11:56:27,131 - coint2.engine.numba_engine - INFO - Запуск Numba-оптимизированного бэктеста для ARKMUSDT-ARUSDT
2026-01-23 11:56:27,137 - coint2.engine.numba_engine - INFO - Запуск Numba-оптимизированного бэктеста для FITFIUSDT-FLOWUSDT
2026-01-23 11:56:27,137 - coint2.engine.numba_engine - INFO - Запуск Numba-оптимизированного бэктеста для BICOUSDT-DUELUSDT
2026-01-23 11:56:27,139 - coint2.engine.numba_engine - INFO - Запуск Numba-оптимизированного бэктеста для AGLAUSDT-ARBUSDT
2026-01-23 11:56:27,145 - coint2.engine.numba_engine - INFO - Запуск Numba-оптимизированного бэктеста для DMAILUSDT-FIDAUSDT
2026-01-23 11:56:27,158 - coint2.engine.numba_engine - INFO - Запуск Numba-оптимизированного бэктеста для GMTUSDC-KCALUSDT
2026-01-23 11:56:27,169 - coint2.engine.numba_engine - INFO - Запуск Numba-оптимизированного бэктеста для BATUSDT-ETCUSDT
2026-01-23 11:56:27,180 - coint2.engine.numba_engine - INFO - Запуск Numba-оптимизированного бэктеста для CHZUSDC-FILUSDC
2026-01-23 11:56:27,191 - coint2.engine.numba_engine - INFO - Запуск Numba-оптимизированного бэктеста для CSPRUSDT-GTAIUSDT
2026-01-23 11:56:27,202 - coint2.engine.numba_engine - INFO - Запуск Numba-оптимизированного бэктеста для AGLAUSDT-CSPRUSDT
2026-01-23 11:56:27,202 - coint2.engine.numba_engine - INFO - Запуск Numba-оптимизированного бэктеста для AFCUSDT-CITYUSDT
2026-01-23 11:56:27,212 - coint2.engine.numba_engine - INFO - Запуск Numba-оптимизированного бэктеста для CBKUSDT-FILUSDT
2026-01-23 11:56:27,212 - coint2.engine.numba_engine - INFO - Запуск Numba-оптимизированного бэктеста для CAPSUSDT-CSPRUSDT
2026-01-23 11:56:27,223 - coint2.engine.numba_engine - INFO - Запуск Numba-оптимизированного бэктеста для 1INCHUSDT-AXSUSDT
2026-01-23 11:56:27,228 - coint2.engine.numba_engine - INFO - Запуск Numba-оптимизированного бэктеста для BICOUSDT-KASTAUSDT
2026-01-23 11:56:27,234 - coint2.engine.numba_engine - INFO - Запуск Numba-оптимизированного бэктеста для 1INCHUSDT-ICXUSDT
2026-01-23 11:56:27,245 - coint2.engine.numba_engine - INFO - Запуск Numba-оптимизированного бэктеста для ENJUSDT-FILUSDC
2026-01-23 11:56:27,250 - coint2.engine.numba_engine - INFO - Запуск Numba-оптимизированного бэктеста для FIDAUSDT-KAVAUSDT
2026-01-23 11:56:27,256 - coint2.engine.numba_engine - INFO - Запуск Numba-оптимизированного бэктеста для C98USDT-CHZUSDT
2026-01-23 11:56:27,266 - coint2.engine.numba_engine - INFO - Запуск Numba-оптимизированного бэктеста для CSPRUSDT-FTTUSDT
2026-01-23 11:56:27,272 - coint2.engine.numba_engine - INFO - Запуск Numba-оптимизированного бэктеста для C98USDT-CHZUSDC
2026-01-23 11:56:27,277 - coint2.engine.numba_engine - INFO - Запуск Numba-оптимизированного бэктеста для AEGUSDT-DOMEUSDT
2026-01-23 11:56:27,287 - coint2.engine.numba_engine - INFO - Запуск Numba-оптимизированного бэктеста для AGLAUSDT-APPUSDT
2026-01-23 11:56:27,292 - coint2.engine.numba_engine - INFO - Запуск Numba-оптимизированного бэктеста для CHRPUSDT-ERTHAUSDT
2026-01-23 11:56:27,298 - coint2.engine.numba_engine - INFO - Запуск Numba-оптимизированного бэктеста для IZIUSDT-KAVAUSDT
2026-01-23 11:56:27,314 - coint2.engine.numba_engine - INFO - Запуск Numba-оптимизированного бэктеста для IZIUSDT-KCALUSDT
2026-01-23 11:56:27,367 - INFO -   ⏱️ Параллельная обработка завершена за 0.5с (95.8 пар/с)
2026-01-23 11:56:27,398 - coint2.pipeline.walk_forward_orchestrator - INFO - 🎯 СИМУЛЯЦИЯ ПОРТФЕЛЯ: 50 пар, лимит 15 позиций
2026-01-23 11:56:28,377 - coint2.pipeline.walk_forward_orchestrator - INFO -    📈 Макс. одновременных сигналов: 33
2026-01-23 11:56:28,377 - coint2.pipeline.walk_forward_orchestrator - INFO -    📊 Средн. сигналов за период: 19.8
2026-01-23 11:56:28,377 - coint2.pipeline.walk_forward_orchestrator - INFO -    🎯 Финальных активных позиций: 15
2026-01-23 11:56:28,378 - coint2.pipeline.walk_forward_orchestrator - INFO -    ⚡ Утилизация лимита позиций: 95.3%
2026-01-23 11:56:28,379 - INFO - ⇠ WF-шаг 1/3 backtests — completed 50 items in 1.53s (32.6 items/s)
2026-01-23 11:56:28,379 - INFO -   ✅ Обработка завершена: 50 успешно, 0 с ошибками
2026-01-23 11:56:28,379 - INFO -   📊 Успешность: 100.0%, прибыльность: 60.0%, сделок/пара: 47.6
2026-01-23 11:56:28,379 - INFO -   ✅ Завершены бэктесты для 50 пар
2026-01-23 11:56:28,379 - INFO -   📊 Всего обработано пар в этом шаге: 50
2026-01-23 11:56:28,379 - INFO -   📈 Результаты шага: 30/50 прибыльных пар, 2380 сделок
2026-01-23 11:56:28,379 - INFO -   💰 P&L шага: $+244.38
2026-01-23 11:56:28,380 - INFO -   ⇢ Обновление капитала и дневного P&L...
2026-01-23 11:56:29,602 - INFO -   💼 Шаг P&L: $+244.38, Накопленный капитал: $1,244.38
2026-01-23 11:56:29,602 - INFO - ------------------------------------------------------------
2026-01-23 11:56:29,603 - INFO -   Walk-forward steps: 1 / 3 (33.3%) | 0.1 items/s | ETA: 32.7s
2026-01-23 11:56:29,603 - INFO - 🔍 WF-шаг 2/3: Валидация временных окон...
2026-01-23 11:56:29,603 - INFO - ⇢ WF-шаг 2/3: training 2024-11-02-2025-01-30, testing 2025-01-31-2025-03-02 — start
2026-01-23 11:56:29,603 - INFO - ⇢ loading step data — start
2026-01-23 11:56:30,056 - INFO - ⇠ loading step data — done in 0.45s
2026-01-23 11:56:34,075 - INFO - 📊 WF-шаг 2/3: Границы данных:
2026-01-23 11:56:34,075 - INFO -    Training: 2024-11-02 00:00:00 → 2025-01-30 23:45:00 (8,640 строк × 577 символов)
2026-01-23 11:56:34,075 - INFO -    Testing:  2025-01-31 00:00:00 → 2025-03-02 00:00:00 (2,881 строк × 577 символов)
2026-01-23 11:56:34,075 - INFO -    Временной разрыв: 0 days 00:15:00
2026-01-23 11:56:34,152 - INFO - ⇢ normalizing training data — start
2026-01-23 11:56:34,220 - INFO -   Символы с NaN значениями: 70
2026-01-23 11:56:34,220 - INFO -   Применяем метод нормализации: rolling_zscore
2026-01-23 11:56:34,279 - INFO - Символы с недостаточной историей: 60 из 577
2026-01-23 11:56:35,490 - INFO - Символы с NaN после нормализации: 517
2026-01-23 11:56:35,505 - INFO - Удалено 1685 начальных строк с NaN от rolling расчетов
2026-01-23 11:56:35,511 - INFO - Итоговое количество символов после нормализации: 517 из 577
2026-01-23 11:56:35,513 - INFO -   Статистика нормализации:
2026-01-23 11:56:35,513 - INFO -     Исходные символы: 577
2026-01-23 11:56:35,513 - INFO -     Недостаточная история: 60
2026-01-23 11:56:35,513 - INFO -     Постоянная цена: 0
2026-01-23 11:56:35,513 - INFO -     NaN после нормализации: 517
2026-01-23 11:56:35,513 - INFO -     Итоговые символы: 517 (89.6%)
2026-01-23 11:56:35,513 - INFO -   После нормализации: 517 символов (потеряно 60)
2026-01-23 11:56:35,513 - INFO -   Отброшено много символов: 60 из 577
2026-01-23 11:56:35,513 - INFO - ⇠ normalizing training data — done in 1.36s
2026-01-23 11:56:35,514 - INFO -   Фиксированный universe: 250 пар (отфильтровано 0 недоступных)
2026-01-23 11:56:35,514 - INFO - ⇢ filtering pairs by cointegration and half-life — start
2026-01-23 11:56:35,514 - INFO - [ФИЛЬТР] Параллельная фильтрация: threads (8 workers)
2026-01-23 11:56:45,184 - INFO - [ФИЛЬТР] После проверки данных: 250 пар
2026-01-23 11:56:45,184 - INFO - [ФИЛЬТР] После фильтра корреляции (>0.4): 186 пар
2026-01-23 11:56:45,184 - INFO - [ФИЛЬТР] После фильтра beta: 158 пар
2026-01-23 11:56:45,184 - INFO - [ФИЛЬТР] После фильтра mean crossings: 158 пар
2026-01-23 11:56:45,184 - INFO - [ФИЛЬТР] После фильтра half-life: 158 пар
2026-01-23 11:56:45,184 - INFO - [ФИЛЬТР] После фильтра коинтеграции: 115 пар
2026-01-23 11:56:45,184 - INFO - [ФИЛЬТР] После фильтра Hurst: 91 пар
2026-01-23 11:56:45,184 - INFO - [ФИЛЬТР] После фильтра KPSS: 91 пар
2026-01-23 11:56:45,184 - INFO - [ФИЛЬТР] После фильтра market microstructure: 91 пар
2026-01-23 11:56:45,185 - INFO - [ФИЛЬТР] Статистика фильтрации (оптимизированный порядок):
2026-01-23 11:56:45,185 - INFO -   1. SSD → Коинтеграция: 250 → 115 пар
2026-01-23 11:56:45,185 - INFO -   2. Коинтеграция → Beta: 115 → 158 пар
2026-01-23 11:56:45,185 - INFO -   3. Beta → Half-life: 158 → 158 пар
2026-01-23 11:56:45,185 - INFO -   4. Half-life → Mean crossings: 158 → 158 пар
2026-01-23 11:56:45,185 - INFO -   5. Mean crossings → Hurst: 158 → 91 пар
2026-01-23 11:56:45,185 - INFO -   6. Hurst → KPSS: 91 → 91 пар
2026-01-23 11:56:45,185 - INFO -   7. KPSS → Market microstructure: 91 → 91 пар
2026-01-23 11:56:45,185 - INFO - [ФИЛЬТР] Причины отсева:
2026-01-23 11:56:45,185 - INFO -   • low_correlation: 64 пар (25.6%)
2026-01-23 11:56:45,185 - INFO -   • pvalue: 43 пар (17.2%)
2026-01-23 11:56:45,185 - INFO -   • beta: 28 пар (11.2%)
2026-01-23 11:56:45,185 - INFO -   • hurst: 24 пар (9.6%)
2026-01-23 11:56:45,185 - INFO - [ФИЛЬТР] Итого: 250 → 91 пар (36.4% прошли все фильтры)
2026-01-23 11:56:45,187 - INFO - Причины отсева сохранены в results/filter_reasons_20260123_115645.csv
2026-01-23 11:56:45,188 - INFO -   Pair stability filter: 91 → 41 (window=2, min_steps=1, history=1)
2026-01-23 11:56:45,188 - INFO -   Фильтрация: 250 → 41 пар
2026-01-23 11:56:45,188 - INFO - ⇠ filtering pairs by cointegration and half-life — done in 9.67s
2026-01-23 11:56:45,188 - INFO - ⇠ WF-шаг 2/3: training 2024-11-02-2025-01-30, testing 2025-01-31-2025-03-02 — done in 15.58s
2026-01-23 11:56:45,188 - INFO -   Ограничение max_pairs=50: 41 пар (лимит не достигнут)
2026-01-23 11:56:45,188 - INFO -   Топ-3 пары по волатильности спреда:
2026-01-23 11:56:45,188 - INFO -     1. ETHDAI-ETHEUR: beta=0.9997, std=45.8861
2026-01-23 11:56:45,188 - INFO -     2. ETHUSDC-ETHUSDT: beta=1.0010, std=2.7855
2026-01-23 11:56:45,188 - INFO -     3. CYBERUSDT-FIDAUSDT: beta=13.5831, std=0.3390
2026-01-23 11:56:45,188 - INFO -   Всего пар для торговли: 41 (ограничение 15 применяется к одновременно открытым позициям)
2026-01-23 11:56:45,189 - INFO -   💰 Проверка расчета капитала: equity=$1,244.38, кандидатных_пар=41, max_позиций=15
2026-01-23 11:56:45,189 - INFO -   🎯 Target concurrency: 15 (ожидаемое одновременное число позиций)
2026-01-23 11:56:45,189 - INFO -   📊 Детали расчета капитала:
2026-01-23 11:56:45,189 - INFO -      • Базовый капитал на пару: $82.96 (equity / target_concurrency)
2026-01-23 11:56:45,189 - INFO -      • Риск-капитал: $9.33 (0.8% от equity)
2026-01-23 11:56:45,189 - INFO -      • Макс. размер позиции: $24.89 (2.0% от equity)
2026-01-23 11:56:45,189 - INFO -      • Итоговый капитал на пару: $9.33
2026-01-23 11:56:45,189 - INFO - ⇢ WF-шаг 2/3 backtests — starting 41 items
2026-01-23 11:56:45,189 - INFO - 🚀 WF-шаг 2/3: Начинаем бэктесты для 41 пар...
2026-01-23 11:56:45,189 - INFO - 🚀 WF-шаг 2/3: Запускаем параллельную обработку 41 пар на 8 ядрах...
2026-01-23 11:56:45,189 - INFO - 🚀 WF-шаг 2/3: Режим параллельности: процессы
⚙️  Загрузка данных за период: 2024-11-02 -> 2025-03-02
📂 Найдено 43 parquet файлов для обработки.
📊 Схема данных: Schema({'timestamp': Int64, 'open': Float64, 'high': Float64, 'low': Float64, 'close': Float64, 'volume': Float64, 'turnover': String, 'ts_ms': Int64, 'symbol': String})
✅ Загружено 6311429 записей с помощью Polars.
📊 Типы данных в pandas: timestamp       datetime64[us]
symbol                  object
close                  float64
timestamp_ms             int64
dtype: object
2026-01-23 11:56:45,257 - coint2.engine.numba_engine - INFO - Запуск Numba-оптимизированного бэктеста для ETHDAI-ETHEUR
2026-01-23 11:56:45,334 - coint2.engine.numba_engine - INFO - Запуск Numba-оптимизированного бэктеста для ETHUSDC-ETHUSDT
2026-01-23 11:56:45,346 - coint2.engine.numba_engine - INFO - Запуск Numba-оптимизированного бэктеста для APEUSDC-HFTUSDC
2026-01-23 11:56:45,370 - coint2.engine.numba_engine - INFO - Запуск Numba-оптимизированного бэктеста для BATUSDT-JSTUSDT
2026-01-23 11:56:45,393 - coint2.engine.numba_engine - INFO - Запуск Numba-оптимизированного бэктеста для CHZUSDC-JSTUSDT
2026-01-23 11:56:45,394 - coint2.engine.numba_engine - INFO - Запуск Numba-оптимизированного бэктеста для CYBERUSDT-FIDAUSDT
2026-01-23 11:56:45,417 - coint2.engine.numba_engine - INFO - Запуск Numba-оптимизированного бэктеста для AGLAUSDT-ARBUSDC
2026-01-23 11:56:45,439 - coint2.engine.numba_engine - INFO - Запуск Numba-оптимизированного бэктеста для AVAUSDT-KASTAUSDT
2026-01-23 11:56:45,440 - coint2.engine.numba_engine - INFO - Запуск Numba-оптимизированного бэктеста для ERTHAUSDT-KASTAUSDT
2026-01-23 11:56:45,500 - coint2.engine.numba_engine - INFO - Запуск Numba-оптимизированного бэктеста для APEUSDT-HFTUSDC
2026-01-23 11:56:45,513 - coint2.engine.numba_engine - INFO - Запуск Numba-оптимизированного бэктеста для DYDXUSDT-KCALUSDT
2026-01-23 11:56:45,517 - coint2.engine.numba_engine - INFO - Запуск Numba-оптимизированного бэктеста для FLOWUSDT-JSTUSDT
2026-01-23 11:56:45,523 - coint2.engine.numba_engine - INFO - Запуск Numba-оптимизированного бэктеста для AFCUSDT-CITYUSDT
2026-01-23 11:56:45,523 - coint2.engine.numba_engine - INFO - Запуск Numba-оптимизированного бэктеста для BICOUSDT-KASTAUSDT
2026-01-23 11:56:45,542 - coint2.engine.numba_engine - INFO - Запуск Numba-оптимизированного бэктеста для GODSUSDT-KCALUSDT
2026-01-23 11:56:45,545 - coint2.engine.numba_engine - INFO - Запуск Numba-оптимизированного бэктеста для CHZUSDT-JSTUSDT
2026-01-23 11:56:45,545 - coint2.engine.numba_engine - INFO - Запуск Numba-оптимизированного бэктеста для GMTUSDT-KCALUSDT
2026-01-23 11:56:45,561 - coint2.engine.numba_engine - INFO - Запуск Numba-оптимизированного бэктеста для CBKUSDT-ETCUSDT
2026-01-23 11:56:45,566 - coint2.engine.numba_engine - INFO - Запуск Numba-оптимизированного бэктеста для CSPRUSDT-GTAIUSDT
2026-01-23 11:56:45,566 - coint2.engine.numba_engine - INFO - Запуск Numba-оптимизированного бэктеста для AGLAUSDT-ARBUSDT
2026-01-23 11:56:45,567 - coint2.engine.numba_engine - INFO - Запуск Numba-оптимизированного бэктеста для CSPRUSDT-FTTUSDT
2026-01-23 11:56:45,589 - coint2.engine.numba_engine - INFO - Запуск Numba-оптимизированного бэктеста для AGLAUSDT-APPUSDT
2026-01-23 11:56:45,589 - coint2.engine.numba_engine - INFO - Запуск Numba-оптимизированного бэктеста для IZIUSDT-KAVAUSDT
2026-01-23 11:56:45,599 - coint2.engine.numba_engine - INFO - Запуск Numba-оптимизированного бэктеста для DMAILUSDT-FIDAUSDT
2026-01-23 11:56:45,601 - coint2.engine.numba_engine - INFO - Запуск Numba-оптимизированного бэктеста для CBKUSDT-FILUSDT
2026-01-23 11:56:45,623 - coint2.engine.numba_engine - INFO - Запуск Numba-оптимизированного бэктеста для GMTUSDC-KCALUSDT
2026-01-23 11:56:45,644 - coint2.engine.numba_engine - INFO - Запуск Numba-оптимизированного бэктеста для FIDAUSDT-KAVAUSDT
2026-01-23 11:56:45,645 - coint2.engine.numba_engine - INFO - Запуск Numba-оптимизированного бэктеста для CHRPUSDT-ERTHAUSDT
2026-01-23 11:56:45,642 - coint2.engine.numba_engine - INFO - Запуск Numba-оптимизированного бэктеста для CBKUSDT-FILUSDC
2026-01-23 11:56:45,668 - coint2.engine.numba_engine - INFO - Запуск Numba-оптимизированного бэктеста для BATUSDT-ETCUSDT
2026-01-23 11:56:45,669 - coint2.engine.numba_engine - INFO - Запуск Numba-оптимизированного бэктеста для CAPSUSDT-CSPRUSDT
2026-01-23 11:56:45,686 - coint2.engine.numba_engine - INFO - Запуск Numba-оптимизированного бэктеста для 1INCHUSDT-AXSUSDT
2026-01-23 11:56:45,690 - coint2.engine.numba_engine - INFO - Запуск Numba-оптимизированного бэктеста для AEGUSDT-DOMEUSDT
2026-01-23 11:56:45,709 - coint2.engine.numba_engine - INFO - Запуск Numba-оптимизированного бэктеста для ADAEUR-ADAUSDC
2026-01-23 11:56:45,719 - coint2.engine.numba_engine - INFO - Запуск Numba-оптимизированного бэктеста для IZIUSDT-KCALUSDT
2026-01-23 11:56:45,731 - coint2.engine.numba_engine - INFO - Запуск Numba-оптимизированного бэктеста для BICOUSDT-DUELUSDT
2026-01-23 11:56:45,732 - coint2.engine.numba_engine - INFO - Запуск Numba-оптимизированного бэктеста для CAPSUSDT-FTTUSDT
2026-01-23 11:56:45,754 - coint2.engine.numba_engine - INFO - Запуск Numba-оптимизированного бэктеста для C98USDT-CHZUSDT
2026-01-23 11:56:45,758 - coint2.engine.numba_engine - INFO - Запуск Numba-оптимизированного бэктеста для FITFIUSDT-JUVUSDT
2026-01-23 11:56:45,776 - coint2.engine.numba_engine - INFO - Запуск Numba-оптимизированного бэктеста для AGLAUSDT-CSPRUSDT
2026-01-23 11:56:45,799 - coint2.engine.numba_engine - INFO - Запуск Numba-оптимизированного бэктеста для FITFIUSDT-FLOWUSDT
2026-01-23 11:56:45,853 - INFO -   ⏱️ Параллельная обработка завершена за 0.7с (61.8 пар/с)
2026-01-23 11:56:45,873 - coint2.pipeline.walk_forward_orchestrator - INFO - 🎯 СИМУЛЯЦИЯ ПОРТФЕЛЯ: 41 пар, лимит 15 позиций
2026-01-23 11:56:46,805 - coint2.pipeline.walk_forward_orchestrator - INFO -    📈 Макс. одновременных сигналов: 28
2026-01-23 11:56:46,806 - coint2.pipeline.walk_forward_orchestrator - INFO -    📊 Средн. сигналов за период: 16.6
2026-01-23 11:56:46,806 - coint2.pipeline.walk_forward_orchestrator - INFO -    🎯 Финальных активных позиций: 9
2026-01-23 11:56:46,807 - coint2.pipeline.walk_forward_orchestrator - INFO -    ⚡ Утилизация лимита позиций: 90.4%
2026-01-23 11:56:46,808 - INFO - ⇠ WF-шаг 2/3 backtests — completed 41 items in 1.62s (25.3 items/s)
2026-01-23 11:56:46,808 - INFO -   ✅ Обработка завершена: 41 успешно, 0 с ошибками
2026-01-23 11:56:46,808 - INFO -   📊 Успешность: 100.0%, прибыльность: 31.7%, сделок/пара: 47.1
2026-01-23 11:56:46,808 - INFO -   ✅ Завершены бэктесты для 41 пар
2026-01-23 11:56:46,808 - INFO -   📊 Всего обработано пар в этом шаге: 41
2026-01-23 11:56:46,808 - INFO -   📈 Результаты шага: 13/41 прибыльных пар, 1933 сделок
2026-01-23 11:56:46,808 - INFO -   💰 P&L шага: $-120.21
2026-01-23 11:56:46,808 - INFO -   ⇢ Обновление капитала и дневного P&L...
2026-01-23 11:56:48,172 - INFO -   💼 Шаг P&L: $-120.21, Накопленный капитал: $1,124.16
2026-01-23 11:56:48,172 - INFO - ------------------------------------------------------------
2026-01-23 11:56:48,172 - INFO -   Walk-forward steps: 2 / 3 (66.7%) | 0.1 items/s | ETA: 17.5s
2026-01-23 11:56:48,172 - INFO - 🔍 WF-шаг 3/3: Валидация временных окон...
2026-01-23 11:56:48,173 - INFO - ⇢ WF-шаг 3/3: training 2024-12-02-2025-03-01, testing 2025-03-02-2025-04-01 — start
2026-01-23 11:56:48,173 - INFO - ⇢ loading step data — start
2026-01-23 11:56:48,646 - INFO - ⇠ loading step data — done in 0.47s
2026-01-23 11:56:52,932 - INFO - 📊 WF-шаг 3/3: Границы данных:
2026-01-23 11:56:52,932 - INFO -    Training: 2024-12-02 00:00:00 → 2025-03-01 23:45:00 (8,640 строк × 595 символов)
2026-01-23 11:56:52,932 - INFO -    Testing:  2025-03-02 00:00:00 → 2025-04-01 00:00:00 (2,881 строк × 595 символов)
2026-01-23 11:56:52,932 - INFO -    Временной разрыв: 0 days 00:15:00
2026-01-23 11:56:53,010 - INFO - ⇢ normalizing training data — start
2026-01-23 11:56:53,081 - INFO -   Символы с NaN значениями: 65
2026-01-23 11:56:53,081 - INFO -   Применяем метод нормализации: rolling_zscore
2026-01-23 11:56:53,144 - INFO - Символы с недостаточной историей: 48 из 595
2026-01-23 11:56:54,458 - INFO - Символы с NaN после нормализации: 547
2026-01-23 11:56:54,481 - INFO - Удалено 1673 начальных строк с NaN от rolling расчетов
2026-01-23 11:56:54,485 - INFO - Итоговое количество символов после нормализации: 547 из 595
2026-01-23 11:56:54,489 - INFO -   Статистика нормализации:
2026-01-23 11:56:54,490 - INFO -     Исходные символы: 595
2026-01-23 11:56:54,490 - INFO -     Недостаточная история: 48
2026-01-23 11:56:54,490 - INFO -     Постоянная цена: 0
2026-01-23 11:56:54,490 - INFO -     NaN после нормализации: 547
2026-01-23 11:56:54,490 - INFO -     Итоговые символы: 547 (91.9%)
2026-01-23 11:56:54,490 - INFO -   После нормализации: 547 символов (потеряно 48)
2026-01-23 11:56:54,490 - INFO -   Отброшено много символов: 48 из 595
2026-01-23 11:56:54,490 - INFO - ⇠ normalizing training data — done in 1.48s
2026-01-23 11:56:54,491 - INFO -   Фиксированный universe: 250 пар (отфильтровано 0 недоступных)
2026-01-23 11:56:54,491 - INFO - ⇢ filtering pairs by cointegration and half-life — start
2026-01-23 11:56:54,491 - INFO - [ФИЛЬТР] Параллельная фильтрация: threads (8 workers)
2026-01-23 11:57:05,708 - INFO - [ФИЛЬТР] После проверки данных: 250 пар
2026-01-23 11:57:05,708 - INFO - [ФИЛЬТР] После фильтра корреляции (>0.4): 214 пар
2026-01-23 11:57:05,708 - INFO - [ФИЛЬТР] После фильтра beta: 183 пар
2026-01-23 11:57:05,708 - INFO - [ФИЛЬТР] После фильтра mean crossings: 183 пар
2026-01-23 11:57:05,708 - INFO - [ФИЛЬТР] После фильтра half-life: 183 пар
2026-01-23 11:57:05,708 - INFO - [ФИЛЬТР] После фильтра коинтеграции: 134 пар
2026-01-23 11:57:05,708 - INFO - [ФИЛЬТР] После фильтра Hurst: 103 пар
2026-01-23 11:57:05,708 - INFO - [ФИЛЬТР] После фильтра KPSS: 103 пар
2026-01-23 11:57:05,708 - INFO - [ФИЛЬТР] После фильтра market microstructure: 103 пар
2026-01-23 11:57:05,708 - INFO - [ФИЛЬТР] Статистика фильтрации (оптимизированный порядок):
2026-01-23 11:57:05,708 - INFO -   1. SSD → Коинтеграция: 250 → 134 пар
2026-01-23 11:57:05,709 - INFO -   2. Коинтеграция → Beta: 134 → 183 пар
2026-01-23 11:57:05,709 - INFO -   3. Beta → Half-life: 183 → 183 пар
2026-01-23 11:57:05,709 - INFO -   4. Half-life → Mean crossings: 183 → 183 пар
2026-01-23 11:57:05,709 - INFO -   5. Mean crossings → Hurst: 183 → 103 пар
2026-01-23 11:57:05,709 - INFO -   6. Hurst → KPSS: 103 → 103 пар
2026-01-23 11:57:05,709 - INFO -   7. KPSS → Market microstructure: 103 → 103 пар
2026-01-23 11:57:05,709 - INFO - [ФИЛЬТР] Причины отсева:
2026-01-23 11:57:05,709 - INFO -   • pvalue: 49 пар (19.6%)
2026-01-23 11:57:05,709 - INFO -   • low_correlation: 36 пар (14.4%)
2026-01-23 11:57:05,709 - INFO -   • beta: 31 пар (12.4%)
2026-01-23 11:57:05,709 - INFO -   • hurst: 31 пар (12.4%)
2026-01-23 11:57:05,709 - INFO - [ФИЛЬТР] Итого: 250 → 103 пар (41.2% прошли все фильтры)
2026-01-23 11:57:05,711 - INFO - Причины отсева сохранены в results/filter_reasons_20260123_115705.csv
2026-01-23 11:57:05,711 - INFO -   Pair stability filter: 103 → 63 (window=2, min_steps=1, history=2)
2026-01-23 11:57:05,711 - INFO -   Фильтрация: 250 → 63 пар
2026-01-23 11:57:05,711 - INFO - ⇠ filtering pairs by cointegration and half-life — done in 11.22s
2026-01-23 11:57:05,711 - INFO - ⇠ WF-шаг 3/3: training 2024-12-02-2025-03-01, testing 2025-03-02-2025-04-01 — done in 17.54s
2026-01-23 11:57:05,711 - INFO -   Ограничение max_pairs=50: 63 → 50
2026-01-23 11:57:05,711 - INFO -   Топ-3 пары по волатильности спреда:
2026-01-23 11:57:05,711 - INFO -     1. BTCUSDC-BTCUSDT: beta=1.0032, std=65.7783
2026-01-23 11:57:05,712 - INFO -     2. ETHDAI-ETHEUR: beta=1.0539, std=36.1543
2026-01-23 11:57:05,712 - INFO -     3. ETCUSDT-JUVUSDT: beta=14.3982, std=3.0702
2026-01-23 11:57:05,712 - INFO -   Всего пар для торговли: 50 (ограничение 15 применяется к одновременно открытым позициям)
2026-01-23 11:57:05,712 - INFO -   💰 Проверка расчета капитала: equity=$1,124.16, кандидатных_пар=50, max_позиций=15
2026-01-23 11:57:05,712 - INFO -   🎯 Target concurrency: 15 (ожидаемое одновременное число позиций)
2026-01-23 11:57:05,712 - INFO -   📊 Детали расчета капитала:
2026-01-23 11:57:05,712 - INFO -      • Базовый капитал на пару: $74.94 (equity / target_concurrency)
2026-01-23 11:57:05,712 - INFO -      • Риск-капитал: $8.43 (0.8% от equity)
2026-01-23 11:57:05,712 - INFO -      • Макс. размер позиции: $22.48 (2.0% от equity)
2026-01-23 11:57:05,712 - INFO -      • Итоговый капитал на пару: $8.43
2026-01-23 11:57:05,713 - INFO - ⇢ WF-шаг 3/3 backtests — starting 50 items
2026-01-23 11:57:05,713 - INFO - 🚀 WF-шаг 3/3: Начинаем бэктесты для 50 пар...
2026-01-23 11:57:05,713 - INFO - 🚀 WF-шаг 3/3: Запускаем параллельную обработку 50 пар на 8 ядрах...
2026-01-23 11:57:05,713 - INFO - 🚀 WF-шаг 3/3: Режим параллельности: процессы
⚙️  Загрузка данных за период: 2024-12-02 -> 2025-04-01
📂 Найдено 43 parquet файлов для обработки.
📊 Схема данных: Schema({'timestamp': Int64, 'open': Float64, 'high': Float64, 'low': Float64, 'close': Float64, 'volume': Float64, 'turnover': String, 'ts_ms': Int64, 'symbol': String})
✅ Загружено 6507634 записей с помощью Polars.
📊 Типы данных в pandas: timestamp       datetime64[us]
symbol                  object
close                  float64
timestamp_ms             int64
dtype: object
2026-01-23 11:57:05,838 - coint2.engine.numba_engine - INFO - Запуск Numba-оптимизированного бэктеста для ETHDAI-ETHEUR
2026-01-23 11:57:05,842 - coint2.engine.numba_engine - INFO - Запуск Numba-оптимизированного бэктеста для BTCUSDC-BTCUSDT
2026-01-23 11:57:05,879 - coint2.engine.numba_engine - INFO - Запуск Numba-оптимизированного бэктеста для ETCUSDT-JUVUSDT
2026-01-23 11:57:05,909 - coint2.engine.numba_engine - INFO - Запуск Numba-оптимизированного бэктеста для FILUSDC-JUVUSDT
2026-01-23 11:57:05,921 - coint2.engine.numba_engine - INFO - Запуск Numba-оптимизированного бэктеста для DYDXUSDT-KCALUSDT
2026-01-23 11:57:05,943 - coint2.engine.numba_engine - INFO - Запуск Numba-оптимизированного бэктеста для FLOWUSDT-JUVUSDT
2026-01-23 11:57:05,959 - coint2.engine.numba_engine - INFO - Запуск Numba-оптимизированного бэктеста для AXSUSDT-DOTUSDT
2026-01-23 11:57:05,962 - coint2.engine.numba_engine - INFO - Запуск Numba-оптимизированного бэктеста для CYBERUSDT-FIDAUSDT
2026-01-23 11:57:05,965 - coint2.engine.numba_engine - INFO - Запуск Numba-оптимизированного бэктеста для APEUSDT-ATOMUSDT
2026-01-23 11:57:05,964 - coint2.engine.numba_engine - INFO - Запуск Numba-оптимизированного бэктеста для FILUSDT-JUVUSDT
2026-01-23 11:57:05,981 - coint2.engine.numba_engine - INFO - Запуск Numba-оптимизированного бэктеста для CBKUSDT-ETCUSDT
2026-01-23 11:57:05,983 - coint2.engine.numba_engine - INFO - Запуск Numba-оптимизированного бэктеста для AXLUSDT-IZIUSDT
2026-01-23 11:57:05,986 - coint2.engine.numba_engine - INFO - Запуск Numba-оптимизированного бэктеста для AFCUSDT-CITYUSDT
2026-01-23 11:57:05,996 - coint2.engine.numba_engine - INFO - Запуск Numba-оптимизированного бэктеста для DYDXUSDT-KSMUSDT
2026-01-23 11:57:06,003 - coint2.engine.numba_engine - INFO - Запуск Numba-оптимизированного бэктеста для FLOWUSDT-JSTUSDT
2026-01-23 11:57:06,004 - coint2.engine.numba_engine - INFO - Запуск Numba-оптимизированного бэктеста для BATUSDT-CBKUSDT
2026-01-23 11:57:06,007 - coint2.engine.numba_engine - INFO - Запуск Numba-оптимизированного бэктеста для AVAUSDT-FLOWUSDT
2026-01-23 11:57:06,008 - coint2.engine.numba_engine - INFO - Запуск Numba-оптимизированного бэктеста для ADAEUR-ADAUSDC
2026-01-23 11:57:06,018 - coint2.engine.numba_engine - INFO - Запуск Numba-оптимизированного бэктеста для CITYUSDT-GRTUSDT
2026-01-23 11:57:06,025 - coint2.engine.numba_engine - INFO - Запуск Numba-оптимизированного бэктеста для CELOUSDT-FLOWUSDT
2026-01-23 11:57:06,026 - coint2.engine.numba_engine - INFO - Запуск Numba-оптимизированного бэктеста для BATUSDT-JSTUSDT
2026-01-23 11:57:06,029 - coint2.engine.numba_engine - INFO - Запуск Numba-оптимизированного бэктеста для JSTUSDT-JUVUSDT
2026-01-23 11:57:06,040 - coint2.engine.numba_engine - INFO - Запуск Numba-оптимизированного бэктеста для GLMRUSDT-KCALUSDT
2026-01-23 11:57:06,039 - coint2.engine.numba_engine - INFO - Запуск Numba-оптимизированного бэктеста для AVAUSDT-KASTAUSDT
2026-01-23 11:57:06,047 - coint2.engine.numba_engine - INFO - Запуск Numba-оптимизированного бэктеста для CHZUSDT-JSTUSDT
2026-01-23 11:57:06,047 - coint2.engine.numba_engine - INFO - Запуск Numba-оптимизированного бэктеста для GMTUSDT-HOOKUSDT
2026-01-23 11:57:06,048 - coint2.engine.numba_engine - INFO - Запуск Numba-оптимизированного бэктеста для AXSUSDT-DOTUSDC
2026-01-23 11:57:06,061 - coint2.engine.numba_engine - INFO - Запуск Numba-оптимизированного бэктеста для GODSUSDT-KSMUSDT
2026-01-23 11:57:06,070 - coint2.engine.numba_engine - INFO - Запуск Numba-оптимизированного бэктеста для CHZUSDC-FILUSDT
2026-01-23 11:57:06,083 - coint2.engine.numba_engine - INFO - Запуск Numba-оптимизированного бэктеста для CHZUSDC-JSTUSDT
2026-01-23 11:57:06,094 - coint2.engine.numba_engine - INFO - Запуск Numba-оптимизированного бэктеста для APEXUSDC-KASTAUSDT
2026-01-23 11:57:06,115 - coint2.engine.numba_engine - INFO - Запуск Numba-оптимизированного бэктеста для APEXUSDT-KASTAUSDT
2026-01-23 11:57:06,115 - coint2.engine.numba_engine - INFO - Запуск Numba-оптимизированного бэктеста для APEUSDC-HFTUSDT
2026-01-23 11:57:06,127 - coint2.engine.numba_engine - INFO - Запуск Numba-оптимизированного бэктеста для ARTYUSDT-KDAUSDT
2026-01-23 11:57:06,128 - coint2.engine.numba_engine - INFO - Запуск Numba-оптимизированного бэктеста для ARTYUSDT-CRVUSDT
2026-01-23 11:57:06,137 - coint2.engine.numba_engine - INFO - Запуск Numba-оптимизированного бэктеста для APEUSDC-HFTUSDC
2026-01-23 11:57:06,138 - coint2.engine.numba_engine - INFO - Запуск Numba-оптимизированного бэктеста для BATUSDT-JUVUSDT
2026-01-23 11:57:06,150 - coint2.engine.numba_engine - INFO - Запуск Numba-оптимизированного бэктеста для APEUSDT-HFTUSDT
2026-01-23 11:57:06,150 - coint2.engine.numba_engine - INFO - Запуск Numba-оптимизированного бэктеста для APEUSDT-HFTUSDC
2026-01-23 11:57:06,159 - coint2.engine.numba_engine - INFO - Запуск Numba-оптимизированного бэктеста для BATUSDT-ETCUSDT
2026-01-23 11:57:06,159 - coint2.engine.numba_engine - INFO - Запуск Numba-оптимизированного бэктеста для GODSUSDT-KCALUSDT
2026-01-23 11:57:06,171 - coint2.engine.numba_engine - INFO - Запуск Numba-оптимизированного бэктеста для GMTUSDT-KCALUSDT
2026-01-23 11:57:06,171 - coint2.engine.numba_engine - INFO - Запуск Numba-оптимизированного бэктеста для GMTUSDC-KCALUSDT
2026-01-23 11:57:06,180 - coint2.engine.numba_engine - INFO - Запуск Numba-оптимизированного бэктеста для C98USDT-CHZUSDC
2026-01-23 11:57:06,180 - coint2.engine.numba_engine - INFO - Запуск Numba-оптимизированного бэктеста для BICOUSDT-ETHWUSDT
2026-01-23 11:57:06,193 - coint2.engine.numba_engine - INFO - Запуск Numba-оптимизированного бэктеста для GMTUSDC-HOOKUSDT
2026-01-23 11:57:06,194 - coint2.engine.numba_engine - INFO - Запуск Numba-оптимизированного бэктеста для C98USDT-GTAIUSDT
2026-01-23 11:57:06,203 - coint2.engine.numba_engine - INFO - Запуск Numba-оптимизированного бэктеста для C98USDT-CHZUSDT
2026-01-23 11:57:06,216 - coint2.engine.numba_engine - INFO - Запуск Numba-оптимизированного бэктеста для CHZUSDT-GTAIUSDT
2026-01-23 11:57:06,218 - coint2.engine.numba_engine - INFO - Запуск Numba-оптимизированного бэктеста для CHZUSDC-GTAIUSDT
2026-01-23 11:57:06,276 - INFO -   ⏱️ Параллельная обработка завершена за 0.6с (88.8 пар/с)
2026-01-23 11:57:06,301 - coint2.pipeline.walk_forward_orchestrator - INFO - 🎯 СИМУЛЯЦИЯ ПОРТФЕЛЯ: 50 пар, лимит 15 позиций
2026-01-23 11:57:07,294 - coint2.pipeline.walk_forward_orchestrator - INFO -    📈 Макс. одновременных сигналов: 35
2026-01-23 11:57:07,294 - coint2.pipeline.walk_forward_orchestrator - INFO -    📊 Средн. сигналов за период: 20.5
2026-01-23 11:57:07,294 - coint2.pipeline.walk_forward_orchestrator - INFO -    🎯 Финальных активных позиций: 15
2026-01-23 11:57:07,295 - coint2.pipeline.walk_forward_orchestrator - INFO -    ⚡ Утилизация лимита позиций: 94.1%
2026-01-23 11:57:07,296 - INFO - ⇠ WF-шаг 3/3 backtests — completed 50 items in 1.58s (31.6 items/s)
2026-01-23 11:57:07,296 - INFO -   ✅ Обработка завершена: 50 успешно, 0 с ошибками
2026-01-23 11:57:07,296 - INFO -   📊 Успешность: 100.0%, прибыльность: 64.0%, сделок/пара: 47.6
2026-01-23 11:57:07,296 - INFO -   ✅ Завершены бэктесты для 50 пар
2026-01-23 11:57:07,296 - INFO -   📊 Всего обработано пар в этом шаге: 50
2026-01-23 11:57:07,296 - INFO -   📈 Результаты шага: 32/50 прибыльных пар, 2381 сделок
2026-01-23 11:57:07,296 - INFO -   💰 P&L шага: $+54.83
2026-01-23 11:57:07,296 - INFO -   ⇢ Обновление капитала и дневного P&L...
2026-01-23 11:57:08,731 - INFO -   💼 Шаг P&L: $+54.83, Накопленный капитал: $1,179.00
2026-01-23 11:57:08,731 - INFO - ------------------------------------------------------------
2026-01-23 11:57:08,731 - INFO -   Walk-forward steps: 3 / 3 (100.0%) | 0.1 items/s | ETA: 0.0s
2026-01-23 11:57:08,731 - INFO - ⇠ Walk-forward steps — completed 3 items in 55.49s (0.1 items/s)
2026-01-23 11:57:08,731 - INFO - ================================================================================
2026-01-23 11:57:08,731 - INFO - 🏁 Walk-forward анализ завершен!
2026-01-23 11:57:08,731 - INFO - ⏱️ Обработано 3 шагов за 3.0 секунд
2026-01-23 11:57:08,731 - INFO - 📊 Всего обработано пар за весь анализ: 141
2026-01-23 11:57:08,731 - INFO - 💰 Финальный капитал: $1,179.00 (было $1,000.00)
2026-01-23 11:57:08,731 - INFO - 📈 Общая доходность: +17.90% ($+179.00)
2026-01-23 11:57:08,731 - INFO - 📊 Всего сделок: 0
2026-01-23 11:57:08,731 - INFO - ================================================================================
2026-01-23 11:57:08,731 - INFO - ✓ Завершены все 3 WF-шагов
2026-01-23 11:57:08,731 - INFO - ⇢ Обработка финальных результатов и расчет метрик...
2026-01-23 11:57:08,731 - INFO - ⇢ processing final results — start
2026-01-23 11:57:08,732 - INFO -   ⇢ Агрегация данных P&L за 8643 торговых дней
2026-01-23 11:57:08,754 - INFO -   ⇢ Расчет базовых метрик производительности...
2026-01-23 11:57:08,754 - INFO -     📊 Данные для анализа: 8643 записей P&L, 8641 точек equity
2026-01-23 11:57:08,757 - INFO -   ⇢ Расчет расширенных метрик (волатильность, Calmar ratio, и др.)...
2026-01-23 11:57:08,757 - INFO -   ✅ Расширенные метрики рассчитаны: 6 показателей
2026-01-23 11:57:08,758 - INFO -   ⇢ Анализ статистики по 141 парам...
2026-01-23 11:57:08,761 - INFO - ✅ Рассчитаны метрики производительности (26 показателей)
2026-01-23 11:57:08,761 - INFO -   💰 Общий P&L: $+179.00
2026-01-23 11:57:08,761 - INFO -   📊 Sharpe Ratio: 1.660
2026-01-23 11:57:08,761 - INFO -   📉 Максимальная просадка: -32669.48%
2026-01-23 11:57:08,761 - INFO -   🔄 Всего сделок: 6694
2026-01-23 11:57:08,762 - INFO -   📈 Торгуемых пар: 79
2026-01-23 11:57:08,762 - INFO -   💸 Общие издержки: $184.31
2026-01-23 11:57:08,762 - coint2.metrics - INFO - Metric: total_pnl
2026-01-23 11:57:08,762 - coint2.metrics - INFO - Metric: sharpe_ratio_abs
2026-01-23 11:57:08,762 - coint2.metrics - INFO - Metric: max_drawdown_pct
2026-01-23 11:57:08,762 - coint2.metrics - INFO - Metric: total_trades
2026-01-23 11:57:08,762 - coint2.metrics - INFO - Metric: total_pairs_traded
2026-01-23 11:57:08,763 - coint2.metrics - INFO - Metric: total_costs
2026-01-23 11:57:08,763 - INFO - ⇠ processing final results — done in 0.03s
2026-01-23 11:57:08,763 - INFO - ⇢ Создание отчетов и сохранение результатов...
2026-01-23 11:57:08,763 - INFO - ⇢ generating reports — start
2026-01-23 11:57:08,763 - INFO -   ⇢ Создание отчета о производительности...
2026-01-23 11:57:14,929 - INFO -   ✓ Отчет о производительности создан
2026-01-23 11:57:14,930 - INFO -   ⇢ Сохранение данных в CSV файлы...
2026-01-23 11:57:14,932 - INFO - 📋 Метрики сохранены: artifacts/wfa/runs/20260123_budget1000_oos_risk_minnot_grid/stress_relaxed8_nokpss_20260123_oos20250101_20250630_top50_z1p00_exit0p06_hold180_cd180_ms0p2_cap1000_maxnot25_risk0p75_minnot5/strategy_metrics.csv
2026-01-23 11:57:14,933 - INFO - 📈 Дневные P&L сохранены: artifacts/wfa/runs/20260123_budget1000_oos_risk_minnot_grid/stress_relaxed8_nokpss_20260123_oos20250101_20250630_top50_z1p00_exit0p06_hold180_cd180_ms0p2_cap1000_maxnot25_risk0p75_minnot5/daily_pnl.csv (91 записей)
2026-01-23 11:57:14,965 - INFO - 💹 Кривая капитала сохранена: artifacts/wfa/runs/20260123_budget1000_oos_risk_minnot_grid/stress_relaxed8_nokpss_20260123_oos20250101_20250630_top50_z1p00_exit0p06_hold180_cd180_ms0p2_cap1000_maxnot25_risk0p75_minnot5/equity_curve.csv (8641 точек)
2026-01-23 11:57:14,970 - INFO - 📋 Статистика сделок сохранена: artifacts/wfa/runs/20260123_budget1000_oos_risk_minnot_grid/stress_relaxed8_nokpss_20260123_oos20250101_20250630_top50_z1p00_exit0p06_hold180_cd180_ms0p2_cap1000_maxnot25_risk0p75_minnot5/trade_statistics.csv (141 записей)
2026-01-23 11:57:14,970 - INFO - 🎉 Walk-Forward анализ полностью завершен!
2026-01-23 11:57:14,970 - INFO - 📊 Все отчеты и данные сохранены в: artifacts/wfa/runs/20260123_budget1000_oos_risk_minnot_grid/stress_relaxed8_nokpss_20260123_oos20250101_20250630_top50_z1p00_exit0p06_hold180_cd180_ms0p2_cap1000_maxnot25_risk0p75_minnot5
2026-01-23 11:57:14,970 - INFO - 💼 Итоговый капитал: $1,179.00
2026-01-23 11:57:14,970 - INFO - ⏱️  Общее время выполнения: 9.3 секунд
2026-01-23 11:57:14,971 - INFO - ⇠ generating reports — done in 6.21s
2026-01-23 11:57:14,971 - coint2.core.memory_optimization - INFO - 🧹 Cleaning up global price data
2026-01-23 11:57:14,976 - coint2.core.memory_optimization - INFO - 📊 No global rolling stats to clean up
2026-01-23 11:57:14,977 - INFO - 🧹 Memory-mapped data cleaned up
2026-01-23 11:57:14,979 - INFO - ⇠ run_walk_forward_analysis — done in 70.90s
📊 Отчет сохранен: artifacts/wfa/runs/20260123_budget1000_oos_risk_minnot_grid/stress_relaxed8_nokpss_20260123_oos20250101_20250630_top50_z1p00_exit0p06_hold180_cd180_ms0p2_cap1000_maxnot25_risk0p75_minnot5/CointegrationStrategy_performance_report.png
🎯 ============================================================
📊 ИТОГИ ТОРГОВОЙ СТРАТЕГИИ
🎯 ============================================================

💰 ФИНАНСОВЫЕ РЕЗУЛЬТАТЫ:
   • Общий P&L:                          179
   • Максимальная просадка:             -327
   • Средний дневной P&L:                  2

📈 МЕТРИКИ РИСКА:
   • Коэффициент Шарпа:               1.6598
   • Волатильность P&L:                29.11
   • Процент прибыльных дней:         51.65%

🔄 ТОРГОВАЯ АКТИВНОСТЬ:
   • Всего торговых дней:                 91
   • Всего сделок:                     6,694
   • Торгуемых пар:                       79
   • Сделок на пару:                    47.5
   • Успешность сделок:               0.83%

💸 РАСХОДЫ И ЭКСТРЕМУМЫ:
   • Общие расходы:                      184
   • Максимальная прибыль:               132
   • Максимальный убыток:                -92
   • Лучшая пара (P&L):                  149
   • Худшая пара (P&L):                  -61

📊 ОЦЕНКА СТРАТЕГИИ:
   ✅ ОТЛИЧНАЯ стратегия! Высокий Шарп и положительный результат

🎯 ============================================================

Annualized Sharpe Ratio: 1.6597842226094355
[run_wfa_fullcpu] end: 2026-01-23T11:57:16Z
