[run_wfa_queue] 2026-01-23T14:58:33Z cmd: /opt/coint4/coint4/run_wfa_fullcpu.sh configs/budget_20260123_1000_capsweep_oos20240101_20240630_top50_maxnot40_riskfine2_minnotgrid_maxpairsgrid/stress_relaxed8_nokpss_20260123_oos20240101_20240630_top50_z1p00_exit0p06_hold180_cd180_ms0p2_cap1000_maxnot40_risk0p02_minnot20_maxpairs20.yaml artifacts/wfa/runs/20260123_budget1000_oos20240101_20240630_top50_maxnot40_riskfine2_minnotgrid_maxpairsgrid/stress_relaxed8_nokpss_20260123_oos20240101_20240630_top50_z1p00_exit0p06_hold180_cd180_ms0p2_cap1000_maxnot40_risk0p02_minnot20_maxpairs20
[run_wfa_fullcpu] start: 2026-01-23T14:58:33Z
[run_wfa_fullcpu] os.cpu_count: 8
[run_wfa_fullcpu] worker_pid=12947
2026-01-23 14:58:36,257 - coint2.core.memory_optimization - INFO - ✅ BLAS threading limits set to 1 via threadpoolctl
2026-01-23 14:58:36,257 - coint2.core.memory_optimization - INFO - 🔧 Controlled libraries: openblas, openmp
2026-01-23 14:58:36,257 - coint2.core.memory_optimization - INFO - 🧵 Process threads: 2 → 2
2026-01-23 14:58:36,257 - coint2.core.memory_optimization - INFO - 📝 Set 11 environment variables
2026-01-23 14:58:36,598 - INFO - ✅ Параметры конфигурации валидны
2026-01-23 14:58:36,598 - INFO - 📝 Некоторые параметры были скорректированы:
2026-01-23 14:58:36,750 - INFO - 🔒 WFA: фиксированный universe из artifacts/universe/20260119_relaxed8_strict_preholdout_v2/pairs_universe.yaml (250 пар)
2026-01-23 14:58:36,751 - INFO -   Шаг 1: тренировка 2023-10-03-2023-12-31, тест 2024-01-01-2024-01-31
2026-01-23 14:58:36,751 - INFO -   Шаг 2: тренировка 2023-11-02-2024-01-30, тест 2024-01-31-2024-03-01
2026-01-23 14:58:36,751 - INFO -   Шаг 3: тренировка 2023-12-02-2024-02-29, тест 2024-03-01-2024-03-31
2026-01-23 14:58:36,751 - INFO -   Шаг 4: тренировка 2024-01-01-2024-03-30, тест 2024-03-31-2024-04-30
2026-01-23 14:58:36,751 - INFO -   Шаг 5: тренировка 2024-01-31-2024-04-29, тест 2024-04-30-2024-05-30
2026-01-23 14:58:36,751 - INFO -   Шаг 6: тренировка 2024-03-01-2024-05-29, тест 2024-05-30-2024-06-29
2026-01-23 14:58:36,751 - INFO -   Шаг 7: тренировка 2024-03-31-2024-06-28, тест 2024-06-29-2024-07-29
2026-01-23 14:58:36,751 - INFO - 📈 Запланировано 7 walk-forward шагов
2026-01-23 14:58:36,751 - INFO - ⛔ Ограничение WFA шагов: 7 → 3
2026-01-23 14:58:36,751 - WARNING - ⚠️ Маленький буфер между training и testing в шаге 1: 0 дней. Рекомендуется минимум 1 день.
2026-01-23 14:58:36,751 - WARNING - ⚠️ Маленький буфер между training и testing в шаге 2: 0 дней. Рекомендуется минимум 1 день.
2026-01-23 14:58:36,751 - WARNING - ⚠️ Маленький буфер между training и testing в шаге 3: 0 дней. Рекомендуется минимум 1 день.
2026-01-23 14:58:36,751 - INFO - ✅ Шаги успешно запланированы:
2026-01-23 14:58:36,751 - INFO -    Шаг 1: тренировка 2023-10-03-2023-12-31, тест 2024-01-01-2024-01-31
2026-01-23 14:58:36,751 - INFO -    Шаг 2: тренировка 2023-11-02-2024-01-30, тест 2024-01-31-2024-03-01
2026-01-23 14:58:36,751 - INFO -    Шаг 3: тренировка 2023-12-02-2024-02-29, тест 2024-03-01-2024-03-31
2026-01-23 14:58:36,751 - INFO - 🗂️ Consolidating price data for memory-mapped access...
2026-01-23 14:58:36,751 - INFO - 📊 Consolidating data range: 2023-09-28 → 2024-04-05
2026-01-23 14:58:36,752 - coint2.core.memory_optimization - INFO - 🔄 Consolidating price data from data_downloaded to .cache/consolidated_prices.parquet
2026-01-23 14:58:36,752 - INFO - ⇢ loading raw data for consolidation — start
2026-01-23 14:58:37,268 - INFO - ⇠ loading raw data for consolidation — done in 0.52s
2026-01-23 14:58:37,268 - INFO - ⇢ pivoting data to wide format — start
2026-01-23 14:58:41,098 - INFO - ⇠ pivoting data to wide format — done in 3.83s
2026-01-23 14:58:41,152 - coint2.core.memory_optimization - INFO - 📊 Consolidated data: 18241 rows × 366 symbols
2026-01-23 14:58:41,152 - coint2.core.memory_optimization - INFO - 💾 Memory usage: 26.9 MB
2026-01-23 14:58:41,152 - INFO - ⇢ writing consolidated Parquet file — start
2026-01-23 14:58:41,355 - INFO - ⇠ writing consolidated Parquet file — done in 0.20s
2026-01-23 14:58:41,356 - coint2.core.memory_optimization - INFO - ✅ Successfully consolidated data to .cache/consolidated_prices.parquet
2026-01-23 14:58:41,378 - coint2.core.memory_optimization - INFO - 🔄 Initializing memory-mapped price data from .cache/consolidated_prices.parquet
2026-01-23 14:58:41,379 - INFO - ⇢ loading memory-mapped data — start
2026-01-23 14:58:41,379 - coint2.core.memory_optimization - WARNING - ⚠️ memory_map не поддерживается в текущей версии pyarrow, fallback без mmap
2026-01-23 14:58:41,490 - INFO - ⇠ loading memory-mapped data — done in 0.11s
2026-01-23 14:58:41,500 - coint2.core.memory_optimization - INFO - 📊 Loaded 18241 rows × 366 symbols
2026-01-23 14:58:41,500 - coint2.core.memory_optimization - INFO - 💾 Memory usage: 26.9 MB (memory-mapped)
2026-01-23 14:58:41,501 - INFO - ✅ Memory-mapped data initialized successfully
2026-01-23 14:58:41,502 - INFO - ⇢ Walk-forward steps — starting 3 items
2026-01-23 14:58:41,503 - INFO - 📈 Инициализация equity кривой с первой тестовой даты: 2024-01-01 00:00:00
2026-01-23 14:58:41,503 - INFO - 🔍 WF-шаг 1/3: Валидация временных окон...
2026-01-23 14:58:41,503 - INFO - ⇢ WF-шаг 1/3: training 2023-10-03-2023-12-31, testing 2024-01-01-2024-01-31 — start
2026-01-23 14:58:41,503 - INFO - ⇢ loading step data — start
2026-01-23 14:58:41,717 - INFO - ⇠ loading step data — done in 0.21s
2026-01-23 14:58:43,742 - INFO - 📊 WF-шаг 1/3: Границы данных:
2026-01-23 14:58:43,743 - INFO -    Training: 2023-10-03 00:00:00 → 2023-12-31 23:45:00 (8,640 строк × 329 символов)
2026-01-23 14:58:43,743 - INFO -    Testing:  2024-01-01 00:00:00 → 2024-01-31 00:00:00 (2,881 строк × 329 символов)
2026-01-23 14:58:43,743 - INFO -    Временной разрыв: 0 days 00:15:00
2026-01-23 14:58:43,784 - INFO - ⇢ normalizing training data — start
2026-01-23 14:58:43,823 - INFO -   Символы с NaN значениями: 53
2026-01-23 14:58:43,823 - INFO -   Применяем метод нормализации: rolling_zscore
2026-01-23 14:58:43,846 - INFO - Символы с недостаточной историей: 50 из 329
2026-01-23 14:58:44,453 - INFO - Символы с NaN после нормализации: 279
2026-01-23 14:58:44,460 - INFO - Удалено 1577 начальных строк с NaN от rolling расчетов
2026-01-23 14:58:44,463 - INFO - Итоговое количество символов после нормализации: 279 из 329
2026-01-23 14:58:44,463 - INFO -   Статистика нормализации:
2026-01-23 14:58:44,463 - INFO -     Исходные символы: 329
2026-01-23 14:58:44,463 - INFO -     Недостаточная история: 50
2026-01-23 14:58:44,463 - INFO -     Постоянная цена: 0
2026-01-23 14:58:44,463 - INFO -     NaN после нормализации: 279
2026-01-23 14:58:44,463 - INFO -     Итоговые символы: 279 (84.8%)
2026-01-23 14:58:44,463 - INFO -   После нормализации: 279 символов (потеряно 50)
2026-01-23 14:58:44,463 - INFO -   Отброшено много символов: 50 из 329
2026-01-23 14:58:44,463 - INFO - ⇠ normalizing training data — done in 0.68s
2026-01-23 14:58:44,463 - INFO -   Фиксированный universe: 234 пар (отфильтровано 16 недоступных)
2026-01-23 14:58:44,463 - INFO - ⇢ filtering pairs by cointegration and half-life — start
2026-01-23 14:58:44,464 - INFO - [ФИЛЬТР] Параллельная фильтрация: threads (8 workers)
2026-01-23 14:58:50,098 - INFO - [ФИЛЬТР] После проверки данных: 212 пар
2026-01-23 14:58:50,098 - INFO - [ФИЛЬТР] После фильтра корреляции (>0.4): 163 пар
2026-01-23 14:58:50,098 - INFO - [ФИЛЬТР] После фильтра beta: 141 пар
2026-01-23 14:58:50,098 - INFO - [ФИЛЬТР] После фильтра mean crossings: 141 пар
2026-01-23 14:58:50,098 - INFO - [ФИЛЬТР] После фильтра half-life: 141 пар
2026-01-23 14:58:50,098 - INFO - [ФИЛЬТР] После фильтра коинтеграции: 63 пар
2026-01-23 14:58:50,098 - INFO - [ФИЛЬТР] После фильтра Hurst: 48 пар
2026-01-23 14:58:50,098 - INFO - [ФИЛЬТР] После фильтра KPSS: 48 пар
2026-01-23 14:58:50,098 - INFO - [ФИЛЬТР] После фильтра market microstructure: 44 пар
2026-01-23 14:58:50,099 - INFO - [ФИЛЬТР] Статистика фильтрации (оптимизированный порядок):
2026-01-23 14:58:50,099 - INFO -   1. SSD → Коинтеграция: 234 → 63 пар
2026-01-23 14:58:50,099 - INFO -   2. Коинтеграция → Beta: 63 → 141 пар
2026-01-23 14:58:50,099 - INFO -   3. Beta → Half-life: 141 → 141 пар
2026-01-23 14:58:50,099 - INFO -   4. Half-life → Mean crossings: 141 → 141 пар
2026-01-23 14:58:50,099 - INFO -   5. Mean crossings → Hurst: 141 → 48 пар
2026-01-23 14:58:50,099 - INFO -   6. Hurst → KPSS: 48 → 48 пар
2026-01-23 14:58:50,099 - INFO -   7. KPSS → Market microstructure: 48 → 44 пар
2026-01-23 14:58:50,099 - INFO - [ФИЛЬТР] Причины отсева:
2026-01-23 14:58:50,099 - INFO -   • pvalue: 78 пар (33.3%)
2026-01-23 14:58:50,099 - INFO -   • low_correlation: 49 пар (20.9%)
2026-01-23 14:58:50,099 - INFO -   • insufficient_data: 22 пар (9.4%)
2026-01-23 14:58:50,099 - INFO -   • beta: 22 пар (9.4%)
2026-01-23 14:58:50,099 - INFO -   • hurst: 15 пар (6.4%)
2026-01-23 14:58:50,099 - INFO -   • history: 4 пар (1.7%)
2026-01-23 14:58:50,099 - INFO - [ФИЛЬТР] Итого: 234 → 44 пар (18.8% прошли все фильтры)
2026-01-23 14:58:50,102 - INFO - Причины отсева сохранены в results/filter_reasons_20260123_145850.csv
2026-01-23 14:58:50,103 - INFO -   Pair stability filter: insufficient history (0 < 1), skip
2026-01-23 14:58:50,103 - INFO -   Фильтрация: 234 → 44 пар
2026-01-23 14:58:50,103 - INFO - ⇠ filtering pairs by cointegration and half-life — done in 5.64s
2026-01-23 14:58:50,103 - INFO - ⇠ WF-шаг 1/3: training 2023-10-03-2023-12-31, testing 2024-01-01-2024-01-31 — done in 8.60s
2026-01-23 14:58:50,103 - INFO -   Ограничение max_pairs=20: 44 → 20
2026-01-23 14:58:50,103 - INFO -   Топ-3 пары по волатильности спреда:
2026-01-23 14:58:50,103 - INFO -     1. BTCDAI-BTCEUR: beta=1.1665, std=409.8237
2026-01-23 14:58:50,103 - INFO -     2. ETHDAI-ETHEUR: beta=1.1882, std=22.0629
2026-01-23 14:58:50,103 - INFO -     3. BTCUSDC-BTCUSDT: beta=0.9998, std=13.3093
2026-01-23 14:58:50,103 - INFO -   Всего пар для торговли: 20 (ограничение 15 применяется к одновременно открытым позициям)
2026-01-23 14:58:50,103 - INFO -   💰 Проверка расчета капитала: equity=$1,000.00, кандидатных_пар=20, max_позиций=15
2026-01-23 14:58:50,103 - INFO -   🎯 Target concurrency: 15 (ожидаемое одновременное число позиций)
2026-01-23 14:58:50,103 - INFO -   📊 Детали расчета капитала:
2026-01-23 14:58:50,103 - INFO -      • Базовый капитал на пару: $66.67 (equity / target_concurrency)
2026-01-23 14:58:50,104 - INFO -      • Риск-капитал: $20.00 (2.0% от equity)
2026-01-23 14:58:50,104 - INFO -      • Макс. размер позиции: $50.00 (5.0% от equity)
2026-01-23 14:58:50,104 - INFO -      • Итоговый капитал на пару: $20.00
2026-01-23 14:58:50,104 - INFO - ⇢ WF-шаг 1/3 backtests — starting 20 items
2026-01-23 14:58:50,104 - INFO - 🚀 WF-шаг 1/3: Начинаем бэктесты для 20 пар...
2026-01-23 14:58:50,104 - INFO - 🚀 WF-шаг 1/3: Запускаем параллельную обработку 20 пар на 8 ядрах...
2026-01-23 14:58:50,104 - INFO - 🚀 WF-шаг 1/3: Режим параллельности: процессы
⚙️  Загрузка данных за период: 2023-09-28 -> 2024-04-05
📂 Найдено 43 parquet файлов для обработки.
📊 Схема данных: Schema({'timestamp': Int64, 'open': Float64, 'high': Float64, 'low': Float64, 'close': Float64, 'volume': Float64, 'turnover': String, 'ts_ms': Int64, 'symbol': String})
✅ Загружено 5719620 записей с помощью Polars.
📊 Типы данных в pandas: timestamp       datetime64[us]
symbol                  object
close                  float64
timestamp_ms             int64
dtype: object
⚙️  Загрузка данных за период: 2023-10-03 -> 2024-01-31
📂 Найдено 43 parquet файлов для обработки.
📊 Схема данных: Schema({'timestamp': Int64, 'open': Float64, 'high': Float64, 'low': Float64, 'close': Float64, 'volume': Float64, 'turnover': String, 'ts_ms': Int64, 'symbol': String})
✅ Загружено 3426589 записей с помощью Polars.
📊 Типы данных в pandas: timestamp       datetime64[us]
symbol                  object
close                  float64
timestamp_ms             int64
dtype: object
2026-01-23 14:58:50,181 - coint2.engine.numba_engine - INFO - Запуск Numba-оптимизированного бэктеста для BTCDAI-BTCEUR
2026-01-23 14:58:50,204 - coint2.engine.numba_engine - INFO - Запуск Numba-оптимизированного бэктеста для ETHDAI-ETHEUR
2026-01-23 14:58:50,231 - coint2.engine.numba_engine - INFO - Запуск Numba-оптимизированного бэктеста для BTCUSDC-BTCUSDT
2026-01-23 14:58:50,256 - coint2.engine.numba_engine - INFO - Запуск Numba-оптимизированного бэктеста для ETCUSDT-JUVUSDT
2026-01-23 14:58:50,266 - coint2.engine.numba_engine - INFO - Запуск Numba-оптимизированного бэктеста для APEUSDC-HFTUSDC
2026-01-23 14:58:50,280 - coint2.engine.numba_engine - INFO - Запуск Numba-оптимизированного бэктеста для ATOMUSDT-GODSUSDT
2026-01-23 14:58:50,290 - coint2.engine.numba_engine - INFO - Запуск Numba-оптимизированного бэктеста для CITYUSDT-IZIUSDT
2026-01-23 14:58:50,292 - coint2.engine.numba_engine - INFO - Запуск Numba-оптимизированного бэктеста для APEUSDT-HFTUSDC
2026-01-23 14:58:50,310 - coint2.engine.numba_engine - INFO - Запуск Numba-оптимизированного бэктеста для ETHUSDC-ETHUSDT
2026-01-23 14:58:50,314 - coint2.engine.numba_engine - INFO - Запуск Numba-оптимизированного бэктеста для APEUSDC-HFTUSDT
2026-01-23 14:58:50,326 - coint2.engine.numba_engine - INFO - Запуск Numba-оптимизированного бэктеста для APEUSDC-GODSUSDT
2026-01-23 14:58:50,335 - coint2.engine.numba_engine - INFO - Запуск Numba-оптимизированного бэктеста для APEUSDT-GODSUSDT
2026-01-23 14:58:50,336 - coint2.engine.numba_engine - INFO - Запуск Numba-оптимизированного бэктеста для APEUSDT-HFTUSDT
2026-01-23 14:58:50,342 - coint2.engine.numba_engine - INFO - Запуск Numba-оптимизированного бэктеста для AXSUSDT-DOTUSDT
2026-01-23 14:58:50,358 - coint2.engine.numba_engine - INFO - Запуск Numba-оптимизированного бэктеста для AFCUSDT-ANKRUSDT
2026-01-23 14:58:50,377 - coint2.engine.numba_engine - INFO - Запуск Numba-оптимизированного бэктеста для AXSUSDT-DOTUSDC
2026-01-23 14:58:50,387 - coint2.engine.numba_engine - INFO - Запуск Numba-оптимизированного бэктеста для AGLDUSDT-HFTUSDC
2026-01-23 14:58:50,409 - coint2.engine.numba_engine - INFO - Запуск Numba-оптимизированного бэктеста для AGLDUSDT-HFTUSDT
2026-01-23 14:58:50,433 - coint2.engine.numba_engine - INFO - Запуск Numba-оптимизированного бэктеста для APEUSDC-ATOMUSDT
2026-01-23 14:58:50,457 - coint2.engine.numba_engine - INFO - Запуск Numba-оптимизированного бэктеста для APEUSDT-ATOMUSDT
2026-01-23 14:58:50,497 - INFO -   ⏱️ Параллельная обработка завершена за 0.4с (50.9 пар/с)
2026-01-23 14:58:50,509 - coint2.pipeline.walk_forward_orchestrator - INFO - 🎯 СИМУЛЯЦИЯ ПОРТФЕЛЯ: 20 пар, лимит 15 позиций
2026-01-23 14:58:51,403 - coint2.pipeline.walk_forward_orchestrator - INFO -    📈 Макс. одновременных сигналов: 18
2026-01-23 14:58:51,403 - coint2.pipeline.walk_forward_orchestrator - INFO -    📊 Средн. сигналов за период: 8.3
2026-01-23 14:58:51,403 - coint2.pipeline.walk_forward_orchestrator - INFO -    🎯 Финальных активных позиций: 5
2026-01-23 14:58:51,404 - coint2.pipeline.walk_forward_orchestrator - INFO -    ⚡ Утилизация лимита позиций: 55.4%
2026-01-23 14:58:51,405 - INFO - ⇠ WF-шаг 1/3 backtests — completed 20 items in 1.30s (15.4 items/s)
2026-01-23 14:58:51,405 - INFO -   ✅ Обработка завершена: 20 успешно, 0 с ошибками
2026-01-23 14:58:51,405 - INFO -   📊 Успешность: 100.0%, прибыльность: 75.0%, сделок/пара: 50.9
2026-01-23 14:58:51,405 - INFO -   ✅ Завершены бэктесты для 20 пар
2026-01-23 14:58:51,405 - INFO -   📊 Всего обработано пар в этом шаге: 20
2026-01-23 14:58:51,405 - INFO -   📈 Результаты шага: 15/20 прибыльных пар, 1018 сделок
2026-01-23 14:58:51,405 - INFO -   💰 P&L шага: $+480.84
2026-01-23 14:58:51,405 - INFO -   ⇢ Обновление капитала и дневного P&L...
2026-01-23 14:58:52,569 - INFO -   💼 Шаг P&L: $+480.84, Накопленный капитал: $1,480.84
2026-01-23 14:58:52,569 - INFO - ------------------------------------------------------------
2026-01-23 14:58:52,569 - INFO -   Walk-forward steps: 1 / 3 (33.3%) | 0.1 items/s | ETA: 22.1s
2026-01-23 14:58:52,569 - INFO - 🔍 WF-шаг 2/3: Валидация временных окон...
2026-01-23 14:58:52,570 - INFO - ⇢ WF-шаг 2/3: training 2023-11-02-2024-01-30, testing 2024-01-31-2024-03-01 — start
2026-01-23 14:58:52,570 - INFO - ⇢ loading step data — start
2026-01-23 14:58:52,830 - INFO - ⇠ loading step data — done in 0.26s
2026-01-23 14:58:54,726 - INFO - 📊 WF-шаг 2/3: Границы данных:
2026-01-23 14:58:54,726 - INFO -    Training: 2023-11-02 00:00:00 → 2024-01-30 23:45:00 (8,640 строк × 346 символов)
2026-01-23 14:58:54,726 - INFO -    Testing:  2024-01-31 00:00:00 → 2024-03-01 00:00:00 (2,881 строк × 346 символов)
2026-01-23 14:58:54,726 - INFO -    Временной разрыв: 0 days 00:15:00
2026-01-23 14:58:54,771 - INFO - ⇢ normalizing training data — start
2026-01-23 14:58:54,813 - INFO -   Символы с NaN значениями: 63
2026-01-23 14:58:54,813 - INFO -   Применяем метод нормализации: rolling_zscore
2026-01-23 14:58:54,837 - INFO - Символы с недостаточной историей: 58 из 346
2026-01-23 14:58:55,469 - INFO - Символы с NaN после нормализации: 288
2026-01-23 14:58:55,478 - INFO - Удалено 1193 начальных строк с NaN от rolling расчетов
2026-01-23 14:58:55,481 - INFO - Итоговое количество символов после нормализации: 288 из 346
2026-01-23 14:58:55,481 - INFO -   Статистика нормализации:
2026-01-23 14:58:55,481 - INFO -     Исходные символы: 346
2026-01-23 14:58:55,482 - INFO -     Недостаточная история: 58
2026-01-23 14:58:55,482 - INFO -     Постоянная цена: 0
2026-01-23 14:58:55,482 - INFO -     NaN после нормализации: 288
2026-01-23 14:58:55,482 - INFO -     Итоговые символы: 288 (83.2%)
2026-01-23 14:58:55,482 - INFO -   После нормализации: 288 символов (потеряно 58)
2026-01-23 14:58:55,482 - INFO -   Отброшено много символов: 58 из 346
2026-01-23 14:58:55,482 - INFO - ⇠ normalizing training data — done in 0.71s
2026-01-23 14:58:55,482 - INFO -   Фиксированный universe: 246 пар (отфильтровано 4 недоступных)
2026-01-23 14:58:55,482 - INFO - ⇢ filtering pairs by cointegration and half-life — start
2026-01-23 14:58:55,482 - INFO - [ФИЛЬТР] Параллельная фильтрация: threads (8 workers)
2026-01-23 14:59:01,361 - INFO - [ФИЛЬТР] После проверки данных: 218 пар
2026-01-23 14:59:01,361 - INFO - [ФИЛЬТР] После фильтра корреляции (>0.4): 122 пар
2026-01-23 14:59:01,361 - INFO - [ФИЛЬТР] После фильтра beta: 108 пар
2026-01-23 14:59:01,361 - INFO - [ФИЛЬТР] После фильтра mean crossings: 108 пар
2026-01-23 14:59:01,361 - INFO - [ФИЛЬТР] После фильтра half-life: 108 пар
2026-01-23 14:59:01,361 - INFO - [ФИЛЬТР] После фильтра коинтеграции: 72 пар
2026-01-23 14:59:01,361 - INFO - [ФИЛЬТР] После фильтра Hurst: 55 пар
2026-01-23 14:59:01,361 - INFO - [ФИЛЬТР] После фильтра KPSS: 55 пар
2026-01-23 14:59:01,361 - INFO - [ФИЛЬТР] После фильтра market microstructure: 49 пар
2026-01-23 14:59:01,361 - INFO - [ФИЛЬТР] Статистика фильтрации (оптимизированный порядок):
2026-01-23 14:59:01,361 - INFO -   1. SSD → Коинтеграция: 246 → 72 пар
2026-01-23 14:59:01,361 - INFO -   2. Коинтеграция → Beta: 72 → 108 пар
2026-01-23 14:59:01,361 - INFO -   3. Beta → Half-life: 108 → 108 пар
2026-01-23 14:59:01,361 - INFO -   4. Half-life → Mean crossings: 108 → 108 пар
2026-01-23 14:59:01,361 - INFO -   5. Mean crossings → Hurst: 108 → 55 пар
2026-01-23 14:59:01,361 - INFO -   6. Hurst → KPSS: 55 → 55 пар
2026-01-23 14:59:01,361 - INFO -   7. KPSS → Market microstructure: 55 → 49 пар
2026-01-23 14:59:01,361 - INFO - [ФИЛЬТР] Причины отсева:
2026-01-23 14:59:01,361 - INFO -   • low_correlation: 96 пар (39.0%)
2026-01-23 14:59:01,361 - INFO -   • pvalue: 36 пар (14.6%)
2026-01-23 14:59:01,361 - INFO -   • insufficient_data: 28 пар (11.4%)
2026-01-23 14:59:01,361 - INFO -   • hurst: 17 пар (6.9%)
2026-01-23 14:59:01,361 - INFO -   • beta: 14 пар (5.7%)
2026-01-23 14:59:01,362 - INFO -   • history: 6 пар (2.4%)
2026-01-23 14:59:01,362 - INFO - [ФИЛЬТР] Итого: 246 → 49 пар (19.9% прошли все фильтры)
2026-01-23 14:59:01,363 - INFO - Причины отсева сохранены в results/filter_reasons_20260123_145901.csv
2026-01-23 14:59:01,364 - INFO -   Pair stability filter: 49 → 31 (window=2, min_steps=1, history=1)
2026-01-23 14:59:01,364 - INFO -   Фильтрация: 246 → 31 пар
2026-01-23 14:59:01,364 - INFO - ⇠ filtering pairs by cointegration and half-life — done in 5.88s
2026-01-23 14:59:01,364 - INFO - ⇠ WF-шаг 2/3: training 2023-11-02-2024-01-30, testing 2024-01-31-2024-03-01 — done in 8.79s
2026-01-23 14:59:01,365 - INFO -   Ограничение max_pairs=20: 31 → 20
2026-01-23 14:59:01,365 - INFO -   Топ-3 пары по волатильности спреда:
2026-01-23 14:59:01,365 - INFO -     1. BTCDAI-BTCEUR: beta=1.1459, std=574.8675
2026-01-23 14:59:01,365 - INFO -     2. ETHDAI-ETHEUR: beta=1.1311, std=22.8903
2026-01-23 14:59:01,365 - INFO -     3. BTCUSDC-BTCUSDT: beta=0.9990, std=20.6114
2026-01-23 14:59:01,365 - INFO -   Всего пар для торговли: 20 (ограничение 15 применяется к одновременно открытым позициям)
2026-01-23 14:59:01,365 - INFO -   💰 Проверка расчета капитала: equity=$1,480.84, кандидатных_пар=20, max_позиций=15
2026-01-23 14:59:01,365 - INFO -   🎯 Target concurrency: 15 (ожидаемое одновременное число позиций)
2026-01-23 14:59:01,365 - INFO -   📊 Детали расчета капитала:
2026-01-23 14:59:01,365 - INFO -      • Базовый капитал на пару: $98.72 (equity / target_concurrency)
2026-01-23 14:59:01,365 - INFO -      • Риск-капитал: $29.62 (2.0% от equity)
2026-01-23 14:59:01,365 - INFO -      • Макс. размер позиции: $74.04 (5.0% от equity)
2026-01-23 14:59:01,366 - INFO -      • Итоговый капитал на пару: $29.62
2026-01-23 14:59:01,366 - INFO - ⇢ WF-шаг 2/3 backtests — starting 20 items
2026-01-23 14:59:01,366 - INFO - 🚀 WF-шаг 2/3: Начинаем бэктесты для 20 пар...
2026-01-23 14:59:01,366 - INFO - 🚀 WF-шаг 2/3: Запускаем параллельную обработку 20 пар на 8 ядрах...
2026-01-23 14:59:01,366 - INFO - 🚀 WF-шаг 2/3: Режим параллельности: процессы
⚙️  Загрузка данных за период: 2023-11-02 -> 2024-03-01
📂 Найдено 43 parquet файлов для обработки.
📊 Схема данных: Schema({'timestamp': Int64, 'open': Float64, 'high': Float64, 'low': Float64, 'close': Float64, 'volume': Float64, 'turnover': String, 'ts_ms': Int64, 'symbol': String})
✅ Загружено 3596229 записей с помощью Polars.
📊 Типы данных в pandas: timestamp       datetime64[us]
symbol                  object
close                  float64
timestamp_ms             int64
dtype: object
2026-01-23 14:59:01,442 - coint2.engine.numba_engine - INFO - Запуск Numba-оптимизированного бэктеста для BTCDAI-BTCEUR
2026-01-23 14:59:01,468 - coint2.engine.numba_engine - INFO - Запуск Numba-оптимизированного бэктеста для ETHDAI-ETHEUR
2026-01-23 14:59:01,500 - coint2.engine.numba_engine - INFO - Запуск Numba-оптимизированного бэктеста для BTCUSDC-BTCUSDT
2026-01-23 14:59:01,527 - coint2.engine.numba_engine - INFO - Запуск Numba-оптимизированного бэктеста для ETHUSDC-ETHUSDT
2026-01-23 14:59:01,529 - coint2.engine.numba_engine - INFO - Запуск Numba-оптимизированного бэктеста для AGLDUSDT-HFTUSDT
2026-01-23 14:59:01,550 - coint2.engine.numba_engine - INFO - Запуск Numba-оптимизированного бэктеста для APEUSDC-GODSUSDT
2026-01-23 14:59:01,555 - coint2.engine.numba_engine - INFO - Запуск Numba-оптимизированного бэктеста для APEUSDC-HFTUSDT
2026-01-23 14:59:01,555 - coint2.engine.numba_engine - INFO - Запуск Numba-оптимизированного бэктеста для ATOMUSDT-GODSUSDT
2026-01-23 14:59:01,576 - coint2.engine.numba_engine - INFO - Запуск Numba-оптимизированного бэктеста для APEUSDT-GODSUSDT
2026-01-23 14:59:01,585 - coint2.engine.numba_engine - INFO - Запуск Numba-оптимизированного бэктеста для APEUSDC-HFTUSDC
2026-01-23 14:59:01,587 - coint2.engine.numba_engine - INFO - Запуск Numba-оптимизированного бэктеста для AXSUSDT-DOTUSDT
2026-01-23 14:59:01,606 - coint2.engine.numba_engine - INFO - Запуск Numba-оптимизированного бэктеста для HOOKUSDT-KAVAUSDT
2026-01-23 14:59:01,613 - coint2.engine.numba_engine - INFO - Запуск Numba-оптимизированного бэктеста для APEUSDT-HFTUSDT
2026-01-23 14:59:01,614 - coint2.engine.numba_engine - INFO - Запуск Numba-оптимизированного бэктеста для AXSUSDT-DOTUSDC
2026-01-23 14:59:01,634 - coint2.engine.numba_engine - INFO - Запуск Numba-оптимизированного бэктеста для CELOUSDT-ENJUSDT
2026-01-23 14:59:01,640 - coint2.engine.numba_engine - INFO - Запуск Numba-оптимизированного бэктеста для APEUSDT-HFTUSDC
2026-01-23 14:59:01,642 - coint2.engine.numba_engine - INFO - Запуск Numba-оптимизированного бэктеста для AGLDUSDT-HFTUSDC
2026-01-23 14:59:01,670 - coint2.engine.numba_engine - INFO - Запуск Numba-оптимизированного бэктеста для APEUSDC-ATOMUSDT
2026-01-23 14:59:01,700 - coint2.engine.numba_engine - INFO - Запуск Numba-оптимизированного бэктеста для APEUSDT-ATOMUSDT
2026-01-23 14:59:01,727 - coint2.engine.numba_engine - INFO - Запуск Numba-оптимизированного бэктеста для AFCUSDT-ANKRUSDT
2026-01-23 14:59:01,769 - INFO -   ⏱️ Параллельная обработка завершена за 0.4с (49.6 пар/с)
2026-01-23 14:59:01,782 - coint2.pipeline.walk_forward_orchestrator - INFO - 🎯 СИМУЛЯЦИЯ ПОРТФЕЛЯ: 20 пар, лимит 15 позиций
2026-01-23 14:59:02,485 - coint2.pipeline.walk_forward_orchestrator - INFO -    📈 Макс. одновременных сигналов: 18
2026-01-23 14:59:02,486 - coint2.pipeline.walk_forward_orchestrator - INFO -    📊 Средн. сигналов за период: 8.8
2026-01-23 14:59:02,486 - coint2.pipeline.walk_forward_orchestrator - INFO -    🎯 Финальных активных позиций: 4
2026-01-23 14:59:02,487 - coint2.pipeline.walk_forward_orchestrator - INFO -    ⚡ Утилизация лимита позиций: 58.4%
2026-01-23 14:59:02,487 - INFO - ⇠ WF-шаг 2/3 backtests — completed 20 items in 1.12s (17.8 items/s)
2026-01-23 14:59:02,488 - INFO -   ✅ Обработка завершена: 20 успешно, 0 с ошибками
2026-01-23 14:59:02,488 - INFO -   📊 Успешность: 100.0%, прибыльность: 35.0%, сделок/пара: 51.0
2026-01-23 14:59:02,488 - INFO -   ✅ Завершены бэктесты для 20 пар
2026-01-23 14:59:02,488 - INFO -   📊 Всего обработано пар в этом шаге: 20
2026-01-23 14:59:02,488 - INFO -   📈 Результаты шага: 7/20 прибыльных пар, 1019 сделок
2026-01-23 14:59:02,488 - INFO -   💰 P&L шага: $+9.42
2026-01-23 14:59:02,488 - INFO -   ⇢ Обновление капитала и дневного P&L...
2026-01-23 14:59:03,775 - INFO -   💼 Шаг P&L: $+9.42, Накопленный капитал: $1,490.26
2026-01-23 14:59:03,775 - INFO - ------------------------------------------------------------
2026-01-23 14:59:03,775 - INFO -   Walk-forward steps: 2 / 3 (66.7%) | 0.1 items/s | ETA: 11.1s
2026-01-23 14:59:03,776 - INFO - 🔍 WF-шаг 3/3: Валидация временных окон...
2026-01-23 14:59:03,776 - INFO - ⇢ WF-шаг 3/3: training 2023-12-02-2024-02-29, testing 2024-03-01-2024-03-31 — start
2026-01-23 14:59:03,776 - INFO - ⇢ loading step data — start
2026-01-23 14:59:04,056 - INFO - ⇠ loading step data — done in 0.28s
2026-01-23 14:59:06,051 - INFO - 📊 WF-шаг 3/3: Границы данных:
2026-01-23 14:59:06,052 - INFO -    Training: 2023-12-02 00:00:00 → 2024-02-29 23:45:00 (8,640 строк × 361 символов)
2026-01-23 14:59:06,052 - INFO -    Testing:  2024-03-01 00:00:00 → 2024-03-31 00:00:00 (2,881 строк × 361 символов)
2026-01-23 14:59:06,052 - INFO -    Временной разрыв: 0 days 00:15:00
2026-01-23 14:59:06,100 - INFO - ⇢ normalizing training data — start
2026-01-23 14:59:06,144 - INFO -   Символы с NaN значениями: 68
2026-01-23 14:59:06,144 - INFO -   Применяем метод нормализации: rolling_zscore
2026-01-23 14:59:06,170 - INFO - Символы с недостаточной историей: 56 из 361
2026-01-23 14:59:06,839 - INFO - Символы с NaN после нормализации: 305
2026-01-23 14:59:06,848 - INFO - Удалено 1673 начальных строк с NaN от rolling расчетов
2026-01-23 14:59:06,850 - INFO - Итоговое количество символов после нормализации: 305 из 361
2026-01-23 14:59:06,850 - INFO -   Статистика нормализации:
2026-01-23 14:59:06,851 - INFO -     Исходные символы: 361
2026-01-23 14:59:06,851 - INFO -     Недостаточная история: 56
2026-01-23 14:59:06,851 - INFO -     Постоянная цена: 0
2026-01-23 14:59:06,851 - INFO -     NaN после нормализации: 305
2026-01-23 14:59:06,851 - INFO -     Итоговые символы: 305 (84.5%)
2026-01-23 14:59:06,851 - INFO -   После нормализации: 305 символов (потеряно 56)
2026-01-23 14:59:06,851 - INFO -   Отброшено много символов: 56 из 361
2026-01-23 14:59:06,851 - INFO - ⇠ normalizing training data — done in 0.75s
2026-01-23 14:59:06,851 - INFO -   Фиксированный universe: 250 пар (отфильтровано 0 недоступных)
2026-01-23 14:59:06,851 - INFO - ⇢ filtering pairs by cointegration and half-life — start
2026-01-23 14:59:06,852 - INFO - [ФИЛЬТР] Параллельная фильтрация: threads (8 workers)
2026-01-23 14:59:14,172 - INFO - [ФИЛЬТР] После проверки данных: 239 пар
2026-01-23 14:59:14,172 - INFO - [ФИЛЬТР] После фильтра корреляции (>0.4): 137 пар
2026-01-23 14:59:14,172 - INFO - [ФИЛЬТР] После фильтра beta: 127 пар
2026-01-23 14:59:14,172 - INFO - [ФИЛЬТР] После фильтра mean crossings: 127 пар
2026-01-23 14:59:14,172 - INFO - [ФИЛЬТР] После фильтра half-life: 127 пар
2026-01-23 14:59:14,172 - INFO - [ФИЛЬТР] После фильтра коинтеграции: 92 пар
2026-01-23 14:59:14,172 - INFO - [ФИЛЬТР] После фильтра Hurst: 76 пар
2026-01-23 14:59:14,172 - INFO - [ФИЛЬТР] После фильтра KPSS: 76 пар
2026-01-23 14:59:14,172 - INFO - [ФИЛЬТР] После фильтра market microstructure: 68 пар
2026-01-23 14:59:14,172 - INFO - [ФИЛЬТР] Статистика фильтрации (оптимизированный порядок):
2026-01-23 14:59:14,172 - INFO -   1. SSD → Коинтеграция: 250 → 92 пар
2026-01-23 14:59:14,172 - INFO -   2. Коинтеграция → Beta: 92 → 127 пар
2026-01-23 14:59:14,172 - INFO -   3. Beta → Half-life: 127 → 127 пар
2026-01-23 14:59:14,172 - INFO -   4. Half-life → Mean crossings: 127 → 127 пар
2026-01-23 14:59:14,172 - INFO -   5. Mean crossings → Hurst: 127 → 76 пар
2026-01-23 14:59:14,172 - INFO -   6. Hurst → KPSS: 76 → 76 пар
2026-01-23 14:59:14,172 - INFO -   7. KPSS → Market microstructure: 76 → 68 пар
2026-01-23 14:59:14,172 - INFO - [ФИЛЬТР] Причины отсева:
2026-01-23 14:59:14,172 - INFO -   • low_correlation: 102 пар (40.8%)
2026-01-23 14:59:14,172 - INFO -   • pvalue: 35 пар (14.0%)
2026-01-23 14:59:14,172 - INFO -   • hurst: 16 пар (6.4%)
2026-01-23 14:59:14,173 - INFO -   • insufficient_data: 11 пар (4.4%)
2026-01-23 14:59:14,173 - INFO -   • beta: 10 пар (4.0%)
2026-01-23 14:59:14,173 - INFO -   • history: 8 пар (3.2%)
2026-01-23 14:59:14,173 - INFO - [ФИЛЬТР] Итого: 250 → 68 пар (27.2% прошли все фильтры)
2026-01-23 14:59:14,175 - INFO - Причины отсева сохранены в results/filter_reasons_20260123_145914.csv
2026-01-23 14:59:14,175 - INFO -   Pair stability filter: 68 → 29 (window=2, min_steps=1, history=2)
2026-01-23 14:59:14,175 - INFO -   Фильтрация: 250 → 29 пар
2026-01-23 14:59:14,175 - INFO - ⇠ filtering pairs by cointegration and half-life — done in 7.32s
2026-01-23 14:59:14,175 - INFO - ⇠ WF-шаг 3/3: training 2023-12-02-2024-02-29, testing 2024-03-01-2024-03-31 — done in 10.40s
2026-01-23 14:59:14,175 - INFO -   Ограничение max_pairs=20: 29 → 20
2026-01-23 14:59:14,175 - INFO -   Топ-3 пары по волатильности спреда:
2026-01-23 14:59:14,176 - INFO -     1. BTCDAI-BTCEUR: beta=1.0480, std=582.7625
2026-01-23 14:59:14,176 - INFO -     2. ETHDAI-ETHEUR: beta=1.0530, std=30.4486
2026-01-23 14:59:14,176 - INFO -     3. ATOMUSDT-GODSUSDT: beta=8.5838, std=0.6434
2026-01-23 14:59:14,176 - INFO -   Всего пар для торговли: 20 (ограничение 15 применяется к одновременно открытым позициям)
2026-01-23 14:59:14,176 - INFO -   💰 Проверка расчета капитала: equity=$1,490.26, кандидатных_пар=20, max_позиций=15
2026-01-23 14:59:14,176 - INFO -   🎯 Target concurrency: 15 (ожидаемое одновременное число позиций)
2026-01-23 14:59:14,176 - INFO -   📊 Детали расчета капитала:
2026-01-23 14:59:14,176 - INFO -      • Базовый капитал на пару: $99.35 (equity / target_concurrency)
2026-01-23 14:59:14,176 - INFO -      • Риск-капитал: $29.81 (2.0% от equity)
2026-01-23 14:59:14,176 - INFO -      • Макс. размер позиции: $74.51 (5.0% от equity)
2026-01-23 14:59:14,176 - INFO -      • Итоговый капитал на пару: $29.81
2026-01-23 14:59:14,176 - INFO - ⇢ WF-шаг 3/3 backtests — starting 20 items
2026-01-23 14:59:14,176 - INFO - 🚀 WF-шаг 3/3: Начинаем бэктесты для 20 пар...
2026-01-23 14:59:14,176 - INFO - 🚀 WF-шаг 3/3: Запускаем параллельную обработку 20 пар на 8 ядрах...
2026-01-23 14:59:14,177 - INFO - 🚀 WF-шаг 3/3: Режим параллельности: процессы
⚙️  Загрузка данных за период: 2023-12-02 -> 2024-03-31
📂 Найдено 43 parquet файлов для обработки.
📊 Схема данных: Schema({'timestamp': Int64, 'open': Float64, 'high': Float64, 'low': Float64, 'close': Float64, 'volume': Float64, 'turnover': String, 'ts_ms': Int64, 'symbol': String})
✅ Загружено 3779046 записей с помощью Polars.
📊 Типы данных в pandas: timestamp       datetime64[us]
symbol                  object
close                  float64
timestamp_ms             int64
dtype: object
2026-01-23 14:59:14,236 - coint2.engine.numba_engine - INFO - Запуск Numba-оптимизированного бэктеста для BTCDAI-BTCEUR
2026-01-23 14:59:14,266 - coint2.engine.numba_engine - INFO - Запуск Numba-оптимизированного бэктеста для ETHDAI-ETHEUR
2026-01-23 14:59:14,332 - coint2.engine.numba_engine - INFO - Запуск Numba-оптимизированного бэктеста для ATOMUSDT-GODSUSDT
2026-01-23 14:59:14,335 - coint2.engine.numba_engine - INFO - Запуск Numba-оптимизированного бэктеста для APEUSDC-HFTUSDC
2026-01-23 14:59:14,357 - coint2.engine.numba_engine - INFO - Запуск Numba-оптимизированного бэктеста для BICOUSDT-KASTAUSDT
2026-01-23 14:59:14,376 - coint2.engine.numba_engine - INFO - Запуск Numba-оптимизированного бэктеста для ATOMUSDT-KCALUSDT
2026-01-23 14:59:14,395 - coint2.engine.numba_engine - INFO - Запуск Numba-оптимизированного бэктеста для APEUSDT-HFTUSDC
2026-01-23 14:59:14,400 - coint2.engine.numba_engine - INFO - Запуск Numba-оптимизированного бэктеста для CAKEUSDT-FIDAUSDT
2026-01-23 14:59:14,417 - coint2.engine.numba_engine - INFO - Запуск Numba-оптимизированного бэктеста для 1INCHUSDT-AXSUSDT
2026-01-23 14:59:14,436 - coint2.engine.numba_engine - INFO - Запуск Numba-оптимизированного бэктеста для APEUSDC-ATOMUSDT
2026-01-23 14:59:14,440 - coint2.engine.numba_engine - INFO - Запуск Numba-оптимизированного бэктеста для APEUSDT-GODSUSDT
2026-01-23 14:59:14,458 - coint2.engine.numba_engine - INFO - Запуск Numba-оптимизированного бэктеста для GMTUSDC-KAVAUSDT
2026-01-23 14:59:14,462 - coint2.engine.numba_engine - INFO - Запуск Numba-оптимизированного бэктеста для AGLDUSDT-HFTUSDC
2026-01-23 14:59:14,470 - coint2.engine.numba_engine - INFO - Запуск Numba-оптимизированного бэктеста для APEUSDT-ATOMUSDT
2026-01-23 14:59:14,499 - coint2.engine.numba_engine - INFO - Запуск Numba-оптимизированного бэктеста для AGLDUSDT-HFTUSDT
2026-01-23 14:59:14,500 - coint2.engine.numba_engine - INFO - Запуск Numba-оптимизированного бэктеста для AFCUSDT-ANKRUSDT
2026-01-23 14:59:14,500 - coint2.engine.numba_engine - INFO - Запуск Numba-оптимизированного бэктеста для GMTUSDT-KAVAUSDT
2026-01-23 14:59:14,537 - coint2.engine.numba_engine - INFO - Запуск Numba-оптимизированного бэктеста для GODSUSDT-KCALUSDT
2026-01-23 14:59:14,552 - coint2.engine.numba_engine - INFO - Запуск Numba-оптимизированного бэктеста для BICOUSDT-ETHWUSDT
2026-01-23 14:59:14,581 - coint2.engine.numba_engine - INFO - Запуск Numba-оптимизированного бэктеста для AVAUSDT-FITFIUSDT
2026-01-23 14:59:14,627 - INFO -   ⏱️ Параллельная обработка завершена за 0.5с (44.4 пар/с)
2026-01-23 14:59:14,639 - coint2.pipeline.walk_forward_orchestrator - INFO - 🎯 СИМУЛЯЦИЯ ПОРТФЕЛЯ: 20 пар, лимит 15 позиций
2026-01-23 14:59:15,357 - coint2.pipeline.walk_forward_orchestrator - INFO -    📈 Макс. одновременных сигналов: 16
2026-01-23 14:59:15,357 - coint2.pipeline.walk_forward_orchestrator - INFO -    📊 Средн. сигналов за период: 8.5
2026-01-23 14:59:15,357 - coint2.pipeline.walk_forward_orchestrator - INFO -    🎯 Финальных активных позиций: 7
2026-01-23 14:59:15,358 - coint2.pipeline.walk_forward_orchestrator - INFO -    ⚡ Утилизация лимита позиций: 56.4%
2026-01-23 14:59:15,359 - INFO - ⇠ WF-шаг 3/3 backtests — completed 20 items in 1.18s (16.9 items/s)
2026-01-23 14:59:15,359 - INFO -   ✅ Обработка завершена: 20 успешно, 0 с ошибками
2026-01-23 14:59:15,359 - INFO -   📊 Успешность: 100.0%, прибыльность: 50.0%, сделок/пара: 50.6
2026-01-23 14:59:15,359 - INFO -   ✅ Завершены бэктесты для 20 пар
2026-01-23 14:59:15,359 - INFO -   📊 Всего обработано пар в этом шаге: 20
2026-01-23 14:59:15,359 - INFO -   📈 Результаты шага: 10/20 прибыльных пар, 1013 сделок
2026-01-23 14:59:15,359 - INFO -   💰 P&L шага: $-295.83
2026-01-23 14:59:15,359 - INFO -   ⇢ Обновление капитала и дневного P&L...
2026-01-23 14:59:16,777 - INFO -   💼 Шаг P&L: $-295.83, Накопленный капитал: $1,194.43
2026-01-23 14:59:16,777 - INFO - ------------------------------------------------------------
2026-01-23 14:59:16,777 - INFO -   Walk-forward steps: 3 / 3 (100.0%) | 0.1 items/s | ETA: 0.0s
2026-01-23 14:59:16,777 - INFO - ⇠ Walk-forward steps — completed 3 items in 35.28s (0.1 items/s)
2026-01-23 14:59:16,777 - INFO - ================================================================================
2026-01-23 14:59:16,778 - INFO - 🏁 Walk-forward анализ завершен!
2026-01-23 14:59:16,778 - INFO - ⏱️ Обработано 3 шагов за 2.6 секунд
2026-01-23 14:59:16,778 - INFO - 📊 Всего обработано пар за весь анализ: 60
2026-01-23 14:59:16,778 - INFO - 💰 Финальный капитал: $1,194.43 (было $1,000.00)
2026-01-23 14:59:16,778 - INFO - 📈 Общая доходность: +19.44% ($+194.43)
2026-01-23 14:59:16,778 - INFO - 📊 Всего сделок: 0
2026-01-23 14:59:16,778 - INFO - ================================================================================
2026-01-23 14:59:16,778 - INFO - ✓ Завершены все 3 WF-шагов
2026-01-23 14:59:16,778 - INFO - ⇢ Обработка финальных результатов и расчет метрик...
2026-01-23 14:59:16,778 - INFO - ⇢ processing final results — start
2026-01-23 14:59:16,778 - INFO -   ⇢ Агрегация данных P&L за 8643 торговых дней
2026-01-23 14:59:16,803 - INFO -   ⇢ Расчет базовых метрик производительности...
2026-01-23 14:59:16,803 - INFO -     📊 Данные для анализа: 8643 записей P&L, 8641 точек equity
2026-01-23 14:59:16,806 - INFO -   ⇢ Расчет расширенных метрик (волатильность, Calmar ratio, и др.)...
2026-01-23 14:59:16,806 - INFO -   ✅ Расширенные метрики рассчитаны: 6 показателей
2026-01-23 14:59:16,807 - INFO -   ⇢ Анализ статистики по 60 парам...
2026-01-23 14:59:16,811 - INFO - ✅ Рассчитаны метрики производительности (26 показателей)
2026-01-23 14:59:16,811 - INFO -   💰 Общий P&L: $+194.43
2026-01-23 14:59:16,811 - INFO -   📊 Sharpe Ratio: 1.220
2026-01-23 14:59:16,811 - INFO -   📉 Максимальная просадка: -49862.54%
2026-01-23 14:59:16,811 - INFO -   🔄 Всего сделок: 3050
2026-01-23 14:59:16,811 - INFO -   📈 Торгуемых пар: 31
2026-01-23 14:59:16,811 - INFO -   💸 Общие издержки: $269.95
2026-01-23 14:59:16,812 - coint2.metrics - INFO - Metric: total_pnl
2026-01-23 14:59:16,812 - coint2.metrics - INFO - Metric: sharpe_ratio_abs
2026-01-23 14:59:16,812 - coint2.metrics - INFO - Metric: max_drawdown_pct
2026-01-23 14:59:16,812 - coint2.metrics - INFO - Metric: total_trades
2026-01-23 14:59:16,812 - coint2.metrics - INFO - Metric: total_pairs_traded
2026-01-23 14:59:16,812 - coint2.metrics - INFO - Metric: total_costs
2026-01-23 14:59:16,813 - INFO - ⇠ processing final results — done in 0.04s
2026-01-23 14:59:16,813 - INFO - ⇢ Создание отчетов и сохранение результатов...
2026-01-23 14:59:16,813 - INFO - ⇢ generating reports — start
2026-01-23 14:59:16,813 - INFO -   ⇢ Создание отчета о производительности...
2026-01-23 14:59:23,006 - INFO -   ✓ Отчет о производительности создан
2026-01-23 14:59:23,006 - INFO -   ⇢ Сохранение данных в CSV файлы...
2026-01-23 14:59:23,008 - INFO - 📋 Метрики сохранены: artifacts/wfa/runs/20260123_budget1000_oos20240101_20240630_top50_maxnot40_riskfine2_minnotgrid_maxpairsgrid/stress_relaxed8_nokpss_20260123_oos20240101_20240630_top50_z1p00_exit0p06_hold180_cd180_ms0p2_cap1000_maxnot40_risk0p02_minnot20_maxpairs20/strategy_metrics.csv
2026-01-23 14:59:23,009 - INFO - 📈 Дневные P&L сохранены: artifacts/wfa/runs/20260123_budget1000_oos20240101_20240630_top50_maxnot40_riskfine2_minnotgrid_maxpairsgrid/stress_relaxed8_nokpss_20260123_oos20240101_20240630_top50_z1p00_exit0p06_hold180_cd180_ms0p2_cap1000_maxnot40_risk0p02_minnot20_maxpairs20/daily_pnl.csv (91 записей)
2026-01-23 14:59:23,042 - INFO - 💹 Кривая капитала сохранена: artifacts/wfa/runs/20260123_budget1000_oos20240101_20240630_top50_maxnot40_riskfine2_minnotgrid_maxpairsgrid/stress_relaxed8_nokpss_20260123_oos20240101_20240630_top50_z1p00_exit0p06_hold180_cd180_ms0p2_cap1000_maxnot40_risk0p02_minnot20_maxpairs20/equity_curve.csv (8641 точек)
2026-01-23 14:59:23,045 - INFO - 📋 Статистика сделок сохранена: artifacts/wfa/runs/20260123_budget1000_oos20240101_20240630_top50_maxnot40_riskfine2_minnotgrid_maxpairsgrid/stress_relaxed8_nokpss_20260123_oos20240101_20240630_top50_z1p00_exit0p06_hold180_cd180_ms0p2_cap1000_maxnot40_risk0p02_minnot20_maxpairs20/trade_statistics.csv (60 записей)
2026-01-23 14:59:23,045 - INFO - 🎉 Walk-Forward анализ полностью завершен!
2026-01-23 14:59:23,045 - INFO - 📊 Все отчеты и данные сохранены в: artifacts/wfa/runs/20260123_budget1000_oos20240101_20240630_top50_maxnot40_riskfine2_minnotgrid_maxpairsgrid/stress_relaxed8_nokpss_20260123_oos20240101_20240630_top50_z1p00_exit0p06_hold180_cd180_ms0p2_cap1000_maxnot40_risk0p02_minnot20_maxpairs20
2026-01-23 14:59:23,045 - INFO - 💼 Итоговый капитал: $1,194.43
2026-01-23 14:59:23,045 - INFO - ⏱️  Общее время выполнения: 8.9 секунд
2026-01-23 14:59:23,045 - INFO - ⇠ generating reports — done in 6.23s
2026-01-23 14:59:23,046 - coint2.core.memory_optimization - INFO - 🧹 Cleaning up global price data
2026-01-23 14:59:23,049 - coint2.core.memory_optimization - INFO - 📊 No global rolling stats to clean up
2026-01-23 14:59:23,050 - INFO - 🧹 Memory-mapped data cleaned up
2026-01-23 14:59:23,051 - INFO - ⇠ run_walk_forward_analysis — done in 46.81s
📊 Отчет сохранен: artifacts/wfa/runs/20260123_budget1000_oos20240101_20240630_top50_maxnot40_riskfine2_minnotgrid_maxpairsgrid/stress_relaxed8_nokpss_20260123_oos20240101_20240630_top50_z1p00_exit0p06_hold180_cd180_ms0p2_cap1000_maxnot40_risk0p02_minnot20_maxpairs20/CointegrationStrategy_performance_report.png
🎯 ============================================================
📊 ИТОГИ ТОРГОВОЙ СТРАТЕГИИ
🎯 ============================================================

💰 ФИНАНСОВЫЕ РЕЗУЛЬТАТЫ:
   • Общий P&L:                          194
   • Максимальная просадка:             -499
   • Средний дневной P&L:                  2

📈 МЕТРИКИ РИСКА:
   • Коэффициент Шарпа:               1.2196
   • Волатильность P&L:                85.89
   • Процент прибыльных дней:         52.75%

🔄 ТОРГОВАЯ АКТИВНОСТЬ:
   • Всего торговых дней:                 91
   • Всего сделок:                     3,050
   • Торгуемых пар:                       31
   • Сделок на пару:                    50.8
   • Успешность сделок:               0.91%

💸 РАСХОДЫ И ЭКСТРЕМУМЫ:
   • Общие расходы:                      270
   • Максимальная прибыль:               223
   • Максимальный убыток:               -313
   • Лучшая пара (P&L):                  260
   • Худшая пара (P&L):                 -299

📊 ОЦЕНКА СТРАТЕГИИ:
   ✅ ОТЛИЧНАЯ стратегия! Высокий Шарп и положительный результат

🎯 ============================================================

Annualized Sharpe Ratio: 1.2196418913989893
[run_wfa_fullcpu] end: 2026-01-23T14:59:24Z
