[run_wfa_queue] 2026-01-19T07:16:26Z cmd: /opt/coint4/coint4/run_wfa_fullcpu.sh configs/stability_20260119_relaxed/stability_relaxed_20260119_pv0p04_hurst0p55_hl0p02_60_corr0p65_ssd20000.yaml artifacts/wfa/runs/20260119_stability_relaxed/stability_relaxed_20260119_pv0p04_hurst0p55_hl0p02_60_corr0p65_ssd20000
[run_wfa_fullcpu] start: 2026-01-19T07:16:26Z
[run_wfa_fullcpu] os.cpu_count: 8
[run_wfa_fullcpu] worker_pid=1143
2026-01-19 07:16:30,547 - coint2.core.memory_optimization - INFO - ✅ BLAS threading limits set to 1 via threadpoolctl
2026-01-19 07:16:30,548 - coint2.core.memory_optimization - INFO - 🔧 Controlled libraries: openblas, openmp
2026-01-19 07:16:30,548 - coint2.core.memory_optimization - INFO - 🧵 Process threads: 2 → 2
2026-01-19 07:16:30,549 - coint2.core.memory_optimization - INFO - 📝 Set 11 environment variables
2026-01-19 07:16:30,965 - INFO - ✅ Параметры конфигурации валидны
2026-01-19 07:16:30,965 - INFO - 📝 Некоторые параметры были скорректированы:
2026-01-19 07:16:30,965 - INFO - 🧭 WFA: динамический отбор пар на каждом шаге
2026-01-19 07:16:30,965 - INFO -   Шаг 1: тренировка 2023-08-02-2023-09-30, тест 2023-10-01-2023-10-31
2026-01-19 07:16:30,965 - INFO -   Шаг 2: тренировка 2023-09-01-2023-10-30, тест 2023-10-31-2023-11-30
2026-01-19 07:16:30,965 - INFO -   Шаг 3: тренировка 2023-10-01-2023-11-29, тест 2023-11-30-2023-12-30
2026-01-19 07:16:30,965 - INFO -   Шаг 4: тренировка 2023-10-31-2023-12-29, тест 2023-12-30-2024-01-29
2026-01-19 07:16:30,965 - INFO -   Шаг 5: тренировка 2023-11-30-2024-01-28, тест 2024-01-29-2024-02-28
2026-01-19 07:16:30,965 - INFO -   Шаг 6: тренировка 2023-12-30-2024-02-27, тест 2024-02-28-2024-03-29
2026-01-19 07:16:30,965 - INFO -   Шаг 7: тренировка 2024-01-29-2024-03-28, тест 2024-03-29-2024-04-28
2026-01-19 07:16:30,966 - INFO -   Шаг 8: тренировка 2024-02-28-2024-04-27, тест 2024-04-28-2024-05-28
2026-01-19 07:16:30,966 - INFO - 📈 Запланировано 8 walk-forward шагов
2026-01-19 07:16:30,966 - INFO - ⛔ Ограничение WFA шагов: 8 → 5
2026-01-19 07:16:30,966 - WARNING - ⚠️ Маленький буфер между training и testing в шаге 1: 0 дней. Рекомендуется минимум 1 день.
2026-01-19 07:16:30,966 - WARNING - ⚠️ Маленький буфер между training и testing в шаге 2: 0 дней. Рекомендуется минимум 1 день.
2026-01-19 07:16:30,966 - WARNING - ⚠️ Маленький буфер между training и testing в шаге 3: 0 дней. Рекомендуется минимум 1 день.
2026-01-19 07:16:30,966 - WARNING - ⚠️ Маленький буфер между training и testing в шаге 4: 0 дней. Рекомендуется минимум 1 день.
2026-01-19 07:16:30,966 - WARNING - ⚠️ Маленький буфер между training и testing в шаге 5: 0 дней. Рекомендуется минимум 1 день.
2026-01-19 07:16:30,966 - INFO - ✅ Шаги успешно запланированы:
2026-01-19 07:16:30,966 - INFO -    Шаг 1: тренировка 2023-08-02-2023-09-30, тест 2023-10-01-2023-10-31
2026-01-19 07:16:30,966 - INFO -    Шаг 2: тренировка 2023-09-01-2023-10-30, тест 2023-10-31-2023-11-30
2026-01-19 07:16:30,966 - INFO -    Шаг 3: тренировка 2023-10-01-2023-11-29, тест 2023-11-30-2023-12-30
2026-01-19 07:16:30,966 - INFO -    Шаг 4: тренировка 2023-10-31-2023-12-29, тест 2023-12-30-2024-01-29
2026-01-19 07:16:30,966 - INFO -    Шаг 5: тренировка 2023-11-30-2024-01-28, тест 2024-01-29-2024-02-28
2026-01-19 07:16:30,966 - INFO - 🗂️ Consolidating price data for memory-mapped access...
2026-01-19 07:16:30,966 - INFO - 📊 Consolidating data range: 2023-07-28 → 2024-03-04
2026-01-19 07:16:30,966 - coint2.core.memory_optimization - INFO - 🔄 Consolidating price data from data_downloaded to .cache/consolidated_prices.parquet
2026-01-19 07:16:30,966 - INFO - ⇢ loading raw data for consolidation — start
2026-01-19 07:16:32,493 - INFO - ⇠ loading raw data for consolidation — done in 1.53s
2026-01-19 07:16:32,493 - INFO - ⇢ pivoting data to wide format — start
2026-01-19 07:16:37,646 - INFO - ⇠ pivoting data to wide format — done in 5.15s
2026-01-19 07:16:37,687 - coint2.core.memory_optimization - INFO - 📊 Consolidated data: 21121 rows × 346 symbols
2026-01-19 07:16:37,687 - coint2.core.memory_optimization - INFO - 💾 Memory usage: 29.4 MB
2026-01-19 07:16:37,687 - INFO - ⇢ writing consolidated Parquet file — start
2026-01-19 07:16:37,906 - INFO - ⇠ writing consolidated Parquet file — done in 0.22s
2026-01-19 07:16:37,907 - coint2.core.memory_optimization - INFO - ✅ Successfully consolidated data to .cache/consolidated_prices.parquet
2026-01-19 07:16:37,932 - coint2.core.memory_optimization - INFO - 🔄 Initializing memory-mapped price data from .cache/consolidated_prices.parquet
2026-01-19 07:16:37,933 - INFO - ⇢ loading memory-mapped data — start
2026-01-19 07:16:37,933 - coint2.core.memory_optimization - WARNING - ⚠️ memory_map не поддерживается в текущей версии pyarrow, fallback без mmap
2026-01-19 07:16:38,064 - INFO - ⇠ loading memory-mapped data — done in 0.13s
2026-01-19 07:16:38,074 - coint2.core.memory_optimization - INFO - 📊 Loaded 21121 rows × 346 symbols
2026-01-19 07:16:38,074 - coint2.core.memory_optimization - INFO - 💾 Memory usage: 29.4 MB (memory-mapped)
2026-01-19 07:16:38,076 - INFO - ✅ Memory-mapped data initialized successfully
2026-01-19 07:16:38,077 - INFO - ⇢ Walk-forward steps — starting 5 items
2026-01-19 07:16:38,077 - INFO - 📈 Инициализация equity кривой с первой тестовой даты: 2023-10-01 00:00:00
2026-01-19 07:16:38,077 - INFO - 🔍 WF-шаг 1/5: Валидация временных окон...
2026-01-19 07:16:38,078 - INFO - ⇢ WF-шаг 1/5: training 2023-08-02-2023-09-30, testing 2023-10-01-2023-10-31 — start
2026-01-19 07:16:38,078 - INFO - ⇢ loading step data — start
2026-01-19 07:16:38,230 - INFO - ⇠ loading step data — done in 0.15s
2026-01-19 07:16:39,489 - INFO - 📊 WF-шаг 1/5: Границы данных:
2026-01-19 07:16:39,489 - INFO -    Training: 2023-08-02 00:00:00 → 2023-09-30 23:45:00 (5,760 строк × 282 символов)
2026-01-19 07:16:39,489 - INFO -    Testing:  2023-10-01 00:00:00 → 2023-10-31 00:00:00 (2,881 строк × 282 символов)
2026-01-19 07:16:39,489 - INFO -    Временной разрыв: 0 days 00:15:00
2026-01-19 07:16:39,526 - INFO - ⇢ normalizing training data — start
2026-01-19 07:16:39,556 - INFO -   Символы с NaN значениями: 20
2026-01-19 07:16:39,557 - INFO -   Применяем метод нормализации: rolling_zscore
2026-01-19 07:16:39,570 - INFO - Символы с недостаточной историей: 20 из 282
2026-01-19 07:16:39,922 - INFO - Символы с NaN после нормализации: 262
2026-01-19 07:16:39,928 - INFO - Удалено 1 начальных строк с NaN от rolling расчетов
2026-01-19 07:16:39,931 - INFO - Итоговое количество символов после нормализации: 262 из 282
2026-01-19 07:16:39,931 - INFO -   Статистика нормализации:
2026-01-19 07:16:39,931 - INFO -     Исходные символы: 282
2026-01-19 07:16:39,931 - INFO -     Недостаточная история: 20
2026-01-19 07:16:39,931 - INFO -     Постоянная цена: 0
2026-01-19 07:16:39,931 - INFO -     NaN после нормализации: 262
2026-01-19 07:16:39,931 - INFO -     Итоговые символы: 262 (92.9%)
2026-01-19 07:16:39,931 - INFO -   После нормализации: 262 символов (потеряно 20)
2026-01-19 07:16:39,931 - INFO -   Отброшенные символы: ADAEUR, BEAMUSDT, BTCEUR, CYBERUSDT, DOGEEUR, ETHEUR, FETUSDT, JEFFUSDT, KASUSDT, KAVAUSDT, LTCEUR, ORDIUSDT, POLUSDT, PPTUSDT, PYUSDUSDT, SEIUSDT, SOLEUR, USDCEUR, XRPEUR, ZTXUSDT
2026-01-19 07:16:39,931 - INFO - ⇠ normalizing training data — done in 0.41s
2026-01-19 07:16:39,931 - INFO - ⇢ SSD computation — start
2026-01-19 07:16:39,931 - INFO -   Расчет SSD для всех пар (без ограничения)
2026-01-19 07:16:45,560 - INFO -   SSD результат (все пары): 34191 пар
2026-01-19 07:16:45,561 - INFO -   Ограничиваем до top-20000 пар для дальнейшей обработки
2026-01-19 07:16:45,562 - INFO - ⇠ SSD computation — done in 5.63s
2026-01-19 07:16:45,567 - INFO - ⇢ filtering pairs by cointegration and half-life — start
2026-01-19 07:16:45,567 - INFO - [ФИЛЬТР] Параллельная фильтрация: threads (8 workers)
2026-01-19 07:21:08,129 - INFO - [ФИЛЬТР] После проверки данных: 20000 пар
2026-01-19 07:21:08,130 - INFO - [ФИЛЬТР] После фильтра корреляции (>0.65): 13911 пар
2026-01-19 07:21:08,130 - INFO - [ФИЛЬТР] После фильтра beta: 9138 пар
2026-01-19 07:21:08,130 - INFO - [ФИЛЬТР] После фильтра mean crossings: 9138 пар
2026-01-19 07:21:08,130 - INFO - [ФИЛЬТР] После фильтра half-life: 9097 пар
2026-01-19 07:21:08,130 - INFO - [ФИЛЬТР] После фильтра коинтеграции: 3125 пар
2026-01-19 07:21:08,130 - INFO - [ФИЛЬТР] После фильтра Hurst: 1457 пар
2026-01-19 07:21:08,130 - INFO - [ФИЛЬТР] После фильтра KPSS: 77 пар
2026-01-19 07:21:08,130 - INFO - [ФИЛЬТР] После фильтра market microstructure: 77 пар
2026-01-19 07:21:08,130 - INFO - [ФИЛЬТР] Статистика фильтрации (оптимизированный порядок):
2026-01-19 07:21:08,130 - INFO -   1. SSD → Коинтеграция: 20000 → 3125 пар
2026-01-19 07:21:08,130 - INFO -   2. Коинтеграция → Beta: 3125 → 9138 пар
2026-01-19 07:21:08,130 - INFO -   3. Beta → Half-life: 9138 → 9097 пар
2026-01-19 07:21:08,130 - INFO -   4. Half-life → Mean crossings: 9097 → 9138 пар
2026-01-19 07:21:08,130 - INFO -   5. Mean crossings → Hurst: 9138 → 1457 пар
2026-01-19 07:21:08,130 - INFO -   6. Hurst → KPSS: 1457 → 77 пар
2026-01-19 07:21:08,130 - INFO -   7. KPSS → Market microstructure: 77 → 77 пар
2026-01-19 07:21:08,130 - INFO - [ФИЛЬТР] Причины отсева:
2026-01-19 07:21:08,130 - INFO -   • low_correlation: 6089 пар (30.4%)
2026-01-19 07:21:08,130 - INFO -   • pvalue: 5972 пар (29.9%)
2026-01-19 07:21:08,130 - INFO -   • beta: 4773 пар (23.9%)
2026-01-19 07:21:08,130 - INFO -   • hurst: 1668 пар (8.3%)
2026-01-19 07:21:08,130 - INFO -   • kpss: 1380 пар (6.9%)
2026-01-19 07:21:08,130 - INFO -   • half_life: 41 пар (0.2%)
2026-01-19 07:21:08,130 - INFO - [ФИЛЬТР] Итого: 20000 → 77 пар (0.4% прошли все фильтры)
2026-01-19 07:21:08,162 - INFO - Причины отсева сохранены в results/filter_reasons_20260119_072108.csv
2026-01-19 07:21:08,170 - INFO -   Pair stability filter: insufficient history (0 < 1), skip
2026-01-19 07:21:08,170 - INFO -   Фильтрация: 20000 → 77 пар
2026-01-19 07:21:08,170 - INFO - ⇠ filtering pairs by cointegration and half-life — done in 262.60s
2026-01-19 07:21:08,170 - INFO - ⇠ WF-шаг 1/5: training 2023-08-02-2023-09-30, testing 2023-10-01-2023-10-31 — done in 270.09s
2026-01-19 07:21:08,171 - INFO -   Топ-3 пары по волатильности спреда:
2026-01-19 07:21:08,171 - INFO -     1. COMPUSDT-GMXUSDT: beta=1.0239, std=2.0031
2026-01-19 07:21:08,171 - INFO -     2. ETHUSDC-ETHUSDT: beta=0.9936, std=0.6033
2026-01-19 07:21:08,171 - INFO -     3. AXSUSDT-UNIUSDT: beta=0.7523, std=0.1119
2026-01-19 07:21:08,171 - INFO -   Всего пар для торговли: 77 (ограничение 15 применяется к одновременно открытым позициям)
2026-01-19 07:21:08,171 - INFO -   💰 Проверка расчета капитала: equity=$10,000.00, кандидатных_пар=77, max_позиций=15
2026-01-19 07:21:08,171 - INFO -   🎯 Target concurrency: 15 (ожидаемое одновременное число позиций)
2026-01-19 07:21:08,171 - INFO -   📊 Детали расчета капитала:
2026-01-19 07:21:08,171 - INFO -      • Базовый капитал на пару: $666.67 (equity / target_concurrency)
2026-01-19 07:21:08,171 - INFO -      • Риск-капитал: $150.00 (1.5% от equity)
2026-01-19 07:21:08,171 - INFO -      • Макс. размер позиции: $200.00 (2.0% от equity)
2026-01-19 07:21:08,171 - INFO -      • Итоговый капитал на пару: $150.00
2026-01-19 07:21:08,171 - INFO - ⇢ WF-шаг 1/5 backtests — starting 77 items
2026-01-19 07:21:08,172 - INFO - 🚀 WF-шаг 1/5: Начинаем бэктесты для 77 пар...
2026-01-19 07:21:08,172 - INFO - 🚀 WF-шаг 1/5: Запускаем параллельную обработку 77 пар на 8 ядрах...
2026-01-19 07:21:08,172 - INFO -   📊 Большой набор пар (77), ожидаемое время: ~3 мин
2026-01-19 07:21:08,172 - INFO -   🔄 Прогресс будет отображаться каждые 7 пар
2026-01-19 07:21:08,172 - INFO - 🚀 WF-шаг 1/5: Режим параллельности: процессы
⚙️  Загрузка данных за период: 2023-07-28 -> 2024-03-04
📂 Найдено 43 parquet файлов для обработки.
📊 Схема данных: Schema({'timestamp': Int64, 'open': Float64, 'high': Float64, 'low': Float64, 'close': Float64, 'volume': Float64, 'turnover': String, 'ts_ms': Int64, 'symbol': String})
✅ Загружено 6226682 записей с помощью Polars.
📊 Типы данных в pandas: timestamp       datetime64[us]
symbol                  object
close                  float64
timestamp_ms             int64
dtype: object
⚙️  Загрузка данных за период: 2023-08-02 -> 2023-10-31
📂 Найдено 43 parquet файлов для обработки.
📊 Схема данных: Schema({'timestamp': Int64, 'open': Float64, 'high': Float64, 'low': Float64, 'close': Float64, 'volume': Float64, 'turnover': String, 'ts_ms': Int64, 'symbol': String})
✅ Загружено 2351056 записей с помощью Polars.
📊 Типы данных в pandas: timestamp       datetime64[us]
symbol                  object
close                  float64
timestamp_ms             int64
dtype: object
2026-01-19 07:21:08,222 - coint2.engine.numba_engine - INFO - Запуск Numba-оптимизированного бэктеста для COMPUSDT-GMXUSDT
2026-01-19 07:21:08,241 - coint2.engine.numba_engine - INFO - Запуск Numba-оптимизированного бэктеста для ETHUSDC-ETHUSDT
2026-01-19 07:21:08,265 - coint2.engine.numba_engine - INFO - Запуск Numba-оптимизированного бэктеста для AXSUSDT-UNIUSDT
2026-01-19 07:21:08,283 - coint2.engine.numba_engine - INFO - Запуск Numba-оптимизированного бэктеста для ARUSDT-FILUSDT
2026-01-19 07:21:08,303 - coint2.engine.numba_engine - INFO - Запуск Numba-оптимизированного бэктеста для AXSUSDT-SANDUSDT
2026-01-19 07:21:08,326 - coint2.engine.numba_engine - INFO - Запуск Numba-оптимизированного бэктеста для INTERUSDT-XRPUSDC
2026-01-19 07:21:08,327 - coint2.engine.numba_engine - INFO - Запуск Numba-оптимизированного бэктеста для INTERUSDT-XRPUSDT
2026-01-19 07:21:08,341 - coint2.engine.numba_engine - INFO - Запуск Numba-оптимизированного бэктеста для AXSUSDT-SANDUSDC
2026-01-19 07:21:08,347 - coint2.engine.numba_engine - INFO - Запуск Numba-оптимизированного бэктеста для INTERUSDT-ZENUSDT
2026-01-19 07:21:08,351 - coint2.engine.numba_engine - INFO - Запуск Numba-оптимизированного бэктеста для INTERUSDT-LTCUSDT
2026-01-19 07:21:08,362 - coint2.engine.numba_engine - INFO - Запуск Numba-оптимизированного бэктеста для SNXUSDT-SOLOUSDT
2026-01-19 07:21:08,363 - coint2.engine.numba_engine - INFO - Запуск Numba-оптимизированного бэктеста для INTERUSDT-LTCUSDC
2026-01-19 07:21:08,366 - coint2.engine.numba_engine - INFO - Запуск Numba-оптимизированного бэктеста для INTERUSDT-ROSEUSDT
2026-01-19 07:21:08,370 - coint2.engine.numba_engine - INFO - Запуск Numba-оптимизированного бэктеста для MASKUSDT-XRPUSDC
2026-01-19 07:21:08,374 - coint2.engine.numba_engine - INFO - Запуск Numba-оптимизированного бэктеста для PSGUSDT-VPADUSDT
2026-01-19 07:21:08,377 - coint2.engine.numba_engine - INFO - Запуск Numba-оптимизированного бэктеста для INTERUSDT-THETAUSDT
2026-01-19 07:21:08,386 - coint2.engine.numba_engine - INFO - Запуск Numba-оптимизированного бэктеста для INTERUSDT-USTCUSDT
2026-01-19 07:21:08,389 - coint2.engine.numba_engine - INFO - Запуск Numba-оптимизированного бэктеста для MASKUSDT-XRPUSDT
2026-01-19 07:21:08,393 - coint2.engine.numba_engine - INFO - Запуск Numba-оптимизированного бэктеста для AFCUSDT-DOTUSDC
2026-01-19 07:21:08,399 - coint2.engine.numba_engine - INFO - Запуск Numba-оптимизированного бэктеста для ETHWUSDT-GMTUSDT
2026-01-19 07:21:08,409 - coint2.engine.numba_engine - INFO - Запуск Numba-оптимизированного бэктеста для ETHWUSDT-GMTUSDC
2026-01-19 07:21:08,411 - coint2.engine.numba_engine - INFO - Запуск Numba-оптимизированного бэктеста для AFCUSDT-DOTUSDT
2026-01-19 07:21:08,416 - coint2.engine.numba_engine - INFO - Запуск Numba-оптимизированного бэктеста для SUSHIUSDT-USTCUSDT
2026-01-19 07:21:08,432 - coint2.engine.numba_engine - INFO - Запуск Numba-оптимизированного бэктеста для HFTUSDT-RPLUSDT
2026-01-19 07:21:08,435 - coint2.engine.numba_engine - INFO - Запуск Numba-оптимизированного бэктеста для ARKMUSDT-NEXOUSDT
2026-01-19 07:21:08,435 - coint2.engine.numba_engine - INFO - Запуск Numba-оптимизированного бэктеста для THETAUSDT-XRPUSDC
2026-01-19 07:21:08,438 - coint2.engine.numba_engine - INFO - Запуск Numba-оптимизированного бэктеста для THETAUSDT-XRPUSDT
2026-01-19 07:21:08,440 - coint2.engine.numba_engine - INFO - Запуск Numba-оптимизированного бэктеста для INTERUSDT-WAXPUSDT
2026-01-19 07:21:08,441 - coint2.engine.numba_engine - INFO - Запуск Numba-оптимизированного бэктеста для INTERUSDT-ZILUSDT
2026-01-19 07:21:08,455 - coint2.engine.numba_engine - INFO - Запуск Numba-оптимизированного бэктеста для FLOWUSDT-MASKUSDT
2026-01-19 07:21:08,457 - coint2.engine.numba_engine - INFO - Запуск Numba-оптимизированного бэктеста для OMGUSDT-RDNTUSDT
2026-01-19 07:21:08,460 - coint2.engine.numba_engine - INFO - Запуск Numba-оптимизированного бэктеста для RSS3USDT-XTZUSDT
2026-01-19 07:21:08,461 - coint2.engine.numba_engine - INFO - Запуск Numba-оптимизированного бэктеста для INTERUSDT-SOLOUSDT
2026-01-19 07:21:08,462 - coint2.engine.numba_engine - INFO - Запуск Numba-оптимизированного бэктеста для RSS3USDT-SFUNDUSDT
2026-01-19 07:21:08,463 - coint2.engine.numba_engine - INFO - Запуск Numba-оптимизированного бэктеста для INTERUSDT-WAVESUSDT
2026-01-19 07:21:08,466 - coint2.engine.numba_engine - INFO - Запуск Numba-оптимизированного бэктеста для INTERUSDT-MANAUSDC
2026-01-19 07:21:08,478 - coint2.engine.numba_engine - INFO - Запуск Numba-оптимизированного бэктеста для BATUSDT-PEOPLEUSDT
2026-01-19 07:21:08,479 - coint2.engine.numba_engine - INFO - Запуск Numba-оптимизированного бэктеста для RSS3USDT-RVNUSDT
2026-01-19 07:21:08,482 - coint2.engine.numba_engine - INFO - Запуск Numba-оптимизированного бэктеста для FORTUSDT-ICPUSDC
2026-01-19 07:21:08,484 - coint2.engine.numba_engine - INFO - Запуск Numba-оптимизированного бэктеста для FORTUSDT-ICPUSDT
2026-01-19 07:21:08,488 - coint2.engine.numba_engine - INFO - Запуск Numba-оптимизированного бэктеста для CITYUSDT-DOTUSDC
2026-01-19 07:21:08,497 - coint2.engine.numba_engine - INFO - Запуск Numba-оптимизированного бэктеста для CITYUSDT-JUVUSDT
2026-01-19 07:21:08,501 - coint2.engine.numba_engine - INFO - Запуск Numba-оптимизированного бэктеста для DOGEUSDT-TELUSDT
2026-01-19 07:21:08,501 - coint2.engine.numba_engine - INFO - Запуск Numba-оптимизированного бэктеста для ALGOUSDT-IMXUSDT
2026-01-19 07:21:08,506 - coint2.engine.numba_engine - INFO - Запуск Numba-оптимизированного бэктеста для DOGEUSDC-TELUSDT
2026-01-19 07:21:08,506 - coint2.engine.numba_engine - INFO - Запуск Numba-оптимизированного бэктеста для ROSEUSDT-USTCUSDT
2026-01-19 07:21:08,510 - coint2.engine.numba_engine - INFO - Запуск Numba-оптимизированного бэктеста для INTERUSDT-MANAUSDT
2026-01-19 07:21:08,511 - coint2.engine.numba_engine - INFO - Запуск Numba-оптимизированного бэктеста для HFTUSDT-PSGUSDT
2026-01-19 07:21:08,524 - coint2.engine.numba_engine - INFO - Запуск Numba-оптимизированного бэктеста для DOGEUSDC-ETHWUSDT
2026-01-19 07:21:08,526 - coint2.engine.numba_engine - INFO - Запуск Numba-оптимизированного бэктеста для ONEUSDT-XRPUSDC
2026-01-19 07:21:08,529 - coint2.engine.numba_engine - INFO - Запуск Numba-оптимизированного бэктеста для ONEUSDT-XRPUSDT
2026-01-19 07:21:08,529 - coint2.engine.numba_engine - INFO - Запуск Numba-оптимизированного бэктеста для SCUSDT-ZILUSDT
2026-01-19 07:21:08,533 - coint2.engine.numba_engine - INFO - Запуск Numba-оптимизированного бэктеста для HFTUSDC-RPLUSDT
2026-01-19 07:21:08,534 - coint2.engine.numba_engine - INFO - Запуск Numba-оптимизированного бэктеста для HFTUSDC-MOVRUSDT
2026-01-19 07:21:08,545 - coint2.engine.numba_engine - INFO - Запуск Numba-оптимизированного бэктеста для INTERUSDT-QTUMUSDT
2026-01-19 07:21:08,549 - coint2.engine.numba_engine - INFO - Запуск Numba-оптимизированного бэктеста для AFCUSDT-CITYUSDT
2026-01-19 07:21:08,555 - coint2.engine.numba_engine - INFO - Запуск Numba-оптимизированного бэктеста для SUNUSDT-ZRXUSDT
2026-01-19 07:21:08,558 - WARNING - ❌ Ошибка обработки пары AFCUSDT-CITYUSDT: division by zero
2026-01-19 07:21:08,565 - coint2.engine.numba_engine - INFO - Запуск Numba-оптимизированного бэктеста для ADAUSDC-PSGUSDT
2026-01-19 07:21:08,568 - coint2.engine.numba_engine - INFO - Запуск Numba-оптимизированного бэктеста для INTERUSDT-XEMUSDT
2026-01-19 07:21:08,568 - coint2.engine.numba_engine - INFO - Запуск Numba-оптимизированного бэктеста для CTCUSDT-DOTUSDC
2026-01-19 07:21:08,568 - coint2.engine.numba_engine - INFO - Запуск Numba-оптимизированного бэктеста для SUSHIUSDT-UMAUSDT
2026-01-19 07:21:08,592 - coint2.engine.numba_engine - INFO - Запуск Numba-оптимизированного бэктеста для CITYUSDT-DOTUSDT
2026-01-19 07:21:08,592 - coint2.engine.numba_engine - INFO - Запуск Numba-оптимизированного бэктеста для CELOUSDT-ZRXUSDT
2026-01-19 07:21:08,594 - coint2.engine.numba_engine - INFO - Запуск Numba-оптимизированного бэктеста для ALGOUSDT-WAXPUSDT
2026-01-19 07:21:08,605 - coint2.engine.numba_engine - INFO - Запуск Numba-оптимизированного бэктеста для BATUSDT-QTUMUSDT
2026-01-19 07:21:08,614 - coint2.engine.numba_engine - INFO - Запуск Numba-оптимизированного бэктеста для HFTUSDC-PSGUSDT
2026-01-19 07:21:08,615 - coint2.engine.numba_engine - INFO - Запуск Numba-оптимизированного бэктеста для BATUSDT-UMAUSDT
2026-01-19 07:21:08,617 - coint2.engine.numba_engine - INFO - Запуск Numba-оптимизированного бэктеста для ROSEUSDT-WAXPUSDT
2026-01-19 07:21:08,636 - coint2.engine.numba_engine - INFO - Запуск Numba-оптимизированного бэктеста для HFTUSDT-MOVRUSDT
2026-01-19 07:21:08,636 - coint2.engine.numba_engine - INFO - Запуск Numba-оптимизированного бэктеста для ALGOUSDT-USTCUSDT
2026-01-19 07:21:08,640 - coint2.engine.numba_engine - INFO - Запуск Numba-оптимизированного бэктеста для GMTUSDT-SANDUSDT
2026-01-19 07:21:08,658 - coint2.engine.numba_engine - INFO - Запуск Numba-оптимизированного бэктеста для DOGEUSDT-ETHWUSDT
2026-01-19 07:21:08,658 - coint2.engine.numba_engine - INFO - Запуск Numba-оптимизированного бэктеста для ADAUSDT-PSGUSDT
2026-01-19 07:21:08,677 - coint2.engine.numba_engine - INFO - Запуск Numba-оптимизированного бэктеста для USTCUSDT-ZILUSDT
2026-01-19 07:21:08,681 - coint2.engine.numba_engine - INFO - Запуск Numba-оптимизированного бэктеста для ALGOUSDT-ROSEUSDT
2026-01-19 07:21:08,681 - coint2.engine.numba_engine - INFO - Запуск Numba-оптимизированного бэктеста для LTCBTC-RVNUSDT
2026-01-19 07:21:08,704 - coint2.engine.numba_engine - INFO - Запуск Numba-оптимизированного бэктеста для WAXPUSDT-ZILUSDT
2026-01-19 07:21:08,742 - INFO -   ⏱️ Параллельная обработка завершена за 0.6с (135.2 пар/с)
2026-01-19 07:21:08,768 - coint2.pipeline.walk_forward_orchestrator - INFO - 🎯 СИМУЛЯЦИЯ ПОРТФЕЛЯ: 76 пар, лимит 15 позиций
2026-01-19 07:21:09,466 - coint2.pipeline.walk_forward_orchestrator - INFO -    📈 Макс. одновременных сигналов: 25
2026-01-19 07:21:09,466 - coint2.pipeline.walk_forward_orchestrator - INFO -    📊 Средн. сигналов за период: 1.1
2026-01-19 07:21:09,467 - coint2.pipeline.walk_forward_orchestrator - INFO -    🎯 Финальных активных позиций: 0
2026-01-19 07:21:09,468 - coint2.pipeline.walk_forward_orchestrator - INFO -    ⚡ Утилизация лимита позиций: 7.1%
2026-01-19 07:21:09,468 - WARNING -   ⚠️ Ошибка обработки пары AFCUSDT-CITYUSDT: division by zero
2026-01-19 07:21:09,469 - INFO - ⇠ WF-шаг 1/5 backtests — completed 77 items in 1.30s (59.4 items/s)
2026-01-19 07:21:09,469 - INFO -   ✅ Обработка завершена: 76 успешно, 1 с ошибками
2026-01-19 07:21:09,469 - INFO -   📊 Успешность: 98.7%, прибыльность: 61.8%, сделок/пара: 20.7
2026-01-19 07:21:09,469 - INFO -   ✅ Завершены бэктесты для 77 пар
2026-01-19 07:21:09,469 - INFO -   📊 Всего обработано пар в этом шаге: 77
2026-01-19 07:21:09,469 - INFO -   📈 Результаты шага: 47/77 прибыльных пар, 1571 сделок
2026-01-19 07:21:09,469 - INFO -   💰 P&L шага: $+144.81
2026-01-19 07:21:09,469 - INFO -   ⇢ Обновление капитала и дневного P&L...
2026-01-19 07:21:10,627 - INFO -   💼 Шаг P&L: $+144.81, Накопленный капитал: $10,144.81
2026-01-19 07:21:10,628 - INFO - ------------------------------------------------------------
2026-01-19 07:21:10,628 - INFO -   Walk-forward steps: 1 / 5 (20.0%) | 0.0 items/s | ETA: 1090.2s
2026-01-19 07:21:10,628 - INFO - 🔍 WF-шаг 2/5: Валидация временных окон...
2026-01-19 07:21:10,628 - INFO - ⇢ WF-шаг 2/5: training 2023-09-01-2023-10-30, testing 2023-10-31-2023-11-30 — start
2026-01-19 07:21:10,628 - INFO - ⇢ loading step data — start
2026-01-19 07:21:10,805 - INFO - ⇠ loading step data — done in 0.18s
2026-01-19 07:21:11,967 - INFO - 📊 WF-шаг 2/5: Границы данных:
2026-01-19 07:21:11,967 - INFO -    Training: 2023-09-01 00:00:00 → 2023-10-30 23:45:00 (5,760 строк × 292 символов)
2026-01-19 07:21:11,967 - INFO -    Testing:  2023-10-31 00:00:00 → 2023-11-30 00:00:00 (2,881 строк × 292 символов)
2026-01-19 07:21:11,967 - INFO -    Временной разрыв: 0 days 00:15:00
2026-01-19 07:21:12,005 - INFO - ⇢ normalizing training data — start
2026-01-19 07:21:12,037 - INFO -   Символы с NaN значениями: 26
2026-01-19 07:21:12,038 - INFO -   Применяем метод нормализации: rolling_zscore
2026-01-19 07:21:12,052 - INFO - Символы с недостаточной историей: 17 из 292
2026-01-19 07:21:12,441 - INFO - Символы с NaN после нормализации: 275
2026-01-19 07:21:12,447 - INFO - Удалено 617 начальных строк с NaN от rolling расчетов
2026-01-19 07:21:12,449 - INFO - Итоговое количество символов после нормализации: 275 из 292
2026-01-19 07:21:12,450 - INFO -   Статистика нормализации:
2026-01-19 07:21:12,450 - INFO -     Исходные символы: 292
2026-01-19 07:21:12,450 - INFO -     Недостаточная история: 17
2026-01-19 07:21:12,450 - INFO -     Постоянная цена: 0
2026-01-19 07:21:12,450 - INFO -     NaN после нормализации: 275
2026-01-19 07:21:12,450 - INFO -     Итоговые символы: 275 (94.2%)
2026-01-19 07:21:12,450 - INFO -   После нормализации: 275 символов (потеряно 17)
2026-01-19 07:21:12,450 - INFO -   Отброшенные символы: BEAMUSDT, FETUSDT, FLIPUSDT, JEFFUSDT, MEMEUSDT, POLUSDT, PPTUSDT, PYTHUSDT, PYUSDUSDT, ROOTUSDT, RPKUSDT, SHRAPUSDT, TIAUSDT, TOKENUSDT, TUSDUSDT, VRTXUSDT, ZTXUSDT
2026-01-19 07:21:12,450 - INFO - ⇠ normalizing training data — done in 0.44s
2026-01-19 07:21:12,451 - INFO - ⇢ SSD computation — start
2026-01-19 07:21:12,451 - INFO -   Расчет SSD для всех пар (без ограничения)
2026-01-19 07:21:14,630 - INFO -   SSD результат (все пары): 37675 пар
2026-01-19 07:21:14,631 - INFO -   Ограничиваем до top-20000 пар для дальнейшей обработки
2026-01-19 07:21:14,632 - INFO - ⇠ SSD computation — done in 2.18s
2026-01-19 07:21:14,639 - INFO - ⇢ filtering pairs by cointegration and half-life — start
2026-01-19 07:21:14,639 - INFO - [ФИЛЬТР] Параллельная фильтрация: threads (8 workers)
2026-01-19 07:24:01,181 - INFO - [ФИЛЬТР] После проверки данных: 20000 пар
2026-01-19 07:24:01,181 - INFO - [ФИЛЬТР] После фильтра корреляции (>0.65): 7739 пар
2026-01-19 07:24:01,181 - INFO - [ФИЛЬТР] После фильтра beta: 5053 пар
2026-01-19 07:24:01,181 - INFO - [ФИЛЬТР] После фильтра mean crossings: 5053 пар
2026-01-19 07:24:01,181 - INFO - [ФИЛЬТР] После фильтра half-life: 5012 пар
2026-01-19 07:24:01,181 - INFO - [ФИЛЬТР] После фильтра коинтеграции: 1776 пар
2026-01-19 07:24:01,181 - INFO - [ФИЛЬТР] После фильтра Hurst: 1052 пар
2026-01-19 07:24:01,181 - INFO - [ФИЛЬТР] После фильтра KPSS: 29 пар
2026-01-19 07:24:01,181 - INFO - [ФИЛЬТР] После фильтра market microstructure: 29 пар
2026-01-19 07:24:01,181 - INFO - [ФИЛЬТР] Статистика фильтрации (оптимизированный порядок):
2026-01-19 07:24:01,181 - INFO -   1. SSD → Коинтеграция: 20000 → 1776 пар
2026-01-19 07:24:01,181 - INFO -   2. Коинтеграция → Beta: 1776 → 5053 пар
2026-01-19 07:24:01,181 - INFO -   3. Beta → Half-life: 5053 → 5012 пар
2026-01-19 07:24:01,181 - INFO -   4. Half-life → Mean crossings: 5012 → 5053 пар
2026-01-19 07:24:01,181 - INFO -   5. Mean crossings → Hurst: 5053 → 1052 пар
2026-01-19 07:24:01,181 - INFO -   6. Hurst → KPSS: 1052 → 29 пар
2026-01-19 07:24:01,181 - INFO -   7. KPSS → Market microstructure: 29 → 29 пар
2026-01-19 07:24:01,181 - INFO - [ФИЛЬТР] Причины отсева:
2026-01-19 07:24:01,181 - INFO -   • low_correlation: 12261 пар (61.3%)
2026-01-19 07:24:01,181 - INFO -   • pvalue: 3236 пар (16.2%)
2026-01-19 07:24:01,181 - INFO -   • beta: 2686 пар (13.4%)
2026-01-19 07:24:01,181 - INFO -   • kpss: 1023 пар (5.1%)
2026-01-19 07:24:01,181 - INFO -   • hurst: 724 пар (3.6%)
2026-01-19 07:24:01,181 - INFO -   • half_life: 41 пар (0.2%)
2026-01-19 07:24:01,182 - INFO - [ФИЛЬТР] Итого: 20000 → 29 пар (0.1% прошли все фильтры)
2026-01-19 07:24:01,211 - INFO - Причины отсева сохранены в results/filter_reasons_20260119_072401.csv
2026-01-19 07:24:01,220 - INFO -   Pair stability filter: 29 → 0 (window=2, min_steps=1, history=1)
2026-01-19 07:24:01,220 - INFO -   Фильтрация: 20000 → 0 пар
2026-01-19 07:24:01,220 - INFO - ⇠ filtering pairs by cointegration and half-life — done in 166.58s
2026-01-19 07:24:01,220 - INFO - ⇠ WF-шаг 2/5: training 2023-09-01-2023-10-30, testing 2023-10-31-2023-11-30 — done in 170.59s
2026-01-19 07:24:01,220 - INFO -   Всего пар для торговли: 0 (ограничение 15 применяется к одновременно открытым позициям)
2026-01-19 07:24:01,221 - INFO -   💰 Проверка расчета капитала: equity=$10,144.81, кандидатных_пар=0, max_позиций=15
2026-01-19 07:24:01,221 - INFO -   🎯 Target concurrency: 0 (ожидаемое одновременное число позиций)
2026-01-19 07:24:01,221 - INFO -   💼 Шаг P&L: $+0.00, Накопленный капитал: $10,144.81
2026-01-19 07:24:01,221 - INFO - ------------------------------------------------------------
2026-01-19 07:24:01,221 - INFO -   Walk-forward steps: 2 / 5 (40.0%) | 0.0 items/s | ETA: 664.7s
2026-01-19 07:24:01,221 - INFO - 🔍 WF-шаг 3/5: Валидация временных окон...
2026-01-19 07:24:01,222 - INFO - ⇢ WF-шаг 3/5: training 2023-10-01-2023-11-29, testing 2023-11-30-2023-12-30 — start
2026-01-19 07:24:01,222 - INFO - ⇢ loading step data — start
2026-01-19 07:24:01,375 - INFO - ⇠ loading step data — done in 0.15s
2026-01-19 07:24:02,731 - INFO - 📊 WF-шаг 3/5: Границы данных:
2026-01-19 07:24:02,731 - INFO -    Training: 2023-10-01 00:00:00 → 2023-11-29 23:45:00 (5,760 строк × 309 символов)
2026-01-19 07:24:02,731 - INFO -    Testing:  2023-11-30 00:00:00 → 2023-12-30 00:00:00 (2,881 строк × 309 символов)
2026-01-19 07:24:02,731 - INFO -    Временной разрыв: 0 days 00:15:00
2026-01-19 07:24:02,769 - INFO - ⇢ normalizing training data — start
2026-01-19 07:24:02,803 - INFO -   Символы с NaN значениями: 33
2026-01-19 07:24:02,803 - INFO -   Применяем метод нормализации: rolling_zscore
2026-01-19 07:24:02,817 - INFO - Символы с недостаточной историей: 32 из 309
2026-01-19 07:24:03,205 - INFO - Символы с NaN после нормализации: 277
2026-01-19 07:24:03,211 - INFO - Удалено 233 начальных строк с NaN от rolling расчетов
2026-01-19 07:24:03,213 - INFO - Итоговое количество символов после нормализации: 277 из 309
2026-01-19 07:24:03,213 - INFO -   Статистика нормализации:
2026-01-19 07:24:03,213 - INFO -     Исходные символы: 309
2026-01-19 07:24:03,213 - INFO -     Недостаточная история: 32
2026-01-19 07:24:03,213 - INFO -     Постоянная цена: 0
2026-01-19 07:24:03,213 - INFO -     NaN после нормализации: 277
2026-01-19 07:24:03,213 - INFO -     Итоговые символы: 277 (89.6%)
2026-01-19 07:24:03,214 - INFO -   После нормализации: 277 символов (потеряно 32)
2026-01-19 07:24:03,214 - INFO -   Отброшено много символов: 32 из 309
2026-01-19 07:24:03,214 - INFO - ⇠ normalizing training data — done in 0.44s
2026-01-19 07:24:03,215 - INFO - ⇢ SSD computation — start
2026-01-19 07:24:03,215 - INFO -   Расчет SSD для всех пар (без ограничения)
2026-01-19 07:24:05,554 - INFO -   SSD результат (все пары): 38226 пар
2026-01-19 07:24:05,554 - INFO -   Ограничиваем до top-20000 пар для дальнейшей обработки
2026-01-19 07:24:05,555 - INFO - ⇠ SSD computation — done in 2.34s
2026-01-19 07:24:05,561 - INFO - ⇢ filtering pairs by cointegration and half-life — start
2026-01-19 07:24:05,561 - INFO - [ФИЛЬТР] Параллельная фильтрация: threads (8 workers)
2026-01-19 07:28:11,952 - INFO - [ФИЛЬТР] После проверки данных: 20000 пар
2026-01-19 07:28:11,952 - INFO - [ФИЛЬТР] После фильтра корреляции (>0.65): 16504 пар
2026-01-19 07:28:11,952 - INFO - [ФИЛЬТР] После фильтра beta: 11381 пар
2026-01-19 07:28:11,952 - INFO - [ФИЛЬТР] После фильтра mean crossings: 11381 пар
2026-01-19 07:28:11,952 - INFO - [ФИЛЬТР] После фильтра half-life: 11342 пар
2026-01-19 07:28:11,952 - INFO - [ФИЛЬТР] После фильтра коинтеграции: 2245 пар
2026-01-19 07:28:11,952 - INFO - [ФИЛЬТР] После фильтра Hurst: 888 пар
2026-01-19 07:28:11,952 - INFO - [ФИЛЬТР] После фильтра KPSS: 43 пар
2026-01-19 07:28:11,952 - INFO - [ФИЛЬТР] После фильтра market microstructure: 43 пар
2026-01-19 07:28:11,952 - INFO - [ФИЛЬТР] Статистика фильтрации (оптимизированный порядок):
2026-01-19 07:28:11,952 - INFO -   1. SSD → Коинтеграция: 20000 → 2245 пар
2026-01-19 07:28:11,952 - INFO -   2. Коинтеграция → Beta: 2245 → 11381 пар
2026-01-19 07:28:11,952 - INFO -   3. Beta → Half-life: 11381 → 11342 пар
2026-01-19 07:28:11,952 - INFO -   4. Half-life → Mean crossings: 11342 → 11381 пар
2026-01-19 07:28:11,952 - INFO -   5. Mean crossings → Hurst: 11381 → 888 пар
2026-01-19 07:28:11,952 - INFO -   6. Hurst → KPSS: 888 → 43 пар
2026-01-19 07:28:11,952 - INFO -   7. KPSS → Market microstructure: 43 → 43 пар
2026-01-19 07:28:11,952 - INFO - [ФИЛЬТР] Причины отсева:
2026-01-19 07:28:11,952 - INFO -   • pvalue: 9097 пар (45.5%)
2026-01-19 07:28:11,952 - INFO -   • beta: 5123 пар (25.6%)
2026-01-19 07:28:11,953 - INFO -   • low_correlation: 3496 пар (17.5%)
2026-01-19 07:28:11,953 - INFO -   • hurst: 1357 пар (6.8%)
2026-01-19 07:28:11,953 - INFO -   • kpss: 845 пар (4.2%)
2026-01-19 07:28:11,953 - INFO -   • half_life: 39 пар (0.2%)
2026-01-19 07:28:11,953 - INFO - [ФИЛЬТР] Итого: 20000 → 43 пар (0.2% прошли все фильтры)
2026-01-19 07:28:11,986 - INFO - Причины отсева сохранены в results/filter_reasons_20260119_072811.csv
2026-01-19 07:28:11,995 - INFO -   Pair stability filter: 43 → 0 (window=2, min_steps=1, history=2)
2026-01-19 07:28:11,995 - INFO -   Фильтрация: 20000 → 0 пар
2026-01-19 07:28:11,995 - INFO - ⇠ filtering pairs by cointegration and half-life — done in 246.43s
2026-01-19 07:28:11,995 - INFO - ⇠ WF-шаг 3/5: training 2023-10-01-2023-11-29, testing 2023-11-30-2023-12-30 — done in 250.77s
2026-01-19 07:28:11,995 - INFO -   Всего пар для торговли: 0 (ограничение 15 применяется к одновременно открытым позициям)
2026-01-19 07:28:11,996 - INFO -   💰 Проверка расчета капитала: equity=$10,144.81, кандидатных_пар=0, max_позиций=15
2026-01-19 07:28:11,996 - INFO -   🎯 Target concurrency: 0 (ожидаемое одновременное число позиций)
2026-01-19 07:28:11,996 - INFO -   💼 Шаг P&L: $+0.00, Накопленный капитал: $10,144.81
2026-01-19 07:28:11,996 - INFO - ------------------------------------------------------------
2026-01-19 07:28:11,996 - INFO -   Walk-forward steps: 3 / 5 (60.0%) | 0.0 items/s | ETA: 462.6s
2026-01-19 07:28:11,996 - INFO - 🔍 WF-шаг 4/5: Валидация временных окон...
2026-01-19 07:28:11,997 - INFO - ⇢ WF-шаг 4/5: training 2023-10-31-2023-12-29, testing 2023-12-30-2024-01-29 — start
2026-01-19 07:28:11,997 - INFO - ⇢ loading step data — start
2026-01-19 07:28:12,189 - INFO - ⇠ loading step data — done in 0.19s
2026-01-19 07:28:13,542 - INFO - 📊 WF-шаг 4/5: Границы данных:
2026-01-19 07:28:13,543 - INFO -    Training: 2023-10-31 00:00:00 → 2023-12-29 23:45:00 (5,760 строк × 327 символов)
2026-01-19 07:28:13,543 - INFO -    Testing:  2023-12-30 00:00:00 → 2024-01-29 00:00:00 (2,881 строк × 327 символов)
2026-01-19 07:28:13,543 - INFO -    Временной разрыв: 0 days 00:15:00
2026-01-19 07:28:13,583 - INFO - ⇢ normalizing training data — start
2026-01-19 07:28:13,624 - INFO -   Символы с NaN значениями: 45
2026-01-19 07:28:13,624 - INFO -   Применяем метод нормализации: rolling_zscore
2026-01-19 07:28:13,639 - INFO - Символы с недостаточной историей: 40 из 327
2026-01-19 07:28:14,064 - INFO - Символы с NaN после нормализации: 287
2026-01-19 07:28:14,070 - INFO - Удалено 809 начальных строк с NaN от rolling расчетов
2026-01-19 07:28:14,072 - INFO - Итоговое количество символов после нормализации: 287 из 327
2026-01-19 07:28:14,072 - INFO -   Статистика нормализации:
2026-01-19 07:28:14,072 - INFO -     Исходные символы: 327
2026-01-19 07:28:14,072 - INFO -     Недостаточная история: 40
2026-01-19 07:28:14,072 - INFO -     Постоянная цена: 0
2026-01-19 07:28:14,072 - INFO -     NaN после нормализации: 287
2026-01-19 07:28:14,072 - INFO -     Итоговые символы: 287 (87.8%)
2026-01-19 07:28:14,072 - INFO -   После нормализации: 287 символов (потеряно 40)
2026-01-19 07:28:14,072 - INFO -   Отброшено много символов: 40 из 327
2026-01-19 07:28:14,072 - INFO - ⇠ normalizing training data — done in 0.49s
2026-01-19 07:28:14,073 - INFO - ⇢ SSD computation — start
2026-01-19 07:28:14,073 - INFO -   Расчет SSD для всех пар (без ограничения)
2026-01-19 07:28:16,386 - INFO -   SSD результат (все пары): 41041 пар
2026-01-19 07:28:16,386 - INFO -   Ограничиваем до top-20000 пар для дальнейшей обработки
2026-01-19 07:28:16,387 - INFO - ⇠ SSD computation — done in 2.31s
2026-01-19 07:28:16,394 - INFO - ⇢ filtering pairs by cointegration and half-life — start
2026-01-19 07:28:16,394 - INFO - [ФИЛЬТР] Параллельная фильтрация: threads (8 workers)
2026-01-19 07:31:08,934 - INFO - [ФИЛЬТР] После проверки данных: 20000 пар
2026-01-19 07:31:08,934 - INFO - [ФИЛЬТР] После фильтра корреляции (>0.65): 10583 пар
2026-01-19 07:31:08,934 - INFO - [ФИЛЬТР] После фильтра beta: 6994 пар
2026-01-19 07:31:08,935 - INFO - [ФИЛЬТР] После фильтра mean crossings: 6994 пар
2026-01-19 07:31:08,936 - INFO - [ФИЛЬТР] После фильтра half-life: 6954 пар
2026-01-19 07:31:08,936 - INFO - [ФИЛЬТР] После фильтра коинтеграции: 1425 пар
2026-01-19 07:31:08,936 - INFO - [ФИЛЬТР] После фильтра Hurst: 669 пар
2026-01-19 07:31:08,936 - INFO - [ФИЛЬТР] После фильтра KPSS: 21 пар
2026-01-19 07:31:08,936 - INFO - [ФИЛЬТР] После фильтра market microstructure: 21 пар
2026-01-19 07:31:08,936 - INFO - [ФИЛЬТР] Статистика фильтрации (оптимизированный порядок):
2026-01-19 07:31:08,936 - INFO -   1. SSD → Коинтеграция: 20000 → 1425 пар
2026-01-19 07:31:08,936 - INFO -   2. Коинтеграция → Beta: 1425 → 6994 пар
2026-01-19 07:31:08,936 - INFO -   3. Beta → Half-life: 6994 → 6954 пар
2026-01-19 07:31:08,936 - INFO -   4. Half-life → Mean crossings: 6954 → 6994 пар
2026-01-19 07:31:08,936 - INFO -   5. Mean crossings → Hurst: 6994 → 669 пар
2026-01-19 07:31:08,936 - INFO -   6. Hurst → KPSS: 669 → 21 пар
2026-01-19 07:31:08,936 - INFO -   7. KPSS → Market microstructure: 21 → 21 пар
2026-01-19 07:31:08,936 - INFO - [ФИЛЬТР] Причины отсева:
2026-01-19 07:31:08,936 - INFO -   • low_correlation: 9417 пар (47.1%)
2026-01-19 07:31:08,936 - INFO -   • pvalue: 5529 пар (27.6%)
2026-01-19 07:31:08,936 - INFO -   • beta: 3589 пар (17.9%)
2026-01-19 07:31:08,936 - INFO -   • hurst: 756 пар (3.8%)
2026-01-19 07:31:08,936 - INFO -   • kpss: 648 пар (3.2%)
2026-01-19 07:31:08,936 - INFO -   • half_life: 40 пар (0.2%)
2026-01-19 07:31:08,936 - INFO - [ФИЛЬТР] Итого: 20000 → 21 пар (0.1% прошли все фильтры)
2026-01-19 07:31:08,968 - INFO - Причины отсева сохранены в results/filter_reasons_20260119_073108.csv
2026-01-19 07:31:08,977 - INFO -   Pair stability filter: 21 → 0 (window=2, min_steps=1, history=3)
2026-01-19 07:31:08,977 - INFO -   Фильтрация: 20000 → 0 пар
2026-01-19 07:31:08,977 - INFO - ⇠ filtering pairs by cointegration and half-life — done in 172.58s
2026-01-19 07:31:08,977 - INFO - ⇠ WF-шаг 4/5: training 2023-10-31-2023-12-29, testing 2023-12-30-2024-01-29 — done in 176.98s
2026-01-19 07:31:08,977 - INFO -   Всего пар для торговли: 0 (ограничение 15 применяется к одновременно открытым позициям)
2026-01-19 07:31:08,977 - INFO -   💰 Проверка расчета капитала: equity=$10,144.81, кандидатных_пар=0, max_позиций=15
2026-01-19 07:31:08,977 - INFO -   🎯 Target concurrency: 0 (ожидаемое одновременное число позиций)
2026-01-19 07:31:08,978 - INFO -   💼 Шаг P&L: $+0.00, Накопленный капитал: $10,144.81
2026-01-19 07:31:08,978 - INFO - ------------------------------------------------------------
2026-01-19 07:31:08,978 - INFO -   Walk-forward steps: 4 / 5 (80.0%) | 0.0 items/s | ETA: 217.7s
2026-01-19 07:31:08,978 - INFO - 🔍 WF-шаг 5/5: Валидация временных окон...
2026-01-19 07:31:08,979 - INFO - ⇢ WF-шаг 5/5: training 2023-11-30-2024-01-28, testing 2024-01-29-2024-02-28 — start
2026-01-19 07:31:08,979 - INFO - ⇢ loading step data — start
2026-01-19 07:31:09,172 - INFO - ⇠ loading step data — done in 0.19s
2026-01-19 07:31:10,553 - INFO - 📊 WF-шаг 5/5: Границы данных:
2026-01-19 07:31:10,553 - INFO -    Training: 2023-11-30 00:00:00 → 2024-01-28 23:45:00 (5,760 строк × 344 символов)
2026-01-19 07:31:10,553 - INFO -    Testing:  2024-01-29 00:00:00 → 2024-02-28 00:00:00 (2,881 строк × 344 символов)
2026-01-19 07:31:10,553 - INFO -    Временной разрыв: 0 days 00:15:00
2026-01-19 07:31:10,595 - INFO - ⇢ normalizing training data — start
2026-01-19 07:31:10,633 - INFO -   Символы с NaN значениями: 52
2026-01-19 07:31:10,633 - INFO -   Применяем метод нормализации: rolling_zscore
2026-01-19 07:31:10,648 - INFO - Символы с недостаточной историей: 44 из 344
2026-01-19 07:31:11,055 - INFO - Символы с NaN после нормализации: 300
2026-01-19 07:31:11,061 - INFO - Удалено 809 начальных строк с NaN от rolling расчетов
2026-01-19 07:31:11,063 - INFO - Итоговое количество символов после нормализации: 300 из 344
2026-01-19 07:31:11,063 - INFO -   Статистика нормализации:
2026-01-19 07:31:11,063 - INFO -     Исходные символы: 344
2026-01-19 07:31:11,063 - INFO -     Недостаточная история: 44
2026-01-19 07:31:11,064 - INFO -     Постоянная цена: 0
2026-01-19 07:31:11,064 - INFO -     NaN после нормализации: 300
2026-01-19 07:31:11,064 - INFO -     Итоговые символы: 300 (87.2%)
2026-01-19 07:31:11,064 - INFO -   После нормализации: 300 символов (потеряно 44)
2026-01-19 07:31:11,064 - INFO -   Отброшено много символов: 44 из 344
2026-01-19 07:31:11,064 - INFO - ⇠ normalizing training data — done in 0.47s
2026-01-19 07:31:11,065 - INFO - ⇢ SSD computation — start
2026-01-19 07:31:11,065 - INFO -   Расчет SSD для всех пар (без ограничения)
2026-01-19 07:31:13,730 - INFO -   SSD результат (все пары): 44850 пар
2026-01-19 07:31:13,730 - INFO -   Ограничиваем до top-20000 пар для дальнейшей обработки
2026-01-19 07:31:13,731 - INFO - ⇠ SSD computation — done in 2.67s
2026-01-19 07:31:13,738 - INFO - ⇢ filtering pairs by cointegration and half-life — start
2026-01-19 07:31:13,738 - INFO - [ФИЛЬТР] Параллельная фильтрация: threads (8 workers)
2026-01-19 07:33:26,661 - INFO - [ФИЛЬТР] После проверки данных: 20000 пар
2026-01-19 07:33:26,661 - INFO - [ФИЛЬТР] После фильтра корреляции (>0.65): 4689 пар
2026-01-19 07:33:26,661 - INFO - [ФИЛЬТР] После фильтра beta: 3504 пар
2026-01-19 07:33:26,661 - INFO - [ФИЛЬТР] После фильтра mean crossings: 3504 пар
2026-01-19 07:33:26,661 - INFO - [ФИЛЬТР] После фильтра half-life: 3475 пар
2026-01-19 07:33:26,661 - INFO - [ФИЛЬТР] После фильтра коинтеграции: 1395 пар
2026-01-19 07:33:26,661 - INFO - [ФИЛЬТР] После фильтра Hurst: 720 пар
2026-01-19 07:33:26,661 - INFO - [ФИЛЬТР] После фильтра KPSS: 48 пар
2026-01-19 07:33:26,661 - INFO - [ФИЛЬТР] После фильтра market microstructure: 48 пар
2026-01-19 07:33:26,661 - INFO - [ФИЛЬТР] Статистика фильтрации (оптимизированный порядок):
2026-01-19 07:33:26,661 - INFO -   1. SSD → Коинтеграция: 20000 → 1395 пар
2026-01-19 07:33:26,661 - INFO -   2. Коинтеграция → Beta: 1395 → 3504 пар
2026-01-19 07:33:26,661 - INFO -   3. Beta → Half-life: 3504 → 3475 пар
2026-01-19 07:33:26,661 - INFO -   4. Half-life → Mean crossings: 3475 → 3504 пар
2026-01-19 07:33:26,661 - INFO -   5. Mean crossings → Hurst: 3504 → 720 пар
2026-01-19 07:33:26,661 - INFO -   6. Hurst → KPSS: 720 → 48 пар
2026-01-19 07:33:26,661 - INFO -   7. KPSS → Market microstructure: 48 → 48 пар
2026-01-19 07:33:26,661 - INFO - [ФИЛЬТР] Причины отсева:
2026-01-19 07:33:26,662 - INFO -   • low_correlation: 15311 пар (76.6%)
2026-01-19 07:33:26,662 - INFO -   • pvalue: 2080 пар (10.4%)
2026-01-19 07:33:26,662 - INFO -   • beta: 1185 пар (5.9%)
2026-01-19 07:33:26,662 - INFO -   • hurst: 675 пар (3.4%)
2026-01-19 07:33:26,662 - INFO -   • kpss: 672 пар (3.4%)
2026-01-19 07:33:26,662 - INFO -   • half_life: 29 пар (0.1%)
2026-01-19 07:33:26,662 - INFO - [ФИЛЬТР] Итого: 20000 → 48 пар (0.2% прошли все фильтры)
2026-01-19 07:33:26,691 - INFO - Причины отсева сохранены в results/filter_reasons_20260119_073326.csv
2026-01-19 07:33:26,698 - INFO -   Pair stability filter: 48 → 1 (window=2, min_steps=1, history=4)
2026-01-19 07:33:26,698 - INFO -   Фильтрация: 20000 → 1 пар
2026-01-19 07:33:26,698 - INFO - ⇠ filtering pairs by cointegration and half-life — done in 132.96s
2026-01-19 07:33:26,698 - INFO - ⇠ WF-шаг 5/5: training 2023-11-30-2024-01-28, testing 2024-01-29-2024-02-28 — done in 137.72s
2026-01-19 07:33:26,698 - INFO -   Топ-3 пары по волатильности спреда:
2026-01-19 07:33:26,698 - INFO -     1. ETHDAI-STETHUSDT: beta=0.9934, std=13.3291
2026-01-19 07:33:26,698 - INFO -   Всего пар для торговли: 1 (ограничение 15 применяется к одновременно открытым позициям)
2026-01-19 07:33:26,699 - INFO -   💰 Проверка расчета капитала: equity=$10,144.81, кандидатных_пар=1, max_позиций=15
2026-01-19 07:33:26,699 - INFO -   🎯 Target concurrency: 1 (ожидаемое одновременное число позиций)
2026-01-19 07:33:26,699 - INFO -   📊 Детали расчета капитала:
2026-01-19 07:33:26,699 - INFO -      • Базовый капитал на пару: $10,144.81 (equity / target_concurrency)
2026-01-19 07:33:26,699 - INFO -      • Риск-капитал: $152.17 (1.5% от equity)
2026-01-19 07:33:26,699 - INFO -      • Макс. размер позиции: $202.90 (2.0% от equity)
2026-01-19 07:33:26,699 - INFO -      • Итоговый капитал на пару: $152.17
2026-01-19 07:33:26,699 - INFO - ⇢ WF-шаг 5/5 backtests — starting 1 items
2026-01-19 07:33:26,699 - INFO - 🚀 WF-шаг 5/5: Начинаем бэктесты для 1 пар...
2026-01-19 07:33:26,699 - INFO - 🚀 WF-шаг 5/5: Запускаем параллельную обработку 1 пар на 8 ядрах...
2026-01-19 07:33:26,699 - INFO - 🚀 WF-шаг 5/5: Режим параллельности: процессы
2026-01-19 07:33:26,711 - coint2.engine.numba_engine - INFO - Запуск Numba-оптимизированного бэктеста для ETHDAI-STETHUSDT
2026-01-19 07:33:26,761 - INFO -   ⏱️ Параллельная обработка завершена за 0.1с (16.2 пар/с)
2026-01-19 07:33:26,763 - coint2.pipeline.walk_forward_orchestrator - INFO - 🎯 СИМУЛЯЦИЯ ПОРТФЕЛЯ: 1 пар, лимит 15 позиций
2026-01-19 07:33:27,020 - coint2.pipeline.walk_forward_orchestrator - INFO -    📈 Макс. одновременных сигналов: 1
2026-01-19 07:33:27,020 - coint2.pipeline.walk_forward_orchestrator - INFO -    📊 Средн. сигналов за период: 0.0
2026-01-19 07:33:27,020 - coint2.pipeline.walk_forward_orchestrator - INFO -    🎯 Финальных активных позиций: 0
2026-01-19 07:33:27,021 - coint2.pipeline.walk_forward_orchestrator - INFO -    ⚡ Утилизация лимита позиций: 0.1%
2026-01-19 07:33:27,021 - INFO - ⇠ WF-шаг 5/5 backtests — completed 1 items in 0.32s (3.1 items/s)
2026-01-19 07:33:27,022 - INFO -   ✅ Обработка завершена: 1 успешно, 0 с ошибками
2026-01-19 07:33:27,022 - INFO -   📊 Успешность: 100.0%, прибыльность: 100.0%, сделок/пара: 21.0
2026-01-19 07:33:27,022 - INFO -   ✅ Завершены бэктесты для 1 пар
2026-01-19 07:33:27,022 - INFO -   📊 Всего обработано пар в этом шаге: 1
2026-01-19 07:33:27,022 - INFO -   📈 Результаты шага: 1/1 прибыльных пар, 21 сделок
2026-01-19 07:33:27,022 - INFO -   💰 P&L шага: $+3.46
2026-01-19 07:33:27,022 - INFO -   ⇢ Обновление капитала и дневного P&L...
2026-01-19 07:33:28,324 - INFO -   💼 Шаг P&L: $+3.46, Накопленный капитал: $10,148.26
2026-01-19 07:33:28,324 - INFO - ------------------------------------------------------------
2026-01-19 07:33:28,324 - INFO -   Walk-forward steps: 5 / 5 (100.0%) | 0.0 items/s | ETA: 0.0s
2026-01-19 07:33:28,324 - INFO - ⇠ Walk-forward steps — completed 5 items in 1010.25s (0.0 items/s)
2026-01-19 07:33:28,324 - INFO - ================================================================================
2026-01-19 07:33:28,324 - INFO - 🏁 Walk-forward анализ завершен!
2026-01-19 07:33:28,324 - INFO - ⏱️ Обработано 5 шагов за 1.6 секунд
2026-01-19 07:33:28,324 - INFO - 📊 Всего обработано пар за весь анализ: 78
2026-01-19 07:33:28,324 - INFO - 💰 Финальный капитал: $10,148.26 (было $10,000.00)
2026-01-19 07:33:28,324 - INFO - 📈 Общая доходность: +1.48% ($+148.26)
2026-01-19 07:33:28,324 - INFO - 📊 Всего сделок: 0
2026-01-19 07:33:28,324 - INFO - ================================================================================
2026-01-19 07:33:28,324 - INFO - ✓ Завершены все 5 WF-шагов
2026-01-19 07:33:28,324 - INFO - ⇢ Обработка финальных результатов и расчет метрик...
2026-01-19 07:33:28,325 - INFO - ⇢ processing final results — start
2026-01-19 07:33:28,325 - INFO -   ⇢ Агрегация данных P&L за 5762 торговых дней
2026-01-19 07:33:28,340 - INFO -   ⇢ Расчет базовых метрик производительности...
2026-01-19 07:33:28,340 - INFO -     📊 Данные для анализа: 5762 записей P&L, 5762 точек equity
2026-01-19 07:33:28,342 - INFO -   ⇢ Расчет расширенных метрик (волатильность, Calmar ratio, и др.)...
2026-01-19 07:33:28,342 - INFO -   ✅ Расширенные метрики рассчитаны: 6 показателей
2026-01-19 07:33:28,343 - INFO -   ⇢ Анализ статистики по 78 парам...
2026-01-19 07:33:28,344 - INFO - ✅ Рассчитаны метрики производительности (19 показателей)
2026-01-19 07:33:28,344 - INFO -   💰 Общий P&L: $+148.26
2026-01-19 07:33:28,344 - INFO -   📊 Sharpe Ratio: 3.990
2026-01-19 07:33:28,344 - INFO -   📉 Максимальная просадка: -7775.52%
2026-01-19 07:33:28,345 - INFO -   🔄 Всего сделок: 1592
2026-01-19 07:33:28,345 - INFO -   📈 Торгуемых пар: 78
2026-01-19 07:33:28,345 - INFO -   💸 Общие издержки: $44.80
2026-01-19 07:33:28,345 - coint2.metrics - INFO - Metric: total_pnl
2026-01-19 07:33:28,346 - coint2.metrics - INFO - Metric: sharpe_ratio_abs
2026-01-19 07:33:28,346 - coint2.metrics - INFO - Metric: max_drawdown_pct
2026-01-19 07:33:28,346 - coint2.metrics - INFO - Metric: total_trades
2026-01-19 07:33:28,346 - coint2.metrics - INFO - Metric: total_pairs_traded
2026-01-19 07:33:28,346 - coint2.metrics - INFO - Metric: total_costs
2026-01-19 07:33:28,347 - INFO - ⇠ processing final results — done in 0.02s
2026-01-19 07:33:28,347 - INFO - ⇢ Создание отчетов и сохранение результатов...
2026-01-19 07:33:28,347 - INFO - ⇢ generating reports — start
2026-01-19 07:33:28,347 - INFO -   ⇢ Создание отчета о производительности...
2026-01-19 07:33:32,427 - INFO -   ✓ Отчет о производительности создан
2026-01-19 07:33:32,427 - INFO -   ⇢ Сохранение данных в CSV файлы...
2026-01-19 07:33:32,429 - INFO - 📋 Метрики сохранены: artifacts/wfa/runs/20260119_stability_relaxed/stability_relaxed_20260119_pv0p04_hurst0p55_hl0p02_60_corr0p65_ssd20000/strategy_metrics.csv
2026-01-19 07:33:32,430 - INFO - 📈 Дневные P&L сохранены: artifacts/wfa/runs/20260119_stability_relaxed/stability_relaxed_20260119_pv0p04_hurst0p55_hl0p02_60_corr0p65_ssd20000/daily_pnl.csv (62 записей)
2026-01-19 07:33:32,452 - INFO - 💹 Кривая капитала сохранена: artifacts/wfa/runs/20260119_stability_relaxed/stability_relaxed_20260119_pv0p04_hurst0p55_hl0p02_60_corr0p65_ssd20000/equity_curve.csv (5762 точек)
2026-01-19 07:33:32,455 - INFO - 📋 Статистика сделок сохранена: artifacts/wfa/runs/20260119_stability_relaxed/stability_relaxed_20260119_pv0p04_hurst0p55_hl0p02_60_corr0p65_ssd20000/trade_statistics.csv (78 записей)
2026-01-19 07:33:32,455 - INFO - 🎉 Walk-Forward анализ полностью завершен!
2026-01-19 07:33:32,455 - INFO - 📊 Все отчеты и данные сохранены в: artifacts/wfa/runs/20260119_stability_relaxed/stability_relaxed_20260119_pv0p04_hurst0p55_hl0p02_60_corr0p65_ssd20000
2026-01-19 07:33:32,455 - INFO - 💼 Итоговый капитал: $10,148.26
2026-01-19 07:33:32,456 - INFO - ⏱️  Общее время выполнения: 5.8 секунд
2026-01-19 07:33:32,456 - INFO - ⇠ generating reports — done in 4.11s
2026-01-19 07:33:32,456 - coint2.core.memory_optimization - INFO - 🧹 Cleaning up global price data
2026-01-19 07:33:32,459 - coint2.core.memory_optimization - INFO - 📊 No global rolling stats to clean up
2026-01-19 07:33:32,459 - INFO - 🧹 Memory-mapped data cleaned up
2026-01-19 07:33:32,461 - INFO - ⇠ run_walk_forward_analysis — done in 1,021.94s
⚙️  Загрузка данных за период: 2023-09-01 -> 2023-11-30
📂 Найдено 43 parquet файлов для обработки.
📊 Схема данных: Schema({'timestamp': Int64, 'open': Float64, 'high': Float64, 'low': Float64, 'close': Float64, 'volume': Float64, 'turnover': String, 'ts_ms': Int64, 'symbol': String})
✅ Загружено 2420293 записей с помощью Polars.
📊 Типы данных в pandas: timestamp       datetime64[us]
symbol                  object
close                  float64
timestamp_ms             int64
dtype: object
⚙️  Загрузка данных за период: 2023-10-01 -> 2023-12-30
📂 Найдено 43 parquet файлов для обработки.
📊 Схема данных: Schema({'timestamp': Int64, 'open': Float64, 'high': Float64, 'low': Float64, 'close': Float64, 'volume': Float64, 'turnover': String, 'ts_ms': Int64, 'symbol': String})
✅ Загружено 2499894 записей с помощью Polars.
📊 Типы данных в pandas: timestamp       datetime64[us]
symbol                  object
close                  float64
timestamp_ms             int64
dtype: object
⚙️  Загрузка данных за период: 2023-10-31 -> 2024-01-29
📂 Найдено 43 parquet файлов для обработки.
📊 Схема данных: Schema({'timestamp': Int64, 'open': Float64, 'high': Float64, 'low': Float64, 'close': Float64, 'volume': Float64, 'turnover': String, 'ts_ms': Int64, 'symbol': String})
✅ Загружено 2615053 записей с помощью Polars.
📊 Типы данных в pandas: timestamp       datetime64[us]
symbol                  object
close                  float64
timestamp_ms             int64
dtype: object
⚙️  Загрузка данных за период: 2023-11-30 -> 2024-02-28
📂 Найдено 43 parquet файлов для обработки.
📊 Схема данных: Schema({'timestamp': Int64, 'open': Float64, 'high': Float64, 'low': Float64, 'close': Float64, 'volume': Float64, 'turnover': String, 'ts_ms': Int64, 'symbol': String})
✅ Загружено 2755343 записей с помощью Polars.
📊 Типы данных в pandas: timestamp       datetime64[us]
symbol                  object
close                  float64
timestamp_ms             int64
dtype: object
📊 Отчет сохранен: artifacts/wfa/runs/20260119_stability_relaxed/stability_relaxed_20260119_pv0p04_hurst0p55_hl0p02_60_corr0p65_ssd20000/CointegrationStrategy_performance_report.png
🎯 ============================================================
📊 ИТОГИ ТОРГОВОЙ СТРАТЕГИИ
🎯 ============================================================

💰 ФИНАНСОВЫЕ РЕЗУЛЬТАТЫ:
   • Общий P&L:                          148
   • Максимальная просадка:              -78
   • Средний дневной P&L:                  2

📈 МЕТРИКИ РИСКА:
   • Коэффициент Шарпа:               3.9899
   • Волатильность P&L:                10.25
   • Процент прибыльных дней:         43.55%

🔄 ТОРГОВАЯ АКТИВНОСТЬ:
   • Всего торговых дней:                 62
   • Всего сделок:                     1,592
   • Торгуемых пар:                       78
   • Сделок на пару:                    20.4
   • Успешность сделок:               0.35%

💸 РАСХОДЫ И ЭКСТРЕМУМЫ:
   • Общие расходы:                       45
   • Максимальная прибыль:                45
   • Максимальный убыток:                -35
   • Лучшая пара (P&L):                   24
   • Худшая пара (P&L):                  -14

📊 ОЦЕНКА СТРАТЕГИИ:
   ✅ ОТЛИЧНАЯ стратегия! Высокий Шарп и положительный результат

🎯 ============================================================

Annualized Sharpe Ratio: 3.9898849139821584
[run_wfa_fullcpu] end: 2026-01-19T07:33:33Z
