[run_wfa_queue] 2026-01-19T07:16:26Z cmd: /opt/coint4/coint4/run_wfa_fullcpu.sh configs/stability_20260119_relaxed/stability_relaxed_20260119_pv0p05_hurst0p55_hl0p02_60_corr0p6_ssd25000.yaml artifacts/wfa/runs/20260119_stability_relaxed/stability_relaxed_20260119_pv0p05_hurst0p55_hl0p02_60_corr0p6_ssd25000
[run_wfa_fullcpu] start: 2026-01-19T07:16:26Z
[run_wfa_fullcpu] os.cpu_count: 8
[run_wfa_fullcpu] worker_pid=1138
2026-01-19 07:16:30,547 - coint2.core.memory_optimization - INFO - ✅ BLAS threading limits set to 1 via threadpoolctl
2026-01-19 07:16:30,548 - coint2.core.memory_optimization - INFO - 🔧 Controlled libraries: openblas, openmp
2026-01-19 07:16:30,548 - coint2.core.memory_optimization - INFO - 🧵 Process threads: 2 → 2
2026-01-19 07:16:30,549 - coint2.core.memory_optimization - INFO - 📝 Set 11 environment variables
2026-01-19 07:16:30,966 - INFO - ✅ Параметры конфигурации валидны
2026-01-19 07:16:30,966 - INFO - 📝 Некоторые параметры были скорректированы:
2026-01-19 07:16:30,966 - INFO - 🧭 WFA: динамический отбор пар на каждом шаге
2026-01-19 07:16:30,966 - INFO -   Шаг 1: тренировка 2023-08-02-2023-09-30, тест 2023-10-01-2023-10-31
2026-01-19 07:16:30,966 - INFO -   Шаг 2: тренировка 2023-09-01-2023-10-30, тест 2023-10-31-2023-11-30
2026-01-19 07:16:30,966 - INFO -   Шаг 3: тренировка 2023-10-01-2023-11-29, тест 2023-11-30-2023-12-30
2026-01-19 07:16:30,967 - INFO -   Шаг 4: тренировка 2023-10-31-2023-12-29, тест 2023-12-30-2024-01-29
2026-01-19 07:16:30,967 - INFO -   Шаг 5: тренировка 2023-11-30-2024-01-28, тест 2024-01-29-2024-02-28
2026-01-19 07:16:30,967 - INFO -   Шаг 6: тренировка 2023-12-30-2024-02-27, тест 2024-02-28-2024-03-29
2026-01-19 07:16:30,967 - INFO -   Шаг 7: тренировка 2024-01-29-2024-03-28, тест 2024-03-29-2024-04-28
2026-01-19 07:16:30,967 - INFO -   Шаг 8: тренировка 2024-02-28-2024-04-27, тест 2024-04-28-2024-05-28
2026-01-19 07:16:30,967 - INFO - 📈 Запланировано 8 walk-forward шагов
2026-01-19 07:16:30,967 - INFO - ⛔ Ограничение WFA шагов: 8 → 5
2026-01-19 07:16:30,967 - WARNING - ⚠️ Маленький буфер между training и testing в шаге 1: 0 дней. Рекомендуется минимум 1 день.
2026-01-19 07:16:30,967 - WARNING - ⚠️ Маленький буфер между training и testing в шаге 2: 0 дней. Рекомендуется минимум 1 день.
2026-01-19 07:16:30,967 - WARNING - ⚠️ Маленький буфер между training и testing в шаге 3: 0 дней. Рекомендуется минимум 1 день.
2026-01-19 07:16:30,967 - WARNING - ⚠️ Маленький буфер между training и testing в шаге 4: 0 дней. Рекомендуется минимум 1 день.
2026-01-19 07:16:30,968 - WARNING - ⚠️ Маленький буфер между training и testing в шаге 5: 0 дней. Рекомендуется минимум 1 день.
2026-01-19 07:16:30,968 - INFO - ✅ Шаги успешно запланированы:
2026-01-19 07:16:30,968 - INFO -    Шаг 1: тренировка 2023-08-02-2023-09-30, тест 2023-10-01-2023-10-31
2026-01-19 07:16:30,968 - INFO -    Шаг 2: тренировка 2023-09-01-2023-10-30, тест 2023-10-31-2023-11-30
2026-01-19 07:16:30,968 - INFO -    Шаг 3: тренировка 2023-10-01-2023-11-29, тест 2023-11-30-2023-12-30
2026-01-19 07:16:30,968 - INFO -    Шаг 4: тренировка 2023-10-31-2023-12-29, тест 2023-12-30-2024-01-29
2026-01-19 07:16:30,968 - INFO -    Шаг 5: тренировка 2023-11-30-2024-01-28, тест 2024-01-29-2024-02-28
2026-01-19 07:16:30,968 - INFO - 🗂️ Consolidating price data for memory-mapped access...
2026-01-19 07:16:30,968 - INFO - 📊 Consolidating data range: 2023-07-28 → 2024-03-04
2026-01-19 07:16:30,968 - coint2.core.memory_optimization - INFO - 🔄 Consolidating price data from data_downloaded to .cache/consolidated_prices.parquet
2026-01-19 07:16:30,968 - INFO - ⇢ loading raw data for consolidation — start
2026-01-19 07:16:32,497 - INFO - ⇠ loading raw data for consolidation — done in 1.53s
2026-01-19 07:16:32,497 - INFO - ⇢ pivoting data to wide format — start
2026-01-19 07:16:37,633 - INFO - ⇠ pivoting data to wide format — done in 5.14s
2026-01-19 07:16:37,691 - coint2.core.memory_optimization - INFO - 📊 Consolidated data: 21121 rows × 346 symbols
2026-01-19 07:16:37,691 - coint2.core.memory_optimization - INFO - 💾 Memory usage: 29.4 MB
2026-01-19 07:16:37,691 - INFO - ⇢ writing consolidated Parquet file — start
2026-01-19 07:16:37,908 - INFO - ⇠ writing consolidated Parquet file — done in 0.22s
2026-01-19 07:16:37,908 - coint2.core.memory_optimization - INFO - ✅ Successfully consolidated data to .cache/consolidated_prices.parquet
2026-01-19 07:16:37,933 - coint2.core.memory_optimization - INFO - 🔄 Initializing memory-mapped price data from .cache/consolidated_prices.parquet
2026-01-19 07:16:37,933 - INFO - ⇢ loading memory-mapped data — start
2026-01-19 07:16:37,933 - coint2.core.memory_optimization - WARNING - ⚠️ memory_map не поддерживается в текущей версии pyarrow, fallback без mmap
2026-01-19 07:16:38,066 - INFO - ⇠ loading memory-mapped data — done in 0.13s
2026-01-19 07:16:38,075 - coint2.core.memory_optimization - INFO - 📊 Loaded 21121 rows × 346 symbols
2026-01-19 07:16:38,076 - coint2.core.memory_optimization - INFO - 💾 Memory usage: 29.4 MB (memory-mapped)
2026-01-19 07:16:38,077 - INFO - ✅ Memory-mapped data initialized successfully
2026-01-19 07:16:38,078 - INFO - ⇢ Walk-forward steps — starting 5 items
2026-01-19 07:16:38,078 - INFO - 📈 Инициализация equity кривой с первой тестовой даты: 2023-10-01 00:00:00
2026-01-19 07:16:38,078 - INFO - 🔍 WF-шаг 1/5: Валидация временных окон...
2026-01-19 07:16:38,079 - INFO - ⇢ WF-шаг 1/5: training 2023-08-02-2023-09-30, testing 2023-10-01-2023-10-31 — start
2026-01-19 07:16:38,079 - INFO - ⇢ loading step data — start
2026-01-19 07:16:38,225 - INFO - ⇠ loading step data — done in 0.15s
2026-01-19 07:16:39,479 - INFO - 📊 WF-шаг 1/5: Границы данных:
2026-01-19 07:16:39,479 - INFO -    Training: 2023-08-02 00:00:00 → 2023-09-30 23:45:00 (5,760 строк × 282 символов)
2026-01-19 07:16:39,479 - INFO -    Testing:  2023-10-01 00:00:00 → 2023-10-31 00:00:00 (2,881 строк × 282 символов)
2026-01-19 07:16:39,479 - INFO -    Временной разрыв: 0 days 00:15:00
2026-01-19 07:16:39,517 - INFO - ⇢ normalizing training data — start
2026-01-19 07:16:39,552 - INFO -   Символы с NaN значениями: 20
2026-01-19 07:16:39,552 - INFO -   Применяем метод нормализации: rolling_zscore
2026-01-19 07:16:39,566 - INFO - Символы с недостаточной историей: 20 из 282
2026-01-19 07:16:39,926 - INFO - Символы с NaN после нормализации: 262
2026-01-19 07:16:39,933 - INFO - Удалено 1 начальных строк с NaN от rolling расчетов
2026-01-19 07:16:39,935 - INFO - Итоговое количество символов после нормализации: 262 из 282
2026-01-19 07:16:39,935 - INFO -   Статистика нормализации:
2026-01-19 07:16:39,935 - INFO -     Исходные символы: 282
2026-01-19 07:16:39,935 - INFO -     Недостаточная история: 20
2026-01-19 07:16:39,935 - INFO -     Постоянная цена: 0
2026-01-19 07:16:39,936 - INFO -     NaN после нормализации: 262
2026-01-19 07:16:39,936 - INFO -     Итоговые символы: 262 (92.9%)
2026-01-19 07:16:39,936 - INFO -   После нормализации: 262 символов (потеряно 20)
2026-01-19 07:16:39,936 - INFO -   Отброшенные символы: ADAEUR, BEAMUSDT, BTCEUR, CYBERUSDT, DOGEEUR, ETHEUR, FETUSDT, JEFFUSDT, KASUSDT, KAVAUSDT, LTCEUR, ORDIUSDT, POLUSDT, PPTUSDT, PYUSDUSDT, SEIUSDT, SOLEUR, USDCEUR, XRPEUR, ZTXUSDT
2026-01-19 07:16:39,936 - INFO - ⇠ normalizing training data — done in 0.42s
2026-01-19 07:16:39,936 - INFO - ⇢ SSD computation — start
2026-01-19 07:16:39,936 - INFO -   Расчет SSD для всех пар (без ограничения)
2026-01-19 07:16:45,545 - INFO -   SSD результат (все пары): 34191 пар
2026-01-19 07:16:45,545 - INFO -   Ограничиваем до top-25000 пар для дальнейшей обработки
2026-01-19 07:16:45,546 - INFO - ⇠ SSD computation — done in 5.61s
2026-01-19 07:16:45,552 - INFO - ⇢ filtering pairs by cointegration and half-life — start
2026-01-19 07:16:45,552 - INFO - [ФИЛЬТР] Параллельная фильтрация: threads (8 workers)
2026-01-19 07:22:27,946 - INFO - [ФИЛЬТР] После проверки данных: 25000 пар
2026-01-19 07:22:27,946 - INFO - [ФИЛЬТР] После фильтра корреляции (>0.6): 17204 пар
2026-01-19 07:22:27,946 - INFO - [ФИЛЬТР] После фильтра beta: 11353 пар
2026-01-19 07:22:27,946 - INFO - [ФИЛЬТР] После фильтра mean crossings: 11353 пар
2026-01-19 07:22:27,946 - INFO - [ФИЛЬТР] После фильтра half-life: 11293 пар
2026-01-19 07:22:27,946 - INFO - [ФИЛЬТР] После фильтра коинтеграции: 4222 пар
2026-01-19 07:22:27,946 - INFO - [ФИЛЬТР] После фильтра Hurst: 2035 пар
2026-01-19 07:22:27,946 - INFO - [ФИЛЬТР] После фильтра KPSS: 39 пар
2026-01-19 07:22:27,946 - INFO - [ФИЛЬТР] После фильтра market microstructure: 39 пар
2026-01-19 07:22:27,946 - INFO - [ФИЛЬТР] Статистика фильтрации (оптимизированный порядок):
2026-01-19 07:22:27,946 - INFO -   1. SSD → Коинтеграция: 25000 → 4222 пар
2026-01-19 07:22:27,946 - INFO -   2. Коинтеграция → Beta: 4222 → 11353 пар
2026-01-19 07:22:27,946 - INFO -   3. Beta → Half-life: 11353 → 11293 пар
2026-01-19 07:22:27,946 - INFO -   4. Half-life → Mean crossings: 11293 → 11353 пар
2026-01-19 07:22:27,946 - INFO -   5. Mean crossings → Hurst: 11353 → 2035 пар
2026-01-19 07:22:27,946 - INFO -   6. Hurst → KPSS: 2035 → 39 пар
2026-01-19 07:22:27,947 - INFO -   7. KPSS → Market microstructure: 39 → 39 пар
2026-01-19 07:22:27,947 - INFO - [ФИЛЬТР] Причины отсева:
2026-01-19 07:22:27,947 - INFO -   • low_correlation: 7796 пар (31.2%)
2026-01-19 07:22:27,947 - INFO -   • pvalue: 7071 пар (28.3%)
2026-01-19 07:22:27,947 - INFO -   • beta: 5851 пар (23.4%)
2026-01-19 07:22:27,947 - INFO -   • hurst: 2187 пар (8.7%)
2026-01-19 07:22:27,947 - INFO -   • kpss: 1996 пар (8.0%)
2026-01-19 07:22:27,947 - INFO -   • half_life: 60 пар (0.2%)
2026-01-19 07:22:27,947 - INFO - [ФИЛЬТР] Итого: 25000 → 39 пар (0.2% прошли все фильтры)
2026-01-19 07:22:27,985 - INFO - Причины отсева сохранены в results/filter_reasons_20260119_072227.csv
2026-01-19 07:22:27,995 - INFO -   Pair stability filter: insufficient history (0 < 1), skip
2026-01-19 07:22:27,996 - INFO -   Фильтрация: 25000 → 39 пар
2026-01-19 07:22:27,996 - INFO - ⇠ filtering pairs by cointegration and half-life — done in 342.44s
2026-01-19 07:22:27,996 - INFO - ⇠ WF-шаг 1/5: training 2023-08-02-2023-09-30, testing 2023-10-01-2023-10-31 — done in 349.92s
2026-01-19 07:22:27,996 - INFO -   Топ-3 пары по волатильности спреда:
2026-01-19 07:22:27,996 - INFO -     1. COMPUSDT-GMXUSDT: beta=1.0239, std=2.0031
2026-01-19 07:22:27,996 - INFO -     2. AXSUSDT-UNIUSDT: beta=0.7523, std=0.1119
2026-01-19 07:22:27,996 - INFO -     3. ARUSDT-FILUSDT: beta=1.2053, std=0.1000
2026-01-19 07:22:27,996 - INFO -   Всего пар для торговли: 39 (ограничение 15 применяется к одновременно открытым позициям)
2026-01-19 07:22:27,996 - INFO -   💰 Проверка расчета капитала: equity=$10,000.00, кандидатных_пар=39, max_позиций=15
2026-01-19 07:22:27,996 - INFO -   🎯 Target concurrency: 15 (ожидаемое одновременное число позиций)
2026-01-19 07:22:27,996 - INFO -   📊 Детали расчета капитала:
2026-01-19 07:22:27,996 - INFO -      • Базовый капитал на пару: $666.67 (equity / target_concurrency)
2026-01-19 07:22:27,997 - INFO -      • Риск-капитал: $150.00 (1.5% от equity)
2026-01-19 07:22:27,997 - INFO -      • Макс. размер позиции: $200.00 (2.0% от equity)
2026-01-19 07:22:27,997 - INFO -      • Итоговый капитал на пару: $150.00
2026-01-19 07:22:27,997 - INFO - ⇢ WF-шаг 1/5 backtests — starting 39 items
2026-01-19 07:22:27,997 - INFO - 🚀 WF-шаг 1/5: Начинаем бэктесты для 39 пар...
2026-01-19 07:22:27,997 - INFO - 🚀 WF-шаг 1/5: Запускаем параллельную обработку 39 пар на 8 ядрах...
2026-01-19 07:22:27,997 - INFO - 🚀 WF-шаг 1/5: Режим параллельности: процессы
⚙️  Загрузка данных за период: 2023-07-28 -> 2024-03-04
📂 Найдено 43 parquet файлов для обработки.
📊 Схема данных: Schema({'timestamp': Int64, 'open': Float64, 'high': Float64, 'low': Float64, 'close': Float64, 'volume': Float64, 'turnover': String, 'ts_ms': Int64, 'symbol': String})
✅ Загружено 6226682 записей с помощью Polars.
📊 Типы данных в pandas: timestamp       datetime64[us]
symbol                  object
close                  float64
timestamp_ms             int64
dtype: object
⚙️  Загрузка данных за период: 2023-08-02 -> 2023-10-31
📂 Найдено 43 parquet файлов для обработки.
📊 Схема данных: Schema({'timestamp': Int64, 'open': Float64, 'high': Float64, 'low': Float64, 'close': Float64, 'volume': Float64, 'turnover': String, 'ts_ms': Int64, 'symbol': String})
✅ Загружено 2351056 записей с помощью Polars.
📊 Типы данных в pandas: timestamp       datetime64[us]
symbol                  object
close                  float64
timestamp_ms             int64
dtype: object
2026-01-19 07:22:28,045 - coint2.engine.numba_engine - INFO - Запуск Numba-оптимизированного бэктеста для COMPUSDT-GMXUSDT
2026-01-19 07:22:28,063 - coint2.engine.numba_engine - INFO - Запуск Numba-оптимизированного бэктеста для AXSUSDT-UNIUSDT
2026-01-19 07:22:28,079 - coint2.engine.numba_engine - INFO - Запуск Numba-оптимизированного бэктеста для ARUSDT-FILUSDT
2026-01-19 07:22:28,096 - coint2.engine.numba_engine - INFO - Запуск Numba-оптимизированного бэктеста для INTERUSDT-THETAUSDT
2026-01-19 07:22:28,118 - coint2.engine.numba_engine - INFO - Запуск Numba-оптимизированного бэктеста для INTERUSDT-STXUSDT
2026-01-19 07:22:28,128 - coint2.engine.numba_engine - INFO - Запуск Numba-оптимизированного бэктеста для INTERUSDT-ZILUSDT
2026-01-19 07:22:28,142 - coint2.engine.numba_engine - INFO - Запуск Numba-оптимизированного бэктеста для INTERUSDT-SOLOUSDT
2026-01-19 07:22:28,145 - coint2.engine.numba_engine - INFO - Запуск Numba-оптимизированного бэктеста для INTERUSDT-LTCUSDC
2026-01-19 07:22:28,151 - coint2.engine.numba_engine - INFO - Запуск Numba-оптимизированного бэктеста для CITYUSDT-JUVUSDT
2026-01-19 07:22:28,160 - coint2.engine.numba_engine - INFO - Запуск Numba-оптимизированного бэктеста для INTERUSDT-LTCUSDT
2026-01-19 07:22:28,169 - coint2.engine.numba_engine - INFO - Запуск Numba-оптимизированного бэктеста для CAKEUSDT-VPADUSDT
2026-01-19 07:22:28,173 - coint2.engine.numba_engine - INFO - Запуск Numba-оптимизированного бэктеста для INTERUSDT-WAXPUSDT
2026-01-19 07:22:28,174 - coint2.engine.numba_engine - INFO - Запуск Numba-оптимизированного бэктеста для FLOWUSDT-MASKUSDT
2026-01-19 07:22:28,174 - coint2.engine.numba_engine - INFO - Запуск Numba-оптимизированного бэктеста для INTERUSDT-QTUMUSDT
2026-01-19 07:22:28,179 - coint2.engine.numba_engine - INFO - Запуск Numba-оптимизированного бэктеста для INTERUSDT-XEMUSDT
2026-01-19 07:22:28,183 - coint2.engine.numba_engine - INFO - Запуск Numba-оптимизированного бэктеста для SUSHIUSDT-UMAUSDT
2026-01-19 07:22:28,192 - coint2.engine.numba_engine - INFO - Запуск Numba-оптимизированного бэктеста для RSS3USDT-SCRTUSDT
2026-01-19 07:22:28,197 - coint2.engine.numba_engine - INFO - Запуск Numba-оптимизированного бэктеста для DOGEUSDT-TELUSDT
2026-01-19 07:22:28,207 - coint2.engine.numba_engine - INFO - Запуск Numba-оптимизированного бэктеста для RSS3USDT-XTZUSDT
2026-01-19 07:22:28,215 - coint2.engine.numba_engine - INFO - Запуск Numba-оптимизированного бэктеста для OMGUSDT-RDNTUSDT
2026-01-19 07:22:28,216 - coint2.engine.numba_engine - INFO - Запуск Numba-оптимизированного бэктеста для DOGEUSDC-TELUSDT
2026-01-19 07:22:28,223 - coint2.engine.numba_engine - INFO - Запуск Numba-оптимизированного бэктеста для INTERUSDT-USTCUSDT
2026-01-19 07:22:28,224 - coint2.engine.numba_engine - INFO - Запуск Numba-оптимизированного бэктеста для INTERUSDT-WAVESUSDT
2026-01-19 07:22:28,231 - coint2.engine.numba_engine - INFO - Запуск Numba-оптимизированного бэктеста для WAXPUSDT-ZILUSDT
2026-01-19 07:22:28,246 - coint2.engine.numba_engine - INFO - Запуск Numba-оптимизированного бэктеста для HFTUSDC-MOVRUSDT
2026-01-19 07:22:28,253 - coint2.engine.numba_engine - INFO - Запуск Numba-оптимизированного бэктеста для ADAUSDC-PSGUSDT
2026-01-19 07:22:28,257 - coint2.engine.numba_engine - INFO - Запуск Numba-оптимизированного бэктеста для CELOUSDT-ZRXUSDT
2026-01-19 07:22:28,259 - coint2.engine.numba_engine - INFO - Запуск Numba-оптимизированного бэктеста для AFCUSDT-MDAOUSDT
2026-01-19 07:22:28,268 - coint2.engine.numba_engine - INFO - Запуск Numba-оптимизированного бэктеста для FORTUSDT-PSGUSDT
2026-01-19 07:22:28,278 - coint2.engine.numba_engine - INFO - Запуск Numba-оптимизированного бэктеста для PSGUSDT-VPADUSDT
2026-01-19 07:22:28,279 - coint2.engine.numba_engine - INFO - Запуск Numba-оптимизированного бэктеста для ADAUSDT-PSGUSDT
2026-01-19 07:22:28,282 - coint2.engine.numba_engine - INFO - Запуск Numba-оптимизированного бэктеста для CTCUSDT-VPADUSDT
2026-01-19 07:22:28,288 - coint2.engine.numba_engine - INFO - Запуск Numba-оптимизированного бэктеста для DAIUSDT-LTCBTC
2026-01-19 07:22:28,290 - coint2.engine.numba_engine - INFO - Запуск Numba-оптимизированного бэктеста для ONEUSDT-XRPUSDT
2026-01-19 07:22:28,301 - coint2.engine.numba_engine - INFO - Запуск Numba-оптимизированного бэктеста для HFTUSDT-MOVRUSDT
2026-01-19 07:22:28,301 - coint2.engine.numba_engine - INFO - Запуск Numba-оптимизированного бэктеста для ONEUSDT-XRPUSDC
2026-01-19 07:22:28,304 - coint2.engine.numba_engine - INFO - Запуск Numba-оптимизированного бэктеста для GMTUSDT-SANDUSDT
2026-01-19 07:22:28,325 - coint2.engine.numba_engine - INFO - Запуск Numba-оптимизированного бэктеста для FORTUSDT-SFUNDUSDT
2026-01-19 07:22:28,348 - coint2.engine.numba_engine - INFO - Запуск Numba-оптимизированного бэктеста для SCUSDT-USTCUSDT
2026-01-19 07:22:28,382 - INFO -   ⏱️ Параллельная обработка завершена за 0.4с (101.4 пар/с)
2026-01-19 07:22:28,398 - coint2.pipeline.walk_forward_orchestrator - INFO - 🎯 СИМУЛЯЦИЯ ПОРТФЕЛЯ: 39 пар, лимит 15 позиций
2026-01-19 07:22:28,883 - coint2.pipeline.walk_forward_orchestrator - INFO -    📈 Макс. одновременных сигналов: 13
2026-01-19 07:22:28,884 - coint2.pipeline.walk_forward_orchestrator - INFO -    📊 Средн. сигналов за период: 0.5
2026-01-19 07:22:28,884 - coint2.pipeline.walk_forward_orchestrator - INFO -    🎯 Финальных активных позиций: 0
2026-01-19 07:22:28,886 - coint2.pipeline.walk_forward_orchestrator - INFO -    ⚡ Утилизация лимита позиций: 3.5%
2026-01-19 07:22:28,886 - INFO - ⇠ WF-шаг 1/5 backtests — completed 39 items in 0.89s (43.8 items/s)
2026-01-19 07:22:28,886 - INFO -   ✅ Обработка завершена: 39 успешно, 0 с ошибками
2026-01-19 07:22:28,886 - INFO -   📊 Успешность: 100.0%, прибыльность: 56.4%, сделок/пара: 19.6
2026-01-19 07:22:28,886 - INFO -   ✅ Завершены бэктесты для 39 пар
2026-01-19 07:22:28,886 - INFO -   📊 Всего обработано пар в этом шаге: 39
2026-01-19 07:22:28,887 - INFO -   📈 Результаты шага: 22/39 прибыльных пар, 766 сделок
2026-01-19 07:22:28,887 - INFO -   💰 P&L шага: $+101.96
2026-01-19 07:22:28,887 - INFO -   ⇢ Обновление капитала и дневного P&L...
2026-01-19 07:22:30,024 - INFO -   💼 Шаг P&L: $+101.96, Накопленный капитал: $10,101.96
2026-01-19 07:22:30,024 - INFO - ------------------------------------------------------------
2026-01-19 07:22:30,024 - INFO -   Walk-forward steps: 1 / 5 (20.0%) | 0.0 items/s | ETA: 1407.8s
2026-01-19 07:22:30,024 - INFO - 🔍 WF-шаг 2/5: Валидация временных окон...
2026-01-19 07:22:30,025 - INFO - ⇢ WF-шаг 2/5: training 2023-09-01-2023-10-30, testing 2023-10-31-2023-11-30 — start
2026-01-19 07:22:30,025 - INFO - ⇢ loading step data — start
2026-01-19 07:22:30,208 - INFO - ⇠ loading step data — done in 0.18s
2026-01-19 07:22:31,385 - INFO - 📊 WF-шаг 2/5: Границы данных:
2026-01-19 07:22:31,385 - INFO -    Training: 2023-09-01 00:00:00 → 2023-10-30 23:45:00 (5,760 строк × 292 символов)
2026-01-19 07:22:31,386 - INFO -    Testing:  2023-10-31 00:00:00 → 2023-11-30 00:00:00 (2,881 строк × 292 символов)
2026-01-19 07:22:31,386 - INFO -    Временной разрыв: 0 days 00:15:00
2026-01-19 07:22:31,423 - INFO - ⇢ normalizing training data — start
2026-01-19 07:22:31,454 - INFO -   Символы с NaN значениями: 26
2026-01-19 07:22:31,455 - INFO -   Применяем метод нормализации: rolling_zscore
2026-01-19 07:22:31,469 - INFO - Символы с недостаточной историей: 17 из 292
2026-01-19 07:22:31,863 - INFO - Символы с NaN после нормализации: 275
2026-01-19 07:22:31,870 - INFO - Удалено 617 начальных строк с NaN от rolling расчетов
2026-01-19 07:22:31,872 - INFO - Итоговое количество символов после нормализации: 275 из 292
2026-01-19 07:22:31,873 - INFO -   Статистика нормализации:
2026-01-19 07:22:31,873 - INFO -     Исходные символы: 292
2026-01-19 07:22:31,873 - INFO -     Недостаточная история: 17
2026-01-19 07:22:31,873 - INFO -     Постоянная цена: 0
2026-01-19 07:22:31,873 - INFO -     NaN после нормализации: 275
2026-01-19 07:22:31,873 - INFO -     Итоговые символы: 275 (94.2%)
2026-01-19 07:22:31,873 - INFO -   После нормализации: 275 символов (потеряно 17)
2026-01-19 07:22:31,873 - INFO -   Отброшенные символы: BEAMUSDT, FETUSDT, FLIPUSDT, JEFFUSDT, MEMEUSDT, POLUSDT, PPTUSDT, PYTHUSDT, PYUSDUSDT, ROOTUSDT, RPKUSDT, SHRAPUSDT, TIAUSDT, TOKENUSDT, TUSDUSDT, VRTXUSDT, ZTXUSDT
2026-01-19 07:22:31,873 - INFO - ⇠ normalizing training data — done in 0.45s
2026-01-19 07:22:31,874 - INFO - ⇢ SSD computation — start
2026-01-19 07:22:31,874 - INFO -   Расчет SSD для всех пар (без ограничения)
2026-01-19 07:22:34,059 - INFO -   SSD результат (все пары): 37675 пар
2026-01-19 07:22:34,059 - INFO -   Ограничиваем до top-25000 пар для дальнейшей обработки
2026-01-19 07:22:34,060 - INFO - ⇠ SSD computation — done in 2.19s
2026-01-19 07:22:34,068 - INFO - ⇢ filtering pairs by cointegration and half-life — start
2026-01-19 07:22:34,069 - INFO - [ФИЛЬТР] Параллельная фильтрация: threads (8 workers)
2026-01-19 07:26:16,946 - INFO - [ФИЛЬТР] После проверки данных: 25000 пар
2026-01-19 07:26:16,946 - INFO - [ФИЛЬТР] После фильтра корреляции (>0.6): 9952 пар
2026-01-19 07:26:16,946 - INFO - [ФИЛЬТР] После фильтра beta: 6547 пар
2026-01-19 07:26:16,946 - INFO - [ФИЛЬТР] После фильтра mean crossings: 6547 пар
2026-01-19 07:26:16,946 - INFO - [ФИЛЬТР] После фильтра half-life: 6504 пар
2026-01-19 07:26:16,946 - INFO - [ФИЛЬТР] После фильтра коинтеграции: 2447 пар
2026-01-19 07:26:16,946 - INFO - [ФИЛЬТР] После фильтра Hurst: 1506 пар
2026-01-19 07:26:16,946 - INFO - [ФИЛЬТР] После фильтра KPSS: 14 пар
2026-01-19 07:26:16,946 - INFO - [ФИЛЬТР] После фильтра market microstructure: 14 пар
2026-01-19 07:26:16,946 - INFO - [ФИЛЬТР] Статистика фильтрации (оптимизированный порядок):
2026-01-19 07:26:16,946 - INFO -   1. SSD → Коинтеграция: 25000 → 2447 пар
2026-01-19 07:26:16,946 - INFO -   2. Коинтеграция → Beta: 2447 → 6547 пар
2026-01-19 07:26:16,946 - INFO -   3. Beta → Half-life: 6547 → 6504 пар
2026-01-19 07:26:16,946 - INFO -   4. Half-life → Mean crossings: 6504 → 6547 пар
2026-01-19 07:26:16,946 - INFO -   5. Mean crossings → Hurst: 6547 → 1506 пар
2026-01-19 07:26:16,946 - INFO -   6. Hurst → KPSS: 1506 → 14 пар
2026-01-19 07:26:16,946 - INFO -   7. KPSS → Market microstructure: 14 → 14 пар
2026-01-19 07:26:16,946 - INFO - [ФИЛЬТР] Причины отсева:
2026-01-19 07:26:16,946 - INFO -   • low_correlation: 15048 пар (60.2%)
2026-01-19 07:26:16,946 - INFO -   • pvalue: 4057 пар (16.2%)
2026-01-19 07:26:16,946 - INFO -   • beta: 3405 пар (13.6%)
2026-01-19 07:26:16,946 - INFO -   • kpss: 1492 пар (6.0%)
2026-01-19 07:26:16,947 - INFO -   • hurst: 941 пар (3.8%)
2026-01-19 07:26:16,947 - INFO -   • half_life: 43 пар (0.2%)
2026-01-19 07:26:16,947 - INFO - [ФИЛЬТР] Итого: 25000 → 14 пар (0.1% прошли все фильтры)
2026-01-19 07:26:16,987 - INFO - Причины отсева сохранены в results/filter_reasons_20260119_072616.csv
2026-01-19 07:26:16,998 - INFO -   Pair stability filter: 14 → 0 (window=2, min_steps=1, history=1)
2026-01-19 07:26:16,998 - INFO -   Фильтрация: 25000 → 0 пар
2026-01-19 07:26:16,998 - INFO - ⇠ filtering pairs by cointegration and half-life — done in 222.93s
2026-01-19 07:26:16,998 - INFO - ⇠ WF-шаг 2/5: training 2023-09-01-2023-10-30, testing 2023-10-31-2023-11-30 — done in 226.97s
2026-01-19 07:26:16,998 - INFO -   Всего пар для торговли: 0 (ограничение 15 применяется к одновременно открытым позициям)
2026-01-19 07:26:16,999 - INFO -   💰 Проверка расчета капитала: equity=$10,101.96, кандидатных_пар=0, max_позиций=15
2026-01-19 07:26:16,999 - INFO -   🎯 Target concurrency: 0 (ожидаемое одновременное число позиций)
2026-01-19 07:26:16,999 - INFO -   💼 Шаг P&L: $+0.00, Накопленный капитал: $10,101.96
2026-01-19 07:26:16,999 - INFO - ------------------------------------------------------------
2026-01-19 07:26:16,999 - INFO -   Walk-forward steps: 2 / 5 (40.0%) | 0.0 items/s | ETA: 868.4s
2026-01-19 07:26:17,000 - INFO - 🔍 WF-шаг 3/5: Валидация временных окон...
2026-01-19 07:26:17,000 - INFO - ⇢ WF-шаг 3/5: training 2023-10-01-2023-11-29, testing 2023-11-30-2023-12-30 — start
2026-01-19 07:26:17,000 - INFO - ⇢ loading step data — start
2026-01-19 07:26:17,159 - INFO - ⇠ loading step data — done in 0.16s
2026-01-19 07:26:18,545 - INFO - 📊 WF-шаг 3/5: Границы данных:
2026-01-19 07:26:18,545 - INFO -    Training: 2023-10-01 00:00:00 → 2023-11-29 23:45:00 (5,760 строк × 309 символов)
2026-01-19 07:26:18,545 - INFO -    Testing:  2023-11-30 00:00:00 → 2023-12-30 00:00:00 (2,881 строк × 309 символов)
2026-01-19 07:26:18,545 - INFO -    Временной разрыв: 0 days 00:15:00
2026-01-19 07:26:18,583 - INFO - ⇢ normalizing training data — start
2026-01-19 07:26:18,616 - INFO -   Символы с NaN значениями: 33
2026-01-19 07:26:18,617 - INFO -   Применяем метод нормализации: rolling_zscore
2026-01-19 07:26:18,631 - INFO - Символы с недостаточной историей: 32 из 309
2026-01-19 07:26:19,023 - INFO - Символы с NaN после нормализации: 277
2026-01-19 07:26:19,030 - INFO - Удалено 233 начальных строк с NaN от rolling расчетов
2026-01-19 07:26:19,032 - INFO - Итоговое количество символов после нормализации: 277 из 309
2026-01-19 07:26:19,032 - INFO -   Статистика нормализации:
2026-01-19 07:26:19,032 - INFO -     Исходные символы: 309
2026-01-19 07:26:19,032 - INFO -     Недостаточная история: 32
2026-01-19 07:26:19,032 - INFO -     Постоянная цена: 0
2026-01-19 07:26:19,032 - INFO -     NaN после нормализации: 277
2026-01-19 07:26:19,032 - INFO -     Итоговые символы: 277 (89.6%)
2026-01-19 07:26:19,032 - INFO -   После нормализации: 277 символов (потеряно 32)
2026-01-19 07:26:19,032 - INFO -   Отброшено много символов: 32 из 309
2026-01-19 07:26:19,032 - INFO - ⇠ normalizing training data — done in 0.45s
2026-01-19 07:26:19,033 - INFO - ⇢ SSD computation — start
2026-01-19 07:26:19,033 - INFO -   Расчет SSD для всех пар (без ограничения)
2026-01-19 07:26:21,378 - INFO -   SSD результат (все пары): 38226 пар
2026-01-19 07:26:21,378 - INFO -   Ограничиваем до top-25000 пар для дальнейшей обработки
2026-01-19 07:26:21,379 - INFO - ⇠ SSD computation — done in 2.35s
2026-01-19 07:26:21,387 - INFO - ⇢ filtering pairs by cointegration and half-life — start
2026-01-19 07:26:21,387 - INFO - [ФИЛЬТР] Параллельная фильтрация: threads (8 workers)
2026-01-19 07:31:43,196 - INFO - [ФИЛЬТР] После проверки данных: 25000 пар
2026-01-19 07:31:43,196 - INFO - [ФИЛЬТР] После фильтра корреляции (>0.6): 20507 пар
2026-01-19 07:31:43,196 - INFO - [ФИЛЬТР] После фильтра beta: 14236 пар
2026-01-19 07:31:43,196 - INFO - [ФИЛЬТР] После фильтра mean crossings: 14236 пар
2026-01-19 07:31:43,196 - INFO - [ФИЛЬТР] После фильтра half-life: 14184 пар
2026-01-19 07:31:43,196 - INFO - [ФИЛЬТР] После фильтра коинтеграции: 3053 пар
2026-01-19 07:31:43,196 - INFO - [ФИЛЬТР] После фильтра Hurst: 1235 пар
2026-01-19 07:31:43,196 - INFO - [ФИЛЬТР] После фильтра KPSS: 24 пар
2026-01-19 07:31:43,196 - INFO - [ФИЛЬТР] После фильтра market microstructure: 24 пар
2026-01-19 07:31:43,196 - INFO - [ФИЛЬТР] Статистика фильтрации (оптимизированный порядок):
2026-01-19 07:31:43,196 - INFO -   1. SSD → Коинтеграция: 25000 → 3053 пар
2026-01-19 07:31:43,196 - INFO -   2. Коинтеграция → Beta: 3053 → 14236 пар
2026-01-19 07:31:43,196 - INFO -   3. Beta → Half-life: 14236 → 14184 пар
2026-01-19 07:31:43,196 - INFO -   4. Half-life → Mean crossings: 14184 → 14236 пар
2026-01-19 07:31:43,196 - INFO -   5. Mean crossings → Hurst: 14236 → 1235 пар
2026-01-19 07:31:43,196 - INFO -   6. Hurst → KPSS: 1235 → 24 пар
2026-01-19 07:31:43,196 - INFO -   7. KPSS → Market microstructure: 24 → 24 пар
2026-01-19 07:31:43,196 - INFO - [ФИЛЬТР] Причины отсева:
2026-01-19 07:31:43,196 - INFO -   • pvalue: 11131 пар (44.5%)
2026-01-19 07:31:43,196 - INFO -   • beta: 6271 пар (25.1%)
2026-01-19 07:31:43,196 - INFO -   • low_correlation: 4493 пар (18.0%)
2026-01-19 07:31:43,196 - INFO -   • hurst: 1818 пар (7.3%)
2026-01-19 07:31:43,196 - INFO -   • kpss: 1211 пар (4.8%)
2026-01-19 07:31:43,196 - INFO -   • half_life: 52 пар (0.2%)
2026-01-19 07:31:43,196 - INFO - [ФИЛЬТР] Итого: 25000 → 24 пар (0.1% прошли все фильтры)
2026-01-19 07:31:43,233 - INFO - Причины отсева сохранены в results/filter_reasons_20260119_073143.csv
2026-01-19 07:31:43,243 - INFO -   Pair stability filter: 24 → 0 (window=2, min_steps=1, history=2)
2026-01-19 07:31:43,243 - INFO -   Фильтрация: 25000 → 0 пар
2026-01-19 07:31:43,243 - INFO - ⇠ filtering pairs by cointegration and half-life — done in 321.86s
2026-01-19 07:31:43,243 - INFO - ⇠ WF-шаг 3/5: training 2023-10-01-2023-11-29, testing 2023-11-30-2023-12-30 — done in 326.24s
2026-01-19 07:31:43,243 - INFO -   Всего пар для торговли: 0 (ограничение 15 применяется к одновременно открытым позициям)
2026-01-19 07:31:43,244 - INFO -   💰 Проверка расчета капитала: equity=$10,101.96, кандидатных_пар=0, max_позиций=15
2026-01-19 07:31:43,244 - INFO -   🎯 Target concurrency: 0 (ожидаемое одновременное число позиций)
2026-01-19 07:31:43,244 - INFO -   💼 Шаг P&L: $+0.00, Накопленный капитал: $10,101.96
2026-01-19 07:31:43,244 - INFO - ------------------------------------------------------------
2026-01-19 07:31:43,244 - INFO -   Walk-forward steps: 3 / 5 (60.0%) | 0.0 items/s | ETA: 603.4s
2026-01-19 07:31:43,245 - INFO - 🔍 WF-шаг 4/5: Валидация временных окон...
2026-01-19 07:31:43,245 - INFO - ⇢ WF-шаг 4/5: training 2023-10-31-2023-12-29, testing 2023-12-30-2024-01-29 — start
2026-01-19 07:31:43,245 - INFO - ⇢ loading step data — start
2026-01-19 07:31:43,429 - INFO - ⇠ loading step data — done in 0.18s
2026-01-19 07:31:44,770 - INFO - 📊 WF-шаг 4/5: Границы данных:
2026-01-19 07:31:44,770 - INFO -    Training: 2023-10-31 00:00:00 → 2023-12-29 23:45:00 (5,760 строк × 327 символов)
2026-01-19 07:31:44,770 - INFO -    Testing:  2023-12-30 00:00:00 → 2024-01-29 00:00:00 (2,881 строк × 327 символов)
2026-01-19 07:31:44,771 - INFO -    Временной разрыв: 0 days 00:15:00
2026-01-19 07:31:44,810 - INFO - ⇢ normalizing training data — start
2026-01-19 07:31:44,845 - INFO -   Символы с NaN значениями: 45
2026-01-19 07:31:44,846 - INFO -   Применяем метод нормализации: rolling_zscore
2026-01-19 07:31:44,860 - INFO - Символы с недостаточной историей: 40 из 327
2026-01-19 07:31:45,247 - INFO - Символы с NaN после нормализации: 287
2026-01-19 07:31:45,253 - INFO - Удалено 809 начальных строк с NaN от rolling расчетов
2026-01-19 07:31:45,254 - INFO - Итоговое количество символов после нормализации: 287 из 327
2026-01-19 07:31:45,255 - INFO -   Статистика нормализации:
2026-01-19 07:31:45,255 - INFO -     Исходные символы: 327
2026-01-19 07:31:45,255 - INFO -     Недостаточная история: 40
2026-01-19 07:31:45,255 - INFO -     Постоянная цена: 0
2026-01-19 07:31:45,255 - INFO -     NaN после нормализации: 287
2026-01-19 07:31:45,255 - INFO -     Итоговые символы: 287 (87.8%)
2026-01-19 07:31:45,255 - INFO -   После нормализации: 287 символов (потеряно 40)
2026-01-19 07:31:45,255 - INFO -   Отброшено много символов: 40 из 327
2026-01-19 07:31:45,255 - INFO - ⇠ normalizing training data — done in 0.44s
2026-01-19 07:31:45,256 - INFO - ⇢ SSD computation — start
2026-01-19 07:31:45,256 - INFO -   Расчет SSD для всех пар (без ограничения)
2026-01-19 07:31:47,506 - INFO -   SSD результат (все пары): 41041 пар
2026-01-19 07:31:47,506 - INFO -   Ограничиваем до top-25000 пар для дальнейшей обработки
2026-01-19 07:31:47,507 - INFO - ⇠ SSD computation — done in 2.25s
2026-01-19 07:31:47,515 - INFO - ⇢ filtering pairs by cointegration and half-life — start
2026-01-19 07:31:47,516 - INFO - [ФИЛЬТР] Параллельная фильтрация: threads (8 workers)
2026-01-19 07:35:30,182 - INFO - [ФИЛЬТР] После проверки данных: 25000 пар
2026-01-19 07:35:30,182 - INFO - [ФИЛЬТР] После фильтра корреляции (>0.6): 14406 пар
2026-01-19 07:35:30,182 - INFO - [ФИЛЬТР] После фильтра beta: 9617 пар
2026-01-19 07:35:30,182 - INFO - [ФИЛЬТР] После фильтра mean crossings: 9617 пар
2026-01-19 07:35:30,182 - INFO - [ФИЛЬТР] После фильтра half-life: 9564 пар
2026-01-19 07:35:30,182 - INFO - [ФИЛЬТР] После фильтра коинтеграции: 2031 пар
2026-01-19 07:35:30,182 - INFO - [ФИЛЬТР] После фильтра Hurst: 995 пар
2026-01-19 07:35:30,182 - INFO - [ФИЛЬТР] После фильтра KPSS: 11 пар
2026-01-19 07:35:30,182 - INFO - [ФИЛЬТР] После фильтра market microstructure: 11 пар
2026-01-19 07:35:30,182 - INFO - [ФИЛЬТР] Статистика фильтрации (оптимизированный порядок):
2026-01-19 07:35:30,182 - INFO -   1. SSD → Коинтеграция: 25000 → 2031 пар
2026-01-19 07:35:30,182 - INFO -   2. Коинтеграция → Beta: 2031 → 9617 пар
2026-01-19 07:35:30,182 - INFO -   3. Beta → Half-life: 9617 → 9564 пар
2026-01-19 07:35:30,182 - INFO -   4. Half-life → Mean crossings: 9564 → 9617 пар
2026-01-19 07:35:30,182 - INFO -   5. Mean crossings → Hurst: 9617 → 995 пар
2026-01-19 07:35:30,182 - INFO -   6. Hurst → KPSS: 995 → 11 пар
2026-01-19 07:35:30,182 - INFO -   7. KPSS → Market microstructure: 11 → 11 пар
2026-01-19 07:35:30,183 - INFO - [ФИЛЬТР] Причины отсева:
2026-01-19 07:35:30,183 - INFO -   • low_correlation: 10594 пар (42.4%)
2026-01-19 07:35:30,183 - INFO -   • pvalue: 7533 пар (30.1%)
2026-01-19 07:35:30,183 - INFO -   • beta: 4789 пар (19.2%)
2026-01-19 07:35:30,183 - INFO -   • hurst: 1036 пар (4.1%)
2026-01-19 07:35:30,183 - INFO -   • kpss: 984 пар (3.9%)
2026-01-19 07:35:30,183 - INFO -   • half_life: 53 пар (0.2%)
2026-01-19 07:35:30,183 - INFO - [ФИЛЬТР] Итого: 25000 → 11 пар (0.0% прошли все фильтры)
2026-01-19 07:35:30,221 - INFO - Причины отсева сохранены в results/filter_reasons_20260119_073530.csv
2026-01-19 07:35:30,232 - INFO -   Pair stability filter: 11 → 1 (window=2, min_steps=1, history=3)
2026-01-19 07:35:30,232 - INFO -   Фильтрация: 25000 → 1 пар
2026-01-19 07:35:30,233 - INFO - ⇠ filtering pairs by cointegration and half-life — done in 222.72s
2026-01-19 07:35:30,233 - INFO - ⇠ WF-шаг 4/5: training 2023-10-31-2023-12-29, testing 2023-12-30-2024-01-29 — done in 226.99s
2026-01-19 07:35:30,233 - INFO -   Топ-3 пары по волатильности спреда:
2026-01-19 07:35:30,233 - INFO -     1. IDUSDT-LRCUSDT: beta=0.7191, std=0.0143
2026-01-19 07:35:30,233 - INFO -   Всего пар для торговли: 1 (ограничение 15 применяется к одновременно открытым позициям)
2026-01-19 07:35:30,233 - INFO -   💰 Проверка расчета капитала: equity=$10,101.96, кандидатных_пар=1, max_позиций=15
2026-01-19 07:35:30,233 - INFO -   🎯 Target concurrency: 1 (ожидаемое одновременное число позиций)
2026-01-19 07:35:30,233 - INFO -   📊 Детали расчета капитала:
2026-01-19 07:35:30,233 - INFO -      • Базовый капитал на пару: $10,101.96 (equity / target_concurrency)
2026-01-19 07:35:30,233 - INFO -      • Риск-капитал: $151.53 (1.5% от equity)
2026-01-19 07:35:30,233 - INFO -      • Макс. размер позиции: $202.04 (2.0% от equity)
2026-01-19 07:35:30,233 - INFO -      • Итоговый капитал на пару: $151.53
2026-01-19 07:35:30,234 - INFO - ⇢ WF-шаг 4/5 backtests — starting 1 items
2026-01-19 07:35:30,234 - INFO - 🚀 WF-шаг 4/5: Начинаем бэктесты для 1 пар...
2026-01-19 07:35:30,234 - INFO - 🚀 WF-шаг 4/5: Запускаем параллельную обработку 1 пар на 8 ядрах...
2026-01-19 07:35:30,234 - INFO - 🚀 WF-шаг 4/5: Режим параллельности: процессы
2026-01-19 07:35:30,246 - coint2.engine.numba_engine - INFO - Запуск Numba-оптимизированного бэктеста для IDUSDT-LRCUSDT
2026-01-19 07:35:30,297 - INFO -   ⏱️ Параллельная обработка завершена за 0.1с (15.8 пар/с)
2026-01-19 07:35:30,299 - coint2.pipeline.walk_forward_orchestrator - INFO - 🎯 СИМУЛЯЦИЯ ПОРТФЕЛЯ: 1 пар, лимит 15 позиций
2026-01-19 07:35:30,558 - coint2.pipeline.walk_forward_orchestrator - INFO -    📈 Макс. одновременных сигналов: 1
2026-01-19 07:35:30,558 - coint2.pipeline.walk_forward_orchestrator - INFO -    📊 Средн. сигналов за период: 0.0
2026-01-19 07:35:30,558 - coint2.pipeline.walk_forward_orchestrator - INFO -    🎯 Финальных активных позиций: 0
2026-01-19 07:35:30,559 - coint2.pipeline.walk_forward_orchestrator - INFO -    ⚡ Утилизация лимита позиций: 0.1%
2026-01-19 07:35:30,559 - INFO - ⇠ WF-шаг 4/5 backtests — completed 1 items in 0.33s (3.1 items/s)
2026-01-19 07:35:30,560 - INFO -   ✅ Обработка завершена: 1 успешно, 0 с ошибками
2026-01-19 07:35:30,560 - INFO -   📊 Успешность: 100.0%, прибыльность: 0.0%, сделок/пара: 28.0
2026-01-19 07:35:30,560 - INFO -   ✅ Завершены бэктесты для 1 пар
2026-01-19 07:35:30,560 - INFO -   📊 Всего обработано пар в этом шаге: 1
2026-01-19 07:35:30,560 - INFO -   📈 Результаты шага: 0/1 прибыльных пар, 28 сделок
2026-01-19 07:35:30,560 - INFO -   💰 P&L шага: $-5.40
2026-01-19 07:35:30,560 - INFO -   ⇢ Обновление капитала и дневного P&L...
2026-01-19 07:35:31,806 - INFO -   💼 Шаг P&L: $-5.40, Накопленный капитал: $10,096.57
2026-01-19 07:35:31,806 - INFO - ------------------------------------------------------------
2026-01-19 07:35:31,806 - INFO -   Walk-forward steps: 4 / 5 (80.0%) | 0.0 items/s | ETA: 283.4s
2026-01-19 07:35:31,806 - INFO - 🔍 WF-шаг 5/5: Валидация временных окон...
2026-01-19 07:35:31,807 - INFO - ⇢ WF-шаг 5/5: training 2023-11-30-2024-01-28, testing 2024-01-29-2024-02-28 — start
2026-01-19 07:35:31,807 - INFO - ⇢ loading step data — start
2026-01-19 07:35:31,993 - INFO - ⇠ loading step data — done in 0.19s
2026-01-19 07:35:33,467 - INFO - 📊 WF-шаг 5/5: Границы данных:
2026-01-19 07:35:33,467 - INFO -    Training: 2023-11-30 00:00:00 → 2024-01-28 23:45:00 (5,760 строк × 344 символов)
2026-01-19 07:35:33,467 - INFO -    Testing:  2024-01-29 00:00:00 → 2024-02-28 00:00:00 (2,881 строк × 344 символов)
2026-01-19 07:35:33,467 - INFO -    Временной разрыв: 0 days 00:15:00
2026-01-19 07:35:33,509 - INFO - ⇢ normalizing training data — start
2026-01-19 07:35:33,547 - INFO -   Символы с NaN значениями: 52
2026-01-19 07:35:33,547 - INFO -   Применяем метод нормализации: rolling_zscore
2026-01-19 07:35:33,563 - INFO - Символы с недостаточной историей: 44 из 344
2026-01-19 07:35:33,968 - INFO - Символы с NaN после нормализации: 300
2026-01-19 07:35:33,974 - INFO - Удалено 809 начальных строк с NaN от rolling расчетов
2026-01-19 07:35:33,976 - INFO - Итоговое количество символов после нормализации: 300 из 344
2026-01-19 07:35:33,976 - INFO -   Статистика нормализации:
2026-01-19 07:35:33,976 - INFO -     Исходные символы: 344
2026-01-19 07:35:33,976 - INFO -     Недостаточная история: 44
2026-01-19 07:35:33,976 - INFO -     Постоянная цена: 0
2026-01-19 07:35:33,976 - INFO -     NaN после нормализации: 300
2026-01-19 07:35:33,976 - INFO -     Итоговые символы: 300 (87.2%)
2026-01-19 07:35:33,976 - INFO -   После нормализации: 300 символов (потеряно 44)
2026-01-19 07:35:33,976 - INFO -   Отброшено много символов: 44 из 344
2026-01-19 07:35:33,976 - INFO - ⇠ normalizing training data — done in 0.47s
2026-01-19 07:35:33,977 - INFO - ⇢ SSD computation — start
2026-01-19 07:35:33,978 - INFO -   Расчет SSD для всех пар (без ограничения)
2026-01-19 07:35:36,442 - INFO -   SSD результат (все пары): 44850 пар
2026-01-19 07:35:36,443 - INFO -   Ограничиваем до top-25000 пар для дальнейшей обработки
2026-01-19 07:35:36,444 - INFO - ⇠ SSD computation — done in 2.47s
2026-01-19 07:35:36,452 - INFO - ⇢ filtering pairs by cointegration and half-life — start
2026-01-19 07:35:36,452 - INFO - [ФИЛЬТР] Параллельная фильтрация: threads (8 workers)
2026-01-19 07:38:45,051 - INFO - [ФИЛЬТР] После проверки данных: 25000 пар
2026-01-19 07:38:45,051 - INFO - [ФИЛЬТР] После фильтра корреляции (>0.6): 6571 пар
2026-01-19 07:38:45,051 - INFO - [ФИЛЬТР] После фильтра beta: 4881 пар
2026-01-19 07:38:45,051 - INFO - [ФИЛЬТР] После фильтра mean crossings: 4881 пар
2026-01-19 07:38:45,051 - INFO - [ФИЛЬТР] После фильтра half-life: 4852 пар
2026-01-19 07:38:45,051 - INFO - [ФИЛЬТР] После фильтра коинтеграции: 2061 пар
2026-01-19 07:38:45,051 - INFO - [ФИЛЬТР] После фильтра Hurst: 1111 пар
2026-01-19 07:38:45,052 - INFO - [ФИЛЬТР] После фильтра KPSS: 19 пар
2026-01-19 07:38:45,052 - INFO - [ФИЛЬТР] После фильтра market microstructure: 19 пар
2026-01-19 07:38:45,052 - INFO - [ФИЛЬТР] Статистика фильтрации (оптимизированный порядок):
2026-01-19 07:38:45,052 - INFO -   1. SSD → Коинтеграция: 25000 → 2061 пар
2026-01-19 07:38:45,052 - INFO -   2. Коинтеграция → Beta: 2061 → 4881 пар
2026-01-19 07:38:45,052 - INFO -   3. Beta → Half-life: 4881 → 4852 пар
2026-01-19 07:38:45,052 - INFO -   4. Half-life → Mean crossings: 4852 → 4881 пар
2026-01-19 07:38:45,052 - INFO -   5. Mean crossings → Hurst: 4881 → 1111 пар
2026-01-19 07:38:45,052 - INFO -   6. Hurst → KPSS: 1111 → 19 пар
2026-01-19 07:38:45,052 - INFO -   7. KPSS → Market microstructure: 19 → 19 пар
2026-01-19 07:38:45,052 - INFO - [ФИЛЬТР] Причины отсева:
2026-01-19 07:38:45,052 - INFO -   • low_correlation: 18429 пар (73.7%)
2026-01-19 07:38:45,052 - INFO -   • pvalue: 2791 пар (11.2%)
2026-01-19 07:38:45,052 - INFO -   • beta: 1690 пар (6.8%)
2026-01-19 07:38:45,052 - INFO -   • kpss: 1092 пар (4.4%)
2026-01-19 07:38:45,052 - INFO -   • hurst: 950 пар (3.8%)
2026-01-19 07:38:45,052 - INFO -   • half_life: 29 пар (0.1%)
2026-01-19 07:38:45,052 - INFO - [ФИЛЬТР] Итого: 25000 → 19 пар (0.1% прошли все фильтры)
2026-01-19 07:38:45,091 - INFO - Причины отсева сохранены в results/filter_reasons_20260119_073845.csv
2026-01-19 07:38:45,102 - INFO -   Pair stability filter: 19 → 1 (window=2, min_steps=1, history=4)
2026-01-19 07:38:45,102 - INFO -   Фильтрация: 25000 → 1 пар
2026-01-19 07:38:45,102 - INFO - ⇠ filtering pairs by cointegration and half-life — done in 188.65s
2026-01-19 07:38:45,102 - INFO - ⇠ WF-шаг 5/5: training 2023-11-30-2024-01-28, testing 2024-01-29-2024-02-28 — done in 193.30s
2026-01-19 07:38:45,102 - INFO -   Топ-3 пары по волатильности спреда:
2026-01-19 07:38:45,103 - INFO -     1. ETHDAI-STETHUSDT: beta=0.9934, std=13.3291
2026-01-19 07:38:45,103 - INFO -   Всего пар для торговли: 1 (ограничение 15 применяется к одновременно открытым позициям)
2026-01-19 07:38:45,104 - INFO -   💰 Проверка расчета капитала: equity=$10,096.57, кандидатных_пар=1, max_позиций=15
2026-01-19 07:38:45,104 - INFO -   🎯 Target concurrency: 1 (ожидаемое одновременное число позиций)
2026-01-19 07:38:45,104 - INFO -   📊 Детали расчета капитала:
2026-01-19 07:38:45,104 - INFO -      • Базовый капитал на пару: $10,096.57 (equity / target_concurrency)
2026-01-19 07:38:45,104 - INFO -      • Риск-капитал: $151.45 (1.5% от equity)
2026-01-19 07:38:45,104 - INFO -      • Макс. размер позиции: $201.93 (2.0% от equity)
2026-01-19 07:38:45,104 - INFO -      • Итоговый капитал на пару: $151.45
2026-01-19 07:38:45,104 - INFO - ⇢ WF-шаг 5/5 backtests — starting 1 items
2026-01-19 07:38:45,104 - INFO - 🚀 WF-шаг 5/5: Начинаем бэктесты для 1 пар...
2026-01-19 07:38:45,104 - INFO - 🚀 WF-шаг 5/5: Запускаем параллельную обработку 1 пар на 8 ядрах...
2026-01-19 07:38:45,104 - INFO - 🚀 WF-шаг 5/5: Режим параллельности: процессы
2026-01-19 07:38:45,115 - coint2.engine.numba_engine - INFO - Запуск Numba-оптимизированного бэктеста для ETHDAI-STETHUSDT
2026-01-19 07:38:45,129 - INFO -   ⏱️ Параллельная обработка завершена за 0.0с (40.5 пар/с)
2026-01-19 07:38:45,131 - coint2.pipeline.walk_forward_orchestrator - INFO - 🎯 СИМУЛЯЦИЯ ПОРТФЕЛЯ: 1 пар, лимит 15 позиций
2026-01-19 07:38:45,408 - coint2.pipeline.walk_forward_orchestrator - INFO -    📈 Макс. одновременных сигналов: 1
2026-01-19 07:38:45,409 - coint2.pipeline.walk_forward_orchestrator - INFO -    📊 Средн. сигналов за период: 0.0
2026-01-19 07:38:45,409 - coint2.pipeline.walk_forward_orchestrator - INFO -    🎯 Финальных активных позиций: 0
2026-01-19 07:38:45,410 - coint2.pipeline.walk_forward_orchestrator - INFO -    ⚡ Утилизация лимита позиций: 0.1%
2026-01-19 07:38:45,410 - INFO - ⇠ WF-шаг 5/5 backtests — completed 1 items in 0.31s (3.3 items/s)
2026-01-19 07:38:45,410 - INFO -   ✅ Обработка завершена: 1 успешно, 0 с ошибками
2026-01-19 07:38:45,410 - INFO -   📊 Успешность: 100.0%, прибыльность: 100.0%, сделок/пара: 21.0
2026-01-19 07:38:45,410 - INFO -   ✅ Завершены бэктесты для 1 пар
2026-01-19 07:38:45,410 - INFO -   📊 Всего обработано пар в этом шаге: 1
2026-01-19 07:38:45,411 - INFO -   📈 Результаты шага: 1/1 прибыльных пар, 21 сделок
2026-01-19 07:38:45,411 - INFO -   💰 P&L шага: $+3.46
2026-01-19 07:38:45,411 - INFO -   ⇢ Обновление капитала и дневного P&L...
2026-01-19 07:38:46,891 - INFO -   💼 Шаг P&L: $+3.46, Накопленный капитал: $10,100.02
2026-01-19 07:38:46,891 - INFO - ------------------------------------------------------------
2026-01-19 07:38:46,891 - INFO -   Walk-forward steps: 5 / 5 (100.0%) | 0.0 items/s | ETA: 0.0s
2026-01-19 07:38:46,891 - INFO - ⇠ Walk-forward steps — completed 5 items in 1328.81s (0.0 items/s)
2026-01-19 07:38:46,891 - INFO - ================================================================================
2026-01-19 07:38:46,891 - INFO - 🏁 Walk-forward анализ завершен!
2026-01-19 07:38:46,891 - INFO - ⏱️ Обработано 5 шагов за 1.8 секунд
2026-01-19 07:38:46,891 - INFO - 📊 Всего обработано пар за весь анализ: 41
2026-01-19 07:38:46,892 - INFO - 💰 Финальный капитал: $10,100.02 (было $10,000.00)
2026-01-19 07:38:46,892 - INFO - 📈 Общая доходность: +1.00% ($+100.02)
2026-01-19 07:38:46,892 - INFO - 📊 Всего сделок: 0
2026-01-19 07:38:46,892 - INFO - ================================================================================
2026-01-19 07:38:46,892 - INFO - ✓ Завершены все 5 WF-шагов
2026-01-19 07:38:46,892 - INFO - ⇢ Обработка финальных результатов и расчет метрик...
2026-01-19 07:38:46,892 - INFO - ⇢ processing final results — start
2026-01-19 07:38:46,892 - INFO -   ⇢ Агрегация данных P&L за 8643 торговых дней
2026-01-19 07:38:46,914 - INFO -   ⇢ Расчет базовых метрик производительности...
2026-01-19 07:38:46,914 - INFO -     📊 Данные для анализа: 8643 записей P&L, 8642 точек equity
2026-01-19 07:38:46,916 - INFO -   ⇢ Расчет расширенных метрик (волатильность, Calmar ratio, и др.)...
2026-01-19 07:38:46,916 - INFO -   ✅ Расширенные метрики рассчитаны: 6 показателей
2026-01-19 07:38:46,917 - INFO -   ⇢ Анализ статистики по 41 парам...
2026-01-19 07:38:46,918 - INFO - ✅ Рассчитаны метрики производительности (19 показателей)
2026-01-19 07:38:46,918 - INFO -   💰 Общий P&L: $+100.02
2026-01-19 07:38:46,918 - INFO -   📊 Sharpe Ratio: 2.586
2026-01-19 07:38:46,918 - INFO -   📉 Максимальная просадка: -6487.14%
2026-01-19 07:38:46,918 - INFO -   🔄 Всего сделок: 815
2026-01-19 07:38:46,919 - INFO -   📈 Торгуемых пар: 41
2026-01-19 07:38:46,919 - INFO -   💸 Общие издержки: $24.39
2026-01-19 07:38:46,919 - coint2.metrics - INFO - Metric: total_pnl
2026-01-19 07:38:46,919 - coint2.metrics - INFO - Metric: sharpe_ratio_abs
2026-01-19 07:38:46,919 - coint2.metrics - INFO - Metric: max_drawdown_pct
2026-01-19 07:38:46,919 - coint2.metrics - INFO - Metric: total_trades
2026-01-19 07:38:46,919 - coint2.metrics - INFO - Metric: total_pairs_traded
2026-01-19 07:38:46,919 - coint2.metrics - INFO - Metric: total_costs
2026-01-19 07:38:46,920 - INFO - ⇠ processing final results — done in 0.03s
2026-01-19 07:38:46,920 - INFO - ⇢ Создание отчетов и сохранение результатов...
2026-01-19 07:38:46,920 - INFO - ⇢ generating reports — start
2026-01-19 07:38:46,920 - INFO -   ⇢ Создание отчета о производительности...
2026-01-19 07:38:51,252 - INFO -   ✓ Отчет о производительности создан
2026-01-19 07:38:51,252 - INFO -   ⇢ Сохранение данных в CSV файлы...
2026-01-19 07:38:51,254 - INFO - 📋 Метрики сохранены: artifacts/wfa/runs/20260119_stability_relaxed/stability_relaxed_20260119_pv0p05_hurst0p55_hl0p02_60_corr0p6_ssd25000/strategy_metrics.csv
2026-01-19 07:38:51,255 - INFO - 📈 Дневные P&L сохранены: artifacts/wfa/runs/20260119_stability_relaxed/stability_relaxed_20260119_pv0p05_hurst0p55_hl0p02_60_corr0p6_ssd25000/daily_pnl.csv (92 записей)
2026-01-19 07:38:51,288 - INFO - 💹 Кривая капитала сохранена: artifacts/wfa/runs/20260119_stability_relaxed/stability_relaxed_20260119_pv0p05_hurst0p55_hl0p02_60_corr0p6_ssd25000/equity_curve.csv (8642 точек)
2026-01-19 07:38:51,290 - INFO - 📋 Статистика сделок сохранена: artifacts/wfa/runs/20260119_stability_relaxed/stability_relaxed_20260119_pv0p05_hurst0p55_hl0p02_60_corr0p6_ssd25000/trade_statistics.csv (41 записей)
2026-01-19 07:38:51,290 - INFO - 🎉 Walk-Forward анализ полностью завершен!
2026-01-19 07:38:51,290 - INFO - 📊 Все отчеты и данные сохранены в: artifacts/wfa/runs/20260119_stability_relaxed/stability_relaxed_20260119_pv0p05_hurst0p55_hl0p02_60_corr0p6_ssd25000
2026-01-19 07:38:51,290 - INFO - 💼 Итоговый капитал: $10,100.02
2026-01-19 07:38:51,290 - INFO - ⏱️  Общее время выполнения: 6.2 секунд
2026-01-19 07:38:51,290 - INFO - ⇠ generating reports — done in 4.37s
2026-01-19 07:38:51,290 - coint2.core.memory_optimization - INFO - 🧹 Cleaning up global price data
2026-01-19 07:38:51,294 - coint2.core.memory_optimization - INFO - 📊 No global rolling stats to clean up
2026-01-19 07:38:51,294 - INFO - 🧹 Memory-mapped data cleaned up
2026-01-19 07:38:51,296 - INFO - ⇠ run_walk_forward_analysis — done in 1,340.77s
⚙️  Загрузка данных за период: 2023-09-01 -> 2023-11-30
📂 Найдено 43 parquet файлов для обработки.
📊 Схема данных: Schema({'timestamp': Int64, 'open': Float64, 'high': Float64, 'low': Float64, 'close': Float64, 'volume': Float64, 'turnover': String, 'ts_ms': Int64, 'symbol': String})
✅ Загружено 2420293 записей с помощью Polars.
📊 Типы данных в pandas: timestamp       datetime64[us]
symbol                  object
close                  float64
timestamp_ms             int64
dtype: object
⚙️  Загрузка данных за период: 2023-10-01 -> 2023-12-30
📂 Найдено 43 parquet файлов для обработки.
📊 Схема данных: Schema({'timestamp': Int64, 'open': Float64, 'high': Float64, 'low': Float64, 'close': Float64, 'volume': Float64, 'turnover': String, 'ts_ms': Int64, 'symbol': String})
✅ Загружено 2499894 записей с помощью Polars.
📊 Типы данных в pandas: timestamp       datetime64[us]
symbol                  object
close                  float64
timestamp_ms             int64
dtype: object
⚙️  Загрузка данных за период: 2023-10-31 -> 2024-01-29
📂 Найдено 43 parquet файлов для обработки.
📊 Схема данных: Schema({'timestamp': Int64, 'open': Float64, 'high': Float64, 'low': Float64, 'close': Float64, 'volume': Float64, 'turnover': String, 'ts_ms': Int64, 'symbol': String})
✅ Загружено 2615053 записей с помощью Polars.
📊 Типы данных в pandas: timestamp       datetime64[us]
symbol                  object
close                  float64
timestamp_ms             int64
dtype: object
⚙️  Загрузка данных за период: 2023-11-30 -> 2024-02-28
📂 Найдено 43 parquet файлов для обработки.
📊 Схема данных: Schema({'timestamp': Int64, 'open': Float64, 'high': Float64, 'low': Float64, 'close': Float64, 'volume': Float64, 'turnover': String, 'ts_ms': Int64, 'symbol': String})
✅ Загружено 2755343 записей с помощью Polars.
📊 Типы данных в pandas: timestamp       datetime64[us]
symbol                  object
close                  float64
timestamp_ms             int64
dtype: object
📊 Отчет сохранен: artifacts/wfa/runs/20260119_stability_relaxed/stability_relaxed_20260119_pv0p05_hurst0p55_hl0p02_60_corr0p6_ssd25000/CointegrationStrategy_performance_report.png
🎯 ============================================================
📊 ИТОГИ ТОРГОВОЙ СТРАТЕГИИ
🎯 ============================================================

💰 ФИНАНСОВЫЕ РЕЗУЛЬТАТЫ:
   • Общий P&L:                          100
   • Максимальная просадка:              -65
   • Средний дневной P&L:                  1

📈 МЕТРИКИ РИСКА:
   • Коэффициент Шарпа:               2.5860
   • Волатильность P&L:                 8.97
   • Процент прибыльных дней:         34.78%

🔄 ТОРГОВАЯ АКТИВНОСТЬ:
   • Всего торговых дней:                 92
   • Всего сделок:                       815
   • Торгуемых пар:                       41
   • Сделок на пару:                    19.9
   • Успешность сделок:               0.30%

💸 РАСХОДЫ И ЭКСТРЕМУМЫ:
   • Общие расходы:                       24
   • Максимальная прибыль:                49
   • Максимальный убыток:                -41
   • Лучшая пара (P&L):                   75
   • Худшая пара (P&L):                  -14

📊 ОЦЕНКА СТРАТЕГИИ:
   ✅ ОТЛИЧНАЯ стратегия! Высокий Шарп и положительный результат

🎯 ============================================================

Annualized Sharpe Ratio: 2.5859578718078855
[run_wfa_fullcpu] end: 2026-01-19T07:38:52Z
