[run_wfa_queue] 2026-01-23T13:41:00Z cmd: /opt/coint4/coint4/run_wfa_fullcpu.sh configs/budget_20260123_1000_capsweep_oos20250101_20250630_top50_maxnot40_notionalgrid/stress_relaxed8_nokpss_20260123_oos20250101_20250630_top50_z1p00_exit0p06_hold180_cd180_ms0p2_cap1000_maxnot40_risk0p03_minnot30_maxnot40.yaml artifacts/wfa/runs/20260123_budget1000_oos_notional20_grid/stress_relaxed8_nokpss_20260123_oos20250101_20250630_top50_z1p00_exit0p06_hold180_cd180_ms0p2_cap1000_maxnot40_risk0p03_minnot30_maxnot40
[run_wfa_fullcpu] start: 2026-01-23T13:41:00Z
[run_wfa_fullcpu] os.cpu_count: 8
[run_wfa_fullcpu] worker_pid=3212
2026-01-23 13:41:03,463 - coint2.core.memory_optimization - INFO - ✅ BLAS threading limits set to 1 via threadpoolctl
2026-01-23 13:41:03,463 - coint2.core.memory_optimization - INFO - 🔧 Controlled libraries: openblas, openmp
2026-01-23 13:41:03,463 - coint2.core.memory_optimization - INFO - 🧵 Process threads: 2 → 2
2026-01-23 13:41:03,463 - coint2.core.memory_optimization - INFO - 📝 Set 11 environment variables
2026-01-23 13:41:03,836 - INFO - ✅ Параметры конфигурации валидны
2026-01-23 13:41:03,836 - INFO - 📝 Некоторые параметры были скорректированы:
2026-01-23 13:41:04,011 - INFO - 🔒 WFA: фиксированный universe из artifacts/universe/20260119_relaxed8_strict_preholdout_v2/pairs_universe.yaml (250 пар)
2026-01-23 13:41:04,011 - INFO -   Шаг 1: тренировка 2024-10-03-2024-12-31, тест 2025-01-01-2025-01-31
2026-01-23 13:41:04,011 - INFO -   Шаг 2: тренировка 2024-11-02-2025-01-30, тест 2025-01-31-2025-03-02
2026-01-23 13:41:04,011 - INFO -   Шаг 3: тренировка 2024-12-02-2025-03-01, тест 2025-03-02-2025-04-01
2026-01-23 13:41:04,011 - INFO -   Шаг 4: тренировка 2025-01-01-2025-03-31, тест 2025-04-01-2025-05-01
2026-01-23 13:41:04,012 - INFO -   Шаг 5: тренировка 2025-01-31-2025-04-30, тест 2025-05-01-2025-05-31
2026-01-23 13:41:04,012 - INFO -   Шаг 6: тренировка 2025-03-02-2025-05-30, тест 2025-05-31-2025-06-30
2026-01-23 13:41:04,012 - INFO - 📈 Запланировано 6 walk-forward шагов
2026-01-23 13:41:04,012 - INFO - ⛔ Ограничение WFA шагов: 6 → 3
2026-01-23 13:41:04,012 - WARNING - ⚠️ Маленький буфер между training и testing в шаге 1: 0 дней. Рекомендуется минимум 1 день.
2026-01-23 13:41:04,012 - WARNING - ⚠️ Маленький буфер между training и testing в шаге 2: 0 дней. Рекомендуется минимум 1 день.
2026-01-23 13:41:04,012 - WARNING - ⚠️ Маленький буфер между training и testing в шаге 3: 0 дней. Рекомендуется минимум 1 день.
2026-01-23 13:41:04,012 - INFO - ✅ Шаги успешно запланированы:
2026-01-23 13:41:04,012 - INFO -    Шаг 1: тренировка 2024-10-03-2024-12-31, тест 2025-01-01-2025-01-31
2026-01-23 13:41:04,012 - INFO -    Шаг 2: тренировка 2024-11-02-2025-01-30, тест 2025-01-31-2025-03-02
2026-01-23 13:41:04,012 - INFO -    Шаг 3: тренировка 2024-12-02-2025-03-01, тест 2025-03-02-2025-04-01
2026-01-23 13:41:04,012 - INFO - 🗂️ Consolidating price data for memory-mapped access...
2026-01-23 13:41:04,012 - INFO - 📊 Consolidating data range: 2024-09-28 → 2025-04-06
2026-01-23 13:41:04,012 - coint2.core.memory_optimization - INFO - 🔄 Consolidating price data from data_downloaded to .cache/consolidated_prices.parquet
2026-01-23 13:41:04,012 - INFO - ⇢ loading raw data for consolidation — start
2026-01-23 13:41:04,835 - INFO - ⇠ loading raw data for consolidation — done in 0.82s
2026-01-23 13:41:04,835 - INFO - ⇢ pivoting data to wide format — start
2026-01-23 13:41:12,099 - INFO - ⇠ pivoting data to wide format — done in 7.26s
2026-01-23 13:41:12,182 - coint2.core.memory_optimization - INFO - 📊 Consolidated data: 18241 rows × 598 symbols
2026-01-23 13:41:12,182 - coint2.core.memory_optimization - INFO - 💾 Memory usage: 43.8 MB
2026-01-23 13:41:12,182 - INFO - ⇢ writing consolidated Parquet file — start
2026-01-23 13:41:12,523 - INFO - ⇠ writing consolidated Parquet file — done in 0.34s
2026-01-23 13:41:12,523 - coint2.core.memory_optimization - INFO - ✅ Successfully consolidated data to .cache/consolidated_prices.parquet
2026-01-23 13:41:12,562 - coint2.core.memory_optimization - INFO - 🔄 Initializing memory-mapped price data from .cache/consolidated_prices.parquet
2026-01-23 13:41:12,563 - INFO - ⇢ loading memory-mapped data — start
2026-01-23 13:41:12,563 - coint2.core.memory_optimization - WARNING - ⚠️ memory_map не поддерживается в текущей версии pyarrow, fallback без mmap
2026-01-23 13:41:12,749 - INFO - ⇠ loading memory-mapped data — done in 0.19s
2026-01-23 13:41:12,937 - coint2.core.memory_optimization - INFO - 📊 Loaded 18241 rows × 598 symbols
2026-01-23 13:41:12,938 - coint2.core.memory_optimization - INFO - 💾 Memory usage: 43.8 MB (memory-mapped)
2026-01-23 13:41:12,939 - INFO - ✅ Memory-mapped data initialized successfully
2026-01-23 13:41:12,940 - INFO - ⇢ Walk-forward steps — starting 3 items
2026-01-23 13:41:12,941 - INFO - 📈 Инициализация equity кривой с первой тестовой даты: 2025-01-01 00:00:00
2026-01-23 13:41:12,941 - INFO - 🔍 WF-шаг 1/3: Валидация временных окон...
2026-01-23 13:41:12,941 - INFO - ⇢ WF-шаг 1/3: training 2024-10-03-2024-12-31, testing 2025-01-01-2025-01-31 — start
2026-01-23 13:41:12,941 - INFO - ⇢ loading step data — start
2026-01-23 13:41:13,312 - INFO - ⇠ loading step data — done in 0.37s
2026-01-23 13:41:17,475 - INFO - 📊 WF-шаг 1/3: Границы данных:
2026-01-23 13:41:17,475 - INFO -    Training: 2024-10-03 00:00:00 → 2024-12-31 23:45:00 (8,640 строк × 569 символов)
2026-01-23 13:41:17,475 - INFO -    Testing:  2025-01-01 00:00:00 → 2025-01-31 00:00:00 (2,881 строк × 569 символов)
2026-01-23 13:41:17,475 - INFO -    Временной разрыв: 0 days 00:15:00
2026-01-23 13:41:17,551 - INFO - ⇢ normalizing training data — start
2026-01-23 13:41:17,620 - INFO -   Символы с NaN значениями: 76
2026-01-23 13:41:17,620 - INFO -   Применяем метод нормализации: rolling_zscore
2026-01-23 13:41:17,683 - INFO - Символы с недостаточной историей: 67 из 569
2026-01-23 13:41:18,916 - INFO - Символы с NaN после нормализации: 502
2026-01-23 13:41:18,931 - INFO - Удалено 1481 начальных строк с NaN от rolling расчетов
2026-01-23 13:41:18,935 - INFO - Итоговое количество символов после нормализации: 502 из 569
2026-01-23 13:41:18,937 - INFO -   Статистика нормализации:
2026-01-23 13:41:18,938 - INFO -     Исходные символы: 569
2026-01-23 13:41:18,938 - INFO -     Недостаточная история: 67
2026-01-23 13:41:18,938 - INFO -     Постоянная цена: 0
2026-01-23 13:41:18,938 - INFO -     NaN после нормализации: 502
2026-01-23 13:41:18,938 - INFO -     Итоговые символы: 502 (88.2%)
2026-01-23 13:41:18,938 - INFO -   После нормализации: 502 символов (потеряно 67)
2026-01-23 13:41:18,938 - INFO -   Отброшено много символов: 67 из 569
2026-01-23 13:41:18,938 - INFO - ⇠ normalizing training data — done in 1.39s
2026-01-23 13:41:18,938 - INFO -   Фиксированный universe: 250 пар (отфильтровано 0 недоступных)
2026-01-23 13:41:18,938 - INFO - ⇢ filtering pairs by cointegration and half-life — start
2026-01-23 13:41:18,938 - INFO - [ФИЛЬТР] Параллельная фильтрация: threads (8 workers)
2026-01-23 13:41:26,669 - INFO - [ФИЛЬТР] После проверки данных: 250 пар
2026-01-23 13:41:26,669 - INFO - [ФИЛЬТР] После фильтра корреляции (>0.4): 198 пар
2026-01-23 13:41:26,669 - INFO - [ФИЛЬТР] После фильтра beta: 158 пар
2026-01-23 13:41:26,669 - INFO - [ФИЛЬТР] После фильтра mean crossings: 158 пар
2026-01-23 13:41:26,669 - INFO - [ФИЛЬТР] После фильтра half-life: 158 пар
2026-01-23 13:41:26,669 - INFO - [ФИЛЬТР] После фильтра коинтеграции: 86 пар
2026-01-23 13:41:26,669 - INFO - [ФИЛЬТР] После фильтра Hurst: 55 пар
2026-01-23 13:41:26,669 - INFO - [ФИЛЬТР] После фильтра KPSS: 55 пар
2026-01-23 13:41:26,669 - INFO - [ФИЛЬТР] После фильтра market microstructure: 55 пар
2026-01-23 13:41:26,669 - INFO - [ФИЛЬТР] Статистика фильтрации (оптимизированный порядок):
2026-01-23 13:41:26,669 - INFO -   1. SSD → Коинтеграция: 250 → 86 пар
2026-01-23 13:41:26,669 - INFO -   2. Коинтеграция → Beta: 86 → 158 пар
2026-01-23 13:41:26,669 - INFO -   3. Beta → Half-life: 158 → 158 пар
2026-01-23 13:41:26,670 - INFO -   4. Half-life → Mean crossings: 158 → 158 пар
2026-01-23 13:41:26,670 - INFO -   5. Mean crossings → Hurst: 158 → 55 пар
2026-01-23 13:41:26,670 - INFO -   6. Hurst → KPSS: 55 → 55 пар
2026-01-23 13:41:26,670 - INFO -   7. KPSS → Market microstructure: 55 → 55 пар
2026-01-23 13:41:26,670 - INFO - [ФИЛЬТР] Причины отсева:
2026-01-23 13:41:26,670 - INFO -   • pvalue: 72 пар (28.8%)
2026-01-23 13:41:26,670 - INFO -   • low_correlation: 52 пар (20.8%)
2026-01-23 13:41:26,670 - INFO -   • beta: 40 пар (16.0%)
2026-01-23 13:41:26,670 - INFO -   • hurst: 31 пар (12.4%)
2026-01-23 13:41:26,670 - INFO - [ФИЛЬТР] Итого: 250 → 55 пар (22.0% прошли все фильтры)
2026-01-23 13:41:26,673 - INFO - Причины отсева сохранены в results/filter_reasons_20260123_134126.csv
2026-01-23 13:41:26,673 - INFO -   Pair stability filter: insufficient history (0 < 1), skip
2026-01-23 13:41:26,673 - INFO -   Фильтрация: 250 → 55 пар
2026-01-23 13:41:26,673 - INFO - ⇠ filtering pairs by cointegration and half-life — done in 7.74s
2026-01-23 13:41:26,673 - INFO - ⇠ WF-шаг 1/3: training 2024-10-03-2024-12-31, testing 2025-01-01-2025-01-31 — done in 13.73s
2026-01-23 13:41:26,673 - INFO -   Ограничение max_pairs=50: 55 → 50
2026-01-23 13:41:26,673 - INFO -   Топ-3 пары по волатильности спреда:
2026-01-23 13:41:26,673 - INFO -     1. BTCUSDC-BTCUSDT: beta=1.0010, std=69.8508
2026-01-23 13:41:26,673 - INFO -     2. ETHDAI-ETHEUR: beta=0.9775, std=32.5750
2026-01-23 13:41:26,674 - INFO -     3. ETHUSDC-ETHUSDT: beta=1.0014, std=2.4933
2026-01-23 13:41:26,674 - INFO -   Всего пар для торговли: 50 (ограничение 15 применяется к одновременно открытым позициям)
2026-01-23 13:41:26,674 - INFO -   💰 Проверка расчета капитала: equity=$1,000.00, кандидатных_пар=50, max_позиций=15
2026-01-23 13:41:26,674 - INFO -   🎯 Target concurrency: 15 (ожидаемое одновременное число позиций)
2026-01-23 13:41:26,674 - INFO -   📊 Детали расчета капитала:
2026-01-23 13:41:26,674 - INFO -      • Базовый капитал на пару: $66.67 (equity / target_concurrency)
2026-01-23 13:41:26,674 - INFO -      • Риск-капитал: $30.00 (3.0% от equity)
2026-01-23 13:41:26,674 - INFO -      • Макс. размер позиции: $50.00 (5.0% от equity)
2026-01-23 13:41:26,674 - INFO -      • Итоговый капитал на пару: $30.00
2026-01-23 13:41:26,674 - INFO - ⇢ WF-шаг 1/3 backtests — starting 50 items
2026-01-23 13:41:26,674 - INFO - 🚀 WF-шаг 1/3: Начинаем бэктесты для 50 пар...
2026-01-23 13:41:26,674 - INFO - 🚀 WF-шаг 1/3: Запускаем параллельную обработку 50 пар на 8 ядрах...
2026-01-23 13:41:26,674 - INFO - 🚀 WF-шаг 1/3: Режим параллельности: процессы
⚙️  Загрузка данных за период: 2024-09-28 -> 2025-04-06
📂 Найдено 43 parquet файлов для обработки.
📊 Схема данных: Schema({'timestamp': Int64, 'open': Float64, 'high': Float64, 'low': Float64, 'close': Float64, 'volume': Float64, 'turnover': String, 'ts_ms': Int64, 'symbol': String})
✅ Загружено 9958627 записей с помощью Polars.
📊 Типы данных в pandas: timestamp       datetime64[us]
symbol                  object
close                  float64
timestamp_ms             int64
dtype: object
⚙️  Загрузка данных за период: 2024-10-03 -> 2025-01-31
📂 Найдено 43 parquet файлов для обработки.
📊 Схема данных: Schema({'timestamp': Int64, 'open': Float64, 'high': Float64, 'low': Float64, 'close': Float64, 'volume': Float64, 'turnover': String, 'ts_ms': Int64, 'symbol': String})
✅ Загружено 6098760 записей с помощью Polars.
📊 Типы данных в pandas: timestamp       datetime64[us]
symbol                  object
close                  float64
timestamp_ms             int64
dtype: object
2026-01-23 13:41:26,749 - coint2.engine.numba_engine - INFO - Запуск Numba-оптимизированного бэктеста для BTCUSDC-BTCUSDT
2026-01-23 13:41:26,780 - coint2.engine.numba_engine - INFO - Запуск Numba-оптимизированного бэктеста для ETHDAI-ETHEUR
2026-01-23 13:41:26,813 - coint2.engine.numba_engine - INFO - Запуск Numba-оптимизированного бэктеста для ETHUSDC-ETHUSDT
2026-01-23 13:41:26,836 - coint2.engine.numba_engine - INFO - Запуск Numba-оптимизированного бэктеста для DYDXUSDT-KSMUSDT
2026-01-23 13:41:26,847 - coint2.engine.numba_engine - INFO - Запуск Numba-оптимизированного бэктеста для AVAUSDT-FLOWUSDT
2026-01-23 13:41:26,858 - coint2.engine.numba_engine - INFO - Запуск Numba-оптимизированного бэктеста для CBKUSDT-FILUSDC
2026-01-23 13:41:26,860 - coint2.engine.numba_engine - INFO - Запуск Numba-оптимизированного бэктеста для APEUSDC-HFTUSDC
2026-01-23 13:41:26,880 - coint2.engine.numba_engine - INFO - Запуск Numba-оптимизированного бэктеста для BATUSDT-JSTUSDT
2026-01-23 13:41:26,881 - coint2.engine.numba_engine - INFO - Запуск Numba-оптимизированного бэктеста для CBKUSDT-ENJUSDT
2026-01-23 13:41:26,882 - coint2.engine.numba_engine - INFO - Запуск Numba-оптимизированного бэктеста для CYBERUSDT-FIDAUSDT
2026-01-23 13:41:26,895 - coint2.engine.numba_engine - INFO - Запуск Numba-оптимизированного бэктеста для APEUSDT-HFTUSDC
2026-01-23 13:41:26,902 - coint2.engine.numba_engine - INFO - Запуск Numba-оптимизированного бэктеста для GODSUSDT-KCALUSDT
2026-01-23 13:41:26,902 - coint2.engine.numba_engine - INFO - Запуск Numba-оптимизированного бэктеста для CHZUSDC-JSTUSDT
2026-01-23 13:41:26,917 - coint2.engine.numba_engine - INFO - Запуск Numba-оптимизированного бэктеста для CBKUSDT-ETCUSDT
2026-01-23 13:41:26,924 - coint2.engine.numba_engine - INFO - Запуск Numba-оптимизированного бэктеста для CAPSUSDT-FTTUSDT
2026-01-23 13:41:26,924 - coint2.engine.numba_engine - INFO - Запуск Numba-оптимизированного бэктеста для CHZUSDT-JSTUSDT
2026-01-23 13:41:26,929 - coint2.engine.numba_engine - INFO - Запуск Numba-оптимизированного бэктеста для AXLUSDT-IZIUSDT
2026-01-23 13:41:26,929 - coint2.engine.numba_engine - INFO - Запуск Numba-оптимизированного бэктеста для DYDXUSDT-KCALUSDT
2026-01-23 13:41:26,938 - coint2.engine.numba_engine - INFO - Запуск Numba-оптимизированного бэктеста для GMTUSDT-KCALUSDT
2026-01-23 13:41:26,946 - coint2.engine.numba_engine - INFO - Запуск Numba-оптимизированного бэктеста для AGLAUSDT-ARBUSDC
2026-01-23 13:41:26,946 - coint2.engine.numba_engine - INFO - Запуск Numba-оптимизированного бэктеста для FITFIUSDT-IZIUSDT
2026-01-23 13:41:26,950 - coint2.engine.numba_engine - INFO - Запуск Numba-оптимизированного бэктеста для BICOUSDT-DUELUSDT
2026-01-23 13:41:26,960 - coint2.engine.numba_engine - INFO - Запуск Numba-оптимизированного бэктеста для ADAEUR-ADAUSDC
2026-01-23 13:41:26,967 - coint2.engine.numba_engine - INFO - Запуск Numba-оптимизированного бэктеста для FLOWUSDT-JSTUSDT
2026-01-23 13:41:26,967 - coint2.engine.numba_engine - INFO - Запуск Numba-оптимизированного бэктеста для FITFIUSDT-FLOWUSDT
2026-01-23 13:41:26,973 - coint2.engine.numba_engine - INFO - Запуск Numba-оптимизированного бэктеста для AVAUSDT-KASTAUSDT
2026-01-23 13:41:26,981 - coint2.engine.numba_engine - INFO - Запуск Numba-оптимизированного бэктеста для AGLAUSDT-ARBUSDT
2026-01-23 13:41:26,988 - coint2.engine.numba_engine - INFO - Запуск Numba-оптимизированного бэктеста для GMTUSDC-KCALUSDT
2026-01-23 13:41:26,989 - coint2.engine.numba_engine - INFO - Запуск Numba-оптимизированного бэктеста для DMAILUSDT-FIDAUSDT
2026-01-23 13:41:27,012 - coint2.engine.numba_engine - INFO - Запуск Numba-оптимизированного бэктеста для BATUSDT-ETCUSDT
2026-01-23 13:41:27,012 - coint2.engine.numba_engine - INFO - Запуск Numba-оптимизированного бэктеста для ARKMUSDT-ARUSDT
2026-01-23 13:41:27,022 - coint2.engine.numba_engine - INFO - Запуск Numba-оптимизированного бэктеста для CHZUSDC-FILUSDC
2026-01-23 13:41:27,026 - coint2.engine.numba_engine - INFO - Запуск Numba-оптимизированного бэктеста для AFCUSDT-CITYUSDT
2026-01-23 13:41:27,033 - coint2.engine.numba_engine - INFO - Запуск Numba-оптимизированного бэктеста для CSPRUSDT-GTAIUSDT
2026-01-23 13:41:27,045 - coint2.engine.numba_engine - INFO - Запуск Numba-оптимизированного бэктеста для AGLAUSDT-CSPRUSDT
2026-01-23 13:41:27,047 - coint2.engine.numba_engine - INFO - Запуск Numba-оптимизированного бэктеста для 1INCHUSDT-AXSUSDT
2026-01-23 13:41:27,055 - coint2.engine.numba_engine - INFO - Запуск Numba-оптимизированного бэктеста для CAPSUSDT-CSPRUSDT
2026-01-23 13:41:27,065 - coint2.engine.numba_engine - INFO - Запуск Numba-оптимизированного бэктеста для BICOUSDT-KASTAUSDT
2026-01-23 13:41:27,068 - coint2.engine.numba_engine - INFO - Запуск Numba-оптимизированного бэктеста для ENJUSDT-FILUSDC
2026-01-23 13:41:27,086 - coint2.engine.numba_engine - INFO - Запуск Numba-оптимизированного бэктеста для FIDAUSDT-KAVAUSDT
2026-01-23 13:41:27,089 - coint2.engine.numba_engine - INFO - Запуск Numba-оптимизированного бэктеста для CSPRUSDT-FTTUSDT
2026-01-23 13:41:27,090 - coint2.engine.numba_engine - INFO - Запуск Numba-оптимизированного бэктеста для CBKUSDT-FILUSDT
2026-01-23 13:41:27,108 - coint2.engine.numba_engine - INFO - Запуск Numba-оптимизированного бэктеста для C98USDT-CHZUSDC
2026-01-23 13:41:27,111 - coint2.engine.numba_engine - INFO - Запуск Numba-оптимизированного бэктеста для AGLAUSDT-APPUSDT
2026-01-23 13:41:27,114 - coint2.engine.numba_engine - INFO - Запуск Numba-оптимизированного бэктеста для 1INCHUSDT-ICXUSDT
2026-01-23 13:41:27,129 - coint2.engine.numba_engine - INFO - Запуск Numba-оптимизированного бэктеста для CHRPUSDT-ERTHAUSDT
2026-01-23 13:41:27,138 - coint2.engine.numba_engine - INFO - Запуск Numba-оптимизированного бэктеста для C98USDT-CHZUSDT
2026-01-23 13:41:27,150 - coint2.engine.numba_engine - INFO - Запуск Numba-оптимизированного бэктеста для IZIUSDT-KCALUSDT
2026-01-23 13:41:27,160 - coint2.engine.numba_engine - INFO - Запуск Numba-оптимизированного бэктеста для AEGUSDT-DOMEUSDT
2026-01-23 13:41:27,182 - coint2.engine.numba_engine - INFO - Запуск Numba-оптимизированного бэктеста для IZIUSDT-KAVAUSDT
2026-01-23 13:41:27,233 - INFO -   ⏱️ Параллельная обработка завершена за 0.6с (89.4 пар/с)
2026-01-23 13:41:27,257 - coint2.pipeline.walk_forward_orchestrator - INFO - 🎯 СИМУЛЯЦИЯ ПОРТФЕЛЯ: 50 пар, лимит 15 позиций
2026-01-23 13:41:28,196 - coint2.pipeline.walk_forward_orchestrator - INFO -    📈 Макс. одновременных сигналов: 33
2026-01-23 13:41:28,196 - coint2.pipeline.walk_forward_orchestrator - INFO -    📊 Средн. сигналов за период: 19.8
2026-01-23 13:41:28,196 - coint2.pipeline.walk_forward_orchestrator - INFO -    🎯 Финальных активных позиций: 15
2026-01-23 13:41:28,198 - coint2.pipeline.walk_forward_orchestrator - INFO -    ⚡ Утилизация лимита позиций: 95.3%
2026-01-23 13:41:28,198 - INFO - ⇠ WF-шаг 1/3 backtests — completed 50 items in 1.52s (32.8 items/s)
2026-01-23 13:41:28,199 - INFO -   ✅ Обработка завершена: 50 успешно, 0 с ошибками
2026-01-23 13:41:28,199 - INFO -   📊 Успешность: 100.0%, прибыльность: 60.0%, сделок/пара: 47.6
2026-01-23 13:41:28,199 - INFO -   ✅ Завершены бэктесты для 50 пар
2026-01-23 13:41:28,199 - INFO -   📊 Всего обработано пар в этом шаге: 50
2026-01-23 13:41:28,199 - INFO -   📈 Результаты шага: 30/50 прибыльных пар, 2380 сделок
2026-01-23 13:41:28,199 - INFO -   💰 P&L шага: $+977.50
2026-01-23 13:41:28,199 - INFO -   ⇢ Обновление капитала и дневного P&L...
2026-01-23 13:41:29,394 - INFO -   💼 Шаг P&L: $+977.50, Накопленный капитал: $1,977.50
2026-01-23 13:41:29,394 - INFO - ------------------------------------------------------------
2026-01-23 13:41:29,394 - INFO -   Walk-forward steps: 1 / 3 (33.3%) | 0.1 items/s | ETA: 32.9s
2026-01-23 13:41:29,394 - INFO - 🔍 WF-шаг 2/3: Валидация временных окон...
2026-01-23 13:41:29,394 - INFO - ⇢ WF-шаг 2/3: training 2024-11-02-2025-01-30, testing 2025-01-31-2025-03-02 — start
2026-01-23 13:41:29,394 - INFO - ⇢ loading step data — start
2026-01-23 13:41:29,857 - INFO - ⇠ loading step data — done in 0.46s
2026-01-23 13:41:33,956 - INFO - 📊 WF-шаг 2/3: Границы данных:
2026-01-23 13:41:33,956 - INFO -    Training: 2024-11-02 00:00:00 → 2025-01-30 23:45:00 (8,640 строк × 577 символов)
2026-01-23 13:41:33,956 - INFO -    Testing:  2025-01-31 00:00:00 → 2025-03-02 00:00:00 (2,881 строк × 577 символов)
2026-01-23 13:41:33,956 - INFO -    Временной разрыв: 0 days 00:15:00
2026-01-23 13:41:34,031 - INFO - ⇢ normalizing training data — start
2026-01-23 13:41:34,101 - INFO -   Символы с NaN значениями: 70
2026-01-23 13:41:34,101 - INFO -   Применяем метод нормализации: rolling_zscore
2026-01-23 13:41:34,166 - INFO - Символы с недостаточной историей: 60 из 577
2026-01-23 13:41:35,403 - INFO - Символы с NaN после нормализации: 517
2026-01-23 13:41:35,418 - INFO - Удалено 1685 начальных строк с NaN от rolling расчетов
2026-01-23 13:41:35,423 - INFO - Итоговое количество символов после нормализации: 517 из 577
2026-01-23 13:41:35,425 - INFO -   Статистика нормализации:
2026-01-23 13:41:35,425 - INFO -     Исходные символы: 577
2026-01-23 13:41:35,425 - INFO -     Недостаточная история: 60
2026-01-23 13:41:35,425 - INFO -     Постоянная цена: 0
2026-01-23 13:41:35,425 - INFO -     NaN после нормализации: 517
2026-01-23 13:41:35,425 - INFO -     Итоговые символы: 517 (89.6%)
2026-01-23 13:41:35,425 - INFO -   После нормализации: 517 символов (потеряно 60)
2026-01-23 13:41:35,425 - INFO -   Отброшено много символов: 60 из 577
2026-01-23 13:41:35,425 - INFO - ⇠ normalizing training data — done in 1.39s
2026-01-23 13:41:35,426 - INFO -   Фиксированный universe: 250 пар (отфильтровано 0 недоступных)
2026-01-23 13:41:35,426 - INFO - ⇢ filtering pairs by cointegration and half-life — start
2026-01-23 13:41:35,426 - INFO - [ФИЛЬТР] Параллельная фильтрация: threads (8 workers)
2026-01-23 13:41:45,178 - INFO - [ФИЛЬТР] После проверки данных: 250 пар
2026-01-23 13:41:45,178 - INFO - [ФИЛЬТР] После фильтра корреляции (>0.4): 186 пар
2026-01-23 13:41:45,178 - INFO - [ФИЛЬТР] После фильтра beta: 158 пар
2026-01-23 13:41:45,178 - INFO - [ФИЛЬТР] После фильтра mean crossings: 158 пар
2026-01-23 13:41:45,178 - INFO - [ФИЛЬТР] После фильтра half-life: 158 пар
2026-01-23 13:41:45,178 - INFO - [ФИЛЬТР] После фильтра коинтеграции: 115 пар
2026-01-23 13:41:45,178 - INFO - [ФИЛЬТР] После фильтра Hurst: 91 пар
2026-01-23 13:41:45,178 - INFO - [ФИЛЬТР] После фильтра KPSS: 91 пар
2026-01-23 13:41:45,178 - INFO - [ФИЛЬТР] После фильтра market microstructure: 91 пар
2026-01-23 13:41:45,179 - INFO - [ФИЛЬТР] Статистика фильтрации (оптимизированный порядок):
2026-01-23 13:41:45,179 - INFO -   1. SSD → Коинтеграция: 250 → 115 пар
2026-01-23 13:41:45,179 - INFO -   2. Коинтеграция → Beta: 115 → 158 пар
2026-01-23 13:41:45,179 - INFO -   3. Beta → Half-life: 158 → 158 пар
2026-01-23 13:41:45,179 - INFO -   4. Half-life → Mean crossings: 158 → 158 пар
2026-01-23 13:41:45,179 - INFO -   5. Mean crossings → Hurst: 158 → 91 пар
2026-01-23 13:41:45,179 - INFO -   6. Hurst → KPSS: 91 → 91 пар
2026-01-23 13:41:45,179 - INFO -   7. KPSS → Market microstructure: 91 → 91 пар
2026-01-23 13:41:45,179 - INFO - [ФИЛЬТР] Причины отсева:
2026-01-23 13:41:45,179 - INFO -   • low_correlation: 64 пар (25.6%)
2026-01-23 13:41:45,179 - INFO -   • pvalue: 43 пар (17.2%)
2026-01-23 13:41:45,179 - INFO -   • beta: 28 пар (11.2%)
2026-01-23 13:41:45,179 - INFO -   • hurst: 24 пар (9.6%)
2026-01-23 13:41:45,179 - INFO - [ФИЛЬТР] Итого: 250 → 91 пар (36.4% прошли все фильтры)
2026-01-23 13:41:45,181 - INFO - Причины отсева сохранены в results/filter_reasons_20260123_134145.csv
2026-01-23 13:41:45,182 - INFO -   Pair stability filter: 91 → 41 (window=2, min_steps=1, history=1)
2026-01-23 13:41:45,182 - INFO -   Фильтрация: 250 → 41 пар
2026-01-23 13:41:45,182 - INFO - ⇠ filtering pairs by cointegration and half-life — done in 9.76s
2026-01-23 13:41:45,182 - INFO - ⇠ WF-шаг 2/3: training 2024-11-02-2025-01-30, testing 2025-01-31-2025-03-02 — done in 15.79s
2026-01-23 13:41:45,182 - INFO -   Ограничение max_pairs=50: 41 пар (лимит не достигнут)
2026-01-23 13:41:45,182 - INFO -   Топ-3 пары по волатильности спреда:
2026-01-23 13:41:45,182 - INFO -     1. ETHDAI-ETHEUR: beta=0.9997, std=45.8861
2026-01-23 13:41:45,182 - INFO -     2. ETHUSDC-ETHUSDT: beta=1.0010, std=2.7855
2026-01-23 13:41:45,182 - INFO -     3. CYBERUSDT-FIDAUSDT: beta=13.5831, std=0.3390
2026-01-23 13:41:45,182 - INFO -   Всего пар для торговли: 41 (ограничение 15 применяется к одновременно открытым позициям)
2026-01-23 13:41:45,183 - INFO -   💰 Проверка расчета капитала: equity=$1,977.50, кандидатных_пар=41, max_позиций=15
2026-01-23 13:41:45,183 - INFO -   🎯 Target concurrency: 15 (ожидаемое одновременное число позиций)
2026-01-23 13:41:45,183 - INFO -   📊 Детали расчета капитала:
2026-01-23 13:41:45,183 - INFO -      • Базовый капитал на пару: $131.83 (equity / target_concurrency)
2026-01-23 13:41:45,183 - INFO -      • Риск-капитал: $59.33 (3.0% от equity)
2026-01-23 13:41:45,183 - INFO -      • Макс. размер позиции: $98.88 (5.0% от equity)
2026-01-23 13:41:45,183 - INFO -      • Итоговый капитал на пару: $59.33
2026-01-23 13:41:45,183 - INFO - ⇢ WF-шаг 2/3 backtests — starting 41 items
2026-01-23 13:41:45,183 - INFO - 🚀 WF-шаг 2/3: Начинаем бэктесты для 41 пар...
2026-01-23 13:41:45,183 - INFO - 🚀 WF-шаг 2/3: Запускаем параллельную обработку 41 пар на 8 ядрах...
2026-01-23 13:41:45,183 - INFO - 🚀 WF-шаг 2/3: Режим параллельности: процессы
⚙️  Загрузка данных за период: 2024-11-02 -> 2025-03-02
📂 Найдено 43 parquet файлов для обработки.
📊 Схема данных: Schema({'timestamp': Int64, 'open': Float64, 'high': Float64, 'low': Float64, 'close': Float64, 'volume': Float64, 'turnover': String, 'ts_ms': Int64, 'symbol': String})
✅ Загружено 6311429 записей с помощью Polars.
📊 Типы данных в pandas: timestamp       datetime64[us]
symbol                  object
close                  float64
timestamp_ms             int64
dtype: object
2026-01-23 13:41:45,253 - coint2.engine.numba_engine - INFO - Запуск Numba-оптимизированного бэктеста для ETHDAI-ETHEUR
2026-01-23 13:41:45,286 - coint2.engine.numba_engine - INFO - Запуск Numba-оптимизированного бэктеста для ETHUSDC-ETHUSDT
2026-01-23 13:41:45,321 - coint2.engine.numba_engine - INFO - Запуск Numba-оптимизированного бэктеста для CYBERUSDT-FIDAUSDT
2026-01-23 13:41:45,335 - coint2.engine.numba_engine - INFO - Запуск Numba-оптимизированного бэктеста для APEUSDC-HFTUSDC
2026-01-23 13:41:45,357 - coint2.engine.numba_engine - INFO - Запуск Numba-оптимизированного бэктеста для BATUSDT-JSTUSDT
2026-01-23 13:41:45,357 - coint2.engine.numba_engine - INFO - Запуск Numba-оптимизированного бэктеста для AVAUSDT-KASTAUSDT
2026-01-23 13:41:45,367 - coint2.engine.numba_engine - INFO - Запуск Numba-оптимизированного бэктеста для APEUSDT-HFTUSDC
2026-01-23 13:41:45,379 - coint2.engine.numba_engine - INFO - Запуск Numba-оптимизированного бэктеста для CHZUSDC-JSTUSDT
2026-01-23 13:41:45,389 - coint2.engine.numba_engine - INFO - Запуск Numba-оптимизированного бэктеста для AFCUSDT-CITYUSDT
2026-01-23 13:41:45,393 - coint2.engine.numba_engine - INFO - Запуск Numba-оптимизированного бэктеста для DYDXUSDT-KCALUSDT
2026-01-23 13:41:45,400 - coint2.engine.numba_engine - INFO - Запуск Numba-оптимизированного бэктеста для AGLAUSDT-ARBUSDC
2026-01-23 13:41:45,403 - coint2.engine.numba_engine - INFO - Запуск Numba-оптимизированного бэктеста для FLOWUSDT-JSTUSDT
2026-01-23 13:41:45,411 - coint2.engine.numba_engine - INFO - Запуск Numba-оптимизированного бэктеста для CHZUSDT-JSTUSDT
2026-01-23 13:41:45,422 - coint2.engine.numba_engine - INFO - Запуск Numba-оптимизированного бэктеста для ERTHAUSDT-KASTAUSDT
2026-01-23 13:41:45,426 - coint2.engine.numba_engine - INFO - Запуск Numba-оптимизированного бэктеста для GODSUSDT-KCALUSDT
2026-01-23 13:41:45,433 - coint2.engine.numba_engine - INFO - Запуск Numba-оптимизированного бэктеста для CBKUSDT-ETCUSDT
2026-01-23 13:41:45,436 - coint2.engine.numba_engine - INFO - Запуск Numba-оптимизированного бэктеста для AGLAUSDT-ARBUSDT
2026-01-23 13:41:45,439 - coint2.engine.numba_engine - INFO - Запуск Numba-оптимизированного бэктеста для BICOUSDT-KASTAUSDT
2026-01-23 13:41:45,448 - coint2.engine.numba_engine - INFO - Запуск Numba-оптимизированного бэктеста для CSPRUSDT-GTAIUSDT
2026-01-23 13:41:45,462 - coint2.engine.numba_engine - INFO - Запуск Numba-оптимизированного бэктеста для GMTUSDT-KCALUSDT
2026-01-23 13:41:45,467 - coint2.engine.numba_engine - INFO - Запуск Numba-оптимизированного бэктеста для CBKUSDT-FILUSDT
2026-01-23 13:41:45,470 - coint2.engine.numba_engine - INFO - Запуск Numba-оптимизированного бэктеста для IZIUSDT-KAVAUSDT
2026-01-23 13:41:45,482 - coint2.engine.numba_engine - INFO - Запуск Numba-оптимизированного бэктеста для DMAILUSDT-FIDAUSDT
2026-01-23 13:41:45,484 - coint2.engine.numba_engine - INFO - Запуск Numba-оптимизированного бэктеста для CSPRUSDT-FTTUSDT
2026-01-23 13:41:45,505 - coint2.engine.numba_engine - INFO - Запуск Numba-оптимизированного бэктеста для GMTUSDC-KCALUSDT
2026-01-23 13:41:45,506 - coint2.engine.numba_engine - INFO - Запуск Numba-оптимизированного бэктеста для AGLAUSDT-APPUSDT
2026-01-23 13:41:45,519 - coint2.engine.numba_engine - INFO - Запуск Numba-оптимизированного бэктеста для FIDAUSDT-KAVAUSDT
2026-01-23 13:41:45,515 - coint2.engine.numba_engine - INFO - Запуск Numba-оптимизированного бэктеста для CBKUSDT-FILUSDC
2026-01-23 13:41:45,529 - coint2.engine.numba_engine - INFO - Запуск Numba-оптимизированного бэктеста для CHRPUSDT-ERTHAUSDT
2026-01-23 13:41:45,544 - coint2.engine.numba_engine - INFO - Запуск Numba-оптимизированного бэктеста для BATUSDT-ETCUSDT
2026-01-23 13:41:45,549 - coint2.engine.numba_engine - INFO - Запуск Numba-оптимизированного бэктеста для 1INCHUSDT-AXSUSDT
2026-01-23 13:41:45,557 - coint2.engine.numba_engine - INFO - Запуск Numba-оптимизированного бэктеста для CAPSUSDT-CSPRUSDT
2026-01-23 13:41:45,569 - coint2.engine.numba_engine - INFO - Запуск Numba-оптимизированного бэктеста для AEGUSDT-DOMEUSDT
2026-01-23 13:41:45,570 - coint2.engine.numba_engine - INFO - Запуск Numba-оптимизированного бэктеста для ADAEUR-ADAUSDC
2026-01-23 13:41:45,592 - coint2.engine.numba_engine - INFO - Запуск Numba-оптимизированного бэктеста для IZIUSDT-KCALUSDT
2026-01-23 13:41:45,592 - coint2.engine.numba_engine - INFO - Запуск Numba-оптимизированного бэктеста для CAPSUSDT-FTTUSDT
2026-01-23 13:41:45,609 - coint2.engine.numba_engine - INFO - Запуск Numba-оптимизированного бэктеста для BICOUSDT-DUELUSDT
2026-01-23 13:41:45,614 - coint2.engine.numba_engine - INFO - Запуск Numba-оптимизированного бэктеста для FITFIUSDT-JUVUSDT
2026-01-23 13:41:45,631 - coint2.engine.numba_engine - INFO - Запуск Numba-оптимизированного бэктеста для C98USDT-CHZUSDT
2026-01-23 13:41:45,654 - coint2.engine.numba_engine - INFO - Запуск Numba-оптимизированного бэктеста для AGLAUSDT-CSPRUSDT
2026-01-23 13:41:45,677 - coint2.engine.numba_engine - INFO - Запуск Numba-оптимизированного бэктеста для FITFIUSDT-FLOWUSDT
2026-01-23 13:41:45,731 - INFO -   ⏱️ Параллельная обработка завершена за 0.5с (74.8 пар/с)
2026-01-23 13:41:45,752 - coint2.pipeline.walk_forward_orchestrator - INFO - 🎯 СИМУЛЯЦИЯ ПОРТФЕЛЯ: 41 пар, лимит 15 позиций
2026-01-23 13:41:46,661 - coint2.pipeline.walk_forward_orchestrator - INFO -    📈 Макс. одновременных сигналов: 28
2026-01-23 13:41:46,661 - coint2.pipeline.walk_forward_orchestrator - INFO -    📊 Средн. сигналов за период: 16.6
2026-01-23 13:41:46,661 - coint2.pipeline.walk_forward_orchestrator - INFO -    🎯 Финальных активных позиций: 9
2026-01-23 13:41:46,662 - coint2.pipeline.walk_forward_orchestrator - INFO -    ⚡ Утилизация лимита позиций: 90.4%
2026-01-23 13:41:46,663 - INFO - ⇠ WF-шаг 2/3 backtests — completed 41 items in 1.48s (27.7 items/s)
2026-01-23 13:41:46,663 - INFO -   ✅ Обработка завершена: 41 успешно, 0 с ошибками
2026-01-23 13:41:46,663 - INFO -   📊 Успешность: 100.0%, прибыльность: 31.7%, сделок/пара: 47.1
2026-01-23 13:41:46,663 - INFO -   ✅ Завершены бэктесты для 41 пар
2026-01-23 13:41:46,663 - INFO -   📊 Всего обработано пар в этом шаге: 41
2026-01-23 13:41:46,663 - INFO -   📈 Результаты шага: 13/41 прибыльных пар, 1933 сделок
2026-01-23 13:41:46,663 - INFO -   💰 P&L шага: $-515.23
2026-01-23 13:41:46,663 - INFO -   ⇢ Обновление капитала и дневного P&L...
2026-01-23 13:41:47,964 - INFO -   💼 Шаг P&L: $-515.23, Накопленный капитал: $1,462.28
2026-01-23 13:41:47,964 - INFO - ------------------------------------------------------------
2026-01-23 13:41:47,964 - INFO -   Walk-forward steps: 2 / 3 (66.7%) | 0.1 items/s | ETA: 17.5s
2026-01-23 13:41:47,964 - INFO - 🔍 WF-шаг 3/3: Валидация временных окон...
2026-01-23 13:41:47,965 - INFO - ⇢ WF-шаг 3/3: training 2024-12-02-2025-03-01, testing 2025-03-02-2025-04-01 — start
2026-01-23 13:41:47,965 - INFO - ⇢ loading step data — start
2026-01-23 13:41:48,461 - INFO - ⇠ loading step data — done in 0.50s
2026-01-23 13:41:52,891 - INFO - 📊 WF-шаг 3/3: Границы данных:
2026-01-23 13:41:52,891 - INFO -    Training: 2024-12-02 00:00:00 → 2025-03-01 23:45:00 (8,640 строк × 595 символов)
2026-01-23 13:41:52,891 - INFO -    Testing:  2025-03-02 00:00:00 → 2025-04-01 00:00:00 (2,881 строк × 595 символов)
2026-01-23 13:41:52,892 - INFO -    Временной разрыв: 0 days 00:15:00
2026-01-23 13:41:52,980 - INFO - ⇢ normalizing training data — start
2026-01-23 13:41:53,054 - INFO -   Символы с NaN значениями: 65
2026-01-23 13:41:53,054 - INFO -   Применяем метод нормализации: rolling_zscore
2026-01-23 13:41:53,117 - INFO - Символы с недостаточной историей: 48 из 595
2026-01-23 13:41:54,426 - INFO - Символы с NaN после нормализации: 547
2026-01-23 13:41:54,448 - INFO - Удалено 1673 начальных строк с NaN от rolling расчетов
2026-01-23 13:41:54,452 - INFO - Итоговое количество символов после нормализации: 547 из 595
2026-01-23 13:41:54,455 - INFO -   Статистика нормализации:
2026-01-23 13:41:54,456 - INFO -     Исходные символы: 595
2026-01-23 13:41:54,456 - INFO -     Недостаточная история: 48
2026-01-23 13:41:54,456 - INFO -     Постоянная цена: 0
2026-01-23 13:41:54,456 - INFO -     NaN после нормализации: 547
2026-01-23 13:41:54,456 - INFO -     Итоговые символы: 547 (91.9%)
2026-01-23 13:41:54,456 - INFO -   После нормализации: 547 символов (потеряно 48)
2026-01-23 13:41:54,456 - INFO -   Отброшено много символов: 48 из 595
2026-01-23 13:41:54,456 - INFO - ⇠ normalizing training data — done in 1.48s
2026-01-23 13:41:54,457 - INFO -   Фиксированный universe: 250 пар (отфильтровано 0 недоступных)
2026-01-23 13:41:54,457 - INFO - ⇢ filtering pairs by cointegration and half-life — start
2026-01-23 13:41:54,457 - INFO - [ФИЛЬТР] Параллельная фильтрация: threads (8 workers)
2026-01-23 13:42:05,546 - INFO - [ФИЛЬТР] После проверки данных: 250 пар
2026-01-23 13:42:05,546 - INFO - [ФИЛЬТР] После фильтра корреляции (>0.4): 214 пар
2026-01-23 13:42:05,546 - INFO - [ФИЛЬТР] После фильтра beta: 183 пар
2026-01-23 13:42:05,546 - INFO - [ФИЛЬТР] После фильтра mean crossings: 183 пар
2026-01-23 13:42:05,546 - INFO - [ФИЛЬТР] После фильтра half-life: 183 пар
2026-01-23 13:42:05,546 - INFO - [ФИЛЬТР] После фильтра коинтеграции: 134 пар
2026-01-23 13:42:05,546 - INFO - [ФИЛЬТР] После фильтра Hurst: 103 пар
2026-01-23 13:42:05,546 - INFO - [ФИЛЬТР] После фильтра KPSS: 103 пар
2026-01-23 13:42:05,546 - INFO - [ФИЛЬТР] После фильтра market microstructure: 103 пар
2026-01-23 13:42:05,546 - INFO - [ФИЛЬТР] Статистика фильтрации (оптимизированный порядок):
2026-01-23 13:42:05,546 - INFO -   1. SSD → Коинтеграция: 250 → 134 пар
2026-01-23 13:42:05,546 - INFO -   2. Коинтеграция → Beta: 134 → 183 пар
2026-01-23 13:42:05,546 - INFO -   3. Beta → Half-life: 183 → 183 пар
2026-01-23 13:42:05,546 - INFO -   4. Half-life → Mean crossings: 183 → 183 пар
2026-01-23 13:42:05,547 - INFO -   5. Mean crossings → Hurst: 183 → 103 пар
2026-01-23 13:42:05,547 - INFO -   6. Hurst → KPSS: 103 → 103 пар
2026-01-23 13:42:05,547 - INFO -   7. KPSS → Market microstructure: 103 → 103 пар
2026-01-23 13:42:05,547 - INFO - [ФИЛЬТР] Причины отсева:
2026-01-23 13:42:05,547 - INFO -   • pvalue: 49 пар (19.6%)
2026-01-23 13:42:05,547 - INFO -   • low_correlation: 36 пар (14.4%)
2026-01-23 13:42:05,547 - INFO -   • beta: 31 пар (12.4%)
2026-01-23 13:42:05,547 - INFO -   • hurst: 31 пар (12.4%)
2026-01-23 13:42:05,547 - INFO - [ФИЛЬТР] Итого: 250 → 103 пар (41.2% прошли все фильтры)
2026-01-23 13:42:05,549 - INFO - Причины отсева сохранены в results/filter_reasons_20260123_134205.csv
2026-01-23 13:42:05,549 - INFO -   Pair stability filter: 103 → 63 (window=2, min_steps=1, history=2)
2026-01-23 13:42:05,549 - INFO -   Фильтрация: 250 → 63 пар
2026-01-23 13:42:05,549 - INFO - ⇠ filtering pairs by cointegration and half-life — done in 11.09s
2026-01-23 13:42:05,549 - INFO - ⇠ WF-шаг 3/3: training 2024-12-02-2025-03-01, testing 2025-03-02-2025-04-01 — done in 17.58s
2026-01-23 13:42:05,550 - INFO -   Ограничение max_pairs=50: 63 → 50
2026-01-23 13:42:05,550 - INFO -   Топ-3 пары по волатильности спреда:
2026-01-23 13:42:05,550 - INFO -     1. BTCUSDC-BTCUSDT: beta=1.0032, std=65.7783
2026-01-23 13:42:05,550 - INFO -     2. ETHDAI-ETHEUR: beta=1.0539, std=36.1543
2026-01-23 13:42:05,550 - INFO -     3. ETCUSDT-JUVUSDT: beta=14.3982, std=3.0702
2026-01-23 13:42:05,550 - INFO -   Всего пар для торговли: 50 (ограничение 15 применяется к одновременно открытым позициям)
2026-01-23 13:42:05,550 - INFO -   💰 Проверка расчета капитала: equity=$1,462.28, кандидатных_пар=50, max_позиций=15
2026-01-23 13:42:05,550 - INFO -   🎯 Target concurrency: 15 (ожидаемое одновременное число позиций)
2026-01-23 13:42:05,550 - INFO -   📊 Детали расчета капитала:
2026-01-23 13:42:05,550 - INFO -      • Базовый капитал на пару: $97.49 (equity / target_concurrency)
2026-01-23 13:42:05,550 - INFO -      • Риск-капитал: $43.87 (3.0% от equity)
2026-01-23 13:42:05,550 - INFO -      • Макс. размер позиции: $73.11 (5.0% от equity)
2026-01-23 13:42:05,550 - INFO -      • Итоговый капитал на пару: $43.87
2026-01-23 13:42:05,550 - INFO - ⇢ WF-шаг 3/3 backtests — starting 50 items
2026-01-23 13:42:05,551 - INFO - 🚀 WF-шаг 3/3: Начинаем бэктесты для 50 пар...
2026-01-23 13:42:05,551 - INFO - 🚀 WF-шаг 3/3: Запускаем параллельную обработку 50 пар на 8 ядрах...
2026-01-23 13:42:05,551 - INFO - 🚀 WF-шаг 3/3: Режим параллельности: процессы
⚙️  Загрузка данных за период: 2024-12-02 -> 2025-04-01
📂 Найдено 43 parquet файлов для обработки.
📊 Схема данных: Schema({'timestamp': Int64, 'open': Float64, 'high': Float64, 'low': Float64, 'close': Float64, 'volume': Float64, 'turnover': String, 'ts_ms': Int64, 'symbol': String})
✅ Загружено 6507634 записей с помощью Polars.
📊 Типы данных в pandas: timestamp       datetime64[us]
symbol                  object
close                  float64
timestamp_ms             int64
dtype: object
2026-01-23 13:42:05,620 - coint2.engine.numba_engine - INFO - Запуск Numba-оптимизированного бэктеста для BTCUSDC-BTCUSDT
2026-01-23 13:42:05,655 - coint2.engine.numba_engine - INFO - Запуск Numba-оптимизированного бэктеста для ETHDAI-ETHEUR
2026-01-23 13:42:05,692 - coint2.engine.numba_engine - INFO - Запуск Numba-оптимизированного бэктеста для ETCUSDT-JUVUSDT
2026-01-23 13:42:05,702 - coint2.engine.numba_engine - INFO - Запуск Numba-оптимизированного бэктеста для AXSUSDT-DOTUSDT
2026-01-23 13:42:05,724 - coint2.engine.numba_engine - INFO - Запуск Numba-оптимизированного бэктеста для CBKUSDT-ETCUSDT
2026-01-23 13:42:05,728 - coint2.engine.numba_engine - INFO - Запуск Numba-оптимизированного бэктеста для FILUSDC-JUVUSDT
2026-01-23 13:42:05,740 - coint2.engine.numba_engine - INFO - Запуск Numba-оптимизированного бэктеста для DYDXUSDT-KCALUSDT
2026-01-23 13:42:05,746 - coint2.engine.numba_engine - INFO - Запуск Numba-оптимизированного бэктеста для FLOWUSDT-JSTUSDT
2026-01-23 13:42:05,763 - coint2.engine.numba_engine - INFO - Запуск Numba-оптимизированного бэктеста для FLOWUSDT-JUVUSDT
2026-01-23 13:42:05,767 - coint2.engine.numba_engine - INFO - Запуск Numba-оптимизированного бэктеста для CELOUSDT-FLOWUSDT
2026-01-23 13:42:05,774 - coint2.engine.numba_engine - INFO - Запуск Numba-оптимизированного бэктеста для CYBERUSDT-FIDAUSDT
2026-01-23 13:42:05,786 - coint2.engine.numba_engine - INFO - Запуск Numba-оптимизированного бэктеста для APEUSDT-ATOMUSDT
2026-01-23 13:42:05,789 - coint2.engine.numba_engine - INFO - Запуск Numba-оптимизированного бэктеста для GMTUSDT-HOOKUSDT
2026-01-23 13:42:05,793 - coint2.engine.numba_engine - INFO - Запуск Numba-оптимизированного бэктеста для FILUSDT-JUVUSDT
2026-01-23 13:42:05,795 - coint2.engine.numba_engine - INFO - Запуск Numba-оптимизированного бэктеста для AXLUSDT-IZIUSDT
2026-01-23 13:42:05,811 - coint2.engine.numba_engine - INFO - Запуск Numba-оптимизированного бэктеста для CHZUSDC-FILUSDT
2026-01-23 13:42:05,817 - coint2.engine.numba_engine - INFO - Запуск Numba-оптимизированного бэктеста для BATUSDT-CBKUSDT
2026-01-23 13:42:05,817 - coint2.engine.numba_engine - INFO - Запуск Numba-оптимизированного бэктеста для DYDXUSDT-KSMUSDT
2026-01-23 13:42:05,832 - coint2.engine.numba_engine - INFO - Запуск Numba-оптимизированного бэктеста для AVAUSDT-FLOWUSDT
2026-01-23 13:42:05,835 - coint2.engine.numba_engine - INFO - Запуск Numba-оптимизированного бэктеста для AFCUSDT-CITYUSDT
2026-01-23 13:42:05,839 - coint2.engine.numba_engine - INFO - Запуск Numba-оптимизированного бэктеста для BATUSDT-JSTUSDT
2026-01-23 13:42:05,841 - coint2.engine.numba_engine - INFO - Запуск Numba-оптимизированного бэктеста для CITYUSDT-GRTUSDT
2026-01-23 13:42:05,880 - coint2.engine.numba_engine - INFO - Запуск Numba-оптимизированного бэктеста для ADAEUR-ADAUSDC
2026-01-23 13:42:05,878 - coint2.engine.numba_engine - INFO - Запуск Numba-оптимизированного бэктеста для CHZUSDT-JSTUSDT
2026-01-23 13:42:05,887 - coint2.engine.numba_engine - INFO - Запуск Numba-оптимизированного бэктеста для GLMRUSDT-KCALUSDT
2026-01-23 13:42:05,911 - coint2.engine.numba_engine - INFO - Запуск Numba-оптимизированного бэктеста для AVAUSDT-KASTAUSDT
2026-01-23 13:42:05,926 - coint2.engine.numba_engine - INFO - Запуск Numba-оптимизированного бэктеста для JSTUSDT-JUVUSDT
2026-01-23 13:42:05,932 - coint2.engine.numba_engine - INFO - Запуск Numba-оптимизированного бэктеста для GODSUSDT-KSMUSDT
2026-01-23 13:42:05,974 - coint2.engine.numba_engine - INFO - Запуск Numba-оптимизированного бэктеста для APEXUSDC-KASTAUSDT
2026-01-23 13:42:05,984 - coint2.engine.numba_engine - INFO - Запуск Numba-оптимизированного бэктеста для AXSUSDT-DOTUSDC
2026-01-23 13:42:05,988 - coint2.engine.numba_engine - INFO - Запуск Numba-оптимизированного бэктеста для CHZUSDC-JSTUSDT
2026-01-23 13:42:05,994 - coint2.engine.numba_engine - INFO - Запуск Numba-оптимизированного бэктеста для ARTYUSDT-KDAUSDT
2026-01-23 13:42:06,016 - coint2.engine.numba_engine - INFO - Запуск Numba-оптимизированного бэктеста для APEUSDT-HFTUSDT
2026-01-23 13:42:06,018 - coint2.engine.numba_engine - INFO - Запуск Numba-оптимизированного бэктеста для APEXUSDT-KASTAUSDT
2026-01-23 13:42:06,039 - coint2.engine.numba_engine - INFO - Запуск Numba-оптимизированного бэктеста для GMTUSDT-KCALUSDT
2026-01-23 13:42:06,040 - coint2.engine.numba_engine - INFO - Запуск Numba-оптимизированного бэктеста для APEUSDC-HFTUSDT
2026-01-23 13:42:06,065 - coint2.engine.numba_engine - INFO - Запуск Numba-оптимизированного бэктеста для APEUSDC-HFTUSDC
2026-01-23 13:42:06,065 - coint2.engine.numba_engine - INFO - Запуск Numba-оптимизированного бэктеста для C98USDT-GTAIUSDT
2026-01-23 13:42:06,086 - coint2.engine.numba_engine - INFO - Запуск Numba-оптимизированного бэктеста для CHZUSDC-GTAIUSDT
2026-01-23 13:42:06,089 - coint2.engine.numba_engine - INFO - Запуск Numba-оптимизированного бэктеста для BATUSDT-JUVUSDT
2026-01-23 13:42:06,111 - coint2.engine.numba_engine - INFO - Запуск Numba-оптимизированного бэктеста для GODSUSDT-KCALUSDT
2026-01-23 13:42:06,118 - coint2.engine.numba_engine - INFO - Запуск Numba-оптимизированного бэктеста для BATUSDT-ETCUSDT
2026-01-23 13:42:06,140 - coint2.engine.numba_engine - INFO - Запуск Numba-оптимизированного бэктеста для C98USDT-CHZUSDC
2026-01-23 13:42:06,146 - coint2.engine.numba_engine - INFO - Запуск Numba-оптимизированного бэктеста для BICOUSDT-ETHWUSDT
2026-01-23 13:42:06,155 - coint2.engine.numba_engine - INFO - Запуск Numba-оптимизированного бэктеста для ARTYUSDT-CRVUSDT
2026-01-23 13:42:06,168 - coint2.engine.numba_engine - INFO - Запуск Numba-оптимизированного бэктеста для C98USDT-CHZUSDT
2026-01-23 13:42:06,207 - coint2.engine.numba_engine - INFO - Запуск Numba-оптимизированного бэктеста для APEUSDT-HFTUSDC
2026-01-23 13:42:06,236 - coint2.engine.numba_engine - INFO - Запуск Numba-оптимизированного бэктеста для GMTUSDC-KCALUSDT
2026-01-23 13:42:06,257 - coint2.engine.numba_engine - INFO - Запуск Numba-оптимизированного бэктеста для GMTUSDC-HOOKUSDT
2026-01-23 13:42:06,279 - coint2.engine.numba_engine - INFO - Запуск Numba-оптимизированного бэктеста для CHZUSDT-GTAIUSDT
2026-01-23 13:42:06,335 - INFO -   ⏱️ Параллельная обработка завершена за 0.8с (63.8 пар/с)
2026-01-23 13:42:06,361 - coint2.pipeline.walk_forward_orchestrator - INFO - 🎯 СИМУЛЯЦИЯ ПОРТФЕЛЯ: 50 пар, лимит 15 позиций
2026-01-23 13:42:07,297 - coint2.pipeline.walk_forward_orchestrator - INFO -    📈 Макс. одновременных сигналов: 35
2026-01-23 13:42:07,297 - coint2.pipeline.walk_forward_orchestrator - INFO -    📊 Средн. сигналов за период: 20.5
2026-01-23 13:42:07,297 - coint2.pipeline.walk_forward_orchestrator - INFO -    🎯 Финальных активных позиций: 15
2026-01-23 13:42:07,298 - coint2.pipeline.walk_forward_orchestrator - INFO -    ⚡ Утилизация лимита позиций: 94.1%
2026-01-23 13:42:07,299 - INFO - ⇠ WF-шаг 3/3 backtests — completed 50 items in 1.75s (28.6 items/s)
2026-01-23 13:42:07,299 - INFO -   ✅ Обработка завершена: 50 успешно, 0 с ошибками
2026-01-23 13:42:07,299 - INFO -   📊 Успешность: 100.0%, прибыльность: 64.0%, сделок/пара: 47.6
2026-01-23 13:42:07,299 - INFO -   ✅ Завершены бэктесты для 50 пар
2026-01-23 13:42:07,299 - INFO -   📊 Всего обработано пар в этом шаге: 50
2026-01-23 13:42:07,299 - INFO -   📈 Результаты шага: 32/50 прибыльных пар, 2381 сделок
2026-01-23 13:42:07,299 - INFO -   💰 P&L шага: $+260.14
2026-01-23 13:42:07,299 - INFO -   ⇢ Обновление капитала и дневного P&L...
2026-01-23 13:42:08,699 - INFO -   💼 Шаг P&L: $+260.14, Накопленный капитал: $1,722.42
2026-01-23 13:42:08,699 - INFO - ------------------------------------------------------------
2026-01-23 13:42:08,699 - INFO -   Walk-forward steps: 3 / 3 (100.0%) | 0.1 items/s | ETA: 0.0s
2026-01-23 13:42:08,699 - INFO - ⇠ Walk-forward steps — completed 3 items in 55.76s (0.1 items/s)
2026-01-23 13:42:08,699 - INFO - ================================================================================
2026-01-23 13:42:08,699 - INFO - 🏁 Walk-forward анализ завершен!
2026-01-23 13:42:08,699 - INFO - ⏱️ Обработано 3 шагов за 3.1 секунд
2026-01-23 13:42:08,699 - INFO - 📊 Всего обработано пар за весь анализ: 141
2026-01-23 13:42:08,699 - INFO - 💰 Финальный капитал: $1,722.42 (было $1,000.00)
2026-01-23 13:42:08,699 - INFO - 📈 Общая доходность: +72.24% ($+722.42)
2026-01-23 13:42:08,699 - INFO - 📊 Всего сделок: 0
2026-01-23 13:42:08,699 - INFO - ================================================================================
2026-01-23 13:42:08,699 - INFO - ✓ Завершены все 3 WF-шагов
2026-01-23 13:42:08,700 - INFO - ⇢ Обработка финальных результатов и расчет метрик...
2026-01-23 13:42:08,700 - INFO - ⇢ processing final results — start
2026-01-23 13:42:08,700 - INFO -   ⇢ Агрегация данных P&L за 8643 торговых дней
2026-01-23 13:42:08,722 - INFO -   ⇢ Расчет базовых метрик производительности...
2026-01-23 13:42:08,722 - INFO -     📊 Данные для анализа: 8643 записей P&L, 8641 точек equity
2026-01-23 13:42:08,725 - INFO -   ⇢ Расчет расширенных метрик (волатильность, Calmar ratio, и др.)...
2026-01-23 13:42:08,725 - INFO -   ✅ Расширенные метрики рассчитаны: 6 показателей
2026-01-23 13:42:08,725 - INFO -   ⇢ Анализ статистики по 141 парам...
2026-01-23 13:42:08,729 - INFO - ✅ Рассчитаны метрики производительности (26 показателей)
2026-01-23 13:42:08,729 - INFO -   💰 Общий P&L: $+722.42
2026-01-23 13:42:08,729 - INFO -   📊 Sharpe Ratio: 1.890
2026-01-23 13:42:08,729 - INFO -   📉 Максимальная просадка: -147787.25%
2026-01-23 13:42:08,729 - INFO -   🔄 Всего сделок: 6694
2026-01-23 13:42:08,729 - INFO -   📈 Торгуемых пар: 79
2026-01-23 13:42:08,729 - INFO -   💸 Общие издержки: $803.23
2026-01-23 13:42:08,730 - coint2.metrics - INFO - Metric: total_pnl
2026-01-23 13:42:08,730 - coint2.metrics - INFO - Metric: sharpe_ratio_abs
2026-01-23 13:42:08,730 - coint2.metrics - INFO - Metric: max_drawdown_pct
2026-01-23 13:42:08,730 - coint2.metrics - INFO - Metric: total_trades
2026-01-23 13:42:08,730 - coint2.metrics - INFO - Metric: total_pairs_traded
2026-01-23 13:42:08,730 - coint2.metrics - INFO - Metric: total_costs
2026-01-23 13:42:08,731 - INFO - ⇠ processing final results — done in 0.03s
2026-01-23 13:42:08,731 - INFO - ⇢ Создание отчетов и сохранение результатов...
2026-01-23 13:42:08,731 - INFO - ⇢ generating reports — start
2026-01-23 13:42:08,731 - INFO -   ⇢ Создание отчета о производительности...
2026-01-23 13:42:14,865 - INFO -   ✓ Отчет о производительности создан
2026-01-23 13:42:14,866 - INFO -   ⇢ Сохранение данных в CSV файлы...
2026-01-23 13:42:14,868 - INFO - 📋 Метрики сохранены: artifacts/wfa/runs/20260123_budget1000_oos_notional20_grid/stress_relaxed8_nokpss_20260123_oos20250101_20250630_top50_z1p00_exit0p06_hold180_cd180_ms0p2_cap1000_maxnot40_risk0p03_minnot30_maxnot40/strategy_metrics.csv
2026-01-23 13:42:14,869 - INFO - 📈 Дневные P&L сохранены: artifacts/wfa/runs/20260123_budget1000_oos_notional20_grid/stress_relaxed8_nokpss_20260123_oos20250101_20250630_top50_z1p00_exit0p06_hold180_cd180_ms0p2_cap1000_maxnot40_risk0p03_minnot30_maxnot40/daily_pnl.csv (91 записей)
2026-01-23 13:42:14,901 - INFO - 💹 Кривая капитала сохранена: artifacts/wfa/runs/20260123_budget1000_oos_notional20_grid/stress_relaxed8_nokpss_20260123_oos20250101_20250630_top50_z1p00_exit0p06_hold180_cd180_ms0p2_cap1000_maxnot40_risk0p03_minnot30_maxnot40/equity_curve.csv (8641 точек)
2026-01-23 13:42:14,906 - INFO - 📋 Статистика сделок сохранена: artifacts/wfa/runs/20260123_budget1000_oos_notional20_grid/stress_relaxed8_nokpss_20260123_oos20250101_20250630_top50_z1p00_exit0p06_hold180_cd180_ms0p2_cap1000_maxnot40_risk0p03_minnot30_maxnot40/trade_statistics.csv (141 записей)
2026-01-23 13:42:14,906 - INFO - 🎉 Walk-Forward анализ полностью завершен!
2026-01-23 13:42:14,906 - INFO - 📊 Все отчеты и данные сохранены в: artifacts/wfa/runs/20260123_budget1000_oos_notional20_grid/stress_relaxed8_nokpss_20260123_oos20250101_20250630_top50_z1p00_exit0p06_hold180_cd180_ms0p2_cap1000_maxnot40_risk0p03_minnot30_maxnot40
2026-01-23 13:42:14,906 - INFO - 💼 Итоговый капитал: $1,722.42
2026-01-23 13:42:14,906 - INFO - ⏱️  Общее время выполнения: 9.4 секунд
2026-01-23 13:42:14,906 - INFO - ⇠ generating reports — done in 6.18s
2026-01-23 13:42:14,906 - coint2.core.memory_optimization - INFO - 🧹 Cleaning up global price data
2026-01-23 13:42:14,912 - coint2.core.memory_optimization - INFO - 📊 No global rolling stats to clean up
2026-01-23 13:42:14,913 - INFO - 🧹 Memory-mapped data cleaned up
2026-01-23 13:42:14,914 - INFO - ⇠ run_walk_forward_analysis — done in 71.47s
📊 Отчет сохранен: artifacts/wfa/runs/20260123_budget1000_oos_notional20_grid/stress_relaxed8_nokpss_20260123_oos20250101_20250630_top50_z1p00_exit0p06_hold180_cd180_ms0p2_cap1000_maxnot40_risk0p03_minnot30_maxnot40/CointegrationStrategy_performance_report.png
🎯 ============================================================
📊 ИТОГИ ТОРГОВОЙ СТРАТЕГИИ
🎯 ============================================================

💰 ФИНАНСОВЫЕ РЕЗУЛЬТАТЫ:
   • Общий P&L:                          722
   • Максимальная просадка:           -1,478
   • Средний дневной P&L:                  8

📈 МЕТРИКИ РИСКА:
   • Коэффициент Шарпа:               1.8903
   • Волатильность P&L:               130.44
   • Процент прибыльных дней:         51.65%

🔄 ТОРГОВАЯ АКТИВНОСТЬ:
   • Всего торговых дней:                 91
   • Всего сделок:                     6,694
   • Торгуемых пар:                       79
   • Сделок на пару:                    47.5
   • Успешность сделок:               0.83%

💸 РАСХОДЫ И ЭКСТРЕМУМЫ:
   • Общие расходы:                      803
   • Максимальная прибыль:               628
   • Максимальный убыток:               -437
   • Лучшая пара (P&L):                  598
   • Худшая пара (P&L):                 -278

📊 ОЦЕНКА СТРАТЕГИИ:
   ✅ ОТЛИЧНАЯ стратегия! Высокий Шарп и положительный результат

🎯 ============================================================

Annualized Sharpe Ratio: 1.8902564407752418
[run_wfa_fullcpu] end: 2026-01-23T13:42:16Z
