[run_wfa_queue] 2026-01-23T15:20:48Z cmd: /opt/coint4/coint4/run_wfa_fullcpu.sh configs/budget_20260123_1000_capsweep_oos20250101_20250630_top50_maxnot40_riskfine2_shortlist/stress_relaxed8_nokpss_20260123_oos20250101_20250630_top50_z1p00_exit0p06_hold180_cd180_ms0p2_cap1000_maxnot40_risk0p018_minnot15_maxpairs20.yaml artifacts/wfa/runs/20260123_budget1000_oos20250101_20250630_top50_maxnot40_riskfine2_shortlist/stress_relaxed8_nokpss_20260123_oos20250101_20250630_top50_z1p00_exit0p06_hold180_cd180_ms0p2_cap1000_maxnot40_risk0p018_minnot15_maxpairs20
[run_wfa_fullcpu] start: 2026-01-23T15:20:48Z
[run_wfa_fullcpu] os.cpu_count: 8
[run_wfa_fullcpu] worker_pid=3449
2026-01-23 15:20:52,152 - coint2.core.memory_optimization - INFO - ✅ BLAS threading limits set to 1 via threadpoolctl
2026-01-23 15:20:52,152 - coint2.core.memory_optimization - INFO - 🔧 Controlled libraries: openblas, openmp
2026-01-23 15:20:52,152 - coint2.core.memory_optimization - INFO - 🧵 Process threads: 2 → 2
2026-01-23 15:20:52,153 - coint2.core.memory_optimization - INFO - 📝 Set 11 environment variables
2026-01-23 15:20:52,504 - INFO - ✅ Параметры конфигурации валидны
2026-01-23 15:20:52,504 - INFO - 📝 Некоторые параметры были скорректированы:
2026-01-23 15:20:52,661 - INFO - 🔒 WFA: фиксированный universe из artifacts/universe/20260119_relaxed8_strict_preholdout_v2/pairs_universe.yaml (250 пар)
2026-01-23 15:20:52,661 - INFO -   Шаг 1: тренировка 2024-10-03-2024-12-31, тест 2025-01-01-2025-01-31
2026-01-23 15:20:52,661 - INFO -   Шаг 2: тренировка 2024-11-02-2025-01-30, тест 2025-01-31-2025-03-02
2026-01-23 15:20:52,661 - INFO -   Шаг 3: тренировка 2024-12-02-2025-03-01, тест 2025-03-02-2025-04-01
2026-01-23 15:20:52,661 - INFO -   Шаг 4: тренировка 2025-01-01-2025-03-31, тест 2025-04-01-2025-05-01
2026-01-23 15:20:52,661 - INFO -   Шаг 5: тренировка 2025-01-31-2025-04-30, тест 2025-05-01-2025-05-31
2026-01-23 15:20:52,661 - INFO -   Шаг 6: тренировка 2025-03-02-2025-05-30, тест 2025-05-31-2025-06-30
2026-01-23 15:20:52,661 - INFO - 📈 Запланировано 6 walk-forward шагов
2026-01-23 15:20:52,661 - INFO - ⛔ Ограничение WFA шагов: 6 → 3
2026-01-23 15:20:52,661 - WARNING - ⚠️ Маленький буфер между training и testing в шаге 1: 0 дней. Рекомендуется минимум 1 день.
2026-01-23 15:20:52,662 - WARNING - ⚠️ Маленький буфер между training и testing в шаге 2: 0 дней. Рекомендуется минимум 1 день.
2026-01-23 15:20:52,662 - WARNING - ⚠️ Маленький буфер между training и testing в шаге 3: 0 дней. Рекомендуется минимум 1 день.
2026-01-23 15:20:52,662 - INFO - ✅ Шаги успешно запланированы:
2026-01-23 15:20:52,662 - INFO -    Шаг 1: тренировка 2024-10-03-2024-12-31, тест 2025-01-01-2025-01-31
2026-01-23 15:20:52,662 - INFO -    Шаг 2: тренировка 2024-11-02-2025-01-30, тест 2025-01-31-2025-03-02
2026-01-23 15:20:52,662 - INFO -    Шаг 3: тренировка 2024-12-02-2025-03-01, тест 2025-03-02-2025-04-01
2026-01-23 15:20:52,662 - INFO - 🗂️ Consolidating price data for memory-mapped access...
2026-01-23 15:20:52,662 - INFO - 📊 Consolidating data range: 2024-09-28 → 2025-04-06
2026-01-23 15:20:52,662 - coint2.core.memory_optimization - INFO - 🔄 Consolidating price data from data_downloaded to .cache/consolidated_prices.parquet
2026-01-23 15:20:52,662 - INFO - ⇢ loading raw data for consolidation — start
2026-01-23 15:20:53,516 - INFO - ⇠ loading raw data for consolidation — done in 0.85s
2026-01-23 15:20:53,516 - INFO - ⇢ pivoting data to wide format — start
2026-01-23 15:21:00,776 - INFO - ⇠ pivoting data to wide format — done in 7.26s
2026-01-23 15:21:00,860 - coint2.core.memory_optimization - INFO - 📊 Consolidated data: 18241 rows × 598 symbols
2026-01-23 15:21:00,860 - coint2.core.memory_optimization - INFO - 💾 Memory usage: 43.8 MB
2026-01-23 15:21:00,860 - INFO - ⇢ writing consolidated Parquet file — start
2026-01-23 15:21:01,224 - INFO - ⇠ writing consolidated Parquet file — done in 0.36s
2026-01-23 15:21:01,224 - coint2.core.memory_optimization - INFO - ✅ Successfully consolidated data to .cache/consolidated_prices.parquet
2026-01-23 15:21:01,262 - coint2.core.memory_optimization - INFO - 🔄 Initializing memory-mapped price data from .cache/consolidated_prices.parquet
2026-01-23 15:21:01,263 - INFO - ⇢ loading memory-mapped data — start
2026-01-23 15:21:01,263 - coint2.core.memory_optimization - WARNING - ⚠️ memory_map не поддерживается в текущей версии pyarrow, fallback без mmap
2026-01-23 15:21:01,450 - INFO - ⇠ loading memory-mapped data — done in 0.19s
2026-01-23 15:21:01,637 - coint2.core.memory_optimization - INFO - 📊 Loaded 18241 rows × 598 symbols
2026-01-23 15:21:01,638 - coint2.core.memory_optimization - INFO - 💾 Memory usage: 43.8 MB (memory-mapped)
2026-01-23 15:21:01,639 - INFO - ✅ Memory-mapped data initialized successfully
2026-01-23 15:21:01,640 - INFO - ⇢ Walk-forward steps — starting 3 items
2026-01-23 15:21:01,641 - INFO - 📈 Инициализация equity кривой с первой тестовой даты: 2025-01-01 00:00:00
2026-01-23 15:21:01,641 - INFO - 🔍 WF-шаг 1/3: Валидация временных окон...
2026-01-23 15:21:01,642 - INFO - ⇢ WF-шаг 1/3: training 2024-10-03-2024-12-31, testing 2025-01-01-2025-01-31 — start
2026-01-23 15:21:01,642 - INFO - ⇢ loading step data — start
2026-01-23 15:21:01,999 - INFO - ⇠ loading step data — done in 0.36s
2026-01-23 15:21:06,167 - INFO - 📊 WF-шаг 1/3: Границы данных:
2026-01-23 15:21:06,167 - INFO -    Training: 2024-10-03 00:00:00 → 2024-12-31 23:45:00 (8,640 строк × 569 символов)
2026-01-23 15:21:06,167 - INFO -    Testing:  2025-01-01 00:00:00 → 2025-01-31 00:00:00 (2,881 строк × 569 символов)
2026-01-23 15:21:06,167 - INFO -    Временной разрыв: 0 days 00:15:00
2026-01-23 15:21:06,257 - INFO - ⇢ normalizing training data — start
2026-01-23 15:21:06,329 - INFO -   Символы с NaN значениями: 76
2026-01-23 15:21:06,329 - INFO -   Применяем метод нормализации: rolling_zscore
2026-01-23 15:21:06,391 - INFO - Символы с недостаточной историей: 67 из 569
2026-01-23 15:21:07,641 - INFO - Символы с NaN после нормализации: 502
2026-01-23 15:21:07,656 - INFO - Удалено 1481 начальных строк с NaN от rolling расчетов
2026-01-23 15:21:07,661 - INFO - Итоговое количество символов после нормализации: 502 из 569
2026-01-23 15:21:07,663 - INFO -   Статистика нормализации:
2026-01-23 15:21:07,663 - INFO -     Исходные символы: 569
2026-01-23 15:21:07,663 - INFO -     Недостаточная история: 67
2026-01-23 15:21:07,663 - INFO -     Постоянная цена: 0
2026-01-23 15:21:07,663 - INFO -     NaN после нормализации: 502
2026-01-23 15:21:07,663 - INFO -     Итоговые символы: 502 (88.2%)
2026-01-23 15:21:07,663 - INFO -   После нормализации: 502 символов (потеряно 67)
2026-01-23 15:21:07,663 - INFO -   Отброшено много символов: 67 из 569
2026-01-23 15:21:07,663 - INFO - ⇠ normalizing training data — done in 1.41s
2026-01-23 15:21:07,664 - INFO -   Фиксированный universe: 250 пар (отфильтровано 0 недоступных)
2026-01-23 15:21:07,664 - INFO - ⇢ filtering pairs by cointegration and half-life — start
2026-01-23 15:21:07,664 - INFO - [ФИЛЬТР] Параллельная фильтрация: threads (8 workers)
2026-01-23 15:21:15,771 - INFO - [ФИЛЬТР] После проверки данных: 250 пар
2026-01-23 15:21:15,771 - INFO - [ФИЛЬТР] После фильтра корреляции (>0.4): 198 пар
2026-01-23 15:21:15,771 - INFO - [ФИЛЬТР] После фильтра beta: 158 пар
2026-01-23 15:21:15,771 - INFO - [ФИЛЬТР] После фильтра mean crossings: 158 пар
2026-01-23 15:21:15,771 - INFO - [ФИЛЬТР] После фильтра half-life: 158 пар
2026-01-23 15:21:15,771 - INFO - [ФИЛЬТР] После фильтра коинтеграции: 86 пар
2026-01-23 15:21:15,771 - INFO - [ФИЛЬТР] После фильтра Hurst: 55 пар
2026-01-23 15:21:15,771 - INFO - [ФИЛЬТР] После фильтра KPSS: 55 пар
2026-01-23 15:21:15,771 - INFO - [ФИЛЬТР] После фильтра market microstructure: 55 пар
2026-01-23 15:21:15,771 - INFO - [ФИЛЬТР] Статистика фильтрации (оптимизированный порядок):
2026-01-23 15:21:15,771 - INFO -   1. SSD → Коинтеграция: 250 → 86 пар
2026-01-23 15:21:15,771 - INFO -   2. Коинтеграция → Beta: 86 → 158 пар
2026-01-23 15:21:15,771 - INFO -   3. Beta → Half-life: 158 → 158 пар
2026-01-23 15:21:15,771 - INFO -   4. Half-life → Mean crossings: 158 → 158 пар
2026-01-23 15:21:15,771 - INFO -   5. Mean crossings → Hurst: 158 → 55 пар
2026-01-23 15:21:15,771 - INFO -   6. Hurst → KPSS: 55 → 55 пар
2026-01-23 15:21:15,771 - INFO -   7. KPSS → Market microstructure: 55 → 55 пар
2026-01-23 15:21:15,771 - INFO - [ФИЛЬТР] Причины отсева:
2026-01-23 15:21:15,771 - INFO -   • pvalue: 72 пар (28.8%)
2026-01-23 15:21:15,771 - INFO -   • low_correlation: 52 пар (20.8%)
2026-01-23 15:21:15,771 - INFO -   • beta: 40 пар (16.0%)
2026-01-23 15:21:15,771 - INFO -   • hurst: 31 пар (12.4%)
2026-01-23 15:21:15,771 - INFO - [ФИЛЬТР] Итого: 250 → 55 пар (22.0% прошли все фильтры)
2026-01-23 15:21:15,775 - INFO - Причины отсева сохранены в results/filter_reasons_20260123_152115.csv
2026-01-23 15:21:15,775 - INFO -   Pair stability filter: insufficient history (0 < 1), skip
2026-01-23 15:21:15,775 - INFO -   Фильтрация: 250 → 55 пар
2026-01-23 15:21:15,775 - INFO - ⇠ filtering pairs by cointegration and half-life — done in 8.11s
2026-01-23 15:21:15,775 - INFO - ⇠ WF-шаг 1/3: training 2024-10-03-2024-12-31, testing 2025-01-01-2025-01-31 — done in 14.13s
2026-01-23 15:21:15,775 - INFO -   Ограничение max_pairs=20: 55 → 20
2026-01-23 15:21:15,775 - INFO -   Топ-3 пары по волатильности спреда:
2026-01-23 15:21:15,775 - INFO -     1. BTCUSDC-BTCUSDT: beta=1.0010, std=69.8508
2026-01-23 15:21:15,775 - INFO -     2. ETHDAI-ETHEUR: beta=0.9775, std=32.5750
2026-01-23 15:21:15,775 - INFO -     3. ETHUSDC-ETHUSDT: beta=1.0014, std=2.4933
2026-01-23 15:21:15,775 - INFO -   Всего пар для торговли: 20 (ограничение 20 применяется к одновременно открытым позициям)
2026-01-23 15:21:15,776 - INFO -   💰 Проверка расчета капитала: equity=$1,000.00, кандидатных_пар=20, max_позиций=20
2026-01-23 15:21:15,776 - INFO -   🎯 Target concurrency: 20 (ожидаемое одновременное число позиций)
2026-01-23 15:21:15,776 - INFO -   📊 Детали расчета капитала:
2026-01-23 15:21:15,776 - INFO -      • Базовый капитал на пару: $50.00 (equity / target_concurrency)
2026-01-23 15:21:15,776 - INFO -      • Риск-капитал: $18.00 (1.8% от equity)
2026-01-23 15:21:15,776 - INFO -      • Макс. размер позиции: $50.00 (5.0% от equity)
2026-01-23 15:21:15,776 - INFO -      • Итоговый капитал на пару: $18.00
2026-01-23 15:21:15,776 - INFO - ⇢ WF-шаг 1/3 backtests — starting 20 items
2026-01-23 15:21:15,776 - INFO - 🚀 WF-шаг 1/3: Начинаем бэктесты для 20 пар...
2026-01-23 15:21:15,776 - INFO - 🚀 WF-шаг 1/3: Запускаем параллельную обработку 20 пар на 8 ядрах...
2026-01-23 15:21:15,776 - INFO - 🚀 WF-шаг 1/3: Режим параллельности: процессы
⚙️  Загрузка данных за период: 2024-09-28 -> 2025-04-06
📂 Найдено 43 parquet файлов для обработки.
📊 Схема данных: Schema({'timestamp': Int64, 'open': Float64, 'high': Float64, 'low': Float64, 'close': Float64, 'volume': Float64, 'turnover': String, 'ts_ms': Int64, 'symbol': String})
✅ Загружено 9958627 записей с помощью Polars.
📊 Типы данных в pandas: timestamp       datetime64[us]
symbol                  object
close                  float64
timestamp_ms             int64
dtype: object
⚙️  Загрузка данных за период: 2024-10-03 -> 2025-01-31
📂 Найдено 43 parquet файлов для обработки.
📊 Схема данных: Schema({'timestamp': Int64, 'open': Float64, 'high': Float64, 'low': Float64, 'close': Float64, 'volume': Float64, 'turnover': String, 'ts_ms': Int64, 'symbol': String})
✅ Загружено 6098760 записей с помощью Polars.
📊 Типы данных в pandas: timestamp       datetime64[us]
symbol                  object
close                  float64
timestamp_ms             int64
dtype: object
2026-01-23 15:21:15,844 - coint2.engine.numba_engine - INFO - Запуск Numba-оптимизированного бэктеста для BTCUSDC-BTCUSDT
2026-01-23 15:21:15,872 - coint2.engine.numba_engine - INFO - Запуск Numba-оптимизированного бэктеста для ETHDAI-ETHEUR
2026-01-23 15:21:15,903 - coint2.engine.numba_engine - INFO - Запуск Numba-оптимизированного бэктеста для ETHUSDC-ETHUSDT
2026-01-23 15:21:15,925 - coint2.engine.numba_engine - INFO - Запуск Numba-оптимизированного бэктеста для DYDXUSDT-KSMUSDT
2026-01-23 15:21:15,932 - coint2.engine.numba_engine - INFO - Запуск Numba-оптимизированного бэктеста для AVAUSDT-FLOWUSDT
2026-01-23 15:21:15,952 - coint2.engine.numba_engine - INFO - Запуск Numba-оптимизированного бэктеста для CBKUSDT-FILUSDC
2026-01-23 15:21:15,952 - coint2.engine.numba_engine - INFO - Запуск Numba-оптимизированного бэктеста для APEUSDC-HFTUSDC
2026-01-23 15:21:15,962 - coint2.engine.numba_engine - INFO - Запуск Numba-оптимизированного бэктеста для CYBERUSDT-FIDAUSDT
2026-01-23 15:21:15,975 - coint2.engine.numba_engine - INFO - Запуск Numba-оптимизированного бэктеста для CBKUSDT-ENJUSDT
2026-01-23 15:21:15,994 - coint2.engine.numba_engine - INFO - Запуск Numba-оптимизированного бэктеста для DYDXUSDT-KCALUSDT
2026-01-23 15:21:15,994 - coint2.engine.numba_engine - INFO - Запуск Numba-оптимизированного бэктеста для APEUSDT-HFTUSDC
2026-01-23 15:21:16,015 - coint2.engine.numba_engine - INFO - Запуск Numba-оптимизированного бэктеста для AXLUSDT-IZIUSDT
2026-01-23 15:21:16,020 - coint2.engine.numba_engine - INFO - Запуск Numba-оптимизированного бэктеста для CBKUSDT-ETCUSDT
2026-01-23 15:21:16,024 - coint2.engine.numba_engine - INFO - Запуск Numba-оптимизированного бэктеста для AVAUSDT-KASTAUSDT
2026-01-23 15:21:16,036 - coint2.engine.numba_engine - INFO - Запуск Numba-оптимизированного бэктеста для BICOUSDT-DUELUSDT
2026-01-23 15:21:16,041 - coint2.engine.numba_engine - INFO - Запуск Numba-оптимизированного бэктеста для FLOWUSDT-JSTUSDT
2026-01-23 15:21:16,053 - coint2.engine.numba_engine - INFO - Запуск Numba-оптимизированного бэктеста для ARKMUSDT-ARUSDT
2026-01-23 15:21:16,074 - coint2.engine.numba_engine - INFO - Запуск Numba-оптимизированного бэктеста для AFCUSDT-CITYUSDT
2026-01-23 15:21:16,106 - coint2.engine.numba_engine - INFO - Запуск Numba-оптимизированного бэктеста для BICOUSDT-KASTAUSDT
2026-01-23 15:21:16,135 - coint2.engine.numba_engine - INFO - Запуск Numba-оптимизированного бэктеста для CBKUSDT-FILUSDT
2026-01-23 15:21:16,180 - INFO -   ⏱️ Параллельная обработка завершена за 0.4с (49.6 пар/с)
2026-01-23 15:21:16,192 - coint2.pipeline.walk_forward_orchestrator - INFO - 🎯 СИМУЛЯЦИЯ ПОРТФЕЛЯ: 20 пар, лимит 20 позиций
2026-01-23 15:21:16,887 - coint2.pipeline.walk_forward_orchestrator - INFO -    📈 Макс. одновременных сигналов: 17
2026-01-23 15:21:16,888 - coint2.pipeline.walk_forward_orchestrator - INFO -    📊 Средн. сигналов за период: 7.9
2026-01-23 15:21:16,888 - coint2.pipeline.walk_forward_orchestrator - INFO -    🎯 Финальных активных позиций: 15
2026-01-23 15:21:16,889 - coint2.pipeline.walk_forward_orchestrator - INFO -    ⚡ Утилизация лимита позиций: 39.6%
2026-01-23 15:21:16,890 - INFO - ⇠ WF-шаг 1/3 backtests — completed 20 items in 1.11s (18.0 items/s)
2026-01-23 15:21:16,890 - INFO -   ✅ Обработка завершена: 20 успешно, 0 с ошибками
2026-01-23 15:21:16,890 - INFO -   📊 Успешность: 100.0%, прибыльность: 70.0%, сделок/пара: 49.0
2026-01-23 15:21:16,890 - INFO -   ✅ Завершены бэктесты для 20 пар
2026-01-23 15:21:16,890 - INFO -   📊 Всего обработано пар в этом шаге: 20
2026-01-23 15:21:16,890 - INFO -   📈 Результаты шага: 14/20 прибыльных пар, 981 сделок
2026-01-23 15:21:16,890 - INFO -   💰 P&L шага: $+838.58
2026-01-23 15:21:16,890 - INFO -   ⇢ Обновление капитала и дневного P&L...
2026-01-23 15:21:18,080 - INFO -   💼 Шаг P&L: $+838.58, Накопленный капитал: $1,838.58
2026-01-23 15:21:18,080 - INFO - ------------------------------------------------------------
2026-01-23 15:21:18,080 - INFO -   Walk-forward steps: 1 / 3 (33.3%) | 0.1 items/s | ETA: 32.9s
2026-01-23 15:21:18,080 - INFO - 🔍 WF-шаг 2/3: Валидация временных окон...
2026-01-23 15:21:18,081 - INFO - ⇢ WF-шаг 2/3: training 2024-11-02-2025-01-30, testing 2025-01-31-2025-03-02 — start
2026-01-23 15:21:18,081 - INFO - ⇢ loading step data — start
2026-01-23 15:21:18,525 - INFO - ⇠ loading step data — done in 0.44s
2026-01-23 15:21:22,561 - INFO - 📊 WF-шаг 2/3: Границы данных:
2026-01-23 15:21:22,562 - INFO -    Training: 2024-11-02 00:00:00 → 2025-01-30 23:45:00 (8,640 строк × 577 символов)
2026-01-23 15:21:22,562 - INFO -    Testing:  2025-01-31 00:00:00 → 2025-03-02 00:00:00 (2,881 строк × 577 символов)
2026-01-23 15:21:22,562 - INFO -    Временной разрыв: 0 days 00:15:00
2026-01-23 15:21:22,636 - INFO - ⇢ normalizing training data — start
2026-01-23 15:21:22,705 - INFO -   Символы с NaN значениями: 70
2026-01-23 15:21:22,705 - INFO -   Применяем метод нормализации: rolling_zscore
2026-01-23 15:21:22,764 - INFO - Символы с недостаточной историей: 60 из 577
2026-01-23 15:21:23,981 - INFO - Символы с NaN после нормализации: 517
2026-01-23 15:21:23,996 - INFO - Удалено 1685 начальных строк с NaN от rolling расчетов
2026-01-23 15:21:24,001 - INFO - Итоговое количество символов после нормализации: 517 из 577
2026-01-23 15:21:24,002 - INFO -   Статистика нормализации:
2026-01-23 15:21:24,002 - INFO -     Исходные символы: 577
2026-01-23 15:21:24,002 - INFO -     Недостаточная история: 60
2026-01-23 15:21:24,003 - INFO -     Постоянная цена: 0
2026-01-23 15:21:24,003 - INFO -     NaN после нормализации: 517
2026-01-23 15:21:24,003 - INFO -     Итоговые символы: 517 (89.6%)
2026-01-23 15:21:24,003 - INFO -   После нормализации: 517 символов (потеряно 60)
2026-01-23 15:21:24,003 - INFO -   Отброшено много символов: 60 из 577
2026-01-23 15:21:24,003 - INFO - ⇠ normalizing training data — done in 1.37s
2026-01-23 15:21:24,003 - INFO -   Фиксированный universe: 250 пар (отфильтровано 0 недоступных)
2026-01-23 15:21:24,003 - INFO - ⇢ filtering pairs by cointegration and half-life — start
2026-01-23 15:21:24,004 - INFO - [ФИЛЬТР] Параллельная фильтрация: threads (8 workers)
2026-01-23 15:21:33,689 - INFO - [ФИЛЬТР] После проверки данных: 250 пар
2026-01-23 15:21:33,689 - INFO - [ФИЛЬТР] После фильтра корреляции (>0.4): 186 пар
2026-01-23 15:21:33,689 - INFO - [ФИЛЬТР] После фильтра beta: 158 пар
2026-01-23 15:21:33,689 - INFO - [ФИЛЬТР] После фильтра mean crossings: 158 пар
2026-01-23 15:21:33,689 - INFO - [ФИЛЬТР] После фильтра half-life: 158 пар
2026-01-23 15:21:33,689 - INFO - [ФИЛЬТР] После фильтра коинтеграции: 115 пар
2026-01-23 15:21:33,689 - INFO - [ФИЛЬТР] После фильтра Hurst: 91 пар
2026-01-23 15:21:33,689 - INFO - [ФИЛЬТР] После фильтра KPSS: 91 пар
2026-01-23 15:21:33,689 - INFO - [ФИЛЬТР] После фильтра market microstructure: 91 пар
2026-01-23 15:21:33,690 - INFO - [ФИЛЬТР] Статистика фильтрации (оптимизированный порядок):
2026-01-23 15:21:33,690 - INFO -   1. SSD → Коинтеграция: 250 → 115 пар
2026-01-23 15:21:33,690 - INFO -   2. Коинтеграция → Beta: 115 → 158 пар
2026-01-23 15:21:33,690 - INFO -   3. Beta → Half-life: 158 → 158 пар
2026-01-23 15:21:33,690 - INFO -   4. Half-life → Mean crossings: 158 → 158 пар
2026-01-23 15:21:33,690 - INFO -   5. Mean crossings → Hurst: 158 → 91 пар
2026-01-23 15:21:33,690 - INFO -   6. Hurst → KPSS: 91 → 91 пар
2026-01-23 15:21:33,690 - INFO -   7. KPSS → Market microstructure: 91 → 91 пар
2026-01-23 15:21:33,690 - INFO - [ФИЛЬТР] Причины отсева:
2026-01-23 15:21:33,690 - INFO -   • low_correlation: 64 пар (25.6%)
2026-01-23 15:21:33,690 - INFO -   • pvalue: 43 пар (17.2%)
2026-01-23 15:21:33,690 - INFO -   • beta: 28 пар (11.2%)
2026-01-23 15:21:33,690 - INFO -   • hurst: 24 пар (9.6%)
2026-01-23 15:21:33,690 - INFO - [ФИЛЬТР] Итого: 250 → 91 пар (36.4% прошли все фильтры)
2026-01-23 15:21:33,692 - INFO - Причины отсева сохранены в results/filter_reasons_20260123_152133.csv
2026-01-23 15:21:33,697 - INFO -   Pair stability filter: 91 → 41 (window=2, min_steps=1, history=1)
2026-01-23 15:21:33,697 - INFO -   Фильтрация: 250 → 41 пар
2026-01-23 15:21:33,697 - INFO - ⇠ filtering pairs by cointegration and half-life — done in 9.69s
2026-01-23 15:21:33,697 - INFO - ⇠ WF-шаг 2/3: training 2024-11-02-2025-01-30, testing 2025-01-31-2025-03-02 — done in 15.62s
2026-01-23 15:21:33,697 - INFO -   Ограничение max_pairs=20: 41 → 20
2026-01-23 15:21:33,697 - INFO -   Топ-3 пары по волатильности спреда:
2026-01-23 15:21:33,697 - INFO -     1. ETHDAI-ETHEUR: beta=0.9997, std=45.8861
2026-01-23 15:21:33,697 - INFO -     2. ETHUSDC-ETHUSDT: beta=1.0010, std=2.7855
2026-01-23 15:21:33,697 - INFO -     3. CYBERUSDT-FIDAUSDT: beta=13.5831, std=0.3390
2026-01-23 15:21:33,697 - INFO -   Всего пар для торговли: 20 (ограничение 20 применяется к одновременно открытым позициям)
2026-01-23 15:21:33,698 - INFO -   💰 Проверка расчета капитала: equity=$1,838.58, кандидатных_пар=20, max_позиций=20
2026-01-23 15:21:33,698 - INFO -   🎯 Target concurrency: 20 (ожидаемое одновременное число позиций)
2026-01-23 15:21:33,698 - INFO -   📊 Детали расчета капитала:
2026-01-23 15:21:33,698 - INFO -      • Базовый капитал на пару: $91.93 (equity / target_concurrency)
2026-01-23 15:21:33,698 - INFO -      • Риск-капитал: $33.09 (1.8% от equity)
2026-01-23 15:21:33,698 - INFO -      • Макс. размер позиции: $91.93 (5.0% от equity)
2026-01-23 15:21:33,698 - INFO -      • Итоговый капитал на пару: $33.09
2026-01-23 15:21:33,698 - INFO - ⇢ WF-шаг 2/3 backtests — starting 20 items
2026-01-23 15:21:33,698 - INFO - 🚀 WF-шаг 2/3: Начинаем бэктесты для 20 пар...
2026-01-23 15:21:33,698 - INFO - 🚀 WF-шаг 2/3: Запускаем параллельную обработку 20 пар на 8 ядрах...
2026-01-23 15:21:33,698 - INFO - 🚀 WF-шаг 2/3: Режим параллельности: процессы
⚙️  Загрузка данных за период: 2024-11-02 -> 2025-03-02
📂 Найдено 43 parquet файлов для обработки.
📊 Схема данных: Schema({'timestamp': Int64, 'open': Float64, 'high': Float64, 'low': Float64, 'close': Float64, 'volume': Float64, 'turnover': String, 'ts_ms': Int64, 'symbol': String})
✅ Загружено 6311429 записей с помощью Polars.
📊 Типы данных в pandas: timestamp       datetime64[us]
symbol                  object
close                  float64
timestamp_ms             int64
dtype: object
2026-01-23 15:21:33,770 - coint2.engine.numba_engine - INFO - Запуск Numba-оптимизированного бэктеста для ETHDAI-ETHEUR
2026-01-23 15:21:33,801 - coint2.engine.numba_engine - INFO - Запуск Numba-оптимизированного бэктеста для ETHUSDC-ETHUSDT
2026-01-23 15:21:33,866 - coint2.engine.numba_engine - INFO - Запуск Numba-оптимизированного бэктеста для CYBERUSDT-FIDAUSDT
2026-01-23 15:21:33,888 - coint2.engine.numba_engine - INFO - Запуск Numba-оптимизированного бэктеста для APEUSDC-HFTUSDC
2026-01-23 15:21:33,888 - coint2.engine.numba_engine - INFO - Запуск Numba-оптимизированного бэктеста для AVAUSDT-KASTAUSDT
2026-01-23 15:21:33,908 - coint2.engine.numba_engine - INFO - Запуск Numba-оптимизированного бэктеста для DYDXUSDT-KCALUSDT
2026-01-23 15:21:33,910 - coint2.engine.numba_engine - INFO - Запуск Numba-оптимизированного бэктеста для BATUSDT-JSTUSDT
2026-01-23 15:21:33,919 - coint2.engine.numba_engine - INFO - Запуск Numba-оптимизированного бэктеста для APEUSDT-HFTUSDC
2026-01-23 15:21:33,942 - coint2.engine.numba_engine - INFO - Запуск Numba-оптимизированного бэктеста для AFCUSDT-CITYUSDT
2026-01-23 15:21:33,947 - coint2.engine.numba_engine - INFO - Запуск Numba-оптимизированного бэктеста для CBKUSDT-ETCUSDT
2026-01-23 15:21:33,949 - coint2.engine.numba_engine - INFO - Запуск Numba-оптимизированного бэктеста для FLOWUSDT-JSTUSDT
2026-01-23 15:21:33,969 - coint2.engine.numba_engine - INFO - Запуск Numba-оптимизированного бэктеста для BICOUSDT-KASTAUSDT
2026-01-23 15:21:33,970 - coint2.engine.numba_engine - INFO - Запуск Numba-оптимизированного бэктеста для GODSUSDT-KCALUSDT
2026-01-23 15:21:33,971 - coint2.engine.numba_engine - INFO - Запуск Numba-оптимизированного бэктеста для CBKUSDT-FILUSDT
2026-01-23 15:21:33,992 - coint2.engine.numba_engine - INFO - Запуск Numba-оптимизированного бэктеста для GMTUSDT-KCALUSDT
2026-01-23 15:21:33,996 - coint2.engine.numba_engine - INFO - Запуск Numba-оптимизированного бэктеста для DMAILUSDT-FIDAUSDT
2026-01-23 15:21:34,013 - coint2.engine.numba_engine - INFO - Запуск Numba-оптимизированного бэктеста для CBKUSDT-FILUSDC
2026-01-23 15:21:34,052 - coint2.engine.numba_engine - INFO - Запуск Numba-оптимизированного бэктеста для 1INCHUSDT-AXSUSDT
2026-01-23 15:21:34,053 - coint2.engine.numba_engine - INFO - Запуск Numba-оптимизированного бэктеста для FIDAUSDT-KAVAUSDT
2026-01-23 15:21:34,092 - coint2.engine.numba_engine - INFO - Запуск Numba-оптимизированного бэктеста для BICOUSDT-DUELUSDT
2026-01-23 15:21:34,139 - INFO -   ⏱️ Параллельная обработка завершена за 0.4с (45.4 пар/с)
2026-01-23 15:21:34,152 - coint2.pipeline.walk_forward_orchestrator - INFO - 🎯 СИМУЛЯЦИЯ ПОРТФЕЛЯ: 20 пар, лимит 20 позиций
2026-01-23 15:21:34,860 - coint2.pipeline.walk_forward_orchestrator - INFO -    📈 Макс. одновременных сигналов: 17
2026-01-23 15:21:34,860 - coint2.pipeline.walk_forward_orchestrator - INFO -    📊 Средн. сигналов за период: 8.8
2026-01-23 15:21:34,861 - coint2.pipeline.walk_forward_orchestrator - INFO -    🎯 Финальных активных позиций: 7
2026-01-23 15:21:34,862 - coint2.pipeline.walk_forward_orchestrator - INFO -    ⚡ Утилизация лимита позиций: 43.8%
2026-01-23 15:21:34,862 - INFO - ⇠ WF-шаг 2/3 backtests — completed 20 items in 1.16s (17.2 items/s)
2026-01-23 15:21:34,862 - INFO -   ✅ Обработка завершена: 20 успешно, 0 с ошибками
2026-01-23 15:21:34,862 - INFO -   📊 Успешность: 100.0%, прибыльность: 25.0%, сделок/пара: 50.5
2026-01-23 15:21:34,863 - INFO -   ✅ Завершены бэктесты для 20 пар
2026-01-23 15:21:34,863 - INFO -   📊 Всего обработано пар в этом шаге: 20
2026-01-23 15:21:34,863 - INFO -   📈 Результаты шага: 5/20 прибыльных пар, 1009 сделок
2026-01-23 15:21:34,863 - INFO -   💰 P&L шага: $-468.68
2026-01-23 15:21:34,863 - INFO -   ⇢ Обновление капитала и дневного P&L...
2026-01-23 15:21:36,206 - INFO -   💼 Шаг P&L: $-468.68, Накопленный капитал: $1,369.90
2026-01-23 15:21:36,206 - INFO - ------------------------------------------------------------
2026-01-23 15:21:36,206 - INFO -   Walk-forward steps: 2 / 3 (66.7%) | 0.1 items/s | ETA: 17.3s
2026-01-23 15:21:36,206 - INFO - 🔍 WF-шаг 3/3: Валидация временных окон...
2026-01-23 15:21:36,206 - INFO - ⇢ WF-шаг 3/3: training 2024-12-02-2025-03-01, testing 2025-03-02-2025-04-01 — start
2026-01-23 15:21:36,206 - INFO - ⇢ loading step data — start
2026-01-23 15:21:36,668 - INFO - ⇠ loading step data — done in 0.46s
2026-01-23 15:21:40,979 - INFO - 📊 WF-шаг 3/3: Границы данных:
2026-01-23 15:21:40,979 - INFO -    Training: 2024-12-02 00:00:00 → 2025-03-01 23:45:00 (8,640 строк × 595 символов)
2026-01-23 15:21:40,979 - INFO -    Testing:  2025-03-02 00:00:00 → 2025-04-01 00:00:00 (2,881 строк × 595 символов)
2026-01-23 15:21:40,980 - INFO -    Временной разрыв: 0 days 00:15:00
2026-01-23 15:21:41,059 - INFO - ⇢ normalizing training data — start
2026-01-23 15:21:41,130 - INFO -   Символы с NaN значениями: 65
2026-01-23 15:21:41,130 - INFO -   Применяем метод нормализации: rolling_zscore
2026-01-23 15:21:41,195 - INFO - Символы с недостаточной историей: 48 из 595
2026-01-23 15:21:42,489 - INFO - Символы с NaN после нормализации: 547
2026-01-23 15:21:42,511 - INFO - Удалено 1673 начальных строк с NaN от rolling расчетов
2026-01-23 15:21:42,515 - INFO - Итоговое количество символов после нормализации: 547 из 595
2026-01-23 15:21:42,519 - INFO -   Статистика нормализации:
2026-01-23 15:21:42,519 - INFO -     Исходные символы: 595
2026-01-23 15:21:42,519 - INFO -     Недостаточная история: 48
2026-01-23 15:21:42,519 - INFO -     Постоянная цена: 0
2026-01-23 15:21:42,520 - INFO -     NaN после нормализации: 547
2026-01-23 15:21:42,520 - INFO -     Итоговые символы: 547 (91.9%)
2026-01-23 15:21:42,520 - INFO -   После нормализации: 547 символов (потеряно 48)
2026-01-23 15:21:42,520 - INFO -   Отброшено много символов: 48 из 595
2026-01-23 15:21:42,520 - INFO - ⇠ normalizing training data — done in 1.46s
2026-01-23 15:21:42,520 - INFO -   Фиксированный universe: 250 пар (отфильтровано 0 недоступных)
2026-01-23 15:21:42,520 - INFO - ⇢ filtering pairs by cointegration and half-life — start
2026-01-23 15:21:42,521 - INFO - [ФИЛЬТР] Параллельная фильтрация: threads (8 workers)
2026-01-23 15:21:53,786 - INFO - [ФИЛЬТР] После проверки данных: 250 пар
2026-01-23 15:21:53,786 - INFO - [ФИЛЬТР] После фильтра корреляции (>0.4): 214 пар
2026-01-23 15:21:53,786 - INFO - [ФИЛЬТР] После фильтра beta: 183 пар
2026-01-23 15:21:53,787 - INFO - [ФИЛЬТР] После фильтра mean crossings: 183 пар
2026-01-23 15:21:53,787 - INFO - [ФИЛЬТР] После фильтра half-life: 183 пар
2026-01-23 15:21:53,787 - INFO - [ФИЛЬТР] После фильтра коинтеграции: 134 пар
2026-01-23 15:21:53,787 - INFO - [ФИЛЬТР] После фильтра Hurst: 103 пар
2026-01-23 15:21:53,787 - INFO - [ФИЛЬТР] После фильтра KPSS: 103 пар
2026-01-23 15:21:53,787 - INFO - [ФИЛЬТР] После фильтра market microstructure: 103 пар
2026-01-23 15:21:53,787 - INFO - [ФИЛЬТР] Статистика фильтрации (оптимизированный порядок):
2026-01-23 15:21:53,787 - INFO -   1. SSD → Коинтеграция: 250 → 134 пар
2026-01-23 15:21:53,787 - INFO -   2. Коинтеграция → Beta: 134 → 183 пар
2026-01-23 15:21:53,787 - INFO -   3. Beta → Half-life: 183 → 183 пар
2026-01-23 15:21:53,787 - INFO -   4. Half-life → Mean crossings: 183 → 183 пар
2026-01-23 15:21:53,787 - INFO -   5. Mean crossings → Hurst: 183 → 103 пар
2026-01-23 15:21:53,787 - INFO -   6. Hurst → KPSS: 103 → 103 пар
2026-01-23 15:21:53,787 - INFO -   7. KPSS → Market microstructure: 103 → 103 пар
2026-01-23 15:21:53,787 - INFO - [ФИЛЬТР] Причины отсева:
2026-01-23 15:21:53,787 - INFO -   • pvalue: 49 пар (19.6%)
2026-01-23 15:21:53,787 - INFO -   • low_correlation: 36 пар (14.4%)
2026-01-23 15:21:53,787 - INFO -   • beta: 31 пар (12.4%)
2026-01-23 15:21:53,787 - INFO -   • hurst: 31 пар (12.4%)
2026-01-23 15:21:53,787 - INFO - [ФИЛЬТР] Итого: 250 → 103 пар (41.2% прошли все фильтры)
2026-01-23 15:21:53,789 - INFO - Причины отсева сохранены в results/filter_reasons_20260123_152153.csv
2026-01-23 15:21:53,789 - INFO -   Pair stability filter: 103 → 63 (window=2, min_steps=1, history=2)
2026-01-23 15:21:53,789 - INFO -   Фильтрация: 250 → 63 пар
2026-01-23 15:21:53,789 - INFO - ⇠ filtering pairs by cointegration and half-life — done in 11.27s
2026-01-23 15:21:53,789 - INFO - ⇠ WF-шаг 3/3: training 2024-12-02-2025-03-01, testing 2025-03-02-2025-04-01 — done in 17.58s
2026-01-23 15:21:53,790 - INFO -   Ограничение max_pairs=20: 63 → 20
2026-01-23 15:21:53,790 - INFO -   Топ-3 пары по волатильности спреда:
2026-01-23 15:21:53,790 - INFO -     1. BTCUSDC-BTCUSDT: beta=1.0032, std=65.7783
2026-01-23 15:21:53,790 - INFO -     2. ETHDAI-ETHEUR: beta=1.0539, std=36.1543
2026-01-23 15:21:53,790 - INFO -     3. ETCUSDT-JUVUSDT: beta=14.3982, std=3.0702
2026-01-23 15:21:53,790 - INFO -   Всего пар для торговли: 20 (ограничение 20 применяется к одновременно открытым позициям)
2026-01-23 15:21:53,790 - INFO -   💰 Проверка расчета капитала: equity=$1,369.90, кандидатных_пар=20, max_позиций=20
2026-01-23 15:21:53,790 - INFO -   🎯 Target concurrency: 20 (ожидаемое одновременное число позиций)
2026-01-23 15:21:53,790 - INFO -   📊 Детали расчета капитала:
2026-01-23 15:21:53,790 - INFO -      • Базовый капитал на пару: $68.50 (equity / target_concurrency)
2026-01-23 15:21:53,790 - INFO -      • Риск-капитал: $24.66 (1.8% от equity)
2026-01-23 15:21:53,790 - INFO -      • Макс. размер позиции: $68.50 (5.0% от equity)
2026-01-23 15:21:53,790 - INFO -      • Итоговый капитал на пару: $24.66
2026-01-23 15:21:53,791 - INFO - ⇢ WF-шаг 3/3 backtests — starting 20 items
2026-01-23 15:21:53,791 - INFO - 🚀 WF-шаг 3/3: Начинаем бэктесты для 20 пар...
2026-01-23 15:21:53,791 - INFO - 🚀 WF-шаг 3/3: Запускаем параллельную обработку 20 пар на 8 ядрах...
2026-01-23 15:21:53,791 - INFO - 🚀 WF-шаг 3/3: Режим параллельности: процессы
⚙️  Загрузка данных за период: 2024-12-02 -> 2025-04-01
📂 Найдено 43 parquet файлов для обработки.
📊 Схема данных: Schema({'timestamp': Int64, 'open': Float64, 'high': Float64, 'low': Float64, 'close': Float64, 'volume': Float64, 'turnover': String, 'ts_ms': Int64, 'symbol': String})
✅ Загружено 6507634 записей с помощью Polars.
📊 Типы данных в pandas: timestamp       datetime64[us]
symbol                  object
close                  float64
timestamp_ms             int64
dtype: object
2026-01-23 15:21:53,858 - coint2.engine.numba_engine - INFO - Запуск Numba-оптимизированного бэктеста для BTCUSDC-BTCUSDT
2026-01-23 15:21:53,890 - coint2.engine.numba_engine - INFO - Запуск Numba-оптимизированного бэктеста для ETHDAI-ETHEUR
2026-01-23 15:21:53,924 - coint2.engine.numba_engine - INFO - Запуск Numba-оптимизированного бэктеста для ETCUSDT-JUVUSDT
2026-01-23 15:21:53,940 - coint2.engine.numba_engine - INFO - Запуск Numba-оптимизированного бэктеста для AXSUSDT-DOTUSDT
2026-01-23 15:21:53,962 - coint2.engine.numba_engine - INFO - Запуск Numba-оптимизированного бэктеста для CBKUSDT-ETCUSDT
2026-01-23 15:21:53,963 - coint2.engine.numba_engine - INFO - Запуск Numba-оптимизированного бэктеста для FILUSDC-JUVUSDT
2026-01-23 15:21:53,972 - coint2.engine.numba_engine - INFO - Запуск Numba-оптимизированного бэктеста для DYDXUSDT-KCALUSDT
2026-01-23 15:21:53,995 - coint2.engine.numba_engine - INFO - Запуск Numba-оптимизированного бэктеста для FLOWUSDT-JUVUSDT
2026-01-23 15:21:53,995 - coint2.engine.numba_engine - INFO - Запуск Numba-оптимизированного бэктеста для FILUSDT-JUVUSDT
2026-01-23 15:21:54,041 - coint2.engine.numba_engine - INFO - Запуск Numba-оптимизированного бэктеста для AVAUSDT-FLOWUSDT
2026-01-23 15:21:54,045 - coint2.engine.numba_engine - INFO - Запуск Numba-оптимизированного бэктеста для DYDXUSDT-KSMUSDT
2026-01-23 15:21:54,049 - coint2.engine.numba_engine - INFO - Запуск Numba-оптимизированного бэктеста для CYBERUSDT-FIDAUSDT
2026-01-23 15:21:54,068 - coint2.engine.numba_engine - INFO - Запуск Numba-оптимизированного бэктеста для CITYUSDT-GRTUSDT
2026-01-23 15:21:54,073 - coint2.engine.numba_engine - INFO - Запуск Numba-оптимизированного бэктеста для AXLUSDT-IZIUSDT
2026-01-23 15:21:54,078 - coint2.engine.numba_engine - INFO - Запуск Numba-оптимизированного бэктеста для APEXUSDC-KASTAUSDT
2026-01-23 15:21:54,088 - coint2.engine.numba_engine - INFO - Запуск Numba-оптимизированного бэктеста для AVAUSDT-KASTAUSDT
2026-01-23 15:21:54,156 - coint2.engine.numba_engine - INFO - Запуск Numba-оптимизированного бэктеста для AXSUSDT-DOTUSDC
2026-01-23 15:21:54,183 - coint2.engine.numba_engine - INFO - Запуск Numba-оптимизированного бэктеста для APEXUSDT-KASTAUSDT
2026-01-23 15:21:54,224 - coint2.engine.numba_engine - INFO - Запуск Numba-оптимизированного бэктеста для ARTYUSDT-KDAUSDT
2026-01-23 15:21:54,249 - coint2.engine.numba_engine - INFO - Запуск Numba-оптимизированного бэктеста для ARTYUSDT-CRVUSDT
2026-01-23 15:21:54,299 - INFO -   ⏱️ Параллельная обработка завершена за 0.5с (39.3 пар/с)
2026-01-23 15:21:54,312 - coint2.pipeline.walk_forward_orchestrator - INFO - 🎯 СИМУЛЯЦИЯ ПОРТФЕЛЯ: 20 пар, лимит 20 позиций
2026-01-23 15:21:55,010 - coint2.pipeline.walk_forward_orchestrator - INFO -    📈 Макс. одновременных сигналов: 16
2026-01-23 15:21:55,010 - coint2.pipeline.walk_forward_orchestrator - INFO -    📊 Средн. сигналов за период: 7.6
2026-01-23 15:21:55,011 - coint2.pipeline.walk_forward_orchestrator - INFO -    🎯 Финальных активных позиций: 13
2026-01-23 15:21:55,012 - coint2.pipeline.walk_forward_orchestrator - INFO -    ⚡ Утилизация лимита позиций: 37.8%
2026-01-23 15:21:55,012 - INFO - ⇠ WF-шаг 3/3 backtests — completed 20 items in 1.22s (16.4 items/s)
2026-01-23 15:21:55,012 - INFO -   ✅ Обработка завершена: 20 успешно, 0 с ошибками
2026-01-23 15:21:55,012 - INFO -   📊 Успешность: 100.0%, прибыльность: 50.0%, сделок/пара: 48.5
2026-01-23 15:21:55,013 - INFO -   ✅ Завершены бэктесты для 20 пар
2026-01-23 15:21:55,013 - INFO -   📊 Всего обработано пар в этом шаге: 20
2026-01-23 15:21:55,013 - INFO -   📈 Результаты шага: 10/20 прибыльных пар, 970 сделок
2026-01-23 15:21:55,013 - INFO -   💰 P&L шага: $-87.96
2026-01-23 15:21:55,013 - INFO -   ⇢ Обновление капитала и дневного P&L...
2026-01-23 15:21:56,443 - INFO -   💼 Шаг P&L: $-87.96, Накопленный капитал: $1,281.94
2026-01-23 15:21:56,443 - INFO - ------------------------------------------------------------
2026-01-23 15:21:56,443 - INFO -   Walk-forward steps: 3 / 3 (100.0%) | 0.1 items/s | ETA: 0.0s
2026-01-23 15:21:56,443 - INFO - ⇠ Walk-forward steps — completed 3 items in 54.80s (0.1 items/s)
2026-01-23 15:21:56,443 - INFO - ================================================================================
2026-01-23 15:21:56,443 - INFO - 🏁 Walk-forward анализ завершен!
2026-01-23 15:21:56,443 - INFO - ⏱️ Обработано 3 шагов за 2.7 секунд
2026-01-23 15:21:56,443 - INFO - 📊 Всего обработано пар за весь анализ: 60
2026-01-23 15:21:56,443 - INFO - 💰 Финальный капитал: $1,281.94 (было $1,000.00)
2026-01-23 15:21:56,443 - INFO - 📈 Общая доходность: +28.19% ($+281.94)
2026-01-23 15:21:56,443 - INFO - 📊 Всего сделок: 0
2026-01-23 15:21:56,443 - INFO - ================================================================================
2026-01-23 15:21:56,444 - INFO - ✓ Завершены все 3 WF-шагов
2026-01-23 15:21:56,444 - INFO - ⇢ Обработка финальных результатов и расчет метрик...
2026-01-23 15:21:56,444 - INFO - ⇢ processing final results — start
2026-01-23 15:21:56,444 - INFO -   ⇢ Агрегация данных P&L за 8643 торговых дней
2026-01-23 15:21:56,466 - INFO -   ⇢ Расчет базовых метрик производительности...
2026-01-23 15:21:56,466 - INFO -     📊 Данные для анализа: 8643 записей P&L, 8641 точек equity
2026-01-23 15:21:56,468 - INFO -   ⇢ Расчет расширенных метрик (волатильность, Calmar ratio, и др.)...
2026-01-23 15:21:56,469 - INFO -   ✅ Расширенные метрики рассчитаны: 6 показателей
2026-01-23 15:21:56,469 - INFO -   ⇢ Анализ статистики по 60 парам...
2026-01-23 15:21:56,473 - INFO - ✅ Рассчитаны метрики производительности (26 показателей)
2026-01-23 15:21:56,473 - INFO -   💰 Общий P&L: $+281.94
2026-01-23 15:21:56,473 - INFO -   📊 Sharpe Ratio: 1.640
2026-01-23 15:21:56,473 - INFO -   📉 Максимальная просадка: -86818.89%
2026-01-23 15:21:56,473 - INFO -   🔄 Всего сделок: 2960
2026-01-23 15:21:56,473 - INFO -   📈 Торгуемых пар: 37
2026-01-23 15:21:56,473 - INFO -   💸 Общие издержки: $248.43
2026-01-23 15:21:56,474 - coint2.metrics - INFO - Metric: total_pnl
2026-01-23 15:21:56,474 - coint2.metrics - INFO - Metric: sharpe_ratio_abs
2026-01-23 15:21:56,474 - coint2.metrics - INFO - Metric: max_drawdown_pct
2026-01-23 15:21:56,474 - coint2.metrics - INFO - Metric: total_trades
2026-01-23 15:21:56,474 - coint2.metrics - INFO - Metric: total_pairs_traded
2026-01-23 15:21:56,474 - coint2.metrics - INFO - Metric: total_costs
2026-01-23 15:21:56,475 - INFO - ⇠ processing final results — done in 0.03s
2026-01-23 15:21:56,475 - INFO - ⇢ Создание отчетов и сохранение результатов...
2026-01-23 15:21:56,475 - INFO - ⇢ generating reports — start
2026-01-23 15:21:56,475 - INFO -   ⇢ Создание отчета о производительности...
2026-01-23 15:22:02,835 - INFO -   ✓ Отчет о производительности создан
2026-01-23 15:22:02,836 - INFO -   ⇢ Сохранение данных в CSV файлы...
2026-01-23 15:22:02,838 - INFO - 📋 Метрики сохранены: artifacts/wfa/runs/20260123_budget1000_oos20250101_20250630_top50_maxnot40_riskfine2_shortlist/stress_relaxed8_nokpss_20260123_oos20250101_20250630_top50_z1p00_exit0p06_hold180_cd180_ms0p2_cap1000_maxnot40_risk0p018_minnot15_maxpairs20/strategy_metrics.csv
2026-01-23 15:22:02,839 - INFO - 📈 Дневные P&L сохранены: artifacts/wfa/runs/20260123_budget1000_oos20250101_20250630_top50_maxnot40_riskfine2_shortlist/stress_relaxed8_nokpss_20260123_oos20250101_20250630_top50_z1p00_exit0p06_hold180_cd180_ms0p2_cap1000_maxnot40_risk0p018_minnot15_maxpairs20/daily_pnl.csv (91 записей)
2026-01-23 15:22:02,871 - INFO - 💹 Кривая капитала сохранена: artifacts/wfa/runs/20260123_budget1000_oos20250101_20250630_top50_maxnot40_riskfine2_shortlist/stress_relaxed8_nokpss_20260123_oos20250101_20250630_top50_z1p00_exit0p06_hold180_cd180_ms0p2_cap1000_maxnot40_risk0p018_minnot15_maxpairs20/equity_curve.csv (8641 точек)
2026-01-23 15:22:02,874 - INFO - 📋 Статистика сделок сохранена: artifacts/wfa/runs/20260123_budget1000_oos20250101_20250630_top50_maxnot40_riskfine2_shortlist/stress_relaxed8_nokpss_20260123_oos20250101_20250630_top50_z1p00_exit0p06_hold180_cd180_ms0p2_cap1000_maxnot40_risk0p018_minnot15_maxpairs20/trade_statistics.csv (60 записей)
2026-01-23 15:22:02,874 - INFO - 🎉 Walk-Forward анализ полностью завершен!
2026-01-23 15:22:02,874 - INFO - 📊 Все отчеты и данные сохранены в: artifacts/wfa/runs/20260123_budget1000_oos20250101_20250630_top50_maxnot40_riskfine2_shortlist/stress_relaxed8_nokpss_20260123_oos20250101_20250630_top50_z1p00_exit0p06_hold180_cd180_ms0p2_cap1000_maxnot40_risk0p018_minnot15_maxpairs20
2026-01-23 15:22:02,874 - INFO - 💼 Итоговый капитал: $1,281.94
2026-01-23 15:22:02,874 - INFO - ⏱️  Общее время выполнения: 9.1 секунд
2026-01-23 15:22:02,874 - INFO - ⇠ generating reports — done in 6.40s
2026-01-23 15:22:02,874 - coint2.core.memory_optimization - INFO - 🧹 Cleaning up global price data
2026-01-23 15:22:02,880 - coint2.core.memory_optimization - INFO - 📊 No global rolling stats to clean up
2026-01-23 15:22:02,881 - INFO - 🧹 Memory-mapped data cleaned up
2026-01-23 15:22:02,883 - INFO - ⇠ run_walk_forward_analysis — done in 70.75s
📊 Отчет сохранен: artifacts/wfa/runs/20260123_budget1000_oos20250101_20250630_top50_maxnot40_riskfine2_shortlist/stress_relaxed8_nokpss_20260123_oos20250101_20250630_top50_z1p00_exit0p06_hold180_cd180_ms0p2_cap1000_maxnot40_risk0p018_minnot15_maxpairs20/CointegrationStrategy_performance_report.png
🎯 ============================================================
📊 ИТОГИ ТОРГОВОЙ СТРАТЕГИИ
🎯 ============================================================

💰 ФИНАНСОВЫЕ РЕЗУЛЬТАТЫ:
   • Общий P&L:                          282
   • Максимальная просадка:             -868
   • Средний дневной P&L:                  3

📈 МЕТРИКИ РИСКА:
   • Коэффициент Шарпа:               1.6396
   • Волатильность P&L:                69.32
   • Процент прибыльных дней:         57.14%

🔄 ТОРГОВАЯ АКТИВНОСТЬ:
   • Всего торговых дней:                 91
   • Всего сделок:                     2,960
   • Торгуемых пар:                       37
   • Сделок на пару:                    49.3
   • Успешность сделок:               0.86%

💸 РАСХОДЫ И ЭКСТРЕМУМЫ:
   • Общие расходы:                      248
   • Максимальная прибыль:               195
   • Максимальный убыток:               -441
   • Лучшая пара (P&L):                  359
   • Худшая пара (P&L):                 -147

📊 ОЦЕНКА СТРАТЕГИИ:
   ✅ ОТЛИЧНАЯ стратегия! Высокий Шарп и положительный результат

🎯 ============================================================

Annualized Sharpe Ratio: 1.6396295759253006
[run_wfa_fullcpu] end: 2026-01-23T15:22:04Z
