[run_wfa_queue] 2026-01-23T12:11:58Z cmd: /opt/coint4/coint4/run_wfa_fullcpu.sh configs/budget_20260123_1000_capsweep_oos20240101_20240630_top50_maxnot25_risk0p75_minnot5/stress_relaxed8_nokpss_20260123_oos20240101_20240630_top50_z1p00_exit0p06_hold180_cd180_ms0p2_cap1000_maxnot25_risk0p75_minnot5.yaml artifacts/wfa/runs/20260123_budget1000_oos20240101_20240630_top50_maxnot25_risk0p75_minnot5/stress_relaxed8_nokpss_20260123_oos20240101_20240630_top50_z1p00_exit0p06_hold180_cd180_ms0p2_cap1000_maxnot25_risk0p75_minnot5
[run_wfa_fullcpu] start: 2026-01-23T12:11:58Z
[run_wfa_fullcpu] os.cpu_count: 8
[run_wfa_fullcpu] worker_pid=1183
2026-01-23 12:12:02,251 - coint2.core.memory_optimization - INFO - ✅ BLAS threading limits set to 1 via threadpoolctl
2026-01-23 12:12:02,251 - coint2.core.memory_optimization - INFO - 🔧 Controlled libraries: openblas, openmp
2026-01-23 12:12:02,252 - coint2.core.memory_optimization - INFO - 🧵 Process threads: 2 → 2
2026-01-23 12:12:02,252 - coint2.core.memory_optimization - INFO - 📝 Set 11 environment variables
2026-01-23 12:12:02,636 - INFO - ✅ Параметры конфигурации валидны
2026-01-23 12:12:02,636 - INFO - 📝 Некоторые параметры были скорректированы:
2026-01-23 12:12:02,799 - INFO - 🔒 WFA: фиксированный universe из artifacts/universe/20260119_relaxed8_strict_preholdout_v2/pairs_universe.yaml (250 пар)
2026-01-23 12:12:02,799 - INFO -   Шаг 1: тренировка 2023-10-03-2023-12-31, тест 2024-01-01-2024-01-31
2026-01-23 12:12:02,799 - INFO -   Шаг 2: тренировка 2023-11-02-2024-01-30, тест 2024-01-31-2024-03-01
2026-01-23 12:12:02,799 - INFO -   Шаг 3: тренировка 2023-12-02-2024-02-29, тест 2024-03-01-2024-03-31
2026-01-23 12:12:02,799 - INFO -   Шаг 4: тренировка 2024-01-01-2024-03-30, тест 2024-03-31-2024-04-30
2026-01-23 12:12:02,799 - INFO -   Шаг 5: тренировка 2024-01-31-2024-04-29, тест 2024-04-30-2024-05-30
2026-01-23 12:12:02,799 - INFO -   Шаг 6: тренировка 2024-03-01-2024-05-29, тест 2024-05-30-2024-06-29
2026-01-23 12:12:02,800 - INFO -   Шаг 7: тренировка 2024-03-31-2024-06-28, тест 2024-06-29-2024-07-29
2026-01-23 12:12:02,800 - INFO - 📈 Запланировано 7 walk-forward шагов
2026-01-23 12:12:02,800 - INFO - ⛔ Ограничение WFA шагов: 7 → 3
2026-01-23 12:12:02,800 - WARNING - ⚠️ Маленький буфер между training и testing в шаге 1: 0 дней. Рекомендуется минимум 1 день.
2026-01-23 12:12:02,800 - WARNING - ⚠️ Маленький буфер между training и testing в шаге 2: 0 дней. Рекомендуется минимум 1 день.
2026-01-23 12:12:02,800 - WARNING - ⚠️ Маленький буфер между training и testing в шаге 3: 0 дней. Рекомендуется минимум 1 день.
2026-01-23 12:12:02,800 - INFO - ✅ Шаги успешно запланированы:
2026-01-23 12:12:02,800 - INFO -    Шаг 1: тренировка 2023-10-03-2023-12-31, тест 2024-01-01-2024-01-31
2026-01-23 12:12:02,800 - INFO -    Шаг 2: тренировка 2023-11-02-2024-01-30, тест 2024-01-31-2024-03-01
2026-01-23 12:12:02,800 - INFO -    Шаг 3: тренировка 2023-12-02-2024-02-29, тест 2024-03-01-2024-03-31
2026-01-23 12:12:02,800 - INFO - 🗂️ Consolidating price data for memory-mapped access...
2026-01-23 12:12:02,800 - INFO - 📊 Consolidating data range: 2023-09-28 → 2024-04-05
2026-01-23 12:12:02,800 - coint2.core.memory_optimization - INFO - 🔄 Consolidating price data from data_downloaded to .cache/consolidated_prices.parquet
2026-01-23 12:12:02,800 - INFO - ⇢ loading raw data for consolidation — start
2026-01-23 12:12:04,108 - INFO - ⇠ loading raw data for consolidation — done in 1.31s
2026-01-23 12:12:04,108 - INFO - ⇢ pivoting data to wide format — start
2026-01-23 12:12:08,968 - INFO - ⇠ pivoting data to wide format — done in 4.86s
2026-01-23 12:12:09,021 - coint2.core.memory_optimization - INFO - 📊 Consolidated data: 18241 rows × 366 symbols
2026-01-23 12:12:09,022 - coint2.core.memory_optimization - INFO - 💾 Memory usage: 26.9 MB
2026-01-23 12:12:09,022 - INFO - ⇢ writing consolidated Parquet file — start
2026-01-23 12:12:09,233 - INFO - ⇠ writing consolidated Parquet file — done in 0.21s
2026-01-23 12:12:09,234 - coint2.core.memory_optimization - INFO - ✅ Successfully consolidated data to .cache/consolidated_prices.parquet
2026-01-23 12:12:09,256 - coint2.core.memory_optimization - INFO - 🔄 Initializing memory-mapped price data from .cache/consolidated_prices.parquet
2026-01-23 12:12:09,257 - INFO - ⇢ loading memory-mapped data — start
2026-01-23 12:12:09,257 - coint2.core.memory_optimization - WARNING - ⚠️ memory_map не поддерживается в текущей версии pyarrow, fallback без mmap
2026-01-23 12:12:09,379 - INFO - ⇠ loading memory-mapped data — done in 0.12s
2026-01-23 12:12:09,389 - coint2.core.memory_optimization - INFO - 📊 Loaded 18241 rows × 366 symbols
2026-01-23 12:12:09,389 - coint2.core.memory_optimization - INFO - 💾 Memory usage: 26.9 MB (memory-mapped)
2026-01-23 12:12:09,390 - INFO - ✅ Memory-mapped data initialized successfully
2026-01-23 12:12:09,391 - INFO - ⇢ Walk-forward steps — starting 3 items
2026-01-23 12:12:09,392 - INFO - 📈 Инициализация equity кривой с первой тестовой даты: 2024-01-01 00:00:00
2026-01-23 12:12:09,392 - INFO - 🔍 WF-шаг 1/3: Валидация временных окон...
2026-01-23 12:12:09,392 - INFO - ⇢ WF-шаг 1/3: training 2023-10-03-2023-12-31, testing 2024-01-01-2024-01-31 — start
2026-01-23 12:12:09,392 - INFO - ⇢ loading step data — start
2026-01-23 12:12:09,610 - INFO - ⇠ loading step data — done in 0.22s
2026-01-23 12:12:11,694 - INFO - 📊 WF-шаг 1/3: Границы данных:
2026-01-23 12:12:11,694 - INFO -    Training: 2023-10-03 00:00:00 → 2023-12-31 23:45:00 (8,640 строк × 329 символов)
2026-01-23 12:12:11,695 - INFO -    Testing:  2024-01-01 00:00:00 → 2024-01-31 00:00:00 (2,881 строк × 329 символов)
2026-01-23 12:12:11,695 - INFO -    Временной разрыв: 0 days 00:15:00
2026-01-23 12:12:11,738 - INFO - ⇢ normalizing training data — start
2026-01-23 12:12:11,777 - INFO -   Символы с NaN значениями: 53
2026-01-23 12:12:11,777 - INFO -   Применяем метод нормализации: rolling_zscore
2026-01-23 12:12:11,800 - INFO - Символы с недостаточной историей: 50 из 329
2026-01-23 12:12:12,415 - INFO - Символы с NaN после нормализации: 279
2026-01-23 12:12:12,423 - INFO - Удалено 1577 начальных строк с NaN от rolling расчетов
2026-01-23 12:12:12,425 - INFO - Итоговое количество символов после нормализации: 279 из 329
2026-01-23 12:12:12,425 - INFO -   Статистика нормализации:
2026-01-23 12:12:12,426 - INFO -     Исходные символы: 329
2026-01-23 12:12:12,426 - INFO -     Недостаточная история: 50
2026-01-23 12:12:12,426 - INFO -     Постоянная цена: 0
2026-01-23 12:12:12,426 - INFO -     NaN после нормализации: 279
2026-01-23 12:12:12,426 - INFO -     Итоговые символы: 279 (84.8%)
2026-01-23 12:12:12,426 - INFO -   После нормализации: 279 символов (потеряно 50)
2026-01-23 12:12:12,426 - INFO -   Отброшено много символов: 50 из 329
2026-01-23 12:12:12,426 - INFO - ⇠ normalizing training data — done in 0.69s
2026-01-23 12:12:12,426 - INFO -   Фиксированный universe: 234 пар (отфильтровано 16 недоступных)
2026-01-23 12:12:12,426 - INFO - ⇢ filtering pairs by cointegration and half-life — start
2026-01-23 12:12:12,426 - INFO - [ФИЛЬТР] Параллельная фильтрация: threads (8 workers)
2026-01-23 12:12:18,215 - INFO - [ФИЛЬТР] После проверки данных: 212 пар
2026-01-23 12:12:18,215 - INFO - [ФИЛЬТР] После фильтра корреляции (>0.4): 163 пар
2026-01-23 12:12:18,215 - INFO - [ФИЛЬТР] После фильтра beta: 141 пар
2026-01-23 12:12:18,215 - INFO - [ФИЛЬТР] После фильтра mean crossings: 141 пар
2026-01-23 12:12:18,215 - INFO - [ФИЛЬТР] После фильтра half-life: 141 пар
2026-01-23 12:12:18,215 - INFO - [ФИЛЬТР] После фильтра коинтеграции: 63 пар
2026-01-23 12:12:18,215 - INFO - [ФИЛЬТР] После фильтра Hurst: 48 пар
2026-01-23 12:12:18,215 - INFO - [ФИЛЬТР] После фильтра KPSS: 48 пар
2026-01-23 12:12:18,215 - INFO - [ФИЛЬТР] После фильтра market microstructure: 44 пар
2026-01-23 12:12:18,215 - INFO - [ФИЛЬТР] Статистика фильтрации (оптимизированный порядок):
2026-01-23 12:12:18,215 - INFO -   1. SSD → Коинтеграция: 234 → 63 пар
2026-01-23 12:12:18,215 - INFO -   2. Коинтеграция → Beta: 63 → 141 пар
2026-01-23 12:12:18,215 - INFO -   3. Beta → Half-life: 141 → 141 пар
2026-01-23 12:12:18,215 - INFO -   4. Half-life → Mean crossings: 141 → 141 пар
2026-01-23 12:12:18,215 - INFO -   5. Mean crossings → Hurst: 141 → 48 пар
2026-01-23 12:12:18,215 - INFO -   6. Hurst → KPSS: 48 → 48 пар
2026-01-23 12:12:18,215 - INFO -   7. KPSS → Market microstructure: 48 → 44 пар
2026-01-23 12:12:18,215 - INFO - [ФИЛЬТР] Причины отсева:
2026-01-23 12:12:18,215 - INFO -   • pvalue: 78 пар (33.3%)
2026-01-23 12:12:18,215 - INFO -   • low_correlation: 49 пар (20.9%)
2026-01-23 12:12:18,215 - INFO -   • insufficient_data: 22 пар (9.4%)
2026-01-23 12:12:18,215 - INFO -   • beta: 22 пар (9.4%)
2026-01-23 12:12:18,215 - INFO -   • hurst: 15 пар (6.4%)
2026-01-23 12:12:18,215 - INFO -   • history: 4 пар (1.7%)
2026-01-23 12:12:18,215 - INFO - [ФИЛЬТР] Итого: 234 → 44 пар (18.8% прошли все фильтры)
2026-01-23 12:12:18,219 - INFO - Причины отсева сохранены в results/filter_reasons_20260123_121218.csv
2026-01-23 12:12:18,219 - INFO -   Pair stability filter: insufficient history (0 < 1), skip
2026-01-23 12:12:18,219 - INFO -   Фильтрация: 234 → 44 пар
2026-01-23 12:12:18,219 - INFO - ⇠ filtering pairs by cointegration and half-life — done in 5.79s
2026-01-23 12:12:18,219 - INFO - ⇠ WF-шаг 1/3: training 2023-10-03-2023-12-31, testing 2024-01-01-2024-01-31 — done in 8.83s
2026-01-23 12:12:18,219 - INFO -   Ограничение max_pairs=50: 44 пар (лимит не достигнут)
2026-01-23 12:12:18,219 - INFO -   Топ-3 пары по волатильности спреда:
2026-01-23 12:12:18,219 - INFO -     1. BTCDAI-BTCEUR: beta=1.1665, std=409.8237
2026-01-23 12:12:18,219 - INFO -     2. ETHDAI-ETHEUR: beta=1.1882, std=22.0629
2026-01-23 12:12:18,219 - INFO -     3. BTCUSDC-BTCUSDT: beta=0.9998, std=13.3093
2026-01-23 12:12:18,219 - INFO -   Всего пар для торговли: 44 (ограничение 15 применяется к одновременно открытым позициям)
2026-01-23 12:12:18,220 - INFO -   💰 Проверка расчета капитала: equity=$1,000.00, кандидатных_пар=44, max_позиций=15
2026-01-23 12:12:18,220 - INFO -   🎯 Target concurrency: 15 (ожидаемое одновременное число позиций)
2026-01-23 12:12:18,220 - INFO -   📊 Детали расчета капитала:
2026-01-23 12:12:18,220 - INFO -      • Базовый капитал на пару: $66.67 (equity / target_concurrency)
2026-01-23 12:12:18,220 - INFO -      • Риск-капитал: $7.50 (0.8% от equity)
2026-01-23 12:12:18,220 - INFO -      • Макс. размер позиции: $20.00 (2.0% от equity)
2026-01-23 12:12:18,220 - INFO -      • Итоговый капитал на пару: $7.50
2026-01-23 12:12:18,220 - INFO - ⇢ WF-шаг 1/3 backtests — starting 44 items
2026-01-23 12:12:18,220 - INFO - 🚀 WF-шаг 1/3: Начинаем бэктесты для 44 пар...
2026-01-23 12:12:18,220 - INFO - 🚀 WF-шаг 1/3: Запускаем параллельную обработку 44 пар на 8 ядрах...
2026-01-23 12:12:18,220 - INFO - 🚀 WF-шаг 1/3: Режим параллельности: процессы
⚙️  Загрузка данных за период: 2023-09-28 -> 2024-04-05
📂 Найдено 43 parquet файлов для обработки.
📊 Схема данных: Schema({'timestamp': Int64, 'open': Float64, 'high': Float64, 'low': Float64, 'close': Float64, 'volume': Float64, 'turnover': String, 'ts_ms': Int64, 'symbol': String})
✅ Загружено 5719620 записей с помощью Polars.
📊 Типы данных в pandas: timestamp       datetime64[us]
symbol                  object
close                  float64
timestamp_ms             int64
dtype: object
⚙️  Загрузка данных за период: 2023-10-03 -> 2024-01-31
📂 Найдено 43 parquet файлов для обработки.
📊 Схема данных: Schema({'timestamp': Int64, 'open': Float64, 'high': Float64, 'low': Float64, 'close': Float64, 'volume': Float64, 'turnover': String, 'ts_ms': Int64, 'symbol': String})
✅ Загружено 3426589 записей с помощью Polars.
📊 Типы данных в pandas: timestamp       datetime64[us]
symbol                  object
close                  float64
timestamp_ms             int64
dtype: object
2026-01-23 12:12:18,273 - coint2.engine.numba_engine - INFO - Запуск Numba-оптимизированного бэктеста для BTCDAI-BTCEUR
2026-01-23 12:12:18,292 - coint2.engine.numba_engine - INFO - Запуск Numba-оптимизированного бэктеста для ETHDAI-ETHEUR
2026-01-23 12:12:18,315 - coint2.engine.numba_engine - INFO - Запуск Numba-оптимизированного бэктеста для BTCUSDC-BTCUSDT
2026-01-23 12:12:18,339 - coint2.engine.numba_engine - INFO - Запуск Numba-оптимизированного бэктеста для ETCUSDT-JUVUSDT
2026-01-23 12:12:18,357 - coint2.engine.numba_engine - INFO - Запуск Numba-оптимизированного бэктеста для APEUSDC-HFTUSDC
2026-01-23 12:12:18,371 - coint2.engine.numba_engine - INFO - Запуск Numba-оптимизированного бэктеста для ATOMUSDT-GODSUSDT
2026-01-23 12:12:18,374 - coint2.engine.numba_engine - INFO - Запуск Numba-оптимизированного бэктеста для APEUSDT-HFTUSDC
2026-01-23 12:12:18,379 - coint2.engine.numba_engine - INFO - Запуск Numba-оптимизированного бэктеста для CITYUSDT-IZIUSDT
2026-01-23 12:12:18,395 - coint2.engine.numba_engine - INFO - Запуск Numba-оптимизированного бэктеста для APEUSDC-HFTUSDT
2026-01-23 12:12:18,396 - coint2.engine.numba_engine - INFO - Запуск Numba-оптимизированного бэктеста для APEUSDC-GODSUSDT
2026-01-23 12:12:18,407 - coint2.engine.numba_engine - INFO - Запуск Numba-оптимизированного бэктеста для CELOUSDT-FLOWUSDT
2026-01-23 12:12:18,417 - coint2.engine.numba_engine - INFO - Запуск Numba-оптимизированного бэктеста для APEUSDT-GODSUSDT
2026-01-23 12:12:18,413 - coint2.engine.numba_engine - INFO - Запуск Numba-оптимизированного бэктеста для ETHUSDC-ETHUSDT
2026-01-23 12:12:18,422 - coint2.engine.numba_engine - INFO - Запуск Numba-оптимизированного бэктеста для AVAUSDT-IZIUSDT
2026-01-23 12:12:18,422 - coint2.engine.numba_engine - INFO - Запуск Numba-оптимизированного бэктеста для APEUSDT-HFTUSDT
2026-01-23 12:12:18,422 - coint2.engine.numba_engine - INFO - Запуск Numba-оптимизированного бэктеста для AXSUSDT-DOTUSDC
2026-01-23 12:12:18,432 - coint2.engine.numba_engine - INFO - Запуск Numba-оптимизированного бэктеста для AXSUSDT-DOTUSDT
2026-01-23 12:12:18,440 - coint2.engine.numba_engine - INFO - Запуск Numba-оптимизированного бэктеста для AVAUSDT-FITFIUSDT
2026-01-23 12:12:18,448 - coint2.engine.numba_engine - INFO - Запуск Numba-оптимизированного бэктеста для AFCUSDT-ANKRUSDT
2026-01-23 12:12:18,464 - coint2.engine.numba_engine - INFO - Запуск Numba-оптимизированного бэктеста для DOGEUSDC-JUVUSDT
2026-01-23 12:12:18,467 - coint2.engine.numba_engine - INFO - Запуск Numba-оптимизированного бэктеста для C98USDT-FILUSDT
2026-01-23 12:12:18,477 - coint2.engine.numba_engine - INFO - Запуск Numba-оптимизированного бэктеста для 1INCHUSDT-ACSUSDT
2026-01-23 12:12:18,479 - coint2.engine.numba_engine - INFO - Запуск Numba-оптимизированного бэктеста для BATUSDT-ETCUSDT
2026-01-23 12:12:18,491 - coint2.engine.numba_engine - INFO - Запуск Numba-оптимизированного бэктеста для ACSUSDT-AGLDUSDT
2026-01-23 12:12:18,509 - coint2.engine.numba_engine - INFO - Запуск Numba-оптимизированного бэктеста для APEUSDT-ATOMUSDT
2026-01-23 12:12:18,516 - coint2.engine.numba_engine - INFO - Запуск Numba-оптимизированного бэктеста для IZIUSDT-KAVAUSDT
2026-01-23 12:12:18,527 - coint2.engine.numba_engine - INFO - Запуск Numba-оптимизированного бэктеста для CHZUSDC-JSTUSDT
2026-01-23 12:12:18,533 - coint2.engine.numba_engine - INFO - Запуск Numba-оптимизированного бэктеста для CELOUSDT-ENJUSDT
2026-01-23 12:12:18,534 - coint2.engine.numba_engine - INFO - Запуск Numba-оптимизированного бэктеста для ERTHAUSDT-IZIUSDT
2026-01-23 12:12:18,557 - coint2.engine.numba_engine - INFO - Запуск Numba-оптимизированного бэктеста для AGLDUSDT-HFTUSDC
2026-01-23 12:12:18,560 - coint2.engine.numba_engine - INFO - Запуск Numba-оптимизированного бэктеста для 1INCHUSDT-AXSUSDT
2026-01-23 12:12:18,576 - coint2.engine.numba_engine - INFO - Запуск Numba-оптимизированного бэктеста для DOMEUSDT-GODSUSDT
2026-01-23 12:12:18,603 - coint2.engine.numba_engine - INFO - Запуск Numba-оптимизированного бэктеста для AGLDUSDT-HFTUSDT
2026-01-23 12:12:18,606 - coint2.engine.numba_engine - INFO - Запуск Numba-оптимизированного бэктеста для HOOKUSDT-KAVAUSDT
2026-01-23 12:12:18,611 - coint2.engine.numba_engine - INFO - Запуск Numba-оптимизированного бэктеста для CHRPUSDT-ERTHAUSDT
2026-01-23 12:12:18,627 - coint2.engine.numba_engine - INFO - Запуск Numba-оптимизированного бэктеста для APEUSDC-ATOMUSDT
2026-01-23 12:12:18,655 - coint2.engine.numba_engine - INFO - Запуск Numba-оптимизированного бэктеста для CRVUSDT-HFTUSDT
2026-01-23 12:12:18,660 - coint2.engine.numba_engine - INFO - Запуск Numba-оптимизированного бэктеста для GMTUSDC-HOOKUSDT
2026-01-23 12:12:18,670 - coint2.engine.numba_engine - INFO - Запуск Numba-оптимизированного бэктеста для CRVUSDT-HFTUSDC
2026-01-23 12:12:18,699 - coint2.engine.numba_engine - INFO - Запуск Numba-оптимизированного бэктеста для CHRPUSDT-CITYUSDT
2026-01-23 12:12:18,701 - coint2.engine.numba_engine - INFO - Запуск Numba-оптимизированного бэктеста для GMTUSDT-HOOKUSDT
2026-01-23 12:12:18,719 - coint2.engine.numba_engine - INFO - Запуск Numba-оптимизированного бэктеста для ENJUSDT-FILUSDC
2026-01-23 12:12:18,745 - coint2.engine.numba_engine - INFO - Запуск Numba-оптимизированного бэктеста для FITFIUSDT-JUVUSDT
2026-01-23 12:12:18,746 - coint2.engine.numba_engine - INFO - Запуск Numba-оптимизированного бэктеста для FITFIUSDT-IZIUSDT
2026-01-23 12:12:19,039 - INFO -   ⏱️ Параллельная обработка завершена за 0.8с (53.7 пар/с)
2026-01-23 12:12:19,060 - coint2.pipeline.walk_forward_orchestrator - INFO - 🎯 СИМУЛЯЦИЯ ПОРТФЕЛЯ: 44 пар, лимит 15 позиций
2026-01-23 12:12:19,970 - coint2.pipeline.walk_forward_orchestrator - INFO -    📈 Макс. одновременных сигналов: 32
2026-01-23 12:12:19,970 - coint2.pipeline.walk_forward_orchestrator - INFO -    📊 Средн. сигналов за период: 16.8
2026-01-23 12:12:19,970 - coint2.pipeline.walk_forward_orchestrator - INFO -    🎯 Финальных активных позиций: 13
2026-01-23 12:12:19,972 - coint2.pipeline.walk_forward_orchestrator - INFO -    ⚡ Утилизация лимита позиций: 90.7%
2026-01-23 12:12:19,972 - INFO - ⇠ WF-шаг 1/3 backtests — completed 44 items in 1.75s (25.1 items/s)
2026-01-23 12:12:19,972 - INFO -   ✅ Обработка завершена: 44 успешно, 0 с ошибками
2026-01-23 12:12:19,972 - INFO -   📊 Успешность: 100.0%, прибыльность: 59.1%, сделок/пара: 46.7
2026-01-23 12:12:19,972 - INFO -   ✅ Завершены бэктесты для 44 пар
2026-01-23 12:12:19,973 - INFO -   📊 Всего обработано пар в этом шаге: 44
2026-01-23 12:12:19,973 - INFO -   📈 Результаты шага: 26/44 прибыльных пар, 2056 сделок
2026-01-23 12:12:19,973 - INFO -   💰 P&L шага: $-18.75
2026-01-23 12:12:19,973 - INFO -   ⇢ Обновление капитала и дневного P&L...
2026-01-23 12:12:21,155 - INFO -   💼 Шаг P&L: $-18.75, Накопленный капитал: $981.25
2026-01-23 12:12:21,156 - INFO - ------------------------------------------------------------
2026-01-23 12:12:21,156 - INFO -   Walk-forward steps: 1 / 3 (33.3%) | 0.1 items/s | ETA: 23.5s
2026-01-23 12:12:21,156 - INFO - 🔍 WF-шаг 2/3: Валидация временных окон...
2026-01-23 12:12:21,156 - INFO - ⇢ WF-шаг 2/3: training 2023-11-02-2024-01-30, testing 2024-01-31-2024-03-01 — start
2026-01-23 12:12:21,156 - INFO - ⇢ loading step data — start
2026-01-23 12:12:21,434 - INFO - ⇠ loading step data — done in 0.28s
2026-01-23 12:12:23,461 - INFO - 📊 WF-шаг 2/3: Границы данных:
2026-01-23 12:12:23,461 - INFO -    Training: 2023-11-02 00:00:00 → 2024-01-30 23:45:00 (8,640 строк × 346 символов)
2026-01-23 12:12:23,462 - INFO -    Testing:  2024-01-31 00:00:00 → 2024-03-01 00:00:00 (2,881 строк × 346 символов)
2026-01-23 12:12:23,462 - INFO -    Временной разрыв: 0 days 00:15:00
2026-01-23 12:12:23,508 - INFO - ⇢ normalizing training data — start
2026-01-23 12:12:23,553 - INFO -   Символы с NaN значениями: 63
2026-01-23 12:12:23,554 - INFO -   Применяем метод нормализации: rolling_zscore
2026-01-23 12:12:23,578 - INFO - Символы с недостаточной историей: 58 из 346
2026-01-23 12:12:24,191 - INFO - Символы с NaN после нормализации: 288
2026-01-23 12:12:24,200 - INFO - Удалено 1193 начальных строк с NaN от rolling расчетов
2026-01-23 12:12:24,203 - INFO - Итоговое количество символов после нормализации: 288 из 346
2026-01-23 12:12:24,203 - INFO -   Статистика нормализации:
2026-01-23 12:12:24,203 - INFO -     Исходные символы: 346
2026-01-23 12:12:24,203 - INFO -     Недостаточная история: 58
2026-01-23 12:12:24,203 - INFO -     Постоянная цена: 0
2026-01-23 12:12:24,203 - INFO -     NaN после нормализации: 288
2026-01-23 12:12:24,203 - INFO -     Итоговые символы: 288 (83.2%)
2026-01-23 12:12:24,203 - INFO -   После нормализации: 288 символов (потеряно 58)
2026-01-23 12:12:24,203 - INFO -   Отброшено много символов: 58 из 346
2026-01-23 12:12:24,203 - INFO - ⇠ normalizing training data — done in 0.70s
2026-01-23 12:12:24,204 - INFO -   Фиксированный universe: 246 пар (отфильтровано 4 недоступных)
2026-01-23 12:12:24,204 - INFO - ⇢ filtering pairs by cointegration and half-life — start
2026-01-23 12:12:24,204 - INFO - [ФИЛЬТР] Параллельная фильтрация: threads (8 workers)
2026-01-23 12:12:30,158 - INFO - [ФИЛЬТР] После проверки данных: 218 пар
2026-01-23 12:12:30,158 - INFO - [ФИЛЬТР] После фильтра корреляции (>0.4): 122 пар
2026-01-23 12:12:30,158 - INFO - [ФИЛЬТР] После фильтра beta: 108 пар
2026-01-23 12:12:30,158 - INFO - [ФИЛЬТР] После фильтра mean crossings: 108 пар
2026-01-23 12:12:30,158 - INFO - [ФИЛЬТР] После фильтра half-life: 108 пар
2026-01-23 12:12:30,158 - INFO - [ФИЛЬТР] После фильтра коинтеграции: 72 пар
2026-01-23 12:12:30,158 - INFO - [ФИЛЬТР] После фильтра Hurst: 55 пар
2026-01-23 12:12:30,158 - INFO - [ФИЛЬТР] После фильтра KPSS: 55 пар
2026-01-23 12:12:30,158 - INFO - [ФИЛЬТР] После фильтра market microstructure: 49 пар
2026-01-23 12:12:30,158 - INFO - [ФИЛЬТР] Статистика фильтрации (оптимизированный порядок):
2026-01-23 12:12:30,158 - INFO -   1. SSD → Коинтеграция: 246 → 72 пар
2026-01-23 12:12:30,158 - INFO -   2. Коинтеграция → Beta: 72 → 108 пар
2026-01-23 12:12:30,158 - INFO -   3. Beta → Half-life: 108 → 108 пар
2026-01-23 12:12:30,158 - INFO -   4. Half-life → Mean crossings: 108 → 108 пар
2026-01-23 12:12:30,158 - INFO -   5. Mean crossings → Hurst: 108 → 55 пар
2026-01-23 12:12:30,158 - INFO -   6. Hurst → KPSS: 55 → 55 пар
2026-01-23 12:12:30,158 - INFO -   7. KPSS → Market microstructure: 55 → 49 пар
2026-01-23 12:12:30,158 - INFO - [ФИЛЬТР] Причины отсева:
2026-01-23 12:12:30,158 - INFO -   • low_correlation: 96 пар (39.0%)
2026-01-23 12:12:30,158 - INFO -   • pvalue: 36 пар (14.6%)
2026-01-23 12:12:30,158 - INFO -   • insufficient_data: 28 пар (11.4%)
2026-01-23 12:12:30,158 - INFO -   • hurst: 17 пар (6.9%)
2026-01-23 12:12:30,158 - INFO -   • beta: 14 пар (5.7%)
2026-01-23 12:12:30,158 - INFO -   • history: 6 пар (2.4%)
2026-01-23 12:12:30,158 - INFO - [ФИЛЬТР] Итого: 246 → 49 пар (19.9% прошли все фильтры)
2026-01-23 12:12:30,161 - INFO - Причины отсева сохранены в results/filter_reasons_20260123_121230.csv
2026-01-23 12:12:30,161 - INFO -   Pair stability filter: 49 → 31 (window=2, min_steps=1, history=1)
2026-01-23 12:12:30,161 - INFO -   Фильтрация: 246 → 31 пар
2026-01-23 12:12:30,161 - INFO - ⇠ filtering pairs by cointegration and half-life — done in 5.96s
2026-01-23 12:12:30,161 - INFO - ⇠ WF-шаг 2/3: training 2023-11-02-2024-01-30, testing 2024-01-31-2024-03-01 — done in 9.01s
2026-01-23 12:12:30,162 - INFO -   Ограничение max_pairs=50: 31 пар (лимит не достигнут)
2026-01-23 12:12:30,162 - INFO -   Топ-3 пары по волатильности спреда:
2026-01-23 12:12:30,162 - INFO -     1. BTCDAI-BTCEUR: beta=1.1459, std=574.8675
2026-01-23 12:12:30,162 - INFO -     2. ETHDAI-ETHEUR: beta=1.1311, std=22.8903
2026-01-23 12:12:30,162 - INFO -     3. BTCUSDC-BTCUSDT: beta=0.9990, std=20.6114
2026-01-23 12:12:30,162 - INFO -   Всего пар для торговли: 31 (ограничение 15 применяется к одновременно открытым позициям)
2026-01-23 12:12:30,162 - INFO -   💰 Проверка расчета капитала: equity=$981.25, кандидатных_пар=31, max_позиций=15
2026-01-23 12:12:30,162 - INFO -   🎯 Target concurrency: 15 (ожидаемое одновременное число позиций)
2026-01-23 12:12:30,162 - INFO -   📊 Детали расчета капитала:
2026-01-23 12:12:30,162 - INFO -      • Базовый капитал на пару: $65.42 (equity / target_concurrency)
2026-01-23 12:12:30,162 - INFO -      • Риск-капитал: $7.36 (0.8% от equity)
2026-01-23 12:12:30,162 - INFO -      • Макс. размер позиции: $19.63 (2.0% от equity)
2026-01-23 12:12:30,162 - INFO -      • Итоговый капитал на пару: $7.36
2026-01-23 12:12:30,163 - INFO - ⇢ WF-шаг 2/3 backtests — starting 31 items
2026-01-23 12:12:30,163 - INFO - 🚀 WF-шаг 2/3: Начинаем бэктесты для 31 пар...
2026-01-23 12:12:30,163 - INFO - 🚀 WF-шаг 2/3: Запускаем параллельную обработку 31 пар на 8 ядрах...
2026-01-23 12:12:30,163 - INFO - 🚀 WF-шаг 2/3: Режим параллельности: процессы
⚙️  Загрузка данных за период: 2023-11-02 -> 2024-03-01
📂 Найдено 43 parquet файлов для обработки.
📊 Схема данных: Schema({'timestamp': Int64, 'open': Float64, 'high': Float64, 'low': Float64, 'close': Float64, 'volume': Float64, 'turnover': String, 'ts_ms': Int64, 'symbol': String})
✅ Загружено 3596229 записей с помощью Polars.
📊 Типы данных в pandas: timestamp       datetime64[us]
symbol                  object
close                  float64
timestamp_ms             int64
dtype: object
2026-01-23 12:12:30,221 - coint2.engine.numba_engine - INFO - Запуск Numba-оптимизированного бэктеста для BTCDAI-BTCEUR
2026-01-23 12:12:30,249 - coint2.engine.numba_engine - INFO - Запуск Numba-оптимизированного бэктеста для ETHDAI-ETHEUR
2026-01-23 12:12:30,269 - coint2.engine.numba_engine - INFO - Запуск Numba-оптимизированного бэктеста для BTCUSDC-BTCUSDT
2026-01-23 12:12:30,293 - coint2.engine.numba_engine - INFO - Запуск Numba-оптимизированного бэктеста для ETHUSDC-ETHUSDT
2026-01-23 12:12:30,305 - coint2.engine.numba_engine - INFO - Запуск Numba-оптимизированного бэктеста для AGLDUSDT-HFTUSDT
2026-01-23 12:12:30,317 - coint2.engine.numba_engine - INFO - Запуск Numba-оптимизированного бэктеста для ATOMUSDT-GODSUSDT
2026-01-23 12:12:30,327 - coint2.engine.numba_engine - INFO - Запуск Numba-оптимизированного бэктеста для APEUSDC-GODSUSDT
2026-01-23 12:12:30,333 - coint2.engine.numba_engine - INFO - Запуск Numba-оптимизированного бэктеста для APEUSDC-HFTUSDT
2026-01-23 12:12:30,343 - coint2.engine.numba_engine - INFO - Запуск Numba-оптимизированного бэктеста для AXSUSDT-DOTUSDT
2026-01-23 12:12:30,349 - coint2.engine.numba_engine - INFO - Запуск Numba-оптимизированного бэктеста для 1INCHUSDT-AXSUSDT
2026-01-23 12:12:30,354 - coint2.engine.numba_engine - INFO - Запуск Numba-оптимизированного бэктеста для APEUSDC-HFTUSDC
2026-01-23 12:12:30,354 - coint2.engine.numba_engine - INFO - Запуск Numba-оптимизированного бэктеста для APEUSDT-GODSUSDT
2026-01-23 12:12:30,377 - coint2.engine.numba_engine - INFO - Запуск Numba-оптимизированного бэктеста для HOOKUSDT-KAVAUSDT
2026-01-23 12:12:30,377 - coint2.engine.numba_engine - INFO - Запуск Numba-оптимизированного бэктеста для DOGEUSDC-JUVUSDT
2026-01-23 12:12:30,378 - coint2.engine.numba_engine - INFO - Запуск Numba-оптимизированного бэктеста для AXSUSDT-DOTUSDC
2026-01-23 12:12:30,380 - coint2.engine.numba_engine - INFO - Запуск Numba-оптимизированного бэктеста для APEUSDT-HFTUSDT
2026-01-23 12:12:30,399 - coint2.engine.numba_engine - INFO - Запуск Numba-оптимизированного бэктеста для FITFIUSDT-IZIUSDT
2026-01-23 12:12:30,403 - coint2.engine.numba_engine - INFO - Запуск Numba-оптимизированного бэктеста для APEUSDT-HFTUSDC
2026-01-23 12:12:30,404 - coint2.engine.numba_engine - INFO - Запуск Numba-оптимизированного бэктеста для CELOUSDT-ENJUSDT
2026-01-23 12:12:30,421 - coint2.engine.numba_engine - INFO - Запуск Numba-оптимизированного бэктеста для AGLDUSDT-HFTUSDC
2026-01-23 12:12:30,426 - coint2.engine.numba_engine - INFO - Запуск Numba-оптимизированного бэктеста для CELOUSDT-FLOWUSDT
2026-01-23 12:12:30,426 - coint2.engine.numba_engine - INFO - Запуск Numba-оптимизированного бэктеста для IZIUSDT-KAVAUSDT
2026-01-23 12:12:30,434 - coint2.engine.numba_engine - INFO - Запуск Numba-оптимизированного бэктеста для APEUSDC-ATOMUSDT
2026-01-23 12:12:30,448 - coint2.engine.numba_engine - INFO - Запуск Numba-оптимизированного бэктеста для ERTHAUSDT-IZIUSDT
2026-01-23 12:12:30,456 - coint2.engine.numba_engine - INFO - Запуск Numba-оптимизированного бэктеста для AVAUSDT-FITFIUSDT
2026-01-23 12:12:30,469 - coint2.engine.numba_engine - INFO - Запуск Numba-оптимизированного бэктеста для APEUSDT-ATOMUSDT
2026-01-23 12:12:30,479 - coint2.engine.numba_engine - INFO - Запуск Numba-оптимизированного бэктеста для ACSUSDT-AGLDUSDT
2026-01-23 12:12:30,491 - coint2.engine.numba_engine - INFO - Запуск Numba-оптимизированного бэктеста для 1INCHUSDT-ACSUSDT
2026-01-23 12:12:30,504 - coint2.engine.numba_engine - INFO - Запуск Numba-оптимизированного бэктеста для AFCUSDT-ANKRUSDT
2026-01-23 12:12:30,514 - coint2.engine.numba_engine - INFO - Запуск Numba-оптимизированного бэктеста для DOMEUSDT-GODSUSDT
2026-01-23 12:12:30,527 - coint2.engine.numba_engine - INFO - Запуск Numba-оптимизированного бэктеста для ENJUSDT-FILUSDC
2026-01-23 12:12:30,568 - INFO -   ⏱️ Параллельная обработка завершена за 0.4с (76.6 пар/с)
2026-01-23 12:12:30,585 - coint2.pipeline.walk_forward_orchestrator - INFO - 🎯 СИМУЛЯЦИЯ ПОРТФЕЛЯ: 31 пар, лимит 15 позиций
2026-01-23 12:12:31,394 - coint2.pipeline.walk_forward_orchestrator - INFO -    📈 Макс. одновременных сигналов: 24
2026-01-23 12:12:31,394 - coint2.pipeline.walk_forward_orchestrator - INFO -    📊 Средн. сигналов за период: 13.0
2026-01-23 12:12:31,394 - coint2.pipeline.walk_forward_orchestrator - INFO -    🎯 Финальных активных позиций: 6
2026-01-23 12:12:31,395 - coint2.pipeline.walk_forward_orchestrator - INFO -    ⚡ Утилизация лимита позиций: 80.8%
2026-01-23 12:12:31,396 - INFO - ⇠ WF-шаг 2/3 backtests — completed 31 items in 1.23s (25.1 items/s)
2026-01-23 12:12:31,396 - INFO -   ✅ Обработка завершена: 31 успешно, 0 с ошибками
2026-01-23 12:12:31,396 - INFO -   📊 Успешность: 100.0%, прибыльность: 48.4%, сделок/пара: 48.9
2026-01-23 12:12:31,396 - INFO -   ✅ Завершены бэктесты для 31 пар
2026-01-23 12:12:31,396 - INFO -   📊 Всего обработано пар в этом шаге: 31
2026-01-23 12:12:31,396 - INFO -   📈 Результаты шага: 15/31 прибыльных пар, 1515 сделок
2026-01-23 12:12:31,396 - INFO -   💰 P&L шага: $+41.27
2026-01-23 12:12:31,396 - INFO -   ⇢ Обновление капитала и дневного P&L...
2026-01-23 12:12:32,674 - INFO -   💼 Шаг P&L: $+41.27, Накопленный капитал: $1,022.53
2026-01-23 12:12:32,674 - INFO - ------------------------------------------------------------
2026-01-23 12:12:32,674 - INFO -   Walk-forward steps: 2 / 3 (66.7%) | 0.1 items/s | ETA: 11.6s
2026-01-23 12:12:32,675 - INFO - 🔍 WF-шаг 3/3: Валидация временных окон...
2026-01-23 12:12:32,675 - INFO - ⇢ WF-шаг 3/3: training 2023-12-02-2024-02-29, testing 2024-03-01-2024-03-31 — start
2026-01-23 12:12:32,675 - INFO - ⇢ loading step data — start
2026-01-23 12:12:32,958 - INFO - ⇠ loading step data — done in 0.28s
2026-01-23 12:12:34,939 - INFO - 📊 WF-шаг 3/3: Границы данных:
2026-01-23 12:12:34,940 - INFO -    Training: 2023-12-02 00:00:00 → 2024-02-29 23:45:00 (8,640 строк × 361 символов)
2026-01-23 12:12:34,940 - INFO -    Testing:  2024-03-01 00:00:00 → 2024-03-31 00:00:00 (2,881 строк × 361 символов)
2026-01-23 12:12:34,940 - INFO -    Временной разрыв: 0 days 00:15:00
2026-01-23 12:12:34,986 - INFO - ⇢ normalizing training data — start
2026-01-23 12:12:35,030 - INFO -   Символы с NaN значениями: 68
2026-01-23 12:12:35,030 - INFO -   Применяем метод нормализации: rolling_zscore
2026-01-23 12:12:35,054 - INFO - Символы с недостаточной историей: 56 из 361
2026-01-23 12:12:35,714 - INFO - Символы с NaN после нормализации: 305
2026-01-23 12:12:35,722 - INFO - Удалено 1673 начальных строк с NaN от rolling расчетов
2026-01-23 12:12:35,725 - INFO - Итоговое количество символов после нормализации: 305 из 361
2026-01-23 12:12:35,725 - INFO -   Статистика нормализации:
2026-01-23 12:12:35,725 - INFO -     Исходные символы: 361
2026-01-23 12:12:35,725 - INFO -     Недостаточная история: 56
2026-01-23 12:12:35,725 - INFO -     Постоянная цена: 0
2026-01-23 12:12:35,725 - INFO -     NaN после нормализации: 305
2026-01-23 12:12:35,725 - INFO -     Итоговые символы: 305 (84.5%)
2026-01-23 12:12:35,725 - INFO -   После нормализации: 305 символов (потеряно 56)
2026-01-23 12:12:35,725 - INFO -   Отброшено много символов: 56 из 361
2026-01-23 12:12:35,725 - INFO - ⇠ normalizing training data — done in 0.74s
2026-01-23 12:12:35,726 - INFO -   Фиксированный universe: 250 пар (отфильтровано 0 недоступных)
2026-01-23 12:12:35,726 - INFO - ⇢ filtering pairs by cointegration and half-life — start
2026-01-23 12:12:35,726 - INFO - [ФИЛЬТР] Параллельная фильтрация: threads (8 workers)
2026-01-23 12:12:42,944 - INFO - [ФИЛЬТР] После проверки данных: 239 пар
2026-01-23 12:12:42,944 - INFO - [ФИЛЬТР] После фильтра корреляции (>0.4): 137 пар
2026-01-23 12:12:42,944 - INFO - [ФИЛЬТР] После фильтра beta: 127 пар
2026-01-23 12:12:42,944 - INFO - [ФИЛЬТР] После фильтра mean crossings: 127 пар
2026-01-23 12:12:42,944 - INFO - [ФИЛЬТР] После фильтра half-life: 127 пар
2026-01-23 12:12:42,944 - INFO - [ФИЛЬТР] После фильтра коинтеграции: 92 пар
2026-01-23 12:12:42,944 - INFO - [ФИЛЬТР] После фильтра Hurst: 76 пар
2026-01-23 12:12:42,944 - INFO - [ФИЛЬТР] После фильтра KPSS: 76 пар
2026-01-23 12:12:42,944 - INFO - [ФИЛЬТР] После фильтра market microstructure: 68 пар
2026-01-23 12:12:42,944 - INFO - [ФИЛЬТР] Статистика фильтрации (оптимизированный порядок):
2026-01-23 12:12:42,944 - INFO -   1. SSD → Коинтеграция: 250 → 92 пар
2026-01-23 12:12:42,944 - INFO -   2. Коинтеграция → Beta: 92 → 127 пар
2026-01-23 12:12:42,944 - INFO -   3. Beta → Half-life: 127 → 127 пар
2026-01-23 12:12:42,944 - INFO -   4. Half-life → Mean crossings: 127 → 127 пар
2026-01-23 12:12:42,944 - INFO -   5. Mean crossings → Hurst: 127 → 76 пар
2026-01-23 12:12:42,944 - INFO -   6. Hurst → KPSS: 76 → 76 пар
2026-01-23 12:12:42,944 - INFO -   7. KPSS → Market microstructure: 76 → 68 пар
2026-01-23 12:12:42,944 - INFO - [ФИЛЬТР] Причины отсева:
2026-01-23 12:12:42,944 - INFO -   • low_correlation: 102 пар (40.8%)
2026-01-23 12:12:42,945 - INFO -   • pvalue: 35 пар (14.0%)
2026-01-23 12:12:42,945 - INFO -   • hurst: 16 пар (6.4%)
2026-01-23 12:12:42,945 - INFO -   • insufficient_data: 11 пар (4.4%)
2026-01-23 12:12:42,945 - INFO -   • beta: 10 пар (4.0%)
2026-01-23 12:12:42,945 - INFO -   • history: 8 пар (3.2%)
2026-01-23 12:12:42,945 - INFO - [ФИЛЬТР] Итого: 250 → 68 пар (27.2% прошли все фильтры)
2026-01-23 12:12:42,947 - INFO - Причины отсева сохранены в results/filter_reasons_20260123_121242.csv
2026-01-23 12:12:42,947 - INFO -   Pair stability filter: 68 → 29 (window=2, min_steps=1, history=2)
2026-01-23 12:12:42,947 - INFO -   Фильтрация: 250 → 29 пар
2026-01-23 12:12:42,947 - INFO - ⇠ filtering pairs by cointegration and half-life — done in 7.22s
2026-01-23 12:12:42,947 - INFO - ⇠ WF-шаг 3/3: training 2023-12-02-2024-02-29, testing 2024-03-01-2024-03-31 — done in 10.27s
2026-01-23 12:12:42,947 - INFO -   Ограничение max_pairs=50: 29 пар (лимит не достигнут)
2026-01-23 12:12:42,947 - INFO -   Топ-3 пары по волатильности спреда:
2026-01-23 12:12:42,947 - INFO -     1. BTCDAI-BTCEUR: beta=1.0480, std=582.7625
2026-01-23 12:12:42,947 - INFO -     2. ETHDAI-ETHEUR: beta=1.0530, std=30.4486
2026-01-23 12:12:42,947 - INFO -     3. ATOMUSDT-GODSUSDT: beta=8.5838, std=0.6434
2026-01-23 12:12:42,947 - INFO -   Всего пар для торговли: 29 (ограничение 15 применяется к одновременно открытым позициям)
2026-01-23 12:12:42,948 - INFO -   💰 Проверка расчета капитала: equity=$1,022.53, кандидатных_пар=29, max_позиций=15
2026-01-23 12:12:42,948 - INFO -   🎯 Target concurrency: 15 (ожидаемое одновременное число позиций)
2026-01-23 12:12:42,948 - INFO -   📊 Детали расчета капитала:
2026-01-23 12:12:42,948 - INFO -      • Базовый капитал на пару: $68.17 (equity / target_concurrency)
2026-01-23 12:12:42,948 - INFO -      • Риск-капитал: $7.67 (0.8% от equity)
2026-01-23 12:12:42,948 - INFO -      • Макс. размер позиции: $20.45 (2.0% от equity)
2026-01-23 12:12:42,948 - INFO -      • Итоговый капитал на пару: $7.67
2026-01-23 12:12:42,948 - INFO - ⇢ WF-шаг 3/3 backtests — starting 29 items
2026-01-23 12:12:42,948 - INFO - 🚀 WF-шаг 3/3: Начинаем бэктесты для 29 пар...
2026-01-23 12:12:42,948 - INFO - 🚀 WF-шаг 3/3: Запускаем параллельную обработку 29 пар на 8 ядрах...
2026-01-23 12:12:42,948 - INFO - 🚀 WF-шаг 3/3: Режим параллельности: процессы
⚙️  Загрузка данных за период: 2023-12-02 -> 2024-03-31
📂 Найдено 43 parquet файлов для обработки.
📊 Схема данных: Schema({'timestamp': Int64, 'open': Float64, 'high': Float64, 'low': Float64, 'close': Float64, 'volume': Float64, 'turnover': String, 'ts_ms': Int64, 'symbol': String})
✅ Загружено 3779046 записей с помощью Polars.
📊 Типы данных в pandas: timestamp       datetime64[us]
symbol                  object
close                  float64
timestamp_ms             int64
dtype: object
2026-01-23 12:12:43,000 - coint2.engine.numba_engine - INFO - Запуск Numba-оптимизированного бэктеста для BTCDAI-BTCEUR
2026-01-23 12:12:43,022 - coint2.engine.numba_engine - INFO - Запуск Numba-оптимизированного бэктеста для ETHDAI-ETHEUR
2026-01-23 12:12:43,046 - coint2.engine.numba_engine - INFO - Запуск Numba-оптимизированного бэктеста для ATOMUSDT-GODSUSDT
2026-01-23 12:12:43,069 - coint2.engine.numba_engine - INFO - Запуск Numba-оптимизированного бэктеста для ATOMUSDT-KCALUSDT
2026-01-23 12:12:43,085 - coint2.engine.numba_engine - INFO - Запуск Numba-оптимизированного бэктеста для APEUSDC-HFTUSDC
2026-01-23 12:12:43,096 - coint2.engine.numba_engine - INFO - Запуск Numba-оптимизированного бэктеста для CAKEUSDT-FIDAUSDT
2026-01-23 12:12:43,102 - coint2.engine.numba_engine - INFO - Запуск Numba-оптимизированного бэктеста для APEUSDT-HFTUSDC
2026-01-23 12:12:43,107 - coint2.engine.numba_engine - INFO - Запуск Numba-оптимизированного бэктеста для BICOUSDT-KASTAUSDT
2026-01-23 12:12:43,118 - coint2.engine.numba_engine - INFO - Запуск Numba-оптимизированного бэктеста для APEUSDT-GODSUSDT
2026-01-23 12:12:43,126 - coint2.engine.numba_engine - INFO - Запуск Numba-оптимизированного бэктеста для APEUSDC-ATOMUSDT
2026-01-23 12:12:43,128 - coint2.engine.numba_engine - INFO - Запуск Numba-оптимизированного бэктеста для IZIUSDT-KAVAUSDT
2026-01-23 12:12:43,140 - coint2.engine.numba_engine - INFO - Запуск Numba-оптимизированного бэктеста для 1INCHUSDT-AXSUSDT
2026-01-23 12:12:43,148 - coint2.engine.numba_engine - INFO - Запуск Numba-оптимизированного бэктеста для GMTUSDC-KAVAUSDT
2026-01-23 12:12:43,149 - coint2.engine.numba_engine - INFO - Запуск Numba-оптимизированного бэктеста для APEUSDT-ATOMUSDT
2026-01-23 12:12:43,162 - coint2.engine.numba_engine - INFO - Запуск Numba-оптимизированного бэктеста для AGLDUSDT-HFTUSDT
2026-01-23 12:12:43,164 - coint2.engine.numba_engine - INFO - Запуск Numba-оптимизированного бэктеста для AGLDUSDT-HFTUSDC
2026-01-23 12:12:43,168 - coint2.engine.numba_engine - INFO - Запуск Numba-оптимизированного бэктеста для FITFIUSDT-JUVUSDT
2026-01-23 12:12:43,170 - coint2.engine.numba_engine - INFO - Запуск Numba-оптимизированного бэктеста для GMTUSDT-KAVAUSDT
2026-01-23 12:12:43,177 - coint2.engine.numba_engine - INFO - Запуск Numba-оптимизированного бэктеста для FITFIUSDT-IZIUSDT
2026-01-23 12:12:43,181 - coint2.engine.numba_engine - INFO - Запуск Numba-оптимизированного бэктеста для AFCUSDT-ANKRUSDT
2026-01-23 12:12:43,190 - coint2.engine.numba_engine - INFO - Запуск Numba-оптимизированного бэктеста для ERTHAUSDT-IZIUSDT
2026-01-23 12:12:43,202 - coint2.engine.numba_engine - INFO - Запуск Numba-оптимизированного бэктеста для GMTUSDC-KCALUSDT
2026-01-23 12:12:43,207 - coint2.engine.numba_engine - INFO - Запуск Numba-оптимизированного бэктеста для GODSUSDT-KCALUSDT
2026-01-23 12:12:43,224 - coint2.engine.numba_engine - INFO - Запуск Numba-оптимизированного бэктеста для DOMEUSDT-GODSUSDT
2026-01-23 12:12:43,228 - coint2.engine.numba_engine - INFO - Запуск Numba-оптимизированного бэктеста для GMTUSDT-KCALUSDT
2026-01-23 12:12:43,242 - coint2.engine.numba_engine - INFO - Запуск Numba-оптимизированного бэктеста для AVAUSDT-FITFIUSDT
2026-01-23 12:12:43,248 - coint2.engine.numba_engine - INFO - Запуск Numba-оптимизированного бэктеста для BICOUSDT-ETHWUSDT
2026-01-23 12:12:43,263 - coint2.engine.numba_engine - INFO - Запуск Numba-оптимизированного бэктеста для DOGEUSDC-JUVUSDT
2026-01-23 12:12:43,270 - coint2.engine.numba_engine - INFO - Запуск Numba-оптимизированного бэктеста для C98USDT-FILUSDT
2026-01-23 12:12:43,310 - INFO -   ⏱️ Параллельная обработка завершена за 0.4с (80.3 пар/с)
2026-01-23 12:12:43,325 - coint2.pipeline.walk_forward_orchestrator - INFO - 🎯 СИМУЛЯЦИЯ ПОРТФЕЛЯ: 29 пар, лимит 15 позиций
2026-01-23 12:12:44,142 - coint2.pipeline.walk_forward_orchestrator - INFO -    📈 Макс. одновременных сигналов: 22
2026-01-23 12:12:44,142 - coint2.pipeline.walk_forward_orchestrator - INFO -    📊 Средн. сигналов за период: 12.3
2026-01-23 12:12:44,142 - coint2.pipeline.walk_forward_orchestrator - INFO -    🎯 Финальных активных позиций: 13
2026-01-23 12:12:44,143 - coint2.pipeline.walk_forward_orchestrator - INFO -    ⚡ Утилизация лимита позиций: 78.6%
2026-01-23 12:12:44,144 - INFO - ⇠ WF-шаг 3/3 backtests — completed 29 items in 1.20s (24.3 items/s)
2026-01-23 12:12:44,144 - INFO -   ✅ Обработка завершена: 29 успешно, 0 с ошибками
2026-01-23 12:12:44,144 - INFO -   📊 Успешность: 100.0%, прибыльность: 48.3%, сделок/пара: 49.6
2026-01-23 12:12:44,144 - INFO -   ✅ Завершены бэктесты для 29 пар
2026-01-23 12:12:44,144 - INFO -   📊 Всего обработано пар в этом шаге: 29
2026-01-23 12:12:44,144 - INFO -   📈 Результаты шага: 14/29 прибыльных пар, 1438 сделок
2026-01-23 12:12:44,144 - INFO -   💰 P&L шага: $-101.18
2026-01-23 12:12:44,144 - INFO -   ⇢ Обновление капитала и дневного P&L...
2026-01-23 12:12:45,568 - INFO -   💼 Шаг P&L: $-101.18, Накопленный капитал: $921.34
2026-01-23 12:12:45,568 - INFO - ------------------------------------------------------------
2026-01-23 12:12:45,568 - INFO -   Walk-forward steps: 3 / 3 (100.0%) | 0.1 items/s | ETA: 0.0s
2026-01-23 12:12:45,568 - INFO - ⇠ Walk-forward steps — completed 3 items in 36.18s (0.1 items/s)
2026-01-23 12:12:45,568 - INFO - ================================================================================
2026-01-23 12:12:45,568 - INFO - 🏁 Walk-forward анализ завершен!
2026-01-23 12:12:45,568 - INFO - ⏱️ Обработано 3 шагов за 2.6 секунд
2026-01-23 12:12:45,568 - INFO - 📊 Всего обработано пар за весь анализ: 104
2026-01-23 12:12:45,568 - INFO - 💰 Финальный капитал: $921.34 (было $1,000.00)
2026-01-23 12:12:45,568 - INFO - 📈 Общая доходность: -7.87% ($-78.66)
2026-01-23 12:12:45,568 - INFO - 📊 Всего сделок: 0
2026-01-23 12:12:45,568 - INFO - ================================================================================
2026-01-23 12:12:45,568 - INFO - ✓ Завершены все 3 WF-шагов
2026-01-23 12:12:45,568 - INFO - ⇢ Обработка финальных результатов и расчет метрик...
2026-01-23 12:12:45,568 - INFO - ⇢ processing final results — start
2026-01-23 12:12:45,569 - INFO -   ⇢ Агрегация данных P&L за 8643 торговых дней
2026-01-23 12:12:45,591 - INFO -   ⇢ Расчет базовых метрик производительности...
2026-01-23 12:12:45,591 - INFO -     📊 Данные для анализа: 8643 записей P&L, 8641 точек equity
2026-01-23 12:12:45,594 - INFO -   ⇢ Расчет расширенных метрик (волатильность, Calmar ratio, и др.)...
2026-01-23 12:12:45,594 - INFO -   ✅ Расширенные метрики рассчитаны: 6 показателей
2026-01-23 12:12:45,594 - INFO -   ⇢ Анализ статистики по 104 парам...
2026-01-23 12:12:45,598 - INFO - ✅ Рассчитаны метрики производительности (26 показателей)
2026-01-23 12:12:45,598 - INFO -   💰 Общий P&L: $-78.66
2026-01-23 12:12:45,598 - INFO -   📊 Sharpe Ratio: -0.220
2026-01-23 12:12:45,598 - INFO -   📉 Максимальная просадка: -22698.24%
2026-01-23 12:12:45,598 - INFO -   🔄 Всего сделок: 5009
2026-01-23 12:12:45,598 - INFO -   📈 Торгуемых пар: 53
2026-01-23 12:12:45,598 - INFO -   💸 Общие издержки: $125.41
2026-01-23 12:12:45,598 - coint2.metrics - INFO - Metric: total_pnl
2026-01-23 12:12:45,599 - coint2.metrics - INFO - Metric: sharpe_ratio_abs
2026-01-23 12:12:45,599 - coint2.metrics - INFO - Metric: max_drawdown_pct
2026-01-23 12:12:45,599 - coint2.metrics - INFO - Metric: total_trades
2026-01-23 12:12:45,599 - coint2.metrics - INFO - Metric: total_pairs_traded
2026-01-23 12:12:45,599 - coint2.metrics - INFO - Metric: total_costs
2026-01-23 12:12:45,600 - INFO - ⇠ processing final results — done in 0.03s
2026-01-23 12:12:45,600 - INFO - ⇢ Создание отчетов и сохранение результатов...
2026-01-23 12:12:45,600 - INFO - ⇢ generating reports — start
2026-01-23 12:12:45,600 - INFO -   ⇢ Создание отчета о производительности...
2026-01-23 12:12:51,701 - INFO -   ✓ Отчет о производительности создан
2026-01-23 12:12:51,701 - INFO -   ⇢ Сохранение данных в CSV файлы...
2026-01-23 12:12:51,704 - INFO - 📋 Метрики сохранены: artifacts/wfa/runs/20260123_budget1000_oos20240101_20240630_top50_maxnot25_risk0p75_minnot5/stress_relaxed8_nokpss_20260123_oos20240101_20240630_top50_z1p00_exit0p06_hold180_cd180_ms0p2_cap1000_maxnot25_risk0p75_minnot5/strategy_metrics.csv
2026-01-23 12:12:51,705 - INFO - 📈 Дневные P&L сохранены: artifacts/wfa/runs/20260123_budget1000_oos20240101_20240630_top50_maxnot25_risk0p75_minnot5/stress_relaxed8_nokpss_20260123_oos20240101_20240630_top50_z1p00_exit0p06_hold180_cd180_ms0p2_cap1000_maxnot25_risk0p75_minnot5/daily_pnl.csv (91 записей)
2026-01-23 12:12:51,741 - INFO - 💹 Кривая капитала сохранена: artifacts/wfa/runs/20260123_budget1000_oos20240101_20240630_top50_maxnot25_risk0p75_minnot5/stress_relaxed8_nokpss_20260123_oos20240101_20240630_top50_z1p00_exit0p06_hold180_cd180_ms0p2_cap1000_maxnot25_risk0p75_minnot5/equity_curve.csv (8641 точек)
2026-01-23 12:12:51,746 - INFO - 📋 Статистика сделок сохранена: artifacts/wfa/runs/20260123_budget1000_oos20240101_20240630_top50_maxnot25_risk0p75_minnot5/stress_relaxed8_nokpss_20260123_oos20240101_20240630_top50_z1p00_exit0p06_hold180_cd180_ms0p2_cap1000_maxnot25_risk0p75_minnot5/trade_statistics.csv (104 записей)
2026-01-23 12:12:51,746 - INFO - 🎉 Walk-Forward анализ полностью завершен!
2026-01-23 12:12:51,746 - INFO - 📊 Все отчеты и данные сохранены в: artifacts/wfa/runs/20260123_budget1000_oos20240101_20240630_top50_maxnot25_risk0p75_minnot5/stress_relaxed8_nokpss_20260123_oos20240101_20240630_top50_z1p00_exit0p06_hold180_cd180_ms0p2_cap1000_maxnot25_risk0p75_minnot5
2026-01-23 12:12:51,746 - INFO - 💼 Итоговый капитал: $921.34
2026-01-23 12:12:51,746 - INFO - ⏱️  Общее время выполнения: 8.8 секунд
2026-01-23 12:12:51,746 - INFO - ⇠ generating reports — done in 6.15s
2026-01-23 12:12:51,746 - coint2.core.memory_optimization - INFO - 🧹 Cleaning up global price data
2026-01-23 12:12:51,750 - coint2.core.memory_optimization - INFO - 📊 No global rolling stats to clean up
2026-01-23 12:12:51,751 - INFO - 🧹 Memory-mapped data cleaned up
2026-01-23 12:12:51,752 - INFO - ⇠ run_walk_forward_analysis — done in 49.52s
📊 Отчет сохранен: artifacts/wfa/runs/20260123_budget1000_oos20240101_20240630_top50_maxnot25_risk0p75_minnot5/stress_relaxed8_nokpss_20260123_oos20240101_20240630_top50_z1p00_exit0p06_hold180_cd180_ms0p2_cap1000_maxnot25_risk0p75_minnot5/CointegrationStrategy_performance_report.png
🎯 ============================================================
📊 ИТОГИ ТОРГОВОЙ СТРАТЕГИИ
🎯 ============================================================

💰 ФИНАНСОВЫЕ РЕЗУЛЬТАТЫ:
   • Общий P&L:                          -79
   • Максимальная просадка:             -227
   • Средний дневной P&L:                 -1

📈 МЕТРИКИ РИСКА:
   • Коэффициент Шарпа:              -0.2205
   • Волатильность P&L:                30.72
   • Процент прибыльных дней:         58.24%

🔄 ТОРГОВАЯ АКТИВНОСТЬ:
   • Всего торговых дней:                 91
   • Всего сделок:                     5,009
   • Торгуемых пар:                       53
   • Сделок на пару:                    48.2
   • Успешность сделок:               0.84%

💸 РАСХОДЫ И ЭКСТРЕМУМЫ:
   • Общие расходы:                      125
   • Максимальная прибыль:                79
   • Максимальный убыток:               -185
   • Лучшая пара (P&L):                   74
   • Худшая пара (P&L):                  -86

📊 ОЦЕНКА СТРАТЕГИИ:
   ❌ УБЫТОЧНАЯ стратегия. Требует доработки

🎯 ============================================================

Annualized Sharpe Ratio: -0.22048437346324373
[run_wfa_fullcpu] end: 2026-01-23T12:12:52Z
