[run_wfa_queue] 2026-01-23T14:06:54Z cmd: /opt/coint4/coint4/run_wfa_fullcpu.sh configs/budget_20260123_1000_capsweep_oos20240101_20240630_top50_maxnot40_lowrisk_maxpairsgrid/stress_relaxed8_nokpss_20260123_oos20240101_20240630_top50_z1p00_exit0p06_hold180_cd180_ms0p2_cap1000_maxnot40_risk0p015_minnot30_maxpairs20.yaml artifacts/wfa/runs/20260123_budget1000_oos20240101_20240630_top50_maxnot40_lowrisk_maxpairsgrid/stress_relaxed8_nokpss_20260123_oos20240101_20240630_top50_z1p00_exit0p06_hold180_cd180_ms0p2_cap1000_maxnot40_risk0p015_minnot30_maxpairs20
[run_wfa_fullcpu] start: 2026-01-23T14:06:54Z
[run_wfa_fullcpu] os.cpu_count: 8
[run_wfa_fullcpu] worker_pid=3944
2026-01-23 14:06:57,795 - coint2.core.memory_optimization - INFO - ✅ BLAS threading limits set to 1 via threadpoolctl
2026-01-23 14:06:57,795 - coint2.core.memory_optimization - INFO - 🔧 Controlled libraries: openblas, openmp
2026-01-23 14:06:57,795 - coint2.core.memory_optimization - INFO - 🧵 Process threads: 2 → 2
2026-01-23 14:06:57,795 - coint2.core.memory_optimization - INFO - 📝 Set 11 environment variables
2026-01-23 14:06:58,159 - INFO - ✅ Параметры конфигурации валидны
2026-01-23 14:06:58,159 - INFO - 📝 Некоторые параметры были скорректированы:
2026-01-23 14:06:58,353 - INFO - 🔒 WFA: фиксированный universe из artifacts/universe/20260119_relaxed8_strict_preholdout_v2/pairs_universe.yaml (250 пар)
2026-01-23 14:06:58,354 - INFO -   Шаг 1: тренировка 2023-10-03-2023-12-31, тест 2024-01-01-2024-01-31
2026-01-23 14:06:58,354 - INFO -   Шаг 2: тренировка 2023-11-02-2024-01-30, тест 2024-01-31-2024-03-01
2026-01-23 14:06:58,354 - INFO -   Шаг 3: тренировка 2023-12-02-2024-02-29, тест 2024-03-01-2024-03-31
2026-01-23 14:06:58,354 - INFO -   Шаг 4: тренировка 2024-01-01-2024-03-30, тест 2024-03-31-2024-04-30
2026-01-23 14:06:58,354 - INFO -   Шаг 5: тренировка 2024-01-31-2024-04-29, тест 2024-04-30-2024-05-30
2026-01-23 14:06:58,354 - INFO -   Шаг 6: тренировка 2024-03-01-2024-05-29, тест 2024-05-30-2024-06-29
2026-01-23 14:06:58,354 - INFO -   Шаг 7: тренировка 2024-03-31-2024-06-28, тест 2024-06-29-2024-07-29
2026-01-23 14:06:58,354 - INFO - 📈 Запланировано 7 walk-forward шагов
2026-01-23 14:06:58,354 - INFO - ⛔ Ограничение WFA шагов: 7 → 3
2026-01-23 14:06:58,354 - WARNING - ⚠️ Маленький буфер между training и testing в шаге 1: 0 дней. Рекомендуется минимум 1 день.
2026-01-23 14:06:58,354 - WARNING - ⚠️ Маленький буфер между training и testing в шаге 2: 0 дней. Рекомендуется минимум 1 день.
2026-01-23 14:06:58,354 - WARNING - ⚠️ Маленький буфер между training и testing в шаге 3: 0 дней. Рекомендуется минимум 1 день.
2026-01-23 14:06:58,354 - INFO - ✅ Шаги успешно запланированы:
2026-01-23 14:06:58,354 - INFO -    Шаг 1: тренировка 2023-10-03-2023-12-31, тест 2024-01-01-2024-01-31
2026-01-23 14:06:58,354 - INFO -    Шаг 2: тренировка 2023-11-02-2024-01-30, тест 2024-01-31-2024-03-01
2026-01-23 14:06:58,355 - INFO -    Шаг 3: тренировка 2023-12-02-2024-02-29, тест 2024-03-01-2024-03-31
2026-01-23 14:06:58,355 - INFO - 🗂️ Consolidating price data for memory-mapped access...
2026-01-23 14:06:58,355 - INFO - 📊 Consolidating data range: 2023-09-28 → 2024-04-05
2026-01-23 14:06:58,355 - coint2.core.memory_optimization - INFO - 🔄 Consolidating price data from data_downloaded to .cache/consolidated_prices.parquet
2026-01-23 14:06:58,355 - INFO - ⇢ loading raw data for consolidation — start
2026-01-23 14:06:59,105 - INFO - ⇠ loading raw data for consolidation — done in 0.75s
2026-01-23 14:06:59,105 - INFO - ⇢ pivoting data to wide format — start
2026-01-23 14:07:03,362 - INFO - ⇠ pivoting data to wide format — done in 4.26s
2026-01-23 14:07:03,418 - coint2.core.memory_optimization - INFO - 📊 Consolidated data: 18241 rows × 366 symbols
2026-01-23 14:07:03,419 - coint2.core.memory_optimization - INFO - 💾 Memory usage: 26.9 MB
2026-01-23 14:07:03,419 - INFO - ⇢ writing consolidated Parquet file — start
2026-01-23 14:07:03,657 - INFO - ⇠ writing consolidated Parquet file — done in 0.24s
2026-01-23 14:07:03,657 - coint2.core.memory_optimization - INFO - ✅ Successfully consolidated data to .cache/consolidated_prices.parquet
2026-01-23 14:07:03,683 - coint2.core.memory_optimization - INFO - 🔄 Initializing memory-mapped price data from .cache/consolidated_prices.parquet
2026-01-23 14:07:03,683 - INFO - ⇢ loading memory-mapped data — start
2026-01-23 14:07:03,683 - coint2.core.memory_optimization - WARNING - ⚠️ memory_map не поддерживается в текущей версии pyarrow, fallback без mmap
2026-01-23 14:07:03,802 - ERROR - ⇠ loading memory-mapped data — failed after 0.12s: Couldn't deserialize thrift: TProtocolException: Invalid data
Deserializing page header failed.

2026-01-23 14:07:03,803 - coint2.core.memory_optimization - ERROR - ❌ Error initializing global price data: Couldn't deserialize thrift: TProtocolException: Invalid data
Deserializing page header failed.

Traceback (most recent call last):
  File "/opt/coint4/coint4/src/coint2/core/memory_optimization.py", line 170, in initialize_global_price_data
    table = dataset.to_table()
            ^^^^^^^^^^^^^^^^^^
  File "pyarrow/_dataset.pyx", line 589, in pyarrow._dataset.Dataset.to_table
  File "pyarrow/_dataset.pyx", line 3969, in pyarrow._dataset.Scanner.to_table
  File "pyarrow/error.pxi", line 155, in pyarrow.lib.pyarrow_internal_check_status
  File "pyarrow/error.pxi", line 92, in pyarrow.lib.check_status
OSError: Couldn't deserialize thrift: TProtocolException: Invalid data
Deserializing page header failed.

2026-01-23 14:07:03,804 - INFO - ✅ Memory-mapped data initialized successfully
2026-01-23 14:07:03,805 - INFO - ⇢ Walk-forward steps — starting 3 items
2026-01-23 14:07:03,806 - INFO - 📈 Инициализация equity кривой с первой тестовой даты: 2024-01-01 00:00:00
2026-01-23 14:07:03,806 - INFO - 🔍 WF-шаг 1/3: Валидация временных окон...
2026-01-23 14:07:03,807 - INFO - ⇢ WF-шаг 1/3: training 2023-10-03-2023-12-31, testing 2024-01-01-2024-01-31 — start
2026-01-23 14:07:03,807 - INFO - ⇢ loading step data — start
2026-01-23 14:07:04,074 - INFO - ⇠ loading step data — done in 0.27s
2026-01-23 14:07:06,376 - INFO - 📊 WF-шаг 1/3: Границы данных:
2026-01-23 14:07:06,376 - INFO -    Training: 2023-10-03 00:00:00 → 2023-12-31 23:45:00 (8,640 строк × 329 символов)
2026-01-23 14:07:06,377 - INFO -    Testing:  2024-01-01 00:00:00 → 2024-01-31 00:00:00 (2,881 строк × 329 символов)
2026-01-23 14:07:06,377 - INFO -    Временной разрыв: 0 days 00:15:00
2026-01-23 14:07:06,419 - INFO - ⇢ normalizing training data — start
2026-01-23 14:07:06,462 - INFO -   Символы с NaN значениями: 53
2026-01-23 14:07:06,462 - INFO -   Применяем метод нормализации: rolling_zscore
2026-01-23 14:07:06,486 - INFO - Символы с недостаточной историей: 50 из 329
2026-01-23 14:07:07,170 - INFO - Символы с NaN после нормализации: 279
2026-01-23 14:07:07,179 - INFO - Удалено 1577 начальных строк с NaN от rolling расчетов
2026-01-23 14:07:07,182 - INFO - Итоговое количество символов после нормализации: 279 из 329
2026-01-23 14:07:07,182 - INFO -   Статистика нормализации:
2026-01-23 14:07:07,182 - INFO -     Исходные символы: 329
2026-01-23 14:07:07,182 - INFO -     Недостаточная история: 50
2026-01-23 14:07:07,183 - INFO -     Постоянная цена: 0
2026-01-23 14:07:07,183 - INFO -     NaN после нормализации: 279
2026-01-23 14:07:07,183 - INFO -     Итоговые символы: 279 (84.8%)
2026-01-23 14:07:07,183 - INFO -   После нормализации: 279 символов (потеряно 50)
2026-01-23 14:07:07,183 - INFO -   Отброшено много символов: 50 из 329
2026-01-23 14:07:07,183 - INFO - ⇠ normalizing training data — done in 0.76s
2026-01-23 14:07:07,183 - INFO -   Фиксированный universe: 234 пар (отфильтровано 16 недоступных)
2026-01-23 14:07:07,183 - INFO - ⇢ filtering pairs by cointegration and half-life — start
2026-01-23 14:07:07,183 - INFO - [ФИЛЬТР] Параллельная фильтрация: threads (8 workers)
2026-01-23 14:07:15,430 - INFO - [ФИЛЬТР] После проверки данных: 212 пар
2026-01-23 14:07:15,430 - INFO - [ФИЛЬТР] После фильтра корреляции (>0.4): 163 пар
2026-01-23 14:07:15,430 - INFO - [ФИЛЬТР] После фильтра beta: 141 пар
2026-01-23 14:07:15,430 - INFO - [ФИЛЬТР] После фильтра mean crossings: 141 пар
2026-01-23 14:07:15,430 - INFO - [ФИЛЬТР] После фильтра half-life: 141 пар
2026-01-23 14:07:15,431 - INFO - [ФИЛЬТР] После фильтра коинтеграции: 63 пар
2026-01-23 14:07:15,431 - INFO - [ФИЛЬТР] После фильтра Hurst: 48 пар
2026-01-23 14:07:15,431 - INFO - [ФИЛЬТР] После фильтра KPSS: 48 пар
2026-01-23 14:07:15,431 - INFO - [ФИЛЬТР] После фильтра market microstructure: 44 пар
2026-01-23 14:07:15,431 - INFO - [ФИЛЬТР] Статистика фильтрации (оптимизированный порядок):
2026-01-23 14:07:15,431 - INFO -   1. SSD → Коинтеграция: 234 → 63 пар
2026-01-23 14:07:15,431 - INFO -   2. Коинтеграция → Beta: 63 → 141 пар
2026-01-23 14:07:15,431 - INFO -   3. Beta → Half-life: 141 → 141 пар
2026-01-23 14:07:15,431 - INFO -   4. Half-life → Mean crossings: 141 → 141 пар
2026-01-23 14:07:15,431 - INFO -   5. Mean crossings → Hurst: 141 → 48 пар
2026-01-23 14:07:15,431 - INFO -   6. Hurst → KPSS: 48 → 48 пар
2026-01-23 14:07:15,431 - INFO -   7. KPSS → Market microstructure: 48 → 44 пар
2026-01-23 14:07:15,431 - INFO - [ФИЛЬТР] Причины отсева:
2026-01-23 14:07:15,431 - INFO -   • pvalue: 78 пар (33.3%)
2026-01-23 14:07:15,431 - INFO -   • low_correlation: 49 пар (20.9%)
2026-01-23 14:07:15,431 - INFO -   • insufficient_data: 22 пар (9.4%)
2026-01-23 14:07:15,431 - INFO -   • beta: 22 пар (9.4%)
2026-01-23 14:07:15,431 - INFO -   • hurst: 15 пар (6.4%)
2026-01-23 14:07:15,431 - INFO -   • history: 4 пар (1.7%)
2026-01-23 14:07:15,431 - INFO - [ФИЛЬТР] Итого: 234 → 44 пар (18.8% прошли все фильтры)
2026-01-23 14:07:15,443 - INFO - Причины отсева сохранены в results/filter_reasons_20260123_140715.csv
2026-01-23 14:07:15,448 - INFO -   Pair stability filter: insufficient history (0 < 1), skip
2026-01-23 14:07:15,448 - INFO -   Фильтрация: 234 → 44 пар
2026-01-23 14:07:15,448 - INFO - ⇠ filtering pairs by cointegration and half-life — done in 8.27s
2026-01-23 14:07:15,448 - INFO - ⇠ WF-шаг 1/3: training 2023-10-03-2023-12-31, testing 2024-01-01-2024-01-31 — done in 11.64s
2026-01-23 14:07:15,448 - INFO -   Ограничение max_pairs=20: 44 → 20
2026-01-23 14:07:15,448 - INFO -   Топ-3 пары по волатильности спреда:
2026-01-23 14:07:15,448 - INFO -     1. BTCDAI-BTCEUR: beta=1.1665, std=409.8237
2026-01-23 14:07:15,449 - INFO -     2. ETHDAI-ETHEUR: beta=1.1882, std=22.0629
2026-01-23 14:07:15,449 - INFO -     3. BTCUSDC-BTCUSDT: beta=0.9998, std=13.3093
2026-01-23 14:07:15,449 - INFO -   Всего пар для торговли: 20 (ограничение 15 применяется к одновременно открытым позициям)
2026-01-23 14:07:15,454 - INFO -   💰 Проверка расчета капитала: equity=$1,000.00, кандидатных_пар=20, max_позиций=15
2026-01-23 14:07:15,456 - INFO -   🎯 Target concurrency: 15 (ожидаемое одновременное число позиций)
2026-01-23 14:07:15,456 - INFO -   📊 Детали расчета капитала:
2026-01-23 14:07:15,456 - INFO -      • Базовый капитал на пару: $66.67 (equity / target_concurrency)
2026-01-23 14:07:15,456 - INFO -      • Риск-капитал: $15.00 (1.5% от equity)
2026-01-23 14:07:15,456 - INFO -      • Макс. размер позиции: $50.00 (5.0% от equity)
2026-01-23 14:07:15,456 - INFO -      • Итоговый капитал на пару: $15.00
2026-01-23 14:07:15,459 - INFO - ⇢ WF-шаг 1/3 backtests — starting 20 items
2026-01-23 14:07:15,459 - INFO - 🚀 WF-шаг 1/3: Начинаем бэктесты для 20 пар...
2026-01-23 14:07:15,459 - INFO - 🚀 WF-шаг 1/3: Запускаем параллельную обработку 20 пар на 8 ядрах...
2026-01-23 14:07:15,460 - INFO - 🚀 WF-шаг 1/3: Режим параллельности: процессы
⚙️  Загрузка данных за период: 2023-09-28 -> 2024-04-05
📂 Найдено 43 parquet файлов для обработки.
📊 Схема данных: Schema({'timestamp': Int64, 'open': Float64, 'high': Float64, 'low': Float64, 'close': Float64, 'volume': Float64, 'turnover': String, 'ts_ms': Int64, 'symbol': String})
✅ Загружено 5719620 записей с помощью Polars.
📊 Типы данных в pandas: timestamp       datetime64[us]
symbol                  object
close                  float64
timestamp_ms             int64
dtype: object
⚙️  Загрузка данных за период: 2023-10-03 -> 2024-01-31
📂 Найдено 43 parquet файлов для обработки.
📊 Схема данных: Schema({'timestamp': Int64, 'open': Float64, 'high': Float64, 'low': Float64, 'close': Float64, 'volume': Float64, 'turnover': String, 'ts_ms': Int64, 'symbol': String})
✅ Загружено 3426589 записей с помощью Polars.
📊 Типы данных в pandas: timestamp       datetime64[us]
symbol                  object
close                  float64
timestamp_ms             int64
dtype: object
2026-01-23 14:07:15,524 - coint2.core.memory_optimization - INFO - 🔄 Initializing memory-mapped price data from .cache/consolidated_prices.parquet
2026-01-23 14:07:15,533 - INFO - ⇢ loading memory-mapped data — start
2026-01-23 14:07:15,533 - coint2.core.memory_optimization - WARNING - ⚠️ memory_map не поддерживается в текущей версии pyarrow, fallback без mmap
2026-01-23 14:07:15,576 - coint2.core.memory_optimization - INFO - 🔄 Initializing memory-mapped price data from .cache/consolidated_prices.parquet
2026-01-23 14:07:15,588 - INFO - ⇢ loading memory-mapped data — start
2026-01-23 14:07:15,588 - coint2.core.memory_optimization - WARNING - ⚠️ memory_map не поддерживается в текущей версии pyarrow, fallback без mmap
2026-01-23 14:07:15,624 - coint2.core.memory_optimization - INFO - 🔄 Initializing memory-mapped price data from .cache/consolidated_prices.parquet
2026-01-23 14:07:15,631 - INFO - ⇢ loading memory-mapped data — start
2026-01-23 14:07:15,631 - coint2.core.memory_optimization - WARNING - ⚠️ memory_map не поддерживается в текущей версии pyarrow, fallback без mmap
2026-01-23 14:07:15,658 - coint2.core.memory_optimization - INFO - 🔄 Initializing memory-mapped price data from .cache/consolidated_prices.parquet
2026-01-23 14:07:15,660 - INFO - ⇢ loading memory-mapped data — start
2026-01-23 14:07:15,660 - coint2.core.memory_optimization - WARNING - ⚠️ memory_map не поддерживается в текущей версии pyarrow, fallback без mmap
2026-01-23 14:07:15,734 - coint2.core.memory_optimization - INFO - 🔄 Initializing memory-mapped price data from .cache/consolidated_prices.parquet
2026-01-23 14:07:15,736 - INFO - ⇢ loading memory-mapped data — start
2026-01-23 14:07:15,736 - coint2.core.memory_optimization - WARNING - ⚠️ memory_map не поддерживается в текущей версии pyarrow, fallback без mmap
2026-01-23 14:07:15,805 - coint2.core.memory_optimization - INFO - 🔄 Initializing memory-mapped price data from .cache/consolidated_prices.parquet
2026-01-23 14:07:15,807 - INFO - ⇢ loading memory-mapped data — start
2026-01-23 14:07:15,807 - coint2.core.memory_optimization - WARNING - ⚠️ memory_map не поддерживается в текущей версии pyarrow, fallback без mmap
2026-01-23 14:07:15,899 - coint2.core.memory_optimization - INFO - 🔄 Initializing memory-mapped price data from .cache/consolidated_prices.parquet
2026-01-23 14:07:15,914 - INFO - ⇢ loading memory-mapped data — start
2026-01-23 14:07:15,914 - coint2.core.memory_optimization - WARNING - ⚠️ memory_map не поддерживается в текущей версии pyarrow, fallback без mmap
2026-01-23 14:07:16,031 - coint2.core.memory_optimization - INFO - 🔄 Initializing memory-mapped price data from .cache/consolidated_prices.parquet
2026-01-23 14:07:16,032 - INFO - ⇢ loading memory-mapped data — start
2026-01-23 14:07:16,033 - coint2.core.memory_optimization - WARNING - ⚠️ memory_map не поддерживается в текущей версии pyarrow, fallback без mmap
2026-01-23 14:07:16,105 - INFO - ⇠ loading memory-mapped data — done in 0.57s
2026-01-23 14:07:16,162 - coint2.core.memory_optimization - INFO - 📊 Loaded 18241 rows × 366 symbols
2026-01-23 14:07:16,163 - coint2.core.memory_optimization - INFO - 💾 Memory usage: 26.9 MB (memory-mapped)
2026-01-23 14:07:16,258 - INFO - ⇠ loading memory-mapped data — done in 0.60s
2026-01-23 14:07:16,259 - coint2.engine.numba_engine - INFO - Запуск Numba-оптимизированного бэктеста для BTCDAI-BTCEUR
2026-01-23 14:07:16,273 - INFO - ⇠ loading memory-mapped data — done in 0.69s
2026-01-23 14:07:16,301 - INFO - ⇠ loading memory-mapped data — done in 0.67s
2026-01-23 14:07:16,320 - coint2.core.memory_optimization - INFO - 📊 Loaded 18241 rows × 366 symbols
2026-01-23 14:07:16,320 - coint2.core.memory_optimization - INFO - 💾 Memory usage: 26.9 MB (memory-mapped)
2026-01-23 14:07:16,339 - INFO - ⇠ loading memory-mapped data — done in 0.52s
2026-01-23 14:07:16,342 - coint2.core.memory_optimization - INFO - 📊 Loaded 18241 rows × 366 symbols
2026-01-23 14:07:16,342 - coint2.core.memory_optimization - INFO - 💾 Memory usage: 26.9 MB (memory-mapped)
2026-01-23 14:07:16,345 - coint2.core.memory_optimization - INFO - 📊 Loaded 18241 rows × 366 symbols
2026-01-23 14:07:16,345 - coint2.core.memory_optimization - INFO - 💾 Memory usage: 26.9 MB (memory-mapped)
2026-01-23 14:07:16,371 - INFO - ⇠ loading memory-mapped data — done in 0.63s
2026-01-23 14:07:16,382 - coint2.core.memory_optimization - INFO - 📊 Loaded 18241 rows × 366 symbols
2026-01-23 14:07:16,382 - coint2.core.memory_optimization - INFO - 💾 Memory usage: 26.9 MB (memory-mapped)
2026-01-23 14:07:16,382 - coint2.engine.numba_engine - INFO - Запуск Numba-оптимизированного бэктеста для BTCUSDC-BTCUSDT
2026-01-23 14:07:16,431 - coint2.engine.numba_engine - INFO - Запуск Numba-оптимизированного бэктеста для ETCUSDT-JUVUSDT
2026-01-23 14:07:16,445 - coint2.core.memory_optimization - INFO - 📊 Loaded 18241 rows × 366 symbols
2026-01-23 14:07:16,446 - coint2.core.memory_optimization - INFO - 💾 Memory usage: 26.9 MB (memory-mapped)
2026-01-23 14:07:16,462 - coint2.engine.numba_engine - INFO - Запуск Numba-оптимизированного бэктеста для ETHDAI-ETHEUR
2026-01-23 14:07:16,471 - coint2.engine.numba_engine - INFO - Запуск Numba-оптимизированного бэктеста для ETHUSDC-ETHUSDT
2026-01-23 14:07:16,508 - INFO - ⇠ loading memory-mapped data — done in 0.59s
2026-01-23 14:07:16,565 - coint2.engine.numba_engine - INFO - Запуск Numba-оптимизированного бэктеста для ATOMUSDT-GODSUSDT
2026-01-23 14:07:16,567 - coint2.core.memory_optimization - INFO - 📊 Loaded 18241 rows × 366 symbols
2026-01-23 14:07:16,567 - coint2.core.memory_optimization - INFO - 💾 Memory usage: 26.9 MB (memory-mapped)
2026-01-23 14:07:16,649 - coint2.engine.numba_engine - INFO - Запуск Numba-оптимизированного бэктеста для AXSUSDT-DOTUSDT
2026-01-23 14:07:16,668 - coint2.engine.numba_engine - INFO - Запуск Numba-оптимизированного бэктеста для APEUSDC-HFTUSDT
2026-01-23 14:07:16,693 - INFO - ⇠ loading memory-mapped data — done in 0.66s
2026-01-23 14:07:16,718 - coint2.engine.numba_engine - INFO - Запуск Numba-оптимизированного бэктеста для APEUSDC-HFTUSDC
2026-01-23 14:07:16,771 - coint2.engine.numba_engine - INFO - Запуск Numba-оптимизированного бэктеста для APEUSDT-GODSUSDT
2026-01-23 14:07:16,749 - coint2.core.memory_optimization - INFO - 📊 Loaded 18241 rows × 366 symbols
2026-01-23 14:07:16,773 - coint2.core.memory_optimization - INFO - 💾 Memory usage: 26.9 MB (memory-mapped)
2026-01-23 14:07:16,793 - coint2.engine.numba_engine - INFO - Запуск Numba-оптимизированного бэктеста для AGLDUSDT-HFTUSDT
2026-01-23 14:07:16,843 - coint2.engine.numba_engine - INFO - Запуск Numba-оптимизированного бэктеста для CITYUSDT-IZIUSDT
2026-01-23 14:07:16,847 - coint2.engine.numba_engine - INFO - Запуск Numba-оптимизированного бэктеста для APEUSDT-HFTUSDT
2026-01-23 14:07:16,864 - coint2.engine.numba_engine - INFO - Запуск Numba-оптимизированного бэктеста для AXSUSDT-DOTUSDC
2026-01-23 14:07:16,938 - coint2.engine.numba_engine - INFO - Запуск Numba-оптимизированного бэктеста для APEUSDT-HFTUSDC
2026-01-23 14:07:16,950 - coint2.engine.numba_engine - INFO - Запуск Numba-оптимизированного бэктеста для APEUSDC-ATOMUSDT
2026-01-23 14:07:16,961 - coint2.engine.numba_engine - INFO - Запуск Numba-оптимизированного бэктеста для AFCUSDT-ANKRUSDT
2026-01-23 14:07:16,965 - coint2.engine.numba_engine - INFO - Запуск Numba-оптимизированного бэктеста для AGLDUSDT-HFTUSDC
2026-01-23 14:07:17,067 - coint2.engine.numba_engine - INFO - Запуск Numba-оптимизированного бэктеста для APEUSDC-GODSUSDT
2026-01-23 14:07:17,123 - coint2.engine.numba_engine - INFO - Запуск Numba-оптимизированного бэктеста для APEUSDT-ATOMUSDT
2026-01-23 14:07:17,317 - INFO -   ⏱️ Параллельная обработка завершена за 1.9с (10.8 пар/с)
2026-01-23 14:07:17,375 - coint2.pipeline.walk_forward_orchestrator - INFO - 🎯 СИМУЛЯЦИЯ ПОРТФЕЛЯ: 20 пар, лимит 15 позиций
2026-01-23 14:07:18,188 - coint2.pipeline.walk_forward_orchestrator - INFO -    📈 Макс. одновременных сигналов: 0
2026-01-23 14:07:18,188 - coint2.pipeline.walk_forward_orchestrator - INFO -    📊 Средн. сигналов за период: 0.0
2026-01-23 14:07:18,188 - coint2.pipeline.walk_forward_orchestrator - INFO -    🎯 Финальных активных позиций: 0
2026-01-23 14:07:18,190 - coint2.pipeline.walk_forward_orchestrator - INFO -    ⚡ Утилизация лимита позиций: 0.0%
2026-01-23 14:07:18,190 - INFO - ⇠ WF-шаг 1/3 backtests — completed 20 items in 2.73s (7.3 items/s)
2026-01-23 14:07:18,190 - INFO -   ✅ Обработка завершена: 20 успешно, 0 с ошибками
2026-01-23 14:07:18,190 - INFO -   📊 Успешность: 100.0%, прибыльность: 0.0%, сделок/пара: 0.0
2026-01-23 14:07:18,190 - INFO -   ✅ Завершены бэктесты для 20 пар
2026-01-23 14:07:18,190 - INFO -   📊 Всего обработано пар в этом шаге: 20
2026-01-23 14:07:18,191 - INFO -   📈 Результаты шага: 0/20 прибыльных пар, 0 сделок
2026-01-23 14:07:18,191 - INFO -   💰 P&L шага: $+0.00
2026-01-23 14:07:18,191 - INFO -   ⇢ Обновление капитала и дневного P&L...
2026-01-23 14:07:19,372 - INFO -   💼 Шаг P&L: $+0.00, Накопленный капитал: $1,000.00
2026-01-23 14:07:19,372 - INFO - ------------------------------------------------------------
2026-01-23 14:07:19,372 - INFO -   Walk-forward steps: 1 / 3 (33.3%) | 0.1 items/s | ETA: 31.1s
2026-01-23 14:07:19,373 - INFO - 🔍 WF-шаг 2/3: Валидация временных окон...
2026-01-23 14:07:19,373 - INFO - ⇢ WF-шаг 2/3: training 2023-11-02-2024-01-30, testing 2024-01-31-2024-03-01 — start
2026-01-23 14:07:19,373 - INFO - ⇢ loading step data — start
2026-01-23 14:07:19,752 - INFO - ⇠ loading step data — done in 0.38s
2026-01-23 14:07:22,059 - INFO - 📊 WF-шаг 2/3: Границы данных:
2026-01-23 14:07:22,059 - INFO -    Training: 2023-11-02 00:00:00 → 2024-01-30 23:45:00 (8,640 строк × 346 символов)
2026-01-23 14:07:22,059 - INFO -    Testing:  2024-01-31 00:00:00 → 2024-03-01 00:00:00 (2,881 строк × 346 символов)
2026-01-23 14:07:22,059 - INFO -    Временной разрыв: 0 days 00:15:00
2026-01-23 14:07:22,328 - INFO - ⇢ normalizing training data — start
2026-01-23 14:07:22,373 - INFO -   Символы с NaN значениями: 63
2026-01-23 14:07:22,373 - INFO -   Применяем метод нормализации: rolling_zscore
2026-01-23 14:07:22,398 - INFO - Символы с недостаточной историей: 58 из 346
2026-01-23 14:07:23,111 - INFO - Символы с NaN после нормализации: 288
2026-01-23 14:07:23,121 - INFO - Удалено 1193 начальных строк с NaN от rolling расчетов
2026-01-23 14:07:23,124 - INFO - Итоговое количество символов после нормализации: 288 из 346
2026-01-23 14:07:23,124 - INFO -   Статистика нормализации:
2026-01-23 14:07:23,124 - INFO -     Исходные символы: 346
2026-01-23 14:07:23,124 - INFO -     Недостаточная история: 58
2026-01-23 14:07:23,124 - INFO -     Постоянная цена: 0
2026-01-23 14:07:23,124 - INFO -     NaN после нормализации: 288
2026-01-23 14:07:23,124 - INFO -     Итоговые символы: 288 (83.2%)
2026-01-23 14:07:23,124 - INFO -   После нормализации: 288 символов (потеряно 58)
2026-01-23 14:07:23,124 - INFO -   Отброшено много символов: 58 из 346
2026-01-23 14:07:23,124 - INFO - ⇠ normalizing training data — done in 0.80s
2026-01-23 14:07:23,125 - INFO -   Фиксированный universe: 246 пар (отфильтровано 4 недоступных)
2026-01-23 14:07:23,125 - INFO - ⇢ filtering pairs by cointegration and half-life — start
2026-01-23 14:07:23,125 - INFO - [ФИЛЬТР] Параллельная фильтрация: threads (8 workers)
2026-01-23 14:07:30,922 - INFO - [ФИЛЬТР] После проверки данных: 218 пар
2026-01-23 14:07:30,922 - INFO - [ФИЛЬТР] После фильтра корреляции (>0.4): 122 пар
2026-01-23 14:07:30,923 - INFO - [ФИЛЬТР] После фильтра beta: 108 пар
2026-01-23 14:07:30,923 - INFO - [ФИЛЬТР] После фильтра mean crossings: 108 пар
2026-01-23 14:07:30,923 - INFO - [ФИЛЬТР] После фильтра half-life: 108 пар
2026-01-23 14:07:30,923 - INFO - [ФИЛЬТР] После фильтра коинтеграции: 72 пар
2026-01-23 14:07:30,923 - INFO - [ФИЛЬТР] После фильтра Hurst: 55 пар
2026-01-23 14:07:30,923 - INFO - [ФИЛЬТР] После фильтра KPSS: 55 пар
2026-01-23 14:07:30,923 - INFO - [ФИЛЬТР] После фильтра market microstructure: 49 пар
2026-01-23 14:07:30,923 - INFO - [ФИЛЬТР] Статистика фильтрации (оптимизированный порядок):
2026-01-23 14:07:30,923 - INFO -   1. SSD → Коинтеграция: 246 → 72 пар
2026-01-23 14:07:30,925 - INFO -   2. Коинтеграция → Beta: 72 → 108 пар
2026-01-23 14:07:30,925 - INFO -   3. Beta → Half-life: 108 → 108 пар
2026-01-23 14:07:30,925 - INFO -   4. Half-life → Mean crossings: 108 → 108 пар
2026-01-23 14:07:30,925 - INFO -   5. Mean crossings → Hurst: 108 → 55 пар
2026-01-23 14:07:30,925 - INFO -   6. Hurst → KPSS: 55 → 55 пар
2026-01-23 14:07:30,925 - INFO -   7. KPSS → Market microstructure: 55 → 49 пар
2026-01-23 14:07:30,925 - INFO - [ФИЛЬТР] Причины отсева:
2026-01-23 14:07:30,925 - INFO -   • low_correlation: 96 пар (39.0%)
2026-01-23 14:07:30,925 - INFO -   • pvalue: 36 пар (14.6%)
2026-01-23 14:07:30,925 - INFO -   • insufficient_data: 28 пар (11.4%)
2026-01-23 14:07:30,925 - INFO -   • hurst: 17 пар (6.9%)
2026-01-23 14:07:30,925 - INFO -   • beta: 14 пар (5.7%)
2026-01-23 14:07:30,925 - INFO -   • history: 6 пар (2.4%)
2026-01-23 14:07:30,925 - INFO - [ФИЛЬТР] Итого: 246 → 49 пар (19.9% прошли все фильтры)
2026-01-23 14:07:30,929 - INFO - Причины отсева сохранены в results/filter_reasons_20260123_140730.csv
2026-01-23 14:07:30,930 - INFO -   Pair stability filter: 49 → 31 (window=2, min_steps=1, history=1)
2026-01-23 14:07:30,930 - INFO -   Фильтрация: 246 → 31 пар
2026-01-23 14:07:30,930 - INFO - ⇠ filtering pairs by cointegration and half-life — done in 7.80s
2026-01-23 14:07:30,930 - INFO - ⇠ WF-шаг 2/3: training 2023-11-02-2024-01-30, testing 2024-01-31-2024-03-01 — done in 11.56s
2026-01-23 14:07:30,930 - INFO -   Ограничение max_pairs=20: 31 → 20
2026-01-23 14:07:30,930 - INFO -   Топ-3 пары по волатильности спреда:
2026-01-23 14:07:30,930 - INFO -     1. BTCDAI-BTCEUR: beta=1.1459, std=574.8675
2026-01-23 14:07:30,930 - INFO -     2. ETHDAI-ETHEUR: beta=1.1311, std=22.8903
2026-01-23 14:07:30,930 - INFO -     3. BTCUSDC-BTCUSDT: beta=0.9990, std=20.6114
2026-01-23 14:07:30,930 - INFO -   Всего пар для торговли: 20 (ограничение 15 применяется к одновременно открытым позициям)
2026-01-23 14:07:30,931 - INFO -   💰 Проверка расчета капитала: equity=$1,000.00, кандидатных_пар=20, max_позиций=15
2026-01-23 14:07:30,931 - INFO -   🎯 Target concurrency: 15 (ожидаемое одновременное число позиций)
2026-01-23 14:07:30,931 - INFO -   📊 Детали расчета капитала:
2026-01-23 14:07:30,931 - INFO -      • Базовый капитал на пару: $66.67 (equity / target_concurrency)
2026-01-23 14:07:30,931 - INFO -      • Риск-капитал: $15.00 (1.5% от equity)
2026-01-23 14:07:30,931 - INFO -      • Макс. размер позиции: $50.00 (5.0% от equity)
2026-01-23 14:07:30,932 - INFO -      • Итоговый капитал на пару: $15.00
2026-01-23 14:07:30,932 - INFO - ⇢ WF-шаг 2/3 backtests — starting 20 items
2026-01-23 14:07:30,932 - INFO - 🚀 WF-шаг 2/3: Начинаем бэктесты для 20 пар...
2026-01-23 14:07:30,932 - INFO - 🚀 WF-шаг 2/3: Запускаем параллельную обработку 20 пар на 8 ядрах...
2026-01-23 14:07:30,932 - INFO - 🚀 WF-шаг 2/3: Режим параллельности: процессы
⚙️  Загрузка данных за период: 2023-11-02 -> 2024-03-01
📂 Найдено 43 parquet файлов для обработки.
📊 Схема данных: Schema({'timestamp': Int64, 'open': Float64, 'high': Float64, 'low': Float64, 'close': Float64, 'volume': Float64, 'turnover': String, 'ts_ms': Int64, 'symbol': String})
✅ Загружено 3596229 записей с помощью Polars.
📊 Типы данных в pandas: timestamp       datetime64[us]
symbol                  object
close                  float64
timestamp_ms             int64
dtype: object
2026-01-23 14:07:30,983 - coint2.core.memory_optimization - INFO - 🔄 Initializing memory-mapped price data from .cache/consolidated_prices.parquet
2026-01-23 14:07:30,988 - INFO - ⇢ loading memory-mapped data — start
2026-01-23 14:07:30,988 - coint2.core.memory_optimization - WARNING - ⚠️ memory_map не поддерживается в текущей версии pyarrow, fallback без mmap
2026-01-23 14:07:31,037 - coint2.core.memory_optimization - INFO - 🔄 Initializing memory-mapped price data from .cache/consolidated_prices.parquet
2026-01-23 14:07:31,039 - INFO - ⇢ loading memory-mapped data — start
2026-01-23 14:07:31,039 - coint2.core.memory_optimization - WARNING - ⚠️ memory_map не поддерживается в текущей версии pyarrow, fallback без mmap
2026-01-23 14:07:31,097 - coint2.core.memory_optimization - INFO - 🔄 Initializing memory-mapped price data from .cache/consolidated_prices.parquet
2026-01-23 14:07:31,107 - INFO - ⇢ loading memory-mapped data — start
2026-01-23 14:07:31,107 - coint2.core.memory_optimization - WARNING - ⚠️ memory_map не поддерживается в текущей версии pyarrow, fallback без mmap
2026-01-23 14:07:31,126 - coint2.core.memory_optimization - INFO - 🔄 Initializing memory-mapped price data from .cache/consolidated_prices.parquet
2026-01-23 14:07:31,128 - INFO - ⇢ loading memory-mapped data — start
2026-01-23 14:07:31,128 - coint2.core.memory_optimization - WARNING - ⚠️ memory_map не поддерживается в текущей версии pyarrow, fallback без mmap
2026-01-23 14:07:31,152 - INFO - ⇠ loading memory-mapped data — done in 0.16s
2026-01-23 14:07:31,168 - coint2.core.memory_optimization - INFO - 📊 Loaded 18241 rows × 366 symbols
2026-01-23 14:07:31,168 - coint2.core.memory_optimization - INFO - 💾 Memory usage: 26.9 MB (memory-mapped)
2026-01-23 14:07:31,182 - coint2.core.memory_optimization - INFO - 🔄 Initializing memory-mapped price data from .cache/consolidated_prices.parquet
2026-01-23 14:07:31,183 - INFO - ⇢ loading memory-mapped data — start
2026-01-23 14:07:31,183 - coint2.core.memory_optimization - WARNING - ⚠️ memory_map не поддерживается в текущей версии pyarrow, fallback без mmap
2026-01-23 14:07:31,200 - coint2.engine.numba_engine - INFO - Запуск Numba-оптимизированного бэктеста для BTCDAI-BTCEUR
2026-01-23 14:07:31,241 - coint2.core.memory_optimization - INFO - 🔄 Initializing memory-mapped price data from .cache/consolidated_prices.parquet
2026-01-23 14:07:31,242 - INFO - ⇢ loading memory-mapped data — start
2026-01-23 14:07:31,242 - coint2.core.memory_optimization - WARNING - ⚠️ memory_map не поддерживается в текущей версии pyarrow, fallback без mmap
2026-01-23 14:07:31,271 - coint2.core.memory_optimization - INFO - 🔄 Initializing memory-mapped price data from .cache/consolidated_prices.parquet
2026-01-23 14:07:31,276 - INFO - ⇢ loading memory-mapped data — start
2026-01-23 14:07:31,277 - coint2.core.memory_optimization - WARNING - ⚠️ memory_map не поддерживается в текущей версии pyarrow, fallback без mmap
2026-01-23 14:07:31,327 - INFO - ⇠ loading memory-mapped data — done in 0.29s
2026-01-23 14:07:31,348 - coint2.core.memory_optimization - INFO - 🔄 Initializing memory-mapped price data from .cache/consolidated_prices.parquet
2026-01-23 14:07:31,349 - INFO - ⇢ loading memory-mapped data — start
2026-01-23 14:07:31,349 - coint2.core.memory_optimization - WARNING - ⚠️ memory_map не поддерживается в текущей версии pyarrow, fallback без mmap
2026-01-23 14:07:31,355 - coint2.core.memory_optimization - INFO - 📊 Loaded 18241 rows × 366 symbols
2026-01-23 14:07:31,355 - coint2.core.memory_optimization - INFO - 💾 Memory usage: 26.9 MB (memory-mapped)
2026-01-23 14:07:31,413 - coint2.engine.numba_engine - INFO - Запуск Numba-оптимизированного бэктеста для AGLDUSDT-HFTUSDT
2026-01-23 14:07:31,413 - coint2.engine.numba_engine - INFO - Запуск Numba-оптимизированного бэктеста для ETHDAI-ETHEUR
2026-01-23 14:07:31,515 - coint2.engine.numba_engine - INFO - Запуск Numba-оптимизированного бэктеста для APEUSDC-GODSUSDT
2026-01-23 14:07:31,539 - INFO - ⇠ loading memory-mapped data — done in 0.41s
2026-01-23 14:07:31,557 - INFO - ⇠ loading memory-mapped data — done in 0.30s
2026-01-23 14:07:31,559 - INFO - ⇠ loading memory-mapped data — done in 0.45s
2026-01-23 14:07:31,589 - coint2.core.memory_optimization - INFO - 📊 Loaded 18241 rows × 366 symbols
2026-01-23 14:07:31,590 - coint2.core.memory_optimization - INFO - 💾 Memory usage: 26.9 MB (memory-mapped)
2026-01-23 14:07:31,603 - coint2.core.memory_optimization - INFO - 📊 Loaded 18241 rows × 366 symbols
2026-01-23 14:07:31,603 - coint2.core.memory_optimization - INFO - 💾 Memory usage: 26.9 MB (memory-mapped)
2026-01-23 14:07:31,613 - coint2.core.memory_optimization - INFO - 📊 Loaded 18241 rows × 366 symbols
2026-01-23 14:07:31,616 - coint2.core.memory_optimization - INFO - 💾 Memory usage: 26.9 MB (memory-mapped)
2026-01-23 14:07:31,662 - INFO - ⇠ loading memory-mapped data — done in 0.48s
2026-01-23 14:07:31,688 - coint2.engine.numba_engine - INFO - Запуск Numba-оптимизированного бэктеста для ETHUSDC-ETHUSDT
2026-01-23 14:07:31,694 - coint2.engine.numba_engine - INFO - Запуск Numba-оптимизированного бэктеста для BTCUSDC-BTCUSDT
2026-01-23 14:07:31,696 - coint2.engine.numba_engine - INFO - Запуск Numba-оптимизированного бэктеста для AXSUSDT-DOTUSDT
2026-01-23 14:07:31,703 - INFO - ⇠ loading memory-mapped data — done in 0.43s
2026-01-23 14:07:31,711 - coint2.core.memory_optimization - INFO - 📊 Loaded 18241 rows × 366 symbols
2026-01-23 14:07:31,711 - coint2.core.memory_optimization - INFO - 💾 Memory usage: 26.9 MB (memory-mapped)
2026-01-23 14:07:31,732 - coint2.engine.numba_engine - INFO - Запуск Numba-оптимизированного бэктеста для APEUSDC-HFTUSDT
2026-01-23 14:07:31,767 - coint2.core.memory_optimization - INFO - 📊 Loaded 18241 rows × 366 symbols
2026-01-23 14:07:31,767 - coint2.core.memory_optimization - INFO - 💾 Memory usage: 26.9 MB (memory-mapped)
2026-01-23 14:07:31,823 - coint2.engine.numba_engine - INFO - Запуск Numba-оптимизированного бэктеста для ATOMUSDT-GODSUSDT
2026-01-23 14:07:31,837 - coint2.engine.numba_engine - INFO - Запуск Numba-оптимизированного бэктеста для AXSUSDT-DOTUSDC
2026-01-23 14:07:31,856 - coint2.engine.numba_engine - INFO - Запуск Numba-оптимизированного бэктеста для APEUSDT-GODSUSDT
2026-01-23 14:07:31,863 - INFO - ⇠ loading memory-mapped data — done in 0.51s
2026-01-23 14:07:31,938 - coint2.core.memory_optimization - INFO - 📊 Loaded 18241 rows × 366 symbols
2026-01-23 14:07:31,938 - coint2.core.memory_optimization - INFO - 💾 Memory usage: 26.9 MB (memory-mapped)
2026-01-23 14:07:32,047 - coint2.engine.numba_engine - INFO - Запуск Numba-оптимизированного бэктеста для AGLDUSDT-HFTUSDC
2026-01-23 14:07:32,068 - coint2.engine.numba_engine - INFO - Запуск Numba-оптимизированного бэктеста для APEUSDT-HFTUSDT
2026-01-23 14:07:32,100 - coint2.engine.numba_engine - INFO - Запуск Numba-оптимизированного бэктеста для APEUSDC-HFTUSDC
2026-01-23 14:07:32,105 - coint2.engine.numba_engine - INFO - Запуск Numba-оптимизированного бэктеста для APEUSDC-ATOMUSDT
2026-01-23 14:07:32,178 - coint2.engine.numba_engine - INFO - Запуск Numba-оптимизированного бэктеста для APEUSDT-ATOMUSDT
2026-01-23 14:07:32,193 - coint2.engine.numba_engine - INFO - Запуск Numba-оптимизированного бэктеста для CELOUSDT-ENJUSDT
2026-01-23 14:07:32,197 - coint2.engine.numba_engine - INFO - Запуск Numba-оптимизированного бэктеста для APEUSDT-HFTUSDC
2026-01-23 14:07:32,230 - coint2.engine.numba_engine - INFO - Запуск Numba-оптимизированного бэктеста для HOOKUSDT-KAVAUSDT
2026-01-23 14:07:32,453 - coint2.engine.numba_engine - INFO - Запуск Numba-оптимизированного бэктеста для AFCUSDT-ANKRUSDT
2026-01-23 14:07:32,671 - INFO -   ⏱️ Параллельная обработка завершена за 1.7с (11.5 пар/с)
2026-01-23 14:07:32,707 - coint2.pipeline.walk_forward_orchestrator - INFO - 🎯 СИМУЛЯЦИЯ ПОРТФЕЛЯ: 20 пар, лимит 15 позиций
2026-01-23 14:07:33,938 - coint2.pipeline.walk_forward_orchestrator - INFO -    📈 Макс. одновременных сигналов: 0
2026-01-23 14:07:33,938 - coint2.pipeline.walk_forward_orchestrator - INFO -    📊 Средн. сигналов за период: 0.0
2026-01-23 14:07:33,938 - coint2.pipeline.walk_forward_orchestrator - INFO -    🎯 Финальных активных позиций: 0
2026-01-23 14:07:33,939 - coint2.pipeline.walk_forward_orchestrator - INFO -    ⚡ Утилизация лимита позиций: 0.0%
2026-01-23 14:07:33,940 - INFO - ⇠ WF-шаг 2/3 backtests — completed 20 items in 3.01s (6.6 items/s)
2026-01-23 14:07:33,940 - INFO -   ✅ Обработка завершена: 20 успешно, 0 с ошибками
2026-01-23 14:07:33,940 - INFO -   📊 Успешность: 100.0%, прибыльность: 0.0%, сделок/пара: 0.0
2026-01-23 14:07:33,940 - INFO -   ✅ Завершены бэктесты для 20 пар
2026-01-23 14:07:33,940 - INFO -   📊 Всего обработано пар в этом шаге: 20
2026-01-23 14:07:33,940 - INFO -   📈 Результаты шага: 0/20 прибыльных пар, 0 сделок
2026-01-23 14:07:33,940 - INFO -   💰 P&L шага: $+0.00
2026-01-23 14:07:33,940 - INFO -   ⇢ Обновление капитала и дневного P&L...
2026-01-23 14:07:35,284 - INFO -   💼 Шаг P&L: $+0.00, Накопленный капитал: $1,000.00
2026-01-23 14:07:35,284 - INFO - ------------------------------------------------------------
2026-01-23 14:07:35,284 - INFO -   Walk-forward steps: 2 / 3 (66.7%) | 0.1 items/s | ETA: 15.7s
2026-01-23 14:07:35,284 - INFO - 🔍 WF-шаг 3/3: Валидация временных окон...
2026-01-23 14:07:35,285 - INFO - ⇢ WF-шаг 3/3: training 2023-12-02-2024-02-29, testing 2024-03-01-2024-03-31 — start
2026-01-23 14:07:35,285 - INFO - ⇢ loading step data — start
2026-01-23 14:07:35,695 - INFO - ⇠ loading step data — done in 0.41s
2026-01-23 14:07:37,992 - INFO - 📊 WF-шаг 3/3: Границы данных:
2026-01-23 14:07:37,992 - INFO -    Training: 2023-12-02 00:00:00 → 2024-02-29 23:45:00 (8,640 строк × 361 символов)
2026-01-23 14:07:37,992 - INFO -    Testing:  2024-03-01 00:00:00 → 2024-03-31 00:00:00 (2,881 строк × 361 символов)
2026-01-23 14:07:37,992 - INFO -    Временной разрыв: 0 days 00:15:00
2026-01-23 14:07:38,045 - INFO - ⇢ normalizing training data — start
2026-01-23 14:07:38,093 - INFO -   Символы с NaN значениями: 68
2026-01-23 14:07:38,093 - INFO -   Применяем метод нормализации: rolling_zscore
2026-01-23 14:07:38,120 - INFO - Символы с недостаточной историей: 56 из 361
2026-01-23 14:07:38,844 - INFO - Символы с NaN после нормализации: 305
2026-01-23 14:07:38,854 - INFO - Удалено 1673 начальных строк с NaN от rolling расчетов
2026-01-23 14:07:38,857 - INFO - Итоговое количество символов после нормализации: 305 из 361
2026-01-23 14:07:38,858 - INFO -   Статистика нормализации:
2026-01-23 14:07:38,858 - INFO -     Исходные символы: 361
2026-01-23 14:07:38,858 - INFO -     Недостаточная история: 56
2026-01-23 14:07:38,858 - INFO -     Постоянная цена: 0
2026-01-23 14:07:38,858 - INFO -     NaN после нормализации: 305
2026-01-23 14:07:38,858 - INFO -     Итоговые символы: 305 (84.5%)
2026-01-23 14:07:38,858 - INFO -   После нормализации: 305 символов (потеряно 56)
2026-01-23 14:07:38,858 - INFO -   Отброшено много символов: 56 из 361
2026-01-23 14:07:38,858 - INFO - ⇠ normalizing training data — done in 0.81s
2026-01-23 14:07:38,858 - INFO -   Фиксированный universe: 250 пар (отфильтровано 0 недоступных)
2026-01-23 14:07:38,859 - INFO - ⇢ filtering pairs by cointegration and half-life — start
2026-01-23 14:07:38,859 - INFO - [ФИЛЬТР] Параллельная фильтрация: threads (8 workers)
2026-01-23 14:07:48,343 - INFO - [ФИЛЬТР] После проверки данных: 239 пар
2026-01-23 14:07:48,343 - INFO - [ФИЛЬТР] После фильтра корреляции (>0.4): 137 пар
2026-01-23 14:07:48,343 - INFO - [ФИЛЬТР] После фильтра beta: 127 пар
2026-01-23 14:07:48,343 - INFO - [ФИЛЬТР] После фильтра mean crossings: 127 пар
2026-01-23 14:07:48,343 - INFO - [ФИЛЬТР] После фильтра half-life: 127 пар
2026-01-23 14:07:48,344 - INFO - [ФИЛЬТР] После фильтра коинтеграции: 92 пар
2026-01-23 14:07:48,344 - INFO - [ФИЛЬТР] После фильтра Hurst: 76 пар
2026-01-23 14:07:48,344 - INFO - [ФИЛЬТР] После фильтра KPSS: 76 пар
2026-01-23 14:07:48,344 - INFO - [ФИЛЬТР] После фильтра market microstructure: 68 пар
2026-01-23 14:07:48,344 - INFO - [ФИЛЬТР] Статистика фильтрации (оптимизированный порядок):
2026-01-23 14:07:48,344 - INFO -   1. SSD → Коинтеграция: 250 → 92 пар
2026-01-23 14:07:48,344 - INFO -   2. Коинтеграция → Beta: 92 → 127 пар
2026-01-23 14:07:48,344 - INFO -   3. Beta → Half-life: 127 → 127 пар
2026-01-23 14:07:48,344 - INFO -   4. Half-life → Mean crossings: 127 → 127 пар
2026-01-23 14:07:48,344 - INFO -   5. Mean crossings → Hurst: 127 → 76 пар
2026-01-23 14:07:48,344 - INFO -   6. Hurst → KPSS: 76 → 76 пар
2026-01-23 14:07:48,344 - INFO -   7. KPSS → Market microstructure: 76 → 68 пар
2026-01-23 14:07:48,344 - INFO - [ФИЛЬТР] Причины отсева:
2026-01-23 14:07:48,344 - INFO -   • low_correlation: 102 пар (40.8%)
2026-01-23 14:07:48,344 - INFO -   • pvalue: 35 пар (14.0%)
2026-01-23 14:07:48,344 - INFO -   • hurst: 16 пар (6.4%)
2026-01-23 14:07:48,344 - INFO -   • insufficient_data: 11 пар (4.4%)
2026-01-23 14:07:48,344 - INFO -   • beta: 10 пар (4.0%)
2026-01-23 14:07:48,344 - INFO -   • history: 8 пар (3.2%)
2026-01-23 14:07:48,344 - INFO - [ФИЛЬТР] Итого: 250 → 68 пар (27.2% прошли все фильтры)
2026-01-23 14:07:48,346 - INFO - Причины отсева сохранены в results/filter_reasons_20260123_140748.csv
2026-01-23 14:07:48,347 - INFO -   Pair stability filter: 68 → 29 (window=2, min_steps=1, history=2)
2026-01-23 14:07:48,347 - INFO -   Фильтрация: 250 → 29 пар
2026-01-23 14:07:48,347 - INFO - ⇠ filtering pairs by cointegration and half-life — done in 9.49s
2026-01-23 14:07:48,347 - INFO - ⇠ WF-шаг 3/3: training 2023-12-02-2024-02-29, testing 2024-03-01-2024-03-31 — done in 13.06s
2026-01-23 14:07:48,347 - INFO -   Ограничение max_pairs=20: 29 → 20
2026-01-23 14:07:48,347 - INFO -   Топ-3 пары по волатильности спреда:
2026-01-23 14:07:48,347 - INFO -     1. BTCDAI-BTCEUR: beta=1.0480, std=582.7625
2026-01-23 14:07:48,347 - INFO -     2. ETHDAI-ETHEUR: beta=1.0530, std=30.4486
2026-01-23 14:07:48,347 - INFO -     3. ATOMUSDT-GODSUSDT: beta=8.5838, std=0.6434
2026-01-23 14:07:48,347 - INFO -   Всего пар для торговли: 20 (ограничение 15 применяется к одновременно открытым позициям)
2026-01-23 14:07:48,347 - INFO -   💰 Проверка расчета капитала: equity=$1,000.00, кандидатных_пар=20, max_позиций=15
2026-01-23 14:07:48,348 - INFO -   🎯 Target concurrency: 15 (ожидаемое одновременное число позиций)
2026-01-23 14:07:48,348 - INFO -   📊 Детали расчета капитала:
2026-01-23 14:07:48,348 - INFO -      • Базовый капитал на пару: $66.67 (equity / target_concurrency)
2026-01-23 14:07:48,348 - INFO -      • Риск-капитал: $15.00 (1.5% от equity)
2026-01-23 14:07:48,348 - INFO -      • Макс. размер позиции: $50.00 (5.0% от equity)
2026-01-23 14:07:48,348 - INFO -      • Итоговый капитал на пару: $15.00
2026-01-23 14:07:48,348 - INFO - ⇢ WF-шаг 3/3 backtests — starting 20 items
2026-01-23 14:07:48,348 - INFO - 🚀 WF-шаг 3/3: Начинаем бэктесты для 20 пар...
2026-01-23 14:07:48,348 - INFO - 🚀 WF-шаг 3/3: Запускаем параллельную обработку 20 пар на 8 ядрах...
2026-01-23 14:07:48,348 - INFO - 🚀 WF-шаг 3/3: Режим параллельности: процессы
⚙️  Загрузка данных за период: 2023-12-02 -> 2024-03-31
📂 Найдено 43 parquet файлов для обработки.
📊 Схема данных: Schema({'timestamp': Int64, 'open': Float64, 'high': Float64, 'low': Float64, 'close': Float64, 'volume': Float64, 'turnover': String, 'ts_ms': Int64, 'symbol': String})
✅ Загружено 3779046 записей с помощью Polars.
📊 Типы данных в pandas: timestamp       datetime64[us]
symbol                  object
close                  float64
timestamp_ms             int64
dtype: object
2026-01-23 14:07:48,385 - coint2.core.memory_optimization - INFO - 🔄 Initializing memory-mapped price data from .cache/consolidated_prices.parquet
2026-01-23 14:07:48,386 - INFO - ⇢ loading memory-mapped data — start
2026-01-23 14:07:48,387 - coint2.core.memory_optimization - WARNING - ⚠️ memory_map не поддерживается в текущей версии pyarrow, fallback без mmap
2026-01-23 14:07:48,411 - coint2.core.memory_optimization - INFO - 🔄 Initializing memory-mapped price data from .cache/consolidated_prices.parquet
2026-01-23 14:07:48,415 - INFO - ⇢ loading memory-mapped data — start
2026-01-23 14:07:48,415 - coint2.core.memory_optimization - WARNING - ⚠️ memory_map не поддерживается в текущей версии pyarrow, fallback без mmap
2026-01-23 14:07:48,442 - coint2.core.memory_optimization - INFO - 🔄 Initializing memory-mapped price data from .cache/consolidated_prices.parquet
2026-01-23 14:07:48,445 - INFO - ⇢ loading memory-mapped data — start
2026-01-23 14:07:48,445 - coint2.core.memory_optimization - WARNING - ⚠️ memory_map не поддерживается в текущей версии pyarrow, fallback без mmap
2026-01-23 14:07:48,498 - coint2.core.memory_optimization - INFO - 🔄 Initializing memory-mapped price data from .cache/consolidated_prices.parquet
2026-01-23 14:07:48,499 - INFO - ⇢ loading memory-mapped data — start
2026-01-23 14:07:48,499 - coint2.core.memory_optimization - WARNING - ⚠️ memory_map не поддерживается в текущей версии pyarrow, fallback без mmap
2026-01-23 14:07:48,529 - coint2.core.memory_optimization - INFO - 🔄 Initializing memory-mapped price data from .cache/consolidated_prices.parquet
2026-01-23 14:07:48,530 - INFO - ⇢ loading memory-mapped data — start
2026-01-23 14:07:48,530 - coint2.core.memory_optimization - WARNING - ⚠️ memory_map не поддерживается в текущей версии pyarrow, fallback без mmap
2026-01-23 14:07:48,584 - coint2.core.memory_optimization - INFO - 🔄 Initializing memory-mapped price data from .cache/consolidated_prices.parquet
2026-01-23 14:07:48,585 - INFO - ⇢ loading memory-mapped data — start
2026-01-23 14:07:48,585 - coint2.core.memory_optimization - WARNING - ⚠️ memory_map не поддерживается в текущей версии pyarrow, fallback без mmap
2026-01-23 14:07:48,630 - coint2.core.memory_optimization - INFO - 🔄 Initializing memory-mapped price data from .cache/consolidated_prices.parquet
2026-01-23 14:07:48,631 - INFO - ⇢ loading memory-mapped data — start
2026-01-23 14:07:48,631 - coint2.core.memory_optimization - WARNING - ⚠️ memory_map не поддерживается в текущей версии pyarrow, fallback без mmap
2026-01-23 14:07:48,667 - INFO - ⇠ loading memory-mapped data — done in 0.28s
2026-01-23 14:07:48,684 - coint2.core.memory_optimization - INFO - 🔄 Initializing memory-mapped price data from .cache/consolidated_prices.parquet
2026-01-23 14:07:48,690 - INFO - ⇢ loading memory-mapped data — start
2026-01-23 14:07:48,690 - coint2.core.memory_optimization - WARNING - ⚠️ memory_map не поддерживается в текущей версии pyarrow, fallback без mmap
2026-01-23 14:07:48,727 - coint2.core.memory_optimization - INFO - 📊 Loaded 18241 rows × 366 symbols
2026-01-23 14:07:48,727 - coint2.core.memory_optimization - INFO - 💾 Memory usage: 26.9 MB (memory-mapped)
2026-01-23 14:07:48,735 - INFO - ⇠ loading memory-mapped data — done in 0.32s
2026-01-23 14:07:48,758 - INFO - ⇠ loading memory-mapped data — done in 0.31s
2026-01-23 14:07:48,783 - coint2.core.memory_optimization - INFO - 📊 Loaded 18241 rows × 366 symbols
2026-01-23 14:07:48,784 - coint2.core.memory_optimization - INFO - 💾 Memory usage: 26.9 MB (memory-mapped)
2026-01-23 14:07:48,801 - coint2.core.memory_optimization - INFO - 📊 Loaded 18241 rows × 366 symbols
2026-01-23 14:07:48,801 - coint2.core.memory_optimization - INFO - 💾 Memory usage: 26.9 MB (memory-mapped)
2026-01-23 14:07:48,808 - coint2.engine.numba_engine - INFO - Запуск Numba-оптимизированного бэктеста для BTCDAI-BTCEUR
2026-01-23 14:07:48,857 - coint2.engine.numba_engine - INFO - Запуск Numba-оптимизированного бэктеста для ETHDAI-ETHEUR
2026-01-23 14:07:48,860 - coint2.engine.numba_engine - INFO - Запуск Numba-оптимизированного бэктеста для ATOMUSDT-GODSUSDT
2026-01-23 14:07:48,972 - INFO - ⇠ loading memory-mapped data — done in 0.39s
2026-01-23 14:07:48,975 - INFO - ⇠ loading memory-mapped data — done in 0.44s
2026-01-23 14:07:48,989 - INFO - ⇠ loading memory-mapped data — done in 0.49s
2026-01-23 14:07:49,016 - coint2.core.memory_optimization - INFO - 📊 Loaded 18241 rows × 366 symbols
2026-01-23 14:07:49,016 - coint2.core.memory_optimization - INFO - 💾 Memory usage: 26.9 MB (memory-mapped)
2026-01-23 14:07:49,040 - coint2.core.memory_optimization - INFO - 📊 Loaded 18241 rows × 366 symbols
2026-01-23 14:07:49,040 - coint2.core.memory_optimization - INFO - 💾 Memory usage: 26.9 MB (memory-mapped)
2026-01-23 14:07:49,057 - coint2.core.memory_optimization - INFO - 📊 Loaded 18241 rows × 366 symbols
2026-01-23 14:07:49,058 - coint2.core.memory_optimization - INFO - 💾 Memory usage: 26.9 MB (memory-mapped)
2026-01-23 14:07:49,094 - INFO - ⇠ loading memory-mapped data — done in 0.46s
2026-01-23 14:07:49,129 - coint2.engine.numba_engine - INFO - Запуск Numba-оптимизированного бэктеста для CAKEUSDT-FIDAUSDT
2026-01-23 14:07:49,137 - coint2.core.memory_optimization - INFO - 📊 Loaded 18241 rows × 366 symbols
2026-01-23 14:07:49,137 - coint2.core.memory_optimization - INFO - 💾 Memory usage: 26.9 MB (memory-mapped)
2026-01-23 14:07:49,155 - coint2.engine.numba_engine - INFO - Запуск Numba-оптимизированного бэктеста для ATOMUSDT-KCALUSDT
2026-01-23 14:07:49,157 - coint2.engine.numba_engine - INFO - Запуск Numba-оптимизированного бэктеста для APEUSDT-GODSUSDT
2026-01-23 14:07:49,171 - coint2.engine.numba_engine - INFO - Запуск Numba-оптимизированного бэктеста для APEUSDC-HFTUSDC
2026-01-23 14:07:49,178 - coint2.engine.numba_engine - INFO - Запуск Numba-оптимизированного бэктеста для APEUSDT-HFTUSDC
2026-01-23 14:07:49,209 - INFO - ⇠ loading memory-mapped data — done in 0.52s
2026-01-23 14:07:49,218 - coint2.engine.numba_engine - INFO - Запуск Numba-оптимизированного бэктеста для AGLDUSDT-HFTUSDC
2026-01-23 14:07:49,226 - coint2.engine.numba_engine - INFO - Запуск Numba-оптимизированного бэктеста для APEUSDC-ATOMUSDT
2026-01-23 14:07:49,263 - coint2.engine.numba_engine - INFO - Запуск Numba-оптимизированного бэктеста для BICOUSDT-KASTAUSDT
2026-01-23 14:07:49,276 - coint2.core.memory_optimization - INFO - 📊 Loaded 18241 rows × 366 symbols
2026-01-23 14:07:49,276 - coint2.core.memory_optimization - INFO - 💾 Memory usage: 26.9 MB (memory-mapped)
2026-01-23 14:07:49,323 - coint2.engine.numba_engine - INFO - Запуск Numba-оптимизированного бэктеста для 1INCHUSDT-AXSUSDT
2026-01-23 14:07:49,355 - coint2.engine.numba_engine - INFO - Запуск Numba-оптимизированного бэктеста для GMTUSDC-KAVAUSDT
2026-01-23 14:07:49,409 - coint2.engine.numba_engine - INFO - Запуск Numba-оптимизированного бэктеста для AGLDUSDT-HFTUSDT
2026-01-23 14:07:49,459 - coint2.engine.numba_engine - INFO - Запуск Numba-оптимизированного бэктеста для AFCUSDT-ANKRUSDT
2026-01-23 14:07:49,481 - coint2.engine.numba_engine - INFO - Запуск Numba-оптимизированного бэктеста для BICOUSDT-ETHWUSDT
2026-01-23 14:07:49,526 - coint2.engine.numba_engine - INFO - Запуск Numba-оптимизированного бэктеста для APEUSDT-ATOMUSDT
2026-01-23 14:07:49,586 - coint2.engine.numba_engine - INFO - Запуск Numba-оптимизированного бэктеста для GODSUSDT-KCALUSDT
2026-01-23 14:07:49,625 - coint2.engine.numba_engine - INFO - Запуск Numba-оптимизированного бэктеста для GMTUSDT-KAVAUSDT
2026-01-23 14:07:49,782 - coint2.engine.numba_engine - INFO - Запуск Numba-оптимизированного бэктеста для AVAUSDT-FITFIUSDT
2026-01-23 14:07:49,995 - INFO -   ⏱️ Параллельная обработка завершена за 1.6с (12.1 пар/с)
2026-01-23 14:07:50,087 - coint2.pipeline.walk_forward_orchestrator - INFO - 🎯 СИМУЛЯЦИЯ ПОРТФЕЛЯ: 20 пар, лимит 15 позиций
2026-01-23 14:07:51,420 - coint2.pipeline.walk_forward_orchestrator - INFO -    📈 Макс. одновременных сигналов: 0
2026-01-23 14:07:51,421 - coint2.pipeline.walk_forward_orchestrator - INFO -    📊 Средн. сигналов за период: 0.0
2026-01-23 14:07:51,421 - coint2.pipeline.walk_forward_orchestrator - INFO -    🎯 Финальных активных позиций: 0
2026-01-23 14:07:51,422 - coint2.pipeline.walk_forward_orchestrator - INFO -    ⚡ Утилизация лимита позиций: 0.0%
2026-01-23 14:07:51,422 - INFO - ⇠ WF-шаг 3/3 backtests — completed 20 items in 3.07s (6.5 items/s)
2026-01-23 14:07:51,422 - INFO -   ✅ Обработка завершена: 20 успешно, 0 с ошибками
2026-01-23 14:07:51,422 - INFO -   📊 Успешность: 100.0%, прибыльность: 0.0%, сделок/пара: 0.0
2026-01-23 14:07:51,422 - INFO -   ✅ Завершены бэктесты для 20 пар
2026-01-23 14:07:51,422 - INFO -   📊 Всего обработано пар в этом шаге: 20
2026-01-23 14:07:51,423 - INFO -   📈 Результаты шага: 0/20 прибыльных пар, 0 сделок
2026-01-23 14:07:51,423 - INFO -   💰 P&L шага: $+0.00
2026-01-23 14:07:51,423 - INFO -   ⇢ Обновление капитала и дневного P&L...
2026-01-23 14:07:52,837 - INFO -   💼 Шаг P&L: $+0.00, Накопленный капитал: $1,000.00
2026-01-23 14:07:52,837 - INFO - ------------------------------------------------------------
2026-01-23 14:07:52,837 - INFO -   Walk-forward steps: 3 / 3 (100.0%) | 0.1 items/s | ETA: 0.0s
2026-01-23 14:07:52,837 - INFO - ⇠ Walk-forward steps — completed 3 items in 49.03s (0.1 items/s)
2026-01-23 14:07:52,837 - INFO - ================================================================================
2026-01-23 14:07:52,837 - INFO - 🏁 Walk-forward анализ завершен!
2026-01-23 14:07:52,837 - INFO - ⏱️ Обработано 3 шагов за 4.5 секунд
2026-01-23 14:07:52,837 - INFO - 📊 Всего обработано пар за весь анализ: 60
2026-01-23 14:07:52,837 - INFO - 💰 Финальный капитал: $1,000.00 (было $1,000.00)
2026-01-23 14:07:52,837 - INFO - 📈 Общая доходность: +0.00% ($+0.00)
2026-01-23 14:07:52,837 - INFO - 📊 Всего сделок: 0
2026-01-23 14:07:52,837 - INFO - ================================================================================
2026-01-23 14:07:52,837 - INFO - ✓ Завершены все 3 WF-шагов
2026-01-23 14:07:52,837 - INFO - ⇢ Обработка финальных результатов и расчет метрик...
2026-01-23 14:07:52,837 - INFO - ⇢ processing final results — start
2026-01-23 14:07:52,838 - INFO -   ⇢ Агрегация данных P&L за 8643 торговых дней
2026-01-23 14:07:52,860 - INFO -   ⇢ Расчет базовых метрик производительности...
2026-01-23 14:07:52,860 - INFO -     📊 Данные для анализа: 8643 записей P&L, 8641 точек equity
2026-01-23 14:07:52,862 - INFO -   ⇢ Расчет расширенных метрик (волатильность, Calmar ratio, и др.)...
2026-01-23 14:07:52,862 - INFO -   ✅ Расширенные метрики рассчитаны: 6 показателей
2026-01-23 14:07:52,863 - INFO -   ⇢ Анализ статистики по 60 парам...
2026-01-23 14:07:52,865 - INFO - ✅ Рассчитаны метрики производительности (26 показателей)
2026-01-23 14:07:52,866 - INFO -   💰 Общий P&L: $+0.00
2026-01-23 14:07:52,866 - INFO -   📊 Sharpe Ratio: 0.000
2026-01-23 14:07:52,866 - INFO -   📉 Максимальная просадка: 0.00%
2026-01-23 14:07:52,866 - INFO -   🔄 Всего сделок: 0
2026-01-23 14:07:52,866 - INFO -   📈 Торгуемых пар: 31
2026-01-23 14:07:52,866 - INFO -   💸 Общие издержки: $0.00
2026-01-23 14:07:52,866 - coint2.metrics - INFO - Metric: total_pnl
2026-01-23 14:07:52,866 - coint2.metrics - INFO - Metric: sharpe_ratio_abs
2026-01-23 14:07:52,867 - coint2.metrics - INFO - Metric: max_drawdown_pct
2026-01-23 14:07:52,867 - coint2.metrics - INFO - Metric: total_trades
2026-01-23 14:07:52,867 - coint2.metrics - INFO - Metric: total_pairs_traded
2026-01-23 14:07:52,867 - coint2.metrics - INFO - Metric: total_costs
2026-01-23 14:07:52,867 - INFO - ⇠ processing final results — done in 0.03s
2026-01-23 14:07:52,867 - INFO - ⇢ Создание отчетов и сохранение результатов...
2026-01-23 14:07:52,867 - INFO - ⇢ generating reports — start
2026-01-23 14:07:52,867 - INFO -   ⇢ Создание отчета о производительности...
2026-01-23 14:07:59,036 - INFO -   ✓ Отчет о производительности создан
2026-01-23 14:07:59,036 - INFO -   ⇢ Сохранение данных в CSV файлы...
2026-01-23 14:07:59,038 - INFO - 📋 Метрики сохранены: artifacts/wfa/runs/20260123_budget1000_oos20240101_20240630_top50_maxnot40_lowrisk_maxpairsgrid/stress_relaxed8_nokpss_20260123_oos20240101_20240630_top50_z1p00_exit0p06_hold180_cd180_ms0p2_cap1000_maxnot40_risk0p015_minnot30_maxpairs20/strategy_metrics.csv
2026-01-23 14:07:59,039 - INFO - 📈 Дневные P&L сохранены: artifacts/wfa/runs/20260123_budget1000_oos20240101_20240630_top50_maxnot40_lowrisk_maxpairsgrid/stress_relaxed8_nokpss_20260123_oos20240101_20240630_top50_z1p00_exit0p06_hold180_cd180_ms0p2_cap1000_maxnot40_risk0p015_minnot30_maxpairs20/daily_pnl.csv (91 записей)
2026-01-23 14:07:59,074 - INFO - 💹 Кривая капитала сохранена: artifacts/wfa/runs/20260123_budget1000_oos20240101_20240630_top50_maxnot40_lowrisk_maxpairsgrid/stress_relaxed8_nokpss_20260123_oos20240101_20240630_top50_z1p00_exit0p06_hold180_cd180_ms0p2_cap1000_maxnot40_risk0p015_minnot30_maxpairs20/equity_curve.csv (8641 точек)
2026-01-23 14:07:59,078 - INFO - 📋 Статистика сделок сохранена: artifacts/wfa/runs/20260123_budget1000_oos20240101_20240630_top50_maxnot40_lowrisk_maxpairsgrid/stress_relaxed8_nokpss_20260123_oos20240101_20240630_top50_z1p00_exit0p06_hold180_cd180_ms0p2_cap1000_maxnot40_risk0p015_minnot30_maxpairs20/trade_statistics.csv (60 записей)
2026-01-23 14:07:59,079 - INFO - 🎉 Walk-Forward анализ полностью завершен!
2026-01-23 14:07:59,079 - INFO - 📊 Все отчеты и данные сохранены в: artifacts/wfa/runs/20260123_budget1000_oos20240101_20240630_top50_maxnot40_lowrisk_maxpairsgrid/stress_relaxed8_nokpss_20260123_oos20240101_20240630_top50_z1p00_exit0p06_hold180_cd180_ms0p2_cap1000_maxnot40_risk0p015_minnot30_maxpairs20
2026-01-23 14:07:59,079 - INFO - 💼 Итоговый капитал: $1,000.00
2026-01-23 14:07:59,079 - INFO - ⏱️  Общее время выполнения: 10.7 секунд
2026-01-23 14:07:59,079 - INFO - ⇠ generating reports — done in 6.21s
2026-01-23 14:07:59,079 - coint2.core.memory_optimization - INFO - 📊 No global price data to clean up
2026-01-23 14:07:59,079 - coint2.core.memory_optimization - INFO - 📊 No global rolling stats to clean up
2026-01-23 14:07:59,080 - INFO - 🧹 Memory-mapped data cleaned up
2026-01-23 14:07:59,081 - INFO - ⇠ run_walk_forward_analysis — done in 61.31s
📊 Отчет сохранен: artifacts/wfa/runs/20260123_budget1000_oos20240101_20240630_top50_maxnot40_lowrisk_maxpairsgrid/stress_relaxed8_nokpss_20260123_oos20240101_20240630_top50_z1p00_exit0p06_hold180_cd180_ms0p2_cap1000_maxnot40_risk0p015_minnot30_maxpairs20/CointegrationStrategy_performance_report.png
🎯 ============================================================
📊 ИТОГИ ТОРГОВОЙ СТРАТЕГИИ
🎯 ============================================================

💰 ФИНАНСОВЫЕ РЕЗУЛЬТАТЫ:
   • Общий P&L:                            0
   • Максимальная просадка:                0
   • Средний дневной P&L:                  0

📈 МЕТРИКИ РИСКА:
   • Коэффициент Шарпа:               0.0000
   • Волатильность P&L:                 0.00
   • Процент прибыльных дней:          0.00%

🔄 ТОРГОВАЯ АКТИВНОСТЬ:
   • Всего торговых дней:                 91
   • Всего сделок:                         0
   • Торгуемых пар:                       31
   • Сделок на пару:                     0.0
   • Успешность сделок:               0.00%

💸 РАСХОДЫ И ЭКСТРЕМУМЫ:
   • Общие расходы:                        0
   • Максимальная прибыль:                 0
   • Максимальный убыток:                  0
   • Лучшая пара (P&L):                    0
   • Худшая пара (P&L):                    0

📊 ОЦЕНКА СТРАТЕГИИ:
   ❌ УБЫТОЧНАЯ стратегия. Требует доработки

🎯 ============================================================

Annualized Sharpe Ratio: 0.0
[run_wfa_fullcpu] end: 2026-01-23T14:08:00Z
