[run_wfa_queue] 2026-01-19T06:49:00Z cmd: /opt/coint4/coint4/run_wfa_fullcpu.sh configs/stability_20260119/stability_20260119_pv0p03_hurst0p5_hl0p05_40_corr0p65_ssd15000.yaml artifacts/wfa/runs/20260119_stability_shortlist/stability_20260119_pv0p03_hurst0p5_hl0p05_40_corr0p65_ssd15000
[run_wfa_fullcpu] start: 2026-01-19T06:49:00Z
[run_wfa_fullcpu] os.cpu_count: 8
[run_wfa_fullcpu] worker_pid=1161
2026-01-19 06:49:04,114 - coint2.core.memory_optimization - INFO - ✅ BLAS threading limits set to 1 via threadpoolctl
2026-01-19 06:49:04,115 - coint2.core.memory_optimization - INFO - 🔧 Controlled libraries: openblas, openmp
2026-01-19 06:49:04,115 - coint2.core.memory_optimization - INFO - 🧵 Process threads: 2 → 2
2026-01-19 06:49:04,115 - coint2.core.memory_optimization - INFO - 📝 Set 11 environment variables
2026-01-19 06:49:04,563 - INFO - ✅ Параметры конфигурации валидны
2026-01-19 06:49:04,563 - INFO - 📝 Некоторые параметры были скорректированы:
2026-01-19 06:49:04,563 - INFO - 🧭 WFA: динамический отбор пар на каждом шаге
2026-01-19 06:49:04,563 - INFO -   Шаг 1: тренировка 2023-08-02-2023-09-30, тест 2023-10-01-2023-10-31
2026-01-19 06:49:04,563 - INFO -   Шаг 2: тренировка 2023-09-01-2023-10-30, тест 2023-10-31-2023-11-30
2026-01-19 06:49:04,563 - INFO -   Шаг 3: тренировка 2023-10-01-2023-11-29, тест 2023-11-30-2023-12-30
2026-01-19 06:49:04,563 - INFO -   Шаг 4: тренировка 2023-10-31-2023-12-29, тест 2023-12-30-2024-01-29
2026-01-19 06:49:04,563 - INFO -   Шаг 5: тренировка 2023-11-30-2024-01-28, тест 2024-01-29-2024-02-28
2026-01-19 06:49:04,563 - INFO -   Шаг 6: тренировка 2023-12-30-2024-02-27, тест 2024-02-28-2024-03-29
2026-01-19 06:49:04,563 - INFO -   Шаг 7: тренировка 2024-01-29-2024-03-28, тест 2024-03-29-2024-04-28
2026-01-19 06:49:04,563 - INFO -   Шаг 8: тренировка 2024-02-28-2024-04-27, тест 2024-04-28-2024-05-28
2026-01-19 06:49:04,563 - INFO - 📈 Запланировано 8 walk-forward шагов
2026-01-19 06:49:04,563 - INFO - ⛔ Ограничение WFA шагов: 8 → 5
2026-01-19 06:49:04,563 - WARNING - ⚠️ Маленький буфер между training и testing в шаге 1: 0 дней. Рекомендуется минимум 1 день.
2026-01-19 06:49:04,563 - WARNING - ⚠️ Маленький буфер между training и testing в шаге 2: 0 дней. Рекомендуется минимум 1 день.
2026-01-19 06:49:04,563 - WARNING - ⚠️ Маленький буфер между training и testing в шаге 3: 0 дней. Рекомендуется минимум 1 день.
2026-01-19 06:49:04,564 - WARNING - ⚠️ Маленький буфер между training и testing в шаге 4: 0 дней. Рекомендуется минимум 1 день.
2026-01-19 06:49:04,564 - WARNING - ⚠️ Маленький буфер между training и testing в шаге 5: 0 дней. Рекомендуется минимум 1 день.
2026-01-19 06:49:04,564 - INFO - ✅ Шаги успешно запланированы:
2026-01-19 06:49:04,564 - INFO -    Шаг 1: тренировка 2023-08-02-2023-09-30, тест 2023-10-01-2023-10-31
2026-01-19 06:49:04,564 - INFO -    Шаг 2: тренировка 2023-09-01-2023-10-30, тест 2023-10-31-2023-11-30
2026-01-19 06:49:04,564 - INFO -    Шаг 3: тренировка 2023-10-01-2023-11-29, тест 2023-11-30-2023-12-30
2026-01-19 06:49:04,564 - INFO -    Шаг 4: тренировка 2023-10-31-2023-12-29, тест 2023-12-30-2024-01-29
2026-01-19 06:49:04,564 - INFO -    Шаг 5: тренировка 2023-11-30-2024-01-28, тест 2024-01-29-2024-02-28
2026-01-19 06:49:04,564 - INFO - 🗂️ Consolidating price data for memory-mapped access...
2026-01-19 06:49:04,564 - INFO - 📊 Consolidating data range: 2023-07-28 → 2024-03-04
2026-01-19 06:49:04,564 - coint2.core.memory_optimization - INFO - 🔄 Consolidating price data from data_downloaded to .cache/consolidated_prices.parquet
2026-01-19 06:49:04,564 - INFO - ⇢ loading raw data for consolidation — start
2026-01-19 06:49:06,304 - INFO - ⇠ loading raw data for consolidation — done in 1.74s
2026-01-19 06:49:06,304 - INFO - ⇢ pivoting data to wide format — start
2026-01-19 06:49:11,556 - INFO - ⇠ pivoting data to wide format — done in 5.25s
2026-01-19 06:49:11,615 - coint2.core.memory_optimization - INFO - 📊 Consolidated data: 21121 rows × 346 symbols
2026-01-19 06:49:11,615 - coint2.core.memory_optimization - INFO - 💾 Memory usage: 29.4 MB
2026-01-19 06:49:11,616 - INFO - ⇢ writing consolidated Parquet file — start
2026-01-19 06:49:11,861 - INFO - ⇠ writing consolidated Parquet file — done in 0.25s
2026-01-19 06:49:11,861 - coint2.core.memory_optimization - INFO - ✅ Successfully consolidated data to .cache/consolidated_prices.parquet
2026-01-19 06:49:11,891 - coint2.core.memory_optimization - INFO - 🔄 Initializing memory-mapped price data from .cache/consolidated_prices.parquet
2026-01-19 06:49:11,892 - INFO - ⇢ loading memory-mapped data — start
2026-01-19 06:49:11,892 - coint2.core.memory_optimization - WARNING - ⚠️ memory_map не поддерживается в текущей версии pyarrow, fallback без mmap
2026-01-19 06:49:12,041 - INFO - ⇠ loading memory-mapped data — done in 0.15s
2026-01-19 06:49:12,051 - coint2.core.memory_optimization - INFO - 📊 Loaded 21121 rows × 346 symbols
2026-01-19 06:49:12,051 - coint2.core.memory_optimization - INFO - 💾 Memory usage: 29.4 MB (memory-mapped)
2026-01-19 06:49:12,052 - INFO - ✅ Memory-mapped data initialized successfully
2026-01-19 06:49:12,053 - INFO - ⇢ Walk-forward steps — starting 5 items
2026-01-19 06:49:12,053 - INFO - 📈 Инициализация equity кривой с первой тестовой даты: 2023-10-01 00:00:00
2026-01-19 06:49:12,053 - INFO - 🔍 WF-шаг 1/5: Валидация временных окон...
2026-01-19 06:49:12,054 - INFO - ⇢ WF-шаг 1/5: training 2023-08-02-2023-09-30, testing 2023-10-01-2023-10-31 — start
2026-01-19 06:49:12,054 - INFO - ⇢ loading step data — start
2026-01-19 06:49:12,201 - INFO - ⇠ loading step data — done in 0.15s
2026-01-19 06:49:13,511 - INFO - 📊 WF-шаг 1/5: Границы данных:
2026-01-19 06:49:13,511 - INFO -    Training: 2023-08-02 00:00:00 → 2023-09-30 23:45:00 (5,760 строк × 282 символов)
2026-01-19 06:49:13,511 - INFO -    Testing:  2023-10-01 00:00:00 → 2023-10-31 00:00:00 (2,881 строк × 282 символов)
2026-01-19 06:49:13,511 - INFO -    Временной разрыв: 0 days 00:15:00
2026-01-19 06:49:13,549 - INFO - ⇢ normalizing training data — start
2026-01-19 06:49:13,580 - INFO -   Символы с NaN значениями: 20
2026-01-19 06:49:13,581 - INFO -   Применяем метод нормализации: rolling_zscore
2026-01-19 06:49:13,596 - INFO - Символы с недостаточной историей: 20 из 282
2026-01-19 06:49:13,960 - INFO - Символы с NaN после нормализации: 262
2026-01-19 06:49:13,967 - INFO - Удалено 1 начальных строк с NaN от rolling расчетов
2026-01-19 06:49:13,970 - INFO - Итоговое количество символов после нормализации: 262 из 282
2026-01-19 06:49:13,970 - INFO -   Статистика нормализации:
2026-01-19 06:49:13,970 - INFO -     Исходные символы: 282
2026-01-19 06:49:13,970 - INFO -     Недостаточная история: 20
2026-01-19 06:49:13,970 - INFO -     Постоянная цена: 0
2026-01-19 06:49:13,970 - INFO -     NaN после нормализации: 262
2026-01-19 06:49:13,970 - INFO -     Итоговые символы: 262 (92.9%)
2026-01-19 06:49:13,970 - INFO -   После нормализации: 262 символов (потеряно 20)
2026-01-19 06:49:13,970 - INFO -   Отброшенные символы: ADAEUR, BEAMUSDT, BTCEUR, CYBERUSDT, DOGEEUR, ETHEUR, FETUSDT, JEFFUSDT, KASUSDT, KAVAUSDT, LTCEUR, ORDIUSDT, POLUSDT, PPTUSDT, PYUSDUSDT, SEIUSDT, SOLEUR, USDCEUR, XRPEUR, ZTXUSDT
2026-01-19 06:49:13,970 - INFO - ⇠ normalizing training data — done in 0.42s
2026-01-19 06:49:13,970 - INFO - ⇢ SSD computation — start
2026-01-19 06:49:13,970 - INFO -   Расчет SSD для всех пар (без ограничения)
2026-01-19 06:49:19,910 - INFO -   SSD результат (все пары): 34191 пар
2026-01-19 06:49:19,910 - INFO -   Ограничиваем до top-15000 пар для дальнейшей обработки
2026-01-19 06:49:19,911 - INFO - ⇠ SSD computation — done in 5.94s
2026-01-19 06:49:19,915 - INFO - ⇢ filtering pairs by cointegration and half-life — start
2026-01-19 06:49:19,915 - INFO - [ФИЛЬТР] Параллельная фильтрация: threads (8 workers)
2026-01-19 06:52:45,697 - INFO - [ФИЛЬТР] После проверки данных: 15000 пар
2026-01-19 06:52:45,698 - INFO - [ФИЛЬТР] После фильтра корреляции (>0.65): 11313 пар
2026-01-19 06:52:45,698 - INFO - [ФИЛЬТР] После фильтра beta: 7444 пар
2026-01-19 06:52:45,698 - INFO - [ФИЛЬТР] После фильтра mean crossings: 7444 пар
2026-01-19 06:52:45,698 - INFO - [ФИЛЬТР] После фильтра half-life: 7399 пар
2026-01-19 06:52:45,698 - INFO - [ФИЛЬТР] После фильтра коинтеграции: 2018 пар
2026-01-19 06:52:45,698 - INFO - [ФИЛЬТР] После фильтра Hurst: 620 пар
2026-01-19 06:52:45,698 - INFO - [ФИЛЬТР] После фильтра KPSS: 34 пар
2026-01-19 06:52:45,698 - INFO - [ФИЛЬТР] После фильтра market microstructure: 34 пар
2026-01-19 06:52:45,698 - INFO - [ФИЛЬТР] Статистика фильтрации (оптимизированный порядок):
2026-01-19 06:52:45,698 - INFO -   1. SSD → Коинтеграция: 15000 → 2018 пар
2026-01-19 06:52:45,698 - INFO -   2. Коинтеграция → Beta: 2018 → 7444 пар
2026-01-19 06:52:45,698 - INFO -   3. Beta → Half-life: 7444 → 7399 пар
2026-01-19 06:52:45,698 - INFO -   4. Half-life → Mean crossings: 7399 → 7444 пар
2026-01-19 06:52:45,698 - INFO -   5. Mean crossings → Hurst: 7444 → 620 пар
2026-01-19 06:52:45,698 - INFO -   6. Hurst → KPSS: 620 → 34 пар
2026-01-19 06:52:45,698 - INFO -   7. KPSS → Market microstructure: 34 → 34 пар
2026-01-19 06:52:45,698 - INFO - [ФИЛЬТР] Причины отсева:
2026-01-19 06:52:45,698 - INFO -   • pvalue: 5381 пар (35.9%)
2026-01-19 06:52:45,698 - INFO -   • beta: 3869 пар (25.8%)
2026-01-19 06:52:45,698 - INFO -   • low_correlation: 3687 пар (24.6%)
2026-01-19 06:52:45,698 - INFO -   • hurst: 1398 пар (9.3%)
2026-01-19 06:52:45,698 - INFO -   • kpss: 586 пар (3.9%)
2026-01-19 06:52:45,698 - INFO -   • half_life: 45 пар (0.3%)
2026-01-19 06:52:45,698 - INFO - [ФИЛЬТР] Итого: 15000 → 34 пар (0.2% прошли все фильтры)
2026-01-19 06:52:45,724 - INFO - Причины отсева сохранены в results/filter_reasons_20260119_065245.csv
2026-01-19 06:52:45,730 - INFO -   Pair stability filter: history empty, skip (window=3, min_steps=2)
2026-01-19 06:52:45,730 - INFO -   Фильтрация: 15000 → 34 пар
2026-01-19 06:52:45,730 - INFO - ⇠ filtering pairs by cointegration and half-life — done in 205.82s
2026-01-19 06:52:45,730 - INFO - ⇠ WF-шаг 1/5: training 2023-08-02-2023-09-30, testing 2023-10-01-2023-10-31 — done in 213.68s
2026-01-19 06:52:45,730 - INFO -   Топ-3 пары по волатильности спреда:
2026-01-19 06:52:45,730 - INFO -     1. COMPUSDT-GMXUSDT: beta=1.0239, std=2.0031
2026-01-19 06:52:45,730 - INFO -     2. AXSUSDT-UNIUSDT: beta=0.7523, std=0.1119
2026-01-19 06:52:45,730 - INFO -     3. ARUSDT-FILUSDT: beta=1.2053, std=0.1000
2026-01-19 06:52:45,730 - INFO -   Всего пар для торговли: 34 (ограничение 15 применяется к одновременно открытым позициям)
2026-01-19 06:52:45,731 - INFO -   💰 Проверка расчета капитала: equity=$10,000.00, кандидатных_пар=34, max_позиций=15
2026-01-19 06:52:45,731 - INFO -   🎯 Target concurrency: 15 (ожидаемое одновременное число позиций)
2026-01-19 06:52:45,731 - INFO -   📊 Детали расчета капитала:
2026-01-19 06:52:45,731 - INFO -      • Базовый капитал на пару: $666.67 (equity / target_concurrency)
2026-01-19 06:52:45,731 - INFO -      • Риск-капитал: $150.00 (1.5% от equity)
2026-01-19 06:52:45,731 - INFO -      • Макс. размер позиции: $200.00 (2.0% от equity)
2026-01-19 06:52:45,731 - INFO -      • Итоговый капитал на пару: $150.00
2026-01-19 06:52:45,731 - INFO - ⇢ WF-шаг 1/5 backtests — starting 34 items
2026-01-19 06:52:45,731 - INFO - 🚀 WF-шаг 1/5: Начинаем бэктесты для 34 пар...
2026-01-19 06:52:45,731 - INFO - 🚀 WF-шаг 1/5: Запускаем параллельную обработку 34 пар на 8 ядрах...
2026-01-19 06:52:45,731 - INFO - 🚀 WF-шаг 1/5: Режим параллельности: процессы
⚙️  Загрузка данных за период: 2023-07-28 -> 2024-03-04
📂 Найдено 43 parquet файлов для обработки.
📊 Схема данных: Schema({'timestamp': Int64, 'open': Float64, 'high': Float64, 'low': Float64, 'close': Float64, 'volume': Float64, 'turnover': String, 'ts_ms': Int64, 'symbol': String})
✅ Загружено 6226682 записей с помощью Polars.
📊 Типы данных в pandas: timestamp       datetime64[us]
symbol                  object
close                  float64
timestamp_ms             int64
dtype: object
⚙️  Загрузка данных за период: 2023-08-02 -> 2023-10-31
📂 Найдено 43 parquet файлов для обработки.
📊 Схема данных: Schema({'timestamp': Int64, 'open': Float64, 'high': Float64, 'low': Float64, 'close': Float64, 'volume': Float64, 'turnover': String, 'ts_ms': Int64, 'symbol': String})
✅ Загружено 2351056 записей с помощью Polars.
📊 Типы данных в pandas: timestamp       datetime64[us]
symbol                  object
close                  float64
timestamp_ms             int64
dtype: object
2026-01-19 06:52:45,781 - coint2.engine.numba_engine - INFO - Запуск Numba-оптимизированного бэктеста для COMPUSDT-GMXUSDT
2026-01-19 06:52:45,800 - coint2.engine.numba_engine - INFO - Запуск Numba-оптимизированного бэктеста для AXSUSDT-UNIUSDT
2026-01-19 06:52:45,821 - coint2.engine.numba_engine - INFO - Запуск Numba-оптимизированного бэктеста для ARUSDT-FILUSDT
2026-01-19 06:52:45,845 - coint2.engine.numba_engine - INFO - Запуск Numba-оптимизированного бэктеста для SNXUSDT-SOLOUSDT
2026-01-19 06:52:45,865 - coint2.engine.numba_engine - INFO - Запуск Numba-оптимизированного бэктеста для CITYUSDT-DOTUSDT
2026-01-19 06:52:45,872 - coint2.engine.numba_engine - INFO - Запуск Numba-оптимизированного бэктеста для MASKUSDT-XRPUSDC
2026-01-19 06:52:45,889 - coint2.engine.numba_engine - INFO - Запуск Numba-оптимизированного бэктеста для HFTUSDT-MOVRUSDT
2026-01-19 06:52:45,901 - coint2.engine.numba_engine - INFO - Запуск Numba-оптимизированного бэктеста для CITYUSDT-JUVUSDT
2026-01-19 06:52:45,903 - coint2.engine.numba_engine - INFO - Запуск Numba-оптимизированного бэктеста для MASKUSDT-XRPUSDT
2026-01-19 06:52:45,914 - coint2.engine.numba_engine - INFO - Запуск Numba-оптимизированного бэктеста для GMTUSDT-SANDUSDT
2026-01-19 06:52:45,917 - coint2.engine.numba_engine - INFO - Запуск Numba-оптимизированного бэктеста для SUSHIUSDT-USTCUSDT
2026-01-19 06:52:45,917 - coint2.engine.numba_engine - INFO - Запуск Numba-оптимизированного бэктеста для AFCUSDT-CITYUSDT
2026-01-19 06:52:45,924 - coint2.engine.numba_engine - INFO - Запуск Numba-оптимизированного бэктеста для CITYUSDT-DOTUSDC
2026-01-19 06:52:45,936 - coint2.engine.numba_engine - INFO - Запуск Numba-оптимизированного бэктеста для ARKMUSDT-NEXOUSDT
2026-01-19 06:52:45,938 - coint2.engine.numba_engine - INFO - Запуск Numba-оптимизированного бэктеста для ONEUSDT-XRPUSDT
2026-01-19 06:52:45,944 - coint2.engine.numba_engine - INFO - Запуск Numba-оптимизированного бэктеста для FLOWUSDT-MASKUSDT
2026-01-19 06:52:45,946 - coint2.engine.numba_engine - INFO - Запуск Numba-оптимизированного бэктеста для CTCUSDT-DOTUSDC
2026-01-19 06:52:45,958 - coint2.engine.numba_engine - INFO - Запуск Numba-оптимизированного бэктеста для THETAUSDT-XRPUSDC
2026-01-19 06:52:45,959 - coint2.engine.numba_engine - INFO - Запуск Numba-оптимизированного бэктеста для BATUSDT-QTUMUSDT
2026-01-19 06:52:45,966 - coint2.engine.numba_engine - INFO - Запуск Numba-оптимизированного бэктеста для DOGEUSDC-ETHWUSDT
2026-01-19 06:52:45,981 - coint2.engine.numba_engine - INFO - Запуск Numba-оптимизированного бэктеста для BATUSDT-PEOPLEUSDT
2026-01-19 06:52:45,984 - coint2.engine.numba_engine - INFO - Запуск Numba-оптимизированного бэктеста для DOGEUSDT-ETHWUSDT
2026-01-19 06:52:45,988 - coint2.engine.numba_engine - INFO - Запуск Numba-оптимизированного бэктеста для ROSEUSDT-USTCUSDT
2026-01-19 06:52:46,003 - coint2.engine.numba_engine - INFO - Запуск Numba-оптимизированного бэктеста для ROSEUSDT-WAXPUSDT
2026-01-19 06:52:46,004 - coint2.engine.numba_engine - INFO - Запуск Numba-оптимизированного бэктеста для THETAUSDT-XRPUSDT
2026-01-19 06:52:46,011 - coint2.engine.numba_engine - INFO - Запуск Numba-оптимизированного бэктеста для SCUSDT-ZILUSDT
2026-01-19 06:52:46,030 - coint2.engine.numba_engine - INFO - Запуск Numba-оптимизированного бэктеста для ALGOUSDT-USTCUSDT
2026-01-19 06:52:46,034 - coint2.engine.numba_engine - INFO - Запуск Numba-оптимизированного бэктеста для HFTUSDC-MOVRUSDT
2026-01-19 06:52:46,034 - WARNING - ❌ Ошибка обработки пары AFCUSDT-CITYUSDT: division by zero
2026-01-19 06:52:46,050 - coint2.engine.numba_engine - INFO - Запуск Numba-оптимизированного бэктеста для CELOUSDT-ZRXUSDT
2026-01-19 06:52:46,057 - coint2.engine.numba_engine - INFO - Запуск Numba-оптимизированного бэктеста для WAXPUSDT-ZILUSDT
2026-01-19 06:52:46,058 - coint2.engine.numba_engine - INFO - Запуск Numba-оптимизированного бэктеста для ALGOUSDT-ROSEUSDT
2026-01-19 06:52:46,075 - coint2.engine.numba_engine - INFO - Запуск Numba-оптимизированного бэктеста для ALGOUSDT-WAXPUSDT
2026-01-19 06:52:46,082 - coint2.engine.numba_engine - INFO - Запуск Numba-оптимизированного бэктеста для ONEUSDT-XRPUSDC
2026-01-19 06:52:46,098 - coint2.engine.numba_engine - INFO - Запуск Numba-оптимизированного бэктеста для USTCUSDT-ZILUSDT
2026-01-19 06:52:46,134 - INFO -   ⏱️ Параллельная обработка завершена за 0.4с (84.5 пар/с)
2026-01-19 06:52:46,146 - coint2.pipeline.walk_forward_orchestrator - INFO - 🎯 СИМУЛЯЦИЯ ПОРТФЕЛЯ: 33 пар, лимит 15 позиций
2026-01-19 06:52:46,632 - coint2.pipeline.walk_forward_orchestrator - INFO -    📈 Макс. одновременных сигналов: 13
2026-01-19 06:52:46,632 - coint2.pipeline.walk_forward_orchestrator - INFO -    📊 Средн. сигналов за период: 0.4
2026-01-19 06:52:46,632 - coint2.pipeline.walk_forward_orchestrator - INFO -    🎯 Финальных активных позиций: 0
2026-01-19 06:52:46,634 - coint2.pipeline.walk_forward_orchestrator - INFO -    ⚡ Утилизация лимита позиций: 2.8%
2026-01-19 06:52:46,634 - WARNING -   ⚠️ Ошибка обработки пары AFCUSDT-CITYUSDT: division by zero
2026-01-19 06:52:46,634 - INFO - ⇠ WF-шаг 1/5 backtests — completed 34 items in 0.90s (37.6 items/s)
2026-01-19 06:52:46,634 - INFO -   ✅ Обработка завершена: 33 успешно, 1 с ошибками
2026-01-19 06:52:46,634 - INFO -   📊 Успешность: 97.1%, прибыльность: 78.8%, сделок/пара: 18.1
2026-01-19 06:52:46,634 - INFO -   ✅ Завершены бэктесты для 34 пар
2026-01-19 06:52:46,634 - INFO -   📊 Всего обработано пар в этом шаге: 34
2026-01-19 06:52:46,635 - INFO -   📈 Результаты шага: 26/34 прибыльных пар, 597 сделок
2026-01-19 06:52:46,635 - INFO -   💰 P&L шага: $+76.90
2026-01-19 06:52:46,635 - INFO -   ⇢ Обновление капитала и дневного P&L...
2026-01-19 06:52:47,799 - INFO -   💼 Шаг P&L: $+76.90, Накопленный капитал: $10,076.90
2026-01-19 06:52:47,799 - INFO - ------------------------------------------------------------
2026-01-19 06:52:47,799 - INFO -   Walk-forward steps: 1 / 5 (20.0%) | 0.0 items/s | ETA: 863.0s
2026-01-19 06:52:47,799 - INFO - 🔍 WF-шаг 2/5: Валидация временных окон...
2026-01-19 06:52:47,800 - INFO - ⇢ WF-шаг 2/5: training 2023-09-01-2023-10-30, testing 2023-10-31-2023-11-30 — start
2026-01-19 06:52:47,800 - INFO - ⇢ loading step data — start
2026-01-19 06:52:47,982 - INFO - ⇠ loading step data — done in 0.18s
2026-01-19 06:52:49,217 - INFO - 📊 WF-шаг 2/5: Границы данных:
2026-01-19 06:52:49,218 - INFO -    Training: 2023-09-01 00:00:00 → 2023-10-30 23:45:00 (5,760 строк × 292 символов)
2026-01-19 06:52:49,218 - INFO -    Testing:  2023-10-31 00:00:00 → 2023-11-30 00:00:00 (2,881 строк × 292 символов)
2026-01-19 06:52:49,218 - INFO -    Временной разрыв: 0 days 00:15:00
2026-01-19 06:52:49,255 - INFO - ⇢ normalizing training data — start
2026-01-19 06:52:49,289 - INFO -   Символы с NaN значениями: 26
2026-01-19 06:52:49,289 - INFO -   Применяем метод нормализации: rolling_zscore
2026-01-19 06:52:49,304 - INFO - Символы с недостаточной историей: 17 из 292
2026-01-19 06:52:49,699 - INFO - Символы с NaN после нормализации: 275
2026-01-19 06:52:49,705 - INFO - Удалено 617 начальных строк с NaN от rolling расчетов
2026-01-19 06:52:49,707 - INFO - Итоговое количество символов после нормализации: 275 из 292
2026-01-19 06:52:49,708 - INFO -   Статистика нормализации:
2026-01-19 06:52:49,708 - INFO -     Исходные символы: 292
2026-01-19 06:52:49,708 - INFO -     Недостаточная история: 17
2026-01-19 06:52:49,708 - INFO -     Постоянная цена: 0
2026-01-19 06:52:49,708 - INFO -     NaN после нормализации: 275
2026-01-19 06:52:49,708 - INFO -     Итоговые символы: 275 (94.2%)
2026-01-19 06:52:49,708 - INFO -   После нормализации: 275 символов (потеряно 17)
2026-01-19 06:52:49,708 - INFO -   Отброшенные символы: BEAMUSDT, FETUSDT, FLIPUSDT, JEFFUSDT, MEMEUSDT, POLUSDT, PPTUSDT, PYTHUSDT, PYUSDUSDT, ROOTUSDT, RPKUSDT, SHRAPUSDT, TIAUSDT, TOKENUSDT, TUSDUSDT, VRTXUSDT, ZTXUSDT
2026-01-19 06:52:49,708 - INFO - ⇠ normalizing training data — done in 0.45s
2026-01-19 06:52:49,709 - INFO - ⇢ SSD computation — start
2026-01-19 06:52:49,709 - INFO -   Расчет SSD для всех пар (без ограничения)
2026-01-19 06:52:51,918 - INFO -   SSD результат (все пары): 37675 пар
2026-01-19 06:52:51,918 - INFO -   Ограничиваем до top-15000 пар для дальнейшей обработки
2026-01-19 06:52:51,919 - INFO - ⇠ SSD computation — done in 2.21s
2026-01-19 06:52:51,924 - INFO - ⇢ filtering pairs by cointegration and half-life — start
2026-01-19 06:52:51,924 - INFO - [ФИЛЬТР] Параллельная фильтрация: threads (8 workers)
2026-01-19 06:55:13,557 - INFO - [ФИЛЬТР] После проверки данных: 15000 пар
2026-01-19 06:55:13,558 - INFO - [ФИЛЬТР] После фильтра корреляции (>0.65): 6725 пар
2026-01-19 06:55:13,558 - INFO - [ФИЛЬТР] После фильтра beta: 4454 пар
2026-01-19 06:55:13,558 - INFO - [ФИЛЬТР] После фильтра mean crossings: 4454 пар
2026-01-19 06:55:13,558 - INFO - [ФИЛЬТР] После фильтра half-life: 4411 пар
2026-01-19 06:55:13,558 - INFO - [ФИЛЬТР] После фильтра коинтеграции: 1262 пар
2026-01-19 06:55:13,558 - INFO - [ФИЛЬТР] После фильтра Hurst: 566 пар
2026-01-19 06:55:13,558 - INFO - [ФИЛЬТР] После фильтра KPSS: 13 пар
2026-01-19 06:55:13,558 - INFO - [ФИЛЬТР] После фильтра market microstructure: 13 пар
2026-01-19 06:55:13,558 - INFO - [ФИЛЬТР] Статистика фильтрации (оптимизированный порядок):
2026-01-19 06:55:13,558 - INFO -   1. SSD → Коинтеграция: 15000 → 1262 пар
2026-01-19 06:55:13,558 - INFO -   2. Коинтеграция → Beta: 1262 → 4454 пар
2026-01-19 06:55:13,558 - INFO -   3. Beta → Half-life: 4454 → 4411 пар
2026-01-19 06:55:13,558 - INFO -   4. Half-life → Mean crossings: 4411 → 4454 пар
2026-01-19 06:55:13,558 - INFO -   5. Mean crossings → Hurst: 4454 → 566 пар
2026-01-19 06:55:13,558 - INFO -   6. Hurst → KPSS: 566 → 13 пар
2026-01-19 06:55:13,558 - INFO -   7. KPSS → Market microstructure: 13 → 13 пар
2026-01-19 06:55:13,558 - INFO - [ФИЛЬТР] Причины отсева:
2026-01-19 06:55:13,558 - INFO -   • low_correlation: 8275 пар (55.2%)
2026-01-19 06:55:13,558 - INFO -   • pvalue: 3149 пар (21.0%)
2026-01-19 06:55:13,558 - INFO -   • beta: 2271 пар (15.1%)
2026-01-19 06:55:13,558 - INFO -   • hurst: 696 пар (4.6%)
2026-01-19 06:55:13,558 - INFO -   • kpss: 553 пар (3.7%)
2026-01-19 06:55:13,558 - INFO -   • half_life: 43 пар (0.3%)
2026-01-19 06:55:13,558 - INFO - [ФИЛЬТР] Итого: 15000 → 13 пар (0.1% прошли все фильтры)
2026-01-19 06:55:13,581 - INFO - Причины отсева сохранены в results/filter_reasons_20260119_065513.csv
2026-01-19 06:55:13,587 - INFO -   Pair stability filter: 13 → 0 (window=3, min_steps=2)
2026-01-19 06:55:13,587 - INFO -   Фильтрация: 15000 → 0 пар
2026-01-19 06:55:13,587 - INFO - ⇠ filtering pairs by cointegration and half-life — done in 141.66s
2026-01-19 06:55:13,587 - INFO - ⇠ WF-шаг 2/5: training 2023-09-01-2023-10-30, testing 2023-10-31-2023-11-30 — done in 145.79s
2026-01-19 06:55:13,587 - INFO -   Всего пар для торговли: 0 (ограничение 15 применяется к одновременно открытым позициям)
2026-01-19 06:55:13,588 - INFO -   💰 Проверка расчета капитала: equity=$10,076.90, кандидатных_пар=0, max_позиций=15
2026-01-19 06:55:13,588 - INFO -   🎯 Target concurrency: 0 (ожидаемое одновременное число позиций)
2026-01-19 06:55:13,588 - INFO -   💼 Шаг P&L: $+0.00, Накопленный капитал: $10,076.90
2026-01-19 06:55:13,588 - INFO - ------------------------------------------------------------
2026-01-19 06:55:13,589 - INFO -   Walk-forward steps: 2 / 5 (40.0%) | 0.0 items/s | ETA: 542.3s
2026-01-19 06:55:13,589 - INFO - 🔍 WF-шаг 3/5: Валидация временных окон...
2026-01-19 06:55:13,589 - INFO - ⇢ WF-шаг 3/5: training 2023-10-01-2023-11-29, testing 2023-11-30-2023-12-30 — start
2026-01-19 06:55:13,589 - INFO - ⇢ loading step data — start
2026-01-19 06:55:13,772 - INFO - ⇠ loading step data — done in 0.18s
2026-01-19 06:55:15,154 - INFO - 📊 WF-шаг 3/5: Границы данных:
2026-01-19 06:55:15,154 - INFO -    Training: 2023-10-01 00:00:00 → 2023-11-29 23:45:00 (5,760 строк × 309 символов)
2026-01-19 06:55:15,154 - INFO -    Testing:  2023-11-30 00:00:00 → 2023-12-30 00:00:00 (2,881 строк × 309 символов)
2026-01-19 06:55:15,154 - INFO -    Временной разрыв: 0 days 00:15:00
2026-01-19 06:55:15,192 - INFO - ⇢ normalizing training data — start
2026-01-19 06:55:15,227 - INFO -   Символы с NaN значениями: 33
2026-01-19 06:55:15,227 - INFO -   Применяем метод нормализации: rolling_zscore
2026-01-19 06:55:15,243 - INFO - Символы с недостаточной историей: 32 из 309
2026-01-19 06:55:15,674 - INFO - Символы с NaN после нормализации: 277
2026-01-19 06:55:15,681 - INFO - Удалено 233 начальных строк с NaN от rolling расчетов
2026-01-19 06:55:15,684 - INFO - Итоговое количество символов после нормализации: 277 из 309
2026-01-19 06:55:15,684 - INFO -   Статистика нормализации:
2026-01-19 06:55:15,684 - INFO -     Исходные символы: 309
2026-01-19 06:55:15,684 - INFO -     Недостаточная история: 32
2026-01-19 06:55:15,684 - INFO -     Постоянная цена: 0
2026-01-19 06:55:15,684 - INFO -     NaN после нормализации: 277
2026-01-19 06:55:15,684 - INFO -     Итоговые символы: 277 (89.6%)
2026-01-19 06:55:15,684 - INFO -   После нормализации: 277 символов (потеряно 32)
2026-01-19 06:55:15,684 - INFO -   Отброшено много символов: 32 из 309
2026-01-19 06:55:15,684 - INFO - ⇠ normalizing training data — done in 0.49s
2026-01-19 06:55:15,685 - INFO - ⇢ SSD computation — start
2026-01-19 06:55:15,685 - INFO -   Расчет SSD для всех пар (без ограничения)
2026-01-19 06:55:18,158 - INFO -   SSD результат (все пары): 38226 пар
2026-01-19 06:55:18,158 - INFO -   Ограничиваем до top-15000 пар для дальнейшей обработки
2026-01-19 06:55:18,159 - INFO - ⇠ SSD computation — done in 2.47s
2026-01-19 06:55:18,164 - INFO - ⇢ filtering pairs by cointegration and half-life — start
2026-01-19 06:55:18,165 - INFO - [ФИЛЬТР] Параллельная фильтрация: threads (8 workers)
2026-01-19 06:58:40,548 - INFO - [ФИЛЬТР] После проверки данных: 15000 пар
2026-01-19 06:58:40,549 - INFO - [ФИЛЬТР] После фильтра корреляции (>0.65): 13071 пар
2026-01-19 06:58:40,549 - INFO - [ФИЛЬТР] После фильтра beta: 8967 пар
2026-01-19 06:58:40,549 - INFO - [ФИЛЬТР] После фильтра mean crossings: 8967 пар
2026-01-19 06:58:40,549 - INFO - [ФИЛЬТР] После фильтра half-life: 8924 пар
2026-01-19 06:58:40,549 - INFO - [ФИЛЬТР] После фильтра коинтеграции: 1567 пар
2026-01-19 06:58:40,549 - INFO - [ФИЛЬТР] После фильтра Hurst: 500 пар
2026-01-19 06:58:40,549 - INFO - [ФИЛЬТР] После фильтра KPSS: 27 пар
2026-01-19 06:58:40,549 - INFO - [ФИЛЬТР] После фильтра market microstructure: 27 пар
2026-01-19 06:58:40,549 - INFO - [ФИЛЬТР] Статистика фильтрации (оптимизированный порядок):
2026-01-19 06:58:40,549 - INFO -   1. SSD → Коинтеграция: 15000 → 1567 пар
2026-01-19 06:58:40,549 - INFO -   2. Коинтеграция → Beta: 1567 → 8967 пар
2026-01-19 06:58:40,549 - INFO -   3. Beta → Half-life: 8967 → 8924 пар
2026-01-19 06:58:40,549 - INFO -   4. Half-life → Mean crossings: 8924 → 8967 пар
2026-01-19 06:58:40,549 - INFO -   5. Mean crossings → Hurst: 8967 → 500 пар
2026-01-19 06:58:40,549 - INFO -   6. Hurst → KPSS: 500 → 27 пар
2026-01-19 06:58:40,549 - INFO -   7. KPSS → Market microstructure: 27 → 27 пар
2026-01-19 06:58:40,549 - INFO - [ФИЛЬТР] Причины отсева:
2026-01-19 06:58:40,549 - INFO -   • pvalue: 7357 пар (49.0%)
2026-01-19 06:58:40,549 - INFO -   • beta: 4104 пар (27.4%)
2026-01-19 06:58:40,549 - INFO -   • low_correlation: 1929 пар (12.9%)
2026-01-19 06:58:40,549 - INFO -   • hurst: 1067 пар (7.1%)
2026-01-19 06:58:40,549 - INFO -   • kpss: 473 пар (3.2%)
2026-01-19 06:58:40,549 - INFO -   • half_life: 43 пар (0.3%)
2026-01-19 06:58:40,549 - INFO - [ФИЛЬТР] Итого: 15000 → 27 пар (0.2% прошли все фильтры)
2026-01-19 06:58:40,572 - INFO - Причины отсева сохранены в results/filter_reasons_20260119_065840.csv
2026-01-19 06:58:40,578 - INFO -   Pair stability filter: 27 → 0 (window=3, min_steps=2)
2026-01-19 06:58:40,578 - INFO -   Фильтрация: 15000 → 0 пар
2026-01-19 06:58:40,578 - INFO - ⇠ filtering pairs by cointegration and half-life — done in 202.41s
2026-01-19 06:58:40,578 - INFO - ⇠ WF-шаг 3/5: training 2023-10-01-2023-11-29, testing 2023-11-30-2023-12-30 — done in 206.99s
2026-01-19 06:58:40,578 - INFO -   Всего пар для торговли: 0 (ограничение 15 применяется к одновременно открытым позициям)
2026-01-19 06:58:40,579 - INFO -   💰 Проверка расчета капитала: equity=$10,076.90, кандидатных_пар=0, max_позиций=15
2026-01-19 06:58:40,579 - INFO -   🎯 Target concurrency: 0 (ожидаемое одновременное число позиций)
2026-01-19 06:58:40,579 - INFO -   💼 Шаг P&L: $+0.00, Накопленный капитал: $10,076.90
2026-01-19 06:58:40,579 - INFO - ------------------------------------------------------------
2026-01-19 06:58:40,579 - INFO -   Walk-forward steps: 3 / 5 (60.0%) | 0.0 items/s | ETA: 379.0s
2026-01-19 06:58:40,579 - INFO - 🔍 WF-шаг 4/5: Валидация временных окон...
2026-01-19 06:58:40,580 - INFO - ⇢ WF-шаг 4/5: training 2023-10-31-2023-12-29, testing 2023-12-30-2024-01-29 — start
2026-01-19 06:58:40,580 - INFO - ⇢ loading step data — start
2026-01-19 06:58:40,760 - INFO - ⇠ loading step data — done in 0.18s
2026-01-19 06:58:42,083 - INFO - 📊 WF-шаг 4/5: Границы данных:
2026-01-19 06:58:42,083 - INFO -    Training: 2023-10-31 00:00:00 → 2023-12-29 23:45:00 (5,760 строк × 327 символов)
2026-01-19 06:58:42,083 - INFO -    Testing:  2023-12-30 00:00:00 → 2024-01-29 00:00:00 (2,881 строк × 327 символов)
2026-01-19 06:58:42,083 - INFO -    Временной разрыв: 0 days 00:15:00
2026-01-19 06:58:42,124 - INFO - ⇢ normalizing training data — start
2026-01-19 06:58:42,159 - INFO -   Символы с NaN значениями: 45
2026-01-19 06:58:42,160 - INFO -   Применяем метод нормализации: rolling_zscore
2026-01-19 06:58:42,174 - INFO - Символы с недостаточной историей: 40 из 327
2026-01-19 06:58:42,567 - INFO - Символы с NaN после нормализации: 287
2026-01-19 06:58:42,573 - INFO - Удалено 809 начальных строк с NaN от rolling расчетов
2026-01-19 06:58:42,575 - INFO - Итоговое количество символов после нормализации: 287 из 327
2026-01-19 06:58:42,575 - INFO -   Статистика нормализации:
2026-01-19 06:58:42,575 - INFO -     Исходные символы: 327
2026-01-19 06:58:42,575 - INFO -     Недостаточная история: 40
2026-01-19 06:58:42,575 - INFO -     Постоянная цена: 0
2026-01-19 06:58:42,575 - INFO -     NaN после нормализации: 287
2026-01-19 06:58:42,575 - INFO -     Итоговые символы: 287 (87.8%)
2026-01-19 06:58:42,575 - INFO -   После нормализации: 287 символов (потеряно 40)
2026-01-19 06:58:42,575 - INFO -   Отброшено много символов: 40 из 327
2026-01-19 06:58:42,575 - INFO - ⇠ normalizing training data — done in 0.45s
2026-01-19 06:58:42,576 - INFO - ⇢ SSD computation — start
2026-01-19 06:58:42,576 - INFO -   Расчет SSD для всех пар (без ограничения)
2026-01-19 06:58:44,839 - INFO -   SSD результат (все пары): 41041 пар
2026-01-19 06:58:44,839 - INFO -   Ограничиваем до top-15000 пар для дальнейшей обработки
2026-01-19 06:58:44,840 - INFO - ⇠ SSD computation — done in 2.26s
2026-01-19 06:58:44,845 - INFO - ⇢ filtering pairs by cointegration and half-life — start
2026-01-19 06:58:44,845 - INFO - [ФИЛЬТР] Параллельная фильтрация: threads (8 workers)
2026-01-19 07:00:53,115 - INFO - [ФИЛЬТР] После проверки данных: 15000 пар
2026-01-19 07:00:53,116 - INFO - [ФИЛЬТР] После фильтра корреляции (>0.65): 8231 пар
2026-01-19 07:00:53,116 - INFO - [ФИЛЬТР] После фильтра beta: 5544 пар
2026-01-19 07:00:53,116 - INFO - [ФИЛЬТР] После фильтра mean crossings: 5544 пар
2026-01-19 07:00:53,116 - INFO - [ФИЛЬТР] После фильтра half-life: 5501 пар
2026-01-19 07:00:53,116 - INFO - [ФИЛЬТР] После фильтра коинтеграции: 1051 пар
2026-01-19 07:00:53,116 - INFO - [ФИЛЬТР] После фильтра Hurst: 340 пар
2026-01-19 07:00:53,116 - INFO - [ФИЛЬТР] После фильтра KPSS: 12 пар
2026-01-19 07:00:53,116 - INFO - [ФИЛЬТР] После фильтра market microstructure: 12 пар
2026-01-19 07:00:53,116 - INFO - [ФИЛЬТР] Статистика фильтрации (оптимизированный порядок):
2026-01-19 07:00:53,116 - INFO -   1. SSD → Коинтеграция: 15000 → 1051 пар
2026-01-19 07:00:53,116 - INFO -   2. Коинтеграция → Beta: 1051 → 5544 пар
2026-01-19 07:00:53,116 - INFO -   3. Beta → Half-life: 5544 → 5501 пар
2026-01-19 07:00:53,116 - INFO -   4. Half-life → Mean crossings: 5501 → 5544 пар
2026-01-19 07:00:53,116 - INFO -   5. Mean crossings → Hurst: 5544 → 340 пар
2026-01-19 07:00:53,116 - INFO -   6. Hurst → KPSS: 340 → 12 пар
2026-01-19 07:00:53,116 - INFO -   7. KPSS → Market microstructure: 12 → 12 пар
2026-01-19 07:00:53,116 - INFO - [ФИЛЬТР] Причины отсева:
2026-01-19 07:00:53,116 - INFO -   • low_correlation: 6769 пар (45.1%)
2026-01-19 07:00:53,116 - INFO -   • pvalue: 4450 пар (29.7%)
2026-01-19 07:00:53,116 - INFO -   • beta: 2687 пар (17.9%)
2026-01-19 07:00:53,116 - INFO -   • hurst: 711 пар (4.7%)
2026-01-19 07:00:53,116 - INFO -   • kpss: 328 пар (2.2%)
2026-01-19 07:00:53,116 - INFO -   • half_life: 43 пар (0.3%)
2026-01-19 07:00:53,116 - INFO - [ФИЛЬТР] Итого: 15000 → 12 пар (0.1% прошли все фильтры)
2026-01-19 07:00:53,139 - INFO - Причины отсева сохранены в results/filter_reasons_20260119_070053.csv
2026-01-19 07:00:53,145 - INFO -   Pair stability filter: 12 → 0 (window=3, min_steps=2)
2026-01-19 07:00:53,145 - INFO -   Фильтрация: 15000 → 0 пар
2026-01-19 07:00:53,145 - INFO - ⇠ filtering pairs by cointegration and half-life — done in 128.30s
2026-01-19 07:00:53,145 - INFO - ⇠ WF-шаг 4/5: training 2023-10-31-2023-12-29, testing 2023-12-30-2024-01-29 — done in 132.57s
2026-01-19 07:00:53,145 - INFO -   Всего пар для торговли: 0 (ограничение 15 применяется к одновременно открытым позициям)
2026-01-19 07:00:53,146 - INFO -   💰 Проверка расчета капитала: equity=$10,076.90, кандидатных_пар=0, max_позиций=15
2026-01-19 07:00:53,146 - INFO -   🎯 Target concurrency: 0 (ожидаемое одновременное число позиций)
2026-01-19 07:00:53,146 - INFO -   💼 Шаг P&L: $+0.00, Накопленный капитал: $10,076.90
2026-01-19 07:00:53,146 - INFO - ------------------------------------------------------------
2026-01-19 07:00:53,146 - INFO -   Walk-forward steps: 4 / 5 (80.0%) | 0.0 items/s | ETA: 175.3s
2026-01-19 07:00:53,146 - INFO - 🔍 WF-шаг 5/5: Валидация временных окон...
2026-01-19 07:00:53,147 - INFO - ⇢ WF-шаг 5/5: training 2023-11-30-2024-01-28, testing 2024-01-29-2024-02-28 — start
2026-01-19 07:00:53,147 - INFO - ⇢ loading step data — start
2026-01-19 07:00:53,331 - INFO - ⇠ loading step data — done in 0.18s
2026-01-19 07:00:54,770 - INFO - 📊 WF-шаг 5/5: Границы данных:
2026-01-19 07:00:54,771 - INFO -    Training: 2023-11-30 00:00:00 → 2024-01-28 23:45:00 (5,760 строк × 344 символов)
2026-01-19 07:00:54,771 - INFO -    Testing:  2024-01-29 00:00:00 → 2024-02-28 00:00:00 (2,881 строк × 344 символов)
2026-01-19 07:00:54,771 - INFO -    Временной разрыв: 0 days 00:15:00
2026-01-19 07:00:54,812 - INFO - ⇢ normalizing training data — start
2026-01-19 07:00:54,849 - INFO -   Символы с NaN значениями: 52
2026-01-19 07:00:54,849 - INFO -   Применяем метод нормализации: rolling_zscore
2026-01-19 07:00:54,865 - INFO - Символы с недостаточной историей: 44 из 344
2026-01-19 07:00:55,274 - INFO - Символы с NaN после нормализации: 300
2026-01-19 07:00:55,280 - INFO - Удалено 809 начальных строк с NaN от rolling расчетов
2026-01-19 07:00:55,282 - INFO - Итоговое количество символов после нормализации: 300 из 344
2026-01-19 07:00:55,283 - INFO -   Статистика нормализации:
2026-01-19 07:00:55,283 - INFO -     Исходные символы: 344
2026-01-19 07:00:55,283 - INFO -     Недостаточная история: 44
2026-01-19 07:00:55,283 - INFO -     Постоянная цена: 0
2026-01-19 07:00:55,283 - INFO -     NaN после нормализации: 300
2026-01-19 07:00:55,283 - INFO -     Итоговые символы: 300 (87.2%)
2026-01-19 07:00:55,283 - INFO -   После нормализации: 300 символов (потеряно 44)
2026-01-19 07:00:55,283 - INFO -   Отброшено много символов: 44 из 344
2026-01-19 07:00:55,283 - INFO - ⇠ normalizing training data — done in 0.47s
2026-01-19 07:00:55,284 - INFO - ⇢ SSD computation — start
2026-01-19 07:00:55,284 - INFO -   Расчет SSD для всех пар (без ограничения)
2026-01-19 07:00:57,833 - INFO -   SSD результат (все пары): 44850 пар
2026-01-19 07:00:57,833 - INFO -   Ограничиваем до top-15000 пар для дальнейшей обработки
2026-01-19 07:00:57,834 - INFO - ⇠ SSD computation — done in 2.55s
2026-01-19 07:00:57,839 - INFO - ⇢ filtering pairs by cointegration and half-life — start
2026-01-19 07:00:57,839 - INFO - [ФИЛЬТР] Параллельная фильтрация: threads (8 workers)
2026-01-19 07:02:39,851 - INFO - [ФИЛЬТР] После проверки данных: 15000 пар
2026-01-19 07:02:39,851 - INFO - [ФИЛЬТР] После фильтра корреляции (>0.65): 4006 пар
2026-01-19 07:02:39,851 - INFO - [ФИЛЬТР] После фильтра beta: 3025 пар
2026-01-19 07:02:39,851 - INFO - [ФИЛЬТР] После фильтра mean crossings: 3025 пар
2026-01-19 07:02:39,851 - INFO - [ФИЛЬТР] После фильтра half-life: 2981 пар
2026-01-19 07:02:39,851 - INFO - [ФИЛЬТР] После фильтра коинтеграции: 983 пар
2026-01-19 07:02:39,851 - INFO - [ФИЛЬТР] После фильтра Hurst: 378 пар
2026-01-19 07:02:39,851 - INFO - [ФИЛЬТР] После фильтра KPSS: 32 пар
2026-01-19 07:02:39,851 - INFO - [ФИЛЬТР] После фильтра market microstructure: 32 пар
2026-01-19 07:02:39,851 - INFO - [ФИЛЬТР] Статистика фильтрации (оптимизированный порядок):
2026-01-19 07:02:39,851 - INFO -   1. SSD → Коинтеграция: 15000 → 983 пар
2026-01-19 07:02:39,851 - INFO -   2. Коинтеграция → Beta: 983 → 3025 пар
2026-01-19 07:02:39,851 - INFO -   3. Beta → Half-life: 3025 → 2981 пар
2026-01-19 07:02:39,852 - INFO -   4. Half-life → Mean crossings: 2981 → 3025 пар
2026-01-19 07:02:39,852 - INFO -   5. Mean crossings → Hurst: 3025 → 378 пар
2026-01-19 07:02:39,852 - INFO -   6. Hurst → KPSS: 378 → 32 пар
2026-01-19 07:02:39,852 - INFO -   7. KPSS → Market microstructure: 32 → 32 пар
2026-01-19 07:02:39,852 - INFO - [ФИЛЬТР] Причины отсева:
2026-01-19 07:02:39,852 - INFO -   • low_correlation: 10994 пар (73.3%)
2026-01-19 07:02:39,852 - INFO -   • pvalue: 1998 пар (13.3%)
2026-01-19 07:02:39,852 - INFO -   • beta: 981 пар (6.5%)
2026-01-19 07:02:39,852 - INFO -   • hurst: 605 пар (4.0%)
2026-01-19 07:02:39,852 - INFO -   • kpss: 346 пар (2.3%)
2026-01-19 07:02:39,852 - INFO -   • half_life: 44 пар (0.3%)
2026-01-19 07:02:39,852 - INFO - [ФИЛЬТР] Итого: 15000 → 32 пар (0.2% прошли все фильтры)
2026-01-19 07:02:39,874 - INFO - Причины отсева сохранены в results/filter_reasons_20260119_070239.csv
2026-01-19 07:02:39,880 - INFO -   Pair stability filter: 32 → 0 (window=3, min_steps=2)
2026-01-19 07:02:39,880 - INFO -   Фильтрация: 15000 → 0 пар
2026-01-19 07:02:39,880 - INFO - ⇠ filtering pairs by cointegration and half-life — done in 102.04s
2026-01-19 07:02:39,880 - INFO - ⇠ WF-шаг 5/5: training 2023-11-30-2024-01-28, testing 2024-01-29-2024-02-28 — done in 106.73s
2026-01-19 07:02:39,880 - INFO -   Всего пар для торговли: 0 (ограничение 15 применяется к одновременно открытым позициям)
2026-01-19 07:02:39,880 - INFO -   💰 Проверка расчета капитала: equity=$10,076.90, кандидатных_пар=0, max_позиций=15
2026-01-19 07:02:39,880 - INFO -   🎯 Target concurrency: 0 (ожидаемое одновременное число позиций)
2026-01-19 07:02:39,881 - INFO -   💼 Шаг P&L: $+0.00, Накопленный капитал: $10,076.90
2026-01-19 07:02:39,881 - INFO - ------------------------------------------------------------
2026-01-19 07:02:39,881 - INFO -   Walk-forward steps: 5 / 5 (100.0%) | 0.0 items/s | ETA: 0.0s
2026-01-19 07:02:39,881 - INFO - ⇠ Walk-forward steps — completed 5 items in 807.83s (0.0 items/s)
2026-01-19 07:02:39,881 - INFO - ================================================================================
2026-01-19 07:02:39,881 - INFO - 🏁 Walk-forward анализ завершен!
2026-01-19 07:02:39,881 - INFO - ⏱️ Обработано 5 шагов за 594.2 секунд
2026-01-19 07:02:39,881 - INFO - 📊 Всего обработано пар за весь анализ: 34
2026-01-19 07:02:39,881 - INFO - 💰 Финальный капитал: $10,076.90 (было $10,000.00)
2026-01-19 07:02:39,881 - INFO - 📈 Общая доходность: +0.77% ($+76.90)
2026-01-19 07:02:39,881 - INFO - 📊 Всего сделок: 0
2026-01-19 07:02:39,882 - INFO - ================================================================================
2026-01-19 07:02:39,882 - INFO - ✓ Завершены все 5 WF-шагов
2026-01-19 07:02:39,882 - INFO - ⇢ Обработка финальных результатов и расчет метрик...
2026-01-19 07:02:39,882 - INFO - ⇢ processing final results — start
2026-01-19 07:02:39,882 - INFO -   ⇢ Агрегация данных P&L за 2881 торговых дней
2026-01-19 07:02:39,890 - INFO -   ⇢ Расчет базовых метрик производительности...
2026-01-19 07:02:39,890 - INFO -     📊 Данные для анализа: 2881 записей P&L, 2881 точек equity
2026-01-19 07:02:39,892 - INFO -   ⇢ Расчет расширенных метрик (волатильность, Calmar ratio, и др.)...
2026-01-19 07:02:39,892 - INFO -   ✅ Расширенные метрики рассчитаны: 6 показателей
2026-01-19 07:02:39,893 - INFO -   ⇢ Анализ статистики по 34 парам...
2026-01-19 07:02:39,894 - INFO - ✅ Рассчитаны метрики производительности (19 показателей)
2026-01-19 07:02:39,894 - INFO -   💰 Общий P&L: $+76.90
2026-01-19 07:02:39,894 - INFO -   📊 Sharpe Ratio: 5.924
2026-01-19 07:02:39,894 - INFO -   📉 Максимальная просадка: -2689.53%
2026-01-19 07:02:39,894 - INFO -   🔄 Всего сделок: 597
2026-01-19 07:02:39,894 - INFO -   📈 Торгуемых пар: 34
2026-01-19 07:02:39,894 - INFO -   💸 Общие издержки: $18.64
2026-01-19 07:02:39,895 - coint2.metrics - INFO - Metric: total_pnl
2026-01-19 07:02:39,895 - coint2.metrics - INFO - Metric: sharpe_ratio_abs
2026-01-19 07:02:39,895 - coint2.metrics - INFO - Metric: max_drawdown_pct
2026-01-19 07:02:39,895 - coint2.metrics - INFO - Metric: total_trades
2026-01-19 07:02:39,895 - coint2.metrics - INFO - Metric: total_pairs_traded
2026-01-19 07:02:39,895 - coint2.metrics - INFO - Metric: total_costs
2026-01-19 07:02:39,896 - INFO - ⇠ processing final results — done in 0.01s
2026-01-19 07:02:39,896 - INFO - ⇢ Создание отчетов и сохранение результатов...
2026-01-19 07:02:39,896 - INFO - ⇢ generating reports — start
2026-01-19 07:02:39,896 - INFO -   ⇢ Создание отчета о производительности...
2026-01-19 07:02:43,915 - INFO -   ✓ Отчет о производительности создан
2026-01-19 07:02:43,915 - INFO -   ⇢ Сохранение данных в CSV файлы...
2026-01-19 07:02:43,917 - INFO - 📋 Метрики сохранены: artifacts/wfa/runs/20260119_stability_shortlist/stability_20260119_pv0p03_hurst0p5_hl0p05_40_corr0p65_ssd15000/strategy_metrics.csv
2026-01-19 07:02:43,917 - INFO - 📈 Дневные P&L сохранены: artifacts/wfa/runs/20260119_stability_shortlist/stability_20260119_pv0p03_hurst0p5_hl0p05_40_corr0p65_ssd15000/daily_pnl.csv (31 записей)
2026-01-19 07:02:43,930 - INFO - 💹 Кривая капитала сохранена: artifacts/wfa/runs/20260119_stability_shortlist/stability_20260119_pv0p03_hurst0p5_hl0p05_40_corr0p65_ssd15000/equity_curve.csv (2881 точек)
2026-01-19 07:02:43,932 - INFO - 📋 Статистика сделок сохранена: artifacts/wfa/runs/20260119_stability_shortlist/stability_20260119_pv0p03_hurst0p5_hl0p05_40_corr0p65_ssd15000/trade_statistics.csv (34 записей)
2026-01-19 07:02:43,932 - INFO - 🎉 Walk-Forward анализ полностью завершен!
2026-01-19 07:02:43,932 - INFO - 📊 Все отчеты и данные сохранены в: artifacts/wfa/runs/20260119_stability_shortlist/stability_20260119_pv0p03_hurst0p5_hl0p05_40_corr0p65_ssd15000
2026-01-19 07:02:43,932 - INFO - 💼 Итоговый капитал: $10,076.90
2026-01-19 07:02:43,932 - INFO - ⏱️  Общее время выполнения: 598.2 секунд
2026-01-19 07:02:43,932 - INFO - ⇠ generating reports — done in 4.04s
2026-01-19 07:02:43,932 - coint2.core.memory_optimization - INFO - 🧹 Cleaning up global price data
2026-01-19 07:02:43,935 - coint2.core.memory_optimization - INFO - 📊 No global rolling stats to clean up
2026-01-19 07:02:43,936 - INFO - 🧹 Memory-mapped data cleaned up
2026-01-19 07:02:43,937 - INFO - ⇠ run_walk_forward_analysis — done in 819.85s
⚙️  Загрузка данных за период: 2023-09-01 -> 2023-11-30
📂 Найдено 43 parquet файлов для обработки.
📊 Схема данных: Schema({'timestamp': Int64, 'open': Float64, 'high': Float64, 'low': Float64, 'close': Float64, 'volume': Float64, 'turnover': String, 'ts_ms': Int64, 'symbol': String})
✅ Загружено 2420293 записей с помощью Polars.
📊 Типы данных в pandas: timestamp       datetime64[us]
symbol                  object
close                  float64
timestamp_ms             int64
dtype: object
⚙️  Загрузка данных за период: 2023-10-01 -> 2023-12-30
📂 Найдено 43 parquet файлов для обработки.
📊 Схема данных: Schema({'timestamp': Int64, 'open': Float64, 'high': Float64, 'low': Float64, 'close': Float64, 'volume': Float64, 'turnover': String, 'ts_ms': Int64, 'symbol': String})
✅ Загружено 2499894 записей с помощью Polars.
📊 Типы данных в pandas: timestamp       datetime64[us]
symbol                  object
close                  float64
timestamp_ms             int64
dtype: object
⚙️  Загрузка данных за период: 2023-10-31 -> 2024-01-29
📂 Найдено 43 parquet файлов для обработки.
📊 Схема данных: Schema({'timestamp': Int64, 'open': Float64, 'high': Float64, 'low': Float64, 'close': Float64, 'volume': Float64, 'turnover': String, 'ts_ms': Int64, 'symbol': String})
✅ Загружено 2615053 записей с помощью Polars.
📊 Типы данных в pandas: timestamp       datetime64[us]
symbol                  object
close                  float64
timestamp_ms             int64
dtype: object
⚙️  Загрузка данных за период: 2023-11-30 -> 2024-02-28
📂 Найдено 43 parquet файлов для обработки.
📊 Схема данных: Schema({'timestamp': Int64, 'open': Float64, 'high': Float64, 'low': Float64, 'close': Float64, 'volume': Float64, 'turnover': String, 'ts_ms': Int64, 'symbol': String})
✅ Загружено 2755343 записей с помощью Polars.
📊 Типы данных в pandas: timestamp       datetime64[us]
symbol                  object
close                  float64
timestamp_ms             int64
dtype: object
📊 Отчет сохранен: artifacts/wfa/runs/20260119_stability_shortlist/stability_20260119_pv0p03_hurst0p5_hl0p05_40_corr0p65_ssd15000/CointegrationStrategy_performance_report.png
🎯 ============================================================
📊 ИТОГИ ТОРГОВОЙ СТРАТЕГИИ
🎯 ============================================================

💰 ФИНАНСОВЫЕ РЕЗУЛЬТАТЫ:
   • Общий P&L:                           77
   • Максимальная просадка:              -27
   • Средний дневной P&L:                  2

📈 МЕТРИКИ РИСКА:
   • Коэффициент Шарпа:               5.9245
   • Волатильность P&L:                 6.40
   • Процент прибыльных дней:         64.52%

🔄 ТОРГОВАЯ АКТИВНОСТЬ:
   • Всего торговых дней:                 31
   • Всего сделок:                       597
   • Торгуемых пар:                       34
   • Сделок на пару:                    17.6
   • Успешность сделок:               0.35%

💸 РАСХОДЫ И ЭКСТРЕМУМЫ:
   • Общие расходы:                       19
   • Максимальная прибыль:                19
   • Максимальный убыток:                -11
   • Лучшая пара (P&L):                   18
   • Худшая пара (P&L):                  -14

📊 ОЦЕНКА СТРАТЕГИИ:
   ✅ ОТЛИЧНАЯ стратегия! Высокий Шарп и положительный результат

🎯 ============================================================

Annualized Sharpe Ratio: 5.924496787730175
[run_wfa_fullcpu] end: 2026-01-19T07:02:44Z
