[run_wfa_queue] 2026-01-23T14:57:41Z cmd: /opt/coint4/coint4/run_wfa_fullcpu.sh configs/budget_20260123_1000_capsweep_oos20240101_20240630_top50_maxnot40_riskfine2_minnotgrid_maxpairsgrid/stress_relaxed8_nokpss_20260123_oos20240101_20240630_top50_z1p00_exit0p06_hold180_cd180_ms0p2_cap1000_maxnot40_risk0p02_minnot15_maxpairs20.yaml artifacts/wfa/runs/20260123_budget1000_oos20240101_20240630_top50_maxnot40_riskfine2_minnotgrid_maxpairsgrid/stress_relaxed8_nokpss_20260123_oos20240101_20240630_top50_z1p00_exit0p06_hold180_cd180_ms0p2_cap1000_maxnot40_risk0p02_minnot15_maxpairs20
[run_wfa_fullcpu] start: 2026-01-23T14:57:41Z
[run_wfa_fullcpu] os.cpu_count: 8
[run_wfa_fullcpu] worker_pid=12274
2026-01-23 14:57:45,051 - coint2.core.memory_optimization - INFO - ✅ BLAS threading limits set to 1 via threadpoolctl
2026-01-23 14:57:45,051 - coint2.core.memory_optimization - INFO - 🔧 Controlled libraries: openblas, openmp
2026-01-23 14:57:45,051 - coint2.core.memory_optimization - INFO - 🧵 Process threads: 2 → 2
2026-01-23 14:57:45,051 - coint2.core.memory_optimization - INFO - 📝 Set 11 environment variables
2026-01-23 14:57:45,394 - INFO - ✅ Параметры конфигурации валидны
2026-01-23 14:57:45,394 - INFO - 📝 Некоторые параметры были скорректированы:
2026-01-23 14:57:45,552 - INFO - 🔒 WFA: фиксированный universe из artifacts/universe/20260119_relaxed8_strict_preholdout_v2/pairs_universe.yaml (250 пар)
2026-01-23 14:57:45,552 - INFO -   Шаг 1: тренировка 2023-10-03-2023-12-31, тест 2024-01-01-2024-01-31
2026-01-23 14:57:45,552 - INFO -   Шаг 2: тренировка 2023-11-02-2024-01-30, тест 2024-01-31-2024-03-01
2026-01-23 14:57:45,552 - INFO -   Шаг 3: тренировка 2023-12-02-2024-02-29, тест 2024-03-01-2024-03-31
2026-01-23 14:57:45,552 - INFO -   Шаг 4: тренировка 2024-01-01-2024-03-30, тест 2024-03-31-2024-04-30
2026-01-23 14:57:45,552 - INFO -   Шаг 5: тренировка 2024-01-31-2024-04-29, тест 2024-04-30-2024-05-30
2026-01-23 14:57:45,552 - INFO -   Шаг 6: тренировка 2024-03-01-2024-05-29, тест 2024-05-30-2024-06-29
2026-01-23 14:57:45,552 - INFO -   Шаг 7: тренировка 2024-03-31-2024-06-28, тест 2024-06-29-2024-07-29
2026-01-23 14:57:45,553 - INFO - 📈 Запланировано 7 walk-forward шагов
2026-01-23 14:57:45,553 - INFO - ⛔ Ограничение WFA шагов: 7 → 3
2026-01-23 14:57:45,553 - WARNING - ⚠️ Маленький буфер между training и testing в шаге 1: 0 дней. Рекомендуется минимум 1 день.
2026-01-23 14:57:45,553 - WARNING - ⚠️ Маленький буфер между training и testing в шаге 2: 0 дней. Рекомендуется минимум 1 день.
2026-01-23 14:57:45,553 - WARNING - ⚠️ Маленький буфер между training и testing в шаге 3: 0 дней. Рекомендуется минимум 1 день.
2026-01-23 14:57:45,553 - INFO - ✅ Шаги успешно запланированы:
2026-01-23 14:57:45,553 - INFO -    Шаг 1: тренировка 2023-10-03-2023-12-31, тест 2024-01-01-2024-01-31
2026-01-23 14:57:45,553 - INFO -    Шаг 2: тренировка 2023-11-02-2024-01-30, тест 2024-01-31-2024-03-01
2026-01-23 14:57:45,553 - INFO -    Шаг 3: тренировка 2023-12-02-2024-02-29, тест 2024-03-01-2024-03-31
2026-01-23 14:57:45,553 - INFO - 🗂️ Consolidating price data for memory-mapped access...
2026-01-23 14:57:45,553 - INFO - 📊 Consolidating data range: 2023-09-28 → 2024-04-05
2026-01-23 14:57:45,553 - coint2.core.memory_optimization - INFO - 🔄 Consolidating price data from data_downloaded to .cache/consolidated_prices.parquet
2026-01-23 14:57:45,553 - INFO - ⇢ loading raw data for consolidation — start
2026-01-23 14:57:46,076 - INFO - ⇠ loading raw data for consolidation — done in 0.52s
2026-01-23 14:57:46,076 - INFO - ⇢ pivoting data to wide format — start
2026-01-23 14:57:49,903 - INFO - ⇠ pivoting data to wide format — done in 3.83s
2026-01-23 14:57:49,956 - coint2.core.memory_optimization - INFO - 📊 Consolidated data: 18241 rows × 366 symbols
2026-01-23 14:57:49,957 - coint2.core.memory_optimization - INFO - 💾 Memory usage: 26.9 MB
2026-01-23 14:57:49,957 - INFO - ⇢ writing consolidated Parquet file — start
2026-01-23 14:57:50,162 - INFO - ⇠ writing consolidated Parquet file — done in 0.21s
2026-01-23 14:57:50,163 - coint2.core.memory_optimization - INFO - ✅ Successfully consolidated data to .cache/consolidated_prices.parquet
2026-01-23 14:57:50,187 - coint2.core.memory_optimization - INFO - 🔄 Initializing memory-mapped price data from .cache/consolidated_prices.parquet
2026-01-23 14:57:50,187 - INFO - ⇢ loading memory-mapped data — start
2026-01-23 14:57:50,187 - coint2.core.memory_optimization - WARNING - ⚠️ memory_map не поддерживается в текущей версии pyarrow, fallback без mmap
2026-01-23 14:57:50,303 - INFO - ⇠ loading memory-mapped data — done in 0.12s
2026-01-23 14:57:50,313 - coint2.core.memory_optimization - INFO - 📊 Loaded 18241 rows × 366 symbols
2026-01-23 14:57:50,313 - coint2.core.memory_optimization - INFO - 💾 Memory usage: 26.9 MB (memory-mapped)
2026-01-23 14:57:50,314 - INFO - ✅ Memory-mapped data initialized successfully
2026-01-23 14:57:50,315 - INFO - ⇢ Walk-forward steps — starting 3 items
2026-01-23 14:57:50,316 - INFO - 📈 Инициализация equity кривой с первой тестовой даты: 2024-01-01 00:00:00
2026-01-23 14:57:50,316 - INFO - 🔍 WF-шаг 1/3: Валидация временных окон...
2026-01-23 14:57:50,316 - INFO - ⇢ WF-шаг 1/3: training 2023-10-03-2023-12-31, testing 2024-01-01-2024-01-31 — start
2026-01-23 14:57:50,316 - INFO - ⇢ loading step data — start
2026-01-23 14:57:50,530 - INFO - ⇠ loading step data — done in 0.21s
2026-01-23 14:57:52,562 - INFO - 📊 WF-шаг 1/3: Границы данных:
2026-01-23 14:57:52,563 - INFO -    Training: 2023-10-03 00:00:00 → 2023-12-31 23:45:00 (8,640 строк × 329 символов)
2026-01-23 14:57:52,563 - INFO -    Testing:  2024-01-01 00:00:00 → 2024-01-31 00:00:00 (2,881 строк × 329 символов)
2026-01-23 14:57:52,563 - INFO -    Временной разрыв: 0 days 00:15:00
2026-01-23 14:57:52,612 - INFO - ⇢ normalizing training data — start
2026-01-23 14:57:52,652 - INFO -   Символы с NaN значениями: 53
2026-01-23 14:57:52,652 - INFO -   Применяем метод нормализации: rolling_zscore
2026-01-23 14:57:52,675 - INFO - Символы с недостаточной историей: 50 из 329
2026-01-23 14:57:53,301 - INFO - Символы с NaN после нормализации: 279
2026-01-23 14:57:53,309 - INFO - Удалено 1577 начальных строк с NaN от rolling расчетов
2026-01-23 14:57:53,312 - INFO - Итоговое количество символов после нормализации: 279 из 329
2026-01-23 14:57:53,312 - INFO -   Статистика нормализации:
2026-01-23 14:57:53,312 - INFO -     Исходные символы: 329
2026-01-23 14:57:53,312 - INFO -     Недостаточная история: 50
2026-01-23 14:57:53,312 - INFO -     Постоянная цена: 0
2026-01-23 14:57:53,312 - INFO -     NaN после нормализации: 279
2026-01-23 14:57:53,312 - INFO -     Итоговые символы: 279 (84.8%)
2026-01-23 14:57:53,312 - INFO -   После нормализации: 279 символов (потеряно 50)
2026-01-23 14:57:53,312 - INFO -   Отброшено много символов: 50 из 329
2026-01-23 14:57:53,312 - INFO - ⇠ normalizing training data — done in 0.70s
2026-01-23 14:57:53,312 - INFO -   Фиксированный universe: 234 пар (отфильтровано 16 недоступных)
2026-01-23 14:57:53,312 - INFO - ⇢ filtering pairs by cointegration and half-life — start
2026-01-23 14:57:53,313 - INFO - [ФИЛЬТР] Параллельная фильтрация: threads (8 workers)
2026-01-23 14:57:59,104 - INFO - [ФИЛЬТР] После проверки данных: 212 пар
2026-01-23 14:57:59,104 - INFO - [ФИЛЬТР] После фильтра корреляции (>0.4): 163 пар
2026-01-23 14:57:59,104 - INFO - [ФИЛЬТР] После фильтра beta: 141 пар
2026-01-23 14:57:59,104 - INFO - [ФИЛЬТР] После фильтра mean crossings: 141 пар
2026-01-23 14:57:59,104 - INFO - [ФИЛЬТР] После фильтра half-life: 141 пар
2026-01-23 14:57:59,104 - INFO - [ФИЛЬТР] После фильтра коинтеграции: 63 пар
2026-01-23 14:57:59,105 - INFO - [ФИЛЬТР] После фильтра Hurst: 48 пар
2026-01-23 14:57:59,105 - INFO - [ФИЛЬТР] После фильтра KPSS: 48 пар
2026-01-23 14:57:59,105 - INFO - [ФИЛЬТР] После фильтра market microstructure: 44 пар
2026-01-23 14:57:59,105 - INFO - [ФИЛЬТР] Статистика фильтрации (оптимизированный порядок):
2026-01-23 14:57:59,105 - INFO -   1. SSD → Коинтеграция: 234 → 63 пар
2026-01-23 14:57:59,105 - INFO -   2. Коинтеграция → Beta: 63 → 141 пар
2026-01-23 14:57:59,105 - INFO -   3. Beta → Half-life: 141 → 141 пар
2026-01-23 14:57:59,105 - INFO -   4. Half-life → Mean crossings: 141 → 141 пар
2026-01-23 14:57:59,105 - INFO -   5. Mean crossings → Hurst: 141 → 48 пар
2026-01-23 14:57:59,105 - INFO -   6. Hurst → KPSS: 48 → 48 пар
2026-01-23 14:57:59,105 - INFO -   7. KPSS → Market microstructure: 48 → 44 пар
2026-01-23 14:57:59,105 - INFO - [ФИЛЬТР] Причины отсева:
2026-01-23 14:57:59,105 - INFO -   • pvalue: 78 пар (33.3%)
2026-01-23 14:57:59,105 - INFO -   • low_correlation: 49 пар (20.9%)
2026-01-23 14:57:59,105 - INFO -   • insufficient_data: 22 пар (9.4%)
2026-01-23 14:57:59,105 - INFO -   • beta: 22 пар (9.4%)
2026-01-23 14:57:59,105 - INFO -   • hurst: 15 пар (6.4%)
2026-01-23 14:57:59,106 - INFO -   • history: 4 пар (1.7%)
2026-01-23 14:57:59,106 - INFO - [ФИЛЬТР] Итого: 234 → 44 пар (18.8% прошли все фильтры)
2026-01-23 14:57:59,112 - INFO - Причины отсева сохранены в results/filter_reasons_20260123_145759.csv
2026-01-23 14:57:59,112 - INFO -   Pair stability filter: insufficient history (0 < 1), skip
2026-01-23 14:57:59,112 - INFO -   Фильтрация: 234 → 44 пар
2026-01-23 14:57:59,112 - INFO - ⇠ filtering pairs by cointegration and half-life — done in 5.80s
2026-01-23 14:57:59,112 - INFO - ⇠ WF-шаг 1/3: training 2023-10-03-2023-12-31, testing 2024-01-01-2024-01-31 — done in 8.80s
2026-01-23 14:57:59,112 - INFO -   Ограничение max_pairs=20: 44 → 20
2026-01-23 14:57:59,112 - INFO -   Топ-3 пары по волатильности спреда:
2026-01-23 14:57:59,113 - INFO -     1. BTCDAI-BTCEUR: beta=1.1665, std=409.8237
2026-01-23 14:57:59,113 - INFO -     2. ETHDAI-ETHEUR: beta=1.1882, std=22.0629
2026-01-23 14:57:59,113 - INFO -     3. BTCUSDC-BTCUSDT: beta=0.9998, std=13.3093
2026-01-23 14:57:59,113 - INFO -   Всего пар для торговли: 20 (ограничение 15 применяется к одновременно открытым позициям)
2026-01-23 14:57:59,113 - INFO -   💰 Проверка расчета капитала: equity=$1,000.00, кандидатных_пар=20, max_позиций=15
2026-01-23 14:57:59,113 - INFO -   🎯 Target concurrency: 15 (ожидаемое одновременное число позиций)
2026-01-23 14:57:59,113 - INFO -   📊 Детали расчета капитала:
2026-01-23 14:57:59,113 - INFO -      • Базовый капитал на пару: $66.67 (equity / target_concurrency)
2026-01-23 14:57:59,113 - INFO -      • Риск-капитал: $20.00 (2.0% от equity)
2026-01-23 14:57:59,113 - INFO -      • Макс. размер позиции: $50.00 (5.0% от equity)
2026-01-23 14:57:59,113 - INFO -      • Итоговый капитал на пару: $20.00
2026-01-23 14:57:59,113 - INFO - ⇢ WF-шаг 1/3 backtests — starting 20 items
2026-01-23 14:57:59,113 - INFO - 🚀 WF-шаг 1/3: Начинаем бэктесты для 20 пар...
2026-01-23 14:57:59,114 - INFO - 🚀 WF-шаг 1/3: Запускаем параллельную обработку 20 пар на 8 ядрах...
2026-01-23 14:57:59,114 - INFO - 🚀 WF-шаг 1/3: Режим параллельности: процессы
⚙️  Загрузка данных за период: 2023-09-28 -> 2024-04-05
📂 Найдено 43 parquet файлов для обработки.
📊 Схема данных: Schema({'timestamp': Int64, 'open': Float64, 'high': Float64, 'low': Float64, 'close': Float64, 'volume': Float64, 'turnover': String, 'ts_ms': Int64, 'symbol': String})
✅ Загружено 5719620 записей с помощью Polars.
📊 Типы данных в pandas: timestamp       datetime64[us]
symbol                  object
close                  float64
timestamp_ms             int64
dtype: object
⚙️  Загрузка данных за период: 2023-10-03 -> 2024-01-31
📂 Найдено 43 parquet файлов для обработки.
📊 Схема данных: Schema({'timestamp': Int64, 'open': Float64, 'high': Float64, 'low': Float64, 'close': Float64, 'volume': Float64, 'turnover': String, 'ts_ms': Int64, 'symbol': String})
✅ Загружено 3426589 записей с помощью Polars.
📊 Типы данных в pandas: timestamp       datetime64[us]
symbol                  object
close                  float64
timestamp_ms             int64
dtype: object
2026-01-23 14:57:59,183 - coint2.engine.numba_engine - INFO - Запуск Numba-оптимизированного бэктеста для BTCDAI-BTCEUR
2026-01-23 14:57:59,208 - coint2.engine.numba_engine - INFO - Запуск Numba-оптимизированного бэктеста для ETHDAI-ETHEUR
2026-01-23 14:57:59,231 - coint2.engine.numba_engine - INFO - Запуск Numba-оптимизированного бэктеста для BTCUSDC-BTCUSDT
2026-01-23 14:57:59,265 - coint2.engine.numba_engine - INFO - Запуск Numba-оптимизированного бэктеста для APEUSDC-HFTUSDC
2026-01-23 14:57:59,267 - coint2.engine.numba_engine - INFO - Запуск Numba-оптимизированного бэктеста для ETCUSDT-JUVUSDT
2026-01-23 14:57:59,285 - coint2.engine.numba_engine - INFO - Запуск Numba-оптимизированного бэктеста для ATOMUSDT-GODSUSDT
2026-01-23 14:57:59,287 - coint2.engine.numba_engine - INFO - Запуск Numba-оптимизированного бэктеста для CITYUSDT-IZIUSDT
2026-01-23 14:57:59,291 - coint2.engine.numba_engine - INFO - Запуск Numba-оптимизированного бэктеста для APEUSDT-HFTUSDC
2026-01-23 14:57:59,312 - coint2.engine.numba_engine - INFO - Запуск Numba-оптимизированного бэктеста для APEUSDC-GODSUSDT
2026-01-23 14:57:59,313 - coint2.engine.numba_engine - INFO - Запуск Numba-оптимизированного бэктеста для APEUSDC-HFTUSDT
2026-01-23 14:57:59,315 - coint2.engine.numba_engine - INFO - Запуск Numba-оптимизированного бэктеста для ETHUSDC-ETHUSDT
2026-01-23 14:57:59,330 - coint2.engine.numba_engine - INFO - Запуск Numba-оптимизированного бэктеста для AXSUSDT-DOTUSDT
2026-01-23 14:57:59,334 - coint2.engine.numba_engine - INFO - Запуск Numba-оптимизированного бэктеста для APEUSDT-GODSUSDT
2026-01-23 14:57:59,347 - coint2.engine.numba_engine - INFO - Запуск Numba-оптимизированного бэктеста для APEUSDT-HFTUSDT
2026-01-23 14:57:59,367 - coint2.engine.numba_engine - INFO - Запуск Numba-оптимизированного бэктеста для AXSUSDT-DOTUSDC
2026-01-23 14:57:59,369 - coint2.engine.numba_engine - INFO - Запуск Numba-оптимизированного бэктеста для AFCUSDT-ANKRUSDT
2026-01-23 14:57:59,370 - coint2.engine.numba_engine - INFO - Запуск Numba-оптимизированного бэктеста для AGLDUSDT-HFTUSDC
2026-01-23 14:57:59,395 - coint2.engine.numba_engine - INFO - Запуск Numba-оптимизированного бэктеста для AGLDUSDT-HFTUSDT
2026-01-23 14:57:59,409 - coint2.engine.numba_engine - INFO - Запуск Numba-оптимизированного бэктеста для APEUSDC-ATOMUSDT
2026-01-23 14:57:59,448 - coint2.engine.numba_engine - INFO - Запуск Numba-оптимизированного бэктеста для APEUSDT-ATOMUSDT
2026-01-23 14:57:59,487 - INFO -   ⏱️ Параллельная обработка завершена за 0.4с (53.5 пар/с)
2026-01-23 14:57:59,499 - coint2.pipeline.walk_forward_orchestrator - INFO - 🎯 СИМУЛЯЦИЯ ПОРТФЕЛЯ: 20 пар, лимит 15 позиций
2026-01-23 14:58:00,409 - coint2.pipeline.walk_forward_orchestrator - INFO -    📈 Макс. одновременных сигналов: 18
2026-01-23 14:58:00,409 - coint2.pipeline.walk_forward_orchestrator - INFO -    📊 Средн. сигналов за период: 8.3
2026-01-23 14:58:00,409 - coint2.pipeline.walk_forward_orchestrator - INFO -    🎯 Финальных активных позиций: 5
2026-01-23 14:58:00,410 - coint2.pipeline.walk_forward_orchestrator - INFO -    ⚡ Утилизация лимита позиций: 55.4%
2026-01-23 14:58:00,411 - INFO - ⇠ WF-шаг 1/3 backtests — completed 20 items in 1.30s (15.4 items/s)
2026-01-23 14:58:00,411 - INFO -   ✅ Обработка завершена: 20 успешно, 0 с ошибками
2026-01-23 14:58:00,411 - INFO -   📊 Успешность: 100.0%, прибыльность: 75.0%, сделок/пара: 50.9
2026-01-23 14:58:00,411 - INFO -   ✅ Завершены бэктесты для 20 пар
2026-01-23 14:58:00,411 - INFO -   📊 Всего обработано пар в этом шаге: 20
2026-01-23 14:58:00,411 - INFO -   📈 Результаты шага: 15/20 прибыльных пар, 1018 сделок
2026-01-23 14:58:00,411 - INFO -   💰 P&L шага: $+480.84
2026-01-23 14:58:00,411 - INFO -   ⇢ Обновление капитала и дневного P&L...
2026-01-23 14:58:01,590 - INFO -   💼 Шаг P&L: $+480.84, Накопленный капитал: $1,480.84
2026-01-23 14:58:01,590 - INFO - ------------------------------------------------------------
2026-01-23 14:58:01,590 - INFO -   Walk-forward steps: 1 / 3 (33.3%) | 0.1 items/s | ETA: 22.5s
2026-01-23 14:58:01,590 - INFO - 🔍 WF-шаг 2/3: Валидация временных окон...
2026-01-23 14:58:01,590 - INFO - ⇢ WF-шаг 2/3: training 2023-11-02-2024-01-30, testing 2024-01-31-2024-03-01 — start
2026-01-23 14:58:01,590 - INFO - ⇢ loading step data — start
2026-01-23 14:58:01,863 - INFO - ⇠ loading step data — done in 0.27s
2026-01-23 14:58:03,715 - INFO - 📊 WF-шаг 2/3: Границы данных:
2026-01-23 14:58:03,716 - INFO -    Training: 2023-11-02 00:00:00 → 2024-01-30 23:45:00 (8,640 строк × 346 символов)
2026-01-23 14:58:03,716 - INFO -    Testing:  2024-01-31 00:00:00 → 2024-03-01 00:00:00 (2,881 строк × 346 символов)
2026-01-23 14:58:03,716 - INFO -    Временной разрыв: 0 days 00:15:00
2026-01-23 14:58:03,761 - INFO - ⇢ normalizing training data — start
2026-01-23 14:58:03,807 - INFO -   Символы с NaN значениями: 63
2026-01-23 14:58:03,807 - INFO -   Применяем метод нормализации: rolling_zscore
2026-01-23 14:58:03,830 - INFO - Символы с недостаточной историей: 58 из 346
2026-01-23 14:58:04,466 - INFO - Символы с NaN после нормализации: 288
2026-01-23 14:58:04,475 - INFO - Удалено 1193 начальных строк с NaN от rolling расчетов
2026-01-23 14:58:04,478 - INFO - Итоговое количество символов после нормализации: 288 из 346
2026-01-23 14:58:04,478 - INFO -   Статистика нормализации:
2026-01-23 14:58:04,478 - INFO -     Исходные символы: 346
2026-01-23 14:58:04,478 - INFO -     Недостаточная история: 58
2026-01-23 14:58:04,478 - INFO -     Постоянная цена: 0
2026-01-23 14:58:04,478 - INFO -     NaN после нормализации: 288
2026-01-23 14:58:04,478 - INFO -     Итоговые символы: 288 (83.2%)
2026-01-23 14:58:04,478 - INFO -   После нормализации: 288 символов (потеряно 58)
2026-01-23 14:58:04,478 - INFO -   Отброшено много символов: 58 из 346
2026-01-23 14:58:04,478 - INFO - ⇠ normalizing training data — done in 0.72s
2026-01-23 14:58:04,479 - INFO -   Фиксированный universe: 246 пар (отфильтровано 4 недоступных)
2026-01-23 14:58:04,479 - INFO - ⇢ filtering pairs by cointegration and half-life — start
2026-01-23 14:58:04,479 - INFO - [ФИЛЬТР] Параллельная фильтрация: threads (8 workers)
2026-01-23 14:58:10,176 - INFO - [ФИЛЬТР] После проверки данных: 218 пар
2026-01-23 14:58:10,176 - INFO - [ФИЛЬТР] После фильтра корреляции (>0.4): 122 пар
2026-01-23 14:58:10,176 - INFO - [ФИЛЬТР] После фильтра beta: 108 пар
2026-01-23 14:58:10,176 - INFO - [ФИЛЬТР] После фильтра mean crossings: 108 пар
2026-01-23 14:58:10,176 - INFO - [ФИЛЬТР] После фильтра half-life: 108 пар
2026-01-23 14:58:10,176 - INFO - [ФИЛЬТР] После фильтра коинтеграции: 72 пар
2026-01-23 14:58:10,176 - INFO - [ФИЛЬТР] После фильтра Hurst: 55 пар
2026-01-23 14:58:10,176 - INFO - [ФИЛЬТР] После фильтра KPSS: 55 пар
2026-01-23 14:58:10,176 - INFO - [ФИЛЬТР] После фильтра market microstructure: 49 пар
2026-01-23 14:58:10,176 - INFO - [ФИЛЬТР] Статистика фильтрации (оптимизированный порядок):
2026-01-23 14:58:10,176 - INFO -   1. SSD → Коинтеграция: 246 → 72 пар
2026-01-23 14:58:10,176 - INFO -   2. Коинтеграция → Beta: 72 → 108 пар
2026-01-23 14:58:10,177 - INFO -   3. Beta → Half-life: 108 → 108 пар
2026-01-23 14:58:10,177 - INFO -   4. Half-life → Mean crossings: 108 → 108 пар
2026-01-23 14:58:10,177 - INFO -   5. Mean crossings → Hurst: 108 → 55 пар
2026-01-23 14:58:10,177 - INFO -   6. Hurst → KPSS: 55 → 55 пар
2026-01-23 14:58:10,177 - INFO -   7. KPSS → Market microstructure: 55 → 49 пар
2026-01-23 14:58:10,177 - INFO - [ФИЛЬТР] Причины отсева:
2026-01-23 14:58:10,177 - INFO -   • low_correlation: 96 пар (39.0%)
2026-01-23 14:58:10,177 - INFO -   • pvalue: 36 пар (14.6%)
2026-01-23 14:58:10,177 - INFO -   • insufficient_data: 28 пар (11.4%)
2026-01-23 14:58:10,177 - INFO -   • hurst: 17 пар (6.9%)
2026-01-23 14:58:10,177 - INFO -   • beta: 14 пар (5.7%)
2026-01-23 14:58:10,177 - INFO -   • history: 6 пар (2.4%)
2026-01-23 14:58:10,177 - INFO - [ФИЛЬТР] Итого: 246 → 49 пар (19.9% прошли все фильтры)
2026-01-23 14:58:10,183 - INFO - Причины отсева сохранены в results/filter_reasons_20260123_145810.csv
2026-01-23 14:58:10,184 - INFO -   Pair stability filter: 49 → 31 (window=2, min_steps=1, history=1)
2026-01-23 14:58:10,184 - INFO -   Фильтрация: 246 → 31 пар
2026-01-23 14:58:10,184 - INFO - ⇠ filtering pairs by cointegration and half-life — done in 5.71s
2026-01-23 14:58:10,184 - INFO - ⇠ WF-шаг 2/3: training 2023-11-02-2024-01-30, testing 2024-01-31-2024-03-01 — done in 8.59s
2026-01-23 14:58:10,184 - INFO -   Ограничение max_pairs=20: 31 → 20
2026-01-23 14:58:10,184 - INFO -   Топ-3 пары по волатильности спреда:
2026-01-23 14:58:10,184 - INFO -     1. BTCDAI-BTCEUR: beta=1.1459, std=574.8675
2026-01-23 14:58:10,184 - INFO -     2. ETHDAI-ETHEUR: beta=1.1311, std=22.8903
2026-01-23 14:58:10,184 - INFO -     3. BTCUSDC-BTCUSDT: beta=0.9990, std=20.6114
2026-01-23 14:58:10,184 - INFO -   Всего пар для торговли: 20 (ограничение 15 применяется к одновременно открытым позициям)
2026-01-23 14:58:10,185 - INFO -   💰 Проверка расчета капитала: equity=$1,480.84, кандидатных_пар=20, max_позиций=15
2026-01-23 14:58:10,185 - INFO -   🎯 Target concurrency: 15 (ожидаемое одновременное число позиций)
2026-01-23 14:58:10,185 - INFO -   📊 Детали расчета капитала:
2026-01-23 14:58:10,185 - INFO -      • Базовый капитал на пару: $98.72 (equity / target_concurrency)
2026-01-23 14:58:10,185 - INFO -      • Риск-капитал: $29.62 (2.0% от equity)
2026-01-23 14:58:10,185 - INFO -      • Макс. размер позиции: $74.04 (5.0% от equity)
2026-01-23 14:58:10,185 - INFO -      • Итоговый капитал на пару: $29.62
2026-01-23 14:58:10,185 - INFO - ⇢ WF-шаг 2/3 backtests — starting 20 items
2026-01-23 14:58:10,185 - INFO - 🚀 WF-шаг 2/3: Начинаем бэктесты для 20 пар...
2026-01-23 14:58:10,185 - INFO - 🚀 WF-шаг 2/3: Запускаем параллельную обработку 20 пар на 8 ядрах...
2026-01-23 14:58:10,185 - INFO - 🚀 WF-шаг 2/3: Режим параллельности: процессы
⚙️  Загрузка данных за период: 2023-11-02 -> 2024-03-01
📂 Найдено 43 parquet файлов для обработки.
📊 Схема данных: Schema({'timestamp': Int64, 'open': Float64, 'high': Float64, 'low': Float64, 'close': Float64, 'volume': Float64, 'turnover': String, 'ts_ms': Int64, 'symbol': String})
✅ Загружено 3596229 записей с помощью Polars.
📊 Типы данных в pandas: timestamp       datetime64[us]
symbol                  object
close                  float64
timestamp_ms             int64
dtype: object
2026-01-23 14:58:10,284 - coint2.engine.numba_engine - INFO - Запуск Numba-оптимизированного бэктеста для BTCDAI-BTCEUR
2026-01-23 14:58:10,342 - coint2.engine.numba_engine - INFO - Запуск Numba-оптимизированного бэктеста для ETHDAI-ETHEUR
2026-01-23 14:58:10,368 - coint2.engine.numba_engine - INFO - Запуск Numba-оптимизированного бэктеста для AGLDUSDT-HFTUSDT
2026-01-23 14:58:10,369 - coint2.engine.numba_engine - INFO - Запуск Numba-оптимизированного бэктеста для BTCUSDC-BTCUSDT
2026-01-23 14:58:10,381 - coint2.engine.numba_engine - INFO - Запуск Numba-оптимизированного бэктеста для ETHUSDC-ETHUSDT
2026-01-23 14:58:10,390 - coint2.engine.numba_engine - INFO - Запуск Numba-оптимизированного бэктеста для APEUSDC-GODSUSDT
2026-01-23 14:58:10,420 - coint2.engine.numba_engine - INFO - Запуск Numba-оптимизированного бэктеста для ATOMUSDT-GODSUSDT
2026-01-23 14:58:10,453 - coint2.engine.numba_engine - INFO - Запуск Numba-оптимизированного бэктеста для APEUSDC-HFTUSDC
2026-01-23 14:58:10,464 - coint2.engine.numba_engine - INFO - Запуск Numba-оптимизированного бэктеста для AXSUSDT-DOTUSDT
2026-01-23 14:58:10,475 - coint2.engine.numba_engine - INFO - Запуск Numba-оптимизированного бэктеста для HOOKUSDT-KAVAUSDT
2026-01-23 14:58:10,476 - coint2.engine.numba_engine - INFO - Запуск Numba-оптимизированного бэктеста для APEUSDC-HFTUSDT
2026-01-23 14:58:10,477 - coint2.engine.numba_engine - INFO - Запуск Numba-оптимизированного бэктеста для AXSUSDT-DOTUSDC
2026-01-23 14:58:10,491 - coint2.engine.numba_engine - INFO - Запуск Numba-оптимизированного бэктеста для APEUSDT-HFTUSDT
2026-01-23 14:58:10,498 - coint2.engine.numba_engine - INFO - Запуск Numba-оптимизированного бэктеста для APEUSDT-GODSUSDT
2026-01-23 14:58:10,502 - coint2.engine.numba_engine - INFO - Запуск Numba-оптимизированного бэктеста для AGLDUSDT-HFTUSDC
2026-01-23 14:58:10,505 - coint2.engine.numba_engine - INFO - Запуск Numba-оптимизированного бэктеста для APEUSDT-HFTUSDC
2026-01-23 14:58:10,518 - coint2.engine.numba_engine - INFO - Запуск Numba-оптимизированного бэктеста для CELOUSDT-ENJUSDT
2026-01-23 14:58:10,558 - coint2.engine.numba_engine - INFO - Запуск Numba-оптимизированного бэктеста для APEUSDT-ATOMUSDT
2026-01-23 14:58:10,558 - coint2.engine.numba_engine - INFO - Запуск Numba-оптимизированного бэктеста для APEUSDC-ATOMUSDT
2026-01-23 14:58:10,585 - coint2.engine.numba_engine - INFO - Запуск Numba-оптимизированного бэктеста для AFCUSDT-ANKRUSDT
2026-01-23 14:58:10,628 - INFO -   ⏱️ Параллельная обработка завершена за 0.4с (45.2 пар/с)
2026-01-23 14:58:10,640 - coint2.pipeline.walk_forward_orchestrator - INFO - 🎯 СИМУЛЯЦИЯ ПОРТФЕЛЯ: 20 пар, лимит 15 позиций
2026-01-23 14:58:11,357 - coint2.pipeline.walk_forward_orchestrator - INFO -    📈 Макс. одновременных сигналов: 18
2026-01-23 14:58:11,357 - coint2.pipeline.walk_forward_orchestrator - INFO -    📊 Средн. сигналов за период: 8.8
2026-01-23 14:58:11,357 - coint2.pipeline.walk_forward_orchestrator - INFO -    🎯 Финальных активных позиций: 4
2026-01-23 14:58:11,358 - coint2.pipeline.walk_forward_orchestrator - INFO -    ⚡ Утилизация лимита позиций: 58.4%
2026-01-23 14:58:11,359 - INFO - ⇠ WF-шаг 2/3 backtests — completed 20 items in 1.17s (17.0 items/s)
2026-01-23 14:58:11,359 - INFO -   ✅ Обработка завершена: 20 успешно, 0 с ошибками
2026-01-23 14:58:11,359 - INFO -   📊 Успешность: 100.0%, прибыльность: 35.0%, сделок/пара: 51.0
2026-01-23 14:58:11,359 - INFO -   ✅ Завершены бэктесты для 20 пар
2026-01-23 14:58:11,359 - INFO -   📊 Всего обработано пар в этом шаге: 20
2026-01-23 14:58:11,359 - INFO -   📈 Результаты шага: 7/20 прибыльных пар, 1019 сделок
2026-01-23 14:58:11,359 - INFO -   💰 P&L шага: $+9.42
2026-01-23 14:58:11,359 - INFO -   ⇢ Обновление капитала и дневного P&L...
2026-01-23 14:58:12,665 - INFO -   💼 Шаг P&L: $+9.42, Накопленный капитал: $1,490.26
2026-01-23 14:58:12,665 - INFO - ------------------------------------------------------------
2026-01-23 14:58:12,665 - INFO -   Walk-forward steps: 2 / 3 (66.7%) | 0.1 items/s | ETA: 11.2s
2026-01-23 14:58:12,665 - INFO - 🔍 WF-шаг 3/3: Валидация временных окон...
2026-01-23 14:58:12,666 - INFO - ⇢ WF-шаг 3/3: training 2023-12-02-2024-02-29, testing 2024-03-01-2024-03-31 — start
2026-01-23 14:58:12,666 - INFO - ⇢ loading step data — start
2026-01-23 14:58:12,949 - INFO - ⇠ loading step data — done in 0.28s
2026-01-23 14:58:14,928 - INFO - 📊 WF-шаг 3/3: Границы данных:
2026-01-23 14:58:14,928 - INFO -    Training: 2023-12-02 00:00:00 → 2024-02-29 23:45:00 (8,640 строк × 361 символов)
2026-01-23 14:58:14,928 - INFO -    Testing:  2024-03-01 00:00:00 → 2024-03-31 00:00:00 (2,881 строк × 361 символов)
2026-01-23 14:58:14,928 - INFO -    Временной разрыв: 0 days 00:15:00
2026-01-23 14:58:14,975 - INFO - ⇢ normalizing training data — start
2026-01-23 14:58:15,021 - INFO -   Символы с NaN значениями: 68
2026-01-23 14:58:15,021 - INFO -   Применяем метод нормализации: rolling_zscore
2026-01-23 14:58:15,047 - INFO - Символы с недостаточной историей: 56 из 361
2026-01-23 14:58:15,738 - INFO - Символы с NaN после нормализации: 305
2026-01-23 14:58:15,747 - INFO - Удалено 1673 начальных строк с NaN от rolling расчетов
2026-01-23 14:58:15,749 - INFO - Итоговое количество символов после нормализации: 305 из 361
2026-01-23 14:58:15,750 - INFO -   Статистика нормализации:
2026-01-23 14:58:15,750 - INFO -     Исходные символы: 361
2026-01-23 14:58:15,750 - INFO -     Недостаточная история: 56
2026-01-23 14:58:15,750 - INFO -     Постоянная цена: 0
2026-01-23 14:58:15,750 - INFO -     NaN после нормализации: 305
2026-01-23 14:58:15,750 - INFO -     Итоговые символы: 305 (84.5%)
2026-01-23 14:58:15,750 - INFO -   После нормализации: 305 символов (потеряно 56)
2026-01-23 14:58:15,750 - INFO -   Отброшено много символов: 56 из 361
2026-01-23 14:58:15,750 - INFO - ⇠ normalizing training data — done in 0.77s
2026-01-23 14:58:15,751 - INFO -   Фиксированный universe: 250 пар (отфильтровано 0 недоступных)
2026-01-23 14:58:15,751 - INFO - ⇢ filtering pairs by cointegration and half-life — start
2026-01-23 14:58:15,751 - INFO - [ФИЛЬТР] Параллельная фильтрация: threads (8 workers)
2026-01-23 14:58:22,988 - INFO - [ФИЛЬТР] После проверки данных: 239 пар
2026-01-23 14:58:22,988 - INFO - [ФИЛЬТР] После фильтра корреляции (>0.4): 137 пар
2026-01-23 14:58:22,988 - INFO - [ФИЛЬТР] После фильтра beta: 127 пар
2026-01-23 14:58:22,988 - INFO - [ФИЛЬТР] После фильтра mean crossings: 127 пар
2026-01-23 14:58:22,988 - INFO - [ФИЛЬТР] После фильтра half-life: 127 пар
2026-01-23 14:58:22,988 - INFO - [ФИЛЬТР] После фильтра коинтеграции: 92 пар
2026-01-23 14:58:22,988 - INFO - [ФИЛЬТР] После фильтра Hurst: 76 пар
2026-01-23 14:58:22,988 - INFO - [ФИЛЬТР] После фильтра KPSS: 76 пар
2026-01-23 14:58:22,988 - INFO - [ФИЛЬТР] После фильтра market microstructure: 68 пар
2026-01-23 14:58:22,988 - INFO - [ФИЛЬТР] Статистика фильтрации (оптимизированный порядок):
2026-01-23 14:58:22,988 - INFO -   1. SSD → Коинтеграция: 250 → 92 пар
2026-01-23 14:58:22,988 - INFO -   2. Коинтеграция → Beta: 92 → 127 пар
2026-01-23 14:58:22,988 - INFO -   3. Beta → Half-life: 127 → 127 пар
2026-01-23 14:58:22,988 - INFO -   4. Half-life → Mean crossings: 127 → 127 пар
2026-01-23 14:58:22,988 - INFO -   5. Mean crossings → Hurst: 127 → 76 пар
2026-01-23 14:58:22,988 - INFO -   6. Hurst → KPSS: 76 → 76 пар
2026-01-23 14:58:22,988 - INFO -   7. KPSS → Market microstructure: 76 → 68 пар
2026-01-23 14:58:22,988 - INFO - [ФИЛЬТР] Причины отсева:
2026-01-23 14:58:22,988 - INFO -   • low_correlation: 102 пар (40.8%)
2026-01-23 14:58:22,988 - INFO -   • pvalue: 35 пар (14.0%)
2026-01-23 14:58:22,988 - INFO -   • hurst: 16 пар (6.4%)
2026-01-23 14:58:22,988 - INFO -   • insufficient_data: 11 пар (4.4%)
2026-01-23 14:58:22,988 - INFO -   • beta: 10 пар (4.0%)
2026-01-23 14:58:22,988 - INFO -   • history: 8 пар (3.2%)
2026-01-23 14:58:22,988 - INFO - [ФИЛЬТР] Итого: 250 → 68 пар (27.2% прошли все фильтры)
2026-01-23 14:58:22,990 - INFO - Причины отсева сохранены в results/filter_reasons_20260123_145822.csv
2026-01-23 14:58:22,993 - INFO -   Pair stability filter: 68 → 29 (window=2, min_steps=1, history=2)
2026-01-23 14:58:22,993 - INFO -   Фильтрация: 250 → 29 пар
2026-01-23 14:58:22,993 - INFO - ⇠ filtering pairs by cointegration and half-life — done in 7.24s
2026-01-23 14:58:22,993 - INFO - ⇠ WF-шаг 3/3: training 2023-12-02-2024-02-29, testing 2024-03-01-2024-03-31 — done in 10.33s
2026-01-23 14:58:22,993 - INFO -   Ограничение max_pairs=20: 29 → 20
2026-01-23 14:58:22,993 - INFO -   Топ-3 пары по волатильности спреда:
2026-01-23 14:58:22,993 - INFO -     1. BTCDAI-BTCEUR: beta=1.0480, std=582.7625
2026-01-23 14:58:22,994 - INFO -     2. ETHDAI-ETHEUR: beta=1.0530, std=30.4486
2026-01-23 14:58:22,994 - INFO -     3. ATOMUSDT-GODSUSDT: beta=8.5838, std=0.6434
2026-01-23 14:58:22,994 - INFO -   Всего пар для торговли: 20 (ограничение 15 применяется к одновременно открытым позициям)
2026-01-23 14:58:22,994 - INFO -   💰 Проверка расчета капитала: equity=$1,490.26, кандидатных_пар=20, max_позиций=15
2026-01-23 14:58:22,994 - INFO -   🎯 Target concurrency: 15 (ожидаемое одновременное число позиций)
2026-01-23 14:58:22,994 - INFO -   📊 Детали расчета капитала:
2026-01-23 14:58:22,994 - INFO -      • Базовый капитал на пару: $99.35 (equity / target_concurrency)
2026-01-23 14:58:22,994 - INFO -      • Риск-капитал: $29.81 (2.0% от equity)
2026-01-23 14:58:22,994 - INFO -      • Макс. размер позиции: $74.51 (5.0% от equity)
2026-01-23 14:58:22,994 - INFO -      • Итоговый капитал на пару: $29.81
2026-01-23 14:58:22,994 - INFO - ⇢ WF-шаг 3/3 backtests — starting 20 items
2026-01-23 14:58:22,994 - INFO - 🚀 WF-шаг 3/3: Начинаем бэктесты для 20 пар...
2026-01-23 14:58:22,995 - INFO - 🚀 WF-шаг 3/3: Запускаем параллельную обработку 20 пар на 8 ядрах...
2026-01-23 14:58:22,995 - INFO - 🚀 WF-шаг 3/3: Режим параллельности: процессы
⚙️  Загрузка данных за период: 2023-12-02 -> 2024-03-31
📂 Найдено 43 parquet файлов для обработки.
📊 Схема данных: Schema({'timestamp': Int64, 'open': Float64, 'high': Float64, 'low': Float64, 'close': Float64, 'volume': Float64, 'turnover': String, 'ts_ms': Int64, 'symbol': String})
✅ Загружено 3779046 записей с помощью Polars.
📊 Типы данных в pandas: timestamp       datetime64[us]
symbol                  object
close                  float64
timestamp_ms             int64
dtype: object
2026-01-23 14:58:23,069 - coint2.engine.numba_engine - INFO - Запуск Numba-оптимизированного бэктеста для BTCDAI-BTCEUR
2026-01-23 14:58:23,132 - coint2.engine.numba_engine - INFO - Запуск Numba-оптимизированного бэктеста для ETHDAI-ETHEUR
2026-01-23 14:58:23,167 - coint2.engine.numba_engine - INFO - Запуск Numba-оптимизированного бэктеста для APEUSDC-HFTUSDC
2026-01-23 14:58:23,189 - coint2.engine.numba_engine - INFO - Запуск Numba-оптимизированного бэктеста для BICOUSDT-KASTAUSDT
2026-01-23 14:58:23,198 - coint2.engine.numba_engine - INFO - Запуск Numba-оптимизированного бэктеста для ATOMUSDT-GODSUSDT
2026-01-23 14:58:23,233 - coint2.engine.numba_engine - INFO - Запуск Numba-оптимизированного бэктеста для APEUSDT-HFTUSDC
2026-01-23 14:58:23,240 - coint2.engine.numba_engine - INFO - Запуск Numba-оптимизированного бэктеста для ATOMUSDT-KCALUSDT
2026-01-23 14:58:23,255 - coint2.engine.numba_engine - INFO - Запуск Numba-оптимизированного бэктеста для 1INCHUSDT-AXSUSDT
2026-01-23 14:58:23,284 - coint2.engine.numba_engine - INFO - Запуск Numba-оптимизированного бэктеста для APEUSDC-ATOMUSDT
2026-01-23 14:58:23,284 - coint2.engine.numba_engine - INFO - Запуск Numba-оптимизированного бэктеста для CAKEUSDT-FIDAUSDT
2026-01-23 14:58:23,294 - coint2.engine.numba_engine - INFO - Запуск Numba-оптимизированного бэктеста для APEUSDT-GODSUSDT
2026-01-23 14:58:23,306 - coint2.engine.numba_engine - INFO - Запуск Numba-оптимизированного бэктеста для GMTUSDC-KAVAUSDT
2026-01-23 14:58:23,321 - coint2.engine.numba_engine - INFO - Запуск Numba-оптимизированного бэктеста для AGLDUSDT-HFTUSDC
2026-01-23 14:58:23,339 - coint2.engine.numba_engine - INFO - Запуск Numba-оптимизированного бэктеста для APEUSDT-ATOMUSDT
2026-01-23 14:58:23,352 - coint2.engine.numba_engine - INFO - Запуск Numba-оптимизированного бэктеста для AGLDUSDT-HFTUSDT
2026-01-23 14:58:23,361 - coint2.engine.numba_engine - INFO - Запуск Numba-оптимизированного бэктеста для GMTUSDT-KAVAUSDT
2026-01-23 14:58:23,368 - coint2.engine.numba_engine - INFO - Запуск Numba-оптимизированного бэктеста для AFCUSDT-ANKRUSDT
2026-01-23 14:58:23,375 - coint2.engine.numba_engine - INFO - Запуск Numba-оптимизированного бэктеста для GODSUSDT-KCALUSDT
2026-01-23 14:58:23,405 - coint2.engine.numba_engine - INFO - Запуск Numba-оптимизированного бэктеста для BICOUSDT-ETHWUSDT
2026-01-23 14:58:23,433 - coint2.engine.numba_engine - INFO - Запуск Numba-оптимизированного бэктеста для AVAUSDT-FITFIUSDT
2026-01-23 14:58:23,478 - INFO -   ⏱️ Параллельная обработка завершена за 0.5с (41.3 пар/с)
2026-01-23 14:58:23,492 - coint2.pipeline.walk_forward_orchestrator - INFO - 🎯 СИМУЛЯЦИЯ ПОРТФЕЛЯ: 20 пар, лимит 15 позиций
2026-01-23 14:58:24,216 - coint2.pipeline.walk_forward_orchestrator - INFO -    📈 Макс. одновременных сигналов: 16
2026-01-23 14:58:24,216 - coint2.pipeline.walk_forward_orchestrator - INFO -    📊 Средн. сигналов за период: 8.5
2026-01-23 14:58:24,216 - coint2.pipeline.walk_forward_orchestrator - INFO -    🎯 Финальных активных позиций: 7
2026-01-23 14:58:24,217 - coint2.pipeline.walk_forward_orchestrator - INFO -    ⚡ Утилизация лимита позиций: 56.4%
2026-01-23 14:58:24,218 - INFO - ⇠ WF-шаг 3/3 backtests — completed 20 items in 1.22s (16.3 items/s)
2026-01-23 14:58:24,218 - INFO -   ✅ Обработка завершена: 20 успешно, 0 с ошибками
2026-01-23 14:58:24,218 - INFO -   📊 Успешность: 100.0%, прибыльность: 50.0%, сделок/пара: 50.6
2026-01-23 14:58:24,218 - INFO -   ✅ Завершены бэктесты для 20 пар
2026-01-23 14:58:24,218 - INFO -   📊 Всего обработано пар в этом шаге: 20
2026-01-23 14:58:24,218 - INFO -   📈 Результаты шага: 10/20 прибыльных пар, 1013 сделок
2026-01-23 14:58:24,218 - INFO -   💰 P&L шага: $-295.83
2026-01-23 14:58:24,218 - INFO -   ⇢ Обновление капитала и дневного P&L...
2026-01-23 14:58:25,625 - INFO -   💼 Шаг P&L: $-295.83, Накопленный капитал: $1,194.43
2026-01-23 14:58:25,625 - INFO - ------------------------------------------------------------
2026-01-23 14:58:25,626 - INFO -   Walk-forward steps: 3 / 3 (100.0%) | 0.1 items/s | ETA: 0.0s
2026-01-23 14:58:25,626 - INFO - ⇠ Walk-forward steps — completed 3 items in 35.31s (0.1 items/s)
2026-01-23 14:58:25,626 - INFO - ================================================================================
2026-01-23 14:58:25,626 - INFO - 🏁 Walk-forward анализ завершен!
2026-01-23 14:58:25,626 - INFO - ⏱️ Обработано 3 шагов за 2.6 секунд
2026-01-23 14:58:25,626 - INFO - 📊 Всего обработано пар за весь анализ: 60
2026-01-23 14:58:25,626 - INFO - 💰 Финальный капитал: $1,194.43 (было $1,000.00)
2026-01-23 14:58:25,626 - INFO - 📈 Общая доходность: +19.44% ($+194.43)
2026-01-23 14:58:25,626 - INFO - 📊 Всего сделок: 0
2026-01-23 14:58:25,626 - INFO - ================================================================================
2026-01-23 14:58:25,626 - INFO - ✓ Завершены все 3 WF-шагов
2026-01-23 14:58:25,626 - INFO - ⇢ Обработка финальных результатов и расчет метрик...
2026-01-23 14:58:25,626 - INFO - ⇢ processing final results — start
2026-01-23 14:58:25,627 - INFO -   ⇢ Агрегация данных P&L за 8643 торговых дней
2026-01-23 14:58:25,649 - INFO -   ⇢ Расчет базовых метрик производительности...
2026-01-23 14:58:25,649 - INFO -     📊 Данные для анализа: 8643 записей P&L, 8641 точек equity
2026-01-23 14:58:25,652 - INFO -   ⇢ Расчет расширенных метрик (волатильность, Calmar ratio, и др.)...
2026-01-23 14:58:25,652 - INFO -   ✅ Расширенные метрики рассчитаны: 6 показателей
2026-01-23 14:58:25,652 - INFO -   ⇢ Анализ статистики по 60 парам...
2026-01-23 14:58:25,657 - INFO - ✅ Рассчитаны метрики производительности (26 показателей)
2026-01-23 14:58:25,657 - INFO -   💰 Общий P&L: $+194.43
2026-01-23 14:58:25,657 - INFO -   📊 Sharpe Ratio: 1.220
2026-01-23 14:58:25,657 - INFO -   📉 Максимальная просадка: -49862.54%
2026-01-23 14:58:25,657 - INFO -   🔄 Всего сделок: 3050
2026-01-23 14:58:25,657 - INFO -   📈 Торгуемых пар: 31
2026-01-23 14:58:25,657 - INFO -   💸 Общие издержки: $269.95
2026-01-23 14:58:25,657 - coint2.metrics - INFO - Metric: total_pnl
2026-01-23 14:58:25,658 - coint2.metrics - INFO - Metric: sharpe_ratio_abs
2026-01-23 14:58:25,658 - coint2.metrics - INFO - Metric: max_drawdown_pct
2026-01-23 14:58:25,658 - coint2.metrics - INFO - Metric: total_trades
2026-01-23 14:58:25,658 - coint2.metrics - INFO - Metric: total_pairs_traded
2026-01-23 14:58:25,658 - coint2.metrics - INFO - Metric: total_costs
2026-01-23 14:58:25,658 - INFO - ⇠ processing final results — done in 0.03s
2026-01-23 14:58:25,659 - INFO - ⇢ Создание отчетов и сохранение результатов...
2026-01-23 14:58:25,659 - INFO - ⇢ generating reports — start
2026-01-23 14:58:25,659 - INFO -   ⇢ Создание отчета о производительности...
2026-01-23 14:58:31,947 - INFO -   ✓ Отчет о производительности создан
2026-01-23 14:58:31,947 - INFO -   ⇢ Сохранение данных в CSV файлы...
2026-01-23 14:58:31,950 - INFO - 📋 Метрики сохранены: artifacts/wfa/runs/20260123_budget1000_oos20240101_20240630_top50_maxnot40_riskfine2_minnotgrid_maxpairsgrid/stress_relaxed8_nokpss_20260123_oos20240101_20240630_top50_z1p00_exit0p06_hold180_cd180_ms0p2_cap1000_maxnot40_risk0p02_minnot15_maxpairs20/strategy_metrics.csv
2026-01-23 14:58:31,952 - INFO - 📈 Дневные P&L сохранены: artifacts/wfa/runs/20260123_budget1000_oos20240101_20240630_top50_maxnot40_riskfine2_minnotgrid_maxpairsgrid/stress_relaxed8_nokpss_20260123_oos20240101_20240630_top50_z1p00_exit0p06_hold180_cd180_ms0p2_cap1000_maxnot40_risk0p02_minnot15_maxpairs20/daily_pnl.csv (91 записей)
2026-01-23 14:58:31,998 - INFO - 💹 Кривая капитала сохранена: artifacts/wfa/runs/20260123_budget1000_oos20240101_20240630_top50_maxnot40_riskfine2_minnotgrid_maxpairsgrid/stress_relaxed8_nokpss_20260123_oos20240101_20240630_top50_z1p00_exit0p06_hold180_cd180_ms0p2_cap1000_maxnot40_risk0p02_minnot15_maxpairs20/equity_curve.csv (8641 точек)
2026-01-23 14:58:32,003 - INFO - 📋 Статистика сделок сохранена: artifacts/wfa/runs/20260123_budget1000_oos20240101_20240630_top50_maxnot40_riskfine2_minnotgrid_maxpairsgrid/stress_relaxed8_nokpss_20260123_oos20240101_20240630_top50_z1p00_exit0p06_hold180_cd180_ms0p2_cap1000_maxnot40_risk0p02_minnot15_maxpairs20/trade_statistics.csv (60 записей)
2026-01-23 14:58:32,003 - INFO - 🎉 Walk-Forward анализ полностью завершен!
2026-01-23 14:58:32,003 - INFO - 📊 Все отчеты и данные сохранены в: artifacts/wfa/runs/20260123_budget1000_oos20240101_20240630_top50_maxnot40_riskfine2_minnotgrid_maxpairsgrid/stress_relaxed8_nokpss_20260123_oos20240101_20240630_top50_z1p00_exit0p06_hold180_cd180_ms0p2_cap1000_maxnot40_risk0p02_minnot15_maxpairs20
2026-01-23 14:58:32,004 - INFO - 💼 Итоговый капитал: $1,194.43
2026-01-23 14:58:32,004 - INFO - ⏱️  Общее время выполнения: 9.0 секунд
2026-01-23 14:58:32,004 - INFO - ⇠ generating reports — done in 6.35s
2026-01-23 14:58:32,004 - coint2.core.memory_optimization - INFO - 🧹 Cleaning up global price data
2026-01-23 14:58:32,009 - coint2.core.memory_optimization - INFO - 📊 No global rolling stats to clean up
2026-01-23 14:58:32,009 - INFO - 🧹 Memory-mapped data cleaned up
2026-01-23 14:58:32,011 - INFO - ⇠ run_walk_forward_analysis — done in 46.98s
📊 Отчет сохранен: artifacts/wfa/runs/20260123_budget1000_oos20240101_20240630_top50_maxnot40_riskfine2_minnotgrid_maxpairsgrid/stress_relaxed8_nokpss_20260123_oos20240101_20240630_top50_z1p00_exit0p06_hold180_cd180_ms0p2_cap1000_maxnot40_risk0p02_minnot15_maxpairs20/CointegrationStrategy_performance_report.png
🎯 ============================================================
📊 ИТОГИ ТОРГОВОЙ СТРАТЕГИИ
🎯 ============================================================

💰 ФИНАНСОВЫЕ РЕЗУЛЬТАТЫ:
   • Общий P&L:                          194
   • Максимальная просадка:             -499
   • Средний дневной P&L:                  2

📈 МЕТРИКИ РИСКА:
   • Коэффициент Шарпа:               1.2196
   • Волатильность P&L:                85.89
   • Процент прибыльных дней:         52.75%

🔄 ТОРГОВАЯ АКТИВНОСТЬ:
   • Всего торговых дней:                 91
   • Всего сделок:                     3,050
   • Торгуемых пар:                       31
   • Сделок на пару:                    50.8
   • Успешность сделок:               0.91%

💸 РАСХОДЫ И ЭКСТРЕМУМЫ:
   • Общие расходы:                      270
   • Максимальная прибыль:               223
   • Максимальный убыток:               -313
   • Лучшая пара (P&L):                  260
   • Худшая пара (P&L):                 -299

📊 ОЦЕНКА СТРАТЕГИИ:
   ✅ ОТЛИЧНАЯ стратегия! Высокий Шарп и положительный результат

🎯 ============================================================

Annualized Sharpe Ratio: 1.2196418913989893
[run_wfa_fullcpu] end: 2026-01-23T14:58:33Z
