[run_wfa_queue] 2026-01-18T19:04:49Z cmd: /opt/coint4/coint4/run_wfa_fullcpu.sh configs/risk_sweep_20260118/risk_sweep_20260118_risk0p008_pos8_margin0p35_kelly0p15_z0p85_exit0p12_corr0p65_ssd25000.yaml artifacts/wfa/runs/20260118_risk_sweep/risk_sweep_20260118_risk0p008_pos8_margin0p35_kelly0p15_z0p85_exit0p12_corr0p65_ssd25000
[run_wfa_fullcpu] start: 2026-01-18T19:04:49Z
[run_wfa_fullcpu] os.cpu_count: 8
[run_wfa_fullcpu] worker_pid=1053
2026-01-18 19:04:52,391 - coint2.core.memory_optimization - INFO - ✅ BLAS threading limits set to 1 via threadpoolctl
2026-01-18 19:04:52,391 - coint2.core.memory_optimization - INFO - 🔧 Controlled libraries: openblas, openmp
2026-01-18 19:04:52,392 - coint2.core.memory_optimization - INFO - 🧵 Process threads: 2 → 2
2026-01-18 19:04:52,392 - coint2.core.memory_optimization - INFO - 📝 Set 11 environment variables
2026-01-18 19:04:52,791 - INFO - ✅ Параметры конфигурации валидны
2026-01-18 19:04:52,791 - INFO - 📝 Некоторые параметры были скорректированы:
2026-01-18 19:04:52,792 - INFO - 🧭 WFA: динамический отбор пар на каждом шаге
2026-01-18 19:04:52,792 - INFO -   Шаг 1: тренировка 2023-08-02-2023-09-30, тест 2023-10-01-2023-10-31
2026-01-18 19:04:52,792 - INFO -   Шаг 2: тренировка 2023-09-01-2023-10-30, тест 2023-10-31-2023-11-30
2026-01-18 19:04:52,792 - INFO -   Шаг 3: тренировка 2023-10-01-2023-11-29, тест 2023-11-30-2023-12-30
2026-01-18 19:04:52,792 - INFO -   Шаг 4: тренировка 2023-10-31-2023-12-29, тест 2023-12-30-2024-01-29
2026-01-18 19:04:52,792 - INFO - 📈 Запланировано 4 walk-forward шагов
2026-01-18 19:04:52,792 - INFO - ⛔ Ограничение WFA шагов: 4 → 3
2026-01-18 19:04:52,792 - WARNING - ⚠️ Маленький буфер между training и testing в шаге 1: 0 дней. Рекомендуется минимум 1 день.
2026-01-18 19:04:52,792 - WARNING - ⚠️ Маленький буфер между training и testing в шаге 2: 0 дней. Рекомендуется минимум 1 день.
2026-01-18 19:04:52,792 - WARNING - ⚠️ Маленький буфер между training и testing в шаге 3: 0 дней. Рекомендуется минимум 1 день.
2026-01-18 19:04:52,792 - INFO - ✅ Шаги успешно запланированы:
2026-01-18 19:04:52,792 - INFO -    Шаг 1: тренировка 2023-08-02-2023-09-30, тест 2023-10-01-2023-10-31
2026-01-18 19:04:52,792 - INFO -    Шаг 2: тренировка 2023-09-01-2023-10-30, тест 2023-10-31-2023-11-30
2026-01-18 19:04:52,792 - INFO -    Шаг 3: тренировка 2023-10-01-2023-11-29, тест 2023-11-30-2023-12-30
2026-01-18 19:04:52,792 - INFO - 🗂️ Consolidating price data for memory-mapped access...
2026-01-18 19:04:52,792 - INFO - 📊 Consolidating data range: 2023-07-28 → 2024-01-04
2026-01-18 19:04:52,792 - coint2.core.memory_optimization - INFO - 🔄 Consolidating price data from data_downloaded to .cache/consolidated_prices.parquet
2026-01-18 19:04:52,793 - INFO - ⇢ loading raw data for consolidation — start
2026-01-18 19:04:53,768 - INFO - ⇠ loading raw data for consolidation — done in 0.98s
2026-01-18 19:04:53,768 - INFO - ⇢ pivoting data to wide format — start
2026-01-18 19:04:57,318 - INFO - ⇠ pivoting data to wide format — done in 3.55s
2026-01-18 19:04:57,356 - coint2.core.memory_optimization - INFO - 📊 Consolidated data: 15361 rows × 310 symbols
2026-01-18 19:04:57,357 - coint2.core.memory_optimization - INFO - 💾 Memory usage: 19.2 MB
2026-01-18 19:04:57,357 - INFO - ⇢ writing consolidated Parquet file — start
2026-01-18 19:04:57,512 - INFO - ⇠ writing consolidated Parquet file — done in 0.16s
2026-01-18 19:04:57,513 - coint2.core.memory_optimization - INFO - ✅ Successfully consolidated data to .cache/consolidated_prices.parquet
2026-01-18 19:04:57,529 - coint2.core.memory_optimization - INFO - 🔄 Initializing memory-mapped price data from .cache/consolidated_prices.parquet
2026-01-18 19:04:57,530 - INFO - ⇢ loading memory-mapped data — start
2026-01-18 19:04:57,530 - coint2.core.memory_optimization - WARNING - ⚠️ memory_map не поддерживается в текущей версии pyarrow, fallback без mmap
2026-01-18 19:04:57,623 - INFO - ⇠ loading memory-mapped data — done in 0.09s
2026-01-18 19:04:57,631 - coint2.core.memory_optimization - INFO - 📊 Loaded 15361 rows × 310 symbols
2026-01-18 19:04:57,631 - coint2.core.memory_optimization - INFO - 💾 Memory usage: 19.2 MB (memory-mapped)
2026-01-18 19:04:57,632 - INFO - ✅ Memory-mapped data initialized successfully
2026-01-18 19:04:57,633 - INFO - ⇢ Walk-forward steps — starting 3 items
2026-01-18 19:04:57,634 - INFO - 📈 Инициализация equity кривой с первой тестовой даты: 2023-10-01 00:00:00
2026-01-18 19:04:57,634 - INFO - 🔍 WF-шаг 1/3: Валидация временных окон...
2026-01-18 19:04:57,634 - INFO - ⇢ WF-шаг 1/3: training 2023-08-02-2023-09-30, testing 2023-10-01-2023-10-31 — start
2026-01-18 19:04:57,634 - INFO - ⇢ loading step data — start
2026-01-18 19:04:57,781 - INFO - ⇠ loading step data — done in 0.15s
2026-01-18 19:04:58,989 - INFO - 📊 WF-шаг 1/3: Границы данных:
2026-01-18 19:04:58,989 - INFO -    Training: 2023-08-02 00:00:00 → 2023-09-30 23:45:00 (5,760 строк × 282 символов)
2026-01-18 19:04:58,989 - INFO -    Testing:  2023-10-01 00:00:00 → 2023-10-31 00:00:00 (2,881 строк × 282 символов)
2026-01-18 19:04:58,989 - INFO -    Временной разрыв: 0 days 00:15:00
2026-01-18 19:04:59,024 - INFO - ⇢ normalizing training data — start
2026-01-18 19:04:59,054 - INFO -   Символы с NaN значениями: 20
2026-01-18 19:04:59,054 - INFO -   Применяем метод нормализации: rolling_zscore
2026-01-18 19:04:59,068 - INFO - Символы с недостаточной историей: 20 из 282
2026-01-18 19:04:59,430 - INFO - Символы с NaN после нормализации: 262
2026-01-18 19:04:59,436 - INFO - Удалено 1 начальных строк с NaN от rolling расчетов
2026-01-18 19:04:59,439 - INFO - Итоговое количество символов после нормализации: 262 из 282
2026-01-18 19:04:59,439 - INFO -   Статистика нормализации:
2026-01-18 19:04:59,439 - INFO -     Исходные символы: 282
2026-01-18 19:04:59,439 - INFO -     Недостаточная история: 20
2026-01-18 19:04:59,439 - INFO -     Постоянная цена: 0
2026-01-18 19:04:59,439 - INFO -     NaN после нормализации: 262
2026-01-18 19:04:59,439 - INFO -     Итоговые символы: 262 (92.9%)
2026-01-18 19:04:59,439 - INFO -   После нормализации: 262 символов (потеряно 20)
2026-01-18 19:04:59,439 - INFO -   Отброшенные символы: ADAEUR, BEAMUSDT, BTCEUR, CYBERUSDT, DOGEEUR, ETHEUR, FETUSDT, JEFFUSDT, KASUSDT, KAVAUSDT, LTCEUR, ORDIUSDT, POLUSDT, PPTUSDT, PYUSDUSDT, SEIUSDT, SOLEUR, USDCEUR, XRPEUR, ZTXUSDT
2026-01-18 19:04:59,439 - INFO - ⇠ normalizing training data — done in 0.42s
2026-01-18 19:04:59,439 - INFO - ⇢ SSD computation — start
2026-01-18 19:04:59,439 - INFO -   Расчет SSD для всех пар (без ограничения)
2026-01-18 19:05:04,704 - INFO -   SSD результат (все пары): 34191 пар
2026-01-18 19:05:04,704 - INFO -   Ограничиваем до top-25000 пар для дальнейшей обработки
2026-01-18 19:05:04,705 - INFO - ⇠ SSD computation — done in 5.27s
2026-01-18 19:05:04,711 - INFO - ⇢ filtering pairs by cointegration and half-life — start
2026-01-18 19:05:04,711 - INFO - [ФИЛЬТР] Параллельная фильтрация: threads (8 workers)
2026-01-18 19:10:17,235 - INFO - [ФИЛЬТР] После проверки данных: 25000 пар
2026-01-18 19:10:17,235 - INFO - [ФИЛЬТР] После фильтра корреляции (>0.65): 16120 пар
2026-01-18 19:10:17,235 - INFO - [ФИЛЬТР] После фильтра beta: 10655 пар
2026-01-18 19:10:17,235 - INFO - [ФИЛЬТР] После фильтра mean crossings: 10655 пар
2026-01-18 19:10:17,235 - INFO - [ФИЛЬТР] После фильтра half-life: 10624 пар
2026-01-18 19:10:17,235 - INFO - [ФИЛЬТР] После фильтра коинтеграции: 4048 пар
2026-01-18 19:10:17,235 - INFO - [ФИЛЬТР] После фильтра Hurst: 1955 пар
2026-01-18 19:10:17,235 - INFO - [ФИЛЬТР] После фильтра KPSS: 90 пар
2026-01-18 19:10:17,235 - INFO - [ФИЛЬТР] После фильтра market microstructure: 90 пар
2026-01-18 19:10:17,235 - INFO - [ФИЛЬТР] Статистика фильтрации (оптимизированный порядок):
2026-01-18 19:10:17,235 - INFO -   1. SSD → Коинтеграция: 25000 → 4048 пар
2026-01-18 19:10:17,235 - INFO -   2. Коинтеграция → Beta: 4048 → 10655 пар
2026-01-18 19:10:17,235 - INFO -   3. Beta → Half-life: 10655 → 10624 пар
2026-01-18 19:10:17,235 - INFO -   4. Half-life → Mean crossings: 10624 → 10655 пар
2026-01-18 19:10:17,235 - INFO -   5. Mean crossings → Hurst: 10655 → 1955 пар
2026-01-18 19:10:17,235 - INFO -   6. Hurst → KPSS: 1955 → 90 пар
2026-01-18 19:10:17,235 - INFO -   7. KPSS → Market microstructure: 90 → 90 пар
2026-01-18 19:10:17,235 - INFO - [ФИЛЬТР] Причины отсева:
2026-01-18 19:10:17,235 - INFO -   • low_correlation: 8880 пар (35.5%)
2026-01-18 19:10:17,235 - INFO -   • pvalue: 6576 пар (26.3%)
2026-01-18 19:10:17,236 - INFO -   • beta: 5465 пар (21.9%)
2026-01-18 19:10:17,236 - INFO -   • hurst: 2093 пар (8.4%)
2026-01-18 19:10:17,236 - INFO -   • kpss: 1865 пар (7.5%)
2026-01-18 19:10:17,236 - INFO -   • half_life: 31 пар (0.1%)
2026-01-18 19:10:17,236 - INFO - [ФИЛЬТР] Итого: 25000 → 90 пар (0.4% прошли все фильтры)
2026-01-18 19:10:17,275 - INFO - Причины отсева сохранены в results/filter_reasons_20260118_191017.csv
2026-01-18 19:10:17,284 - INFO -   Фильтрация: 25000 → 90 пар
2026-01-18 19:10:17,285 - INFO - ⇠ filtering pairs by cointegration and half-life — done in 312.57s
2026-01-18 19:10:17,285 - INFO - ⇠ WF-шаг 1/3: training 2023-08-02-2023-09-30, testing 2023-10-01-2023-10-31 — done in 319.65s
2026-01-18 19:10:17,285 - INFO -   Топ-3 пары по волатильности спреда:
2026-01-18 19:10:17,285 - INFO -     1. COMPUSDT-GMXUSDT: beta=1.0239, std=2.0031
2026-01-18 19:10:17,285 - INFO -     2. TIMEUSDT-ZENUSDT: beta=1.0190, std=0.6922
2026-01-18 19:10:17,285 - INFO -     3. ETHUSDC-ETHUSDT: beta=0.9936, std=0.6033
2026-01-18 19:10:17,285 - INFO -   Всего пар для торговли: 90 (ограничение 8 применяется к одновременно открытым позициям)
2026-01-18 19:10:17,285 - INFO -   💰 Проверка расчета капитала: equity=$10,000.00, кандидатных_пар=90, max_позиций=8
2026-01-18 19:10:17,285 - INFO -   🎯 Target concurrency: 8 (ожидаемое одновременное число позиций)
2026-01-18 19:10:17,285 - INFO -   📊 Детали расчета капитала:
2026-01-18 19:10:17,285 - INFO -      • Базовый капитал на пару: $1,250.00 (equity / target_concurrency)
2026-01-18 19:10:17,285 - INFO -      • Риск-капитал: $80.00 (0.8% от equity)
2026-01-18 19:10:17,285 - INFO -      • Макс. размер позиции: $200.00 (2.0% от equity)
2026-01-18 19:10:17,285 - INFO -      • Итоговый капитал на пару: $80.00
2026-01-18 19:10:17,286 - INFO - ⇢ WF-шаг 1/3 backtests — starting 90 items
2026-01-18 19:10:17,286 - INFO - 🚀 WF-шаг 1/3: Начинаем бэктесты для 90 пар...
2026-01-18 19:10:17,286 - INFO - 🚀 WF-шаг 1/3: Запускаем параллельную обработку 90 пар на 8 ядрах...
2026-01-18 19:10:17,286 - INFO -   📊 Большой набор пар (90), ожидаемое время: ~4 мин
2026-01-18 19:10:17,286 - INFO -   🔄 Прогресс будет отображаться каждые 9 пар
2026-01-18 19:10:17,286 - INFO - 🚀 WF-шаг 1/3: Режим параллельности: процессы
⚙️  Загрузка данных за период: 2023-07-28 -> 2024-01-04
📂 Найдено 43 parquet файлов для обработки.
📊 Схема данных: Schema({'timestamp': Int64, 'open': Float64, 'high': Float64, 'low': Float64, 'close': Float64, 'volume': Float64, 'turnover': String, 'ts_ms': Int64, 'symbol': String})
✅ Загружено 4323175 записей с помощью Polars.
📊 Типы данных в pandas: timestamp       datetime64[us]
symbol                  object
close                  float64
timestamp_ms             int64
dtype: object
⚙️  Загрузка данных за период: 2023-08-02 -> 2023-10-31
📂 Найдено 43 parquet файлов для обработки.
📊 Схема данных: Schema({'timestamp': Int64, 'open': Float64, 'high': Float64, 'low': Float64, 'close': Float64, 'volume': Float64, 'turnover': String, 'ts_ms': Int64, 'symbol': String})
✅ Загружено 2351056 записей с помощью Polars.
📊 Типы данных в pandas: timestamp       datetime64[us]
symbol                  object
close                  float64
timestamp_ms             int64
dtype: object
2026-01-18 19:10:17,333 - coint2.engine.numba_engine - INFO - Запуск Numba-оптимизированного бэктеста для COMPUSDT-GMXUSDT
2026-01-18 19:10:17,349 - coint2.engine.numba_engine - INFO - Запуск Numba-оптимизированного бэктеста для TIMEUSDT-ZENUSDT
2026-01-18 19:10:17,364 - coint2.engine.numba_engine - INFO - Запуск Numba-оптимизированного бэктеста для ETHUSDC-ETHUSDT
2026-01-18 19:10:17,380 - coint2.engine.numba_engine - INFO - Запуск Numba-оптимизированного бэктеста для AXSUSDT-UNIUSDT
2026-01-18 19:10:17,396 - coint2.engine.numba_engine - INFO - Запуск Numba-оптимизированного бэктеста для ARUSDT-FILUSDT
2026-01-18 19:10:17,416 - coint2.engine.numba_engine - INFO - Запуск Numba-оптимизированного бэктеста для AXSUSDT-SANDUSDT
2026-01-18 19:10:17,416 - coint2.engine.numba_engine - INFO - Запуск Numba-оптимизированного бэктеста для SNXUSDT-SOLOUSDT
2026-01-18 19:10:17,429 - coint2.engine.numba_engine - INFO - Запуск Numba-оптимизированного бэктеста для INTERUSDT-XRPUSDC
2026-01-18 19:10:17,436 - coint2.engine.numba_engine - INFO - Запуск Numba-оптимизированного бэктеста для AXSUSDT-SANDUSDC
2026-01-18 19:10:17,439 - coint2.engine.numba_engine - INFO - Запуск Numba-оптимизированного бэктеста для INTERUSDT-QTUMUSDT
2026-01-18 19:10:17,443 - coint2.engine.numba_engine - INFO - Запуск Numba-оптимизированного бэктеста для INTERUSDT-XRPUSDT
2026-01-18 19:10:17,452 - coint2.engine.numba_engine - INFO - Запуск Numba-оптимизированного бэктеста для INTERUSDT-ZILUSDT
2026-01-18 19:10:17,455 - coint2.engine.numba_engine - INFO - Запуск Numba-оптимизированного бэктеста для INTERUSDT-THETAUSDT
2026-01-18 19:10:17,459 - coint2.engine.numba_engine - INFO - Запуск Numba-оптимизированного бэктеста для INTERUSDT-ZENUSDT
2026-01-18 19:10:17,461 - coint2.engine.numba_engine - INFO - Запуск Numba-оптимизированного бэктеста для INTERUSDT-XEMUSDT
2026-01-18 19:10:17,466 - coint2.engine.numba_engine - INFO - Запуск Numba-оптимизированного бэктеста для INTERUSDT-LTCUSDC
2026-01-18 19:10:17,474 - coint2.engine.numba_engine - INFO - Запуск Numba-оптимизированного бэктеста для INTERUSDT-WAVESUSDT
2026-01-18 19:10:17,474 - coint2.engine.numba_engine - INFO - Запуск Numba-оптимизированного бэктеста для INTERUSDT-STXUSDT
2026-01-18 19:10:17,482 - coint2.engine.numba_engine - INFO - Запуск Numba-оптимизированного бэктеста для INTERUSDT-LTCUSDT
2026-01-18 19:10:17,484 - coint2.engine.numba_engine - INFO - Запуск Numba-оптимизированного бэктеста для CITYUSDT-DOTUSDC
2026-01-18 19:10:17,489 - coint2.engine.numba_engine - INFO - Запуск Numba-оптимизированного бэктеста для INTERUSDT-USTCUSDT
2026-01-18 19:10:17,497 - coint2.engine.numba_engine - INFO - Запуск Numba-оптимизированного бэктеста для CITYUSDT-DOTUSDT
2026-01-18 19:10:17,497 - coint2.engine.numba_engine - INFO - Запуск Numba-оптимизированного бэктеста для INTERUSDT-ROSEUSDT
2026-01-18 19:10:17,500 - coint2.engine.numba_engine - INFO - Запуск Numba-оптимизированного бэктеста для MASKUSDT-XRPUSDC
2026-01-18 19:10:17,504 - coint2.engine.numba_engine - INFO - Запуск Numba-оптимизированного бэктеста для PSGUSDT-VPADUSDT
2026-01-18 19:10:17,505 - coint2.engine.numba_engine - INFO - Запуск Numba-оптимизированного бэктеста для SUSHIUSDT-UMAUSDT
2026-01-18 19:10:17,511 - coint2.engine.numba_engine - INFO - Запуск Numba-оптимизированного бэктеста для CITYUSDT-JUVUSDT
2026-01-18 19:10:17,515 - coint2.engine.numba_engine - INFO - Запуск Numba-оптимизированного бэктеста для INTERUSDT-SOLOUSDT
2026-01-18 19:10:17,518 - coint2.engine.numba_engine - INFO - Запуск Numba-оптимизированного бэктеста для HFTUSDT-PSGUSDT
2026-01-18 19:10:17,519 - coint2.engine.numba_engine - INFO - Запуск Numba-оптимизированного бэктеста для MASKUSDT-XRPUSDT
2026-01-18 19:10:17,522 - coint2.engine.numba_engine - INFO - Запуск Numba-оптимизированного бэктеста для AFCUSDT-DOTUSDC
2026-01-18 19:10:17,526 - coint2.engine.numba_engine - INFO - Запуск Numba-оптимизированного бэктеста для ETHWUSDT-GMTUSDC
2026-01-18 19:10:17,527 - coint2.engine.numba_engine - INFO - Запуск Numba-оптимизированного бэктеста для CELOUSDT-ZRXUSDT
2026-01-18 19:10:17,533 - coint2.engine.numba_engine - INFO - Запуск Numba-оптимизированного бэктеста для HFTUSDC-PSGUSDT
2026-01-18 19:10:17,536 - coint2.engine.numba_engine - INFO - Запуск Numba-оптимизированного бэктеста для INTERUSDT-WAXPUSDT
2026-01-18 19:10:17,536 - coint2.engine.numba_engine - INFO - Запуск Numba-оптимизированного бэктеста для INTERUSDT-MANAUSDT
2026-01-18 19:10:17,540 - coint2.engine.numba_engine - INFO - Запуск Numba-оптимизированного бэктеста для AFCUSDT-DOTUSDT
2026-01-18 19:10:17,541 - coint2.engine.numba_engine - INFO - Запуск Numba-оптимизированного бэктеста для HFTUSDC-MOVRUSDT
2026-01-18 19:10:17,544 - coint2.engine.numba_engine - INFO - Запуск Numba-оптимизированного бэктеста для ETHWUSDT-GMTUSDT
2026-01-18 19:10:17,547 - coint2.engine.numba_engine - INFO - Запуск Numba-оптимизированного бэктеста для HFTUSDC-RPLUSDT
2026-01-18 19:10:17,549 - coint2.engine.numba_engine - INFO - Запуск Numba-оптимизированного бэктеста для RSS3USDT-SCRTUSDT
2026-01-18 19:10:17,555 - coint2.engine.numba_engine - INFO - Запуск Numba-оптимизированного бэктеста для HFTUSDT-MOVRUSDT
2026-01-18 19:10:17,558 - coint2.engine.numba_engine - INFO - Запуск Numba-оптимизированного бэктеста для INTERUSDT-MANAUSDC
2026-01-18 19:10:17,558 - coint2.engine.numba_engine - INFO - Запуск Numba-оптимизированного бэктеста для AFCUSDT-MDAOUSDT
2026-01-18 19:10:17,562 - coint2.engine.numba_engine - INFO - Запуск Numba-оптимизированного бэктеста для CAKEUSDT-VPADUSDT
2026-01-18 19:10:17,563 - coint2.engine.numba_engine - INFO - Запуск Numba-оптимизированного бэктеста для RSS3USDT-XTZUSDT
2026-01-18 19:10:17,566 - coint2.engine.numba_engine - INFO - Запуск Numba-оптимизированного бэктеста для HFTUSDT-RPLUSDT
2026-01-18 19:10:17,570 - coint2.engine.numba_engine - INFO - Запуск Numba-оптимизированного бэктеста для CTCUSDT-DOTUSDC
2026-01-18 19:10:17,572 - coint2.engine.numba_engine - INFO - Запуск Numba-оптимизированного бэктеста для BATUSDT-PEOPLEUSDT
2026-01-18 19:10:17,577 - coint2.engine.numba_engine - INFO - Запуск Numba-оптимизированного бэктеста для RSS3USDT-RVNUSDT
2026-01-18 19:10:17,580 - coint2.engine.numba_engine - INFO - Запуск Numba-оптимизированного бэктеста для AFCUSDT-CITYUSDT
2026-01-18 19:10:17,580 - coint2.engine.numba_engine - INFO - Запуск Numba-оптимизированного бэктеста для SUSHIUSDT-USTCUSDT
2026-01-18 19:10:17,584 - coint2.engine.numba_engine - INFO - Запуск Numba-оптимизированного бэктеста для THETAUSDT-XRPUSDC
2026-01-18 19:10:17,585 - coint2.engine.numba_engine - INFO - Запуск Numba-оптимизированного бэктеста для FORTUSDT-ICPUSDT
2026-01-18 19:10:17,588 - coint2.engine.numba_engine - INFO - Запуск Numba-оптимизированного бэктеста для CTCUSDT-VPADUSDT
2026-01-18 19:10:17,589 - WARNING - ❌ Ошибка обработки пары AFCUSDT-CITYUSDT: division by zero
2026-01-18 19:10:17,592 - coint2.engine.numba_engine - INFO - Запуск Numba-оптимизированного бэктеста для BATUSDT-FIDAUSDT
2026-01-18 19:10:17,595 - coint2.engine.numba_engine - INFO - Запуск Numba-оптимизированного бэктеста для ALGOUSDT-WAXPUSDT
2026-01-18 19:10:17,599 - coint2.engine.numba_engine - INFO - Запуск Numba-оптимизированного бэктеста для ARKMUSDT-NEXOUSDT
2026-01-18 19:10:17,599 - coint2.engine.numba_engine - INFO - Запуск Numba-оптимизированного бэктеста для FORTUSDT-ICPUSDC
2026-01-18 19:10:17,603 - coint2.engine.numba_engine - INFO - Запуск Numba-оптимизированного бэктеста для THETAUSDT-XRPUSDT
2026-01-18 19:10:17,606 - coint2.engine.numba_engine - INFO - Запуск Numba-оптимизированного бэктеста для FLOWUSDT-MASKUSDT
2026-01-18 19:10:17,607 - coint2.engine.numba_engine - INFO - Запуск Numba-оптимизированного бэктеста для ALGOUSDT-ROSEUSDT
2026-01-18 19:10:17,609 - coint2.engine.numba_engine - INFO - Запуск Numba-оптимизированного бэктеста для BATUSDT-UMAUSDT
2026-01-18 19:10:17,614 - coint2.engine.numba_engine - INFO - Запуск Numba-оптимизированного бэктеста для FORTUSDT-PSGUSDT
2026-01-18 19:10:17,617 - coint2.engine.numba_engine - INFO - Запуск Numba-оптимизированного бэктеста для ROSEUSDT-WAXPUSDT
2026-01-18 19:10:17,621 - coint2.engine.numba_engine - INFO - Запуск Numba-оптимизированного бэктеста для GMTUSDT-SANDUSDT
2026-01-18 19:10:17,621 - coint2.engine.numba_engine - INFO - Запуск Numba-оптимизированного бэктеста для OMGUSDT-RDNTUSDT
2026-01-18 19:10:17,625 - coint2.engine.numba_engine - INFO - Запуск Numba-оптимизированного бэктеста для RSS3USDT-SFUNDUSDT
2026-01-18 19:10:17,628 - coint2.engine.numba_engine - INFO - Запуск Numba-оптимизированного бэктеста для ADAUSDC-PSGUSDT
2026-01-18 19:10:17,629 - coint2.engine.numba_engine - INFO - Запуск Numba-оптимизированного бэктеста для WAXPUSDT-ZILUSDT
2026-01-18 19:10:17,631 - coint2.engine.numba_engine - INFO - Запуск Numba-оптимизированного бэктеста для FORTUSDT-SFUNDUSDT
2026-01-18 19:10:17,636 - coint2.engine.numba_engine - INFO - Запуск Numba-оптимизированного бэктеста для DOGEUSDT-TELUSDT
2026-01-18 19:10:17,639 - coint2.engine.numba_engine - INFO - Запуск Numba-оптимизированного бэктеста для LTCBTC-RVNUSDT
2026-01-18 19:10:17,642 - coint2.engine.numba_engine - INFO - Запуск Numba-оптимизированного бэктеста для RSS3USDT-XAVAUSDT
2026-01-18 19:10:17,642 - coint2.engine.numba_engine - INFO - Запуск Numba-оптимизированного бэктеста для USTCUSDT-ZILUSDT
2026-01-18 19:10:17,646 - coint2.engine.numba_engine - INFO - Запуск Numba-оптимизированного бэктеста для ADAUSDT-PSGUSDT
2026-01-18 19:10:17,649 - coint2.engine.numba_engine - INFO - Запуск Numba-оптимизированного бэктеста для GMTUSDC-UNIUSDT
2026-01-18 19:10:17,651 - coint2.engine.numba_engine - INFO - Запуск Numba-оптимизированного бэктеста для RACAUSDT-VPADUSDT
2026-01-18 19:10:17,651 - WARNING - ❌ Ошибка обработки пары RSS3USDT-XAVAUSDT: division by zero
2026-01-18 19:10:17,653 - coint2.engine.numba_engine - INFO - Запуск Numba-оптимизированного бэктеста для DOGEUSDC-TELUSDT
2026-01-18 19:10:17,657 - coint2.engine.numba_engine - INFO - Запуск Numba-оптимизированного бэктеста для ONEUSDT-XRPUSDC
2026-01-18 19:10:17,661 - coint2.engine.numba_engine - INFO - Запуск Numba-оптимизированного бэктеста для BATUSDT-QTUMUSDT
2026-01-18 19:10:17,668 - coint2.engine.numba_engine - INFO - Запуск Numba-оптимизированного бэктеста для ALGOUSDT-IMXUSDT
2026-01-18 19:10:17,671 - coint2.engine.numba_engine - INFO - Запуск Numba-оптимизированного бэктеста для ROSEUSDT-USTCUSDT
2026-01-18 19:10:17,675 - coint2.engine.numba_engine - INFO - Запуск Numba-оптимизированного бэктеста для ONEUSDT-XRPUSDT
2026-01-18 19:10:17,684 - coint2.engine.numba_engine - INFO - Запуск Numba-оптимизированного бэктеста для ALGOUSDT-USTCUSDT
2026-01-18 19:10:17,690 - coint2.engine.numba_engine - INFO - Запуск Numba-оптимизированного бэктеста для DOGEUSDC-ETHWUSDT
2026-01-18 19:10:17,693 - coint2.engine.numba_engine - INFO - Запуск Numba-оптимизированного бэктеста для SCUSDT-USTCUSDT
2026-01-18 19:10:17,706 - coint2.engine.numba_engine - INFO - Запуск Numba-оптимизированного бэктеста для DOGEUSDT-ETHWUSDT
2026-01-18 19:10:17,712 - coint2.engine.numba_engine - INFO - Запуск Numba-оптимизированного бэктеста для SCUSDT-ZILUSDT
2026-01-18 19:10:17,729 - coint2.engine.numba_engine - INFO - Запуск Numba-оптимизированного бэктеста для SUNUSDT-ZRXUSDT
2026-01-18 19:10:17,762 - INFO -   ⏱️ Параллельная обработка завершена за 0.5с (189.0 пар/с)
2026-01-18 19:10:17,791 - coint2.pipeline.walk_forward_orchestrator - INFO - 🎯 СИМУЛЯЦИЯ ПОРТФЕЛЯ: 88 пар, лимит 8 позиций
2026-01-18 19:10:18,533 - coint2.pipeline.walk_forward_orchestrator - INFO -    📈 Макс. одновременных сигналов: 25
2026-01-18 19:10:18,533 - coint2.pipeline.walk_forward_orchestrator - INFO -    📊 Средн. сигналов за период: 1.3
2026-01-18 19:10:18,533 - coint2.pipeline.walk_forward_orchestrator - INFO -    🎯 Финальных активных позиций: 0
2026-01-18 19:10:18,535 - coint2.pipeline.walk_forward_orchestrator - INFO -    ⚡ Утилизация лимита позиций: 13.4%
2026-01-18 19:10:18,535 - WARNING -   ⚠️ Ошибка обработки пары AFCUSDT-CITYUSDT: division by zero
2026-01-18 19:10:18,535 - WARNING -   ⚠️ Ошибка обработки пары RSS3USDT-XAVAUSDT: division by zero
2026-01-18 19:10:18,535 - INFO - ⇠ WF-шаг 1/3 backtests — completed 90 items in 1.25s (72.0 items/s)
2026-01-18 19:10:18,535 - INFO -   ✅ Обработка завершена: 88 успешно, 2 с ошибками
2026-01-18 19:10:18,535 - INFO -   📊 Успешность: 97.8%, прибыльность: 62.5%, сделок/пара: 20.7
2026-01-18 19:10:18,535 - INFO -   ✅ Завершены бэктесты для 90 пар
2026-01-18 19:10:18,536 - INFO -   📊 Всего обработано пар в этом шаге: 90
2026-01-18 19:10:18,536 - INFO -   📈 Результаты шага: 55/90 прибыльных пар, 1823 сделок
2026-01-18 19:10:18,536 - INFO -   💰 P&L шага: $+233.31
2026-01-18 19:10:18,536 - INFO -   ⇢ Обновление капитала и дневного P&L...
2026-01-18 19:10:19,686 - INFO -   💼 Шаг P&L: $+233.31, Накопленный капитал: $10,233.31
2026-01-18 19:10:19,686 - INFO - ------------------------------------------------------------
2026-01-18 19:10:19,686 - INFO -   Walk-forward steps: 1 / 3 (33.3%) | 0.0 items/s | ETA: 644.1s
2026-01-18 19:10:19,686 - INFO - 🔍 WF-шаг 2/3: Валидация временных окон...
2026-01-18 19:10:19,687 - INFO - ⇢ WF-шаг 2/3: training 2023-09-01-2023-10-30, testing 2023-10-31-2023-11-30 — start
2026-01-18 19:10:19,687 - INFO - ⇢ loading step data — start
2026-01-18 19:10:19,859 - INFO - ⇠ loading step data — done in 0.17s
2026-01-18 19:10:21,013 - INFO - 📊 WF-шаг 2/3: Границы данных:
2026-01-18 19:10:21,013 - INFO -    Training: 2023-09-01 00:00:00 → 2023-10-30 23:45:00 (5,760 строк × 292 символов)
2026-01-18 19:10:21,013 - INFO -    Testing:  2023-10-31 00:00:00 → 2023-11-30 00:00:00 (2,881 строк × 292 символов)
2026-01-18 19:10:21,013 - INFO -    Временной разрыв: 0 days 00:15:00
2026-01-18 19:10:21,050 - INFO - ⇢ normalizing training data — start
2026-01-18 19:10:21,083 - INFO -   Символы с NaN значениями: 26
2026-01-18 19:10:21,083 - INFO -   Применяем метод нормализации: rolling_zscore
2026-01-18 19:10:21,098 - INFO - Символы с недостаточной историей: 17 из 292
2026-01-18 19:10:21,488 - INFO - Символы с NaN после нормализации: 275
2026-01-18 19:10:21,494 - INFO - Удалено 617 начальных строк с NaN от rolling расчетов
2026-01-18 19:10:21,495 - INFO - Итоговое количество символов после нормализации: 275 из 292
2026-01-18 19:10:21,495 - INFO -   Статистика нормализации:
2026-01-18 19:10:21,496 - INFO -     Исходные символы: 292
2026-01-18 19:10:21,496 - INFO -     Недостаточная история: 17
2026-01-18 19:10:21,496 - INFO -     Постоянная цена: 0
2026-01-18 19:10:21,496 - INFO -     NaN после нормализации: 275
2026-01-18 19:10:21,496 - INFO -     Итоговые символы: 275 (94.2%)
2026-01-18 19:10:21,496 - INFO -   После нормализации: 275 символов (потеряно 17)
2026-01-18 19:10:21,496 - INFO -   Отброшенные символы: BEAMUSDT, FETUSDT, FLIPUSDT, JEFFUSDT, MEMEUSDT, POLUSDT, PPTUSDT, PYTHUSDT, PYUSDUSDT, ROOTUSDT, RPKUSDT, SHRAPUSDT, TIAUSDT, TOKENUSDT, TUSDUSDT, VRTXUSDT, ZTXUSDT
2026-01-18 19:10:21,496 - INFO - ⇠ normalizing training data — done in 0.45s
2026-01-18 19:10:21,497 - INFO - ⇢ SSD computation — start
2026-01-18 19:10:21,497 - INFO -   Расчет SSD для всех пар (без ограничения)
2026-01-18 19:10:23,877 - INFO -   SSD результат (все пары): 37675 пар
2026-01-18 19:10:23,877 - INFO -   Ограничиваем до top-25000 пар для дальнейшей обработки
2026-01-18 19:10:23,878 - INFO - ⇠ SSD computation — done in 2.38s
2026-01-18 19:10:23,886 - INFO - ⇢ filtering pairs by cointegration and half-life — start
2026-01-18 19:10:23,887 - INFO - [ФИЛЬТР] Параллельная фильтрация: threads (8 workers)
2026-01-18 19:13:32,047 - INFO - [ФИЛЬТР] После проверки данных: 25000 пар
2026-01-18 19:13:32,047 - INFO - [ФИЛЬТР] После фильтра корреляции (>0.65): 8428 пар
2026-01-18 19:13:32,047 - INFO - [ФИЛЬТР] После фильтра beta: 5507 пар
2026-01-18 19:13:32,047 - INFO - [ФИЛЬТР] После фильтра mean crossings: 5507 пар
2026-01-18 19:13:32,047 - INFO - [ФИЛЬТР] После фильтра half-life: 5472 пар
2026-01-18 19:13:32,047 - INFO - [ФИЛЬТР] После фильтра коинтеграции: 2143 пар
2026-01-18 19:13:32,047 - INFO - [ФИЛЬТР] После фильтра Hurst: 1292 пар
2026-01-18 19:13:32,047 - INFO - [ФИЛЬТР] После фильтра KPSS: 36 пар
2026-01-18 19:13:32,048 - INFO - [ФИЛЬТР] После фильтра market microstructure: 36 пар
2026-01-18 19:13:32,048 - INFO - [ФИЛЬТР] Статистика фильтрации (оптимизированный порядок):
2026-01-18 19:13:32,048 - INFO -   1. SSD → Коинтеграция: 25000 → 2143 пар
2026-01-18 19:13:32,048 - INFO -   2. Коинтеграция → Beta: 2143 → 5507 пар
2026-01-18 19:13:32,048 - INFO -   3. Beta → Half-life: 5507 → 5472 пар
2026-01-18 19:13:32,048 - INFO -   4. Half-life → Mean crossings: 5472 → 5507 пар
2026-01-18 19:13:32,048 - INFO -   5. Mean crossings → Hurst: 5507 → 1292 пар
2026-01-18 19:13:32,048 - INFO -   6. Hurst → KPSS: 1292 → 36 пар
2026-01-18 19:13:32,048 - INFO -   7. KPSS → Market microstructure: 36 → 36 пар
2026-01-18 19:13:32,048 - INFO - [ФИЛЬТР] Причины отсева:
2026-01-18 19:13:32,048 - INFO -   • low_correlation: 16572 пар (66.3%)
2026-01-18 19:13:32,048 - INFO -   • pvalue: 3329 пар (13.3%)
2026-01-18 19:13:32,048 - INFO -   • beta: 2921 пар (11.7%)
2026-01-18 19:13:32,048 - INFO -   • kpss: 1256 пар (5.0%)
2026-01-18 19:13:32,048 - INFO -   • hurst: 851 пар (3.4%)
2026-01-18 19:13:32,048 - INFO -   • half_life: 35 пар (0.1%)
2026-01-18 19:13:32,048 - INFO - [ФИЛЬТР] Итого: 25000 → 36 пар (0.1% прошли все фильтры)
2026-01-18 19:13:32,084 - INFO - Причины отсева сохранены в results/filter_reasons_20260118_191332.csv
2026-01-18 19:13:32,094 - INFO -   Фильтрация: 25000 → 36 пар
2026-01-18 19:13:32,094 - INFO - ⇠ filtering pairs by cointegration and half-life — done in 188.21s
2026-01-18 19:13:32,094 - INFO - ⇠ WF-шаг 2/3: training 2023-09-01-2023-10-30, testing 2023-10-31-2023-11-30 — done in 192.41s
2026-01-18 19:13:32,094 - INFO -   Топ-3 пары по волатильности спреда:
2026-01-18 19:13:32,094 - INFO -     1. MOVRUSDT-TRVLUSDT: beta=68.1436, std=0.1172
2026-01-18 19:13:32,094 - INFO -     2. AGLDUSDT-PENDLEUSDT: beta=0.9594, std=0.0760
2026-01-18 19:13:32,094 - INFO -     3. AGLDUSDT-ICXUSDT: beta=5.7286, std=0.0652
2026-01-18 19:13:32,094 - INFO -   Всего пар для торговли: 36 (ограничение 8 применяется к одновременно открытым позициям)
2026-01-18 19:13:32,094 - INFO -   💰 Проверка расчета капитала: equity=$10,233.31, кандидатных_пар=36, max_позиций=8
2026-01-18 19:13:32,094 - INFO -   🎯 Target concurrency: 8 (ожидаемое одновременное число позиций)
2026-01-18 19:13:32,095 - INFO -   📊 Детали расчета капитала:
2026-01-18 19:13:32,095 - INFO -      • Базовый капитал на пару: $1,279.16 (equity / target_concurrency)
2026-01-18 19:13:32,095 - INFO -      • Риск-капитал: $81.87 (0.8% от equity)
2026-01-18 19:13:32,095 - INFO -      • Макс. размер позиции: $204.67 (2.0% от equity)
2026-01-18 19:13:32,095 - INFO -      • Итоговый капитал на пару: $81.87
2026-01-18 19:13:32,095 - INFO - ⇢ WF-шаг 2/3 backtests — starting 36 items
2026-01-18 19:13:32,095 - INFO - 🚀 WF-шаг 2/3: Начинаем бэктесты для 36 пар...
2026-01-18 19:13:32,095 - INFO - 🚀 WF-шаг 2/3: Запускаем параллельную обработку 36 пар на 8 ядрах...
2026-01-18 19:13:32,095 - INFO - 🚀 WF-шаг 2/3: Режим параллельности: процессы
⚙️  Загрузка данных за период: 2023-09-01 -> 2023-11-30
📂 Найдено 43 parquet файлов для обработки.
📊 Схема данных: Schema({'timestamp': Int64, 'open': Float64, 'high': Float64, 'low': Float64, 'close': Float64, 'volume': Float64, 'turnover': String, 'ts_ms': Int64, 'symbol': String})
✅ Загружено 2420293 записей с помощью Polars.
📊 Типы данных в pandas: timestamp       datetime64[us]
symbol                  object
close                  float64
timestamp_ms             int64
dtype: object
2026-01-18 19:13:32,142 - coint2.engine.numba_engine - INFO - Запуск Numba-оптимизированного бэктеста для MOVRUSDT-TRVLUSDT
2026-01-18 19:13:32,158 - coint2.engine.numba_engine - INFO - Запуск Numba-оптимизированного бэктеста для AGLDUSDT-PENDLEUSDT
2026-01-18 19:13:32,175 - coint2.engine.numba_engine - INFO - Запуск Numba-оптимизированного бэктеста для AGLDUSDT-ICXUSDT
2026-01-18 19:13:32,203 - coint2.engine.numba_engine - INFO - Запуск Numba-оптимизированного бэктеста для CITYUSDT-OASUSDT
2026-01-18 19:13:32,210 - coint2.engine.numba_engine - INFO - Запуск Numba-оптимизированного бэктеста для LDOUSDT-SFUNDUSDT
2026-01-18 19:13:32,224 - coint2.engine.numba_engine - INFO - Запуск Numba-оптимизированного бэктеста для CAKEUSDT-CTCUSDT
2026-01-18 19:13:32,227 - coint2.engine.numba_engine - INFO - Запуск Numba-оптимизированного бэктеста для LDOUSDC-SFUNDUSDT
2026-01-18 19:13:32,238 - coint2.engine.numba_engine - INFO - Запуск Numba-оптимизированного бэктеста для ETHWUSDT-RPLUSDT
2026-01-18 19:13:32,247 - coint2.engine.numba_engine - INFO - Запуск Numba-оптимизированного бэктеста для AGLAUSDT-SALDUSDT
2026-01-18 19:13:32,256 - coint2.engine.numba_engine - INFO - Запуск Numba-оптимизированного бэктеста для ETHWUSDT-TRVLUSDT
2026-01-18 19:13:32,255 - coint2.engine.numba_engine - INFO - Запуск Numba-оптимизированного бэктеста для JUVUSDT-KAVAUSDT
2026-01-18 19:13:32,261 - coint2.engine.numba_engine - INFO - Запуск Numba-оптимизированного бэктеста для ADAEUR-LDOUSDT
2026-01-18 19:13:32,269 - coint2.engine.numba_engine - INFO - Запуск Numba-оптимизированного бэктеста для DOGEUSDC-GODSUSDT
2026-01-18 19:13:32,270 - coint2.engine.numba_engine - INFO - Запуск Numba-оптимизированного бэктеста для UMAUSDT-WAVESUSDT
2026-01-18 19:13:32,278 - coint2.engine.numba_engine - INFO - Запуск Numba-оптимизированного бэктеста для ADAEUR-LDOUSDC
2026-01-18 19:13:32,283 - coint2.engine.numba_engine - INFO - Запуск Numba-оптимизированного бэктеста для HFTUSDC-HFTUSDT
2026-01-18 19:13:32,289 - coint2.engine.numba_engine - INFO - Запуск Numba-оптимизированного бэктеста для KAVAUSDT-VELOUSDT
2026-01-18 19:13:32,291 - coint2.engine.numba_engine - INFO - Запуск Numba-оптимизированного бэктеста для LUNCUSDT-RVNUSDT
2026-01-18 19:13:32,300 - coint2.engine.numba_engine - INFO - Запуск Numba-оптимизированного бэктеста для JSTUSDT-MVLUSDT
2026-01-18 19:13:32,305 - coint2.engine.numba_engine - INFO - Запуск Numba-оптимизированного бэктеста для NFTUSDT-XECUSDT
2026-01-18 19:13:32,306 - coint2.engine.numba_engine - INFO - Запуск Numba-оптимизированного бэктеста для OMGUSDT-XRPEUR
2026-01-18 19:13:32,311 - coint2.engine.numba_engine - INFO - Запуск Numba-оптимизированного бэктеста для ADAUSDC-LOOKSUSDT
2026-01-18 19:13:32,323 - coint2.engine.numba_engine - INFO - Запуск Numba-оптимизированного бэктеста для LADYSUSDT-SHIBUSDC
2026-01-18 19:13:32,328 - coint2.engine.numba_engine - INFO - Запуск Numba-оптимизированного бэктеста для BELUSDT-USTCUSDT
2026-01-18 19:13:32,328 - coint2.engine.numba_engine - INFO - Запуск Numba-оптимизированного бэктеста для SOLOUSDT-TELUSDT
2026-01-18 19:13:32,333 - coint2.engine.numba_engine - INFO - Запуск Numba-оптимизированного бэктеста для GSTUSDT-MVUSDT
2026-01-18 19:13:32,334 - coint2.engine.numba_engine - INFO - Запуск Numba-оптимизированного бэктеста для AVAUSDT-ERTHAUSDT
2026-01-18 19:13:32,351 - coint2.engine.numba_engine - INFO - Запуск Numba-оптимизированного бэктеста для ONEUSDT-WAVESUSDT
2026-01-18 19:13:32,352 - coint2.engine.numba_engine - INFO - Запуск Numba-оптимизированного бэктеста для FLOWUSDT-ROSEUSDT
2026-01-18 19:13:32,356 - coint2.engine.numba_engine - INFO - Запуск Numba-оптимизированного бэктеста для BATUSDT-ICXUSDT
2026-01-18 19:13:32,363 - coint2.engine.numba_engine - INFO - Запуск Numba-оптимизированного бэктеста для ADAUSDT-LOOKSUSDT
2026-01-18 19:13:32,374 - coint2.engine.numba_engine - INFO - Запуск Numba-оптимизированного бэктеста для DOGEUSDT-GODSUSDT
2026-01-18 19:13:32,378 - coint2.engine.numba_engine - INFO - Запуск Numba-оптимизированного бэктеста для DAIUSDT-USDCUSDT
2026-01-18 19:13:32,396 - coint2.engine.numba_engine - INFO - Запуск Numba-оптимизированного бэктеста для LUNCUSDC-RVNUSDT
2026-01-18 19:13:32,398 - coint2.engine.numba_engine - INFO - Запуск Numba-оптимизированного бэктеста для DOGEEUR-DYDXUSDT
2026-01-18 19:13:32,435 - coint2.engine.numba_engine - INFO - Запуск Numba-оптимизированного бэктеста для LADYSUSDT-SHIBUSDT
2026-01-18 19:13:32,479 - INFO -   ⏱️ Параллельная обработка завершена за 0.4с (93.7 пар/с)
2026-01-18 19:13:32,495 - coint2.pipeline.walk_forward_orchestrator - INFO - 🎯 СИМУЛЯЦИЯ ПОРТФЕЛЯ: 36 пар, лимит 8 позиций
2026-01-18 19:13:32,954 - coint2.pipeline.walk_forward_orchestrator - INFO -    📈 Макс. одновременных сигналов: 20
2026-01-18 19:13:32,954 - coint2.pipeline.walk_forward_orchestrator - INFO -    📊 Средн. сигналов за период: 0.3
2026-01-18 19:13:32,954 - coint2.pipeline.walk_forward_orchestrator - INFO -    🎯 Финальных активных позиций: 0
2026-01-18 19:13:32,955 - coint2.pipeline.walk_forward_orchestrator - INFO -    ⚡ Утилизация лимита позиций: 4.2%
2026-01-18 19:13:32,956 - INFO - ⇠ WF-шаг 2/3 backtests — completed 36 items in 0.86s (41.8 items/s)
2026-01-18 19:13:32,956 - INFO -   ✅ Обработка завершена: 36 успешно, 0 с ошибками
2026-01-18 19:13:32,956 - INFO -   📊 Успешность: 100.0%, прибыльность: 52.8%, сделок/пара: 13.8
2026-01-18 19:13:32,956 - INFO -   ✅ Завершены бэктесты для 36 пар
2026-01-18 19:13:32,956 - INFO -   📊 Всего обработано пар в этом шаге: 36
2026-01-18 19:13:32,956 - INFO -   📈 Результаты шага: 19/36 прибыльных пар, 498 сделок
2026-01-18 19:13:32,956 - INFO -   💰 P&L шага: $+200.35
2026-01-18 19:13:32,956 - INFO -   ⇢ Обновление капитала и дневного P&L...
2026-01-18 19:13:34,203 - INFO -   💼 Шаг P&L: $+200.35, Накопленный капитал: $10,433.66
2026-01-18 19:13:34,203 - INFO - ------------------------------------------------------------
2026-01-18 19:13:34,203 - INFO -   Walk-forward steps: 2 / 3 (66.7%) | 0.0 items/s | ETA: 258.3s
2026-01-18 19:13:34,203 - INFO - 🔍 WF-шаг 3/3: Валидация временных окон...
2026-01-18 19:13:34,204 - INFO - ⇢ WF-шаг 3/3: training 2023-10-01-2023-11-29, testing 2023-11-30-2023-12-30 — start
2026-01-18 19:13:34,204 - INFO - ⇢ loading step data — start
2026-01-18 19:13:34,377 - INFO - ⇠ loading step data — done in 0.17s
2026-01-18 19:13:35,754 - INFO - 📊 WF-шаг 3/3: Границы данных:
2026-01-18 19:13:35,755 - INFO -    Training: 2023-10-01 00:00:00 → 2023-11-29 23:45:00 (5,760 строк × 309 символов)
2026-01-18 19:13:35,755 - INFO -    Testing:  2023-11-30 00:00:00 → 2023-12-30 00:00:00 (2,881 строк × 309 символов)
2026-01-18 19:13:35,755 - INFO -    Временной разрыв: 0 days 00:15:00
2026-01-18 19:13:35,792 - INFO - ⇢ normalizing training data — start
2026-01-18 19:13:35,827 - INFO -   Символы с NaN значениями: 33
2026-01-18 19:13:35,827 - INFO -   Применяем метод нормализации: rolling_zscore
2026-01-18 19:13:35,841 - INFO - Символы с недостаточной историей: 32 из 309
2026-01-18 19:13:36,245 - INFO - Символы с NaN после нормализации: 277
2026-01-18 19:13:36,251 - INFO - Удалено 233 начальных строк с NaN от rolling расчетов
2026-01-18 19:13:36,253 - INFO - Итоговое количество символов после нормализации: 277 из 309
2026-01-18 19:13:36,253 - INFO -   Статистика нормализации:
2026-01-18 19:13:36,254 - INFO -     Исходные символы: 309
2026-01-18 19:13:36,254 - INFO -     Недостаточная история: 32
2026-01-18 19:13:36,254 - INFO -     Постоянная цена: 0
2026-01-18 19:13:36,254 - INFO -     NaN после нормализации: 277
2026-01-18 19:13:36,254 - INFO -     Итоговые символы: 277 (89.6%)
2026-01-18 19:13:36,254 - INFO -   После нормализации: 277 символов (потеряно 32)
2026-01-18 19:13:36,254 - INFO -   Отброшено много символов: 32 из 309
2026-01-18 19:13:36,254 - INFO - ⇠ normalizing training data — done in 0.46s
2026-01-18 19:13:36,255 - INFO - ⇢ SSD computation — start
2026-01-18 19:13:36,255 - INFO -   Расчет SSD для всех пар (без ограничения)
2026-01-18 19:13:38,823 - INFO -   SSD результат (все пары): 38226 пар
2026-01-18 19:13:38,823 - INFO -   Ограничиваем до top-25000 пар для дальнейшей обработки
2026-01-18 19:13:38,825 - INFO - ⇠ SSD computation — done in 2.57s
2026-01-18 19:13:38,833 - INFO - ⇢ filtering pairs by cointegration and half-life — start
2026-01-18 19:13:38,833 - INFO - [ФИЛЬТР] Параллельная фильтрация: threads (8 workers)
2026-01-18 19:18:28,861 - INFO - [ФИЛЬТР] После проверки данных: 25000 пар
2026-01-18 19:18:28,862 - INFO - [ФИЛЬТР] После фильтра корреляции (>0.65): 19578 пар
2026-01-18 19:18:28,862 - INFO - [ФИЛЬТР] После фильтра beta: 13627 пар
2026-01-18 19:18:28,862 - INFO - [ФИЛЬТР] После фильтра mean crossings: 13627 пар
2026-01-18 19:18:28,862 - INFO - [ФИЛЬТР] После фильтра half-life: 13591 пар
2026-01-18 19:18:28,862 - INFO - [ФИЛЬТР] После фильтра коинтеграции: 3018 пар
2026-01-18 19:18:28,862 - INFO - [ФИЛЬТР] После фильтра Hurst: 1219 пар
2026-01-18 19:18:28,862 - INFO - [ФИЛЬТР] После фильтра KPSS: 57 пар
2026-01-18 19:18:28,862 - INFO - [ФИЛЬТР] После фильтра market microstructure: 57 пар
2026-01-18 19:18:28,862 - INFO - [ФИЛЬТР] Статистика фильтрации (оптимизированный порядок):
2026-01-18 19:18:28,862 - INFO -   1. SSD → Коинтеграция: 25000 → 3018 пар
2026-01-18 19:18:28,862 - INFO -   2. Коинтеграция → Beta: 3018 → 13627 пар
2026-01-18 19:18:28,862 - INFO -   3. Beta → Half-life: 13627 → 13591 пар
2026-01-18 19:18:28,862 - INFO -   4. Half-life → Mean crossings: 13591 → 13627 пар
2026-01-18 19:18:28,862 - INFO -   5. Mean crossings → Hurst: 13627 → 1219 пар
2026-01-18 19:18:28,862 - INFO -   6. Hurst → KPSS: 1219 → 57 пар
2026-01-18 19:18:28,862 - INFO -   7. KPSS → Market microstructure: 57 → 57 пар
2026-01-18 19:18:28,862 - INFO - [ФИЛЬТР] Причины отсева:
2026-01-18 19:18:28,862 - INFO -   • pvalue: 10573 пар (42.3%)
2026-01-18 19:18:28,862 - INFO -   • beta: 5951 пар (23.8%)
2026-01-18 19:18:28,862 - INFO -   • low_correlation: 5422 пар (21.7%)
2026-01-18 19:18:28,862 - INFO -   • hurst: 1799 пар (7.2%)
2026-01-18 19:18:28,862 - INFO -   • kpss: 1162 пар (4.6%)
2026-01-18 19:18:28,862 - INFO -   • half_life: 36 пар (0.1%)
2026-01-18 19:18:28,862 - INFO - [ФИЛЬТР] Итого: 25000 → 57 пар (0.2% прошли все фильтры)
2026-01-18 19:18:28,899 - INFO - Причины отсева сохранены в results/filter_reasons_20260118_191828.csv
2026-01-18 19:18:28,908 - INFO -   Фильтрация: 25000 → 57 пар
2026-01-18 19:18:28,908 - INFO - ⇠ filtering pairs by cointegration and half-life — done in 290.08s
2026-01-18 19:18:28,908 - INFO - ⇠ WF-шаг 3/3: training 2023-10-01-2023-11-29, testing 2023-11-30-2023-12-30 — done in 294.70s
2026-01-18 19:18:28,908 - INFO -   Топ-3 пары по волатильности спреда:
2026-01-18 19:18:28,908 - INFO -     1. BTCDAI-BTCUSDT: beta=1.0002, std=79.1758
2026-01-18 19:18:28,908 - INFO -     2. BTCDAI-BTCUSDC: beta=0.9992, std=79.0267
2026-01-18 19:18:28,909 - INFO -     3. ETHDAI-STETHUSDT: beta=1.0010, std=7.7465
2026-01-18 19:18:28,909 - INFO -   Всего пар для торговли: 57 (ограничение 8 применяется к одновременно открытым позициям)
2026-01-18 19:18:28,909 - INFO -   💰 Проверка расчета капитала: equity=$10,433.66, кандидатных_пар=57, max_позиций=8
2026-01-18 19:18:28,909 - INFO -   🎯 Target concurrency: 8 (ожидаемое одновременное число позиций)
2026-01-18 19:18:28,909 - INFO -   📊 Детали расчета капитала:
2026-01-18 19:18:28,909 - INFO -      • Базовый капитал на пару: $1,304.21 (equity / target_concurrency)
2026-01-18 19:18:28,909 - INFO -      • Риск-капитал: $83.47 (0.8% от equity)
2026-01-18 19:18:28,909 - INFO -      • Макс. размер позиции: $208.67 (2.0% от equity)
2026-01-18 19:18:28,909 - INFO -      • Итоговый капитал на пару: $83.47
2026-01-18 19:18:28,909 - INFO - ⇢ WF-шаг 3/3 backtests — starting 57 items
2026-01-18 19:18:28,910 - INFO - 🚀 WF-шаг 3/3: Начинаем бэктесты для 57 пар...
2026-01-18 19:18:28,910 - INFO - 🚀 WF-шаг 3/3: Запускаем параллельную обработку 57 пар на 8 ядрах...
2026-01-18 19:18:28,910 - INFO -   📊 Большой набор пар (57), ожидаемое время: ~2 мин
2026-01-18 19:18:28,910 - INFO -   🔄 Прогресс будет отображаться каждые 5 пар
2026-01-18 19:18:28,910 - INFO - 🚀 WF-шаг 3/3: Режим параллельности: процессы
⚙️  Загрузка данных за период: 2023-10-01 -> 2023-12-30
📂 Найдено 43 parquet файлов для обработки.
📊 Схема данных: Schema({'timestamp': Int64, 'open': Float64, 'high': Float64, 'low': Float64, 'close': Float64, 'volume': Float64, 'turnover': String, 'ts_ms': Int64, 'symbol': String})
✅ Загружено 2499894 записей с помощью Polars.
📊 Типы данных в pandas: timestamp       datetime64[us]
symbol                  object
close                  float64
timestamp_ms             int64
dtype: object
2026-01-18 19:18:28,956 - coint2.engine.numba_engine - INFO - Запуск Numba-оптимизированного бэктеста для BTCDAI-BTCUSDT
2026-01-18 19:18:28,973 - coint2.engine.numba_engine - INFO - Запуск Numba-оптимизированного бэктеста для BTCDAI-BTCUSDC
2026-01-18 19:18:28,992 - coint2.engine.numba_engine - INFO - Запуск Numba-оптимизированного бэктеста для ETHDAI-STETHUSDT
2026-01-18 19:18:29,015 - coint2.engine.numba_engine - INFO - Запуск Numba-оптимизированного бэктеста для GMXUSDT-WAVESUSDT
2026-01-18 19:18:29,032 - coint2.engine.numba_engine - INFO - Запуск Numba-оптимизированного бэктеста для GMXUSDT-OMGUSDT
2026-01-18 19:18:29,038 - coint2.engine.numba_engine - INFO - Запуск Numba-оптимизированного бэктеста для CYBERUSDT-MASKUSDT
2026-01-18 19:18:29,050 - coint2.engine.numba_engine - INFO - Запуск Numba-оптимизированного бэктеста для RPLUSDT-SANDUSDC
2026-01-18 19:18:29,056 - coint2.engine.numba_engine - INFO - Запуск Numba-оптимизированного бэктеста для ETCUSDT-KDAUSDT
2026-01-18 19:18:29,061 - coint2.engine.numba_engine - INFO - Запуск Numba-оптимизированного бэктеста для FILUSDC-WAVESUSDT
2026-01-18 19:18:29,074 - coint2.engine.numba_engine - INFO - Запуск Numba-оптимизированного бэктеста для CYBERUSDT-QTUMUSDT
2026-01-18 19:18:29,079 - coint2.engine.numba_engine - INFO - Запуск Numba-оптимизированного бэктеста для FILUSDT-WAVESUSDT
2026-01-18 19:18:29,080 - coint2.engine.numba_engine - INFO - Запуск Numba-оптимизированного бэктеста для RPLUSDT-WAVESUSDT
2026-01-18 19:18:29,088 - coint2.engine.numba_engine - INFO - Запуск Numba-оптимизированного бэктеста для COREUSDT-WWYUSDT
2026-01-18 19:18:29,096 - coint2.engine.numba_engine - INFO - Запуск Numba-оптимизированного бэктеста для CYBERUSDT-LRCUSDT
2026-01-18 19:18:29,096 - coint2.engine.numba_engine - INFO - Запуск Numba-оптимизированного бэктеста для KSMUSDT-OMGUSDT
2026-01-18 19:18:29,096 - coint2.engine.numba_engine - INFO - Запуск Numba-оптимизированного бэктеста для FILUSDT-SANDUSDT
2026-01-18 19:18:29,102 - coint2.engine.numba_engine - INFO - Запуск Numba-оптимизированного бэктеста для CRVUSDT-VRAUSDT
2026-01-18 19:18:29,111 - coint2.engine.numba_engine - INFO - Запуск Numba-оптимизированного бэктеста для IDUSDT-LRCUSDT
2026-01-18 19:18:29,112 - coint2.engine.numba_engine - INFO - Запуск Numba-оптимизированного бэктеста для FXSUSDT-SCRTUSDT
2026-01-18 19:18:29,118 - coint2.engine.numba_engine - INFO - Запуск Numba-оптимизированного бэктеста для JUVUSDT-OPUSDT
2026-01-18 19:18:29,118 - coint2.engine.numba_engine - INFO - Запуск Numba-оптимизированного бэктеста для FLOWUSDT-NEXOUSDT
2026-01-18 19:18:29,124 - coint2.engine.numba_engine - INFO - Запуск Numba-оптимизированного бэктеста для 1INCHUSDT-NYMUSDT
2026-01-18 19:18:29,129 - coint2.engine.numba_engine - INFO - Запуск Numba-оптимизированного бэктеста для AXSUSDT-NEXOUSDT
2026-01-18 19:18:29,133 - coint2.engine.numba_engine - INFO - Запуск Numba-оптимизированного бэктеста для MVUSDT-ZILUSDT
2026-01-18 19:18:29,135 - coint2.engine.numba_engine - INFO - Запуск Numba-оптимизированного бэктеста для JUVUSDT-OPUSDC
2026-01-18 19:18:29,140 - coint2.engine.numba_engine - INFO - Запуск Numba-оптимизированного бэктеста для STGUSDT-XTZUSDT
2026-01-18 19:18:29,140 - coint2.engine.numba_engine - INFO - Запуск Numba-оптимизированного бэктеста для SANDUSDC-WAVESUSDT
2026-01-18 19:18:29,146 - coint2.engine.numba_engine - INFO - Запуск Numba-оптимизированного бэктеста для MVUSDT-TONUSDT
2026-01-18 19:18:29,152 - coint2.engine.numba_engine - INFO - Запуск Numba-оптимизированного бэктеста для LUNAUSDT-MOVRUSDT
2026-01-18 19:18:29,155 - coint2.engine.numba_engine - INFO - Запуск Numba-оптимизированного бэктеста для CHZUSDT-KSMUSDT
2026-01-18 19:18:29,156 - coint2.engine.numba_engine - INFO - Запуск Numba-оптимизированного бэктеста для AVAUSDT-CHZUSDC
2026-01-18 19:18:29,160 - coint2.engine.numba_engine - INFO - Запуск Numba-оптимизированного бэктеста для ICPUSDC-NEXOUSDT
2026-01-18 19:18:29,162 - coint2.engine.numba_engine - INFO - Запуск Numba-оптимизированного бэктеста для SANDUSDT-WAVESUSDT
2026-01-18 19:18:29,162 - coint2.engine.numba_engine - INFO - Запуск Numba-оптимизированного бэктеста для DOGEUSDC-SCRTUSDT
2026-01-18 19:18:29,168 - coint2.engine.numba_engine - INFO - Запуск Numba-оптимизированного бэктеста для HBARUSDT-SCRTUSDT
2026-01-18 19:18:29,174 - coint2.engine.numba_engine - INFO - Запуск Numba-оптимизированного бэктеста для AVAUSDT-CHZUSDT
2026-01-18 19:18:29,176 - coint2.engine.numba_engine - INFO - Запуск Numba-оптимизированного бэктеста для ICPUSDT-NEXOUSDT
2026-01-18 19:18:29,178 - coint2.engine.numba_engine - INFO - Запуск Numba-оптимизированного бэктеста для LUNCUSDC-LUNCUSDT
2026-01-18 19:18:29,178 - coint2.engine.numba_engine - INFO - Запуск Numba-оптимизированного бэктеста для BICOUSDT-VRAUSDT
2026-01-18 19:18:29,182 - coint2.engine.numba_engine - INFO - Запуск Numba-оптимизированного бэктеста для CITYUSDT-PERPUSDT
2026-01-18 19:18:29,184 - coint2.engine.numba_engine - INFO - Запуск Numba-оптимизированного бэктеста для DOGEUSDT-SCRTUSDT
2026-01-18 19:18:29,185 - coint2.engine.numba_engine - INFO - Запуск Numba-оптимизированного бэктеста для ACHUSDT-SANDUSDT
2026-01-18 19:18:29,197 - coint2.engine.numba_engine - INFO - Запуск Numba-оптимизированного бэктеста для ENJUSDT-MANAUSDC
2026-01-18 19:18:29,198 - coint2.engine.numba_engine - INFO - Запуск Numba-оптимизированного бэктеста для HOOKUSDT-RVNUSDT
2026-01-18 19:18:29,201 - coint2.engine.numba_engine - INFO - Запуск Numba-оптимизированного бэктеста для DOGEUSDC-NEXOUSDT
2026-01-18 19:18:29,204 - coint2.engine.numba_engine - INFO - Запуск Numba-оптимизированного бэктеста для ICXUSDT-PENDLEUSDT
2026-01-18 19:18:29,206 - coint2.engine.numba_engine - INFO - Запуск Numba-оптимизированного бэктеста для CHRPUSDT-ICPUSDT
2026-01-18 19:18:29,220 - coint2.engine.numba_engine - INFO - Запуск Numba-оптимизированного бэктеста для DOGEUSDT-NEXOUSDT
2026-01-18 19:18:29,220 - coint2.engine.numba_engine - INFO - Запуск Numba-оптимизированного бэктеста для AVAUSDT-LRCUSDT
2026-01-18 19:18:29,223 - coint2.engine.numba_engine - INFO - Запуск Numba-оптимизированного бэктеста для CHRPUSDT-GRTUSDT
2026-01-18 19:18:29,228 - coint2.engine.numba_engine - INFO - Запуск Numba-оптимизированного бэктеста для ENJUSDT-MANAUSDT
2026-01-18 19:18:29,242 - coint2.engine.numba_engine - INFO - Запуск Numba-оптимизированного бэктеста для MVLUSDT-ZILUSDT
2026-01-18 19:18:29,242 - coint2.engine.numba_engine - INFO - Запуск Numba-оптимизированного бэктеста для C98USDT-QTUMUSDT
2026-01-18 19:18:29,251 - coint2.engine.numba_engine - INFO - Запуск Numba-оптимизированного бэктеста для DOGEEUR-NEXOUSDT
2026-01-18 19:18:29,264 - coint2.engine.numba_engine - INFO - Запуск Numba-оптимизированного бэктеста для CHZUSDC-KSMUSDT
2026-01-18 19:18:29,273 - coint2.engine.numba_engine - INFO - Запуск Numba-оптимизированного бэктеста для DOMEUSDT-TENETUSDT
2026-01-18 19:18:29,286 - coint2.engine.numba_engine - INFO - Запуск Numba-оптимизированного бэктеста для MIXUSDT-XTZUSDT
2026-01-18 19:18:29,321 - INFO -   ⏱️ Параллельная обработка завершена за 0.4с (138.7 пар/с)
2026-01-18 19:18:29,344 - coint2.pipeline.walk_forward_orchestrator - INFO - 🎯 СИМУЛЯЦИЯ ПОРТФЕЛЯ: 57 пар, лимит 8 позиций
2026-01-18 19:18:29,915 - coint2.pipeline.walk_forward_orchestrator - INFO -    📈 Макс. одновременных сигналов: 26
2026-01-18 19:18:29,915 - coint2.pipeline.walk_forward_orchestrator - INFO -    📊 Средн. сигналов за период: 0.6
2026-01-18 19:18:29,915 - coint2.pipeline.walk_forward_orchestrator - INFO -    🎯 Финальных активных позиций: 0
2026-01-18 19:18:29,917 - coint2.pipeline.walk_forward_orchestrator - INFO -    ⚡ Утилизация лимита позиций: 7.3%
2026-01-18 19:18:29,917 - INFO - ⇠ WF-шаг 3/3 backtests — completed 57 items in 1.01s (56.6 items/s)
2026-01-18 19:18:29,917 - INFO -   ✅ Обработка завершена: 57 успешно, 0 с ошибками
2026-01-18 19:18:29,917 - INFO -   📊 Успешность: 100.0%, прибыльность: 68.4%, сделок/пара: 15.2
2026-01-18 19:18:29,917 - INFO -   ✅ Завершены бэктесты для 57 пар
2026-01-18 19:18:29,917 - INFO -   📊 Всего обработано пар в этом шаге: 57
2026-01-18 19:18:29,917 - INFO -   📈 Результаты шага: 39/57 прибыльных пар, 867 сделок
2026-01-18 19:18:29,917 - INFO -   💰 P&L шага: $+216.61
2026-01-18 19:18:29,917 - INFO -   ⇢ Обновление капитала и дневного P&L...
2026-01-18 19:18:31,277 - INFO -   💼 Шаг P&L: $+216.61, Накопленный капитал: $10,650.27
2026-01-18 19:18:31,277 - INFO - ------------------------------------------------------------
2026-01-18 19:18:31,278 - INFO -   Walk-forward steps: 3 / 3 (100.0%) | 0.0 items/s | ETA: 0.0s
2026-01-18 19:18:31,278 - INFO - ⇠ Walk-forward steps — completed 3 items in 813.64s (0.0 items/s)
2026-01-18 19:18:31,278 - INFO - ================================================================================
2026-01-18 19:18:31,278 - INFO - 🏁 Walk-forward анализ завершен!
2026-01-18 19:18:31,278 - INFO - ⏱️ Обработано 3 шагов за 2.4 секунд
2026-01-18 19:18:31,278 - INFO - 📊 Всего обработано пар за весь анализ: 183
2026-01-18 19:18:31,278 - INFO - 💰 Финальный капитал: $10,650.27 (было $10,000.00)
2026-01-18 19:18:31,278 - INFO - 📈 Общая доходность: +6.50% ($+650.27)
2026-01-18 19:18:31,278 - INFO - 📊 Всего сделок: 0
2026-01-18 19:18:31,278 - INFO - ================================================================================
2026-01-18 19:18:31,278 - INFO - ✓ Завершены все 3 WF-шагов
2026-01-18 19:18:31,278 - INFO - ⇢ Обработка финальных результатов и расчет метрик...
2026-01-18 19:18:31,278 - INFO - ⇢ processing final results — start
2026-01-18 19:18:31,278 - INFO -   ⇢ Агрегация данных P&L за 8643 торговых дней
2026-01-18 19:18:31,302 - INFO -   ⇢ Расчет базовых метрик производительности...
2026-01-18 19:18:31,302 - INFO -     📊 Данные для анализа: 8643 записей P&L, 8641 точек equity
2026-01-18 19:18:31,304 - INFO -   ⇢ Расчет расширенных метрик (волатильность, Calmar ratio, и др.)...
2026-01-18 19:18:31,305 - INFO -   ✅ Расширенные метрики рассчитаны: 6 показателей
2026-01-18 19:18:31,305 - INFO -   ⇢ Анализ статистики по 183 парам...
2026-01-18 19:18:31,307 - INFO - ✅ Рассчитаны метрики производительности (19 показателей)
2026-01-18 19:18:31,307 - INFO -   💰 Общий P&L: $+650.27
2026-01-18 19:18:31,307 - INFO -   📊 Sharpe Ratio: 0.734
2026-01-18 19:18:31,308 - INFO -   📉 Максимальная просадка: -8816.83%
2026-01-18 19:18:31,308 - INFO -   🔄 Всего сделок: 3188
2026-01-18 19:18:31,308 - INFO -   📈 Торгуемых пар: 183
2026-01-18 19:18:31,308 - INFO -   💸 Общие издержки: $134.39
2026-01-18 19:18:31,308 - coint2.metrics - INFO - Metric: total_pnl
2026-01-18 19:18:31,309 - coint2.metrics - INFO - Metric: sharpe_ratio_abs
2026-01-18 19:18:31,309 - coint2.metrics - INFO - Metric: max_drawdown_pct
2026-01-18 19:18:31,309 - coint2.metrics - INFO - Metric: total_trades
2026-01-18 19:18:31,309 - coint2.metrics - INFO - Metric: total_pairs_traded
2026-01-18 19:18:31,309 - coint2.metrics - INFO - Metric: total_costs
2026-01-18 19:18:31,309 - INFO - ⇠ processing final results — done in 0.03s
2026-01-18 19:18:31,309 - INFO - ⇢ Создание отчетов и сохранение результатов...
2026-01-18 19:18:31,309 - INFO - ⇢ generating reports — start
2026-01-18 19:18:31,310 - INFO -   ⇢ Создание отчета о производительности...
2026-01-18 19:18:37,262 - INFO -   ✓ Отчет о производительности создан
2026-01-18 19:18:37,262 - INFO -   ⇢ Сохранение данных в CSV файлы...
2026-01-18 19:18:37,264 - INFO - 📋 Метрики сохранены: artifacts/wfa/runs/20260118_risk_sweep/risk_sweep_20260118_risk0p008_pos8_margin0p35_kelly0p15_z0p85_exit0p12_corr0p65_ssd25000/strategy_metrics.csv
2026-01-18 19:18:37,265 - INFO - 📈 Дневные P&L сохранены: artifacts/wfa/runs/20260118_risk_sweep/risk_sweep_20260118_risk0p008_pos8_margin0p35_kelly0p15_z0p85_exit0p12_corr0p65_ssd25000/daily_pnl.csv (91 записей)
2026-01-18 19:18:37,297 - INFO - 💹 Кривая капитала сохранена: artifacts/wfa/runs/20260118_risk_sweep/risk_sweep_20260118_risk0p008_pos8_margin0p35_kelly0p15_z0p85_exit0p12_corr0p65_ssd25000/equity_curve.csv (8641 точек)
2026-01-18 19:18:37,301 - INFO - 📋 Статистика сделок сохранена: artifacts/wfa/runs/20260118_risk_sweep/risk_sweep_20260118_risk0p008_pos8_margin0p35_kelly0p15_z0p85_exit0p12_corr0p65_ssd25000/trade_statistics.csv (183 записей)
2026-01-18 19:18:37,301 - INFO - 🎉 Walk-Forward анализ полностью завершен!
2026-01-18 19:18:37,301 - INFO - 📊 Все отчеты и данные сохранены в: artifacts/wfa/runs/20260118_risk_sweep/risk_sweep_20260118_risk0p008_pos8_margin0p35_kelly0p15_z0p85_exit0p12_corr0p65_ssd25000
2026-01-18 19:18:37,301 - INFO - 💼 Итоговый капитал: $10,650.27
2026-01-18 19:18:37,301 - INFO - ⏱️  Общее время выполнения: 8.4 секунд
2026-01-18 19:18:37,301 - INFO - ⇠ generating reports — done in 5.99s
2026-01-18 19:18:37,301 - coint2.core.memory_optimization - INFO - 🧹 Cleaning up global price data
2026-01-18 19:18:37,304 - coint2.core.memory_optimization - INFO - 📊 No global rolling stats to clean up
2026-01-18 19:18:37,305 - INFO - 🧹 Memory-mapped data cleaned up
2026-01-18 19:18:37,306 - INFO - ⇠ run_walk_forward_analysis — done in 824.94s
📊 Отчет сохранен: artifacts/wfa/runs/20260118_risk_sweep/risk_sweep_20260118_risk0p008_pos8_margin0p35_kelly0p15_z0p85_exit0p12_corr0p65_ssd25000/CointegrationStrategy_performance_report.png
🎯 ============================================================
📊 ИТОГИ ТОРГОВОЙ СТРАТЕГИИ
🎯 ============================================================

💰 ФИНАНСОВЫЕ РЕЗУЛЬТАТЫ:
   • Общий P&L:                          650
   • Максимальная просадка:              -88
   • Средний дневной P&L:                  7

📈 МЕТРИКИ РИСКА:
   • Коэффициент Шарпа:               0.7341
   • Волатильность P&L:                18.43
   • Процент прибыльных дней:         64.84%

🔄 ТОРГОВАЯ АКТИВНОСТЬ:
   • Всего торговых дней:                 91
   • Всего сделок:                     3,188
   • Торгуемых пар:                      183
   • Сделок на пару:                    17.4
   • Успешность сделок:               0.31%

💸 РАСХОДЫ И ЭКСТРЕМУМЫ:
   • Общие расходы:                      134
   • Максимальная прибыль:               110
   • Максимальный убыток:                -45
   • Лучшая пара (P&L):                   94
   • Худшая пара (P&L):                  -14

📊 ОЦЕНКА СТРАТЕГИИ:
   ✅ ОТЛИЧНАЯ стратегия! Высокий Шарп и положительный результат

🎯 ============================================================

Correct Sharpe Ratio: 0.7341082222802444
[run_wfa_fullcpu] end: 2026-01-18T19:18:38Z
