[run_wfa_queue] 2026-01-18T19:32:27Z cmd: /opt/coint4/coint4/run_wfa_fullcpu.sh configs/risk_sweep_20260118/risk_sweep_20260118_risk0p01_pos10_margin0p4_kelly0p15_z0p85_exit0p12_corr0p65_ssd25000.yaml artifacts/wfa/runs/20260118_risk_sweep/risk_sweep_20260118_risk0p01_pos10_margin0p4_kelly0p15_z0p85_exit0p12_corr0p65_ssd25000
[run_wfa_fullcpu] start: 2026-01-18T19:32:27Z
[run_wfa_fullcpu] os.cpu_count: 8
[run_wfa_fullcpu] worker_pid=3885
2026-01-18 19:32:30,406 - coint2.core.memory_optimization - INFO - ✅ BLAS threading limits set to 1 via threadpoolctl
2026-01-18 19:32:30,407 - coint2.core.memory_optimization - INFO - 🔧 Controlled libraries: openblas, openmp
2026-01-18 19:32:30,407 - coint2.core.memory_optimization - INFO - 🧵 Process threads: 2 → 2
2026-01-18 19:32:30,407 - coint2.core.memory_optimization - INFO - 📝 Set 11 environment variables
2026-01-18 19:32:30,740 - INFO - ✅ Параметры конфигурации валидны
2026-01-18 19:32:30,740 - INFO - 📝 Некоторые параметры были скорректированы:
2026-01-18 19:32:30,740 - INFO - 🧭 WFA: динамический отбор пар на каждом шаге
2026-01-18 19:32:30,741 - INFO -   Шаг 1: тренировка 2023-08-02-2023-09-30, тест 2023-10-01-2023-10-31
2026-01-18 19:32:30,741 - INFO -   Шаг 2: тренировка 2023-09-01-2023-10-30, тест 2023-10-31-2023-11-30
2026-01-18 19:32:30,741 - INFO -   Шаг 3: тренировка 2023-10-01-2023-11-29, тест 2023-11-30-2023-12-30
2026-01-18 19:32:30,741 - INFO -   Шаг 4: тренировка 2023-10-31-2023-12-29, тест 2023-12-30-2024-01-29
2026-01-18 19:32:30,741 - INFO - 📈 Запланировано 4 walk-forward шагов
2026-01-18 19:32:30,741 - INFO - ⛔ Ограничение WFA шагов: 4 → 3
2026-01-18 19:32:30,741 - WARNING - ⚠️ Маленький буфер между training и testing в шаге 1: 0 дней. Рекомендуется минимум 1 день.
2026-01-18 19:32:30,741 - WARNING - ⚠️ Маленький буфер между training и testing в шаге 2: 0 дней. Рекомендуется минимум 1 день.
2026-01-18 19:32:30,741 - WARNING - ⚠️ Маленький буфер между training и testing в шаге 3: 0 дней. Рекомендуется минимум 1 день.
2026-01-18 19:32:30,741 - INFO - ✅ Шаги успешно запланированы:
2026-01-18 19:32:30,741 - INFO -    Шаг 1: тренировка 2023-08-02-2023-09-30, тест 2023-10-01-2023-10-31
2026-01-18 19:32:30,741 - INFO -    Шаг 2: тренировка 2023-09-01-2023-10-30, тест 2023-10-31-2023-11-30
2026-01-18 19:32:30,741 - INFO -    Шаг 3: тренировка 2023-10-01-2023-11-29, тест 2023-11-30-2023-12-30
2026-01-18 19:32:30,741 - INFO - 🗂️ Consolidating price data for memory-mapped access...
2026-01-18 19:32:30,741 - INFO - 📊 Consolidating data range: 2023-07-28 → 2024-01-04
2026-01-18 19:32:30,741 - coint2.core.memory_optimization - INFO - 🔄 Consolidating price data from data_downloaded to .cache/consolidated_prices.parquet
2026-01-18 19:32:30,742 - INFO - ⇢ loading raw data for consolidation — start
2026-01-18 19:32:31,180 - INFO - ⇠ loading raw data for consolidation — done in 0.44s
2026-01-18 19:32:31,180 - INFO - ⇢ pivoting data to wide format — start
2026-01-18 19:32:34,021 - INFO - ⇠ pivoting data to wide format — done in 2.84s
2026-01-18 19:32:34,061 - coint2.core.memory_optimization - INFO - 📊 Consolidated data: 15361 rows × 310 symbols
2026-01-18 19:32:34,061 - coint2.core.memory_optimization - INFO - 💾 Memory usage: 19.2 MB
2026-01-18 19:32:34,061 - INFO - ⇢ writing consolidated Parquet file — start
2026-01-18 19:32:34,213 - INFO - ⇠ writing consolidated Parquet file — done in 0.15s
2026-01-18 19:32:34,213 - coint2.core.memory_optimization - INFO - ✅ Successfully consolidated data to .cache/consolidated_prices.parquet
2026-01-18 19:32:34,230 - coint2.core.memory_optimization - INFO - 🔄 Initializing memory-mapped price data from .cache/consolidated_prices.parquet
2026-01-18 19:32:34,231 - INFO - ⇢ loading memory-mapped data — start
2026-01-18 19:32:34,231 - coint2.core.memory_optimization - WARNING - ⚠️ memory_map не поддерживается в текущей версии pyarrow, fallback без mmap
2026-01-18 19:32:34,317 - INFO - ⇠ loading memory-mapped data — done in 0.09s
2026-01-18 19:32:34,325 - coint2.core.memory_optimization - INFO - 📊 Loaded 15361 rows × 310 symbols
2026-01-18 19:32:34,325 - coint2.core.memory_optimization - INFO - 💾 Memory usage: 19.2 MB (memory-mapped)
2026-01-18 19:32:34,326 - INFO - ✅ Memory-mapped data initialized successfully
2026-01-18 19:32:34,327 - INFO - ⇢ Walk-forward steps — starting 3 items
2026-01-18 19:32:34,328 - INFO - 📈 Инициализация equity кривой с первой тестовой даты: 2023-10-01 00:00:00
2026-01-18 19:32:34,328 - INFO - 🔍 WF-шаг 1/3: Валидация временных окон...
2026-01-18 19:32:34,328 - INFO - ⇢ WF-шаг 1/3: training 2023-08-02-2023-09-30, testing 2023-10-01-2023-10-31 — start
2026-01-18 19:32:34,328 - INFO - ⇢ loading step data — start
2026-01-18 19:32:34,472 - INFO - ⇠ loading step data — done in 0.14s
2026-01-18 19:32:35,671 - INFO - 📊 WF-шаг 1/3: Границы данных:
2026-01-18 19:32:35,672 - INFO -    Training: 2023-08-02 00:00:00 → 2023-09-30 23:45:00 (5,760 строк × 282 символов)
2026-01-18 19:32:35,672 - INFO -    Testing:  2023-10-01 00:00:00 → 2023-10-31 00:00:00 (2,881 строк × 282 символов)
2026-01-18 19:32:35,672 - INFO -    Временной разрыв: 0 days 00:15:00
2026-01-18 19:32:35,706 - INFO - ⇢ normalizing training data — start
2026-01-18 19:32:35,736 - INFO -   Символы с NaN значениями: 20
2026-01-18 19:32:35,736 - INFO -   Применяем метод нормализации: rolling_zscore
2026-01-18 19:32:35,748 - INFO - Символы с недостаточной историей: 20 из 282
2026-01-18 19:32:36,100 - INFO - Символы с NaN после нормализации: 262
2026-01-18 19:32:36,106 - INFO - Удалено 1 начальных строк с NaN от rolling расчетов
2026-01-18 19:32:36,109 - INFO - Итоговое количество символов после нормализации: 262 из 282
2026-01-18 19:32:36,109 - INFO -   Статистика нормализации:
2026-01-18 19:32:36,109 - INFO -     Исходные символы: 282
2026-01-18 19:32:36,109 - INFO -     Недостаточная история: 20
2026-01-18 19:32:36,109 - INFO -     Постоянная цена: 0
2026-01-18 19:32:36,109 - INFO -     NaN после нормализации: 262
2026-01-18 19:32:36,109 - INFO -     Итоговые символы: 262 (92.9%)
2026-01-18 19:32:36,109 - INFO -   После нормализации: 262 символов (потеряно 20)
2026-01-18 19:32:36,109 - INFO -   Отброшенные символы: ADAEUR, BEAMUSDT, BTCEUR, CYBERUSDT, DOGEEUR, ETHEUR, FETUSDT, JEFFUSDT, KASUSDT, KAVAUSDT, LTCEUR, ORDIUSDT, POLUSDT, PPTUSDT, PYUSDUSDT, SEIUSDT, SOLEUR, USDCEUR, XRPEUR, ZTXUSDT
2026-01-18 19:32:36,109 - INFO - ⇠ normalizing training data — done in 0.40s
2026-01-18 19:32:36,110 - INFO - ⇢ SSD computation — start
2026-01-18 19:32:36,110 - INFO -   Расчет SSD для всех пар (без ограничения)
2026-01-18 19:32:38,394 - INFO -   SSD результат (все пары): 34191 пар
2026-01-18 19:32:38,394 - INFO -   Ограничиваем до top-25000 пар для дальнейшей обработки
2026-01-18 19:32:38,395 - INFO - ⇠ SSD computation — done in 2.29s
2026-01-18 19:32:38,401 - INFO - ⇢ filtering pairs by cointegration and half-life — start
2026-01-18 19:32:38,402 - INFO - [ФИЛЬТР] Параллельная фильтрация: threads (8 workers)
2026-01-18 19:37:51,187 - INFO - [ФИЛЬТР] После проверки данных: 25000 пар
2026-01-18 19:37:51,187 - INFO - [ФИЛЬТР] После фильтра корреляции (>0.65): 16120 пар
2026-01-18 19:37:51,187 - INFO - [ФИЛЬТР] После фильтра beta: 10655 пар
2026-01-18 19:37:51,187 - INFO - [ФИЛЬТР] После фильтра mean crossings: 10655 пар
2026-01-18 19:37:51,187 - INFO - [ФИЛЬТР] После фильтра half-life: 10624 пар
2026-01-18 19:37:51,187 - INFO - [ФИЛЬТР] После фильтра коинтеграции: 4048 пар
2026-01-18 19:37:51,187 - INFO - [ФИЛЬТР] После фильтра Hurst: 1955 пар
2026-01-18 19:37:51,187 - INFO - [ФИЛЬТР] После фильтра KPSS: 90 пар
2026-01-18 19:37:51,187 - INFO - [ФИЛЬТР] После фильтра market microstructure: 90 пар
2026-01-18 19:37:51,187 - INFO - [ФИЛЬТР] Статистика фильтрации (оптимизированный порядок):
2026-01-18 19:37:51,187 - INFO -   1. SSD → Коинтеграция: 25000 → 4048 пар
2026-01-18 19:37:51,187 - INFO -   2. Коинтеграция → Beta: 4048 → 10655 пар
2026-01-18 19:37:51,187 - INFO -   3. Beta → Half-life: 10655 → 10624 пар
2026-01-18 19:37:51,187 - INFO -   4. Half-life → Mean crossings: 10624 → 10655 пар
2026-01-18 19:37:51,187 - INFO -   5. Mean crossings → Hurst: 10655 → 1955 пар
2026-01-18 19:37:51,187 - INFO -   6. Hurst → KPSS: 1955 → 90 пар
2026-01-18 19:37:51,187 - INFO -   7. KPSS → Market microstructure: 90 → 90 пар
2026-01-18 19:37:51,187 - INFO - [ФИЛЬТР] Причины отсева:
2026-01-18 19:37:51,187 - INFO -   • low_correlation: 8880 пар (35.5%)
2026-01-18 19:37:51,187 - INFO -   • pvalue: 6576 пар (26.3%)
2026-01-18 19:37:51,187 - INFO -   • beta: 5465 пар (21.9%)
2026-01-18 19:37:51,187 - INFO -   • hurst: 2093 пар (8.4%)
2026-01-18 19:37:51,187 - INFO -   • kpss: 1865 пар (7.5%)
2026-01-18 19:37:51,187 - INFO -   • half_life: 31 пар (0.1%)
2026-01-18 19:37:51,187 - INFO - [ФИЛЬТР] Итого: 25000 → 90 пар (0.4% прошли все фильтры)
2026-01-18 19:37:51,228 - INFO - Причины отсева сохранены в results/filter_reasons_20260118_193751.csv
2026-01-18 19:37:51,239 - INFO -   Фильтрация: 25000 → 90 пар
2026-01-18 19:37:51,239 - INFO - ⇠ filtering pairs by cointegration and half-life — done in 312.84s
2026-01-18 19:37:51,239 - INFO - ⇠ WF-шаг 1/3: training 2023-08-02-2023-09-30, testing 2023-10-01-2023-10-31 — done in 316.91s
2026-01-18 19:37:51,239 - INFO -   Топ-3 пары по волатильности спреда:
2026-01-18 19:37:51,239 - INFO -     1. COMPUSDT-GMXUSDT: beta=1.0239, std=2.0031
2026-01-18 19:37:51,239 - INFO -     2. TIMEUSDT-ZENUSDT: beta=1.0190, std=0.6922
2026-01-18 19:37:51,239 - INFO -     3. ETHUSDC-ETHUSDT: beta=0.9936, std=0.6033
2026-01-18 19:37:51,239 - INFO -   Всего пар для торговли: 90 (ограничение 10 применяется к одновременно открытым позициям)
2026-01-18 19:37:51,240 - INFO -   💰 Проверка расчета капитала: equity=$10,000.00, кандидатных_пар=90, max_позиций=10
2026-01-18 19:37:51,240 - INFO -   🎯 Target concurrency: 10 (ожидаемое одновременное число позиций)
2026-01-18 19:37:51,240 - INFO -   📊 Детали расчета капитала:
2026-01-18 19:37:51,240 - INFO -      • Базовый капитал на пару: $1,000.00 (equity / target_concurrency)
2026-01-18 19:37:51,240 - INFO -      • Риск-капитал: $100.00 (1.0% от equity)
2026-01-18 19:37:51,240 - INFO -      • Макс. размер позиции: $200.00 (2.0% от equity)
2026-01-18 19:37:51,240 - INFO -      • Итоговый капитал на пару: $100.00
2026-01-18 19:37:51,240 - INFO - ⇢ WF-шаг 1/3 backtests — starting 90 items
2026-01-18 19:37:51,240 - INFO - 🚀 WF-шаг 1/3: Начинаем бэктесты для 90 пар...
2026-01-18 19:37:51,240 - INFO - 🚀 WF-шаг 1/3: Запускаем параллельную обработку 90 пар на 8 ядрах...
2026-01-18 19:37:51,240 - INFO -   📊 Большой набор пар (90), ожидаемое время: ~4 мин
2026-01-18 19:37:51,241 - INFO -   🔄 Прогресс будет отображаться каждые 9 пар
2026-01-18 19:37:51,241 - INFO - 🚀 WF-шаг 1/3: Режим параллельности: процессы
⚙️  Загрузка данных за период: 2023-07-28 -> 2024-01-04
📂 Найдено 43 parquet файлов для обработки.
📊 Схема данных: Schema({'timestamp': Int64, 'open': Float64, 'high': Float64, 'low': Float64, 'close': Float64, 'volume': Float64, 'turnover': String, 'ts_ms': Int64, 'symbol': String})
✅ Загружено 4323175 записей с помощью Polars.
📊 Типы данных в pandas: timestamp       datetime64[us]
symbol                  object
close                  float64
timestamp_ms             int64
dtype: object
⚙️  Загрузка данных за период: 2023-08-02 -> 2023-10-31
📂 Найдено 43 parquet файлов для обработки.
📊 Схема данных: Schema({'timestamp': Int64, 'open': Float64, 'high': Float64, 'low': Float64, 'close': Float64, 'volume': Float64, 'turnover': String, 'ts_ms': Int64, 'symbol': String})
✅ Загружено 2351056 записей с помощью Polars.
📊 Типы данных в pandas: timestamp       datetime64[us]
symbol                  object
close                  float64
timestamp_ms             int64
dtype: object
2026-01-18 19:37:51,296 - coint2.engine.numba_engine - INFO - Запуск Numba-оптимизированного бэктеста для COMPUSDT-GMXUSDT
2026-01-18 19:37:51,316 - coint2.engine.numba_engine - INFO - Запуск Numba-оптимизированного бэктеста для TIMEUSDT-ZENUSDT
2026-01-18 19:37:51,337 - coint2.engine.numba_engine - INFO - Запуск Numba-оптимизированного бэктеста для ETHUSDC-ETHUSDT
2026-01-18 19:37:51,357 - coint2.engine.numba_engine - INFO - Запуск Numba-оптимизированного бэктеста для AXSUSDT-UNIUSDT
2026-01-18 19:37:51,377 - coint2.engine.numba_engine - INFO - Запуск Numba-оптимизированного бэктеста для SNXUSDT-SOLOUSDT
2026-01-18 19:37:51,378 - coint2.engine.numba_engine - INFO - Запуск Numba-оптимизированного бэктеста для ARUSDT-FILUSDT
2026-01-18 19:37:51,397 - coint2.engine.numba_engine - INFO - Запуск Numba-оптимизированного бэктеста для INTERUSDT-XRPUSDC
2026-01-18 19:37:51,398 - coint2.engine.numba_engine - INFO - Запуск Numba-оптимизированного бэктеста для AXSUSDT-SANDUSDT
2026-01-18 19:37:51,400 - coint2.engine.numba_engine - INFO - Запуск Numba-оптимизированного бэктеста для INTERUSDT-QTUMUSDT
2026-01-18 19:37:51,416 - coint2.engine.numba_engine - INFO - Запуск Numba-оптимизированного бэктеста для INTERUSDT-XRPUSDT
2026-01-18 19:37:51,422 - coint2.engine.numba_engine - INFO - Запуск Numba-оптимизированного бэктеста для INTERUSDT-XEMUSDT
2026-01-18 19:37:51,422 - coint2.engine.numba_engine - INFO - Запуск Numba-оптимизированного бэктеста для INTERUSDT-ZILUSDT
2026-01-18 19:37:51,423 - coint2.engine.numba_engine - INFO - Запуск Numba-оптимизированного бэктеста для AXSUSDT-SANDUSDC
2026-01-18 19:37:51,437 - coint2.engine.numba_engine - INFO - Запуск Numba-оптимизированного бэктеста для INTERUSDT-ZENUSDT
2026-01-18 19:37:51,439 - coint2.engine.numba_engine - INFO - Запуск Numba-оптимизированного бэктеста для INTERUSDT-LTCUSDC
2026-01-18 19:37:51,444 - coint2.engine.numba_engine - INFO - Запуск Numba-оптимизированного бэктеста для INTERUSDT-WAVESUSDT
2026-01-18 19:37:51,445 - coint2.engine.numba_engine - INFO - Запуск Numba-оптимизированного бэктеста для CITYUSDT-DOTUSDC
2026-01-18 19:37:51,451 - coint2.engine.numba_engine - INFO - Запуск Numba-оптимизированного бэктеста для INTERUSDT-THETAUSDT
2026-01-18 19:37:51,457 - coint2.engine.numba_engine - INFO - Запуск Numba-оптимизированного бэктеста для INTERUSDT-STXUSDT
2026-01-18 19:37:51,460 - coint2.engine.numba_engine - INFO - Запуск Numba-оптимизированного бэктеста для INTERUSDT-LTCUSDT
2026-01-18 19:37:51,460 - coint2.engine.numba_engine - INFO - Запуск Numba-оптимизированного бэктеста для INTERUSDT-USTCUSDT
2026-01-18 19:37:51,467 - coint2.engine.numba_engine - INFO - Запуск Numba-оптимизированного бэктеста для CITYUSDT-DOTUSDT
2026-01-18 19:37:51,467 - coint2.engine.numba_engine - INFO - Запуск Numba-оптимизированного бэктеста для SUSHIUSDT-UMAUSDT
2026-01-18 19:37:51,476 - coint2.engine.numba_engine - INFO - Запуск Numba-оптимизированного бэктеста для INTERUSDT-ROSEUSDT
2026-01-18 19:37:51,479 - coint2.engine.numba_engine - INFO - Запуск Numba-оптимизированного бэктеста для MASKUSDT-XRPUSDC
2026-01-18 19:37:51,481 - coint2.engine.numba_engine - INFO - Запуск Numba-оптимизированного бэктеста для PSGUSDT-VPADUSDT
2026-01-18 19:37:51,482 - coint2.engine.numba_engine - INFO - Запуск Numba-оптимизированного бэктеста для CITYUSDT-JUVUSDT
2026-01-18 19:37:51,489 - coint2.engine.numba_engine - INFO - Запуск Numba-оптимизированного бэктеста для HFTUSDT-PSGUSDT
2026-01-18 19:37:51,489 - coint2.engine.numba_engine - INFO - Запуск Numba-оптимизированного бэктеста для CELOUSDT-ZRXUSDT
2026-01-18 19:37:51,499 - coint2.engine.numba_engine - INFO - Запуск Numba-оптимизированного бэктеста для MASKUSDT-XRPUSDT
2026-01-18 19:37:51,501 - coint2.engine.numba_engine - INFO - Запуск Numba-оптимизированного бэктеста для AFCUSDT-DOTUSDC
2026-01-18 19:37:51,503 - coint2.engine.numba_engine - INFO - Запуск Numba-оптимизированного бэктеста для ETHWUSDT-GMTUSDC
2026-01-18 19:37:51,503 - coint2.engine.numba_engine - INFO - Запуск Numba-оптимизированного бэктеста для HFTUSDC-PSGUSDT
2026-01-18 19:37:51,508 - coint2.engine.numba_engine - INFO - Запуск Numba-оптимизированного бэктеста для INTERUSDT-SOLOUSDT
2026-01-18 19:37:51,510 - coint2.engine.numba_engine - INFO - Запуск Numba-оптимизированного бэктеста для HFTUSDC-MOVRUSDT
2026-01-18 19:37:51,510 - coint2.engine.numba_engine - INFO - Запуск Numba-оптимизированного бэктеста для RSS3USDT-SCRTUSDT
2026-01-18 19:37:51,520 - coint2.engine.numba_engine - INFO - Запуск Numba-оптимизированного бэктеста для AFCUSDT-DOTUSDT
2026-01-18 19:37:51,522 - coint2.engine.numba_engine - INFO - Запуск Numba-оптимизированного бэктеста для ETHWUSDT-GMTUSDT
2026-01-18 19:37:51,525 - coint2.engine.numba_engine - INFO - Запуск Numba-оптимизированного бэктеста для HFTUSDC-RPLUSDT
2026-01-18 19:37:51,525 - coint2.engine.numba_engine - INFO - Запуск Numba-оптимизированного бэктеста для HFTUSDT-MOVRUSDT
2026-01-18 19:37:51,528 - coint2.engine.numba_engine - INFO - Запуск Numba-оптимизированного бэктеста для INTERUSDT-WAXPUSDT
2026-01-18 19:37:51,529 - coint2.engine.numba_engine - INFO - Запуск Numba-оптимизированного бэктеста для INTERUSDT-MANAUSDT
2026-01-18 19:37:51,532 - coint2.engine.numba_engine - INFO - Запуск Numba-оптимизированного бэктеста для RSS3USDT-XTZUSDT
2026-01-18 19:37:51,532 - coint2.engine.numba_engine - INFO - Запуск Numba-оптимизированного бэктеста для BATUSDT-PEOPLEUSDT
2026-01-18 19:37:51,542 - coint2.engine.numba_engine - INFO - Запуск Numba-оптимизированного бэктеста для CAKEUSDT-VPADUSDT
2026-01-18 19:37:51,544 - coint2.engine.numba_engine - INFO - Запуск Numba-оптимизированного бэктеста для HFTUSDT-RPLUSDT
2026-01-18 19:37:51,547 - coint2.engine.numba_engine - INFO - Запуск Numba-оптимизированного бэктеста для CTCUSDT-DOTUSDC
2026-01-18 19:37:51,547 - coint2.engine.numba_engine - INFO - Запуск Numba-оптимизированного бэктеста для RSS3USDT-RVNUSDT
2026-01-18 19:37:51,550 - coint2.engine.numba_engine - INFO - Запуск Numba-оптимизированного бэктеста для INTERUSDT-MANAUSDC
2026-01-18 19:37:51,551 - coint2.engine.numba_engine - INFO - Запуск Numba-оптимизированного бэктеста для AFCUSDT-MDAOUSDT
2026-01-18 19:37:51,553 - coint2.engine.numba_engine - INFO - Запуск Numba-оптимизированного бэктеста для FORTUSDT-ICPUSDT
2026-01-18 19:37:51,554 - coint2.engine.numba_engine - INFO - Запуск Numba-оптимизированного бэктеста для ALGOUSDT-WAXPUSDT
2026-01-18 19:37:51,564 - coint2.engine.numba_engine - INFO - Запуск Numba-оптимизированного бэктеста для THETAUSDT-XRPUSDC
2026-01-18 19:37:51,566 - coint2.engine.numba_engine - INFO - Запуск Numba-оптимизированного бэктеста для CTCUSDT-VPADUSDT
2026-01-18 19:37:51,568 - coint2.engine.numba_engine - INFO - Запуск Numba-оптимизированного бэктеста для BATUSDT-FIDAUSDT
2026-01-18 19:37:51,569 - coint2.engine.numba_engine - INFO - Запуск Numba-оптимизированного бэктеста для FORTUSDT-ICPUSDC
2026-01-18 19:37:51,572 - coint2.engine.numba_engine - INFO - Запуск Numba-оптимизированного бэктеста для AFCUSDT-CITYUSDT
2026-01-18 19:37:51,572 - coint2.engine.numba_engine - INFO - Запуск Numba-оптимизированного бэктеста для SUSHIUSDT-USTCUSDT
2026-01-18 19:37:51,576 - coint2.engine.numba_engine - INFO - Запуск Numba-оптимизированного бэктеста для ALGOUSDT-ROSEUSDT
2026-01-18 19:37:51,576 - coint2.engine.numba_engine - INFO - Запуск Numba-оптимизированного бэктеста для ROSEUSDT-WAXPUSDT
2026-01-18 19:37:51,581 - WARNING - ❌ Ошибка обработки пары AFCUSDT-CITYUSDT: division by zero
2026-01-18 19:37:51,586 - coint2.engine.numba_engine - INFO - Запуск Numba-оптимизированного бэктеста для FLOWUSDT-MASKUSDT
2026-01-18 19:37:51,587 - coint2.engine.numba_engine - INFO - Запуск Numba-оптимизированного бэктеста для BATUSDT-UMAUSDT
2026-01-18 19:37:51,590 - coint2.engine.numba_engine - INFO - Запуск Numba-оптимизированного бэктеста для ARKMUSDT-NEXOUSDT
2026-01-18 19:37:51,591 - coint2.engine.numba_engine - INFO - Запуск Numba-оптимизированного бэктеста для FORTUSDT-PSGUSDT
2026-01-18 19:37:51,591 - coint2.engine.numba_engine - INFO - Запуск Numba-оптимизированного бэктеста для GMTUSDT-SANDUSDT
2026-01-18 19:37:51,594 - coint2.engine.numba_engine - INFO - Запуск Numba-оптимизированного бэктеста для THETAUSDT-XRPUSDT
2026-01-18 19:37:51,597 - coint2.engine.numba_engine - INFO - Запуск Numba-оптимизированного бэктеста для WAXPUSDT-ZILUSDT
2026-01-18 19:37:51,599 - coint2.engine.numba_engine - INFO - Запуск Numba-оптимизированного бэктеста для LTCBTC-RVNUSDT
2026-01-18 19:37:51,608 - coint2.engine.numba_engine - INFO - Запуск Numba-оптимизированного бэктеста для ADAUSDC-PSGUSDT
2026-01-18 19:37:51,609 - coint2.engine.numba_engine - INFO - Запуск Numba-оптимизированного бэктеста для FORTUSDT-SFUNDUSDT
2026-01-18 19:37:51,612 - coint2.engine.numba_engine - INFO - Запуск Numba-оптимизированного бэктеста для OMGUSDT-RDNTUSDT
2026-01-18 19:37:51,612 - coint2.engine.numba_engine - INFO - Запуск Numba-оптимизированного бэктеста для DOGEUSDT-TELUSDT
2026-01-18 19:37:51,613 - coint2.engine.numba_engine - INFO - Запуск Numba-оптимизированного бэктеста для USTCUSDT-ZILUSDT
2026-01-18 19:37:51,616 - coint2.engine.numba_engine - INFO - Запуск Numba-оптимизированного бэктеста для RSS3USDT-SFUNDUSDT
2026-01-18 19:37:51,619 - coint2.engine.numba_engine - INFO - Запуск Numba-оптимизированного бэктеста для RACAUSDT-VPADUSDT
2026-01-18 19:37:51,630 - coint2.engine.numba_engine - INFO - Запуск Numba-оптимизированного бэктеста для GMTUSDC-UNIUSDT
2026-01-18 19:37:51,631 - coint2.engine.numba_engine - INFO - Запуск Numba-оптимизированного бэктеста для DOGEUSDC-TELUSDT
2026-01-18 19:37:51,634 - coint2.engine.numba_engine - INFO - Запуск Numba-оптимизированного бэктеста для ONEUSDT-XRPUSDC
2026-01-18 19:37:51,634 - coint2.engine.numba_engine - INFO - Запуск Numba-оптимизированного бэктеста для RSS3USDT-XAVAUSDT
2026-01-18 19:37:51,637 - coint2.engine.numba_engine - INFO - Запуск Numba-оптимизированного бэктеста для ADAUSDT-PSGUSDT
2026-01-18 19:37:51,643 - WARNING - ❌ Ошибка обработки пары RSS3USDT-XAVAUSDT: division by zero
2026-01-18 19:37:51,653 - coint2.engine.numba_engine - INFO - Запуск Numba-оптимизированного бэктеста для ROSEUSDT-USTCUSDT
2026-01-18 19:37:51,653 - coint2.engine.numba_engine - INFO - Запуск Numba-оптимизированного бэктеста для BATUSDT-QTUMUSDT
2026-01-18 19:37:51,653 - coint2.engine.numba_engine - INFO - Запуск Numba-оптимизированного бэктеста для ONEUSDT-XRPUSDT
2026-01-18 19:37:51,660 - coint2.engine.numba_engine - INFO - Запуск Numba-оптимизированного бэктеста для ALGOUSDT-IMXUSDT
2026-01-18 19:37:51,675 - coint2.engine.numba_engine - INFO - Запуск Numba-оптимизированного бэктеста для SCUSDT-USTCUSDT
2026-01-18 19:37:51,675 - coint2.engine.numba_engine - INFO - Запуск Numba-оптимизированного бэктеста для ALGOUSDT-USTCUSDT
2026-01-18 19:37:51,682 - coint2.engine.numba_engine - INFO - Запуск Numba-оптимизированного бэктеста для DOGEUSDC-ETHWUSDT
2026-01-18 19:37:51,698 - coint2.engine.numba_engine - INFO - Запуск Numba-оптимизированного бэктеста для DOGEUSDT-ETHWUSDT
2026-01-18 19:37:51,704 - coint2.engine.numba_engine - INFO - Запуск Numba-оптимизированного бэктеста для SCUSDT-ZILUSDT
2026-01-18 19:37:51,720 - coint2.engine.numba_engine - INFO - Запуск Numba-оптимизированного бэктеста для SUNUSDT-ZRXUSDT
2026-01-18 19:37:51,756 - INFO -   ⏱️ Параллельная обработка завершена за 0.5с (174.7 пар/с)
2026-01-18 19:37:51,792 - coint2.pipeline.walk_forward_orchestrator - INFO - 🎯 СИМУЛЯЦИЯ ПОРТФЕЛЯ: 88 пар, лимит 10 позиций
2026-01-18 19:37:52,650 - coint2.pipeline.walk_forward_orchestrator - INFO -    📈 Макс. одновременных сигналов: 25
2026-01-18 19:37:52,651 - coint2.pipeline.walk_forward_orchestrator - INFO -    📊 Средн. сигналов за период: 1.3
2026-01-18 19:37:52,651 - coint2.pipeline.walk_forward_orchestrator - INFO -    🎯 Финальных активных позиций: 0
2026-01-18 19:37:52,652 - coint2.pipeline.walk_forward_orchestrator - INFO -    ⚡ Утилизация лимита позиций: 11.2%
2026-01-18 19:37:52,653 - WARNING -   ⚠️ Ошибка обработки пары AFCUSDT-CITYUSDT: division by zero
2026-01-18 19:37:52,653 - WARNING -   ⚠️ Ошибка обработки пары RSS3USDT-XAVAUSDT: division by zero
2026-01-18 19:37:52,653 - INFO - ⇠ WF-шаг 1/3 backtests — completed 90 items in 1.41s (63.7 items/s)
2026-01-18 19:37:52,653 - INFO -   ✅ Обработка завершена: 88 успешно, 2 с ошибками
2026-01-18 19:37:52,653 - INFO -   📊 Успешность: 97.8%, прибыльность: 62.5%, сделок/пара: 20.7
2026-01-18 19:37:52,653 - INFO -   ✅ Завершены бэктесты для 90 пар
2026-01-18 19:37:52,653 - INFO -   📊 Всего обработано пар в этом шаге: 90
2026-01-18 19:37:52,653 - INFO -   📈 Результаты шага: 55/90 прибыльных пар, 1823 сделок
2026-01-18 19:37:52,653 - INFO -   💰 P&L шага: $+239.05
2026-01-18 19:37:52,653 - INFO -   ⇢ Обновление капитала и дневного P&L...
2026-01-18 19:37:53,895 - INFO -   💼 Шаг P&L: $+239.05, Накопленный капитал: $10,239.05
2026-01-18 19:37:53,895 - INFO - ------------------------------------------------------------
2026-01-18 19:37:53,895 - INFO -   Walk-forward steps: 1 / 3 (33.3%) | 0.0 items/s | ETA: 639.1s
2026-01-18 19:37:53,896 - INFO - 🔍 WF-шаг 2/3: Валидация временных окон...
2026-01-18 19:37:53,896 - INFO - ⇢ WF-шаг 2/3: training 2023-09-01-2023-10-30, testing 2023-10-31-2023-11-30 — start
2026-01-18 19:37:53,896 - INFO - ⇢ loading step data — start
2026-01-18 19:37:54,069 - INFO - ⇠ loading step data — done in 0.17s
2026-01-18 19:37:55,249 - INFO - 📊 WF-шаг 2/3: Границы данных:
2026-01-18 19:37:55,250 - INFO -    Training: 2023-09-01 00:00:00 → 2023-10-30 23:45:00 (5,760 строк × 292 символов)
2026-01-18 19:37:55,250 - INFO -    Testing:  2023-10-31 00:00:00 → 2023-11-30 00:00:00 (2,881 строк × 292 символов)
2026-01-18 19:37:55,250 - INFO -    Временной разрыв: 0 days 00:15:00
2026-01-18 19:37:55,286 - INFO - ⇢ normalizing training data — start
2026-01-18 19:37:55,318 - INFO -   Символы с NaN значениями: 26
2026-01-18 19:37:55,318 - INFO -   Применяем метод нормализации: rolling_zscore
2026-01-18 19:37:55,332 - INFO - Символы с недостаточной историей: 17 из 292
2026-01-18 19:37:55,717 - INFO - Символы с NaN после нормализации: 275
2026-01-18 19:37:55,723 - INFO - Удалено 617 начальных строк с NaN от rolling расчетов
2026-01-18 19:37:55,725 - INFO - Итоговое количество символов после нормализации: 275 из 292
2026-01-18 19:37:55,725 - INFO -   Статистика нормализации:
2026-01-18 19:37:55,725 - INFO -     Исходные символы: 292
2026-01-18 19:37:55,725 - INFO -     Недостаточная история: 17
2026-01-18 19:37:55,725 - INFO -     Постоянная цена: 0
2026-01-18 19:37:55,725 - INFO -     NaN после нормализации: 275
2026-01-18 19:37:55,725 - INFO -     Итоговые символы: 275 (94.2%)
2026-01-18 19:37:55,725 - INFO -   После нормализации: 275 символов (потеряно 17)
2026-01-18 19:37:55,725 - INFO -   Отброшенные символы: BEAMUSDT, FETUSDT, FLIPUSDT, JEFFUSDT, MEMEUSDT, POLUSDT, PPTUSDT, PYTHUSDT, PYUSDUSDT, ROOTUSDT, RPKUSDT, SHRAPUSDT, TIAUSDT, TOKENUSDT, TUSDUSDT, VRTXUSDT, ZTXUSDT
2026-01-18 19:37:55,726 - INFO - ⇠ normalizing training data — done in 0.44s
2026-01-18 19:37:55,727 - INFO - ⇢ SSD computation — start
2026-01-18 19:37:55,727 - INFO -   Расчет SSD для всех пар (без ограничения)
2026-01-18 19:37:57,811 - INFO -   SSD результат (все пары): 37675 пар
2026-01-18 19:37:57,811 - INFO -   Ограничиваем до top-25000 пар для дальнейшей обработки
2026-01-18 19:37:57,812 - INFO - ⇠ SSD computation — done in 2.09s
2026-01-18 19:37:57,820 - INFO - ⇢ filtering pairs by cointegration and half-life — start
2026-01-18 19:37:57,820 - INFO - [ФИЛЬТР] Параллельная фильтрация: threads (8 workers)
2026-01-18 19:41:07,534 - INFO - [ФИЛЬТР] После проверки данных: 25000 пар
2026-01-18 19:41:07,535 - INFO - [ФИЛЬТР] После фильтра корреляции (>0.65): 8428 пар
2026-01-18 19:41:07,535 - INFO - [ФИЛЬТР] После фильтра beta: 5507 пар
2026-01-18 19:41:07,535 - INFO - [ФИЛЬТР] После фильтра mean crossings: 5507 пар
2026-01-18 19:41:07,535 - INFO - [ФИЛЬТР] После фильтра half-life: 5472 пар
2026-01-18 19:41:07,535 - INFO - [ФИЛЬТР] После фильтра коинтеграции: 2143 пар
2026-01-18 19:41:07,535 - INFO - [ФИЛЬТР] После фильтра Hurst: 1292 пар
2026-01-18 19:41:07,535 - INFO - [ФИЛЬТР] После фильтра KPSS: 36 пар
2026-01-18 19:41:07,535 - INFO - [ФИЛЬТР] После фильтра market microstructure: 36 пар
2026-01-18 19:41:07,535 - INFO - [ФИЛЬТР] Статистика фильтрации (оптимизированный порядок):
2026-01-18 19:41:07,535 - INFO -   1. SSD → Коинтеграция: 25000 → 2143 пар
2026-01-18 19:41:07,535 - INFO -   2. Коинтеграция → Beta: 2143 → 5507 пар
2026-01-18 19:41:07,535 - INFO -   3. Beta → Half-life: 5507 → 5472 пар
2026-01-18 19:41:07,535 - INFO -   4. Half-life → Mean crossings: 5472 → 5507 пар
2026-01-18 19:41:07,535 - INFO -   5. Mean crossings → Hurst: 5507 → 1292 пар
2026-01-18 19:41:07,535 - INFO -   6. Hurst → KPSS: 1292 → 36 пар
2026-01-18 19:41:07,535 - INFO -   7. KPSS → Market microstructure: 36 → 36 пар
2026-01-18 19:41:07,535 - INFO - [ФИЛЬТР] Причины отсева:
2026-01-18 19:41:07,535 - INFO -   • low_correlation: 16572 пар (66.3%)
2026-01-18 19:41:07,535 - INFO -   • pvalue: 3329 пар (13.3%)
2026-01-18 19:41:07,535 - INFO -   • beta: 2921 пар (11.7%)
2026-01-18 19:41:07,535 - INFO -   • kpss: 1256 пар (5.0%)
2026-01-18 19:41:07,535 - INFO -   • hurst: 851 пар (3.4%)
2026-01-18 19:41:07,535 - INFO -   • half_life: 35 пар (0.1%)
2026-01-18 19:41:07,535 - INFO - [ФИЛЬТР] Итого: 25000 → 36 пар (0.1% прошли все фильтры)
2026-01-18 19:41:07,572 - INFO - Причины отсева сохранены в results/filter_reasons_20260118_194107.csv
2026-01-18 19:41:07,582 - INFO -   Фильтрация: 25000 → 36 пар
2026-01-18 19:41:07,582 - INFO - ⇠ filtering pairs by cointegration and half-life — done in 189.76s
2026-01-18 19:41:07,582 - INFO - ⇠ WF-шаг 2/3: training 2023-09-01-2023-10-30, testing 2023-10-31-2023-11-30 — done in 193.69s
2026-01-18 19:41:07,582 - INFO -   Топ-3 пары по волатильности спреда:
2026-01-18 19:41:07,582 - INFO -     1. MOVRUSDT-TRVLUSDT: beta=68.1436, std=0.1172
2026-01-18 19:41:07,582 - INFO -     2. AGLDUSDT-PENDLEUSDT: beta=0.9594, std=0.0760
2026-01-18 19:41:07,582 - INFO -     3. AGLDUSDT-ICXUSDT: beta=5.7286, std=0.0652
2026-01-18 19:41:07,582 - INFO -   Всего пар для торговли: 36 (ограничение 10 применяется к одновременно открытым позициям)
2026-01-18 19:41:07,583 - INFO -   💰 Проверка расчета капитала: equity=$10,239.05, кандидатных_пар=36, max_позиций=10
2026-01-18 19:41:07,583 - INFO -   🎯 Target concurrency: 10 (ожидаемое одновременное число позиций)
2026-01-18 19:41:07,583 - INFO -   📊 Детали расчета капитала:
2026-01-18 19:41:07,583 - INFO -      • Базовый капитал на пару: $1,023.90 (equity / target_concurrency)
2026-01-18 19:41:07,583 - INFO -      • Риск-капитал: $102.39 (1.0% от equity)
2026-01-18 19:41:07,583 - INFO -      • Макс. размер позиции: $204.78 (2.0% от equity)
2026-01-18 19:41:07,583 - INFO -      • Итоговый капитал на пару: $102.39
2026-01-18 19:41:07,583 - INFO - ⇢ WF-шаг 2/3 backtests — starting 36 items
2026-01-18 19:41:07,583 - INFO - 🚀 WF-шаг 2/3: Начинаем бэктесты для 36 пар...
2026-01-18 19:41:07,583 - INFO - 🚀 WF-шаг 2/3: Запускаем параллельную обработку 36 пар на 8 ядрах...
2026-01-18 19:41:07,584 - INFO - 🚀 WF-шаг 2/3: Режим параллельности: процессы
⚙️  Загрузка данных за период: 2023-09-01 -> 2023-11-30
📂 Найдено 43 parquet файлов для обработки.
📊 Схема данных: Schema({'timestamp': Int64, 'open': Float64, 'high': Float64, 'low': Float64, 'close': Float64, 'volume': Float64, 'turnover': String, 'ts_ms': Int64, 'symbol': String})
✅ Загружено 2420293 записей с помощью Polars.
📊 Типы данных в pandas: timestamp       datetime64[us]
symbol                  object
close                  float64
timestamp_ms             int64
dtype: object
2026-01-18 19:41:07,638 - coint2.engine.numba_engine - INFO - Запуск Numba-оптимизированного бэктеста для MOVRUSDT-TRVLUSDT
2026-01-18 19:41:07,660 - coint2.engine.numba_engine - INFO - Запуск Numba-оптимизированного бэктеста для AGLDUSDT-PENDLEUSDT
2026-01-18 19:41:07,683 - coint2.engine.numba_engine - INFO - Запуск Numba-оптимизированного бэктеста для AGLDUSDT-ICXUSDT
2026-01-18 19:41:07,705 - coint2.engine.numba_engine - INFO - Запуск Numba-оптимизированного бэктеста для CITYUSDT-OASUSDT
2026-01-18 19:41:07,723 - coint2.engine.numba_engine - INFO - Запуск Numba-оптимизированного бэктеста для CAKEUSDT-CTCUSDT
2026-01-18 19:41:07,728 - coint2.engine.numba_engine - INFO - Запуск Numba-оптимизированного бэктеста для LDOUSDT-SFUNDUSDT
2026-01-18 19:41:07,744 - coint2.engine.numba_engine - INFO - Запуск Numba-оптимизированного бэктеста для ETHWUSDT-RPLUSDT
2026-01-18 19:41:07,746 - coint2.engine.numba_engine - INFO - Запуск Numba-оптимизированного бэктеста для AGLAUSDT-SALDUSDT
2026-01-18 19:41:07,750 - coint2.engine.numba_engine - INFO - Запуск Numba-оптимизированного бэктеста для LDOUSDC-SFUNDUSDT
2026-01-18 19:41:07,766 - coint2.engine.numba_engine - INFO - Запуск Numba-оптимизированного бэктеста для ETHWUSDT-TRVLUSDT
2026-01-18 19:41:07,767 - coint2.engine.numba_engine - INFO - Запуск Numba-оптимизированного бэктеста для ADAEUR-LDOUSDT
2026-01-18 19:41:07,769 - coint2.engine.numba_engine - INFO - Запуск Numba-оптимизированного бэктеста для DOGEUSDC-GODSUSDT
2026-01-18 19:41:07,777 - coint2.engine.numba_engine - INFO - Запуск Numba-оптимизированного бэктеста для JUVUSDT-KAVAUSDT
2026-01-18 19:41:07,787 - coint2.engine.numba_engine - INFO - Запуск Numba-оптимизированного бэктеста для BELUSDT-USTCUSDT
2026-01-18 19:41:07,788 - coint2.engine.numba_engine - INFO - Запуск Numba-оптимизированного бэктеста для ADAEUR-LDOUSDC
2026-01-18 19:41:07,790 - coint2.engine.numba_engine - INFO - Запуск Numba-оптимизированного бэктеста для HFTUSDC-HFTUSDT
2026-01-18 19:41:07,791 - coint2.engine.numba_engine - INFO - Запуск Numba-оптимизированного бэктеста для LUNCUSDT-RVNUSDT
2026-01-18 19:41:07,800 - coint2.engine.numba_engine - INFO - Запуск Numba-оптимизированного бэктеста для UMAUSDT-WAVESUSDT
2026-01-18 19:41:07,810 - coint2.engine.numba_engine - INFO - Запуск Numba-оптимизированного бэктеста для ADAUSDT-LOOKSUSDT
2026-01-18 19:41:07,810 - coint2.engine.numba_engine - INFO - Запуск Numba-оптимизированного бэктеста для KAVAUSDT-VELOUSDT
2026-01-18 19:41:07,811 - coint2.engine.numba_engine - INFO - Запуск Numba-оптимизированного бэктеста для JSTUSDT-MVLUSDT
2026-01-18 19:41:07,812 - coint2.engine.numba_engine - INFO - Запуск Numba-оптимизированного бэктеста для NFTUSDT-XECUSDT
2026-01-18 19:41:07,833 - coint2.engine.numba_engine - INFO - Запуск Numba-оптимизированного бэктеста для ADAUSDC-LOOKSUSDT
2026-01-18 19:41:07,833 - coint2.engine.numba_engine - INFO - Запуск Numba-оптимизированного бэктеста для DOGEEUR-DYDXUSDT
2026-01-18 19:41:07,833 - coint2.engine.numba_engine - INFO - Запуск Numba-оптимизированного бэктеста для OMGUSDT-XRPEUR
2026-01-18 19:41:07,834 - coint2.engine.numba_engine - INFO - Запуск Numba-оптимизированного бэктеста для LADYSUSDT-SHIBUSDC
2026-01-18 19:41:07,856 - coint2.engine.numba_engine - INFO - Запуск Numba-оптимизированного бэктеста для GSTUSDT-MVUSDT
2026-01-18 19:41:07,856 - coint2.engine.numba_engine - INFO - Запуск Numba-оптимизированного бэктеста для SOLOUSDT-TELUSDT
2026-01-18 19:41:07,856 - coint2.engine.numba_engine - INFO - Запуск Numba-оптимизированного бэктеста для LADYSUSDT-SHIBUSDT
2026-01-18 19:41:07,860 - coint2.engine.numba_engine - INFO - Запуск Numba-оптимизированного бэктеста для AVAUSDT-ERTHAUSDT
2026-01-18 19:41:07,879 - coint2.engine.numba_engine - INFO - Запуск Numba-оптимизированного бэктеста для ONEUSDT-WAVESUSDT
2026-01-18 19:41:07,882 - coint2.engine.numba_engine - INFO - Запуск Numba-оптимизированного бэктеста для BATUSDT-ICXUSDT
2026-01-18 19:41:07,885 - coint2.engine.numba_engine - INFO - Запуск Numba-оптимизированного бэктеста для FLOWUSDT-ROSEUSDT
2026-01-18 19:41:07,905 - coint2.engine.numba_engine - INFO - Запуск Numba-оптимизированного бэктеста для DAIUSDT-USDCUSDT
2026-01-18 19:41:07,907 - coint2.engine.numba_engine - INFO - Запуск Numba-оптимизированного бэктеста для DOGEUSDT-GODSUSDT
2026-01-18 19:41:07,930 - coint2.engine.numba_engine - INFO - Запуск Numba-оптимизированного бэктеста для LUNCUSDC-RVNUSDT
2026-01-18 19:41:07,968 - INFO -   ⏱️ Параллельная обработка завершена за 0.4с (93.7 пар/с)
2026-01-18 19:41:07,985 - coint2.pipeline.walk_forward_orchestrator - INFO - 🎯 СИМУЛЯЦИЯ ПОРТФЕЛЯ: 36 пар, лимит 10 позиций
2026-01-18 19:41:08,443 - coint2.pipeline.walk_forward_orchestrator - INFO -    📈 Макс. одновременных сигналов: 20
2026-01-18 19:41:08,443 - coint2.pipeline.walk_forward_orchestrator - INFO -    📊 Средн. сигналов за период: 0.3
2026-01-18 19:41:08,443 - coint2.pipeline.walk_forward_orchestrator - INFO -    🎯 Финальных активных позиций: 0
2026-01-18 19:41:08,444 - coint2.pipeline.walk_forward_orchestrator - INFO -    ⚡ Утилизация лимита позиций: 3.4%
2026-01-18 19:41:08,445 - INFO - ⇠ WF-шаг 2/3 backtests — completed 36 items in 0.86s (41.8 items/s)
2026-01-18 19:41:08,445 - INFO -   ✅ Обработка завершена: 36 успешно, 0 с ошибками
2026-01-18 19:41:08,445 - INFO -   📊 Успешность: 100.0%, прибыльность: 52.8%, сделок/пара: 13.8
2026-01-18 19:41:08,445 - INFO -   ✅ Завершены бэктесты для 36 пар
2026-01-18 19:41:08,445 - INFO -   📊 Всего обработано пар в этом шаге: 36
2026-01-18 19:41:08,445 - INFO -   📈 Результаты шага: 19/36 прибыльных пар, 498 сделок
2026-01-18 19:41:08,445 - INFO -   💰 P&L шага: $+197.88
2026-01-18 19:41:08,445 - INFO -   ⇢ Обновление капитала и дневного P&L...
2026-01-18 19:41:09,700 - INFO -   💼 Шаг P&L: $+197.88, Накопленный капитал: $10,436.93
2026-01-18 19:41:09,700 - INFO - ------------------------------------------------------------
2026-01-18 19:41:09,700 - INFO -   Walk-forward steps: 2 / 3 (66.7%) | 0.0 items/s | ETA: 257.7s
2026-01-18 19:41:09,700 - INFO - 🔍 WF-шаг 3/3: Валидация временных окон...
2026-01-18 19:41:09,701 - INFO - ⇢ WF-шаг 3/3: training 2023-10-01-2023-11-29, testing 2023-11-30-2023-12-30 — start
2026-01-18 19:41:09,701 - INFO - ⇢ loading step data — start
2026-01-18 19:41:09,884 - INFO - ⇠ loading step data — done in 0.18s
2026-01-18 19:41:11,297 - INFO - 📊 WF-шаг 3/3: Границы данных:
2026-01-18 19:41:11,298 - INFO -    Training: 2023-10-01 00:00:00 → 2023-11-29 23:45:00 (5,760 строк × 309 символов)
2026-01-18 19:41:11,298 - INFO -    Testing:  2023-11-30 00:00:00 → 2023-12-30 00:00:00 (2,881 строк × 309 символов)
2026-01-18 19:41:11,298 - INFO -    Временной разрыв: 0 days 00:15:00
2026-01-18 19:41:11,336 - INFO - ⇢ normalizing training data — start
2026-01-18 19:41:11,371 - INFO -   Символы с NaN значениями: 33
2026-01-18 19:41:11,371 - INFO -   Применяем метод нормализации: rolling_zscore
2026-01-18 19:41:11,388 - INFO - Символы с недостаточной историей: 32 из 309
2026-01-18 19:41:11,771 - INFO - Символы с NaN после нормализации: 277
2026-01-18 19:41:11,777 - INFO - Удалено 233 начальных строк с NaN от rolling расчетов
2026-01-18 19:41:11,779 - INFO - Итоговое количество символов после нормализации: 277 из 309
2026-01-18 19:41:11,779 - INFO -   Статистика нормализации:
2026-01-18 19:41:11,779 - INFO -     Исходные символы: 309
2026-01-18 19:41:11,779 - INFO -     Недостаточная история: 32
2026-01-18 19:41:11,779 - INFO -     Постоянная цена: 0
2026-01-18 19:41:11,779 - INFO -     NaN после нормализации: 277
2026-01-18 19:41:11,779 - INFO -     Итоговые символы: 277 (89.6%)
2026-01-18 19:41:11,779 - INFO -   После нормализации: 277 символов (потеряно 32)
2026-01-18 19:41:11,779 - INFO -   Отброшено много символов: 32 из 309
2026-01-18 19:41:11,779 - INFO - ⇠ normalizing training data — done in 0.44s
2026-01-18 19:41:11,781 - INFO - ⇢ SSD computation — start
2026-01-18 19:41:11,781 - INFO -   Расчет SSD для всех пар (без ограничения)
2026-01-18 19:41:14,248 - INFO -   SSD результат (все пары): 38226 пар
2026-01-18 19:41:14,248 - INFO -   Ограничиваем до top-25000 пар для дальнейшей обработки
2026-01-18 19:41:14,249 - INFO - ⇠ SSD computation — done in 2.47s
2026-01-18 19:41:14,257 - INFO - ⇢ filtering pairs by cointegration and half-life — start
2026-01-18 19:41:14,258 - INFO - [ФИЛЬТР] Параллельная фильтрация: threads (8 workers)
2026-01-18 19:46:05,712 - INFO - [ФИЛЬТР] После проверки данных: 25000 пар
2026-01-18 19:46:05,712 - INFO - [ФИЛЬТР] После фильтра корреляции (>0.65): 19578 пар
2026-01-18 19:46:05,712 - INFO - [ФИЛЬТР] После фильтра beta: 13627 пар
2026-01-18 19:46:05,712 - INFO - [ФИЛЬТР] После фильтра mean crossings: 13627 пар
2026-01-18 19:46:05,712 - INFO - [ФИЛЬТР] После фильтра half-life: 13591 пар
2026-01-18 19:46:05,712 - INFO - [ФИЛЬТР] После фильтра коинтеграции: 3018 пар
2026-01-18 19:46:05,712 - INFO - [ФИЛЬТР] После фильтра Hurst: 1219 пар
2026-01-18 19:46:05,712 - INFO - [ФИЛЬТР] После фильтра KPSS: 57 пар
2026-01-18 19:46:05,712 - INFO - [ФИЛЬТР] После фильтра market microstructure: 57 пар
2026-01-18 19:46:05,712 - INFO - [ФИЛЬТР] Статистика фильтрации (оптимизированный порядок):
2026-01-18 19:46:05,712 - INFO -   1. SSD → Коинтеграция: 25000 → 3018 пар
2026-01-18 19:46:05,712 - INFO -   2. Коинтеграция → Beta: 3018 → 13627 пар
2026-01-18 19:46:05,712 - INFO -   3. Beta → Half-life: 13627 → 13591 пар
2026-01-18 19:46:05,712 - INFO -   4. Half-life → Mean crossings: 13591 → 13627 пар
2026-01-18 19:46:05,712 - INFO -   5. Mean crossings → Hurst: 13627 → 1219 пар
2026-01-18 19:46:05,712 - INFO -   6. Hurst → KPSS: 1219 → 57 пар
2026-01-18 19:46:05,712 - INFO -   7. KPSS → Market microstructure: 57 → 57 пар
2026-01-18 19:46:05,712 - INFO - [ФИЛЬТР] Причины отсева:
2026-01-18 19:46:05,712 - INFO -   • pvalue: 10573 пар (42.3%)
2026-01-18 19:46:05,712 - INFO -   • beta: 5951 пар (23.8%)
2026-01-18 19:46:05,712 - INFO -   • low_correlation: 5422 пар (21.7%)
2026-01-18 19:46:05,712 - INFO -   • hurst: 1799 пар (7.2%)
2026-01-18 19:46:05,713 - INFO -   • kpss: 1162 пар (4.6%)
2026-01-18 19:46:05,713 - INFO -   • half_life: 36 пар (0.1%)
2026-01-18 19:46:05,713 - INFO - [ФИЛЬТР] Итого: 25000 → 57 пар (0.2% прошли все фильтры)
2026-01-18 19:46:05,749 - INFO - Причины отсева сохранены в results/filter_reasons_20260118_194605.csv
2026-01-18 19:46:05,759 - INFO -   Фильтрация: 25000 → 57 пар
2026-01-18 19:46:05,759 - INFO - ⇠ filtering pairs by cointegration and half-life — done in 291.50s
2026-01-18 19:46:05,759 - INFO - ⇠ WF-шаг 3/3: training 2023-10-01-2023-11-29, testing 2023-11-30-2023-12-30 — done in 296.06s
2026-01-18 19:46:05,759 - INFO -   Топ-3 пары по волатильности спреда:
2026-01-18 19:46:05,759 - INFO -     1. BTCDAI-BTCUSDT: beta=1.0002, std=79.1758
2026-01-18 19:46:05,759 - INFO -     2. BTCDAI-BTCUSDC: beta=0.9992, std=79.0267
2026-01-18 19:46:05,759 - INFO -     3. ETHDAI-STETHUSDT: beta=1.0010, std=7.7465
2026-01-18 19:46:05,759 - INFO -   Всего пар для торговли: 57 (ограничение 10 применяется к одновременно открытым позициям)
2026-01-18 19:46:05,760 - INFO -   💰 Проверка расчета капитала: equity=$10,436.93, кандидатных_пар=57, max_позиций=10
2026-01-18 19:46:05,760 - INFO -   🎯 Target concurrency: 10 (ожидаемое одновременное число позиций)
2026-01-18 19:46:05,760 - INFO -   📊 Детали расчета капитала:
2026-01-18 19:46:05,760 - INFO -      • Базовый капитал на пару: $1,043.69 (equity / target_concurrency)
2026-01-18 19:46:05,760 - INFO -      • Риск-капитал: $104.37 (1.0% от equity)
2026-01-18 19:46:05,760 - INFO -      • Макс. размер позиции: $208.74 (2.0% от equity)
2026-01-18 19:46:05,760 - INFO -      • Итоговый капитал на пару: $104.37
2026-01-18 19:46:05,760 - INFO - ⇢ WF-шаг 3/3 backtests — starting 57 items
2026-01-18 19:46:05,760 - INFO - 🚀 WF-шаг 3/3: Начинаем бэктесты для 57 пар...
2026-01-18 19:46:05,760 - INFO - 🚀 WF-шаг 3/3: Запускаем параллельную обработку 57 пар на 8 ядрах...
2026-01-18 19:46:05,760 - INFO -   📊 Большой набор пар (57), ожидаемое время: ~2 мин
2026-01-18 19:46:05,761 - INFO -   🔄 Прогресс будет отображаться каждые 5 пар
2026-01-18 19:46:05,761 - INFO - 🚀 WF-шаг 3/3: Режим параллельности: процессы
⚙️  Загрузка данных за период: 2023-10-01 -> 2023-12-30
📂 Найдено 43 parquet файлов для обработки.
📊 Схема данных: Schema({'timestamp': Int64, 'open': Float64, 'high': Float64, 'low': Float64, 'close': Float64, 'volume': Float64, 'turnover': String, 'ts_ms': Int64, 'symbol': String})
✅ Загружено 2499894 записей с помощью Polars.
📊 Типы данных в pandas: timestamp       datetime64[us]
symbol                  object
close                  float64
timestamp_ms             int64
dtype: object
2026-01-18 19:46:05,814 - coint2.engine.numba_engine - INFO - Запуск Numba-оптимизированного бэктеста для BTCDAI-BTCUSDT
2026-01-18 19:46:05,836 - coint2.engine.numba_engine - INFO - Запуск Numba-оптимизированного бэктеста для BTCDAI-BTCUSDC
2026-01-18 19:46:05,858 - coint2.engine.numba_engine - INFO - Запуск Numba-оптимизированного бэктеста для ETHDAI-STETHUSDT
2026-01-18 19:46:05,880 - coint2.engine.numba_engine - INFO - Запуск Numba-оптимизированного бэктеста для GMXUSDT-WAVESUSDT
2026-01-18 19:46:05,896 - coint2.engine.numba_engine - INFO - Запуск Numba-оптимизированного бэктеста для CYBERUSDT-MASKUSDT
2026-01-18 19:46:05,903 - coint2.engine.numba_engine - INFO - Запуск Numba-оптимизированного бэктеста для GMXUSDT-OMGUSDT
2026-01-18 19:46:05,916 - coint2.engine.numba_engine - INFO - Запуск Numba-оптимизированного бэктеста для ETCUSDT-KDAUSDT
2026-01-18 19:46:05,919 - coint2.engine.numba_engine - INFO - Запуск Numba-оптимизированного бэктеста для FILUSDC-WAVESUSDT
2026-01-18 19:46:05,926 - coint2.engine.numba_engine - INFO - Запуск Numba-оптимизированного бэктеста для RPLUSDT-SANDUSDC
2026-01-18 19:46:05,939 - coint2.engine.numba_engine - INFO - Запуск Numba-оптимизированного бэктеста для CYBERUSDT-QTUMUSDT
2026-01-18 19:46:05,939 - coint2.engine.numba_engine - INFO - Запуск Numba-оптимизированного бэктеста для FILUSDT-WAVESUSDT
2026-01-18 19:46:05,941 - coint2.engine.numba_engine - INFO - Запуск Numba-оптимизированного бэктеста для COREUSDT-WWYUSDT
2026-01-18 19:46:05,952 - coint2.engine.numba_engine - INFO - Запуск Numba-оптимизированного бэктеста для RPLUSDT-WAVESUSDT
2026-01-18 19:46:05,961 - coint2.engine.numba_engine - INFO - Запуск Numba-оптимизированного бэктеста для CYBERUSDT-LRCUSDT
2026-01-18 19:46:05,961 - coint2.engine.numba_engine - INFO - Запуск Numba-оптимизированного бэктеста для CRVUSDT-VRAUSDT
2026-01-18 19:46:05,961 - coint2.engine.numba_engine - INFO - Запуск Numba-оптимизированного бэктеста для FILUSDT-SANDUSDT
2026-01-18 19:46:05,964 - coint2.engine.numba_engine - INFO - Запуск Numba-оптимизированного бэктеста для IDUSDT-LRCUSDT
2026-01-18 19:46:05,982 - coint2.engine.numba_engine - INFO - Запуск Numba-оптимизированного бэктеста для KSMUSDT-OMGUSDT
2026-01-18 19:46:05,983 - coint2.engine.numba_engine - INFO - Запуск Numba-оптимизированного бэктеста для FXSUSDT-SCRTUSDT
2026-01-18 19:46:05,983 - coint2.engine.numba_engine - INFO - Запуск Numba-оптимизированного бэктеста для 1INCHUSDT-NYMUSDT
2026-01-18 19:46:05,983 - coint2.engine.numba_engine - INFO - Запуск Numba-оптимизированного бэктеста для JUVUSDT-OPUSDT
2026-01-18 19:46:05,984 - coint2.engine.numba_engine - INFO - Запуск Numba-оптимизированного бэктеста для FLOWUSDT-NEXOUSDT
2026-01-18 19:46:05,986 - coint2.engine.numba_engine - INFO - Запуск Numba-оптимизированного бэктеста для MVUSDT-ZILUSDT
2026-01-18 19:46:06,006 - coint2.engine.numba_engine - INFO - Запуск Numba-оптимизированного бэктеста для STGUSDT-XTZUSDT
2026-01-18 19:46:06,006 - coint2.engine.numba_engine - INFO - Запуск Numba-оптимизированного бэктеста для SANDUSDC-WAVESUSDT
2026-01-18 19:46:06,006 - coint2.engine.numba_engine - INFO - Запуск Numba-оптимизированного бэктеста для MVUSDT-TONUSDT
2026-01-18 19:46:06,006 - coint2.engine.numba_engine - INFO - Запуск Numba-оптимизированного бэктеста для JUVUSDT-OPUSDC
2026-01-18 19:46:06,007 - coint2.engine.numba_engine - INFO - Запуск Numba-оптимизированного бэктеста для AXSUSDT-NEXOUSDT
2026-01-18 19:46:06,008 - coint2.engine.numba_engine - INFO - Запуск Numba-оптимизированного бэктеста для CHZUSDT-KSMUSDT
2026-01-18 19:46:06,027 - coint2.engine.numba_engine - INFO - Запуск Numba-оптимизированного бэктеста для SANDUSDT-WAVESUSDT
2026-01-18 19:46:06,028 - coint2.engine.numba_engine - INFO - Запуск Numba-оптимизированного бэктеста для AVAUSDT-CHZUSDC
2026-01-18 19:46:06,028 - coint2.engine.numba_engine - INFO - Запуск Numba-оптимизированного бэктеста для HBARUSDT-SCRTUSDT
2026-01-18 19:46:06,028 - coint2.engine.numba_engine - INFO - Запуск Numba-оптимизированного бэктеста для DOGEUSDC-SCRTUSDT
2026-01-18 19:46:06,029 - coint2.engine.numba_engine - INFO - Запуск Numba-оптимизированного бэктеста для LUNAUSDT-MOVRUSDT
2026-01-18 19:46:06,033 - coint2.engine.numba_engine - INFO - Запуск Numba-оптимизированного бэктеста для LUNCUSDC-LUNCUSDT
2026-01-18 19:46:06,037 - coint2.engine.numba_engine - INFO - Запуск Numba-оптимизированного бэктеста для ICPUSDC-NEXOUSDT
2026-01-18 19:46:06,049 - coint2.engine.numba_engine - INFO - Запуск Numba-оптимизированного бэктеста для BICOUSDT-VRAUSDT
2026-01-18 19:46:06,050 - coint2.engine.numba_engine - INFO - Запуск Numba-оптимизированного бэктеста для DOGEUSDT-SCRTUSDT
2026-01-18 19:46:06,050 - coint2.engine.numba_engine - INFO - Запуск Numba-оптимизированного бэктеста для ACHUSDT-SANDUSDT
2026-01-18 19:46:06,050 - coint2.engine.numba_engine - INFO - Запуск Numba-оптимизированного бэктеста для AVAUSDT-CHZUSDT
2026-01-18 19:46:06,059 - coint2.engine.numba_engine - INFO - Запуск Numba-оптимизированного бэктеста для CITYUSDT-PERPUSDT
2026-01-18 19:46:06,062 - coint2.engine.numba_engine - INFO - Запуск Numba-оптимизированного бэктеста для ICPUSDT-NEXOUSDT
2026-01-18 19:46:06,072 - coint2.engine.numba_engine - INFO - Запуск Numba-оптимизированного бэктеста для DOGEUSDC-NEXOUSDT
2026-01-18 19:46:06,072 - coint2.engine.numba_engine - INFO - Запуск Numba-оптимизированного бэктеста для ENJUSDT-MANAUSDC
2026-01-18 19:46:06,072 - coint2.engine.numba_engine - INFO - Запуск Numba-оптимизированного бэктеста для CHRPUSDT-ICPUSDT
2026-01-18 19:46:06,081 - coint2.engine.numba_engine - INFO - Запуск Numba-оптимизированного бэктеста для ICXUSDT-PENDLEUSDT
2026-01-18 19:46:06,084 - coint2.engine.numba_engine - INFO - Запуск Numba-оптимизированного бэктеста для HOOKUSDT-RVNUSDT
2026-01-18 19:46:06,094 - coint2.engine.numba_engine - INFO - Запуск Numba-оптимизированного бэктеста для CHRPUSDT-GRTUSDT
2026-01-18 19:46:06,094 - coint2.engine.numba_engine - INFO - Запуск Numba-оптимизированного бэктеста для DOGEUSDT-NEXOUSDT
2026-01-18 19:46:06,103 - coint2.engine.numba_engine - INFO - Запуск Numba-оптимизированного бэктеста для ENJUSDT-MANAUSDT
2026-01-18 19:46:06,107 - coint2.engine.numba_engine - INFO - Запуск Numba-оптимизированного бэктеста для AVAUSDT-LRCUSDT
2026-01-18 19:46:06,117 - coint2.engine.numba_engine - INFO - Запуск Numba-оптимизированного бэктеста для MVLUSDT-ZILUSDT
2026-01-18 19:46:06,125 - coint2.engine.numba_engine - INFO - Запуск Numba-оптимизированного бэктеста для DOGEEUR-NEXOUSDT
2026-01-18 19:46:06,128 - coint2.engine.numba_engine - INFO - Запуск Numba-оптимизированного бэктеста для C98USDT-QTUMUSDT
2026-01-18 19:46:06,148 - coint2.engine.numba_engine - INFO - Запуск Numba-оптимизированного бэктеста для DOMEUSDT-TENETUSDT
2026-01-18 19:46:06,151 - coint2.engine.numba_engine - INFO - Запуск Numba-оптимизированного бэктеста для CHZUSDC-KSMUSDT
2026-01-18 19:46:06,174 - coint2.engine.numba_engine - INFO - Запуск Numba-оптимизированного бэктеста для MIXUSDT-XTZUSDT
2026-01-18 19:46:06,214 - INFO -   ⏱️ Параллельная обработка завершена за 0.5с (125.7 пар/с)
2026-01-18 19:46:06,239 - coint2.pipeline.walk_forward_orchestrator - INFO - 🎯 СИМУЛЯЦИЯ ПОРТФЕЛЯ: 57 пар, лимит 10 позиций
2026-01-18 19:46:06,807 - coint2.pipeline.walk_forward_orchestrator - INFO -    📈 Макс. одновременных сигналов: 26
2026-01-18 19:46:06,808 - coint2.pipeline.walk_forward_orchestrator - INFO -    📊 Средн. сигналов за период: 0.6
2026-01-18 19:46:06,808 - coint2.pipeline.walk_forward_orchestrator - INFO -    🎯 Финальных активных позиций: 0
2026-01-18 19:46:06,809 - coint2.pipeline.walk_forward_orchestrator - INFO -    ⚡ Утилизация лимита позиций: 5.9%
2026-01-18 19:46:06,810 - INFO - ⇠ WF-шаг 3/3 backtests — completed 57 items in 1.05s (54.3 items/s)
2026-01-18 19:46:06,810 - INFO -   ✅ Обработка завершена: 57 успешно, 0 с ошибками
2026-01-18 19:46:06,810 - INFO -   📊 Успешность: 100.0%, прибыльность: 68.4%, сделок/пара: 15.2
2026-01-18 19:46:06,810 - INFO -   ✅ Завершены бэктесты для 57 пар
2026-01-18 19:46:06,810 - INFO -   📊 Всего обработано пар в этом шаге: 57
2026-01-18 19:46:06,810 - INFO -   📈 Результаты шага: 39/57 прибыльных пар, 867 сделок
2026-01-18 19:46:06,810 - INFO -   💰 P&L шага: $+216.71
2026-01-18 19:46:06,810 - INFO -   ⇢ Обновление капитала и дневного P&L...
2026-01-18 19:46:08,196 - INFO -   💼 Шаг P&L: $+216.71, Накопленный капитал: $10,653.63
2026-01-18 19:46:08,196 - INFO - ------------------------------------------------------------
2026-01-18 19:46:08,196 - INFO -   Walk-forward steps: 3 / 3 (100.0%) | 0.0 items/s | ETA: 0.0s
2026-01-18 19:46:08,196 - INFO - ⇠ Walk-forward steps — completed 3 items in 813.87s (0.0 items/s)
2026-01-18 19:46:08,196 - INFO - ================================================================================
2026-01-18 19:46:08,196 - INFO - 🏁 Walk-forward анализ завершен!
2026-01-18 19:46:08,196 - INFO - ⏱️ Обработано 3 шагов за 2.4 секунд
2026-01-18 19:46:08,196 - INFO - 📊 Всего обработано пар за весь анализ: 183
2026-01-18 19:46:08,196 - INFO - 💰 Финальный капитал: $10,653.63 (было $10,000.00)
2026-01-18 19:46:08,196 - INFO - 📈 Общая доходность: +6.54% ($+653.63)
2026-01-18 19:46:08,196 - INFO - 📊 Всего сделок: 0
2026-01-18 19:46:08,196 - INFO - ================================================================================
2026-01-18 19:46:08,196 - INFO - ✓ Завершены все 3 WF-шагов
2026-01-18 19:46:08,196 - INFO - ⇢ Обработка финальных результатов и расчет метрик...
2026-01-18 19:46:08,196 - INFO - ⇢ processing final results — start
2026-01-18 19:46:08,197 - INFO -   ⇢ Агрегация данных P&L за 8643 торговых дней
2026-01-18 19:46:08,219 - INFO -   ⇢ Расчет базовых метрик производительности...
2026-01-18 19:46:08,220 - INFO -     📊 Данные для анализа: 8643 записей P&L, 8641 точек equity
2026-01-18 19:46:08,222 - INFO -   ⇢ Расчет расширенных метрик (волатильность, Calmar ratio, и др.)...
2026-01-18 19:46:08,223 - INFO -   ✅ Расширенные метрики рассчитаны: 6 показателей
2026-01-18 19:46:08,223 - INFO -   ⇢ Анализ статистики по 183 парам...
2026-01-18 19:46:08,225 - INFO - ✅ Рассчитаны метрики производительности (19 показателей)
2026-01-18 19:46:08,226 - INFO -   💰 Общий P&L: $+653.63
2026-01-18 19:46:08,226 - INFO -   📊 Sharpe Ratio: 0.737
2026-01-18 19:46:08,226 - INFO -   📉 Максимальная просадка: -8816.83%
2026-01-18 19:46:08,226 - INFO -   🔄 Всего сделок: 3188
2026-01-18 19:46:08,226 - INFO -   📈 Торгуемых пар: 183
2026-01-18 19:46:08,226 - INFO -   💸 Общие издержки: $134.39
2026-01-18 19:46:08,226 - coint2.metrics - INFO - Metric: total_pnl
2026-01-18 19:46:08,226 - coint2.metrics - INFO - Metric: sharpe_ratio_abs
2026-01-18 19:46:08,227 - coint2.metrics - INFO - Metric: max_drawdown_pct
2026-01-18 19:46:08,227 - coint2.metrics - INFO - Metric: total_trades
2026-01-18 19:46:08,227 - coint2.metrics - INFO - Metric: total_pairs_traded
2026-01-18 19:46:08,227 - coint2.metrics - INFO - Metric: total_costs
2026-01-18 19:46:08,227 - INFO - ⇠ processing final results — done in 0.03s
2026-01-18 19:46:08,227 - INFO - ⇢ Создание отчетов и сохранение результатов...
2026-01-18 19:46:08,227 - INFO - ⇢ generating reports — start
2026-01-18 19:46:08,227 - INFO -   ⇢ Создание отчета о производительности...
2026-01-18 19:46:14,261 - INFO -   ✓ Отчет о производительности создан
2026-01-18 19:46:14,261 - INFO -   ⇢ Сохранение данных в CSV файлы...
2026-01-18 19:46:14,263 - INFO - 📋 Метрики сохранены: artifacts/wfa/runs/20260118_risk_sweep/risk_sweep_20260118_risk0p01_pos10_margin0p4_kelly0p15_z0p85_exit0p12_corr0p65_ssd25000/strategy_metrics.csv
2026-01-18 19:46:14,264 - INFO - 📈 Дневные P&L сохранены: artifacts/wfa/runs/20260118_risk_sweep/risk_sweep_20260118_risk0p01_pos10_margin0p4_kelly0p15_z0p85_exit0p12_corr0p65_ssd25000/daily_pnl.csv (91 записей)
2026-01-18 19:46:14,296 - INFO - 💹 Кривая капитала сохранена: artifacts/wfa/runs/20260118_risk_sweep/risk_sweep_20260118_risk0p01_pos10_margin0p4_kelly0p15_z0p85_exit0p12_corr0p65_ssd25000/equity_curve.csv (8641 точек)
2026-01-18 19:46:14,301 - INFO - 📋 Статистика сделок сохранена: artifacts/wfa/runs/20260118_risk_sweep/risk_sweep_20260118_risk0p01_pos10_margin0p4_kelly0p15_z0p85_exit0p12_corr0p65_ssd25000/trade_statistics.csv (183 записей)
2026-01-18 19:46:14,301 - INFO - 🎉 Walk-Forward анализ полностью завершен!
2026-01-18 19:46:14,301 - INFO - 📊 Все отчеты и данные сохранены в: artifacts/wfa/runs/20260118_risk_sweep/risk_sweep_20260118_risk0p01_pos10_margin0p4_kelly0p15_z0p85_exit0p12_corr0p65_ssd25000
2026-01-18 19:46:14,301 - INFO - 💼 Итоговый капитал: $10,653.63
2026-01-18 19:46:14,301 - INFO - ⏱️  Общее время выполнения: 8.5 секунд
2026-01-18 19:46:14,301 - INFO - ⇠ generating reports — done in 6.07s
2026-01-18 19:46:14,301 - coint2.core.memory_optimization - INFO - 🧹 Cleaning up global price data
2026-01-18 19:46:14,304 - coint2.core.memory_optimization - INFO - 📊 No global rolling stats to clean up
2026-01-18 19:46:14,305 - INFO - 🧹 Memory-mapped data cleaned up
2026-01-18 19:46:14,306 - INFO - ⇠ run_walk_forward_analysis — done in 823.92s
📊 Отчет сохранен: artifacts/wfa/runs/20260118_risk_sweep/risk_sweep_20260118_risk0p01_pos10_margin0p4_kelly0p15_z0p85_exit0p12_corr0p65_ssd25000/CointegrationStrategy_performance_report.png
🎯 ============================================================
📊 ИТОГИ ТОРГОВОЙ СТРАТЕГИИ
🎯 ============================================================

💰 ФИНАНСОВЫЕ РЕЗУЛЬТАТЫ:
   • Общий P&L:                          654
   • Максимальная просадка:              -88
   • Средний дневной P&L:                  7

📈 МЕТРИКИ РИСКА:
   • Коэффициент Шарпа:               0.7368
   • Волатильность P&L:                18.57
   • Процент прибыльных дней:         65.93%

🔄 ТОРГОВАЯ АКТИВНОСТЬ:
   • Всего торговых дней:                 91
   • Всего сделок:                     3,188
   • Торгуемых пар:                      183
   • Сделок на пару:                    17.4
   • Успешность сделок:               0.31%

💸 РАСХОДЫ И ЭКСТРЕМУМЫ:
   • Общие расходы:                      134
   • Максимальная прибыль:               110
   • Максимальный убыток:                -45
   • Лучшая пара (P&L):                   94
   • Худшая пара (P&L):                  -14

📊 ОЦЕНКА СТРАТЕГИИ:
   ✅ ОТЛИЧНАЯ стратегия! Высокий Шарп и положительный результат

🎯 ============================================================

Correct Sharpe Ratio: 0.7367553063070802
[run_wfa_fullcpu] end: 2026-01-18T19:46:15Z
