[run_wfa_queue] 2026-01-20T07:34:45Z cmd: /opt/coint4/coint4/run_wfa_fullcpu.sh configs/stress_20260121_relaxed8_nokpss_u250_search/stress_relaxed8_nokpss_20260121_pv0p2_hurst0p8_hl0p02_60_corr0p4_ssd50000_kpss1p0_w2m1_t90_fixed_u250_z0p95_exit0p08_hold120_cd120_maxpairs50.yaml artifacts/wfa/runs/20260121_relaxed8_nokpss_u250_search/stress_relaxed8_nokpss_20260121_pv0p2_hurst0p8_hl0p02_60_corr0p4_ssd50000_kpss1p0_w2m1_t90_fixed_u250_z0p95_exit0p08_hold120_cd120_maxpairs50
[run_wfa_fullcpu] start: 2026-01-20T07:34:46Z
[run_wfa_fullcpu] os.cpu_count: 8
[run_wfa_fullcpu] worker_pid=7156
2026-01-20 07:34:49,084 - coint2.core.memory_optimization - INFO - ✅ BLAS threading limits set to 1 via threadpoolctl
2026-01-20 07:34:49,084 - coint2.core.memory_optimization - INFO - 🔧 Controlled libraries: openblas, openmp
2026-01-20 07:34:49,084 - coint2.core.memory_optimization - INFO - 🧵 Process threads: 2 → 2
2026-01-20 07:34:49,085 - coint2.core.memory_optimization - INFO - 📝 Set 11 environment variables
2026-01-20 07:34:49,423 - INFO - ✅ Параметры конфигурации валидны
2026-01-20 07:34:49,423 - INFO - 📝 Некоторые параметры были скорректированы:
2026-01-20 07:34:49,576 - INFO - 🔒 WFA: фиксированный universe из artifacts/universe/20260119_relaxed8_strict_preholdout_v2/pairs_universe.yaml (250 пар)
2026-01-20 07:34:49,576 - INFO -   Шаг 1: тренировка 2024-02-01-2024-04-30, тест 2024-05-01-2024-05-31
2026-01-20 07:34:49,576 - INFO -   Шаг 2: тренировка 2024-03-02-2024-05-30, тест 2024-05-31-2024-06-30
2026-01-20 07:34:49,576 - INFO -   Шаг 3: тренировка 2024-04-01-2024-06-29, тест 2024-06-30-2024-07-30
2026-01-20 07:34:49,576 - INFO -   Шаг 4: тренировка 2024-05-01-2024-07-29, тест 2024-07-30-2024-08-29
2026-01-20 07:34:49,576 - INFO -   Шаг 5: тренировка 2024-05-31-2024-08-28, тест 2024-08-29-2024-09-28
2026-01-20 07:34:49,576 - INFO -   Шаг 6: тренировка 2024-06-30-2024-09-27, тест 2024-09-28-2024-10-28
2026-01-20 07:34:49,577 - INFO -   Шаг 7: тренировка 2024-07-30-2024-10-27, тест 2024-10-28-2024-11-27
2026-01-20 07:34:49,577 - INFO -   Шаг 8: тренировка 2024-08-29-2024-11-26, тест 2024-11-27-2024-12-27
2026-01-20 07:34:49,577 - INFO -   Шаг 9: тренировка 2024-09-28-2024-12-26, тест 2024-12-27-2025-01-26
2026-01-20 07:34:49,577 - INFO - 📈 Запланировано 9 walk-forward шагов
2026-01-20 07:34:49,577 - INFO - ⛔ Ограничение WFA шагов: 9 → 5
2026-01-20 07:34:49,577 - WARNING - ⚠️ Маленький буфер между training и testing в шаге 1: 0 дней. Рекомендуется минимум 1 день.
2026-01-20 07:34:49,577 - WARNING - ⚠️ Маленький буфер между training и testing в шаге 2: 0 дней. Рекомендуется минимум 1 день.
2026-01-20 07:34:49,577 - WARNING - ⚠️ Маленький буфер между training и testing в шаге 3: 0 дней. Рекомендуется минимум 1 день.
2026-01-20 07:34:49,577 - WARNING - ⚠️ Маленький буфер между training и testing в шаге 4: 0 дней. Рекомендуется минимум 1 день.
2026-01-20 07:34:49,577 - WARNING - ⚠️ Маленький буфер между training и testing в шаге 5: 0 дней. Рекомендуется минимум 1 день.
2026-01-20 07:34:49,577 - INFO - ✅ Шаги успешно запланированы:
2026-01-20 07:34:49,577 - INFO -    Шаг 1: тренировка 2024-02-01-2024-04-30, тест 2024-05-01-2024-05-31
2026-01-20 07:34:49,577 - INFO -    Шаг 2: тренировка 2024-03-02-2024-05-30, тест 2024-05-31-2024-06-30
2026-01-20 07:34:49,577 - INFO -    Шаг 3: тренировка 2024-04-01-2024-06-29, тест 2024-06-30-2024-07-30
2026-01-20 07:34:49,577 - INFO -    Шаг 4: тренировка 2024-05-01-2024-07-29, тест 2024-07-30-2024-08-29
2026-01-20 07:34:49,577 - INFO -    Шаг 5: тренировка 2024-05-31-2024-08-28, тест 2024-08-29-2024-09-28
2026-01-20 07:34:49,577 - INFO - 🗂️ Consolidating price data for memory-mapped access...
2026-01-20 07:34:49,577 - INFO - 📊 Consolidating data range: 2024-01-27 → 2024-10-03
2026-01-20 07:34:49,577 - coint2.core.memory_optimization - INFO - 🔄 Consolidating price data from data_downloaded to .cache/consolidated_prices.parquet
2026-01-20 07:34:49,577 - INFO - ⇢ loading raw data for consolidation — start
2026-01-20 07:34:50,385 - INFO - ⇠ loading raw data for consolidation — done in 0.81s
2026-01-20 07:34:50,385 - INFO - ⇢ pivoting data to wide format — start
2026-01-20 07:34:57,363 - INFO - ⇠ pivoting data to wide format — done in 6.98s
2026-01-20 07:34:57,449 - coint2.core.memory_optimization - INFO - 📊 Consolidated data: 24001 rows × 493 symbols
2026-01-20 07:34:57,449 - coint2.core.memory_optimization - INFO - 💾 Memory usage: 47.5 MB
2026-01-20 07:34:57,449 - INFO - ⇢ writing consolidated Parquet file — start
2026-01-20 07:34:57,793 - INFO - ⇠ writing consolidated Parquet file — done in 0.34s
2026-01-20 07:34:57,793 - coint2.core.memory_optimization - INFO - ✅ Successfully consolidated data to .cache/consolidated_prices.parquet
2026-01-20 07:34:57,834 - coint2.core.memory_optimization - INFO - 🔄 Initializing memory-mapped price data from .cache/consolidated_prices.parquet
2026-01-20 07:34:57,835 - INFO - ⇢ loading memory-mapped data — start
2026-01-20 07:34:57,835 - coint2.core.memory_optimization - WARNING - ⚠️ memory_map не поддерживается в текущей версии pyarrow, fallback без mmap
2026-01-20 07:34:58,017 - INFO - ⇠ loading memory-mapped data — done in 0.18s
2026-01-20 07:34:58,029 - coint2.core.memory_optimization - INFO - 📊 Loaded 24001 rows × 493 symbols
2026-01-20 07:34:58,029 - coint2.core.memory_optimization - INFO - 💾 Memory usage: 47.5 MB (memory-mapped)
2026-01-20 07:34:58,031 - INFO - ✅ Memory-mapped data initialized successfully
2026-01-20 07:34:58,033 - INFO - ⇢ Walk-forward steps — starting 5 items
2026-01-20 07:34:58,033 - INFO - 📈 Инициализация equity кривой с первой тестовой даты: 2024-05-01 00:00:00
2026-01-20 07:34:58,033 - INFO - 🔍 WF-шаг 1/5: Валидация временных окон...
2026-01-20 07:34:58,034 - INFO - ⇢ WF-шаг 1/5: training 2024-02-01-2024-04-30, testing 2024-05-01-2024-05-31 — start
2026-01-20 07:34:58,034 - INFO - ⇢ loading step data — start
2026-01-20 07:34:58,272 - INFO - ⇠ loading step data — done in 0.24s
2026-01-20 07:35:01,020 - INFO - 📊 WF-шаг 1/5: Границы данных:
2026-01-20 07:35:01,021 - INFO -    Training: 2024-02-01 00:00:00 → 2024-04-30 23:45:00 (8,640 строк × 403 символов)
2026-01-20 07:35:01,021 - INFO -    Testing:  2024-05-01 00:00:00 → 2024-05-31 00:00:00 (2,881 строк × 403 символов)
2026-01-20 07:35:01,021 - INFO -    Временной разрыв: 0 days 00:15:00
2026-01-20 07:35:01,073 - INFO - ⇢ normalizing training data — start
2026-01-20 07:35:01,122 - INFO -   Символы с NaN значениями: 72
2026-01-20 07:35:01,122 - INFO -   Применяем метод нормализации: rolling_zscore
2026-01-20 07:35:01,170 - INFO - Символы с недостаточной историей: 67 из 403
2026-01-20 07:35:01,945 - INFO - Символы с NaN после нормализации: 336
2026-01-20 07:35:01,955 - INFO - Удалено 549 начальных строк с NaN от rolling расчетов
2026-01-20 07:35:01,959 - INFO - Итоговое количество символов после нормализации: 336 из 403
2026-01-20 07:35:01,959 - INFO -   Статистика нормализации:
2026-01-20 07:35:01,959 - INFO -     Исходные символы: 403
2026-01-20 07:35:01,959 - INFO -     Недостаточная история: 67
2026-01-20 07:35:01,959 - INFO -     Постоянная цена: 0
2026-01-20 07:35:01,959 - INFO -     NaN после нормализации: 336
2026-01-20 07:35:01,959 - INFO -     Итоговые символы: 336 (83.4%)
2026-01-20 07:35:01,959 - INFO -   После нормализации: 336 символов (потеряно 67)
2026-01-20 07:35:01,960 - INFO -   Отброшено много символов: 67 из 403
2026-01-20 07:35:01,960 - INFO - ⇠ normalizing training data — done in 0.89s
2026-01-20 07:35:01,960 - INFO -   Фиксированный universe: 250 пар (отфильтровано 0 недоступных)
2026-01-20 07:35:01,960 - INFO - ⇢ filtering pairs by cointegration and half-life — start
2026-01-20 07:35:01,960 - INFO - [ФИЛЬТР] Параллельная фильтрация: processes (8 workers)
⚙️  Загрузка данных за период: 2024-01-27 -> 2024-10-03
📂 Найдено 43 parquet файлов для обработки.
📊 Схема данных: Schema({'timestamp': Int64, 'open': Float64, 'high': Float64, 'low': Float64, 'close': Float64, 'volume': Float64, 'turnover': String, 'ts_ms': Int64, 'symbol': String})
✅ Загружено 9788769 записей с помощью Polars.
📊 Типы данных в pandas: timestamp       datetime64[us]
symbol                  object
close                  float64
timestamp_ms             int64
dtype: object
⚙️  Загрузка данных за период: 2024-02-01 -> 2024-05-31
📂 Найдено 43 parquet файлов для обработки.
📊 Схема данных: Schema({'timestamp': Int64, 'open': Float64, 'high': Float64, 'low': Float64, 'close': Float64, 'volume': Float64, 'turnover': String, 'ts_ms': Int64, 'symbol': String})
✅ Загружено 4205229 записей с помощью Polars.
📊 Типы данных в pandas: timestamp       datetime64[us]
symbol                  object
close                  float64
timestamp_ms             int64
dtype: object
2026-01-20 07:35:29,119 - INFO - [ФИЛЬТР] После проверки данных: 250 пар
2026-01-20 07:35:29,119 - INFO - [ФИЛЬТР] После фильтра корреляции (>0.4): 242 пар
2026-01-20 07:35:29,119 - INFO - [ФИЛЬТР] После фильтра beta: 204 пар
2026-01-20 07:35:29,119 - INFO - [ФИЛЬТР] После фильтра mean crossings: 204 пар
2026-01-20 07:35:29,119 - INFO - [ФИЛЬТР] После фильтра half-life: 204 пар
2026-01-20 07:35:29,120 - INFO - [ФИЛЬТР] После фильтра коинтеграции: 198 пар
2026-01-20 07:35:29,120 - INFO - [ФИЛЬТР] После фильтра Hurst: 139 пар
2026-01-20 07:35:29,120 - INFO - [ФИЛЬТР] После фильтра KPSS: 139 пар
2026-01-20 07:35:29,120 - INFO - [ФИЛЬТР] После фильтра market microstructure: 135 пар
2026-01-20 07:35:29,120 - INFO - [ФИЛЬТР] Статистика фильтрации (оптимизированный порядок):
2026-01-20 07:35:29,120 - INFO -   1. SSD → Коинтеграция: 250 → 198 пар
2026-01-20 07:35:29,120 - INFO -   2. Коинтеграция → Beta: 198 → 204 пар
2026-01-20 07:35:29,120 - INFO -   3. Beta → Half-life: 204 → 204 пар
2026-01-20 07:35:29,120 - INFO -   4. Half-life → Mean crossings: 204 → 204 пар
2026-01-20 07:35:29,120 - INFO -   5. Mean crossings → Hurst: 204 → 139 пар
2026-01-20 07:35:29,120 - INFO -   6. Hurst → KPSS: 139 → 139 пар
2026-01-20 07:35:29,120 - INFO -   7. KPSS → Market microstructure: 139 → 135 пар
2026-01-20 07:35:29,120 - INFO - [ФИЛЬТР] Причины отсева:
2026-01-20 07:35:29,120 - INFO -   • hurst: 59 пар (23.6%)
2026-01-20 07:35:29,120 - INFO -   • beta: 38 пар (15.2%)
2026-01-20 07:35:29,120 - INFO -   • low_correlation: 8 пар (3.2%)
2026-01-20 07:35:29,120 - INFO -   • pvalue: 6 пар (2.4%)
2026-01-20 07:35:29,120 - INFO -   • history: 4 пар (1.6%)
2026-01-20 07:35:29,120 - INFO - [ФИЛЬТР] Итого: 250 → 135 пар (54.0% прошли все фильтры)
2026-01-20 07:35:29,123 - INFO - Причины отсева сохранены в results/filter_reasons_20260120_073529.csv
2026-01-20 07:35:29,123 - INFO -   Pair stability filter: insufficient history (0 < 1), skip
2026-01-20 07:35:29,123 - INFO -   Фильтрация: 250 → 135 пар
2026-01-20 07:35:29,123 - INFO - ⇠ filtering pairs by cointegration and half-life — done in 27.16s
2026-01-20 07:35:29,123 - INFO - ⇠ WF-шаг 1/5: training 2024-02-01-2024-04-30, testing 2024-05-01-2024-05-31 — done in 31.09s
2026-01-20 07:35:29,123 - INFO -   Ограничение max_pairs=50: 135 → 50
2026-01-20 07:35:29,123 - INFO -   Топ-3 пары по волатильности спреда:
2026-01-20 07:35:29,123 - INFO -     1. BTCDAI-BTCEUR: beta=1.0799, std=663.3878
2026-01-20 07:35:29,123 - INFO -     2. COMPUSDT-GTAIUSDT: beta=13.3410, std=4.9977
2026-01-20 07:35:29,123 - INFO -     3. ETHUSDC-ETHUSDT: beta=1.0017, std=1.8914
2026-01-20 07:35:29,123 - INFO -   Всего пар для торговли: 50 (ограничение 15 применяется к одновременно открытым позициям)
2026-01-20 07:35:29,124 - INFO -   💰 Проверка расчета капитала: equity=$10,000.00, кандидатных_пар=50, max_позиций=15
2026-01-20 07:35:29,124 - INFO -   🎯 Target concurrency: 15 (ожидаемое одновременное число позиций)
2026-01-20 07:35:29,124 - INFO -   📊 Детали расчета капитала:
2026-01-20 07:35:29,124 - INFO -      • Базовый капитал на пару: $666.67 (equity / target_concurrency)
2026-01-20 07:35:29,124 - INFO -      • Риск-капитал: $150.00 (1.5% от equity)
2026-01-20 07:35:29,124 - INFO -      • Макс. размер позиции: $200.00 (2.0% от equity)
2026-01-20 07:35:29,124 - INFO -      • Итоговый капитал на пару: $150.00
2026-01-20 07:35:29,124 - INFO - ⇢ WF-шаг 1/5 backtests — starting 50 items
2026-01-20 07:35:29,124 - INFO - 🚀 WF-шаг 1/5: Начинаем бэктесты для 50 пар...
2026-01-20 07:35:29,124 - INFO - 🚀 WF-шаг 1/5: Запускаем параллельную обработку 50 пар на 8 ядрах...
2026-01-20 07:35:29,124 - INFO - 🚀 WF-шаг 1/5: Режим параллельности: процессы
2026-01-20 07:35:29,195 - coint2.engine.numba_engine - INFO - Запуск Numba-оптимизированного бэктеста для BTCDAI-BTCEUR
2026-01-20 07:35:29,230 - coint2.engine.numba_engine - INFO - Запуск Numba-оптимизированного бэктеста для COMPUSDT-GTAIUSDT
2026-01-20 07:35:29,265 - coint2.engine.numba_engine - INFO - Запуск Numba-оптимизированного бэктеста для ETHUSDC-ETHUSDT
2026-01-20 07:35:29,274 - coint2.engine.numba_engine - INFO - Запуск Numba-оптимизированного бэктеста для KCSUSDT-KDAUSDT
2026-01-20 07:35:29,297 - coint2.engine.numba_engine - INFO - Запуск Numba-оптимизированного бэктеста для ATOMUSDT-KDAUSDT
2026-01-20 07:35:29,300 - coint2.engine.numba_engine - INFO - Запуск Numba-оптимизированного бэктеста для ETCUSDT-JUVUSDT
2026-01-20 07:35:29,310 - coint2.engine.numba_engine - INFO - Запуск Numba-оптимизированного бэктеста для FILUSDC-GTAIUSDT
2026-01-20 07:35:29,319 - coint2.engine.numba_engine - INFO - Запуск Numba-оптимизированного бэктеста для FTTUSDT-GSWIFTUSDT
2026-01-20 07:35:29,333 - coint2.engine.numba_engine - INFO - Запуск Numba-оптимизированного бэктеста для DOTUSDC-KDAUSDT
2026-01-20 07:35:29,335 - coint2.engine.numba_engine - INFO - Запуск Numba-оптимизированного бэктеста для FILUSDC-JUVUSDT
2026-01-20 07:35:29,342 - coint2.engine.numba_engine - INFO - Запуск Numba-оптимизированного бэктеста для FLOWUSDT-JUVUSDT
2026-01-20 07:35:29,343 - coint2.engine.numba_engine - INFO - Запуск Numba-оптимизированного бэктеста для FILUSDT-GTAIUSDT
2026-01-20 07:35:29,356 - coint2.engine.numba_engine - INFO - Запуск Numba-оптимизированного бэктеста для GALFTUSDT-GRTUSDT
2026-01-20 07:35:29,364 - coint2.engine.numba_engine - INFO - Запуск Numba-оптимизированного бэктеста для AFCUSDT-CITYUSDT
2026-01-20 07:35:29,366 - coint2.engine.numba_engine - INFO - Запуск Numba-оптимизированного бэктеста для DOTUSDT-KDAUSDT
2026-01-20 07:35:29,371 - coint2.engine.numba_engine - INFO - Запуск Numba-оптимизированного бэктеста для FILUSDT-JUVUSDT
2026-01-20 07:35:29,378 - coint2.engine.numba_engine - INFO - Запуск Numba-оптимизированного бэктеста для ARTYUSDT-KUBUSDT
2026-01-20 07:35:29,380 - coint2.engine.numba_engine - INFO - Запуск Numba-оптимизированного бэктеста для DOTUSDC-FTTUSDT
2026-01-20 07:35:29,386 - coint2.engine.numba_engine - INFO - Запуск Numba-оптимизированного бэктеста для DMAILUSDT-GMTUSDT
2026-01-20 07:35:29,388 - coint2.engine.numba_engine - INFO - Запуск Numba-оптимизированного бэктеста для CITYUSDT-KASTAUSDT
2026-01-20 07:35:29,401 - coint2.engine.numba_engine - INFO - Запуск Numba-оптимизированного бэктеста для FLOWUSDT-HVHUSDT
2026-01-20 07:35:29,402 - coint2.engine.numba_engine - INFO - Запуск Numba-оптимизированного бэктеста для GALFTUSDT-HBARUSDT
2026-01-20 07:35:29,406 - coint2.engine.numba_engine - INFO - Запуск Numba-оптимизированного бэктеста для HNTUSDT-INTERUSDT
2026-01-20 07:35:29,410 - coint2.engine.numba_engine - INFO - Запуск Numba-оптимизированного бэктеста для ARTYUSDT-GENEUSDT
2026-01-20 07:35:29,412 - coint2.engine.numba_engine - INFO - 🔍 ДИАГНОСТИКА FLOWUSDT-HVHUSDT:
2026-01-20 07:35:29,413 - coint2.engine.numba_engine - INFO -    entry_threshold: 0.95
2026-01-20 07:35:29,413 - coint2.engine.numba_engine - INFO - Запуск Numba-оптимизированного бэктеста для DOTUSDT-FTTUSDT
2026-01-20 07:35:29,413 - coint2.engine.numba_engine - INFO -    exit_threshold: 0.08
2026-01-20 07:35:29,413 - coint2.engine.numba_engine - INFO -    Макс |z_score|: 5.6862
2026-01-20 07:35:29,413 - coint2.engine.numba_engine - INFO -    Позиций != 0: 0
2026-01-20 07:35:29,413 - coint2.engine.numba_engine - INFO -    Изменений позиций: 1
2026-01-20 07:35:29,413 - coint2.engine.numba_engine - INFO -    PnL сумма: 0.0000
2026-01-20 07:35:29,414 - coint2.engine.numba_engine - INFO -    Первые 10 z_scores: [1.4231215  1.170881   0.91543454 0.7576492  0.87377423 0.73298055
 0.4843788  0.43646535 0.9170312  0.68358904]
2026-01-20 07:35:29,414 - coint2.engine.numba_engine - INFO -    Превышают порог: 1428
2026-01-20 07:35:29,425 - coint2.engine.numba_engine - INFO - Запуск Numba-оптимизированного бэктеста для APEXUSDT-AVAUSDT
2026-01-20 07:35:29,426 - coint2.engine.numba_engine - INFO - Запуск Numba-оптимизированного бэктеста для CELOUSDT-FITFIUSDT
2026-01-20 07:35:29,433 - coint2.engine.numba_engine - INFO - Запуск Numba-оптимизированного бэктеста для APEUSDC-HFTUSDT
2026-01-20 07:35:29,435 - coint2.engine.numba_engine - INFO - Запуск Numba-оптимизированного бэктеста для APEXUSDT-KASTAUSDT
2026-01-20 07:35:29,443 - coint2.engine.numba_engine - INFO - Запуск Numba-оптимизированного бэктеста для CYBERUSDT-FIDAUSDT
2026-01-20 07:35:29,448 - coint2.engine.numba_engine - INFO - Запуск Numba-оптимизированного бэктеста для AFCUSDT-ANKRUSDT
2026-01-20 07:35:29,450 - coint2.engine.numba_engine - INFO - Запуск Numba-оптимизированного бэктеста для AXSUSDT-KUBUSDT
2026-01-20 07:35:29,458 - coint2.engine.numba_engine - INFO - Запуск Numba-оптимизированного бэктеста для APEXUSDC-AVAUSDT
2026-01-20 07:35:29,471 - coint2.engine.numba_engine - INFO - Запуск Numba-оптимизированного бэктеста для AFCUSDT-BICOUSDT
2026-01-20 07:35:29,474 - coint2.engine.numba_engine - INFO - Запуск Numba-оптимизированного бэктеста для DYDXUSDT-KCALUSDT
2026-01-20 07:35:29,481 - coint2.engine.numba_engine - INFO - Запуск Numba-оптимизированного бэктеста для AXLUSDT-FILUSDT
2026-01-20 07:35:29,487 - coint2.engine.numba_engine - INFO - Запуск Numba-оптимизированного бэктеста для ATOMUSDT-GODSUSDT
2026-01-20 07:35:29,497 - coint2.engine.numba_engine - INFO - Запуск Numba-оптимизированного бэктеста для ARTYUSDT-KDAUSDT
2026-01-20 07:35:29,503 - coint2.engine.numba_engine - INFO - Запуск Numba-оптимизированного бэктеста для CTCUSDT-DMAILUSDT
2026-01-20 07:35:29,509 - coint2.engine.numba_engine - INFO - Запуск Numba-оптимизированного бэктеста для CAKEUSDT-FIDAUSDT
2026-01-20 07:35:29,519 - coint2.engine.numba_engine - INFO - Запуск Numba-оптимизированного бэктеста для AXLUSDT-FILUSDC
2026-01-20 07:35:29,522 - coint2.engine.numba_engine - INFO - Запуск Numba-оптимизированного бэктеста для ATOMUSDT-KCALUSDT
2026-01-20 07:35:29,532 - coint2.engine.numba_engine - INFO - Запуск Numba-оптимизированного бэктеста для FTTUSDT-KSMUSDT
2026-01-20 07:35:29,542 - coint2.engine.numba_engine - INFO - Запуск Numba-оптимизированного бэктеста для CELOUSDT-CGPTUSDT
2026-01-20 07:35:29,544 - coint2.engine.numba_engine - INFO - Запуск Numba-оптимизированного бэктеста для GALFTUSDT-HVHUSDT
2026-01-20 07:35:29,555 - coint2.engine.numba_engine - INFO - Запуск Numba-оптимизированного бэктеста для APEUSDC-GODSUSDT
2026-01-20 07:35:29,556 - coint2.engine.numba_engine - INFO - 🔍 ДИАГНОСТИКА GALFTUSDT-HVHUSDT:
2026-01-20 07:35:29,556 - coint2.engine.numba_engine - INFO -    entry_threshold: 0.95
2026-01-20 07:35:29,556 - coint2.engine.numba_engine - INFO -    exit_threshold: 0.08
2026-01-20 07:35:29,556 - coint2.engine.numba_engine - INFO -    Макс |z_score|: 10.4103
2026-01-20 07:35:29,556 - coint2.engine.numba_engine - INFO -    Позиций != 0: 6
2026-01-20 07:35:29,556 - coint2.engine.numba_engine - INFO -    Изменений позиций: 13
2026-01-20 07:35:29,557 - coint2.engine.numba_engine - INFO -    PnL сумма: -7.6277
2026-01-20 07:35:29,557 - coint2.engine.numba_engine - INFO -    Первые 10 z_scores: [0.25753918 0.2817404  0.27650234 0.2711627  0.27138817 0.27258173
 0.2671839  0.3034511  0.28870547 0.27344045]
2026-01-20 07:35:29,557 - coint2.engine.numba_engine - INFO -    Превышают порог: 1407
2026-01-20 07:35:29,569 - coint2.engine.numba_engine - INFO - Запуск Numba-оптимизированного бэктеста для AFCUSDT-C98USDT
2026-01-20 07:35:29,578 - coint2.engine.numba_engine - INFO - Запуск Numba-оптимизированного бэктеста для AGLDUSDT-KUBUSDT
2026-01-20 07:35:29,592 - coint2.engine.numba_engine - INFO - Запуск Numba-оптимизированного бэктеста для APEUSDT-GODSUSDT
2026-01-20 07:35:29,615 - coint2.engine.numba_engine - INFO - Запуск Numba-оптимизированного бэктеста для DMAILUSDT-GMTUSDC
2026-01-20 07:35:29,666 - INFO -   ⏱️ Параллельная обработка завершена за 0.5с (92.3 пар/с)
2026-01-20 07:35:29,685 - coint2.pipeline.walk_forward_orchestrator - INFO - 🎯 СИМУЛЯЦИЯ ПОРТФЕЛЯ: 50 пар, лимит 15 позиций
2026-01-20 07:35:30,216 - coint2.pipeline.walk_forward_orchestrator - INFO -    📈 Макс. одновременных сигналов: 13
2026-01-20 07:35:30,216 - coint2.pipeline.walk_forward_orchestrator - INFO -    📊 Средн. сигналов за период: 0.3
2026-01-20 07:35:30,216 - coint2.pipeline.walk_forward_orchestrator - INFO -    🎯 Финальных активных позиций: 0
2026-01-20 07:35:30,217 - coint2.pipeline.walk_forward_orchestrator - INFO -    ⚡ Утилизация лимита позиций: 1.7%
2026-01-20 07:35:30,218 - INFO - ⇠ WF-шаг 1/5 backtests — completed 50 items in 1.09s (45.7 items/s)
2026-01-20 07:35:30,218 - INFO -   ✅ Обработка завершена: 50 успешно, 0 с ошибками
2026-01-20 07:35:30,218 - INFO -   📊 Успешность: 100.0%, прибыльность: 46.0%, сделок/пара: 7.3
2026-01-20 07:35:30,218 - INFO -   ✅ Завершены бэктесты для 50 пар
2026-01-20 07:35:30,218 - INFO -   📊 Всего обработано пар в этом шаге: 50
2026-01-20 07:35:30,218 - INFO -   📈 Результаты шага: 23/50 прибыльных пар, 366 сделок
2026-01-20 07:35:30,218 - INFO -   💰 P&L шага: $-4.04
2026-01-20 07:35:30,218 - INFO -   ⇢ Обновление капитала и дневного P&L...
2026-01-20 07:35:31,375 - INFO -   💼 Шаг P&L: $-4.04, Накопленный капитал: $9,995.96
2026-01-20 07:35:31,375 - INFO - ------------------------------------------------------------
2026-01-20 07:35:31,375 - INFO -   Walk-forward steps: 1 / 5 (20.0%) | 0.0 items/s | ETA: 133.4s
2026-01-20 07:35:31,375 - INFO - 🔍 WF-шаг 2/5: Валидация временных окон...
2026-01-20 07:35:31,376 - INFO - ⇢ WF-шаг 2/5: training 2024-03-02-2024-05-30, testing 2024-05-31-2024-06-30 — start
2026-01-20 07:35:31,376 - INFO - ⇢ loading step data — start
2026-01-20 07:35:31,689 - INFO - ⇠ loading step data — done in 0.31s
2026-01-20 07:35:34,616 - INFO - 📊 WF-шаг 2/5: Границы данных:
2026-01-20 07:35:34,616 - INFO -    Training: 2024-03-02 00:00:00 → 2024-05-30 23:45:00 (8,640 строк × 432 символов)
2026-01-20 07:35:34,616 - INFO -    Testing:  2024-05-31 00:00:00 → 2024-06-30 00:00:00 (2,881 строк × 432 символов)
2026-01-20 07:35:34,616 - INFO -    Временной разрыв: 0 days 00:15:00
2026-01-20 07:35:34,671 - INFO - ⇢ normalizing training data — start
2026-01-20 07:35:34,724 - INFO -   Символы с NaN значениями: 86
2026-01-20 07:35:34,724 - INFO -   Применяем метод нормализации: rolling_zscore
2026-01-20 07:35:34,751 - INFO - Символы с недостаточной историей: 77 из 432
2026-01-20 07:35:35,520 - INFO - Символы с NaN после нормализации: 355
2026-01-20 07:35:35,529 - INFO - Удалено 1673 начальных строк с NaN от rolling расчетов
2026-01-20 07:35:35,532 - INFO - Итоговое количество символов после нормализации: 355 из 432
2026-01-20 07:35:35,533 - INFO -   Статистика нормализации:
2026-01-20 07:35:35,533 - INFO -     Исходные символы: 432
2026-01-20 07:35:35,533 - INFO -     Недостаточная история: 77
2026-01-20 07:35:35,533 - INFO -     Постоянная цена: 0
2026-01-20 07:35:35,533 - INFO -     NaN после нормализации: 355
2026-01-20 07:35:35,533 - INFO -     Итоговые символы: 355 (82.2%)
2026-01-20 07:35:35,533 - INFO -   После нормализации: 355 символов (потеряно 77)
2026-01-20 07:35:35,533 - INFO -   Отброшено много символов: 77 из 432
2026-01-20 07:35:35,533 - INFO - ⇠ normalizing training data — done in 0.86s
2026-01-20 07:35:35,533 - INFO -   Фиксированный universe: 250 пар (отфильтровано 0 недоступных)
2026-01-20 07:35:35,534 - INFO - ⇢ filtering pairs by cointegration and half-life — start
2026-01-20 07:35:35,534 - INFO - [ФИЛЬТР] Параллельная фильтрация: processes (8 workers)
⚙️  Загрузка данных за период: 2024-03-02 -> 2024-06-30
📂 Найдено 43 parquet файлов для обработки.
📊 Схема данных: Schema({'timestamp': Int64, 'open': Float64, 'high': Float64, 'low': Float64, 'close': Float64, 'volume': Float64, 'turnover': String, 'ts_ms': Int64, 'symbol': String})
✅ Загружено 4429881 записей с помощью Polars.
📊 Типы данных в pandas: timestamp       datetime64[us]
symbol                  object
close                  float64
timestamp_ms             int64
dtype: object
2026-01-20 07:36:02,532 - INFO - [ФИЛЬТР] После проверки данных: 250 пар
2026-01-20 07:36:02,532 - INFO - [ФИЛЬТР] После фильтра корреляции (>0.4): 231 пар
2026-01-20 07:36:02,532 - INFO - [ФИЛЬТР] После фильтра beta: 194 пар
2026-01-20 07:36:02,533 - INFO - [ФИЛЬТР] После фильтра mean crossings: 194 пар
2026-01-20 07:36:02,533 - INFO - [ФИЛЬТР] После фильтра half-life: 194 пар
2026-01-20 07:36:02,533 - INFO - [ФИЛЬТР] После фильтра коинтеграции: 165 пар
2026-01-20 07:36:02,533 - INFO - [ФИЛЬТР] После фильтра Hurst: 115 пар
2026-01-20 07:36:02,533 - INFO - [ФИЛЬТР] После фильтра KPSS: 115 пар
2026-01-20 07:36:02,533 - INFO - [ФИЛЬТР] После фильтра market microstructure: 115 пар
2026-01-20 07:36:02,533 - INFO - [ФИЛЬТР] Статистика фильтрации (оптимизированный порядок):
2026-01-20 07:36:02,533 - INFO -   1. SSD → Коинтеграция: 250 → 165 пар
2026-01-20 07:36:02,533 - INFO -   2. Коинтеграция → Beta: 165 → 194 пар
2026-01-20 07:36:02,533 - INFO -   3. Beta → Half-life: 194 → 194 пар
2026-01-20 07:36:02,533 - INFO -   4. Half-life → Mean crossings: 194 → 194 пар
2026-01-20 07:36:02,533 - INFO -   5. Mean crossings → Hurst: 194 → 115 пар
2026-01-20 07:36:02,533 - INFO -   6. Hurst → KPSS: 115 → 115 пар
2026-01-20 07:36:02,533 - INFO -   7. KPSS → Market microstructure: 115 → 115 пар
2026-01-20 07:36:02,533 - INFO - [ФИЛЬТР] Причины отсева:
2026-01-20 07:36:02,533 - INFO -   • hurst: 50 пар (20.0%)
2026-01-20 07:36:02,533 - INFO -   • beta: 37 пар (14.8%)
2026-01-20 07:36:02,533 - INFO -   • pvalue: 29 пар (11.6%)
2026-01-20 07:36:02,533 - INFO -   • low_correlation: 19 пар (7.6%)
2026-01-20 07:36:02,533 - INFO - [ФИЛЬТР] Итого: 250 → 115 пар (46.0% прошли все фильтры)
2026-01-20 07:36:02,535 - INFO - Причины отсева сохранены в results/filter_reasons_20260120_073602.csv
2026-01-20 07:36:02,536 - INFO -   Pair stability filter: 115 → 87 (window=2, min_steps=1, history=1)
2026-01-20 07:36:02,536 - INFO -   Фильтрация: 250 → 87 пар
2026-01-20 07:36:02,536 - INFO - ⇠ filtering pairs by cointegration and half-life — done in 27.00s
2026-01-20 07:36:02,536 - INFO - ⇠ WF-шаг 2/5: training 2024-03-02-2024-05-30, testing 2024-05-31-2024-06-30 — done in 31.16s
2026-01-20 07:36:02,536 - INFO -   Ограничение max_pairs=50: 87 → 50
2026-01-20 07:36:02,536 - INFO -   Топ-3 пары по волатильности спреда:
2026-01-20 07:36:02,536 - INFO -     1. BTCDAI-BTCEUR: beta=1.1387, std=658.9744
2026-01-20 07:36:02,536 - INFO -     2. ETHUSDC-ETHUSDT: beta=1.0013, std=2.1640
2026-01-20 07:36:02,536 - INFO -     3. CYBERUSDT-FIDAUSDT: beta=18.0281, std=1.0583
2026-01-20 07:36:02,536 - INFO -   Всего пар для торговли: 50 (ограничение 15 применяется к одновременно открытым позициям)
2026-01-20 07:36:02,536 - INFO -   💰 Проверка расчета капитала: equity=$9,995.96, кандидатных_пар=50, max_позиций=15
2026-01-20 07:36:02,536 - INFO -   🎯 Target concurrency: 15 (ожидаемое одновременное число позиций)
2026-01-20 07:36:02,536 - INFO -   📊 Детали расчета капитала:
2026-01-20 07:36:02,536 - INFO -      • Базовый капитал на пару: $666.40 (equity / target_concurrency)
2026-01-20 07:36:02,537 - INFO -      • Риск-капитал: $149.94 (1.5% от equity)
2026-01-20 07:36:02,537 - INFO -      • Макс. размер позиции: $199.92 (2.0% от equity)
2026-01-20 07:36:02,537 - INFO -      • Итоговый капитал на пару: $149.94
2026-01-20 07:36:02,537 - INFO - ⇢ WF-шаг 2/5 backtests — starting 50 items
2026-01-20 07:36:02,537 - INFO - 🚀 WF-шаг 2/5: Начинаем бэктесты для 50 пар...
2026-01-20 07:36:02,537 - INFO - 🚀 WF-шаг 2/5: Запускаем параллельную обработку 50 пар на 8 ядрах...
2026-01-20 07:36:02,537 - INFO - 🚀 WF-шаг 2/5: Режим параллельности: процессы
2026-01-20 07:36:02,601 - coint2.engine.numba_engine - INFO - Запуск Numba-оптимизированного бэктеста для BTCDAI-BTCEUR
2026-01-20 07:36:02,638 - coint2.engine.numba_engine - INFO - Запуск Numba-оптимизированного бэктеста для ETHUSDC-ETHUSDT
2026-01-20 07:36:02,673 - coint2.engine.numba_engine - INFO - Запуск Numba-оптимизированного бэктеста для CYBERUSDT-FIDAUSDT
2026-01-20 07:36:02,680 - coint2.engine.numba_engine - INFO - Запуск Numba-оптимизированного бэктеста для ATOMUSDT-GODSUSDT
2026-01-20 07:36:02,705 - coint2.engine.numba_engine - INFO - Запуск Numba-оптимизированного бэктеста для CITYUSDT-KASTAUSDT
2026-01-20 07:36:02,709 - coint2.engine.numba_engine - INFO - Запуск Numba-оптимизированного бэктеста для HNTUSDT-INTERUSDT
2026-01-20 07:36:02,723 - coint2.engine.numba_engine - INFO - Запуск Numba-оптимизированного бэктеста для ATOMUSDT-KDAUSDT
2026-01-20 07:36:02,728 - coint2.engine.numba_engine - INFO - Запуск Numba-оптимизированного бэктеста для FLOWUSDT-HVHUSDT
2026-01-20 07:36:02,739 - coint2.engine.numba_engine - INFO - 🔍 ДИАГНОСТИКА FLOWUSDT-HVHUSDT:
2026-01-20 07:36:02,739 - coint2.engine.numba_engine - INFO -    entry_threshold: 0.95
2026-01-20 07:36:02,739 - coint2.engine.numba_engine - INFO -    exit_threshold: 0.08
2026-01-20 07:36:02,739 - coint2.engine.numba_engine - INFO -    Макс |z_score|: 16.6024
2026-01-20 07:36:02,740 - coint2.engine.numba_engine - INFO -    Позиций != 0: 6
2026-01-20 07:36:02,740 - coint2.engine.numba_engine - INFO -    Изменений позиций: 13
2026-01-20 07:36:02,740 - coint2.engine.numba_engine - INFO -    PnL сумма: 0.2563
2026-01-20 07:36:02,740 - coint2.engine.numba_engine - INFO -    Первые 10 z_scores: [-1.3505305 -1.7185029 -1.4328145 -1.3039925 -1.6309805 -1.5539491
 -1.4519924 -1.5030717 -1.0084609 -1.3187553]
2026-01-20 07:36:02,740 - coint2.engine.numba_engine - INFO -    Превышают порог: 1475
2026-01-20 07:36:02,744 - coint2.engine.numba_engine - INFO - Запуск Numba-оптимизированного бэктеста для FILUSDT-JUVUSDT
2026-01-20 07:36:02,747 - coint2.engine.numba_engine - INFO - Запуск Numba-оптимизированного бэктеста для AFCUSDT-C98USDT
2026-01-20 07:36:02,752 - coint2.engine.numba_engine - INFO - Запуск Numba-оптимизированного бэктеста для DMAILUSDT-GMTUSDT
2026-01-20 07:36:02,752 - coint2.engine.numba_engine - INFO - Запуск Numba-оптимизированного бэктеста для GALFTUSDT-GRTUSDT
2026-01-20 07:36:02,772 - coint2.engine.numba_engine - INFO - Запуск Numba-оптимизированного бэктеста для APEUSDC-HFTUSDT
2026-01-20 07:36:02,775 - coint2.engine.numba_engine - INFO - Запуск Numba-оптимизированного бэктеста для FIDAUSDT-KAVAUSDT
2026-01-20 07:36:02,777 - coint2.engine.numba_engine - INFO - Запуск Numba-оптимизированного бэктеста для AFCUSDT-CITYUSDT
2026-01-20 07:36:02,782 - coint2.engine.numba_engine - INFO - Запуск Numba-оптимизированного бэктеста для FILUSDC-JUVUSDT
2026-01-20 07:36:02,791 - coint2.engine.numba_engine - INFO - Запуск Numba-оптимизированного бэктеста для APEXUSDT-KASTAUSDT
2026-01-20 07:36:02,799 - coint2.engine.numba_engine - INFO - Запуск Numba-оптимизированного бэктеста для CGPTUSDT-FILUSDT
2026-01-20 07:36:02,800 - coint2.engine.numba_engine - INFO - Запуск Numba-оптимизированного бэктеста для AGLDUSDT-HFTUSDC
2026-01-20 07:36:02,805 - coint2.engine.numba_engine - INFO - Запуск Numba-оптимизированного бэктеста для HOOKUSDT-KAVAUSDT
2026-01-20 07:36:02,816 - coint2.engine.numba_engine - INFO - Запуск Numba-оптимизированного бэктеста для AXLUSDT-FILUSDC
2026-01-20 07:36:02,824 - coint2.engine.numba_engine - INFO - Запуск Numba-оптимизированного бэктеста для HOOKUSDT-ICXUSDT
2026-01-20 07:36:02,828 - coint2.engine.numba_engine - INFO - Запуск Numba-оптимизированного бэктеста для CAKEUSDT-FIDAUSDT
2026-01-20 07:36:02,830 - coint2.engine.numba_engine - INFO - Запуск Numba-оптимизированного бэктеста для FILUSDC-GTAIUSDT
2026-01-20 07:36:02,836 - coint2.engine.numba_engine - INFO - Запуск Numba-оптимизированного бэктеста для CBKUSDT-FILUSDC
2026-01-20 07:36:02,839 - coint2.engine.numba_engine - INFO - Запуск Numba-оптимизированного бэктеста для AGLDUSDT-HFTUSDT
2026-01-20 07:36:02,847 - coint2.engine.numba_engine - INFO - Запуск Numba-оптимизированного бэктеста для CBKUSDT-FILUSDT
2026-01-20 07:36:02,853 - coint2.engine.numba_engine - INFO - Запуск Numba-оптимизированного бэктеста для AXLUSDT-FILUSDT
2026-01-20 07:36:02,862 - coint2.engine.numba_engine - INFO - Запуск Numba-оптимизированного бэктеста для DYDXUSDT-KCALUSDT
2026-01-20 07:36:02,863 - coint2.engine.numba_engine - INFO - Запуск Numba-оптимизированного бэктеста для CTCUSDT-DMAILUSDT
2026-01-20 07:36:02,874 - coint2.engine.numba_engine - INFO - Запуск Numba-оптимизированного бэктеста для 1INCHUSDT-KUBUSDT
2026-01-20 07:36:02,879 - coint2.engine.numba_engine - INFO - Запуск Numba-оптимизированного бэктеста для FILUSDT-GTAIUSDT
2026-01-20 07:36:02,885 - coint2.engine.numba_engine - INFO - Запуск Numba-оптимизированного бэктеста для CELOUSDT-FITFIUSDT
2026-01-20 07:36:02,887 - coint2.engine.numba_engine - INFO - Запуск Numba-оптимизированного бэктеста для ENJUSDT-GTAIUSDT
2026-01-20 07:36:02,888 - coint2.engine.numba_engine - INFO - Запуск Numba-оптимизированного бэктеста для ARTYUSDT-KDAUSDT
2026-01-20 07:36:02,912 - coint2.engine.numba_engine - INFO - Запуск Numba-оптимизированного бэктеста для BICOUSDT-KASTAUSDT
2026-01-20 07:36:02,914 - coint2.engine.numba_engine - INFO - Запуск Numba-оптимизированного бэктеста для FTTUSDT-KSMUSDT
2026-01-20 07:36:02,914 - coint2.engine.numba_engine - INFO - Запуск Numba-оптимизированного бэктеста для BICOUSDT-DUELUSDT
2026-01-20 07:36:02,937 - coint2.engine.numba_engine - INFO - Запуск Numba-оптимизированного бэктеста для BICOUSDT-ETHWUSDT
2026-01-20 07:36:02,938 - coint2.engine.numba_engine - INFO - Запуск Numba-оптимизированного бэктеста для FIDAUSDT-HOOKUSDT
2026-01-20 07:36:02,939 - coint2.engine.numba_engine - INFO - Запуск Numba-оптимизированного бэктеста для ARTYUSDT-GENEUSDT
2026-01-20 07:36:02,961 - coint2.engine.numba_engine - INFO - Запуск Numba-оптимизированного бэктеста для AVAUSDT-FITFIUSDT
2026-01-20 07:36:02,961 - coint2.engine.numba_engine - INFO - Запуск Numba-оптимизированного бэктеста для AFCUSDT-BICOUSDT
2026-01-20 07:36:02,963 - coint2.engine.numba_engine - INFO - Запуск Numba-оптимизированного бэктеста для CELOUSDT-CGPTUSDT
2026-01-20 07:36:02,986 - coint2.engine.numba_engine - INFO - Запуск Numba-оптимизированного бэктеста для CELOUSDT-FLOWUSDT
2026-01-20 07:36:02,987 - coint2.engine.numba_engine - INFO - Запуск Numba-оптимизированного бэктеста для AGLDUSDT-KUBUSDT
2026-01-20 07:36:03,010 - coint2.engine.numba_engine - INFO - Запуск Numba-оптимизированного бэктеста для CGPTUSDT-FILUSDC
2026-01-20 07:36:03,011 - coint2.engine.numba_engine - INFO - Запуск Numba-оптимизированного бэктеста для DMAILUSDT-GMTUSDC
2026-01-20 07:36:03,035 - coint2.engine.numba_engine - INFO - Запуск Numba-оптимизированного бэктеста для CBKUSDT-ENJUSDT
2026-01-20 07:36:03,058 - coint2.engine.numba_engine - INFO - Запуск Numba-оптимизированного бэктеста для CRVUSDT-HFTUSDC
2026-01-20 07:36:03,111 - INFO -   ⏱️ Параллельная обработка завершена за 0.6с (87.1 пар/с)
2026-01-20 07:36:03,130 - coint2.pipeline.walk_forward_orchestrator - INFO - 🎯 СИМУЛЯЦИЯ ПОРТФЕЛЯ: 50 пар, лимит 15 позиций
2026-01-20 07:36:03,661 - coint2.pipeline.walk_forward_orchestrator - INFO -    📈 Макс. одновременных сигналов: 29
2026-01-20 07:36:03,661 - coint2.pipeline.walk_forward_orchestrator - INFO -    📊 Средн. сигналов за период: 0.4
2026-01-20 07:36:03,662 - coint2.pipeline.walk_forward_orchestrator - INFO -    🎯 Финальных активных позиций: 0
2026-01-20 07:36:03,663 - coint2.pipeline.walk_forward_orchestrator - INFO -    ⚡ Утилизация лимита позиций: 2.4%
2026-01-20 07:36:03,663 - INFO - ⇠ WF-шаг 2/5 backtests — completed 50 items in 1.13s (44.4 items/s)
2026-01-20 07:36:03,663 - INFO -   ✅ Обработка завершена: 50 успешно, 0 с ошибками
2026-01-20 07:36:03,663 - INFO -   📊 Успешность: 100.0%, прибыльность: 56.0%, сделок/пара: 10.6
2026-01-20 07:36:03,663 - INFO -   ✅ Завершены бэктесты для 50 пар
2026-01-20 07:36:03,664 - INFO -   📊 Всего обработано пар в этом шаге: 50
2026-01-20 07:36:03,664 - INFO -   📈 Результаты шага: 28/50 прибыльных пар, 532 сделок
2026-01-20 07:36:03,664 - INFO -   💰 P&L шага: $+14.40
2026-01-20 07:36:03,664 - INFO -   ⇢ Обновление капитала и дневного P&L...
2026-01-20 07:36:04,939 - INFO -   💼 Шаг P&L: $+14.40, Накопленный капитал: $10,010.36
2026-01-20 07:36:04,939 - INFO - ------------------------------------------------------------
2026-01-20 07:36:04,939 - INFO -   Walk-forward steps: 2 / 5 (40.0%) | 0.0 items/s | ETA: 100.4s
2026-01-20 07:36:04,939 - INFO - 🔍 WF-шаг 3/5: Валидация временных окон...
2026-01-20 07:36:04,940 - INFO - ⇢ WF-шаг 3/5: training 2024-04-01-2024-06-29, testing 2024-06-30-2024-07-30 — start
2026-01-20 07:36:04,940 - INFO - ⇢ loading step data — start
2026-01-20 07:36:05,269 - INFO - ⇠ loading step data — done in 0.33s
2026-01-20 07:36:08,528 - INFO - 📊 WF-шаг 3/5: Границы данных:
2026-01-20 07:36:08,529 - INFO -    Training: 2024-04-01 00:00:00 → 2024-06-29 23:45:00 (8,640 строк × 451 символов)
2026-01-20 07:36:08,529 - INFO -    Testing:  2024-06-30 00:00:00 → 2024-07-30 00:00:00 (2,881 строк × 451 символов)
2026-01-20 07:36:08,529 - INFO -    Временной разрыв: 0 days 00:15:00
2026-01-20 07:36:08,586 - INFO - ⇢ normalizing training data — start
2026-01-20 07:36:08,641 - INFO -   Символы с NaN значениями: 91
2026-01-20 07:36:08,642 - INFO -   Применяем метод нормализации: rolling_zscore
2026-01-20 07:36:08,671 - INFO - Символы с недостаточной историей: 75 из 451
2026-01-20 07:36:09,460 - INFO - Символы с NaN после нормализации: 376
2026-01-20 07:36:09,470 - INFO - Удалено 1959 начальных строк с NaN от rolling расчетов
2026-01-20 07:36:09,472 - INFO - Итоговое количество символов после нормализации: 376 из 451
2026-01-20 07:36:09,474 - INFO -   Статистика нормализации:
2026-01-20 07:36:09,474 - INFO -     Исходные символы: 451
2026-01-20 07:36:09,474 - INFO -     Недостаточная история: 75
2026-01-20 07:36:09,474 - INFO -     Постоянная цена: 0
2026-01-20 07:36:09,474 - INFO -     NaN после нормализации: 376
2026-01-20 07:36:09,474 - INFO -     Итоговые символы: 376 (83.4%)
2026-01-20 07:36:09,474 - INFO -   После нормализации: 376 символов (потеряно 75)
2026-01-20 07:36:09,474 - INFO -   Отброшено много символов: 75 из 451
2026-01-20 07:36:09,474 - INFO - ⇠ normalizing training data — done in 0.89s
2026-01-20 07:36:09,475 - INFO -   Фиксированный universe: 250 пар (отфильтровано 0 недоступных)
2026-01-20 07:36:09,475 - INFO - ⇢ filtering pairs by cointegration and half-life — start
2026-01-20 07:36:09,475 - INFO - [ФИЛЬТР] Параллельная фильтрация: processes (8 workers)
⚙️  Загрузка данных за период: 2024-04-01 -> 2024-07-30
📂 Найдено 43 parquet файлов для обработки.
📊 Схема данных: Schema({'timestamp': Int64, 'open': Float64, 'high': Float64, 'low': Float64, 'close': Float64, 'volume': Float64, 'turnover': String, 'ts_ms': Int64, 'symbol': String})
✅ Загружено 4689651 записей с помощью Polars.
📊 Типы данных в pandas: timestamp       datetime64[us]
symbol                  object
close                  float64
timestamp_ms             int64
dtype: object
2026-01-20 07:36:36,433 - INFO - [ФИЛЬТР] После проверки данных: 250 пар
2026-01-20 07:36:36,434 - INFO - [ФИЛЬТР] После фильтра корреляции (>0.4): 224 пар
2026-01-20 07:36:36,434 - INFO - [ФИЛЬТР] После фильтра beta: 198 пар
2026-01-20 07:36:36,434 - INFO - [ФИЛЬТР] После фильтра mean crossings: 198 пар
2026-01-20 07:36:36,434 - INFO - [ФИЛЬТР] После фильтра half-life: 198 пар
2026-01-20 07:36:36,434 - INFO - [ФИЛЬТР] После фильтра коинтеграции: 140 пар
2026-01-20 07:36:36,434 - INFO - [ФИЛЬТР] После фильтра Hurst: 113 пар
2026-01-20 07:36:36,434 - INFO - [ФИЛЬТР] После фильтра KPSS: 113 пар
2026-01-20 07:36:36,434 - INFO - [ФИЛЬТР] После фильтра market microstructure: 113 пар
2026-01-20 07:36:36,434 - INFO - [ФИЛЬТР] Статистика фильтрации (оптимизированный порядок):
2026-01-20 07:36:36,434 - INFO -   1. SSD → Коинтеграция: 250 → 140 пар
2026-01-20 07:36:36,434 - INFO -   2. Коинтеграция → Beta: 140 → 198 пар
2026-01-20 07:36:36,434 - INFO -   3. Beta → Half-life: 198 → 198 пар
2026-01-20 07:36:36,434 - INFO -   4. Half-life → Mean crossings: 198 → 198 пар
2026-01-20 07:36:36,434 - INFO -   5. Mean crossings → Hurst: 198 → 113 пар
2026-01-20 07:36:36,434 - INFO -   6. Hurst → KPSS: 113 → 113 пар
2026-01-20 07:36:36,434 - INFO -   7. KPSS → Market microstructure: 113 → 113 пар
2026-01-20 07:36:36,434 - INFO - [ФИЛЬТР] Причины отсева:
2026-01-20 07:36:36,434 - INFO -   • pvalue: 58 пар (23.2%)
2026-01-20 07:36:36,434 - INFO -   • hurst: 27 пар (10.8%)
2026-01-20 07:36:36,434 - INFO -   • low_correlation: 26 пар (10.4%)
2026-01-20 07:36:36,434 - INFO -   • beta: 26 пар (10.4%)
2026-01-20 07:36:36,434 - INFO - [ФИЛЬТР] Итого: 250 → 113 пар (45.2% прошли все фильтры)
2026-01-20 07:36:36,436 - INFO - Причины отсева сохранены в results/filter_reasons_20260120_073636.csv
2026-01-20 07:36:36,436 - INFO -   Pair stability filter: 113 → 93 (window=2, min_steps=1, history=2)
2026-01-20 07:36:36,436 - INFO -   Фильтрация: 250 → 93 пар
2026-01-20 07:36:36,436 - INFO - ⇠ filtering pairs by cointegration and half-life — done in 26.96s
2026-01-20 07:36:36,436 - INFO - ⇠ WF-шаг 3/5: training 2024-04-01-2024-06-29, testing 2024-06-30-2024-07-30 — done in 31.50s
2026-01-20 07:36:36,437 - INFO -   Ограничение max_pairs=50: 93 → 50
2026-01-20 07:36:36,437 - INFO -   Топ-3 пары по волатильности спреда:
2026-01-20 07:36:36,437 - INFO -     1. BTCDAI-BTCEUR: beta=1.1442, std=520.0727
2026-01-20 07:36:36,437 - INFO -     2. ETHDAI-ETHEUR: beta=1.1177, std=26.8390
2026-01-20 07:36:36,437 - INFO -     3. AAVEUSDT-GALFTUSDT: beta=13.9468, std=10.8089
2026-01-20 07:36:36,437 - INFO -   Всего пар для торговли: 50 (ограничение 15 применяется к одновременно открытым позициям)
2026-01-20 07:36:36,437 - INFO -   💰 Проверка расчета капитала: equity=$10,010.36, кандидатных_пар=50, max_позиций=15
2026-01-20 07:36:36,437 - INFO -   🎯 Target concurrency: 15 (ожидаемое одновременное число позиций)
2026-01-20 07:36:36,437 - INFO -   📊 Детали расчета капитала:
2026-01-20 07:36:36,437 - INFO -      • Базовый капитал на пару: $667.36 (equity / target_concurrency)
2026-01-20 07:36:36,437 - INFO -      • Риск-капитал: $150.16 (1.5% от equity)
2026-01-20 07:36:36,437 - INFO -      • Макс. размер позиции: $200.21 (2.0% от equity)
2026-01-20 07:36:36,437 - INFO -      • Итоговый капитал на пару: $150.16
2026-01-20 07:36:36,437 - INFO - ⇢ WF-шаг 3/5 backtests — starting 50 items
2026-01-20 07:36:36,438 - INFO - 🚀 WF-шаг 3/5: Начинаем бэктесты для 50 пар...
2026-01-20 07:36:36,438 - INFO - 🚀 WF-шаг 3/5: Запускаем параллельную обработку 50 пар на 8 ядрах...
2026-01-20 07:36:36,438 - INFO - 🚀 WF-шаг 3/5: Режим параллельности: процессы
2026-01-20 07:36:36,504 - coint2.engine.numba_engine - INFO - Запуск Numba-оптимизированного бэктеста для BTCDAI-BTCEUR
2026-01-20 07:36:36,541 - coint2.engine.numba_engine - INFO - Запуск Numba-оптимизированного бэктеста для ETHDAI-ETHEUR
2026-01-20 07:36:36,575 - coint2.engine.numba_engine - INFO - Запуск Numba-оптимизированного бэктеста для AAVEUSDT-GALFTUSDT
2026-01-20 07:36:36,585 - coint2.engine.numba_engine - INFO - Запуск Numba-оптимизированного бэктеста для FILUSDC-JUVUSDT
2026-01-20 07:36:36,608 - coint2.engine.numba_engine - INFO - Запуск Numba-оптимизированного бэктеста для DOTUSDT-KUBUSDT
2026-01-20 07:36:36,611 - coint2.engine.numba_engine - INFO - Запуск Numba-оптимизированного бэктеста для ETCUSDT-JUVUSDT
2026-01-20 07:36:36,621 - coint2.engine.numba_engine - INFO - Запуск Numba-оптимизированного бэктеста для FILUSDT-JUVUSDT
2026-01-20 07:36:36,631 - coint2.engine.numba_engine - INFO - Запуск Numba-оптимизированного бэктеста для FTTUSDT-KSMUSDT
2026-01-20 07:36:36,638 - WARNING - ❌ Ошибка обработки пары AAVEUSDT-GALFTUSDT: division by zero
2026-01-20 07:36:36,644 - coint2.engine.numba_engine - INFO - Запуск Numba-оптимизированного бэктеста для DOTUSDC-KUBUSDT
2026-01-20 07:36:36,646 - coint2.engine.numba_engine - INFO - Запуск Numba-оптимизированного бэктеста для ETHUSDC-ETHUSDT
2026-01-20 07:36:36,648 - coint2.engine.numba_engine - INFO - Запуск Numba-оптимизированного бэктеста для AXSUSDT-KUBUSDT
2026-01-20 07:36:36,653 - coint2.engine.numba_engine - INFO - Запуск Numba-оптимизированного бэктеста для FLOWUSDT-IZIUSDT
2026-01-20 07:36:36,667 - coint2.engine.numba_engine - INFO - Запуск Numba-оптимизированного бэктеста для AFCUSDT-CITYUSDT
2026-01-20 07:36:36,672 - coint2.engine.numba_engine - INFO - Запуск Numba-оптимизированного бэктеста для CAKEUSDT-FIDAUSDT
2026-01-20 07:36:36,675 - coint2.engine.numba_engine - INFO - Запуск Numba-оптимизированного бэктеста для APEUSDT-HFTUSDC
2026-01-20 07:36:36,681 - coint2.engine.numba_engine - INFO - Запуск Numba-оптимизированного бэктеста для DOTUSDC-FTTUSDT
2026-01-20 07:36:36,690 - coint2.engine.numba_engine - INFO - Запуск Numba-оптимизированного бэктеста для BICOUSDT-KASTAUSDT
2026-01-20 07:36:36,690 - coint2.engine.numba_engine - INFO - Запуск Numba-оптимизированного бэктеста для GALFTUSDT-HVHUSDT
2026-01-20 07:36:36,695 - coint2.engine.numba_engine - INFO - Запуск Numba-оптимизированного бэктеста для ARTYUSDT-KUBUSDT
2026-01-20 07:36:36,697 - coint2.engine.numba_engine - INFO - Запуск Numba-оптимизированного бэктеста для HOOKUSDT-ICXUSDT
2026-01-20 07:36:36,701 - coint2.engine.numba_engine - INFO - 🔍 ДИАГНОСТИКА GALFTUSDT-HVHUSDT:
2026-01-20 07:36:36,702 - coint2.engine.numba_engine - INFO -    entry_threshold: 0.95
2026-01-20 07:36:36,702 - coint2.engine.numba_engine - INFO -    exit_threshold: 0.08
2026-01-20 07:36:36,702 - coint2.engine.numba_engine - INFO -    Макс |z_score|: 22.1101
2026-01-20 07:36:36,702 - coint2.engine.numba_engine - INFO -    Позиций != 0: 26
2026-01-20 07:36:36,702 - coint2.engine.numba_engine - INFO -    Изменений позиций: 53
2026-01-20 07:36:36,702 - coint2.engine.numba_engine - INFO -    PnL сумма: 4.7133
2026-01-20 07:36:36,703 - coint2.engine.numba_engine - INFO -    Первые 10 z_scores: [1.0149729  0.89775175 0.88267124 0.7178458  0.70639974 0.05912989
 0.25585455 0.2545332  0.11229683 0.16204534]
2026-01-20 07:36:36,703 - coint2.engine.numba_engine - INFO -    Превышают порог: 1200
2026-01-20 07:36:36,712 - coint2.engine.numba_engine - INFO - Запуск Numba-оптимизированного бэктеста для APEUSDT-HFTUSDT
2026-01-20 07:36:36,714 - coint2.engine.numba_engine - INFO - Запуск Numba-оптимизированного бэктеста для APEXUSDC-AVAUSDT
2026-01-20 07:36:36,717 - coint2.engine.numba_engine - INFO - Запуск Numba-оптимизированного бэктеста для FLOWUSDT-JUVUSDT
2026-01-20 07:36:36,717 - coint2.engine.numba_engine - INFO - Запуск Numba-оптимизированного бэктеста для DOTUSDT-FTTUSDT
2026-01-20 07:36:36,725 - coint2.engine.numba_engine - INFO - Запуск Numba-оптимизированного бэктеста для ATOMUSDT-GODSUSDT
2026-01-20 07:36:36,735 - coint2.engine.numba_engine - INFO - Запуск Numba-оптимизированного бэктеста для HOOKUSDT-KAVAUSDT
2026-01-20 07:36:36,737 - coint2.engine.numba_engine - INFO - Запуск Numba-оптимизированного бэктеста для ARTYUSDT-GENEUSDT
2026-01-20 07:36:36,740 - coint2.engine.numba_engine - INFO - Запуск Numba-оптимизированного бэктеста для APEUSDC-HFTUSDC
2026-01-20 07:36:36,748 - coint2.engine.numba_engine - INFO - Запуск Numba-оптимизированного бэктеста для APEXUSDT-AVAUSDT
2026-01-20 07:36:36,752 - coint2.engine.numba_engine - INFO - Запуск Numba-оптимизированного бэктеста для HNTUSDT-INTERUSDT
2026-01-20 07:36:36,760 - coint2.engine.numba_engine - INFO - Запуск Numba-оптимизированного бэктеста для GALFTUSDT-HBARUSDT
2026-01-20 07:36:36,762 - coint2.engine.numba_engine - INFO - Запуск Numba-оптимизированного бэктеста для CTCUSDT-DMAILUSDT
2026-01-20 07:36:36,771 - coint2.engine.numba_engine - INFO - Запуск Numba-оптимизированного бэктеста для AXLUSDT-FILUSDT
2026-01-20 07:36:36,783 - coint2.engine.numba_engine - INFO - Запуск Numba-оптимизированного бэктеста для CITYUSDT-KASTAUSDT
2026-01-20 07:36:36,792 - coint2.engine.numba_engine - INFO - Запуск Numba-оптимизированного бэктеста для APEUSDC-HFTUSDT
2026-01-20 07:36:36,793 - coint2.engine.numba_engine - INFO - Запуск Numba-оптимизированного бэктеста для BICOUSDT-ETHWUSDT
2026-01-20 07:36:36,796 - coint2.engine.numba_engine - INFO - Запуск Numba-оптимизированного бэктеста для CITYUSDT-GRTUSDT
2026-01-20 07:36:36,805 - coint2.engine.numba_engine - INFO - Запуск Numba-оптимизированного бэктеста для ARTYUSDT-KDAUSDT
2026-01-20 07:36:36,816 - coint2.engine.numba_engine - INFO - Запуск Numba-оптимизированного бэктеста для DMAILUSDT-GMTUSDC
2026-01-20 07:36:36,819 - coint2.engine.numba_engine - INFO - Запуск Numba-оптимизированного бэктеста для AFCUSDT-ANKRUSDT
2026-01-20 07:36:36,828 - coint2.engine.numba_engine - INFO - Запуск Numba-оптимизированного бэктеста для CELOUSDT-CGPTUSDT
2026-01-20 07:36:36,838 - coint2.engine.numba_engine - INFO - Запуск Numba-оптимизированного бэктеста для GALFTUSDT-GRTUSDT
2026-01-20 07:36:36,841 - coint2.engine.numba_engine - INFO - Запуск Numba-оптимизированного бэктеста для DMAILUSDT-GALFTUSDT
2026-01-20 07:36:36,850 - WARNING - ❌ Ошибка обработки пары DMAILUSDT-GALFTUSDT: division by zero
2026-01-20 07:36:36,850 - coint2.engine.numba_engine - INFO - Запуск Numba-оптимизированного бэктеста для DMAILUSDT-GMTUSDT
2026-01-20 07:36:36,860 - coint2.engine.numba_engine - INFO - Запуск Numba-оптимизированного бэктеста для APEUSDC-GODSUSDT
2026-01-20 07:36:36,861 - coint2.engine.numba_engine - INFO - Запуск Numba-оптимизированного бэктеста для ARKMUSDT-ARUSDT
2026-01-20 07:36:36,883 - coint2.engine.numba_engine - INFO - Запуск Numba-оптимизированного бэктеста для CELOUSDT-FITFIUSDT
2026-01-20 07:36:36,883 - coint2.engine.numba_engine - INFO - Запуск Numba-оптимизированного бэктеста для CTCUSDT-GALFTUSDT
2026-01-20 07:36:36,892 - WARNING - ❌ Ошибка обработки пары CTCUSDT-GALFTUSDT: division by zero
2026-01-20 07:36:36,902 - coint2.engine.numba_engine - INFO - Запуск Numba-оптимизированного бэктеста для APEUSDT-GODSUSDT
2026-01-20 07:36:36,926 - coint2.engine.numba_engine - INFO - Запуск Numba-оптимизированного бэктеста для C98USDT-CHZUSDC
2026-01-20 07:36:36,978 - INFO -   ⏱️ Параллельная обработка завершена за 0.5с (92.5 пар/с)
2026-01-20 07:36:36,996 - coint2.pipeline.walk_forward_orchestrator - INFO - 🎯 СИМУЛЯЦИЯ ПОРТФЕЛЯ: 47 пар, лимит 15 позиций
2026-01-20 07:36:37,513 - coint2.pipeline.walk_forward_orchestrator - INFO -    📈 Макс. одновременных сигналов: 7
2026-01-20 07:36:37,513 - coint2.pipeline.walk_forward_orchestrator - INFO -    📊 Средн. сигналов за период: 0.3
2026-01-20 07:36:37,514 - coint2.pipeline.walk_forward_orchestrator - INFO -    🎯 Финальных активных позиций: 0
2026-01-20 07:36:37,515 - coint2.pipeline.walk_forward_orchestrator - INFO -    ⚡ Утилизация лимита позиций: 1.9%
2026-01-20 07:36:37,515 - WARNING -   ⚠️ Ошибка обработки пары AAVEUSDT-GALFTUSDT: division by zero
2026-01-20 07:36:37,515 - WARNING -   ⚠️ Ошибка обработки пары DMAILUSDT-GALFTUSDT: division by zero
2026-01-20 07:36:37,515 - WARNING -   ⚠️ Ошибка обработки пары CTCUSDT-GALFTUSDT: division by zero
2026-01-20 07:36:37,515 - INFO - ⇠ WF-шаг 3/5 backtests — completed 50 items in 1.08s (46.4 items/s)
2026-01-20 07:36:37,515 - INFO -   ✅ Обработка завершена: 47 успешно, 3 с ошибками
2026-01-20 07:36:37,515 - INFO -   📊 Успешность: 94.0%, прибыльность: 70.2%, сделок/пара: 8.8
2026-01-20 07:36:37,515 - INFO -   ✅ Завершены бэктесты для 50 пар
2026-01-20 07:36:37,515 - INFO -   📊 Всего обработано пар в этом шаге: 50
2026-01-20 07:36:37,516 - INFO -   📈 Результаты шага: 33/50 прибыльных пар, 414 сделок
2026-01-20 07:36:37,516 - INFO -   💰 P&L шага: $+90.32
2026-01-20 07:36:37,516 - INFO -   ⇢ Обновление капитала и дневного P&L...
2026-01-20 07:36:38,883 - INFO -   💼 Шаг P&L: $+90.32, Накопленный капитал: $10,100.69
2026-01-20 07:36:38,884 - INFO - ------------------------------------------------------------
2026-01-20 07:36:38,884 - INFO -   Walk-forward steps: 3 / 5 (60.0%) | 0.0 items/s | ETA: 67.2s
2026-01-20 07:36:38,884 - INFO - 🔍 WF-шаг 4/5: Валидация временных окон...
2026-01-20 07:36:38,884 - INFO - ⇢ WF-шаг 4/5: training 2024-05-01-2024-07-29, testing 2024-07-30-2024-08-29 — start
2026-01-20 07:36:38,884 - INFO - ⇢ loading step data — start
2026-01-20 07:36:39,250 - INFO - ⇠ loading step data — done in 0.37s
2026-01-20 07:36:42,469 - INFO - 📊 WF-шаг 4/5: Границы данных:
2026-01-20 07:36:42,469 - INFO -    Training: 2024-05-01 00:00:00 → 2024-07-29 23:45:00 (8,640 строк × 475 символов)
2026-01-20 07:36:42,469 - INFO -    Testing:  2024-07-30 00:00:00 → 2024-08-29 00:00:00 (2,881 строк × 475 символов)
2026-01-20 07:36:42,469 - INFO -    Временной разрыв: 0 days 00:15:00
2026-01-20 07:36:42,529 - INFO - ⇢ normalizing training data — start
2026-01-20 07:36:42,587 - INFO -   Символы с NaN значениями: 89
2026-01-20 07:36:42,587 - INFO -   Применяем метод нормализации: rolling_zscore
2026-01-20 07:36:42,625 - INFO - Символы с недостаточной историей: 75 из 475
2026-01-20 07:36:43,491 - INFO - Символы с NaN после нормализации: 400
2026-01-20 07:36:43,501 - INFO - Удалено 1863 начальных строк с NaN от rolling расчетов
2026-01-20 07:36:43,505 - INFO - Итоговое количество символов после нормализации: 400 из 475
2026-01-20 07:36:43,505 - INFO -   Статистика нормализации:
2026-01-20 07:36:43,506 - INFO -     Исходные символы: 475
2026-01-20 07:36:43,506 - INFO -     Недостаточная история: 75
2026-01-20 07:36:43,506 - INFO -     Постоянная цена: 0
2026-01-20 07:36:43,506 - INFO -     NaN после нормализации: 400
2026-01-20 07:36:43,506 - INFO -     Итоговые символы: 400 (84.2%)
2026-01-20 07:36:43,506 - INFO -   После нормализации: 400 символов (потеряно 75)
2026-01-20 07:36:43,506 - INFO -   Отброшено много символов: 75 из 475
2026-01-20 07:36:43,506 - INFO - ⇠ normalizing training data — done in 0.98s
2026-01-20 07:36:43,506 - INFO -   Фиксированный universe: 250 пар (отфильтровано 0 недоступных)
2026-01-20 07:36:43,507 - INFO - ⇢ filtering pairs by cointegration and half-life — start
2026-01-20 07:36:43,507 - INFO - [ФИЛЬТР] Параллельная фильтрация: processes (8 workers)
⚙️  Загрузка данных за период: 2024-05-01 -> 2024-08-29
📂 Найдено 43 parquet файлов для обработки.
📊 Схема данных: Schema({'timestamp': Int64, 'open': Float64, 'high': Float64, 'low': Float64, 'close': Float64, 'volume': Float64, 'turnover': String, 'ts_ms': Int64, 'symbol': String})
✅ Загружено 4931437 записей с помощью Polars.
📊 Типы данных в pandas: timestamp       datetime64[us]
symbol                  object
close                  float64
timestamp_ms             int64
dtype: object
2026-01-20 07:37:10,799 - INFO - [ФИЛЬТР] После проверки данных: 250 пар
2026-01-20 07:37:10,799 - INFO - [ФИЛЬТР] После фильтра корреляции (>0.4): 217 пар
2026-01-20 07:37:10,799 - INFO - [ФИЛЬТР] После фильтра beta: 190 пар
2026-01-20 07:37:10,799 - INFO - [ФИЛЬТР] После фильтра mean crossings: 190 пар
2026-01-20 07:37:10,799 - INFO - [ФИЛЬТР] После фильтра half-life: 190 пар
2026-01-20 07:37:10,799 - INFO - [ФИЛЬТР] После фильтра коинтеграции: 102 пар
2026-01-20 07:37:10,799 - INFO - [ФИЛЬТР] После фильтра Hurst: 76 пар
2026-01-20 07:37:10,799 - INFO - [ФИЛЬТР] После фильтра KPSS: 76 пар
2026-01-20 07:37:10,799 - INFO - [ФИЛЬТР] После фильтра market microstructure: 76 пар
2026-01-20 07:37:10,799 - INFO - [ФИЛЬТР] Статистика фильтрации (оптимизированный порядок):
2026-01-20 07:37:10,799 - INFO -   1. SSD → Коинтеграция: 250 → 102 пар
2026-01-20 07:37:10,799 - INFO -   2. Коинтеграция → Beta: 102 → 190 пар
2026-01-20 07:37:10,799 - INFO -   3. Beta → Half-life: 190 → 190 пар
2026-01-20 07:37:10,799 - INFO -   4. Half-life → Mean crossings: 190 → 190 пар
2026-01-20 07:37:10,799 - INFO -   5. Mean crossings → Hurst: 190 → 76 пар
2026-01-20 07:37:10,799 - INFO -   6. Hurst → KPSS: 76 → 76 пар
2026-01-20 07:37:10,799 - INFO -   7. KPSS → Market microstructure: 76 → 76 пар
2026-01-20 07:37:10,799 - INFO - [ФИЛЬТР] Причины отсева:
2026-01-20 07:37:10,799 - INFO -   • pvalue: 88 пар (35.2%)
2026-01-20 07:37:10,799 - INFO -   • low_correlation: 33 пар (13.2%)
2026-01-20 07:37:10,799 - INFO -   • beta: 27 пар (10.8%)
2026-01-20 07:37:10,799 - INFO -   • hurst: 26 пар (10.4%)
2026-01-20 07:37:10,799 - INFO - [ФИЛЬТР] Итого: 250 → 76 пар (30.4% прошли все фильтры)
2026-01-20 07:37:10,801 - INFO - Причины отсева сохранены в results/filter_reasons_20260120_073710.csv
2026-01-20 07:37:10,801 - INFO -   Pair stability filter: 76 → 66 (window=2, min_steps=1, history=3)
2026-01-20 07:37:10,802 - INFO -   Фильтрация: 250 → 66 пар
2026-01-20 07:37:10,802 - INFO - ⇠ filtering pairs by cointegration and half-life — done in 27.30s
2026-01-20 07:37:10,802 - INFO - ⇠ WF-шаг 4/5: training 2024-05-01-2024-07-29, testing 2024-07-30-2024-08-29 — done in 31.92s
2026-01-20 07:37:10,802 - INFO -   Ограничение max_pairs=50: 66 → 50
2026-01-20 07:37:10,802 - INFO -   Топ-3 пары по волатильности спреда:
2026-01-20 07:37:10,802 - INFO -     1. BTCDAI-BTCEUR: beta=1.0982, std=452.6966
2026-01-20 07:37:10,802 - INFO -     2. BTCUSDC-BTCUSDT: beta=1.0003, std=30.5203
2026-01-20 07:37:10,802 - INFO -     3. ETHDAI-ETHEUR: beta=1.0858, std=24.7639
2026-01-20 07:37:10,802 - INFO -   Всего пар для торговли: 50 (ограничение 15 применяется к одновременно открытым позициям)
2026-01-20 07:37:10,802 - INFO -   💰 Проверка расчета капитала: equity=$10,100.69, кандидатных_пар=50, max_позиций=15
2026-01-20 07:37:10,802 - INFO -   🎯 Target concurrency: 15 (ожидаемое одновременное число позиций)
2026-01-20 07:37:10,802 - INFO -   📊 Детали расчета капитала:
2026-01-20 07:37:10,802 - INFO -      • Базовый капитал на пару: $673.38 (equity / target_concurrency)
2026-01-20 07:37:10,802 - INFO -      • Риск-капитал: $151.51 (1.5% от equity)
2026-01-20 07:37:10,802 - INFO -      • Макс. размер позиции: $202.01 (2.0% от equity)
2026-01-20 07:37:10,802 - INFO -      • Итоговый капитал на пару: $151.51
2026-01-20 07:37:10,803 - INFO - ⇢ WF-шаг 4/5 backtests — starting 50 items
2026-01-20 07:37:10,803 - INFO - 🚀 WF-шаг 4/5: Начинаем бэктесты для 50 пар...
2026-01-20 07:37:10,803 - INFO - 🚀 WF-шаг 4/5: Запускаем параллельную обработку 50 пар на 8 ядрах...
2026-01-20 07:37:10,803 - INFO - 🚀 WF-шаг 4/5: Режим параллельности: процессы
2026-01-20 07:37:10,872 - coint2.engine.numba_engine - INFO - Запуск Numba-оптимизированного бэктеста для BTCDAI-BTCEUR
2026-01-20 07:37:10,909 - coint2.engine.numba_engine - INFO - Запуск Numba-оптимизированного бэктеста для BTCUSDC-BTCUSDT
2026-01-20 07:37:10,945 - coint2.engine.numba_engine - INFO - Запуск Numba-оптимизированного бэктеста для ETHDAI-ETHEUR
2026-01-20 07:37:10,955 - coint2.engine.numba_engine - INFO - Запуск Numba-оптимизированного бэктеста для AXSUSDT-KUBUSDT
2026-01-20 07:37:10,978 - coint2.engine.numba_engine - INFO - Запуск Numba-оптимизированного бэктеста для APEXUSDT-AVAUSDT
2026-01-20 07:37:10,982 - coint2.engine.numba_engine - INFO - Запуск Numba-оптимизированного бэктеста для ETCUSDT-JUVUSDT
2026-01-20 07:37:10,992 - coint2.engine.numba_engine - INFO - Запуск Numba-оптимизированного бэктеста для GALFTUSDT-GRTUSDT
2026-01-20 07:37:11,002 - coint2.engine.numba_engine - INFO - Запуск Numba-оптимизированного бэктеста для CTCUSDT-GALFTUSDT
2026-01-20 07:37:11,015 - coint2.engine.numba_engine - INFO - Запуск Numba-оптимизированного бэктеста для CITYUSDT-GRTUSDT
2026-01-20 07:37:11,020 - coint2.engine.numba_engine - INFO - Запуск Numba-оптимизированного бэктеста для ETHUSDC-ETHUSDT
2026-01-20 07:37:11,026 - coint2.engine.numba_engine - INFO - Запуск Numba-оптимизированного бэктеста для CELOUSDT-FITFIUSDT
2026-01-20 07:37:11,028 - coint2.engine.numba_engine - INFO - Запуск Numba-оптимизированного бэктеста для ATOMUSDT-KDAUSDT
2026-01-20 07:37:11,039 - coint2.engine.numba_engine - INFO - Запуск Numba-оптимизированного бэктеста для DMAILUSDT-GALFTUSDT
2026-01-20 07:37:11,050 - coint2.engine.numba_engine - INFO - Запуск Numba-оптимизированного бэктеста для ALGOUSDT-GALFTUSDT
2026-01-20 07:37:11,051 - coint2.engine.numba_engine - INFO - Запуск Numba-оптимизированного бэктеста для CITYUSDT-KASTAUSDT
2026-01-20 07:37:11,056 - coint2.engine.numba_engine - INFO - Запуск Numba-оптимизированного бэктеста для CYBERUSDT-GALFTUSDT
2026-01-20 07:37:11,063 - coint2.engine.numba_engine - INFO - Запуск Numba-оптимизированного бэктеста для CBKUSDT-ENJUSDT
2026-01-20 07:37:11,063 - coint2.engine.numba_engine - INFO - Запуск Numba-оптимизированного бэктеста для DOTUSDC-KUBUSDT
2026-01-20 07:37:11,074 - coint2.engine.numba_engine - INFO - Запуск Numba-оптимизированного бэктеста для GMTUSDC-KAVAUSDT
2026-01-20 07:37:11,075 - coint2.engine.numba_engine - INFO - Запуск Numba-оптимизированного бэктеста для APEUSDT-HFTUSDT
2026-01-20 07:37:11,086 - coint2.engine.numba_engine - INFO - Запуск Numba-оптимизированного бэктеста для HFTUSDT-KDAUSDT
2026-01-20 07:37:11,086 - coint2.engine.numba_engine - INFO - Запуск Numba-оптимизированного бэктеста для FTTUSDT-KSMUSDT
2026-01-20 07:37:11,094 - coint2.engine.numba_engine - INFO - Запуск Numba-оптимизированного бэктеста для DOTUSDC-FTTUSDT
2026-01-20 07:37:11,098 - coint2.engine.numba_engine - INFO - Запуск Numba-оптимизированного бэктеста для GENEUSDT-KDAUSDT
2026-01-20 07:37:11,101 - coint2.engine.numba_engine - INFO - Запуск Numba-оптимизированного бэктеста для DOTUSDT-KUBUSDT
2026-01-20 07:37:11,110 - coint2.engine.numba_engine - INFO - Запуск Numba-оптимизированного бэктеста для APEUSDC-HFTUSDC
2026-01-20 07:37:11,110 - coint2.engine.numba_engine - INFO - Запуск Numba-оптимизированного бэктеста для GMTUSDT-KAVAUSDT
2026-01-20 07:37:11,125 - coint2.engine.numba_engine - INFO - Запуск Numba-оптимизированного бэктеста для ARTYUSDT-KUBUSDT
2026-01-20 07:37:11,126 - coint2.engine.numba_engine - INFO - Запуск Numba-оптимизированного бэктеста для HFTUSDC-KDAUSDT
2026-01-20 07:37:11,133 - coint2.engine.numba_engine - INFO - Запуск Numba-оптимизированного бэктеста для GENEUSDT-KUBUSDT
2026-01-20 07:37:11,138 - coint2.engine.numba_engine - INFO - Запуск Numba-оптимизированного бэктеста для DOTUSDT-FTTUSDT
2026-01-20 07:37:11,145 - coint2.engine.numba_engine - INFO - Запуск Numba-оптимизированного бэктеста для FILUSDT-JUVUSDT
2026-01-20 07:37:11,150 - coint2.engine.numba_engine - INFO - Запуск Numba-оптимизированного бэктеста для APEUSDC-HFTUSDT
2026-01-20 07:37:11,156 - coint2.engine.numba_engine - INFO - Запуск Numba-оптимизированного бэктеста для ALGOUSDT-IZIUSDT
2026-01-20 07:37:11,168 - coint2.engine.numba_engine - INFO - Запуск Numba-оптимизированного бэктеста для ARTYUSDT-KDAUSDT
2026-01-20 07:37:11,177 - coint2.engine.numba_engine - INFO - Запуск Numba-оптимизированного бэктеста для FILUSDC-JUVUSDT
2026-01-20 07:37:11,185 - coint2.engine.numba_engine - INFO - Запуск Numba-оптимизированного бэктеста для DMAILUSDT-GMTUSDC
2026-01-20 07:37:11,191 - coint2.engine.numba_engine - INFO - Запуск Numba-оптимизированного бэктеста для FLOWUSDT-HVHUSDT
2026-01-20 07:37:11,199 - coint2.engine.numba_engine - INFO - Запуск Numba-оптимизированного бэктеста для ARTYUSDT-GENEUSDT
2026-01-20 07:37:11,202 - coint2.engine.numba_engine - INFO - 🔍 ДИАГНОСТИКА FLOWUSDT-HVHUSDT:
2026-01-20 07:37:11,202 - coint2.engine.numba_engine - INFO -    entry_threshold: 0.95
2026-01-20 07:37:11,202 - coint2.engine.numba_engine - INFO -    exit_threshold: 0.08
2026-01-20 07:37:11,203 - coint2.engine.numba_engine - INFO -    Макс |z_score|: 6.9579
2026-01-20 07:37:11,203 - coint2.engine.numba_engine - INFO -    Позиций != 0: 1
2026-01-20 07:37:11,203 - coint2.engine.numba_engine - INFO -    Изменений позиций: 3
2026-01-20 07:37:11,203 - coint2.engine.numba_engine - INFO -    PnL сумма: 0.4502
2026-01-20 07:37:11,204 - coint2.engine.numba_engine - INFO -    Первые 10 z_scores: [-0.8493914  -1.3388989  -0.14289144  0.9125507   1.4988666   2.415785
  0.8939715   1.4904214   0.71968883  0.58437705]
2026-01-20 07:37:11,204 - coint2.engine.numba_engine - INFO -    Превышают порог: 1355
2026-01-20 07:37:11,215 - coint2.engine.numba_engine - INFO - Запуск Numba-оптимизированного бэктеста для DMAILUSDT-GMTUSDT
2026-01-20 07:37:11,221 - coint2.engine.numba_engine - INFO - Запуск Numba-оптимизированного бэктеста для HFTUSDT-KUBUSDT
2026-01-20 07:37:11,221 - coint2.engine.numba_engine - INFO - Запуск Numba-оптимизированного бэктеста для CELOUSDT-CGPTUSDT
2026-01-20 07:37:11,238 - coint2.engine.numba_engine - INFO - Запуск Numba-оптимизированного бэктеста для HFTUSDC-KUBUSDT
2026-01-20 07:37:11,244 - coint2.engine.numba_engine - INFO - Запуск Numba-оптимизированного бэктеста для CELOUSDT-FLOWUSDT
2026-01-20 07:37:11,248 - coint2.engine.numba_engine - INFO - Запуск Numba-оптимизированного бэктеста для APEXUSDC-AVAUSDT
2026-01-20 07:37:11,266 - coint2.engine.numba_engine - INFO - Запуск Numba-оптимизированного бэктеста для DOGEUSDC-JUVUSDT
2026-01-20 07:37:11,271 - coint2.engine.numba_engine - INFO - Запуск Numba-оптимизированного бэктеста для FLOWUSDT-IZIUSDT
2026-01-20 07:37:11,295 - coint2.engine.numba_engine - INFO - Запуск Numba-оптимизированного бэктеста для FLOWUSDT-JUVUSDT
2026-01-20 07:37:11,318 - coint2.engine.numba_engine - INFO - Запуск Numba-оптимизированного бэктеста для ALGOUSDT-APEXUSDC
2026-01-20 07:37:11,341 - coint2.engine.numba_engine - INFO - Запуск Numba-оптимизированного бэктеста для BATUSDT-CBKUSDT
2026-01-20 07:37:11,395 - INFO -   ⏱️ Параллельная обработка завершена за 0.6с (84.4 пар/с)
2026-01-20 07:37:11,414 - coint2.pipeline.walk_forward_orchestrator - INFO - 🎯 СИМУЛЯЦИЯ ПОРТФЕЛЯ: 50 пар, лимит 15 позиций
2026-01-20 07:37:11,940 - coint2.pipeline.walk_forward_orchestrator - INFO -    📈 Макс. одновременных сигналов: 24
2026-01-20 07:37:11,940 - coint2.pipeline.walk_forward_orchestrator - INFO -    📊 Средн. сигналов за период: 0.4
2026-01-20 07:37:11,940 - coint2.pipeline.walk_forward_orchestrator - INFO -    🎯 Финальных активных позиций: 0
2026-01-20 07:37:11,941 - coint2.pipeline.walk_forward_orchestrator - INFO -    ⚡ Утилизация лимита позиций: 2.4%
2026-01-20 07:37:11,942 - INFO - ⇠ WF-шаг 4/5 backtests — completed 50 items in 1.14s (43.9 items/s)
2026-01-20 07:37:11,942 - INFO -   ✅ Обработка завершена: 50 успешно, 0 с ошибками
2026-01-20 07:37:11,942 - INFO -   📊 Успешность: 100.0%, прибыльность: 58.0%, сделок/пара: 10.6
2026-01-20 07:37:11,942 - INFO -   ✅ Завершены бэктесты для 50 пар
2026-01-20 07:37:11,942 - INFO -   📊 Всего обработано пар в этом шаге: 50
2026-01-20 07:37:11,942 - INFO -   📈 Результаты шага: 29/50 прибыльных пар, 528 сделок
2026-01-20 07:37:11,942 - INFO -   💰 P&L шага: $+31.89
2026-01-20 07:37:11,942 - INFO -   ⇢ Обновление капитала и дневного P&L...
2026-01-20 07:37:13,437 - INFO -   💼 Шаг P&L: $+31.89, Накопленный капитал: $10,132.58
2026-01-20 07:37:13,437 - INFO - ------------------------------------------------------------
2026-01-20 07:37:13,437 - INFO -   Walk-forward steps: 4 / 5 (80.0%) | 0.0 items/s | ETA: 33.9s
2026-01-20 07:37:13,437 - INFO - 🔍 WF-шаг 5/5: Валидация временных окон...
2026-01-20 07:37:13,438 - INFO - ⇢ WF-шаг 5/5: training 2024-05-31-2024-08-28, testing 2024-08-29-2024-09-28 — start
2026-01-20 07:37:13,438 - INFO - ⇢ loading step data — start
2026-01-20 07:37:13,813 - INFO - ⇠ loading step data — done in 0.38s
2026-01-20 07:37:17,287 - INFO - 📊 WF-шаг 5/5: Границы данных:
2026-01-20 07:37:17,287 - INFO -    Training: 2024-05-31 00:00:00 → 2024-08-28 23:45:00 (8,640 строк × 492 символов)
2026-01-20 07:37:17,287 - INFO -    Testing:  2024-08-29 00:00:00 → 2024-09-28 00:00:00 (2,881 строк × 492 символов)
2026-01-20 07:37:17,287 - INFO -    Временной разрыв: 0 days 00:15:00
2026-01-20 07:37:17,350 - INFO - ⇢ normalizing training data — start
2026-01-20 07:37:17,410 - INFO -   Символы с NaN значениями: 90
2026-01-20 07:37:17,410 - INFO -   Применяем метод нормализации: rolling_zscore
2026-01-20 07:37:17,442 - INFO - Символы с недостаточной историей: 73 из 492
2026-01-20 07:37:18,349 - INFO - Символы с NaN после нормализации: 419
2026-01-20 07:37:18,361 - INFO - Удалено 1661 начальных строк с NaN от rolling расчетов
2026-01-20 07:37:18,365 - INFO - Итоговое количество символов после нормализации: 419 из 492
2026-01-20 07:37:18,370 - INFO -   Статистика нормализации:
2026-01-20 07:37:18,371 - INFO -     Исходные символы: 492
2026-01-20 07:37:18,371 - INFO -     Недостаточная история: 73
2026-01-20 07:37:18,371 - INFO -     Постоянная цена: 0
2026-01-20 07:37:18,371 - INFO -     NaN после нормализации: 419
2026-01-20 07:37:18,371 - INFO -     Итоговые символы: 419 (85.2%)
2026-01-20 07:37:18,371 - INFO -   После нормализации: 419 символов (потеряно 73)
2026-01-20 07:37:18,371 - INFO -   Отброшено много символов: 73 из 492
2026-01-20 07:37:18,371 - INFO - ⇠ normalizing training data — done in 1.02s
2026-01-20 07:37:18,371 - INFO -   Фиксированный universe: 250 пар (отфильтровано 0 недоступных)
2026-01-20 07:37:18,372 - INFO - ⇢ filtering pairs by cointegration and half-life — start
2026-01-20 07:37:18,372 - INFO - [ФИЛЬТР] Параллельная фильтрация: processes (8 workers)
⚙️  Загрузка данных за период: 2024-05-31 -> 2024-09-28
📂 Найдено 43 parquet файлов для обработки.
📊 Схема данных: Schema({'timestamp': Int64, 'open': Float64, 'high': Float64, 'low': Float64, 'close': Float64, 'volume': Float64, 'turnover': String, 'ts_ms': Int64, 'symbol': String})
✅ Загружено 5190250 записей с помощью Polars.
📊 Типы данных в pandas: timestamp       datetime64[us]
symbol                  object
close                  float64
timestamp_ms             int64
dtype: object
2026-01-20 07:37:45,295 - INFO - [ФИЛЬТР] После проверки данных: 250 пар
2026-01-20 07:37:45,295 - INFO - [ФИЛЬТР] После фильтра корреляции (>0.4): 211 пар
2026-01-20 07:37:45,295 - INFO - [ФИЛЬТР] После фильтра beta: 180 пар
2026-01-20 07:37:45,295 - INFO - [ФИЛЬТР] После фильтра mean crossings: 180 пар
2026-01-20 07:37:45,295 - INFO - [ФИЛЬТР] После фильтра half-life: 180 пар
2026-01-20 07:37:45,295 - INFO - [ФИЛЬТР] После фильтра коинтеграции: 102 пар
2026-01-20 07:37:45,295 - INFO - [ФИЛЬТР] После фильтра Hurst: 77 пар
2026-01-20 07:37:45,295 - INFO - [ФИЛЬТР] После фильтра KPSS: 77 пар
2026-01-20 07:37:45,295 - INFO - [ФИЛЬТР] После фильтра market microstructure: 77 пар
2026-01-20 07:37:45,295 - INFO - [ФИЛЬТР] Статистика фильтрации (оптимизированный порядок):
2026-01-20 07:37:45,295 - INFO -   1. SSD → Коинтеграция: 250 → 102 пар
2026-01-20 07:37:45,295 - INFO -   2. Коинтеграция → Beta: 102 → 180 пар
2026-01-20 07:37:45,295 - INFO -   3. Beta → Half-life: 180 → 180 пар
2026-01-20 07:37:45,295 - INFO -   4. Half-life → Mean crossings: 180 → 180 пар
2026-01-20 07:37:45,295 - INFO -   5. Mean crossings → Hurst: 180 → 77 пар
2026-01-20 07:37:45,295 - INFO -   6. Hurst → KPSS: 77 → 77 пар
2026-01-20 07:37:45,296 - INFO -   7. KPSS → Market microstructure: 77 → 77 пар
2026-01-20 07:37:45,296 - INFO - [ФИЛЬТР] Причины отсева:
2026-01-20 07:37:45,296 - INFO -   • pvalue: 78 пар (31.2%)
2026-01-20 07:37:45,296 - INFO -   • low_correlation: 39 пар (15.6%)
2026-01-20 07:37:45,296 - INFO -   • beta: 31 пар (12.4%)
2026-01-20 07:37:45,296 - INFO -   • hurst: 25 пар (10.0%)
2026-01-20 07:37:45,296 - INFO - [ФИЛЬТР] Итого: 250 → 77 пар (30.8% прошли все фильтры)
2026-01-20 07:37:45,297 - INFO - Причины отсева сохранены в results/filter_reasons_20260120_073745.csv
2026-01-20 07:37:45,298 - INFO -   Pair stability filter: 77 → 52 (window=2, min_steps=1, history=4)
2026-01-20 07:37:45,298 - INFO -   Фильтрация: 250 → 52 пар
2026-01-20 07:37:45,298 - INFO - ⇠ filtering pairs by cointegration and half-life — done in 26.93s
2026-01-20 07:37:45,298 - INFO - ⇠ WF-шаг 5/5: training 2024-05-31-2024-08-28, testing 2024-08-29-2024-09-28 — done in 31.86s
2026-01-20 07:37:45,298 - INFO -   Ограничение max_pairs=50: 52 → 50
2026-01-20 07:37:45,298 - INFO -   Топ-3 пары по волатильности спреда:
2026-01-20 07:37:45,298 - INFO -     1. BTCDAI-BTCEUR: beta=1.0139, std=689.5404
2026-01-20 07:37:45,298 - INFO -     2. ETHDAI-ETHEUR: beta=1.0258, std=27.1640
2026-01-20 07:37:45,298 - INFO -     3. INJUSDT-KSMUSDT: beta=0.6715, std=2.1131
2026-01-20 07:37:45,298 - INFO -   Всего пар для торговли: 50 (ограничение 15 применяется к одновременно открытым позициям)
2026-01-20 07:37:45,299 - INFO -   💰 Проверка расчета капитала: equity=$10,132.58, кандидатных_пар=50, max_позиций=15
2026-01-20 07:37:45,299 - INFO -   🎯 Target concurrency: 15 (ожидаемое одновременное число позиций)
2026-01-20 07:37:45,299 - INFO -   📊 Детали расчета капитала:
2026-01-20 07:37:45,299 - INFO -      • Базовый капитал на пару: $675.51 (equity / target_concurrency)
2026-01-20 07:37:45,299 - INFO -      • Риск-капитал: $151.99 (1.5% от equity)
2026-01-20 07:37:45,299 - INFO -      • Макс. размер позиции: $202.65 (2.0% от equity)
2026-01-20 07:37:45,299 - INFO -      • Итоговый капитал на пару: $151.99
2026-01-20 07:37:45,299 - INFO - ⇢ WF-шаг 5/5 backtests — starting 50 items
2026-01-20 07:37:45,299 - INFO - 🚀 WF-шаг 5/5: Начинаем бэктесты для 50 пар...
2026-01-20 07:37:45,299 - INFO - 🚀 WF-шаг 5/5: Запускаем параллельную обработку 50 пар на 8 ядрах...
2026-01-20 07:37:45,299 - INFO - 🚀 WF-шаг 5/5: Режим параллельности: процессы
2026-01-20 07:37:45,366 - coint2.engine.numba_engine - INFO - Запуск Numba-оптимизированного бэктеста для BTCDAI-BTCEUR
2026-01-20 07:37:45,402 - coint2.engine.numba_engine - INFO - Запуск Numba-оптимизированного бэктеста для ETHDAI-ETHEUR
2026-01-20 07:37:45,439 - coint2.engine.numba_engine - INFO - Запуск Numba-оптимизированного бэктеста для INJUSDT-KSMUSDT
2026-01-20 07:37:45,447 - coint2.engine.numba_engine - INFO - Запуск Numba-оптимизированного бэктеста для GALFTUSDT-HVHUSDT
2026-01-20 07:37:45,459 - coint2.engine.numba_engine - INFO - 🔍 ДИАГНОСТИКА GALFTUSDT-HVHUSDT:
2026-01-20 07:37:45,459 - coint2.engine.numba_engine - INFO -    entry_threshold: 0.95
2026-01-20 07:37:45,460 - coint2.engine.numba_engine - INFO -    exit_threshold: 0.08
2026-01-20 07:37:45,460 - coint2.engine.numba_engine - INFO -    Макс |z_score|: 53.8784
2026-01-20 07:37:45,460 - coint2.engine.numba_engine - INFO -    Позиций != 0: 7
2026-01-20 07:37:45,460 - coint2.engine.numba_engine - INFO -    Изменений позиций: 15
2026-01-20 07:37:45,460 - coint2.engine.numba_engine - INFO -    PnL сумма: -4.3486
2026-01-20 07:37:45,461 - coint2.engine.numba_engine - INFO -    Первые 10 z_scores: [-0.7682896  -0.6592879  -0.5004639  -0.558713   -0.51350254 -0.48972172
 -0.42940226 -0.43437722 -0.41184348 -0.39054438]
2026-01-20 07:37:45,461 - coint2.engine.numba_engine - INFO -    Превышают порог: 1343
2026-01-20 07:37:45,473 - coint2.engine.numba_engine - INFO - Запуск Numba-оптимизированного бэктеста для CBKUSDT-ENJUSDT
2026-01-20 07:37:45,474 - coint2.engine.numba_engine - INFO - Запуск Numba-оптимизированного бэктеста для ETCUSDT-JUVUSDT
2026-01-20 07:37:45,488 - coint2.engine.numba_engine - INFO - Запуск Numba-оптимизированного бэктеста для FTTUSDT-KCSUSDT
2026-01-20 07:37:45,497 - coint2.engine.numba_engine - INFO - Запуск Numba-оптимизированного бэктеста для GENEUSDT-KDAUSDT
2026-01-20 07:37:45,510 - coint2.engine.numba_engine - INFO - Запуск Numba-оптимизированного бэктеста для APEXUSDC-AVAUSDT
2026-01-20 07:37:45,511 - coint2.engine.numba_engine - INFO - Запуск Numba-оптимизированного бэктеста для DMAILUSDT-GMTUSDC
2026-01-20 07:37:45,519 - coint2.engine.numba_engine - INFO - Запуск Numba-оптимизированного бэктеста для ARTYUSDT-CRVUSDT
2026-01-20 07:37:45,519 - coint2.engine.numba_engine - INFO - Запуск Numba-оптимизированного бэктеста для C98USDT-CHZUSDT
2026-01-20 07:37:45,533 - coint2.engine.numba_engine - INFO - Запуск Numba-оптимизированного бэктеста для HOOKUSDT-KAVAUSDT
2026-01-20 07:37:45,542 - coint2.engine.numba_engine - INFO - Запуск Numba-оптимизированного бэктеста для DMAILUSDT-GMTUSDT
2026-01-20 07:37:45,542 - coint2.engine.numba_engine - INFO - Запуск Numba-оптимизированного бэктеста для GMTUSDC-KAVAUSDT
2026-01-20 07:37:45,547 - coint2.engine.numba_engine - INFO - Запуск Numba-оптимизированного бэктеста для FILUSDC-JUVUSDT
2026-01-20 07:37:45,554 - coint2.engine.numba_engine - INFO - Запуск Numba-оптимизированного бэктеста для ARTYUSDT-GENEUSDT
2026-01-20 07:37:45,555 - coint2.engine.numba_engine - INFO - Запуск Numba-оптимизированного бэктеста для BATUSDT-CBKUSDT
2026-01-20 07:37:45,564 - coint2.engine.numba_engine - INFO - Запуск Numba-оптимизированного бэктеста для ADAUSDC-KUBUSDT
2026-01-20 07:37:45,565 - coint2.engine.numba_engine - INFO - Запуск Numba-оптимизированного бэктеста для FITFIUSDT-JUVUSDT
2026-01-20 07:37:45,576 - coint2.engine.numba_engine - INFO - Запуск Numba-оптимизированного бэктеста для FLOWUSDT-HVHUSDT
2026-01-20 07:37:45,577 - coint2.engine.numba_engine - INFO - Запуск Numba-оптимизированного бэктеста для DOGEUSDC-JUVUSDT
2026-01-20 07:37:45,584 - coint2.engine.numba_engine - INFO - Запуск Numba-оптимизированного бэктеста для FILUSDT-JUVUSDT
2026-01-20 07:37:45,588 - coint2.engine.numba_engine - INFO - Запуск Numba-оптимизированного бэктеста для CHZUSDT-FILUSDC
2026-01-20 07:37:45,588 - coint2.engine.numba_engine - INFO - 🔍 ДИАГНОСТИКА FLOWUSDT-HVHUSDT:
2026-01-20 07:37:45,588 - coint2.engine.numba_engine - INFO -    entry_threshold: 0.95
2026-01-20 07:37:45,588 - coint2.engine.numba_engine - INFO -    exit_threshold: 0.08
2026-01-20 07:37:45,589 - coint2.engine.numba_engine - INFO -    Макс |z_score|: 4.7010
2026-01-20 07:37:45,589 - coint2.engine.numba_engine - INFO -    Позиций != 0: 4
2026-01-20 07:37:45,589 - coint2.engine.numba_engine - INFO -    Изменений позиций: 9
2026-01-20 07:37:45,589 - coint2.engine.numba_engine - INFO -    PnL сумма: 1.7326
2026-01-20 07:37:45,589 - coint2.engine.numba_engine - INFO - Запуск Numba-оптимизированного бэктеста для CTCUSDT-GALFTUSDT
2026-01-20 07:37:45,589 - coint2.engine.numba_engine - INFO -    Первые 10 z_scores: [1.3149515 2.1420898 2.8071206 1.6895965 1.5170032 0.6591689 1.1773024
 0.9560649 0.7745351 0.7264485]
2026-01-20 07:37:45,590 - coint2.engine.numba_engine - INFO -    Превышают порог: 1395
2026-01-20 07:37:45,600 - coint2.engine.numba_engine - INFO - Запуск Numba-оптимизированного бэктеста для DGBUSDT-JUVUSDT
2026-01-20 07:37:45,601 - coint2.engine.numba_engine - INFO - Запуск Numba-оптимизированного бэктеста для ADAUSDT-KUBUSDT
2026-01-20 07:37:45,610 - coint2.engine.numba_engine - INFO - Запуск Numba-оптимизированного бэктеста для BATUSDT-JUVUSDT
2026-01-20 07:37:45,612 - coint2.engine.numba_engine - INFO - Запуск Numba-оптимизированного бэктеста для CELOUSDT-CGPTUSDT
2026-01-20 07:37:45,621 - coint2.engine.numba_engine - INFO - Запуск Numba-оптимизированного бэктеста для CAKEUSDT-CITYUSDT
2026-01-20 07:37:45,627 - coint2.engine.numba_engine - INFO - Запуск Numba-оптимизированного бэктеста для ARTYUSDT-KUBUSDT
2026-01-20 07:37:45,634 - coint2.engine.numba_engine - INFO - Запуск Numba-оптимизированного бэктеста для CHZUSDT-FILUSDT
2026-01-20 07:37:45,635 - coint2.engine.numba_engine - INFO - Запуск Numba-оптимизированного бэктеста для ADAEUR-KUBUSDT
2026-01-20 07:37:45,651 - coint2.engine.numba_engine - INFO - Запуск Numba-оптимизированного бэктеста для FLOWUSDT-JUVUSDT
2026-01-20 07:37:45,657 - coint2.engine.numba_engine - INFO - Запуск Numba-оптимизированного бэктеста для CHZUSDC-FILUSDT
2026-01-20 07:37:45,667 - coint2.engine.numba_engine - INFO - Запуск Numba-оптимизированного бэктеста для ARTYUSDT-KDAUSDT
2026-01-20 07:37:45,667 - coint2.engine.numba_engine - INFO - Запуск Numba-оптимизированного бэктеста для ADAEUR-ADAUSDC
2026-01-20 07:37:45,673 - coint2.engine.numba_engine - INFO - Запуск Numba-оптимизированного бэктеста для CELOUSDT-FITFIUSDT
2026-01-20 07:37:45,679 - coint2.engine.numba_engine - INFO - Запуск Numba-оптимизированного бэктеста для CHRPUSDT-GALFTUSDT
2026-01-20 07:37:45,686 - WARNING - ❌ Ошибка обработки пары CAKEUSDT-CITYUSDT: division by zero
2026-01-20 07:37:45,692 - coint2.engine.numba_engine - INFO - Запуск Numba-оптимизированного бэктеста для AFCUSDT-CITYUSDT
2026-01-20 07:37:45,697 - coint2.engine.numba_engine - INFO - Запуск Numba-оптимизированного бэктеста для GMTUSDC-HOOKUSDT
2026-01-20 07:37:45,697 - coint2.engine.numba_engine - INFO - Запуск Numba-оптимизированного бэктеста для GODSUSDT-INJUSDT
2026-01-20 07:37:45,701 - WARNING - ❌ Ошибка обработки пары AFCUSDT-CITYUSDT: division by zero
2026-01-20 07:37:45,712 - coint2.engine.numba_engine - INFO - Запуск Numba-оптимизированного бэктеста для ALGOUSDT-GALFTUSDT
2026-01-20 07:37:45,720 - coint2.engine.numba_engine - INFO - Запуск Numba-оптимизированного бэктеста для AFGUSDT-FXSUSDT
2026-01-20 07:37:45,721 - coint2.engine.numba_engine - INFO - Запуск Numba-оптимизированного бэктеста для GENEUSDT-KUBUSDT
2026-01-20 07:37:45,736 - coint2.engine.numba_engine - INFO - Запуск Numba-оптимизированного бэктеста для GMTUSDT-HOOKUSDT
2026-01-20 07:37:45,744 - coint2.engine.numba_engine - INFO - Запуск Numba-оптимизированного бэктеста для C98USDT-CHZUSDC
2026-01-20 07:37:45,761 - coint2.engine.numba_engine - INFO - Запуск Numba-оптимизированного бэктеста для CHRPUSDT-ERTHAUSDT
2026-01-20 07:37:45,767 - coint2.engine.numba_engine - INFO - Запуск Numba-оптимизированного бэктеста для CGPTUSDT-GRTUSDT
2026-01-20 07:37:45,790 - coint2.engine.numba_engine - INFO - Запуск Numba-оптимизированного бэктеста для CAPSUSDT-GTAIUSDT
2026-01-20 07:37:45,843 - INFO -   ⏱️ Параллельная обработка завершена за 0.5с (91.9 пар/с)
2026-01-20 07:37:45,862 - coint2.pipeline.walk_forward_orchestrator - INFO - 🎯 СИМУЛЯЦИЯ ПОРТФЕЛЯ: 48 пар, лимит 15 позиций
2026-01-20 07:37:46,385 - coint2.pipeline.walk_forward_orchestrator - INFO -    📈 Макс. одновременных сигналов: 9
2026-01-20 07:37:46,385 - coint2.pipeline.walk_forward_orchestrator - INFO -    📊 Средн. сигналов за период: 0.3
2026-01-20 07:37:46,385 - coint2.pipeline.walk_forward_orchestrator - INFO -    🎯 Финальных активных позиций: 0
2026-01-20 07:37:46,386 - coint2.pipeline.walk_forward_orchestrator - INFO -    ⚡ Утилизация лимита позиций: 2.0%
2026-01-20 07:37:46,387 - WARNING -   ⚠️ Ошибка обработки пары AFCUSDT-CITYUSDT: division by zero
2026-01-20 07:37:46,387 - WARNING -   ⚠️ Ошибка обработки пары CAKEUSDT-CITYUSDT: division by zero
2026-01-20 07:37:46,387 - INFO - ⇠ WF-шаг 5/5 backtests — completed 50 items in 1.09s (46.0 items/s)
2026-01-20 07:37:46,387 - INFO -   ✅ Обработка завершена: 48 успешно, 2 с ошибками
2026-01-20 07:37:46,387 - INFO -   📊 Успешность: 96.0%, прибыльность: 60.4%, сделок/пара: 8.9
2026-01-20 07:37:46,387 - INFO -   ✅ Завершены бэктесты для 50 пар
2026-01-20 07:37:46,387 - INFO -   📊 Всего обработано пар в этом шаге: 50
2026-01-20 07:37:46,388 - INFO -   📈 Результаты шага: 29/50 прибыльных пар, 429 сделок
2026-01-20 07:37:46,388 - INFO -   💰 P&L шага: $+142.14
2026-01-20 07:37:46,388 - INFO -   ⇢ Обновление капитала и дневного P&L...
2026-01-20 07:37:48,224 - INFO -   💼 Шаг P&L: $+142.14, Накопленный капитал: $10,274.72
2026-01-20 07:37:48,224 - INFO - ------------------------------------------------------------
2026-01-20 07:37:48,224 - INFO -   Walk-forward steps: 5 / 5 (100.0%) | 0.0 items/s | ETA: 0.0s
2026-01-20 07:37:48,224 - INFO - ⇠ Walk-forward steps — completed 5 items in 170.19s (0.0 items/s)
2026-01-20 07:37:48,224 - INFO - ================================================================================
2026-01-20 07:37:48,224 - INFO - 🏁 Walk-forward анализ завершен!
2026-01-20 07:37:48,224 - INFO - ⏱️ Обработано 5 шагов за 2.9 секунд
2026-01-20 07:37:48,224 - INFO - 📊 Всего обработано пар за весь анализ: 250
2026-01-20 07:37:48,224 - INFO - 💰 Финальный капитал: $10,274.72 (было $10,000.00)
2026-01-20 07:37:48,224 - INFO - 📈 Общая доходность: +2.75% ($+274.72)
2026-01-20 07:37:48,224 - INFO - 📊 Всего сделок: 0
2026-01-20 07:37:48,224 - INFO - ================================================================================
2026-01-20 07:37:48,224 - INFO - ✓ Завершены все 5 WF-шагов
2026-01-20 07:37:48,224 - INFO - ⇢ Обработка финальных результатов и расчет метрик...
2026-01-20 07:37:48,224 - INFO - ⇢ processing final results — start
2026-01-20 07:37:48,225 - INFO -   ⇢ Агрегация данных P&L за 14405 торговых дней
2026-01-20 07:37:48,464 - INFO -   ⇢ Расчет базовых метрик производительности...
2026-01-20 07:37:48,464 - INFO -     📊 Данные для анализа: 14405 записей P&L, 14401 точек equity
2026-01-20 07:37:48,467 - INFO -   ⇢ Расчет расширенных метрик (волатильность, Calmar ratio, и др.)...
2026-01-20 07:37:48,467 - INFO -   ✅ Расширенные метрики рассчитаны: 6 показателей
2026-01-20 07:37:48,468 - INFO -   ⇢ Анализ статистики по 250 парам...
2026-01-20 07:37:48,470 - INFO - ✅ Рассчитаны метрики производительности (19 показателей)
2026-01-20 07:37:48,470 - INFO -   💰 Общий P&L: $+274.72
2026-01-20 07:37:48,470 - INFO -   📊 Sharpe Ratio: 3.592
2026-01-20 07:37:48,470 - INFO -   📉 Максимальная просадка: -6098.14%
2026-01-20 07:37:48,470 - INFO -   🔄 Всего сделок: 2269
2026-01-20 07:37:48,470 - INFO -   📈 Торгуемых пар: 120
2026-01-20 07:37:48,470 - INFO -   💸 Общие издержки: $120.43
2026-01-20 07:37:48,471 - coint2.metrics - INFO - Metric: total_pnl
2026-01-20 07:37:48,471 - coint2.metrics - INFO - Metric: sharpe_ratio_abs
2026-01-20 07:37:48,471 - coint2.metrics - INFO - Metric: max_drawdown_pct
2026-01-20 07:37:48,471 - coint2.metrics - INFO - Metric: total_trades
2026-01-20 07:37:48,471 - coint2.metrics - INFO - Metric: total_pairs_traded
2026-01-20 07:37:48,471 - coint2.metrics - INFO - Metric: total_costs
2026-01-20 07:37:48,472 - INFO - ⇠ processing final results — done in 0.25s
2026-01-20 07:37:48,472 - INFO - ⇢ Создание отчетов и сохранение результатов...
2026-01-20 07:37:48,472 - INFO - ⇢ generating reports — start
2026-01-20 07:37:48,472 - INFO -   ⇢ Создание отчета о производительности...
2026-01-20 07:37:55,072 - INFO -   ✓ Отчет о производительности создан
2026-01-20 07:37:55,072 - INFO -   ⇢ Сохранение данных в CSV файлы...
2026-01-20 07:37:55,074 - INFO - 📋 Метрики сохранены: artifacts/wfa/runs/20260121_relaxed8_nokpss_u250_search/stress_relaxed8_nokpss_20260121_pv0p2_hurst0p8_hl0p02_60_corr0p4_ssd50000_kpss1p0_w2m1_t90_fixed_u250_z0p95_exit0p08_hold120_cd120_maxpairs50/strategy_metrics.csv
2026-01-20 07:37:55,075 - INFO - 📈 Дневные P&L сохранены: artifacts/wfa/runs/20260121_relaxed8_nokpss_u250_search/stress_relaxed8_nokpss_20260121_pv0p2_hurst0p8_hl0p02_60_corr0p4_ssd50000_kpss1p0_w2m1_t90_fixed_u250_z0p95_exit0p08_hold120_cd120_maxpairs50/daily_pnl.csv (151 записей)
2026-01-20 07:37:55,127 - INFO - 💹 Кривая капитала сохранена: artifacts/wfa/runs/20260121_relaxed8_nokpss_u250_search/stress_relaxed8_nokpss_20260121_pv0p2_hurst0p8_hl0p02_60_corr0p4_ssd50000_kpss1p0_w2m1_t90_fixed_u250_z0p95_exit0p08_hold120_cd120_maxpairs50/equity_curve.csv (14401 точек)
2026-01-20 07:37:55,132 - INFO - 📋 Статистика сделок сохранена: artifacts/wfa/runs/20260121_relaxed8_nokpss_u250_search/stress_relaxed8_nokpss_20260121_pv0p2_hurst0p8_hl0p02_60_corr0p4_ssd50000_kpss1p0_w2m1_t90_fixed_u250_z0p95_exit0p08_hold120_cd120_maxpairs50/trade_statistics.csv (250 записей)
2026-01-20 07:37:55,132 - INFO - 🎉 Walk-Forward анализ полностью завершен!
2026-01-20 07:37:55,132 - INFO - 📊 Все отчеты и данные сохранены в: artifacts/wfa/runs/20260121_relaxed8_nokpss_u250_search/stress_relaxed8_nokpss_20260121_pv0p2_hurst0p8_hl0p02_60_corr0p4_ssd50000_kpss1p0_w2m1_t90_fixed_u250_z0p95_exit0p08_hold120_cd120_maxpairs50
2026-01-20 07:37:55,132 - INFO - 💼 Итоговый капитал: $10,274.72
2026-01-20 07:37:55,132 - INFO - ⏱️  Общее время выполнения: 9.8 секунд
2026-01-20 07:37:55,132 - INFO - ⇠ generating reports — done in 6.66s
2026-01-20 07:37:55,132 - coint2.core.memory_optimization - INFO - 🧹 Cleaning up global price data
2026-01-20 07:37:55,137 - coint2.core.memory_optimization - INFO - 📊 No global rolling stats to clean up
2026-01-20 07:37:55,138 - INFO - 🧹 Memory-mapped data cleaned up
2026-01-20 07:37:55,139 - INFO - ⇠ run_walk_forward_analysis — done in 186.07s
📊 Отчет сохранен: artifacts/wfa/runs/20260121_relaxed8_nokpss_u250_search/stress_relaxed8_nokpss_20260121_pv0p2_hurst0p8_hl0p02_60_corr0p4_ssd50000_kpss1p0_w2m1_t90_fixed_u250_z0p95_exit0p08_hold120_cd120_maxpairs50/CointegrationStrategy_performance_report.png
🎯 ============================================================
📊 ИТОГИ ТОРГОВОЙ СТРАТЕГИИ
🎯 ============================================================

💰 ФИНАНСОВЫЕ РЕЗУЛЬТАТЫ:
   • Общий P&L:                          275
   • Максимальная просадка:              -61
   • Средний дневной P&L:                  2

📈 МЕТРИКИ РИСКА:
   • Коэффициент Шарпа:               3.5919
   • Волатильность P&L:                 9.02
   • Процент прибыльных дней:         54.97%

🔄 ТОРГОВАЯ АКТИВНОСТЬ:
   • Всего торговых дней:                151
   • Всего сделок:                     2,269
   • Торгуемых пар:                      120
   • Сделок на пару:                     9.1
   • Успешность сделок:               0.16%

💸 РАСХОДЫ И ЭКСТРЕМУМЫ:
   • Общие расходы:                      120
   • Максимальная прибыль:                71
   • Максимальный убыток:                -37
   • Лучшая пара (P&L):                   56
   • Худшая пара (P&L):                  -11

📊 ОЦЕНКА СТРАТЕГИИ:
   ✅ ОТЛИЧНАЯ стратегия! Высокий Шарп и положительный результат

🎯 ============================================================

Annualized Sharpe Ratio: 3.5919490415331015
[run_wfa_fullcpu] end: 2026-01-20T07:37:56Z
