2026-01-18T10:48:39Z pending=4 statuses=['running', 'running', 'running', 'running']
2026-01-18T10:49:39Z pending=4 statuses=['running', 'running', 'running', 'running']
2026-01-18T10:50:39Z pending=4 statuses=['running', 'running', 'running', 'running']
2026-01-18T10:51:39Z pending=4 statuses=['running', 'running', 'running', 'running']
2026-01-18T10:52:39Z pending=4 statuses=['running', 'running', 'running', 'running']
2026-01-18T10:53:39Z pending=4 statuses=['running', 'running', 'running', 'running']
2026-01-18T10:54:39Z pending=3 statuses=['completed', 'running', 'running', 'running']
2026-01-18T10:55:39Z pending=3 statuses=['completed', 'running', 'running', 'running']
2026-01-18T10:56:39Z pending=3 statuses=['completed', 'running', 'running', 'running']
2026-01-18T10:57:39Z pending=3 statuses=['completed', 'running', 'running', 'running']
2026-01-18T10:58:39Z pending=3 statuses=['completed', 'running', 'running', 'running']
2026-01-18T10:59:39Z pending=3 statuses=['completed', 'running', 'running', 'running']
2026-01-18T11:00:39Z pending=3 statuses=['completed', 'running', 'running', 'running']
2026-01-18T11:01:39Z pending=3 statuses=['completed', 'running', 'running', 'running']
2026-01-18T11:02:39Z pending=3 statuses=['completed', 'running', 'running', 'running']
2026-01-18T11:03:39Z pending=3 statuses=['completed', 'running', 'running', 'running']
2026-01-18T11:04:39Z pending=3 statuses=['completed', 'running', 'running', 'running']
2026-01-18T11:05:39Z pending=3 statuses=['completed', 'running', 'running', 'running']
2026-01-18T11:06:39Z pending=3 statuses=['completed', 'running', 'running', 'running']
2026-01-18T11:07:39Z pending=3 statuses=['completed', 'running', 'running', 'running']
2026-01-18T11:08:39Z pending=3 statuses=['completed', 'running', 'running', 'running']
2026-01-18T11:09:39Z pending=3 statuses=['completed', 'running', 'running', 'running']
2026-01-18T11:10:39Z pending=2 statuses=['completed', 'completed', 'running', 'running']
2026-01-18T11:11:39Z pending=2 statuses=['completed', 'completed', 'running', 'running']
2026-01-18T11:12:39Z pending=2 statuses=['completed', 'completed', 'running', 'running']
2026-01-18T11:13:39Z pending=2 statuses=['completed', 'completed', 'running', 'running']
2026-01-18T11:14:39Z pending=2 statuses=['completed', 'completed', 'running', 'running']
2026-01-18T11:15:39Z pending=2 statuses=['completed', 'completed', 'running', 'running']
2026-01-18T11:16:39Z pending=2 statuses=['completed', 'completed', 'running', 'running']
2026-01-18T11:17:39Z pending=2 statuses=['completed', 'completed', 'running', 'running']
2026-01-18T11:18:39Z pending=2 statuses=['completed', 'completed', 'running', 'running']
2026-01-18T11:19:39Z pending=2 statuses=['completed', 'completed', 'running', 'running']
2026-01-18T11:20:39Z pending=2 statuses=['completed', 'completed', 'running', 'running']
2026-01-18T11:21:39Z pending=2 statuses=['completed', 'completed', 'running', 'running']
2026-01-18T11:22:39Z pending=2 statuses=['completed', 'completed', 'running', 'running']
2026-01-18T11:23:39Z pending=2 statuses=['completed', 'completed', 'running', 'running']
2026-01-18T11:24:39Z pending=2 statuses=['completed', 'completed', 'running', 'running']
2026-01-18T11:25:39Z pending=2 statuses=['completed', 'completed', 'running', 'running']
2026-01-18T11:26:39Z pending=1 statuses=['completed', 'completed', 'completed', 'running']
2026-01-18T11:27:39Z pending=1 statuses=['completed', 'completed', 'completed', 'running']
2026-01-18T11:28:39Z pending=1 statuses=['completed', 'completed', 'completed', 'running']
2026-01-18T11:29:39Z pending=1 statuses=['completed', 'completed', 'completed', 'running']
2026-01-18T11:30:39Z pending=1 statuses=['completed', 'completed', 'completed', 'running']
2026-01-18T11:31:39Z pending=1 statuses=['completed', 'completed', 'completed', 'running']
2026-01-18T11:32:39Z pending=1 statuses=['completed', 'completed', 'completed', 'running']
2026-01-18T11:33:39Z pending=1 statuses=['completed', 'completed', 'completed', 'running']
2026-01-18T11:34:39Z pending=1 statuses=['completed', 'completed', 'completed', 'running']
2026-01-18T11:35:39Z pending=1 statuses=['completed', 'completed', 'completed', 'running']
2026-01-18T11:36:39Z pending=1 statuses=['completed', 'completed', 'completed', 'running']
2026-01-18T11:37:39Z pending=1 statuses=['completed', 'completed', 'completed', 'running']
2026-01-18T11:38:39Z pending=1 statuses=['completed', 'completed', 'completed', 'running']
2026-01-18T11:39:39Z pending=1 statuses=['completed', 'completed', 'completed', 'running']
2026-01-18T11:40:39Z pending=0 statuses=['completed', 'completed', 'completed', 'completed']
2026-01-18T11:40:39Z queue complete, shutting down
