[run_wfa_queue] 2026-01-23T14:59:23Z cmd: /opt/coint4/coint4/run_wfa_fullcpu.sh configs/budget_20260123_1000_capsweep_oos20240101_20240630_top50_maxnot40_riskfine2_minnotgrid_maxpairsgrid/stress_relaxed8_nokpss_20260123_oos20240101_20240630_top50_z1p00_exit0p06_hold180_cd180_ms0p2_cap1000_maxnot40_risk0p021_minnot15_maxpairs15.yaml artifacts/wfa/runs/20260123_budget1000_oos20240101_20240630_top50_maxnot40_riskfine2_minnotgrid_maxpairsgrid/stress_relaxed8_nokpss_20260123_oos20240101_20240630_top50_z1p00_exit0p06_hold180_cd180_ms0p2_cap1000_maxnot40_risk0p021_minnot15_maxpairs15
[run_wfa_fullcpu] start: 2026-01-23T14:59:23Z
[run_wfa_fullcpu] os.cpu_count: 8
[run_wfa_fullcpu] worker_pid=13530
2026-01-23 14:59:27,049 - coint2.core.memory_optimization - INFO - ✅ BLAS threading limits set to 1 via threadpoolctl
2026-01-23 14:59:27,049 - coint2.core.memory_optimization - INFO - 🔧 Controlled libraries: openblas, openmp
2026-01-23 14:59:27,049 - coint2.core.memory_optimization - INFO - 🧵 Process threads: 2 → 2
2026-01-23 14:59:27,050 - coint2.core.memory_optimization - INFO - 📝 Set 11 environment variables
2026-01-23 14:59:27,390 - INFO - ✅ Параметры конфигурации валидны
2026-01-23 14:59:27,390 - INFO - 📝 Некоторые параметры были скорректированы:
2026-01-23 14:59:27,544 - INFO - 🔒 WFA: фиксированный universe из artifacts/universe/20260119_relaxed8_strict_preholdout_v2/pairs_universe.yaml (250 пар)
2026-01-23 14:59:27,546 - INFO -   Шаг 1: тренировка 2023-10-03-2023-12-31, тест 2024-01-01-2024-01-31
2026-01-23 14:59:27,547 - INFO -   Шаг 2: тренировка 2023-11-02-2024-01-30, тест 2024-01-31-2024-03-01
2026-01-23 14:59:27,547 - INFO -   Шаг 3: тренировка 2023-12-02-2024-02-29, тест 2024-03-01-2024-03-31
2026-01-23 14:59:27,547 - INFO -   Шаг 4: тренировка 2024-01-01-2024-03-30, тест 2024-03-31-2024-04-30
2026-01-23 14:59:27,547 - INFO -   Шаг 5: тренировка 2024-01-31-2024-04-29, тест 2024-04-30-2024-05-30
2026-01-23 14:59:27,547 - INFO -   Шаг 6: тренировка 2024-03-01-2024-05-29, тест 2024-05-30-2024-06-29
2026-01-23 14:59:27,547 - INFO -   Шаг 7: тренировка 2024-03-31-2024-06-28, тест 2024-06-29-2024-07-29
2026-01-23 14:59:27,547 - INFO - 📈 Запланировано 7 walk-forward шагов
2026-01-23 14:59:27,547 - INFO - ⛔ Ограничение WFA шагов: 7 → 3
2026-01-23 14:59:27,547 - WARNING - ⚠️ Маленький буфер между training и testing в шаге 1: 0 дней. Рекомендуется минимум 1 день.
2026-01-23 14:59:27,547 - WARNING - ⚠️ Маленький буфер между training и testing в шаге 2: 0 дней. Рекомендуется минимум 1 день.
2026-01-23 14:59:27,547 - WARNING - ⚠️ Маленький буфер между training и testing в шаге 3: 0 дней. Рекомендуется минимум 1 день.
2026-01-23 14:59:27,547 - INFO - ✅ Шаги успешно запланированы:
2026-01-23 14:59:27,547 - INFO -    Шаг 1: тренировка 2023-10-03-2023-12-31, тест 2024-01-01-2024-01-31
2026-01-23 14:59:27,547 - INFO -    Шаг 2: тренировка 2023-11-02-2024-01-30, тест 2024-01-31-2024-03-01
2026-01-23 14:59:27,547 - INFO -    Шаг 3: тренировка 2023-12-02-2024-02-29, тест 2024-03-01-2024-03-31
2026-01-23 14:59:27,547 - INFO - 🗂️ Consolidating price data for memory-mapped access...
2026-01-23 14:59:27,547 - INFO - 📊 Consolidating data range: 2023-09-28 → 2024-04-05
2026-01-23 14:59:27,547 - coint2.core.memory_optimization - INFO - 🔄 Consolidating price data from data_downloaded to .cache/consolidated_prices.parquet
2026-01-23 14:59:27,548 - INFO - ⇢ loading raw data for consolidation — start
2026-01-23 14:59:28,104 - INFO - ⇠ loading raw data for consolidation — done in 0.56s
2026-01-23 14:59:28,104 - INFO - ⇢ pivoting data to wide format — start
2026-01-23 14:59:32,027 - INFO - ⇠ pivoting data to wide format — done in 3.92s
2026-01-23 14:59:32,080 - coint2.core.memory_optimization - INFO - 📊 Consolidated data: 18241 rows × 366 symbols
2026-01-23 14:59:32,080 - coint2.core.memory_optimization - INFO - 💾 Memory usage: 26.9 MB
2026-01-23 14:59:32,081 - INFO - ⇢ writing consolidated Parquet file — start
2026-01-23 14:59:32,291 - INFO - ⇠ writing consolidated Parquet file — done in 0.21s
2026-01-23 14:59:32,292 - coint2.core.memory_optimization - INFO - ✅ Successfully consolidated data to .cache/consolidated_prices.parquet
2026-01-23 14:59:32,316 - coint2.core.memory_optimization - INFO - 🔄 Initializing memory-mapped price data from .cache/consolidated_prices.parquet
2026-01-23 14:59:32,317 - INFO - ⇢ loading memory-mapped data — start
2026-01-23 14:59:32,317 - coint2.core.memory_optimization - WARNING - ⚠️ memory_map не поддерживается в текущей версии pyarrow, fallback без mmap
2026-01-23 14:59:32,437 - INFO - ⇠ loading memory-mapped data — done in 0.12s
2026-01-23 14:59:32,446 - coint2.core.memory_optimization - INFO - 📊 Loaded 18241 rows × 366 symbols
2026-01-23 14:59:32,446 - coint2.core.memory_optimization - INFO - 💾 Memory usage: 26.9 MB (memory-mapped)
2026-01-23 14:59:32,448 - INFO - ✅ Memory-mapped data initialized successfully
2026-01-23 14:59:32,449 - INFO - ⇢ Walk-forward steps — starting 3 items
2026-01-23 14:59:32,449 - INFO - 📈 Инициализация equity кривой с первой тестовой даты: 2024-01-01 00:00:00
2026-01-23 14:59:32,449 - INFO - 🔍 WF-шаг 1/3: Валидация временных окон...
2026-01-23 14:59:32,450 - INFO - ⇢ WF-шаг 1/3: training 2023-10-03-2023-12-31, testing 2024-01-01-2024-01-31 — start
2026-01-23 14:59:32,450 - INFO - ⇢ loading step data — start
2026-01-23 14:59:32,674 - INFO - ⇠ loading step data — done in 0.22s
2026-01-23 14:59:34,763 - INFO - 📊 WF-шаг 1/3: Границы данных:
2026-01-23 14:59:34,763 - INFO -    Training: 2023-10-03 00:00:00 → 2023-12-31 23:45:00 (8,640 строк × 329 символов)
2026-01-23 14:59:34,763 - INFO -    Testing:  2024-01-01 00:00:00 → 2024-01-31 00:00:00 (2,881 строк × 329 символов)
2026-01-23 14:59:34,763 - INFO -    Временной разрыв: 0 days 00:15:00
2026-01-23 14:59:34,808 - INFO - ⇢ normalizing training data — start
2026-01-23 14:59:34,848 - INFO -   Символы с NaN значениями: 53
2026-01-23 14:59:34,848 - INFO -   Применяем метод нормализации: rolling_zscore
2026-01-23 14:59:34,875 - INFO - Символы с недостаточной историей: 50 из 329
2026-01-23 14:59:35,515 - INFO - Символы с NaN после нормализации: 279
2026-01-23 14:59:35,523 - INFO - Удалено 1577 начальных строк с NaN от rolling расчетов
2026-01-23 14:59:35,526 - INFO - Итоговое количество символов после нормализации: 279 из 329
2026-01-23 14:59:35,526 - INFO -   Статистика нормализации:
2026-01-23 14:59:35,526 - INFO -     Исходные символы: 329
2026-01-23 14:59:35,526 - INFO -     Недостаточная история: 50
2026-01-23 14:59:35,526 - INFO -     Постоянная цена: 0
2026-01-23 14:59:35,526 - INFO -     NaN после нормализации: 279
2026-01-23 14:59:35,526 - INFO -     Итоговые символы: 279 (84.8%)
2026-01-23 14:59:35,526 - INFO -   После нормализации: 279 символов (потеряно 50)
2026-01-23 14:59:35,527 - INFO -   Отброшено много символов: 50 из 329
2026-01-23 14:59:35,527 - INFO - ⇠ normalizing training data — done in 0.72s
2026-01-23 14:59:35,527 - INFO -   Фиксированный universe: 234 пар (отфильтровано 16 недоступных)
2026-01-23 14:59:35,527 - INFO - ⇢ filtering pairs by cointegration and half-life — start
2026-01-23 14:59:35,527 - INFO - [ФИЛЬТР] Параллельная фильтрация: threads (8 workers)
2026-01-23 14:59:41,432 - INFO - [ФИЛЬТР] После проверки данных: 212 пар
2026-01-23 14:59:41,432 - INFO - [ФИЛЬТР] После фильтра корреляции (>0.4): 163 пар
2026-01-23 14:59:41,432 - INFO - [ФИЛЬТР] После фильтра beta: 141 пар
2026-01-23 14:59:41,432 - INFO - [ФИЛЬТР] После фильтра mean crossings: 141 пар
2026-01-23 14:59:41,432 - INFO - [ФИЛЬТР] После фильтра half-life: 141 пар
2026-01-23 14:59:41,432 - INFO - [ФИЛЬТР] После фильтра коинтеграции: 63 пар
2026-01-23 14:59:41,432 - INFO - [ФИЛЬТР] После фильтра Hurst: 48 пар
2026-01-23 14:59:41,432 - INFO - [ФИЛЬТР] После фильтра KPSS: 48 пар
2026-01-23 14:59:41,432 - INFO - [ФИЛЬТР] После фильтра market microstructure: 44 пар
2026-01-23 14:59:41,432 - INFO - [ФИЛЬТР] Статистика фильтрации (оптимизированный порядок):
2026-01-23 14:59:41,432 - INFO -   1. SSD → Коинтеграция: 234 → 63 пар
2026-01-23 14:59:41,432 - INFO -   2. Коинтеграция → Beta: 63 → 141 пар
2026-01-23 14:59:41,432 - INFO -   3. Beta → Half-life: 141 → 141 пар
2026-01-23 14:59:41,432 - INFO -   4. Half-life → Mean crossings: 141 → 141 пар
2026-01-23 14:59:41,432 - INFO -   5. Mean crossings → Hurst: 141 → 48 пар
2026-01-23 14:59:41,432 - INFO -   6. Hurst → KPSS: 48 → 48 пар
2026-01-23 14:59:41,432 - INFO -   7. KPSS → Market microstructure: 48 → 44 пар
2026-01-23 14:59:41,432 - INFO - [ФИЛЬТР] Причины отсева:
2026-01-23 14:59:41,432 - INFO -   • pvalue: 78 пар (33.3%)
2026-01-23 14:59:41,432 - INFO -   • low_correlation: 49 пар (20.9%)
2026-01-23 14:59:41,432 - INFO -   • insufficient_data: 22 пар (9.4%)
2026-01-23 14:59:41,433 - INFO -   • beta: 22 пар (9.4%)
2026-01-23 14:59:41,433 - INFO -   • hurst: 15 пар (6.4%)
2026-01-23 14:59:41,433 - INFO -   • history: 4 пар (1.7%)
2026-01-23 14:59:41,433 - INFO - [ФИЛЬТР] Итого: 234 → 44 пар (18.8% прошли все фильтры)
2026-01-23 14:59:41,436 - INFO - Причины отсева сохранены в results/filter_reasons_20260123_145941.csv
2026-01-23 14:59:41,436 - INFO -   Pair stability filter: insufficient history (0 < 1), skip
2026-01-23 14:59:41,436 - INFO -   Фильтрация: 234 → 44 пар
2026-01-23 14:59:41,436 - INFO - ⇠ filtering pairs by cointegration and half-life — done in 5.91s
2026-01-23 14:59:41,436 - INFO - ⇠ WF-шаг 1/3: training 2023-10-03-2023-12-31, testing 2024-01-01-2024-01-31 — done in 8.99s
2026-01-23 14:59:41,436 - INFO -   Ограничение max_pairs=15: 44 → 15
2026-01-23 14:59:41,436 - INFO -   Топ-3 пары по волатильности спреда:
2026-01-23 14:59:41,436 - INFO -     1. BTCDAI-BTCEUR: beta=1.1665, std=409.8237
2026-01-23 14:59:41,436 - INFO -     2. ETHDAI-ETHEUR: beta=1.1882, std=22.0629
2026-01-23 14:59:41,436 - INFO -     3. BTCUSDC-BTCUSDT: beta=0.9998, std=13.3093
2026-01-23 14:59:41,436 - INFO -   Всего пар для торговли: 15 (ограничение 15 применяется к одновременно открытым позициям)
2026-01-23 14:59:41,437 - INFO -   💰 Проверка расчета капитала: equity=$1,000.00, кандидатных_пар=15, max_позиций=15
2026-01-23 14:59:41,437 - INFO -   🎯 Target concurrency: 15 (ожидаемое одновременное число позиций)
2026-01-23 14:59:41,437 - INFO -   📊 Детали расчета капитала:
2026-01-23 14:59:41,437 - INFO -      • Базовый капитал на пару: $66.67 (equity / target_concurrency)
2026-01-23 14:59:41,437 - INFO -      • Риск-капитал: $21.00 (2.1% от equity)
2026-01-23 14:59:41,437 - INFO -      • Макс. размер позиции: $50.00 (5.0% от equity)
2026-01-23 14:59:41,437 - INFO -      • Итоговый капитал на пару: $21.00
2026-01-23 14:59:41,437 - INFO - ⇢ WF-шаг 1/3 backtests — starting 15 items
2026-01-23 14:59:41,437 - INFO - 🚀 WF-шаг 1/3: Начинаем бэктесты для 15 пар...
2026-01-23 14:59:41,437 - INFO - 🚀 WF-шаг 1/3: Запускаем параллельную обработку 15 пар на 8 ядрах...
2026-01-23 14:59:41,437 - INFO - 🚀 WF-шаг 1/3: Режим параллельности: процессы
⚙️  Загрузка данных за период: 2023-09-28 -> 2024-04-05
📂 Найдено 43 parquet файлов для обработки.
📊 Схема данных: Schema({'timestamp': Int64, 'open': Float64, 'high': Float64, 'low': Float64, 'close': Float64, 'volume': Float64, 'turnover': String, 'ts_ms': Int64, 'symbol': String})
✅ Загружено 5719620 записей с помощью Polars.
📊 Типы данных в pandas: timestamp       datetime64[us]
symbol                  object
close                  float64
timestamp_ms             int64
dtype: object
⚙️  Загрузка данных за период: 2023-10-03 -> 2024-01-31
📂 Найдено 43 parquet файлов для обработки.
📊 Схема данных: Schema({'timestamp': Int64, 'open': Float64, 'high': Float64, 'low': Float64, 'close': Float64, 'volume': Float64, 'turnover': String, 'ts_ms': Int64, 'symbol': String})
✅ Загружено 3426589 записей с помощью Polars.
📊 Типы данных в pandas: timestamp       datetime64[us]
symbol                  object
close                  float64
timestamp_ms             int64
dtype: object
2026-01-23 14:59:41,501 - coint2.engine.numba_engine - INFO - Запуск Numba-оптимизированного бэктеста для BTCDAI-BTCEUR
2026-01-23 14:59:41,527 - coint2.engine.numba_engine - INFO - Запуск Numba-оптимизированного бэктеста для ETHDAI-ETHEUR
2026-01-23 14:59:41,553 - coint2.engine.numba_engine - INFO - Запуск Numba-оптимизированного бэктеста для BTCUSDC-BTCUSDT
2026-01-23 14:59:41,580 - coint2.engine.numba_engine - INFO - Запуск Numba-оптимизированного бэктеста для ETCUSDT-JUVUSDT
2026-01-23 14:59:41,583 - coint2.engine.numba_engine - INFO - Запуск Numba-оптимизированного бэктеста для APEUSDC-HFTUSDC
2026-01-23 14:59:41,610 - coint2.engine.numba_engine - INFO - Запуск Numba-оптимизированного бэктеста для ATOMUSDT-GODSUSDT
2026-01-23 14:59:41,611 - coint2.engine.numba_engine - INFO - Запуск Numba-оптимизированного бэктеста для APEUSDT-HFTUSDC
2026-01-23 14:59:41,637 - coint2.engine.numba_engine - INFO - Запуск Numba-оптимизированного бэктеста для ETHUSDC-ETHUSDT
2026-01-23 14:59:41,639 - coint2.engine.numba_engine - INFO - Запуск Numba-оптимизированного бэктеста для APEUSDC-HFTUSDT
2026-01-23 14:59:41,663 - coint2.engine.numba_engine - INFO - Запуск Numba-оптимизированного бэктеста для APEUSDT-HFTUSDT
2026-01-23 14:59:41,673 - coint2.engine.numba_engine - INFO - Запуск Numba-оптимизированного бэктеста для AXSUSDT-DOTUSDT
2026-01-23 14:59:41,690 - coint2.engine.numba_engine - INFO - Запуск Numba-оптимизированного бэктеста для AGLDUSDT-HFTUSDC
2026-01-23 14:59:41,693 - coint2.engine.numba_engine - INFO - Запуск Numba-оптимизированного бэктеста для AXSUSDT-DOTUSDC
2026-01-23 14:59:41,722 - coint2.engine.numba_engine - INFO - Запуск Numba-оптимизированного бэктеста для AGLDUSDT-HFTUSDT
2026-01-23 14:59:41,759 - coint2.engine.numba_engine - INFO - Запуск Numba-оптимизированного бэктеста для APEUSDC-ATOMUSDT
2026-01-23 14:59:41,810 - INFO -   ⏱️ Параллельная обработка завершена за 0.4с (40.4 пар/с)
2026-01-23 14:59:41,824 - coint2.pipeline.walk_forward_orchestrator - INFO - 🎯 СИМУЛЯЦИЯ ПОРТФЕЛЯ: 15 пар, лимит 15 позиций
2026-01-23 14:59:42,705 - coint2.pipeline.walk_forward_orchestrator - INFO -    📈 Макс. одновременных сигналов: 14
2026-01-23 14:59:42,705 - coint2.pipeline.walk_forward_orchestrator - INFO -    📊 Средн. сигналов за период: 6.3
2026-01-23 14:59:42,705 - coint2.pipeline.walk_forward_orchestrator - INFO -    🎯 Финальных активных позиций: 2
2026-01-23 14:59:42,706 - coint2.pipeline.walk_forward_orchestrator - INFO -    ⚡ Утилизация лимита позиций: 42.1%
2026-01-23 14:59:42,707 - INFO - ⇠ WF-шаг 1/3 backtests — completed 15 items in 1.27s (11.8 items/s)
2026-01-23 14:59:42,707 - INFO -   ✅ Обработка завершена: 15 успешно, 0 с ошибками
2026-01-23 14:59:42,707 - INFO -   📊 Успешность: 100.0%, прибыльность: 73.3%, сделок/пара: 52.7
2026-01-23 14:59:42,707 - INFO -   ✅ Завершены бэктесты для 15 пар
2026-01-23 14:59:42,707 - INFO -   📊 Всего обработано пар в этом шаге: 15
2026-01-23 14:59:42,707 - INFO -   📈 Результаты шага: 11/15 прибыльных пар, 790 сделок
2026-01-23 14:59:42,707 - INFO -   💰 P&L шага: $+445.33
2026-01-23 14:59:42,707 - INFO -   ⇢ Обновление капитала и дневного P&L...
2026-01-23 14:59:43,912 - INFO -   💼 Шаг P&L: $+445.33, Накопленный капитал: $1,445.33
2026-01-23 14:59:43,912 - INFO - ------------------------------------------------------------
2026-01-23 14:59:43,912 - INFO -   Walk-forward steps: 1 / 3 (33.3%) | 0.1 items/s | ETA: 22.9s
2026-01-23 14:59:43,912 - INFO - 🔍 WF-шаг 2/3: Валидация временных окон...
2026-01-23 14:59:43,913 - INFO - ⇢ WF-шаг 2/3: training 2023-11-02-2024-01-30, testing 2024-01-31-2024-03-01 — start
2026-01-23 14:59:43,913 - INFO - ⇢ loading step data — start
2026-01-23 14:59:44,196 - INFO - ⇠ loading step data — done in 0.28s
2026-01-23 14:59:46,102 - INFO - 📊 WF-шаг 2/3: Границы данных:
2026-01-23 14:59:46,102 - INFO -    Training: 2023-11-02 00:00:00 → 2024-01-30 23:45:00 (8,640 строк × 346 символов)
2026-01-23 14:59:46,102 - INFO -    Testing:  2024-01-31 00:00:00 → 2024-03-01 00:00:00 (2,881 строк × 346 символов)
2026-01-23 14:59:46,102 - INFO -    Временной разрыв: 0 days 00:15:00
2026-01-23 14:59:46,147 - INFO - ⇢ normalizing training data — start
2026-01-23 14:59:46,191 - INFO -   Символы с NaN значениями: 63
2026-01-23 14:59:46,191 - INFO -   Применяем метод нормализации: rolling_zscore
2026-01-23 14:59:46,216 - INFO - Символы с недостаточной историей: 58 из 346
2026-01-23 14:59:46,855 - INFO - Символы с NaN после нормализации: 288
2026-01-23 14:59:46,864 - INFO - Удалено 1193 начальных строк с NaN от rolling расчетов
2026-01-23 14:59:46,866 - INFO - Итоговое количество символов после нормализации: 288 из 346
2026-01-23 14:59:46,866 - INFO -   Статистика нормализации:
2026-01-23 14:59:46,866 - INFO -     Исходные символы: 346
2026-01-23 14:59:46,866 - INFO -     Недостаточная история: 58
2026-01-23 14:59:46,866 - INFO -     Постоянная цена: 0
2026-01-23 14:59:46,866 - INFO -     NaN после нормализации: 288
2026-01-23 14:59:46,866 - INFO -     Итоговые символы: 288 (83.2%)
2026-01-23 14:59:46,867 - INFO -   После нормализации: 288 символов (потеряно 58)
2026-01-23 14:59:46,867 - INFO -   Отброшено много символов: 58 из 346
2026-01-23 14:59:46,867 - INFO - ⇠ normalizing training data — done in 0.72s
2026-01-23 14:59:46,867 - INFO -   Фиксированный universe: 246 пар (отфильтровано 4 недоступных)
2026-01-23 14:59:46,867 - INFO - ⇢ filtering pairs by cointegration and half-life — start
2026-01-23 14:59:46,867 - INFO - [ФИЛЬТР] Параллельная фильтрация: threads (8 workers)
2026-01-23 14:59:52,800 - INFO - [ФИЛЬТР] После проверки данных: 218 пар
2026-01-23 14:59:52,801 - INFO - [ФИЛЬТР] После фильтра корреляции (>0.4): 122 пар
2026-01-23 14:59:52,801 - INFO - [ФИЛЬТР] После фильтра beta: 108 пар
2026-01-23 14:59:52,801 - INFO - [ФИЛЬТР] После фильтра mean crossings: 108 пар
2026-01-23 14:59:52,801 - INFO - [ФИЛЬТР] После фильтра half-life: 108 пар
2026-01-23 14:59:52,801 - INFO - [ФИЛЬТР] После фильтра коинтеграции: 72 пар
2026-01-23 14:59:52,801 - INFO - [ФИЛЬТР] После фильтра Hurst: 55 пар
2026-01-23 14:59:52,801 - INFO - [ФИЛЬТР] После фильтра KPSS: 55 пар
2026-01-23 14:59:52,801 - INFO - [ФИЛЬТР] После фильтра market microstructure: 49 пар
2026-01-23 14:59:52,801 - INFO - [ФИЛЬТР] Статистика фильтрации (оптимизированный порядок):
2026-01-23 14:59:52,801 - INFO -   1. SSD → Коинтеграция: 246 → 72 пар
2026-01-23 14:59:52,801 - INFO -   2. Коинтеграция → Beta: 72 → 108 пар
2026-01-23 14:59:52,801 - INFO -   3. Beta → Half-life: 108 → 108 пар
2026-01-23 14:59:52,801 - INFO -   4. Half-life → Mean crossings: 108 → 108 пар
2026-01-23 14:59:52,801 - INFO -   5. Mean crossings → Hurst: 108 → 55 пар
2026-01-23 14:59:52,801 - INFO -   6. Hurst → KPSS: 55 → 55 пар
2026-01-23 14:59:52,801 - INFO -   7. KPSS → Market microstructure: 55 → 49 пар
2026-01-23 14:59:52,801 - INFO - [ФИЛЬТР] Причины отсева:
2026-01-23 14:59:52,801 - INFO -   • low_correlation: 96 пар (39.0%)
2026-01-23 14:59:52,801 - INFO -   • pvalue: 36 пар (14.6%)
2026-01-23 14:59:52,801 - INFO -   • insufficient_data: 28 пар (11.4%)
2026-01-23 14:59:52,801 - INFO -   • hurst: 17 пар (6.9%)
2026-01-23 14:59:52,801 - INFO -   • beta: 14 пар (5.7%)
2026-01-23 14:59:52,801 - INFO -   • history: 6 пар (2.4%)
2026-01-23 14:59:52,801 - INFO - [ФИЛЬТР] Итого: 246 → 49 пар (19.9% прошли все фильтры)
2026-01-23 14:59:52,803 - INFO - Причины отсева сохранены в results/filter_reasons_20260123_145952.csv
2026-01-23 14:59:52,804 - INFO -   Pair stability filter: 49 → 31 (window=2, min_steps=1, history=1)
2026-01-23 14:59:52,804 - INFO -   Фильтрация: 246 → 31 пар
2026-01-23 14:59:52,804 - INFO - ⇠ filtering pairs by cointegration and half-life — done in 5.94s
2026-01-23 14:59:52,804 - INFO - ⇠ WF-шаг 2/3: training 2023-11-02-2024-01-30, testing 2024-01-31-2024-03-01 — done in 8.89s
2026-01-23 14:59:52,804 - INFO -   Ограничение max_pairs=15: 31 → 15
2026-01-23 14:59:52,804 - INFO -   Топ-3 пары по волатильности спреда:
2026-01-23 14:59:52,804 - INFO -     1. BTCDAI-BTCEUR: beta=1.1459, std=574.8675
2026-01-23 14:59:52,804 - INFO -     2. ETHDAI-ETHEUR: beta=1.1311, std=22.8903
2026-01-23 14:59:52,804 - INFO -     3. BTCUSDC-BTCUSDT: beta=0.9990, std=20.6114
2026-01-23 14:59:52,804 - INFO -   Всего пар для торговли: 15 (ограничение 15 применяется к одновременно открытым позициям)
2026-01-23 14:59:52,804 - INFO -   💰 Проверка расчета капитала: equity=$1,445.33, кандидатных_пар=15, max_позиций=15
2026-01-23 14:59:52,805 - INFO -   🎯 Target concurrency: 15 (ожидаемое одновременное число позиций)
2026-01-23 14:59:52,805 - INFO -   📊 Детали расчета капитала:
2026-01-23 14:59:52,805 - INFO -      • Базовый капитал на пару: $96.36 (equity / target_concurrency)
2026-01-23 14:59:52,805 - INFO -      • Риск-капитал: $30.35 (2.1% от equity)
2026-01-23 14:59:52,805 - INFO -      • Макс. размер позиции: $72.27 (5.0% от equity)
2026-01-23 14:59:52,805 - INFO -      • Итоговый капитал на пару: $30.35
2026-01-23 14:59:52,805 - INFO - ⇢ WF-шаг 2/3 backtests — starting 15 items
2026-01-23 14:59:52,805 - INFO - 🚀 WF-шаг 2/3: Начинаем бэктесты для 15 пар...
2026-01-23 14:59:52,805 - INFO - 🚀 WF-шаг 2/3: Запускаем параллельную обработку 15 пар на 8 ядрах...
2026-01-23 14:59:52,805 - INFO - 🚀 WF-шаг 2/3: Режим параллельности: процессы
⚙️  Загрузка данных за период: 2023-11-02 -> 2024-03-01
📂 Найдено 43 parquet файлов для обработки.
📊 Схема данных: Schema({'timestamp': Int64, 'open': Float64, 'high': Float64, 'low': Float64, 'close': Float64, 'volume': Float64, 'turnover': String, 'ts_ms': Int64, 'symbol': String})
✅ Загружено 3596229 записей с помощью Polars.
📊 Типы данных в pandas: timestamp       datetime64[us]
symbol                  object
close                  float64
timestamp_ms             int64
dtype: object
2026-01-23 14:59:52,872 - coint2.engine.numba_engine - INFO - Запуск Numba-оптимизированного бэктеста для BTCDAI-BTCEUR
2026-01-23 14:59:52,895 - coint2.engine.numba_engine - INFO - Запуск Numba-оптимизированного бэктеста для ETHDAI-ETHEUR
2026-01-23 14:59:52,928 - coint2.engine.numba_engine - INFO - Запуск Numba-оптимизированного бэктеста для BTCUSDC-BTCUSDT
2026-01-23 14:59:52,957 - coint2.engine.numba_engine - INFO - Запуск Numba-оптимизированного бэктеста для ETHUSDC-ETHUSDT
2026-01-23 14:59:52,966 - coint2.engine.numba_engine - INFO - Запуск Numba-оптимизированного бэктеста для AGLDUSDT-HFTUSDT
2026-01-23 14:59:52,980 - coint2.engine.numba_engine - INFO - Запуск Numba-оптимизированного бэктеста для APEUSDC-HFTUSDT
2026-01-23 14:59:52,986 - coint2.engine.numba_engine - INFO - Запуск Numba-оптимизированного бэктеста для ATOMUSDT-GODSUSDT
2026-01-23 14:59:53,016 - coint2.engine.numba_engine - INFO - Запуск Numba-оптимизированного бэктеста для AXSUSDT-DOTUSDT
2026-01-23 14:59:53,017 - coint2.engine.numba_engine - INFO - Запуск Numba-оптимизированного бэктеста для APEUSDC-HFTUSDC
2026-01-23 14:59:53,045 - coint2.engine.numba_engine - INFO - Запуск Numba-оптимизированного бэктеста для APEUSDT-HFTUSDT
2026-01-23 14:59:53,057 - coint2.engine.numba_engine - INFO - Запуск Numba-оптимизированного бэктеста для AXSUSDT-DOTUSDC
2026-01-23 14:59:53,073 - coint2.engine.numba_engine - INFO - Запуск Numba-оптимизированного бэктеста для APEUSDT-HFTUSDC
2026-01-23 14:59:53,086 - coint2.engine.numba_engine - INFO - Запуск Numba-оптимизированного бэктеста для AGLDUSDT-HFTUSDC
2026-01-23 14:59:53,174 - coint2.engine.numba_engine - INFO - Запуск Numba-оптимизированного бэктеста для APEUSDT-ATOMUSDT
2026-01-23 14:59:53,176 - coint2.engine.numba_engine - INFO - Запуск Numba-оптимизированного бэктеста для APEUSDC-ATOMUSDT
2026-01-23 14:59:53,270 - INFO -   ⏱️ Параллельная обработка завершена за 0.5с (32.3 пар/с)
2026-01-23 14:59:53,281 - coint2.pipeline.walk_forward_orchestrator - INFO - 🎯 СИМУЛЯЦИЯ ПОРТФЕЛЯ: 15 пар, лимит 15 позиций
2026-01-23 14:59:53,945 - coint2.pipeline.walk_forward_orchestrator - INFO -    📈 Макс. одновременных сигналов: 15
2026-01-23 14:59:53,945 - coint2.pipeline.walk_forward_orchestrator - INFO -    📊 Средн. сигналов за период: 6.6
2026-01-23 14:59:53,945 - coint2.pipeline.walk_forward_orchestrator - INFO -    🎯 Финальных активных позиций: 3
2026-01-23 14:59:53,946 - coint2.pipeline.walk_forward_orchestrator - INFO -    ⚡ Утилизация лимита позиций: 43.8%
2026-01-23 14:59:53,948 - INFO - ⇠ WF-шаг 2/3 backtests — completed 15 items in 1.14s (13.1 items/s)
2026-01-23 14:59:53,948 - INFO -   ✅ Обработка завершена: 15 успешно, 0 с ошибками
2026-01-23 14:59:53,948 - INFO -   📊 Успешность: 100.0%, прибыльность: 33.3%, сделок/пара: 51.1
2026-01-23 14:59:53,948 - INFO -   ✅ Завершены бэктесты для 15 пар
2026-01-23 14:59:53,948 - INFO -   📊 Всего обработано пар в этом шаге: 15
2026-01-23 14:59:53,948 - INFO -   📈 Результаты шага: 5/15 прибыльных пар, 767 сделок
2026-01-23 14:59:53,948 - INFO -   💰 P&L шага: $-236.39
2026-01-23 14:59:53,948 - INFO -   ⇢ Обновление капитала и дневного P&L...
2026-01-23 14:59:55,248 - INFO -   💼 Шаг P&L: $-236.39, Накопленный капитал: $1,208.94
2026-01-23 14:59:55,248 - INFO - ------------------------------------------------------------
2026-01-23 14:59:55,248 - INFO -   Walk-forward steps: 2 / 3 (66.7%) | 0.1 items/s | ETA: 11.4s
2026-01-23 14:59:55,248 - INFO - 🔍 WF-шаг 3/3: Валидация временных окон...
2026-01-23 14:59:55,248 - INFO - ⇢ WF-шаг 3/3: training 2023-12-02-2024-02-29, testing 2024-03-01-2024-03-31 — start
2026-01-23 14:59:55,248 - INFO - ⇢ loading step data — start
2026-01-23 14:59:55,558 - INFO - ⇠ loading step data — done in 0.31s
2026-01-23 14:59:57,573 - INFO - 📊 WF-шаг 3/3: Границы данных:
2026-01-23 14:59:57,573 - INFO -    Training: 2023-12-02 00:00:00 → 2024-02-29 23:45:00 (8,640 строк × 361 символов)
2026-01-23 14:59:57,573 - INFO -    Testing:  2024-03-01 00:00:00 → 2024-03-31 00:00:00 (2,881 строк × 361 символов)
2026-01-23 14:59:57,573 - INFO -    Временной разрыв: 0 days 00:15:00
2026-01-23 14:59:57,632 - INFO - ⇢ normalizing training data — start
2026-01-23 14:59:57,677 - INFO -   Символы с NaN значениями: 68
2026-01-23 14:59:57,677 - INFO -   Применяем метод нормализации: rolling_zscore
2026-01-23 14:59:57,702 - INFO - Символы с недостаточной историей: 56 из 361
2026-01-23 14:59:58,372 - INFO - Символы с NaN после нормализации: 305
2026-01-23 14:59:58,382 - INFO - Удалено 1673 начальных строк с NaN от rolling расчетов
2026-01-23 14:59:58,384 - INFO - Итоговое количество символов после нормализации: 305 из 361
2026-01-23 14:59:58,385 - INFO -   Статистика нормализации:
2026-01-23 14:59:58,385 - INFO -     Исходные символы: 361
2026-01-23 14:59:58,385 - INFO -     Недостаточная история: 56
2026-01-23 14:59:58,385 - INFO -     Постоянная цена: 0
2026-01-23 14:59:58,385 - INFO -     NaN после нормализации: 305
2026-01-23 14:59:58,385 - INFO -     Итоговые символы: 305 (84.5%)
2026-01-23 14:59:58,385 - INFO -   После нормализации: 305 символов (потеряно 56)
2026-01-23 14:59:58,385 - INFO -   Отброшено много символов: 56 из 361
2026-01-23 14:59:58,385 - INFO - ⇠ normalizing training data — done in 0.75s
2026-01-23 14:59:58,386 - INFO -   Фиксированный universe: 250 пар (отфильтровано 0 недоступных)
2026-01-23 14:59:58,386 - INFO - ⇢ filtering pairs by cointegration and half-life — start
2026-01-23 14:59:58,386 - INFO - [ФИЛЬТР] Параллельная фильтрация: threads (8 workers)
2026-01-23 15:00:06,026 - INFO - [ФИЛЬТР] После проверки данных: 239 пар
2026-01-23 15:00:06,026 - INFO - [ФИЛЬТР] После фильтра корреляции (>0.4): 137 пар
2026-01-23 15:00:06,026 - INFO - [ФИЛЬТР] После фильтра beta: 127 пар
2026-01-23 15:00:06,026 - INFO - [ФИЛЬТР] После фильтра mean crossings: 127 пар
2026-01-23 15:00:06,026 - INFO - [ФИЛЬТР] После фильтра half-life: 127 пар
2026-01-23 15:00:06,027 - INFO - [ФИЛЬТР] После фильтра коинтеграции: 92 пар
2026-01-23 15:00:06,027 - INFO - [ФИЛЬТР] После фильтра Hurst: 76 пар
2026-01-23 15:00:06,027 - INFO - [ФИЛЬТР] После фильтра KPSS: 76 пар
2026-01-23 15:00:06,027 - INFO - [ФИЛЬТР] После фильтра market microstructure: 68 пар
2026-01-23 15:00:06,027 - INFO - [ФИЛЬТР] Статистика фильтрации (оптимизированный порядок):
2026-01-23 15:00:06,027 - INFO -   1. SSD → Коинтеграция: 250 → 92 пар
2026-01-23 15:00:06,027 - INFO -   2. Коинтеграция → Beta: 92 → 127 пар
2026-01-23 15:00:06,027 - INFO -   3. Beta → Half-life: 127 → 127 пар
2026-01-23 15:00:06,027 - INFO -   4. Half-life → Mean crossings: 127 → 127 пар
2026-01-23 15:00:06,027 - INFO -   5. Mean crossings → Hurst: 127 → 76 пар
2026-01-23 15:00:06,027 - INFO -   6. Hurst → KPSS: 76 → 76 пар
2026-01-23 15:00:06,027 - INFO -   7. KPSS → Market microstructure: 76 → 68 пар
2026-01-23 15:00:06,027 - INFO - [ФИЛЬТР] Причины отсева:
2026-01-23 15:00:06,027 - INFO -   • low_correlation: 102 пар (40.8%)
2026-01-23 15:00:06,027 - INFO -   • pvalue: 35 пар (14.0%)
2026-01-23 15:00:06,027 - INFO -   • hurst: 16 пар (6.4%)
2026-01-23 15:00:06,027 - INFO -   • insufficient_data: 11 пар (4.4%)
2026-01-23 15:00:06,027 - INFO -   • beta: 10 пар (4.0%)
2026-01-23 15:00:06,027 - INFO -   • history: 8 пар (3.2%)
2026-01-23 15:00:06,027 - INFO - [ФИЛЬТР] Итого: 250 → 68 пар (27.2% прошли все фильтры)
2026-01-23 15:00:06,029 - INFO - Причины отсева сохранены в results/filter_reasons_20260123_150006.csv
2026-01-23 15:00:06,030 - INFO -   Pair stability filter: 68 → 29 (window=2, min_steps=1, history=2)
2026-01-23 15:00:06,030 - INFO -   Фильтрация: 250 → 29 пар
2026-01-23 15:00:06,030 - INFO - ⇠ filtering pairs by cointegration and half-life — done in 7.64s
2026-01-23 15:00:06,030 - INFO - ⇠ WF-шаг 3/3: training 2023-12-02-2024-02-29, testing 2024-03-01-2024-03-31 — done in 10.78s
2026-01-23 15:00:06,030 - INFO -   Ограничение max_pairs=15: 29 → 15
2026-01-23 15:00:06,030 - INFO -   Топ-3 пары по волатильности спреда:
2026-01-23 15:00:06,030 - INFO -     1. BTCDAI-BTCEUR: beta=1.0480, std=582.7625
2026-01-23 15:00:06,030 - INFO -     2. ETHDAI-ETHEUR: beta=1.0530, std=30.4486
2026-01-23 15:00:06,030 - INFO -     3. ATOMUSDT-GODSUSDT: beta=8.5838, std=0.6434
2026-01-23 15:00:06,030 - INFO -   Всего пар для торговли: 15 (ограничение 15 применяется к одновременно открытым позициям)
2026-01-23 15:00:06,030 - INFO -   💰 Проверка расчета капитала: equity=$1,208.94, кандидатных_пар=15, max_позиций=15
2026-01-23 15:00:06,030 - INFO -   🎯 Target concurrency: 15 (ожидаемое одновременное число позиций)
2026-01-23 15:00:06,030 - INFO -   📊 Детали расчета капитала:
2026-01-23 15:00:06,031 - INFO -      • Базовый капитал на пару: $80.60 (equity / target_concurrency)
2026-01-23 15:00:06,031 - INFO -      • Риск-капитал: $25.39 (2.1% от equity)
2026-01-23 15:00:06,031 - INFO -      • Макс. размер позиции: $60.45 (5.0% от equity)
2026-01-23 15:00:06,031 - INFO -      • Итоговый капитал на пару: $25.39
2026-01-23 15:00:06,031 - INFO - ⇢ WF-шаг 3/3 backtests — starting 15 items
2026-01-23 15:00:06,031 - INFO - 🚀 WF-шаг 3/3: Начинаем бэктесты для 15 пар...
2026-01-23 15:00:06,031 - INFO - 🚀 WF-шаг 3/3: Запускаем параллельную обработку 15 пар на 8 ядрах...
2026-01-23 15:00:06,031 - INFO - 🚀 WF-шаг 3/3: Режим параллельности: процессы
⚙️  Загрузка данных за период: 2023-12-02 -> 2024-03-31
📂 Найдено 43 parquet файлов для обработки.
📊 Схема данных: Schema({'timestamp': Int64, 'open': Float64, 'high': Float64, 'low': Float64, 'close': Float64, 'volume': Float64, 'turnover': String, 'ts_ms': Int64, 'symbol': String})
✅ Загружено 3779046 записей с помощью Polars.
📊 Типы данных в pandas: timestamp       datetime64[us]
symbol                  object
close                  float64
timestamp_ms             int64
dtype: object
2026-01-23 15:00:06,095 - coint2.engine.numba_engine - INFO - Запуск Numba-оптимизированного бэктеста для BTCDAI-BTCEUR
2026-01-23 15:00:06,127 - coint2.engine.numba_engine - INFO - Запуск Numba-оптимизированного бэктеста для ETHDAI-ETHEUR
2026-01-23 15:00:06,158 - coint2.engine.numba_engine - INFO - Запуск Numba-оптимизированного бэктеста для ATOMUSDT-GODSUSDT
2026-01-23 15:00:06,181 - coint2.engine.numba_engine - INFO - Запуск Numba-оптимизированного бэктеста для APEUSDC-HFTUSDC
2026-01-23 15:00:06,204 - coint2.engine.numba_engine - INFO - Запуск Numba-оптимизированного бэктеста для ATOMUSDT-KCALUSDT
2026-01-23 15:00:06,217 - coint2.engine.numba_engine - INFO - Запуск Numba-оптимизированного бэктеста для APEUSDT-HFTUSDC
2026-01-23 15:00:06,253 - coint2.engine.numba_engine - INFO - Запуск Numba-оптимизированного бэктеста для APEUSDC-ATOMUSDT
2026-01-23 15:00:06,278 - coint2.engine.numba_engine - INFO - Запуск Numba-оптимизированного бэктеста для CAKEUSDT-FIDAUSDT
2026-01-23 15:00:06,282 - coint2.engine.numba_engine - INFO - Запуск Numba-оптимизированного бэктеста для APEUSDT-GODSUSDT
2026-01-23 15:00:06,289 - coint2.engine.numba_engine - INFO - Запуск Numba-оптимизированного бэктеста для APEUSDT-ATOMUSDT
2026-01-23 15:00:06,334 - coint2.engine.numba_engine - INFO - Запуск Numba-оптимизированного бэктеста для AGLDUSDT-HFTUSDC
2026-01-23 15:00:06,384 - coint2.engine.numba_engine - INFO - Запуск Numba-оптимизированного бэктеста для AGLDUSDT-HFTUSDT
2026-01-23 15:00:06,429 - coint2.engine.numba_engine - INFO - Запуск Numba-оптимизированного бэктеста для BICOUSDT-ETHWUSDT
2026-01-23 15:00:06,447 - coint2.engine.numba_engine - INFO - Запуск Numba-оптимизированного бэктеста для GODSUSDT-KCALUSDT
2026-01-23 15:00:06,450 - coint2.engine.numba_engine - INFO - Запуск Numba-оптимизированного бэктеста для AFCUSDT-ANKRUSDT
2026-01-23 15:00:06,524 - INFO -   ⏱️ Параллельная обработка завершена за 0.5с (30.4 пар/с)
2026-01-23 15:00:06,535 - coint2.pipeline.walk_forward_orchestrator - INFO - 🎯 СИМУЛЯЦИЯ ПОРТФЕЛЯ: 15 пар, лимит 15 позиций
2026-01-23 15:00:07,204 - coint2.pipeline.walk_forward_orchestrator - INFO -    📈 Макс. одновременных сигналов: 13
2026-01-23 15:00:07,204 - coint2.pipeline.walk_forward_orchestrator - INFO -    📊 Средн. сигналов за период: 6.3
2026-01-23 15:00:07,204 - coint2.pipeline.walk_forward_orchestrator - INFO -    🎯 Финальных активных позиций: 6
2026-01-23 15:00:07,205 - coint2.pipeline.walk_forward_orchestrator - INFO -    ⚡ Утилизация лимита позиций: 42.2%
2026-01-23 15:00:07,206 - INFO - ⇠ WF-шаг 3/3 backtests — completed 15 items in 1.17s (12.8 items/s)
2026-01-23 15:00:07,206 - INFO -   ✅ Обработка завершена: 15 успешно, 0 с ошибками
2026-01-23 15:00:07,206 - INFO -   📊 Успешность: 100.0%, прибыльность: 53.3%, сделок/пара: 51.4
2026-01-23 15:00:07,206 - INFO -   ✅ Завершены бэктесты для 15 пар
2026-01-23 15:00:07,206 - INFO -   📊 Всего обработано пар в этом шаге: 15
2026-01-23 15:00:07,206 - INFO -   📈 Результаты шага: 8/15 прибыльных пар, 771 сделок
2026-01-23 15:00:07,206 - INFO -   💰 P&L шага: $+66.44
2026-01-23 15:00:07,206 - INFO -   ⇢ Обновление капитала и дневного P&L...
2026-01-23 15:00:08,622 - INFO -   💼 Шаг P&L: $+66.44, Накопленный капитал: $1,275.38
2026-01-23 15:00:08,622 - INFO - ------------------------------------------------------------
2026-01-23 15:00:08,623 - INFO -   Walk-forward steps: 3 / 3 (100.0%) | 0.1 items/s | ETA: 0.0s
2026-01-23 15:00:08,623 - INFO - ⇠ Walk-forward steps — completed 3 items in 36.17s (0.1 items/s)
2026-01-23 15:00:08,623 - INFO - ================================================================================
2026-01-23 15:00:08,623 - INFO - 🏁 Walk-forward анализ завершен!
2026-01-23 15:00:08,623 - INFO - ⏱️ Обработано 3 шагов за 2.6 секунд
2026-01-23 15:00:08,623 - INFO - 📊 Всего обработано пар за весь анализ: 45
2026-01-23 15:00:08,623 - INFO - 💰 Финальный капитал: $1,275.38 (было $1,000.00)
2026-01-23 15:00:08,623 - INFO - 📈 Общая доходность: +27.54% ($+275.38)
2026-01-23 15:00:08,623 - INFO - 📊 Всего сделок: 0
2026-01-23 15:00:08,623 - INFO - ================================================================================
2026-01-23 15:00:08,623 - INFO - ✓ Завершены все 3 WF-шагов
2026-01-23 15:00:08,623 - INFO - ⇢ Обработка финальных результатов и расчет метрик...
2026-01-23 15:00:08,623 - INFO - ⇢ processing final results — start
2026-01-23 15:00:08,624 - INFO -   ⇢ Агрегация данных P&L за 8643 торговых дней
2026-01-23 15:00:08,646 - INFO -   ⇢ Расчет базовых метрик производительности...
2026-01-23 15:00:08,646 - INFO -     📊 Данные для анализа: 8643 записей P&L, 8641 точек equity
2026-01-23 15:00:08,649 - INFO -   ⇢ Расчет расширенных метрик (волатильность, Calmar ratio, и др.)...
2026-01-23 15:00:08,649 - INFO -   ✅ Расширенные метрики рассчитаны: 6 показателей
2026-01-23 15:00:08,649 - INFO -   ⇢ Анализ статистики по 45 парам...
2026-01-23 15:00:08,654 - INFO - ✅ Рассчитаны метрики производительности (26 показателей)
2026-01-23 15:00:08,654 - INFO -   💰 Общий P&L: $+275.38
2026-01-23 15:00:08,654 - INFO -   📊 Sharpe Ratio: 1.489
2026-01-23 15:00:08,654 - INFO -   📉 Максимальная просадка: -58693.72%
2026-01-23 15:00:08,654 - INFO -   🔄 Всего сделок: 2328
2026-01-23 15:00:08,654 - INFO -   📈 Торгуемых пар: 22
2026-01-23 15:00:08,654 - INFO -   💸 Общие издержки: $199.64
2026-01-23 15:00:08,654 - coint2.metrics - INFO - Metric: total_pnl
2026-01-23 15:00:08,655 - coint2.metrics - INFO - Metric: sharpe_ratio_abs
2026-01-23 15:00:08,655 - coint2.metrics - INFO - Metric: max_drawdown_pct
2026-01-23 15:00:08,655 - coint2.metrics - INFO - Metric: total_trades
2026-01-23 15:00:08,655 - coint2.metrics - INFO - Metric: total_pairs_traded
2026-01-23 15:00:08,655 - coint2.metrics - INFO - Metric: total_costs
2026-01-23 15:00:08,655 - INFO - ⇠ processing final results — done in 0.03s
2026-01-23 15:00:08,656 - INFO - ⇢ Создание отчетов и сохранение результатов...
2026-01-23 15:00:08,656 - INFO - ⇢ generating reports — start
2026-01-23 15:00:08,656 - INFO -   ⇢ Создание отчета о производительности...
2026-01-23 15:00:14,731 - INFO -   ✓ Отчет о производительности создан
2026-01-23 15:00:14,732 - INFO -   ⇢ Сохранение данных в CSV файлы...
2026-01-23 15:00:14,734 - INFO - 📋 Метрики сохранены: artifacts/wfa/runs/20260123_budget1000_oos20240101_20240630_top50_maxnot40_riskfine2_minnotgrid_maxpairsgrid/stress_relaxed8_nokpss_20260123_oos20240101_20240630_top50_z1p00_exit0p06_hold180_cd180_ms0p2_cap1000_maxnot40_risk0p021_minnot15_maxpairs15/strategy_metrics.csv
2026-01-23 15:00:14,735 - INFO - 📈 Дневные P&L сохранены: artifacts/wfa/runs/20260123_budget1000_oos20240101_20240630_top50_maxnot40_riskfine2_minnotgrid_maxpairsgrid/stress_relaxed8_nokpss_20260123_oos20240101_20240630_top50_z1p00_exit0p06_hold180_cd180_ms0p2_cap1000_maxnot40_risk0p021_minnot15_maxpairs15/daily_pnl.csv (91 записей)
2026-01-23 15:00:14,766 - INFO - 💹 Кривая капитала сохранена: artifacts/wfa/runs/20260123_budget1000_oos20240101_20240630_top50_maxnot40_riskfine2_minnotgrid_maxpairsgrid/stress_relaxed8_nokpss_20260123_oos20240101_20240630_top50_z1p00_exit0p06_hold180_cd180_ms0p2_cap1000_maxnot40_risk0p021_minnot15_maxpairs15/equity_curve.csv (8641 точек)
2026-01-23 15:00:14,769 - INFO - 📋 Статистика сделок сохранена: artifacts/wfa/runs/20260123_budget1000_oos20240101_20240630_top50_maxnot40_riskfine2_minnotgrid_maxpairsgrid/stress_relaxed8_nokpss_20260123_oos20240101_20240630_top50_z1p00_exit0p06_hold180_cd180_ms0p2_cap1000_maxnot40_risk0p021_minnot15_maxpairs15/trade_statistics.csv (45 записей)
2026-01-23 15:00:14,769 - INFO - 🎉 Walk-Forward анализ полностью завершен!
2026-01-23 15:00:14,769 - INFO - 📊 Все отчеты и данные сохранены в: artifacts/wfa/runs/20260123_budget1000_oos20240101_20240630_top50_maxnot40_riskfine2_minnotgrid_maxpairsgrid/stress_relaxed8_nokpss_20260123_oos20240101_20240630_top50_z1p00_exit0p06_hold180_cd180_ms0p2_cap1000_maxnot40_risk0p021_minnot15_maxpairs15
2026-01-23 15:00:14,770 - INFO - 💼 Итоговый капитал: $1,275.38
2026-01-23 15:00:14,770 - INFO - ⏱️  Общее время выполнения: 8.7 секунд
2026-01-23 15:00:14,770 - INFO - ⇠ generating reports — done in 6.11s
2026-01-23 15:00:14,770 - coint2.core.memory_optimization - INFO - 🧹 Cleaning up global price data
2026-01-23 15:00:14,773 - coint2.core.memory_optimization - INFO - 📊 No global rolling stats to clean up
2026-01-23 15:00:14,774 - INFO - 🧹 Memory-mapped data cleaned up
2026-01-23 15:00:14,775 - INFO - ⇠ run_walk_forward_analysis — done in 47.74s
📊 Отчет сохранен: artifacts/wfa/runs/20260123_budget1000_oos20240101_20240630_top50_maxnot40_riskfine2_minnotgrid_maxpairsgrid/stress_relaxed8_nokpss_20260123_oos20240101_20240630_top50_z1p00_exit0p06_hold180_cd180_ms0p2_cap1000_maxnot40_risk0p021_minnot15_maxpairs15/CointegrationStrategy_performance_report.png
🎯 ============================================================
📊 ИТОГИ ТОРГОВОЙ СТРАТЕГИИ
🎯 ============================================================

💰 ФИНАНСОВЫЕ РЕЗУЛЬТАТЫ:
   • Общий P&L:                          275
   • Максимальная просадка:             -587
   • Средний дневной P&L:                  3

📈 МЕТРИКИ РИСКА:
   • Коэффициент Шарпа:               1.4892
   • Волатильность P&L:                84.69
   • Процент прибыльных дней:         50.55%

🔄 ТОРГОВАЯ АКТИВНОСТЬ:
   • Всего торговых дней:                 91
   • Всего сделок:                     2,328
   • Торгуемых пар:                       22
   • Сделок на пару:                    51.7
   • Успешность сделок:               0.94%

💸 РАСХОДЫ И ЭКСТРЕМУМЫ:
   • Общие расходы:                      200
   • Максимальная прибыль:               234
   • Максимальный убыток:               -386
   • Лучшая пара (P&L):                  267
   • Худшая пара (P&L):                 -212

📊 ОЦЕНКА СТРАТЕГИИ:
   ✅ ОТЛИЧНАЯ стратегия! Высокий Шарп и положительный результат

🎯 ============================================================

Annualized Sharpe Ratio: 1.4892240785746331
[run_wfa_fullcpu] end: 2026-01-23T15:00:15Z
