[run_wfa_queue] 2026-01-23T11:33:00Z cmd: /opt/coint4/coint4/run_wfa_fullcpu.sh configs/budget_20260123_1000_capsweep_maxnot25_riskgrid/stress_relaxed8_nokpss_20260123_top50_z1p00_exit0p06_hold180_cd180_ms0p2_cap1000_maxnot25_risk0p01.yaml artifacts/wfa/runs/20260123_budget1000_capsweep_maxnot25_risk_minnot_grid/stress_relaxed8_nokpss_20260123_top50_z1p00_exit0p06_hold180_cd180_ms0p2_cap1000_maxnot25_risk0p01
[run_wfa_fullcpu] start: 2026-01-23T11:33:00Z
[run_wfa_fullcpu] os.cpu_count: 8
[run_wfa_fullcpu] worker_pid=1517
2026-01-23 11:33:04,354 - coint2.core.memory_optimization - INFO - ✅ BLAS threading limits set to 1 via threadpoolctl
2026-01-23 11:33:04,354 - coint2.core.memory_optimization - INFO - 🔧 Controlled libraries: openblas, openmp
2026-01-23 11:33:04,355 - coint2.core.memory_optimization - INFO - 🧵 Process threads: 2 → 2
2026-01-23 11:33:04,355 - coint2.core.memory_optimization - INFO - 📝 Set 11 environment variables
2026-01-23 11:33:04,791 - INFO - ✅ Параметры конфигурации валидны
2026-01-23 11:33:04,791 - INFO - 📝 Некоторые параметры были скорректированы:
2026-01-23 11:33:04,959 - INFO - 🔒 WFA: фиксированный universe из artifacts/universe/20260119_relaxed8_strict_preholdout_v2/pairs_universe.yaml (250 пар)
2026-01-23 11:33:04,959 - INFO -   Шаг 1: тренировка 2024-02-01-2024-04-30, тест 2024-05-01-2024-05-31
2026-01-23 11:33:04,959 - INFO -   Шаг 2: тренировка 2024-03-02-2024-05-30, тест 2024-05-31-2024-06-30
2026-01-23 11:33:04,959 - INFO -   Шаг 3: тренировка 2024-04-01-2024-06-29, тест 2024-06-30-2024-07-30
2026-01-23 11:33:04,959 - INFO -   Шаг 4: тренировка 2024-05-01-2024-07-29, тест 2024-07-30-2024-08-29
2026-01-23 11:33:04,960 - INFO -   Шаг 5: тренировка 2024-05-31-2024-08-28, тест 2024-08-29-2024-09-28
2026-01-23 11:33:04,960 - INFO -   Шаг 6: тренировка 2024-06-30-2024-09-27, тест 2024-09-28-2024-10-28
2026-01-23 11:33:04,960 - INFO -   Шаг 7: тренировка 2024-07-30-2024-10-27, тест 2024-10-28-2024-11-27
2026-01-23 11:33:04,960 - INFO -   Шаг 8: тренировка 2024-08-29-2024-11-26, тест 2024-11-27-2024-12-27
2026-01-23 11:33:04,960 - INFO -   Шаг 9: тренировка 2024-09-28-2024-12-26, тест 2024-12-27-2025-01-26
2026-01-23 11:33:04,960 - INFO - 📈 Запланировано 9 walk-forward шагов
2026-01-23 11:33:04,960 - INFO - ⛔ Ограничение WFA шагов: 9 → 5
2026-01-23 11:33:04,960 - WARNING - ⚠️ Маленький буфер между training и testing в шаге 1: 0 дней. Рекомендуется минимум 1 день.
2026-01-23 11:33:04,960 - WARNING - ⚠️ Маленький буфер между training и testing в шаге 2: 0 дней. Рекомендуется минимум 1 день.
2026-01-23 11:33:04,960 - WARNING - ⚠️ Маленький буфер между training и testing в шаге 3: 0 дней. Рекомендуется минимум 1 день.
2026-01-23 11:33:04,960 - WARNING - ⚠️ Маленький буфер между training и testing в шаге 4: 0 дней. Рекомендуется минимум 1 день.
2026-01-23 11:33:04,960 - WARNING - ⚠️ Маленький буфер между training и testing в шаге 5: 0 дней. Рекомендуется минимум 1 день.
2026-01-23 11:33:04,960 - INFO - ✅ Шаги успешно запланированы:
2026-01-23 11:33:04,960 - INFO -    Шаг 1: тренировка 2024-02-01-2024-04-30, тест 2024-05-01-2024-05-31
2026-01-23 11:33:04,960 - INFO -    Шаг 2: тренировка 2024-03-02-2024-05-30, тест 2024-05-31-2024-06-30
2026-01-23 11:33:04,960 - INFO -    Шаг 3: тренировка 2024-04-01-2024-06-29, тест 2024-06-30-2024-07-30
2026-01-23 11:33:04,960 - INFO -    Шаг 4: тренировка 2024-05-01-2024-07-29, тест 2024-07-30-2024-08-29
2026-01-23 11:33:04,960 - INFO -    Шаг 5: тренировка 2024-05-31-2024-08-28, тест 2024-08-29-2024-09-28
2026-01-23 11:33:04,961 - INFO - 🗂️ Consolidating price data for memory-mapped access...
2026-01-23 11:33:04,961 - INFO - 📊 Consolidating data range: 2024-01-27 → 2024-10-03
2026-01-23 11:33:04,961 - coint2.core.memory_optimization - INFO - 🔄 Consolidating price data from data_downloaded to .cache/consolidated_prices.parquet
2026-01-23 11:33:04,961 - INFO - ⇢ loading raw data for consolidation — start
2026-01-23 11:33:08,517 - INFO - ⇠ loading raw data for consolidation — done in 3.56s
2026-01-23 11:33:08,517 - INFO - ⇢ pivoting data to wide format — start
2026-01-23 11:33:18,007 - INFO - ⇠ pivoting data to wide format — done in 9.49s
2026-01-23 11:33:18,097 - coint2.core.memory_optimization - INFO - 📊 Consolidated data: 24001 rows × 493 symbols
2026-01-23 11:33:18,097 - coint2.core.memory_optimization - INFO - 💾 Memory usage: 47.5 MB
2026-01-23 11:33:18,097 - INFO - ⇢ writing consolidated Parquet file — start
2026-01-23 11:33:18,452 - INFO - ⇠ writing consolidated Parquet file — done in 0.35s
2026-01-23 11:33:18,452 - coint2.core.memory_optimization - INFO - ✅ Successfully consolidated data to .cache/consolidated_prices.parquet
2026-01-23 11:33:18,493 - coint2.core.memory_optimization - INFO - 🔄 Initializing memory-mapped price data from .cache/consolidated_prices.parquet
2026-01-23 11:33:18,493 - INFO - ⇢ loading memory-mapped data — start
2026-01-23 11:33:18,493 - coint2.core.memory_optimization - WARNING - ⚠️ memory_map не поддерживается в текущей версии pyarrow, fallback без mmap
2026-01-23 11:33:18,711 - INFO - ⇠ loading memory-mapped data — done in 0.22s
2026-01-23 11:33:18,724 - coint2.core.memory_optimization - INFO - 📊 Loaded 24001 rows × 493 symbols
2026-01-23 11:33:18,724 - coint2.core.memory_optimization - INFO - 💾 Memory usage: 47.5 MB (memory-mapped)
2026-01-23 11:33:18,726 - INFO - ✅ Memory-mapped data initialized successfully
2026-01-23 11:33:18,728 - INFO - ⇢ Walk-forward steps — starting 5 items
2026-01-23 11:33:18,728 - INFO - 📈 Инициализация equity кривой с первой тестовой даты: 2024-05-01 00:00:00
2026-01-23 11:33:18,728 - INFO - 🔍 WF-шаг 1/5: Валидация временных окон...
2026-01-23 11:33:18,729 - INFO - ⇢ WF-шаг 1/5: training 2024-02-01-2024-04-30, testing 2024-05-01-2024-05-31 — start
2026-01-23 11:33:18,729 - INFO - ⇢ loading step data — start
2026-01-23 11:33:19,057 - INFO - ⇠ loading step data — done in 0.33s
2026-01-23 11:33:22,038 - INFO - 📊 WF-шаг 1/5: Границы данных:
2026-01-23 11:33:22,039 - INFO -    Training: 2024-02-01 00:00:00 → 2024-04-30 23:45:00 (8,640 строк × 403 символов)
2026-01-23 11:33:22,039 - INFO -    Testing:  2024-05-01 00:00:00 → 2024-05-31 00:00:00 (2,881 строк × 403 символов)
2026-01-23 11:33:22,039 - INFO -    Временной разрыв: 0 days 00:15:00
2026-01-23 11:33:22,093 - INFO - ⇢ normalizing training data — start
2026-01-23 11:33:22,142 - INFO -   Символы с NaN значениями: 72
2026-01-23 11:33:22,143 - INFO -   Применяем метод нормализации: rolling_zscore
2026-01-23 11:33:22,191 - INFO - Символы с недостаточной историей: 67 из 403
2026-01-23 11:33:23,029 - INFO - Символы с NaN после нормализации: 336
2026-01-23 11:33:23,040 - INFO - Удалено 549 начальных строк с NaN от rolling расчетов
2026-01-23 11:33:23,045 - INFO - Итоговое количество символов после нормализации: 336 из 403
2026-01-23 11:33:23,047 - INFO -   Статистика нормализации:
2026-01-23 11:33:23,047 - INFO -     Исходные символы: 403
2026-01-23 11:33:23,047 - INFO -     Недостаточная история: 67
2026-01-23 11:33:23,047 - INFO -     Постоянная цена: 0
2026-01-23 11:33:23,047 - INFO -     NaN после нормализации: 336
2026-01-23 11:33:23,047 - INFO -     Итоговые символы: 336 (83.4%)
2026-01-23 11:33:23,047 - INFO -   После нормализации: 336 символов (потеряно 67)
2026-01-23 11:33:23,047 - INFO -   Отброшено много символов: 67 из 403
2026-01-23 11:33:23,047 - INFO - ⇠ normalizing training data — done in 0.95s
2026-01-23 11:33:23,048 - INFO -   Фиксированный universe: 250 пар (отфильтровано 0 недоступных)
2026-01-23 11:33:23,048 - INFO - ⇢ filtering pairs by cointegration and half-life — start
2026-01-23 11:33:23,048 - INFO - [ФИЛЬТР] Параллельная фильтрация: threads (8 workers)
2026-01-23 11:33:43,082 - INFO - [ФИЛЬТР] После проверки данных: 250 пар
2026-01-23 11:33:43,082 - INFO - [ФИЛЬТР] После фильтра корреляции (>0.4): 242 пар
2026-01-23 11:33:43,082 - INFO - [ФИЛЬТР] После фильтра beta: 204 пар
2026-01-23 11:33:43,082 - INFO - [ФИЛЬТР] После фильтра mean crossings: 204 пар
2026-01-23 11:33:43,082 - INFO - [ФИЛЬТР] После фильтра half-life: 204 пар
2026-01-23 11:33:43,082 - INFO - [ФИЛЬТР] После фильтра коинтеграции: 198 пар
2026-01-23 11:33:43,082 - INFO - [ФИЛЬТР] После фильтра Hurst: 139 пар
2026-01-23 11:33:43,082 - INFO - [ФИЛЬТР] После фильтра KPSS: 139 пар
2026-01-23 11:33:43,082 - INFO - [ФИЛЬТР] После фильтра market microstructure: 135 пар
2026-01-23 11:33:43,082 - INFO - [ФИЛЬТР] Статистика фильтрации (оптимизированный порядок):
2026-01-23 11:33:43,082 - INFO -   1. SSD → Коинтеграция: 250 → 198 пар
2026-01-23 11:33:43,082 - INFO -   2. Коинтеграция → Beta: 198 → 204 пар
2026-01-23 11:33:43,082 - INFO -   3. Beta → Half-life: 204 → 204 пар
2026-01-23 11:33:43,082 - INFO -   4. Half-life → Mean crossings: 204 → 204 пар
2026-01-23 11:33:43,082 - INFO -   5. Mean crossings → Hurst: 204 → 139 пар
2026-01-23 11:33:43,082 - INFO -   6. Hurst → KPSS: 139 → 139 пар
2026-01-23 11:33:43,082 - INFO -   7. KPSS → Market microstructure: 139 → 135 пар
2026-01-23 11:33:43,082 - INFO - [ФИЛЬТР] Причины отсева:
2026-01-23 11:33:43,082 - INFO -   • hurst: 59 пар (23.6%)
2026-01-23 11:33:43,082 - INFO -   • beta: 38 пар (15.2%)
2026-01-23 11:33:43,082 - INFO -   • low_correlation: 8 пар (3.2%)
2026-01-23 11:33:43,082 - INFO -   • pvalue: 6 пар (2.4%)
2026-01-23 11:33:43,082 - INFO -   • history: 4 пар (1.6%)
2026-01-23 11:33:43,082 - INFO - [ФИЛЬТР] Итого: 250 → 135 пар (54.0% прошли все фильтры)
2026-01-23 11:33:43,089 - INFO - Причины отсева сохранены в results/filter_reasons_20260123_113343.csv
2026-01-23 11:33:43,090 - INFO -   Pair stability filter: insufficient history (0 < 1), skip
2026-01-23 11:33:43,090 - INFO -   Фильтрация: 250 → 135 пар
2026-01-23 11:33:43,090 - INFO - ⇠ filtering pairs by cointegration and half-life — done in 20.04s
2026-01-23 11:33:43,090 - INFO - ⇠ WF-шаг 1/5: training 2024-02-01-2024-04-30, testing 2024-05-01-2024-05-31 — done in 24.36s
2026-01-23 11:33:43,090 - INFO -   Ограничение max_pairs=50: 135 → 50
2026-01-23 11:33:43,090 - INFO -   Топ-3 пары по волатильности спреда:
2026-01-23 11:33:43,090 - INFO -     1. BTCDAI-BTCEUR: beta=1.0799, std=663.3878
2026-01-23 11:33:43,091 - INFO -     2. COMPUSDT-GTAIUSDT: beta=13.3410, std=4.9977
2026-01-23 11:33:43,091 - INFO -     3. ETHUSDC-ETHUSDT: beta=1.0017, std=1.8914
2026-01-23 11:33:43,091 - INFO -   Всего пар для торговли: 50 (ограничение 15 применяется к одновременно открытым позициям)
2026-01-23 11:33:43,091 - INFO -   💰 Проверка расчета капитала: equity=$1,000.00, кандидатных_пар=50, max_позиций=15
2026-01-23 11:33:43,091 - INFO -   🎯 Target concurrency: 15 (ожидаемое одновременное число позиций)
2026-01-23 11:33:43,091 - INFO -   📊 Детали расчета капитала:
2026-01-23 11:33:43,091 - INFO -      • Базовый капитал на пару: $66.67 (equity / target_concurrency)
2026-01-23 11:33:43,092 - INFO -      • Риск-капитал: $10.00 (1.0% от equity)
2026-01-23 11:33:43,092 - INFO -      • Макс. размер позиции: $20.00 (2.0% от equity)
2026-01-23 11:33:43,092 - INFO -      • Итоговый капитал на пару: $10.00
2026-01-23 11:33:43,092 - INFO - ⇢ WF-шаг 1/5 backtests — starting 50 items
2026-01-23 11:33:43,092 - INFO - 🚀 WF-шаг 1/5: Начинаем бэктесты для 50 пар...
2026-01-23 11:33:43,092 - INFO - 🚀 WF-шаг 1/5: Запускаем параллельную обработку 50 пар на 8 ядрах...
2026-01-23 11:33:43,092 - INFO - 🚀 WF-шаг 1/5: Режим параллельности: процессы
⚙️  Загрузка данных за период: 2024-01-27 -> 2024-10-03
📂 Найдено 43 parquet файлов для обработки.
📊 Схема данных: Schema({'timestamp': Int64, 'open': Float64, 'high': Float64, 'low': Float64, 'close': Float64, 'volume': Float64, 'turnover': String, 'ts_ms': Int64, 'symbol': String})
✅ Загружено 9788769 записей с помощью Polars.
📊 Типы данных в pandas: timestamp       datetime64[us]
symbol                  object
close                  float64
timestamp_ms             int64
dtype: object
⚙️  Загрузка данных за период: 2024-02-01 -> 2024-05-31
📂 Найдено 43 parquet файлов для обработки.
📊 Схема данных: Schema({'timestamp': Int64, 'open': Float64, 'high': Float64, 'low': Float64, 'close': Float64, 'volume': Float64, 'turnover': String, 'ts_ms': Int64, 'symbol': String})
✅ Загружено 4205229 записей с помощью Polars.
📊 Типы данных в pandas: timestamp       datetime64[us]
symbol                  object
close                  float64
timestamp_ms             int64
dtype: object
2026-01-23 11:33:43,389 - coint2.engine.numba_engine - INFO - Запуск Numba-оптимизированного бэктеста для BTCDAI-BTCEUR
2026-01-23 11:33:43,512 - coint2.engine.numba_engine - INFO - Запуск Numba-оптимизированного бэктеста для COMPUSDT-GTAIUSDT
2026-01-23 11:33:43,687 - coint2.engine.numba_engine - INFO - Запуск Numba-оптимизированного бэктеста для ETHUSDC-ETHUSDT
2026-01-23 11:33:43,846 - coint2.engine.numba_engine - INFO - Запуск Numba-оптимизированного бэктеста для ETCUSDT-JUVUSDT
2026-01-23 11:33:43,868 - coint2.engine.numba_engine - INFO - Запуск Numba-оптимизированного бэктеста для KCSUSDT-KDAUSDT
2026-01-23 11:33:43,996 - coint2.engine.numba_engine - INFO - Запуск Numba-оптимизированного бэктеста для FILUSDC-JUVUSDT
2026-01-23 11:33:44,019 - coint2.engine.numba_engine - INFO - Запуск Numba-оптимизированного бэктеста для FILUSDC-GTAIUSDT
2026-01-23 11:33:44,020 - coint2.engine.numba_engine - INFO - Запуск Numba-оптимизированного бэктеста для ATOMUSDT-KDAUSDT
2026-01-23 11:33:44,160 - coint2.engine.numba_engine - INFO - Запуск Numba-оптимизированного бэктеста для FILUSDT-JUVUSDT
2026-01-23 11:33:44,181 - coint2.engine.numba_engine - INFO - Запуск Numba-оптимизированного бэктеста для FTTUSDT-GSWIFTUSDT
2026-01-23 11:33:44,215 - coint2.engine.numba_engine - INFO - Запуск Numba-оптимизированного бэктеста для DOTUSDC-KDAUSDT
2026-01-23 11:33:44,310 - coint2.engine.numba_engine - INFO - Запуск Numba-оптимизированного бэктеста для FILUSDT-GTAIUSDT
2026-01-23 11:33:44,331 - coint2.engine.numba_engine - INFO - Запуск Numba-оптимизированного бэктеста для HNTUSDT-INTERUSDT
2026-01-23 11:33:44,352 - coint2.engine.numba_engine - INFO - Запуск Numba-оптимизированного бэктеста для FLOWUSDT-JUVUSDT
2026-01-23 11:33:44,424 - coint2.engine.numba_engine - INFO - Запуск Numba-оптимизированного бэктеста для DOTUSDC-FTTUSDT
2026-01-23 11:33:44,425 - coint2.engine.numba_engine - INFO - Запуск Numba-оптимизированного бэктеста для GALFTUSDT-GRTUSDT
2026-01-23 11:33:44,475 - coint2.engine.numba_engine - INFO - Запуск Numba-оптимизированного бэктеста для CYBERUSDT-FIDAUSDT
2026-01-23 11:33:44,519 - coint2.engine.numba_engine - INFO - Запуск Numba-оптимизированного бэктеста для DOTUSDT-KDAUSDT
2026-01-23 11:33:44,525 - coint2.engine.numba_engine - INFO - Запуск Numba-оптимизированного бэктеста для AFCUSDT-CITYUSDT
2026-01-23 11:33:44,603 - coint2.engine.numba_engine - INFO - Запуск Numba-оптимизированного бэктеста для ARTYUSDT-KUBUSDT
2026-01-23 11:33:44,588 - coint2.engine.numba_engine - INFO - Запуск Numba-оптимизированного бэктеста для GALFTUSDT-HBARUSDT
2026-01-23 11:33:44,628 - coint2.engine.numba_engine - INFO - Запуск Numba-оптимизированного бэктеста для DOTUSDT-FTTUSDT
2026-01-23 11:33:44,672 - coint2.engine.numba_engine - INFO - Запуск Numba-оптимизированного бэктеста для CITYUSDT-KASTAUSDT
2026-01-23 11:33:44,691 - coint2.engine.numba_engine - INFO - Запуск Numba-оптимизированного бэктеста для DMAILUSDT-GMTUSDT
2026-01-23 11:33:44,777 - coint2.engine.numba_engine - INFO - Запуск Numba-оптимизированного бэктеста для APEXUSDT-AVAUSDT
2026-01-23 11:33:44,788 - coint2.engine.numba_engine - INFO - Запуск Numba-оптимизированного бэктеста для FLOWUSDT-HVHUSDT
2026-01-23 11:33:44,796 - coint2.engine.numba_engine - INFO - Запуск Numba-оптимизированного бэктеста для APEXUSDT-KASTAUSDT
2026-01-23 11:33:44,807 - coint2.engine.numba_engine - INFO - Запуск Numba-оптимизированного бэктеста для AXSUSDT-KUBUSDT
2026-01-23 11:33:44,858 - coint2.engine.numba_engine - INFO - Запуск Numba-оптимизированного бэктеста для ARTYUSDT-GENEUSDT
2026-01-23 11:33:44,861 - coint2.engine.numba_engine - INFO - 🔍 ДИАГНОСТИКА FLOWUSDT-HVHUSDT:
2026-01-23 11:33:44,861 - coint2.engine.numba_engine - INFO -    entry_threshold: 1.0
2026-01-23 11:33:44,861 - coint2.engine.numba_engine - INFO -    exit_threshold: 0.06
2026-01-23 11:33:44,861 - coint2.engine.numba_engine - INFO -    Макс |z_score|: 5.6862
2026-01-23 11:33:44,862 - coint2.engine.numba_engine - INFO -    Позиций != 0: 659
2026-01-23 11:33:44,862 - coint2.engine.numba_engine - INFO -    Изменений позиций: 71
2026-01-23 11:33:44,862 - coint2.engine.numba_engine - INFO -    PnL сумма: 11.2458
2026-01-23 11:33:44,886 - coint2.engine.numba_engine - INFO -    Первые 10 z_scores: [1.4231215  1.170881   0.91543454 0.7576492  0.87377423 0.73298055
 0.4843788  0.43646535 0.9170312  0.68358904]
2026-01-23 11:33:44,886 - coint2.engine.numba_engine - INFO -    Превышают порог: 1360
2026-01-23 11:33:44,924 - coint2.engine.numba_engine - INFO - Запуск Numba-оптимизированного бэктеста для AFCUSDT-ANKRUSDT
2026-01-23 11:33:44,949 - coint2.engine.numba_engine - INFO - Запуск Numba-оптимизированного бэктеста для ATOMUSDT-GODSUSDT
2026-01-23 11:33:44,976 - coint2.engine.numba_engine - INFO - Запуск Numba-оптимизированного бэктеста для APEXUSDC-AVAUSDT
2026-01-23 11:33:44,980 - coint2.engine.numba_engine - INFO - Запуск Numba-оптимизированного бэктеста для DYDXUSDT-KCALUSDT
2026-01-23 11:33:44,985 - coint2.engine.numba_engine - INFO - Запуск Numba-оптимизированного бэктеста для CELOUSDT-FITFIUSDT
2026-01-23 11:33:45,024 - coint2.engine.numba_engine - INFO - Запуск Numba-оптимизированного бэктеста для APEUSDC-HFTUSDT
2026-01-23 11:33:45,058 - coint2.engine.numba_engine - INFO - Запуск Numba-оптимизированного бэктеста для ATOMUSDT-KCALUSDT
2026-01-23 11:33:45,073 - coint2.engine.numba_engine - INFO - Запуск Numba-оптимизированного бэктеста для AFCUSDT-BICOUSDT
2026-01-23 11:33:45,098 - coint2.engine.numba_engine - INFO - Запуск Numba-оптимизированного бэктеста для CAKEUSDT-FIDAUSDT
2026-01-23 11:33:45,128 - coint2.engine.numba_engine - INFO - Запуск Numba-оптимизированного бэктеста для AXLUSDT-FILUSDT
2026-01-23 11:33:45,133 - coint2.engine.numba_engine - INFO - Запуск Numba-оптимизированного бэктеста для ARTYUSDT-KDAUSDT
2026-01-23 11:33:45,189 - coint2.engine.numba_engine - INFO - Запуск Numba-оптимизированного бэктеста для GALFTUSDT-HVHUSDT
2026-01-23 11:33:45,247 - coint2.engine.numba_engine - INFO - 🔍 ДИАГНОСТИКА GALFTUSDT-HVHUSDT:
2026-01-23 11:33:45,247 - coint2.engine.numba_engine - INFO -    entry_threshold: 1.0
2026-01-23 11:33:45,247 - coint2.engine.numba_engine - INFO -    exit_threshold: 0.06
2026-01-23 11:33:45,247 - coint2.engine.numba_engine - INFO -    Макс |z_score|: 10.4103
2026-01-23 11:33:45,247 - coint2.engine.numba_engine - INFO -    Позиций != 0: 718
2026-01-23 11:33:45,247 - coint2.engine.numba_engine - INFO -    Изменений позиций: 65
2026-01-23 11:33:45,248 - coint2.engine.numba_engine - INFO -    PnL сумма: 4.4126
2026-01-23 11:33:45,251 - coint2.engine.numba_engine - INFO - Запуск Numba-оптимизированного бэктеста для FTTUSDT-KSMUSDT
2026-01-23 11:33:45,268 - coint2.engine.numba_engine - INFO - Запуск Numba-оптимизированного бэктеста для CTCUSDT-DMAILUSDT
2026-01-23 11:33:45,271 - coint2.engine.numba_engine - INFO -    Первые 10 z_scores: [0.25753918 0.2817404  0.27650234 0.2711627  0.27138817 0.27258173
 0.2671839  0.3034511  0.28870547 0.27344045]
2026-01-23 11:33:45,272 - coint2.engine.numba_engine - INFO -    Превышают порог: 1355
2026-01-23 11:33:45,274 - coint2.engine.numba_engine - INFO - Запуск Numba-оптимизированного бэктеста для AXLUSDT-FILUSDC
2026-01-23 11:33:45,331 - coint2.engine.numba_engine - INFO - Запуск Numba-оптимизированного бэктеста для AFCUSDT-C98USDT
2026-01-23 11:33:45,374 - coint2.engine.numba_engine - INFO - Запуск Numba-оптимизированного бэктеста для APEUSDC-GODSUSDT
2026-01-23 11:33:45,382 - coint2.engine.numba_engine - INFO - Запуск Numba-оптимизированного бэктеста для CELOUSDT-CGPTUSDT
2026-01-23 11:33:45,468 - coint2.engine.numba_engine - INFO - Запуск Numba-оптимизированного бэктеста для AGLDUSDT-KUBUSDT
2026-01-23 11:33:45,472 - coint2.engine.numba_engine - INFO - Запуск Numba-оптимизированного бэктеста для APEUSDT-GODSUSDT
2026-01-23 11:33:45,582 - coint2.engine.numba_engine - INFO - Запуск Numba-оптимизированного бэктеста для DMAILUSDT-GMTUSDC
2026-01-23 11:33:45,762 - INFO -   ⏱️ Параллельная обработка завершена за 2.7с (18.7 пар/с)
2026-01-23 11:33:45,849 - coint2.pipeline.walk_forward_orchestrator - INFO - 🎯 СИМУЛЯЦИЯ ПОРТФЕЛЯ: 50 пар, лимит 15 позиций
2026-01-23 11:33:46,843 - coint2.pipeline.walk_forward_orchestrator - INFO -    📈 Макс. одновременных сигналов: 32
2026-01-23 11:33:46,843 - coint2.pipeline.walk_forward_orchestrator - INFO -    📊 Средн. сигналов за период: 17.0
2026-01-23 11:33:46,844 - coint2.pipeline.walk_forward_orchestrator - INFO -    🎯 Финальных активных позиций: 10
2026-01-23 11:33:46,845 - coint2.pipeline.walk_forward_orchestrator - INFO -    ⚡ Утилизация лимита позиций: 91.5%
2026-01-23 11:33:46,846 - INFO - ⇠ WF-шаг 1/5 backtests — completed 50 items in 3.75s (13.3 items/s)
2026-01-23 11:33:46,846 - INFO -   ✅ Обработка завершена: 50 успешно, 0 с ошибками
2026-01-23 11:33:46,846 - INFO -   📊 Успешность: 100.0%, прибыльность: 48.0%, сделок/пара: 42.8
2026-01-23 11:33:46,846 - INFO -   ✅ Завершены бэктесты для 50 пар
2026-01-23 11:33:46,846 - INFO -   📊 Всего обработано пар в этом шаге: 50
2026-01-23 11:33:46,846 - INFO -   📈 Результаты шага: 24/50 прибыльных пар, 2139 сделок
2026-01-23 11:33:46,846 - INFO -   💰 P&L шага: $-142.93
2026-01-23 11:33:46,846 - INFO -   ⇢ Обновление капитала и дневного P&L...
2026-01-23 11:33:48,060 - INFO -   💼 Шаг P&L: $-142.93, Накопленный капитал: $857.07
2026-01-23 11:33:48,060 - INFO - ------------------------------------------------------------
2026-01-23 11:33:48,060 - INFO -   Walk-forward steps: 1 / 5 (20.0%) | 0.0 items/s | ETA: 117.3s
2026-01-23 11:33:48,060 - INFO - 🔍 WF-шаг 2/5: Валидация временных окон...
2026-01-23 11:33:48,061 - INFO - ⇢ WF-шаг 2/5: training 2024-03-02-2024-05-30, testing 2024-05-31-2024-06-30 — start
2026-01-23 11:33:48,061 - INFO - ⇢ loading step data — start
2026-01-23 11:33:48,538 - INFO - ⇠ loading step data — done in 0.48s
2026-01-23 11:33:51,854 - INFO - 📊 WF-шаг 2/5: Границы данных:
2026-01-23 11:33:51,854 - INFO -    Training: 2024-03-02 00:00:00 → 2024-05-30 23:45:00 (8,640 строк × 432 символов)
2026-01-23 11:33:51,854 - INFO -    Testing:  2024-05-31 00:00:00 → 2024-06-30 00:00:00 (2,881 строк × 432 символов)
2026-01-23 11:33:51,854 - INFO -    Временной разрыв: 0 days 00:15:00
2026-01-23 11:33:51,914 - INFO - ⇢ normalizing training data — start
2026-01-23 11:33:51,969 - INFO -   Символы с NaN значениями: 86
2026-01-23 11:33:51,969 - INFO -   Применяем метод нормализации: rolling_zscore
2026-01-23 11:33:52,002 - INFO - Символы с недостаточной историей: 77 из 432
2026-01-23 11:33:52,933 - INFO - Символы с NaN после нормализации: 355
2026-01-23 11:33:52,945 - INFO - Удалено 1673 начальных строк с NaN от rolling расчетов
2026-01-23 11:33:52,948 - INFO - Итоговое количество символов после нормализации: 355 из 432
2026-01-23 11:33:52,948 - INFO -   Статистика нормализации:
2026-01-23 11:33:52,948 - INFO -     Исходные символы: 432
2026-01-23 11:33:52,948 - INFO -     Недостаточная история: 77
2026-01-23 11:33:52,948 - INFO -     Постоянная цена: 0
2026-01-23 11:33:52,948 - INFO -     NaN после нормализации: 355
2026-01-23 11:33:52,949 - INFO -     Итоговые символы: 355 (82.2%)
2026-01-23 11:33:52,949 - INFO -   После нормализации: 355 символов (потеряно 77)
2026-01-23 11:33:52,949 - INFO -   Отброшено много символов: 77 из 432
2026-01-23 11:33:52,949 - INFO - ⇠ normalizing training data — done in 1.03s
2026-01-23 11:33:52,949 - INFO -   Фиксированный universe: 250 пар (отфильтровано 0 недоступных)
2026-01-23 11:33:52,949 - INFO - ⇢ filtering pairs by cointegration and half-life — start
2026-01-23 11:33:52,950 - INFO - [ФИЛЬТР] Параллельная фильтрация: threads (8 workers)
2026-01-23 11:34:10,351 - INFO - [ФИЛЬТР] После проверки данных: 250 пар
2026-01-23 11:34:10,352 - INFO - [ФИЛЬТР] После фильтра корреляции (>0.4): 231 пар
2026-01-23 11:34:10,352 - INFO - [ФИЛЬТР] После фильтра beta: 194 пар
2026-01-23 11:34:10,352 - INFO - [ФИЛЬТР] После фильтра mean crossings: 194 пар
2026-01-23 11:34:10,352 - INFO - [ФИЛЬТР] После фильтра half-life: 194 пар
2026-01-23 11:34:10,352 - INFO - [ФИЛЬТР] После фильтра коинтеграции: 165 пар
2026-01-23 11:34:10,352 - INFO - [ФИЛЬТР] После фильтра Hurst: 115 пар
2026-01-23 11:34:10,352 - INFO - [ФИЛЬТР] После фильтра KPSS: 115 пар
2026-01-23 11:34:10,352 - INFO - [ФИЛЬТР] После фильтра market microstructure: 115 пар
2026-01-23 11:34:10,352 - INFO - [ФИЛЬТР] Статистика фильтрации (оптимизированный порядок):
2026-01-23 11:34:10,352 - INFO -   1. SSD → Коинтеграция: 250 → 165 пар
2026-01-23 11:34:10,352 - INFO -   2. Коинтеграция → Beta: 165 → 194 пар
2026-01-23 11:34:10,352 - INFO -   3. Beta → Half-life: 194 → 194 пар
2026-01-23 11:34:10,352 - INFO -   4. Half-life → Mean crossings: 194 → 194 пар
2026-01-23 11:34:10,352 - INFO -   5. Mean crossings → Hurst: 194 → 115 пар
2026-01-23 11:34:10,352 - INFO -   6. Hurst → KPSS: 115 → 115 пар
2026-01-23 11:34:10,352 - INFO -   7. KPSS → Market microstructure: 115 → 115 пар
2026-01-23 11:34:10,352 - INFO - [ФИЛЬТР] Причины отсева:
2026-01-23 11:34:10,352 - INFO -   • hurst: 50 пар (20.0%)
2026-01-23 11:34:10,352 - INFO -   • beta: 37 пар (14.8%)
2026-01-23 11:34:10,352 - INFO -   • pvalue: 29 пар (11.6%)
2026-01-23 11:34:10,352 - INFO -   • low_correlation: 19 пар (7.6%)
2026-01-23 11:34:10,352 - INFO - [ФИЛЬТР] Итого: 250 → 115 пар (46.0% прошли все фильтры)
2026-01-23 11:34:10,354 - INFO - Причины отсева сохранены в results/filter_reasons_20260123_113410.csv
2026-01-23 11:34:10,356 - INFO -   Pair stability filter: 115 → 87 (window=2, min_steps=1, history=1)
2026-01-23 11:34:10,356 - INFO -   Фильтрация: 250 → 87 пар
2026-01-23 11:34:10,356 - INFO - ⇠ filtering pairs by cointegration and half-life — done in 17.41s
2026-01-23 11:34:10,356 - INFO - ⇠ WF-шаг 2/5: training 2024-03-02-2024-05-30, testing 2024-05-31-2024-06-30 — done in 22.30s
2026-01-23 11:34:10,356 - INFO -   Ограничение max_pairs=50: 87 → 50
2026-01-23 11:34:10,360 - INFO -   Топ-3 пары по волатильности спреда:
2026-01-23 11:34:10,360 - INFO -     1. BTCDAI-BTCEUR: beta=1.1387, std=658.9744
2026-01-23 11:34:10,360 - INFO -     2. ETHUSDC-ETHUSDT: beta=1.0013, std=2.1640
2026-01-23 11:34:10,361 - INFO -     3. CYBERUSDT-FIDAUSDT: beta=18.0281, std=1.0583
2026-01-23 11:34:10,361 - INFO -   Всего пар для торговли: 50 (ограничение 15 применяется к одновременно открытым позициям)
2026-01-23 11:34:10,361 - INFO -   💰 Проверка расчета капитала: equity=$857.07, кандидатных_пар=50, max_позиций=15
2026-01-23 11:34:10,361 - INFO -   🎯 Target concurrency: 15 (ожидаемое одновременное число позиций)
2026-01-23 11:34:10,361 - INFO -   📊 Детали расчета капитала:
2026-01-23 11:34:10,361 - INFO -      • Базовый капитал на пару: $57.14 (equity / target_concurrency)
2026-01-23 11:34:10,362 - INFO -      • Риск-капитал: $8.57 (1.0% от equity)
2026-01-23 11:34:10,362 - INFO -      • Макс. размер позиции: $17.14 (2.0% от equity)
2026-01-23 11:34:10,362 - INFO -      • Итоговый капитал на пару: $8.57
2026-01-23 11:34:10,362 - INFO - ⇢ WF-шаг 2/5 backtests — starting 50 items
2026-01-23 11:34:10,362 - INFO - 🚀 WF-шаг 2/5: Начинаем бэктесты для 50 пар...
2026-01-23 11:34:10,362 - INFO - 🚀 WF-шаг 2/5: Запускаем параллельную обработку 50 пар на 8 ядрах...
2026-01-23 11:34:10,362 - INFO - 🚀 WF-шаг 2/5: Режим параллельности: процессы
⚙️  Загрузка данных за период: 2024-03-02 -> 2024-06-30
📂 Найдено 43 parquet файлов для обработки.
📊 Схема данных: Schema({'timestamp': Int64, 'open': Float64, 'high': Float64, 'low': Float64, 'close': Float64, 'volume': Float64, 'turnover': String, 'ts_ms': Int64, 'symbol': String})
✅ Загружено 4429881 записей с помощью Polars.
📊 Типы данных в pandas: timestamp       datetime64[us]
symbol                  object
close                  float64
timestamp_ms             int64
dtype: object
2026-01-23 11:34:10,598 - coint2.engine.numba_engine - INFO - Запуск Numba-оптимизированного бэктеста для BTCDAI-BTCEUR
2026-01-23 11:34:10,704 - coint2.engine.numba_engine - INFO - Запуск Numba-оптимизированного бэктеста для ETHUSDC-ETHUSDT
2026-01-23 11:34:10,833 - coint2.engine.numba_engine - INFO - Запуск Numba-оптимизированного бэктеста для CYBERUSDT-FIDAUSDT
2026-01-23 11:34:10,931 - coint2.engine.numba_engine - INFO - Запуск Numba-оптимизированного бэктеста для HNTUSDT-INTERUSDT
2026-01-23 11:34:11,025 - coint2.engine.numba_engine - INFO - Запуск Numba-оптимизированного бэктеста для ATOMUSDT-GODSUSDT
2026-01-23 11:34:11,038 - coint2.engine.numba_engine - INFO - Запуск Numba-оптимизированного бэктеста для FILUSDT-JUVUSDT
2026-01-23 11:34:11,108 - coint2.engine.numba_engine - INFO - Запуск Numba-оптимизированного бэктеста для ATOMUSDT-KDAUSDT
2026-01-23 11:34:11,157 - coint2.engine.numba_engine - INFO - Запуск Numba-оптимизированного бэктеста для FILUSDC-JUVUSDT
2026-01-23 11:34:11,158 - coint2.engine.numba_engine - INFO - Запуск Numba-оптимизированного бэктеста для CITYUSDT-KASTAUSDT
2026-01-23 11:34:11,240 - coint2.engine.numba_engine - INFO - Запуск Numba-оптимизированного бэктеста для AFCUSDT-C98USDT
2026-01-23 11:34:11,272 - coint2.engine.numba_engine - INFO - Запуск Numba-оптимизированного бэктеста для GALFTUSDT-GRTUSDT
2026-01-23 11:34:11,275 - coint2.engine.numba_engine - INFO - Запуск Numba-оптимизированного бэктеста для FLOWUSDT-HVHUSDT
2026-01-23 11:34:11,291 - coint2.engine.numba_engine - INFO - Запуск Numba-оптимизированного бэктеста для FILUSDC-GTAIUSDT
2026-01-23 11:34:11,324 - coint2.engine.numba_engine - INFO - 🔍 ДИАГНОСТИКА FLOWUSDT-HVHUSDT:
2026-01-23 11:34:11,324 - coint2.engine.numba_engine - INFO -    entry_threshold: 1.0
2026-01-23 11:34:11,324 - coint2.engine.numba_engine - INFO -    exit_threshold: 0.06
2026-01-23 11:34:11,335 - coint2.engine.numba_engine - INFO -    Макс |z_score|: 16.6024
2026-01-23 11:34:11,336 - coint2.engine.numba_engine - INFO -    Позиций != 0: 0
2026-01-23 11:34:11,336 - coint2.engine.numba_engine - INFO -    Изменений позиций: 1
2026-01-23 11:34:11,336 - coint2.engine.numba_engine - INFO -    PnL сумма: 0.0000
2026-01-23 11:34:11,337 - coint2.engine.numba_engine - INFO -    Первые 10 z_scores: [-1.3505305 -1.7185029 -1.4328145 -1.3039925 -1.6309805 -1.5539491
 -1.4519924 -1.5030717 -1.0084609 -1.3187553]
2026-01-23 11:34:11,337 - coint2.engine.numba_engine - INFO -    Превышают порог: 1404
2026-01-23 11:34:11,351 - coint2.engine.numba_engine - INFO - Запуск Numba-оптимизированного бэктеста для APEUSDC-HFTUSDT
2026-01-23 11:34:11,359 - coint2.engine.numba_engine - INFO - Запуск Numba-оптимизированного бэктеста для APEXUSDT-KASTAUSDT
2026-01-23 11:34:11,395 - coint2.engine.numba_engine - INFO - Запуск Numba-оптимизированного бэктеста для AFCUSDT-CITYUSDT
2026-01-23 11:34:11,399 - coint2.engine.numba_engine - INFO - Запуск Numba-оптимизированного бэктеста для FILUSDT-GTAIUSDT
2026-01-23 11:34:11,401 - coint2.engine.numba_engine - INFO - Запуск Numba-оптимизированного бэктеста для DMAILUSDT-GMTUSDT
2026-01-23 11:34:11,501 - coint2.engine.numba_engine - INFO - Запуск Numba-оптимизированного бэктеста для HOOKUSDT-KAVAUSDT
2026-01-23 11:34:11,502 - coint2.engine.numba_engine - INFO - Запуск Numba-оптимизированного бэктеста для AGLDUSDT-HFTUSDC
2026-01-23 11:34:11,503 - coint2.engine.numba_engine - INFO - Запуск Numba-оптимизированного бэктеста для AXLUSDT-FILUSDC
2026-01-23 11:34:11,495 - coint2.engine.numba_engine - INFO - Запуск Numba-оптимизированного бэктеста для CAKEUSDT-FIDAUSDT
2026-01-23 11:34:11,537 - coint2.engine.numba_engine - INFO - Запуск Numba-оптимизированного бэктеста для FIDAUSDT-KAVAUSDT
2026-01-23 11:34:11,602 - coint2.engine.numba_engine - INFO - Запуск Numba-оптимизированного бэктеста для HOOKUSDT-ICXUSDT
2026-01-23 11:34:11,614 - coint2.engine.numba_engine - INFO - Запуск Numba-оптимизированного бэктеста для AXLUSDT-FILUSDT
2026-01-23 11:34:11,617 - coint2.engine.numba_engine - INFO - Запуск Numba-оптимизированного бэктеста для CBKUSDT-FILUSDC
2026-01-23 11:34:11,633 - coint2.engine.numba_engine - INFO - Запуск Numba-оптимизированного бэктеста для DYDXUSDT-KCALUSDT
2026-01-23 11:34:11,660 - coint2.engine.numba_engine - INFO - Запуск Numba-оптимизированного бэктеста для AGLDUSDT-HFTUSDT
2026-01-23 11:34:11,699 - coint2.engine.numba_engine - INFO - Запуск Numba-оптимизированного бэктеста для CGPTUSDT-FILUSDT
2026-01-23 11:34:11,736 - coint2.engine.numba_engine - INFO - Запуск Numba-оптимизированного бэктеста для CELOUSDT-FITFIUSDT
2026-01-23 11:34:11,742 - coint2.engine.numba_engine - INFO - Запуск Numba-оптимизированного бэктеста для CBKUSDT-FILUSDT
2026-01-23 11:34:11,770 - coint2.engine.numba_engine - INFO - Запуск Numba-оптимизированного бэктеста для 1INCHUSDT-KUBUSDT
2026-01-23 11:34:11,779 - coint2.engine.numba_engine - INFO - Запуск Numba-оптимизированного бэктеста для ARTYUSDT-KDAUSDT
2026-01-23 11:34:11,772 - coint2.engine.numba_engine - INFO - Запуск Numba-оптимизированного бэктеста для FTTUSDT-KSMUSDT
2026-01-23 11:34:11,810 - coint2.engine.numba_engine - INFO - Запуск Numba-оптимизированного бэктеста для CTCUSDT-DMAILUSDT
2026-01-23 11:34:11,846 - coint2.engine.numba_engine - INFO - Запуск Numba-оптимизированного бэктеста для BICOUSDT-DUELUSDT
2026-01-23 11:34:11,914 - coint2.engine.numba_engine - INFO - Запуск Numba-оптимизированного бэктеста для ARTYUSDT-GENEUSDT
2026-01-23 11:34:11,948 - coint2.engine.numba_engine - INFO - Запуск Numba-оптимизированного бэктеста для BICOUSDT-KASTAUSDT
2026-01-23 11:34:11,955 - coint2.engine.numba_engine - INFO - Запуск Numba-оптимизированного бэктеста для FIDAUSDT-HOOKUSDT
2026-01-23 11:34:11,979 - coint2.engine.numba_engine - INFO - Запуск Numba-оптимизированного бэктеста для AFCUSDT-BICOUSDT
2026-01-23 11:34:11,970 - coint2.engine.numba_engine - INFO - Запуск Numba-оптимизированного бэктеста для ENJUSDT-GTAIUSDT
2026-01-23 11:34:12,012 - coint2.engine.numba_engine - INFO - Запуск Numba-оптимизированного бэктеста для CELOUSDT-CGPTUSDT
2026-01-23 11:34:12,102 - coint2.engine.numba_engine - INFO - Запуск Numba-оптимизированного бэктеста для BICOUSDT-ETHWUSDT
2026-01-23 11:34:12,116 - coint2.engine.numba_engine - INFO - Запуск Numba-оптимизированного бэктеста для CELOUSDT-FLOWUSDT
2026-01-23 11:34:12,124 - coint2.engine.numba_engine - INFO - Запуск Numba-оптимизированного бэктеста для AGLDUSDT-KUBUSDT
2026-01-23 11:34:12,222 - coint2.engine.numba_engine - INFO - Запуск Numba-оптимизированного бэктеста для CGPTUSDT-FILUSDC
2026-01-23 11:34:12,233 - coint2.engine.numba_engine - INFO - Запуск Numba-оптимизированного бэктеста для AVAUSDT-FITFIUSDT
2026-01-23 11:34:12,241 - coint2.engine.numba_engine - INFO - Запуск Numba-оптимизированного бэктеста для DMAILUSDT-GMTUSDC
2026-01-23 11:34:12,358 - coint2.engine.numba_engine - INFO - Запуск Numba-оптимизированного бэктеста для CBKUSDT-ENJUSDT
2026-01-23 11:34:12,462 - coint2.engine.numba_engine - INFO - Запуск Numba-оптимизированного бэктеста для CRVUSDT-HFTUSDC
2026-01-23 11:34:12,619 - INFO -   ⏱️ Параллельная обработка завершена за 2.3с (22.2 пар/с)
2026-01-23 11:34:12,730 - coint2.pipeline.walk_forward_orchestrator - INFO - 🎯 СИМУЛЯЦИЯ ПОРТФЕЛЯ: 50 пар, лимит 15 позиций
2026-01-23 11:34:13,732 - coint2.pipeline.walk_forward_orchestrator - INFO -    📈 Макс. одновременных сигналов: 0
2026-01-23 11:34:13,732 - coint2.pipeline.walk_forward_orchestrator - INFO -    📊 Средн. сигналов за период: 0.0
2026-01-23 11:34:13,732 - coint2.pipeline.walk_forward_orchestrator - INFO -    🎯 Финальных активных позиций: 0
2026-01-23 11:34:13,733 - coint2.pipeline.walk_forward_orchestrator - INFO -    ⚡ Утилизация лимита позиций: 0.0%
2026-01-23 11:34:13,734 - INFO - ⇠ WF-шаг 2/5 backtests — completed 50 items in 3.37s (14.8 items/s)
2026-01-23 11:34:13,734 - INFO -   ✅ Обработка завершена: 50 успешно, 0 с ошибками
2026-01-23 11:34:13,734 - INFO -   📊 Успешность: 100.0%, прибыльность: 0.0%, сделок/пара: 0.0
2026-01-23 11:34:13,734 - INFO -   ✅ Завершены бэктесты для 50 пар
2026-01-23 11:34:13,734 - INFO -   📊 Всего обработано пар в этом шаге: 50
2026-01-23 11:34:13,734 - INFO -   📈 Результаты шага: 0/50 прибыльных пар, 0 сделок
2026-01-23 11:34:13,734 - INFO -   💰 P&L шага: $+0.00
2026-01-23 11:34:13,734 - INFO -   ⇢ Обновление капитала и дневного P&L...
2026-01-23 11:34:15,079 - INFO -   💼 Шаг P&L: $+0.00, Накопленный капитал: $857.07
2026-01-23 11:34:15,080 - INFO - ------------------------------------------------------------
2026-01-23 11:34:15,080 - INFO -   Walk-forward steps: 2 / 5 (40.0%) | 0.0 items/s | ETA: 84.5s
2026-01-23 11:34:15,080 - INFO - 🔍 WF-шаг 3/5: Валидация временных окон...
2026-01-23 11:34:15,081 - INFO - ⇢ WF-шаг 3/5: training 2024-04-01-2024-06-29, testing 2024-06-30-2024-07-30 — start
2026-01-23 11:34:15,081 - INFO - ⇢ loading step data — start
2026-01-23 11:34:15,573 - INFO - ⇠ loading step data — done in 0.49s
2026-01-23 11:34:19,266 - INFO - 📊 WF-шаг 3/5: Границы данных:
2026-01-23 11:34:19,267 - INFO -    Training: 2024-04-01 00:00:00 → 2024-06-29 23:45:00 (8,640 строк × 451 символов)
2026-01-23 11:34:19,267 - INFO -    Testing:  2024-06-30 00:00:00 → 2024-07-30 00:00:00 (2,881 строк × 451 символов)
2026-01-23 11:34:19,267 - INFO -    Временной разрыв: 0 days 00:15:00
2026-01-23 11:34:19,334 - INFO - ⇢ normalizing training data — start
2026-01-23 11:34:19,395 - INFO -   Символы с NaN значениями: 91
2026-01-23 11:34:19,396 - INFO -   Применяем метод нормализации: rolling_zscore
2026-01-23 11:34:19,427 - INFO - Символы с недостаточной историей: 75 из 451
2026-01-23 11:34:20,348 - INFO - Символы с NaN после нормализации: 376
2026-01-23 11:34:20,359 - INFO - Удалено 1959 начальных строк с NaN от rolling расчетов
2026-01-23 11:34:20,364 - INFO - Итоговое количество символов после нормализации: 376 из 451
2026-01-23 11:34:20,368 - INFO -   Статистика нормализации:
2026-01-23 11:34:20,368 - INFO -     Исходные символы: 451
2026-01-23 11:34:20,368 - INFO -     Недостаточная история: 75
2026-01-23 11:34:20,368 - INFO -     Постоянная цена: 0
2026-01-23 11:34:20,368 - INFO -     NaN после нормализации: 376
2026-01-23 11:34:20,368 - INFO -     Итоговые символы: 376 (83.4%)
2026-01-23 11:34:20,368 - INFO -   После нормализации: 376 символов (потеряно 75)
2026-01-23 11:34:20,368 - INFO -   Отброшено много символов: 75 из 451
2026-01-23 11:34:20,368 - INFO - ⇠ normalizing training data — done in 1.03s
2026-01-23 11:34:20,369 - INFO -   Фиксированный universe: 250 пар (отфильтровано 0 недоступных)
2026-01-23 11:34:20,369 - INFO - ⇢ filtering pairs by cointegration and half-life — start
2026-01-23 11:34:20,369 - INFO - [ФИЛЬТР] Параллельная фильтрация: threads (8 workers)
2026-01-23 11:34:35,762 - INFO - [ФИЛЬТР] После проверки данных: 250 пар
2026-01-23 11:34:35,762 - INFO - [ФИЛЬТР] После фильтра корреляции (>0.4): 224 пар
2026-01-23 11:34:35,762 - INFO - [ФИЛЬТР] После фильтра beta: 198 пар
2026-01-23 11:34:35,762 - INFO - [ФИЛЬТР] После фильтра mean crossings: 198 пар
2026-01-23 11:34:35,762 - INFO - [ФИЛЬТР] После фильтра half-life: 198 пар
2026-01-23 11:34:35,762 - INFO - [ФИЛЬТР] После фильтра коинтеграции: 140 пар
2026-01-23 11:34:35,762 - INFO - [ФИЛЬТР] После фильтра Hurst: 113 пар
2026-01-23 11:34:35,762 - INFO - [ФИЛЬТР] После фильтра KPSS: 113 пар
2026-01-23 11:34:35,762 - INFO - [ФИЛЬТР] После фильтра market microstructure: 113 пар
2026-01-23 11:34:35,762 - INFO - [ФИЛЬТР] Статистика фильтрации (оптимизированный порядок):
2026-01-23 11:34:35,762 - INFO -   1. SSD → Коинтеграция: 250 → 140 пар
2026-01-23 11:34:35,762 - INFO -   2. Коинтеграция → Beta: 140 → 198 пар
2026-01-23 11:34:35,762 - INFO -   3. Beta → Half-life: 198 → 198 пар
2026-01-23 11:34:35,762 - INFO -   4. Half-life → Mean crossings: 198 → 198 пар
2026-01-23 11:34:35,762 - INFO -   5. Mean crossings → Hurst: 198 → 113 пар
2026-01-23 11:34:35,762 - INFO -   6. Hurst → KPSS: 113 → 113 пар
2026-01-23 11:34:35,763 - INFO -   7. KPSS → Market microstructure: 113 → 113 пар
2026-01-23 11:34:35,763 - INFO - [ФИЛЬТР] Причины отсева:
2026-01-23 11:34:35,763 - INFO -   • pvalue: 58 пар (23.2%)
2026-01-23 11:34:35,763 - INFO -   • hurst: 27 пар (10.8%)
2026-01-23 11:34:35,763 - INFO -   • low_correlation: 26 пар (10.4%)
2026-01-23 11:34:35,763 - INFO -   • beta: 26 пар (10.4%)
2026-01-23 11:34:35,763 - INFO - [ФИЛЬТР] Итого: 250 → 113 пар (45.2% прошли все фильтры)
2026-01-23 11:34:35,767 - INFO - Причины отсева сохранены в results/filter_reasons_20260123_113435.csv
2026-01-23 11:34:35,772 - INFO -   Pair stability filter: 113 → 93 (window=2, min_steps=1, history=2)
2026-01-23 11:34:35,773 - INFO -   Фильтрация: 250 → 93 пар
2026-01-23 11:34:35,773 - INFO - ⇠ filtering pairs by cointegration and half-life — done in 15.40s
2026-01-23 11:34:35,773 - INFO - ⇠ WF-шаг 3/5: training 2024-04-01-2024-06-29, testing 2024-06-30-2024-07-30 — done in 20.69s
2026-01-23 11:34:35,773 - INFO -   Ограничение max_pairs=50: 93 → 50
2026-01-23 11:34:35,773 - INFO -   Топ-3 пары по волатильности спреда:
2026-01-23 11:34:35,773 - INFO -     1. BTCDAI-BTCEUR: beta=1.1442, std=520.0727
2026-01-23 11:34:35,773 - INFO -     2. ETHDAI-ETHEUR: beta=1.1177, std=26.8390
2026-01-23 11:34:35,773 - INFO -     3. AAVEUSDT-GALFTUSDT: beta=13.9468, std=10.8089
2026-01-23 11:34:35,773 - INFO -   Всего пар для торговли: 50 (ограничение 15 применяется к одновременно открытым позициям)
2026-01-23 11:34:35,774 - INFO -   💰 Проверка расчета капитала: equity=$857.07, кандидатных_пар=50, max_позиций=15
2026-01-23 11:34:35,774 - INFO -   🎯 Target concurrency: 15 (ожидаемое одновременное число позиций)
2026-01-23 11:34:35,774 - INFO -   📊 Детали расчета капитала:
2026-01-23 11:34:35,774 - INFO -      • Базовый капитал на пару: $57.14 (equity / target_concurrency)
2026-01-23 11:34:35,774 - INFO -      • Риск-капитал: $8.57 (1.0% от equity)
2026-01-23 11:34:35,774 - INFO -      • Макс. размер позиции: $17.14 (2.0% от equity)
2026-01-23 11:34:35,774 - INFO -      • Итоговый капитал на пару: $8.57
2026-01-23 11:34:35,775 - INFO - ⇢ WF-шаг 3/5 backtests — starting 50 items
2026-01-23 11:34:35,775 - INFO - 🚀 WF-шаг 3/5: Начинаем бэктесты для 50 пар...
2026-01-23 11:34:35,775 - INFO - 🚀 WF-шаг 3/5: Запускаем параллельную обработку 50 пар на 8 ядрах...
2026-01-23 11:34:35,775 - INFO - 🚀 WF-шаг 3/5: Режим параллельности: процессы
⚙️  Загрузка данных за период: 2024-04-01 -> 2024-07-30
📂 Найдено 43 parquet файлов для обработки.
📊 Схема данных: Schema({'timestamp': Int64, 'open': Float64, 'high': Float64, 'low': Float64, 'close': Float64, 'volume': Float64, 'turnover': String, 'ts_ms': Int64, 'symbol': String})
✅ Загружено 4689651 записей с помощью Polars.
📊 Типы данных в pandas: timestamp       datetime64[us]
symbol                  object
close                  float64
timestamp_ms             int64
dtype: object
2026-01-23 11:34:35,920 - coint2.engine.numba_engine - INFO - Запуск Numba-оптимизированного бэктеста для BTCDAI-BTCEUR
2026-01-23 11:34:35,987 - coint2.engine.numba_engine - INFO - Запуск Numba-оптимизированного бэктеста для ETHDAI-ETHEUR
2026-01-23 11:34:36,112 - coint2.engine.numba_engine - INFO - Запуск Numba-оптимизированного бэктеста для AAVEUSDT-GALFTUSDT
2026-01-23 11:34:36,159 - coint2.engine.numba_engine - INFO - Запуск Numba-оптимизированного бэктеста для FILUSDC-JUVUSDT
2026-01-23 11:34:36,227 - coint2.engine.numba_engine - INFO - Запуск Numba-оптимизированного бэктеста для ETCUSDT-JUVUSDT
2026-01-23 11:34:36,235 - coint2.engine.numba_engine - INFO - Запуск Numba-оптимизированного бэктеста для DOTUSDT-KUBUSDT
2026-01-23 11:34:36,301 - coint2.engine.numba_engine - INFO - Запуск Numba-оптимизированного бэктеста для FTTUSDT-KSMUSDT
2026-01-23 11:34:36,349 - coint2.engine.numba_engine - INFO - Запуск Numba-оптимизированного бэктеста для FILUSDT-JUVUSDT
2026-01-23 11:34:36,363 - coint2.engine.numba_engine - INFO - Запуск Numba-оптимизированного бэктеста для ETHUSDC-ETHUSDT
2026-01-23 11:34:36,379 - coint2.engine.numba_engine - INFO - Запуск Numba-оптимизированного бэктеста для FLOWUSDT-IZIUSDT
2026-01-23 11:34:36,453 - coint2.engine.numba_engine - INFO - Запуск Numba-оптимизированного бэктеста для DOTUSDC-FTTUSDT
2026-01-23 11:34:36,478 - coint2.engine.numba_engine - INFO - Запуск Numba-оптимизированного бэктеста для DOTUSDC-KUBUSDT
2026-01-23 11:34:36,481 - coint2.engine.numba_engine - INFO - Запуск Numba-оптимизированного бэктеста для APEUSDT-HFTUSDC
2026-01-23 11:34:36,563 - coint2.engine.numba_engine - INFO - Запуск Numba-оптимизированного бэктеста для HOOKUSDT-ICXUSDT
2026-01-23 11:34:36,583 - coint2.engine.numba_engine - INFO - Запуск Numba-оптимизированного бэктеста для AXSUSDT-KUBUSDT
2026-01-23 11:34:36,607 - coint2.engine.numba_engine - INFO - Запуск Numba-оптимизированного бэктеста для AFCUSDT-CITYUSDT
2026-01-23 11:34:36,608 - coint2.engine.numba_engine - INFO - Запуск Numba-оптимизированного бэктеста для DOTUSDT-FTTUSDT
2026-01-23 11:34:36,639 - coint2.engine.numba_engine - INFO - Запуск Numba-оптимизированного бэктеста для GALFTUSDT-HVHUSDT
2026-01-23 11:34:36,684 - coint2.engine.numba_engine - INFO - 🔍 ДИАГНОСТИКА GALFTUSDT-HVHUSDT:
2026-01-23 11:34:36,684 - coint2.engine.numba_engine - INFO -    entry_threshold: 1.0
2026-01-23 11:34:36,685 - coint2.engine.numba_engine - INFO -    exit_threshold: 0.06
2026-01-23 11:34:36,685 - coint2.engine.numba_engine - INFO -    Макс |z_score|: 22.1101
2026-01-23 11:34:36,685 - coint2.engine.numba_engine - INFO -    Позиций != 0: 0
2026-01-23 11:34:36,685 - coint2.engine.numba_engine - INFO -    Изменений позиций: 1
2026-01-23 11:34:36,685 - coint2.engine.numba_engine - INFO -    PnL сумма: 0.0000
2026-01-23 11:34:36,686 - coint2.engine.numba_engine - INFO -    Первые 10 z_scores: [1.0149729  0.89775175 0.88267124 0.7178458  0.70639974 0.05912989
 0.25585455 0.2545332  0.11229683 0.16204534]
2026-01-23 11:34:36,686 - coint2.engine.numba_engine - INFO -    Превышают порог: 1143
2026-01-23 11:34:36,719 - coint2.engine.numba_engine - INFO - Запуск Numba-оптимизированного бэктеста для CAKEUSDT-FIDAUSDT
2026-01-23 11:34:36,743 - coint2.engine.numba_engine - INFO - Запуск Numba-оптимизированного бэктеста для BICOUSDT-KASTAUSDT
2026-01-23 11:34:36,754 - coint2.engine.numba_engine - INFO - Запуск Numba-оптимизированного бэктеста для APEXUSDC-AVAUSDT
2026-01-23 11:34:36,776 - coint2.engine.numba_engine - INFO - Запуск Numba-оптимизированного бэктеста для HNTUSDT-INTERUSDT
2026-01-23 11:34:36,845 - coint2.engine.numba_engine - INFO - Запуск Numba-оптимизированного бэктеста для ARTYUSDT-KUBUSDT
2026-01-23 11:34:36,846 - coint2.engine.numba_engine - INFO - Запуск Numba-оптимизированного бэктеста для ARTYUSDT-GENEUSDT
2026-01-23 11:34:36,857 - coint2.engine.numba_engine - INFO - Запуск Numba-оптимизированного бэктеста для ATOMUSDT-GODSUSDT
2026-01-23 11:34:36,888 - coint2.engine.numba_engine - INFO - Запуск Numba-оптимизированного бэктеста для APEUSDT-HFTUSDT
2026-01-23 11:34:36,952 - coint2.engine.numba_engine - INFO - Запуск Numba-оптимизированного бэктеста для GALFTUSDT-HBARUSDT
2026-01-23 11:34:36,968 - coint2.engine.numba_engine - INFO - Запуск Numba-оптимизированного бэктеста для FLOWUSDT-JUVUSDT
2026-01-23 11:34:36,973 - coint2.engine.numba_engine - INFO - Запуск Numba-оптимизированного бэктеста для CITYUSDT-GRTUSDT
2026-01-23 11:34:36,978 - coint2.engine.numba_engine - INFO - Запуск Numba-оптимизированного бэктеста для CTCUSDT-DMAILUSDT
2026-01-23 11:34:36,976 - coint2.engine.numba_engine - INFO - Запуск Numba-оптимизированного бэктеста для APEXUSDT-AVAUSDT
2026-01-23 11:34:37,000 - coint2.engine.numba_engine - INFO - Запуск Numba-оптимизированного бэктеста для HOOKUSDT-KAVAUSDT
2026-01-23 11:34:37,063 - coint2.engine.numba_engine - INFO - Запуск Numba-оптимизированного бэктеста для CITYUSDT-KASTAUSDT
2026-01-23 11:34:37,074 - coint2.engine.numba_engine - INFO - Запуск Numba-оптимизированного бэктеста для AFCUSDT-ANKRUSDT
2026-01-23 11:34:37,081 - coint2.engine.numba_engine - INFO - Запуск Numba-оптимизированного бэктеста для APEUSDC-HFTUSDC
2026-01-23 11:34:37,094 - coint2.engine.numba_engine - INFO - Запуск Numba-оптимизированного бэктеста для AXLUSDT-FILUSDT
2026-01-23 11:34:37,099 - coint2.engine.numba_engine - INFO - Запуск Numba-оптимизированного бэктеста для APEUSDC-HFTUSDT
2026-01-23 11:34:37,112 - coint2.engine.numba_engine - INFO - Запуск Numba-оптимизированного бэктеста для GALFTUSDT-GRTUSDT
2026-01-23 11:34:37,157 - coint2.engine.numba_engine - INFO - Запуск Numba-оптимизированного бэктеста для ARTYUSDT-KDAUSDT
2026-01-23 11:34:37,157 - coint2.engine.numba_engine - INFO - Запуск Numba-оптимизированного бэктеста для DMAILUSDT-GALFTUSDT
2026-01-23 11:34:37,193 - coint2.engine.numba_engine - INFO - Запуск Numba-оптимизированного бэктеста для ARKMUSDT-ARUSDT
2026-01-23 11:34:37,208 - coint2.engine.numba_engine - INFO - Запуск Numba-оптимизированного бэктеста для BICOUSDT-ETHWUSDT
2026-01-23 11:34:37,252 - coint2.engine.numba_engine - INFO - Запуск Numba-оптимизированного бэктеста для CELOUSDT-CGPTUSDT
2026-01-23 11:34:37,265 - coint2.engine.numba_engine - INFO - Запуск Numba-оптимизированного бэктеста для APEUSDC-GODSUSDT
2026-01-23 11:34:37,291 - coint2.engine.numba_engine - INFO - Запуск Numba-оптимизированного бэктеста для CTCUSDT-GALFTUSDT
2026-01-23 11:34:37,327 - coint2.engine.numba_engine - INFO - Запуск Numba-оптимизированного бэктеста для DMAILUSDT-GMTUSDC
2026-01-23 11:34:37,354 - coint2.engine.numba_engine - INFO - Запуск Numba-оптимизированного бэктеста для DMAILUSDT-GMTUSDT
2026-01-23 11:34:37,385 - coint2.engine.numba_engine - INFO - Запуск Numba-оптимизированного бэктеста для CELOUSDT-FITFIUSDT
2026-01-23 11:34:37,420 - coint2.engine.numba_engine - INFO - Запуск Numba-оптимизированного бэктеста для APEUSDT-GODSUSDT
2026-01-23 11:34:37,518 - coint2.engine.numba_engine - INFO - Запуск Numba-оптимизированного бэктеста для C98USDT-CHZUSDC
2026-01-23 11:34:37,719 - INFO -   ⏱️ Параллельная обработка завершена за 1.9с (25.7 пар/с)
2026-01-23 11:34:37,839 - coint2.pipeline.walk_forward_orchestrator - INFO - 🎯 СИМУЛЯЦИЯ ПОРТФЕЛЯ: 50 пар, лимит 15 позиций
2026-01-23 11:34:39,302 - coint2.pipeline.walk_forward_orchestrator - INFO -    📈 Макс. одновременных сигналов: 0
2026-01-23 11:34:39,302 - coint2.pipeline.walk_forward_orchestrator - INFO -    📊 Средн. сигналов за период: 0.0
2026-01-23 11:34:39,302 - coint2.pipeline.walk_forward_orchestrator - INFO -    🎯 Финальных активных позиций: 0
2026-01-23 11:34:39,304 - coint2.pipeline.walk_forward_orchestrator - INFO -    ⚡ Утилизация лимита позиций: 0.0%
2026-01-23 11:34:39,304 - INFO - ⇠ WF-шаг 3/5 backtests — completed 50 items in 3.53s (14.2 items/s)
2026-01-23 11:34:39,304 - INFO -   ✅ Обработка завершена: 50 успешно, 0 с ошибками
2026-01-23 11:34:39,304 - INFO -   📊 Успешность: 100.0%, прибыльность: 0.0%, сделок/пара: 0.0
2026-01-23 11:34:39,304 - INFO -   ✅ Завершены бэктесты для 50 пар
2026-01-23 11:34:39,304 - INFO -   📊 Всего обработано пар в этом шаге: 50
2026-01-23 11:34:39,305 - INFO -   📈 Результаты шага: 0/50 прибыльных пар, 0 сделок
2026-01-23 11:34:39,305 - INFO -   💰 P&L шага: $+0.00
2026-01-23 11:34:39,305 - INFO -   ⇢ Обновление капитала и дневного P&L...
2026-01-23 11:34:40,739 - INFO -   💼 Шаг P&L: $+0.00, Накопленный капитал: $857.07
2026-01-23 11:34:40,739 - INFO - ------------------------------------------------------------
2026-01-23 11:34:40,739 - INFO -   Walk-forward steps: 3 / 5 (60.0%) | 0.0 items/s | ETA: 54.7s
2026-01-23 11:34:40,739 - INFO - 🔍 WF-шаг 4/5: Валидация временных окон...
2026-01-23 11:34:40,740 - INFO - ⇢ WF-шаг 4/5: training 2024-05-01-2024-07-29, testing 2024-07-30-2024-08-29 — start
2026-01-23 11:34:40,740 - INFO - ⇢ loading step data — start
2026-01-23 11:34:41,194 - INFO - ⇠ loading step data — done in 0.45s
2026-01-23 11:34:44,787 - INFO - 📊 WF-шаг 4/5: Границы данных:
2026-01-23 11:34:44,787 - INFO -    Training: 2024-05-01 00:00:00 → 2024-07-29 23:45:00 (8,640 строк × 475 символов)
2026-01-23 11:34:44,787 - INFO -    Testing:  2024-07-30 00:00:00 → 2024-08-29 00:00:00 (2,881 строк × 475 символов)
2026-01-23 11:34:44,787 - INFO -    Временной разрыв: 0 days 00:15:00
2026-01-23 11:34:44,857 - INFO - ⇢ normalizing training data — start
2026-01-23 11:34:44,921 - INFO -   Символы с NaN значениями: 89
2026-01-23 11:34:44,921 - INFO -   Применяем метод нормализации: rolling_zscore
2026-01-23 11:34:44,954 - INFO - Символы с недостаточной историей: 75 из 475
2026-01-23 11:34:46,017 - INFO - Символы с NaN после нормализации: 400
2026-01-23 11:34:46,035 - INFO - Удалено 1863 начальных строк с NaN от rolling расчетов
2026-01-23 11:34:46,039 - INFO - Итоговое количество символов после нормализации: 400 из 475
2026-01-23 11:34:46,047 - INFO -   Статистика нормализации:
2026-01-23 11:34:46,047 - INFO -     Исходные символы: 475
2026-01-23 11:34:46,047 - INFO -     Недостаточная история: 75
2026-01-23 11:34:46,047 - INFO -     Постоянная цена: 0
2026-01-23 11:34:46,047 - INFO -     NaN после нормализации: 400
2026-01-23 11:34:46,047 - INFO -     Итоговые символы: 400 (84.2%)
2026-01-23 11:34:46,047 - INFO -   После нормализации: 400 символов (потеряно 75)
2026-01-23 11:34:46,047 - INFO -   Отброшено много символов: 75 из 475
2026-01-23 11:34:46,047 - INFO - ⇠ normalizing training data — done in 1.19s
2026-01-23 11:34:46,048 - INFO -   Фиксированный universe: 250 пар (отфильтровано 0 недоступных)
2026-01-23 11:34:46,048 - INFO - ⇢ filtering pairs by cointegration and half-life — start
2026-01-23 11:34:46,048 - INFO - [ФИЛЬТР] Параллельная фильтрация: threads (8 workers)
2026-01-23 11:34:58,695 - INFO - [ФИЛЬТР] После проверки данных: 250 пар
2026-01-23 11:34:58,695 - INFO - [ФИЛЬТР] После фильтра корреляции (>0.4): 217 пар
2026-01-23 11:34:58,695 - INFO - [ФИЛЬТР] После фильтра beta: 190 пар
2026-01-23 11:34:58,695 - INFO - [ФИЛЬТР] После фильтра mean crossings: 190 пар
2026-01-23 11:34:58,695 - INFO - [ФИЛЬТР] После фильтра half-life: 190 пар
2026-01-23 11:34:58,695 - INFO - [ФИЛЬТР] После фильтра коинтеграции: 102 пар
2026-01-23 11:34:58,695 - INFO - [ФИЛЬТР] После фильтра Hurst: 76 пар
2026-01-23 11:34:58,695 - INFO - [ФИЛЬТР] После фильтра KPSS: 76 пар
2026-01-23 11:34:58,695 - INFO - [ФИЛЬТР] После фильтра market microstructure: 76 пар
2026-01-23 11:34:58,695 - INFO - [ФИЛЬТР] Статистика фильтрации (оптимизированный порядок):
2026-01-23 11:34:58,695 - INFO -   1. SSD → Коинтеграция: 250 → 102 пар
2026-01-23 11:34:58,695 - INFO -   2. Коинтеграция → Beta: 102 → 190 пар
2026-01-23 11:34:58,695 - INFO -   3. Beta → Half-life: 190 → 190 пар
2026-01-23 11:34:58,695 - INFO -   4. Half-life → Mean crossings: 190 → 190 пар
2026-01-23 11:34:58,695 - INFO -   5. Mean crossings → Hurst: 190 → 76 пар
2026-01-23 11:34:58,695 - INFO -   6. Hurst → KPSS: 76 → 76 пар
2026-01-23 11:34:58,695 - INFO -   7. KPSS → Market microstructure: 76 → 76 пар
2026-01-23 11:34:58,695 - INFO - [ФИЛЬТР] Причины отсева:
2026-01-23 11:34:58,695 - INFO -   • pvalue: 88 пар (35.2%)
2026-01-23 11:34:58,695 - INFO -   • low_correlation: 33 пар (13.2%)
2026-01-23 11:34:58,695 - INFO -   • beta: 27 пар (10.8%)
2026-01-23 11:34:58,695 - INFO -   • hurst: 26 пар (10.4%)
2026-01-23 11:34:58,695 - INFO - [ФИЛЬТР] Итого: 250 → 76 пар (30.4% прошли все фильтры)
2026-01-23 11:34:58,697 - INFO - Причины отсева сохранены в results/filter_reasons_20260123_113458.csv
2026-01-23 11:34:58,702 - INFO -   Pair stability filter: 76 → 66 (window=2, min_steps=1, history=3)
2026-01-23 11:34:58,702 - INFO -   Фильтрация: 250 → 66 пар
2026-01-23 11:34:58,702 - INFO - ⇠ filtering pairs by cointegration and half-life — done in 12.65s
2026-01-23 11:34:58,702 - INFO - ⇠ WF-шаг 4/5: training 2024-05-01-2024-07-29, testing 2024-07-30-2024-08-29 — done in 17.96s
2026-01-23 11:34:58,703 - INFO -   Ограничение max_pairs=50: 66 → 50
2026-01-23 11:34:58,703 - INFO -   Топ-3 пары по волатильности спреда:
2026-01-23 11:34:58,703 - INFO -     1. BTCDAI-BTCEUR: beta=1.0982, std=452.6966
2026-01-23 11:34:58,703 - INFO -     2. BTCUSDC-BTCUSDT: beta=1.0003, std=30.5203
2026-01-23 11:34:58,703 - INFO -     3. ETHDAI-ETHEUR: beta=1.0858, std=24.7639
2026-01-23 11:34:58,703 - INFO -   Всего пар для торговли: 50 (ограничение 15 применяется к одновременно открытым позициям)
2026-01-23 11:34:58,703 - INFO -   💰 Проверка расчета капитала: equity=$857.07, кандидатных_пар=50, max_позиций=15
2026-01-23 11:34:58,703 - INFO -   🎯 Target concurrency: 15 (ожидаемое одновременное число позиций)
2026-01-23 11:34:58,703 - INFO -   📊 Детали расчета капитала:
2026-01-23 11:34:58,703 - INFO -      • Базовый капитал на пару: $57.14 (equity / target_concurrency)
2026-01-23 11:34:58,703 - INFO -      • Риск-капитал: $8.57 (1.0% от equity)
2026-01-23 11:34:58,703 - INFO -      • Макс. размер позиции: $17.14 (2.0% от equity)
2026-01-23 11:34:58,703 - INFO -      • Итоговый капитал на пару: $8.57
2026-01-23 11:34:58,704 - INFO - ⇢ WF-шаг 4/5 backtests — starting 50 items
2026-01-23 11:34:58,704 - INFO - 🚀 WF-шаг 4/5: Начинаем бэктесты для 50 пар...
2026-01-23 11:34:58,704 - INFO - 🚀 WF-шаг 4/5: Запускаем параллельную обработку 50 пар на 8 ядрах...
2026-01-23 11:34:58,704 - INFO - 🚀 WF-шаг 4/5: Режим параллельности: процессы
⚙️  Загрузка данных за период: 2024-05-01 -> 2024-08-29
📂 Найдено 43 parquet файлов для обработки.
📊 Схема данных: Schema({'timestamp': Int64, 'open': Float64, 'high': Float64, 'low': Float64, 'close': Float64, 'volume': Float64, 'turnover': String, 'ts_ms': Int64, 'symbol': String})
✅ Загружено 4931437 записей с помощью Polars.
📊 Типы данных в pandas: timestamp       datetime64[us]
symbol                  object
close                  float64
timestamp_ms             int64
dtype: object
2026-01-23 11:34:58,891 - coint2.engine.numba_engine - INFO - Запуск Numba-оптимизированного бэктеста для BTCDAI-BTCEUR
2026-01-23 11:34:58,959 - coint2.engine.numba_engine - INFO - Запуск Numba-оптимизированного бэктеста для BTCUSDC-BTCUSDT
2026-01-23 11:34:59,053 - coint2.engine.numba_engine - INFO - Запуск Numba-оптимизированного бэктеста для ETHDAI-ETHEUR
2026-01-23 11:34:59,118 - coint2.engine.numba_engine - INFO - Запуск Numba-оптимизированного бэктеста для AXSUSDT-KUBUSDT
2026-01-23 11:34:59,147 - coint2.engine.numba_engine - INFO - Запуск Numba-оптимизированного бэктеста для GALFTUSDT-GRTUSDT
2026-01-23 11:34:59,165 - coint2.engine.numba_engine - INFO - Запуск Numba-оптимизированного бэктеста для ETCUSDT-JUVUSDT
2026-01-23 11:34:59,199 - coint2.engine.numba_engine - INFO - Запуск Numba-оптимизированного бэктеста для APEXUSDT-AVAUSDT
2026-01-23 11:34:59,247 - coint2.engine.numba_engine - INFO - Запуск Numba-оптимизированного бэктеста для ETHUSDC-ETHUSDT
2026-01-23 11:34:59,259 - coint2.engine.numba_engine - INFO - Запуск Numba-оптимизированного бэктеста для CITYUSDT-GRTUSDT
2026-01-23 11:34:59,282 - coint2.engine.numba_engine - INFO - Запуск Numba-оптимизированного бэктеста для CTCUSDT-GALFTUSDT
2026-01-23 11:34:59,347 - coint2.engine.numba_engine - INFO - Запуск Numba-оптимизированного бэктеста для CYBERUSDT-GALFTUSDT
2026-01-23 11:34:59,361 - coint2.engine.numba_engine - INFO - Запуск Numba-оптимизированного бэктеста для DMAILUSDT-GALFTUSDT
2026-01-23 11:34:59,374 - coint2.engine.numba_engine - INFO - Запуск Numba-оптимизированного бэктеста для CELOUSDT-FITFIUSDT
2026-01-23 11:34:59,397 - coint2.engine.numba_engine - INFO - Запуск Numba-оптимизированного бэктеста для ATOMUSDT-KDAUSDT
2026-01-23 11:34:59,476 - coint2.engine.numba_engine - INFO - Запуск Numba-оптимизированного бэктеста для ALGOUSDT-GALFTUSDT
2026-01-23 11:34:59,504 - coint2.engine.numba_engine - INFO - Запуск Numba-оптимизированного бэктеста для CBKUSDT-ENJUSDT
2026-01-23 11:34:59,534 - coint2.engine.numba_engine - INFO - Запуск Numba-оптимизированного бэктеста для DOTUSDC-FTTUSDT
2026-01-23 11:34:59,537 - coint2.engine.numba_engine - INFO - Запуск Numba-оптимизированного бэктеста для CITYUSDT-KASTAUSDT
2026-01-23 11:34:59,605 - coint2.engine.numba_engine - INFO - Запуск Numba-оптимизированного бэктеста для GMTUSDC-KAVAUSDT
2026-01-23 11:34:59,610 - coint2.engine.numba_engine - INFO - Запуск Numba-оптимизированного бэктеста для DOTUSDC-KUBUSDT
2026-01-23 11:34:59,630 - coint2.engine.numba_engine - INFO - Запуск Numba-оптимизированного бэктеста для DOTUSDT-FTTUSDT
2026-01-23 11:34:59,639 - coint2.engine.numba_engine - INFO - Запуск Numba-оптимизированного бэктеста для DOTUSDT-KUBUSDT
2026-01-23 11:34:59,645 - coint2.engine.numba_engine - INFO - Запуск Numba-оптимизированного бэктеста для HFTUSDT-KDAUSDT
2026-01-23 11:34:59,692 - coint2.engine.numba_engine - INFO - Запуск Numba-оптимизированного бэктеста для APEUSDT-HFTUSDT
2026-01-23 11:34:59,754 - coint2.engine.numba_engine - INFO - Запуск Numba-оптимизированного бэктеста для FTTUSDT-KSMUSDT
2026-01-23 11:34:59,783 - coint2.engine.numba_engine - INFO - Запуск Numba-оптимизированного бэктеста для ARTYUSDT-KUBUSDT
2026-01-23 11:34:59,801 - coint2.engine.numba_engine - INFO - Запуск Numba-оптимизированного бэктеста для GMTUSDT-KAVAUSDT
2026-01-23 11:34:59,805 - coint2.engine.numba_engine - INFO - Запуск Numba-оптимизированного бэктеста для FILUSDT-JUVUSDT
2026-01-23 11:34:59,843 - coint2.engine.numba_engine - INFO - Запуск Numba-оптимизированного бэктеста для GENEUSDT-KDAUSDT
2026-01-23 11:34:59,895 - coint2.engine.numba_engine - INFO - Запуск Numba-оптимизированного бэктеста для APEUSDC-HFTUSDC
2026-01-23 11:34:59,907 - coint2.engine.numba_engine - INFO - Запуск Numba-оптимизированного бэктеста для APEUSDC-HFTUSDT
2026-01-23 11:34:59,946 - coint2.engine.numba_engine - INFO - Запуск Numba-оптимизированного бэктеста для ARTYUSDT-KDAUSDT
2026-01-23 11:34:59,973 - coint2.engine.numba_engine - INFO - Запуск Numba-оптимизированного бэктеста для APEXUSDC-AVAUSDT
2026-01-23 11:35:00,020 - coint2.engine.numba_engine - INFO - Запуск Numba-оптимизированного бэктеста для HFTUSDC-KDAUSDT
2026-01-23 11:35:00,062 - coint2.engine.numba_engine - INFO - Запуск Numba-оптимизированного бэктеста для DMAILUSDT-GMTUSDC
2026-01-23 11:35:00,068 - coint2.engine.numba_engine - INFO - Запуск Numba-оптимизированного бэктеста для GENEUSDT-KUBUSDT
2026-01-23 11:35:00,076 - coint2.engine.numba_engine - INFO - Запуск Numba-оптимизированного бэктеста для FILUSDC-JUVUSDT
2026-01-23 11:35:00,096 - coint2.engine.numba_engine - INFO - Запуск Numba-оптимизированного бэктеста для FLOWUSDT-HVHUSDT
2026-01-23 11:35:00,111 - coint2.engine.numba_engine - INFO - Запуск Numba-оптимизированного бэктеста для FLOWUSDT-IZIUSDT
2026-01-23 11:35:00,168 - coint2.engine.numba_engine - INFO - 🔍 ДИАГНОСТИКА FLOWUSDT-HVHUSDT:
2026-01-23 11:35:00,168 - coint2.engine.numba_engine - INFO -    entry_threshold: 1.0
2026-01-23 11:35:00,168 - coint2.engine.numba_engine - INFO -    exit_threshold: 0.06
2026-01-23 11:35:00,169 - coint2.engine.numba_engine - INFO -    Макс |z_score|: 6.9579
2026-01-23 11:35:00,169 - coint2.engine.numba_engine - INFO -    Позиций != 0: 0
2026-01-23 11:35:00,169 - coint2.engine.numba_engine - INFO -    Изменений позиций: 1
2026-01-23 11:35:00,169 - coint2.engine.numba_engine - INFO -    PnL сумма: 0.0000
2026-01-23 11:35:00,170 - coint2.engine.numba_engine - INFO -    Первые 10 z_scores: [-0.8493914  -1.3388989  -0.14289144  0.9125507   1.4988666   2.415785
  0.8939715   1.4904214   0.71968883  0.58437705]
2026-01-23 11:35:00,170 - coint2.engine.numba_engine - INFO -    Превышают порог: 1305
2026-01-23 11:35:00,221 - coint2.engine.numba_engine - INFO - Запуск Numba-оптимизированного бэктеста для ALGOUSDT-IZIUSDT
2026-01-23 11:35:00,235 - coint2.engine.numba_engine - INFO - Запуск Numba-оптимизированного бэктеста для FLOWUSDT-JUVUSDT
2026-01-23 11:35:00,238 - coint2.engine.numba_engine - INFO - Запуск Numba-оптимизированного бэктеста для HFTUSDT-KUBUSDT
2026-01-23 11:35:00,243 - coint2.engine.numba_engine - INFO - Запуск Numba-оптимизированного бэктеста для ARTYUSDT-GENEUSDT
2026-01-23 11:35:00,264 - coint2.engine.numba_engine - INFO - Запуск Numba-оптимизированного бэктеста для DMAILUSDT-GMTUSDT
2026-01-23 11:35:00,338 - coint2.engine.numba_engine - INFO - Запуск Numba-оптимизированного бэктеста для ALGOUSDT-APEXUSDC
2026-01-23 11:35:00,407 - coint2.engine.numba_engine - INFO - Запуск Numba-оптимизированного бэктеста для HFTUSDC-KUBUSDT
2026-01-23 11:35:00,389 - coint2.engine.numba_engine - INFO - Запуск Numba-оптимизированного бэктеста для CELOUSDT-CGPTUSDT
2026-01-23 11:35:00,417 - coint2.engine.numba_engine - INFO - Запуск Numba-оптимизированного бэктеста для BATUSDT-CBKUSDT
2026-01-23 11:35:00,551 - coint2.engine.numba_engine - INFO - Запуск Numba-оптимизированного бэктеста для CELOUSDT-FLOWUSDT
2026-01-23 11:35:00,686 - coint2.engine.numba_engine - INFO - Запуск Numba-оптимизированного бэктеста для DOGEUSDC-JUVUSDT
2026-01-23 11:35:00,960 - INFO -   ⏱️ Параллельная обработка завершена за 2.3с (22.2 пар/с)
2026-01-23 11:35:01,058 - coint2.pipeline.walk_forward_orchestrator - INFO - 🎯 СИМУЛЯЦИЯ ПОРТФЕЛЯ: 50 пар, лимит 15 позиций
2026-01-23 11:35:02,371 - coint2.pipeline.walk_forward_orchestrator - INFO -    📈 Макс. одновременных сигналов: 0
2026-01-23 11:35:02,371 - coint2.pipeline.walk_forward_orchestrator - INFO -    📊 Средн. сигналов за период: 0.0
2026-01-23 11:35:02,371 - coint2.pipeline.walk_forward_orchestrator - INFO -    🎯 Финальных активных позиций: 0
2026-01-23 11:35:02,372 - coint2.pipeline.walk_forward_orchestrator - INFO -    ⚡ Утилизация лимита позиций: 0.0%
2026-01-23 11:35:02,373 - INFO - ⇠ WF-шаг 4/5 backtests — completed 50 items in 3.67s (13.6 items/s)
2026-01-23 11:35:02,373 - INFO -   ✅ Обработка завершена: 50 успешно, 0 с ошибками
2026-01-23 11:35:02,373 - INFO -   📊 Успешность: 100.0%, прибыльность: 0.0%, сделок/пара: 0.0
2026-01-23 11:35:02,373 - INFO -   ✅ Завершены бэктесты для 50 пар
2026-01-23 11:35:02,373 - INFO -   📊 Всего обработано пар в этом шаге: 50
2026-01-23 11:35:02,373 - INFO -   📈 Результаты шага: 0/50 прибыльных пар, 0 сделок
2026-01-23 11:35:02,374 - INFO -   💰 P&L шага: $+0.00
2026-01-23 11:35:02,374 - INFO -   ⇢ Обновление капитала и дневного P&L...
2026-01-23 11:35:03,912 - INFO -   💼 Шаг P&L: $+0.00, Накопленный капитал: $857.07
2026-01-23 11:35:03,912 - INFO - ------------------------------------------------------------
2026-01-23 11:35:03,912 - INFO -   Walk-forward steps: 4 / 5 (80.0%) | 0.0 items/s | ETA: 26.3s
2026-01-23 11:35:03,912 - INFO - 🔍 WF-шаг 5/5: Валидация временных окон...
2026-01-23 11:35:03,913 - INFO - ⇢ WF-шаг 5/5: training 2024-05-31-2024-08-28, testing 2024-08-29-2024-09-28 — start
2026-01-23 11:35:03,913 - INFO - ⇢ loading step data — start
2026-01-23 11:35:04,397 - INFO - ⇠ loading step data — done in 0.48s
2026-01-23 11:35:08,334 - INFO - 📊 WF-шаг 5/5: Границы данных:
2026-01-23 11:35:08,334 - INFO -    Training: 2024-05-31 00:00:00 → 2024-08-28 23:45:00 (8,640 строк × 492 символов)
2026-01-23 11:35:08,334 - INFO -    Testing:  2024-08-29 00:00:00 → 2024-09-28 00:00:00 (2,881 строк × 492 символов)
2026-01-23 11:35:08,335 - INFO -    Временной разрыв: 0 days 00:15:00
2026-01-23 11:35:08,612 - INFO - ⇢ normalizing training data — start
2026-01-23 11:35:08,678 - INFO -   Символы с NaN значениями: 90
2026-01-23 11:35:08,678 - INFO -   Применяем метод нормализации: rolling_zscore
2026-01-23 11:35:08,712 - INFO - Символы с недостаточной историей: 73 из 492
2026-01-23 11:35:09,808 - INFO - Символы с NaN после нормализации: 419
2026-01-23 11:35:09,832 - INFO - Удалено 1661 начальных строк с NaN от rolling расчетов
2026-01-23 11:35:09,837 - INFO - Итоговое количество символов после нормализации: 419 из 492
2026-01-23 11:35:09,842 - INFO -   Статистика нормализации:
2026-01-23 11:35:09,842 - INFO -     Исходные символы: 492
2026-01-23 11:35:09,842 - INFO -     Недостаточная история: 73
2026-01-23 11:35:09,842 - INFO -     Постоянная цена: 0
2026-01-23 11:35:09,843 - INFO -     NaN после нормализации: 419
2026-01-23 11:35:09,843 - INFO -     Итоговые символы: 419 (85.2%)
2026-01-23 11:35:09,843 - INFO -   После нормализации: 419 символов (потеряно 73)
2026-01-23 11:35:09,843 - INFO -   Отброшено много символов: 73 из 492
2026-01-23 11:35:09,843 - INFO - ⇠ normalizing training data — done in 1.23s
2026-01-23 11:35:09,843 - INFO -   Фиксированный universe: 250 пар (отфильтровано 0 недоступных)
2026-01-23 11:35:09,843 - INFO - ⇢ filtering pairs by cointegration and half-life — start
2026-01-23 11:35:09,843 - INFO - [ФИЛЬТР] Параллельная фильтрация: threads (8 workers)
2026-01-23 11:35:21,932 - INFO - [ФИЛЬТР] После проверки данных: 250 пар
2026-01-23 11:35:21,932 - INFO - [ФИЛЬТР] После фильтра корреляции (>0.4): 211 пар
2026-01-23 11:35:21,933 - INFO - [ФИЛЬТР] После фильтра beta: 180 пар
2026-01-23 11:35:21,933 - INFO - [ФИЛЬТР] После фильтра mean crossings: 180 пар
2026-01-23 11:35:21,933 - INFO - [ФИЛЬТР] После фильтра half-life: 180 пар
2026-01-23 11:35:21,933 - INFO - [ФИЛЬТР] После фильтра коинтеграции: 102 пар
2026-01-23 11:35:21,933 - INFO - [ФИЛЬТР] После фильтра Hurst: 77 пар
2026-01-23 11:35:21,933 - INFO - [ФИЛЬТР] После фильтра KPSS: 77 пар
2026-01-23 11:35:21,933 - INFO - [ФИЛЬТР] После фильтра market microstructure: 77 пар
2026-01-23 11:35:21,933 - INFO - [ФИЛЬТР] Статистика фильтрации (оптимизированный порядок):
2026-01-23 11:35:21,933 - INFO -   1. SSD → Коинтеграция: 250 → 102 пар
2026-01-23 11:35:21,933 - INFO -   2. Коинтеграция → Beta: 102 → 180 пар
2026-01-23 11:35:21,933 - INFO -   3. Beta → Half-life: 180 → 180 пар
2026-01-23 11:35:21,933 - INFO -   4. Half-life → Mean crossings: 180 → 180 пар
2026-01-23 11:35:21,933 - INFO -   5. Mean crossings → Hurst: 180 → 77 пар
2026-01-23 11:35:21,933 - INFO -   6. Hurst → KPSS: 77 → 77 пар
2026-01-23 11:35:21,935 - INFO -   7. KPSS → Market microstructure: 77 → 77 пар
2026-01-23 11:35:21,936 - INFO - [ФИЛЬТР] Причины отсева:
2026-01-23 11:35:21,936 - INFO -   • pvalue: 78 пар (31.2%)
2026-01-23 11:35:21,936 - INFO -   • low_correlation: 39 пар (15.6%)
2026-01-23 11:35:21,936 - INFO -   • beta: 31 пар (12.4%)
2026-01-23 11:35:21,936 - INFO -   • hurst: 25 пар (10.0%)
2026-01-23 11:35:21,936 - INFO - [ФИЛЬТР] Итого: 250 → 77 пар (30.8% прошли все фильтры)
2026-01-23 11:35:21,938 - INFO - Причины отсева сохранены в results/filter_reasons_20260123_113521.csv
2026-01-23 11:35:21,938 - INFO -   Pair stability filter: 77 → 52 (window=2, min_steps=1, history=4)
2026-01-23 11:35:21,938 - INFO -   Фильтрация: 250 → 52 пар
2026-01-23 11:35:21,938 - INFO - ⇠ filtering pairs by cointegration and half-life — done in 12.09s
2026-01-23 11:35:21,938 - INFO - ⇠ WF-шаг 5/5: training 2024-05-31-2024-08-28, testing 2024-08-29-2024-09-28 — done in 18.03s
2026-01-23 11:35:21,938 - INFO -   Ограничение max_pairs=50: 52 → 50
2026-01-23 11:35:21,938 - INFO -   Топ-3 пары по волатильности спреда:
2026-01-23 11:35:21,938 - INFO -     1. BTCDAI-BTCEUR: beta=1.0139, std=689.5404
2026-01-23 11:35:21,938 - INFO -     2. ETHDAI-ETHEUR: beta=1.0258, std=27.1640
2026-01-23 11:35:21,938 - INFO -     3. INJUSDT-KSMUSDT: beta=0.6715, std=2.1131
2026-01-23 11:35:21,938 - INFO -   Всего пар для торговли: 50 (ограничение 15 применяется к одновременно открытым позициям)
2026-01-23 11:35:21,939 - INFO -   💰 Проверка расчета капитала: equity=$857.07, кандидатных_пар=50, max_позиций=15
2026-01-23 11:35:21,939 - INFO -   🎯 Target concurrency: 15 (ожидаемое одновременное число позиций)
2026-01-23 11:35:21,939 - INFO -   📊 Детали расчета капитала:
2026-01-23 11:35:21,939 - INFO -      • Базовый капитал на пару: $57.14 (equity / target_concurrency)
2026-01-23 11:35:21,939 - INFO -      • Риск-капитал: $8.57 (1.0% от equity)
2026-01-23 11:35:21,939 - INFO -      • Макс. размер позиции: $17.14 (2.0% от equity)
2026-01-23 11:35:21,939 - INFO -      • Итоговый капитал на пару: $8.57
2026-01-23 11:35:21,939 - INFO - ⇢ WF-шаг 5/5 backtests — starting 50 items
2026-01-23 11:35:21,939 - INFO - 🚀 WF-шаг 5/5: Начинаем бэктесты для 50 пар...
2026-01-23 11:35:21,939 - INFO - 🚀 WF-шаг 5/5: Запускаем параллельную обработку 50 пар на 8 ядрах...
2026-01-23 11:35:21,939 - INFO - 🚀 WF-шаг 5/5: Режим параллельности: процессы
⚙️  Загрузка данных за период: 2024-05-31 -> 2024-09-28
📂 Найдено 43 parquet файлов для обработки.
📊 Схема данных: Schema({'timestamp': Int64, 'open': Float64, 'high': Float64, 'low': Float64, 'close': Float64, 'volume': Float64, 'turnover': String, 'ts_ms': Int64, 'symbol': String})
✅ Загружено 5190250 записей с помощью Polars.
📊 Типы данных в pandas: timestamp       datetime64[us]
symbol                  object
close                  float64
timestamp_ms             int64
dtype: object
2026-01-23 11:35:22,033 - coint2.engine.numba_engine - INFO - Запуск Numba-оптимизированного бэктеста для BTCDAI-BTCEUR
2026-01-23 11:35:22,106 - coint2.engine.numba_engine - INFO - Запуск Numba-оптимизированного бэктеста для ETHDAI-ETHEUR
2026-01-23 11:35:22,161 - coint2.engine.numba_engine - INFO - Запуск Numba-оптимизированного бэктеста для INJUSDT-KSMUSDT
2026-01-23 11:35:22,244 - coint2.engine.numba_engine - INFO - Запуск Numba-оптимизированного бэктеста для ETCUSDT-JUVUSDT
2026-01-23 11:35:22,347 - coint2.engine.numba_engine - INFO - Запуск Numba-оптимизированного бэктеста для APEXUSDC-AVAUSDT
2026-01-23 11:35:22,353 - coint2.engine.numba_engine - INFO - Запуск Numba-оптимизированного бэктеста для GALFTUSDT-HVHUSDT
2026-01-23 11:35:22,394 - coint2.engine.numba_engine - INFO - Запуск Numba-оптимизированного бэктеста для FTTUSDT-KCSUSDT
2026-01-23 11:35:22,423 - coint2.engine.numba_engine - INFO - 🔍 ДИАГНОСТИКА GALFTUSDT-HVHUSDT:
2026-01-23 11:35:22,427 - coint2.engine.numba_engine - INFO -    entry_threshold: 1.0
2026-01-23 11:35:22,427 - coint2.engine.numba_engine - INFO -    exit_threshold: 0.06
2026-01-23 11:35:22,428 - coint2.engine.numba_engine - INFO -    Макс |z_score|: 53.8784
2026-01-23 11:35:22,428 - coint2.engine.numba_engine - INFO -    Позиций != 0: 0
2026-01-23 11:35:22,428 - coint2.engine.numba_engine - INFO -    Изменений позиций: 1
2026-01-23 11:35:22,428 - coint2.engine.numba_engine - INFO -    PnL сумма: 0.0000
2026-01-23 11:35:22,429 - coint2.engine.numba_engine - INFO -    Первые 10 z_scores: [-0.7682896  -0.6592879  -0.5004639  -0.558713   -0.51350254 -0.48972172
 -0.42940226 -0.43437722 -0.41184348 -0.39054438]
2026-01-23 11:35:22,429 - coint2.engine.numba_engine - INFO -    Превышают порог: 1289
2026-01-23 11:35:22,430 - coint2.engine.numba_engine - INFO - Запуск Numba-оптимизированного бэктеста для ARTYUSDT-CRVUSDT
2026-01-23 11:35:22,439 - coint2.engine.numba_engine - INFO - Запуск Numba-оптимизированного бэктеста для FILUSDC-JUVUSDT
2026-01-23 11:35:22,484 - coint2.engine.numba_engine - INFO - Запуск Numba-оптимизированного бэктеста для DMAILUSDT-GMTUSDT
2026-01-23 11:35:22,489 - coint2.engine.numba_engine - INFO - Запуск Numba-оптимизированного бэктеста для FILUSDT-JUVUSDT
2026-01-23 11:35:22,510 - coint2.engine.numba_engine - INFO - Запуск Numba-оптимизированного бэктеста для DMAILUSDT-GMTUSDC
2026-01-23 11:35:22,518 - coint2.engine.numba_engine - INFO - Запуск Numba-оптимизированного бэктеста для CBKUSDT-ENJUSDT
2026-01-23 11:35:22,526 - coint2.engine.numba_engine - INFO - Запуск Numba-оптимизированного бэктеста для ADAUSDC-KUBUSDT
2026-01-23 11:35:22,584 - coint2.engine.numba_engine - INFO - Запуск Numba-оптимизированного бэктеста для CHZUSDT-FILUSDC
2026-01-23 11:35:22,591 - coint2.engine.numba_engine - INFO - Запуск Numba-оптимизированного бэктеста для ARTYUSDT-GENEUSDT
2026-01-23 11:35:22,602 - coint2.engine.numba_engine - INFO - Запуск Numba-оптимизированного бэктеста для CAKEUSDT-CITYUSDT
2026-01-23 11:35:22,620 - coint2.engine.numba_engine - INFO - Запуск Numba-оптимизированного бэктеста для HOOKUSDT-KAVAUSDT
2026-01-23 11:35:22,640 - coint2.engine.numba_engine - INFO - Запуск Numba-оптимизированного бэктеста для GENEUSDT-KDAUSDT
2026-01-23 11:35:22,701 - coint2.engine.numba_engine - INFO - Запуск Numba-оптимизированного бэктеста для BATUSDT-JUVUSDT
2026-01-23 11:35:22,707 - coint2.engine.numba_engine - INFO - Запуск Numba-оптимизированного бэктеста для FLOWUSDT-HVHUSDT
2026-01-23 11:35:22,714 - coint2.engine.numba_engine - INFO - Запуск Numba-оптимизированного бэктеста для CTCUSDT-GALFTUSDT
2026-01-23 11:35:22,739 - coint2.engine.numba_engine - INFO - Запуск Numba-оптимизированного бэктеста для BATUSDT-CBKUSDT
2026-01-23 11:35:22,746 - coint2.engine.numba_engine - INFO - Запуск Numba-оптимизированного бэктеста для C98USDT-CHZUSDT
2026-01-23 11:35:22,752 - coint2.engine.numba_engine - INFO - 🔍 ДИАГНОСТИКА FLOWUSDT-HVHUSDT:
2026-01-23 11:35:22,752 - coint2.engine.numba_engine - INFO -    entry_threshold: 1.0
2026-01-23 11:35:22,752 - coint2.engine.numba_engine - INFO -    exit_threshold: 0.06
2026-01-23 11:35:22,752 - coint2.engine.numba_engine - INFO -    Макс |z_score|: 4.7010
2026-01-23 11:35:22,752 - coint2.engine.numba_engine - INFO -    Позиций != 0: 0
2026-01-23 11:35:22,752 - coint2.engine.numba_engine - INFO -    Изменений позиций: 1
2026-01-23 11:35:22,753 - coint2.engine.numba_engine - INFO -    PnL сумма: 0.0000
2026-01-23 11:35:22,753 - coint2.engine.numba_engine - INFO -    Первые 10 z_scores: [1.3149515 2.1420898 2.8071206 1.6895965 1.5170032 0.6591689 1.1773024
 0.9560649 0.7745351 0.7264485]
2026-01-23 11:35:22,753 - coint2.engine.numba_engine - INFO -    Превышают порог: 1340
2026-01-23 11:35:22,778 - coint2.engine.numba_engine - INFO - Запуск Numba-оптимизированного бэктеста для ARTYUSDT-KDAUSDT
2026-01-23 11:35:22,811 - coint2.engine.numba_engine - INFO - Запуск Numba-оптимизированного бэктеста для CELOUSDT-CGPTUSDT
2026-01-23 11:35:22,812 - coint2.engine.numba_engine - INFO - Запуск Numba-оптимизированного бэктеста для ADAUSDT-KUBUSDT
2026-01-23 11:35:22,839 - coint2.engine.numba_engine - INFO - Запуск Numba-оптимизированного бэктеста для DOGEUSDC-JUVUSDT
2026-01-23 11:35:22,845 - coint2.engine.numba_engine - INFO - Запуск Numba-оптимизированного бэктеста для ARTYUSDT-KUBUSDT
2026-01-23 11:35:22,848 - coint2.engine.numba_engine - INFO - Запуск Numba-оптимизированного бэктеста для GMTUSDC-KAVAUSDT
2026-01-23 11:35:22,876 - coint2.engine.numba_engine - INFO - Запуск Numba-оптимизированного бэктеста для AFCUSDT-CITYUSDT
2026-01-23 11:35:22,924 - coint2.engine.numba_engine - INFO - Запуск Numba-оптимизированного бэктеста для ADAEUR-KUBUSDT
2026-01-23 11:35:22,928 - coint2.engine.numba_engine - INFO - Запуск Numba-оптимизированного бэктеста для CHZUSDT-FILUSDT
2026-01-23 11:35:22,945 - coint2.engine.numba_engine - INFO - Запуск Numba-оптимизированного бэктеста для DGBUSDT-JUVUSDT
2026-01-23 11:35:22,967 - coint2.engine.numba_engine - INFO - Запуск Numba-оптимизированного бэктеста для FLOWUSDT-JUVUSDT
2026-01-23 11:35:22,962 - coint2.engine.numba_engine - INFO - Запуск Numba-оптимизированного бэктеста для ALGOUSDT-GALFTUSDT
2026-01-23 11:35:22,971 - coint2.engine.numba_engine - INFO - Запуск Numba-оптимизированного бэктеста для FITFIUSDT-JUVUSDT
2026-01-23 11:35:23,019 - coint2.engine.numba_engine - INFO - Запуск Numba-оптимизированного бэктеста для GODSUSDT-INJUSDT
2026-01-23 11:35:23,045 - coint2.engine.numba_engine - INFO - Запуск Numba-оптимизированного бэктеста для CHZUSDC-FILUSDT
2026-01-23 11:35:23,047 - coint2.engine.numba_engine - INFO - Запуск Numba-оптимизированного бэктеста для ADAEUR-ADAUSDC
2026-01-23 11:35:23,058 - coint2.engine.numba_engine - INFO - Запуск Numba-оптимизированного бэктеста для GMTUSDT-HOOKUSDT
2026-01-23 11:35:23,081 - coint2.engine.numba_engine - INFO - Запуск Numba-оптимизированного бэктеста для CELOUSDT-FITFIUSDT
2026-01-23 11:35:23,146 - coint2.engine.numba_engine - INFO - Запуск Numba-оптимизированного бэктеста для GENEUSDT-KUBUSDT
2026-01-23 11:35:23,153 - coint2.engine.numba_engine - INFO - Запуск Numba-оптимизированного бэктеста для CHRPUSDT-ERTHAUSDT
2026-01-23 11:35:23,193 - coint2.engine.numba_engine - INFO - Запуск Numba-оптимизированного бэктеста для CHRPUSDT-GALFTUSDT
2026-01-23 11:35:23,234 - coint2.engine.numba_engine - INFO - Запуск Numba-оптимизированного бэктеста для GMTUSDC-HOOKUSDT
2026-01-23 11:35:23,273 - coint2.engine.numba_engine - INFO - Запуск Numba-оптимизированного бэктеста для C98USDT-CHZUSDC
2026-01-23 11:35:23,373 - coint2.engine.numba_engine - INFO - Запуск Numba-оптимизированного бэктеста для AFGUSDT-FXSUSDT
2026-01-23 11:35:23,374 - coint2.engine.numba_engine - INFO - Запуск Numba-оптимизированного бэктеста для CGPTUSDT-GRTUSDT
2026-01-23 11:35:23,488 - coint2.engine.numba_engine - INFO - Запуск Numba-оптимизированного бэктеста для CAPSUSDT-GTAIUSDT
2026-01-23 11:35:23,727 - INFO -   ⏱️ Параллельная обработка завершена за 1.8с (28.0 пар/с)
2026-01-23 11:35:23,829 - coint2.pipeline.walk_forward_orchestrator - INFO - 🎯 СИМУЛЯЦИЯ ПОРТФЕЛЯ: 50 пар, лимит 15 позиций
2026-01-23 11:35:25,480 - coint2.pipeline.walk_forward_orchestrator - INFO -    📈 Макс. одновременных сигналов: 0
2026-01-23 11:35:25,480 - coint2.pipeline.walk_forward_orchestrator - INFO -    📊 Средн. сигналов за период: 0.0
2026-01-23 11:35:25,480 - coint2.pipeline.walk_forward_orchestrator - INFO -    🎯 Финальных активных позиций: 0
2026-01-23 11:35:25,481 - coint2.pipeline.walk_forward_orchestrator - INFO -    ⚡ Утилизация лимита позиций: 0.0%
2026-01-23 11:35:25,482 - INFO - ⇠ WF-шаг 5/5 backtests — completed 50 items in 3.54s (14.1 items/s)
2026-01-23 11:35:25,482 - INFO -   ✅ Обработка завершена: 50 успешно, 0 с ошибками
2026-01-23 11:35:25,482 - INFO -   📊 Успешность: 100.0%, прибыльность: 0.0%, сделок/пара: 0.0
2026-01-23 11:35:25,482 - INFO -   ✅ Завершены бэктесты для 50 пар
2026-01-23 11:35:25,482 - INFO -   📊 Всего обработано пар в этом шаге: 50
2026-01-23 11:35:25,482 - INFO -   📈 Результаты шага: 0/50 прибыльных пар, 0 сделок
2026-01-23 11:35:25,483 - INFO -   💰 P&L шага: $+0.00
2026-01-23 11:35:25,483 - INFO -   ⇢ Обновление капитала и дневного P&L...
2026-01-23 11:35:27,384 - INFO -   💼 Шаг P&L: $+0.00, Накопленный капитал: $857.07
2026-01-23 11:35:27,384 - INFO - ------------------------------------------------------------
2026-01-23 11:35:27,384 - INFO -   Walk-forward steps: 5 / 5 (100.0%) | 0.0 items/s | ETA: 0.0s
2026-01-23 11:35:27,384 - INFO - ⇠ Walk-forward steps — completed 5 items in 128.66s (0.0 items/s)
2026-01-23 11:35:27,384 - INFO - ================================================================================
2026-01-23 11:35:27,384 - INFO - 🏁 Walk-forward анализ завершен!
2026-01-23 11:35:27,384 - INFO - ⏱️ Обработано 5 шагов за 5.4 секунд
2026-01-23 11:35:27,384 - INFO - 📊 Всего обработано пар за весь анализ: 250
2026-01-23 11:35:27,384 - INFO - 💰 Финальный капитал: $857.07 (было $1,000.00)
2026-01-23 11:35:27,384 - INFO - 📈 Общая доходность: -14.29% ($-142.93)
2026-01-23 11:35:27,384 - INFO - 📊 Всего сделок: 0
2026-01-23 11:35:27,385 - INFO - ================================================================================
2026-01-23 11:35:27,385 - INFO - ✓ Завершены все 5 WF-шагов
2026-01-23 11:35:27,385 - INFO - ⇢ Обработка финальных результатов и расчет метрик...
2026-01-23 11:35:27,385 - INFO - ⇢ processing final results — start
2026-01-23 11:35:27,385 - INFO -   ⇢ Агрегация данных P&L за 14405 торговых дней
2026-01-23 11:35:27,422 - INFO -   ⇢ Расчет базовых метрик производительности...
2026-01-23 11:35:27,423 - INFO -     📊 Данные для анализа: 14405 записей P&L, 14401 точек equity
2026-01-23 11:35:27,426 - INFO -   ⇢ Расчет расширенных метрик (волатильность, Calmar ratio, и др.)...
2026-01-23 11:35:27,426 - INFO -   ✅ Расширенные метрики рассчитаны: 6 показателей
2026-01-23 11:35:27,426 - INFO -   ⇢ Анализ статистики по 250 парам...
2026-01-23 11:35:27,430 - INFO - ✅ Рассчитаны метрики производительности (26 показателей)
2026-01-23 11:35:27,431 - INFO -   💰 Общий P&L: $-142.93
2026-01-23 11:35:27,431 - INFO -   📊 Sharpe Ratio: -0.695
2026-01-23 11:35:27,431 - INFO -   📉 Максимальная просадка: -46346.66%
2026-01-23 11:35:27,431 - INFO -   🔄 Всего сделок: 2139
2026-01-23 11:35:27,431 - INFO -   📈 Торгуемых пар: 120
2026-01-23 11:35:27,431 - INFO -   💸 Общие издержки: $71.69
2026-01-23 11:35:27,431 - coint2.metrics - INFO - Metric: total_pnl
2026-01-23 11:35:27,431 - coint2.metrics - INFO - Metric: sharpe_ratio_abs
2026-01-23 11:35:27,432 - coint2.metrics - INFO - Metric: max_drawdown_pct
2026-01-23 11:35:27,432 - coint2.metrics - INFO - Metric: total_trades
2026-01-23 11:35:27,432 - coint2.metrics - INFO - Metric: total_pairs_traded
2026-01-23 11:35:27,432 - coint2.metrics - INFO - Metric: total_costs
2026-01-23 11:35:27,432 - INFO - ⇠ processing final results — done in 0.05s
2026-01-23 11:35:27,432 - INFO - ⇢ Создание отчетов и сохранение результатов...
2026-01-23 11:35:27,432 - INFO - ⇢ generating reports — start
2026-01-23 11:35:27,432 - INFO -   ⇢ Создание отчета о производительности...
2026-01-23 11:35:34,694 - INFO -   ✓ Отчет о производительности создан
2026-01-23 11:35:34,694 - INFO -   ⇢ Сохранение данных в CSV файлы...
2026-01-23 11:35:34,696 - INFO - 📋 Метрики сохранены: artifacts/wfa/runs/20260123_budget1000_capsweep_maxnot25_risk_minnot_grid/stress_relaxed8_nokpss_20260123_top50_z1p00_exit0p06_hold180_cd180_ms0p2_cap1000_maxnot25_risk0p01/strategy_metrics.csv
2026-01-23 11:35:34,697 - INFO - 📈 Дневные P&L сохранены: artifacts/wfa/runs/20260123_budget1000_capsweep_maxnot25_risk_minnot_grid/stress_relaxed8_nokpss_20260123_top50_z1p00_exit0p06_hold180_cd180_ms0p2_cap1000_maxnot25_risk0p01/daily_pnl.csv (151 записей)
2026-01-23 11:35:34,750 - INFO - 💹 Кривая капитала сохранена: artifacts/wfa/runs/20260123_budget1000_capsweep_maxnot25_risk_minnot_grid/stress_relaxed8_nokpss_20260123_top50_z1p00_exit0p06_hold180_cd180_ms0p2_cap1000_maxnot25_risk0p01/equity_curve.csv (14401 точек)
2026-01-23 11:35:34,755 - INFO - 📋 Статистика сделок сохранена: artifacts/wfa/runs/20260123_budget1000_capsweep_maxnot25_risk_minnot_grid/stress_relaxed8_nokpss_20260123_top50_z1p00_exit0p06_hold180_cd180_ms0p2_cap1000_maxnot25_risk0p01/trade_statistics.csv (250 записей)
2026-01-23 11:35:34,756 - INFO - 🎉 Walk-Forward анализ полностью завершен!
2026-01-23 11:35:34,756 - INFO - 📊 Все отчеты и данные сохранены в: artifacts/wfa/runs/20260123_budget1000_capsweep_maxnot25_risk_minnot_grid/stress_relaxed8_nokpss_20260123_top50_z1p00_exit0p06_hold180_cd180_ms0p2_cap1000_maxnot25_risk0p01
2026-01-23 11:35:34,756 - INFO - 💼 Итоговый капитал: $857.07
2026-01-23 11:35:34,756 - INFO - ⏱️  Общее время выполнения: 12.8 секунд
2026-01-23 11:35:34,756 - INFO - ⇠ generating reports — done in 7.32s
2026-01-23 11:35:34,756 - coint2.core.memory_optimization - INFO - 🧹 Cleaning up global price data
2026-01-23 11:35:34,761 - coint2.core.memory_optimization - INFO - 📊 No global rolling stats to clean up
2026-01-23 11:35:34,761 - INFO - 🧹 Memory-mapped data cleaned up
2026-01-23 11:35:34,763 - INFO - ⇠ run_walk_forward_analysis — done in 150.43s
📊 Отчет сохранен: artifacts/wfa/runs/20260123_budget1000_capsweep_maxnot25_risk_minnot_grid/stress_relaxed8_nokpss_20260123_top50_z1p00_exit0p06_hold180_cd180_ms0p2_cap1000_maxnot25_risk0p01/CointegrationStrategy_performance_report.png
🎯 ============================================================
📊 ИТОГИ ТОРГОВОЙ СТРАТЕГИИ
🎯 ============================================================

💰 ФИНАНСОВЫЕ РЕЗУЛЬТАТЫ:
   • Общий P&L:                         -143
   • Максимальная просадка:             -463
   • Средний дневной P&L:                 -1

📈 МЕТРИКИ РИСКА:
   • Коэффициент Шарпа:              -0.6947
   • Волатильность P&L:                29.86
   • Процент прибыльных дней:         11.92%

🔄 ТОРГОВАЯ АКТИВНОСТЬ:
   • Всего торговых дней:                151
   • Всего сделок:                     2,139
   • Торгуемых пар:                      120
   • Сделок на пару:                     8.6
   • Успешность сделок:               0.14%

💸 РАСХОДЫ И ЭКСТРЕМУМЫ:
   • Общие расходы:                       72
   • Максимальная прибыль:                98
   • Максимальный убыток:               -279
   • Лучшая пара (P&L):                   95
   • Худшая пара (P&L):                 -202

📊 ОЦЕНКА СТРАТЕГИИ:
   ❌ УБЫТОЧНАЯ стратегия. Требует доработки

🎯 ============================================================

Annualized Sharpe Ratio: -0.6947430020887415
[run_wfa_fullcpu] end: 2026-01-23T11:35:35Z
