[run_wfa_queue] 2026-01-23T12:32:26Z cmd: /opt/coint4/coint4/run_wfa_fullcpu.sh configs/budget_20260123_1000_capsweep_oos20240101_20240630_top50_maxnot25_risk0p0125/stress_relaxed8_nokpss_20260123_oos20240101_20240630_top50_z1p00_exit0p06_hold180_cd180_ms0p2_cap1000_maxnot25_risk0p0125.yaml artifacts/wfa/runs/20260123_budget1000_oos20240101_20240630_top50_maxnot25_risk0p0125/stress_relaxed8_nokpss_20260123_oos20240101_20240630_top50_z1p00_exit0p06_hold180_cd180_ms0p2_cap1000_maxnot25_risk0p0125
[run_wfa_fullcpu] start: 2026-01-23T12:32:26Z
[run_wfa_fullcpu] os.cpu_count: 8
[run_wfa_fullcpu] worker_pid=1177
2026-01-23 12:32:30,000 - coint2.core.memory_optimization - INFO - ✅ BLAS threading limits set to 1 via threadpoolctl
2026-01-23 12:32:30,000 - coint2.core.memory_optimization - INFO - 🔧 Controlled libraries: openblas, openmp
2026-01-23 12:32:30,001 - coint2.core.memory_optimization - INFO - 🧵 Process threads: 2 → 2
2026-01-23 12:32:30,001 - coint2.core.memory_optimization - INFO - 📝 Set 11 environment variables
2026-01-23 12:32:30,431 - INFO - ✅ Параметры конфигурации валидны
2026-01-23 12:32:30,431 - INFO - 📝 Некоторые параметры были скорректированы:
2026-01-23 12:32:30,600 - INFO - 🔒 WFA: фиксированный universe из artifacts/universe/20260119_relaxed8_strict_preholdout_v2/pairs_universe.yaml (250 пар)
2026-01-23 12:32:30,600 - INFO -   Шаг 1: тренировка 2023-10-03-2023-12-31, тест 2024-01-01-2024-01-31
2026-01-23 12:32:30,600 - INFO -   Шаг 2: тренировка 2023-11-02-2024-01-30, тест 2024-01-31-2024-03-01
2026-01-23 12:32:30,600 - INFO -   Шаг 3: тренировка 2023-12-02-2024-02-29, тест 2024-03-01-2024-03-31
2026-01-23 12:32:30,601 - INFO -   Шаг 4: тренировка 2024-01-01-2024-03-30, тест 2024-03-31-2024-04-30
2026-01-23 12:32:30,601 - INFO -   Шаг 5: тренировка 2024-01-31-2024-04-29, тест 2024-04-30-2024-05-30
2026-01-23 12:32:30,601 - INFO -   Шаг 6: тренировка 2024-03-01-2024-05-29, тест 2024-05-30-2024-06-29
2026-01-23 12:32:30,601 - INFO -   Шаг 7: тренировка 2024-03-31-2024-06-28, тест 2024-06-29-2024-07-29
2026-01-23 12:32:30,601 - INFO - 📈 Запланировано 7 walk-forward шагов
2026-01-23 12:32:30,601 - INFO - ⛔ Ограничение WFA шагов: 7 → 3
2026-01-23 12:32:30,601 - WARNING - ⚠️ Маленький буфер между training и testing в шаге 1: 0 дней. Рекомендуется минимум 1 день.
2026-01-23 12:32:30,601 - WARNING - ⚠️ Маленький буфер между training и testing в шаге 2: 0 дней. Рекомендуется минимум 1 день.
2026-01-23 12:32:30,601 - WARNING - ⚠️ Маленький буфер между training и testing в шаге 3: 0 дней. Рекомендуется минимум 1 день.
2026-01-23 12:32:30,601 - INFO - ✅ Шаги успешно запланированы:
2026-01-23 12:32:30,601 - INFO -    Шаг 1: тренировка 2023-10-03-2023-12-31, тест 2024-01-01-2024-01-31
2026-01-23 12:32:30,601 - INFO -    Шаг 2: тренировка 2023-11-02-2024-01-30, тест 2024-01-31-2024-03-01
2026-01-23 12:32:30,601 - INFO -    Шаг 3: тренировка 2023-12-02-2024-02-29, тест 2024-03-01-2024-03-31
2026-01-23 12:32:30,601 - INFO - 🗂️ Consolidating price data for memory-mapped access...
2026-01-23 12:32:30,601 - INFO - 📊 Consolidating data range: 2023-09-28 → 2024-04-05
2026-01-23 12:32:30,601 - coint2.core.memory_optimization - INFO - 🔄 Consolidating price data from data_downloaded to .cache/consolidated_prices.parquet
2026-01-23 12:32:30,601 - INFO - ⇢ loading raw data for consolidation — start
2026-01-23 12:32:31,905 - INFO - ⇠ loading raw data for consolidation — done in 1.30s
2026-01-23 12:32:31,905 - INFO - ⇢ pivoting data to wide format — start
2026-01-23 12:32:36,686 - INFO - ⇠ pivoting data to wide format — done in 4.78s
2026-01-23 12:32:36,737 - coint2.core.memory_optimization - INFO - 📊 Consolidated data: 18241 rows × 366 symbols
2026-01-23 12:32:36,738 - coint2.core.memory_optimization - INFO - 💾 Memory usage: 26.9 MB
2026-01-23 12:32:36,738 - INFO - ⇢ writing consolidated Parquet file — start
2026-01-23 12:32:36,948 - INFO - ⇠ writing consolidated Parquet file — done in 0.21s
2026-01-23 12:32:36,948 - coint2.core.memory_optimization - INFO - ✅ Successfully consolidated data to .cache/consolidated_prices.parquet
2026-01-23 12:32:36,970 - coint2.core.memory_optimization - INFO - 🔄 Initializing memory-mapped price data from .cache/consolidated_prices.parquet
2026-01-23 12:32:36,971 - INFO - ⇢ loading memory-mapped data — start
2026-01-23 12:32:36,971 - coint2.core.memory_optimization - WARNING - ⚠️ memory_map не поддерживается в текущей версии pyarrow, fallback без mmap
2026-01-23 12:32:37,099 - INFO - ⇠ loading memory-mapped data — done in 0.13s
2026-01-23 12:32:37,108 - coint2.core.memory_optimization - INFO - 📊 Loaded 18241 rows × 366 symbols
2026-01-23 12:32:37,108 - coint2.core.memory_optimization - INFO - 💾 Memory usage: 26.9 MB (memory-mapped)
2026-01-23 12:32:37,109 - INFO - ✅ Memory-mapped data initialized successfully
2026-01-23 12:32:37,110 - INFO - ⇢ Walk-forward steps — starting 3 items
2026-01-23 12:32:37,111 - INFO - 📈 Инициализация equity кривой с первой тестовой даты: 2024-01-01 00:00:00
2026-01-23 12:32:37,111 - INFO - 🔍 WF-шаг 1/3: Валидация временных окон...
2026-01-23 12:32:37,111 - INFO - ⇢ WF-шаг 1/3: training 2023-10-03-2023-12-31, testing 2024-01-01-2024-01-31 — start
2026-01-23 12:32:37,112 - INFO - ⇢ loading step data — start
2026-01-23 12:32:37,337 - INFO - ⇠ loading step data — done in 0.22s
2026-01-23 12:32:39,402 - INFO - 📊 WF-шаг 1/3: Границы данных:
2026-01-23 12:32:39,402 - INFO -    Training: 2023-10-03 00:00:00 → 2023-12-31 23:45:00 (8,640 строк × 329 символов)
2026-01-23 12:32:39,402 - INFO -    Testing:  2024-01-01 00:00:00 → 2024-01-31 00:00:00 (2,881 строк × 329 символов)
2026-01-23 12:32:39,402 - INFO -    Временной разрыв: 0 days 00:15:00
2026-01-23 12:32:39,443 - INFO - ⇢ normalizing training data — start
2026-01-23 12:32:39,483 - INFO -   Символы с NaN значениями: 53
2026-01-23 12:32:39,483 - INFO -   Применяем метод нормализации: rolling_zscore
2026-01-23 12:32:39,505 - INFO - Символы с недостаточной историей: 50 из 329
2026-01-23 12:32:40,111 - INFO - Символы с NaN после нормализации: 279
2026-01-23 12:32:40,119 - INFO - Удалено 1577 начальных строк с NaN от rolling расчетов
2026-01-23 12:32:40,122 - INFO - Итоговое количество символов после нормализации: 279 из 329
2026-01-23 12:32:40,122 - INFO -   Статистика нормализации:
2026-01-23 12:32:40,122 - INFO -     Исходные символы: 329
2026-01-23 12:32:40,122 - INFO -     Недостаточная история: 50
2026-01-23 12:32:40,122 - INFO -     Постоянная цена: 0
2026-01-23 12:32:40,122 - INFO -     NaN после нормализации: 279
2026-01-23 12:32:40,122 - INFO -     Итоговые символы: 279 (84.8%)
2026-01-23 12:32:40,122 - INFO -   После нормализации: 279 символов (потеряно 50)
2026-01-23 12:32:40,122 - INFO -   Отброшено много символов: 50 из 329
2026-01-23 12:32:40,122 - INFO - ⇠ normalizing training data — done in 0.68s
2026-01-23 12:32:40,123 - INFO -   Фиксированный universe: 234 пар (отфильтровано 16 недоступных)
2026-01-23 12:32:40,123 - INFO - ⇢ filtering pairs by cointegration and half-life — start
2026-01-23 12:32:40,123 - INFO - [ФИЛЬТР] Параллельная фильтрация: threads (8 workers)
2026-01-23 12:32:45,813 - INFO - [ФИЛЬТР] После проверки данных: 212 пар
2026-01-23 12:32:45,813 - INFO - [ФИЛЬТР] После фильтра корреляции (>0.4): 163 пар
2026-01-23 12:32:45,813 - INFO - [ФИЛЬТР] После фильтра beta: 141 пар
2026-01-23 12:32:45,814 - INFO - [ФИЛЬТР] После фильтра mean crossings: 141 пар
2026-01-23 12:32:45,814 - INFO - [ФИЛЬТР] После фильтра half-life: 141 пар
2026-01-23 12:32:45,814 - INFO - [ФИЛЬТР] После фильтра коинтеграции: 63 пар
2026-01-23 12:32:45,814 - INFO - [ФИЛЬТР] После фильтра Hurst: 48 пар
2026-01-23 12:32:45,814 - INFO - [ФИЛЬТР] После фильтра KPSS: 48 пар
2026-01-23 12:32:45,814 - INFO - [ФИЛЬТР] После фильтра market microstructure: 44 пар
2026-01-23 12:32:45,814 - INFO - [ФИЛЬТР] Статистика фильтрации (оптимизированный порядок):
2026-01-23 12:32:45,814 - INFO -   1. SSD → Коинтеграция: 234 → 63 пар
2026-01-23 12:32:45,814 - INFO -   2. Коинтеграция → Beta: 63 → 141 пар
2026-01-23 12:32:45,814 - INFO -   3. Beta → Half-life: 141 → 141 пар
2026-01-23 12:32:45,814 - INFO -   4. Half-life → Mean crossings: 141 → 141 пар
2026-01-23 12:32:45,814 - INFO -   5. Mean crossings → Hurst: 141 → 48 пар
2026-01-23 12:32:45,814 - INFO -   6. Hurst → KPSS: 48 → 48 пар
2026-01-23 12:32:45,814 - INFO -   7. KPSS → Market microstructure: 48 → 44 пар
2026-01-23 12:32:45,814 - INFO - [ФИЛЬТР] Причины отсева:
2026-01-23 12:32:45,814 - INFO -   • pvalue: 78 пар (33.3%)
2026-01-23 12:32:45,814 - INFO -   • low_correlation: 49 пар (20.9%)
2026-01-23 12:32:45,814 - INFO -   • insufficient_data: 22 пар (9.4%)
2026-01-23 12:32:45,815 - INFO -   • beta: 22 пар (9.4%)
2026-01-23 12:32:45,815 - INFO -   • hurst: 15 пар (6.4%)
2026-01-23 12:32:45,815 - INFO -   • history: 4 пар (1.7%)
2026-01-23 12:32:45,815 - INFO - [ФИЛЬТР] Итого: 234 → 44 пар (18.8% прошли все фильтры)
2026-01-23 12:32:45,819 - INFO - Причины отсева сохранены в results/filter_reasons_20260123_123245.csv
2026-01-23 12:32:45,819 - INFO -   Pair stability filter: insufficient history (0 < 1), skip
2026-01-23 12:32:45,820 - INFO -   Фильтрация: 234 → 44 пар
2026-01-23 12:32:45,820 - INFO - ⇠ filtering pairs by cointegration and half-life — done in 5.70s
2026-01-23 12:32:45,820 - INFO - ⇠ WF-шаг 1/3: training 2023-10-03-2023-12-31, testing 2024-01-01-2024-01-31 — done in 8.71s
2026-01-23 12:32:45,820 - INFO -   Ограничение max_pairs=50: 44 пар (лимит не достигнут)
2026-01-23 12:32:45,820 - INFO -   Топ-3 пары по волатильности спреда:
2026-01-23 12:32:45,820 - INFO -     1. BTCDAI-BTCEUR: beta=1.1665, std=409.8237
2026-01-23 12:32:45,820 - INFO -     2. ETHDAI-ETHEUR: beta=1.1882, std=22.0629
2026-01-23 12:32:45,820 - INFO -     3. BTCUSDC-BTCUSDT: beta=0.9998, std=13.3093
2026-01-23 12:32:45,820 - INFO -   Всего пар для торговли: 44 (ограничение 15 применяется к одновременно открытым позициям)
2026-01-23 12:32:45,821 - INFO -   💰 Проверка расчета капитала: equity=$1,000.00, кандидатных_пар=44, max_позиций=15
2026-01-23 12:32:45,821 - INFO -   🎯 Target concurrency: 15 (ожидаемое одновременное число позиций)
2026-01-23 12:32:45,821 - INFO -   📊 Детали расчета капитала:
2026-01-23 12:32:45,821 - INFO -      • Базовый капитал на пару: $66.67 (equity / target_concurrency)
2026-01-23 12:32:45,821 - INFO -      • Риск-капитал: $12.50 (1.2% от equity)
2026-01-23 12:32:45,821 - INFO -      • Макс. размер позиции: $20.00 (2.0% от equity)
2026-01-23 12:32:45,822 - INFO -      • Итоговый капитал на пару: $12.50
2026-01-23 12:32:45,822 - INFO - ⇢ WF-шаг 1/3 backtests — starting 44 items
2026-01-23 12:32:45,822 - INFO - 🚀 WF-шаг 1/3: Начинаем бэктесты для 44 пар...
2026-01-23 12:32:45,822 - INFO - 🚀 WF-шаг 1/3: Запускаем параллельную обработку 44 пар на 8 ядрах...
2026-01-23 12:32:45,822 - INFO - 🚀 WF-шаг 1/3: Режим параллельности: процессы
⚙️  Загрузка данных за период: 2023-09-28 -> 2024-04-05
📂 Найдено 43 parquet файлов для обработки.
📊 Схема данных: Schema({'timestamp': Int64, 'open': Float64, 'high': Float64, 'low': Float64, 'close': Float64, 'volume': Float64, 'turnover': String, 'ts_ms': Int64, 'symbol': String})
✅ Загружено 5719620 записей с помощью Polars.
📊 Типы данных в pandas: timestamp       datetime64[us]
symbol                  object
close                  float64
timestamp_ms             int64
dtype: object
⚙️  Загрузка данных за период: 2023-10-03 -> 2024-01-31
📂 Найдено 43 parquet файлов для обработки.
📊 Схема данных: Schema({'timestamp': Int64, 'open': Float64, 'high': Float64, 'low': Float64, 'close': Float64, 'volume': Float64, 'turnover': String, 'ts_ms': Int64, 'symbol': String})
✅ Загружено 3426589 записей с помощью Polars.
📊 Типы данных в pandas: timestamp       datetime64[us]
symbol                  object
close                  float64
timestamp_ms             int64
dtype: object
2026-01-23 12:32:45,879 - coint2.engine.numba_engine - INFO - Запуск Numba-оптимизированного бэктеста для BTCDAI-BTCEUR
2026-01-23 12:32:45,906 - coint2.engine.numba_engine - INFO - Запуск Numba-оптимизированного бэктеста для ETHDAI-ETHEUR
2026-01-23 12:32:45,926 - coint2.engine.numba_engine - INFO - Запуск Numba-оптимизированного бэктеста для BTCUSDC-BTCUSDT
2026-01-23 12:32:45,969 - coint2.engine.numba_engine - INFO - Запуск Numba-оптимизированного бэктеста для APEUSDC-HFTUSDC
2026-01-23 12:32:45,965 - coint2.engine.numba_engine - INFO - Запуск Numba-оптимизированного бэктеста для ETCUSDT-JUVUSDT
2026-01-23 12:32:45,993 - coint2.engine.numba_engine - INFO - Запуск Numba-оптимизированного бэктеста для CITYUSDT-IZIUSDT
2026-01-23 12:32:45,999 - coint2.engine.numba_engine - INFO - Запуск Numba-оптимизированного бэктеста для ATOMUSDT-GODSUSDT
2026-01-23 12:32:46,016 - coint2.engine.numba_engine - INFO - Запуск Numba-оптимизированного бэктеста для CELOUSDT-FLOWUSDT
2026-01-23 12:32:46,019 - coint2.engine.numba_engine - INFO - Запуск Numba-оптимизированного бэктеста для ETHUSDC-ETHUSDT
2026-01-23 12:32:46,027 - coint2.engine.numba_engine - INFO - Запуск Numba-оптимизированного бэктеста для APEUSDC-HFTUSDT
2026-01-23 12:32:46,028 - coint2.engine.numba_engine - INFO - Запуск Numba-оптимизированного бэктеста для APEUSDT-HFTUSDC
2026-01-23 12:32:46,032 - coint2.engine.numba_engine - INFO - Запуск Numba-оптимизированного бэктеста для AXSUSDT-DOTUSDT
2026-01-23 12:32:46,063 - coint2.engine.numba_engine - INFO - Запуск Numba-оптимизированного бэктеста для C98USDT-FILUSDT
2026-01-23 12:32:46,072 - coint2.engine.numba_engine - INFO - Запуск Numba-оптимизированного бэктеста для APEUSDC-GODSUSDT
2026-01-23 12:32:46,083 - coint2.engine.numba_engine - INFO - Запуск Numba-оптимизированного бэктеста для APEUSDT-GODSUSDT
2026-01-23 12:32:46,086 - coint2.engine.numba_engine - INFO - Запуск Numba-оптимизированного бэктеста для AXSUSDT-DOTUSDC
2026-01-23 12:32:46,109 - coint2.engine.numba_engine - INFO - Запуск Numba-оптимизированного бэктеста для AVAUSDT-IZIUSDT
2026-01-23 12:32:46,118 - coint2.engine.numba_engine - INFO - Запуск Numba-оптимизированного бэктеста для IZIUSDT-KAVAUSDT
2026-01-23 12:32:46,127 - coint2.engine.numba_engine - INFO - Запуск Numba-оптимизированного бэктеста для AVAUSDT-FITFIUSDT
2026-01-23 12:32:46,146 - coint2.engine.numba_engine - INFO - Запуск Numba-оптимизированного бэктеста для APEUSDT-HFTUSDT
2026-01-23 12:32:46,157 - coint2.engine.numba_engine - INFO - Запуск Numba-оптимизированного бэктеста для BATUSDT-ETCUSDT
2026-01-23 12:32:46,164 - coint2.engine.numba_engine - INFO - Запуск Numba-оптимизированного бэктеста для APEUSDC-ATOMUSDT
2026-01-23 12:32:46,166 - coint2.engine.numba_engine - INFO - Запуск Numba-оптимизированного бэктеста для DOGEUSDC-JUVUSDT
2026-01-23 12:32:46,177 - coint2.engine.numba_engine - INFO - Запуск Numba-оптимизированного бэктеста для AGLDUSDT-HFTUSDC
2026-01-23 12:32:46,191 - coint2.engine.numba_engine - INFO - Запуск Numba-оптимизированного бэктеста для AFCUSDT-ANKRUSDT
2026-01-23 12:32:46,197 - coint2.engine.numba_engine - INFO - Запуск Numba-оптимизированного бэктеста для AGLDUSDT-HFTUSDT
2026-01-23 12:32:46,197 - coint2.engine.numba_engine - INFO - Запуск Numba-оптимизированного бэктеста для ERTHAUSDT-IZIUSDT
2026-01-23 12:32:46,203 - coint2.engine.numba_engine - INFO - Запуск Numba-оптимизированного бэктеста для CRVUSDT-HFTUSDC
2026-01-23 12:32:46,212 - coint2.engine.numba_engine - INFO - Запуск Numba-оптимизированного бэктеста для ACSUSDT-AGLDUSDT
2026-01-23 12:32:46,218 - coint2.engine.numba_engine - INFO - Запуск Numba-оптимизированного бэктеста для HOOKUSDT-KAVAUSDT
2026-01-23 12:32:46,226 - coint2.engine.numba_engine - INFO - Запуск Numba-оптимизированного бэктеста для APEUSDT-ATOMUSDT
2026-01-23 12:32:46,232 - coint2.engine.numba_engine - INFO - Запуск Numba-оптимизированного бэктеста для 1INCHUSDT-ACSUSDT
2026-01-23 12:32:46,243 - coint2.engine.numba_engine - INFO - Запуск Numba-оптимизированного бэктеста для CRVUSDT-HFTUSDT
2026-01-23 12:32:46,248 - coint2.engine.numba_engine - INFO - Запуск Numba-оптимизированного бэктеста для CELOUSDT-ENJUSDT
2026-01-23 12:32:46,250 - coint2.engine.numba_engine - INFO - Запуск Numba-оптимизированного бэктеста для ENJUSDT-FILUSDC
2026-01-23 12:32:46,263 - coint2.engine.numba_engine - INFO - Запуск Numba-оптимизированного бэктеста для GMTUSDC-HOOKUSDT
2026-01-23 12:32:46,268 - coint2.engine.numba_engine - INFO - Запуск Numba-оптимизированного бэктеста для 1INCHUSDT-AXSUSDT
2026-01-23 12:32:46,274 - coint2.engine.numba_engine - INFO - Запуск Numba-оптимизированного бэктеста для CHZUSDC-JSTUSDT
2026-01-23 12:32:46,287 - coint2.engine.numba_engine - INFO - Запуск Numba-оптимизированного бэктеста для GMTUSDT-HOOKUSDT
2026-01-23 12:32:46,293 - coint2.engine.numba_engine - INFO - Запуск Numba-оптимизированного бэктеста для FITFIUSDT-IZIUSDT
2026-01-23 12:32:46,296 - coint2.engine.numba_engine - INFO - Запуск Numba-оптимизированного бэктеста для CHRPUSDT-ERTHAUSDT
2026-01-23 12:32:46,307 - coint2.engine.numba_engine - INFO - Запуск Numba-оптимизированного бэктеста для CHRPUSDT-CITYUSDT
2026-01-23 12:32:46,322 - coint2.engine.numba_engine - INFO - Запуск Numba-оптимизированного бэктеста для DOMEUSDT-GODSUSDT
2026-01-23 12:32:46,336 - coint2.engine.numba_engine - INFO - Запуск Numba-оптимизированного бэктеста для FITFIUSDT-JUVUSDT
2026-01-23 12:32:46,630 - INFO -   ⏱️ Параллельная обработка завершена за 0.8с (54.5 пар/с)
2026-01-23 12:32:46,650 - coint2.pipeline.walk_forward_orchestrator - INFO - 🎯 СИМУЛЯЦИЯ ПОРТФЕЛЯ: 44 пар, лимит 15 позиций
2026-01-23 12:32:47,555 - coint2.pipeline.walk_forward_orchestrator - INFO -    📈 Макс. одновременных сигналов: 32
2026-01-23 12:32:47,555 - coint2.pipeline.walk_forward_orchestrator - INFO -    📊 Средн. сигналов за период: 16.8
2026-01-23 12:32:47,556 - coint2.pipeline.walk_forward_orchestrator - INFO -    🎯 Финальных активных позиций: 13
2026-01-23 12:32:47,557 - coint2.pipeline.walk_forward_orchestrator - INFO -    ⚡ Утилизация лимита позиций: 90.7%
2026-01-23 12:32:47,557 - INFO - ⇠ WF-шаг 1/3 backtests — completed 44 items in 1.74s (25.4 items/s)
2026-01-23 12:32:47,557 - INFO -   ✅ Обработка завершена: 44 успешно, 0 с ошибками
2026-01-23 12:32:47,558 - INFO -   📊 Успешность: 100.0%, прибыльность: 59.1%, сделок/пара: 46.7
2026-01-23 12:32:47,558 - INFO -   ✅ Завершены бэктесты для 44 пар
2026-01-23 12:32:47,558 - INFO -   📊 Всего обработано пар в этом шаге: 44
2026-01-23 12:32:47,558 - INFO -   📈 Результаты шага: 26/44 прибыльных пар, 2056 сделок
2026-01-23 12:32:47,558 - INFO -   💰 P&L шага: $-31.25
2026-01-23 12:32:47,558 - INFO -   ⇢ Обновление капитала и дневного P&L...
2026-01-23 12:32:48,738 - INFO -   💼 Шаг P&L: $-31.25, Накопленный капитал: $968.75
2026-01-23 12:32:48,738 - INFO - ------------------------------------------------------------
2026-01-23 12:32:48,738 - INFO -   Walk-forward steps: 1 / 3 (33.3%) | 0.1 items/s | ETA: 23.3s
2026-01-23 12:32:48,738 - INFO - 🔍 WF-шаг 2/3: Валидация временных окон...
2026-01-23 12:32:48,739 - INFO - ⇢ WF-шаг 2/3: training 2023-11-02-2024-01-30, testing 2024-01-31-2024-03-01 — start
2026-01-23 12:32:48,739 - INFO - ⇢ loading step data — start
2026-01-23 12:32:49,005 - INFO - ⇠ loading step data — done in 0.27s
2026-01-23 12:32:51,130 - INFO - 📊 WF-шаг 2/3: Границы данных:
2026-01-23 12:32:51,130 - INFO -    Training: 2023-11-02 00:00:00 → 2024-01-30 23:45:00 (8,640 строк × 346 символов)
2026-01-23 12:32:51,130 - INFO -    Testing:  2024-01-31 00:00:00 → 2024-03-01 00:00:00 (2,881 строк × 346 символов)
2026-01-23 12:32:51,130 - INFO -    Временной разрыв: 0 days 00:15:00
2026-01-23 12:32:51,177 - INFO - ⇢ normalizing training data — start
2026-01-23 12:32:51,221 - INFO -   Символы с NaN значениями: 63
2026-01-23 12:32:51,221 - INFO -   Применяем метод нормализации: rolling_zscore
2026-01-23 12:32:51,245 - INFO - Символы с недостаточной историей: 58 из 346
2026-01-23 12:32:51,931 - INFO - Символы с NaN после нормализации: 288
2026-01-23 12:32:51,939 - INFO - Удалено 1193 начальных строк с NaN от rolling расчетов
2026-01-23 12:32:51,942 - INFO - Итоговое количество символов после нормализации: 288 из 346
2026-01-23 12:32:51,942 - INFO -   Статистика нормализации:
2026-01-23 12:32:51,942 - INFO -     Исходные символы: 346
2026-01-23 12:32:51,942 - INFO -     Недостаточная история: 58
2026-01-23 12:32:51,942 - INFO -     Постоянная цена: 0
2026-01-23 12:32:51,942 - INFO -     NaN после нормализации: 288
2026-01-23 12:32:51,942 - INFO -     Итоговые символы: 288 (83.2%)
2026-01-23 12:32:51,943 - INFO -   После нормализации: 288 символов (потеряно 58)
2026-01-23 12:32:51,943 - INFO -   Отброшено много символов: 58 из 346
2026-01-23 12:32:51,943 - INFO - ⇠ normalizing training data — done in 0.77s
2026-01-23 12:32:51,943 - INFO -   Фиксированный universe: 246 пар (отфильтровано 4 недоступных)
2026-01-23 12:32:51,943 - INFO - ⇢ filtering pairs by cointegration and half-life — start
2026-01-23 12:32:51,943 - INFO - [ФИЛЬТР] Параллельная фильтрация: threads (8 workers)
2026-01-23 12:32:57,797 - INFO - [ФИЛЬТР] После проверки данных: 218 пар
2026-01-23 12:32:57,797 - INFO - [ФИЛЬТР] После фильтра корреляции (>0.4): 122 пар
2026-01-23 12:32:57,797 - INFO - [ФИЛЬТР] После фильтра beta: 108 пар
2026-01-23 12:32:57,797 - INFO - [ФИЛЬТР] После фильтра mean crossings: 108 пар
2026-01-23 12:32:57,797 - INFO - [ФИЛЬТР] После фильтра half-life: 108 пар
2026-01-23 12:32:57,797 - INFO - [ФИЛЬТР] После фильтра коинтеграции: 72 пар
2026-01-23 12:32:57,797 - INFO - [ФИЛЬТР] После фильтра Hurst: 55 пар
2026-01-23 12:32:57,797 - INFO - [ФИЛЬТР] После фильтра KPSS: 55 пар
2026-01-23 12:32:57,797 - INFO - [ФИЛЬТР] После фильтра market microstructure: 49 пар
2026-01-23 12:32:57,797 - INFO - [ФИЛЬТР] Статистика фильтрации (оптимизированный порядок):
2026-01-23 12:32:57,797 - INFO -   1. SSD → Коинтеграция: 246 → 72 пар
2026-01-23 12:32:57,797 - INFO -   2. Коинтеграция → Beta: 72 → 108 пар
2026-01-23 12:32:57,797 - INFO -   3. Beta → Half-life: 108 → 108 пар
2026-01-23 12:32:57,797 - INFO -   4. Half-life → Mean crossings: 108 → 108 пар
2026-01-23 12:32:57,797 - INFO -   5. Mean crossings → Hurst: 108 → 55 пар
2026-01-23 12:32:57,797 - INFO -   6. Hurst → KPSS: 55 → 55 пар
2026-01-23 12:32:57,797 - INFO -   7. KPSS → Market microstructure: 55 → 49 пар
2026-01-23 12:32:57,797 - INFO - [ФИЛЬТР] Причины отсева:
2026-01-23 12:32:57,797 - INFO -   • low_correlation: 96 пар (39.0%)
2026-01-23 12:32:57,798 - INFO -   • pvalue: 36 пар (14.6%)
2026-01-23 12:32:57,798 - INFO -   • insufficient_data: 28 пар (11.4%)
2026-01-23 12:32:57,798 - INFO -   • hurst: 17 пар (6.9%)
2026-01-23 12:32:57,798 - INFO -   • beta: 14 пар (5.7%)
2026-01-23 12:32:57,798 - INFO -   • history: 6 пар (2.4%)
2026-01-23 12:32:57,798 - INFO - [ФИЛЬТР] Итого: 246 → 49 пар (19.9% прошли все фильтры)
2026-01-23 12:32:57,800 - INFO - Причины отсева сохранены в results/filter_reasons_20260123_123257.csv
2026-01-23 12:32:57,800 - INFO -   Pair stability filter: 49 → 31 (window=2, min_steps=1, history=1)
2026-01-23 12:32:57,800 - INFO -   Фильтрация: 246 → 31 пар
2026-01-23 12:32:57,801 - INFO - ⇠ filtering pairs by cointegration and half-life — done in 5.86s
2026-01-23 12:32:57,801 - INFO - ⇠ WF-шаг 2/3: training 2023-11-02-2024-01-30, testing 2024-01-31-2024-03-01 — done in 9.06s
2026-01-23 12:32:57,801 - INFO -   Ограничение max_pairs=50: 31 пар (лимит не достигнут)
2026-01-23 12:32:57,801 - INFO -   Топ-3 пары по волатильности спреда:
2026-01-23 12:32:57,801 - INFO -     1. BTCDAI-BTCEUR: beta=1.1459, std=574.8675
2026-01-23 12:32:57,801 - INFO -     2. ETHDAI-ETHEUR: beta=1.1311, std=22.8903
2026-01-23 12:32:57,801 - INFO -     3. BTCUSDC-BTCUSDT: beta=0.9990, std=20.6114
2026-01-23 12:32:57,801 - INFO -   Всего пар для торговли: 31 (ограничение 15 применяется к одновременно открытым позициям)
2026-01-23 12:32:57,801 - INFO -   💰 Проверка расчета капитала: equity=$968.75, кандидатных_пар=31, max_позиций=15
2026-01-23 12:32:57,801 - INFO -   🎯 Target concurrency: 15 (ожидаемое одновременное число позиций)
2026-01-23 12:32:57,801 - INFO -   📊 Детали расчета капитала:
2026-01-23 12:32:57,801 - INFO -      • Базовый капитал на пару: $64.58 (equity / target_concurrency)
2026-01-23 12:32:57,801 - INFO -      • Риск-капитал: $12.11 (1.2% от equity)
2026-01-23 12:32:57,801 - INFO -      • Макс. размер позиции: $19.38 (2.0% от equity)
2026-01-23 12:32:57,801 - INFO -      • Итоговый капитал на пару: $12.11
2026-01-23 12:32:57,802 - INFO - ⇢ WF-шаг 2/3 backtests — starting 31 items
2026-01-23 12:32:57,802 - INFO - 🚀 WF-шаг 2/3: Начинаем бэктесты для 31 пар...
2026-01-23 12:32:57,802 - INFO - 🚀 WF-шаг 2/3: Запускаем параллельную обработку 31 пар на 8 ядрах...
2026-01-23 12:32:57,802 - INFO - 🚀 WF-шаг 2/3: Режим параллельности: процессы
⚙️  Загрузка данных за период: 2023-11-02 -> 2024-03-01
📂 Найдено 43 parquet файлов для обработки.
📊 Схема данных: Schema({'timestamp': Int64, 'open': Float64, 'high': Float64, 'low': Float64, 'close': Float64, 'volume': Float64, 'turnover': String, 'ts_ms': Int64, 'symbol': String})
✅ Загружено 3596229 записей с помощью Polars.
📊 Типы данных в pandas: timestamp       datetime64[us]
symbol                  object
close                  float64
timestamp_ms             int64
dtype: object
2026-01-23 12:32:57,855 - coint2.engine.numba_engine - INFO - Запуск Numba-оптимизированного бэктеста для BTCDAI-BTCEUR
2026-01-23 12:32:57,907 - coint2.engine.numba_engine - INFO - Запуск Numba-оптимизированного бэктеста для ETHDAI-ETHEUR
2026-01-23 12:32:57,929 - coint2.engine.numba_engine - INFO - Запуск Numba-оптимизированного бэктеста для BTCUSDC-BTCUSDT
2026-01-23 12:32:57,940 - coint2.engine.numba_engine - INFO - Запуск Numba-оптимизированного бэктеста для AGLDUSDT-HFTUSDT
2026-01-23 12:32:57,963 - coint2.engine.numba_engine - INFO - Запуск Numba-оптимизированного бэктеста для APEUSDC-GODSUSDT
2026-01-23 12:32:57,978 - coint2.engine.numba_engine - INFO - Запуск Numba-оптимизированного бэктеста для ETHUSDC-ETHUSDT
2026-01-23 12:32:57,986 - coint2.engine.numba_engine - INFO - Запуск Numba-оптимизированного бэктеста для 1INCHUSDT-AXSUSDT
2026-01-23 12:32:58,021 - coint2.engine.numba_engine - INFO - Запуск Numba-оптимизированного бэктеста для ATOMUSDT-GODSUSDT
2026-01-23 12:32:58,047 - coint2.engine.numba_engine - INFO - Запуск Numba-оптимизированного бэктеста для APEUSDC-HFTUSDT
2026-01-23 12:32:58,069 - coint2.engine.numba_engine - INFO - Запуск Numba-оптимизированного бэктеста для APEUSDT-GODSUSDT
2026-01-23 12:32:58,078 - coint2.engine.numba_engine - INFO - Запуск Numba-оптимизированного бэктеста для AXSUSDT-DOTUSDT
2026-01-23 12:32:58,101 - coint2.engine.numba_engine - INFO - Запуск Numba-оптимизированного бэктеста для APEUSDC-HFTUSDC
2026-01-23 12:32:58,118 - coint2.engine.numba_engine - INFO - Запуск Numba-оптимизированного бэктеста для DOGEUSDC-JUVUSDT
2026-01-23 12:32:58,121 - coint2.engine.numba_engine - INFO - Запуск Numba-оптимизированного бэктеста для AXSUSDT-DOTUSDC
2026-01-23 12:32:58,129 - coint2.engine.numba_engine - INFO - Запуск Numba-оптимизированного бэктеста для APEUSDT-HFTUSDT
2026-01-23 12:32:58,130 - coint2.engine.numba_engine - INFO - Запуск Numba-оптимизированного бэктеста для APEUSDT-HFTUSDC
2026-01-23 12:32:58,139 - coint2.engine.numba_engine - INFO - Запуск Numba-оптимизированного бэктеста для HOOKUSDT-KAVAUSDT
2026-01-23 12:32:58,142 - coint2.engine.numba_engine - INFO - Запуск Numba-оптимизированного бэктеста для AGLDUSDT-HFTUSDC
2026-01-23 12:32:58,153 - coint2.engine.numba_engine - INFO - Запуск Numba-оптимизированного бэктеста для CELOUSDT-FLOWUSDT
2026-01-23 12:32:58,162 - coint2.engine.numba_engine - INFO - Запуск Numba-оптимизированного бэктеста для FITFIUSDT-IZIUSDT
2026-01-23 12:32:58,168 - coint2.engine.numba_engine - INFO - Запуск Numba-оптимизированного бэктеста для CELOUSDT-ENJUSDT
2026-01-23 12:32:58,174 - coint2.engine.numba_engine - INFO - Запуск Numba-оптимизированного бэктеста для ERTHAUSDT-IZIUSDT
2026-01-23 12:32:58,189 - coint2.engine.numba_engine - INFO - Запуск Numba-оптимизированного бэктеста для IZIUSDT-KAVAUSDT
2026-01-23 12:32:58,204 - coint2.engine.numba_engine - INFO - Запуск Numba-оптимизированного бэктеста для APEUSDC-ATOMUSDT
2026-01-23 12:32:58,208 - coint2.engine.numba_engine - INFO - Запуск Numba-оптимизированного бэктеста для APEUSDT-ATOMUSDT
2026-01-23 12:32:58,227 - coint2.engine.numba_engine - INFO - Запуск Numba-оптимизированного бэктеста для AVAUSDT-FITFIUSDT
2026-01-23 12:32:58,229 - coint2.engine.numba_engine - INFO - Запуск Numba-оптимизированного бэктеста для 1INCHUSDT-ACSUSDT
2026-01-23 12:32:58,241 - coint2.engine.numba_engine - INFO - Запуск Numba-оптимизированного бэктеста для AFCUSDT-ANKRUSDT
2026-01-23 12:32:58,248 - coint2.engine.numba_engine - INFO - Запуск Numba-оптимизированного бэктеста для ACSUSDT-AGLDUSDT
2026-01-23 12:32:58,250 - coint2.engine.numba_engine - INFO - Запуск Numba-оптимизированного бэктеста для DOMEUSDT-GODSUSDT
2026-01-23 12:32:58,262 - coint2.engine.numba_engine - INFO - Запуск Numba-оптимизированного бэктеста для ENJUSDT-FILUSDC
2026-01-23 12:32:58,300 - INFO -   ⏱️ Параллельная обработка завершена за 0.5с (62.2 пар/с)
2026-01-23 12:32:58,318 - coint2.pipeline.walk_forward_orchestrator - INFO - 🎯 СИМУЛЯЦИЯ ПОРТФЕЛЯ: 31 пар, лимит 15 позиций
2026-01-23 12:32:59,136 - coint2.pipeline.walk_forward_orchestrator - INFO -    📈 Макс. одновременных сигналов: 24
2026-01-23 12:32:59,137 - coint2.pipeline.walk_forward_orchestrator - INFO -    📊 Средн. сигналов за период: 13.0
2026-01-23 12:32:59,137 - coint2.pipeline.walk_forward_orchestrator - INFO -    🎯 Финальных активных позиций: 6
2026-01-23 12:32:59,138 - coint2.pipeline.walk_forward_orchestrator - INFO -    ⚡ Утилизация лимита позиций: 80.8%
2026-01-23 12:32:59,138 - INFO - ⇠ WF-шаг 2/3 backtests — completed 31 items in 1.34s (23.2 items/s)
2026-01-23 12:32:59,139 - INFO -   ✅ Обработка завершена: 31 успешно, 0 с ошибками
2026-01-23 12:32:59,139 - INFO -   📊 Успешность: 100.0%, прибыльность: 48.4%, сделок/пара: 48.9
2026-01-23 12:32:59,139 - INFO -   ✅ Завершены бэктесты для 31 пар
2026-01-23 12:32:59,139 - INFO -   📊 Всего обработано пар в этом шаге: 31
2026-01-23 12:32:59,139 - INFO -   📈 Результаты шага: 15/31 прибыльных пар, 1515 сделок
2026-01-23 12:32:59,139 - INFO -   💰 P&L шага: $+67.91
2026-01-23 12:32:59,139 - INFO -   ⇢ Обновление капитала и дневного P&L...
2026-01-23 12:33:00,407 - INFO -   💼 Шаг P&L: $+67.91, Накопленный капитал: $1,036.67
2026-01-23 12:33:00,407 - INFO - ------------------------------------------------------------
2026-01-23 12:33:00,407 - INFO -   Walk-forward steps: 2 / 3 (66.7%) | 0.1 items/s | ETA: 11.6s
2026-01-23 12:33:00,407 - INFO - 🔍 WF-шаг 3/3: Валидация временных окон...
2026-01-23 12:33:00,407 - INFO - ⇢ WF-шаг 3/3: training 2023-12-02-2024-02-29, testing 2024-03-01-2024-03-31 — start
2026-01-23 12:33:00,407 - INFO - ⇢ loading step data — start
2026-01-23 12:33:00,681 - INFO - ⇠ loading step data — done in 0.27s
2026-01-23 12:33:02,745 - INFO - 📊 WF-шаг 3/3: Границы данных:
2026-01-23 12:33:02,746 - INFO -    Training: 2023-12-02 00:00:00 → 2024-02-29 23:45:00 (8,640 строк × 361 символов)
2026-01-23 12:33:02,746 - INFO -    Testing:  2024-03-01 00:00:00 → 2024-03-31 00:00:00 (2,881 строк × 361 символов)
2026-01-23 12:33:02,746 - INFO -    Временной разрыв: 0 days 00:15:00
2026-01-23 12:33:02,792 - INFO - ⇢ normalizing training data — start
2026-01-23 12:33:02,836 - INFO -   Символы с NaN значениями: 68
2026-01-23 12:33:02,836 - INFO -   Применяем метод нормализации: rolling_zscore
2026-01-23 12:33:02,860 - INFO - Символы с недостаточной историей: 56 из 361
2026-01-23 12:33:03,530 - INFO - Символы с NaN после нормализации: 305
2026-01-23 12:33:03,538 - INFO - Удалено 1673 начальных строк с NaN от rolling расчетов
2026-01-23 12:33:03,541 - INFO - Итоговое количество символов после нормализации: 305 из 361
2026-01-23 12:33:03,541 - INFO -   Статистика нормализации:
2026-01-23 12:33:03,541 - INFO -     Исходные символы: 361
2026-01-23 12:33:03,541 - INFO -     Недостаточная история: 56
2026-01-23 12:33:03,541 - INFO -     Постоянная цена: 0
2026-01-23 12:33:03,542 - INFO -     NaN после нормализации: 305
2026-01-23 12:33:03,542 - INFO -     Итоговые символы: 305 (84.5%)
2026-01-23 12:33:03,542 - INFO -   После нормализации: 305 символов (потеряно 56)
2026-01-23 12:33:03,542 - INFO -   Отброшено много символов: 56 из 361
2026-01-23 12:33:03,542 - INFO - ⇠ normalizing training data — done in 0.75s
2026-01-23 12:33:03,542 - INFO -   Фиксированный universe: 250 пар (отфильтровано 0 недоступных)
2026-01-23 12:33:03,542 - INFO - ⇢ filtering pairs by cointegration and half-life — start
2026-01-23 12:33:03,542 - INFO - [ФИЛЬТР] Параллельная фильтрация: threads (8 workers)
2026-01-23 12:33:11,041 - INFO - [ФИЛЬТР] После проверки данных: 239 пар
2026-01-23 12:33:11,041 - INFO - [ФИЛЬТР] После фильтра корреляции (>0.4): 137 пар
2026-01-23 12:33:11,041 - INFO - [ФИЛЬТР] После фильтра beta: 127 пар
2026-01-23 12:33:11,041 - INFO - [ФИЛЬТР] После фильтра mean crossings: 127 пар
2026-01-23 12:33:11,041 - INFO - [ФИЛЬТР] После фильтра half-life: 127 пар
2026-01-23 12:33:11,042 - INFO - [ФИЛЬТР] После фильтра коинтеграции: 92 пар
2026-01-23 12:33:11,042 - INFO - [ФИЛЬТР] После фильтра Hurst: 76 пар
2026-01-23 12:33:11,042 - INFO - [ФИЛЬТР] После фильтра KPSS: 76 пар
2026-01-23 12:33:11,042 - INFO - [ФИЛЬТР] После фильтра market microstructure: 68 пар
2026-01-23 12:33:11,042 - INFO - [ФИЛЬТР] Статистика фильтрации (оптимизированный порядок):
2026-01-23 12:33:11,042 - INFO -   1. SSD → Коинтеграция: 250 → 92 пар
2026-01-23 12:33:11,042 - INFO -   2. Коинтеграция → Beta: 92 → 127 пар
2026-01-23 12:33:11,042 - INFO -   3. Beta → Half-life: 127 → 127 пар
2026-01-23 12:33:11,042 - INFO -   4. Half-life → Mean crossings: 127 → 127 пар
2026-01-23 12:33:11,042 - INFO -   5. Mean crossings → Hurst: 127 → 76 пар
2026-01-23 12:33:11,042 - INFO -   6. Hurst → KPSS: 76 → 76 пар
2026-01-23 12:33:11,042 - INFO -   7. KPSS → Market microstructure: 76 → 68 пар
2026-01-23 12:33:11,042 - INFO - [ФИЛЬТР] Причины отсева:
2026-01-23 12:33:11,042 - INFO -   • low_correlation: 102 пар (40.8%)
2026-01-23 12:33:11,042 - INFO -   • pvalue: 35 пар (14.0%)
2026-01-23 12:33:11,042 - INFO -   • hurst: 16 пар (6.4%)
2026-01-23 12:33:11,042 - INFO -   • insufficient_data: 11 пар (4.4%)
2026-01-23 12:33:11,042 - INFO -   • beta: 10 пар (4.0%)
2026-01-23 12:33:11,042 - INFO -   • history: 8 пар (3.2%)
2026-01-23 12:33:11,042 - INFO - [ФИЛЬТР] Итого: 250 → 68 пар (27.2% прошли все фильтры)
2026-01-23 12:33:11,044 - INFO - Причины отсева сохранены в results/filter_reasons_20260123_123311.csv
2026-01-23 12:33:11,044 - INFO -   Pair stability filter: 68 → 29 (window=2, min_steps=1, history=2)
2026-01-23 12:33:11,044 - INFO -   Фильтрация: 250 → 29 пар
2026-01-23 12:33:11,044 - INFO - ⇠ filtering pairs by cointegration and half-life — done in 7.50s
2026-01-23 12:33:11,044 - INFO - ⇠ WF-шаг 3/3: training 2023-12-02-2024-02-29, testing 2024-03-01-2024-03-31 — done in 10.64s
2026-01-23 12:33:11,044 - INFO -   Ограничение max_pairs=50: 29 пар (лимит не достигнут)
2026-01-23 12:33:11,045 - INFO -   Топ-3 пары по волатильности спреда:
2026-01-23 12:33:11,045 - INFO -     1. BTCDAI-BTCEUR: beta=1.0480, std=582.7625
2026-01-23 12:33:11,045 - INFO -     2. ETHDAI-ETHEUR: beta=1.0530, std=30.4486
2026-01-23 12:33:11,045 - INFO -     3. ATOMUSDT-GODSUSDT: beta=8.5838, std=0.6434
2026-01-23 12:33:11,045 - INFO -   Всего пар для торговли: 29 (ограничение 15 применяется к одновременно открытым позициям)
2026-01-23 12:33:11,049 - INFO -   💰 Проверка расчета капитала: equity=$1,036.67, кандидатных_пар=29, max_позиций=15
2026-01-23 12:33:11,049 - INFO -   🎯 Target concurrency: 15 (ожидаемое одновременное число позиций)
2026-01-23 12:33:11,049 - INFO -   📊 Детали расчета капитала:
2026-01-23 12:33:11,049 - INFO -      • Базовый капитал на пару: $69.11 (equity / target_concurrency)
2026-01-23 12:33:11,049 - INFO -      • Риск-капитал: $12.96 (1.2% от equity)
2026-01-23 12:33:11,049 - INFO -      • Макс. размер позиции: $20.73 (2.0% от equity)
2026-01-23 12:33:11,049 - INFO -      • Итоговый капитал на пару: $12.96
2026-01-23 12:33:11,050 - INFO - ⇢ WF-шаг 3/3 backtests — starting 29 items
2026-01-23 12:33:11,050 - INFO - 🚀 WF-шаг 3/3: Начинаем бэктесты для 29 пар...
2026-01-23 12:33:11,050 - INFO - 🚀 WF-шаг 3/3: Запускаем параллельную обработку 29 пар на 8 ядрах...
2026-01-23 12:33:11,050 - INFO - 🚀 WF-шаг 3/3: Режим параллельности: процессы
⚙️  Загрузка данных за период: 2023-12-02 -> 2024-03-31
📂 Найдено 43 parquet файлов для обработки.
📊 Схема данных: Schema({'timestamp': Int64, 'open': Float64, 'high': Float64, 'low': Float64, 'close': Float64, 'volume': Float64, 'turnover': String, 'ts_ms': Int64, 'symbol': String})
✅ Загружено 3779046 записей с помощью Polars.
📊 Типы данных в pandas: timestamp       datetime64[us]
symbol                  object
close                  float64
timestamp_ms             int64
dtype: object
2026-01-23 12:33:11,125 - coint2.engine.numba_engine - INFO - Запуск Numba-оптимизированного бэктеста для BTCDAI-BTCEUR
2026-01-23 12:33:11,149 - coint2.engine.numba_engine - INFO - Запуск Numba-оптимизированного бэктеста для ETHDAI-ETHEUR
2026-01-23 12:33:11,182 - coint2.engine.numba_engine - INFO - Запуск Numba-оптимизированного бэктеста для ATOMUSDT-GODSUSDT
2026-01-23 12:33:11,204 - coint2.engine.numba_engine - INFO - Запуск Numba-оптимизированного бэктеста для ATOMUSDT-KCALUSDT
2026-01-23 12:33:11,214 - coint2.engine.numba_engine - INFO - Запуск Numba-оптимизированного бэктеста для APEUSDC-HFTUSDC
2026-01-23 12:33:11,219 - coint2.engine.numba_engine - INFO - Запуск Numba-оптимизированного бэктеста для CAKEUSDT-FIDAUSDT
2026-01-23 12:33:11,237 - coint2.engine.numba_engine - INFO - Запуск Numba-оптимизированного бэктеста для BICOUSDT-KASTAUSDT
2026-01-23 12:33:11,239 - coint2.engine.numba_engine - INFO - Запуск Numba-оптимизированного бэктеста для APEUSDT-HFTUSDC
2026-01-23 12:33:11,258 - coint2.engine.numba_engine - INFO - Запуск Numba-оптимизированного бэктеста для IZIUSDT-KAVAUSDT
2026-01-23 12:33:11,260 - coint2.engine.numba_engine - INFO - Запуск Numba-оптимизированного бэктеста для 1INCHUSDT-AXSUSDT
2026-01-23 12:33:11,264 - coint2.engine.numba_engine - INFO - Запуск Numba-оптимизированного бэктеста для APEUSDC-ATOMUSDT
2026-01-23 12:33:11,266 - coint2.engine.numba_engine - INFO - Запуск Numba-оптимизированного бэктеста для AGLDUSDT-HFTUSDC
2026-01-23 12:33:11,280 - coint2.engine.numba_engine - INFO - Запуск Numba-оптимизированного бэктеста для APEUSDT-GODSUSDT
2026-01-23 12:33:11,282 - coint2.engine.numba_engine - INFO - Запуск Numba-оптимизированного бэктеста для FITFIUSDT-IZIUSDT
2026-01-23 12:33:11,285 - coint2.engine.numba_engine - INFO - Запуск Numba-оптимизированного бэктеста для GMTUSDC-KAVAUSDT
2026-01-23 12:33:11,288 - coint2.engine.numba_engine - INFO - Запуск Numba-оптимизированного бэктеста для AGLDUSDT-HFTUSDT
2026-01-23 12:33:11,301 - coint2.engine.numba_engine - INFO - Запуск Numba-оптимизированного бэктеста для AFCUSDT-ANKRUSDT
2026-01-23 12:33:11,306 - coint2.engine.numba_engine - INFO - Запуск Numba-оптимизированного бэктеста для FITFIUSDT-JUVUSDT
2026-01-23 12:33:11,323 - coint2.engine.numba_engine - INFO - Запуск Numba-оптимизированного бэктеста для GMTUSDC-KCALUSDT
2026-01-23 12:33:11,337 - coint2.engine.numba_engine - INFO - Запуск Numba-оптимизированного бэктеста для APEUSDT-ATOMUSDT
2026-01-23 12:33:11,345 - coint2.engine.numba_engine - INFO - Запуск Numba-оптимизированного бэктеста для DOMEUSDT-GODSUSDT
2026-01-23 12:33:11,346 - coint2.engine.numba_engine - INFO - Запуск Numba-оптимизированного бэктеста для BICOUSDT-ETHWUSDT
2026-01-23 12:33:11,359 - coint2.engine.numba_engine - INFO - Запуск Numba-оптимизированного бэктеста для GMTUSDT-KAVAUSDT
2026-01-23 12:33:11,367 - coint2.engine.numba_engine - INFO - Запуск Numba-оптимизированного бэктеста для C98USDT-FILUSDT
2026-01-23 12:33:11,368 - coint2.engine.numba_engine - INFO - Запуск Numba-оптимизированного бэктеста для AVAUSDT-FITFIUSDT
2026-01-23 12:33:11,378 - coint2.engine.numba_engine - INFO - Запуск Numba-оптимизированного бэктеста для GODSUSDT-KCALUSDT
2026-01-23 12:33:11,379 - coint2.engine.numba_engine - INFO - Запуск Numba-оптимизированного бэктеста для ERTHAUSDT-IZIUSDT
2026-01-23 12:33:11,388 - coint2.engine.numba_engine - INFO - Запуск Numba-оптимизированного бэктеста для DOGEUSDC-JUVUSDT
2026-01-23 12:33:11,399 - coint2.engine.numba_engine - INFO - Запуск Numba-оптимизированного бэктеста для GMTUSDT-KCALUSDT
2026-01-23 12:33:11,439 - INFO -   ⏱️ Параллельная обработка завершена за 0.4с (74.6 пар/с)
2026-01-23 12:33:11,455 - coint2.pipeline.walk_forward_orchestrator - INFO - 🎯 СИМУЛЯЦИЯ ПОРТФЕЛЯ: 29 пар, лимит 15 позиций
2026-01-23 12:33:12,240 - coint2.pipeline.walk_forward_orchestrator - INFO -    📈 Макс. одновременных сигналов: 22
2026-01-23 12:33:12,240 - coint2.pipeline.walk_forward_orchestrator - INFO -    📊 Средн. сигналов за период: 12.3
2026-01-23 12:33:12,240 - coint2.pipeline.walk_forward_orchestrator - INFO -    🎯 Финальных активных позиций: 13
2026-01-23 12:33:12,241 - coint2.pipeline.walk_forward_orchestrator - INFO -    ⚡ Утилизация лимита позиций: 78.6%
2026-01-23 12:33:12,242 - INFO - ⇠ WF-шаг 3/3 backtests — completed 29 items in 1.19s (24.3 items/s)
2026-01-23 12:33:12,242 - INFO -   ✅ Обработка завершена: 29 успешно, 0 с ошибками
2026-01-23 12:33:12,242 - INFO -   📊 Успешность: 100.0%, прибыльность: 48.3%, сделок/пара: 49.6
2026-01-23 12:33:12,242 - INFO -   ✅ Завершены бэктесты для 29 пар
2026-01-23 12:33:12,242 - INFO -   📊 Всего обработано пар в этом шаге: 29
2026-01-23 12:33:12,242 - INFO -   📈 Результаты шага: 14/29 прибыльных пар, 1438 сделок
2026-01-23 12:33:12,242 - INFO -   💰 P&L шага: $-170.97
2026-01-23 12:33:12,243 - INFO -   ⇢ Обновление капитала и дневного P&L...
2026-01-23 12:33:13,646 - INFO -   💼 Шаг P&L: $-170.97, Накопленный капитал: $865.70
2026-01-23 12:33:13,646 - INFO - ------------------------------------------------------------
2026-01-23 12:33:13,646 - INFO -   Walk-forward steps: 3 / 3 (100.0%) | 0.1 items/s | ETA: 0.0s
2026-01-23 12:33:13,646 - INFO - ⇠ Walk-forward steps — completed 3 items in 36.54s (0.1 items/s)
2026-01-23 12:33:13,646 - INFO - ================================================================================
2026-01-23 12:33:13,646 - INFO - 🏁 Walk-forward анализ завершен!
2026-01-23 12:33:13,646 - INFO - ⏱️ Обработано 3 шагов за 2.6 секунд
2026-01-23 12:33:13,647 - INFO - 📊 Всего обработано пар за весь анализ: 104
2026-01-23 12:33:13,647 - INFO - 💰 Финальный капитал: $865.70 (было $1,000.00)
2026-01-23 12:33:13,647 - INFO - 📈 Общая доходность: -13.43% ($-134.30)
2026-01-23 12:33:13,647 - INFO - 📊 Всего сделок: 0
2026-01-23 12:33:13,647 - INFO - ================================================================================
2026-01-23 12:33:13,647 - INFO - ✓ Завершены все 3 WF-шагов
2026-01-23 12:33:13,647 - INFO - ⇢ Обработка финальных результатов и расчет метрик...
2026-01-23 12:33:13,647 - INFO - ⇢ processing final results — start
2026-01-23 12:33:13,647 - INFO -   ⇢ Агрегация данных P&L за 8643 торговых дней
2026-01-23 12:33:13,673 - INFO -   ⇢ Расчет базовых метрик производительности...
2026-01-23 12:33:13,673 - INFO -     📊 Данные для анализа: 8643 записей P&L, 8641 точек equity
2026-01-23 12:33:13,676 - INFO -   ⇢ Расчет расширенных метрик (волатильность, Calmar ratio, и др.)...
2026-01-23 12:33:13,676 - INFO -   ✅ Расширенные метрики рассчитаны: 6 показателей
2026-01-23 12:33:13,676 - INFO -   ⇢ Анализ статистики по 104 парам...
2026-01-23 12:33:13,680 - INFO - ✅ Рассчитаны метрики производительности (26 показателей)
2026-01-23 12:33:13,681 - INFO -   💰 Общий P&L: $-134.30
2026-01-23 12:33:13,681 - INFO -   📊 Sharpe Ratio: 0.029
2026-01-23 12:33:13,681 - INFO -   📉 Максимальная просадка: -37830.41%
2026-01-23 12:33:13,681 - INFO -   🔄 Всего сделок: 5009
2026-01-23 12:33:13,681 - INFO -   📈 Торгуемых пар: 53
2026-01-23 12:33:13,681 - INFO -   💸 Общие издержки: $209.09
2026-01-23 12:33:13,681 - coint2.metrics - INFO - Metric: total_pnl
2026-01-23 12:33:13,682 - coint2.metrics - INFO - Metric: sharpe_ratio_abs
2026-01-23 12:33:13,682 - coint2.metrics - INFO - Metric: max_drawdown_pct
2026-01-23 12:33:13,682 - coint2.metrics - INFO - Metric: total_trades
2026-01-23 12:33:13,682 - coint2.metrics - INFO - Metric: total_pairs_traded
2026-01-23 12:33:13,682 - coint2.metrics - INFO - Metric: total_costs
2026-01-23 12:33:13,682 - INFO - ⇠ processing final results — done in 0.04s
2026-01-23 12:33:13,683 - INFO - ⇢ Создание отчетов и сохранение результатов...
2026-01-23 12:33:13,683 - INFO - ⇢ generating reports — start
2026-01-23 12:33:13,683 - INFO -   ⇢ Создание отчета о производительности...
2026-01-23 12:33:19,826 - INFO -   ✓ Отчет о производительности создан
2026-01-23 12:33:19,827 - INFO -   ⇢ Сохранение данных в CSV файлы...
2026-01-23 12:33:19,829 - INFO - 📋 Метрики сохранены: artifacts/wfa/runs/20260123_budget1000_oos20240101_20240630_top50_maxnot25_risk0p0125/stress_relaxed8_nokpss_20260123_oos20240101_20240630_top50_z1p00_exit0p06_hold180_cd180_ms0p2_cap1000_maxnot25_risk0p0125/strategy_metrics.csv
2026-01-23 12:33:19,830 - INFO - 📈 Дневные P&L сохранены: artifacts/wfa/runs/20260123_budget1000_oos20240101_20240630_top50_maxnot25_risk0p0125/stress_relaxed8_nokpss_20260123_oos20240101_20240630_top50_z1p00_exit0p06_hold180_cd180_ms0p2_cap1000_maxnot25_risk0p0125/daily_pnl.csv (91 записей)
2026-01-23 12:33:19,861 - INFO - 💹 Кривая капитала сохранена: artifacts/wfa/runs/20260123_budget1000_oos20240101_20240630_top50_maxnot25_risk0p0125/stress_relaxed8_nokpss_20260123_oos20240101_20240630_top50_z1p00_exit0p06_hold180_cd180_ms0p2_cap1000_maxnot25_risk0p0125/equity_curve.csv (8641 точек)
2026-01-23 12:33:19,866 - INFO - 📋 Статистика сделок сохранена: artifacts/wfa/runs/20260123_budget1000_oos20240101_20240630_top50_maxnot25_risk0p0125/stress_relaxed8_nokpss_20260123_oos20240101_20240630_top50_z1p00_exit0p06_hold180_cd180_ms0p2_cap1000_maxnot25_risk0p0125/trade_statistics.csv (104 записей)
2026-01-23 12:33:19,866 - INFO - 🎉 Walk-Forward анализ полностью завершен!
2026-01-23 12:33:19,866 - INFO - 📊 Все отчеты и данные сохранены в: artifacts/wfa/runs/20260123_budget1000_oos20240101_20240630_top50_maxnot25_risk0p0125/stress_relaxed8_nokpss_20260123_oos20240101_20240630_top50_z1p00_exit0p06_hold180_cd180_ms0p2_cap1000_maxnot25_risk0p0125
2026-01-23 12:33:19,866 - INFO - 💼 Итоговый капитал: $865.70
2026-01-23 12:33:19,866 - INFO - ⏱️  Общее время выполнения: 8.8 секунд
2026-01-23 12:33:19,866 - INFO - ⇠ generating reports — done in 6.18s
2026-01-23 12:33:19,866 - coint2.core.memory_optimization - INFO - 🧹 Cleaning up global price data
2026-01-23 12:33:19,870 - coint2.core.memory_optimization - INFO - 📊 No global rolling stats to clean up
2026-01-23 12:33:19,870 - INFO - 🧹 Memory-mapped data cleaned up
2026-01-23 12:33:19,871 - INFO - ⇠ run_walk_forward_analysis — done in 49.89s
📊 Отчет сохранен: artifacts/wfa/runs/20260123_budget1000_oos20240101_20240630_top50_maxnot25_risk0p0125/stress_relaxed8_nokpss_20260123_oos20240101_20240630_top50_z1p00_exit0p06_hold180_cd180_ms0p2_cap1000_maxnot25_risk0p0125/CointegrationStrategy_performance_report.png
🎯 ============================================================
📊 ИТОГИ ТОРГОВОЙ СТРАТЕГИИ
🎯 ============================================================

💰 ФИНАНСОВЫЕ РЕЗУЛЬТАТЫ:
   • Общий P&L:                         -134
   • Максимальная просадка:             -378
   • Средний дневной P&L:                 -1

📈 МЕТРИКИ РИСКА:
   • Коэффициент Шарпа:               0.0288
   • Волатильность P&L:                51.24
   • Процент прибыльных дней:         58.24%

🔄 ТОРГОВАЯ АКТИВНОСТЬ:
   • Всего торговых дней:                 91
   • Всего сделок:                     5,009
   • Торгуемых пар:                       53
   • Сделок на пару:                    48.2
   • Успешность сделок:               0.84%

💸 РАСХОДЫ И ЭКСТРЕМУМЫ:
   • Общие расходы:                      209
   • Максимальная прибыль:               132
   • Максимальный убыток:               -309
   • Лучшая пара (P&L):                  124
   • Худшая пара (P&L):                 -143

📊 ОЦЕНКА СТРАТЕГИИ:
   ❌ УБЫТОЧНАЯ стратегия. Требует доработки

🎯 ============================================================

Annualized Sharpe Ratio: 0.028828057709153355
[run_wfa_fullcpu] end: 2026-01-23T12:33:20Z
