[run_wfa_queue] 2026-01-19T14:25:00Z cmd: /opt/coint4/coint4/run_wfa_fullcpu.sh configs/stability_20260119_relaxed8/stability_relaxed8_20260119_pv0p12_hurst0p7_hl0p02_60_corr0p45_ssd50000_kpss0p05_w3m2_t90_fixed.yaml artifacts/wfa/runs/20260119_stability_relaxed8/stability_relaxed8_20260119_pv0p12_hurst0p7_hl0p02_60_corr0p45_ssd50000_kpss0p05_w3m2_t90_fixed
[run_wfa_fullcpu] start: 2026-01-19T14:25:00Z
[run_wfa_fullcpu] os.cpu_count: 8
[run_wfa_fullcpu] worker_pid=1119
2026-01-19 14:25:04,254 - coint2.core.memory_optimization - INFO - ✅ BLAS threading limits set to 1 via threadpoolctl
2026-01-19 14:25:04,255 - coint2.core.memory_optimization - INFO - 🔧 Controlled libraries: openblas, openmp
2026-01-19 14:25:04,255 - coint2.core.memory_optimization - INFO - 🧵 Process threads: 2 → 2
2026-01-19 14:25:04,255 - coint2.core.memory_optimization - INFO - 📝 Set 11 environment variables
2026-01-19 14:25:04,731 - INFO - ✅ Параметры конфигурации валидны
2026-01-19 14:25:04,731 - INFO - 📝 Некоторые параметры были скорректированы:
2026-01-19 14:25:04,802 - INFO - 🔒 WFA: фиксированный universe из artifacts/universe/20260119_relaxed8_strict_preholdout/pairs_universe.yaml (110 пар)
2026-01-19 14:25:04,803 - INFO -   Шаг 1: тренировка 2023-07-03-2023-09-30, тест 2023-10-01-2023-10-31
2026-01-19 14:25:04,803 - INFO -   Шаг 2: тренировка 2023-08-02-2023-10-30, тест 2023-10-31-2023-11-30
2026-01-19 14:25:04,803 - INFO -   Шаг 3: тренировка 2023-09-01-2023-11-29, тест 2023-11-30-2023-12-30
2026-01-19 14:25:04,803 - INFO -   Шаг 4: тренировка 2023-10-01-2023-12-29, тест 2023-12-30-2024-01-29
2026-01-19 14:25:04,803 - INFO -   Шаг 5: тренировка 2023-10-31-2024-01-28, тест 2024-01-29-2024-02-28
2026-01-19 14:25:04,803 - INFO -   Шаг 6: тренировка 2023-11-30-2024-02-27, тест 2024-02-28-2024-03-29
2026-01-19 14:25:04,803 - INFO -   Шаг 7: тренировка 2023-12-30-2024-03-28, тест 2024-03-29-2024-04-28
2026-01-19 14:25:04,803 - INFO -   Шаг 8: тренировка 2024-01-29-2024-04-27, тест 2024-04-28-2024-05-28
2026-01-19 14:25:04,803 - INFO - 📈 Запланировано 8 walk-forward шагов
2026-01-19 14:25:04,803 - INFO - ⛔ Ограничение WFA шагов: 8 → 5
2026-01-19 14:25:04,803 - WARNING - ⚠️ Маленький буфер между training и testing в шаге 1: 0 дней. Рекомендуется минимум 1 день.
2026-01-19 14:25:04,803 - WARNING - ⚠️ Маленький буфер между training и testing в шаге 2: 0 дней. Рекомендуется минимум 1 день.
2026-01-19 14:25:04,803 - WARNING - ⚠️ Маленький буфер между training и testing в шаге 3: 0 дней. Рекомендуется минимум 1 день.
2026-01-19 14:25:04,803 - WARNING - ⚠️ Маленький буфер между training и testing в шаге 4: 0 дней. Рекомендуется минимум 1 день.
2026-01-19 14:25:04,803 - WARNING - ⚠️ Маленький буфер между training и testing в шаге 5: 0 дней. Рекомендуется минимум 1 день.
2026-01-19 14:25:04,803 - INFO - ✅ Шаги успешно запланированы:
2026-01-19 14:25:04,803 - INFO -    Шаг 1: тренировка 2023-07-03-2023-09-30, тест 2023-10-01-2023-10-31
2026-01-19 14:25:04,803 - INFO -    Шаг 2: тренировка 2023-08-02-2023-10-30, тест 2023-10-31-2023-11-30
2026-01-19 14:25:04,803 - INFO -    Шаг 3: тренировка 2023-09-01-2023-11-29, тест 2023-11-30-2023-12-30
2026-01-19 14:25:04,803 - INFO -    Шаг 4: тренировка 2023-10-01-2023-12-29, тест 2023-12-30-2024-01-29
2026-01-19 14:25:04,804 - INFO -    Шаг 5: тренировка 2023-10-31-2024-01-28, тест 2024-01-29-2024-02-28
2026-01-19 14:25:04,804 - INFO - 🗂️ Consolidating price data for memory-mapped access...
2026-01-19 14:25:04,804 - INFO - 📊 Consolidating data range: 2023-06-28 → 2024-03-04
2026-01-19 14:25:04,804 - coint2.core.memory_optimization - INFO - 🔄 Consolidating price data from data_downloaded to .cache/consolidated_prices.parquet
2026-01-19 14:25:04,804 - INFO - ⇢ loading raw data for consolidation — start
2026-01-19 14:25:06,467 - INFO - ⇠ loading raw data for consolidation — done in 1.66s
2026-01-19 14:25:06,467 - INFO - ⇢ pivoting data to wide format — start
2026-01-19 14:25:12,004 - INFO - ⇠ pivoting data to wide format — done in 5.54s
2026-01-19 14:25:12,065 - coint2.core.memory_optimization - INFO - 📊 Consolidated data: 24001 rows × 346 symbols
2026-01-19 14:25:12,066 - coint2.core.memory_optimization - INFO - 💾 Memory usage: 33.4 MB
2026-01-19 14:25:12,066 - INFO - ⇢ writing consolidated Parquet file — start
2026-01-19 14:25:12,311 - INFO - ⇠ writing consolidated Parquet file — done in 0.25s
2026-01-19 14:25:12,311 - coint2.core.memory_optimization - INFO - ✅ Successfully consolidated data to .cache/consolidated_prices.parquet
2026-01-19 14:25:12,337 - coint2.core.memory_optimization - INFO - 🔄 Initializing memory-mapped price data from .cache/consolidated_prices.parquet
2026-01-19 14:25:12,337 - INFO - ⇢ loading memory-mapped data — start
2026-01-19 14:25:12,338 - coint2.core.memory_optimization - WARNING - ⚠️ memory_map не поддерживается в текущей версии pyarrow, fallback без mmap
2026-01-19 14:25:12,479 - INFO - ⇠ loading memory-mapped data — done in 0.14s
2026-01-19 14:25:12,488 - coint2.core.memory_optimization - INFO - 📊 Loaded 24001 rows × 346 symbols
2026-01-19 14:25:12,488 - coint2.core.memory_optimization - INFO - 💾 Memory usage: 33.4 MB (memory-mapped)
2026-01-19 14:25:12,489 - INFO - ✅ Memory-mapped data initialized successfully
2026-01-19 14:25:12,491 - INFO - ⇢ Walk-forward steps — starting 5 items
2026-01-19 14:25:12,491 - INFO - 📈 Инициализация equity кривой с первой тестовой даты: 2023-10-01 00:00:00
2026-01-19 14:25:12,491 - INFO - 🔍 WF-шаг 1/5: Валидация временных окон...
2026-01-19 14:25:12,492 - INFO - ⇢ WF-шаг 1/5: training 2023-07-03-2023-09-30, testing 2023-10-01-2023-10-31 — start
2026-01-19 14:25:12,492 - INFO - ⇢ loading step data — start
2026-01-19 14:25:12,690 - INFO - ⇠ loading step data — done in 0.20s
2026-01-19 14:25:14,379 - INFO - 📊 WF-шаг 1/5: Границы данных:
2026-01-19 14:25:14,379 - INFO -    Training: 2023-07-03 00:00:00 → 2023-09-30 23:45:00 (8,640 строк × 282 символов)
2026-01-19 14:25:14,380 - INFO -    Testing:  2023-10-01 00:00:00 → 2023-10-31 00:00:00 (2,881 строк × 282 символов)
2026-01-19 14:25:14,380 - INFO -    Временной разрыв: 0 days 00:15:00
2026-01-19 14:25:14,416 - INFO - ⇢ normalizing training data — start
2026-01-19 14:25:14,448 - INFO -   Символы с NaN значениями: 34
2026-01-19 14:25:14,448 - INFO -   Применяем метод нормализации: rolling_zscore
2026-01-19 14:25:14,467 - INFO - Символы с недостаточной историей: 23 из 282
2026-01-19 14:25:14,997 - INFO - Символы с NaN после нормализации: 259
2026-01-19 14:25:15,005 - INFO - Удалено 1569 начальных строк с NaN от rolling расчетов
2026-01-19 14:25:15,007 - INFO - Итоговое количество символов после нормализации: 259 из 282
2026-01-19 14:25:15,008 - INFO -   Статистика нормализации:
2026-01-19 14:25:15,008 - INFO -     Исходные символы: 282
2026-01-19 14:25:15,008 - INFO -     Недостаточная история: 23
2026-01-19 14:25:15,008 - INFO -     Постоянная цена: 0
2026-01-19 14:25:15,008 - INFO -     NaN после нормализации: 259
2026-01-19 14:25:15,008 - INFO -     Итоговые символы: 259 (91.8%)
2026-01-19 14:25:15,008 - INFO -   После нормализации: 259 символов (потеряно 23)
2026-01-19 14:25:15,008 - INFO -   Отброшено много символов: 23 из 282
2026-01-19 14:25:15,008 - INFO - ⇠ normalizing training data — done in 0.59s
2026-01-19 14:25:15,008 - INFO -   Фиксированный universe: 83 пар (отфильтровано 27 недоступных)
2026-01-19 14:25:15,008 - INFO - ⇢ filtering pairs by cointegration and half-life — start
2026-01-19 14:25:15,008 - INFO - [ФИЛЬТР] Параллельная фильтрация: processes (8 workers)
⚙️  Загрузка данных за период: 2023-06-28 -> 2024-03-04
📂 Найдено 43 parquet файлов для обработки.
📊 Схема данных: Schema({'timestamp': Int64, 'open': Float64, 'high': Float64, 'low': Float64, 'close': Float64, 'volume': Float64, 'turnover': String, 'ts_ms': Int64, 'symbol': String})
✅ Загружено 6957840 записей с помощью Polars.
📊 Типы данных в pandas: timestamp       datetime64[us]
symbol                  object
close                  float64
timestamp_ms             int64
dtype: object
⚙️  Загрузка данных за период: 2023-07-03 -> 2023-10-31
📂 Найдено 43 parquet файлов для обработки.
📊 Схема данных: Schema({'timestamp': Int64, 'open': Float64, 'high': Float64, 'low': Float64, 'close': Float64, 'volume': Float64, 'turnover': String, 'ts_ms': Int64, 'symbol': String})
✅ Загружено 3088934 записей с помощью Polars.
📊 Типы данных в pandas: timestamp       datetime64[us]
symbol                  object
close                  float64
timestamp_ms             int64
dtype: object
2026-01-19 14:25:42,853 - INFO - [ФИЛЬТР] После проверки данных: 82 пар
2026-01-19 14:25:42,853 - INFO - [ФИЛЬТР] После фильтра корреляции (>0.45): 68 пар
2026-01-19 14:25:42,853 - INFO - [ФИЛЬТР] После фильтра beta: 53 пар
2026-01-19 14:25:42,853 - INFO - [ФИЛЬТР] После фильтра mean crossings: 53 пар
2026-01-19 14:25:42,853 - INFO - [ФИЛЬТР] После фильтра half-life: 53 пар
2026-01-19 14:25:42,854 - INFO - [ФИЛЬТР] После фильтра коинтеграции: 21 пар
2026-01-19 14:25:42,854 - INFO - [ФИЛЬТР] После фильтра Hurst: 15 пар
2026-01-19 14:25:42,854 - INFO - [ФИЛЬТР] После фильтра KPSS: 0 пар
2026-01-19 14:25:42,854 - INFO - [ФИЛЬТР] После фильтра market microstructure: 0 пар
2026-01-19 14:25:42,854 - INFO - [ФИЛЬТР] Статистика фильтрации (оптимизированный порядок):
2026-01-19 14:25:42,854 - INFO -   1. SSD → Коинтеграция: 83 → 21 пар
2026-01-19 14:25:42,854 - INFO -   2. Коинтеграция → Beta: 21 → 53 пар
2026-01-19 14:25:42,854 - INFO -   3. Beta → Half-life: 53 → 53 пар
2026-01-19 14:25:42,854 - INFO -   4. Half-life → Mean crossings: 53 → 53 пар
2026-01-19 14:25:42,854 - INFO -   5. Mean crossings → Hurst: 53 → 15 пар
2026-01-19 14:25:42,854 - INFO -   6. Hurst → KPSS: 15 → 0 пар
2026-01-19 14:25:42,854 - INFO -   7. KPSS → Market microstructure: 0 → 0 пар
2026-01-19 14:25:42,854 - INFO - [ФИЛЬТР] Причины отсева:
2026-01-19 14:25:42,854 - INFO -   • pvalue: 32 пар (38.6%)
2026-01-19 14:25:42,854 - INFO -   • beta: 15 пар (18.1%)
2026-01-19 14:25:42,854 - INFO -   • kpss: 15 пар (18.1%)
2026-01-19 14:25:42,854 - INFO -   • low_correlation: 14 пар (16.9%)
2026-01-19 14:25:42,854 - INFO -   • hurst: 6 пар (7.2%)
2026-01-19 14:25:42,854 - INFO -   • insufficient_data: 1 пар (1.2%)
2026-01-19 14:25:42,854 - INFO - [ФИЛЬТР] Итого: 83 → 0 пар (0.0% прошли все фильтры)
2026-01-19 14:25:42,857 - INFO - Причины отсева сохранены в results/filter_reasons_20260119_142542.csv
2026-01-19 14:25:42,857 - INFO -   Pair stability filter: insufficient history (0 < 2), skip
2026-01-19 14:25:42,857 - INFO -   Фильтрация: 83 → 0 пар
2026-01-19 14:25:42,857 - INFO - ⇠ filtering pairs by cointegration and half-life — done in 27.85s
2026-01-19 14:25:42,857 - INFO - ⇠ WF-шаг 1/5: training 2023-07-03-2023-09-30, testing 2023-10-01-2023-10-31 — done in 30.37s
2026-01-19 14:25:42,857 - INFO -   Всего пар для торговли: 0 (ограничение 15 применяется к одновременно открытым позициям)
2026-01-19 14:25:42,857 - INFO -   💰 Проверка расчета капитала: equity=$10,000.00, кандидатных_пар=0, max_позиций=15
2026-01-19 14:25:42,857 - INFO -   🎯 Target concurrency: 0 (ожидаемое одновременное число позиций)
2026-01-19 14:25:42,858 - INFO -   💼 Шаг P&L: $+0.00, Накопленный капитал: $10,000.00
2026-01-19 14:25:42,858 - INFO - ------------------------------------------------------------
2026-01-19 14:25:42,858 - INFO -   Walk-forward steps: 1 / 5 (20.0%) | 0.0 items/s | ETA: 121.5s
2026-01-19 14:25:42,858 - INFO - 🔍 WF-шаг 2/5: Валидация временных окон...
2026-01-19 14:25:42,858 - INFO - ⇢ WF-шаг 2/5: training 2023-08-02-2023-10-30, testing 2023-10-31-2023-11-30 — start
2026-01-19 14:25:42,858 - INFO - ⇢ loading step data — start
2026-01-19 14:25:43,051 - INFO - ⇠ loading step data — done in 0.19s
2026-01-19 14:25:44,467 - INFO - 📊 WF-шаг 2/5: Границы данных:
2026-01-19 14:25:44,467 - INFO -    Training: 2023-08-02 00:00:00 → 2023-10-30 23:45:00 (8,640 строк × 292 символов)
2026-01-19 14:25:44,467 - INFO -    Testing:  2023-10-31 00:00:00 → 2023-11-30 00:00:00 (2,881 строк × 292 символов)
2026-01-19 14:25:44,467 - INFO -    Временной разрыв: 0 days 00:15:00
2026-01-19 14:25:44,503 - INFO - ⇢ normalizing training data — start
2026-01-19 14:25:44,537 - INFO -   Символы с NaN значениями: 30
2026-01-19 14:25:44,537 - INFO -   Применяем метод нормализации: rolling_zscore
2026-01-19 14:25:44,556 - INFO - Символы с недостаточной историей: 27 из 292
2026-01-19 14:25:45,122 - INFO - Символы с NaN после нормализации: 265
2026-01-19 14:25:45,129 - INFO - Удалено 1473 начальных строк с NaN от rolling расчетов
2026-01-19 14:25:45,131 - INFO - Итоговое количество символов после нормализации: 265 из 292
2026-01-19 14:25:45,132 - INFO -   Статистика нормализации:
2026-01-19 14:25:45,132 - INFO -     Исходные символы: 292
2026-01-19 14:25:45,132 - INFO -     Недостаточная история: 27
2026-01-19 14:25:45,132 - INFO -     Постоянная цена: 0
2026-01-19 14:25:45,132 - INFO -     NaN после нормализации: 265
2026-01-19 14:25:45,132 - INFO -     Итоговые символы: 265 (90.8%)
2026-01-19 14:25:45,132 - INFO -   После нормализации: 265 символов (потеряно 27)
2026-01-19 14:25:45,132 - INFO -   Отброшено много символов: 27 из 292
2026-01-19 14:25:45,132 - INFO - ⇠ normalizing training data — done in 0.63s
2026-01-19 14:25:45,132 - INFO -   Фиксированный universe: 83 пар (отфильтровано 27 недоступных)
2026-01-19 14:25:45,132 - INFO - ⇢ filtering pairs by cointegration and half-life — start
2026-01-19 14:25:45,132 - INFO - [ФИЛЬТР] Параллельная фильтрация: processes (8 workers)
⚙️  Загрузка данных за период: 2023-08-02 -> 2023-11-30
📂 Найдено 43 parquet файлов для обработки.
📊 Схема данных: Schema({'timestamp': Int64, 'open': Float64, 'high': Float64, 'low': Float64, 'close': Float64, 'volume': Float64, 'turnover': String, 'ts_ms': Int64, 'symbol': String})
✅ Загружено 3180061 записей с помощью Polars.
📊 Типы данных в pandas: timestamp       datetime64[us]
symbol                  object
close                  float64
timestamp_ms             int64
dtype: object
2026-01-19 14:26:11,513 - INFO - [ФИЛЬТР] После проверки данных: 83 пар
2026-01-19 14:26:11,513 - INFO - [ФИЛЬТР] После фильтра корреляции (>0.45): 65 пар
2026-01-19 14:26:11,514 - INFO - [ФИЛЬТР] После фильтра beta: 52 пар
2026-01-19 14:26:11,514 - INFO - [ФИЛЬТР] После фильтра mean crossings: 52 пар
2026-01-19 14:26:11,514 - INFO - [ФИЛЬТР] После фильтра half-life: 52 пар
2026-01-19 14:26:11,514 - INFO - [ФИЛЬТР] После фильтра коинтеграции: 21 пар
2026-01-19 14:26:11,514 - INFO - [ФИЛЬТР] После фильтра Hurst: 19 пар
2026-01-19 14:26:11,514 - INFO - [ФИЛЬТР] После фильтра KPSS: 0 пар
2026-01-19 14:26:11,514 - INFO - [ФИЛЬТР] После фильтра market microstructure: 0 пар
2026-01-19 14:26:11,514 - INFO - [ФИЛЬТР] Статистика фильтрации (оптимизированный порядок):
2026-01-19 14:26:11,514 - INFO -   1. SSD → Коинтеграция: 83 → 21 пар
2026-01-19 14:26:11,514 - INFO -   2. Коинтеграция → Beta: 21 → 52 пар
2026-01-19 14:26:11,514 - INFO -   3. Beta → Half-life: 52 → 52 пар
2026-01-19 14:26:11,514 - INFO -   4. Half-life → Mean crossings: 52 → 52 пар
2026-01-19 14:26:11,514 - INFO -   5. Mean crossings → Hurst: 52 → 19 пар
2026-01-19 14:26:11,514 - INFO -   6. Hurst → KPSS: 19 → 0 пар
2026-01-19 14:26:11,514 - INFO -   7. KPSS → Market microstructure: 0 → 0 пар
2026-01-19 14:26:11,514 - INFO - [ФИЛЬТР] Причины отсева:
2026-01-19 14:26:11,514 - INFO -   • pvalue: 31 пар (37.3%)
2026-01-19 14:26:11,514 - INFO -   • kpss: 19 пар (22.9%)
2026-01-19 14:26:11,514 - INFO -   • low_correlation: 18 пар (21.7%)
2026-01-19 14:26:11,514 - INFO -   • beta: 13 пар (15.7%)
2026-01-19 14:26:11,514 - INFO -   • hurst: 2 пар (2.4%)
2026-01-19 14:26:11,514 - INFO - [ФИЛЬТР] Итого: 83 → 0 пар (0.0% прошли все фильтры)
2026-01-19 14:26:11,516 - INFO - Причины отсева сохранены в results/filter_reasons_20260119_142611.csv
2026-01-19 14:26:11,516 - INFO -   Pair stability filter: insufficient history (1 < 2), skip
2026-01-19 14:26:11,516 - INFO -   Фильтрация: 83 → 0 пар
2026-01-19 14:26:11,516 - INFO - ⇠ filtering pairs by cointegration and half-life — done in 26.38s
2026-01-19 14:26:11,516 - INFO - ⇠ WF-шаг 2/5: training 2023-08-02-2023-10-30, testing 2023-10-31-2023-11-30 — done in 28.66s
2026-01-19 14:26:11,516 - INFO -   Всего пар для торговли: 0 (ограничение 15 применяется к одновременно открытым позициям)
2026-01-19 14:26:11,516 - INFO -   💰 Проверка расчета капитала: equity=$10,000.00, кандидатных_пар=0, max_позиций=15
2026-01-19 14:26:11,516 - INFO -   🎯 Target concurrency: 0 (ожидаемое одновременное число позиций)
2026-01-19 14:26:11,516 - INFO -   💼 Шаг P&L: $+0.00, Накопленный капитал: $10,000.00
2026-01-19 14:26:11,516 - INFO - ------------------------------------------------------------
2026-01-19 14:26:11,517 - INFO -   Walk-forward steps: 2 / 5 (40.0%) | 0.0 items/s | ETA: 88.5s
2026-01-19 14:26:11,517 - INFO - 🔍 WF-шаг 3/5: Валидация временных окон...
2026-01-19 14:26:11,517 - INFO - ⇢ WF-шаг 3/5: training 2023-09-01-2023-11-29, testing 2023-11-30-2023-12-30 — start
2026-01-19 14:26:11,517 - INFO - ⇢ loading step data — start
2026-01-19 14:26:11,714 - INFO - ⇠ loading step data — done in 0.20s
2026-01-19 14:26:13,407 - INFO - 📊 WF-шаг 3/5: Границы данных:
2026-01-19 14:26:13,407 - INFO -    Training: 2023-09-01 00:00:00 → 2023-11-29 23:45:00 (8,640 строк × 309 символов)
2026-01-19 14:26:13,408 - INFO -    Testing:  2023-11-30 00:00:00 → 2023-12-30 00:00:00 (2,881 строк × 309 символов)
2026-01-19 14:26:13,408 - INFO -    Временной разрыв: 0 days 00:15:00
2026-01-19 14:26:13,446 - INFO - ⇢ normalizing training data — start
2026-01-19 14:26:13,483 - INFO -   Символы с NaN значениями: 43
2026-01-19 14:26:13,483 - INFO -   Применяем метод нормализации: rolling_zscore
2026-01-19 14:26:13,503 - INFO - Символы с недостаточной историей: 34 из 309
2026-01-19 14:26:14,074 - INFO - Символы с NaN после нормализации: 275
2026-01-19 14:26:14,082 - INFO - Удалено 617 начальных строк с NaN от rolling расчетов
2026-01-19 14:26:14,085 - INFO - Итоговое количество символов после нормализации: 275 из 309
2026-01-19 14:26:14,085 - INFO -   Статистика нормализации:
2026-01-19 14:26:14,085 - INFO -     Исходные символы: 309
2026-01-19 14:26:14,085 - INFO -     Недостаточная история: 34
2026-01-19 14:26:14,085 - INFO -     Постоянная цена: 0
2026-01-19 14:26:14,085 - INFO -     NaN после нормализации: 275
2026-01-19 14:26:14,085 - INFO -     Итоговые символы: 275 (89.0%)
2026-01-19 14:26:14,085 - INFO -   После нормализации: 275 символов (потеряно 34)
2026-01-19 14:26:14,085 - INFO -   Отброшено много символов: 34 из 309
2026-01-19 14:26:14,085 - INFO - ⇠ normalizing training data — done in 0.64s
2026-01-19 14:26:14,085 - INFO -   Фиксированный universe: 92 пар (отфильтровано 18 недоступных)
2026-01-19 14:26:14,085 - INFO - ⇢ filtering pairs by cointegration and half-life — start
2026-01-19 14:26:14,086 - INFO - [ФИЛЬТР] Параллельная фильтрация: processes (8 workers)
⚙️  Загрузка данных за период: 2023-09-01 -> 2023-12-30
📂 Найдено 43 parquet файлов для обработки.
📊 Схема данных: Schema({'timestamp': Int64, 'open': Float64, 'high': Float64, 'low': Float64, 'close': Float64, 'volume': Float64, 'turnover': String, 'ts_ms': Int64, 'symbol': String})
✅ Загружено 3289270 записей с помощью Polars.
📊 Типы данных в pandas: timestamp       datetime64[us]
symbol                  object
close                  float64
timestamp_ms             int64
dtype: object
2026-01-19 14:26:40,643 - INFO - [ФИЛЬТР] После проверки данных: 83 пар
2026-01-19 14:26:40,643 - INFO - [ФИЛЬТР] После фильтра корреляции (>0.45): 74 пар
2026-01-19 14:26:40,643 - INFO - [ФИЛЬТР] После фильтра beta: 59 пар
2026-01-19 14:26:40,643 - INFO - [ФИЛЬТР] После фильтра mean crossings: 59 пар
2026-01-19 14:26:40,643 - INFO - [ФИЛЬТР] После фильтра half-life: 58 пар
2026-01-19 14:26:40,643 - INFO - [ФИЛЬТР] После фильтра коинтеграции: 32 пар
2026-01-19 14:26:40,643 - INFO - [ФИЛЬТР] После фильтра Hurst: 18 пар
2026-01-19 14:26:40,643 - INFO - [ФИЛЬТР] После фильтра KPSS: 0 пар
2026-01-19 14:26:40,643 - INFO - [ФИЛЬТР] После фильтра market microstructure: 0 пар
2026-01-19 14:26:40,643 - INFO - [ФИЛЬТР] Статистика фильтрации (оптимизированный порядок):
2026-01-19 14:26:40,643 - INFO -   1. SSD → Коинтеграция: 92 → 32 пар
2026-01-19 14:26:40,643 - INFO -   2. Коинтеграция → Beta: 32 → 59 пар
2026-01-19 14:26:40,643 - INFO -   3. Beta → Half-life: 59 → 58 пар
2026-01-19 14:26:40,643 - INFO -   4. Half-life → Mean crossings: 58 → 59 пар
2026-01-19 14:26:40,643 - INFO -   5. Mean crossings → Hurst: 59 → 18 пар
2026-01-19 14:26:40,643 - INFO -   6. Hurst → KPSS: 18 → 0 пар
2026-01-19 14:26:40,643 - INFO -   7. KPSS → Market microstructure: 0 → 0 пар
2026-01-19 14:26:40,643 - INFO - [ФИЛЬТР] Причины отсева:
2026-01-19 14:26:40,644 - INFO -   • pvalue: 26 пар (28.3%)
2026-01-19 14:26:40,644 - INFO -   • kpss: 18 пар (19.6%)
2026-01-19 14:26:40,644 - INFO -   • beta: 15 пар (16.3%)
2026-01-19 14:26:40,644 - INFO -   • hurst: 14 пар (15.2%)
2026-01-19 14:26:40,644 - INFO -   • insufficient_data: 9 пар (9.8%)
2026-01-19 14:26:40,644 - INFO -   • low_correlation: 9 пар (9.8%)
2026-01-19 14:26:40,644 - INFO -   • half_life: 1 пар (1.1%)
2026-01-19 14:26:40,644 - INFO - [ФИЛЬТР] Итого: 92 → 0 пар (0.0% прошли все фильтры)
2026-01-19 14:26:40,645 - INFO - Причины отсева сохранены в results/filter_reasons_20260119_142640.csv
2026-01-19 14:26:40,645 - INFO -   Pair stability filter: 0 → 0 (window=3, min_steps=2, history=2)
2026-01-19 14:26:40,646 - INFO -   Фильтрация: 92 → 0 пар
2026-01-19 14:26:40,646 - INFO - ⇠ filtering pairs by cointegration and half-life — done in 26.56s
2026-01-19 14:26:40,646 - INFO - ⇠ WF-шаг 3/5: training 2023-09-01-2023-11-29, testing 2023-11-30-2023-12-30 — done in 29.13s
2026-01-19 14:26:40,646 - INFO -   Всего пар для торговли: 0 (ограничение 15 применяется к одновременно открытым позициям)
2026-01-19 14:26:40,646 - INFO -   💰 Проверка расчета капитала: equity=$10,000.00, кандидатных_пар=0, max_позиций=15
2026-01-19 14:26:40,646 - INFO -   🎯 Target concurrency: 0 (ожидаемое одновременное число позиций)
2026-01-19 14:26:40,646 - INFO -   💼 Шаг P&L: $+0.00, Накопленный капитал: $10,000.00
2026-01-19 14:26:40,646 - INFO - ------------------------------------------------------------
2026-01-19 14:26:40,646 - INFO -   Walk-forward steps: 3 / 5 (60.0%) | 0.0 items/s | ETA: 58.8s
2026-01-19 14:26:40,646 - INFO - 🔍 WF-шаг 4/5: Валидация временных окон...
2026-01-19 14:26:40,647 - INFO - ⇢ WF-шаг 4/5: training 2023-10-01-2023-12-29, testing 2023-12-30-2024-01-29 — start
2026-01-19 14:26:40,647 - INFO - ⇢ loading step data — start
2026-01-19 14:26:40,848 - INFO - ⇠ loading step data — done in 0.20s
2026-01-19 14:26:42,652 - INFO - 📊 WF-шаг 4/5: Границы данных:
2026-01-19 14:26:42,652 - INFO -    Training: 2023-10-01 00:00:00 → 2023-12-29 23:45:00 (8,640 строк × 327 символов)
2026-01-19 14:26:42,652 - INFO -    Testing:  2023-12-30 00:00:00 → 2024-01-29 00:00:00 (2,881 строк × 327 символов)
2026-01-19 14:26:42,652 - INFO -    Временной разрыв: 0 days 00:15:00
2026-01-19 14:26:42,695 - INFO - ⇢ normalizing training data — start
2026-01-19 14:26:42,741 - INFO -   Символы с NaN значениями: 51
2026-01-19 14:26:42,741 - INFO -   Применяем метод нормализации: rolling_zscore
2026-01-19 14:26:42,763 - INFO - Символы с недостаточной историей: 49 из 327
2026-01-19 14:26:43,424 - INFO - Символы с NaN после нормализации: 278
2026-01-19 14:26:43,433 - INFO - Удалено 1473 начальных строк с NaN от rolling расчетов
2026-01-19 14:26:43,435 - INFO - Итоговое количество символов после нормализации: 278 из 327
2026-01-19 14:26:43,436 - INFO -   Статистика нормализации:
2026-01-19 14:26:43,436 - INFO -     Исходные символы: 327
2026-01-19 14:26:43,436 - INFO -     Недостаточная история: 49
2026-01-19 14:26:43,436 - INFO -     Постоянная цена: 0
2026-01-19 14:26:43,436 - INFO -     NaN после нормализации: 278
2026-01-19 14:26:43,436 - INFO -     Итоговые символы: 278 (85.0%)
2026-01-19 14:26:43,436 - INFO -   После нормализации: 278 символов (потеряно 49)
2026-01-19 14:26:43,436 - INFO -   Отброшено много символов: 49 из 327
2026-01-19 14:26:43,436 - INFO - ⇠ normalizing training data — done in 0.74s
2026-01-19 14:26:43,436 - INFO -   Фиксированный universe: 94 пар (отфильтровано 16 недоступных)
2026-01-19 14:26:43,436 - INFO - ⇢ filtering pairs by cointegration and half-life — start
2026-01-19 14:26:43,436 - INFO - [ФИЛЬТР] Параллельная фильтрация: processes (8 workers)
⚙️  Загрузка данных за период: 2023-10-01 -> 2024-01-29
📂 Найдено 43 parquet файлов для обработки.
📊 Схема данных: Schema({'timestamp': Int64, 'open': Float64, 'high': Float64, 'low': Float64, 'close': Float64, 'volume': Float64, 'turnover': String, 'ts_ms': Int64, 'symbol': String})
✅ Загружено 3416683 записей с помощью Polars.
📊 Типы данных в pandas: timestamp       datetime64[us]
symbol                  object
close                  float64
timestamp_ms             int64
dtype: object
2026-01-19 14:27:09,793 - INFO - [ФИЛЬТР] После проверки данных: 87 пар
2026-01-19 14:27:09,793 - INFO - [ФИЛЬТР] После фильтра корреляции (>0.45): 80 пар
2026-01-19 14:27:09,793 - INFO - [ФИЛЬТР] После фильтра beta: 65 пар
2026-01-19 14:27:09,793 - INFO - [ФИЛЬТР] После фильтра mean crossings: 65 пар
2026-01-19 14:27:09,793 - INFO - [ФИЛЬТР] После фильтра half-life: 65 пар
2026-01-19 14:27:09,793 - INFO - [ФИЛЬТР] После фильтра коинтеграции: 23 пар
2026-01-19 14:27:09,793 - INFO - [ФИЛЬТР] После фильтра Hurst: 14 пар
2026-01-19 14:27:09,793 - INFO - [ФИЛЬТР] После фильтра KPSS: 0 пар
2026-01-19 14:27:09,793 - INFO - [ФИЛЬТР] После фильтра market microstructure: 0 пар
2026-01-19 14:27:09,793 - INFO - [ФИЛЬТР] Статистика фильтрации (оптимизированный порядок):
2026-01-19 14:27:09,793 - INFO -   1. SSD → Коинтеграция: 94 → 23 пар
2026-01-19 14:27:09,793 - INFO -   2. Коинтеграция → Beta: 23 → 65 пар
2026-01-19 14:27:09,793 - INFO -   3. Beta → Half-life: 65 → 65 пар
2026-01-19 14:27:09,793 - INFO -   4. Half-life → Mean crossings: 65 → 65 пар
2026-01-19 14:27:09,793 - INFO -   5. Mean crossings → Hurst: 65 → 14 пар
2026-01-19 14:27:09,793 - INFO -   6. Hurst → KPSS: 14 → 0 пар
2026-01-19 14:27:09,793 - INFO -   7. KPSS → Market microstructure: 0 → 0 пар
2026-01-19 14:27:09,793 - INFO - [ФИЛЬТР] Причины отсева:
2026-01-19 14:27:09,793 - INFO -   • pvalue: 42 пар (44.7%)
2026-01-19 14:27:09,793 - INFO -   • beta: 15 пар (16.0%)
2026-01-19 14:27:09,793 - INFO -   • kpss: 14 пар (14.9%)
2026-01-19 14:27:09,793 - INFO -   • hurst: 9 пар (9.6%)
2026-01-19 14:27:09,793 - INFO -   • insufficient_data: 7 пар (7.4%)
2026-01-19 14:27:09,793 - INFO -   • low_correlation: 7 пар (7.4%)
2026-01-19 14:27:09,793 - INFO - [ФИЛЬТР] Итого: 94 → 0 пар (0.0% прошли все фильтры)
2026-01-19 14:27:09,795 - INFO - Причины отсева сохранены в results/filter_reasons_20260119_142709.csv
2026-01-19 14:27:09,795 - INFO -   Pair stability filter: 0 → 0 (window=3, min_steps=2, history=3)
2026-01-19 14:27:09,795 - INFO -   Фильтрация: 94 → 0 пар
2026-01-19 14:27:09,795 - INFO - ⇠ filtering pairs by cointegration and half-life — done in 26.36s
2026-01-19 14:27:09,795 - INFO - ⇠ WF-шаг 4/5: training 2023-10-01-2023-12-29, testing 2023-12-30-2024-01-29 — done in 29.15s
2026-01-19 14:27:09,795 - INFO -   Всего пар для торговли: 0 (ограничение 15 применяется к одновременно открытым позициям)
2026-01-19 14:27:09,795 - INFO -   💰 Проверка расчета капитала: equity=$10,000.00, кандидатных_пар=0, max_позиций=15
2026-01-19 14:27:09,796 - INFO -   🎯 Target concurrency: 0 (ожидаемое одновременное число позиций)
2026-01-19 14:27:09,796 - INFO -   💼 Шаг P&L: $+0.00, Накопленный капитал: $10,000.00
2026-01-19 14:27:09,796 - INFO - ------------------------------------------------------------
2026-01-19 14:27:09,796 - INFO -   Walk-forward steps: 4 / 5 (80.0%) | 0.0 items/s | ETA: 29.3s
2026-01-19 14:27:09,796 - INFO - 🔍 WF-шаг 5/5: Валидация временных окон...
2026-01-19 14:27:09,796 - INFO - ⇢ WF-шаг 5/5: training 2023-10-31-2024-01-28, testing 2024-01-29-2024-02-28 — start
2026-01-19 14:27:09,796 - INFO - ⇢ loading step data — start
2026-01-19 14:27:10,007 - INFO - ⇠ loading step data — done in 0.21s
2026-01-19 14:27:11,816 - INFO - 📊 WF-шаг 5/5: Границы данных:
2026-01-19 14:27:11,817 - INFO -    Training: 2023-10-31 00:00:00 → 2024-01-28 23:45:00 (8,640 строк × 344 символов)
2026-01-19 14:27:11,817 - INFO -    Testing:  2024-01-29 00:00:00 → 2024-02-28 00:00:00 (2,881 строк × 344 символов)
2026-01-19 14:27:11,817 - INFO -    Временной разрыв: 0 days 00:15:00
2026-01-19 14:27:11,860 - INFO - ⇢ normalizing training data — start
2026-01-19 14:27:11,903 - INFO -   Символы с NaN значениями: 62
2026-01-19 14:27:11,903 - INFO -   Применяем метод нормализации: rolling_zscore
2026-01-19 14:27:11,925 - INFO - Символы с недостаточной историей: 56 из 344
2026-01-19 14:27:12,516 - INFO - Символы с NaN после нормализации: 288
2026-01-19 14:27:12,525 - INFO - Удалено 1385 начальных строк с NaN от rolling расчетов
2026-01-19 14:27:12,527 - INFO - Итоговое количество символов после нормализации: 288 из 344
2026-01-19 14:27:12,527 - INFO -   Статистика нормализации:
2026-01-19 14:27:12,527 - INFO -     Исходные символы: 344
2026-01-19 14:27:12,527 - INFO -     Недостаточная история: 56
2026-01-19 14:27:12,527 - INFO -     Постоянная цена: 0
2026-01-19 14:27:12,527 - INFO -     NaN после нормализации: 288
2026-01-19 14:27:12,527 - INFO -     Итоговые символы: 288 (83.7%)
2026-01-19 14:27:12,528 - INFO -   После нормализации: 288 символов (потеряно 56)
2026-01-19 14:27:12,528 - INFO -   Отброшено много символов: 56 из 344
2026-01-19 14:27:12,528 - INFO - ⇠ normalizing training data — done in 0.67s
2026-01-19 14:27:12,528 - INFO -   Фиксированный universe: 107 пар (отфильтровано 3 недоступных)
2026-01-19 14:27:12,528 - INFO - ⇢ filtering pairs by cointegration and half-life — start
2026-01-19 14:27:12,528 - INFO - [ФИЛЬТР] Параллельная фильтрация: processes (8 workers)
⚙️  Загрузка данных за период: 2023-10-31 -> 2024-02-28
📂 Найдено 43 parquet файлов для обработки.
📊 Схема данных: Schema({'timestamp': Int64, 'open': Float64, 'high': Float64, 'low': Float64, 'close': Float64, 'volume': Float64, 'turnover': String, 'ts_ms': Int64, 'symbol': String})
✅ Загружено 3584338 записей с помощью Polars.
📊 Типы данных в pandas: timestamp       datetime64[us]
symbol                  object
close                  float64
timestamp_ms             int64
dtype: object
2026-01-19 14:27:38,912 - INFO - [ФИЛЬТР] После проверки данных: 94 пар
2026-01-19 14:27:38,912 - INFO - [ФИЛЬТР] После фильтра корреляции (>0.45): 58 пар
2026-01-19 14:27:38,912 - INFO - [ФИЛЬТР] После фильтра beta: 47 пар
2026-01-19 14:27:38,912 - INFO - [ФИЛЬТР] После фильтра mean crossings: 47 пар
2026-01-19 14:27:38,912 - INFO - [ФИЛЬТР] После фильтра half-life: 47 пар
2026-01-19 14:27:38,912 - INFO - [ФИЛЬТР] После фильтра коинтеграции: 27 пар
2026-01-19 14:27:38,912 - INFO - [ФИЛЬТР] После фильтра Hurst: 21 пар
2026-01-19 14:27:38,912 - INFO - [ФИЛЬТР] После фильтра KPSS: 2 пар
2026-01-19 14:27:38,912 - INFO - [ФИЛЬТР] После фильтра market microstructure: 2 пар
2026-01-19 14:27:38,912 - INFO - [ФИЛЬТР] Статистика фильтрации (оптимизированный порядок):
2026-01-19 14:27:38,912 - INFO -   1. SSD → Коинтеграция: 107 → 27 пар
2026-01-19 14:27:38,912 - INFO -   2. Коинтеграция → Beta: 27 → 47 пар
2026-01-19 14:27:38,912 - INFO -   3. Beta → Half-life: 47 → 47 пар
2026-01-19 14:27:38,912 - INFO -   4. Half-life → Mean crossings: 47 → 47 пар
2026-01-19 14:27:38,912 - INFO -   5. Mean crossings → Hurst: 47 → 21 пар
2026-01-19 14:27:38,912 - INFO -   6. Hurst → KPSS: 21 → 2 пар
2026-01-19 14:27:38,912 - INFO -   7. KPSS → Market microstructure: 2 → 2 пар
2026-01-19 14:27:38,912 - INFO - [ФИЛЬТР] Причины отсева:
2026-01-19 14:27:38,913 - INFO -   • low_correlation: 36 пар (33.6%)
2026-01-19 14:27:38,913 - INFO -   • pvalue: 20 пар (18.7%)
2026-01-19 14:27:38,913 - INFO -   • kpss: 19 пар (17.8%)
2026-01-19 14:27:38,913 - INFO -   • insufficient_data: 13 пар (12.1%)
2026-01-19 14:27:38,913 - INFO -   • beta: 11 пар (10.3%)
2026-01-19 14:27:38,913 - INFO -   • hurst: 6 пар (5.6%)
2026-01-19 14:27:38,913 - INFO - [ФИЛЬТР] Итого: 107 → 2 пар (1.9% прошли все фильтры)
2026-01-19 14:27:38,914 - INFO - Причины отсева сохранены в results/filter_reasons_20260119_142738.csv
2026-01-19 14:27:38,914 - INFO -   Pair stability filter: 2 → 0 (window=3, min_steps=2, history=4)
2026-01-19 14:27:38,914 - INFO -   Фильтрация: 107 → 0 пар
2026-01-19 14:27:38,914 - INFO - ⇠ filtering pairs by cointegration and half-life — done in 26.39s
2026-01-19 14:27:38,915 - INFO - ⇠ WF-шаг 5/5: training 2023-10-31-2024-01-28, testing 2024-01-29-2024-02-28 — done in 29.12s
2026-01-19 14:27:38,915 - INFO -   Всего пар для торговли: 0 (ограничение 15 применяется к одновременно открытым позициям)
2026-01-19 14:27:38,915 - INFO -   💰 Проверка расчета капитала: equity=$10,000.00, кандидатных_пар=0, max_позиций=15
2026-01-19 14:27:38,915 - INFO -   🎯 Target concurrency: 0 (ожидаемое одновременное число позиций)
2026-01-19 14:27:38,915 - INFO -   💼 Шаг P&L: $+0.00, Накопленный капитал: $10,000.00
2026-01-19 14:27:38,915 - INFO - ------------------------------------------------------------
2026-01-19 14:27:38,915 - INFO -   Walk-forward steps: 5 / 5 (100.0%) | 0.0 items/s | ETA: 0.0s
2026-01-19 14:27:38,915 - INFO - ⇠ Walk-forward steps — completed 5 items in 146.42s (0.0 items/s)
2026-01-19 14:27:38,915 - INFO - ================================================================================
2026-01-19 14:27:38,915 - INFO - 🏁 Walk-forward анализ завершен!
2026-01-19 14:27:38,915 - INFO - ⏱️ Обработано 5 шагов за 154.7 секунд
2026-01-19 14:27:38,915 - INFO - 📊 Всего обработано пар за весь анализ: 0
2026-01-19 14:27:38,916 - INFO - 💰 Финальный капитал: $10,000.00 (было $10,000.00)
2026-01-19 14:27:38,916 - INFO - 📈 Общая доходность: +0.00% ($+0.00)
2026-01-19 14:27:38,916 - INFO - 📊 Всего сделок: 0
2026-01-19 14:27:38,916 - INFO - ================================================================================
2026-01-19 14:27:38,916 - INFO - ✓ Завершены все 5 WF-шагов
2026-01-19 14:27:38,916 - INFO - ⇢ Обработка финальных результатов и расчет метрик...
2026-01-19 14:27:38,916 - INFO - ⇢ processing final results — start
2026-01-19 14:27:38,916 - INFO -   ⇢ Агрегация данных P&L за 0 торговых дней
2026-01-19 14:27:38,916 - INFO -   ⇢ Расчет базовых метрик производительности...
2026-01-19 14:27:38,916 - INFO -     📊 Данные для анализа: 0 записей P&L, 1 точек equity
2026-01-19 14:27:38,916 - INFO -   ⇢ Расчет расширенных метрик (волатильность, Calmar ratio, и др.)...
2026-01-19 14:27:38,917 - INFO -   ✅ Расширенные метрики рассчитаны: 0 показателей
2026-01-19 14:27:38,917 - INFO -   ⇢ Анализ статистики по 0 парам...
2026-01-19 14:27:38,917 - INFO - ✅ Рассчитаны метрики производительности (5 показателей)
2026-01-19 14:27:38,917 - INFO -   💰 Общий P&L: $+0.00
2026-01-19 14:27:38,917 - INFO -   📊 Sharpe Ratio: 0.000
2026-01-19 14:27:38,917 - INFO -   📉 Максимальная просадка: 0.00%
2026-01-19 14:27:38,917 - INFO -   🔄 Всего сделок: 0
2026-01-19 14:27:38,917 - INFO -   📈 Торгуемых пар: 0
2026-01-19 14:27:38,917 - INFO -   💸 Общие издержки: $0.00
2026-01-19 14:27:38,917 - coint2.metrics - INFO - Metric: total_pnl
2026-01-19 14:27:38,918 - coint2.metrics - INFO - Metric: sharpe_ratio_abs
2026-01-19 14:27:38,918 - coint2.metrics - INFO - Metric: max_drawdown_pct
2026-01-19 14:27:38,918 - coint2.metrics - INFO - Metric: total_trades
2026-01-19 14:27:38,918 - coint2.metrics - INFO - Metric: total_pairs_traded
2026-01-19 14:27:38,918 - coint2.metrics - INFO - Metric: total_costs
2026-01-19 14:27:38,918 - INFO - ⇠ processing final results — done in 0.00s
2026-01-19 14:27:38,918 - INFO - ⇢ Создание отчетов и сохранение результатов...
2026-01-19 14:27:38,918 - INFO - ⇢ generating reports — start
2026-01-19 14:27:38,919 - INFO -   ⇢ Создание отчета о производительности...
2026-01-19 14:27:41,590 - INFO -   ✓ Отчет о производительности создан
2026-01-19 14:27:41,590 - INFO -   ⇢ Сохранение данных в CSV файлы...
2026-01-19 14:27:41,591 - INFO - 📋 Метрики сохранены: artifacts/wfa/runs/20260119_stability_relaxed8/stability_relaxed8_20260119_pv0p12_hurst0p7_hl0p02_60_corr0p45_ssd50000_kpss0p05_w3m2_t90_fixed/strategy_metrics.csv
2026-01-19 14:27:41,592 - INFO - 💹 Кривая капитала сохранена: artifacts/wfa/runs/20260119_stability_relaxed8/stability_relaxed8_20260119_pv0p12_hurst0p7_hl0p02_60_corr0p45_ssd50000_kpss0p05_w3m2_t90_fixed/equity_curve.csv (1 точек)
2026-01-19 14:27:41,592 - INFO - 🎉 Walk-Forward анализ полностью завершен!
2026-01-19 14:27:41,592 - INFO - 📊 Все отчеты и данные сохранены в: artifacts/wfa/runs/20260119_stability_relaxed8/stability_relaxed8_20260119_pv0p12_hurst0p7_hl0p02_60_corr0p45_ssd50000_kpss0p05_w3m2_t90_fixed
2026-01-19 14:27:41,592 - INFO - 💼 Итоговый капитал: $10,000.00
2026-01-19 14:27:41,592 - INFO - ⏱️  Общее время выполнения: 157.4 секунд
2026-01-19 14:27:41,592 - INFO - ⇠ generating reports — done in 2.67s
2026-01-19 14:27:41,592 - coint2.core.memory_optimization - INFO - 🧹 Cleaning up global price data
2026-01-19 14:27:41,594 - coint2.core.memory_optimization - INFO - 📊 No global rolling stats to clean up
2026-01-19 14:27:41,595 - INFO - 🧹 Memory-mapped data cleaned up
2026-01-19 14:27:41,595 - INFO - ⇠ run_walk_forward_analysis — done in 157.36s
📊 Отчет сохранен: artifacts/wfa/runs/20260119_stability_relaxed8/stability_relaxed8_20260119_pv0p12_hurst0p7_hl0p02_60_corr0p45_ssd50000_kpss0p05_w3m2_t90_fixed/CointegrationStrategy_performance_report.png
🎯 ============================================================
📊 ИТОГИ ТОРГОВОЙ СТРАТЕГИИ
🎯 ============================================================

💰 ФИНАНСОВЫЕ РЕЗУЛЬТАТЫ:
   • Общий P&L:                            0
   • Максимальная просадка:                0
   • Средний дневной P&L:                  0

📈 МЕТРИКИ РИСКА:
   • Коэффициент Шарпа:               0.0000
   • Волатильность P&L:                 0.00
   • Процент прибыльных дней:          0.00%

🔄 ТОРГОВАЯ АКТИВНОСТЬ:
   • Всего торговых дней:                  0
   • Всего сделок:                         0
   • Торгуемых пар:                        0
   • Сделок на пару:                     0.0
   • Успешность сделок:               0.00%

💸 РАСХОДЫ И ЭКСТРЕМУМЫ:
   • Общие расходы:                        0
   • Максимальная прибыль:                 0
   • Максимальный убыток:                  0
   • Лучшая пара (P&L):                    0
   • Худшая пара (P&L):                    0

📊 ОЦЕНКА СТРАТЕГИИ:
   ❌ УБЫТОЧНАЯ стратегия. Требует доработки

🎯 ============================================================

Annualized Sharpe Ratio: nan
[run_wfa_fullcpu] end: 2026-01-19T14:27:42Z
