[run_wfa_queue] 2026-01-19T09:13:08Z cmd: /opt/coint4/coint4/run_wfa_fullcpu.sh configs/stability_20260119_relaxed4/stability_relaxed4_20260119_pv0p08_hurst0p65_hl0p02_60_corr0p5_ssd50000_kpss0p03.yaml artifacts/wfa/runs/20260119_stability_relaxed4/stability_relaxed4_20260119_pv0p08_hurst0p65_hl0p02_60_corr0p5_ssd50000_kpss0p03
[run_wfa_fullcpu] start: 2026-01-19T09:13:08Z
[run_wfa_fullcpu] os.cpu_count: 8
[run_wfa_fullcpu] worker_pid=1279
2026-01-19 09:13:11,656 - coint2.core.memory_optimization - INFO - ✅ BLAS threading limits set to 1 via threadpoolctl
2026-01-19 09:13:11,657 - coint2.core.memory_optimization - INFO - 🔧 Controlled libraries: openblas, openmp
2026-01-19 09:13:11,657 - coint2.core.memory_optimization - INFO - 🧵 Process threads: 2 → 2
2026-01-19 09:13:11,657 - coint2.core.memory_optimization - INFO - 📝 Set 11 environment variables
2026-01-19 09:13:12,028 - INFO - ✅ Параметры конфигурации валидны
2026-01-19 09:13:12,028 - INFO - 📝 Некоторые параметры были скорректированы:
2026-01-19 09:13:12,028 - INFO - 🧭 WFA: динамический отбор пар на каждом шаге
2026-01-19 09:13:12,028 - INFO -   Шаг 1: тренировка 2023-08-02-2023-09-30, тест 2023-10-01-2023-10-31
2026-01-19 09:13:12,028 - INFO -   Шаг 2: тренировка 2023-09-01-2023-10-30, тест 2023-10-31-2023-11-30
2026-01-19 09:13:12,028 - INFO -   Шаг 3: тренировка 2023-10-01-2023-11-29, тест 2023-11-30-2023-12-30
2026-01-19 09:13:12,028 - INFO -   Шаг 4: тренировка 2023-10-31-2023-12-29, тест 2023-12-30-2024-01-29
2026-01-19 09:13:12,028 - INFO -   Шаг 5: тренировка 2023-11-30-2024-01-28, тест 2024-01-29-2024-02-28
2026-01-19 09:13:12,028 - INFO -   Шаг 6: тренировка 2023-12-30-2024-02-27, тест 2024-02-28-2024-03-29
2026-01-19 09:13:12,028 - INFO -   Шаг 7: тренировка 2024-01-29-2024-03-28, тест 2024-03-29-2024-04-28
2026-01-19 09:13:12,028 - INFO -   Шаг 8: тренировка 2024-02-28-2024-04-27, тест 2024-04-28-2024-05-28
2026-01-19 09:13:12,028 - INFO - 📈 Запланировано 8 walk-forward шагов
2026-01-19 09:13:12,029 - INFO - ⛔ Ограничение WFA шагов: 8 → 5
2026-01-19 09:13:12,029 - WARNING - ⚠️ Маленький буфер между training и testing в шаге 1: 0 дней. Рекомендуется минимум 1 день.
2026-01-19 09:13:12,029 - WARNING - ⚠️ Маленький буфер между training и testing в шаге 2: 0 дней. Рекомендуется минимум 1 день.
2026-01-19 09:13:12,029 - WARNING - ⚠️ Маленький буфер между training и testing в шаге 3: 0 дней. Рекомендуется минимум 1 день.
2026-01-19 09:13:12,029 - WARNING - ⚠️ Маленький буфер между training и testing в шаге 4: 0 дней. Рекомендуется минимум 1 день.
2026-01-19 09:13:12,029 - WARNING - ⚠️ Маленький буфер между training и testing в шаге 5: 0 дней. Рекомендуется минимум 1 день.
2026-01-19 09:13:12,029 - INFO - ✅ Шаги успешно запланированы:
2026-01-19 09:13:12,029 - INFO -    Шаг 1: тренировка 2023-08-02-2023-09-30, тест 2023-10-01-2023-10-31
2026-01-19 09:13:12,029 - INFO -    Шаг 2: тренировка 2023-09-01-2023-10-30, тест 2023-10-31-2023-11-30
2026-01-19 09:13:12,029 - INFO -    Шаг 3: тренировка 2023-10-01-2023-11-29, тест 2023-11-30-2023-12-30
2026-01-19 09:13:12,029 - INFO -    Шаг 4: тренировка 2023-10-31-2023-12-29, тест 2023-12-30-2024-01-29
2026-01-19 09:13:12,029 - INFO -    Шаг 5: тренировка 2023-11-30-2024-01-28, тест 2024-01-29-2024-02-28
2026-01-19 09:13:12,029 - INFO - 🗂️ Consolidating price data for memory-mapped access...
2026-01-19 09:13:12,029 - INFO - 📊 Consolidating data range: 2023-07-28 → 2024-03-04
2026-01-19 09:13:12,029 - coint2.core.memory_optimization - INFO - 🔄 Consolidating price data from data_downloaded to .cache/consolidated_prices.parquet
2026-01-19 09:13:12,029 - INFO - ⇢ loading raw data for consolidation — start
2026-01-19 09:13:13,539 - INFO - ⇠ loading raw data for consolidation — done in 1.51s
2026-01-19 09:13:13,539 - INFO - ⇢ pivoting data to wide format — start
2026-01-19 09:13:18,657 - INFO - ⇠ pivoting data to wide format — done in 5.12s
2026-01-19 09:13:18,713 - coint2.core.memory_optimization - INFO - 📊 Consolidated data: 21121 rows × 346 symbols
2026-01-19 09:13:18,713 - coint2.core.memory_optimization - INFO - 💾 Memory usage: 29.4 MB
2026-01-19 09:13:18,713 - INFO - ⇢ writing consolidated Parquet file — start
2026-01-19 09:13:18,920 - INFO - ⇠ writing consolidated Parquet file — done in 0.21s
2026-01-19 09:13:18,920 - coint2.core.memory_optimization - INFO - ✅ Successfully consolidated data to .cache/consolidated_prices.parquet
2026-01-19 09:13:18,946 - coint2.core.memory_optimization - INFO - 🔄 Initializing memory-mapped price data from .cache/consolidated_prices.parquet
2026-01-19 09:13:18,946 - INFO - ⇢ loading memory-mapped data — start
2026-01-19 09:13:18,947 - coint2.core.memory_optimization - WARNING - ⚠️ memory_map не поддерживается в текущей версии pyarrow, fallback без mmap
2026-01-19 09:13:19,076 - INFO - ⇠ loading memory-mapped data — done in 0.13s
2026-01-19 09:13:19,085 - coint2.core.memory_optimization - INFO - 📊 Loaded 21121 rows × 346 symbols
2026-01-19 09:13:19,085 - coint2.core.memory_optimization - INFO - 💾 Memory usage: 29.4 MB (memory-mapped)
2026-01-19 09:13:19,086 - INFO - ✅ Memory-mapped data initialized successfully
2026-01-19 09:13:19,087 - INFO - ⇢ Walk-forward steps — starting 5 items
2026-01-19 09:13:19,087 - INFO - 📈 Инициализация equity кривой с первой тестовой даты: 2023-10-01 00:00:00
2026-01-19 09:13:19,087 - INFO - 🔍 WF-шаг 1/5: Валидация временных окон...
2026-01-19 09:13:19,088 - INFO - ⇢ WF-шаг 1/5: training 2023-08-02-2023-09-30, testing 2023-10-01-2023-10-31 — start
2026-01-19 09:13:19,088 - INFO - ⇢ loading step data — start
2026-01-19 09:13:19,243 - INFO - ⇠ loading step data — done in 0.16s
2026-01-19 09:13:20,512 - INFO - 📊 WF-шаг 1/5: Границы данных:
2026-01-19 09:13:20,512 - INFO -    Training: 2023-08-02 00:00:00 → 2023-09-30 23:45:00 (5,760 строк × 282 символов)
2026-01-19 09:13:20,512 - INFO -    Testing:  2023-10-01 00:00:00 → 2023-10-31 00:00:00 (2,881 строк × 282 символов)
2026-01-19 09:13:20,512 - INFO -    Временной разрыв: 0 days 00:15:00
2026-01-19 09:13:20,547 - INFO - ⇢ normalizing training data — start
2026-01-19 09:13:20,577 - INFO -   Символы с NaN значениями: 20
2026-01-19 09:13:20,577 - INFO -   Применяем метод нормализации: rolling_zscore
2026-01-19 09:13:20,590 - INFO - Символы с недостаточной историей: 20 из 282
2026-01-19 09:13:20,939 - INFO - Символы с NaN после нормализации: 262
2026-01-19 09:13:20,945 - INFO - Удалено 1 начальных строк с NaN от rolling расчетов
2026-01-19 09:13:20,947 - INFO - Итоговое количество символов после нормализации: 262 из 282
2026-01-19 09:13:20,948 - INFO -   Статистика нормализации:
2026-01-19 09:13:20,948 - INFO -     Исходные символы: 282
2026-01-19 09:13:20,948 - INFO -     Недостаточная история: 20
2026-01-19 09:13:20,948 - INFO -     Постоянная цена: 0
2026-01-19 09:13:20,948 - INFO -     NaN после нормализации: 262
2026-01-19 09:13:20,948 - INFO -     Итоговые символы: 262 (92.9%)
2026-01-19 09:13:20,948 - INFO -   После нормализации: 262 символов (потеряно 20)
2026-01-19 09:13:20,948 - INFO -   Отброшенные символы: ADAEUR, BEAMUSDT, BTCEUR, CYBERUSDT, DOGEEUR, ETHEUR, FETUSDT, JEFFUSDT, KASUSDT, KAVAUSDT, LTCEUR, ORDIUSDT, POLUSDT, PPTUSDT, PYUSDUSDT, SEIUSDT, SOLEUR, USDCEUR, XRPEUR, ZTXUSDT
2026-01-19 09:13:20,948 - INFO - ⇠ normalizing training data — done in 0.40s
2026-01-19 09:13:20,948 - INFO - ⇢ SSD computation — start
2026-01-19 09:13:20,948 - INFO -   Расчет SSD для всех пар (без ограничения)
2026-01-19 09:13:26,608 - INFO -   SSD результат (все пары): 34191 пар
2026-01-19 09:13:26,608 - INFO - ⇠ SSD computation — done in 5.66s
2026-01-19 09:13:26,617 - INFO - ⇢ filtering pairs by cointegration and half-life — start
2026-01-19 09:13:26,617 - INFO - [ФИЛЬТР] Параллельная фильтрация: processes (8 workers)
⚙️  Загрузка данных за период: 2023-07-28 -> 2024-03-04
📂 Найдено 43 parquet файлов для обработки.
📊 Схема данных: Schema({'timestamp': Int64, 'open': Float64, 'high': Float64, 'low': Float64, 'close': Float64, 'volume': Float64, 'turnover': String, 'ts_ms': Int64, 'symbol': String})
✅ Загружено 6226682 записей с помощью Polars.
📊 Типы данных в pandas: timestamp       datetime64[us]
symbol                  object
close                  float64
timestamp_ms             int64
dtype: object
⚙️  Загрузка данных за период: 2023-08-02 -> 2023-10-31
📂 Найдено 43 parquet файлов для обработки.
📊 Схема данных: Schema({'timestamp': Int64, 'open': Float64, 'high': Float64, 'low': Float64, 'close': Float64, 'volume': Float64, 'turnover': String, 'ts_ms': Int64, 'symbol': String})
✅ Загружено 2351056 записей с помощью Polars.
📊 Типы данных в pandas: timestamp       datetime64[us]
symbol                  object
close                  float64
timestamp_ms             int64
dtype: object
2026-01-19 09:16:33,808 - INFO - [ФИЛЬТР] После проверки данных: 34191 пар
2026-01-19 09:16:33,809 - INFO - [ФИЛЬТР] После фильтра корреляции (>0.5): 23244 пар
2026-01-19 09:16:33,809 - INFO - [ФИЛЬТР] После фильтра beta: 15381 пар
2026-01-19 09:16:33,809 - INFO - [ФИЛЬТР] После фильтра mean crossings: 15381 пар
2026-01-19 09:16:33,809 - INFO - [ФИЛЬТР] После фильтра half-life: 15299 пар
2026-01-19 09:16:33,809 - INFO - [ФИЛЬТР] После фильтра коинтеграции: 6408 пар
2026-01-19 09:16:33,809 - INFO - [ФИЛЬТР] После фильтра Hurst: 4410 пар
2026-01-19 09:16:33,809 - INFO - [ФИЛЬТР] После фильтра KPSS: 246 пар
2026-01-19 09:16:33,809 - INFO - [ФИЛЬТР] После фильтра market microstructure: 246 пар
2026-01-19 09:16:33,809 - INFO - [ФИЛЬТР] Статистика фильтрации (оптимизированный порядок):
2026-01-19 09:16:33,809 - INFO -   1. SSD → Коинтеграция: 34191 → 6408 пар
2026-01-19 09:16:33,809 - INFO -   2. Коинтеграция → Beta: 6408 → 15381 пар
2026-01-19 09:16:33,809 - INFO -   3. Beta → Half-life: 15381 → 15299 пар
2026-01-19 09:16:33,809 - INFO -   4. Half-life → Mean crossings: 15299 → 15381 пар
2026-01-19 09:16:33,809 - INFO -   5. Mean crossings → Hurst: 15381 → 4410 пар
2026-01-19 09:16:33,809 - INFO -   6. Hurst → KPSS: 4410 → 246 пар
2026-01-19 09:16:33,809 - INFO -   7. KPSS → Market microstructure: 246 → 246 пар
2026-01-19 09:16:33,809 - INFO - [ФИЛЬТР] Причины отсева:
2026-01-19 09:16:33,809 - INFO -   • low_correlation: 10947 пар (32.0%)
2026-01-19 09:16:33,809 - INFO -   • pvalue: 8891 пар (26.0%)
2026-01-19 09:16:33,809 - INFO -   • beta: 7863 пар (23.0%)
2026-01-19 09:16:33,809 - INFO -   • kpss: 4164 пар (12.2%)
2026-01-19 09:16:33,809 - INFO -   • hurst: 1998 пар (5.8%)
2026-01-19 09:16:33,809 - INFO -   • half_life: 82 пар (0.2%)
2026-01-19 09:16:33,809 - INFO - [ФИЛЬТР] Итого: 34191 → 246 пар (0.7% прошли все фильтры)
2026-01-19 09:16:33,918 - INFO - Причины отсева сохранены в results/filter_reasons_20260119_091633.csv
2026-01-19 09:16:33,928 - INFO -   Pair stability filter: insufficient history (0 < 1), skip
2026-01-19 09:16:33,928 - INFO -   Фильтрация: 34191 → 246 пар
2026-01-19 09:16:33,928 - INFO - ⇠ filtering pairs by cointegration and half-life — done in 187.31s
2026-01-19 09:16:33,928 - INFO - ⇠ WF-шаг 1/5: training 2023-08-02-2023-09-30, testing 2023-10-01-2023-10-31 — done in 194.84s
2026-01-19 09:16:33,928 - INFO -   Топ-3 пары по волатильности спреда:
2026-01-19 09:16:33,928 - INFO -     1. COMPUSDT-GMXUSDT: beta=1.0239, std=2.0031
2026-01-19 09:16:33,928 - INFO -     2. COMPUSDT-LTCUSDC: beta=0.8118, std=1.8132
2026-01-19 09:16:33,928 - INFO -     3. COMPUSDT-LTCUSDT: beta=0.8093, std=1.8119
2026-01-19 09:16:33,928 - INFO -   Всего пар для торговли: 246 (ограничение 15 применяется к одновременно открытым позициям)
2026-01-19 09:16:33,929 - INFO -   💰 Проверка расчета капитала: equity=$10,000.00, кандидатных_пар=246, max_позиций=15
2026-01-19 09:16:33,929 - INFO -   🎯 Target concurrency: 15 (ожидаемое одновременное число позиций)
2026-01-19 09:16:33,932 - INFO -   📊 Детали расчета капитала:
2026-01-19 09:16:33,932 - INFO -      • Базовый капитал на пару: $666.67 (equity / target_concurrency)
2026-01-19 09:16:33,932 - INFO -      • Риск-капитал: $150.00 (1.5% от equity)
2026-01-19 09:16:33,932 - INFO -      • Макс. размер позиции: $200.00 (2.0% от equity)
2026-01-19 09:16:33,932 - INFO -      • Итоговый капитал на пару: $150.00
2026-01-19 09:16:33,932 - INFO - ⇢ WF-шаг 1/5 backtests — starting 246 items
2026-01-19 09:16:33,933 - INFO - 🚀 WF-шаг 1/5: Начинаем бэктесты для 246 пар...
2026-01-19 09:16:33,933 - INFO - 🚀 WF-шаг 1/5: Запускаем параллельную обработку 246 пар на 8 ядрах...
2026-01-19 09:16:33,933 - INFO -   📊 Большой набор пар (246), ожидаемое время: ~9 мин
2026-01-19 09:16:33,933 - INFO -   🔄 Прогресс будет отображаться каждые 24 пар
2026-01-19 09:16:33,933 - INFO - 🚀 WF-шаг 1/5: Режим параллельности: процессы
2026-01-19 09:16:34,018 - coint2.engine.numba_engine - INFO - Запуск Numba-оптимизированного бэктеста для COMPUSDT-GMXUSDT
2026-01-19 09:16:34,056 - coint2.engine.numba_engine - INFO - Запуск Numba-оптимизированного бэктеста для COMPUSDT-LTCUSDC
2026-01-19 09:16:34,099 - coint2.engine.numba_engine - INFO - Запуск Numba-оптимизированного бэктеста для COMPUSDT-LTCUSDT
2026-01-19 09:16:34,104 - coint2.engine.numba_engine - INFO - Запуск Numba-оптимизированного бэктеста для RPLUSDT-SDUSDT
2026-01-19 09:16:34,118 - coint2.engine.numba_engine - INFO - Запуск Numba-оптимизированного бэктеста для TIMEUSDT-XRPUSDT
2026-01-19 09:16:34,124 - coint2.engine.numba_engine - INFO - Запуск Numba-оптимизированного бэктеста для TIMEUSDT-ZENUSDT
2026-01-19 09:16:34,139 - coint2.engine.numba_engine - INFO - Запуск Numba-оптимизированного бэктеста для ETHUSDC-ETHUSDT
2026-01-19 09:16:34,140 - coint2.engine.numba_engine - INFO - Запуск Numba-оптимизированного бэктеста для APTUSDC-ARBUSDT
2026-01-19 09:16:34,158 - coint2.engine.numba_engine - INFO - Запуск Numba-оптимизированного бэктеста для TIMEUSDT-WAVESUSDT
2026-01-19 09:16:34,162 - coint2.engine.numba_engine - INFO - Запуск Numba-оптимизированного бэктеста для ARUSDT-XRPUSDT
2026-01-19 09:16:34,180 - coint2.engine.numba_engine - INFO - Запуск Numba-оптимизированного бэктеста для KSMUSDT-STETHUSDT
2026-01-19 09:16:34,184 - coint2.engine.numba_engine - INFO - Запуск Numba-оптимизированного бэктеста для ETCUSDT-XRPUSDT
2026-01-19 09:16:34,184 - coint2.engine.numba_engine - INFO - Запуск Numba-оптимизированного бэктеста для TIMEUSDT-XRPUSDC
2026-01-19 09:16:34,185 - coint2.engine.numba_engine - INFO - Запуск Numba-оптимизированного бэктеста для AXSUSDT-GMTUSDT
2026-01-19 09:16:34,191 - coint2.engine.numba_engine - INFO - Запуск Numba-оптимизированного бэктеста для DOTUSDC-SDUSDT
2026-01-19 09:16:34,196 - coint2.engine.numba_engine - INFO - Запуск Numba-оптимизированного бэктеста для TIMEUSDT-UMAUSDT
2026-01-19 09:16:34,204 - coint2.engine.numba_engine - INFO - Запуск Numba-оптимизированного бэктеста для ARUSDT-MASKUSDT
2026-01-19 09:16:34,204 - coint2.engine.numba_engine - INFO - Запуск Numba-оптимизированного бэктеста для ETCUSDT-XRPUSDC
2026-01-19 09:16:34,207 - coint2.engine.numba_engine - INFO - Запуск Numba-оптимизированного бэктеста для SNXUSDT-SOLOUSDT
2026-01-19 09:16:34,207 - coint2.engine.numba_engine - INFO - Запуск Numba-оптимизированного бэктеста для ARUSDT-MANAUSDT
2026-01-19 09:16:34,227 - coint2.engine.numba_engine - INFO - Запуск Numba-оптимизированного бэктеста для AXSUSDT-GMTUSDC
2026-01-19 09:16:34,228 - coint2.engine.numba_engine - INFO - Запуск Numba-оптимизированного бэктеста для ARUSDT-MANAUSDC
2026-01-19 09:16:34,229 - coint2.engine.numba_engine - INFO - Запуск Numba-оптимизированного бэктеста для INTERUSDT-WAXPUSDT
2026-01-19 09:16:34,230 - coint2.engine.numba_engine - INFO - Запуск Numba-оптимизированного бэктеста для HNTUSDT-MDAOUSDT
2026-01-19 09:16:34,239 - coint2.engine.numba_engine - INFO - Запуск Numba-оптимизированного бэктеста для INTERUSDT-LUNAUSDT
2026-01-19 09:16:34,249 - coint2.engine.numba_engine - INFO - Запуск Numba-оптимизированного бэктеста для INTERUSDT-XRPUSDC
2026-01-19 09:16:34,250 - coint2.engine.numba_engine - INFO - Запуск Numba-оптимизированного бэктеста для INTERUSDT-KSMUSDT
2026-01-19 09:16:34,251 - coint2.engine.numba_engine - INFO - Запуск Numba-оптимизированного бэктеста для MASKUSDT-XRPUSDC
2026-01-19 09:16:34,252 - coint2.engine.numba_engine - INFO - Запуск Numba-оптимизированного бэктеста для INTERUSDT-XRPUSDT
2026-01-19 09:16:34,265 - coint2.engine.numba_engine - INFO - Запуск Numba-оптимизированного бэктеста для APTUSDT-ARBUSDT
2026-01-19 09:16:34,272 - coint2.engine.numba_engine - INFO - Запуск Numba-оптимизированного бэктеста для INTERUSDT-QTUMUSDT
2026-01-19 09:16:34,272 - coint2.engine.numba_engine - INFO - Запуск Numba-оптимизированного бэктеста для INTERUSDT-ZENUSDT
2026-01-19 09:16:34,274 - coint2.engine.numba_engine - INFO - Запуск Numba-оптимизированного бэктеста для INTERUSDT-UMAUSDT
2026-01-19 09:16:34,274 - coint2.engine.numba_engine - INFO - Запуск Numba-оптимизированного бэктеста для INTERUSDT-ZILUSDT
2026-01-19 09:16:34,288 - coint2.engine.numba_engine - INFO - Запуск Numba-оптимизированного бэктеста для DOTUSDT-SDUSDT
2026-01-19 09:16:34,285 - coint2.engine.numba_engine - INFO - Запуск Numba-оптимизированного бэктеста для INTERUSDT-SOLOUSDT
2026-01-19 09:16:34,294 - coint2.engine.numba_engine - INFO - Запуск Numba-оптимизированного бэктеста для HNTUSDT-VPADUSDT
2026-01-19 09:16:34,294 - coint2.engine.numba_engine - INFO - Запуск Numba-оптимизированного бэктеста для MASKUSDT-XRPUSDT
2026-01-19 09:16:34,296 - coint2.engine.numba_engine - INFO - Запуск Numba-оптимизированного бэктеста для AFCUSDT-ICPUSDT
2026-01-19 09:16:34,296 - coint2.engine.numba_engine - INFO - Запуск Numba-оптимизированного бэктеста для PSGUSDT-SDUSDT
2026-01-19 09:16:34,310 - coint2.engine.numba_engine - INFO - Запуск Numba-оптимизированного бэктеста для INTERUSDT-THETAUSDT
2026-01-19 09:16:34,317 - coint2.engine.numba_engine - INFO - Запуск Numba-оптимизированного бэктеста для INTERUSDT-MANAUSDT
2026-01-19 09:16:34,317 - coint2.engine.numba_engine - INFO - Запуск Numba-оптимизированного бэктеста для INTERUSDT-XEMUSDT
2026-01-19 09:16:34,319 - coint2.engine.numba_engine - INFO - Запуск Numba-оптимизированного бэктеста для CITYUSDT-DOTUSDC
2026-01-19 09:16:34,319 - coint2.engine.numba_engine - INFO - Запуск Numba-оптимизированного бэктеста для INTERUSDT-WAVESUSDT
2026-01-19 09:16:34,330 - coint2.engine.numba_engine - INFO - Запуск Numba-оптимизированного бэктеста для APTUSDT-ARBUSDC
2026-01-19 09:16:34,331 - coint2.engine.numba_engine - INFO - Запуск Numba-оптимизированного бэктеста для APEUSDC-PSTAKEUSDT
2026-01-19 09:16:34,332 - coint2.engine.numba_engine - INFO - Запуск Numba-оптимизированного бэктеста для INTERUSDT-SNXUSDT
2026-01-19 09:16:34,338 - coint2.engine.numba_engine - INFO - Запуск Numba-оптимизированного бэктеста для INTERUSDT-USTCUSDT
2026-01-19 09:16:34,339 - coint2.engine.numba_engine - INFO - Запуск Numba-оптимизированного бэктеста для AFCUSDT-AVAXUSDC
2026-01-19 09:16:34,341 - coint2.engine.numba_engine - INFO - Запуск Numba-оптимизированного бэктеста для BELUSDT-FTTUSDT
2026-01-19 09:16:34,341 - coint2.engine.numba_engine - INFO - Запуск Numba-оптимизированного бэктеста для AFCUSDT-AVAXUSDT
2026-01-19 09:16:34,355 - coint2.engine.numba_engine - INFO - Запуск Numba-оптимизированного бэктеста для APEUSDT-PSTAKEUSDT
2026-01-19 09:16:34,361 - coint2.engine.numba_engine - INFO - Запуск Numba-оптимизированного бэктеста для CITYUSDT-DOTUSDT
2026-01-19 09:16:34,363 - coint2.engine.numba_engine - INFO - Запуск Numba-оптимизированного бэктеста для ARKMUSDT-SOLUSDT
2026-01-19 09:16:34,363 - coint2.engine.numba_engine - INFO - Запуск Numba-оптимизированного бэктеста для QTUMUSDT-STXUSDT
2026-01-19 09:16:34,363 - coint2.engine.numba_engine - INFO - Запуск Numba-оптимизированного бэктеста для AXSUSDT-UNIUSDT
2026-01-19 09:16:34,366 - coint2.engine.numba_engine - INFO - Запуск Numba-оптимизированного бэктеста для APTUSDC-ARBUSDC
2026-01-19 09:16:34,373 - coint2.engine.numba_engine - INFO - Запуск Numba-оптимизированного бэктеста для AFCUSDT-DOTUSDC
2026-01-19 09:16:34,376 - coint2.engine.numba_engine - INFO - Запуск Numba-оптимизированного бэктеста для HNTUSDT-SDUSDT
2026-01-19 09:16:34,377 - coint2.engine.numba_engine - INFO - Запуск Numba-оптимизированного бэктеста для INTERUSDT-MASKUSDT
2026-01-19 09:16:34,384 - coint2.engine.numba_engine - INFO - Запуск Numba-оптимизированного бэктеста для ETHWUSDT-GMTUSDC
2026-01-19 09:16:34,385 - coint2.engine.numba_engine - INFO - Запуск Numba-оптимизированного бэктеста для ETHWUSDT-GMTUSDT
2026-01-19 09:16:34,385 - coint2.engine.numba_engine - INFO - Запуск Numba-оптимизированного бэктеста для ARKMUSDT-OMGUSDT
2026-01-19 09:16:34,394 - coint2.engine.numba_engine - INFO - Запуск Numba-оптимизированного бэктеста для AXSUSDT-SANDUSDT
2026-01-19 09:16:34,399 - coint2.engine.numba_engine - INFO - Запуск Numba-оптимизированного бэктеста для OPUSDT-VPADUSDT
2026-01-19 09:16:34,407 - coint2.engine.numba_engine - INFO - Запуск Numba-оптимизированного бэктеста для ARKMUSDT-CITYUSDT
2026-01-19 09:16:34,407 - coint2.engine.numba_engine - INFO - Запуск Numba-оптимизированного бэктеста для BICOUSDT-IMXUSDT
2026-01-19 09:16:34,407 - coint2.engine.numba_engine - INFO - Запуск Numba-оптимизированного бэктеста для ARKMUSDT-SOLUSDC
2026-01-19 09:16:34,415 - coint2.engine.numba_engine - INFO - Запуск Numba-оптимизированного бэктеста для ARUSDT-FILUSDT
2026-01-19 09:16:34,416 - WARNING - ❌ Ошибка обработки пары ARKMUSDT-CITYUSDT: division by zero
2026-01-19 09:16:34,422 - coint2.engine.numba_engine - INFO - Запуск Numba-оптимизированного бэктеста для AFCUSDT-CITYUSDT
2026-01-19 09:16:34,422 - coint2.engine.numba_engine - INFO - Запуск Numba-оптимизированного бэктеста для CITYUSDT-JUVUSDT
2026-01-19 09:16:34,422 - coint2.engine.numba_engine - INFO - Запуск Numba-оптимизированного бэктеста для AFCUSDT-ICPUSDC
2026-01-19 09:16:34,429 - coint2.engine.numba_engine - INFO - Запуск Numba-оптимизированного бэктеста для HFTUSDT-RPLUSDT
2026-01-19 09:16:34,431 - coint2.engine.numba_engine - INFO - Запуск Numba-оптимизированного бэктеста для SUSHIUSDT-UMAUSDT
2026-01-19 09:16:34,431 - WARNING - ❌ Ошибка обработки пары AFCUSDT-CITYUSDT: division by zero
2026-01-19 09:16:34,438 - coint2.engine.numba_engine - INFO - Запуск Numba-оптимизированного бэктеста для INTERUSDT-STXUSDT
2026-01-19 09:16:34,441 - coint2.engine.numba_engine - INFO - Запуск Numba-оптимизированного бэктеста для UMAUSDT-XRPUSDT
2026-01-19 09:16:34,444 - coint2.engine.numba_engine - INFO - Запуск Numba-оптимизированного бэктеста для ETHWUSDT-SANDUSDC
2026-01-19 09:16:34,447 - coint2.engine.numba_engine - INFO - Запуск Numba-оптимизированного бэктеста для ARKMUSDT-SFUNDUSDT
2026-01-19 09:16:34,451 - coint2.engine.numba_engine - INFO - Запуск Numba-оптимизированного бэктеста для BICOUSDT-ROSEUSDT
2026-01-19 09:16:34,463 - coint2.engine.numba_engine - INFO - Запуск Numba-оптимизированного бэктеста для CAKEUSDT-VPADUSDT
2026-01-19 09:16:34,473 - coint2.engine.numba_engine - INFO - Запуск Numba-оптимизированного бэктеста для CELOUSDT-ZRXUSDT
2026-01-19 09:16:34,474 - coint2.engine.numba_engine - INFO - Запуск Numba-оптимизированного бэктеста для AFCUSDT-VPADUSDT
2026-01-19 09:16:34,480 - coint2.engine.numba_engine - INFO - Запуск Numba-оптимизированного бэктеста для AXSUSDT-SANDUSDC
2026-01-19 09:16:34,485 - coint2.engine.numba_engine - INFO - Запуск Numba-оптимизированного бэктеста для ARKMUSDT-PSGUSDT
2026-01-19 09:16:34,487 - coint2.engine.numba_engine - INFO - Запуск Numba-оптимизированного бэктеста для INTERUSDT-LTCUSDC
2026-01-19 09:16:34,489 - coint2.engine.numba_engine - INFO - Запуск Numba-оптимизированного бэктеста для ARKMUSDT-OPUSDT
2026-01-19 09:16:34,494 - coint2.engine.numba_engine - INFO - Запуск Numba-оптимизированного бэктеста для HFTUSDT-SFUNDUSDT
2026-01-19 09:16:34,497 - coint2.engine.numba_engine - INFO - Запуск Numba-оптимизированного бэктеста для CTCUSDT-DOTUSDC
2026-01-19 09:16:34,498 - coint2.engine.numba_engine - INFO - Запуск Numba-оптимизированного бэктеста для HFTUSDT-VPADUSDT
2026-01-19 09:16:34,519 - coint2.engine.numba_engine - INFO - Запуск Numba-оптимизированного бэктеста для RSS3USDT-SDUSDT
2026-01-19 09:16:34,520 - coint2.engine.numba_engine - INFO - Запуск Numba-оптимизированного бэктеста для ETHWUSDT-XTZUSDT
2026-01-19 09:16:34,528 - coint2.engine.numba_engine - INFO - Запуск Numba-оптимизированного бэктеста для INTERUSDT-ROSEUSDT
2026-01-19 09:16:34,532 - coint2.engine.numba_engine - INFO - Запуск Numba-оптимизированного бэктеста для INTERUSDT-MANAUSDC
2026-01-19 09:16:34,530 - coint2.engine.numba_engine - INFO - Запуск Numba-оптимизированного бэктеста для SFUNDUSDT-VPADUSDT
2026-01-19 09:16:34,534 - coint2.engine.numba_engine - INFO - Запуск Numba-оптимизированного бэктеста для CELOUSDT-SCUSDT
2026-01-19 09:16:34,541 - coint2.engine.numba_engine - INFO - Запуск Numba-оптимизированного бэктеста для HFTUSDT-JUVUSDT
2026-01-19 09:16:34,544 - coint2.engine.numba_engine - INFO - Запуск Numba-оптимизированного бэктеста для THETAUSDT-XRPUSDC
2026-01-19 09:16:34,561 - coint2.engine.numba_engine - INFO - Запуск Numba-оптимизированного бэктеста для RSS3USDT-UNIUSDT
2026-01-19 09:16:34,565 - coint2.engine.numba_engine - INFO - Запуск Numba-оптимизированного бэктеста для SUSHIUSDT-USTCUSDT
2026-01-19 09:16:34,576 - coint2.engine.numba_engine - INFO - Запуск Numba-оптимизированного бэктеста для INTERUSDT-LTCUSDT
2026-01-19 09:16:34,578 - coint2.engine.numba_engine - INFO - Запуск Numba-оптимизированного бэктеста для HFTUSDC-SFUNDUSDT
2026-01-19 09:16:34,581 - coint2.engine.numba_engine - INFO - Запуск Numba-оптимизированного бэктеста для OMGUSDT-UNIUSDT
2026-01-19 09:16:34,582 - coint2.engine.numba_engine - INFO - Запуск Numba-оптимизированного бэктеста для PSGUSDT-VPADUSDT
2026-01-19 09:16:34,585 - coint2.engine.numba_engine - INFO - Запуск Numba-оптимизированного бэктеста для HFTUSDT-SUIUSDC
2026-01-19 09:16:34,591 - coint2.engine.numba_engine - INFO - Запуск Numba-оптимизированного бэктеста для BICOUSDT-ZILUSDT
2026-01-19 09:16:34,609 - coint2.engine.numba_engine - INFO - Запуск Numba-оптимизированного бэктеста для WOOUSDT-XTZUSDT
2026-01-19 09:16:34,620 - coint2.engine.numba_engine - INFO - Запуск Numba-оптимизированного бэктеста для DYDXUSDT-QNTUSDT
2026-01-19 09:16:34,625 - coint2.engine.numba_engine - INFO - Запуск Numba-оптимизированного бэктеста для HFTUSDC-JUVUSDT
2026-01-19 09:16:34,629 - coint2.engine.numba_engine - INFO - Запуск Numba-оптимизированного бэктеста для HFTUSDT-MOVRUSDT
2026-01-19 09:16:34,637 - coint2.engine.numba_engine - INFO - Запуск Numba-оптимизированного бэктеста для HFTUSDC-MOVRUSDT
2026-01-19 09:16:34,655 - coint2.engine.numba_engine - INFO - Запуск Numba-оптимизированного бэктеста для BICOUSDT-ICXUSDT
2026-01-19 09:16:34,656 - coint2.engine.numba_engine - INFO - Запуск Numba-оптимизированного бэктеста для ADAUSDT-PSGUSDT
2026-01-19 09:16:34,656 - coint2.engine.numba_engine - INFO - Запуск Numba-оптимизированного бэктеста для AFCUSDT-DOTUSDT
2026-01-19 09:16:34,657 - coint2.engine.numba_engine - INFO - Запуск Numba-оптимизированного бэктеста для ARKMUSDT-IZIUSDT
2026-01-19 09:16:34,673 - coint2.engine.numba_engine - INFO - Запуск Numba-оптимизированного бэктеста для OPUSDC-VPADUSDT
2026-01-19 09:16:34,678 - coint2.engine.numba_engine - INFO - Запуск Numba-оптимизированного бэктеста для FLOWUSDT-MASKUSDT
2026-01-19 09:16:34,681 - coint2.engine.numba_engine - INFO - Запуск Numba-оптимизированного бэктеста для HFTUSDT-SUIUSDT
2026-01-19 09:16:34,700 - coint2.engine.numba_engine - INFO - Запуск Numba-оптимизированного бэктеста для CTCUSDT-VPADUSDT
2026-01-19 09:16:34,701 - coint2.engine.numba_engine - INFO - Запуск Numba-оптимизированного бэктеста для SDUSDT-VPADUSDT
2026-01-19 09:16:34,706 - coint2.engine.numba_engine - INFO - Запуск Numba-оптимизированного бэктеста для BATUSDT-LTCUSDT
2026-01-19 09:16:34,712 - coint2.engine.numba_engine - INFO - Запуск Numba-оптимизированного бэктеста для BICOUSDT-CRVUSDT
2026-01-19 09:16:34,717 - coint2.engine.numba_engine - INFO - Запуск Numba-оптимизированного бэктеста для NEARUSDT-RPLUSDT
2026-01-19 09:16:34,725 - coint2.engine.numba_engine - INFO - Запуск Numba-оптимизированного бэктеста для RSS3USDT-SCRTUSDT
2026-01-19 09:16:34,729 - coint2.engine.numba_engine - INFO - Запуск Numba-оптимизированного бэктеста для NEXOUSDT-PSGUSDT
2026-01-19 09:16:34,730 - coint2.engine.numba_engine - INFO - Запуск Numba-оптимизированного бэктеста для AFCUSDT-MDAOUSDT
2026-01-19 09:16:34,754 - coint2.engine.numba_engine - INFO - Запуск Numba-оптимизированного бэктеста для HFTUSDC-RPLUSDT
2026-01-19 09:16:34,758 - coint2.engine.numba_engine - INFO - Запуск Numba-оптимизированного бэктеста для GMTUSDT-UNIUSDT
2026-01-19 09:16:34,768 - coint2.engine.numba_engine - INFO - Запуск Numba-оптимизированного бэктеста для ETHWUSDT-SANDUSDT
2026-01-19 09:16:34,772 - coint2.engine.numba_engine - INFO - Запуск Numba-оптимизированного бэктеста для C98USDT-SSVUSDT
2026-01-19 09:16:34,772 - coint2.engine.numba_engine - INFO - Запуск Numba-оптимизированного бэктеста для RSS3USDT-XAVAUSDT
2026-01-19 09:16:34,773 - coint2.engine.numba_engine - INFO - Запуск Numba-оптимизированного бэктеста для MANAUSDC-XRPUSDC
2026-01-19 09:16:34,774 - coint2.engine.numba_engine - INFO - Запуск Numba-оптимизированного бэктеста для UMAUSDT-XRPUSDC
2026-01-19 09:16:34,779 - coint2.engine.numba_engine - INFO - Запуск Numba-оптимизированного бэктеста для CTCUSDT-ICPUSDT
2026-01-19 09:16:34,801 - coint2.engine.numba_engine - INFO - Запуск Numba-оптимизированного бэктеста для BICOUSDT-WAXPUSDT
2026-01-19 09:16:34,806 - WARNING - ❌ Ошибка обработки пары RSS3USDT-XAVAUSDT: division by zero
2026-01-19 09:16:34,809 - coint2.engine.numba_engine - INFO - Запуск Numba-оптимизированного бэктеста для MVUSDT-TWTUSDT
2026-01-19 09:16:34,813 - coint2.engine.numba_engine - INFO - Запуск Numba-оптимизированного бэктеста для ARKMUSDT-OPUSDC
2026-01-19 09:16:34,822 - coint2.engine.numba_engine - INFO - Запуск Numba-оптимизированного бэктеста для CRVUSDT-PIPUSDT
2026-01-19 09:16:34,824 - coint2.engine.numba_engine - INFO - Запуск Numba-оптимизированного бэктеста для C98USDT-HOOKUSDT
2026-01-19 09:16:34,829 - coint2.engine.numba_engine - INFO - Запуск Numba-оптимизированного бэктеста для BATUSDT-FIDAUSDT
2026-01-19 09:16:34,838 - coint2.engine.numba_engine - INFO - Запуск Numba-оптимизированного бэктеста для MANAUSDT-XRPUSDT
2026-01-19 09:16:34,850 - coint2.engine.numba_engine - INFO - Запуск Numba-оптимизированного бэктеста для RSS3USDT-SFUNDUSDT
2026-01-19 09:16:34,852 - coint2.engine.numba_engine - INFO - Запуск Numba-оптимизированного бэктеста для OMGUSDT-RDNTUSDT
2026-01-19 09:16:34,856 - coint2.engine.numba_engine - INFO - Запуск Numba-оптимизированного бэктеста для MVUSDT-SFUNDUSDT
2026-01-19 09:16:34,858 - coint2.engine.numba_engine - INFO - Запуск Numba-оптимизированного бэктеста для NEARUSDT-XTZUSDT
2026-01-19 09:16:34,871 - coint2.engine.numba_engine - INFO - Запуск Numba-оптимизированного бэктеста для ARKMUSDT-NEXOUSDT
2026-01-19 09:16:34,885 - coint2.engine.numba_engine - INFO - Запуск Numba-оптимизированного бэктеста для SANDUSDT-UNIUSDT
2026-01-19 09:16:34,899 - coint2.engine.numba_engine - INFO - Запуск Numba-оптимизированного бэктеста для 1INCHUSDT-SCUSDT
2026-01-19 09:16:34,896 - coint2.engine.numba_engine - INFO - Запуск Numba-оптимизированного бэктеста для FORTUSDT-VPADUSDT
2026-01-19 09:16:34,901 - coint2.engine.numba_engine - INFO - Запуск Numba-оптимизированного бэктеста для OASUSDT-TRVLUSDT
2026-01-19 09:16:34,906 - coint2.engine.numba_engine - INFO - Запуск Numba-оптимизированного бэктеста для HFTUSDT-PSGUSDT
2026-01-19 09:16:34,910 - coint2.engine.numba_engine - INFO - Запуск Numba-оптимизированного бэктеста для ADAUSDC-RPLUSDT
2026-01-19 09:16:34,923 - coint2.engine.numba_engine - INFO - Запуск Numba-оптимизированного бэктеста для STXUSDT-THETAUSDT
2026-01-19 09:16:34,924 - coint2.engine.numba_engine - INFO - Запуск Numba-оптимизированного бэктеста для RSS3USDT-SOLUSDC
2026-01-19 09:16:34,934 - coint2.engine.numba_engine - INFO - Запуск Numba-оптимизированного бэктеста для BATUSDT-THETAUSDT
2026-01-19 09:16:34,948 - coint2.engine.numba_engine - INFO - Запуск Numba-оптимизированного бэктеста для RSS3USDT-TWTUSDT
2026-01-19 09:16:34,952 - coint2.engine.numba_engine - INFO - Запуск Numba-оптимизированного бэктеста для FORTUSDT-TWTUSDT
2026-01-19 09:16:34,963 - coint2.engine.numba_engine - INFO - Запуск Numba-оптимизированного бэктеста для ADAUSDC-CITYUSDT
2026-01-19 09:16:34,965 - coint2.engine.numba_engine - INFO - Запуск Numba-оптимизированного бэктеста для ROSEUSDT-XEMUSDT
2026-01-19 09:16:34,968 - coint2.engine.numba_engine - INFO - Запуск Numba-оптимизированного бэктеста для RSS3USDT-RVNUSDT
2026-01-19 09:16:34,969 - coint2.engine.numba_engine - INFO - Запуск Numba-оптимизированного бэктеста для THETAUSDT-XRPUSDT
2026-01-19 09:16:34,984 - WARNING - ❌ Ошибка обработки пары ADAUSDC-CITYUSDT: division by zero
2026-01-19 09:16:34,984 - coint2.engine.numba_engine - INFO - Запуск Numba-оптимизированного бэктеста для BATUSDT-QTUMUSDT
2026-01-19 09:16:34,996 - coint2.engine.numba_engine - INFO - Запуск Numba-оптимизированного бэктеста для RSS3USDT-SOLUSDT
2026-01-19 09:16:34,998 - coint2.engine.numba_engine - INFO - Запуск Numba-оптимизированного бэктеста для HFTUSDC-PSGUSDT
2026-01-19 09:16:35,002 - coint2.engine.numba_engine - INFO - Запуск Numba-оптимизированного бэктеста для BATUSDT-PEOPLEUSDT
2026-01-19 09:16:35,018 - coint2.engine.numba_engine - INFO - Запуск Numba-оптимизированного бэктеста для FORTUSDT-HNTUSDT
2026-01-19 09:16:35,028 - coint2.engine.numba_engine - INFO - Запуск Numba-оптимизированного бэктеста для XDCUSDT-XTZUSDT
2026-01-19 09:16:35,032 - coint2.engine.numba_engine - INFO - Запуск Numba-оптимизированного бэктеста для FORTUSDT-ICPUSDT
2026-01-19 09:16:35,033 - coint2.engine.numba_engine - INFO - Запуск Numba-оптимизированного бэктеста для HFTUSDC-SUIUSDC
2026-01-19 09:16:35,043 - coint2.engine.numba_engine - INFO - Запуск Numba-оптимизированного бэктеста для BATUSDT-COMPUSDT
2026-01-19 09:16:35,043 - coint2.engine.numba_engine - INFO - Запуск Numba-оптимизированного бэктеста для ONEUSDT-TELUSDT
2026-01-19 09:16:35,052 - coint2.engine.numba_engine - INFO - Запуск Numba-оптимизированного бэктеста для GMTUSDC-UNIUSDT
2026-01-19 09:16:35,060 - coint2.engine.numba_engine - INFO - Запуск Numba-оптимизированного бэктеста для FORTUSDT-SDUSDT
2026-01-19 09:16:35,063 - coint2.engine.numba_engine - INFO - Запуск Numba-оптимизированного бэктеста для BICOUSDT-USTCUSDT
2026-01-19 09:16:35,080 - coint2.engine.numba_engine - INFO - Запуск Numba-оптимизированного бэктеста для ICXUSDT-WAXPUSDT
2026-01-19 09:16:35,092 - coint2.engine.numba_engine - INFO - Запуск Numba-оптимизированного бэктеста для ADAUSDC-PSGUSDT
2026-01-19 09:16:35,095 - coint2.engine.numba_engine - INFO - Запуск Numba-оптимизированного бэктеста для LTCBTC-LUNCUSDC
2026-01-19 09:16:35,096 - coint2.engine.numba_engine - INFO - Запуск Numba-оптимизированного бэктеста для GMTUSDT-SANDUSDT
2026-01-19 09:16:35,100 - coint2.engine.numba_engine - INFO - Запуск Numba-оптимизированного бэктеста для MVUSDT-NEARUSDT
2026-01-19 09:16:35,105 - coint2.engine.numba_engine - INFO - Запуск Numba-оптимизированного бэктеста для CTCUSDT-SDUSDT
2026-01-19 09:16:35,112 - coint2.engine.numba_engine - INFO - Запуск Numba-оптимизированного бэктеста для FORTUSDT-PSGUSDT
2026-01-19 09:16:35,114 - coint2.engine.numba_engine - INFO - Запуск Numba-оптимизированного бэктеста для HFTUSDC-SUIUSDT
2026-01-19 09:16:35,135 - coint2.engine.numba_engine - INFO - Запуск Numba-оптимизированного бэктеста для MVUSDT-PSGUSDT
2026-01-19 09:16:35,136 - coint2.engine.numba_engine - INFO - Запуск Numba-оптимизированного бэктеста для BATUSDT-LTCUSDC
2026-01-19 09:16:35,143 - coint2.engine.numba_engine - INFO - Запуск Numba-оптимизированного бэктеста для EVERUSDT-RPLUSDT
2026-01-19 09:16:35,144 - coint2.engine.numba_engine - INFO - Запуск Numba-оптимизированного бэктеста для DOGEUSDT-TELUSDT
2026-01-19 09:16:35,149 - coint2.engine.numba_engine - INFO - Запуск Numba-оптимизированного бэктеста для LUNCUSDT-RVNUSDT
2026-01-19 09:16:35,156 - coint2.engine.numba_engine - INFO - Запуск Numba-оптимизированного бэктеста для ALGOUSDT-WAXPUSDT
2026-01-19 09:16:35,180 - coint2.engine.numba_engine - INFO - Запуск Numba-оптимизированного бэктеста для CTCUSDT-ICPUSDC
2026-01-19 09:16:35,183 - coint2.engine.numba_engine - INFO - Запуск Numba-оптимизированного бэктеста для FORTUSDT-SFUNDUSDT
2026-01-19 09:16:35,187 - coint2.engine.numba_engine - INFO - Запуск Numba-оптимизированного бэктеста для ENJUSDT-XTZUSDT
2026-01-19 09:16:35,187 - coint2.engine.numba_engine - INFO - Запуск Numba-оптимизированного бэктеста для GRTUSDT-RVNUSDT
2026-01-19 09:16:35,196 - coint2.engine.numba_engine - INFO - Запуск Numba-оптимизированного бэктеста для ROSEUSDT-USTCUSDT
2026-01-19 09:16:35,205 - coint2.engine.numba_engine - INFO - Запуск Numba-оптимизированного бэктеста для MVUSDT-OPUSDC
2026-01-19 09:16:35,211 - coint2.engine.numba_engine - INFO - Запуск Numba-оптимизированного бэктеста для DOGEUSDC-TELUSDT
2026-01-19 09:16:35,214 - coint2.engine.numba_engine - INFO - Запуск Numba-оптимизированного бэктеста для ENJUSDT-NEARUSDT
2026-01-19 09:16:35,234 - coint2.engine.numba_engine - INFO - Запуск Numba-оптимизированного бэктеста для RDNTUSDT-UNIUSDT
2026-01-19 09:16:35,236 - coint2.engine.numba_engine - INFO - Запуск Numba-оптимизированного бэктеста для DAIUSDT-QTUMUSDT
2026-01-19 09:16:35,236 - coint2.engine.numba_engine - INFO - Запуск Numba-оптимизированного бэктеста для RSS3USDT-XTZUSDT
2026-01-19 09:16:35,236 - coint2.engine.numba_engine - INFO - Запуск Numba-оптимизированного бэктеста для DAIUSDT-XRPUSDC
2026-01-19 09:16:35,243 - coint2.engine.numba_engine - INFO - Запуск Numba-оптимизированного бэктеста для ALGOUSDT-ROSEUSDT
2026-01-19 09:16:35,249 - coint2.engine.numba_engine - INFO - Запуск Numba-оптимизированного бэктеста для EVERUSDT-JUVUSDT
2026-01-19 09:16:35,256 - coint2.engine.numba_engine - INFO - Запуск Numba-оптимизированного бэктеста для DOGEUSDC-ETHWUSDT
2026-01-19 09:16:35,258 - coint2.engine.numba_engine - INFO - Запуск Numba-оптимизированного бэктеста для SANDUSDC-UNIUSDT
2026-01-19 09:16:35,280 - coint2.engine.numba_engine - INFO - Запуск Numba-оптимизированного бэктеста для ONEUSDT-XRPUSDC
2026-01-19 09:16:35,281 - coint2.engine.numba_engine - INFO - Запуск Numba-оптимизированного бэктеста для BATUSDT-UMAUSDT
2026-01-19 09:16:35,280 - coint2.engine.numba_engine - INFO - Запуск Numba-оптимизированного бэктеста для MANAUSDC-XRPUSDT
2026-01-19 09:16:35,285 - coint2.engine.numba_engine - INFO - Запуск Numba-оптимизированного бэктеста для ONEUSDT-XRPUSDT
2026-01-19 09:16:35,296 - coint2.engine.numba_engine - INFO - Запуск Numba-оптимизированного бэктеста для KASTAUSDT-XETAUSDT
2026-01-19 09:16:35,300 - coint2.engine.numba_engine - INFO - Запуск Numba-оптимизированного бэктеста для DAIUSDT-XRPUSDT
2026-01-19 09:16:35,304 - coint2.engine.numba_engine - INFO - Запуск Numba-оптимизированного бэктеста для MVUSDT-OPUSDT
2026-01-19 09:16:35,321 - coint2.engine.numba_engine - INFO - Запуск Numba-оптимизированного бэктеста для FORTUSDT-PSTAKEUSDT
2026-01-19 09:16:35,329 - coint2.engine.numba_engine - INFO - Запуск Numba-оптимизированного бэктеста для WOOUSDT-XRPUSDC
2026-01-19 09:16:35,331 - coint2.engine.numba_engine - INFO - Запуск Numba-оптимизированного бэктеста для LTCBTC-XRPUSDC
2026-01-19 09:16:35,333 - coint2.engine.numba_engine - INFO - Запуск Numba-оптимизированного бэктеста для LTCBTC-RVNUSDT
2026-01-19 09:16:35,342 - coint2.engine.numba_engine - INFO - Запуск Numba-оптимизированного бэктеста для USTCUSDT-ZILUSDT
2026-01-19 09:16:35,349 - coint2.engine.numba_engine - INFO - Запуск Numba-оптимизированного бэктеста для DGBUSDT-GSTUSDT
2026-01-19 09:16:35,352 - coint2.engine.numba_engine - INFO - Запуск Numba-оптимизированного бэктеста для HVHUSDT-TRVLUSDT
2026-01-19 09:16:35,366 - coint2.engine.numba_engine - INFO - Запуск Numba-оптимизированного бэктеста для FORTUSDT-JUVUSDT
2026-01-19 09:16:35,373 - coint2.engine.numba_engine - INFO - 🔍 ДИАГНОСТИКА HVHUSDT-TRVLUSDT:
2026-01-19 09:16:35,373 - coint2.engine.numba_engine - INFO -    entry_threshold: 0.85
2026-01-19 09:16:35,374 - coint2.engine.numba_engine - INFO -    exit_threshold: 0.12
2026-01-19 09:16:35,374 - coint2.engine.numba_engine - INFO - Запуск Numba-оптимизированного бэктеста для ADAUSDC-GSTUSDT
2026-01-19 09:16:35,374 - coint2.engine.numba_engine - INFO -    Макс |z_score|: 15.2098
2026-01-19 09:16:35,374 - coint2.engine.numba_engine - INFO -    Позиций != 0: 30
2026-01-19 09:16:35,374 - coint2.engine.numba_engine - INFO -    Изменений позиций: 61
2026-01-19 09:16:35,374 - coint2.engine.numba_engine - INFO -    PnL сумма: 1.7220
2026-01-19 09:16:35,375 - coint2.engine.numba_engine - INFO -    Первые 10 z_scores: [-0.61579406  0.6302799   1.1688535   0.7469521  -0.72340673 -0.31277937
 -0.20099755  0.10098089  0.76779455  0.661367  ]
2026-01-19 09:16:35,375 - coint2.engine.numba_engine - INFO -    Превышают порог: 1496
2026-01-19 09:16:35,375 - coint2.engine.numba_engine - INFO - Запуск Numba-оптимизированного бэктеста для XECUSDT-ZILUSDT
2026-01-19 09:16:35,379 - coint2.engine.numba_engine - INFO - Запуск Numba-оптимизированного бэктеста для LUNCUSDC-RVNUSDT
2026-01-19 09:16:35,392 - coint2.engine.numba_engine - INFO - Запуск Numba-оптимизированного бэктеста для SCUSDT-ZILUSDT
2026-01-19 09:16:35,394 - coint2.engine.numba_engine - INFO - Запуск Numba-оптимизированного бэктеста для LTCBTC-XRPUSDT
2026-01-19 09:16:35,402 - coint2.engine.numba_engine - INFO - Запуск Numba-оптимизированного бэктеста для WAXPUSDT-ZILUSDT
2026-01-19 09:16:35,413 - coint2.engine.numba_engine - INFO - Запуск Numba-оптимизированного бэктеста для ALGOUSDT-USTCUSDT
2026-01-19 09:16:35,422 - coint2.engine.numba_engine - INFO - Запуск Numba-оптимизированного бэктеста для FORTUSDT-ICPUSDC
2026-01-19 09:16:35,438 - coint2.engine.numba_engine - INFO - Запуск Numba-оптимизированного бэктеста для ALGOBTC-XECUSDT
2026-01-19 09:16:35,439 - coint2.engine.numba_engine - INFO - Запуск Numba-оптимизированного бэктеста для SONUSDT-TAPUSDT
2026-01-19 09:16:35,447 - coint2.engine.numba_engine - INFO - Запуск Numba-оптимизированного бэктеста для PEOPLEUSDT-THETAUSDT
2026-01-19 09:16:35,458 - coint2.engine.numba_engine - INFO - Запуск Numba-оптимизированного бэктеста для MVUSDT-SUIUSDT
2026-01-19 09:16:35,465 - coint2.engine.numba_engine - INFO - Запуск Numba-оптимизированного бэктеста для ALGOUSDT-IMXUSDT
2026-01-19 09:16:35,481 - coint2.engine.numba_engine - INFO - Запуск Numba-оптимизированного бэктеста для OASUSDT-STGUSDT
2026-01-19 09:16:35,493 - coint2.engine.numba_engine - INFO - Запуск Numba-оптимизированного бэктеста для SUNUSDT-ZRXUSDT
2026-01-19 09:16:35,503 - coint2.engine.numba_engine - INFO - Запуск Numba-оптимизированного бэктеста для ROSEUSDT-WAXPUSDT
2026-01-19 09:16:35,511 - coint2.engine.numba_engine - INFO - Запуск Numba-оптимизированного бэктеста для MVUSDT-SUIUSDC
2026-01-19 09:16:35,525 - coint2.engine.numba_engine - INFO - Запуск Numba-оптимизированного бэктеста для RACAUSDT-VPADUSDT
2026-01-19 09:16:35,526 - coint2.engine.numba_engine - INFO - Запуск Numba-оптимизированного бэктеста для DAIUSDT-SOLOUSDT
2026-01-19 09:16:35,537 - coint2.engine.numba_engine - INFO - Запуск Numba-оптимизированного бэктеста для EVERUSDT-PSGUSDT
2026-01-19 09:16:35,549 - coint2.engine.numba_engine - INFO - Запуск Numba-оптимизированного бэктеста для SCUSDT-USTCUSDT
2026-01-19 09:16:35,561 - coint2.engine.numba_engine - INFO - Запуск Numba-оптимизированного бэктеста для DOGEUSDT-ETHWUSDT
2026-01-19 09:16:35,573 - coint2.engine.numba_engine - INFO - Запуск Numba-оптимизированного бэктеста для SONUSDT-TELUSDT
2026-01-19 09:16:35,584 - coint2.engine.numba_engine - INFO - Запуск Numba-оптимизированного бэктеста для DAIUSDT-LTCBTC
2026-01-19 09:16:35,607 - coint2.engine.numba_engine - INFO - Запуск Numba-оптимизированного бэктеста для ACSUSDT-MCRTUSDT
2026-01-19 09:16:35,629 - coint2.engine.numba_engine - INFO - Запуск Numba-оптимизированного бэктеста для SONUSDT-XRPBTC
2026-01-19 09:16:35,651 - coint2.engine.numba_engine - INFO - Запуск Numba-оптимизированного бэктеста для ALGOBTC-NFTUSDT
2026-01-19 09:16:35,705 - INFO -   ⏱️ Параллельная обработка завершена за 1.8с (138.8 пар/с)
2026-01-19 09:16:35,774 - coint2.pipeline.walk_forward_orchestrator - INFO - 🎯 СИМУЛЯЦИЯ ПОРТФЕЛЯ: 242 пар, лимит 15 позиций
2026-01-19 09:16:37,429 - coint2.pipeline.walk_forward_orchestrator - INFO -    📈 Макс. одновременных сигналов: 95
2026-01-19 09:16:37,429 - coint2.pipeline.walk_forward_orchestrator - INFO -    📊 Средн. сигналов за период: 3.2
2026-01-19 09:16:37,430 - coint2.pipeline.walk_forward_orchestrator - INFO -    🎯 Финальных активных позиций: 0
2026-01-19 09:16:37,431 - coint2.pipeline.walk_forward_orchestrator - INFO -    ⚡ Утилизация лимита позиций: 18.3%
2026-01-19 09:16:37,432 - WARNING -   ⚠️ Ошибка обработки пары RSS3USDT-XAVAUSDT: division by zero
2026-01-19 09:16:37,432 - WARNING -   ⚠️ Ошибка обработки пары ADAUSDC-CITYUSDT: division by zero
2026-01-19 09:16:37,432 - WARNING -   ⚠️ Ошибка обработки пары ARKMUSDT-CITYUSDT: division by zero
2026-01-19 09:16:37,432 - WARNING -   ⚠️ Ошибка обработки пары AFCUSDT-CITYUSDT: division by zero
2026-01-19 09:16:37,432 - INFO - ⇠ WF-шаг 1/5 backtests — completed 246 items in 3.50s (70.3 items/s)
2026-01-19 09:16:37,432 - INFO -   ✅ Обработка завершена: 242 успешно, 4 с ошибками
2026-01-19 09:16:37,432 - INFO -   📊 Успешность: 98.4%, прибыльность: 66.1%, сделок/пара: 18.8
2026-01-19 09:16:37,432 - INFO -   ✅ Завершены бэктесты для 246 пар
2026-01-19 09:16:37,432 - INFO -   📊 Всего обработано пар в этом шаге: 246
2026-01-19 09:16:37,432 - INFO -   📈 Результаты шага: 160/246 прибыльных пар, 4554 сделок
2026-01-19 09:16:37,432 - INFO -   💰 P&L шага: $+467.19
2026-01-19 09:16:37,432 - INFO -   ⇢ Обновление капитала и дневного P&L...
2026-01-19 09:16:39,073 - INFO -   💼 Шаг P&L: $+467.19, Накопленный капитал: $10,467.19
2026-01-19 09:16:39,073 - INFO - ------------------------------------------------------------
2026-01-19 09:16:39,073 - INFO -   Walk-forward steps: 1 / 5 (20.0%) | 0.0 items/s | ETA: 799.9s
2026-01-19 09:16:39,073 - INFO - 🔍 WF-шаг 2/5: Валидация временных окон...
2026-01-19 09:16:39,074 - INFO - ⇢ WF-шаг 2/5: training 2023-09-01-2023-10-30, testing 2023-10-31-2023-11-30 — start
2026-01-19 09:16:39,074 - INFO - ⇢ loading step data — start
2026-01-19 09:16:39,254 - INFO - ⇠ loading step data — done in 0.18s
2026-01-19 09:16:40,461 - INFO - 📊 WF-шаг 2/5: Границы данных:
2026-01-19 09:16:40,461 - INFO -    Training: 2023-09-01 00:00:00 → 2023-10-30 23:45:00 (5,760 строк × 292 символов)
2026-01-19 09:16:40,461 - INFO -    Testing:  2023-10-31 00:00:00 → 2023-11-30 00:00:00 (2,881 строк × 292 символов)
2026-01-19 09:16:40,461 - INFO -    Временной разрыв: 0 days 00:15:00
2026-01-19 09:16:40,499 - INFO - ⇢ normalizing training data — start
2026-01-19 09:16:40,532 - INFO -   Символы с NaN значениями: 26
2026-01-19 09:16:40,532 - INFO -   Применяем метод нормализации: rolling_zscore
2026-01-19 09:16:40,546 - INFO - Символы с недостаточной историей: 17 из 292
2026-01-19 09:16:40,941 - INFO - Символы с NaN после нормализации: 275
2026-01-19 09:16:40,947 - INFO - Удалено 617 начальных строк с NaN от rolling расчетов
2026-01-19 09:16:40,949 - INFO - Итоговое количество символов после нормализации: 275 из 292
2026-01-19 09:16:40,949 - INFO -   Статистика нормализации:
2026-01-19 09:16:40,949 - INFO -     Исходные символы: 292
2026-01-19 09:16:40,949 - INFO -     Недостаточная история: 17
2026-01-19 09:16:40,949 - INFO -     Постоянная цена: 0
2026-01-19 09:16:40,949 - INFO -     NaN после нормализации: 275
2026-01-19 09:16:40,949 - INFO -     Итоговые символы: 275 (94.2%)
2026-01-19 09:16:40,949 - INFO -   После нормализации: 275 символов (потеряно 17)
2026-01-19 09:16:40,949 - INFO -   Отброшенные символы: BEAMUSDT, FETUSDT, FLIPUSDT, JEFFUSDT, MEMEUSDT, POLUSDT, PPTUSDT, PYTHUSDT, PYUSDUSDT, ROOTUSDT, RPKUSDT, SHRAPUSDT, TIAUSDT, TOKENUSDT, TUSDUSDT, VRTXUSDT, ZTXUSDT
2026-01-19 09:16:40,949 - INFO - ⇠ normalizing training data — done in 0.45s
2026-01-19 09:16:40,951 - INFO - ⇢ SSD computation — start
2026-01-19 09:16:40,951 - INFO -   Расчет SSD для всех пар (без ограничения)
2026-01-19 09:16:43,087 - INFO -   SSD результат (все пары): 37675 пар
2026-01-19 09:16:43,087 - INFO - ⇠ SSD computation — done in 2.14s
2026-01-19 09:16:43,097 - INFO - ⇢ filtering pairs by cointegration and half-life — start
2026-01-19 09:16:43,098 - INFO - [ФИЛЬТР] Параллельная фильтрация: processes (8 workers)
⚙️  Загрузка данных за период: 2023-09-01 -> 2023-11-30
📂 Найдено 43 parquet файлов для обработки.
📊 Схема данных: Schema({'timestamp': Int64, 'open': Float64, 'high': Float64, 'low': Float64, 'close': Float64, 'volume': Float64, 'turnover': String, 'ts_ms': Int64, 'symbol': String})
✅ Загружено 2420293 записей с помощью Polars.
📊 Типы данных в pandas: timestamp       datetime64[us]
symbol                  object
close                  float64
timestamp_ms             int64
dtype: object
2026-01-19 09:19:01,966 - INFO - [ФИЛЬТР] После проверки данных: 37675 пар
2026-01-19 09:19:01,966 - INFO - [ФИЛЬТР] После фильтра корреляции (>0.5): 14678 пар
2026-01-19 09:19:01,966 - INFO - [ФИЛЬТР] После фильтра beta: 9885 пар
2026-01-19 09:19:01,966 - INFO - [ФИЛЬТР] После фильтра mean crossings: 9885 пар
2026-01-19 09:19:01,966 - INFO - [ФИЛЬТР] После фильтра half-life: 9828 пар
2026-01-19 09:19:01,966 - INFO - [ФИЛЬТР] После фильтра коинтеграции: 4311 пар
2026-01-19 09:19:01,966 - INFO - [ФИЛЬТР] После фильтра Hurst: 3300 пар
2026-01-19 09:19:01,966 - INFO - [ФИЛЬТР] После фильтра KPSS: 133 пар
2026-01-19 09:19:01,966 - INFO - [ФИЛЬТР] После фильтра market microstructure: 133 пар
2026-01-19 09:19:01,966 - INFO - [ФИЛЬТР] Статистика фильтрации (оптимизированный порядок):
2026-01-19 09:19:01,966 - INFO -   1. SSD → Коинтеграция: 37675 → 4311 пар
2026-01-19 09:19:01,966 - INFO -   2. Коинтеграция → Beta: 4311 → 9885 пар
2026-01-19 09:19:01,966 - INFO -   3. Beta → Half-life: 9885 → 9828 пар
2026-01-19 09:19:01,966 - INFO -   4. Half-life → Mean crossings: 9828 → 9885 пар
2026-01-19 09:19:01,967 - INFO -   5. Mean crossings → Hurst: 9885 → 3300 пар
2026-01-19 09:19:01,967 - INFO -   6. Hurst → KPSS: 3300 → 133 пар
2026-01-19 09:19:01,967 - INFO -   7. KPSS → Market microstructure: 133 → 133 пар
2026-01-19 09:19:01,967 - INFO - [ФИЛЬТР] Причины отсева:
2026-01-19 09:19:01,967 - INFO -   • low_correlation: 22997 пар (61.0%)
2026-01-19 09:19:01,967 - INFO -   • pvalue: 5517 пар (14.6%)
2026-01-19 09:19:01,967 - INFO -   • beta: 4793 пар (12.7%)
2026-01-19 09:19:01,967 - INFO -   • kpss: 3167 пар (8.4%)
2026-01-19 09:19:01,967 - INFO -   • hurst: 1011 пар (2.7%)
2026-01-19 09:19:01,967 - INFO -   • half_life: 57 пар (0.2%)
2026-01-19 09:19:01,967 - INFO - [ФИЛЬТР] Итого: 37675 → 133 пар (0.4% прошли все фильтры)
2026-01-19 09:19:02,082 - INFO - Причины отсева сохранены в results/filter_reasons_20260119_091901.csv
2026-01-19 09:19:02,091 - INFO -   Pair stability filter: 133 → 5 (window=1, min_steps=1, history=1)
2026-01-19 09:19:02,092 - INFO -   Фильтрация: 37675 → 5 пар
2026-01-19 09:19:02,092 - INFO - ⇠ filtering pairs by cointegration and half-life — done in 138.99s
2026-01-19 09:19:02,092 - INFO - ⇠ WF-шаг 2/5: training 2023-09-01-2023-10-30, testing 2023-10-31-2023-11-30 — done in 143.02s
2026-01-19 09:19:02,095 - INFO -   Топ-3 пары по волатильности спреда:
2026-01-19 09:19:02,095 - INFO -     1. CRVUSDT-PIPUSDT: beta=2.8441, std=0.0237
2026-01-19 09:19:02,095 - INFO -     2. MVUSDT-SUIUSDT: beta=0.0427, std=0.0011
2026-01-19 09:19:02,095 - INFO -     3. MVUSDT-SUIUSDC: beta=0.0428, std=0.0011
2026-01-19 09:19:02,095 - INFO -   Всего пар для торговли: 5 (ограничение 15 применяется к одновременно открытым позициям)
2026-01-19 09:19:02,096 - INFO -   💰 Проверка расчета капитала: equity=$10,467.19, кандидатных_пар=5, max_позиций=15
2026-01-19 09:19:02,096 - INFO -   🎯 Target concurrency: 5 (ожидаемое одновременное число позиций)
2026-01-19 09:19:02,096 - INFO -   📊 Детали расчета капитала:
2026-01-19 09:19:02,096 - INFO -      • Базовый капитал на пару: $2,093.44 (equity / target_concurrency)
2026-01-19 09:19:02,096 - INFO -      • Риск-капитал: $157.01 (1.5% от equity)
2026-01-19 09:19:02,096 - INFO -      • Макс. размер позиции: $209.34 (2.0% от equity)
2026-01-19 09:19:02,096 - INFO -      • Итоговый капитал на пару: $157.01
2026-01-19 09:19:02,096 - INFO - ⇢ WF-шаг 2/5 backtests — starting 5 items
2026-01-19 09:19:02,096 - INFO - 🚀 WF-шаг 2/5: Начинаем бэктесты для 5 пар...
2026-01-19 09:19:02,096 - INFO - 🚀 WF-шаг 2/5: Запускаем параллельную обработку 5 пар на 8 ядрах...
2026-01-19 09:19:02,096 - INFO - 🚀 WF-шаг 2/5: Режим параллельности: процессы
2026-01-19 09:19:02,224 - coint2.engine.numba_engine - INFO - Запуск Numba-оптимизированного бэктеста для CRVUSDT-PIPUSDT
2026-01-19 09:19:02,238 - coint2.engine.numba_engine - INFO - Запуск Numba-оптимизированного бэктеста для MVUSDT-SUIUSDT
2026-01-19 09:19:02,278 - coint2.engine.numba_engine - INFO - Запуск Numba-оптимизированного бэктеста для MVUSDT-SUIUSDC
2026-01-19 09:19:02,332 - coint2.engine.numba_engine - INFO - Запуск Numba-оптимизированного бэктеста для LUNCUSDC-RVNUSDT
2026-01-19 09:19:02,373 - coint2.engine.numba_engine - INFO - Запуск Numba-оптимизированного бэктеста для LUNCUSDT-RVNUSDT
2026-01-19 09:19:02,587 - INFO -   ⏱️ Параллельная обработка завершена за 0.5с (10.2 пар/с)
2026-01-19 09:19:02,610 - coint2.pipeline.walk_forward_orchestrator - INFO - 🎯 СИМУЛЯЦИЯ ПОРТФЕЛЯ: 5 пар, лимит 15 позиций
2026-01-19 09:19:03,255 - coint2.pipeline.walk_forward_orchestrator - INFO -    📈 Макс. одновременных сигналов: 3
2026-01-19 09:19:03,255 - coint2.pipeline.walk_forward_orchestrator - INFO -    📊 Средн. сигналов за период: 0.1
2026-01-19 09:19:03,255 - coint2.pipeline.walk_forward_orchestrator - INFO -    🎯 Финальных активных позиций: 0
2026-01-19 09:19:03,256 - coint2.pipeline.walk_forward_orchestrator - INFO -    ⚡ Утилизация лимита позиций: 0.4%
2026-01-19 09:19:03,257 - INFO - ⇠ WF-шаг 2/5 backtests — completed 5 items in 1.16s (4.3 items/s)
2026-01-19 09:19:03,257 - INFO -   ✅ Обработка завершена: 5 успешно, 0 с ошибками
2026-01-19 09:19:03,257 - INFO -   📊 Успешность: 100.0%, прибыльность: 60.0%, сделок/пара: 15.2
2026-01-19 09:19:03,257 - INFO -   ✅ Завершены бэктесты для 5 пар
2026-01-19 09:19:03,257 - INFO -   📊 Всего обработано пар в этом шаге: 5
2026-01-19 09:19:03,257 - INFO -   📈 Результаты шага: 3/5 прибыльных пар, 76 сделок
2026-01-19 09:19:03,257 - INFO -   💰 P&L шага: $+46.12
2026-01-19 09:19:03,257 - INFO -   ⇢ Обновление капитала и дневного P&L...
2026-01-19 09:19:04,674 - INFO -   💼 Шаг P&L: $+46.12, Накопленный капитал: $10,513.31
2026-01-19 09:19:04,674 - INFO - ------------------------------------------------------------
2026-01-19 09:19:04,674 - INFO -   Walk-forward steps: 2 / 5 (40.0%) | 0.0 items/s | ETA: 518.4s
2026-01-19 09:19:04,674 - INFO - 🔍 WF-шаг 3/5: Валидация временных окон...
2026-01-19 09:19:04,675 - INFO - ⇢ WF-шаг 3/5: training 2023-10-01-2023-11-29, testing 2023-11-30-2023-12-30 — start
2026-01-19 09:19:04,675 - INFO - ⇢ loading step data — start
2026-01-19 09:19:04,863 - INFO - ⇠ loading step data — done in 0.19s
2026-01-19 09:19:06,397 - INFO - 📊 WF-шаг 3/5: Границы данных:
2026-01-19 09:19:06,397 - INFO -    Training: 2023-10-01 00:00:00 → 2023-11-29 23:45:00 (5,760 строк × 309 символов)
2026-01-19 09:19:06,397 - INFO -    Testing:  2023-11-30 00:00:00 → 2023-12-30 00:00:00 (2,881 строк × 309 символов)
2026-01-19 09:19:06,398 - INFO -    Временной разрыв: 0 days 00:15:00
2026-01-19 09:19:06,440 - INFO - ⇢ normalizing training data — start
2026-01-19 09:19:06,476 - INFO -   Символы с NaN значениями: 33
2026-01-19 09:19:06,476 - INFO -   Применяем метод нормализации: rolling_zscore
2026-01-19 09:19:06,492 - INFO - Символы с недостаточной историей: 32 из 309
2026-01-19 09:19:07,018 - INFO - Символы с NaN после нормализации: 277
2026-01-19 09:19:07,024 - INFO - Удалено 233 начальных строк с NaN от rolling расчетов
2026-01-19 09:19:07,026 - INFO - Итоговое количество символов после нормализации: 277 из 309
2026-01-19 09:19:07,027 - INFO -   Статистика нормализации:
2026-01-19 09:19:07,027 - INFO -     Исходные символы: 309
2026-01-19 09:19:07,027 - INFO -     Недостаточная история: 32
2026-01-19 09:19:07,027 - INFO -     Постоянная цена: 0
2026-01-19 09:19:07,027 - INFO -     NaN после нормализации: 277
2026-01-19 09:19:07,027 - INFO -     Итоговые символы: 277 (89.6%)
2026-01-19 09:19:07,027 - INFO -   После нормализации: 277 символов (потеряно 32)
2026-01-19 09:19:07,027 - INFO -   Отброшено много символов: 32 из 309
2026-01-19 09:19:07,027 - INFO - ⇠ normalizing training data — done in 0.59s
2026-01-19 09:19:07,029 - INFO - ⇢ SSD computation — start
2026-01-19 09:19:07,029 - INFO -   Расчет SSD для всех пар (без ограничения)
2026-01-19 09:19:09,288 - INFO -   SSD результат (все пары): 38226 пар
2026-01-19 09:19:09,288 - INFO - ⇠ SSD computation — done in 2.26s
2026-01-19 09:19:09,299 - INFO - ⇢ filtering pairs by cointegration and half-life — start
2026-01-19 09:19:09,299 - INFO - [ФИЛЬТР] Параллельная фильтрация: processes (8 workers)
⚙️  Загрузка данных за период: 2023-10-01 -> 2023-12-30
📂 Найдено 43 parquet файлов для обработки.
📊 Схема данных: Schema({'timestamp': Int64, 'open': Float64, 'high': Float64, 'low': Float64, 'close': Float64, 'volume': Float64, 'turnover': String, 'ts_ms': Int64, 'symbol': String})
✅ Загружено 2499894 записей с помощью Polars.
📊 Типы данных в pandas: timestamp       datetime64[us]
symbol                  object
close                  float64
timestamp_ms             int64
dtype: object
2026-01-19 09:22:05,073 - INFO - [ФИЛЬТР] После проверки данных: 38226 пар
2026-01-19 09:22:05,073 - INFO - [ФИЛЬТР] После фильтра корреляции (>0.5): 26943 пар
2026-01-19 09:22:05,073 - INFO - [ФИЛЬТР] После фильтра beta: 18687 пар
2026-01-19 09:22:05,073 - INFO - [ФИЛЬТР] После фильтра mean crossings: 18687 пар
2026-01-19 09:22:05,073 - INFO - [ФИЛЬТР] После фильтра half-life: 18571 пар
2026-01-19 09:22:05,073 - INFO - [ФИЛЬТР] После фильтра коинтеграции: 4820 пар
2026-01-19 09:22:05,073 - INFO - [ФИЛЬТР] После фильтра Hurst: 2820 пар
2026-01-19 09:22:05,074 - INFO - [ФИЛЬТР] После фильтра KPSS: 188 пар
2026-01-19 09:22:05,074 - INFO - [ФИЛЬТР] После фильтра market microstructure: 188 пар
2026-01-19 09:22:05,074 - INFO - [ФИЛЬТР] Статистика фильтрации (оптимизированный порядок):
2026-01-19 09:22:05,074 - INFO -   1. SSD → Коинтеграция: 38226 → 4820 пар
2026-01-19 09:22:05,074 - INFO -   2. Коинтеграция → Beta: 4820 → 18687 пар
2026-01-19 09:22:05,074 - INFO -   3. Beta → Half-life: 18687 → 18571 пар
2026-01-19 09:22:05,074 - INFO -   4. Half-life → Mean crossings: 18571 → 18687 пар
2026-01-19 09:22:05,074 - INFO -   5. Mean crossings → Hurst: 18687 → 2820 пар
2026-01-19 09:22:05,074 - INFO -   6. Hurst → KPSS: 2820 → 188 пар
2026-01-19 09:22:05,074 - INFO -   7. KPSS → Market microstructure: 188 → 188 пар
2026-01-19 09:22:05,074 - INFO - [ФИЛЬТР] Причины отсева:
2026-01-19 09:22:05,074 - INFO -   • pvalue: 13751 пар (36.0%)
2026-01-19 09:22:05,074 - INFO -   • low_correlation: 11283 пар (29.5%)
2026-01-19 09:22:05,078 - INFO -   • beta: 8256 пар (21.6%)
2026-01-19 09:22:05,078 - INFO -   • kpss: 2632 пар (6.9%)
2026-01-19 09:22:05,078 - INFO -   • hurst: 2000 пар (5.2%)
2026-01-19 09:22:05,078 - INFO -   • half_life: 116 пар (0.3%)
2026-01-19 09:22:05,078 - INFO - [ФИЛЬТР] Итого: 38226 → 188 пар (0.5% прошли все фильтры)
2026-01-19 09:22:05,191 - INFO - Причины отсева сохранены в results/filter_reasons_20260119_092205.csv
2026-01-19 09:22:05,204 - INFO -   Pair stability filter: 188 → 5 (window=1, min_steps=1, history=2)
2026-01-19 09:22:05,204 - INFO -   Фильтрация: 38226 → 5 пар
2026-01-19 09:22:05,204 - INFO - ⇠ filtering pairs by cointegration and half-life — done in 175.91s
2026-01-19 09:22:05,204 - INFO - ⇠ WF-шаг 3/5: training 2023-10-01-2023-11-29, testing 2023-11-30-2023-12-30 — done in 180.53s
2026-01-19 09:22:05,204 - INFO -   Топ-3 пары по волатильности спреда:
2026-01-19 09:22:05,205 - INFO -     1. AVAUSDT-ENJUSDT: beta=1.0903, std=0.0150
2026-01-19 09:22:05,205 - INFO -     2. AVAUSDT-LRCUSDT: beta=1.7007, std=0.0111
2026-01-19 09:22:05,205 - INFO -     3. MVUSDT-STGUSDT: beta=0.0686, std=0.0030
2026-01-19 09:22:05,205 - INFO -   Всего пар для торговли: 5 (ограничение 15 применяется к одновременно открытым позициям)
2026-01-19 09:22:05,205 - INFO -   💰 Проверка расчета капитала: equity=$10,513.31, кандидатных_пар=5, max_позиций=15
2026-01-19 09:22:05,205 - INFO -   🎯 Target concurrency: 5 (ожидаемое одновременное число позиций)
2026-01-19 09:22:05,205 - INFO -   📊 Детали расчета капитала:
2026-01-19 09:22:05,205 - INFO -      • Базовый капитал на пару: $2,102.66 (equity / target_concurrency)
2026-01-19 09:22:05,205 - INFO -      • Риск-капитал: $157.70 (1.5% от equity)
2026-01-19 09:22:05,205 - INFO -      • Макс. размер позиции: $210.27 (2.0% от equity)
2026-01-19 09:22:05,205 - INFO -      • Итоговый капитал на пару: $157.70
2026-01-19 09:22:05,205 - INFO - ⇢ WF-шаг 3/5 backtests — starting 5 items
2026-01-19 09:22:05,205 - INFO - 🚀 WF-шаг 3/5: Начинаем бэктесты для 5 пар...
2026-01-19 09:22:05,206 - INFO - 🚀 WF-шаг 3/5: Запускаем параллельную обработку 5 пар на 8 ядрах...
2026-01-19 09:22:05,206 - INFO - 🚀 WF-шаг 3/5: Режим параллельности: процессы
2026-01-19 09:22:05,310 - coint2.engine.numba_engine - INFO - Запуск Numba-оптимизированного бэктеста для AVAUSDT-ENJUSDT
2026-01-19 09:22:05,348 - coint2.engine.numba_engine - INFO - Запуск Numba-оптимизированного бэктеста для AVAUSDT-LRCUSDT
2026-01-19 09:22:05,388 - coint2.engine.numba_engine - INFO - Запуск Numba-оптимизированного бэктеста для MVUSDT-STGUSDT
2026-01-19 09:22:05,429 - coint2.engine.numba_engine - INFO - Запуск Numba-оптимизированного бэктеста для DOGEEUR-WAVESUSDT
2026-01-19 09:22:05,471 - coint2.engine.numba_engine - INFO - Запуск Numba-оптимизированного бэктеста для IZIUSDT-NEXOUSDT
2026-01-19 09:22:05,675 - INFO -   ⏱️ Параллельная обработка завершена за 0.5с (10.6 пар/с)
2026-01-19 09:22:05,684 - coint2.pipeline.walk_forward_orchestrator - INFO - 🎯 СИМУЛЯЦИЯ ПОРТФЕЛЯ: 5 пар, лимит 15 позиций
2026-01-19 09:22:06,350 - coint2.pipeline.walk_forward_orchestrator - INFO -    📈 Макс. одновременных сигналов: 3
2026-01-19 09:22:06,351 - coint2.pipeline.walk_forward_orchestrator - INFO -    📊 Средн. сигналов за период: 0.1
2026-01-19 09:22:06,351 - coint2.pipeline.walk_forward_orchestrator - INFO -    🎯 Финальных активных позиций: 0
2026-01-19 09:22:06,352 - coint2.pipeline.walk_forward_orchestrator - INFO -    ⚡ Утилизация лимита позиций: 0.4%
2026-01-19 09:22:06,352 - INFO - ⇠ WF-шаг 3/5 backtests — completed 5 items in 1.15s (4.4 items/s)
2026-01-19 09:22:06,352 - INFO -   ✅ Обработка завершена: 5 успешно, 0 с ошибками
2026-01-19 09:22:06,352 - INFO -   📊 Успешность: 100.0%, прибыльность: 80.0%, сделок/пара: 16.4
2026-01-19 09:22:06,353 - INFO -   ✅ Завершены бэктесты для 5 пар
2026-01-19 09:22:06,353 - INFO -   📊 Всего обработано пар в этом шаге: 5
2026-01-19 09:22:06,353 - INFO -   📈 Результаты шага: 4/5 прибыльных пар, 82 сделок
2026-01-19 09:22:06,353 - INFO -   💰 P&L шага: $+61.22
2026-01-19 09:22:06,353 - INFO -   ⇢ Обновление капитала и дневного P&L...
2026-01-19 09:22:07,785 - INFO -   💼 Шаг P&L: $+61.22, Накопленный капитал: $10,574.52
2026-01-19 09:22:07,786 - INFO - ------------------------------------------------------------
2026-01-19 09:22:07,786 - INFO -   Walk-forward steps: 3 / 5 (60.0%) | 0.0 items/s | ETA: 352.5s
2026-01-19 09:22:07,786 - INFO - 🔍 WF-шаг 4/5: Валидация временных окон...
2026-01-19 09:22:07,786 - INFO - ⇢ WF-шаг 4/5: training 2023-10-31-2023-12-29, testing 2023-12-30-2024-01-29 — start
2026-01-19 09:22:07,786 - INFO - ⇢ loading step data — start
2026-01-19 09:22:07,992 - INFO - ⇠ loading step data — done in 0.21s
2026-01-19 09:22:09,428 - INFO - 📊 WF-шаг 4/5: Границы данных:
2026-01-19 09:22:09,428 - INFO -    Training: 2023-10-31 00:00:00 → 2023-12-29 23:45:00 (5,760 строк × 327 символов)
2026-01-19 09:22:09,428 - INFO -    Testing:  2023-12-30 00:00:00 → 2024-01-29 00:00:00 (2,881 строк × 327 символов)
2026-01-19 09:22:09,428 - INFO -    Временной разрыв: 0 days 00:15:00
2026-01-19 09:22:09,480 - INFO - ⇢ normalizing training data — start
2026-01-19 09:22:09,516 - INFO -   Символы с NaN значениями: 45
2026-01-19 09:22:09,516 - INFO -   Применяем метод нормализации: rolling_zscore
2026-01-19 09:22:09,531 - INFO - Символы с недостаточной историей: 40 из 327
2026-01-19 09:22:09,931 - INFO - Символы с NaN после нормализации: 287
2026-01-19 09:22:09,938 - INFO - Удалено 809 начальных строк с NaN от rolling расчетов
2026-01-19 09:22:09,940 - INFO - Итоговое количество символов после нормализации: 287 из 327
2026-01-19 09:22:09,940 - INFO -   Статистика нормализации:
2026-01-19 09:22:09,940 - INFO -     Исходные символы: 327
2026-01-19 09:22:09,940 - INFO -     Недостаточная история: 40
2026-01-19 09:22:09,940 - INFO -     Постоянная цена: 0
2026-01-19 09:22:09,940 - INFO -     NaN после нормализации: 287
2026-01-19 09:22:09,940 - INFO -     Итоговые символы: 287 (87.8%)
2026-01-19 09:22:09,940 - INFO -   После нормализации: 287 символов (потеряно 40)
2026-01-19 09:22:09,940 - INFO -   Отброшено много символов: 40 из 327
2026-01-19 09:22:09,940 - INFO - ⇠ normalizing training data — done in 0.46s
2026-01-19 09:22:09,942 - INFO - ⇢ SSD computation — start
2026-01-19 09:22:09,942 - INFO -   Расчет SSD для всех пар (без ограничения)
2026-01-19 09:22:12,129 - INFO -   SSD результат (все пары): 41041 пар
2026-01-19 09:22:12,130 - INFO - ⇠ SSD computation — done in 2.19s
2026-01-19 09:22:12,141 - INFO - ⇢ filtering pairs by cointegration and half-life — start
2026-01-19 09:22:12,141 - INFO - [ФИЛЬТР] Параллельная фильтрация: processes (8 workers)
⚙️  Загрузка данных за период: 2023-10-31 -> 2024-01-29
📂 Найдено 43 parquet файлов для обработки.
📊 Схема данных: Schema({'timestamp': Int64, 'open': Float64, 'high': Float64, 'low': Float64, 'close': Float64, 'volume': Float64, 'turnover': String, 'ts_ms': Int64, 'symbol': String})
✅ Загружено 2615053 записей с помощью Polars.
📊 Типы данных в pandas: timestamp       datetime64[us]
symbol                  object
close                  float64
timestamp_ms             int64
dtype: object
2026-01-19 09:25:02,000 - INFO - [ФИЛЬТР] После проверки данных: 41041 пар
2026-01-19 09:25:02,000 - INFO - [ФИЛЬТР] После фильтра корреляции (>0.5): 24366 пар
2026-01-19 09:25:02,000 - INFO - [ФИЛЬТР] После фильтра beta: 16544 пар
2026-01-19 09:25:02,000 - INFO - [ФИЛЬТР] После фильтра mean crossings: 16544 пар
2026-01-19 09:25:02,000 - INFO - [ФИЛЬТР] После фильтра half-life: 16464 пар
2026-01-19 09:25:02,000 - INFO - [ФИЛЬТР] После фильтра коинтеграции: 4223 пар
2026-01-19 09:25:02,000 - INFO - [ФИЛЬТР] После фильтра Hurst: 2842 пар
2026-01-19 09:25:02,000 - INFO - [ФИЛЬТР] После фильтра KPSS: 160 пар
2026-01-19 09:25:02,001 - INFO - [ФИЛЬТР] После фильтра market microstructure: 160 пар
2026-01-19 09:25:02,001 - INFO - [ФИЛЬТР] Статистика фильтрации (оптимизированный порядок):
2026-01-19 09:25:02,001 - INFO -   1. SSD → Коинтеграция: 41041 → 4223 пар
2026-01-19 09:25:02,001 - INFO -   2. Коинтеграция → Beta: 4223 → 16544 пар
2026-01-19 09:25:02,001 - INFO -   3. Beta → Half-life: 16544 → 16464 пар
2026-01-19 09:25:02,001 - INFO -   4. Half-life → Mean crossings: 16464 → 16544 пар
2026-01-19 09:25:02,001 - INFO -   5. Mean crossings → Hurst: 16544 → 2842 пар
2026-01-19 09:25:02,001 - INFO -   6. Hurst → KPSS: 2842 → 160 пар
2026-01-19 09:25:02,001 - INFO -   7. KPSS → Market microstructure: 160 → 160 пар
2026-01-19 09:25:02,001 - INFO - [ФИЛЬТР] Причины отсева:
2026-01-19 09:25:02,001 - INFO -   • low_correlation: 16675 пар (40.6%)
2026-01-19 09:25:02,001 - INFO -   • pvalue: 12241 пар (29.8%)
2026-01-19 09:25:02,001 - INFO -   • beta: 7822 пар (19.1%)
2026-01-19 09:25:02,001 - INFO -   • kpss: 2682 пар (6.5%)
2026-01-19 09:25:02,001 - INFO -   • hurst: 1381 пар (3.4%)
2026-01-19 09:25:02,001 - INFO -   • half_life: 80 пар (0.2%)
2026-01-19 09:25:02,001 - INFO - [ФИЛЬТР] Итого: 41041 → 160 пар (0.4% прошли все фильтры)
2026-01-19 09:25:02,062 - INFO - Причины отсева сохранены в results/filter_reasons_20260119_092502.csv
2026-01-19 09:25:02,070 - INFO -   Pair stability filter: 160 → 7 (window=1, min_steps=1, history=3)
2026-01-19 09:25:02,070 - INFO -   Фильтрация: 41041 → 7 пар
2026-01-19 09:25:02,070 - INFO - ⇠ filtering pairs by cointegration and half-life — done in 169.93s
2026-01-19 09:25:02,070 - INFO - ⇠ WF-шаг 4/5: training 2023-10-31-2023-12-29, testing 2023-12-30-2024-01-29 — done in 174.28s
2026-01-19 09:25:02,070 - INFO -   Топ-3 пары по волатильности спреда:
2026-01-19 09:25:02,070 - INFO -     1. AAVEUSDT-BTCDAI: beta=0.0012, std=5.4138
2026-01-19 09:25:02,070 - INFO -     2. AAVEUSDT-WBTCUSDT: beta=0.0012, std=5.4064
2026-01-19 09:25:02,070 - INFO -     3. 1INCHUSDT-NYMUSDT: beta=1.8065, std=0.0192
2026-01-19 09:25:02,070 - INFO -   Всего пар для торговли: 7 (ограничение 15 применяется к одновременно открытым позициям)
2026-01-19 09:25:02,071 - INFO -   💰 Проверка расчета капитала: equity=$10,574.52, кандидатных_пар=7, max_позиций=15
2026-01-19 09:25:02,071 - INFO -   🎯 Target concurrency: 7 (ожидаемое одновременное число позиций)
2026-01-19 09:25:02,071 - INFO -   📊 Детали расчета капитала:
2026-01-19 09:25:02,071 - INFO -      • Базовый капитал на пару: $1,510.65 (equity / target_concurrency)
2026-01-19 09:25:02,071 - INFO -      • Риск-капитал: $158.62 (1.5% от equity)
2026-01-19 09:25:02,071 - INFO -      • Макс. размер позиции: $211.49 (2.0% от equity)
2026-01-19 09:25:02,071 - INFO -      • Итоговый капитал на пару: $158.62
2026-01-19 09:25:02,071 - INFO - ⇢ WF-шаг 4/5 backtests — starting 7 items
2026-01-19 09:25:02,071 - INFO - 🚀 WF-шаг 4/5: Начинаем бэктесты для 7 пар...
2026-01-19 09:25:02,071 - INFO - 🚀 WF-шаг 4/5: Запускаем параллельную обработку 7 пар на 8 ядрах...
2026-01-19 09:25:02,071 - INFO - 🚀 WF-шаг 4/5: Режим параллельности: процессы
2026-01-19 09:25:02,127 - coint2.engine.numba_engine - INFO - Запуск Numba-оптимизированного бэктеста для AAVEUSDT-BTCDAI
2026-01-19 09:25:02,157 - coint2.engine.numba_engine - INFO - Запуск Numba-оптимизированного бэктеста для AAVEUSDT-WBTCUSDT
2026-01-19 09:25:02,196 - WARNING - ❌ Ошибка обработки пары AAVEUSDT-BTCDAI: division by zero
2026-01-19 09:25:02,208 - coint2.engine.numba_engine - INFO - Запуск Numba-оптимизированного бэктеста для 1INCHUSDT-NYMUSDT
2026-01-19 09:25:02,220 - coint2.engine.numba_engine - INFO - Запуск Numba-оптимизированного бэктеста для IDUSDT-LRCUSDT
2026-01-19 09:25:02,284 - coint2.engine.numba_engine - INFO - Запуск Numba-оптимизированного бэктеста для ICXUSDT-PENDLEUSDT
2026-01-19 09:25:02,320 - coint2.engine.numba_engine - INFO - Запуск Numba-оптимизированного бэктеста для CHRPUSDT-GRTUSDT
2026-01-19 09:25:02,360 - coint2.engine.numba_engine - INFO - Запуск Numba-оптимизированного бэктеста для CHRPUSDT-NEXOUSDT
2026-01-19 09:25:02,466 - INFO -   ⏱️ Параллельная обработка завершена за 0.4с (17.7 пар/с)
2026-01-19 09:25:02,471 - coint2.pipeline.walk_forward_orchestrator - INFO - 🎯 СИМУЛЯЦИЯ ПОРТФЕЛЯ: 6 пар, лимит 15 позиций
2026-01-19 09:25:02,789 - coint2.pipeline.walk_forward_orchestrator - INFO -    📈 Макс. одновременных сигналов: 3
2026-01-19 09:25:02,790 - coint2.pipeline.walk_forward_orchestrator - INFO -    📊 Средн. сигналов за период: 0.1
2026-01-19 09:25:02,790 - coint2.pipeline.walk_forward_orchestrator - INFO -    🎯 Финальных активных позиций: 0
2026-01-19 09:25:02,791 - coint2.pipeline.walk_forward_orchestrator - INFO -    ⚡ Утилизация лимита позиций: 0.5%
2026-01-19 09:25:02,791 - WARNING -   ⚠️ Ошибка обработки пары AAVEUSDT-BTCDAI: division by zero
2026-01-19 09:25:02,791 - INFO -   WF-шаг 4/5 backtests: 1 / 7 (14.3%) | 1.4 items/s | ETA: 4.3s
2026-01-19 09:25:02,791 - INFO - ⇠ WF-шаг 4/5 backtests — completed 7 items in 0.72s (9.7 items/s)
2026-01-19 09:25:02,791 - INFO -   ✅ Обработка завершена: 6 успешно, 1 с ошибками
2026-01-19 09:25:02,791 - INFO -   📊 Успешность: 85.7%, прибыльность: 83.3%, сделок/пара: 18.3
2026-01-19 09:25:02,791 - INFO -   ✅ Завершены бэктесты для 7 пар
2026-01-19 09:25:02,792 - INFO -   📊 Всего обработано пар в этом шаге: 7
2026-01-19 09:25:02,792 - INFO -   📈 Результаты шага: 5/7 прибыльных пар, 110 сделок
2026-01-19 09:25:02,792 - INFO -   💰 P&L шага: $+3.20
2026-01-19 09:25:02,792 - INFO -   ⇢ Обновление капитала и дневного P&L...
2026-01-19 09:25:04,294 - INFO -   💼 Шаг P&L: $+3.20, Накопленный капитал: $10,577.73
2026-01-19 09:25:04,294 - INFO - ------------------------------------------------------------
2026-01-19 09:25:04,294 - INFO -   Walk-forward steps: 4 / 5 (80.0%) | 0.0 items/s | ETA: 176.3s
2026-01-19 09:25:04,295 - INFO - 🔍 WF-шаг 5/5: Валидация временных окон...
2026-01-19 09:25:04,295 - INFO - ⇢ WF-шаг 5/5: training 2023-11-30-2024-01-28, testing 2024-01-29-2024-02-28 — start
2026-01-19 09:25:04,295 - INFO - ⇢ loading step data — start
2026-01-19 09:25:04,646 - INFO - ⇠ loading step data — done in 0.35s
2026-01-19 09:25:06,640 - INFO - 📊 WF-шаг 5/5: Границы данных:
2026-01-19 09:25:06,640 - INFO -    Training: 2023-11-30 00:00:00 → 2024-01-28 23:45:00 (5,760 строк × 344 символов)
2026-01-19 09:25:06,640 - INFO -    Testing:  2024-01-29 00:00:00 → 2024-02-28 00:00:00 (2,881 строк × 344 символов)
2026-01-19 09:25:06,640 - INFO -    Временной разрыв: 0 days 00:15:00
2026-01-19 09:25:06,686 - INFO - ⇢ normalizing training data — start
2026-01-19 09:25:06,726 - INFO -   Символы с NaN значениями: 52
2026-01-19 09:25:06,726 - INFO -   Применяем метод нормализации: rolling_zscore
2026-01-19 09:25:06,742 - INFO - Символы с недостаточной историей: 44 из 344
2026-01-19 09:25:07,174 - INFO - Символы с NaN после нормализации: 300
2026-01-19 09:25:07,183 - INFO - Удалено 809 начальных строк с NaN от rolling расчетов
2026-01-19 09:25:07,186 - INFO - Итоговое количество символов после нормализации: 300 из 344
2026-01-19 09:25:07,186 - INFO -   Статистика нормализации:
2026-01-19 09:25:07,186 - INFO -     Исходные символы: 344
2026-01-19 09:25:07,186 - INFO -     Недостаточная история: 44
2026-01-19 09:25:07,186 - INFO -     Постоянная цена: 0
2026-01-19 09:25:07,186 - INFO -     NaN после нормализации: 300
2026-01-19 09:25:07,186 - INFO -     Итоговые символы: 300 (87.2%)
2026-01-19 09:25:07,186 - INFO -   После нормализации: 300 символов (потеряно 44)
2026-01-19 09:25:07,186 - INFO -   Отброшено много символов: 44 из 344
2026-01-19 09:25:07,186 - INFO - ⇠ normalizing training data — done in 0.50s
2026-01-19 09:25:07,188 - INFO - ⇢ SSD computation — start
2026-01-19 09:25:07,188 - INFO -   Расчет SSD для всех пар (без ограничения)
2026-01-19 09:25:09,733 - INFO -   SSD результат (все пары): 44850 пар
2026-01-19 09:25:09,733 - INFO - ⇠ SSD computation — done in 2.54s
2026-01-19 09:25:09,746 - INFO - ⇢ filtering pairs by cointegration and half-life — start
2026-01-19 09:25:09,746 - INFO - [ФИЛЬТР] Параллельная фильтрация: processes (8 workers)
⚙️  Загрузка данных за период: 2023-11-30 -> 2024-02-28
📂 Найдено 43 parquet файлов для обработки.
📊 Схема данных: Schema({'timestamp': Int64, 'open': Float64, 'high': Float64, 'low': Float64, 'close': Float64, 'volume': Float64, 'turnover': String, 'ts_ms': Int64, 'symbol': String})
✅ Загружено 2755343 записей с помощью Polars.
📊 Типы данных в pandas: timestamp       datetime64[us]
symbol                  object
close                  float64
timestamp_ms             int64
dtype: object
2026-01-19 09:27:31,031 - INFO - [ФИЛЬТР] После проверки данных: 44850 пар
2026-01-19 09:27:31,032 - INFO - [ФИЛЬТР] После фильтра корреляции (>0.5): 13030 пар
2026-01-19 09:27:31,032 - INFO - [ФИЛЬТР] После фильтра beta: 9406 пар
2026-01-19 09:27:31,032 - INFO - [ФИЛЬТР] После фильтра mean crossings: 9406 пар
2026-01-19 09:27:31,032 - INFO - [ФИЛЬТР] После фильтра half-life: 9377 пар
2026-01-19 09:27:31,032 - INFO - [ФИЛЬТР] После фильтра коинтеграции: 4441 пар
2026-01-19 09:27:31,032 - INFO - [ФИЛЬТР] После фильтра Hurst: 3244 пар
2026-01-19 09:27:31,032 - INFO - [ФИЛЬТР] После фильтра KPSS: 141 пар
2026-01-19 09:27:31,032 - INFO - [ФИЛЬТР] После фильтра market microstructure: 141 пар
2026-01-19 09:27:31,032 - INFO - [ФИЛЬТР] Статистика фильтрации (оптимизированный порядок):
2026-01-19 09:27:31,032 - INFO -   1. SSD → Коинтеграция: 44850 → 4441 пар
2026-01-19 09:27:31,032 - INFO -   2. Коинтеграция → Beta: 4441 → 9406 пар
2026-01-19 09:27:31,032 - INFO -   3. Beta → Half-life: 9406 → 9377 пар
2026-01-19 09:27:31,032 - INFO -   4. Half-life → Mean crossings: 9377 → 9406 пар
2026-01-19 09:27:31,032 - INFO -   5. Mean crossings → Hurst: 9406 → 3244 пар
2026-01-19 09:27:31,032 - INFO -   6. Hurst → KPSS: 3244 → 141 пар
2026-01-19 09:27:31,032 - INFO -   7. KPSS → Market microstructure: 141 → 141 пар
2026-01-19 09:27:31,032 - INFO - [ФИЛЬТР] Причины отсева:
2026-01-19 09:27:31,032 - INFO -   • low_correlation: 31820 пар (70.9%)
2026-01-19 09:27:31,032 - INFO -   • pvalue: 4936 пар (11.0%)
2026-01-19 09:27:31,032 - INFO -   • beta: 3624 пар (8.1%)
2026-01-19 09:27:31,032 - INFO -   • kpss: 3103 пар (6.9%)
2026-01-19 09:27:31,032 - INFO -   • hurst: 1197 пар (2.7%)
2026-01-19 09:27:31,032 - INFO -   • half_life: 29 пар (0.1%)
2026-01-19 09:27:31,032 - INFO - [ФИЛЬТР] Итого: 44850 → 141 пар (0.3% прошли все фильтры)
2026-01-19 09:27:31,094 - INFO - Причины отсева сохранены в results/filter_reasons_20260119_092731.csv
2026-01-19 09:27:31,101 - INFO -   Pair stability filter: 141 → 12 (window=1, min_steps=1, history=4)
2026-01-19 09:27:31,101 - INFO -   Фильтрация: 44850 → 12 пар
2026-01-19 09:27:31,101 - INFO - ⇠ filtering pairs by cointegration and half-life — done in 141.36s
2026-01-19 09:27:31,101 - INFO - ⇠ WF-шаг 5/5: training 2023-11-30-2024-01-28, testing 2024-01-29-2024-02-28 — done in 146.81s
2026-01-19 09:27:31,101 - INFO -   Топ-3 пары по волатильности спреда:
2026-01-19 09:27:31,101 - INFO -     1. BTCDAI-WBTCUSDT: beta=1.0023, std=556.1976
2026-01-19 09:27:31,101 - INFO -     2. ARKMUSDT-HBARUSDT: beta=5.9349, std=0.0421
2026-01-19 09:27:31,101 - INFO -     3. BOBAUSDT-STXUSDT: beta=0.1253, std=0.0327
2026-01-19 09:27:31,101 - INFO -   Всего пар для торговли: 12 (ограничение 15 применяется к одновременно открытым позициям)
2026-01-19 09:27:31,101 - INFO -   💰 Проверка расчета капитала: equity=$10,577.73, кандидатных_пар=12, max_позиций=15
2026-01-19 09:27:31,102 - INFO -   🎯 Target concurrency: 12 (ожидаемое одновременное число позиций)
2026-01-19 09:27:31,102 - INFO -   📊 Детали расчета капитала:
2026-01-19 09:27:31,102 - INFO -      • Базовый капитал на пару: $881.48 (equity / target_concurrency)
2026-01-19 09:27:31,102 - INFO -      • Риск-капитал: $158.67 (1.5% от equity)
2026-01-19 09:27:31,102 - INFO -      • Макс. размер позиции: $211.55 (2.0% от equity)
2026-01-19 09:27:31,102 - INFO -      • Итоговый капитал на пару: $158.67
2026-01-19 09:27:31,102 - INFO - ⇢ WF-шаг 5/5 backtests — starting 12 items
2026-01-19 09:27:31,102 - INFO - 🚀 WF-шаг 5/5: Начинаем бэктесты для 12 пар...
2026-01-19 09:27:31,102 - INFO - 🚀 WF-шаг 5/5: Запускаем параллельную обработку 12 пар на 8 ядрах...
2026-01-19 09:27:31,102 - INFO - 🚀 WF-шаг 5/5: Режим параллельности: процессы
2026-01-19 09:27:31,183 - coint2.engine.numba_engine - INFO - Запуск Numba-оптимизированного бэктеста для BTCDAI-WBTCUSDT
2026-01-19 09:27:31,245 - coint2.engine.numba_engine - INFO - Запуск Numba-оптимизированного бэктеста для ARKMUSDT-HBARUSDT
2026-01-19 09:27:31,278 - coint2.engine.numba_engine - INFO - Запуск Numba-оптимизированного бэктеста для BOBAUSDT-STXUSDT
2026-01-19 09:27:31,323 - coint2.engine.numba_engine - INFO - Запуск Numba-оптимизированного бэктеста для GLMRUSDT-NEARUSDT
2026-01-19 09:27:31,332 - coint2.engine.numba_engine - INFO - Запуск Numba-оптимизированного бэктеста для CHRPUSDT-XCADUSDT
2026-01-19 09:27:31,367 - coint2.engine.numba_engine - INFO - Запуск Numba-оптимизированного бэктеста для BOBAUSDT-SOLEUR
2026-01-19 09:27:31,387 - coint2.engine.numba_engine - INFO - Запуск Numba-оптимизированного бэктеста для BATUSDT-ENJUSDT
2026-01-19 09:27:31,405 - coint2.engine.numba_engine - INFO - Запуск Numba-оптимизированного бэктеста для CHRPUSDT-GALAUSDT
2026-01-19 09:27:31,418 - coint2.engine.numba_engine - INFO - Запуск Numba-оптимизированного бэктеста для SWEATUSDT-XETAUSDT
2026-01-19 09:27:31,434 - coint2.engine.numba_engine - INFO - Запуск Numba-оптимизированного бэктеста для ACHUSDT-CRVUSDT
2026-01-19 09:27:31,484 - coint2.engine.numba_engine - INFO - Запуск Numba-оптимизированного бэктеста для CHRPUSDT-SNXUSDT
2026-01-19 09:27:31,494 - coint2.engine.numba_engine - INFO - Запуск Numba-оптимизированного бэктеста для CHRPUSDT-FITFIUSDT
2026-01-19 09:27:31,613 - INFO -   ⏱️ Параллельная обработка завершена за 0.5с (23.5 пар/с)
2026-01-19 09:27:31,621 - coint2.pipeline.walk_forward_orchestrator - INFO - 🎯 СИМУЛЯЦИЯ ПОРТФЕЛЯ: 12 пар, лимит 15 позиций
2026-01-19 09:27:31,958 - coint2.pipeline.walk_forward_orchestrator - INFO -    📈 Макс. одновременных сигналов: 6
2026-01-19 09:27:31,958 - coint2.pipeline.walk_forward_orchestrator - INFO -    📊 Средн. сигналов за период: 0.2
2026-01-19 09:27:31,959 - coint2.pipeline.walk_forward_orchestrator - INFO -    🎯 Финальных активных позиций: 0
2026-01-19 09:27:31,960 - coint2.pipeline.walk_forward_orchestrator - INFO -    ⚡ Утилизация лимита позиций: 1.1%
2026-01-19 09:27:31,960 - INFO - ⇠ WF-шаг 5/5 backtests — completed 12 items in 0.86s (14.0 items/s)
2026-01-19 09:27:31,960 - INFO -   ✅ Обработка завершена: 12 успешно, 0 с ошибками
2026-01-19 09:27:31,960 - INFO -   📊 Успешность: 100.0%, прибыльность: 50.0%, сделок/пара: 20.4
2026-01-19 09:27:31,960 - INFO -   ✅ Завершены бэктесты для 12 пар
2026-01-19 09:27:31,960 - INFO -   📊 Всего обработано пар в этом шаге: 12
2026-01-19 09:27:31,961 - INFO -   📈 Результаты шага: 6/12 прибыльных пар, 245 сделок
2026-01-19 09:27:31,961 - INFO -   💰 P&L шага: $-38.99
2026-01-19 09:27:31,961 - INFO -   ⇢ Обновление капитала и дневного P&L...
2026-01-19 09:27:33,640 - INFO -   💼 Шаг P&L: $-38.99, Накопленный капитал: $10,538.74
2026-01-19 09:27:33,641 - INFO - ------------------------------------------------------------
2026-01-19 09:27:33,641 - INFO -   Walk-forward steps: 5 / 5 (100.0%) | 0.0 items/s | ETA: 0.0s
2026-01-19 09:27:33,641 - INFO - ⇠ Walk-forward steps — completed 5 items in 854.55s (0.0 items/s)
2026-01-19 09:27:33,641 - INFO - ================================================================================
2026-01-19 09:27:33,641 - INFO - 🏁 Walk-forward анализ завершен!
2026-01-19 09:27:33,641 - INFO - ⏱️ Обработано 5 шагов за 2.5 секунд
2026-01-19 09:27:33,641 - INFO - 📊 Всего обработано пар за весь анализ: 275
2026-01-19 09:27:33,642 - INFO - 💰 Финальный капитал: $10,538.74 (было $10,000.00)
2026-01-19 09:27:33,642 - INFO - 📈 Общая доходность: +5.39% ($+538.74)
2026-01-19 09:27:33,642 - INFO - 📊 Всего сделок: 0
2026-01-19 09:27:33,642 - INFO - ================================================================================
2026-01-19 09:27:33,642 - INFO - ✓ Завершены все 5 WF-шагов
2026-01-19 09:27:33,642 - INFO - ⇢ Обработка финальных результатов и расчет метрик...
2026-01-19 09:27:33,642 - INFO - ⇢ processing final results — start
2026-01-19 09:27:33,642 - INFO -   ⇢ Агрегация данных P&L за 14405 торговых дней
2026-01-19 09:27:33,678 - INFO -   ⇢ Расчет базовых метрик производительности...
2026-01-19 09:27:33,679 - INFO -     📊 Данные для анализа: 14405 записей P&L, 14401 точек equity
2026-01-19 09:27:33,682 - INFO -   ⇢ Расчет расширенных метрик (волатильность, Calmar ratio, и др.)...
2026-01-19 09:27:33,682 - INFO -   ✅ Расширенные метрики рассчитаны: 6 показателей
2026-01-19 09:27:33,682 - INFO -   ⇢ Анализ статистики по 275 парам...
2026-01-19 09:27:33,685 - INFO - ✅ Рассчитаны метрики производительности (19 показателей)
2026-01-19 09:27:33,685 - INFO -   💰 Общий P&L: $+538.74
2026-01-19 09:27:33,685 - INFO -   📊 Sharpe Ratio: 3.073
2026-01-19 09:27:33,685 - INFO -   📉 Максимальная просадка: -18116.23%
2026-01-19 09:27:33,685 - INFO -   🔄 Всего сделок: 5067
2026-01-19 09:27:33,685 - INFO -   📈 Торгуемых пар: 270
2026-01-19 09:27:33,685 - INFO -   💸 Общие издержки: $167.87
2026-01-19 09:27:33,686 - coint2.metrics - INFO - Metric: total_pnl
2026-01-19 09:27:33,686 - coint2.metrics - INFO - Metric: sharpe_ratio_abs
2026-01-19 09:27:33,686 - coint2.metrics - INFO - Metric: max_drawdown_pct
2026-01-19 09:27:33,686 - coint2.metrics - INFO - Metric: total_trades
2026-01-19 09:27:33,686 - coint2.metrics - INFO - Metric: total_pairs_traded
2026-01-19 09:27:33,686 - coint2.metrics - INFO - Metric: total_costs
2026-01-19 09:27:33,687 - INFO - ⇠ processing final results — done in 0.05s
2026-01-19 09:27:33,687 - INFO - ⇢ Создание отчетов и сохранение результатов...
2026-01-19 09:27:33,687 - INFO - ⇢ generating reports — start
2026-01-19 09:27:33,687 - INFO -   ⇢ Создание отчета о производительности...
2026-01-19 09:27:40,945 - INFO -   ✓ Отчет о производительности создан
2026-01-19 09:27:40,945 - INFO -   ⇢ Сохранение данных в CSV файлы...
2026-01-19 09:27:40,947 - INFO - 📋 Метрики сохранены: artifacts/wfa/runs/20260119_stability_relaxed4/stability_relaxed4_20260119_pv0p08_hurst0p65_hl0p02_60_corr0p5_ssd50000_kpss0p03/strategy_metrics.csv
2026-01-19 09:27:40,948 - INFO - 📈 Дневные P&L сохранены: artifacts/wfa/runs/20260119_stability_relaxed4/stability_relaxed4_20260119_pv0p08_hurst0p65_hl0p02_60_corr0p5_ssd50000_kpss0p03/daily_pnl.csv (151 записей)
2026-01-19 09:27:41,002 - INFO - 💹 Кривая капитала сохранена: artifacts/wfa/runs/20260119_stability_relaxed4/stability_relaxed4_20260119_pv0p08_hurst0p65_hl0p02_60_corr0p5_ssd50000_kpss0p03/equity_curve.csv (14401 точек)
2026-01-19 09:27:41,007 - INFO - 📋 Статистика сделок сохранена: artifacts/wfa/runs/20260119_stability_relaxed4/stability_relaxed4_20260119_pv0p08_hurst0p65_hl0p02_60_corr0p5_ssd50000_kpss0p03/trade_statistics.csv (275 записей)
2026-01-19 09:27:41,008 - INFO - 🎉 Walk-Forward анализ полностью завершен!
2026-01-19 09:27:41,008 - INFO - 📊 Все отчеты и данные сохранены в: artifacts/wfa/runs/20260119_stability_relaxed4/stability_relaxed4_20260119_pv0p08_hurst0p65_hl0p02_60_corr0p5_ssd50000_kpss0p03
2026-01-19 09:27:41,008 - INFO - 💼 Итоговый капитал: $10,538.74
2026-01-19 09:27:41,008 - INFO - ⏱️  Общее время выполнения: 9.9 секунд
2026-01-19 09:27:41,008 - INFO - ⇠ generating reports — done in 7.32s
2026-01-19 09:27:41,008 - coint2.core.memory_optimization - INFO - 🧹 Cleaning up global price data
2026-01-19 09:27:41,012 - coint2.core.memory_optimization - INFO - 📊 No global rolling stats to clean up
2026-01-19 09:27:41,012 - INFO - 🧹 Memory-mapped data cleaned up
2026-01-19 09:27:41,014 - INFO - ⇠ run_walk_forward_analysis — done in 869.38s
📊 Отчет сохранен: artifacts/wfa/runs/20260119_stability_relaxed4/stability_relaxed4_20260119_pv0p08_hurst0p65_hl0p02_60_corr0p5_ssd50000_kpss0p03/CointegrationStrategy_performance_report.png
🎯 ============================================================
📊 ИТОГИ ТОРГОВОЙ СТРАТЕГИИ
🎯 ============================================================

💰 ФИНАНСОВЫЕ РЕЗУЛЬТАТЫ:
   • Общий P&L:                          539
   • Максимальная просадка:             -181
   • Средний дневной P&L:                  4

📈 МЕТРИКИ РИСКА:
   • Коэффициент Шарпа:               3.0732
   • Волатильность P&L:                21.67
   • Процент прибыльных дней:         50.33%

🔄 ТОРГОВАЯ АКТИВНОСТЬ:
   • Всего торговых дней:                151
   • Всего сделок:                     5,067
   • Торгуемых пар:                      270
   • Сделок на пару:                    18.4
   • Успешность сделок:               0.32%

💸 РАСХОДЫ И ЭКСТРЕМУМЫ:
   • Общие расходы:                      168
   • Максимальная прибыль:               159
   • Максимальный убыток:               -122
   • Лучшая пара (P&L):                   75
   • Худшая пара (P&L):                  -37

📊 ОЦЕНКА СТРАТЕГИИ:
   ✅ ОТЛИЧНАЯ стратегия! Высокий Шарп и положительный результат

🎯 ============================================================

Annualized Sharpe Ratio: 3.0731983161099263
[run_wfa_fullcpu] end: 2026-01-19T09:27:42Z
