[run_wfa_queue] 2026-01-23T15:19:33Z cmd: /opt/coint4/coint4/run_wfa_fullcpu.sh configs/budget_20260123_1000_capsweep_oos20250101_20250630_top50_maxnot40_riskfine2_shortlist/stress_relaxed8_nokpss_20260123_oos20250101_20250630_top50_z1p00_exit0p06_hold180_cd180_ms0p2_cap1000_maxnot40_risk0p0175_minnot15_maxpairs15.yaml artifacts/wfa/runs/20260123_budget1000_oos20250101_20250630_top50_maxnot40_riskfine2_shortlist/stress_relaxed8_nokpss_20260123_oos20250101_20250630_top50_z1p00_exit0p06_hold180_cd180_ms0p2_cap1000_maxnot40_risk0p0175_minnot15_maxpairs15
[run_wfa_fullcpu] start: 2026-01-23T15:19:33Z
[run_wfa_fullcpu] os.cpu_count: 8
[run_wfa_fullcpu] worker_pid=2819
2026-01-23 15:19:36,971 - coint2.core.memory_optimization - INFO - ✅ BLAS threading limits set to 1 via threadpoolctl
2026-01-23 15:19:36,971 - coint2.core.memory_optimization - INFO - 🔧 Controlled libraries: openblas, openmp
2026-01-23 15:19:36,972 - coint2.core.memory_optimization - INFO - 🧵 Process threads: 2 → 2
2026-01-23 15:19:36,972 - coint2.core.memory_optimization - INFO - 📝 Set 11 environment variables
2026-01-23 15:19:37,314 - INFO - ✅ Параметры конфигурации валидны
2026-01-23 15:19:37,314 - INFO - 📝 Некоторые параметры были скорректированы:
2026-01-23 15:19:37,474 - INFO - 🔒 WFA: фиксированный universe из artifacts/universe/20260119_relaxed8_strict_preholdout_v2/pairs_universe.yaml (250 пар)
2026-01-23 15:19:37,474 - INFO -   Шаг 1: тренировка 2024-10-03-2024-12-31, тест 2025-01-01-2025-01-31
2026-01-23 15:19:37,474 - INFO -   Шаг 2: тренировка 2024-11-02-2025-01-30, тест 2025-01-31-2025-03-02
2026-01-23 15:19:37,474 - INFO -   Шаг 3: тренировка 2024-12-02-2025-03-01, тест 2025-03-02-2025-04-01
2026-01-23 15:19:37,475 - INFO -   Шаг 4: тренировка 2025-01-01-2025-03-31, тест 2025-04-01-2025-05-01
2026-01-23 15:19:37,475 - INFO -   Шаг 5: тренировка 2025-01-31-2025-04-30, тест 2025-05-01-2025-05-31
2026-01-23 15:19:37,475 - INFO -   Шаг 6: тренировка 2025-03-02-2025-05-30, тест 2025-05-31-2025-06-30
2026-01-23 15:19:37,475 - INFO - 📈 Запланировано 6 walk-forward шагов
2026-01-23 15:19:37,475 - INFO - ⛔ Ограничение WFA шагов: 6 → 3
2026-01-23 15:19:37,475 - WARNING - ⚠️ Маленький буфер между training и testing в шаге 1: 0 дней. Рекомендуется минимум 1 день.
2026-01-23 15:19:37,475 - WARNING - ⚠️ Маленький буфер между training и testing в шаге 2: 0 дней. Рекомендуется минимум 1 день.
2026-01-23 15:19:37,475 - WARNING - ⚠️ Маленький буфер между training и testing в шаге 3: 0 дней. Рекомендуется минимум 1 день.
2026-01-23 15:19:37,475 - INFO - ✅ Шаги успешно запланированы:
2026-01-23 15:19:37,475 - INFO -    Шаг 1: тренировка 2024-10-03-2024-12-31, тест 2025-01-01-2025-01-31
2026-01-23 15:19:37,475 - INFO -    Шаг 2: тренировка 2024-11-02-2025-01-30, тест 2025-01-31-2025-03-02
2026-01-23 15:19:37,475 - INFO -    Шаг 3: тренировка 2024-12-02-2025-03-01, тест 2025-03-02-2025-04-01
2026-01-23 15:19:37,475 - INFO - 🗂️ Consolidating price data for memory-mapped access...
2026-01-23 15:19:37,475 - INFO - 📊 Consolidating data range: 2024-09-28 → 2025-04-06
2026-01-23 15:19:37,475 - coint2.core.memory_optimization - INFO - 🔄 Consolidating price data from data_downloaded to .cache/consolidated_prices.parquet
2026-01-23 15:19:37,475 - INFO - ⇢ loading raw data for consolidation — start
2026-01-23 15:19:38,319 - INFO - ⇠ loading raw data for consolidation — done in 0.84s
2026-01-23 15:19:38,319 - INFO - ⇢ pivoting data to wide format — start
2026-01-23 15:19:45,256 - INFO - ⇠ pivoting data to wide format — done in 6.94s
2026-01-23 15:19:45,340 - coint2.core.memory_optimization - INFO - 📊 Consolidated data: 18241 rows × 598 symbols
2026-01-23 15:19:45,340 - coint2.core.memory_optimization - INFO - 💾 Memory usage: 43.8 MB
2026-01-23 15:19:45,340 - INFO - ⇢ writing consolidated Parquet file — start
2026-01-23 15:19:45,691 - INFO - ⇠ writing consolidated Parquet file — done in 0.35s
2026-01-23 15:19:45,691 - coint2.core.memory_optimization - INFO - ✅ Successfully consolidated data to .cache/consolidated_prices.parquet
2026-01-23 15:19:45,728 - coint2.core.memory_optimization - INFO - 🔄 Initializing memory-mapped price data from .cache/consolidated_prices.parquet
2026-01-23 15:19:45,728 - INFO - ⇢ loading memory-mapped data — start
2026-01-23 15:19:45,728 - coint2.core.memory_optimization - WARNING - ⚠️ memory_map не поддерживается в текущей версии pyarrow, fallback без mmap
2026-01-23 15:19:45,914 - INFO - ⇠ loading memory-mapped data — done in 0.19s
2026-01-23 15:19:46,101 - coint2.core.memory_optimization - INFO - 📊 Loaded 18241 rows × 598 symbols
2026-01-23 15:19:46,101 - coint2.core.memory_optimization - INFO - 💾 Memory usage: 43.8 MB (memory-mapped)
2026-01-23 15:19:46,103 - INFO - ✅ Memory-mapped data initialized successfully
2026-01-23 15:19:46,104 - INFO - ⇢ Walk-forward steps — starting 3 items
2026-01-23 15:19:46,105 - INFO - 📈 Инициализация equity кривой с первой тестовой даты: 2025-01-01 00:00:00
2026-01-23 15:19:46,105 - INFO - 🔍 WF-шаг 1/3: Валидация временных окон...
2026-01-23 15:19:46,105 - INFO - ⇢ WF-шаг 1/3: training 2024-10-03-2024-12-31, testing 2025-01-01-2025-01-31 — start
2026-01-23 15:19:46,105 - INFO - ⇢ loading step data — start
2026-01-23 15:19:46,469 - INFO - ⇠ loading step data — done in 0.36s
2026-01-23 15:19:50,562 - INFO - 📊 WF-шаг 1/3: Границы данных:
2026-01-23 15:19:50,562 - INFO -    Training: 2024-10-03 00:00:00 → 2024-12-31 23:45:00 (8,640 строк × 569 символов)
2026-01-23 15:19:50,562 - INFO -    Testing:  2025-01-01 00:00:00 → 2025-01-31 00:00:00 (2,881 строк × 569 символов)
2026-01-23 15:19:50,562 - INFO -    Временной разрыв: 0 days 00:15:00
2026-01-23 15:19:50,638 - INFO - ⇢ normalizing training data — start
2026-01-23 15:19:50,707 - INFO -   Символы с NaN значениями: 76
2026-01-23 15:19:50,707 - INFO -   Применяем метод нормализации: rolling_zscore
2026-01-23 15:19:50,769 - INFO - Символы с недостаточной историей: 67 из 569
2026-01-23 15:19:51,978 - INFO - Символы с NaN после нормализации: 502
2026-01-23 15:19:51,992 - INFO - Удалено 1481 начальных строк с NaN от rolling расчетов
2026-01-23 15:19:51,997 - INFO - Итоговое количество символов после нормализации: 502 из 569
2026-01-23 15:19:51,999 - INFO -   Статистика нормализации:
2026-01-23 15:19:51,999 - INFO -     Исходные символы: 569
2026-01-23 15:19:51,999 - INFO -     Недостаточная история: 67
2026-01-23 15:19:51,999 - INFO -     Постоянная цена: 0
2026-01-23 15:19:51,999 - INFO -     NaN после нормализации: 502
2026-01-23 15:19:51,999 - INFO -     Итоговые символы: 502 (88.2%)
2026-01-23 15:19:51,999 - INFO -   После нормализации: 502 символов (потеряно 67)
2026-01-23 15:19:51,999 - INFO -   Отброшено много символов: 67 из 569
2026-01-23 15:19:51,999 - INFO - ⇠ normalizing training data — done in 1.36s
2026-01-23 15:19:52,000 - INFO -   Фиксированный universe: 250 пар (отфильтровано 0 недоступных)
2026-01-23 15:19:52,000 - INFO - ⇢ filtering pairs by cointegration and half-life — start
2026-01-23 15:19:52,000 - INFO - [ФИЛЬТР] Параллельная фильтрация: threads (8 workers)
2026-01-23 15:20:00,189 - INFO - [ФИЛЬТР] После проверки данных: 250 пар
2026-01-23 15:20:00,189 - INFO - [ФИЛЬТР] После фильтра корреляции (>0.4): 198 пар
2026-01-23 15:20:00,189 - INFO - [ФИЛЬТР] После фильтра beta: 158 пар
2026-01-23 15:20:00,189 - INFO - [ФИЛЬТР] После фильтра mean crossings: 158 пар
2026-01-23 15:20:00,189 - INFO - [ФИЛЬТР] После фильтра half-life: 158 пар
2026-01-23 15:20:00,189 - INFO - [ФИЛЬТР] После фильтра коинтеграции: 86 пар
2026-01-23 15:20:00,189 - INFO - [ФИЛЬТР] После фильтра Hurst: 55 пар
2026-01-23 15:20:00,189 - INFO - [ФИЛЬТР] После фильтра KPSS: 55 пар
2026-01-23 15:20:00,189 - INFO - [ФИЛЬТР] После фильтра market microstructure: 55 пар
2026-01-23 15:20:00,189 - INFO - [ФИЛЬТР] Статистика фильтрации (оптимизированный порядок):
2026-01-23 15:20:00,189 - INFO -   1. SSD → Коинтеграция: 250 → 86 пар
2026-01-23 15:20:00,189 - INFO -   2. Коинтеграция → Beta: 86 → 158 пар
2026-01-23 15:20:00,189 - INFO -   3. Beta → Half-life: 158 → 158 пар
2026-01-23 15:20:00,189 - INFO -   4. Half-life → Mean crossings: 158 → 158 пар
2026-01-23 15:20:00,189 - INFO -   5. Mean crossings → Hurst: 158 → 55 пар
2026-01-23 15:20:00,189 - INFO -   6. Hurst → KPSS: 55 → 55 пар
2026-01-23 15:20:00,189 - INFO -   7. KPSS → Market microstructure: 55 → 55 пар
2026-01-23 15:20:00,189 - INFO - [ФИЛЬТР] Причины отсева:
2026-01-23 15:20:00,189 - INFO -   • pvalue: 72 пар (28.8%)
2026-01-23 15:20:00,189 - INFO -   • low_correlation: 52 пар (20.8%)
2026-01-23 15:20:00,189 - INFO -   • beta: 40 пар (16.0%)
2026-01-23 15:20:00,189 - INFO -   • hurst: 31 пар (12.4%)
2026-01-23 15:20:00,189 - INFO - [ФИЛЬТР] Итого: 250 → 55 пар (22.0% прошли все фильтры)
2026-01-23 15:20:00,193 - INFO - Причины отсева сохранены в results/filter_reasons_20260123_152000.csv
2026-01-23 15:20:00,194 - INFO -   Pair stability filter: insufficient history (0 < 1), skip
2026-01-23 15:20:00,194 - INFO -   Фильтрация: 250 → 55 пар
2026-01-23 15:20:00,194 - INFO - ⇠ filtering pairs by cointegration and half-life — done in 8.19s
2026-01-23 15:20:00,194 - INFO - ⇠ WF-шаг 1/3: training 2024-10-03-2024-12-31, testing 2025-01-01-2025-01-31 — done in 14.09s
2026-01-23 15:20:00,194 - INFO -   Ограничение max_pairs=15: 55 → 15
2026-01-23 15:20:00,194 - INFO -   Топ-3 пары по волатильности спреда:
2026-01-23 15:20:00,194 - INFO -     1. BTCUSDC-BTCUSDT: beta=1.0010, std=69.8508
2026-01-23 15:20:00,194 - INFO -     2. ETHDAI-ETHEUR: beta=0.9775, std=32.5750
2026-01-23 15:20:00,194 - INFO -     3. ETHUSDC-ETHUSDT: beta=1.0014, std=2.4933
2026-01-23 15:20:00,194 - INFO -   Всего пар для торговли: 15 (ограничение 15 применяется к одновременно открытым позициям)
2026-01-23 15:20:00,194 - INFO -   💰 Проверка расчета капитала: equity=$1,000.00, кандидатных_пар=15, max_позиций=15
2026-01-23 15:20:00,195 - INFO -   🎯 Target concurrency: 15 (ожидаемое одновременное число позиций)
2026-01-23 15:20:00,195 - INFO -   📊 Детали расчета капитала:
2026-01-23 15:20:00,195 - INFO -      • Базовый капитал на пару: $66.67 (equity / target_concurrency)
2026-01-23 15:20:00,195 - INFO -      • Риск-капитал: $17.50 (1.8% от equity)
2026-01-23 15:20:00,195 - INFO -      • Макс. размер позиции: $50.00 (5.0% от equity)
2026-01-23 15:20:00,195 - INFO -      • Итоговый капитал на пару: $17.50
2026-01-23 15:20:00,195 - INFO - ⇢ WF-шаг 1/3 backtests — starting 15 items
2026-01-23 15:20:00,195 - INFO - 🚀 WF-шаг 1/3: Начинаем бэктесты для 15 пар...
2026-01-23 15:20:00,195 - INFO - 🚀 WF-шаг 1/3: Запускаем параллельную обработку 15 пар на 8 ядрах...
2026-01-23 15:20:00,195 - INFO - 🚀 WF-шаг 1/3: Режим параллельности: процессы
⚙️  Загрузка данных за период: 2024-09-28 -> 2025-04-06
📂 Найдено 43 parquet файлов для обработки.
📊 Схема данных: Schema({'timestamp': Int64, 'open': Float64, 'high': Float64, 'low': Float64, 'close': Float64, 'volume': Float64, 'turnover': String, 'ts_ms': Int64, 'symbol': String})
✅ Загружено 9958627 записей с помощью Polars.
📊 Типы данных в pandas: timestamp       datetime64[us]
symbol                  object
close                  float64
timestamp_ms             int64
dtype: object
⚙️  Загрузка данных за период: 2024-10-03 -> 2025-01-31
📂 Найдено 43 parquet файлов для обработки.
📊 Схема данных: Schema({'timestamp': Int64, 'open': Float64, 'high': Float64, 'low': Float64, 'close': Float64, 'volume': Float64, 'turnover': String, 'ts_ms': Int64, 'symbol': String})
✅ Загружено 6098760 записей с помощью Polars.
📊 Типы данных в pandas: timestamp       datetime64[us]
symbol                  object
close                  float64
timestamp_ms             int64
dtype: object
2026-01-23 15:20:00,275 - coint2.engine.numba_engine - INFO - Запуск Numba-оптимизированного бэктеста для BTCUSDC-BTCUSDT
2026-01-23 15:20:00,310 - coint2.engine.numba_engine - INFO - Запуск Numba-оптимизированного бэктеста для ETHDAI-ETHEUR
2026-01-23 15:20:00,345 - coint2.engine.numba_engine - INFO - Запуск Numba-оптимизированного бэктеста для ETHUSDC-ETHUSDT
2026-01-23 15:20:00,359 - coint2.engine.numba_engine - INFO - Запуск Numba-оптимизированного бэктеста для DYDXUSDT-KSMUSDT
2026-01-23 15:20:00,377 - coint2.engine.numba_engine - INFO - Запуск Numba-оптимизированного бэктеста для AVAUSDT-FLOWUSDT
2026-01-23 15:20:00,392 - coint2.engine.numba_engine - INFO - Запуск Numba-оптимизированного бэктеста для APEUSDC-HFTUSDC
2026-01-23 15:20:00,412 - coint2.engine.numba_engine - INFO - Запуск Numba-оптимизированного бэктеста для CYBERUSDT-FIDAUSDT
2026-01-23 15:20:00,428 - coint2.engine.numba_engine - INFO - Запуск Numba-оптимизированного бэктеста для APEUSDT-HFTUSDC
2026-01-23 15:20:00,449 - coint2.engine.numba_engine - INFO - Запуск Numba-оптимизированного бэктеста для DYDXUSDT-KCALUSDT
2026-01-23 15:20:00,465 - coint2.engine.numba_engine - INFO - Запуск Numba-оптимизированного бэктеста для AXLUSDT-IZIUSDT
2026-01-23 15:20:00,486 - coint2.engine.numba_engine - INFO - Запуск Numba-оптимизированного бэктеста для AVAUSDT-KASTAUSDT
2026-01-23 15:20:00,502 - coint2.engine.numba_engine - INFO - Запуск Numba-оптимизированного бэктеста для FLOWUSDT-JSTUSDT
2026-01-23 15:20:00,530 - coint2.engine.numba_engine - INFO - Запуск Numba-оптимизированного бэктеста для ARKMUSDT-ARUSDT
2026-01-23 15:20:00,546 - coint2.engine.numba_engine - INFO - Запуск Numba-оптимизированного бэктеста для AFCUSDT-CITYUSDT
2026-01-23 15:20:00,575 - coint2.engine.numba_engine - INFO - Запуск Numba-оптимизированного бэктеста для BICOUSDT-KASTAUSDT
2026-01-23 15:20:00,641 - INFO -   ⏱️ Параллельная обработка завершена за 0.4с (33.7 пар/с)
2026-01-23 15:20:00,652 - coint2.pipeline.walk_forward_orchestrator - INFO - 🎯 СИМУЛЯЦИЯ ПОРТФЕЛЯ: 15 пар, лимит 15 позиций
2026-01-23 15:20:01,307 - coint2.pipeline.walk_forward_orchestrator - INFO -    📈 Макс. одновременных сигналов: 13
2026-01-23 15:20:01,308 - coint2.pipeline.walk_forward_orchestrator - INFO -    📊 Средн. сигналов за период: 6.1
2026-01-23 15:20:01,308 - coint2.pipeline.walk_forward_orchestrator - INFO -    🎯 Финальных активных позиций: 11
2026-01-23 15:20:01,310 - coint2.pipeline.walk_forward_orchestrator - INFO -    ⚡ Утилизация лимита позиций: 40.4%
2026-01-23 15:20:01,310 - INFO - ⇠ WF-шаг 1/3 backtests — completed 15 items in 1.12s (13.5 items/s)
2026-01-23 15:20:01,310 - INFO -   ✅ Обработка завершена: 15 успешно, 0 с ошибками
2026-01-23 15:20:01,310 - INFO -   📊 Успешность: 100.0%, прибыльность: 60.0%, сделок/пара: 50.9
2026-01-23 15:20:01,310 - INFO -   ✅ Завершены бэктесты для 15 пар
2026-01-23 15:20:01,310 - INFO -   📊 Всего обработано пар в этом шаге: 15
2026-01-23 15:20:01,310 - INFO -   📈 Результаты шага: 9/15 прибыльных пар, 764 сделок
2026-01-23 15:20:01,310 - INFO -   💰 P&L шага: $+467.94
2026-01-23 15:20:01,311 - INFO -   ⇢ Обновление капитала и дневного P&L...
2026-01-23 15:20:02,511 - INFO -   💼 Шаг P&L: $+467.94, Накопленный капитал: $1,467.94
2026-01-23 15:20:02,511 - INFO - ------------------------------------------------------------
2026-01-23 15:20:02,511 - INFO -   Walk-forward steps: 1 / 3 (33.3%) | 0.1 items/s | ETA: 32.8s
2026-01-23 15:20:02,511 - INFO - 🔍 WF-шаг 2/3: Валидация временных окон...
2026-01-23 15:20:02,511 - INFO - ⇢ WF-шаг 2/3: training 2024-11-02-2025-01-30, testing 2025-01-31-2025-03-02 — start
2026-01-23 15:20:02,511 - INFO - ⇢ loading step data — start
2026-01-23 15:20:02,974 - INFO - ⇠ loading step data — done in 0.46s
2026-01-23 15:20:07,024 - INFO - 📊 WF-шаг 2/3: Границы данных:
2026-01-23 15:20:07,024 - INFO -    Training: 2024-11-02 00:00:00 → 2025-01-30 23:45:00 (8,640 строк × 577 символов)
2026-01-23 15:20:07,025 - INFO -    Testing:  2025-01-31 00:00:00 → 2025-03-02 00:00:00 (2,881 строк × 577 символов)
2026-01-23 15:20:07,025 - INFO -    Временной разрыв: 0 days 00:15:00
2026-01-23 15:20:07,099 - INFO - ⇢ normalizing training data — start
2026-01-23 15:20:07,171 - INFO -   Символы с NaN значениями: 70
2026-01-23 15:20:07,172 - INFO -   Применяем метод нормализации: rolling_zscore
2026-01-23 15:20:07,233 - INFO - Символы с недостаточной историей: 60 из 577
2026-01-23 15:20:08,447 - INFO - Символы с NaN после нормализации: 517
2026-01-23 15:20:08,462 - INFO - Удалено 1685 начальных строк с NaN от rolling расчетов
2026-01-23 15:20:08,466 - INFO - Итоговое количество символов после нормализации: 517 из 577
2026-01-23 15:20:08,468 - INFO -   Статистика нормализации:
2026-01-23 15:20:08,468 - INFO -     Исходные символы: 577
2026-01-23 15:20:08,468 - INFO -     Недостаточная история: 60
2026-01-23 15:20:08,468 - INFO -     Постоянная цена: 0
2026-01-23 15:20:08,468 - INFO -     NaN после нормализации: 517
2026-01-23 15:20:08,468 - INFO -     Итоговые символы: 517 (89.6%)
2026-01-23 15:20:08,468 - INFO -   После нормализации: 517 символов (потеряно 60)
2026-01-23 15:20:08,468 - INFO -   Отброшено много символов: 60 из 577
2026-01-23 15:20:08,468 - INFO - ⇠ normalizing training data — done in 1.37s
2026-01-23 15:20:08,469 - INFO -   Фиксированный universe: 250 пар (отфильтровано 0 недоступных)
2026-01-23 15:20:08,469 - INFO - ⇢ filtering pairs by cointegration and half-life — start
2026-01-23 15:20:08,469 - INFO - [ФИЛЬТР] Параллельная фильтрация: threads (8 workers)
2026-01-23 15:20:18,403 - INFO - [ФИЛЬТР] После проверки данных: 250 пар
2026-01-23 15:20:18,403 - INFO - [ФИЛЬТР] После фильтра корреляции (>0.4): 186 пар
2026-01-23 15:20:18,403 - INFO - [ФИЛЬТР] После фильтра beta: 158 пар
2026-01-23 15:20:18,403 - INFO - [ФИЛЬТР] После фильтра mean crossings: 158 пар
2026-01-23 15:20:18,403 - INFO - [ФИЛЬТР] После фильтра half-life: 158 пар
2026-01-23 15:20:18,403 - INFO - [ФИЛЬТР] После фильтра коинтеграции: 115 пар
2026-01-23 15:20:18,403 - INFO - [ФИЛЬТР] После фильтра Hurst: 91 пар
2026-01-23 15:20:18,403 - INFO - [ФИЛЬТР] После фильтра KPSS: 91 пар
2026-01-23 15:20:18,403 - INFO - [ФИЛЬТР] После фильтра market microstructure: 91 пар
2026-01-23 15:20:18,403 - INFO - [ФИЛЬТР] Статистика фильтрации (оптимизированный порядок):
2026-01-23 15:20:18,403 - INFO -   1. SSD → Коинтеграция: 250 → 115 пар
2026-01-23 15:20:18,403 - INFO -   2. Коинтеграция → Beta: 115 → 158 пар
2026-01-23 15:20:18,404 - INFO -   3. Beta → Half-life: 158 → 158 пар
2026-01-23 15:20:18,404 - INFO -   4. Half-life → Mean crossings: 158 → 158 пар
2026-01-23 15:20:18,404 - INFO -   5. Mean crossings → Hurst: 158 → 91 пар
2026-01-23 15:20:18,404 - INFO -   6. Hurst → KPSS: 91 → 91 пар
2026-01-23 15:20:18,404 - INFO -   7. KPSS → Market microstructure: 91 → 91 пар
2026-01-23 15:20:18,404 - INFO - [ФИЛЬТР] Причины отсева:
2026-01-23 15:20:18,404 - INFO -   • low_correlation: 64 пар (25.6%)
2026-01-23 15:20:18,404 - INFO -   • pvalue: 43 пар (17.2%)
2026-01-23 15:20:18,404 - INFO -   • beta: 28 пар (11.2%)
2026-01-23 15:20:18,404 - INFO -   • hurst: 24 пар (9.6%)
2026-01-23 15:20:18,404 - INFO - [ФИЛЬТР] Итого: 250 → 91 пар (36.4% прошли все фильтры)
2026-01-23 15:20:18,406 - INFO - Причины отсева сохранены в results/filter_reasons_20260123_152018.csv
2026-01-23 15:20:18,407 - INFO -   Pair stability filter: 91 → 41 (window=2, min_steps=1, history=1)
2026-01-23 15:20:18,407 - INFO -   Фильтрация: 250 → 41 пар
2026-01-23 15:20:18,407 - INFO - ⇠ filtering pairs by cointegration and half-life — done in 9.94s
2026-01-23 15:20:18,407 - INFO - ⇠ WF-шаг 2/3: training 2024-11-02-2025-01-30, testing 2025-01-31-2025-03-02 — done in 15.90s
2026-01-23 15:20:18,407 - INFO -   Ограничение max_pairs=15: 41 → 15
2026-01-23 15:20:18,407 - INFO -   Топ-3 пары по волатильности спреда:
2026-01-23 15:20:18,407 - INFO -     1. ETHDAI-ETHEUR: beta=0.9997, std=45.8861
2026-01-23 15:20:18,407 - INFO -     2. ETHUSDC-ETHUSDT: beta=1.0010, std=2.7855
2026-01-23 15:20:18,407 - INFO -     3. CYBERUSDT-FIDAUSDT: beta=13.5831, std=0.3390
2026-01-23 15:20:18,407 - INFO -   Всего пар для торговли: 15 (ограничение 15 применяется к одновременно открытым позициям)
2026-01-23 15:20:18,407 - INFO -   💰 Проверка расчета капитала: equity=$1,467.94, кандидатных_пар=15, max_позиций=15
2026-01-23 15:20:18,408 - INFO -   🎯 Target concurrency: 15 (ожидаемое одновременное число позиций)
2026-01-23 15:20:18,408 - INFO -   📊 Детали расчета капитала:
2026-01-23 15:20:18,408 - INFO -      • Базовый капитал на пару: $97.86 (equity / target_concurrency)
2026-01-23 15:20:18,408 - INFO -      • Риск-капитал: $25.69 (1.8% от equity)
2026-01-23 15:20:18,408 - INFO -      • Макс. размер позиции: $73.40 (5.0% от equity)
2026-01-23 15:20:18,408 - INFO -      • Итоговый капитал на пару: $25.69
2026-01-23 15:20:18,408 - INFO - ⇢ WF-шаг 2/3 backtests — starting 15 items
2026-01-23 15:20:18,408 - INFO - 🚀 WF-шаг 2/3: Начинаем бэктесты для 15 пар...
2026-01-23 15:20:18,408 - INFO - 🚀 WF-шаг 2/3: Запускаем параллельную обработку 15 пар на 8 ядрах...
2026-01-23 15:20:18,408 - INFO - 🚀 WF-шаг 2/3: Режим параллельности: процессы
⚙️  Загрузка данных за период: 2024-11-02 -> 2025-03-02
📂 Найдено 43 parquet файлов для обработки.
📊 Схема данных: Schema({'timestamp': Int64, 'open': Float64, 'high': Float64, 'low': Float64, 'close': Float64, 'volume': Float64, 'turnover': String, 'ts_ms': Int64, 'symbol': String})
✅ Загружено 6311429 записей с помощью Polars.
📊 Типы данных в pandas: timestamp       datetime64[us]
symbol                  object
close                  float64
timestamp_ms             int64
dtype: object
2026-01-23 15:20:18,475 - coint2.engine.numba_engine - INFO - Запуск Numba-оптимизированного бэктеста для ETHDAI-ETHEUR
2026-01-23 15:20:18,538 - coint2.engine.numba_engine - INFO - Запуск Numba-оптимизированного бэктеста для ETHUSDC-ETHUSDT
2026-01-23 15:20:18,553 - coint2.engine.numba_engine - INFO - Запуск Numba-оптимизированного бэктеста для CYBERUSDT-FIDAUSDT
2026-01-23 15:20:18,579 - coint2.engine.numba_engine - INFO - Запуск Numba-оптимизированного бэктеста для AVAUSDT-KASTAUSDT
2026-01-23 15:20:18,585 - coint2.engine.numba_engine - INFO - Запуск Numba-оптимизированного бэктеста для APEUSDC-HFTUSDC
2026-01-23 15:20:18,615 - coint2.engine.numba_engine - INFO - Запуск Numba-оптимизированного бэктеста для DYDXUSDT-KCALUSDT
2026-01-23 15:20:18,621 - coint2.engine.numba_engine - INFO - Запуск Numba-оптимизированного бэктеста для APEUSDT-HFTUSDC
2026-01-23 15:20:18,640 - coint2.engine.numba_engine - INFO - Запуск Numba-оптимизированного бэктеста для FLOWUSDT-JSTUSDT
2026-01-23 15:20:18,649 - coint2.engine.numba_engine - INFO - Запуск Numba-оптимизированного бэктеста для CBKUSDT-ETCUSDT
2026-01-23 15:20:18,662 - coint2.engine.numba_engine - INFO - Запуск Numba-оптимизированного бэктеста для BICOUSDT-KASTAUSDT
2026-01-23 15:20:18,683 - coint2.engine.numba_engine - INFO - Запуск Numba-оптимизированного бэктеста для CBKUSDT-FILUSDT
2026-01-23 15:20:18,701 - coint2.engine.numba_engine - INFO - Запуск Numba-оптимизированного бэктеста для DMAILUSDT-FIDAUSDT
2026-01-23 15:20:18,717 - coint2.engine.numba_engine - INFO - Запуск Numba-оптимизированного бэктеста для CBKUSDT-FILUSDC
2026-01-23 15:20:18,736 - coint2.engine.numba_engine - INFO - Запуск Numba-оптимизированного бэктеста для FIDAUSDT-KAVAUSDT
2026-01-23 15:20:18,770 - coint2.engine.numba_engine - INFO - Запуск Numba-оптимизированного бэктеста для 1INCHUSDT-AXSUSDT
2026-01-23 15:20:18,821 - INFO -   ⏱️ Параллельная обработка завершена за 0.4с (36.3 пар/с)
2026-01-23 15:20:18,831 - coint2.pipeline.walk_forward_orchestrator - INFO - 🎯 СИМУЛЯЦИЯ ПОРТФЕЛЯ: 15 пар, лимит 15 позиций
2026-01-23 15:20:19,490 - coint2.pipeline.walk_forward_orchestrator - INFO -    📈 Макс. одновременных сигналов: 13
2026-01-23 15:20:19,490 - coint2.pipeline.walk_forward_orchestrator - INFO -    📊 Средн. сигналов за период: 6.7
2026-01-23 15:20:19,490 - coint2.pipeline.walk_forward_orchestrator - INFO -    🎯 Финальных активных позиций: 5
2026-01-23 15:20:19,491 - coint2.pipeline.walk_forward_orchestrator - INFO -    ⚡ Утилизация лимита позиций: 44.5%
2026-01-23 15:20:19,492 - INFO - ⇠ WF-шаг 2/3 backtests — completed 15 items in 1.08s (13.8 items/s)
2026-01-23 15:20:19,492 - INFO -   ✅ Обработка завершена: 15 успешно, 0 с ошибками
2026-01-23 15:20:19,492 - INFO -   📊 Успешность: 100.0%, прибыльность: 26.7%, сделок/пара: 51.4
2026-01-23 15:20:19,492 - INFO -   ✅ Завершены бэктесты для 15 пар
2026-01-23 15:20:19,492 - INFO -   📊 Всего обработано пар в этом шаге: 15
2026-01-23 15:20:19,492 - INFO -   📈 Результаты шага: 4/15 прибыльных пар, 771 сделок
2026-01-23 15:20:19,492 - INFO -   💰 P&L шага: $-293.60
2026-01-23 15:20:19,492 - INFO -   ⇢ Обновление капитала и дневного P&L...
2026-01-23 15:20:20,829 - INFO -   💼 Шаг P&L: $-293.60, Накопленный капитал: $1,174.35
2026-01-23 15:20:20,829 - INFO - ------------------------------------------------------------
2026-01-23 15:20:20,829 - INFO -   Walk-forward steps: 2 / 3 (66.7%) | 0.1 items/s | ETA: 17.4s
2026-01-23 15:20:20,829 - INFO - 🔍 WF-шаг 3/3: Валидация временных окон...
2026-01-23 15:20:20,830 - INFO - ⇢ WF-шаг 3/3: training 2024-12-02-2025-03-01, testing 2025-03-02-2025-04-01 — start
2026-01-23 15:20:20,830 - INFO - ⇢ loading step data — start
2026-01-23 15:20:21,287 - INFO - ⇠ loading step data — done in 0.46s
2026-01-23 15:20:25,530 - INFO - 📊 WF-шаг 3/3: Границы данных:
2026-01-23 15:20:25,530 - INFO -    Training: 2024-12-02 00:00:00 → 2025-03-01 23:45:00 (8,640 строк × 595 символов)
2026-01-23 15:20:25,530 - INFO -    Testing:  2025-03-02 00:00:00 → 2025-04-01 00:00:00 (2,881 строк × 595 символов)
2026-01-23 15:20:25,530 - INFO -    Временной разрыв: 0 days 00:15:00
2026-01-23 15:20:25,619 - INFO - ⇢ normalizing training data — start
2026-01-23 15:20:25,694 - INFO -   Символы с NaN значениями: 65
2026-01-23 15:20:25,694 - INFO -   Применяем метод нормализации: rolling_zscore
2026-01-23 15:20:25,759 - INFO - Символы с недостаточной историей: 48 из 595
2026-01-23 15:20:27,069 - INFO - Символы с NaN после нормализации: 547
2026-01-23 15:20:27,091 - INFO - Удалено 1673 начальных строк с NaN от rolling расчетов
2026-01-23 15:20:27,096 - INFO - Итоговое количество символов после нормализации: 547 из 595
2026-01-23 15:20:27,099 - INFO -   Статистика нормализации:
2026-01-23 15:20:27,099 - INFO -     Исходные символы: 595
2026-01-23 15:20:27,099 - INFO -     Недостаточная история: 48
2026-01-23 15:20:27,099 - INFO -     Постоянная цена: 0
2026-01-23 15:20:27,099 - INFO -     NaN после нормализации: 547
2026-01-23 15:20:27,099 - INFO -     Итоговые символы: 547 (91.9%)
2026-01-23 15:20:27,100 - INFO -   После нормализации: 547 символов (потеряно 48)
2026-01-23 15:20:27,100 - INFO -   Отброшено много символов: 48 из 595
2026-01-23 15:20:27,100 - INFO - ⇠ normalizing training data — done in 1.48s
2026-01-23 15:20:27,100 - INFO -   Фиксированный universe: 250 пар (отфильтровано 0 недоступных)
2026-01-23 15:20:27,100 - INFO - ⇢ filtering pairs by cointegration and half-life — start
2026-01-23 15:20:27,100 - INFO - [ФИЛЬТР] Параллельная фильтрация: threads (8 workers)
2026-01-23 15:20:38,694 - INFO - [ФИЛЬТР] После проверки данных: 250 пар
2026-01-23 15:20:38,694 - INFO - [ФИЛЬТР] После фильтра корреляции (>0.4): 214 пар
2026-01-23 15:20:38,694 - INFO - [ФИЛЬТР] После фильтра beta: 183 пар
2026-01-23 15:20:38,694 - INFO - [ФИЛЬТР] После фильтра mean crossings: 183 пар
2026-01-23 15:20:38,694 - INFO - [ФИЛЬТР] После фильтра half-life: 183 пар
2026-01-23 15:20:38,694 - INFO - [ФИЛЬТР] После фильтра коинтеграции: 134 пар
2026-01-23 15:20:38,694 - INFO - [ФИЛЬТР] После фильтра Hurst: 103 пар
2026-01-23 15:20:38,694 - INFO - [ФИЛЬТР] После фильтра KPSS: 103 пар
2026-01-23 15:20:38,694 - INFO - [ФИЛЬТР] После фильтра market microstructure: 103 пар
2026-01-23 15:20:38,694 - INFO - [ФИЛЬТР] Статистика фильтрации (оптимизированный порядок):
2026-01-23 15:20:38,694 - INFO -   1. SSD → Коинтеграция: 250 → 134 пар
2026-01-23 15:20:38,694 - INFO -   2. Коинтеграция → Beta: 134 → 183 пар
2026-01-23 15:20:38,694 - INFO -   3. Beta → Half-life: 183 → 183 пар
2026-01-23 15:20:38,694 - INFO -   4. Half-life → Mean crossings: 183 → 183 пар
2026-01-23 15:20:38,694 - INFO -   5. Mean crossings → Hurst: 183 → 103 пар
2026-01-23 15:20:38,694 - INFO -   6. Hurst → KPSS: 103 → 103 пар
2026-01-23 15:20:38,694 - INFO -   7. KPSS → Market microstructure: 103 → 103 пар
2026-01-23 15:20:38,694 - INFO - [ФИЛЬТР] Причины отсева:
2026-01-23 15:20:38,694 - INFO -   • pvalue: 49 пар (19.6%)
2026-01-23 15:20:38,694 - INFO -   • low_correlation: 36 пар (14.4%)
2026-01-23 15:20:38,694 - INFO -   • beta: 31 пар (12.4%)
2026-01-23 15:20:38,694 - INFO -   • hurst: 31 пар (12.4%)
2026-01-23 15:20:38,694 - INFO - [ФИЛЬТР] Итого: 250 → 103 пар (41.2% прошли все фильтры)
2026-01-23 15:20:38,696 - INFO - Причины отсева сохранены в results/filter_reasons_20260123_152038.csv
2026-01-23 15:20:38,697 - INFO -   Pair stability filter: 103 → 63 (window=2, min_steps=1, history=2)
2026-01-23 15:20:38,697 - INFO -   Фильтрация: 250 → 63 пар
2026-01-23 15:20:38,697 - INFO - ⇠ filtering pairs by cointegration and half-life — done in 11.60s
2026-01-23 15:20:38,697 - INFO - ⇠ WF-шаг 3/3: training 2024-12-02-2025-03-01, testing 2025-03-02-2025-04-01 — done in 17.87s
2026-01-23 15:20:38,699 - INFO -   Ограничение max_pairs=15: 63 → 15
2026-01-23 15:20:38,699 - INFO -   Топ-3 пары по волатильности спреда:
2026-01-23 15:20:38,699 - INFO -     1. BTCUSDC-BTCUSDT: beta=1.0032, std=65.7783
2026-01-23 15:20:38,699 - INFO -     2. ETHDAI-ETHEUR: beta=1.0539, std=36.1543
2026-01-23 15:20:38,699 - INFO -     3. ETCUSDT-JUVUSDT: beta=14.3982, std=3.0702
2026-01-23 15:20:38,699 - INFO -   Всего пар для торговли: 15 (ограничение 15 применяется к одновременно открытым позициям)
2026-01-23 15:20:38,699 - INFO -   💰 Проверка расчета капитала: equity=$1,174.35, кандидатных_пар=15, max_позиций=15
2026-01-23 15:20:38,699 - INFO -   🎯 Target concurrency: 15 (ожидаемое одновременное число позиций)
2026-01-23 15:20:38,700 - INFO -   📊 Детали расчета капитала:
2026-01-23 15:20:38,700 - INFO -      • Базовый капитал на пару: $78.29 (equity / target_concurrency)
2026-01-23 15:20:38,700 - INFO -      • Риск-капитал: $20.55 (1.8% от equity)
2026-01-23 15:20:38,700 - INFO -      • Макс. размер позиции: $58.72 (5.0% от equity)
2026-01-23 15:20:38,700 - INFO -      • Итоговый капитал на пару: $20.55
2026-01-23 15:20:38,700 - INFO - ⇢ WF-шаг 3/3 backtests — starting 15 items
2026-01-23 15:20:38,700 - INFO - 🚀 WF-шаг 3/3: Начинаем бэктесты для 15 пар...
2026-01-23 15:20:38,700 - INFO - 🚀 WF-шаг 3/3: Запускаем параллельную обработку 15 пар на 8 ядрах...
2026-01-23 15:20:38,700 - INFO - 🚀 WF-шаг 3/3: Режим параллельности: процессы
⚙️  Загрузка данных за период: 2024-12-02 -> 2025-04-01
📂 Найдено 43 parquet файлов для обработки.
📊 Схема данных: Schema({'timestamp': Int64, 'open': Float64, 'high': Float64, 'low': Float64, 'close': Float64, 'volume': Float64, 'turnover': String, 'ts_ms': Int64, 'symbol': String})
✅ Загружено 6507634 записей с помощью Polars.
📊 Типы данных в pandas: timestamp       datetime64[us]
symbol                  object
close                  float64
timestamp_ms             int64
dtype: object
2026-01-23 15:20:38,770 - coint2.engine.numba_engine - INFO - Запуск Numba-оптимизированного бэктеста для BTCUSDC-BTCUSDT
2026-01-23 15:20:38,803 - coint2.engine.numba_engine - INFO - Запуск Numba-оптимизированного бэктеста для ETHDAI-ETHEUR
2026-01-23 15:20:38,840 - coint2.engine.numba_engine - INFO - Запуск Numba-оптимизированного бэктеста для ETCUSDT-JUVUSDT
2026-01-23 15:20:38,852 - coint2.engine.numba_engine - INFO - Запуск Numba-оптимизированного бэктеста для AXSUSDT-DOTUSDT
2026-01-23 15:20:38,872 - coint2.engine.numba_engine - INFO - Запуск Numba-оптимизированного бэктеста для FILUSDC-JUVUSDT
2026-01-23 15:20:38,886 - coint2.engine.numba_engine - INFO - Запуск Numba-оптимизированного бэктеста для DYDXUSDT-KCALUSDT
2026-01-23 15:20:38,909 - coint2.engine.numba_engine - INFO - Запуск Numba-оптимизированного бэктеста для FILUSDT-JUVUSDT
2026-01-23 15:20:38,924 - coint2.engine.numba_engine - INFO - Запуск Numba-оптимизированного бэктеста для CYBERUSDT-FIDAUSDT
2026-01-23 15:20:38,942 - coint2.engine.numba_engine - INFO - Запуск Numba-оптимизированного бэктеста для AVAUSDT-FLOWUSDT
2026-01-23 15:20:38,955 - coint2.engine.numba_engine - INFO - Запуск Numba-оптимизированного бэктеста для DYDXUSDT-KSMUSDT
2026-01-23 15:20:38,978 - coint2.engine.numba_engine - INFO - Запуск Numba-оптимизированного бэктеста для AVAUSDT-KASTAUSDT
2026-01-23 15:20:38,995 - coint2.engine.numba_engine - INFO - Запуск Numba-оптимизированного бэктеста для APEXUSDC-KASTAUSDT
2026-01-23 15:20:39,012 - coint2.engine.numba_engine - INFO - Запуск Numba-оптимизированного бэктеста для AXSUSDT-DOTUSDC
2026-01-23 15:20:39,026 - coint2.engine.numba_engine - INFO - Запуск Numba-оптимизированного бэктеста для APEXUSDT-KASTAUSDT
2026-01-23 15:20:39,062 - coint2.engine.numba_engine - INFO - Запуск Numba-оптимизированного бэктеста для ARTYUSDT-KDAUSDT
2026-01-23 15:20:39,120 - INFO -   ⏱️ Параллельная обработка завершена за 0.4с (35.8 пар/с)
2026-01-23 15:20:39,131 - coint2.pipeline.walk_forward_orchestrator - INFO - 🎯 СИМУЛЯЦИЯ ПОРТФЕЛЯ: 15 пар, лимит 15 позиций
2026-01-23 15:20:39,787 - coint2.pipeline.walk_forward_orchestrator - INFO -    📈 Макс. одновременных сигналов: 12
2026-01-23 15:20:39,787 - coint2.pipeline.walk_forward_orchestrator - INFO -    📊 Средн. сигналов за период: 5.5
2026-01-23 15:20:39,787 - coint2.pipeline.walk_forward_orchestrator - INFO -    🎯 Финальных активных позиций: 11
2026-01-23 15:20:39,789 - coint2.pipeline.walk_forward_orchestrator - INFO -    ⚡ Утилизация лимита позиций: 36.9%
2026-01-23 15:20:39,789 - INFO - ⇠ WF-шаг 3/3 backtests — completed 15 items in 1.09s (13.8 items/s)
2026-01-23 15:20:39,789 - INFO -   ✅ Обработка завершена: 15 успешно, 0 с ошибками
2026-01-23 15:20:39,789 - INFO -   📊 Успешность: 100.0%, прибыльность: 53.3%, сделок/пара: 48.3
2026-01-23 15:20:39,789 - INFO -   ✅ Завершены бэктесты для 15 пар
2026-01-23 15:20:39,789 - INFO -   📊 Всего обработано пар в этом шаге: 15
2026-01-23 15:20:39,789 - INFO -   📈 Результаты шага: 8/15 прибыльных пар, 724 сделок
2026-01-23 15:20:39,789 - INFO -   💰 P&L шага: $+26.22
2026-01-23 15:20:39,790 - INFO -   ⇢ Обновление капитала и дневного P&L...
2026-01-23 15:20:41,309 - INFO -   💼 Шаг P&L: $+26.22, Накопленный капитал: $1,200.57
2026-01-23 15:20:41,310 - INFO - ------------------------------------------------------------
2026-01-23 15:20:41,310 - INFO -   Walk-forward steps: 3 / 3 (100.0%) | 0.1 items/s | ETA: 0.0s
2026-01-23 15:20:41,310 - INFO - ⇠ Walk-forward steps — completed 3 items in 55.21s (0.1 items/s)
2026-01-23 15:20:41,310 - INFO - ================================================================================
2026-01-23 15:20:41,310 - INFO - 🏁 Walk-forward анализ завершен!
2026-01-23 15:20:41,310 - INFO - ⏱️ Обработано 3 шагов за 2.6 секунд
2026-01-23 15:20:41,310 - INFO - 📊 Всего обработано пар за весь анализ: 45
2026-01-23 15:20:41,310 - INFO - 💰 Финальный капитал: $1,200.57 (было $1,000.00)
2026-01-23 15:20:41,310 - INFO - 📈 Общая доходность: +20.06% ($+200.57)
2026-01-23 15:20:41,310 - INFO - 📊 Всего сделок: 0
2026-01-23 15:20:41,310 - INFO - ================================================================================
2026-01-23 15:20:41,310 - INFO - ✓ Завершены все 3 WF-шагов
2026-01-23 15:20:41,310 - INFO - ⇢ Обработка финальных результатов и расчет метрик...
2026-01-23 15:20:41,310 - INFO - ⇢ processing final results — start
2026-01-23 15:20:41,311 - INFO -   ⇢ Агрегация данных P&L за 8643 торговых дней
2026-01-23 15:20:41,333 - INFO -   ⇢ Расчет базовых метрик производительности...
2026-01-23 15:20:41,333 - INFO -     📊 Данные для анализа: 8643 записей P&L, 8641 точек equity
2026-01-23 15:20:41,335 - INFO -   ⇢ Расчет расширенных метрик (волатильность, Calmar ratio, и др.)...
2026-01-23 15:20:41,336 - INFO -   ✅ Расширенные метрики рассчитаны: 6 показателей
2026-01-23 15:20:41,336 - INFO -   ⇢ Анализ статистики по 45 парам...
2026-01-23 15:20:41,340 - INFO - ✅ Рассчитаны метрики производительности (26 показателей)
2026-01-23 15:20:41,340 - INFO -   💰 Общий P&L: $+200.57
2026-01-23 15:20:41,340 - INFO -   📊 Sharpe Ratio: 1.729
2026-01-23 15:20:41,340 - INFO -   📉 Максимальная просадка: -49620.53%
2026-01-23 15:20:41,340 - INFO -   🔄 Всего сделок: 2259
2026-01-23 15:20:41,340 - INFO -   📈 Торгуемых пар: 29
2026-01-23 15:20:41,340 - INFO -   💸 Общие издержки: $159.23
2026-01-23 15:20:41,341 - coint2.metrics - INFO - Metric: total_pnl
2026-01-23 15:20:41,341 - coint2.metrics - INFO - Metric: sharpe_ratio_abs
2026-01-23 15:20:41,341 - coint2.metrics - INFO - Metric: max_drawdown_pct
2026-01-23 15:20:41,341 - coint2.metrics - INFO - Metric: total_trades
2026-01-23 15:20:41,341 - coint2.metrics - INFO - Metric: total_pairs_traded
2026-01-23 15:20:41,341 - coint2.metrics - INFO - Metric: total_costs
2026-01-23 15:20:41,342 - INFO - ⇠ processing final results — done in 0.03s
2026-01-23 15:20:41,342 - INFO - ⇢ Создание отчетов и сохранение результатов...
2026-01-23 15:20:41,342 - INFO - ⇢ generating reports — start
2026-01-23 15:20:41,342 - INFO -   ⇢ Создание отчета о производительности...
2026-01-23 15:20:47,623 - INFO -   ✓ Отчет о производительности создан
2026-01-23 15:20:47,624 - INFO -   ⇢ Сохранение данных в CSV файлы...
2026-01-23 15:20:47,626 - INFO - 📋 Метрики сохранены: artifacts/wfa/runs/20260123_budget1000_oos20250101_20250630_top50_maxnot40_riskfine2_shortlist/stress_relaxed8_nokpss_20260123_oos20250101_20250630_top50_z1p00_exit0p06_hold180_cd180_ms0p2_cap1000_maxnot40_risk0p0175_minnot15_maxpairs15/strategy_metrics.csv
2026-01-23 15:20:47,627 - INFO - 📈 Дневные P&L сохранены: artifacts/wfa/runs/20260123_budget1000_oos20250101_20250630_top50_maxnot40_riskfine2_shortlist/stress_relaxed8_nokpss_20260123_oos20250101_20250630_top50_z1p00_exit0p06_hold180_cd180_ms0p2_cap1000_maxnot40_risk0p0175_minnot15_maxpairs15/daily_pnl.csv (91 записей)
2026-01-23 15:20:47,658 - INFO - 💹 Кривая капитала сохранена: artifacts/wfa/runs/20260123_budget1000_oos20250101_20250630_top50_maxnot40_riskfine2_shortlist/stress_relaxed8_nokpss_20260123_oos20250101_20250630_top50_z1p00_exit0p06_hold180_cd180_ms0p2_cap1000_maxnot40_risk0p0175_minnot15_maxpairs15/equity_curve.csv (8641 точек)
2026-01-23 15:20:47,662 - INFO - 📋 Статистика сделок сохранена: artifacts/wfa/runs/20260123_budget1000_oos20250101_20250630_top50_maxnot40_riskfine2_shortlist/stress_relaxed8_nokpss_20260123_oos20250101_20250630_top50_z1p00_exit0p06_hold180_cd180_ms0p2_cap1000_maxnot40_risk0p0175_minnot15_maxpairs15/trade_statistics.csv (45 записей)
2026-01-23 15:20:47,662 - INFO - 🎉 Walk-Forward анализ полностью завершен!
2026-01-23 15:20:47,662 - INFO - 📊 Все отчеты и данные сохранены в: artifacts/wfa/runs/20260123_budget1000_oos20250101_20250630_top50_maxnot40_riskfine2_shortlist/stress_relaxed8_nokpss_20260123_oos20250101_20250630_top50_z1p00_exit0p06_hold180_cd180_ms0p2_cap1000_maxnot40_risk0p0175_minnot15_maxpairs15
2026-01-23 15:20:47,662 - INFO - 💼 Итоговый капитал: $1,200.57
2026-01-23 15:20:47,662 - INFO - ⏱️  Общее время выполнения: 9.0 секунд
2026-01-23 15:20:47,662 - INFO - ⇠ generating reports — done in 6.32s
2026-01-23 15:20:47,662 - coint2.core.memory_optimization - INFO - 🧹 Cleaning up global price data
2026-01-23 15:20:47,668 - coint2.core.memory_optimization - INFO - 📊 No global rolling stats to clean up
2026-01-23 15:20:47,669 - INFO - 🧹 Memory-mapped data cleaned up
2026-01-23 15:20:47,670 - INFO - ⇠ run_walk_forward_analysis — done in 70.72s
📊 Отчет сохранен: artifacts/wfa/runs/20260123_budget1000_oos20250101_20250630_top50_maxnot40_riskfine2_shortlist/stress_relaxed8_nokpss_20260123_oos20250101_20250630_top50_z1p00_exit0p06_hold180_cd180_ms0p2_cap1000_maxnot40_risk0p0175_minnot15_maxpairs15/CointegrationStrategy_performance_report.png
🎯 ============================================================
📊 ИТОГИ ТОРГОВОЙ СТРАТЕГИИ
🎯 ============================================================

💰 ФИНАНСОВЫЕ РЕЗУЛЬТАТЫ:
   • Общий P&L:                          201
   • Максимальная просадка:             -496
   • Средний дневной P&L:                  2

📈 МЕТРИКИ РИСКА:
   • Коэффициент Шарпа:               1.7286
   • Волатильность P&L:                38.97
   • Процент прибыльных дней:         52.75%

🔄 ТОРГОВАЯ АКТИВНОСТЬ:
   • Всего торговых дней:                 91
   • Всего сделок:                     2,259
   • Торгуемых пар:                       29
   • Сделок на пару:                    50.2
   • Успешность сделок:               0.89%

💸 РАСХОДЫ И ЭКСТРЕМУМЫ:
   • Общие расходы:                      159
   • Максимальная прибыль:               172
   • Максимальный убыток:               -208
   • Лучшая пара (P&L):                  349
   • Худшая пара (P&L):                 -114

📊 ОЦЕНКА СТРАТЕГИИ:
   ✅ ОТЛИЧНАЯ стратегия! Высокий Шарп и положительный результат

🎯 ============================================================

Annualized Sharpe Ratio: 1.72857119543529
[run_wfa_fullcpu] end: 2026-01-23T15:20:48Z
