[run_wfa_queue] 2026-01-23T14:57:41Z cmd: /opt/coint4/coint4/run_wfa_fullcpu.sh configs/budget_20260123_1000_capsweep_oos20240101_20240630_top50_maxnot40_riskfine2_minnotgrid_maxpairsgrid/stress_relaxed8_nokpss_20260123_oos20240101_20240630_top50_z1p00_exit0p06_hold180_cd180_ms0p2_cap1000_maxnot40_risk0p02_minnot15_maxpairs15.yaml artifacts/wfa/runs/20260123_budget1000_oos20240101_20240630_top50_maxnot40_riskfine2_minnotgrid_maxpairsgrid/stress_relaxed8_nokpss_20260123_oos20240101_20240630_top50_z1p00_exit0p06_hold180_cd180_ms0p2_cap1000_maxnot40_risk0p02_minnot15_maxpairs15
[run_wfa_fullcpu] start: 2026-01-23T14:57:41Z
[run_wfa_fullcpu] os.cpu_count: 8
[run_wfa_fullcpu] worker_pid=12247
2026-01-23 14:57:44,878 - coint2.core.memory_optimization - INFO - ✅ BLAS threading limits set to 1 via threadpoolctl
2026-01-23 14:57:44,879 - coint2.core.memory_optimization - INFO - 🔧 Controlled libraries: openblas, openmp
2026-01-23 14:57:44,879 - coint2.core.memory_optimization - INFO - 🧵 Process threads: 2 → 2
2026-01-23 14:57:44,879 - coint2.core.memory_optimization - INFO - 📝 Set 11 environment variables
2026-01-23 14:57:45,223 - INFO - ✅ Параметры конфигурации валидны
2026-01-23 14:57:45,223 - INFO - 📝 Некоторые параметры были скорректированы:
2026-01-23 14:57:45,386 - INFO - 🔒 WFA: фиксированный universe из artifacts/universe/20260119_relaxed8_strict_preholdout_v2/pairs_universe.yaml (250 пар)
2026-01-23 14:57:45,386 - INFO -   Шаг 1: тренировка 2023-10-03-2023-12-31, тест 2024-01-01-2024-01-31
2026-01-23 14:57:45,386 - INFO -   Шаг 2: тренировка 2023-11-02-2024-01-30, тест 2024-01-31-2024-03-01
2026-01-23 14:57:45,387 - INFO -   Шаг 3: тренировка 2023-12-02-2024-02-29, тест 2024-03-01-2024-03-31
2026-01-23 14:57:45,387 - INFO -   Шаг 4: тренировка 2024-01-01-2024-03-30, тест 2024-03-31-2024-04-30
2026-01-23 14:57:45,387 - INFO -   Шаг 5: тренировка 2024-01-31-2024-04-29, тест 2024-04-30-2024-05-30
2026-01-23 14:57:45,387 - INFO -   Шаг 6: тренировка 2024-03-01-2024-05-29, тест 2024-05-30-2024-06-29
2026-01-23 14:57:45,387 - INFO -   Шаг 7: тренировка 2024-03-31-2024-06-28, тест 2024-06-29-2024-07-29
2026-01-23 14:57:45,387 - INFO - 📈 Запланировано 7 walk-forward шагов
2026-01-23 14:57:45,387 - INFO - ⛔ Ограничение WFA шагов: 7 → 3
2026-01-23 14:57:45,387 - WARNING - ⚠️ Маленький буфер между training и testing в шаге 1: 0 дней. Рекомендуется минимум 1 день.
2026-01-23 14:57:45,387 - WARNING - ⚠️ Маленький буфер между training и testing в шаге 2: 0 дней. Рекомендуется минимум 1 день.
2026-01-23 14:57:45,387 - WARNING - ⚠️ Маленький буфер между training и testing в шаге 3: 0 дней. Рекомендуется минимум 1 день.
2026-01-23 14:57:45,387 - INFO - ✅ Шаги успешно запланированы:
2026-01-23 14:57:45,387 - INFO -    Шаг 1: тренировка 2023-10-03-2023-12-31, тест 2024-01-01-2024-01-31
2026-01-23 14:57:45,387 - INFO -    Шаг 2: тренировка 2023-11-02-2024-01-30, тест 2024-01-31-2024-03-01
2026-01-23 14:57:45,387 - INFO -    Шаг 3: тренировка 2023-12-02-2024-02-29, тест 2024-03-01-2024-03-31
2026-01-23 14:57:45,387 - INFO - 🗂️ Consolidating price data for memory-mapped access...
2026-01-23 14:57:45,387 - INFO - 📊 Consolidating data range: 2023-09-28 → 2024-04-05
2026-01-23 14:57:45,387 - coint2.core.memory_optimization - INFO - 🔄 Consolidating price data from data_downloaded to .cache/consolidated_prices.parquet
2026-01-23 14:57:45,387 - INFO - ⇢ loading raw data for consolidation — start
2026-01-23 14:57:45,925 - INFO - ⇠ loading raw data for consolidation — done in 0.54s
2026-01-23 14:57:45,925 - INFO - ⇢ pivoting data to wide format — start
2026-01-23 14:57:49,739 - INFO - ⇠ pivoting data to wide format — done in 3.81s
2026-01-23 14:57:49,791 - coint2.core.memory_optimization - INFO - 📊 Consolidated data: 18241 rows × 366 symbols
2026-01-23 14:57:49,792 - coint2.core.memory_optimization - INFO - 💾 Memory usage: 26.9 MB
2026-01-23 14:57:49,792 - INFO - ⇢ writing consolidated Parquet file — start
2026-01-23 14:57:49,997 - INFO - ⇠ writing consolidated Parquet file — done in 0.20s
2026-01-23 14:57:49,997 - coint2.core.memory_optimization - INFO - ✅ Successfully consolidated data to .cache/consolidated_prices.parquet
2026-01-23 14:57:50,020 - coint2.core.memory_optimization - INFO - 🔄 Initializing memory-mapped price data from .cache/consolidated_prices.parquet
2026-01-23 14:57:50,020 - INFO - ⇢ loading memory-mapped data — start
2026-01-23 14:57:50,020 - coint2.core.memory_optimization - WARNING - ⚠️ memory_map не поддерживается в текущей версии pyarrow, fallback без mmap
2026-01-23 14:57:50,021 - ERROR - ⇠ loading memory-mapped data — failed after 0.00s: Error creating dataset. Could not read schema from '.cache/consolidated_prices.parquet'. Is this a 'parquet' file?: Could not open Parquet input source '.cache/consolidated_prices.parquet': Parquet magic bytes not found in footer. Either the file is corrupted or this is not a parquet file.
2026-01-23 14:57:50,021 - coint2.core.memory_optimization - ERROR - ❌ Error initializing global price data: Error creating dataset. Could not read schema from '.cache/consolidated_prices.parquet'. Is this a 'parquet' file?: Could not open Parquet input source '.cache/consolidated_prices.parquet': Parquet magic bytes not found in footer. Either the file is corrupted or this is not a parquet file.
Traceback (most recent call last):
  File "/opt/coint4/coint4/src/coint2/core/memory_optimization.py", line 166, in initialize_global_price_data
    dataset = ds.dataset(consolidated_path, format="parquet", memory_map=True)
              ^^^^^^^^^^^^^^^^^^^^^^^^^^^^^^^^^^^^^^^^^^^^^^^^^^^^^^^^^^^^^^^^
TypeError: dataset() got an unexpected keyword argument 'memory_map'

During handling of the above exception, another exception occurred:

Traceback (most recent call last):
  File "/opt/coint4/coint4/src/coint2/core/memory_optimization.py", line 169, in initialize_global_price_data
    dataset = ds.dataset(consolidated_path, format="parquet")
              ^^^^^^^^^^^^^^^^^^^^^^^^^^^^^^^^^^^^^^^^^^^^^^^
  File "/opt/coint4/coint4/.venv/lib/python3.12/site-packages/pyarrow/dataset.py", line 790, in dataset
    return _filesystem_dataset(source, **kwargs)
           ^^^^^^^^^^^^^^^^^^^^^^^^^^^^^^^^^^^^^
  File "/opt/coint4/coint4/.venv/lib/python3.12/site-packages/pyarrow/dataset.py", line 482, in _filesystem_dataset
    return factory.finish(schema)
           ^^^^^^^^^^^^^^^^^^^^^^
  File "pyarrow/_dataset.pyx", line 3226, in pyarrow._dataset.DatasetFactory.finish
  File "pyarrow/error.pxi", line 155, in pyarrow.lib.pyarrow_internal_check_status
  File "pyarrow/error.pxi", line 92, in pyarrow.lib.check_status
pyarrow.lib.ArrowInvalid: Error creating dataset. Could not read schema from '.cache/consolidated_prices.parquet'. Is this a 'parquet' file?: Could not open Parquet input source '.cache/consolidated_prices.parquet': Parquet magic bytes not found in footer. Either the file is corrupted or this is not a parquet file.
2026-01-23 14:57:50,023 - INFO - ✅ Memory-mapped data initialized successfully
2026-01-23 14:57:50,024 - INFO - ⇢ Walk-forward steps — starting 3 items
2026-01-23 14:57:50,024 - INFO - 📈 Инициализация equity кривой с первой тестовой даты: 2024-01-01 00:00:00
2026-01-23 14:57:50,024 - INFO - 🔍 WF-шаг 1/3: Валидация временных окон...
2026-01-23 14:57:50,025 - INFO - ⇢ WF-шаг 1/3: training 2023-10-03-2023-12-31, testing 2024-01-01-2024-01-31 — start
2026-01-23 14:57:50,025 - INFO - ⇢ loading step data — start
2026-01-23 14:57:50,250 - INFO - ⇠ loading step data — done in 0.23s
2026-01-23 14:57:52,321 - INFO - 📊 WF-шаг 1/3: Границы данных:
2026-01-23 14:57:52,322 - INFO -    Training: 2023-10-03 00:00:00 → 2023-12-31 23:45:00 (8,640 строк × 329 символов)
2026-01-23 14:57:52,322 - INFO -    Testing:  2024-01-01 00:00:00 → 2024-01-31 00:00:00 (2,881 строк × 329 символов)
2026-01-23 14:57:52,322 - INFO -    Временной разрыв: 0 days 00:15:00
2026-01-23 14:57:52,363 - INFO - ⇢ normalizing training data — start
2026-01-23 14:57:52,403 - INFO -   Символы с NaN значениями: 53
2026-01-23 14:57:52,403 - INFO -   Применяем метод нормализации: rolling_zscore
2026-01-23 14:57:52,426 - INFO - Символы с недостаточной историей: 50 из 329
2026-01-23 14:57:53,039 - INFO - Символы с NaN после нормализации: 279
2026-01-23 14:57:53,047 - INFO - Удалено 1577 начальных строк с NaN от rolling расчетов
2026-01-23 14:57:53,050 - INFO - Итоговое количество символов после нормализации: 279 из 329
2026-01-23 14:57:53,050 - INFO -   Статистика нормализации:
2026-01-23 14:57:53,050 - INFO -     Исходные символы: 329
2026-01-23 14:57:53,050 - INFO -     Недостаточная история: 50
2026-01-23 14:57:53,050 - INFO -     Постоянная цена: 0
2026-01-23 14:57:53,050 - INFO -     NaN после нормализации: 279
2026-01-23 14:57:53,050 - INFO -     Итоговые символы: 279 (84.8%)
2026-01-23 14:57:53,050 - INFO -   После нормализации: 279 символов (потеряно 50)
2026-01-23 14:57:53,050 - INFO -   Отброшено много символов: 50 из 329
2026-01-23 14:57:53,050 - INFO - ⇠ normalizing training data — done in 0.69s
2026-01-23 14:57:53,050 - INFO -   Фиксированный universe: 234 пар (отфильтровано 16 недоступных)
2026-01-23 14:57:53,050 - INFO - ⇢ filtering pairs by cointegration and half-life — start
2026-01-23 14:57:53,051 - INFO - [ФИЛЬТР] Параллельная фильтрация: threads (8 workers)
2026-01-23 14:57:58,753 - INFO - [ФИЛЬТР] После проверки данных: 212 пар
2026-01-23 14:57:58,753 - INFO - [ФИЛЬТР] После фильтра корреляции (>0.4): 163 пар
2026-01-23 14:57:58,753 - INFO - [ФИЛЬТР] После фильтра beta: 141 пар
2026-01-23 14:57:58,753 - INFO - [ФИЛЬТР] После фильтра mean crossings: 141 пар
2026-01-23 14:57:58,753 - INFO - [ФИЛЬТР] После фильтра half-life: 141 пар
2026-01-23 14:57:58,753 - INFO - [ФИЛЬТР] После фильтра коинтеграции: 63 пар
2026-01-23 14:57:58,753 - INFO - [ФИЛЬТР] После фильтра Hurst: 48 пар
2026-01-23 14:57:58,753 - INFO - [ФИЛЬТР] После фильтра KPSS: 48 пар
2026-01-23 14:57:58,753 - INFO - [ФИЛЬТР] После фильтра market microstructure: 44 пар
2026-01-23 14:57:58,753 - INFO - [ФИЛЬТР] Статистика фильтрации (оптимизированный порядок):
2026-01-23 14:57:58,753 - INFO -   1. SSD → Коинтеграция: 234 → 63 пар
2026-01-23 14:57:58,753 - INFO -   2. Коинтеграция → Beta: 63 → 141 пар
2026-01-23 14:57:58,753 - INFO -   3. Beta → Half-life: 141 → 141 пар
2026-01-23 14:57:58,753 - INFO -   4. Half-life → Mean crossings: 141 → 141 пар
2026-01-23 14:57:58,753 - INFO -   5. Mean crossings → Hurst: 141 → 48 пар
2026-01-23 14:57:58,753 - INFO -   6. Hurst → KPSS: 48 → 48 пар
2026-01-23 14:57:58,753 - INFO -   7. KPSS → Market microstructure: 48 → 44 пар
2026-01-23 14:57:58,753 - INFO - [ФИЛЬТР] Причины отсева:
2026-01-23 14:57:58,753 - INFO -   • pvalue: 78 пар (33.3%)
2026-01-23 14:57:58,753 - INFO -   • low_correlation: 49 пар (20.9%)
2026-01-23 14:57:58,753 - INFO -   • insufficient_data: 22 пар (9.4%)
2026-01-23 14:57:58,753 - INFO -   • beta: 22 пар (9.4%)
2026-01-23 14:57:58,754 - INFO -   • hurst: 15 пар (6.4%)
2026-01-23 14:57:58,754 - INFO -   • history: 4 пар (1.7%)
2026-01-23 14:57:58,754 - INFO - [ФИЛЬТР] Итого: 234 → 44 пар (18.8% прошли все фильтры)
2026-01-23 14:57:58,757 - INFO - Причины отсева сохранены в results/filter_reasons_20260123_145758.csv
2026-01-23 14:57:58,757 - INFO -   Pair stability filter: insufficient history (0 < 1), skip
2026-01-23 14:57:58,757 - INFO -   Фильтрация: 234 → 44 пар
2026-01-23 14:57:58,757 - INFO - ⇠ filtering pairs by cointegration and half-life — done in 5.71s
2026-01-23 14:57:58,757 - INFO - ⇠ WF-шаг 1/3: training 2023-10-03-2023-12-31, testing 2024-01-01-2024-01-31 — done in 8.73s
2026-01-23 14:57:58,757 - INFO -   Ограничение max_pairs=15: 44 → 15
2026-01-23 14:57:58,757 - INFO -   Топ-3 пары по волатильности спреда:
2026-01-23 14:57:58,757 - INFO -     1. BTCDAI-BTCEUR: beta=1.1665, std=409.8237
2026-01-23 14:57:58,757 - INFO -     2. ETHDAI-ETHEUR: beta=1.1882, std=22.0629
2026-01-23 14:57:58,757 - INFO -     3. BTCUSDC-BTCUSDT: beta=0.9998, std=13.3093
2026-01-23 14:57:58,757 - INFO -   Всего пар для торговли: 15 (ограничение 15 применяется к одновременно открытым позициям)
2026-01-23 14:57:58,757 - INFO -   💰 Проверка расчета капитала: equity=$1,000.00, кандидатных_пар=15, max_позиций=15
2026-01-23 14:57:58,757 - INFO -   🎯 Target concurrency: 15 (ожидаемое одновременное число позиций)
2026-01-23 14:57:58,758 - INFO -   📊 Детали расчета капитала:
2026-01-23 14:57:58,758 - INFO -      • Базовый капитал на пару: $66.67 (equity / target_concurrency)
2026-01-23 14:57:58,758 - INFO -      • Риск-капитал: $20.00 (2.0% от equity)
2026-01-23 14:57:58,758 - INFO -      • Макс. размер позиции: $50.00 (5.0% от equity)
2026-01-23 14:57:58,758 - INFO -      • Итоговый капитал на пару: $20.00
2026-01-23 14:57:58,758 - INFO - ⇢ WF-шаг 1/3 backtests — starting 15 items
2026-01-23 14:57:58,758 - INFO - 🚀 WF-шаг 1/3: Начинаем бэктесты для 15 пар...
2026-01-23 14:57:58,758 - INFO - 🚀 WF-шаг 1/3: Запускаем параллельную обработку 15 пар на 8 ядрах...
2026-01-23 14:57:58,758 - INFO - 🚀 WF-шаг 1/3: Режим параллельности: процессы
⚙️  Загрузка данных за период: 2023-09-28 -> 2024-04-05
📂 Найдено 43 parquet файлов для обработки.
📊 Схема данных: Schema({'timestamp': Int64, 'open': Float64, 'high': Float64, 'low': Float64, 'close': Float64, 'volume': Float64, 'turnover': String, 'ts_ms': Int64, 'symbol': String})
✅ Загружено 5719620 записей с помощью Polars.
📊 Типы данных в pandas: timestamp       datetime64[us]
symbol                  object
close                  float64
timestamp_ms             int64
dtype: object
⚙️  Загрузка данных за период: 2023-10-03 -> 2024-01-31
📂 Найдено 43 parquet файлов для обработки.
📊 Схема данных: Schema({'timestamp': Int64, 'open': Float64, 'high': Float64, 'low': Float64, 'close': Float64, 'volume': Float64, 'turnover': String, 'ts_ms': Int64, 'symbol': String})
✅ Загружено 3426589 записей с помощью Polars.
📊 Типы данных в pandas: timestamp       datetime64[us]
symbol                  object
close                  float64
timestamp_ms             int64
dtype: object
2026-01-23 14:57:58,793 - coint2.core.memory_optimization - INFO - 🔄 Initializing memory-mapped price data from .cache/consolidated_prices.parquet
2026-01-23 14:57:58,794 - INFO - ⇢ loading memory-mapped data — start
2026-01-23 14:57:58,795 - coint2.core.memory_optimization - WARNING - ⚠️ memory_map не поддерживается в текущей версии pyarrow, fallback без mmap
2026-01-23 14:57:58,819 - coint2.core.memory_optimization - INFO - 🔄 Initializing memory-mapped price data from .cache/consolidated_prices.parquet
2026-01-23 14:57:58,820 - INFO - ⇢ loading memory-mapped data — start
2026-01-23 14:57:58,820 - coint2.core.memory_optimization - WARNING - ⚠️ memory_map не поддерживается в текущей версии pyarrow, fallback без mmap
2026-01-23 14:57:58,845 - coint2.core.memory_optimization - INFO - 🔄 Initializing memory-mapped price data from .cache/consolidated_prices.parquet
2026-01-23 14:57:58,847 - INFO - ⇢ loading memory-mapped data — start
2026-01-23 14:57:58,847 - coint2.core.memory_optimization - WARNING - ⚠️ memory_map не поддерживается в текущей версии pyarrow, fallback без mmap
2026-01-23 14:57:58,870 - coint2.core.memory_optimization - INFO - 🔄 Initializing memory-mapped price data from .cache/consolidated_prices.parquet
2026-01-23 14:57:58,872 - INFO - ⇢ loading memory-mapped data — start
2026-01-23 14:57:58,872 - coint2.core.memory_optimization - WARNING - ⚠️ memory_map не поддерживается в текущей версии pyarrow, fallback без mmap
2026-01-23 14:57:58,899 - coint2.core.memory_optimization - INFO - 🔄 Initializing memory-mapped price data from .cache/consolidated_prices.parquet
2026-01-23 14:57:58,900 - INFO - ⇢ loading memory-mapped data — start
2026-01-23 14:57:58,900 - coint2.core.memory_optimization - WARNING - ⚠️ memory_map не поддерживается в текущей версии pyarrow, fallback без mmap
2026-01-23 14:57:58,923 - coint2.core.memory_optimization - INFO - 🔄 Initializing memory-mapped price data from .cache/consolidated_prices.parquet
2026-01-23 14:57:58,925 - INFO - ⇢ loading memory-mapped data — start
2026-01-23 14:57:58,925 - coint2.core.memory_optimization - WARNING - ⚠️ memory_map не поддерживается в текущей версии pyarrow, fallback без mmap
2026-01-23 14:57:58,939 - INFO - ⇠ loading memory-mapped data — done in 0.14s
2026-01-23 14:57:58,951 - INFO - ⇠ loading memory-mapped data — done in 0.13s
2026-01-23 14:57:58,951 - coint2.core.memory_optimization - INFO - 🔄 Initializing memory-mapped price data from .cache/consolidated_prices.parquet
2026-01-23 14:57:58,952 - INFO - ⇢ loading memory-mapped data — start
2026-01-23 14:57:58,952 - coint2.core.memory_optimization - WARNING - ⚠️ memory_map не поддерживается в текущей версии pyarrow, fallback без mmap
2026-01-23 14:57:58,962 - coint2.core.memory_optimization - INFO - 📊 Loaded 18241 rows × 366 symbols
2026-01-23 14:57:58,962 - coint2.core.memory_optimization - INFO - 📊 Loaded 18241 rows × 366 symbols
2026-01-23 14:57:58,962 - coint2.core.memory_optimization - INFO - 💾 Memory usage: 26.9 MB (memory-mapped)
2026-01-23 14:57:58,963 - coint2.core.memory_optimization - INFO - 💾 Memory usage: 26.9 MB (memory-mapped)
2026-01-23 14:57:58,982 - coint2.engine.numba_engine - INFO - Запуск Numba-оптимизированного бэктеста для BTCDAI-BTCEUR
2026-01-23 14:57:58,989 - coint2.core.memory_optimization - INFO - 🔄 Initializing memory-mapped price data from .cache/consolidated_prices.parquet
2026-01-23 14:57:58,991 - INFO - ⇢ loading memory-mapped data — start
2026-01-23 14:57:58,991 - coint2.core.memory_optimization - WARNING - ⚠️ memory_map не поддерживается в текущей версии pyarrow, fallback без mmap
2026-01-23 14:57:58,991 - INFO - ⇠ loading memory-mapped data — done in 0.14s
2026-01-23 14:57:58,999 - coint2.engine.numba_engine - INFO - Запуск Numba-оптимизированного бэктеста для ETHDAI-ETHEUR
2026-01-23 14:57:59,010 - coint2.core.memory_optimization - INFO - 📊 Loaded 18241 rows × 366 symbols
2026-01-23 14:57:59,010 - coint2.core.memory_optimization - INFO - 💾 Memory usage: 26.9 MB (memory-mapped)
2026-01-23 14:57:59,015 - INFO - ⇠ loading memory-mapped data — done in 0.14s
2026-01-23 14:57:59,032 - coint2.core.memory_optimization - INFO - 📊 Loaded 18241 rows × 366 symbols
2026-01-23 14:57:59,032 - coint2.core.memory_optimization - INFO - 💾 Memory usage: 26.9 MB (memory-mapped)
2026-01-23 14:57:59,034 - coint2.engine.numba_engine - INFO - Запуск Numba-оптимизированного бэктеста для BTCUSDC-BTCUSDT
2026-01-23 14:57:59,060 - coint2.engine.numba_engine - INFO - Запуск Numba-оптимизированного бэктеста для ETCUSDT-JUVUSDT
2026-01-23 14:57:59,061 - INFO - ⇠ loading memory-mapped data — done in 0.14s
2026-01-23 14:57:59,063 - coint2.engine.numba_engine - INFO - Запуск Numba-оптимизированного бэктеста для APEUSDC-HFTUSDC
2026-01-23 14:57:59,072 - coint2.core.memory_optimization - INFO - 📊 Loaded 18241 rows × 366 symbols
2026-01-23 14:57:59,072 - coint2.core.memory_optimization - INFO - 💾 Memory usage: 26.9 MB (memory-mapped)
2026-01-23 14:57:59,075 - coint2.engine.numba_engine - INFO - Запуск Numba-оптимизированного бэктеста для APEUSDT-HFTUSDC
2026-01-23 14:57:59,079 - INFO - ⇠ loading memory-mapped data — done in 0.18s
2026-01-23 14:57:59,090 - coint2.core.memory_optimization - INFO - 📊 Loaded 18241 rows × 366 symbols
2026-01-23 14:57:59,090 - coint2.core.memory_optimization - INFO - 💾 Memory usage: 26.9 MB (memory-mapped)
2026-01-23 14:57:59,092 - coint2.engine.numba_engine - INFO - Запуск Numba-оптимизированного бэктеста для ETHUSDC-ETHUSDT
2026-01-23 14:57:59,110 - coint2.engine.numba_engine - INFO - Запуск Numba-оптимизированного бэктеста для ATOMUSDT-GODSUSDT
2026-01-23 14:57:59,118 - INFO - ⇠ loading memory-mapped data — done in 0.17s
2026-01-23 14:57:59,125 - coint2.engine.numba_engine - INFO - Запуск Numba-оптимизированного бэктеста для APEUSDC-HFTUSDT
2026-01-23 14:57:59,137 - coint2.core.memory_optimization - INFO - 📊 Loaded 18241 rows × 366 symbols
2026-01-23 14:57:59,138 - coint2.core.memory_optimization - INFO - 💾 Memory usage: 26.9 MB (memory-mapped)
2026-01-23 14:57:59,148 - coint2.engine.numba_engine - INFO - Запуск Numba-оптимизированного бэктеста для APEUSDT-HFTUSDT
2026-01-23 14:57:59,156 - coint2.engine.numba_engine - INFO - Запуск Numba-оптимизированного бэктеста для AXSUSDT-DOTUSDT
2026-01-23 14:57:59,163 - coint2.engine.numba_engine - INFO - Запуск Numba-оптимизированного бэктеста для AGLDUSDT-HFTUSDT
2026-01-23 14:57:59,167 - INFO - ⇠ loading memory-mapped data — done in 0.18s
2026-01-23 14:57:59,178 - coint2.core.memory_optimization - INFO - 📊 Loaded 18241 rows × 366 symbols
2026-01-23 14:57:59,178 - coint2.core.memory_optimization - INFO - 💾 Memory usage: 26.9 MB (memory-mapped)
2026-01-23 14:57:59,185 - coint2.engine.numba_engine - INFO - Запуск Numba-оптимизированного бэктеста для AGLDUSDT-HFTUSDC
2026-01-23 14:57:59,196 - coint2.engine.numba_engine - INFO - Запуск Numba-оптимизированного бэктеста для AXSUSDT-DOTUSDC
2026-01-23 14:57:59,237 - coint2.engine.numba_engine - INFO - Запуск Numba-оптимизированного бэктеста для APEUSDC-ATOMUSDT
2026-01-23 14:57:59,307 - INFO -   ⏱️ Параллельная обработка завершена за 0.5с (27.3 пар/с)
2026-01-23 14:57:59,317 - coint2.pipeline.walk_forward_orchestrator - INFO - 🎯 СИМУЛЯЦИЯ ПОРТФЕЛЯ: 15 пар, лимит 15 позиций
2026-01-23 14:57:59,960 - coint2.pipeline.walk_forward_orchestrator - INFO -    📈 Макс. одновременных сигналов: 14
2026-01-23 14:57:59,960 - coint2.pipeline.walk_forward_orchestrator - INFO -    📊 Средн. сигналов за период: 6.3
2026-01-23 14:57:59,960 - coint2.pipeline.walk_forward_orchestrator - INFO -    🎯 Финальных активных позиций: 2
2026-01-23 14:57:59,961 - coint2.pipeline.walk_forward_orchestrator - INFO -    ⚡ Утилизация лимита позиций: 42.1%
2026-01-23 14:57:59,962 - INFO - ⇠ WF-шаг 1/3 backtests — completed 15 items in 1.20s (12.5 items/s)
2026-01-23 14:57:59,962 - INFO -   ✅ Обработка завершена: 15 успешно, 0 с ошибками
2026-01-23 14:57:59,962 - INFO -   📊 Успешность: 100.0%, прибыльность: 73.3%, сделок/пара: 52.7
2026-01-23 14:57:59,962 - INFO -   ✅ Завершены бэктесты для 15 пар
2026-01-23 14:57:59,962 - INFO -   📊 Всего обработано пар в этом шаге: 15
2026-01-23 14:57:59,962 - INFO -   📈 Результаты шага: 11/15 прибыльных пар, 790 сделок
2026-01-23 14:57:59,962 - INFO -   💰 P&L шага: $+424.12
2026-01-23 14:57:59,962 - INFO -   ⇢ Обновление капитала и дневного P&L...
2026-01-23 14:58:01,134 - INFO -   💼 Шаг P&L: $+424.12, Накопленный капитал: $1,424.12
2026-01-23 14:58:01,134 - INFO - ------------------------------------------------------------
2026-01-23 14:58:01,134 - INFO -   Walk-forward steps: 1 / 3 (33.3%) | 0.1 items/s | ETA: 22.2s
2026-01-23 14:58:01,134 - INFO - 🔍 WF-шаг 2/3: Валидация временных окон...
2026-01-23 14:58:01,135 - INFO - ⇢ WF-шаг 2/3: training 2023-11-02-2024-01-30, testing 2024-01-31-2024-03-01 — start
2026-01-23 14:58:01,135 - INFO - ⇢ loading step data — start
2026-01-23 14:58:01,402 - INFO - ⇠ loading step data — done in 0.27s
2026-01-23 14:58:03,271 - INFO - 📊 WF-шаг 2/3: Границы данных:
2026-01-23 14:58:03,272 - INFO -    Training: 2023-11-02 00:00:00 → 2024-01-30 23:45:00 (8,640 строк × 346 символов)
2026-01-23 14:58:03,272 - INFO -    Testing:  2024-01-31 00:00:00 → 2024-03-01 00:00:00 (2,881 строк × 346 символов)
2026-01-23 14:58:03,272 - INFO -    Временной разрыв: 0 days 00:15:00
2026-01-23 14:58:03,516 - INFO - ⇢ normalizing training data — start
2026-01-23 14:58:03,558 - INFO -   Символы с NaN значениями: 63
2026-01-23 14:58:03,558 - INFO -   Применяем метод нормализации: rolling_zscore
2026-01-23 14:58:03,582 - INFO - Символы с недостаточной историей: 58 из 346
2026-01-23 14:58:04,199 - INFO - Символы с NaN после нормализации: 288
2026-01-23 14:58:04,208 - INFO - Удалено 1193 начальных строк с NaN от rolling расчетов
2026-01-23 14:58:04,211 - INFO - Итоговое количество символов после нормализации: 288 из 346
2026-01-23 14:58:04,211 - INFO -   Статистика нормализации:
2026-01-23 14:58:04,211 - INFO -     Исходные символы: 346
2026-01-23 14:58:04,211 - INFO -     Недостаточная история: 58
2026-01-23 14:58:04,211 - INFO -     Постоянная цена: 0
2026-01-23 14:58:04,211 - INFO -     NaN после нормализации: 288
2026-01-23 14:58:04,211 - INFO -     Итоговые символы: 288 (83.2%)
2026-01-23 14:58:04,211 - INFO -   После нормализации: 288 символов (потеряно 58)
2026-01-23 14:58:04,211 - INFO -   Отброшено много символов: 58 из 346
2026-01-23 14:58:04,211 - INFO - ⇠ normalizing training data — done in 0.70s
2026-01-23 14:58:04,212 - INFO -   Фиксированный universe: 246 пар (отфильтровано 4 недоступных)
2026-01-23 14:58:04,212 - INFO - ⇢ filtering pairs by cointegration and half-life — start
2026-01-23 14:58:04,212 - INFO - [ФИЛЬТР] Параллельная фильтрация: threads (8 workers)
2026-01-23 14:58:09,930 - INFO - [ФИЛЬТР] После проверки данных: 218 пар
2026-01-23 14:58:09,931 - INFO - [ФИЛЬТР] После фильтра корреляции (>0.4): 122 пар
2026-01-23 14:58:09,931 - INFO - [ФИЛЬТР] После фильтра beta: 108 пар
2026-01-23 14:58:09,931 - INFO - [ФИЛЬТР] После фильтра mean crossings: 108 пар
2026-01-23 14:58:09,931 - INFO - [ФИЛЬТР] После фильтра half-life: 108 пар
2026-01-23 14:58:09,931 - INFO - [ФИЛЬТР] После фильтра коинтеграции: 72 пар
2026-01-23 14:58:09,931 - INFO - [ФИЛЬТР] После фильтра Hurst: 55 пар
2026-01-23 14:58:09,931 - INFO - [ФИЛЬТР] После фильтра KPSS: 55 пар
2026-01-23 14:58:09,931 - INFO - [ФИЛЬТР] После фильтра market microstructure: 49 пар
2026-01-23 14:58:09,931 - INFO - [ФИЛЬТР] Статистика фильтрации (оптимизированный порядок):
2026-01-23 14:58:09,931 - INFO -   1. SSD → Коинтеграция: 246 → 72 пар
2026-01-23 14:58:09,931 - INFO -   2. Коинтеграция → Beta: 72 → 108 пар
2026-01-23 14:58:09,931 - INFO -   3. Beta → Half-life: 108 → 108 пар
2026-01-23 14:58:09,931 - INFO -   4. Half-life → Mean crossings: 108 → 108 пар
2026-01-23 14:58:09,931 - INFO -   5. Mean crossings → Hurst: 108 → 55 пар
2026-01-23 14:58:09,931 - INFO -   6. Hurst → KPSS: 55 → 55 пар
2026-01-23 14:58:09,931 - INFO -   7. KPSS → Market microstructure: 55 → 49 пар
2026-01-23 14:58:09,931 - INFO - [ФИЛЬТР] Причины отсева:
2026-01-23 14:58:09,931 - INFO -   • low_correlation: 96 пар (39.0%)
2026-01-23 14:58:09,931 - INFO -   • pvalue: 36 пар (14.6%)
2026-01-23 14:58:09,931 - INFO -   • insufficient_data: 28 пар (11.4%)
2026-01-23 14:58:09,931 - INFO -   • hurst: 17 пар (6.9%)
2026-01-23 14:58:09,931 - INFO -   • beta: 14 пар (5.7%)
2026-01-23 14:58:09,931 - INFO -   • history: 6 пар (2.4%)
2026-01-23 14:58:09,931 - INFO - [ФИЛЬТР] Итого: 246 → 49 пар (19.9% прошли все фильтры)
2026-01-23 14:58:09,933 - INFO - Причины отсева сохранены в results/filter_reasons_20260123_145809.csv
2026-01-23 14:58:09,934 - INFO -   Pair stability filter: 49 → 31 (window=2, min_steps=1, history=1)
2026-01-23 14:58:09,934 - INFO -   Фильтрация: 246 → 31 пар
2026-01-23 14:58:09,934 - INFO - ⇠ filtering pairs by cointegration and half-life — done in 5.72s
2026-01-23 14:58:09,934 - INFO - ⇠ WF-шаг 2/3: training 2023-11-02-2024-01-30, testing 2024-01-31-2024-03-01 — done in 8.80s
2026-01-23 14:58:09,934 - INFO -   Ограничение max_pairs=15: 31 → 15
2026-01-23 14:58:09,934 - INFO -   Топ-3 пары по волатильности спреда:
2026-01-23 14:58:09,934 - INFO -     1. BTCDAI-BTCEUR: beta=1.1459, std=574.8675
2026-01-23 14:58:09,934 - INFO -     2. ETHDAI-ETHEUR: beta=1.1311, std=22.8903
2026-01-23 14:58:09,934 - INFO -     3. BTCUSDC-BTCUSDT: beta=0.9990, std=20.6114
2026-01-23 14:58:09,934 - INFO -   Всего пар для торговли: 15 (ограничение 15 применяется к одновременно открытым позициям)
2026-01-23 14:58:09,934 - INFO -   💰 Проверка расчета капитала: equity=$1,424.12, кандидатных_пар=15, max_позиций=15
2026-01-23 14:58:09,935 - INFO -   🎯 Target concurrency: 15 (ожидаемое одновременное число позиций)
2026-01-23 14:58:09,935 - INFO -   📊 Детали расчета капитала:
2026-01-23 14:58:09,935 - INFO -      • Базовый капитал на пару: $94.94 (equity / target_concurrency)
2026-01-23 14:58:09,935 - INFO -      • Риск-капитал: $28.48 (2.0% от equity)
2026-01-23 14:58:09,935 - INFO -      • Макс. размер позиции: $71.21 (5.0% от equity)
2026-01-23 14:58:09,935 - INFO -      • Итоговый капитал на пару: $28.48
2026-01-23 14:58:09,935 - INFO - ⇢ WF-шаг 2/3 backtests — starting 15 items
2026-01-23 14:58:09,935 - INFO - 🚀 WF-шаг 2/3: Начинаем бэктесты для 15 пар...
2026-01-23 14:58:09,935 - INFO - 🚀 WF-шаг 2/3: Запускаем параллельную обработку 15 пар на 8 ядрах...
2026-01-23 14:58:09,935 - INFO - 🚀 WF-шаг 2/3: Режим параллельности: процессы
⚙️  Загрузка данных за период: 2023-11-02 -> 2024-03-01
📂 Найдено 43 parquet файлов для обработки.
📊 Схема данных: Schema({'timestamp': Int64, 'open': Float64, 'high': Float64, 'low': Float64, 'close': Float64, 'volume': Float64, 'turnover': String, 'ts_ms': Int64, 'symbol': String})
✅ Загружено 3596229 записей с помощью Polars.
📊 Типы данных в pandas: timestamp       datetime64[us]
symbol                  object
close                  float64
timestamp_ms             int64
dtype: object
2026-01-23 14:58:09,971 - coint2.core.memory_optimization - INFO - 🔄 Initializing memory-mapped price data from .cache/consolidated_prices.parquet
2026-01-23 14:58:09,972 - INFO - ⇢ loading memory-mapped data — start
2026-01-23 14:58:09,972 - coint2.core.memory_optimization - WARNING - ⚠️ memory_map не поддерживается в текущей версии pyarrow, fallback без mmap
2026-01-23 14:58:09,999 - coint2.core.memory_optimization - INFO - 🔄 Initializing memory-mapped price data from .cache/consolidated_prices.parquet
2026-01-23 14:58:10,000 - INFO - ⇢ loading memory-mapped data — start
2026-01-23 14:58:10,000 - coint2.core.memory_optimization - WARNING - ⚠️ memory_map не поддерживается в текущей версии pyarrow, fallback без mmap
2026-01-23 14:58:10,033 - coint2.core.memory_optimization - INFO - 🔄 Initializing memory-mapped price data from .cache/consolidated_prices.parquet
2026-01-23 14:58:10,034 - INFO - ⇢ loading memory-mapped data — start
2026-01-23 14:58:10,034 - coint2.core.memory_optimization - WARNING - ⚠️ memory_map не поддерживается в текущей версии pyarrow, fallback без mmap
2026-01-23 14:58:10,057 - coint2.core.memory_optimization - INFO - 🔄 Initializing memory-mapped price data from .cache/consolidated_prices.parquet
2026-01-23 14:58:10,058 - INFO - ⇢ loading memory-mapped data — start
2026-01-23 14:58:10,059 - coint2.core.memory_optimization - WARNING - ⚠️ memory_map не поддерживается в текущей версии pyarrow, fallback без mmap
2026-01-23 14:58:10,087 - coint2.core.memory_optimization - INFO - 🔄 Initializing memory-mapped price data from .cache/consolidated_prices.parquet
2026-01-23 14:58:10,089 - INFO - ⇢ loading memory-mapped data — start
2026-01-23 14:58:10,089 - coint2.core.memory_optimization - WARNING - ⚠️ memory_map не поддерживается в текущей версии pyarrow, fallback без mmap
2026-01-23 14:58:10,116 - INFO - ⇠ loading memory-mapped data — done in 0.14s
2026-01-23 14:58:10,121 - coint2.core.memory_optimization - INFO - 🔄 Initializing memory-mapped price data from .cache/consolidated_prices.parquet
2026-01-23 14:58:10,122 - INFO - ⇢ loading memory-mapped data — start
2026-01-23 14:58:10,122 - coint2.core.memory_optimization - WARNING - ⚠️ memory_map не поддерживается в текущей версии pyarrow, fallback без mmap
2026-01-23 14:58:10,128 - coint2.core.memory_optimization - INFO - 📊 Loaded 18241 rows × 366 symbols
2026-01-23 14:58:10,128 - coint2.core.memory_optimization - INFO - 💾 Memory usage: 26.9 MB (memory-mapped)
2026-01-23 14:58:10,145 - INFO - ⇠ loading memory-mapped data — done in 0.14s
2026-01-23 14:58:10,148 - coint2.engine.numba_engine - INFO - Запуск Numba-оптимизированного бэктеста для BTCDAI-BTCEUR
2026-01-23 14:58:10,156 - coint2.core.memory_optimization - INFO - 🔄 Initializing memory-mapped price data from .cache/consolidated_prices.parquet
2026-01-23 14:58:10,158 - INFO - ⇢ loading memory-mapped data — start
2026-01-23 14:58:10,158 - coint2.core.memory_optimization - INFO - 📊 Loaded 18241 rows × 366 symbols
2026-01-23 14:58:10,158 - coint2.core.memory_optimization - WARNING - ⚠️ memory_map не поддерживается в текущей версии pyarrow, fallback без mmap
2026-01-23 14:58:10,158 - coint2.core.memory_optimization - INFO - 💾 Memory usage: 26.9 MB (memory-mapped)
2026-01-23 14:58:10,184 - INFO - ⇠ loading memory-mapped data — done in 0.15s
2026-01-23 14:58:10,188 - coint2.engine.numba_engine - INFO - Запуск Numba-оптимизированного бэктеста для ETHDAI-ETHEUR
2026-01-23 14:58:10,194 - coint2.core.memory_optimization - INFO - 🔄 Initializing memory-mapped price data from .cache/consolidated_prices.parquet
2026-01-23 14:58:10,195 - INFO - ⇢ loading memory-mapped data — start
2026-01-23 14:58:10,195 - coint2.core.memory_optimization - WARNING - ⚠️ memory_map не поддерживается в текущей версии pyarrow, fallback без mmap
2026-01-23 14:58:10,195 - coint2.core.memory_optimization - INFO - 📊 Loaded 18241 rows × 366 symbols
2026-01-23 14:58:10,196 - coint2.core.memory_optimization - INFO - 💾 Memory usage: 26.9 MB (memory-mapped)
2026-01-23 14:58:10,209 - INFO - ⇠ loading memory-mapped data — done in 0.15s
2026-01-23 14:58:10,215 - coint2.engine.numba_engine - INFO - Запуск Numba-оптимизированного бэктеста для BTCUSDC-BTCUSDT
2026-01-23 14:58:10,227 - coint2.engine.numba_engine - INFO - Запуск Numba-оптимизированного бэктеста для AGLDUSDT-HFTUSDT
2026-01-23 14:58:10,230 - coint2.core.memory_optimization - INFO - 📊 Loaded 18241 rows × 366 symbols
2026-01-23 14:58:10,231 - coint2.core.memory_optimization - INFO - 💾 Memory usage: 26.9 MB (memory-mapped)
2026-01-23 14:58:10,233 - INFO - ⇠ loading memory-mapped data — done in 0.14s
2026-01-23 14:58:10,244 - coint2.core.memory_optimization - INFO - 📊 Loaded 18241 rows × 366 symbols
2026-01-23 14:58:10,245 - coint2.core.memory_optimization - INFO - 💾 Memory usage: 26.9 MB (memory-mapped)
2026-01-23 14:58:10,253 - coint2.engine.numba_engine - INFO - Запуск Numba-оптимизированного бэктеста для ETHUSDC-ETHUSDT
2026-01-23 14:58:10,263 - coint2.engine.numba_engine - INFO - Запуск Numba-оптимизированного бэктеста для APEUSDC-HFTUSDT
2026-01-23 14:58:10,273 - coint2.engine.numba_engine - INFO - Запуск Numba-оптимизированного бэктеста для ATOMUSDT-GODSUSDT
2026-01-23 14:58:10,285 - INFO - ⇠ loading memory-mapped data — done in 0.16s
2026-01-23 14:58:10,290 - coint2.engine.numba_engine - INFO - Запуск Numba-оптимизированного бэктеста для APEUSDC-HFTUSDC
2026-01-23 14:58:10,308 - coint2.core.memory_optimization - INFO - 📊 Loaded 18241 rows × 366 symbols
2026-01-23 14:58:10,308 - coint2.core.memory_optimization - INFO - 💾 Memory usage: 26.9 MB (memory-mapped)
2026-01-23 14:58:10,311 - INFO - ⇠ loading memory-mapped data — done in 0.15s
2026-01-23 14:58:10,322 - coint2.core.memory_optimization - INFO - 📊 Loaded 18241 rows × 366 symbols
2026-01-23 14:58:10,323 - coint2.core.memory_optimization - INFO - 💾 Memory usage: 26.9 MB (memory-mapped)
2026-01-23 14:58:10,341 - coint2.engine.numba_engine - INFO - Запуск Numba-оптимизированного бэктеста для AXSUSDT-DOTUSDC
2026-01-23 14:58:10,342 - coint2.engine.numba_engine - INFO - Запуск Numba-оптимизированного бэктеста для APEUSDT-HFTUSDT
2026-01-23 14:58:10,349 - coint2.engine.numba_engine - INFO - Запуск Numba-оптимизированного бэктеста для APEUSDT-HFTUSDC
2026-01-23 14:58:10,353 - coint2.engine.numba_engine - INFO - Запуск Numba-оптимизированного бэктеста для AXSUSDT-DOTUSDT
2026-01-23 14:58:10,402 - INFO - ⇠ loading memory-mapped data — done in 0.21s
2026-01-23 14:58:10,417 - coint2.core.memory_optimization - INFO - 📊 Loaded 18241 rows × 366 symbols
2026-01-23 14:58:10,418 - coint2.core.memory_optimization - INFO - 💾 Memory usage: 26.9 MB (memory-mapped)
2026-01-23 14:58:10,419 - coint2.engine.numba_engine - INFO - Запуск Numba-оптимизированного бэктеста для APEUSDT-ATOMUSDT
2026-01-23 14:58:10,446 - coint2.engine.numba_engine - INFO - Запуск Numba-оптимизированного бэктеста для APEUSDC-ATOMUSDT
2026-01-23 14:58:10,446 - coint2.engine.numba_engine - INFO - Запуск Numba-оптимизированного бэктеста для AGLDUSDT-HFTUSDC
2026-01-23 14:58:10,574 - INFO -   ⏱️ Параллельная обработка завершена за 0.6с (23.5 пар/с)
2026-01-23 14:58:10,585 - coint2.pipeline.walk_forward_orchestrator - INFO - 🎯 СИМУЛЯЦИЯ ПОРТФЕЛЯ: 15 пар, лимит 15 позиций
2026-01-23 14:58:11,238 - coint2.pipeline.walk_forward_orchestrator - INFO -    📈 Макс. одновременных сигналов: 15
2026-01-23 14:58:11,239 - coint2.pipeline.walk_forward_orchestrator - INFO -    📊 Средн. сигналов за период: 6.6
2026-01-23 14:58:11,239 - coint2.pipeline.walk_forward_orchestrator - INFO -    🎯 Финальных активных позиций: 3
2026-01-23 14:58:11,240 - coint2.pipeline.walk_forward_orchestrator - INFO -    ⚡ Утилизация лимита позиций: 43.8%
2026-01-23 14:58:11,240 - INFO - ⇠ WF-шаг 2/3 backtests — completed 15 items in 1.31s (11.5 items/s)
2026-01-23 14:58:11,241 - INFO -   ✅ Обработка завершена: 15 успешно, 0 с ошибками
2026-01-23 14:58:11,241 - INFO -   📊 Успешность: 100.0%, прибыльность: 33.3%, сделок/пара: 51.1
2026-01-23 14:58:11,241 - INFO -   ✅ Завершены бэктесты для 15 пар
2026-01-23 14:58:11,241 - INFO -   📊 Всего обработано пар в этом шаге: 15
2026-01-23 14:58:11,241 - INFO -   📈 Результаты шага: 5/15 прибыльных пар, 767 сделок
2026-01-23 14:58:11,241 - INFO -   💰 P&L шага: $-221.83
2026-01-23 14:58:11,241 - INFO -   ⇢ Обновление капитала и дневного P&L...
2026-01-23 14:58:12,501 - INFO -   💼 Шаг P&L: $-221.83, Накопленный капитал: $1,202.29
2026-01-23 14:58:12,502 - INFO - ------------------------------------------------------------
2026-01-23 14:58:12,502 - INFO -   Walk-forward steps: 2 / 3 (66.7%) | 0.1 items/s | ETA: 11.2s
2026-01-23 14:58:12,502 - INFO - 🔍 WF-шаг 3/3: Валидация временных окон...
2026-01-23 14:58:12,502 - INFO - ⇢ WF-шаг 3/3: training 2023-12-02-2024-02-29, testing 2024-03-01-2024-03-31 — start
2026-01-23 14:58:12,502 - INFO - ⇢ loading step data — start
2026-01-23 14:58:12,782 - INFO - ⇠ loading step data — done in 0.28s
2026-01-23 14:58:14,755 - INFO - 📊 WF-шаг 3/3: Границы данных:
2026-01-23 14:58:14,756 - INFO -    Training: 2023-12-02 00:00:00 → 2024-02-29 23:45:00 (8,640 строк × 361 символов)
2026-01-23 14:58:14,756 - INFO -    Testing:  2024-03-01 00:00:00 → 2024-03-31 00:00:00 (2,881 строк × 361 символов)
2026-01-23 14:58:14,756 - INFO -    Временной разрыв: 0 days 00:15:00
2026-01-23 14:58:14,803 - INFO - ⇢ normalizing training data — start
2026-01-23 14:58:14,848 - INFO -   Символы с NaN значениями: 68
2026-01-23 14:58:14,848 - INFO -   Применяем метод нормализации: rolling_zscore
2026-01-23 14:58:14,874 - INFO - Символы с недостаточной историей: 56 из 361
2026-01-23 14:58:15,547 - INFO - Символы с NaN после нормализации: 305
2026-01-23 14:58:15,556 - INFO - Удалено 1673 начальных строк с NaN от rolling расчетов
2026-01-23 14:58:15,559 - INFO - Итоговое количество символов после нормализации: 305 из 361
2026-01-23 14:58:15,559 - INFO -   Статистика нормализации:
2026-01-23 14:58:15,559 - INFO -     Исходные символы: 361
2026-01-23 14:58:15,559 - INFO -     Недостаточная история: 56
2026-01-23 14:58:15,559 - INFO -     Постоянная цена: 0
2026-01-23 14:58:15,559 - INFO -     NaN после нормализации: 305
2026-01-23 14:58:15,559 - INFO -     Итоговые символы: 305 (84.5%)
2026-01-23 14:58:15,559 - INFO -   После нормализации: 305 символов (потеряно 56)
2026-01-23 14:58:15,559 - INFO -   Отброшено много символов: 56 из 361
2026-01-23 14:58:15,559 - INFO - ⇠ normalizing training data — done in 0.76s
2026-01-23 14:58:15,560 - INFO -   Фиксированный universe: 250 пар (отфильтровано 0 недоступных)
2026-01-23 14:58:15,560 - INFO - ⇢ filtering pairs by cointegration and half-life — start
2026-01-23 14:58:15,560 - INFO - [ФИЛЬТР] Параллельная фильтрация: threads (8 workers)
2026-01-23 14:58:22,745 - INFO - [ФИЛЬТР] После проверки данных: 239 пар
2026-01-23 14:58:22,745 - INFO - [ФИЛЬТР] После фильтра корреляции (>0.4): 137 пар
2026-01-23 14:58:22,745 - INFO - [ФИЛЬТР] После фильтра beta: 127 пар
2026-01-23 14:58:22,746 - INFO - [ФИЛЬТР] После фильтра mean crossings: 127 пар
2026-01-23 14:58:22,746 - INFO - [ФИЛЬТР] После фильтра half-life: 127 пар
2026-01-23 14:58:22,746 - INFO - [ФИЛЬТР] После фильтра коинтеграции: 92 пар
2026-01-23 14:58:22,746 - INFO - [ФИЛЬТР] После фильтра Hurst: 76 пар
2026-01-23 14:58:22,746 - INFO - [ФИЛЬТР] После фильтра KPSS: 76 пар
2026-01-23 14:58:22,746 - INFO - [ФИЛЬТР] После фильтра market microstructure: 68 пар
2026-01-23 14:58:22,746 - INFO - [ФИЛЬТР] Статистика фильтрации (оптимизированный порядок):
2026-01-23 14:58:22,746 - INFO -   1. SSD → Коинтеграция: 250 → 92 пар
2026-01-23 14:58:22,746 - INFO -   2. Коинтеграция → Beta: 92 → 127 пар
2026-01-23 14:58:22,746 - INFO -   3. Beta → Half-life: 127 → 127 пар
2026-01-23 14:58:22,746 - INFO -   4. Half-life → Mean crossings: 127 → 127 пар
2026-01-23 14:58:22,746 - INFO -   5. Mean crossings → Hurst: 127 → 76 пар
2026-01-23 14:58:22,746 - INFO -   6. Hurst → KPSS: 76 → 76 пар
2026-01-23 14:58:22,746 - INFO -   7. KPSS → Market microstructure: 76 → 68 пар
2026-01-23 14:58:22,746 - INFO - [ФИЛЬТР] Причины отсева:
2026-01-23 14:58:22,746 - INFO -   • low_correlation: 102 пар (40.8%)
2026-01-23 14:58:22,746 - INFO -   • pvalue: 35 пар (14.0%)
2026-01-23 14:58:22,746 - INFO -   • hurst: 16 пар (6.4%)
2026-01-23 14:58:22,746 - INFO -   • insufficient_data: 11 пар (4.4%)
2026-01-23 14:58:22,746 - INFO -   • beta: 10 пар (4.0%)
2026-01-23 14:58:22,746 - INFO -   • history: 8 пар (3.2%)
2026-01-23 14:58:22,746 - INFO - [ФИЛЬТР] Итого: 250 → 68 пар (27.2% прошли все фильтры)
2026-01-23 14:58:22,748 - INFO - Причины отсева сохранены в results/filter_reasons_20260123_145822.csv
2026-01-23 14:58:22,749 - INFO -   Pair stability filter: 68 → 29 (window=2, min_steps=1, history=2)
2026-01-23 14:58:22,749 - INFO -   Фильтрация: 250 → 29 пар
2026-01-23 14:58:22,749 - INFO - ⇠ filtering pairs by cointegration and half-life — done in 7.19s
2026-01-23 14:58:22,749 - INFO - ⇠ WF-шаг 3/3: training 2023-12-02-2024-02-29, testing 2024-03-01-2024-03-31 — done in 10.25s
2026-01-23 14:58:22,749 - INFO -   Ограничение max_pairs=15: 29 → 15
2026-01-23 14:58:22,749 - INFO -   Топ-3 пары по волатильности спреда:
2026-01-23 14:58:22,749 - INFO -     1. BTCDAI-BTCEUR: beta=1.0480, std=582.7625
2026-01-23 14:58:22,749 - INFO -     2. ETHDAI-ETHEUR: beta=1.0530, std=30.4486
2026-01-23 14:58:22,749 - INFO -     3. ATOMUSDT-GODSUSDT: beta=8.5838, std=0.6434
2026-01-23 14:58:22,749 - INFO -   Всего пар для торговли: 15 (ограничение 15 применяется к одновременно открытым позициям)
2026-01-23 14:58:22,749 - INFO -   💰 Проверка расчета капитала: equity=$1,202.29, кандидатных_пар=15, max_позиций=15
2026-01-23 14:58:22,749 - INFO -   🎯 Target concurrency: 15 (ожидаемое одновременное число позиций)
2026-01-23 14:58:22,749 - INFO -   📊 Детали расчета капитала:
2026-01-23 14:58:22,749 - INFO -      • Базовый капитал на пару: $80.15 (equity / target_concurrency)
2026-01-23 14:58:22,750 - INFO -      • Риск-капитал: $24.05 (2.0% от equity)
2026-01-23 14:58:22,750 - INFO -      • Макс. размер позиции: $60.11 (5.0% от equity)
2026-01-23 14:58:22,750 - INFO -      • Итоговый капитал на пару: $24.05
2026-01-23 14:58:22,750 - INFO - ⇢ WF-шаг 3/3 backtests — starting 15 items
2026-01-23 14:58:22,750 - INFO - 🚀 WF-шаг 3/3: Начинаем бэктесты для 15 пар...
2026-01-23 14:58:22,750 - INFO - 🚀 WF-шаг 3/3: Запускаем параллельную обработку 15 пар на 8 ядрах...
2026-01-23 14:58:22,750 - INFO - 🚀 WF-шаг 3/3: Режим параллельности: процессы
⚙️  Загрузка данных за период: 2023-12-02 -> 2024-03-31
📂 Найдено 43 parquet файлов для обработки.
📊 Схема данных: Schema({'timestamp': Int64, 'open': Float64, 'high': Float64, 'low': Float64, 'close': Float64, 'volume': Float64, 'turnover': String, 'ts_ms': Int64, 'symbol': String})
✅ Загружено 3779046 записей с помощью Polars.
📊 Типы данных в pandas: timestamp       datetime64[us]
symbol                  object
close                  float64
timestamp_ms             int64
dtype: object
2026-01-23 14:58:22,787 - coint2.core.memory_optimization - INFO - 🔄 Initializing memory-mapped price data from .cache/consolidated_prices.parquet
2026-01-23 14:58:22,788 - INFO - ⇢ loading memory-mapped data — start
2026-01-23 14:58:22,788 - coint2.core.memory_optimization - WARNING - ⚠️ memory_map не поддерживается в текущей версии pyarrow, fallback без mmap
2026-01-23 14:58:22,817 - coint2.core.memory_optimization - INFO - 🔄 Initializing memory-mapped price data from .cache/consolidated_prices.parquet
2026-01-23 14:58:22,818 - INFO - ⇢ loading memory-mapped data — start
2026-01-23 14:58:22,818 - coint2.core.memory_optimization - WARNING - ⚠️ memory_map не поддерживается в текущей версии pyarrow, fallback без mmap
2026-01-23 14:58:22,848 - coint2.core.memory_optimization - INFO - 🔄 Initializing memory-mapped price data from .cache/consolidated_prices.parquet
2026-01-23 14:58:22,849 - INFO - ⇢ loading memory-mapped data — start
2026-01-23 14:58:22,849 - coint2.core.memory_optimization - WARNING - ⚠️ memory_map не поддерживается в текущей версии pyarrow, fallback без mmap
2026-01-23 14:58:22,879 - coint2.core.memory_optimization - INFO - 🔄 Initializing memory-mapped price data from .cache/consolidated_prices.parquet
2026-01-23 14:58:22,880 - INFO - ⇢ loading memory-mapped data — start
2026-01-23 14:58:22,880 - coint2.core.memory_optimization - WARNING - ⚠️ memory_map не поддерживается в текущей версии pyarrow, fallback без mmap
2026-01-23 14:58:22,909 - coint2.core.memory_optimization - INFO - 🔄 Initializing memory-mapped price data from .cache/consolidated_prices.parquet
2026-01-23 14:58:22,910 - INFO - ⇢ loading memory-mapped data — start
2026-01-23 14:58:22,911 - coint2.core.memory_optimization - WARNING - ⚠️ memory_map не поддерживается в текущей версии pyarrow, fallback без mmap
2026-01-23 14:58:22,918 - INFO - ⇠ loading memory-mapped data — done in 0.13s
2026-01-23 14:58:22,931 - coint2.core.memory_optimization - INFO - 📊 Loaded 18241 rows × 366 symbols
2026-01-23 14:58:22,931 - coint2.core.memory_optimization - INFO - 💾 Memory usage: 26.9 MB (memory-mapped)
2026-01-23 14:58:22,941 - coint2.core.memory_optimization - INFO - 🔄 Initializing memory-mapped price data from .cache/consolidated_prices.parquet
2026-01-23 14:58:22,943 - INFO - ⇢ loading memory-mapped data — start
2026-01-23 14:58:22,943 - coint2.core.memory_optimization - WARNING - ⚠️ memory_map не поддерживается в текущей версии pyarrow, fallback без mmap
2026-01-23 14:58:22,950 - coint2.engine.numba_engine - INFO - Запуск Numba-оптимизированного бэктеста для BTCDAI-BTCEUR
2026-01-23 14:58:22,951 - INFO - ⇠ loading memory-mapped data — done in 0.13s
2026-01-23 14:58:22,964 - coint2.core.memory_optimization - INFO - 📊 Loaded 18241 rows × 366 symbols
2026-01-23 14:58:22,964 - coint2.core.memory_optimization - INFO - 💾 Memory usage: 26.9 MB (memory-mapped)
2026-01-23 14:58:22,973 - coint2.core.memory_optimization - INFO - 🔄 Initializing memory-mapped price data from .cache/consolidated_prices.parquet
2026-01-23 14:58:22,974 - INFO - ⇢ loading memory-mapped data — start
2026-01-23 14:58:22,974 - coint2.core.memory_optimization - WARNING - ⚠️ memory_map не поддерживается в текущей версии pyarrow, fallback без mmap
2026-01-23 14:58:22,984 - coint2.engine.numba_engine - INFO - Запуск Numba-оптимизированного бэктеста для ETHDAI-ETHEUR
2026-01-23 14:58:22,985 - INFO - ⇠ loading memory-mapped data — done in 0.14s
2026-01-23 14:58:23,003 - coint2.core.memory_optimization - INFO - 📊 Loaded 18241 rows × 366 symbols
2026-01-23 14:58:23,003 - coint2.core.memory_optimization - INFO - 💾 Memory usage: 26.9 MB (memory-mapped)
2026-01-23 14:58:23,004 - coint2.core.memory_optimization - INFO - 🔄 Initializing memory-mapped price data from .cache/consolidated_prices.parquet
2026-01-23 14:58:23,005 - INFO - ⇢ loading memory-mapped data — start
2026-01-23 14:58:23,005 - coint2.core.memory_optimization - WARNING - ⚠️ memory_map не поддерживается в текущей версии pyarrow, fallback без mmap
2026-01-23 14:58:23,026 - coint2.engine.numba_engine - INFO - Запуск Numba-оптимизированного бэктеста для ATOMUSDT-GODSUSDT
2026-01-23 14:58:23,027 - coint2.engine.numba_engine - INFO - Запуск Numba-оптимизированного бэктеста для APEUSDC-HFTUSDC
2026-01-23 14:58:23,045 - INFO - ⇠ loading memory-mapped data — done in 0.13s
2026-01-23 14:58:23,057 - coint2.core.memory_optimization - INFO - 📊 Loaded 18241 rows × 366 symbols
2026-01-23 14:58:23,057 - coint2.core.memory_optimization - INFO - 💾 Memory usage: 26.9 MB (memory-mapped)
2026-01-23 14:58:23,069 - INFO - ⇠ loading memory-mapped data — done in 0.19s
2026-01-23 14:58:23,076 - coint2.engine.numba_engine - INFO - Запуск Numba-оптимизированного бэктеста для CAKEUSDT-FIDAUSDT
2026-01-23 14:58:23,082 - coint2.engine.numba_engine - INFO - Запуск Numba-оптимизированного бэктеста для APEUSDT-HFTUSDC
2026-01-23 14:58:23,083 - INFO - ⇠ loading memory-mapped data — done in 0.14s
2026-01-23 14:58:23,095 - coint2.core.memory_optimization - INFO - 📊 Loaded 18241 rows × 366 symbols
2026-01-23 14:58:23,095 - coint2.core.memory_optimization - INFO - 💾 Memory usage: 26.9 MB (memory-mapped)
2026-01-23 14:58:23,100 - coint2.core.memory_optimization - INFO - 📊 Loaded 18241 rows × 366 symbols
2026-01-23 14:58:23,100 - coint2.core.memory_optimization - INFO - 💾 Memory usage: 26.9 MB (memory-mapped)
2026-01-23 14:58:23,114 - coint2.engine.numba_engine - INFO - Запуск Numba-оптимизированного бэктеста для APEUSDT-GODSUSDT
2026-01-23 14:58:23,133 - INFO - ⇠ loading memory-mapped data — done in 0.16s
2026-01-23 14:58:23,139 - coint2.engine.numba_engine - INFO - Запуск Numba-оптимизированного бэктеста для ATOMUSDT-KCALUSDT
2026-01-23 14:58:23,145 - coint2.core.memory_optimization - INFO - 📊 Loaded 18241 rows × 366 symbols
2026-01-23 14:58:23,145 - coint2.core.memory_optimization - INFO - 💾 Memory usage: 26.9 MB (memory-mapped)
2026-01-23 14:58:23,148 - coint2.engine.numba_engine - INFO - Запуск Numba-оптимизированного бэктеста для AFCUSDT-ANKRUSDT
2026-01-23 14:58:23,162 - INFO - ⇠ loading memory-mapped data — done in 0.16s
2026-01-23 14:58:23,167 - coint2.engine.numba_engine - INFO - Запуск Numba-оптимизированного бэктеста для AGLDUSDT-HFTUSDC
2026-01-23 14:58:23,175 - coint2.core.memory_optimization - INFO - 📊 Loaded 18241 rows × 366 symbols
2026-01-23 14:58:23,175 - coint2.core.memory_optimization - INFO - 💾 Memory usage: 26.9 MB (memory-mapped)
2026-01-23 14:58:23,188 - coint2.engine.numba_engine - INFO - Запуск Numba-оптимизированного бэктеста для GODSUSDT-KCALUSDT
2026-01-23 14:58:23,188 - coint2.engine.numba_engine - INFO - Запуск Numba-оптимизированного бэктеста для APEUSDC-ATOMUSDT
2026-01-23 14:58:23,193 - coint2.engine.numba_engine - INFO - Запуск Numba-оптимизированного бэктеста для AGLDUSDT-HFTUSDT
2026-01-23 14:58:23,215 - coint2.engine.numba_engine - INFO - Запуск Numba-оптимизированного бэктеста для APEUSDT-ATOMUSDT
2026-01-23 14:58:23,274 - coint2.engine.numba_engine - INFO - Запуск Numba-оптимизированного бэктеста для BICOUSDT-ETHWUSDT
2026-01-23 14:58:23,341 - INFO -   ⏱️ Параллельная обработка завершена за 0.6с (25.4 пар/с)
2026-01-23 14:58:23,359 - coint2.pipeline.walk_forward_orchestrator - INFO - 🎯 СИМУЛЯЦИЯ ПОРТФЕЛЯ: 15 пар, лимит 15 позиций
2026-01-23 14:58:24,025 - coint2.pipeline.walk_forward_orchestrator - INFO -    📈 Макс. одновременных сигналов: 13
2026-01-23 14:58:24,025 - coint2.pipeline.walk_forward_orchestrator - INFO -    📊 Средн. сигналов за период: 6.3
2026-01-23 14:58:24,025 - coint2.pipeline.walk_forward_orchestrator - INFO -    🎯 Финальных активных позиций: 6
2026-01-23 14:58:24,026 - coint2.pipeline.walk_forward_orchestrator - INFO -    ⚡ Утилизация лимита позиций: 42.2%
2026-01-23 14:58:24,027 - INFO - ⇠ WF-шаг 3/3 backtests — completed 15 items in 1.28s (11.7 items/s)
2026-01-23 14:58:24,027 - INFO -   ✅ Обработка завершена: 15 успешно, 0 с ошибками
2026-01-23 14:58:24,027 - INFO -   📊 Успешность: 100.0%, прибыльность: 53.3%, сделок/пара: 51.4
2026-01-23 14:58:24,027 - INFO -   ✅ Завершены бэктесты для 15 пар
2026-01-23 14:58:24,027 - INFO -   📊 Всего обработано пар в этом шаге: 15
2026-01-23 14:58:24,027 - INFO -   📈 Результаты шага: 8/15 прибыльных пар, 771 сделок
2026-01-23 14:58:24,027 - INFO -   💰 P&L шага: $+62.93
2026-01-23 14:58:24,027 - INFO -   ⇢ Обновление капитала и дневного P&L...
2026-01-23 14:58:25,423 - INFO -   💼 Шаг P&L: $+62.93, Накопленный капитал: $1,265.22
2026-01-23 14:58:25,423 - INFO - ------------------------------------------------------------
2026-01-23 14:58:25,423 - INFO -   Walk-forward steps: 3 / 3 (100.0%) | 0.1 items/s | ETA: 0.0s
2026-01-23 14:58:25,423 - INFO - ⇠ Walk-forward steps — completed 3 items in 35.40s (0.1 items/s)
2026-01-23 14:58:25,423 - INFO - ================================================================================
2026-01-23 14:58:25,423 - INFO - 🏁 Walk-forward анализ завершен!
2026-01-23 14:58:25,423 - INFO - ⏱️ Обработано 3 шагов за 2.7 секунд
2026-01-23 14:58:25,423 - INFO - 📊 Всего обработано пар за весь анализ: 45
2026-01-23 14:58:25,423 - INFO - 💰 Финальный капитал: $1,265.22 (было $1,000.00)
2026-01-23 14:58:25,423 - INFO - 📈 Общая доходность: +26.52% ($+265.22)
2026-01-23 14:58:25,423 - INFO - 📊 Всего сделок: 0
2026-01-23 14:58:25,423 - INFO - ================================================================================
2026-01-23 14:58:25,423 - INFO - ✓ Завершены все 3 WF-шагов
2026-01-23 14:58:25,424 - INFO - ⇢ Обработка финальных результатов и расчет метрик...
2026-01-23 14:58:25,424 - INFO - ⇢ processing final results — start
2026-01-23 14:58:25,424 - INFO -   ⇢ Агрегация данных P&L за 8643 торговых дней
2026-01-23 14:58:25,446 - INFO -   ⇢ Расчет базовых метрик производительности...
2026-01-23 14:58:25,446 - INFO -     📊 Данные для анализа: 8643 записей P&L, 8641 точек equity
2026-01-23 14:58:25,448 - INFO -   ⇢ Расчет расширенных метрик (волатильность, Calmar ratio, и др.)...
2026-01-23 14:58:25,449 - INFO -   ✅ Расширенные метрики рассчитаны: 6 показателей
2026-01-23 14:58:25,449 - INFO -   ⇢ Анализ статистики по 45 парам...
2026-01-23 14:58:25,453 - INFO - ✅ Рассчитаны метрики производительности (26 показателей)
2026-01-23 14:58:25,453 - INFO -   💰 Общий P&L: $+265.22
2026-01-23 14:58:25,453 - INFO -   📊 Sharpe Ratio: 1.483
2026-01-23 14:58:25,453 - INFO -   📉 Максимальная просадка: -55169.42%
2026-01-23 14:58:25,453 - INFO -   🔄 Всего сделок: 2328
2026-01-23 14:58:25,453 - INFO -   📈 Торгуемых пар: 22
2026-01-23 14:58:25,453 - INFO -   💸 Общие издержки: $188.71
2026-01-23 14:58:25,454 - coint2.metrics - INFO - Metric: total_pnl
2026-01-23 14:58:25,454 - coint2.metrics - INFO - Metric: sharpe_ratio_abs
2026-01-23 14:58:25,454 - coint2.metrics - INFO - Metric: max_drawdown_pct
2026-01-23 14:58:25,454 - coint2.metrics - INFO - Metric: total_trades
2026-01-23 14:58:25,454 - coint2.metrics - INFO - Metric: total_pairs_traded
2026-01-23 14:58:25,454 - coint2.metrics - INFO - Metric: total_costs
2026-01-23 14:58:25,455 - INFO - ⇠ processing final results — done in 0.03s
2026-01-23 14:58:25,455 - INFO - ⇢ Создание отчетов и сохранение результатов...
2026-01-23 14:58:25,455 - INFO - ⇢ generating reports — start
2026-01-23 14:58:25,455 - INFO -   ⇢ Создание отчета о производительности...
2026-01-23 14:58:31,542 - INFO -   ✓ Отчет о производительности создан
2026-01-23 14:58:31,542 - INFO -   ⇢ Сохранение данных в CSV файлы...
2026-01-23 14:58:31,544 - INFO - 📋 Метрики сохранены: artifacts/wfa/runs/20260123_budget1000_oos20240101_20240630_top50_maxnot40_riskfine2_minnotgrid_maxpairsgrid/stress_relaxed8_nokpss_20260123_oos20240101_20240630_top50_z1p00_exit0p06_hold180_cd180_ms0p2_cap1000_maxnot40_risk0p02_minnot15_maxpairs15/strategy_metrics.csv
2026-01-23 14:58:31,545 - INFO - 📈 Дневные P&L сохранены: artifacts/wfa/runs/20260123_budget1000_oos20240101_20240630_top50_maxnot40_riskfine2_minnotgrid_maxpairsgrid/stress_relaxed8_nokpss_20260123_oos20240101_20240630_top50_z1p00_exit0p06_hold180_cd180_ms0p2_cap1000_maxnot40_risk0p02_minnot15_maxpairs15/daily_pnl.csv (91 записей)
2026-01-23 14:58:31,577 - INFO - 💹 Кривая капитала сохранена: artifacts/wfa/runs/20260123_budget1000_oos20240101_20240630_top50_maxnot40_riskfine2_minnotgrid_maxpairsgrid/stress_relaxed8_nokpss_20260123_oos20240101_20240630_top50_z1p00_exit0p06_hold180_cd180_ms0p2_cap1000_maxnot40_risk0p02_minnot15_maxpairs15/equity_curve.csv (8641 точек)
2026-01-23 14:58:31,580 - INFO - 📋 Статистика сделок сохранена: artifacts/wfa/runs/20260123_budget1000_oos20240101_20240630_top50_maxnot40_riskfine2_minnotgrid_maxpairsgrid/stress_relaxed8_nokpss_20260123_oos20240101_20240630_top50_z1p00_exit0p06_hold180_cd180_ms0p2_cap1000_maxnot40_risk0p02_minnot15_maxpairs15/trade_statistics.csv (45 записей)
2026-01-23 14:58:31,580 - INFO - 🎉 Walk-Forward анализ полностью завершен!
2026-01-23 14:58:31,580 - INFO - 📊 Все отчеты и данные сохранены в: artifacts/wfa/runs/20260123_budget1000_oos20240101_20240630_top50_maxnot40_riskfine2_minnotgrid_maxpairsgrid/stress_relaxed8_nokpss_20260123_oos20240101_20240630_top50_z1p00_exit0p06_hold180_cd180_ms0p2_cap1000_maxnot40_risk0p02_minnot15_maxpairs15
2026-01-23 14:58:31,580 - INFO - 💼 Итоговый капитал: $1,265.22
2026-01-23 14:58:31,580 - INFO - ⏱️  Общее время выполнения: 8.8 секунд
2026-01-23 14:58:31,580 - INFO - ⇠ generating reports — done in 6.13s
2026-01-23 14:58:31,580 - coint2.core.memory_optimization - INFO - 📊 No global price data to clean up
2026-01-23 14:58:31,580 - coint2.core.memory_optimization - INFO - 📊 No global rolling stats to clean up
2026-01-23 14:58:31,581 - INFO - 🧹 Memory-mapped data cleaned up
2026-01-23 14:58:31,582 - INFO - ⇠ run_walk_forward_analysis — done in 46.73s
📊 Отчет сохранен: artifacts/wfa/runs/20260123_budget1000_oos20240101_20240630_top50_maxnot40_riskfine2_minnotgrid_maxpairsgrid/stress_relaxed8_nokpss_20260123_oos20240101_20240630_top50_z1p00_exit0p06_hold180_cd180_ms0p2_cap1000_maxnot40_risk0p02_minnot15_maxpairs15/CointegrationStrategy_performance_report.png
🎯 ============================================================
📊 ИТОГИ ТОРГОВОЙ СТРАТЕГИИ
🎯 ============================================================

💰 ФИНАНСОВЫЕ РЕЗУЛЬТАТЫ:
   • Общий P&L:                          265
   • Максимальная просадка:             -552
   • Средний дневной P&L:                  3

📈 МЕТРИКИ РИСКА:
   • Коэффициент Шарпа:               1.4825
   • Волатильность P&L:                79.80
   • Процент прибыльных дней:         50.55%

🔄 ТОРГОВАЯ АКТИВНОСТЬ:
   • Всего торговых дней:                 91
   • Всего сделок:                     2,328
   • Торгуемых пар:                       22
   • Сделок на пару:                    51.7
   • Успешность сделок:               0.94%

💸 РАСХОДЫ И ЭКСТРЕМУМЫ:
   • Общие расходы:                      189
   • Максимальная прибыль:               220
   • Максимальный убыток:               -362
   • Лучшая пара (P&L):                  250
   • Худшая пара (P&L):                 -199

📊 ОЦЕНКА СТРАТЕГИИ:
   ✅ ОТЛИЧНАЯ стратегия! Высокий Шарп и положительный результат

🎯 ============================================================

Annualized Sharpe Ratio: 1.4825198733594067
[run_wfa_fullcpu] end: 2026-01-23T14:58:32Z
