[run_wfa_queue] 2026-01-23T14:54:21Z cmd: /opt/coint4/coint4/run_wfa_fullcpu.sh configs/budget_20260123_1000_capsweep_oos20240101_20240630_top50_maxnot40_riskfine2_minnotgrid_maxpairsgrid/stress_relaxed8_nokpss_20260123_oos20240101_20240630_top50_z1p00_exit0p06_hold180_cd180_ms0p2_cap1000_maxnot40_risk0p018_minnot15_maxpairs20.yaml artifacts/wfa/runs/20260123_budget1000_oos20240101_20240630_top50_maxnot40_riskfine2_minnotgrid_maxpairsgrid/stress_relaxed8_nokpss_20260123_oos20240101_20240630_top50_z1p00_exit0p06_hold180_cd180_ms0p2_cap1000_maxnot40_risk0p018_minnot15_maxpairs20
[run_wfa_fullcpu] start: 2026-01-23T14:54:21Z
[run_wfa_fullcpu] os.cpu_count: 8
[run_wfa_fullcpu] worker_pid=9746
2026-01-23 14:54:24,285 - coint2.core.memory_optimization - INFO - ✅ BLAS threading limits set to 1 via threadpoolctl
2026-01-23 14:54:24,285 - coint2.core.memory_optimization - INFO - 🔧 Controlled libraries: openblas, openmp
2026-01-23 14:54:24,285 - coint2.core.memory_optimization - INFO - 🧵 Process threads: 2 → 2
2026-01-23 14:54:24,286 - coint2.core.memory_optimization - INFO - 📝 Set 11 environment variables
2026-01-23 14:54:24,624 - INFO - ✅ Параметры конфигурации валидны
2026-01-23 14:54:24,624 - INFO - 📝 Некоторые параметры были скорректированы:
2026-01-23 14:54:24,779 - INFO - 🔒 WFA: фиксированный universe из artifacts/universe/20260119_relaxed8_strict_preholdout_v2/pairs_universe.yaml (250 пар)
2026-01-23 14:54:24,779 - INFO -   Шаг 1: тренировка 2023-10-03-2023-12-31, тест 2024-01-01-2024-01-31
2026-01-23 14:54:24,779 - INFO -   Шаг 2: тренировка 2023-11-02-2024-01-30, тест 2024-01-31-2024-03-01
2026-01-23 14:54:24,779 - INFO -   Шаг 3: тренировка 2023-12-02-2024-02-29, тест 2024-03-01-2024-03-31
2026-01-23 14:54:24,779 - INFO -   Шаг 4: тренировка 2024-01-01-2024-03-30, тест 2024-03-31-2024-04-30
2026-01-23 14:54:24,779 - INFO -   Шаг 5: тренировка 2024-01-31-2024-04-29, тест 2024-04-30-2024-05-30
2026-01-23 14:54:24,779 - INFO -   Шаг 6: тренировка 2024-03-01-2024-05-29, тест 2024-05-30-2024-06-29
2026-01-23 14:54:24,779 - INFO -   Шаг 7: тренировка 2024-03-31-2024-06-28, тест 2024-06-29-2024-07-29
2026-01-23 14:54:24,780 - INFO - 📈 Запланировано 7 walk-forward шагов
2026-01-23 14:54:24,780 - INFO - ⛔ Ограничение WFA шагов: 7 → 3
2026-01-23 14:54:24,780 - WARNING - ⚠️ Маленький буфер между training и testing в шаге 1: 0 дней. Рекомендуется минимум 1 день.
2026-01-23 14:54:24,780 - WARNING - ⚠️ Маленький буфер между training и testing в шаге 2: 0 дней. Рекомендуется минимум 1 день.
2026-01-23 14:54:24,780 - WARNING - ⚠️ Маленький буфер между training и testing в шаге 3: 0 дней. Рекомендуется минимум 1 день.
2026-01-23 14:54:24,780 - INFO - ✅ Шаги успешно запланированы:
2026-01-23 14:54:24,780 - INFO -    Шаг 1: тренировка 2023-10-03-2023-12-31, тест 2024-01-01-2024-01-31
2026-01-23 14:54:24,780 - INFO -    Шаг 2: тренировка 2023-11-02-2024-01-30, тест 2024-01-31-2024-03-01
2026-01-23 14:54:24,780 - INFO -    Шаг 3: тренировка 2023-12-02-2024-02-29, тест 2024-03-01-2024-03-31
2026-01-23 14:54:24,780 - INFO - 🗂️ Consolidating price data for memory-mapped access...
2026-01-23 14:54:24,780 - INFO - 📊 Consolidating data range: 2023-09-28 → 2024-04-05
2026-01-23 14:54:24,780 - coint2.core.memory_optimization - INFO - 🔄 Consolidating price data from data_downloaded to .cache/consolidated_prices.parquet
2026-01-23 14:54:24,780 - INFO - ⇢ loading raw data for consolidation — start
2026-01-23 14:54:25,316 - INFO - ⇠ loading raw data for consolidation — done in 0.54s
2026-01-23 14:54:25,316 - INFO - ⇢ pivoting data to wide format — start
2026-01-23 14:54:29,151 - INFO - ⇠ pivoting data to wide format — done in 3.83s
2026-01-23 14:54:29,204 - coint2.core.memory_optimization - INFO - 📊 Consolidated data: 18241 rows × 366 symbols
2026-01-23 14:54:29,204 - coint2.core.memory_optimization - INFO - 💾 Memory usage: 26.9 MB
2026-01-23 14:54:29,204 - INFO - ⇢ writing consolidated Parquet file — start
2026-01-23 14:54:29,409 - INFO - ⇠ writing consolidated Parquet file — done in 0.20s
2026-01-23 14:54:29,410 - coint2.core.memory_optimization - INFO - ✅ Successfully consolidated data to .cache/consolidated_prices.parquet
2026-01-23 14:54:29,434 - coint2.core.memory_optimization - INFO - 🔄 Initializing memory-mapped price data from .cache/consolidated_prices.parquet
2026-01-23 14:54:29,434 - INFO - ⇢ loading memory-mapped data — start
2026-01-23 14:54:29,435 - coint2.core.memory_optimization - WARNING - ⚠️ memory_map не поддерживается в текущей версии pyarrow, fallback без mmap
2026-01-23 14:54:29,549 - INFO - ⇠ loading memory-mapped data — done in 0.11s
2026-01-23 14:54:29,558 - coint2.core.memory_optimization - INFO - 📊 Loaded 18241 rows × 366 symbols
2026-01-23 14:54:29,559 - coint2.core.memory_optimization - INFO - 💾 Memory usage: 26.9 MB (memory-mapped)
2026-01-23 14:54:29,560 - INFO - ✅ Memory-mapped data initialized successfully
2026-01-23 14:54:29,561 - INFO - ⇢ Walk-forward steps — starting 3 items
2026-01-23 14:54:29,561 - INFO - 📈 Инициализация equity кривой с первой тестовой даты: 2024-01-01 00:00:00
2026-01-23 14:54:29,562 - INFO - 🔍 WF-шаг 1/3: Валидация временных окон...
2026-01-23 14:54:29,562 - INFO - ⇢ WF-шаг 1/3: training 2023-10-03-2023-12-31, testing 2024-01-01-2024-01-31 — start
2026-01-23 14:54:29,562 - INFO - ⇢ loading step data — start
2026-01-23 14:54:29,775 - INFO - ⇠ loading step data — done in 0.21s
2026-01-23 14:54:31,835 - INFO - 📊 WF-шаг 1/3: Границы данных:
2026-01-23 14:54:31,835 - INFO -    Training: 2023-10-03 00:00:00 → 2023-12-31 23:45:00 (8,640 строк × 329 символов)
2026-01-23 14:54:31,835 - INFO -    Testing:  2024-01-01 00:00:00 → 2024-01-31 00:00:00 (2,881 строк × 329 символов)
2026-01-23 14:54:31,835 - INFO -    Временной разрыв: 0 days 00:15:00
2026-01-23 14:54:31,878 - INFO - ⇢ normalizing training data — start
2026-01-23 14:54:31,917 - INFO -   Символы с NaN значениями: 53
2026-01-23 14:54:31,917 - INFO -   Применяем метод нормализации: rolling_zscore
2026-01-23 14:54:31,940 - INFO - Символы с недостаточной историей: 50 из 329
2026-01-23 14:54:32,558 - INFO - Символы с NaN после нормализации: 279
2026-01-23 14:54:32,566 - INFO - Удалено 1577 начальных строк с NaN от rolling расчетов
2026-01-23 14:54:32,569 - INFO - Итоговое количество символов после нормализации: 279 из 329
2026-01-23 14:54:32,569 - INFO -   Статистика нормализации:
2026-01-23 14:54:32,569 - INFO -     Исходные символы: 329
2026-01-23 14:54:32,569 - INFO -     Недостаточная история: 50
2026-01-23 14:54:32,569 - INFO -     Постоянная цена: 0
2026-01-23 14:54:32,569 - INFO -     NaN после нормализации: 279
2026-01-23 14:54:32,569 - INFO -     Итоговые символы: 279 (84.8%)
2026-01-23 14:54:32,569 - INFO -   После нормализации: 279 символов (потеряно 50)
2026-01-23 14:54:32,569 - INFO -   Отброшено много символов: 50 из 329
2026-01-23 14:54:32,569 - INFO - ⇠ normalizing training data — done in 0.69s
2026-01-23 14:54:32,569 - INFO -   Фиксированный universe: 234 пар (отфильтровано 16 недоступных)
2026-01-23 14:54:32,570 - INFO - ⇢ filtering pairs by cointegration and half-life — start
2026-01-23 14:54:32,570 - INFO - [ФИЛЬТР] Параллельная фильтрация: threads (8 workers)
2026-01-23 14:54:38,274 - INFO - [ФИЛЬТР] После проверки данных: 212 пар
2026-01-23 14:54:38,274 - INFO - [ФИЛЬТР] После фильтра корреляции (>0.4): 163 пар
2026-01-23 14:54:38,274 - INFO - [ФИЛЬТР] После фильтра beta: 141 пар
2026-01-23 14:54:38,274 - INFO - [ФИЛЬТР] После фильтра mean crossings: 141 пар
2026-01-23 14:54:38,274 - INFO - [ФИЛЬТР] После фильтра half-life: 141 пар
2026-01-23 14:54:38,274 - INFO - [ФИЛЬТР] После фильтра коинтеграции: 63 пар
2026-01-23 14:54:38,274 - INFO - [ФИЛЬТР] После фильтра Hurst: 48 пар
2026-01-23 14:54:38,274 - INFO - [ФИЛЬТР] После фильтра KPSS: 48 пар
2026-01-23 14:54:38,274 - INFO - [ФИЛЬТР] После фильтра market microstructure: 44 пар
2026-01-23 14:54:38,274 - INFO - [ФИЛЬТР] Статистика фильтрации (оптимизированный порядок):
2026-01-23 14:54:38,274 - INFO -   1. SSD → Коинтеграция: 234 → 63 пар
2026-01-23 14:54:38,274 - INFO -   2. Коинтеграция → Beta: 63 → 141 пар
2026-01-23 14:54:38,274 - INFO -   3. Beta → Half-life: 141 → 141 пар
2026-01-23 14:54:38,274 - INFO -   4. Half-life → Mean crossings: 141 → 141 пар
2026-01-23 14:54:38,274 - INFO -   5. Mean crossings → Hurst: 141 → 48 пар
2026-01-23 14:54:38,274 - INFO -   6. Hurst → KPSS: 48 → 48 пар
2026-01-23 14:54:38,274 - INFO -   7. KPSS → Market microstructure: 48 → 44 пар
2026-01-23 14:54:38,274 - INFO - [ФИЛЬТР] Причины отсева:
2026-01-23 14:54:38,274 - INFO -   • pvalue: 78 пар (33.3%)
2026-01-23 14:54:38,274 - INFO -   • low_correlation: 49 пар (20.9%)
2026-01-23 14:54:38,274 - INFO -   • insufficient_data: 22 пар (9.4%)
2026-01-23 14:54:38,274 - INFO -   • beta: 22 пар (9.4%)
2026-01-23 14:54:38,275 - INFO -   • hurst: 15 пар (6.4%)
2026-01-23 14:54:38,275 - INFO -   • history: 4 пар (1.7%)
2026-01-23 14:54:38,275 - INFO - [ФИЛЬТР] Итого: 234 → 44 пар (18.8% прошли все фильтры)
2026-01-23 14:54:38,278 - INFO - Причины отсева сохранены в results/filter_reasons_20260123_145438.csv
2026-01-23 14:54:38,278 - INFO -   Pair stability filter: insufficient history (0 < 1), skip
2026-01-23 14:54:38,278 - INFO -   Фильтрация: 234 → 44 пар
2026-01-23 14:54:38,278 - INFO - ⇠ filtering pairs by cointegration and half-life — done in 5.71s
2026-01-23 14:54:38,278 - INFO - ⇠ WF-шаг 1/3: training 2023-10-03-2023-12-31, testing 2024-01-01-2024-01-31 — done in 8.72s
2026-01-23 14:54:38,278 - INFO -   Ограничение max_pairs=20: 44 → 20
2026-01-23 14:54:38,278 - INFO -   Топ-3 пары по волатильности спреда:
2026-01-23 14:54:38,278 - INFO -     1. BTCDAI-BTCEUR: beta=1.1665, std=409.8237
2026-01-23 14:54:38,278 - INFO -     2. ETHDAI-ETHEUR: beta=1.1882, std=22.0629
2026-01-23 14:54:38,278 - INFO -     3. BTCUSDC-BTCUSDT: beta=0.9998, std=13.3093
2026-01-23 14:54:38,278 - INFO -   Всего пар для торговли: 20 (ограничение 15 применяется к одновременно открытым позициям)
2026-01-23 14:54:38,279 - INFO -   💰 Проверка расчета капитала: equity=$1,000.00, кандидатных_пар=20, max_позиций=15
2026-01-23 14:54:38,279 - INFO -   🎯 Target concurrency: 15 (ожидаемое одновременное число позиций)
2026-01-23 14:54:38,279 - INFO -   📊 Детали расчета капитала:
2026-01-23 14:54:38,279 - INFO -      • Базовый капитал на пару: $66.67 (equity / target_concurrency)
2026-01-23 14:54:38,279 - INFO -      • Риск-капитал: $18.00 (1.8% от equity)
2026-01-23 14:54:38,279 - INFO -      • Макс. размер позиции: $50.00 (5.0% от equity)
2026-01-23 14:54:38,279 - INFO -      • Итоговый капитал на пару: $18.00
2026-01-23 14:54:38,279 - INFO - ⇢ WF-шаг 1/3 backtests — starting 20 items
2026-01-23 14:54:38,279 - INFO - 🚀 WF-шаг 1/3: Начинаем бэктесты для 20 пар...
2026-01-23 14:54:38,279 - INFO - 🚀 WF-шаг 1/3: Запускаем параллельную обработку 20 пар на 8 ядрах...
2026-01-23 14:54:38,279 - INFO - 🚀 WF-шаг 1/3: Режим параллельности: процессы
⚙️  Загрузка данных за период: 2023-09-28 -> 2024-04-05
📂 Найдено 43 parquet файлов для обработки.
📊 Схема данных: Schema({'timestamp': Int64, 'open': Float64, 'high': Float64, 'low': Float64, 'close': Float64, 'volume': Float64, 'turnover': String, 'ts_ms': Int64, 'symbol': String})
✅ Загружено 5719620 записей с помощью Polars.
📊 Типы данных в pandas: timestamp       datetime64[us]
symbol                  object
close                  float64
timestamp_ms             int64
dtype: object
⚙️  Загрузка данных за период: 2023-10-03 -> 2024-01-31
📂 Найдено 43 parquet файлов для обработки.
📊 Схема данных: Schema({'timestamp': Int64, 'open': Float64, 'high': Float64, 'low': Float64, 'close': Float64, 'volume': Float64, 'turnover': String, 'ts_ms': Int64, 'symbol': String})
✅ Загружено 3426589 записей с помощью Polars.
📊 Типы данных в pandas: timestamp       datetime64[us]
symbol                  object
close                  float64
timestamp_ms             int64
dtype: object
2026-01-23 14:54:38,337 - coint2.engine.numba_engine - INFO - Запуск Numba-оптимизированного бэктеста для BTCDAI-BTCEUR
2026-01-23 14:54:38,361 - coint2.engine.numba_engine - INFO - Запуск Numba-оптимизированного бэктеста для ETHDAI-ETHEUR
2026-01-23 14:54:38,386 - coint2.engine.numba_engine - INFO - Запуск Numba-оптимизированного бэктеста для BTCUSDC-BTCUSDT
2026-01-23 14:54:38,411 - coint2.engine.numba_engine - INFO - Запуск Numba-оптимизированного бэктеста для ETCUSDT-JUVUSDT
2026-01-23 14:54:38,417 - coint2.engine.numba_engine - INFO - Запуск Numba-оптимизированного бэктеста для APEUSDC-HFTUSDC
2026-01-23 14:54:38,435 - coint2.engine.numba_engine - INFO - Запуск Numba-оптимизированного бэктеста для ATOMUSDT-GODSUSDT
2026-01-23 14:54:38,439 - coint2.engine.numba_engine - INFO - Запуск Numba-оптимизированного бэктеста для CITYUSDT-IZIUSDT
2026-01-23 14:54:38,441 - coint2.engine.numba_engine - INFO - Запуск Numba-оптимизированного бэктеста для APEUSDT-HFTUSDC
2026-01-23 14:54:38,462 - coint2.engine.numba_engine - INFO - Запуск Numba-оптимизированного бэктеста для APEUSDC-GODSUSDT
2026-01-23 14:54:38,462 - coint2.engine.numba_engine - INFO - Запуск Numba-оптимизированного бэктеста для ETHUSDC-ETHUSDT
2026-01-23 14:54:38,465 - coint2.engine.numba_engine - INFO - Запуск Numba-оптимизированного бэктеста для APEUSDC-HFTUSDT
2026-01-23 14:54:38,486 - coint2.engine.numba_engine - INFO - Запуск Numba-оптимизированного бэктеста для APEUSDT-GODSUSDT
2026-01-23 14:54:38,487 - coint2.engine.numba_engine - INFO - Запуск Numba-оптимизированного бэктеста для AXSUSDT-DOTUSDT
2026-01-23 14:54:38,499 - coint2.engine.numba_engine - INFO - Запуск Numba-оптимизированного бэктеста для APEUSDT-HFTUSDT
2026-01-23 14:54:38,516 - coint2.engine.numba_engine - INFO - Запуск Numba-оптимизированного бэктеста для AGLDUSDT-HFTUSDC
2026-01-23 14:54:38,525 - coint2.engine.numba_engine - INFO - Запуск Numba-оптимизированного бэктеста для AXSUSDT-DOTUSDC
2026-01-23 14:54:38,531 - coint2.engine.numba_engine - INFO - Запуск Numba-оптимизированного бэктеста для AFCUSDT-ANKRUSDT
2026-01-23 14:54:38,550 - coint2.engine.numba_engine - INFO - Запуск Numba-оптимизированного бэктеста для AGLDUSDT-HFTUSDT
2026-01-23 14:54:38,566 - coint2.engine.numba_engine - INFO - Запуск Numba-оптимизированного бэктеста для APEUSDC-ATOMUSDT
2026-01-23 14:54:38,606 - coint2.engine.numba_engine - INFO - Запуск Numba-оптимизированного бэктеста для APEUSDT-ATOMUSDT
2026-01-23 14:54:38,647 - INFO -   ⏱️ Параллельная обработка завершена за 0.4с (54.5 пар/с)
2026-01-23 14:54:38,660 - coint2.pipeline.walk_forward_orchestrator - INFO - 🎯 СИМУЛЯЦИЯ ПОРТФЕЛЯ: 20 пар, лимит 15 позиций
2026-01-23 14:54:39,566 - coint2.pipeline.walk_forward_orchestrator - INFO -    📈 Макс. одновременных сигналов: 18
2026-01-23 14:54:39,566 - coint2.pipeline.walk_forward_orchestrator - INFO -    📊 Средн. сигналов за период: 8.3
2026-01-23 14:54:39,566 - coint2.pipeline.walk_forward_orchestrator - INFO -    🎯 Финальных активных позиций: 5
2026-01-23 14:54:39,567 - coint2.pipeline.walk_forward_orchestrator - INFO -    ⚡ Утилизация лимита позиций: 55.4%
2026-01-23 14:54:39,568 - INFO - ⇠ WF-шаг 1/3 backtests — completed 20 items in 1.29s (15.5 items/s)
2026-01-23 14:54:39,568 - INFO -   ✅ Обработка завершена: 20 успешно, 0 с ошибками
2026-01-23 14:54:39,568 - INFO -   📊 Успешность: 100.0%, прибыльность: 75.0%, сделок/пара: 50.9
2026-01-23 14:54:39,568 - INFO -   ✅ Завершены бэктесты для 20 пар
2026-01-23 14:54:39,568 - INFO -   📊 Всего обработано пар в этом шаге: 20
2026-01-23 14:54:39,568 - INFO -   📈 Результаты шага: 15/20 прибыльных пар, 1018 сделок
2026-01-23 14:54:39,568 - INFO -   💰 P&L шага: $+432.76
2026-01-23 14:54:39,568 - INFO -   ⇢ Обновление капитала и дневного P&L...
2026-01-23 14:54:40,742 - INFO -   💼 Шаг P&L: $+432.76, Накопленный капитал: $1,432.76
2026-01-23 14:54:40,742 - INFO - ------------------------------------------------------------
2026-01-23 14:54:40,742 - INFO -   Walk-forward steps: 1 / 3 (33.3%) | 0.1 items/s | ETA: 22.4s
2026-01-23 14:54:40,742 - INFO - 🔍 WF-шаг 2/3: Валидация временных окон...
2026-01-23 14:54:40,743 - INFO - ⇢ WF-шаг 2/3: training 2023-11-02-2024-01-30, testing 2024-01-31-2024-03-01 — start
2026-01-23 14:54:40,743 - INFO - ⇢ loading step data — start
2026-01-23 14:54:41,022 - INFO - ⇠ loading step data — done in 0.28s
2026-01-23 14:54:42,890 - INFO - 📊 WF-шаг 2/3: Границы данных:
2026-01-23 14:54:42,890 - INFO -    Training: 2023-11-02 00:00:00 → 2024-01-30 23:45:00 (8,640 строк × 346 символов)
2026-01-23 14:54:42,890 - INFO -    Testing:  2024-01-31 00:00:00 → 2024-03-01 00:00:00 (2,881 строк × 346 символов)
2026-01-23 14:54:42,891 - INFO -    Временной разрыв: 0 days 00:15:00
2026-01-23 14:54:42,935 - INFO - ⇢ normalizing training data — start
2026-01-23 14:54:42,977 - INFO -   Символы с NaN значениями: 63
2026-01-23 14:54:42,977 - INFO -   Применяем метод нормализации: rolling_zscore
2026-01-23 14:54:43,001 - INFO - Символы с недостаточной историей: 58 из 346
2026-01-23 14:54:43,618 - INFO - Символы с NaN после нормализации: 288
2026-01-23 14:54:43,626 - INFO - Удалено 1193 начальных строк с NaN от rolling расчетов
2026-01-23 14:54:43,629 - INFO - Итоговое количество символов после нормализации: 288 из 346
2026-01-23 14:54:43,629 - INFO -   Статистика нормализации:
2026-01-23 14:54:43,629 - INFO -     Исходные символы: 346
2026-01-23 14:54:43,629 - INFO -     Недостаточная история: 58
2026-01-23 14:54:43,629 - INFO -     Постоянная цена: 0
2026-01-23 14:54:43,629 - INFO -     NaN после нормализации: 288
2026-01-23 14:54:43,629 - INFO -     Итоговые символы: 288 (83.2%)
2026-01-23 14:54:43,629 - INFO -   После нормализации: 288 символов (потеряно 58)
2026-01-23 14:54:43,629 - INFO -   Отброшено много символов: 58 из 346
2026-01-23 14:54:43,629 - INFO - ⇠ normalizing training data — done in 0.69s
2026-01-23 14:54:43,630 - INFO -   Фиксированный universe: 246 пар (отфильтровано 4 недоступных)
2026-01-23 14:54:43,630 - INFO - ⇢ filtering pairs by cointegration and half-life — start
2026-01-23 14:54:43,630 - INFO - [ФИЛЬТР] Параллельная фильтрация: threads (8 workers)
2026-01-23 14:54:49,423 - INFO - [ФИЛЬТР] После проверки данных: 218 пар
2026-01-23 14:54:49,423 - INFO - [ФИЛЬТР] После фильтра корреляции (>0.4): 122 пар
2026-01-23 14:54:49,423 - INFO - [ФИЛЬТР] После фильтра beta: 108 пар
2026-01-23 14:54:49,423 - INFO - [ФИЛЬТР] После фильтра mean crossings: 108 пар
2026-01-23 14:54:49,423 - INFO - [ФИЛЬТР] После фильтра half-life: 108 пар
2026-01-23 14:54:49,423 - INFO - [ФИЛЬТР] После фильтра коинтеграции: 72 пар
2026-01-23 14:54:49,423 - INFO - [ФИЛЬТР] После фильтра Hurst: 55 пар
2026-01-23 14:54:49,423 - INFO - [ФИЛЬТР] После фильтра KPSS: 55 пар
2026-01-23 14:54:49,423 - INFO - [ФИЛЬТР] После фильтра market microstructure: 49 пар
2026-01-23 14:54:49,423 - INFO - [ФИЛЬТР] Статистика фильтрации (оптимизированный порядок):
2026-01-23 14:54:49,423 - INFO -   1. SSD → Коинтеграция: 246 → 72 пар
2026-01-23 14:54:49,423 - INFO -   2. Коинтеграция → Beta: 72 → 108 пар
2026-01-23 14:54:49,423 - INFO -   3. Beta → Half-life: 108 → 108 пар
2026-01-23 14:54:49,423 - INFO -   4. Half-life → Mean crossings: 108 → 108 пар
2026-01-23 14:54:49,423 - INFO -   5. Mean crossings → Hurst: 108 → 55 пар
2026-01-23 14:54:49,423 - INFO -   6. Hurst → KPSS: 55 → 55 пар
2026-01-23 14:54:49,423 - INFO -   7. KPSS → Market microstructure: 55 → 49 пар
2026-01-23 14:54:49,424 - INFO - [ФИЛЬТР] Причины отсева:
2026-01-23 14:54:49,424 - INFO -   • low_correlation: 96 пар (39.0%)
2026-01-23 14:54:49,424 - INFO -   • pvalue: 36 пар (14.6%)
2026-01-23 14:54:49,424 - INFO -   • insufficient_data: 28 пар (11.4%)
2026-01-23 14:54:49,424 - INFO -   • hurst: 17 пар (6.9%)
2026-01-23 14:54:49,424 - INFO -   • beta: 14 пар (5.7%)
2026-01-23 14:54:49,424 - INFO -   • history: 6 пар (2.4%)
2026-01-23 14:54:49,424 - INFO - [ФИЛЬТР] Итого: 246 → 49 пар (19.9% прошли все фильтры)
2026-01-23 14:54:49,426 - INFO - Причины отсева сохранены в results/filter_reasons_20260123_145449.csv
2026-01-23 14:54:49,426 - INFO -   Pair stability filter: 49 → 31 (window=2, min_steps=1, history=1)
2026-01-23 14:54:49,427 - INFO -   Фильтрация: 246 → 31 пар
2026-01-23 14:54:49,427 - INFO - ⇠ filtering pairs by cointegration and half-life — done in 5.80s
2026-01-23 14:54:49,427 - INFO - ⇠ WF-шаг 2/3: training 2023-11-02-2024-01-30, testing 2024-01-31-2024-03-01 — done in 8.68s
2026-01-23 14:54:49,427 - INFO -   Ограничение max_pairs=20: 31 → 20
2026-01-23 14:54:49,427 - INFO -   Топ-3 пары по волатильности спреда:
2026-01-23 14:54:49,427 - INFO -     1. BTCDAI-BTCEUR: beta=1.1459, std=574.8675
2026-01-23 14:54:49,427 - INFO -     2. ETHDAI-ETHEUR: beta=1.1311, std=22.8903
2026-01-23 14:54:49,427 - INFO -     3. BTCUSDC-BTCUSDT: beta=0.9990, std=20.6114
2026-01-23 14:54:49,427 - INFO -   Всего пар для торговли: 20 (ограничение 15 применяется к одновременно открытым позициям)
2026-01-23 14:54:49,427 - INFO -   💰 Проверка расчета капитала: equity=$1,432.76, кандидатных_пар=20, max_позиций=15
2026-01-23 14:54:49,427 - INFO -   🎯 Target concurrency: 15 (ожидаемое одновременное число позиций)
2026-01-23 14:54:49,427 - INFO -   📊 Детали расчета капитала:
2026-01-23 14:54:49,427 - INFO -      • Базовый капитал на пару: $95.52 (equity / target_concurrency)
2026-01-23 14:54:49,427 - INFO -      • Риск-капитал: $25.79 (1.8% от equity)
2026-01-23 14:54:49,427 - INFO -      • Макс. размер позиции: $71.64 (5.0% от equity)
2026-01-23 14:54:49,427 - INFO -      • Итоговый капитал на пару: $25.79
2026-01-23 14:54:49,428 - INFO - ⇢ WF-шаг 2/3 backtests — starting 20 items
2026-01-23 14:54:49,428 - INFO - 🚀 WF-шаг 2/3: Начинаем бэктесты для 20 пар...
2026-01-23 14:54:49,428 - INFO - 🚀 WF-шаг 2/3: Запускаем параллельную обработку 20 пар на 8 ядрах...
2026-01-23 14:54:49,428 - INFO - 🚀 WF-шаг 2/3: Режим параллельности: процессы
⚙️  Загрузка данных за период: 2023-11-02 -> 2024-03-01
📂 Найдено 43 parquet файлов для обработки.
📊 Схема данных: Schema({'timestamp': Int64, 'open': Float64, 'high': Float64, 'low': Float64, 'close': Float64, 'volume': Float64, 'turnover': String, 'ts_ms': Int64, 'symbol': String})
✅ Загружено 3596229 записей с помощью Polars.
📊 Типы данных в pandas: timestamp       datetime64[us]
symbol                  object
close                  float64
timestamp_ms             int64
dtype: object
2026-01-23 14:54:49,484 - coint2.engine.numba_engine - INFO - Запуск Numba-оптимизированного бэктеста для BTCDAI-BTCEUR
2026-01-23 14:54:49,512 - coint2.engine.numba_engine - INFO - Запуск Numba-оптимизированного бэктеста для ETHDAI-ETHEUR
2026-01-23 14:54:49,536 - coint2.engine.numba_engine - INFO - Запуск Numba-оптимизированного бэктеста для BTCUSDC-BTCUSDT
2026-01-23 14:54:49,562 - coint2.engine.numba_engine - INFO - Запуск Numba-оптимизированного бэктеста для ETHUSDC-ETHUSDT
2026-01-23 14:54:49,569 - coint2.engine.numba_engine - INFO - Запуск Numba-оптимизированного бэктеста для AGLDUSDT-HFTUSDT
2026-01-23 14:54:49,587 - coint2.engine.numba_engine - INFO - Запуск Numba-оптимизированного бэктеста для ATOMUSDT-GODSUSDT
2026-01-23 14:54:49,591 - coint2.engine.numba_engine - INFO - Запуск Numba-оптимизированного бэктеста для APEUSDC-GODSUSDT
2026-01-23 14:54:49,597 - coint2.engine.numba_engine - INFO - Запуск Numba-оптимизированного бэктеста для APEUSDC-HFTUSDT
2026-01-23 14:54:49,615 - coint2.engine.numba_engine - INFO - Запуск Numba-оптимизированного бэктеста для AXSUSDT-DOTUSDT
2026-01-23 14:54:49,619 - coint2.engine.numba_engine - INFO - Запуск Numba-оптимизированного бэктеста для APEUSDC-HFTUSDC
2026-01-23 14:54:49,619 - coint2.engine.numba_engine - INFO - Запуск Numba-оптимизированного бэктеста для APEUSDT-GODSUSDT
2026-01-23 14:54:49,640 - coint2.engine.numba_engine - INFO - Запуск Numba-оптимизированного бэктеста для HOOKUSDT-KAVAUSDT
2026-01-23 14:54:49,641 - coint2.engine.numba_engine - INFO - Запуск Numba-оптимизированного бэктеста для AXSUSDT-DOTUSDC
2026-01-23 14:54:49,646 - coint2.engine.numba_engine - INFO - Запуск Numba-оптимизированного бэктеста для APEUSDT-HFTUSDT
2026-01-23 14:54:49,669 - coint2.engine.numba_engine - INFO - Запуск Numba-оптимизированного бэктеста для CELOUSDT-ENJUSDT
2026-01-23 14:54:49,671 - coint2.engine.numba_engine - INFO - Запуск Numba-оптимизированного бэктеста для APEUSDT-HFTUSDC
2026-01-23 14:54:49,683 - coint2.engine.numba_engine - INFO - Запуск Numba-оптимизированного бэктеста для AGLDUSDT-HFTUSDC
2026-01-23 14:54:49,697 - coint2.engine.numba_engine - INFO - Запуск Numba-оптимизированного бэктеста для APEUSDC-ATOMUSDT
2026-01-23 14:54:49,724 - coint2.engine.numba_engine - INFO - Запуск Numba-оптимизированного бэктеста для APEUSDT-ATOMUSDT
2026-01-23 14:54:49,766 - coint2.engine.numba_engine - INFO - Запуск Numba-оптимизированного бэктеста для AFCUSDT-ANKRUSDT
2026-01-23 14:54:49,807 - INFO -   ⏱️ Параллельная обработка завершена за 0.4с (52.8 пар/с)
2026-01-23 14:54:49,821 - coint2.pipeline.walk_forward_orchestrator - INFO - 🎯 СИМУЛЯЦИЯ ПОРТФЕЛЯ: 20 пар, лимит 15 позиций
2026-01-23 14:54:50,547 - coint2.pipeline.walk_forward_orchestrator - INFO -    📈 Макс. одновременных сигналов: 18
2026-01-23 14:54:50,547 - coint2.pipeline.walk_forward_orchestrator - INFO -    📊 Средн. сигналов за период: 8.8
2026-01-23 14:54:50,547 - coint2.pipeline.walk_forward_orchestrator - INFO -    🎯 Финальных активных позиций: 4
2026-01-23 14:54:50,548 - coint2.pipeline.walk_forward_orchestrator - INFO -    ⚡ Утилизация лимита позиций: 58.4%
2026-01-23 14:54:50,549 - INFO - ⇠ WF-шаг 2/3 backtests — completed 20 items in 1.12s (17.8 items/s)
2026-01-23 14:54:50,549 - INFO -   ✅ Обработка завершена: 20 успешно, 0 с ошибками
2026-01-23 14:54:50,549 - INFO -   📊 Успешность: 100.0%, прибыльность: 35.0%, сделок/пара: 51.0
2026-01-23 14:54:50,549 - INFO -   ✅ Завершены бэктесты для 20 пар
2026-01-23 14:54:50,549 - INFO -   📊 Всего обработано пар в этом шаге: 20
2026-01-23 14:54:50,549 - INFO -   📈 Результаты шага: 7/20 прибыльных пар, 1019 сделок
2026-01-23 14:54:50,549 - INFO -   💰 P&L шага: $+8.20
2026-01-23 14:54:50,549 - INFO -   ⇢ Обновление капитала и дневного P&L...
2026-01-23 14:54:51,855 - INFO -   💼 Шаг P&L: $+8.20, Накопленный капитал: $1,440.96
2026-01-23 14:54:51,855 - INFO - ------------------------------------------------------------
2026-01-23 14:54:51,855 - INFO -   Walk-forward steps: 2 / 3 (66.7%) | 0.1 items/s | ETA: 11.1s
2026-01-23 14:54:51,855 - INFO - 🔍 WF-шаг 3/3: Валидация временных окон...
2026-01-23 14:54:51,855 - INFO - ⇢ WF-шаг 3/3: training 2023-12-02-2024-02-29, testing 2024-03-01-2024-03-31 — start
2026-01-23 14:54:51,856 - INFO - ⇢ loading step data — start
2026-01-23 14:54:52,137 - INFO - ⇠ loading step data — done in 0.28s
2026-01-23 14:54:54,094 - INFO - 📊 WF-шаг 3/3: Границы данных:
2026-01-23 14:54:54,094 - INFO -    Training: 2023-12-02 00:00:00 → 2024-02-29 23:45:00 (8,640 строк × 361 символов)
2026-01-23 14:54:54,094 - INFO -    Testing:  2024-03-01 00:00:00 → 2024-03-31 00:00:00 (2,881 строк × 361 символов)
2026-01-23 14:54:54,094 - INFO -    Временной разрыв: 0 days 00:15:00
2026-01-23 14:54:54,141 - INFO - ⇢ normalizing training data — start
2026-01-23 14:54:54,187 - INFO -   Символы с NaN значениями: 68
2026-01-23 14:54:54,187 - INFO -   Применяем метод нормализации: rolling_zscore
2026-01-23 14:54:54,211 - INFO - Символы с недостаточной историей: 56 из 361
2026-01-23 14:54:54,883 - INFO - Символы с NaN после нормализации: 305
2026-01-23 14:54:54,892 - INFO - Удалено 1673 начальных строк с NaN от rolling расчетов
2026-01-23 14:54:54,895 - INFO - Итоговое количество символов после нормализации: 305 из 361
2026-01-23 14:54:54,895 - INFO -   Статистика нормализации:
2026-01-23 14:54:54,895 - INFO -     Исходные символы: 361
2026-01-23 14:54:54,895 - INFO -     Недостаточная история: 56
2026-01-23 14:54:54,895 - INFO -     Постоянная цена: 0
2026-01-23 14:54:54,895 - INFO -     NaN после нормализации: 305
2026-01-23 14:54:54,895 - INFO -     Итоговые символы: 305 (84.5%)
2026-01-23 14:54:54,895 - INFO -   После нормализации: 305 символов (потеряно 56)
2026-01-23 14:54:54,895 - INFO -   Отброшено много символов: 56 из 361
2026-01-23 14:54:54,895 - INFO - ⇠ normalizing training data — done in 0.75s
2026-01-23 14:54:54,896 - INFO -   Фиксированный universe: 250 пар (отфильтровано 0 недоступных)
2026-01-23 14:54:54,896 - INFO - ⇢ filtering pairs by cointegration and half-life — start
2026-01-23 14:54:54,896 - INFO - [ФИЛЬТР] Параллельная фильтрация: threads (8 workers)
2026-01-23 14:55:02,260 - INFO - [ФИЛЬТР] После проверки данных: 239 пар
2026-01-23 14:55:02,260 - INFO - [ФИЛЬТР] После фильтра корреляции (>0.4): 137 пар
2026-01-23 14:55:02,260 - INFO - [ФИЛЬТР] После фильтра beta: 127 пар
2026-01-23 14:55:02,260 - INFO - [ФИЛЬТР] После фильтра mean crossings: 127 пар
2026-01-23 14:55:02,260 - INFO - [ФИЛЬТР] После фильтра half-life: 127 пар
2026-01-23 14:55:02,260 - INFO - [ФИЛЬТР] После фильтра коинтеграции: 92 пар
2026-01-23 14:55:02,260 - INFO - [ФИЛЬТР] После фильтра Hurst: 76 пар
2026-01-23 14:55:02,260 - INFO - [ФИЛЬТР] После фильтра KPSS: 76 пар
2026-01-23 14:55:02,260 - INFO - [ФИЛЬТР] После фильтра market microstructure: 68 пар
2026-01-23 14:55:02,260 - INFO - [ФИЛЬТР] Статистика фильтрации (оптимизированный порядок):
2026-01-23 14:55:02,260 - INFO -   1. SSD → Коинтеграция: 250 → 92 пар
2026-01-23 14:55:02,260 - INFO -   2. Коинтеграция → Beta: 92 → 127 пар
2026-01-23 14:55:02,260 - INFO -   3. Beta → Half-life: 127 → 127 пар
2026-01-23 14:55:02,260 - INFO -   4. Half-life → Mean crossings: 127 → 127 пар
2026-01-23 14:55:02,260 - INFO -   5. Mean crossings → Hurst: 127 → 76 пар
2026-01-23 14:55:02,260 - INFO -   6. Hurst → KPSS: 76 → 76 пар
2026-01-23 14:55:02,260 - INFO -   7. KPSS → Market microstructure: 76 → 68 пар
2026-01-23 14:55:02,260 - INFO - [ФИЛЬТР] Причины отсева:
2026-01-23 14:55:02,260 - INFO -   • low_correlation: 102 пар (40.8%)
2026-01-23 14:55:02,260 - INFO -   • pvalue: 35 пар (14.0%)
2026-01-23 14:55:02,260 - INFO -   • hurst: 16 пар (6.4%)
2026-01-23 14:55:02,261 - INFO -   • insufficient_data: 11 пар (4.4%)
2026-01-23 14:55:02,261 - INFO -   • beta: 10 пар (4.0%)
2026-01-23 14:55:02,261 - INFO -   • history: 8 пар (3.2%)
2026-01-23 14:55:02,261 - INFO - [ФИЛЬТР] Итого: 250 → 68 пар (27.2% прошли все фильтры)
2026-01-23 14:55:02,263 - INFO - Причины отсева сохранены в results/filter_reasons_20260123_145502.csv
2026-01-23 14:55:02,263 - INFO -   Pair stability filter: 68 → 29 (window=2, min_steps=1, history=2)
2026-01-23 14:55:02,263 - INFO -   Фильтрация: 250 → 29 пар
2026-01-23 14:55:02,263 - INFO - ⇠ filtering pairs by cointegration and half-life — done in 7.37s
2026-01-23 14:55:02,263 - INFO - ⇠ WF-шаг 3/3: training 2023-12-02-2024-02-29, testing 2024-03-01-2024-03-31 — done in 10.41s
2026-01-23 14:55:02,263 - INFO -   Ограничение max_pairs=20: 29 → 20
2026-01-23 14:55:02,263 - INFO -   Топ-3 пары по волатильности спреда:
2026-01-23 14:55:02,264 - INFO -     1. BTCDAI-BTCEUR: beta=1.0480, std=582.7625
2026-01-23 14:55:02,264 - INFO -     2. ETHDAI-ETHEUR: beta=1.0530, std=30.4486
2026-01-23 14:55:02,264 - INFO -     3. ATOMUSDT-GODSUSDT: beta=8.5838, std=0.6434
2026-01-23 14:55:02,264 - INFO -   Всего пар для торговли: 20 (ограничение 15 применяется к одновременно открытым позициям)
2026-01-23 14:55:02,264 - INFO -   💰 Проверка расчета капитала: equity=$1,440.96, кандидатных_пар=20, max_позиций=15
2026-01-23 14:55:02,264 - INFO -   🎯 Target concurrency: 15 (ожидаемое одновременное число позиций)
2026-01-23 14:55:02,264 - INFO -   📊 Детали расчета капитала:
2026-01-23 14:55:02,264 - INFO -      • Базовый капитал на пару: $96.06 (equity / target_concurrency)
2026-01-23 14:55:02,264 - INFO -      • Риск-капитал: $25.94 (1.8% от equity)
2026-01-23 14:55:02,264 - INFO -      • Макс. размер позиции: $72.05 (5.0% от equity)
2026-01-23 14:55:02,264 - INFO -      • Итоговый капитал на пару: $25.94
2026-01-23 14:55:02,264 - INFO - ⇢ WF-шаг 3/3 backtests — starting 20 items
2026-01-23 14:55:02,264 - INFO - 🚀 WF-шаг 3/3: Начинаем бэктесты для 20 пар...
2026-01-23 14:55:02,265 - INFO - 🚀 WF-шаг 3/3: Запускаем параллельную обработку 20 пар на 8 ядрах...
2026-01-23 14:55:02,265 - INFO - 🚀 WF-шаг 3/3: Режим параллельности: процессы
⚙️  Загрузка данных за период: 2023-12-02 -> 2024-03-31
📂 Найдено 43 parquet файлов для обработки.
📊 Схема данных: Schema({'timestamp': Int64, 'open': Float64, 'high': Float64, 'low': Float64, 'close': Float64, 'volume': Float64, 'turnover': String, 'ts_ms': Int64, 'symbol': String})
✅ Загружено 3779046 записей с помощью Polars.
📊 Типы данных в pandas: timestamp       datetime64[us]
symbol                  object
close                  float64
timestamp_ms             int64
dtype: object
2026-01-23 14:55:02,325 - coint2.engine.numba_engine - INFO - Запуск Numba-оптимизированного бэктеста для BTCDAI-BTCEUR
2026-01-23 14:55:02,358 - coint2.engine.numba_engine - INFO - Запуск Numba-оптимизированного бэктеста для ETHDAI-ETHEUR
2026-01-23 14:55:02,383 - coint2.engine.numba_engine - INFO - Запуск Numba-оптимизированного бэктеста для ATOMUSDT-GODSUSDT
2026-01-23 14:55:02,410 - coint2.engine.numba_engine - INFO - Запуск Numba-оптимизированного бэктеста для APEUSDC-HFTUSDC
2026-01-23 14:55:02,411 - coint2.engine.numba_engine - INFO - Запуск Numba-оптимизированного бэктеста для ATOMUSDT-KCALUSDT
2026-01-23 14:55:02,433 - coint2.engine.numba_engine - INFO - Запуск Numba-оптимизированного бэктеста для BICOUSDT-KASTAUSDT
2026-01-23 14:55:02,443 - coint2.engine.numba_engine - INFO - Запуск Numba-оптимизированного бэктеста для CAKEUSDT-FIDAUSDT
2026-01-23 14:55:02,449 - coint2.engine.numba_engine - INFO - Запуск Numba-оптимизированного бэктеста для APEUSDT-HFTUSDC
2026-01-23 14:55:02,469 - coint2.engine.numba_engine - INFO - Запуск Numba-оптимизированного бэктеста для APEUSDC-ATOMUSDT
2026-01-23 14:55:02,472 - coint2.engine.numba_engine - INFO - Запуск Numba-оптимизированного бэктеста для 1INCHUSDT-AXSUSDT
2026-01-23 14:55:02,474 - coint2.engine.numba_engine - INFO - Запуск Numba-оптимизированного бэктеста для APEUSDT-GODSUSDT
2026-01-23 14:55:02,494 - coint2.engine.numba_engine - INFO - Запуск Numba-оптимизированного бэктеста для GMTUSDC-KAVAUSDT
2026-01-23 14:55:02,498 - coint2.engine.numba_engine - INFO - Запуск Numba-оптимизированного бэктеста для APEUSDT-ATOMUSDT
2026-01-23 14:55:02,503 - coint2.engine.numba_engine - INFO - Запуск Numba-оптимизированного бэктеста для AGLDUSDT-HFTUSDC
2026-01-23 14:55:02,520 - coint2.engine.numba_engine - INFO - Запуск Numba-оптимизированного бэктеста для GMTUSDT-KAVAUSDT
2026-01-23 14:55:02,529 - coint2.engine.numba_engine - INFO - Запуск Numba-оптимизированного бэктеста для AFCUSDT-ANKRUSDT
2026-01-23 14:55:02,534 - coint2.engine.numba_engine - INFO - Запуск Numba-оптимизированного бэктеста для AGLDUSDT-HFTUSDT
2026-01-23 14:55:02,561 - coint2.engine.numba_engine - INFO - Запуск Numba-оптимизированного бэктеста для GODSUSDT-KCALUSDT
2026-01-23 14:55:02,596 - coint2.engine.numba_engine - INFO - Запуск Numba-оптимизированного бэктеста для BICOUSDT-ETHWUSDT
2026-01-23 14:55:02,617 - coint2.engine.numba_engine - INFO - Запуск Numba-оптимизированного бэктеста для AVAUSDT-FITFIUSDT
2026-01-23 14:55:02,662 - INFO -   ⏱️ Параллельная обработка завершена за 0.4с (50.3 пар/с)
2026-01-23 14:55:02,675 - coint2.pipeline.walk_forward_orchestrator - INFO - 🎯 СИМУЛЯЦИЯ ПОРТФЕЛЯ: 20 пар, лимит 15 позиций
2026-01-23 14:55:03,382 - coint2.pipeline.walk_forward_orchestrator - INFO -    📈 Макс. одновременных сигналов: 16
2026-01-23 14:55:03,382 - coint2.pipeline.walk_forward_orchestrator - INFO -    📊 Средн. сигналов за период: 8.5
2026-01-23 14:55:03,382 - coint2.pipeline.walk_forward_orchestrator - INFO -    🎯 Финальных активных позиций: 7
2026-01-23 14:55:03,383 - coint2.pipeline.walk_forward_orchestrator - INFO -    ⚡ Утилизация лимита позиций: 56.4%
2026-01-23 14:55:03,384 - INFO - ⇠ WF-шаг 3/3 backtests — completed 20 items in 1.12s (17.9 items/s)
2026-01-23 14:55:03,384 - INFO -   ✅ Обработка завершена: 20 успешно, 0 с ошибками
2026-01-23 14:55:03,384 - INFO -   📊 Успешность: 100.0%, прибыльность: 50.0%, сделок/пара: 50.6
2026-01-23 14:55:03,384 - INFO -   ✅ Завершены бэктесты для 20 пар
2026-01-23 14:55:03,384 - INFO -   📊 Всего обработано пар в этом шаге: 20
2026-01-23 14:55:03,384 - INFO -   📈 Результаты шага: 10/20 прибыльных пар, 1013 сделок
2026-01-23 14:55:03,384 - INFO -   💰 P&L шага: $-257.44
2026-01-23 14:55:03,384 - INFO -   ⇢ Обновление капитала и дневного P&L...
2026-01-23 14:55:04,797 - INFO -   💼 Шаг P&L: $-257.44, Накопленный капитал: $1,183.52
2026-01-23 14:55:04,797 - INFO - ------------------------------------------------------------
2026-01-23 14:55:04,797 - INFO -   Walk-forward steps: 3 / 3 (100.0%) | 0.1 items/s | ETA: 0.0s
2026-01-23 14:55:04,797 - INFO - ⇠ Walk-forward steps — completed 3 items in 35.24s (0.1 items/s)
2026-01-23 14:55:04,797 - INFO - ================================================================================
2026-01-23 14:55:04,797 - INFO - 🏁 Walk-forward анализ завершен!
2026-01-23 14:55:04,797 - INFO - ⏱️ Обработано 3 шагов за 2.5 секунд
2026-01-23 14:55:04,797 - INFO - 📊 Всего обработано пар за весь анализ: 60
2026-01-23 14:55:04,797 - INFO - 💰 Финальный капитал: $1,183.52 (было $1,000.00)
2026-01-23 14:55:04,797 - INFO - 📈 Общая доходность: +18.35% ($+183.52)
2026-01-23 14:55:04,797 - INFO - 📊 Всего сделок: 0
2026-01-23 14:55:04,797 - INFO - ================================================================================
2026-01-23 14:55:04,797 - INFO - ✓ Завершены все 3 WF-шагов
2026-01-23 14:55:04,798 - INFO - ⇢ Обработка финальных результатов и расчет метрик...
2026-01-23 14:55:04,798 - INFO - ⇢ processing final results — start
2026-01-23 14:55:04,798 - INFO -   ⇢ Агрегация данных P&L за 8643 торговых дней
2026-01-23 14:55:04,820 - INFO -   ⇢ Расчет базовых метрик производительности...
2026-01-23 14:55:04,820 - INFO -     📊 Данные для анализа: 8643 записей P&L, 8641 точек equity
2026-01-23 14:55:04,823 - INFO -   ⇢ Расчет расширенных метрик (волатильность, Calmar ratio, и др.)...
2026-01-23 14:55:04,823 - INFO -   ✅ Расширенные метрики рассчитаны: 6 показателей
2026-01-23 14:55:04,823 - INFO -   ⇢ Анализ статистики по 60 парам...
2026-01-23 14:55:04,828 - INFO - ✅ Рассчитаны метрики производительности (26 показателей)
2026-01-23 14:55:04,828 - INFO -   💰 Общий P&L: $+183.52
2026-01-23 14:55:04,828 - INFO -   📊 Sharpe Ratio: 1.203
2026-01-23 14:55:04,828 - INFO -   📉 Максимальная просадка: -43391.68%
2026-01-23 14:55:04,828 - INFO -   🔄 Всего сделок: 3050
2026-01-23 14:55:04,828 - INFO -   📈 Торгуемых пар: 31
2026-01-23 14:55:04,828 - INFO -   💸 Общие издержки: $236.99
2026-01-23 14:55:04,829 - coint2.metrics - INFO - Metric: total_pnl
2026-01-23 14:55:04,829 - coint2.metrics - INFO - Metric: sharpe_ratio_abs
2026-01-23 14:55:04,829 - coint2.metrics - INFO - Metric: max_drawdown_pct
2026-01-23 14:55:04,829 - coint2.metrics - INFO - Metric: total_trades
2026-01-23 14:55:04,829 - coint2.metrics - INFO - Metric: total_pairs_traded
2026-01-23 14:55:04,829 - coint2.metrics - INFO - Metric: total_costs
2026-01-23 14:55:04,830 - INFO - ⇠ processing final results — done in 0.03s
2026-01-23 14:55:04,830 - INFO - ⇢ Создание отчетов и сохранение результатов...
2026-01-23 14:55:04,830 - INFO - ⇢ generating reports — start
2026-01-23 14:55:04,830 - INFO -   ⇢ Создание отчета о производительности...
2026-01-23 14:55:10,841 - INFO -   ✓ Отчет о производительности создан
2026-01-23 14:55:10,841 - INFO -   ⇢ Сохранение данных в CSV файлы...
2026-01-23 14:55:10,843 - INFO - 📋 Метрики сохранены: artifacts/wfa/runs/20260123_budget1000_oos20240101_20240630_top50_maxnot40_riskfine2_minnotgrid_maxpairsgrid/stress_relaxed8_nokpss_20260123_oos20240101_20240630_top50_z1p00_exit0p06_hold180_cd180_ms0p2_cap1000_maxnot40_risk0p018_minnot15_maxpairs20/strategy_metrics.csv
2026-01-23 14:55:10,845 - INFO - 📈 Дневные P&L сохранены: artifacts/wfa/runs/20260123_budget1000_oos20240101_20240630_top50_maxnot40_riskfine2_minnotgrid_maxpairsgrid/stress_relaxed8_nokpss_20260123_oos20240101_20240630_top50_z1p00_exit0p06_hold180_cd180_ms0p2_cap1000_maxnot40_risk0p018_minnot15_maxpairs20/daily_pnl.csv (91 записей)
2026-01-23 14:55:10,877 - INFO - 💹 Кривая капитала сохранена: artifacts/wfa/runs/20260123_budget1000_oos20240101_20240630_top50_maxnot40_riskfine2_minnotgrid_maxpairsgrid/stress_relaxed8_nokpss_20260123_oos20240101_20240630_top50_z1p00_exit0p06_hold180_cd180_ms0p2_cap1000_maxnot40_risk0p018_minnot15_maxpairs20/equity_curve.csv (8641 точек)
2026-01-23 14:55:10,880 - INFO - 📋 Статистика сделок сохранена: artifacts/wfa/runs/20260123_budget1000_oos20240101_20240630_top50_maxnot40_riskfine2_minnotgrid_maxpairsgrid/stress_relaxed8_nokpss_20260123_oos20240101_20240630_top50_z1p00_exit0p06_hold180_cd180_ms0p2_cap1000_maxnot40_risk0p018_minnot15_maxpairs20/trade_statistics.csv (60 записей)
2026-01-23 14:55:10,880 - INFO - 🎉 Walk-Forward анализ полностью завершен!
2026-01-23 14:55:10,880 - INFO - 📊 Все отчеты и данные сохранены в: artifacts/wfa/runs/20260123_budget1000_oos20240101_20240630_top50_maxnot40_riskfine2_minnotgrid_maxpairsgrid/stress_relaxed8_nokpss_20260123_oos20240101_20240630_top50_z1p00_exit0p06_hold180_cd180_ms0p2_cap1000_maxnot40_risk0p018_minnot15_maxpairs20
2026-01-23 14:55:10,880 - INFO - 💼 Итоговый капитал: $1,183.52
2026-01-23 14:55:10,880 - INFO - ⏱️  Общее время выполнения: 8.6 секунд
2026-01-23 14:55:10,880 - INFO - ⇠ generating reports — done in 6.05s
2026-01-23 14:55:10,880 - coint2.core.memory_optimization - INFO - 🧹 Cleaning up global price data
2026-01-23 14:55:10,884 - coint2.core.memory_optimization - INFO - 📊 No global rolling stats to clean up
2026-01-23 14:55:10,885 - INFO - 🧹 Memory-mapped data cleaned up
2026-01-23 14:55:10,886 - INFO - ⇠ run_walk_forward_analysis — done in 46.62s
📊 Отчет сохранен: artifacts/wfa/runs/20260123_budget1000_oos20240101_20240630_top50_maxnot40_riskfine2_minnotgrid_maxpairsgrid/stress_relaxed8_nokpss_20260123_oos20240101_20240630_top50_z1p00_exit0p06_hold180_cd180_ms0p2_cap1000_maxnot40_risk0p018_minnot15_maxpairs20/CointegrationStrategy_performance_report.png
🎯 ============================================================
📊 ИТОГИ ТОРГОВОЙ СТРАТЕГИИ
🎯 ============================================================

💰 ФИНАНСОВЫЕ РЕЗУЛЬТАТЫ:
   • Общий P&L:                          184
   • Максимальная просадка:             -434
   • Средний дневной P&L:                  2

📈 МЕТРИКИ РИСКА:
   • Коэффициент Шарпа:               1.2025
   • Волатильность P&L:                75.05
   • Процент прибыльных дней:         52.75%

🔄 ТОРГОВАЯ АКТИВНОСТЬ:
   • Всего торговых дней:                 91
   • Всего сделок:                     3,050
   • Торгуемых пар:                       31
   • Сделок на пару:                    50.8
   • Успешность сделок:               0.91%

💸 РАСХОДЫ И ЭКСТРЕМУМЫ:
   • Общие расходы:                      237
   • Максимальная прибыль:               194
   • Максимальный убыток:               -273
   • Лучшая пара (P&L):                  227
   • Худшая пара (P&L):                 -261

📊 ОЦЕНКА СТРАТЕГИИ:
   ✅ ОТЛИЧНАЯ стратегия! Высокий Шарп и положительный результат

🎯 ============================================================

Annualized Sharpe Ratio: 1.2025393496262118
[run_wfa_fullcpu] end: 2026-01-23T14:55:12Z
