[run_wfa_queue] 2026-01-19T06:49:00Z cmd: /opt/coint4/coint4/run_wfa_fullcpu.sh configs/stability_20260119/stability_20260119_liquid_pv0p03_hurst0p5_hl0p05_40_corr0p65_ssd10000.yaml artifacts/wfa/runs/20260119_stability_shortlist/stability_20260119_liquid_pv0p03_hurst0p5_hl0p05_40_corr0p65_ssd10000
[run_wfa_fullcpu] start: 2026-01-19T06:49:00Z
[run_wfa_fullcpu] os.cpu_count: 8
[run_wfa_fullcpu] worker_pid=1165
2026-01-19 06:49:04,125 - coint2.core.memory_optimization - INFO - ✅ BLAS threading limits set to 1 via threadpoolctl
2026-01-19 06:49:04,125 - coint2.core.memory_optimization - INFO - 🔧 Controlled libraries: openblas, openmp
2026-01-19 06:49:04,126 - coint2.core.memory_optimization - INFO - 🧵 Process threads: 2 → 2
2026-01-19 06:49:04,126 - coint2.core.memory_optimization - INFO - 📝 Set 11 environment variables
2026-01-19 06:49:04,562 - INFO - ✅ Параметры конфигурации валидны
2026-01-19 06:49:04,563 - INFO - 📝 Некоторые параметры были скорректированы:
2026-01-19 06:49:04,563 - INFO - 🧭 WFA: динамический отбор пар на каждом шаге
2026-01-19 06:49:04,563 - INFO -   Шаг 1: тренировка 2023-08-02-2023-09-30, тест 2023-10-01-2023-10-31
2026-01-19 06:49:04,563 - INFO -   Шаг 2: тренировка 2023-09-01-2023-10-30, тест 2023-10-31-2023-11-30
2026-01-19 06:49:04,563 - INFO -   Шаг 3: тренировка 2023-10-01-2023-11-29, тест 2023-11-30-2023-12-30
2026-01-19 06:49:04,563 - INFO -   Шаг 4: тренировка 2023-10-31-2023-12-29, тест 2023-12-30-2024-01-29
2026-01-19 06:49:04,563 - INFO -   Шаг 5: тренировка 2023-11-30-2024-01-28, тест 2024-01-29-2024-02-28
2026-01-19 06:49:04,563 - INFO -   Шаг 6: тренировка 2023-12-30-2024-02-27, тест 2024-02-28-2024-03-29
2026-01-19 06:49:04,563 - INFO -   Шаг 7: тренировка 2024-01-29-2024-03-28, тест 2024-03-29-2024-04-28
2026-01-19 06:49:04,563 - INFO -   Шаг 8: тренировка 2024-02-28-2024-04-27, тест 2024-04-28-2024-05-28
2026-01-19 06:49:04,563 - INFO - 📈 Запланировано 8 walk-forward шагов
2026-01-19 06:49:04,563 - INFO - ⛔ Ограничение WFA шагов: 8 → 5
2026-01-19 06:49:04,563 - WARNING - ⚠️ Маленький буфер между training и testing в шаге 1: 0 дней. Рекомендуется минимум 1 день.
2026-01-19 06:49:04,563 - WARNING - ⚠️ Маленький буфер между training и testing в шаге 2: 0 дней. Рекомендуется минимум 1 день.
2026-01-19 06:49:04,563 - WARNING - ⚠️ Маленький буфер между training и testing в шаге 3: 0 дней. Рекомендуется минимум 1 день.
2026-01-19 06:49:04,563 - WARNING - ⚠️ Маленький буфер между training и testing в шаге 4: 0 дней. Рекомендуется минимум 1 день.
2026-01-19 06:49:04,564 - WARNING - ⚠️ Маленький буфер между training и testing в шаге 5: 0 дней. Рекомендуется минимум 1 день.
2026-01-19 06:49:04,564 - INFO - ✅ Шаги успешно запланированы:
2026-01-19 06:49:04,564 - INFO -    Шаг 1: тренировка 2023-08-02-2023-09-30, тест 2023-10-01-2023-10-31
2026-01-19 06:49:04,564 - INFO -    Шаг 2: тренировка 2023-09-01-2023-10-30, тест 2023-10-31-2023-11-30
2026-01-19 06:49:04,564 - INFO -    Шаг 3: тренировка 2023-10-01-2023-11-29, тест 2023-11-30-2023-12-30
2026-01-19 06:49:04,564 - INFO -    Шаг 4: тренировка 2023-10-31-2023-12-29, тест 2023-12-30-2024-01-29
2026-01-19 06:49:04,564 - INFO -    Шаг 5: тренировка 2023-11-30-2024-01-28, тест 2024-01-29-2024-02-28
2026-01-19 06:49:04,564 - INFO - 🗂️ Consolidating price data for memory-mapped access...
2026-01-19 06:49:04,564 - INFO - 📊 Consolidating data range: 2023-07-28 → 2024-03-04
2026-01-19 06:49:04,564 - coint2.core.memory_optimization - INFO - 🔄 Consolidating price data from data_downloaded to .cache/consolidated_prices.parquet
2026-01-19 06:49:04,564 - INFO - ⇢ loading raw data for consolidation — start
2026-01-19 06:49:06,332 - INFO - ⇠ loading raw data for consolidation — done in 1.77s
2026-01-19 06:49:06,332 - INFO - ⇢ pivoting data to wide format — start
2026-01-19 06:49:11,595 - INFO - ⇠ pivoting data to wide format — done in 5.26s
2026-01-19 06:49:11,640 - coint2.core.memory_optimization - INFO - 📊 Consolidated data: 21121 rows × 346 symbols
2026-01-19 06:49:11,640 - coint2.core.memory_optimization - INFO - 💾 Memory usage: 29.4 MB
2026-01-19 06:49:11,640 - INFO - ⇢ writing consolidated Parquet file — start
2026-01-19 06:49:11,862 - INFO - ⇠ writing consolidated Parquet file — done in 0.22s
2026-01-19 06:49:11,863 - coint2.core.memory_optimization - INFO - ✅ Successfully consolidated data to .cache/consolidated_prices.parquet
2026-01-19 06:49:11,893 - coint2.core.memory_optimization - INFO - 🔄 Initializing memory-mapped price data from .cache/consolidated_prices.parquet
2026-01-19 06:49:11,894 - INFO - ⇢ loading memory-mapped data — start
2026-01-19 06:49:11,894 - coint2.core.memory_optimization - WARNING - ⚠️ memory_map не поддерживается в текущей версии pyarrow, fallback без mmap
2026-01-19 06:49:12,043 - INFO - ⇠ loading memory-mapped data — done in 0.15s
2026-01-19 06:49:12,053 - coint2.core.memory_optimization - INFO - 📊 Loaded 21121 rows × 346 symbols
2026-01-19 06:49:12,053 - coint2.core.memory_optimization - INFO - 💾 Memory usage: 29.4 MB (memory-mapped)
2026-01-19 06:49:12,054 - INFO - ✅ Memory-mapped data initialized successfully
2026-01-19 06:49:12,055 - INFO - ⇢ Walk-forward steps — starting 5 items
2026-01-19 06:49:12,056 - INFO - 📈 Инициализация equity кривой с первой тестовой даты: 2023-10-01 00:00:00
2026-01-19 06:49:12,056 - INFO - 🔍 WF-шаг 1/5: Валидация временных окон...
2026-01-19 06:49:12,056 - INFO - ⇢ WF-шаг 1/5: training 2023-08-02-2023-09-30, testing 2023-10-01-2023-10-31 — start
2026-01-19 06:49:12,056 - INFO - ⇢ loading step data — start
2026-01-19 06:49:12,219 - INFO - ⇠ loading step data — done in 0.16s
2026-01-19 06:49:13,523 - INFO - 📊 WF-шаг 1/5: Границы данных:
2026-01-19 06:49:13,523 - INFO -    Training: 2023-08-02 00:00:00 → 2023-09-30 23:45:00 (5,760 строк × 282 символов)
2026-01-19 06:49:13,523 - INFO -    Testing:  2023-10-01 00:00:00 → 2023-10-31 00:00:00 (2,881 строк × 282 символов)
2026-01-19 06:49:13,523 - INFO -    Временной разрыв: 0 days 00:15:00
2026-01-19 06:49:13,561 - INFO - ⇢ normalizing training data — start
2026-01-19 06:49:13,592 - INFO -   Символы с NaN значениями: 20
2026-01-19 06:49:13,592 - INFO -   Применяем метод нормализации: rolling_zscore
2026-01-19 06:49:13,606 - INFO - Символы с недостаточной историей: 20 из 282
2026-01-19 06:49:13,973 - INFO - Символы с NaN после нормализации: 262
2026-01-19 06:49:13,980 - INFO - Удалено 1 начальных строк с NaN от rolling расчетов
2026-01-19 06:49:13,982 - INFO - Итоговое количество символов после нормализации: 262 из 282
2026-01-19 06:49:13,982 - INFO -   Статистика нормализации:
2026-01-19 06:49:13,982 - INFO -     Исходные символы: 282
2026-01-19 06:49:13,982 - INFO -     Недостаточная история: 20
2026-01-19 06:49:13,982 - INFO -     Постоянная цена: 0
2026-01-19 06:49:13,982 - INFO -     NaN после нормализации: 262
2026-01-19 06:49:13,982 - INFO -     Итоговые символы: 262 (92.9%)
2026-01-19 06:49:13,983 - INFO -   После нормализации: 262 символов (потеряно 20)
2026-01-19 06:49:13,983 - INFO -   Отброшенные символы: ADAEUR, BEAMUSDT, BTCEUR, CYBERUSDT, DOGEEUR, ETHEUR, FETUSDT, JEFFUSDT, KASUSDT, KAVAUSDT, LTCEUR, ORDIUSDT, POLUSDT, PPTUSDT, PYUSDUSDT, SEIUSDT, SOLEUR, USDCEUR, XRPEUR, ZTXUSDT
2026-01-19 06:49:13,983 - INFO - ⇠ normalizing training data — done in 0.42s
2026-01-19 06:49:13,983 - INFO - ⇢ SSD computation — start
2026-01-19 06:49:13,983 - INFO -   Расчет SSD для всех пар (без ограничения)
2026-01-19 06:49:19,908 - INFO -   SSD результат (все пары): 34191 пар
2026-01-19 06:49:19,908 - INFO -   Ограничиваем до top-10000 пар для дальнейшей обработки
2026-01-19 06:49:19,909 - INFO - ⇠ SSD computation — done in 5.93s
2026-01-19 06:49:19,912 - INFO - ⇢ filtering pairs by cointegration and half-life — start
2026-01-19 06:49:19,912 - INFO - [ФИЛЬТР] Параллельная фильтрация: threads (8 workers)
2026-01-19 06:51:43,058 - INFO - [ФИЛЬТР] После проверки данных: 10000 пар
2026-01-19 06:51:43,058 - INFO - [ФИЛЬТР] После фильтра корреляции (>0.65): 8304 пар
2026-01-19 06:51:43,058 - INFO - [ФИЛЬТР] После фильтра beta: 5563 пар
2026-01-19 06:51:43,058 - INFO - [ФИЛЬТР] После фильтра mean crossings: 5563 пар
2026-01-19 06:51:43,058 - INFO - [ФИЛЬТР] После фильтра half-life: 5518 пар
2026-01-19 06:51:43,058 - INFO - [ФИЛЬТР] После фильтра коинтеграции: 1331 пар
2026-01-19 06:51:43,058 - INFO - [ФИЛЬТР] После фильтра Hurst: 403 пар
2026-01-19 06:51:43,058 - INFO - [ФИЛЬТР] После фильтра KPSS: 21 пар
2026-01-19 06:51:43,058 - INFO - [ФИЛЬТР] После фильтра market microstructure: 21 пар
2026-01-19 06:51:43,058 - INFO - [ФИЛЬТР] Статистика фильтрации (оптимизированный порядок):
2026-01-19 06:51:43,058 - INFO -   1. SSD → Коинтеграция: 10000 → 1331 пар
2026-01-19 06:51:43,058 - INFO -   2. Коинтеграция → Beta: 1331 → 5563 пар
2026-01-19 06:51:43,059 - INFO -   3. Beta → Half-life: 5563 → 5518 пар
2026-01-19 06:51:43,059 - INFO -   4. Half-life → Mean crossings: 5518 → 5563 пар
2026-01-19 06:51:43,059 - INFO -   5. Mean crossings → Hurst: 5563 → 403 пар
2026-01-19 06:51:43,059 - INFO -   6. Hurst → KPSS: 403 → 21 пар
2026-01-19 06:51:43,059 - INFO -   7. KPSS → Market microstructure: 21 → 21 пар
2026-01-19 06:51:43,059 - INFO - [ФИЛЬТР] Причины отсева:
2026-01-19 06:51:43,059 - INFO -   • pvalue: 4187 пар (41.9%)
2026-01-19 06:51:43,059 - INFO -   • beta: 2741 пар (27.4%)
2026-01-19 06:51:43,059 - INFO -   • low_correlation: 1696 пар (17.0%)
2026-01-19 06:51:43,059 - INFO -   • hurst: 928 пар (9.3%)
2026-01-19 06:51:43,059 - INFO -   • kpss: 382 пар (3.8%)
2026-01-19 06:51:43,059 - INFO -   • half_life: 45 пар (0.4%)
2026-01-19 06:51:43,059 - INFO - [ФИЛЬТР] Итого: 10000 → 21 пар (0.2% прошли все фильтры)
2026-01-19 06:51:43,075 - INFO - Причины отсева сохранены в results/filter_reasons_20260119_065143.csv
2026-01-19 06:51:43,078 - INFO -   Pair stability filter: history empty, skip (window=3, min_steps=2)
2026-01-19 06:51:43,078 - INFO -   Фильтрация: 10000 → 21 пар
2026-01-19 06:51:43,079 - INFO - ⇠ filtering pairs by cointegration and half-life — done in 143.17s
2026-01-19 06:51:43,079 - INFO - ⇠ WF-шаг 1/5: training 2023-08-02-2023-09-30, testing 2023-10-01-2023-10-31 — done in 151.02s
2026-01-19 06:51:43,079 - INFO -   Топ-3 пары по волатильности спреда:
2026-01-19 06:51:43,079 - INFO -     1. AXSUSDT-UNIUSDT: beta=0.7523, std=0.1119
2026-01-19 06:51:43,079 - INFO -     2. ARUSDT-FILUSDT: beta=1.2053, std=0.1000
2026-01-19 06:51:43,079 - INFO -     3. MASKUSDT-XRPUSDC: beta=6.1631, std=0.0792
2026-01-19 06:51:43,079 - INFO -   Всего пар для торговли: 21 (ограничение 15 применяется к одновременно открытым позициям)
2026-01-19 06:51:43,079 - INFO -   💰 Проверка расчета капитала: equity=$10,000.00, кандидатных_пар=21, max_позиций=15
2026-01-19 06:51:43,079 - INFO -   🎯 Target concurrency: 15 (ожидаемое одновременное число позиций)
2026-01-19 06:51:43,079 - INFO -   📊 Детали расчета капитала:
2026-01-19 06:51:43,079 - INFO -      • Базовый капитал на пару: $666.67 (equity / target_concurrency)
2026-01-19 06:51:43,079 - INFO -      • Риск-капитал: $150.00 (1.5% от equity)
2026-01-19 06:51:43,079 - INFO -      • Макс. размер позиции: $200.00 (2.0% от equity)
2026-01-19 06:51:43,079 - INFO -      • Итоговый капитал на пару: $150.00
2026-01-19 06:51:43,080 - INFO - ⇢ WF-шаг 1/5 backtests — starting 21 items
2026-01-19 06:51:43,080 - INFO - 🚀 WF-шаг 1/5: Начинаем бэктесты для 21 пар...
2026-01-19 06:51:43,080 - INFO - 🚀 WF-шаг 1/5: Запускаем параллельную обработку 21 пар на 8 ядрах...
2026-01-19 06:51:43,080 - INFO - 🚀 WF-шаг 1/5: Режим параллельности: процессы
⚙️  Загрузка данных за период: 2023-07-28 -> 2024-03-04
📂 Найдено 43 parquet файлов для обработки.
📊 Схема данных: Schema({'timestamp': Int64, 'open': Float64, 'high': Float64, 'low': Float64, 'close': Float64, 'volume': Float64, 'turnover': String, 'ts_ms': Int64, 'symbol': String})
✅ Загружено 6226682 записей с помощью Polars.
📊 Типы данных в pandas: timestamp       datetime64[us]
symbol                  object
close                  float64
timestamp_ms             int64
dtype: object
⚙️  Загрузка данных за период: 2023-08-02 -> 2023-10-31
📂 Найдено 43 parquet файлов для обработки.
📊 Схема данных: Schema({'timestamp': Int64, 'open': Float64, 'high': Float64, 'low': Float64, 'close': Float64, 'volume': Float64, 'turnover': String, 'ts_ms': Int64, 'symbol': String})
✅ Загружено 2351056 записей с помощью Polars.
📊 Типы данных в pandas: timestamp       datetime64[us]
symbol                  object
close                  float64
timestamp_ms             int64
dtype: object
2026-01-19 06:51:43,134 - coint2.engine.numba_engine - INFO - Запуск Numba-оптимизированного бэктеста для AXSUSDT-UNIUSDT
2026-01-19 06:51:43,154 - coint2.engine.numba_engine - INFO - Запуск Numba-оптимизированного бэктеста для ARUSDT-FILUSDT
2026-01-19 06:51:43,176 - coint2.engine.numba_engine - INFO - Запуск Numba-оптимизированного бэктеста для MASKUSDT-XRPUSDC
2026-01-19 06:51:43,204 - coint2.engine.numba_engine - INFO - Запуск Numba-оптимизированного бэктеста для MASKUSDT-XRPUSDT
2026-01-19 06:51:43,220 - coint2.engine.numba_engine - INFO - Запуск Numba-оптимизированного бэктеста для FLOWUSDT-MASKUSDT
2026-01-19 06:51:43,231 - coint2.engine.numba_engine - INFO - Запуск Numba-оптимизированного бэктеста для CITYUSDT-JUVUSDT
2026-01-19 06:51:43,236 - coint2.engine.numba_engine - INFO - Запуск Numba-оптимизированного бэктеста для BATUSDT-QTUMUSDT
2026-01-19 06:51:43,244 - coint2.engine.numba_engine - INFO - Запуск Numba-оптимизированного бэктеста для ROSEUSDT-WAXPUSDT
2026-01-19 06:51:43,259 - coint2.engine.numba_engine - INFO - Запуск Numba-оптимизированного бэктеста для WAXPUSDT-ZILUSDT
2026-01-19 06:51:43,262 - coint2.engine.numba_engine - INFO - Запуск Numba-оптимизированного бэктеста для BATUSDT-PEOPLEUSDT
2026-01-19 06:51:43,278 - coint2.engine.numba_engine - INFO - Запуск Numba-оптимизированного бэктеста для THETAUSDT-XRPUSDC
2026-01-19 06:51:43,285 - coint2.engine.numba_engine - INFO - Запуск Numba-оптимизированного бэктеста для ONEUSDT-XRPUSDC
2026-01-19 06:51:43,288 - coint2.engine.numba_engine - INFO - Запуск Numba-оптимизированного бэктеста для THETAUSDT-XRPUSDT
2026-01-19 06:51:43,289 - coint2.engine.numba_engine - INFO - Запуск Numba-оптимизированного бэктеста для ALGOUSDT-WAXPUSDT
2026-01-19 06:51:43,315 - coint2.engine.numba_engine - INFO - Запуск Numba-оптимизированного бэктеста для ONEUSDT-XRPUSDT
2026-01-19 06:51:43,327 - coint2.engine.numba_engine - INFO - Запуск Numba-оптимизированного бэктеста для ALGOUSDT-ROSEUSDT
2026-01-19 06:51:43,332 - coint2.engine.numba_engine - INFO - Запуск Numba-оптимизированного бэктеста для CELOUSDT-ZRXUSDT
2026-01-19 06:51:43,353 - coint2.engine.numba_engine - INFO - Запуск Numba-оптимизированного бэктеста для SCUSDT-ZILUSDT
2026-01-19 06:51:43,374 - coint2.engine.numba_engine - INFO - Запуск Numba-оптимизированного бэктеста для DOGEUSDC-ETHWUSDT
2026-01-19 06:51:43,386 - coint2.engine.numba_engine - INFO - Запуск Numba-оптимизированного бэктеста для GMTUSDT-SANDUSDT
2026-01-19 06:51:43,413 - coint2.engine.numba_engine - INFO - Запуск Numba-оптимизированного бэктеста для DOGEUSDT-ETHWUSDT
2026-01-19 06:51:43,447 - INFO -   ⏱️ Параллельная обработка завершена за 0.4с (57.2 пар/с)
2026-01-19 06:51:43,456 - coint2.pipeline.walk_forward_orchestrator - INFO - 🎯 СИМУЛЯЦИЯ ПОРТФЕЛЯ: 21 пар, лимит 15 позиций
2026-01-19 06:51:43,840 - coint2.pipeline.walk_forward_orchestrator - INFO -    📈 Макс. одновременных сигналов: 8
2026-01-19 06:51:43,841 - coint2.pipeline.walk_forward_orchestrator - INFO -    📊 Средн. сигналов за период: 0.3
2026-01-19 06:51:43,841 - coint2.pipeline.walk_forward_orchestrator - INFO -    🎯 Финальных активных позиций: 0
2026-01-19 06:51:43,842 - coint2.pipeline.walk_forward_orchestrator - INFO -    ⚡ Утилизация лимита позиций: 1.7%
2026-01-19 06:51:43,843 - INFO - ⇠ WF-шаг 1/5 backtests — completed 21 items in 0.76s (27.5 items/s)
2026-01-19 06:51:43,843 - INFO -   ✅ Обработка завершена: 21 успешно, 0 с ошибками
2026-01-19 06:51:43,843 - INFO -   📊 Успешность: 100.0%, прибыльность: 81.0%, сделок/пара: 18.0
2026-01-19 06:51:43,843 - INFO -   ✅ Завершены бэктесты для 21 пар
2026-01-19 06:51:43,843 - INFO -   📊 Всего обработано пар в этом шаге: 21
2026-01-19 06:51:43,843 - INFO -   📈 Результаты шага: 17/21 прибыльных пар, 378 сделок
2026-01-19 06:51:43,843 - INFO -   💰 P&L шага: $+27.83
2026-01-19 06:51:43,843 - INFO -   ⇢ Обновление капитала и дневного P&L...
2026-01-19 06:51:44,980 - INFO -   💼 Шаг P&L: $+27.83, Накопленный капитал: $10,027.83
2026-01-19 06:51:44,980 - INFO - ------------------------------------------------------------
2026-01-19 06:51:44,980 - INFO -   Walk-forward steps: 1 / 5 (20.0%) | 0.0 items/s | ETA: 611.7s
2026-01-19 06:51:44,980 - INFO - 🔍 WF-шаг 2/5: Валидация временных окон...
2026-01-19 06:51:44,980 - INFO - ⇢ WF-шаг 2/5: training 2023-09-01-2023-10-30, testing 2023-10-31-2023-11-30 — start
2026-01-19 06:51:44,980 - INFO - ⇢ loading step data — start
2026-01-19 06:51:45,163 - INFO - ⇠ loading step data — done in 0.18s
2026-01-19 06:51:46,376 - INFO - 📊 WF-шаг 2/5: Границы данных:
2026-01-19 06:51:46,377 - INFO -    Training: 2023-09-01 00:00:00 → 2023-10-30 23:45:00 (5,760 строк × 292 символов)
2026-01-19 06:51:46,377 - INFO -    Testing:  2023-10-31 00:00:00 → 2023-11-30 00:00:00 (2,881 строк × 292 символов)
2026-01-19 06:51:46,377 - INFO -    Временной разрыв: 0 days 00:15:00
2026-01-19 06:51:46,414 - INFO - ⇢ normalizing training data — start
2026-01-19 06:51:46,447 - INFO -   Символы с NaN значениями: 26
2026-01-19 06:51:46,447 - INFO -   Применяем метод нормализации: rolling_zscore
2026-01-19 06:51:46,462 - INFO - Символы с недостаточной историей: 17 из 292
2026-01-19 06:51:46,860 - INFO - Символы с NaN после нормализации: 275
2026-01-19 06:51:46,867 - INFO - Удалено 617 начальных строк с NaN от rolling расчетов
2026-01-19 06:51:46,869 - INFO - Итоговое количество символов после нормализации: 275 из 292
2026-01-19 06:51:46,869 - INFO -   Статистика нормализации:
2026-01-19 06:51:46,869 - INFO -     Исходные символы: 292
2026-01-19 06:51:46,869 - INFO -     Недостаточная история: 17
2026-01-19 06:51:46,869 - INFO -     Постоянная цена: 0
2026-01-19 06:51:46,869 - INFO -     NaN после нормализации: 275
2026-01-19 06:51:46,870 - INFO -     Итоговые символы: 275 (94.2%)
2026-01-19 06:51:46,870 - INFO -   После нормализации: 275 символов (потеряно 17)
2026-01-19 06:51:46,870 - INFO -   Отброшенные символы: BEAMUSDT, FETUSDT, FLIPUSDT, JEFFUSDT, MEMEUSDT, POLUSDT, PPTUSDT, PYTHUSDT, PYUSDUSDT, ROOTUSDT, RPKUSDT, SHRAPUSDT, TIAUSDT, TOKENUSDT, TUSDUSDT, VRTXUSDT, ZTXUSDT
2026-01-19 06:51:46,870 - INFO - ⇠ normalizing training data — done in 0.46s
2026-01-19 06:51:46,870 - INFO - ⇢ SSD computation — start
2026-01-19 06:51:46,870 - INFO -   Расчет SSD для всех пар (без ограничения)
2026-01-19 06:51:49,039 - INFO -   SSD результат (все пары): 37675 пар
2026-01-19 06:51:49,039 - INFO -   Ограничиваем до top-10000 пар для дальнейшей обработки
2026-01-19 06:51:49,040 - INFO - ⇠ SSD computation — done in 2.17s
2026-01-19 06:51:49,043 - INFO - ⇢ filtering pairs by cointegration and half-life — start
2026-01-19 06:51:49,043 - INFO - [ФИЛЬТР] Параллельная фильтрация: threads (8 workers)
2026-01-19 06:53:29,300 - INFO - [ФИЛЬТР] После проверки данных: 10000 пар
2026-01-19 06:53:29,300 - INFO - [ФИЛЬТР] После фильтра корреляции (>0.65): 5185 пар
2026-01-19 06:53:29,300 - INFO - [ФИЛЬТР] После фильтра beta: 3518 пар
2026-01-19 06:53:29,300 - INFO - [ФИЛЬТР] После фильтра mean crossings: 3518 пар
2026-01-19 06:53:29,300 - INFO - [ФИЛЬТР] После фильтра half-life: 3477 пар
2026-01-19 06:53:29,300 - INFO - [ФИЛЬТР] После фильтра коинтеграции: 902 пар
2026-01-19 06:53:29,300 - INFO - [ФИЛЬТР] После фильтра Hurst: 357 пар
2026-01-19 06:53:29,300 - INFO - [ФИЛЬТР] После фильтра KPSS: 9 пар
2026-01-19 06:53:29,300 - INFO - [ФИЛЬТР] После фильтра market microstructure: 9 пар
2026-01-19 06:53:29,300 - INFO - [ФИЛЬТР] Статистика фильтрации (оптимизированный порядок):
2026-01-19 06:53:29,300 - INFO -   1. SSD → Коинтеграция: 10000 → 902 пар
2026-01-19 06:53:29,300 - INFO -   2. Коинтеграция → Beta: 902 → 3518 пар
2026-01-19 06:53:29,300 - INFO -   3. Beta → Half-life: 3518 → 3477 пар
2026-01-19 06:53:29,300 - INFO -   4. Half-life → Mean crossings: 3477 → 3518 пар
2026-01-19 06:53:29,300 - INFO -   5. Mean crossings → Hurst: 3518 → 357 пар
2026-01-19 06:53:29,300 - INFO -   6. Hurst → KPSS: 357 → 9 пар
2026-01-19 06:53:29,300 - INFO -   7. KPSS → Market microstructure: 9 → 9 пар
2026-01-19 06:53:29,300 - INFO - [ФИЛЬТР] Причины отсева:
2026-01-19 06:53:29,300 - INFO -   • low_correlation: 4815 пар (48.1%)
2026-01-19 06:53:29,300 - INFO -   • pvalue: 2575 пар (25.8%)
2026-01-19 06:53:29,300 - INFO -   • beta: 1667 пар (16.7%)
2026-01-19 06:53:29,300 - INFO -   • hurst: 545 пар (5.5%)
2026-01-19 06:53:29,300 - INFO -   • kpss: 348 пар (3.5%)
2026-01-19 06:53:29,300 - INFO -   • half_life: 41 пар (0.4%)
2026-01-19 06:53:29,300 - INFO - [ФИЛЬТР] Итого: 10000 → 9 пар (0.1% прошли все фильтры)
2026-01-19 06:53:29,315 - INFO - Причины отсева сохранены в results/filter_reasons_20260119_065329.csv
2026-01-19 06:53:29,319 - INFO -   Pair stability filter: 9 → 0 (window=3, min_steps=2)
2026-01-19 06:53:29,319 - INFO -   Фильтрация: 10000 → 0 пар
2026-01-19 06:53:29,319 - INFO - ⇠ filtering pairs by cointegration and half-life — done in 100.28s
2026-01-19 06:53:29,319 - INFO - ⇠ WF-шаг 2/5: training 2023-09-01-2023-10-30, testing 2023-10-31-2023-11-30 — done in 104.34s
2026-01-19 06:53:29,319 - INFO -   Всего пар для торговли: 0 (ограничение 15 применяется к одновременно открытым позициям)
2026-01-19 06:53:29,319 - INFO -   💰 Проверка расчета капитала: equity=$10,027.83, кандидатных_пар=0, max_позиций=15
2026-01-19 06:53:29,319 - INFO -   🎯 Target concurrency: 0 (ожидаемое одновременное число позиций)
2026-01-19 06:53:29,320 - INFO -   💼 Шаг P&L: $+0.00, Накопленный капитал: $10,027.83
2026-01-19 06:53:29,320 - INFO - ------------------------------------------------------------
2026-01-19 06:53:29,320 - INFO -   Walk-forward steps: 2 / 5 (40.0%) | 0.0 items/s | ETA: 385.9s
2026-01-19 06:53:29,320 - INFO - 🔍 WF-шаг 3/5: Валидация временных окон...
2026-01-19 06:53:29,321 - INFO - ⇢ WF-шаг 3/5: training 2023-10-01-2023-11-29, testing 2023-11-30-2023-12-30 — start
2026-01-19 06:53:29,321 - INFO - ⇢ loading step data — start
2026-01-19 06:53:29,493 - INFO - ⇠ loading step data — done in 0.17s
2026-01-19 06:53:30,877 - INFO - 📊 WF-шаг 3/5: Границы данных:
2026-01-19 06:53:30,877 - INFO -    Training: 2023-10-01 00:00:00 → 2023-11-29 23:45:00 (5,760 строк × 309 символов)
2026-01-19 06:53:30,877 - INFO -    Testing:  2023-11-30 00:00:00 → 2023-12-30 00:00:00 (2,881 строк × 309 символов)
2026-01-19 06:53:30,877 - INFO -    Временной разрыв: 0 days 00:15:00
2026-01-19 06:53:30,915 - INFO - ⇢ normalizing training data — start
2026-01-19 06:53:30,949 - INFO -   Символы с NaN значениями: 33
2026-01-19 06:53:30,949 - INFO -   Применяем метод нормализации: rolling_zscore
2026-01-19 06:53:30,964 - INFO - Символы с недостаточной историей: 32 из 309
2026-01-19 06:53:31,374 - INFO - Символы с NaN после нормализации: 277
2026-01-19 06:53:31,380 - INFO - Удалено 233 начальных строк с NaN от rolling расчетов
2026-01-19 06:53:31,383 - INFO - Итоговое количество символов после нормализации: 277 из 309
2026-01-19 06:53:31,383 - INFO -   Статистика нормализации:
2026-01-19 06:53:31,383 - INFO -     Исходные символы: 309
2026-01-19 06:53:31,383 - INFO -     Недостаточная история: 32
2026-01-19 06:53:31,383 - INFO -     Постоянная цена: 0
2026-01-19 06:53:31,383 - INFO -     NaN после нормализации: 277
2026-01-19 06:53:31,383 - INFO -     Итоговые символы: 277 (89.6%)
2026-01-19 06:53:31,383 - INFO -   После нормализации: 277 символов (потеряно 32)
2026-01-19 06:53:31,383 - INFO -   Отброшено много символов: 32 из 309
2026-01-19 06:53:31,383 - INFO - ⇠ normalizing training data — done in 0.47s
2026-01-19 06:53:31,384 - INFO - ⇢ SSD computation — start
2026-01-19 06:53:31,384 - INFO -   Расчет SSD для всех пар (без ограничения)
2026-01-19 06:53:33,689 - INFO -   SSD результат (все пары): 38226 пар
2026-01-19 06:53:33,690 - INFO -   Ограничиваем до top-10000 пар для дальнейшей обработки
2026-01-19 06:53:33,691 - INFO - ⇠ SSD computation — done in 2.31s
2026-01-19 06:53:33,694 - INFO - ⇢ filtering pairs by cointegration and half-life — start
2026-01-19 06:53:33,694 - INFO - [ФИЛЬТР] Параллельная фильтрация: threads (8 workers)
2026-01-19 06:55:58,945 - INFO - [ФИЛЬТР] После проверки данных: 10000 пар
2026-01-19 06:55:58,945 - INFO - [ФИЛЬТР] После фильтра корреляции (>0.65): 9124 пар
2026-01-19 06:55:58,945 - INFO - [ФИЛЬТР] После фильтра beta: 6350 пар
2026-01-19 06:55:58,946 - INFO - [ФИЛЬТР] После фильтра mean crossings: 6350 пар
2026-01-19 06:55:58,946 - INFO - [ФИЛЬТР] После фильтра half-life: 6309 пар
2026-01-19 06:55:58,946 - INFO - [ФИЛЬТР] После фильтра коинтеграции: 1155 пар
2026-01-19 06:55:58,946 - INFO - [ФИЛЬТР] После фильтра Hurst: 354 пар
2026-01-19 06:55:58,946 - INFO - [ФИЛЬТР] После фильтра KPSS: 16 пар
2026-01-19 06:55:58,946 - INFO - [ФИЛЬТР] После фильтра market microstructure: 16 пар
2026-01-19 06:55:58,946 - INFO - [ФИЛЬТР] Статистика фильтрации (оптимизированный порядок):
2026-01-19 06:55:58,946 - INFO -   1. SSD → Коинтеграция: 10000 → 1155 пар
2026-01-19 06:55:58,946 - INFO -   2. Коинтеграция → Beta: 1155 → 6350 пар
2026-01-19 06:55:58,946 - INFO -   3. Beta → Half-life: 6350 → 6309 пар
2026-01-19 06:55:58,946 - INFO -   4. Half-life → Mean crossings: 6309 → 6350 пар
2026-01-19 06:55:58,946 - INFO -   5. Mean crossings → Hurst: 6350 → 354 пар
2026-01-19 06:55:58,946 - INFO -   6. Hurst → KPSS: 354 → 16 пар
2026-01-19 06:55:58,946 - INFO -   7. KPSS → Market microstructure: 16 → 16 пар
2026-01-19 06:55:58,946 - INFO - [ФИЛЬТР] Причины отсева:
2026-01-19 06:55:58,946 - INFO -   • pvalue: 5154 пар (51.5%)
2026-01-19 06:55:58,946 - INFO -   • beta: 2774 пар (27.7%)
2026-01-19 06:55:58,946 - INFO -   • low_correlation: 876 пар (8.8%)
2026-01-19 06:55:58,946 - INFO -   • hurst: 801 пар (8.0%)
2026-01-19 06:55:58,946 - INFO -   • kpss: 338 пар (3.4%)
2026-01-19 06:55:58,946 - INFO -   • half_life: 41 пар (0.4%)
2026-01-19 06:55:58,946 - INFO - [ФИЛЬТР] Итого: 10000 → 16 пар (0.2% прошли все фильтры)
2026-01-19 06:55:58,960 - INFO - Причины отсева сохранены в results/filter_reasons_20260119_065558.csv
2026-01-19 06:55:58,963 - INFO -   Pair stability filter: 16 → 0 (window=3, min_steps=2)
2026-01-19 06:55:58,963 - INFO -   Фильтрация: 10000 → 0 пар
2026-01-19 06:55:58,963 - INFO - ⇠ filtering pairs by cointegration and half-life — done in 145.27s
2026-01-19 06:55:58,964 - INFO - ⇠ WF-шаг 3/5: training 2023-10-01-2023-11-29, testing 2023-11-30-2023-12-30 — done in 149.64s
2026-01-19 06:55:58,964 - INFO -   Всего пар для торговли: 0 (ограничение 15 применяется к одновременно открытым позициям)
2026-01-19 06:55:58,964 - INFO -   💰 Проверка расчета капитала: equity=$10,027.83, кандидатных_пар=0, max_позиций=15
2026-01-19 06:55:58,964 - INFO -   🎯 Target concurrency: 0 (ожидаемое одновременное число позиций)
2026-01-19 06:55:58,964 - INFO -   💼 Шаг P&L: $+0.00, Накопленный капитал: $10,027.83
2026-01-19 06:55:58,964 - INFO - ------------------------------------------------------------
2026-01-19 06:55:58,965 - INFO -   Walk-forward steps: 3 / 5 (60.0%) | 0.0 items/s | ETA: 271.3s
2026-01-19 06:55:58,965 - INFO - 🔍 WF-шаг 4/5: Валидация временных окон...
2026-01-19 06:55:58,965 - INFO - ⇢ WF-шаг 4/5: training 2023-10-31-2023-12-29, testing 2023-12-30-2024-01-29 — start
2026-01-19 06:55:58,965 - INFO - ⇢ loading step data — start
2026-01-19 06:55:59,140 - INFO - ⇠ loading step data — done in 0.17s
2026-01-19 06:56:00,416 - INFO - 📊 WF-шаг 4/5: Границы данных:
2026-01-19 06:56:00,416 - INFO -    Training: 2023-10-31 00:00:00 → 2023-12-29 23:45:00 (5,760 строк × 327 символов)
2026-01-19 06:56:00,416 - INFO -    Testing:  2023-12-30 00:00:00 → 2024-01-29 00:00:00 (2,881 строк × 327 символов)
2026-01-19 06:56:00,416 - INFO -    Временной разрыв: 0 days 00:15:00
2026-01-19 06:56:00,455 - INFO - ⇢ normalizing training data — start
2026-01-19 06:56:00,491 - INFO -   Символы с NaN значениями: 45
2026-01-19 06:56:00,491 - INFO -   Применяем метод нормализации: rolling_zscore
2026-01-19 06:56:00,506 - INFO - Символы с недостаточной историей: 40 из 327
2026-01-19 06:56:00,911 - INFO - Символы с NaN после нормализации: 287
2026-01-19 06:56:00,917 - INFO - Удалено 809 начальных строк с NaN от rolling расчетов
2026-01-19 06:56:00,919 - INFO - Итоговое количество символов после нормализации: 287 из 327
2026-01-19 06:56:00,919 - INFO -   Статистика нормализации:
2026-01-19 06:56:00,919 - INFO -     Исходные символы: 327
2026-01-19 06:56:00,919 - INFO -     Недостаточная история: 40
2026-01-19 06:56:00,919 - INFO -     Постоянная цена: 0
2026-01-19 06:56:00,919 - INFO -     NaN после нормализации: 287
2026-01-19 06:56:00,919 - INFO -     Итоговые символы: 287 (87.8%)
2026-01-19 06:56:00,919 - INFO -   После нормализации: 287 символов (потеряно 40)
2026-01-19 06:56:00,919 - INFO -   Отброшено много символов: 40 из 327
2026-01-19 06:56:00,919 - INFO - ⇠ normalizing training data — done in 0.46s
2026-01-19 06:56:00,920 - INFO - ⇢ SSD computation — start
2026-01-19 06:56:00,920 - INFO -   Расчет SSD для всех пар (без ограничения)
2026-01-19 06:56:03,185 - INFO -   SSD результат (все пары): 41041 пар
2026-01-19 06:56:03,185 - INFO -   Ограничиваем до top-10000 пар для дальнейшей обработки
2026-01-19 06:56:03,186 - INFO - ⇠ SSD computation — done in 2.27s
2026-01-19 06:56:03,190 - INFO - ⇢ filtering pairs by cointegration and half-life — start
2026-01-19 06:56:03,190 - INFO - [ФИЛЬТР] Параллельная фильтрация: threads (8 workers)
2026-01-19 06:57:50,594 - INFO - [ФИЛЬТР] После проверки данных: 10000 пар
2026-01-19 06:57:50,594 - INFO - [ФИЛЬТР] После фильтра корреляции (>0.65): 5787 пар
2026-01-19 06:57:50,594 - INFO - [ФИЛЬТР] После фильтра beta: 4023 пар
2026-01-19 06:57:50,594 - INFO - [ФИЛЬТР] После фильтра mean crossings: 4023 пар
2026-01-19 06:57:50,594 - INFO - [ФИЛЬТР] После фильтра half-life: 3980 пар
2026-01-19 06:57:50,594 - INFO - [ФИЛЬТР] После фильтра коинтеграции: 858 пар
2026-01-19 06:57:50,594 - INFO - [ФИЛЬТР] После фильтра Hurst: 289 пар
2026-01-19 06:57:50,594 - INFO - [ФИЛЬТР] После фильтра KPSS: 10 пар
2026-01-19 06:57:50,594 - INFO - [ФИЛЬТР] После фильтра market microstructure: 10 пар
2026-01-19 06:57:50,594 - INFO - [ФИЛЬТР] Статистика фильтрации (оптимизированный порядок):
2026-01-19 06:57:50,594 - INFO -   1. SSD → Коинтеграция: 10000 → 858 пар
2026-01-19 06:57:50,594 - INFO -   2. Коинтеграция → Beta: 858 → 4023 пар
2026-01-19 06:57:50,594 - INFO -   3. Beta → Half-life: 4023 → 3980 пар
2026-01-19 06:57:50,594 - INFO -   4. Half-life → Mean crossings: 3980 → 4023 пар
2026-01-19 06:57:50,594 - INFO -   5. Mean crossings → Hurst: 4023 → 289 пар
2026-01-19 06:57:50,594 - INFO -   6. Hurst → KPSS: 289 → 10 пар
2026-01-19 06:57:50,594 - INFO -   7. KPSS → Market microstructure: 10 → 10 пар
2026-01-19 06:57:50,594 - INFO - [ФИЛЬТР] Причины отсева:
2026-01-19 06:57:50,594 - INFO -   • low_correlation: 4213 пар (42.1%)
2026-01-19 06:57:50,594 - INFO -   • pvalue: 3122 пар (31.2%)
2026-01-19 06:57:50,595 - INFO -   • beta: 1764 пар (17.6%)
2026-01-19 06:57:50,595 - INFO -   • hurst: 569 пар (5.7%)
2026-01-19 06:57:50,595 - INFO -   • kpss: 279 пар (2.8%)
2026-01-19 06:57:50,595 - INFO -   • half_life: 43 пар (0.4%)
2026-01-19 06:57:50,595 - INFO - [ФИЛЬТР] Итого: 10000 → 10 пар (0.1% прошли все фильтры)
2026-01-19 06:57:50,609 - INFO - Причины отсева сохранены в results/filter_reasons_20260119_065750.csv
2026-01-19 06:57:50,612 - INFO -   Pair stability filter: 10 → 0 (window=3, min_steps=2)
2026-01-19 06:57:50,613 - INFO -   Фильтрация: 10000 → 0 пар
2026-01-19 06:57:50,613 - INFO - ⇠ filtering pairs by cointegration and half-life — done in 107.42s
2026-01-19 06:57:50,613 - INFO - ⇠ WF-шаг 4/5: training 2023-10-31-2023-12-29, testing 2023-12-30-2024-01-29 — done in 111.65s
2026-01-19 06:57:50,613 - INFO -   Всего пар для торговли: 0 (ограничение 15 применяется к одновременно открытым позициям)
2026-01-19 06:57:50,613 - INFO -   💰 Проверка расчета капитала: equity=$10,027.83, кандидатных_пар=0, max_позиций=15
2026-01-19 06:57:50,613 - INFO -   🎯 Target concurrency: 0 (ожидаемое одновременное число позиций)
2026-01-19 06:57:50,614 - INFO -   💼 Шаг P&L: $+0.00, Накопленный капитал: $10,027.83
2026-01-19 06:57:50,614 - INFO - ------------------------------------------------------------
2026-01-19 06:57:50,614 - INFO -   Walk-forward steps: 4 / 5 (80.0%) | 0.0 items/s | ETA: 129.6s
2026-01-19 06:57:50,614 - INFO - 🔍 WF-шаг 5/5: Валидация временных окон...
2026-01-19 06:57:50,614 - INFO - ⇢ WF-шаг 5/5: training 2023-11-30-2024-01-28, testing 2024-01-29-2024-02-28 — start
2026-01-19 06:57:50,614 - INFO - ⇢ loading step data — start
2026-01-19 06:57:50,810 - INFO - ⇠ loading step data — done in 0.20s
2026-01-19 06:57:52,331 - INFO - 📊 WF-шаг 5/5: Границы данных:
2026-01-19 06:57:52,332 - INFO -    Training: 2023-11-30 00:00:00 → 2024-01-28 23:45:00 (5,760 строк × 344 символов)
2026-01-19 06:57:52,332 - INFO -    Testing:  2024-01-29 00:00:00 → 2024-02-28 00:00:00 (2,881 строк × 344 символов)
2026-01-19 06:57:52,332 - INFO -    Временной разрыв: 0 days 00:15:00
2026-01-19 06:57:52,375 - INFO - ⇢ normalizing training data — start
2026-01-19 06:57:52,414 - INFO -   Символы с NaN значениями: 52
2026-01-19 06:57:52,414 - INFO -   Применяем метод нормализации: rolling_zscore
2026-01-19 06:57:52,430 - INFO - Символы с недостаточной историей: 44 из 344
2026-01-19 06:57:52,862 - INFO - Символы с NaN после нормализации: 300
2026-01-19 06:57:52,869 - INFO - Удалено 809 начальных строк с NaN от rolling расчетов
2026-01-19 06:57:52,870 - INFO - Итоговое количество символов после нормализации: 300 из 344
2026-01-19 06:57:52,871 - INFO -   Статистика нормализации:
2026-01-19 06:57:52,871 - INFO -     Исходные символы: 344
2026-01-19 06:57:52,871 - INFO -     Недостаточная история: 44
2026-01-19 06:57:52,871 - INFO -     Постоянная цена: 0
2026-01-19 06:57:52,871 - INFO -     NaN после нормализации: 300
2026-01-19 06:57:52,871 - INFO -     Итоговые символы: 300 (87.2%)
2026-01-19 06:57:52,871 - INFO -   После нормализации: 300 символов (потеряно 44)
2026-01-19 06:57:52,871 - INFO -   Отброшено много символов: 44 из 344
2026-01-19 06:57:52,871 - INFO - ⇠ normalizing training data — done in 0.50s
2026-01-19 06:57:52,872 - INFO - ⇢ SSD computation — start
2026-01-19 06:57:52,872 - INFO -   Расчет SSD для всех пар (без ограничения)
2026-01-19 06:57:55,317 - INFO -   SSD результат (все пары): 44850 пар
2026-01-19 06:57:55,317 - INFO -   Ограничиваем до top-10000 пар для дальнейшей обработки
2026-01-19 06:57:55,318 - INFO - ⇠ SSD computation — done in 2.45s
2026-01-19 06:57:55,321 - INFO - ⇢ filtering pairs by cointegration and half-life — start
2026-01-19 06:57:55,321 - INFO - [ФИЛЬТР] Параллельная фильтрация: threads (8 workers)
2026-01-19 06:59:19,502 - INFO - [ФИЛЬТР] После проверки данных: 10000 пар
2026-01-19 06:59:19,502 - INFO - [ФИЛЬТР] После фильтра корреляции (>0.65): 3143 пар
2026-01-19 06:59:19,503 - INFO - [ФИЛЬТР] После фильтра beta: 2430 пар
2026-01-19 06:59:19,503 - INFO - [ФИЛЬТР] После фильтра mean crossings: 2430 пар
2026-01-19 06:59:19,503 - INFO - [ФИЛЬТР] После фильтра half-life: 2389 пар
2026-01-19 06:59:19,503 - INFO - [ФИЛЬТР] После фильтра коинтеграции: 804 пар
2026-01-19 06:59:19,503 - INFO - [ФИЛЬТР] После фильтра Hurst: 295 пар
2026-01-19 06:59:19,503 - INFO - [ФИЛЬТР] После фильтра KPSS: 27 пар
2026-01-19 06:59:19,503 - INFO - [ФИЛЬТР] После фильтра market microstructure: 27 пар
2026-01-19 06:59:19,503 - INFO - [ФИЛЬТР] Статистика фильтрации (оптимизированный порядок):
2026-01-19 06:59:19,503 - INFO -   1. SSD → Коинтеграция: 10000 → 804 пар
2026-01-19 06:59:19,503 - INFO -   2. Коинтеграция → Beta: 804 → 2430 пар
2026-01-19 06:59:19,504 - INFO -   3. Beta → Half-life: 2430 → 2389 пар
2026-01-19 06:59:19,504 - INFO -   4. Half-life → Mean crossings: 2389 → 2430 пар
2026-01-19 06:59:19,504 - INFO -   5. Mean crossings → Hurst: 2430 → 295 пар
2026-01-19 06:59:19,504 - INFO -   6. Hurst → KPSS: 295 → 27 пар
2026-01-19 06:59:19,504 - INFO -   7. KPSS → Market microstructure: 27 → 27 пар
2026-01-19 06:59:19,504 - INFO - [ФИЛЬТР] Причины отсева:
2026-01-19 06:59:19,504 - INFO -   • low_correlation: 6857 пар (68.6%)
2026-01-19 06:59:19,504 - INFO -   • pvalue: 1585 пар (15.8%)
2026-01-19 06:59:19,504 - INFO -   • beta: 713 пар (7.1%)
2026-01-19 06:59:19,504 - INFO -   • hurst: 509 пар (5.1%)
2026-01-19 06:59:19,504 - INFO -   • kpss: 268 пар (2.7%)
2026-01-19 06:59:19,504 - INFO -   • half_life: 41 пар (0.4%)
2026-01-19 06:59:19,504 - INFO - [ФИЛЬТР] Итого: 10000 → 27 пар (0.3% прошли все фильтры)
2026-01-19 06:59:19,519 - INFO - Причины отсева сохранены в results/filter_reasons_20260119_065919.csv
2026-01-19 06:59:19,523 - INFO -   Pair stability filter: 27 → 0 (window=3, min_steps=2)
2026-01-19 06:59:19,523 - INFO -   Фильтрация: 10000 → 0 пар
2026-01-19 06:59:19,523 - INFO - ⇠ filtering pairs by cointegration and half-life — done in 84.20s
2026-01-19 06:59:19,524 - INFO - ⇠ WF-шаг 5/5: training 2023-11-30-2024-01-28, testing 2024-01-29-2024-02-28 — done in 88.91s
2026-01-19 06:59:19,524 - INFO -   Всего пар для торговли: 0 (ограничение 15 применяется к одновременно открытым позициям)
2026-01-19 06:59:19,524 - INFO -   💰 Проверка расчета капитала: equity=$10,027.83, кандидатных_пар=0, max_позиций=15
2026-01-19 06:59:19,524 - INFO -   🎯 Target concurrency: 0 (ожидаемое одновременное число позиций)
2026-01-19 06:59:19,524 - INFO -   💼 Шаг P&L: $+0.00, Накопленный капитал: $10,027.83
2026-01-19 06:59:19,525 - INFO - ------------------------------------------------------------
2026-01-19 06:59:19,525 - INFO -   Walk-forward steps: 5 / 5 (100.0%) | 0.0 items/s | ETA: 0.0s
2026-01-19 06:59:19,525 - INFO - ⇠ Walk-forward steps — completed 5 items in 607.47s (0.0 items/s)
2026-01-19 06:59:19,525 - INFO - ================================================================================
2026-01-19 06:59:19,525 - INFO - 🏁 Walk-forward анализ завершен!
2026-01-19 06:59:19,525 - INFO - ⏱️ Обработано 5 шагов за 456.4 секунд
2026-01-19 06:59:19,525 - INFO - 📊 Всего обработано пар за весь анализ: 21
2026-01-19 06:59:19,525 - INFO - 💰 Финальный капитал: $10,027.83 (было $10,000.00)
2026-01-19 06:59:19,525 - INFO - 📈 Общая доходность: +0.28% ($+27.83)
2026-01-19 06:59:19,525 - INFO - 📊 Всего сделок: 0
2026-01-19 06:59:19,525 - INFO - ================================================================================
2026-01-19 06:59:19,525 - INFO - ✓ Завершены все 5 WF-шагов
2026-01-19 06:59:19,525 - INFO - ⇢ Обработка финальных результатов и расчет метрик...
2026-01-19 06:59:19,525 - INFO - ⇢ processing final results — start
2026-01-19 06:59:19,525 - INFO -   ⇢ Агрегация данных P&L за 2881 торговых дней
2026-01-19 06:59:19,536 - INFO -   ⇢ Расчет базовых метрик производительности...
2026-01-19 06:59:19,536 - INFO -     📊 Данные для анализа: 2881 записей P&L, 2881 точек equity
2026-01-19 06:59:19,538 - INFO -   ⇢ Расчет расширенных метрик (волатильность, Calmar ratio, и др.)...
2026-01-19 06:59:19,539 - INFO -   ✅ Расширенные метрики рассчитаны: 6 показателей
2026-01-19 06:59:19,539 - INFO -   ⇢ Анализ статистики по 21 парам...
2026-01-19 06:59:19,541 - INFO - ✅ Рассчитаны метрики производительности (19 показателей)
2026-01-19 06:59:19,541 - INFO -   💰 Общий P&L: $+27.83
2026-01-19 06:59:19,541 - INFO -   📊 Sharpe Ratio: 2.410
2026-01-19 06:59:19,541 - INFO -   📉 Максимальная просадка: -2948.12%
2026-01-19 06:59:19,541 - INFO -   🔄 Всего сделок: 378
2026-01-19 06:59:19,541 - INFO -   📈 Торгуемых пар: 21
2026-01-19 06:59:19,541 - INFO -   💸 Общие издержки: $13.50
2026-01-19 06:59:19,542 - coint2.metrics - INFO - Metric: total_pnl
2026-01-19 06:59:19,543 - coint2.metrics - INFO - Metric: sharpe_ratio_abs
2026-01-19 06:59:19,543 - coint2.metrics - INFO - Metric: max_drawdown_pct
2026-01-19 06:59:19,543 - coint2.metrics - INFO - Metric: total_trades
2026-01-19 06:59:19,543 - coint2.metrics - INFO - Metric: total_pairs_traded
2026-01-19 06:59:19,543 - coint2.metrics - INFO - Metric: total_costs
2026-01-19 06:59:19,544 - INFO - ⇠ processing final results — done in 0.02s
2026-01-19 06:59:19,544 - INFO - ⇢ Создание отчетов и сохранение результатов...
2026-01-19 06:59:19,544 - INFO - ⇢ generating reports — start
2026-01-19 06:59:19,544 - INFO -   ⇢ Создание отчета о производительности...
2026-01-19 06:59:23,622 - INFO -   ✓ Отчет о производительности создан
2026-01-19 06:59:23,623 - INFO -   ⇢ Сохранение данных в CSV файлы...
2026-01-19 06:59:23,624 - INFO - 📋 Метрики сохранены: artifacts/wfa/runs/20260119_stability_shortlist/stability_20260119_liquid_pv0p03_hurst0p5_hl0p05_40_corr0p65_ssd10000/strategy_metrics.csv
2026-01-19 06:59:23,625 - INFO - 📈 Дневные P&L сохранены: artifacts/wfa/runs/20260119_stability_shortlist/stability_20260119_liquid_pv0p03_hurst0p5_hl0p05_40_corr0p65_ssd10000/daily_pnl.csv (31 записей)
2026-01-19 06:59:23,636 - INFO - 💹 Кривая капитала сохранена: artifacts/wfa/runs/20260119_stability_shortlist/stability_20260119_liquid_pv0p03_hurst0p5_hl0p05_40_corr0p65_ssd10000/equity_curve.csv (2881 точек)
2026-01-19 06:59:23,638 - INFO - 📋 Статистика сделок сохранена: artifacts/wfa/runs/20260119_stability_shortlist/stability_20260119_liquid_pv0p03_hurst0p5_hl0p05_40_corr0p65_ssd10000/trade_statistics.csv (21 записей)
2026-01-19 06:59:23,638 - INFO - 🎉 Walk-Forward анализ полностью завершен!
2026-01-19 06:59:23,638 - INFO - 📊 Все отчеты и данные сохранены в: artifacts/wfa/runs/20260119_stability_shortlist/stability_20260119_liquid_pv0p03_hurst0p5_hl0p05_40_corr0p65_ssd10000
2026-01-19 06:59:23,638 - INFO - 💼 Итоговый капитал: $10,027.83
2026-01-19 06:59:23,638 - INFO - ⏱️  Общее время выполнения: 460.6 секунд
2026-01-19 06:59:23,639 - INFO - ⇠ generating reports — done in 4.09s
2026-01-19 06:59:23,639 - coint2.core.memory_optimization - INFO - 🧹 Cleaning up global price data
2026-01-19 06:59:23,642 - coint2.core.memory_optimization - INFO - 📊 No global rolling stats to clean up
2026-01-19 06:59:23,642 - INFO - 🧹 Memory-mapped data cleaned up
2026-01-19 06:59:23,643 - INFO - ⇠ run_walk_forward_analysis — done in 619.54s
⚙️  Загрузка данных за период: 2023-09-01 -> 2023-11-30
📂 Найдено 43 parquet файлов для обработки.
📊 Схема данных: Schema({'timestamp': Int64, 'open': Float64, 'high': Float64, 'low': Float64, 'close': Float64, 'volume': Float64, 'turnover': String, 'ts_ms': Int64, 'symbol': String})
✅ Загружено 2420293 записей с помощью Polars.
📊 Типы данных в pandas: timestamp       datetime64[us]
symbol                  object
close                  float64
timestamp_ms             int64
dtype: object
⚙️  Загрузка данных за период: 2023-10-01 -> 2023-12-30
📂 Найдено 43 parquet файлов для обработки.
📊 Схема данных: Schema({'timestamp': Int64, 'open': Float64, 'high': Float64, 'low': Float64, 'close': Float64, 'volume': Float64, 'turnover': String, 'ts_ms': Int64, 'symbol': String})
✅ Загружено 2499894 записей с помощью Polars.
📊 Типы данных в pandas: timestamp       datetime64[us]
symbol                  object
close                  float64
timestamp_ms             int64
dtype: object
⚙️  Загрузка данных за период: 2023-10-31 -> 2024-01-29
📂 Найдено 43 parquet файлов для обработки.
📊 Схема данных: Schema({'timestamp': Int64, 'open': Float64, 'high': Float64, 'low': Float64, 'close': Float64, 'volume': Float64, 'turnover': String, 'ts_ms': Int64, 'symbol': String})
✅ Загружено 2615053 записей с помощью Polars.
📊 Типы данных в pandas: timestamp       datetime64[us]
symbol                  object
close                  float64
timestamp_ms             int64
dtype: object
⚙️  Загрузка данных за период: 2023-11-30 -> 2024-02-28
📂 Найдено 43 parquet файлов для обработки.
📊 Схема данных: Schema({'timestamp': Int64, 'open': Float64, 'high': Float64, 'low': Float64, 'close': Float64, 'volume': Float64, 'turnover': String, 'ts_ms': Int64, 'symbol': String})
✅ Загружено 2755343 записей с помощью Polars.
📊 Типы данных в pandas: timestamp       datetime64[us]
symbol                  object
close                  float64
timestamp_ms             int64
dtype: object
📊 Отчет сохранен: artifacts/wfa/runs/20260119_stability_shortlist/stability_20260119_liquid_pv0p03_hurst0p5_hl0p05_40_corr0p65_ssd10000/CointegrationStrategy_performance_report.png
🎯 ============================================================
📊 ИТОГИ ТОРГОВОЙ СТРАТЕГИИ
🎯 ============================================================

💰 ФИНАНСОВЫЕ РЕЗУЛЬТАТЫ:
   • Общий P&L:                           28
   • Максимальная просадка:              -29
   • Средний дневной P&L:                  1

📈 МЕТРИКИ РИСКА:
   • Коэффициент Шарпа:               2.4103
   • Волатильность P&L:                 5.49
   • Процент прибыльных дней:         61.29%

🔄 ТОРГОВАЯ АКТИВНОСТЬ:
   • Всего торговых дней:                 31
   • Всего сделок:                       378
   • Торгуемых пар:                       21
   • Сделок на пару:                    18.0
   • Успешность сделок:               0.34%

💸 РАСХОДЫ И ЭКСТРЕМУМЫ:
   • Общие расходы:                       13
   • Максимальная прибыль:                18
   • Максимальный убыток:                -12
   • Лучшая пара (P&L):                   10
   • Худшая пара (P&L):                  -14

📊 ОЦЕНКА СТРАТЕГИИ:
   ✅ ОТЛИЧНАЯ стратегия! Высокий Шарп и положительный результат

🎯 ============================================================

Annualized Sharpe Ratio: 2.410297407589797
[run_wfa_fullcpu] end: 2026-01-19T06:59:24Z
