[run_wfa_queue] 2026-01-19T14:34:48Z cmd: /opt/coint4/coint4/run_wfa_fullcpu.sh configs/stability_20260119_relaxed8_loose/stability_relaxed8_loose_20260119_pv0p2_hurst0p8_hl0p02_60_corr0p4_ssd50000_kpss0p1_w2m1_t90_fixed.yaml artifacts/wfa/runs/20260119_stability_relaxed8_loose/stability_relaxed8_loose_20260119_pv0p2_hurst0p8_hl0p02_60_corr0p4_ssd50000_kpss0p1_w2m1_t90_fixed
[run_wfa_fullcpu] start: 2026-01-19T14:34:48Z
[run_wfa_fullcpu] os.cpu_count: 8
[run_wfa_fullcpu] worker_pid=1121
2026-01-19 14:34:52,232 - coint2.core.memory_optimization - INFO - ✅ BLAS threading limits set to 1 via threadpoolctl
2026-01-19 14:34:52,233 - coint2.core.memory_optimization - INFO - 🔧 Controlled libraries: openblas, openmp
2026-01-19 14:34:52,233 - coint2.core.memory_optimization - INFO - 🧵 Process threads: 2 → 2
2026-01-19 14:34:52,233 - coint2.core.memory_optimization - INFO - 📝 Set 11 environment variables
2026-01-19 14:34:52,633 - INFO - ✅ Параметры конфигурации валидны
2026-01-19 14:34:52,634 - INFO - 📝 Некоторые параметры были скорректированы:
2026-01-19 14:34:52,705 - INFO - 🔒 WFA: фиксированный universe из artifacts/universe/20260119_relaxed8_strict_preholdout/pairs_universe.yaml (110 пар)
2026-01-19 14:34:52,705 - INFO -   Шаг 1: тренировка 2023-07-03-2023-09-30, тест 2023-10-01-2023-10-31
2026-01-19 14:34:52,705 - INFO -   Шаг 2: тренировка 2023-08-02-2023-10-30, тест 2023-10-31-2023-11-30
2026-01-19 14:34:52,706 - INFO -   Шаг 3: тренировка 2023-09-01-2023-11-29, тест 2023-11-30-2023-12-30
2026-01-19 14:34:52,706 - INFO -   Шаг 4: тренировка 2023-10-01-2023-12-29, тест 2023-12-30-2024-01-29
2026-01-19 14:34:52,706 - INFO -   Шаг 5: тренировка 2023-10-31-2024-01-28, тест 2024-01-29-2024-02-28
2026-01-19 14:34:52,706 - INFO -   Шаг 6: тренировка 2023-11-30-2024-02-27, тест 2024-02-28-2024-03-29
2026-01-19 14:34:52,706 - INFO -   Шаг 7: тренировка 2023-12-30-2024-03-28, тест 2024-03-29-2024-04-28
2026-01-19 14:34:52,706 - INFO -   Шаг 8: тренировка 2024-01-29-2024-04-27, тест 2024-04-28-2024-05-28
2026-01-19 14:34:52,706 - INFO - 📈 Запланировано 8 walk-forward шагов
2026-01-19 14:34:52,706 - INFO - ⛔ Ограничение WFA шагов: 8 → 5
2026-01-19 14:34:52,706 - WARNING - ⚠️ Маленький буфер между training и testing в шаге 1: 0 дней. Рекомендуется минимум 1 день.
2026-01-19 14:34:52,706 - WARNING - ⚠️ Маленький буфер между training и testing в шаге 2: 0 дней. Рекомендуется минимум 1 день.
2026-01-19 14:34:52,706 - WARNING - ⚠️ Маленький буфер между training и testing в шаге 3: 0 дней. Рекомендуется минимум 1 день.
2026-01-19 14:34:52,706 - WARNING - ⚠️ Маленький буфер между training и testing в шаге 4: 0 дней. Рекомендуется минимум 1 день.
2026-01-19 14:34:52,706 - WARNING - ⚠️ Маленький буфер между training и testing в шаге 5: 0 дней. Рекомендуется минимум 1 день.
2026-01-19 14:34:52,706 - INFO - ✅ Шаги успешно запланированы:
2026-01-19 14:34:52,706 - INFO -    Шаг 1: тренировка 2023-07-03-2023-09-30, тест 2023-10-01-2023-10-31
2026-01-19 14:34:52,706 - INFO -    Шаг 2: тренировка 2023-08-02-2023-10-30, тест 2023-10-31-2023-11-30
2026-01-19 14:34:52,706 - INFO -    Шаг 3: тренировка 2023-09-01-2023-11-29, тест 2023-11-30-2023-12-30
2026-01-19 14:34:52,706 - INFO -    Шаг 4: тренировка 2023-10-01-2023-12-29, тест 2023-12-30-2024-01-29
2026-01-19 14:34:52,706 - INFO -    Шаг 5: тренировка 2023-10-31-2024-01-28, тест 2024-01-29-2024-02-28
2026-01-19 14:34:52,706 - INFO - 🗂️ Consolidating price data for memory-mapped access...
2026-01-19 14:34:52,706 - INFO - 📊 Consolidating data range: 2023-06-28 → 2024-03-04
2026-01-19 14:34:52,707 - coint2.core.memory_optimization - INFO - 🔄 Consolidating price data from data_downloaded to .cache/consolidated_prices.parquet
2026-01-19 14:34:52,707 - INFO - ⇢ loading raw data for consolidation — start
2026-01-19 14:34:54,165 - INFO - ⇠ loading raw data for consolidation — done in 1.46s
2026-01-19 14:34:54,165 - INFO - ⇢ pivoting data to wide format — start
2026-01-19 14:34:59,764 - INFO - ⇠ pivoting data to wide format — done in 5.60s
2026-01-19 14:34:59,826 - coint2.core.memory_optimization - INFO - 📊 Consolidated data: 24001 rows × 346 symbols
2026-01-19 14:34:59,826 - coint2.core.memory_optimization - INFO - 💾 Memory usage: 33.4 MB
2026-01-19 14:34:59,826 - INFO - ⇢ writing consolidated Parquet file — start
2026-01-19 14:35:00,073 - INFO - ⇠ writing consolidated Parquet file — done in 0.25s
2026-01-19 14:35:00,074 - coint2.core.memory_optimization - INFO - ✅ Successfully consolidated data to .cache/consolidated_prices.parquet
2026-01-19 14:35:00,098 - coint2.core.memory_optimization - INFO - 🔄 Initializing memory-mapped price data from .cache/consolidated_prices.parquet
2026-01-19 14:35:00,099 - INFO - ⇢ loading memory-mapped data — start
2026-01-19 14:35:00,099 - coint2.core.memory_optimization - WARNING - ⚠️ memory_map не поддерживается в текущей версии pyarrow, fallback без mmap
2026-01-19 14:35:00,248 - INFO - ⇠ loading memory-mapped data — done in 0.15s
2026-01-19 14:35:00,257 - coint2.core.memory_optimization - INFO - 📊 Loaded 24001 rows × 346 symbols
2026-01-19 14:35:00,257 - coint2.core.memory_optimization - INFO - 💾 Memory usage: 33.4 MB (memory-mapped)
2026-01-19 14:35:00,259 - INFO - ✅ Memory-mapped data initialized successfully
2026-01-19 14:35:00,260 - INFO - ⇢ Walk-forward steps — starting 5 items
2026-01-19 14:35:00,261 - INFO - 📈 Инициализация equity кривой с первой тестовой даты: 2023-10-01 00:00:00
2026-01-19 14:35:00,261 - INFO - 🔍 WF-шаг 1/5: Валидация временных окон...
2026-01-19 14:35:00,262 - INFO - ⇢ WF-шаг 1/5: training 2023-07-03-2023-09-30, testing 2023-10-01-2023-10-31 — start
2026-01-19 14:35:00,262 - INFO - ⇢ loading step data — start
2026-01-19 14:35:00,459 - INFO - ⇠ loading step data — done in 0.20s
2026-01-19 14:35:02,189 - INFO - 📊 WF-шаг 1/5: Границы данных:
2026-01-19 14:35:02,189 - INFO -    Training: 2023-07-03 00:00:00 → 2023-09-30 23:45:00 (8,640 строк × 282 символов)
2026-01-19 14:35:02,189 - INFO -    Testing:  2023-10-01 00:00:00 → 2023-10-31 00:00:00 (2,881 строк × 282 символов)
2026-01-19 14:35:02,189 - INFO -    Временной разрыв: 0 days 00:15:00
2026-01-19 14:35:02,226 - INFO - ⇢ normalizing training data — start
2026-01-19 14:35:02,259 - INFO -   Символы с NaN значениями: 34
2026-01-19 14:35:02,259 - INFO -   Применяем метод нормализации: rolling_zscore
2026-01-19 14:35:02,279 - INFO - Символы с недостаточной историей: 23 из 282
2026-01-19 14:35:02,832 - INFO - Символы с NaN после нормализации: 259
2026-01-19 14:35:02,839 - INFO - Удалено 1569 начальных строк с NaN от rolling расчетов
2026-01-19 14:35:02,842 - INFO - Итоговое количество символов после нормализации: 259 из 282
2026-01-19 14:35:02,842 - INFO -   Статистика нормализации:
2026-01-19 14:35:02,842 - INFO -     Исходные символы: 282
2026-01-19 14:35:02,842 - INFO -     Недостаточная история: 23
2026-01-19 14:35:02,842 - INFO -     Постоянная цена: 0
2026-01-19 14:35:02,842 - INFO -     NaN после нормализации: 259
2026-01-19 14:35:02,842 - INFO -     Итоговые символы: 259 (91.8%)
2026-01-19 14:35:02,842 - INFO -   После нормализации: 259 символов (потеряно 23)
2026-01-19 14:35:02,842 - INFO -   Отброшено много символов: 23 из 282
2026-01-19 14:35:02,842 - INFO - ⇠ normalizing training data — done in 0.62s
2026-01-19 14:35:02,843 - INFO -   Фиксированный universe: 83 пар (отфильтровано 27 недоступных)
2026-01-19 14:35:02,843 - INFO - ⇢ filtering pairs by cointegration and half-life — start
2026-01-19 14:35:02,843 - INFO - [ФИЛЬТР] Параллельная фильтрация: processes (8 workers)
⚙️  Загрузка данных за период: 2023-06-28 -> 2024-03-04
📂 Найдено 43 parquet файлов для обработки.
📊 Схема данных: Schema({'timestamp': Int64, 'open': Float64, 'high': Float64, 'low': Float64, 'close': Float64, 'volume': Float64, 'turnover': String, 'ts_ms': Int64, 'symbol': String})
✅ Загружено 6957840 записей с помощью Polars.
📊 Типы данных в pandas: timestamp       datetime64[us]
symbol                  object
close                  float64
timestamp_ms             int64
dtype: object
⚙️  Загрузка данных за период: 2023-07-03 -> 2023-10-31
📂 Найдено 43 parquet файлов для обработки.
📊 Схема данных: Schema({'timestamp': Int64, 'open': Float64, 'high': Float64, 'low': Float64, 'close': Float64, 'volume': Float64, 'turnover': String, 'ts_ms': Int64, 'symbol': String})
✅ Загружено 3088934 записей с помощью Polars.
📊 Типы данных в pandas: timestamp       datetime64[us]
symbol                  object
close                  float64
timestamp_ms             int64
dtype: object
2026-01-19 14:35:31,148 - INFO - [ФИЛЬТР] После проверки данных: 82 пар
2026-01-19 14:35:31,148 - INFO - [ФИЛЬТР] После фильтра корреляции (>0.4): 69 пар
2026-01-19 14:35:31,149 - INFO - [ФИЛЬТР] После фильтра beta: 54 пар
2026-01-19 14:35:31,149 - INFO - [ФИЛЬТР] После фильтра mean crossings: 54 пар
2026-01-19 14:35:31,149 - INFO - [ФИЛЬТР] После фильтра half-life: 54 пар
2026-01-19 14:35:31,149 - INFO - [ФИЛЬТР] После фильтра коинтеграции: 26 пар
2026-01-19 14:35:31,149 - INFO - [ФИЛЬТР] После фильтра Hurst: 21 пар
2026-01-19 14:35:31,149 - INFO - [ФИЛЬТР] После фильтра KPSS: 0 пар
2026-01-19 14:35:31,149 - INFO - [ФИЛЬТР] После фильтра market microstructure: 0 пар
2026-01-19 14:35:31,149 - INFO - [ФИЛЬТР] Статистика фильтрации (оптимизированный порядок):
2026-01-19 14:35:31,149 - INFO -   1. SSD → Коинтеграция: 83 → 26 пар
2026-01-19 14:35:31,149 - INFO -   2. Коинтеграция → Beta: 26 → 54 пар
2026-01-19 14:35:31,151 - INFO -   3. Beta → Half-life: 54 → 54 пар
2026-01-19 14:35:31,151 - INFO -   4. Half-life → Mean crossings: 54 → 54 пар
2026-01-19 14:35:31,151 - INFO -   5. Mean crossings → Hurst: 54 → 21 пар
2026-01-19 14:35:31,151 - INFO -   6. Hurst → KPSS: 21 → 0 пар
2026-01-19 14:35:31,151 - INFO -   7. KPSS → Market microstructure: 0 → 0 пар
2026-01-19 14:35:31,151 - INFO - [ФИЛЬТР] Причины отсева:
2026-01-19 14:35:31,151 - INFO -   • pvalue: 28 пар (33.7%)
2026-01-19 14:35:31,151 - INFO -   • kpss: 21 пар (25.3%)
2026-01-19 14:35:31,151 - INFO -   • beta: 15 пар (18.1%)
2026-01-19 14:35:31,151 - INFO -   • low_correlation: 13 пар (15.7%)
2026-01-19 14:35:31,151 - INFO -   • hurst: 5 пар (6.0%)
2026-01-19 14:35:31,151 - INFO -   • insufficient_data: 1 пар (1.2%)
2026-01-19 14:35:31,151 - INFO - [ФИЛЬТР] Итого: 83 → 0 пар (0.0% прошли все фильтры)
2026-01-19 14:35:31,154 - INFO - Причины отсева сохранены в results/filter_reasons_20260119_143531.csv
2026-01-19 14:35:31,155 - INFO -   Pair stability filter: insufficient history (0 < 1), skip
2026-01-19 14:35:31,155 - INFO -   Фильтрация: 83 → 0 пар
2026-01-19 14:35:31,155 - INFO - ⇠ filtering pairs by cointegration and half-life — done in 28.31s
2026-01-19 14:35:31,155 - INFO - ⇠ WF-шаг 1/5: training 2023-07-03-2023-09-30, testing 2023-10-01-2023-10-31 — done in 30.89s
2026-01-19 14:35:31,155 - INFO -   Всего пар для торговли: 0 (ограничение 15 применяется к одновременно открытым позициям)
2026-01-19 14:35:31,155 - INFO -   💰 Проверка расчета капитала: equity=$10,000.00, кандидатных_пар=0, max_позиций=15
2026-01-19 14:35:31,155 - INFO -   🎯 Target concurrency: 0 (ожидаемое одновременное число позиций)
2026-01-19 14:35:31,155 - INFO -   💼 Шаг P&L: $+0.00, Накопленный капитал: $10,000.00
2026-01-19 14:35:31,155 - INFO - ------------------------------------------------------------
2026-01-19 14:35:31,156 - INFO -   Walk-forward steps: 1 / 5 (20.0%) | 0.0 items/s | ETA: 123.6s
2026-01-19 14:35:31,156 - INFO - 🔍 WF-шаг 2/5: Валидация временных окон...
2026-01-19 14:35:31,156 - INFO - ⇢ WF-шаг 2/5: training 2023-08-02-2023-10-30, testing 2023-10-31-2023-11-30 — start
2026-01-19 14:35:31,156 - INFO - ⇢ loading step data — start
2026-01-19 14:35:31,346 - INFO - ⇠ loading step data — done in 0.19s
2026-01-19 14:35:32,795 - INFO - 📊 WF-шаг 2/5: Границы данных:
2026-01-19 14:35:32,795 - INFO -    Training: 2023-08-02 00:00:00 → 2023-10-30 23:45:00 (8,640 строк × 292 символов)
2026-01-19 14:35:32,796 - INFO -    Testing:  2023-10-31 00:00:00 → 2023-11-30 00:00:00 (2,881 строк × 292 символов)
2026-01-19 14:35:32,796 - INFO -    Временной разрыв: 0 days 00:15:00
2026-01-19 14:35:32,833 - INFO - ⇢ normalizing training data — start
2026-01-19 14:35:32,866 - INFO -   Символы с NaN значениями: 30
2026-01-19 14:35:32,867 - INFO -   Применяем метод нормализации: rolling_zscore
2026-01-19 14:35:32,885 - INFO - Символы с недостаточной историей: 27 из 292
2026-01-19 14:35:33,446 - INFO - Символы с NaN после нормализации: 265
2026-01-19 14:35:33,453 - INFO - Удалено 1473 начальных строк с NaN от rolling расчетов
2026-01-19 14:35:33,456 - INFO - Итоговое количество символов после нормализации: 265 из 292
2026-01-19 14:35:33,456 - INFO -   Статистика нормализации:
2026-01-19 14:35:33,456 - INFO -     Исходные символы: 292
2026-01-19 14:35:33,456 - INFO -     Недостаточная история: 27
2026-01-19 14:35:33,456 - INFO -     Постоянная цена: 0
2026-01-19 14:35:33,456 - INFO -     NaN после нормализации: 265
2026-01-19 14:35:33,456 - INFO -     Итоговые символы: 265 (90.8%)
2026-01-19 14:35:33,456 - INFO -   После нормализации: 265 символов (потеряно 27)
2026-01-19 14:35:33,456 - INFO -   Отброшено много символов: 27 из 292
2026-01-19 14:35:33,456 - INFO - ⇠ normalizing training data — done in 0.62s
2026-01-19 14:35:33,456 - INFO -   Фиксированный universe: 83 пар (отфильтровано 27 недоступных)
2026-01-19 14:35:33,456 - INFO - ⇢ filtering pairs by cointegration and half-life — start
2026-01-19 14:35:33,457 - INFO - [ФИЛЬТР] Параллельная фильтрация: processes (8 workers)
⚙️  Загрузка данных за период: 2023-08-02 -> 2023-11-30
📂 Найдено 43 parquet файлов для обработки.
📊 Схема данных: Schema({'timestamp': Int64, 'open': Float64, 'high': Float64, 'low': Float64, 'close': Float64, 'volume': Float64, 'turnover': String, 'ts_ms': Int64, 'symbol': String})
✅ Загружено 3180061 записей с помощью Polars.
📊 Типы данных в pandas: timestamp       datetime64[us]
symbol                  object
close                  float64
timestamp_ms             int64
dtype: object
2026-01-19 14:35:59,824 - INFO - [ФИЛЬТР] После проверки данных: 83 пар
2026-01-19 14:35:59,824 - INFO - [ФИЛЬТР] После фильтра корреляции (>0.4): 70 пар
2026-01-19 14:35:59,824 - INFO - [ФИЛЬТР] После фильтра beta: 57 пар
2026-01-19 14:35:59,824 - INFO - [ФИЛЬТР] После фильтра mean crossings: 57 пар
2026-01-19 14:35:59,824 - INFO - [ФИЛЬТР] После фильтра half-life: 57 пар
2026-01-19 14:35:59,824 - INFO - [ФИЛЬТР] После фильтра коинтеграции: 27 пар
2026-01-19 14:35:59,824 - INFO - [ФИЛЬТР] После фильтра Hurst: 25 пар
2026-01-19 14:35:59,824 - INFO - [ФИЛЬТР] После фильтра KPSS: 0 пар
2026-01-19 14:35:59,824 - INFO - [ФИЛЬТР] После фильтра market microstructure: 0 пар
2026-01-19 14:35:59,824 - INFO - [ФИЛЬТР] Статистика фильтрации (оптимизированный порядок):
2026-01-19 14:35:59,824 - INFO -   1. SSD → Коинтеграция: 83 → 27 пар
2026-01-19 14:35:59,824 - INFO -   2. Коинтеграция → Beta: 27 → 57 пар
2026-01-19 14:35:59,824 - INFO -   3. Beta → Half-life: 57 → 57 пар
2026-01-19 14:35:59,824 - INFO -   4. Half-life → Mean crossings: 57 → 57 пар
2026-01-19 14:35:59,824 - INFO -   5. Mean crossings → Hurst: 57 → 25 пар
2026-01-19 14:35:59,824 - INFO -   6. Hurst → KPSS: 25 → 0 пар
2026-01-19 14:35:59,824 - INFO -   7. KPSS → Market microstructure: 0 → 0 пар
2026-01-19 14:35:59,824 - INFO - [ФИЛЬТР] Причины отсева:
2026-01-19 14:35:59,824 - INFO -   • pvalue: 30 пар (36.1%)
2026-01-19 14:35:59,824 - INFO -   • kpss: 25 пар (30.1%)
2026-01-19 14:35:59,824 - INFO -   • low_correlation: 13 пар (15.7%)
2026-01-19 14:35:59,824 - INFO -   • beta: 13 пар (15.7%)
2026-01-19 14:35:59,824 - INFO -   • hurst: 2 пар (2.4%)
2026-01-19 14:35:59,825 - INFO - [ФИЛЬТР] Итого: 83 → 0 пар (0.0% прошли все фильтры)
2026-01-19 14:35:59,826 - INFO - Причины отсева сохранены в results/filter_reasons_20260119_143559.csv
2026-01-19 14:35:59,826 - INFO -   Pair stability filter: 0 → 0 (window=2, min_steps=1, history=1)
2026-01-19 14:35:59,826 - INFO -   Фильтрация: 83 → 0 пар
2026-01-19 14:35:59,827 - INFO - ⇠ filtering pairs by cointegration and half-life — done in 26.37s
2026-01-19 14:35:59,827 - INFO - ⇠ WF-шаг 2/5: training 2023-08-02-2023-10-30, testing 2023-10-31-2023-11-30 — done in 28.67s
2026-01-19 14:35:59,827 - INFO -   Всего пар для торговли: 0 (ограничение 15 применяется к одновременно открытым позициям)
2026-01-19 14:35:59,827 - INFO -   💰 Проверка расчета капитала: equity=$10,000.00, кандидатных_пар=0, max_позиций=15
2026-01-19 14:35:59,827 - INFO -   🎯 Target concurrency: 0 (ожидаемое одновременное число позиций)
2026-01-19 14:35:59,827 - INFO -   💼 Шаг P&L: $+0.00, Накопленный капитал: $10,000.00
2026-01-19 14:35:59,827 - INFO - ------------------------------------------------------------
2026-01-19 14:35:59,827 - INFO -   Walk-forward steps: 2 / 5 (40.0%) | 0.0 items/s | ETA: 89.4s
2026-01-19 14:35:59,827 - INFO - 🔍 WF-шаг 3/5: Валидация временных окон...
2026-01-19 14:35:59,828 - INFO - ⇢ WF-шаг 3/5: training 2023-09-01-2023-11-29, testing 2023-11-30-2023-12-30 — start
2026-01-19 14:35:59,828 - INFO - ⇢ loading step data — start
2026-01-19 14:36:00,021 - INFO - ⇠ loading step data — done in 0.19s
2026-01-19 14:36:01,741 - INFO - 📊 WF-шаг 3/5: Границы данных:
2026-01-19 14:36:01,741 - INFO -    Training: 2023-09-01 00:00:00 → 2023-11-29 23:45:00 (8,640 строк × 309 символов)
2026-01-19 14:36:01,741 - INFO -    Testing:  2023-11-30 00:00:00 → 2023-12-30 00:00:00 (2,881 строк × 309 символов)
2026-01-19 14:36:01,741 - INFO -    Временной разрыв: 0 days 00:15:00
2026-01-19 14:36:01,781 - INFO - ⇢ normalizing training data — start
2026-01-19 14:36:01,818 - INFO -   Символы с NaN значениями: 43
2026-01-19 14:36:01,818 - INFO -   Применяем метод нормализации: rolling_zscore
2026-01-19 14:36:01,839 - INFO - Символы с недостаточной историей: 34 из 309
2026-01-19 14:36:02,408 - INFO - Символы с NaN после нормализации: 275
2026-01-19 14:36:02,416 - INFO - Удалено 617 начальных строк с NaN от rolling расчетов
2026-01-19 14:36:02,419 - INFO - Итоговое количество символов после нормализации: 275 из 309
2026-01-19 14:36:02,419 - INFO -   Статистика нормализации:
2026-01-19 14:36:02,419 - INFO -     Исходные символы: 309
2026-01-19 14:36:02,419 - INFO -     Недостаточная история: 34
2026-01-19 14:36:02,419 - INFO -     Постоянная цена: 0
2026-01-19 14:36:02,419 - INFO -     NaN после нормализации: 275
2026-01-19 14:36:02,419 - INFO -     Итоговые символы: 275 (89.0%)
2026-01-19 14:36:02,419 - INFO -   После нормализации: 275 символов (потеряно 34)
2026-01-19 14:36:02,419 - INFO -   Отброшено много символов: 34 из 309
2026-01-19 14:36:02,419 - INFO - ⇠ normalizing training data — done in 0.64s
2026-01-19 14:36:02,420 - INFO -   Фиксированный universe: 92 пар (отфильтровано 18 недоступных)
2026-01-19 14:36:02,420 - INFO - ⇢ filtering pairs by cointegration and half-life — start
2026-01-19 14:36:02,420 - INFO - [ФИЛЬТР] Параллельная фильтрация: processes (8 workers)
⚙️  Загрузка данных за период: 2023-09-01 -> 2023-12-30
📂 Найдено 43 parquet файлов для обработки.
📊 Схема данных: Schema({'timestamp': Int64, 'open': Float64, 'high': Float64, 'low': Float64, 'close': Float64, 'volume': Float64, 'turnover': String, 'ts_ms': Int64, 'symbol': String})
✅ Загружено 3289270 записей с помощью Polars.
📊 Типы данных в pandas: timestamp       datetime64[us]
symbol                  object
close                  float64
timestamp_ms             int64
dtype: object
2026-01-19 14:36:28,820 - INFO - [ФИЛЬТР] После проверки данных: 83 пар
2026-01-19 14:36:28,821 - INFO - [ФИЛЬТР] После фильтра корреляции (>0.4): 74 пар
2026-01-19 14:36:28,821 - INFO - [ФИЛЬТР] После фильтра beta: 59 пар
2026-01-19 14:36:28,821 - INFO - [ФИЛЬТР] После фильтра mean crossings: 59 пар
2026-01-19 14:36:28,821 - INFO - [ФИЛЬТР] После фильтра half-life: 58 пар
2026-01-19 14:36:28,821 - INFO - [ФИЛЬТР] После фильтра коинтеграции: 34 пар
2026-01-19 14:36:28,821 - INFO - [ФИЛЬТР] После фильтра Hurst: 24 пар
2026-01-19 14:36:28,821 - INFO - [ФИЛЬТР] После фильтра KPSS: 0 пар
2026-01-19 14:36:28,821 - INFO - [ФИЛЬТР] После фильтра market microstructure: 0 пар
2026-01-19 14:36:28,821 - INFO - [ФИЛЬТР] Статистика фильтрации (оптимизированный порядок):
2026-01-19 14:36:28,821 - INFO -   1. SSD → Коинтеграция: 92 → 34 пар
2026-01-19 14:36:28,821 - INFO -   2. Коинтеграция → Beta: 34 → 59 пар
2026-01-19 14:36:28,821 - INFO -   3. Beta → Half-life: 59 → 58 пар
2026-01-19 14:36:28,821 - INFO -   4. Half-life → Mean crossings: 58 → 59 пар
2026-01-19 14:36:28,821 - INFO -   5. Mean crossings → Hurst: 59 → 24 пар
2026-01-19 14:36:28,821 - INFO -   6. Hurst → KPSS: 24 → 0 пар
2026-01-19 14:36:28,821 - INFO -   7. KPSS → Market microstructure: 0 → 0 пар
2026-01-19 14:36:28,821 - INFO - [ФИЛЬТР] Причины отсева:
2026-01-19 14:36:28,821 - INFO -   • pvalue: 24 пар (26.1%)
2026-01-19 14:36:28,821 - INFO -   • kpss: 24 пар (26.1%)
2026-01-19 14:36:28,821 - INFO -   • beta: 15 пар (16.3%)
2026-01-19 14:36:28,821 - INFO -   • hurst: 10 пар (10.9%)
2026-01-19 14:36:28,821 - INFO -   • insufficient_data: 9 пар (9.8%)
2026-01-19 14:36:28,821 - INFO -   • low_correlation: 9 пар (9.8%)
2026-01-19 14:36:28,821 - INFO -   • half_life: 1 пар (1.1%)
2026-01-19 14:36:28,821 - INFO - [ФИЛЬТР] Итого: 92 → 0 пар (0.0% прошли все фильтры)
2026-01-19 14:36:28,823 - INFO - Причины отсева сохранены в results/filter_reasons_20260119_143628.csv
2026-01-19 14:36:28,823 - INFO -   Pair stability filter: 0 → 0 (window=2, min_steps=1, history=2)
2026-01-19 14:36:28,823 - INFO -   Фильтрация: 92 → 0 пар
2026-01-19 14:36:28,823 - INFO - ⇠ filtering pairs by cointegration and half-life — done in 26.40s
2026-01-19 14:36:28,823 - INFO - ⇠ WF-шаг 3/5: training 2023-09-01-2023-11-29, testing 2023-11-30-2023-12-30 — done in 29.00s
2026-01-19 14:36:28,823 - INFO -   Всего пар для торговли: 0 (ограничение 15 применяется к одновременно открытым позициям)
2026-01-19 14:36:28,823 - INFO -   💰 Проверка расчета капитала: equity=$10,000.00, кандидатных_пар=0, max_позиций=15
2026-01-19 14:36:28,823 - INFO -   🎯 Target concurrency: 0 (ожидаемое одновременное число позиций)
2026-01-19 14:36:28,823 - INFO -   💼 Шаг P&L: $+0.00, Накопленный капитал: $10,000.00
2026-01-19 14:36:28,824 - INFO - ------------------------------------------------------------
2026-01-19 14:36:28,824 - INFO -   Walk-forward steps: 3 / 5 (60.0%) | 0.0 items/s | ETA: 59.0s
2026-01-19 14:36:28,824 - INFO - 🔍 WF-шаг 4/5: Валидация временных окон...
2026-01-19 14:36:28,824 - INFO - ⇢ WF-шаг 4/5: training 2023-10-01-2023-12-29, testing 2023-12-30-2024-01-29 — start
2026-01-19 14:36:28,824 - INFO - ⇢ loading step data — start
2026-01-19 14:36:29,024 - INFO - ⇠ loading step data — done in 0.20s
2026-01-19 14:36:30,857 - INFO - 📊 WF-шаг 4/5: Границы данных:
2026-01-19 14:36:30,857 - INFO -    Training: 2023-10-01 00:00:00 → 2023-12-29 23:45:00 (8,640 строк × 327 символов)
2026-01-19 14:36:30,857 - INFO -    Testing:  2023-12-30 00:00:00 → 2024-01-29 00:00:00 (2,881 строк × 327 символов)
2026-01-19 14:36:30,857 - INFO -    Временной разрыв: 0 days 00:15:00
2026-01-19 14:36:30,899 - INFO - ⇢ normalizing training data — start
2026-01-19 14:36:30,940 - INFO -   Символы с NaN значениями: 51
2026-01-19 14:36:30,940 - INFO -   Применяем метод нормализации: rolling_zscore
2026-01-19 14:36:30,962 - INFO - Символы с недостаточной историей: 49 из 327
2026-01-19 14:36:31,543 - INFO - Символы с NaN после нормализации: 278
2026-01-19 14:36:31,552 - INFO - Удалено 1473 начальных строк с NaN от rolling расчетов
2026-01-19 14:36:31,555 - INFO - Итоговое количество символов после нормализации: 278 из 327
2026-01-19 14:36:31,555 - INFO -   Статистика нормализации:
2026-01-19 14:36:31,555 - INFO -     Исходные символы: 327
2026-01-19 14:36:31,555 - INFO -     Недостаточная история: 49
2026-01-19 14:36:31,555 - INFO -     Постоянная цена: 0
2026-01-19 14:36:31,555 - INFO -     NaN после нормализации: 278
2026-01-19 14:36:31,555 - INFO -     Итоговые символы: 278 (85.0%)
2026-01-19 14:36:31,555 - INFO -   После нормализации: 278 символов (потеряно 49)
2026-01-19 14:36:31,555 - INFO -   Отброшено много символов: 49 из 327
2026-01-19 14:36:31,555 - INFO - ⇠ normalizing training data — done in 0.66s
2026-01-19 14:36:31,555 - INFO -   Фиксированный universe: 94 пар (отфильтровано 16 недоступных)
2026-01-19 14:36:31,555 - INFO - ⇢ filtering pairs by cointegration and half-life — start
2026-01-19 14:36:31,556 - INFO - [ФИЛЬТР] Параллельная фильтрация: processes (8 workers)
⚙️  Загрузка данных за период: 2023-10-01 -> 2024-01-29
📂 Найдено 43 parquet файлов для обработки.
📊 Схема данных: Schema({'timestamp': Int64, 'open': Float64, 'high': Float64, 'low': Float64, 'close': Float64, 'volume': Float64, 'turnover': String, 'ts_ms': Int64, 'symbol': String})
✅ Загружено 3416683 записей с помощью Polars.
📊 Типы данных в pandas: timestamp       datetime64[us]
symbol                  object
close                  float64
timestamp_ms             int64
dtype: object
2026-01-19 14:36:57,860 - INFO - [ФИЛЬТР] После проверки данных: 87 пар
2026-01-19 14:36:57,860 - INFO - [ФИЛЬТР] После фильтра корреляции (>0.4): 80 пар
2026-01-19 14:36:57,860 - INFO - [ФИЛЬТР] После фильтра beta: 65 пар
2026-01-19 14:36:57,860 - INFO - [ФИЛЬТР] После фильтра mean crossings: 65 пар
2026-01-19 14:36:57,860 - INFO - [ФИЛЬТР] После фильтра half-life: 65 пар
2026-01-19 14:36:57,860 - INFO - [ФИЛЬТР] После фильтра коинтеграции: 26 пар
2026-01-19 14:36:57,860 - INFO - [ФИЛЬТР] После фильтра Hurst: 22 пар
2026-01-19 14:36:57,860 - INFO - [ФИЛЬТР] После фильтра KPSS: 0 пар
2026-01-19 14:36:57,860 - INFO - [ФИЛЬТР] После фильтра market microstructure: 0 пар
2026-01-19 14:36:57,860 - INFO - [ФИЛЬТР] Статистика фильтрации (оптимизированный порядок):
2026-01-19 14:36:57,860 - INFO -   1. SSD → Коинтеграция: 94 → 26 пар
2026-01-19 14:36:57,860 - INFO -   2. Коинтеграция → Beta: 26 → 65 пар
2026-01-19 14:36:57,860 - INFO -   3. Beta → Half-life: 65 → 65 пар
2026-01-19 14:36:57,860 - INFO -   4. Half-life → Mean crossings: 65 → 65 пар
2026-01-19 14:36:57,860 - INFO -   5. Mean crossings → Hurst: 65 → 22 пар
2026-01-19 14:36:57,860 - INFO -   6. Hurst → KPSS: 22 → 0 пар
2026-01-19 14:36:57,860 - INFO -   7. KPSS → Market microstructure: 0 → 0 пар
2026-01-19 14:36:57,860 - INFO - [ФИЛЬТР] Причины отсева:
2026-01-19 14:36:57,860 - INFO -   • pvalue: 39 пар (41.5%)
2026-01-19 14:36:57,860 - INFO -   • kpss: 22 пар (23.4%)
2026-01-19 14:36:57,860 - INFO -   • beta: 15 пар (16.0%)
2026-01-19 14:36:57,860 - INFO -   • insufficient_data: 7 пар (7.4%)
2026-01-19 14:36:57,860 - INFO -   • low_correlation: 7 пар (7.4%)
2026-01-19 14:36:57,860 - INFO -   • hurst: 4 пар (4.3%)
2026-01-19 14:36:57,861 - INFO - [ФИЛЬТР] Итого: 94 → 0 пар (0.0% прошли все фильтры)
2026-01-19 14:36:57,862 - INFO - Причины отсева сохранены в results/filter_reasons_20260119_143657.csv
2026-01-19 14:36:57,862 - INFO -   Pair stability filter: 0 → 0 (window=2, min_steps=1, history=3)
2026-01-19 14:36:57,862 - INFO -   Фильтрация: 94 → 0 пар
2026-01-19 14:36:57,862 - INFO - ⇠ filtering pairs by cointegration and half-life — done in 26.31s
2026-01-19 14:36:57,862 - INFO - ⇠ WF-шаг 4/5: training 2023-10-01-2023-12-29, testing 2023-12-30-2024-01-29 — done in 29.04s
2026-01-19 14:36:57,862 - INFO -   Всего пар для торговли: 0 (ограничение 15 применяется к одновременно открытым позициям)
2026-01-19 14:36:57,863 - INFO -   💰 Проверка расчета капитала: equity=$10,000.00, кандидатных_пар=0, max_позиций=15
2026-01-19 14:36:57,863 - INFO -   🎯 Target concurrency: 0 (ожидаемое одновременное число позиций)
2026-01-19 14:36:57,863 - INFO -   💼 Шаг P&L: $+0.00, Накопленный капитал: $10,000.00
2026-01-19 14:36:57,863 - INFO - ------------------------------------------------------------
2026-01-19 14:36:57,863 - INFO -   Walk-forward steps: 4 / 5 (80.0%) | 0.0 items/s | ETA: 29.4s
2026-01-19 14:36:57,863 - INFO - 🔍 WF-шаг 5/5: Валидация временных окон...
2026-01-19 14:36:57,864 - INFO - ⇢ WF-шаг 5/5: training 2023-10-31-2024-01-28, testing 2024-01-29-2024-02-28 — start
2026-01-19 14:36:57,864 - INFO - ⇢ loading step data — start
2026-01-19 14:36:58,086 - INFO - ⇠ loading step data — done in 0.22s
2026-01-19 14:36:59,897 - INFO - 📊 WF-шаг 5/5: Границы данных:
2026-01-19 14:36:59,898 - INFO -    Training: 2023-10-31 00:00:00 → 2024-01-28 23:45:00 (8,640 строк × 344 символов)
2026-01-19 14:36:59,898 - INFO -    Testing:  2024-01-29 00:00:00 → 2024-02-28 00:00:00 (2,881 строк × 344 символов)
2026-01-19 14:36:59,898 - INFO -    Временной разрыв: 0 days 00:15:00
2026-01-19 14:36:59,941 - INFO - ⇢ normalizing training data — start
2026-01-19 14:36:59,984 - INFO -   Символы с NaN значениями: 62
2026-01-19 14:36:59,984 - INFO -   Применяем метод нормализации: rolling_zscore
2026-01-19 14:37:00,008 - INFO - Символы с недостаточной историей: 56 из 344
2026-01-19 14:37:00,606 - INFO - Символы с NaN после нормализации: 288
2026-01-19 14:37:00,615 - INFO - Удалено 1385 начальных строк с NaN от rolling расчетов
2026-01-19 14:37:00,617 - INFO - Итоговое количество символов после нормализации: 288 из 344
2026-01-19 14:37:00,618 - INFO -   Статистика нормализации:
2026-01-19 14:37:00,618 - INFO -     Исходные символы: 344
2026-01-19 14:37:00,618 - INFO -     Недостаточная история: 56
2026-01-19 14:37:00,618 - INFO -     Постоянная цена: 0
2026-01-19 14:37:00,618 - INFO -     NaN после нормализации: 288
2026-01-19 14:37:00,618 - INFO -     Итоговые символы: 288 (83.7%)
2026-01-19 14:37:00,618 - INFO -   После нормализации: 288 символов (потеряно 56)
2026-01-19 14:37:00,618 - INFO -   Отброшено много символов: 56 из 344
2026-01-19 14:37:00,618 - INFO - ⇠ normalizing training data — done in 0.68s
2026-01-19 14:37:00,618 - INFO -   Фиксированный universe: 107 пар (отфильтровано 3 недоступных)
2026-01-19 14:37:00,618 - INFO - ⇢ filtering pairs by cointegration and half-life — start
2026-01-19 14:37:00,618 - INFO - [ФИЛЬТР] Параллельная фильтрация: processes (8 workers)
⚙️  Загрузка данных за период: 2023-10-31 -> 2024-02-28
📂 Найдено 43 parquet файлов для обработки.
📊 Схема данных: Schema({'timestamp': Int64, 'open': Float64, 'high': Float64, 'low': Float64, 'close': Float64, 'volume': Float64, 'turnover': String, 'ts_ms': Int64, 'symbol': String})
✅ Загружено 3584338 записей с помощью Polars.
📊 Типы данных в pandas: timestamp       datetime64[us]
symbol                  object
close                  float64
timestamp_ms             int64
dtype: object
2026-01-19 14:37:27,006 - INFO - [ФИЛЬТР] После проверки данных: 94 пар
2026-01-19 14:37:27,006 - INFO - [ФИЛЬТР] После фильтра корреляции (>0.4): 62 пар
2026-01-19 14:37:27,006 - INFO - [ФИЛЬТР] После фильтра beta: 50 пар
2026-01-19 14:37:27,006 - INFO - [ФИЛЬТР] После фильтра mean crossings: 50 пар
2026-01-19 14:37:27,006 - INFO - [ФИЛЬТР] После фильтра half-life: 50 пар
2026-01-19 14:37:27,006 - INFO - [ФИЛЬТР] После фильтра коинтеграции: 32 пар
2026-01-19 14:37:27,006 - INFO - [ФИЛЬТР] После фильтра Hurst: 30 пар
2026-01-19 14:37:27,006 - INFO - [ФИЛЬТР] После фильтра KPSS: 0 пар
2026-01-19 14:37:27,006 - INFO - [ФИЛЬТР] После фильтра market microstructure: 0 пар
2026-01-19 14:37:27,006 - INFO - [ФИЛЬТР] Статистика фильтрации (оптимизированный порядок):
2026-01-19 14:37:27,006 - INFO -   1. SSD → Коинтеграция: 107 → 32 пар
2026-01-19 14:37:27,006 - INFO -   2. Коинтеграция → Beta: 32 → 50 пар
2026-01-19 14:37:27,006 - INFO -   3. Beta → Half-life: 50 → 50 пар
2026-01-19 14:37:27,006 - INFO -   4. Half-life → Mean crossings: 50 → 50 пар
2026-01-19 14:37:27,006 - INFO -   5. Mean crossings → Hurst: 50 → 30 пар
2026-01-19 14:37:27,006 - INFO -   6. Hurst → KPSS: 30 → 0 пар
2026-01-19 14:37:27,006 - INFO -   7. KPSS → Market microstructure: 0 → 0 пар
2026-01-19 14:37:27,006 - INFO - [ФИЛЬТР] Причины отсева:
2026-01-19 14:37:27,006 - INFO -   • low_correlation: 32 пар (29.9%)
2026-01-19 14:37:27,006 - INFO -   • kpss: 30 пар (28.0%)
2026-01-19 14:37:27,006 - INFO -   • pvalue: 18 пар (16.8%)
2026-01-19 14:37:27,006 - INFO -   • insufficient_data: 13 пар (12.1%)
2026-01-19 14:37:27,006 - INFO -   • beta: 12 пар (11.2%)
2026-01-19 14:37:27,007 - INFO -   • hurst: 2 пар (1.9%)
2026-01-19 14:37:27,007 - INFO - [ФИЛЬТР] Итого: 107 → 0 пар (0.0% прошли все фильтры)
2026-01-19 14:37:27,008 - INFO - Причины отсева сохранены в results/filter_reasons_20260119_143727.csv
2026-01-19 14:37:27,008 - INFO -   Pair stability filter: 0 → 0 (window=2, min_steps=1, history=4)
2026-01-19 14:37:27,008 - INFO -   Фильтрация: 107 → 0 пар
2026-01-19 14:37:27,008 - INFO - ⇠ filtering pairs by cointegration and half-life — done in 26.39s
2026-01-19 14:37:27,008 - INFO - ⇠ WF-шаг 5/5: training 2023-10-31-2024-01-28, testing 2024-01-29-2024-02-28 — done in 29.14s
2026-01-19 14:37:27,008 - INFO -   Всего пар для торговли: 0 (ограничение 15 применяется к одновременно открытым позициям)
2026-01-19 14:37:27,009 - INFO -   💰 Проверка расчета капитала: equity=$10,000.00, кандидатных_пар=0, max_позиций=15
2026-01-19 14:37:27,009 - INFO -   🎯 Target concurrency: 0 (ожидаемое одновременное число позиций)
2026-01-19 14:37:27,009 - INFO -   💼 Шаг P&L: $+0.00, Накопленный капитал: $10,000.00
2026-01-19 14:37:27,009 - INFO - ------------------------------------------------------------
2026-01-19 14:37:27,009 - INFO -   Walk-forward steps: 5 / 5 (100.0%) | 0.0 items/s | ETA: 0.0s
2026-01-19 14:37:27,009 - INFO - ⇠ Walk-forward steps — completed 5 items in 146.75s (0.0 items/s)
2026-01-19 14:37:27,009 - INFO - ================================================================================
2026-01-19 14:37:27,009 - INFO - 🏁 Walk-forward анализ завершен!
2026-01-19 14:37:27,009 - INFO - ⏱️ Обработано 5 шагов за 154.8 секунд
2026-01-19 14:37:27,009 - INFO - 📊 Всего обработано пар за весь анализ: 0
2026-01-19 14:37:27,009 - INFO - 💰 Финальный капитал: $10,000.00 (было $10,000.00)
2026-01-19 14:37:27,009 - INFO - 📈 Общая доходность: +0.00% ($+0.00)
2026-01-19 14:37:27,010 - INFO - 📊 Всего сделок: 0
2026-01-19 14:37:27,010 - INFO - ================================================================================
2026-01-19 14:37:27,010 - INFO - ✓ Завершены все 5 WF-шагов
2026-01-19 14:37:27,010 - INFO - ⇢ Обработка финальных результатов и расчет метрик...
2026-01-19 14:37:27,010 - INFO - ⇢ processing final results — start
2026-01-19 14:37:27,010 - INFO -   ⇢ Агрегация данных P&L за 0 торговых дней
2026-01-19 14:37:27,010 - INFO -   ⇢ Расчет базовых метрик производительности...
2026-01-19 14:37:27,010 - INFO -     📊 Данные для анализа: 0 записей P&L, 1 точек equity
2026-01-19 14:37:27,010 - INFO -   ⇢ Расчет расширенных метрик (волатильность, Calmar ratio, и др.)...
2026-01-19 14:37:27,010 - INFO -   ✅ Расширенные метрики рассчитаны: 0 показателей
2026-01-19 14:37:27,010 - INFO -   ⇢ Анализ статистики по 0 парам...
2026-01-19 14:37:27,011 - INFO - ✅ Рассчитаны метрики производительности (5 показателей)
2026-01-19 14:37:27,011 - INFO -   💰 Общий P&L: $+0.00
2026-01-19 14:37:27,011 - INFO -   📊 Sharpe Ratio: 0.000
2026-01-19 14:37:27,011 - INFO -   📉 Максимальная просадка: 0.00%
2026-01-19 14:37:27,011 - INFO -   🔄 Всего сделок: 0
2026-01-19 14:37:27,011 - INFO -   📈 Торгуемых пар: 0
2026-01-19 14:37:27,011 - INFO -   💸 Общие издержки: $0.00
2026-01-19 14:37:27,011 - coint2.metrics - INFO - Metric: total_pnl
2026-01-19 14:37:27,012 - coint2.metrics - INFO - Metric: sharpe_ratio_abs
2026-01-19 14:37:27,012 - coint2.metrics - INFO - Metric: max_drawdown_pct
2026-01-19 14:37:27,012 - coint2.metrics - INFO - Metric: total_trades
2026-01-19 14:37:27,012 - coint2.metrics - INFO - Metric: total_pairs_traded
2026-01-19 14:37:27,012 - coint2.metrics - INFO - Metric: total_costs
2026-01-19 14:37:27,012 - INFO - ⇠ processing final results — done in 0.00s
2026-01-19 14:37:27,012 - INFO - ⇢ Создание отчетов и сохранение результатов...
2026-01-19 14:37:27,012 - INFO - ⇢ generating reports — start
2026-01-19 14:37:27,012 - INFO -   ⇢ Создание отчета о производительности...
2026-01-19 14:37:29,766 - INFO -   ✓ Отчет о производительности создан
2026-01-19 14:37:29,766 - INFO -   ⇢ Сохранение данных в CSV файлы...
2026-01-19 14:37:29,767 - INFO - 📋 Метрики сохранены: artifacts/wfa/runs/20260119_stability_relaxed8_loose/stability_relaxed8_loose_20260119_pv0p2_hurst0p8_hl0p02_60_corr0p4_ssd50000_kpss0p1_w2m1_t90_fixed/strategy_metrics.csv
2026-01-19 14:37:29,768 - INFO - 💹 Кривая капитала сохранена: artifacts/wfa/runs/20260119_stability_relaxed8_loose/stability_relaxed8_loose_20260119_pv0p2_hurst0p8_hl0p02_60_corr0p4_ssd50000_kpss0p1_w2m1_t90_fixed/equity_curve.csv (1 точек)
2026-01-19 14:37:29,768 - INFO - 🎉 Walk-Forward анализ полностью завершен!
2026-01-19 14:37:29,768 - INFO - 📊 Все отчеты и данные сохранены в: artifacts/wfa/runs/20260119_stability_relaxed8_loose/stability_relaxed8_loose_20260119_pv0p2_hurst0p8_hl0p02_60_corr0p4_ssd50000_kpss0p1_w2m1_t90_fixed
2026-01-19 14:37:29,769 - INFO - 💼 Итоговый капитал: $10,000.00
2026-01-19 14:37:29,769 - INFO - ⏱️  Общее время выполнения: 157.6 секунд
2026-01-19 14:37:29,769 - INFO - ⇠ generating reports — done in 2.76s
2026-01-19 14:37:29,769 - coint2.core.memory_optimization - INFO - 🧹 Cleaning up global price data
2026-01-19 14:37:29,771 - coint2.core.memory_optimization - INFO - 📊 No global rolling stats to clean up
2026-01-19 14:37:29,771 - INFO - 🧹 Memory-mapped data cleaned up
2026-01-19 14:37:29,772 - INFO - ⇠ run_walk_forward_analysis — done in 157.56s
📊 Отчет сохранен: artifacts/wfa/runs/20260119_stability_relaxed8_loose/stability_relaxed8_loose_20260119_pv0p2_hurst0p8_hl0p02_60_corr0p4_ssd50000_kpss0p1_w2m1_t90_fixed/CointegrationStrategy_performance_report.png
🎯 ============================================================
📊 ИТОГИ ТОРГОВОЙ СТРАТЕГИИ
🎯 ============================================================

💰 ФИНАНСОВЫЕ РЕЗУЛЬТАТЫ:
   • Общий P&L:                            0
   • Максимальная просадка:                0
   • Средний дневной P&L:                  0

📈 МЕТРИКИ РИСКА:
   • Коэффициент Шарпа:               0.0000
   • Волатильность P&L:                 0.00
   • Процент прибыльных дней:          0.00%

🔄 ТОРГОВАЯ АКТИВНОСТЬ:
   • Всего торговых дней:                  0
   • Всего сделок:                         0
   • Торгуемых пар:                        0
   • Сделок на пару:                     0.0
   • Успешность сделок:               0.00%

💸 РАСХОДЫ И ЭКСТРЕМУМЫ:
   • Общие расходы:                        0
   • Максимальная прибыль:                 0
   • Максимальный убыток:                  0
   • Лучшая пара (P&L):                    0
   • Худшая пара (P&L):                    0

📊 ОЦЕНКА СТРАТЕГИИ:
   ❌ УБЫТОЧНАЯ стратегия. Требует доработки

🎯 ============================================================

Annualized Sharpe Ratio: nan
[run_wfa_fullcpu] end: 2026-01-19T14:37:30Z
