[run_wfa_queue] 2026-01-20T05:09:35Z cmd: /opt/coint4/coint4/run_wfa_fullcpu.sh configs/stress_20260119_relaxed8_nokpss_u250_topk_turnover/stress_relaxed8_nokpss_u250_top20_z0p95_exit0p08_hold120_cd120.yaml artifacts/wfa/runs/20260119_relaxed8_nokpss_u250_topk_turnover/stress_relaxed8_nokpss_u250_top20_z0p95_exit0p08_hold120_cd120
[run_wfa_fullcpu] start: 2026-01-20T05:09:35Z
[run_wfa_fullcpu] os.cpu_count: 8
[run_wfa_fullcpu] worker_pid=1212
2026-01-20 05:09:38,626 - coint2.core.memory_optimization - INFO - ✅ BLAS threading limits set to 1 via threadpoolctl
2026-01-20 05:09:38,627 - coint2.core.memory_optimization - INFO - 🔧 Controlled libraries: openblas, openmp
2026-01-20 05:09:38,627 - coint2.core.memory_optimization - INFO - 🧵 Process threads: 2 → 2
2026-01-20 05:09:38,627 - coint2.core.memory_optimization - INFO - 📝 Set 11 environment variables
2026-01-20 05:09:39,119 - INFO - ✅ Параметры конфигурации валидны
2026-01-20 05:09:39,119 - INFO - 📝 Некоторые параметры были скорректированы:
2026-01-20 05:09:39,282 - INFO - 🔒 WFA: фиксированный universe из artifacts/universe/20260119_relaxed8_strict_preholdout_v2/pairs_universe.yaml (250 пар)
2026-01-20 05:09:39,283 - INFO -   Шаг 1: тренировка 2024-02-01-2024-04-30, тест 2024-05-01-2024-05-31
2026-01-20 05:09:39,283 - INFO -   Шаг 2: тренировка 2024-03-02-2024-05-30, тест 2024-05-31-2024-06-30
2026-01-20 05:09:39,283 - INFO -   Шаг 3: тренировка 2024-04-01-2024-06-29, тест 2024-06-30-2024-07-30
2026-01-20 05:09:39,283 - INFO -   Шаг 4: тренировка 2024-05-01-2024-07-29, тест 2024-07-30-2024-08-29
2026-01-20 05:09:39,283 - INFO -   Шаг 5: тренировка 2024-05-31-2024-08-28, тест 2024-08-29-2024-09-28
2026-01-20 05:09:39,283 - INFO -   Шаг 6: тренировка 2024-06-30-2024-09-27, тест 2024-09-28-2024-10-28
2026-01-20 05:09:39,283 - INFO -   Шаг 7: тренировка 2024-07-30-2024-10-27, тест 2024-10-28-2024-11-27
2026-01-20 05:09:39,283 - INFO -   Шаг 8: тренировка 2024-08-29-2024-11-26, тест 2024-11-27-2024-12-27
2026-01-20 05:09:39,283 - INFO -   Шаг 9: тренировка 2024-09-28-2024-12-26, тест 2024-12-27-2025-01-26
2026-01-20 05:09:39,283 - INFO - 📈 Запланировано 9 walk-forward шагов
2026-01-20 05:09:39,283 - INFO - ⛔ Ограничение WFA шагов: 9 → 5
2026-01-20 05:09:39,283 - WARNING - ⚠️ Маленький буфер между training и testing в шаге 1: 0 дней. Рекомендуется минимум 1 день.
2026-01-20 05:09:39,283 - WARNING - ⚠️ Маленький буфер между training и testing в шаге 2: 0 дней. Рекомендуется минимум 1 день.
2026-01-20 05:09:39,283 - WARNING - ⚠️ Маленький буфер между training и testing в шаге 3: 0 дней. Рекомендуется минимум 1 день.
2026-01-20 05:09:39,283 - WARNING - ⚠️ Маленький буфер между training и testing в шаге 4: 0 дней. Рекомендуется минимум 1 день.
2026-01-20 05:09:39,283 - WARNING - ⚠️ Маленький буфер между training и testing в шаге 5: 0 дней. Рекомендуется минимум 1 день.
2026-01-20 05:09:39,283 - INFO - ✅ Шаги успешно запланированы:
2026-01-20 05:09:39,283 - INFO -    Шаг 1: тренировка 2024-02-01-2024-04-30, тест 2024-05-01-2024-05-31
2026-01-20 05:09:39,283 - INFO -    Шаг 2: тренировка 2024-03-02-2024-05-30, тест 2024-05-31-2024-06-30
2026-01-20 05:09:39,283 - INFO -    Шаг 3: тренировка 2024-04-01-2024-06-29, тест 2024-06-30-2024-07-30
2026-01-20 05:09:39,283 - INFO -    Шаг 4: тренировка 2024-05-01-2024-07-29, тест 2024-07-30-2024-08-29
2026-01-20 05:09:39,283 - INFO -    Шаг 5: тренировка 2024-05-31-2024-08-28, тест 2024-08-29-2024-09-28
2026-01-20 05:09:39,284 - INFO - 🗂️ Consolidating price data for memory-mapped access...
2026-01-20 05:09:39,284 - INFO - 📊 Consolidating data range: 2024-01-27 → 2024-10-03
2026-01-20 05:09:39,284 - coint2.core.memory_optimization - INFO - 🔄 Consolidating price data from data_downloaded to .cache/consolidated_prices.parquet
2026-01-20 05:09:39,284 - INFO - ⇢ loading raw data for consolidation — start
2026-01-20 05:09:42,271 - INFO - ⇠ loading raw data for consolidation — done in 2.99s
2026-01-20 05:09:42,271 - INFO - ⇢ pivoting data to wide format — start
2026-01-20 05:09:51,525 - INFO - ⇠ pivoting data to wide format — done in 9.25s
2026-01-20 05:09:51,612 - coint2.core.memory_optimization - INFO - 📊 Consolidated data: 24001 rows × 493 symbols
2026-01-20 05:09:51,612 - coint2.core.memory_optimization - INFO - 💾 Memory usage: 47.5 MB
2026-01-20 05:09:51,613 - INFO - ⇢ writing consolidated Parquet file — start
2026-01-20 05:09:51,975 - INFO - ⇠ writing consolidated Parquet file — done in 0.36s
2026-01-20 05:09:51,975 - coint2.core.memory_optimization - INFO - ✅ Successfully consolidated data to .cache/consolidated_prices.parquet
2026-01-20 05:09:52,017 - coint2.core.memory_optimization - INFO - 🔄 Initializing memory-mapped price data from .cache/consolidated_prices.parquet
2026-01-20 05:09:52,018 - INFO - ⇢ loading memory-mapped data — start
2026-01-20 05:09:52,018 - coint2.core.memory_optimization - WARNING - ⚠️ memory_map не поддерживается в текущей версии pyarrow, fallback без mmap
2026-01-20 05:09:52,228 - INFO - ⇠ loading memory-mapped data — done in 0.21s
2026-01-20 05:09:52,240 - coint2.core.memory_optimization - INFO - 📊 Loaded 24001 rows × 493 symbols
2026-01-20 05:09:52,240 - coint2.core.memory_optimization - INFO - 💾 Memory usage: 47.5 MB (memory-mapped)
2026-01-20 05:09:52,242 - INFO - ✅ Memory-mapped data initialized successfully
2026-01-20 05:09:52,242 - INFO - ⇢ Walk-forward steps — starting 5 items
2026-01-20 05:09:52,243 - INFO - 📈 Инициализация equity кривой с первой тестовой даты: 2024-05-01 00:00:00
2026-01-20 05:09:52,243 - INFO - 🔍 WF-шаг 1/5: Валидация временных окон...
2026-01-20 05:09:52,244 - INFO - ⇢ WF-шаг 1/5: training 2024-02-01-2024-04-30, testing 2024-05-01-2024-05-31 — start
2026-01-20 05:09:52,244 - INFO - ⇢ loading step data — start
2026-01-20 05:09:52,545 - INFO - ⇠ loading step data — done in 0.30s
2026-01-20 05:09:55,412 - INFO - 📊 WF-шаг 1/5: Границы данных:
2026-01-20 05:09:55,412 - INFO -    Training: 2024-02-01 00:00:00 → 2024-04-30 23:45:00 (8,640 строк × 403 символов)
2026-01-20 05:09:55,412 - INFO -    Testing:  2024-05-01 00:00:00 → 2024-05-31 00:00:00 (2,881 строк × 403 символов)
2026-01-20 05:09:55,412 - INFO -    Временной разрыв: 0 days 00:15:00
2026-01-20 05:09:55,466 - INFO - ⇢ normalizing training data — start
2026-01-20 05:09:55,516 - INFO -   Символы с NaN значениями: 72
2026-01-20 05:09:55,516 - INFO -   Применяем метод нормализации: rolling_zscore
2026-01-20 05:09:55,565 - INFO - Символы с недостаточной историей: 67 из 403
2026-01-20 05:09:56,344 - INFO - Символы с NaN после нормализации: 336
2026-01-20 05:09:56,355 - INFO - Удалено 549 начальных строк с NaN от rolling расчетов
2026-01-20 05:09:56,360 - INFO - Итоговое количество символов после нормализации: 336 из 403
2026-01-20 05:09:56,361 - INFO -   Статистика нормализации:
2026-01-20 05:09:56,361 - INFO -     Исходные символы: 403
2026-01-20 05:09:56,361 - INFO -     Недостаточная история: 67
2026-01-20 05:09:56,362 - INFO -     Постоянная цена: 0
2026-01-20 05:09:56,362 - INFO -     NaN после нормализации: 336
2026-01-20 05:09:56,362 - INFO -     Итоговые символы: 336 (83.4%)
2026-01-20 05:09:56,362 - INFO -   После нормализации: 336 символов (потеряно 67)
2026-01-20 05:09:56,362 - INFO -   Отброшено много символов: 67 из 403
2026-01-20 05:09:56,362 - INFO - ⇠ normalizing training data — done in 0.90s
2026-01-20 05:09:56,362 - INFO -   Фиксированный universe: 250 пар (отфильтровано 0 недоступных)
2026-01-20 05:09:56,363 - INFO - ⇢ filtering pairs by cointegration and half-life — start
2026-01-20 05:09:56,363 - INFO - [ФИЛЬТР] Параллельная фильтрация: processes (8 workers)
⚙️  Загрузка данных за период: 2024-01-27 -> 2024-10-03
📂 Найдено 43 parquet файлов для обработки.
📊 Схема данных: Schema({'timestamp': Int64, 'open': Float64, 'high': Float64, 'low': Float64, 'close': Float64, 'volume': Float64, 'turnover': String, 'ts_ms': Int64, 'symbol': String})
✅ Загружено 9788769 записей с помощью Polars.
📊 Типы данных в pandas: timestamp       datetime64[us]
symbol                  object
close                  float64
timestamp_ms             int64
dtype: object
⚙️  Загрузка данных за период: 2024-02-01 -> 2024-05-31
📂 Найдено 43 parquet файлов для обработки.
📊 Схема данных: Schema({'timestamp': Int64, 'open': Float64, 'high': Float64, 'low': Float64, 'close': Float64, 'volume': Float64, 'turnover': String, 'ts_ms': Int64, 'symbol': String})
✅ Загружено 4205229 записей с помощью Polars.
📊 Типы данных в pandas: timestamp       datetime64[us]
symbol                  object
close                  float64
timestamp_ms             int64
dtype: object
2026-01-20 05:10:40,211 - INFO - [ФИЛЬТР] После проверки данных: 250 пар
2026-01-20 05:10:40,211 - INFO - [ФИЛЬТР] После фильтра корреляции (>0.4): 242 пар
2026-01-20 05:10:40,212 - INFO - [ФИЛЬТР] После фильтра beta: 204 пар
2026-01-20 05:10:40,212 - INFO - [ФИЛЬТР] После фильтра mean crossings: 204 пар
2026-01-20 05:10:40,212 - INFO - [ФИЛЬТР] После фильтра half-life: 204 пар
2026-01-20 05:10:40,212 - INFO - [ФИЛЬТР] После фильтра коинтеграции: 198 пар
2026-01-20 05:10:40,212 - INFO - [ФИЛЬТР] После фильтра Hurst: 139 пар
2026-01-20 05:10:40,212 - INFO - [ФИЛЬТР] После фильтра KPSS: 139 пар
2026-01-20 05:10:40,212 - INFO - [ФИЛЬТР] После фильтра market microstructure: 135 пар
2026-01-20 05:10:40,212 - INFO - [ФИЛЬТР] Статистика фильтрации (оптимизированный порядок):
2026-01-20 05:10:40,212 - INFO -   1. SSD → Коинтеграция: 250 → 198 пар
2026-01-20 05:10:40,212 - INFO -   2. Коинтеграция → Beta: 198 → 204 пар
2026-01-20 05:10:40,212 - INFO -   3. Beta → Half-life: 204 → 204 пар
2026-01-20 05:10:40,212 - INFO -   4. Half-life → Mean crossings: 204 → 204 пар
2026-01-20 05:10:40,212 - INFO -   5. Mean crossings → Hurst: 204 → 139 пар
2026-01-20 05:10:40,212 - INFO -   6. Hurst → KPSS: 139 → 139 пар
2026-01-20 05:10:40,212 - INFO -   7. KPSS → Market microstructure: 139 → 135 пар
2026-01-20 05:10:40,212 - INFO - [ФИЛЬТР] Причины отсева:
2026-01-20 05:10:40,212 - INFO -   • hurst: 59 пар (23.6%)
2026-01-20 05:10:40,212 - INFO -   • beta: 38 пар (15.2%)
2026-01-20 05:10:40,212 - INFO -   • low_correlation: 8 пар (3.2%)
2026-01-20 05:10:40,212 - INFO -   • pvalue: 6 пар (2.4%)
2026-01-20 05:10:40,212 - INFO -   • history: 4 пар (1.6%)
2026-01-20 05:10:40,212 - INFO - [ФИЛЬТР] Итого: 250 → 135 пар (54.0% прошли все фильтры)
2026-01-20 05:10:40,223 - INFO - Причины отсева сохранены в results/filter_reasons_20260120_051040.csv
2026-01-20 05:10:40,224 - INFO -   Pair stability filter: insufficient history (0 < 1), skip
2026-01-20 05:10:40,224 - INFO -   Фильтрация: 250 → 135 пар
2026-01-20 05:10:40,224 - INFO - ⇠ filtering pairs by cointegration and half-life — done in 43.86s
2026-01-20 05:10:40,224 - INFO - ⇠ WF-шаг 1/5: training 2024-02-01-2024-04-30, testing 2024-05-01-2024-05-31 — done in 47.98s
2026-01-20 05:10:40,224 - INFO -   Ограничение max_pairs=20: 135 → 20
2026-01-20 05:10:40,224 - INFO -   Топ-3 пары по волатильности спреда:
2026-01-20 05:10:40,224 - INFO -     1. BTCDAI-BTCEUR: beta=1.0799, std=663.3878
2026-01-20 05:10:40,224 - INFO -     2. COMPUSDT-GTAIUSDT: beta=13.3410, std=4.9977
2026-01-20 05:10:40,224 - INFO -     3. ETHUSDC-ETHUSDT: beta=1.0017, std=1.8914
2026-01-20 05:10:40,224 - INFO -   Всего пар для торговли: 20 (ограничение 15 применяется к одновременно открытым позициям)
2026-01-20 05:10:40,224 - INFO -   💰 Проверка расчета капитала: equity=$10,000.00, кандидатных_пар=20, max_позиций=15
2026-01-20 05:10:40,224 - INFO -   🎯 Target concurrency: 15 (ожидаемое одновременное число позиций)
2026-01-20 05:10:40,224 - INFO -   📊 Детали расчета капитала:
2026-01-20 05:10:40,224 - INFO -      • Базовый капитал на пару: $666.67 (equity / target_concurrency)
2026-01-20 05:10:40,225 - INFO -      • Риск-капитал: $150.00 (1.5% от equity)
2026-01-20 05:10:40,225 - INFO -      • Макс. размер позиции: $200.00 (2.0% от equity)
2026-01-20 05:10:40,225 - INFO -      • Итоговый капитал на пару: $150.00
2026-01-20 05:10:40,225 - INFO - ⇢ WF-шаг 1/5 backtests — starting 20 items
2026-01-20 05:10:40,225 - INFO - 🚀 WF-шаг 1/5: Начинаем бэктесты для 20 пар...
2026-01-20 05:10:40,225 - INFO - 🚀 WF-шаг 1/5: Запускаем параллельную обработку 20 пар на 8 ядрах...
2026-01-20 05:10:40,225 - INFO - 🚀 WF-шаг 1/5: Режим параллельности: процессы
2026-01-20 05:10:40,375 - coint2.engine.numba_engine - INFO - Запуск Numba-оптимизированного бэктеста для BTCDAI-BTCEUR
2026-01-20 05:10:40,464 - coint2.engine.numba_engine - INFO - Запуск Numba-оптимизированного бэктеста для COMPUSDT-GTAIUSDT
2026-01-20 05:10:40,506 - coint2.engine.numba_engine - INFO - Запуск Numba-оптимизированного бэктеста для ETHUSDC-ETHUSDT
2026-01-20 05:10:40,573 - coint2.engine.numba_engine - INFO - Запуск Numba-оптимизированного бэктеста для ETCUSDT-JUVUSDT
2026-01-20 05:10:40,672 - coint2.engine.numba_engine - INFO - Запуск Numba-оптимизированного бэктеста для KCSUSDT-KDAUSDT
2026-01-20 05:10:40,700 - coint2.engine.numba_engine - INFO - Запуск Numba-оптимизированного бэктеста для FILUSDC-JUVUSDT
2026-01-20 05:10:40,775 - coint2.engine.numba_engine - INFO - Запуск Numba-оптимизированного бэктеста для ATOMUSDT-KDAUSDT
2026-01-20 05:10:40,776 - coint2.engine.numba_engine - INFO - Запуск Numba-оптимизированного бэктеста для FILUSDT-JUVUSDT
2026-01-20 05:10:40,849 - coint2.engine.numba_engine - INFO - Запуск Numba-оптимизированного бэктеста для FILUSDC-GTAIUSDT
2026-01-20 05:10:40,905 - coint2.engine.numba_engine - INFO - Запуск Numba-оптимизированного бэктеста для HNTUSDT-INTERUSDT
2026-01-20 05:10:40,918 - coint2.engine.numba_engine - INFO - Запуск Numba-оптимизированного бэктеста для FILUSDT-GTAIUSDT
2026-01-20 05:10:40,962 - coint2.engine.numba_engine - INFO - Запуск Numba-оптимизированного бэктеста для DOTUSDC-FTTUSDT
2026-01-20 05:10:41,006 - coint2.engine.numba_engine - INFO - Запуск Numba-оптимизированного бэктеста для CYBERUSDT-FIDAUSDT
2026-01-20 05:10:41,032 - coint2.engine.numba_engine - INFO - Запуск Numba-оптимизированного бэктеста для DOTUSDC-KDAUSDT
2026-01-20 05:10:41,056 - coint2.engine.numba_engine - INFO - Запуск Numba-оптимизированного бэктеста для DOTUSDT-KDAUSDT
2026-01-20 05:10:41,078 - coint2.engine.numba_engine - INFO - Запуск Numba-оптимизированного бэктеста для GALFTUSDT-HBARUSDT
2026-01-20 05:10:41,179 - coint2.engine.numba_engine - INFO - Запуск Numba-оптимизированного бэктеста для DOTUSDT-FTTUSDT
2026-01-20 05:10:41,179 - coint2.engine.numba_engine - INFO - Запуск Numba-оптимизированного бэктеста для AXSUSDT-KUBUSDT
2026-01-20 05:10:41,319 - coint2.engine.numba_engine - INFO - Запуск Numba-оптимизированного бэктеста для ATOMUSDT-GODSUSDT
2026-01-20 05:10:41,403 - coint2.engine.numba_engine - INFO - Запуск Numba-оптимизированного бэктеста для ATOMUSDT-KCALUSDT
2026-01-20 05:10:41,469 - INFO -   ⏱️ Параллельная обработка завершена за 1.2с (16.1 пар/с)
2026-01-20 05:10:41,478 - coint2.pipeline.walk_forward_orchestrator - INFO - 🎯 СИМУЛЯЦИЯ ПОРТФЕЛЯ: 20 пар, лимит 15 позиций
2026-01-20 05:10:41,870 - coint2.pipeline.walk_forward_orchestrator - INFO -    📈 Макс. одновременных сигналов: 13
2026-01-20 05:10:41,870 - coint2.pipeline.walk_forward_orchestrator - INFO -    📊 Средн. сигналов за период: 0.1
2026-01-20 05:10:41,870 - coint2.pipeline.walk_forward_orchestrator - INFO -    🎯 Финальных активных позиций: 0
2026-01-20 05:10:41,871 - coint2.pipeline.walk_forward_orchestrator - INFO -    ⚡ Утилизация лимита позиций: 0.8%
2026-01-20 05:10:41,872 - INFO - ⇠ WF-шаг 1/5 backtests — completed 20 items in 1.65s (12.1 items/s)
2026-01-20 05:10:41,872 - INFO -   ✅ Обработка завершена: 20 успешно, 0 с ошибками
2026-01-20 05:10:41,872 - INFO -   📊 Успешность: 100.0%, прибыльность: 45.0%, сделок/пара: 9.2
2026-01-20 05:10:41,872 - INFO -   ✅ Завершены бэктесты для 20 пар
2026-01-20 05:10:41,872 - INFO -   📊 Всего обработано пар в этом шаге: 20
2026-01-20 05:10:41,872 - INFO -   📈 Результаты шага: 9/20 прибыльных пар, 183 сделок
2026-01-20 05:10:41,872 - INFO -   💰 P&L шага: $-7.96
2026-01-20 05:10:41,872 - INFO -   ⇢ Обновление капитала и дневного P&L...
2026-01-20 05:10:43,091 - INFO -   💼 Шаг P&L: $-7.96, Накопленный капитал: $9,992.04
2026-01-20 05:10:43,092 - INFO - ------------------------------------------------------------
2026-01-20 05:10:43,092 - INFO -   Walk-forward steps: 1 / 5 (20.0%) | 0.0 items/s | ETA: 203.4s
2026-01-20 05:10:43,092 - INFO - 🔍 WF-шаг 2/5: Валидация временных окон...
2026-01-20 05:10:43,092 - INFO - ⇢ WF-шаг 2/5: training 2024-03-02-2024-05-30, testing 2024-05-31-2024-06-30 — start
2026-01-20 05:10:43,092 - INFO - ⇢ loading step data — start
2026-01-20 05:10:43,443 - INFO - ⇠ loading step data — done in 0.35s
2026-01-20 05:10:46,477 - INFO - 📊 WF-шаг 2/5: Границы данных:
2026-01-20 05:10:46,477 - INFO -    Training: 2024-03-02 00:00:00 → 2024-05-30 23:45:00 (8,640 строк × 432 символов)
2026-01-20 05:10:46,477 - INFO -    Testing:  2024-05-31 00:00:00 → 2024-06-30 00:00:00 (2,881 строк × 432 символов)
2026-01-20 05:10:46,478 - INFO -    Временной разрыв: 0 days 00:15:00
2026-01-20 05:10:46,730 - INFO - ⇢ normalizing training data — start
2026-01-20 05:10:46,782 - INFO -   Символы с NaN значениями: 86
2026-01-20 05:10:46,782 - INFO -   Применяем метод нормализации: rolling_zscore
2026-01-20 05:10:46,811 - INFO - Символы с недостаточной историей: 77 из 432
2026-01-20 05:10:47,669 - INFO - Символы с NaN после нормализации: 355
2026-01-20 05:10:47,683 - INFO - Удалено 1673 начальных строк с NaN от rolling расчетов
2026-01-20 05:10:47,687 - INFO - Итоговое количество символов после нормализации: 355 из 432
2026-01-20 05:10:47,687 - INFO -   Статистика нормализации:
2026-01-20 05:10:47,688 - INFO -     Исходные символы: 432
2026-01-20 05:10:47,688 - INFO -     Недостаточная история: 77
2026-01-20 05:10:47,688 - INFO -     Постоянная цена: 0
2026-01-20 05:10:47,688 - INFO -     NaN после нормализации: 355
2026-01-20 05:10:47,688 - INFO -     Итоговые символы: 355 (82.2%)
2026-01-20 05:10:47,688 - INFO -   После нормализации: 355 символов (потеряно 77)
2026-01-20 05:10:47,688 - INFO -   Отброшено много символов: 77 из 432
2026-01-20 05:10:47,688 - INFO - ⇠ normalizing training data — done in 0.96s
2026-01-20 05:10:47,689 - INFO -   Фиксированный universe: 250 пар (отфильтровано 0 недоступных)
2026-01-20 05:10:47,689 - INFO - ⇢ filtering pairs by cointegration and half-life — start
2026-01-20 05:10:47,689 - INFO - [ФИЛЬТР] Параллельная фильтрация: processes (8 workers)
⚙️  Загрузка данных за период: 2024-03-02 -> 2024-06-30
📂 Найдено 43 parquet файлов для обработки.
📊 Схема данных: Schema({'timestamp': Int64, 'open': Float64, 'high': Float64, 'low': Float64, 'close': Float64, 'volume': Float64, 'turnover': String, 'ts_ms': Int64, 'symbol': String})
✅ Загружено 4429881 записей с помощью Polars.
📊 Типы данных в pandas: timestamp       datetime64[us]
symbol                  object
close                  float64
timestamp_ms             int64
dtype: object
2026-01-20 05:11:26,278 - INFO - [ФИЛЬТР] После проверки данных: 250 пар
2026-01-20 05:11:26,278 - INFO - [ФИЛЬТР] После фильтра корреляции (>0.4): 231 пар
2026-01-20 05:11:26,278 - INFO - [ФИЛЬТР] После фильтра beta: 194 пар
2026-01-20 05:11:26,278 - INFO - [ФИЛЬТР] После фильтра mean crossings: 194 пар
2026-01-20 05:11:26,278 - INFO - [ФИЛЬТР] После фильтра half-life: 194 пар
2026-01-20 05:11:26,278 - INFO - [ФИЛЬТР] После фильтра коинтеграции: 165 пар
2026-01-20 05:11:26,278 - INFO - [ФИЛЬТР] После фильтра Hurst: 115 пар
2026-01-20 05:11:26,278 - INFO - [ФИЛЬТР] После фильтра KPSS: 115 пар
2026-01-20 05:11:26,278 - INFO - [ФИЛЬТР] После фильтра market microstructure: 115 пар
2026-01-20 05:11:26,278 - INFO - [ФИЛЬТР] Статистика фильтрации (оптимизированный порядок):
2026-01-20 05:11:26,278 - INFO -   1. SSD → Коинтеграция: 250 → 165 пар
2026-01-20 05:11:26,278 - INFO -   2. Коинтеграция → Beta: 165 → 194 пар
2026-01-20 05:11:26,278 - INFO -   3. Beta → Half-life: 194 → 194 пар
2026-01-20 05:11:26,278 - INFO -   4. Half-life → Mean crossings: 194 → 194 пар
2026-01-20 05:11:26,278 - INFO -   5. Mean crossings → Hurst: 194 → 115 пар
2026-01-20 05:11:26,278 - INFO -   6. Hurst → KPSS: 115 → 115 пар
2026-01-20 05:11:26,279 - INFO -   7. KPSS → Market microstructure: 115 → 115 пар
2026-01-20 05:11:26,279 - INFO - [ФИЛЬТР] Причины отсева:
2026-01-20 05:11:26,279 - INFO -   • hurst: 50 пар (20.0%)
2026-01-20 05:11:26,279 - INFO -   • beta: 37 пар (14.8%)
2026-01-20 05:11:26,279 - INFO -   • pvalue: 29 пар (11.6%)
2026-01-20 05:11:26,279 - INFO -   • low_correlation: 19 пар (7.6%)
2026-01-20 05:11:26,279 - INFO - [ФИЛЬТР] Итого: 250 → 115 пар (46.0% прошли все фильтры)
2026-01-20 05:11:26,298 - INFO - Причины отсева сохранены в results/filter_reasons_20260120_051126.csv
2026-01-20 05:11:26,299 - INFO -   Pair stability filter: 115 → 87 (window=2, min_steps=1, history=1)
2026-01-20 05:11:26,299 - INFO -   Фильтрация: 250 → 87 пар
2026-01-20 05:11:26,299 - INFO - ⇠ filtering pairs by cointegration and half-life — done in 38.61s
2026-01-20 05:11:26,299 - INFO - ⇠ WF-шаг 2/5: training 2024-03-02-2024-05-30, testing 2024-05-31-2024-06-30 — done in 43.21s
2026-01-20 05:11:26,299 - INFO -   Ограничение max_pairs=20: 87 → 20
2026-01-20 05:11:26,299 - INFO -   Топ-3 пары по волатильности спреда:
2026-01-20 05:11:26,299 - INFO -     1. BTCDAI-BTCEUR: beta=1.1387, std=658.9744
2026-01-20 05:11:26,299 - INFO -     2. ETHUSDC-ETHUSDT: beta=1.0013, std=2.1640
2026-01-20 05:11:26,299 - INFO -     3. CYBERUSDT-FIDAUSDT: beta=18.0281, std=1.0583
2026-01-20 05:11:26,299 - INFO -   Всего пар для торговли: 20 (ограничение 15 применяется к одновременно открытым позициям)
2026-01-20 05:11:26,299 - INFO -   💰 Проверка расчета капитала: equity=$9,992.04, кандидатных_пар=20, max_позиций=15
2026-01-20 05:11:26,300 - INFO -   🎯 Target concurrency: 15 (ожидаемое одновременное число позиций)
2026-01-20 05:11:26,300 - INFO -   📊 Детали расчета капитала:
2026-01-20 05:11:26,300 - INFO -      • Базовый капитал на пару: $666.14 (equity / target_concurrency)
2026-01-20 05:11:26,300 - INFO -      • Риск-капитал: $149.88 (1.5% от equity)
2026-01-20 05:11:26,300 - INFO -      • Макс. размер позиции: $199.84 (2.0% от equity)
2026-01-20 05:11:26,300 - INFO -      • Итоговый капитал на пару: $149.88
2026-01-20 05:11:26,300 - INFO - ⇢ WF-шаг 2/5 backtests — starting 20 items
2026-01-20 05:11:26,300 - INFO - 🚀 WF-шаг 2/5: Начинаем бэктесты для 20 пар...
2026-01-20 05:11:26,300 - INFO - 🚀 WF-шаг 2/5: Запускаем параллельную обработку 20 пар на 8 ядрах...
2026-01-20 05:11:26,300 - INFO - 🚀 WF-шаг 2/5: Режим параллельности: процессы
2026-01-20 05:11:26,574 - coint2.engine.numba_engine - INFO - Запуск Numba-оптимизированного бэктеста для BTCDAI-BTCEUR
2026-01-20 05:11:26,718 - coint2.engine.numba_engine - INFO - Запуск Numba-оптимизированного бэктеста для ETHUSDC-ETHUSDT
2026-01-20 05:11:26,843 - coint2.engine.numba_engine - INFO - Запуск Numba-оптимизированного бэктеста для CYBERUSDT-FIDAUSDT
2026-01-20 05:11:26,956 - coint2.engine.numba_engine - INFO - Запуск Numba-оптимизированного бэктеста для HNTUSDT-INTERUSDT
2026-01-20 05:11:27,036 - coint2.engine.numba_engine - INFO - Запуск Numba-оптимизированного бэктеста для ATOMUSDT-GODSUSDT
2026-01-20 05:11:27,063 - coint2.engine.numba_engine - INFO - Запуск Numba-оптимизированного бэктеста для FILUSDT-JUVUSDT
2026-01-20 05:11:27,170 - coint2.engine.numba_engine - INFO - Запуск Numba-оптимизированного бэктеста для CITYUSDT-KASTAUSDT
2026-01-20 05:11:27,178 - coint2.engine.numba_engine - INFO - Запуск Numba-оптимизированного бэктеста для FILUSDC-JUVUSDT
2026-01-20 05:11:27,190 - coint2.engine.numba_engine - INFO - Запуск Numba-оптимизированного бэктеста для ATOMUSDT-KDAUSDT
2026-01-20 05:11:27,274 - coint2.engine.numba_engine - INFO - Запуск Numba-оптимизированного бэктеста для FILUSDC-GTAIUSDT
2026-01-20 05:11:27,281 - coint2.engine.numba_engine - INFO - Запуск Numba-оптимизированного бэктеста для GALFTUSDT-GRTUSDT
2026-01-20 05:11:27,289 - coint2.engine.numba_engine - INFO - Запуск Numba-оптимизированного бэктеста для AFCUSDT-C98USDT
2026-01-20 05:11:27,357 - coint2.engine.numba_engine - INFO - Запуск Numba-оптимизированного бэктеста для AFCUSDT-CITYUSDT
2026-01-20 05:11:27,379 - coint2.engine.numba_engine - INFO - Запуск Numba-оптимизированного бэктеста для FILUSDT-GTAIUSDT
2026-01-20 05:11:27,387 - coint2.engine.numba_engine - INFO - Запуск Numba-оптимизированного бэктеста для APEXUSDT-KASTAUSDT
2026-01-20 05:11:27,473 - coint2.engine.numba_engine - INFO - Запуск Numba-оптимизированного бэктеста для AFCUSDT-BICOUSDT
2026-01-20 05:11:27,480 - coint2.engine.numba_engine - INFO - Запуск Numba-оптимизированного бэктеста для AXLUSDT-FILUSDC
2026-01-20 05:11:27,481 - coint2.engine.numba_engine - INFO - Запуск Numba-оптимизированного бэктеста для CAKEUSDT-FIDAUSDT
2026-01-20 05:11:27,530 - coint2.engine.numba_engine - INFO - Запуск Numba-оптимизированного бэктеста для DYDXUSDT-KCALUSDT
2026-01-20 05:11:27,585 - coint2.engine.numba_engine - INFO - Запуск Numba-оптимизированного бэктеста для FTTUSDT-KSMUSDT
2026-01-20 05:11:27,716 - INFO -   ⏱️ Параллельная обработка завершена за 1.4с (14.1 пар/с)
2026-01-20 05:11:27,744 - coint2.pipeline.walk_forward_orchestrator - INFO - 🎯 СИМУЛЯЦИЯ ПОРТФЕЛЯ: 20 пар, лимит 15 позиций
2026-01-20 05:11:28,634 - coint2.pipeline.walk_forward_orchestrator - INFO -    📈 Макс. одновременных сигналов: 13
2026-01-20 05:11:28,634 - coint2.pipeline.walk_forward_orchestrator - INFO -    📊 Средн. сигналов за период: 0.2
2026-01-20 05:11:28,634 - coint2.pipeline.walk_forward_orchestrator - INFO -    🎯 Финальных активных позиций: 0
2026-01-20 05:11:28,636 - coint2.pipeline.walk_forward_orchestrator - INFO -    ⚡ Утилизация лимита позиций: 1.3%
2026-01-20 05:11:28,636 - INFO - ⇠ WF-шаг 2/5 backtests — completed 20 items in 2.34s (8.6 items/s)
2026-01-20 05:11:28,636 - INFO -   ✅ Обработка завершена: 20 успешно, 0 с ошибками
2026-01-20 05:11:28,636 - INFO -   📊 Успешность: 100.0%, прибыльность: 45.0%, сделок/пара: 13.8
2026-01-20 05:11:28,636 - INFO -   ✅ Завершены бэктесты для 20 пар
2026-01-20 05:11:28,636 - INFO -   📊 Всего обработано пар в этом шаге: 20
2026-01-20 05:11:28,636 - INFO -   📈 Результаты шага: 9/20 прибыльных пар, 277 сделок
2026-01-20 05:11:28,636 - INFO -   💰 P&L шага: $+0.80
2026-01-20 05:11:28,636 - INFO -   ⇢ Обновление капитала и дневного P&L...
2026-01-20 05:11:30,130 - INFO -   💼 Шаг P&L: $+0.80, Накопленный капитал: $9,992.84
2026-01-20 05:11:30,130 - INFO - ------------------------------------------------------------
2026-01-20 05:11:30,130 - INFO -   Walk-forward steps: 2 / 5 (40.0%) | 0.0 items/s | ETA: 146.8s
2026-01-20 05:11:30,130 - INFO - 🔍 WF-шаг 3/5: Валидация временных окон...
2026-01-20 05:11:30,131 - INFO - ⇢ WF-шаг 3/5: training 2024-04-01-2024-06-29, testing 2024-06-30-2024-07-30 — start
2026-01-20 05:11:30,131 - INFO - ⇢ loading step data — start
2026-01-20 05:11:30,591 - INFO - ⇠ loading step data — done in 0.46s
2026-01-20 05:11:33,989 - INFO - 📊 WF-шаг 3/5: Границы данных:
2026-01-20 05:11:33,989 - INFO -    Training: 2024-04-01 00:00:00 → 2024-06-29 23:45:00 (8,640 строк × 451 символов)
2026-01-20 05:11:33,989 - INFO -    Testing:  2024-06-30 00:00:00 → 2024-07-30 00:00:00 (2,881 строк × 451 символов)
2026-01-20 05:11:33,990 - INFO -    Временной разрыв: 0 days 00:15:00
2026-01-20 05:11:34,071 - INFO - ⇢ normalizing training data — start
2026-01-20 05:11:34,131 - INFO -   Символы с NaN значениями: 91
2026-01-20 05:11:34,131 - INFO -   Применяем метод нормализации: rolling_zscore
2026-01-20 05:11:34,162 - INFO - Символы с недостаточной историей: 75 из 451
2026-01-20 05:11:35,069 - INFO - Символы с NaN после нормализации: 376
2026-01-20 05:11:35,080 - INFO - Удалено 1959 начальных строк с NaN от rolling расчетов
2026-01-20 05:11:35,083 - INFO - Итоговое количество символов после нормализации: 376 из 451
2026-01-20 05:11:35,083 - INFO -   Статистика нормализации:
2026-01-20 05:11:35,083 - INFO -     Исходные символы: 451
2026-01-20 05:11:35,083 - INFO -     Недостаточная история: 75
2026-01-20 05:11:35,083 - INFO -     Постоянная цена: 0
2026-01-20 05:11:35,083 - INFO -     NaN после нормализации: 376
2026-01-20 05:11:35,083 - INFO -     Итоговые символы: 376 (83.4%)
2026-01-20 05:11:35,083 - INFO -   После нормализации: 376 символов (потеряно 75)
2026-01-20 05:11:35,083 - INFO -   Отброшено много символов: 75 из 451
2026-01-20 05:11:35,084 - INFO - ⇠ normalizing training data — done in 1.01s
2026-01-20 05:11:35,084 - INFO -   Фиксированный universe: 250 пар (отфильтровано 0 недоступных)
2026-01-20 05:11:35,084 - INFO - ⇢ filtering pairs by cointegration and half-life — start
2026-01-20 05:11:35,084 - INFO - [ФИЛЬТР] Параллельная фильтрация: processes (8 workers)
⚙️  Загрузка данных за период: 2024-04-01 -> 2024-07-30
📂 Найдено 43 parquet файлов для обработки.
📊 Схема данных: Schema({'timestamp': Int64, 'open': Float64, 'high': Float64, 'low': Float64, 'close': Float64, 'volume': Float64, 'turnover': String, 'ts_ms': Int64, 'symbol': String})
✅ Загружено 4689651 записей с помощью Polars.
📊 Типы данных в pandas: timestamp       datetime64[us]
symbol                  object
close                  float64
timestamp_ms             int64
dtype: object
2026-01-20 05:12:10,938 - INFO - [ФИЛЬТР] После проверки данных: 250 пар
2026-01-20 05:12:10,939 - INFO - [ФИЛЬТР] После фильтра корреляции (>0.4): 224 пар
2026-01-20 05:12:10,939 - INFO - [ФИЛЬТР] После фильтра beta: 198 пар
2026-01-20 05:12:10,939 - INFO - [ФИЛЬТР] После фильтра mean crossings: 198 пар
2026-01-20 05:12:10,939 - INFO - [ФИЛЬТР] После фильтра half-life: 198 пар
2026-01-20 05:12:10,939 - INFO - [ФИЛЬТР] После фильтра коинтеграции: 140 пар
2026-01-20 05:12:10,939 - INFO - [ФИЛЬТР] После фильтра Hurst: 113 пар
2026-01-20 05:12:10,939 - INFO - [ФИЛЬТР] После фильтра KPSS: 113 пар
2026-01-20 05:12:10,939 - INFO - [ФИЛЬТР] После фильтра market microstructure: 113 пар
2026-01-20 05:12:10,939 - INFO - [ФИЛЬТР] Статистика фильтрации (оптимизированный порядок):
2026-01-20 05:12:10,939 - INFO -   1. SSD → Коинтеграция: 250 → 140 пар
2026-01-20 05:12:10,939 - INFO -   2. Коинтеграция → Beta: 140 → 198 пар
2026-01-20 05:12:10,939 - INFO -   3. Beta → Half-life: 198 → 198 пар
2026-01-20 05:12:10,939 - INFO -   4. Half-life → Mean crossings: 198 → 198 пар
2026-01-20 05:12:10,939 - INFO -   5. Mean crossings → Hurst: 198 → 113 пар
2026-01-20 05:12:10,939 - INFO -   6. Hurst → KPSS: 113 → 113 пар
2026-01-20 05:12:10,939 - INFO -   7. KPSS → Market microstructure: 113 → 113 пар
2026-01-20 05:12:10,939 - INFO - [ФИЛЬТР] Причины отсева:
2026-01-20 05:12:10,939 - INFO -   • pvalue: 58 пар (23.2%)
2026-01-20 05:12:10,939 - INFO -   • hurst: 27 пар (10.8%)
2026-01-20 05:12:10,939 - INFO -   • low_correlation: 26 пар (10.4%)
2026-01-20 05:12:10,939 - INFO -   • beta: 26 пар (10.4%)
2026-01-20 05:12:10,939 - INFO - [ФИЛЬТР] Итого: 250 → 113 пар (45.2% прошли все фильтры)
2026-01-20 05:12:10,941 - INFO - Причины отсева сохранены в results/filter_reasons_20260120_051210.csv
2026-01-20 05:12:10,941 - INFO -   Pair stability filter: 113 → 93 (window=2, min_steps=1, history=2)
2026-01-20 05:12:10,941 - INFO -   Фильтрация: 250 → 93 пар
2026-01-20 05:12:10,941 - INFO - ⇠ filtering pairs by cointegration and half-life — done in 35.86s
2026-01-20 05:12:10,941 - INFO - ⇠ WF-шаг 3/5: training 2024-04-01-2024-06-29, testing 2024-06-30-2024-07-30 — done in 40.81s
2026-01-20 05:12:10,942 - INFO -   Ограничение max_pairs=20: 93 → 20
2026-01-20 05:12:10,942 - INFO -   Топ-3 пары по волатильности спреда:
2026-01-20 05:12:10,942 - INFO -     1. BTCDAI-BTCEUR: beta=1.1442, std=520.0727
2026-01-20 05:12:10,942 - INFO -     2. ETHDAI-ETHEUR: beta=1.1177, std=26.8390
2026-01-20 05:12:10,942 - INFO -     3. AAVEUSDT-GALFTUSDT: beta=13.9468, std=10.8089
2026-01-20 05:12:10,942 - INFO -   Всего пар для торговли: 20 (ограничение 15 применяется к одновременно открытым позициям)
2026-01-20 05:12:10,942 - INFO -   💰 Проверка расчета капитала: equity=$9,992.84, кандидатных_пар=20, max_позиций=15
2026-01-20 05:12:10,942 - INFO -   🎯 Target concurrency: 15 (ожидаемое одновременное число позиций)
2026-01-20 05:12:10,942 - INFO -   📊 Детали расчета капитала:
2026-01-20 05:12:10,942 - INFO -      • Базовый капитал на пару: $666.19 (equity / target_concurrency)
2026-01-20 05:12:10,942 - INFO -      • Риск-капитал: $149.89 (1.5% от equity)
2026-01-20 05:12:10,942 - INFO -      • Макс. размер позиции: $199.86 (2.0% от equity)
2026-01-20 05:12:10,942 - INFO -      • Итоговый капитал на пару: $149.89
2026-01-20 05:12:10,943 - INFO - ⇢ WF-шаг 3/5 backtests — starting 20 items
2026-01-20 05:12:10,943 - INFO - 🚀 WF-шаг 3/5: Начинаем бэктесты для 20 пар...
2026-01-20 05:12:10,943 - INFO - 🚀 WF-шаг 3/5: Запускаем параллельную обработку 20 пар на 8 ядрах...
2026-01-20 05:12:10,943 - INFO - 🚀 WF-шаг 3/5: Режим параллельности: процессы
2026-01-20 05:12:11,035 - coint2.engine.numba_engine - INFO - Запуск Numba-оптимизированного бэктеста для BTCDAI-BTCEUR
2026-01-20 05:12:11,080 - coint2.engine.numba_engine - INFO - Запуск Numba-оптимизированного бэктеста для ETHDAI-ETHEUR
2026-01-20 05:12:11,190 - coint2.engine.numba_engine - INFO - Запуск Numba-оптимизированного бэктеста для AAVEUSDT-GALFTUSDT
2026-01-20 05:12:11,261 - coint2.engine.numba_engine - INFO - Запуск Numba-оптимизированного бэктеста для ETCUSDT-JUVUSDT
2026-01-20 05:12:11,267 - WARNING - ❌ Ошибка обработки пары AAVEUSDT-GALFTUSDT: division by zero
2026-01-20 05:12:11,277 - coint2.engine.numba_engine - INFO - Запуск Numba-оптимизированного бэктеста для AXSUSDT-KUBUSDT
2026-01-20 05:12:11,293 - coint2.engine.numba_engine - INFO - Запуск Numba-оптимизированного бэктеста для FILUSDT-JUVUSDT
2026-01-20 05:12:11,324 - coint2.engine.numba_engine - INFO - Запуск Numba-оптимизированного бэктеста для CAKEUSDT-FIDAUSDT
2026-01-20 05:12:11,328 - coint2.engine.numba_engine - INFO - Запуск Numba-оптимизированного бэктеста для FILUSDC-JUVUSDT
2026-01-20 05:12:11,342 - coint2.engine.numba_engine - INFO - Запуск Numba-оптимизированного бэктеста для ETHUSDC-ETHUSDT
2026-01-20 05:12:11,360 - coint2.engine.numba_engine - INFO - Запуск Numba-оптимизированного бэктеста для DOTUSDC-KUBUSDT
2026-01-20 05:12:11,406 - coint2.engine.numba_engine - INFO - Запуск Numba-оптимизированного бэктеста для DOTUSDT-KUBUSDT
2026-01-20 05:12:11,419 - coint2.engine.numba_engine - INFO - Запуск Numba-оптимизированного бэктеста для DOTUSDC-FTTUSDT
2026-01-20 05:12:11,488 - coint2.engine.numba_engine - INFO - Запуск Numba-оптимизированного бэктеста для GALFTUSDT-HVHUSDT
2026-01-20 05:12:11,529 - coint2.engine.numba_engine - INFO - 🔍 ДИАГНОСТИКА GALFTUSDT-HVHUSDT:
2026-01-20 05:12:11,530 - coint2.engine.numba_engine - INFO -    entry_threshold: 0.95
2026-01-20 05:12:11,530 - coint2.engine.numba_engine - INFO -    exit_threshold: 0.08
2026-01-20 05:12:11,530 - coint2.engine.numba_engine - INFO -    Макс |z_score|: 22.1101
2026-01-20 05:12:11,530 - coint2.engine.numba_engine - INFO -    Позиций != 0: 26
2026-01-20 05:12:11,530 - coint2.engine.numba_engine - INFO -    Изменений позиций: 53
2026-01-20 05:12:11,530 - coint2.engine.numba_engine - INFO -    PnL сумма: 4.7133
2026-01-20 05:12:11,531 - coint2.engine.numba_engine - INFO -    Первые 10 z_scores: [1.0149729  0.89775175 0.88267124 0.7178458  0.70639974 0.05912989
 0.25585455 0.2545332  0.11229683 0.16204534]
2026-01-20 05:12:11,531 - coint2.engine.numba_engine - INFO -    Превышают порог: 1200
2026-01-20 05:12:11,548 - coint2.engine.numba_engine - INFO - Запуск Numba-оптимизированного бэктеста для DOTUSDT-FTTUSDT
2026-01-20 05:12:11,563 - coint2.engine.numba_engine - INFO - Запуск Numba-оптимизированного бэктеста для ATOMUSDT-GODSUSDT
2026-01-20 05:12:11,578 - coint2.engine.numba_engine - INFO - Запуск Numba-оптимизированного бэктеста для APEXUSDC-AVAUSDT
2026-01-20 05:12:11,622 - coint2.engine.numba_engine - INFO - Запуск Numba-оптимизированного бэктеста для HNTUSDT-INTERUSDT
2026-01-20 05:12:11,737 - coint2.engine.numba_engine - INFO - Запуск Numba-оптимизированного бэктеста для GALFTUSDT-HBARUSDT
2026-01-20 05:12:11,813 - coint2.engine.numba_engine - INFO - Запуск Numba-оптимизированного бэктеста для CITYUSDT-GRTUSDT
2026-01-20 05:12:11,916 - coint2.engine.numba_engine - INFO - Запуск Numba-оптимизированного бэктеста для GALFTUSDT-GRTUSDT
2026-01-20 05:12:12,087 - INFO -   ⏱️ Параллельная обработка завершена за 1.1с (17.5 пар/с)
2026-01-20 05:12:12,116 - coint2.pipeline.walk_forward_orchestrator - INFO - 🎯 СИМУЛЯЦИЯ ПОРТФЕЛЯ: 19 пар, лимит 15 позиций
2026-01-20 05:12:14,070 - coint2.pipeline.walk_forward_orchestrator - INFO -    📈 Макс. одновременных сигналов: 4
2026-01-20 05:12:14,078 - coint2.pipeline.walk_forward_orchestrator - INFO -    📊 Средн. сигналов за период: 0.1
2026-01-20 05:12:14,078 - coint2.pipeline.walk_forward_orchestrator - INFO -    🎯 Финальных активных позиций: 0
2026-01-20 05:12:14,080 - coint2.pipeline.walk_forward_orchestrator - INFO -    ⚡ Утилизация лимита позиций: 0.7%
2026-01-20 05:12:14,084 - WARNING -   ⚠️ Ошибка обработки пары AAVEUSDT-GALFTUSDT: division by zero
2026-01-20 05:12:14,085 - INFO - ⇠ WF-шаг 3/5 backtests — completed 20 items in 3.14s (6.4 items/s)
2026-01-20 05:12:14,085 - INFO -   ✅ Обработка завершена: 19 успешно, 1 с ошибками
2026-01-20 05:12:14,085 - INFO -   📊 Успешность: 95.0%, прибыльность: 94.7%, сделок/пара: 8.1
2026-01-20 05:12:14,085 - INFO -   ✅ Завершены бэктесты для 20 пар
2026-01-20 05:12:14,085 - INFO -   📊 Всего обработано пар в этом шаге: 20
2026-01-20 05:12:14,085 - INFO -   📈 Результаты шага: 18/20 прибыльных пар, 154 сделок
2026-01-20 05:12:14,085 - INFO -   💰 P&L шага: $+84.54
2026-01-20 05:12:14,085 - INFO -   ⇢ Обновление капитала и дневного P&L...
2026-01-20 05:12:16,748 - INFO -   💼 Шаг P&L: $+84.54, Накопленный капитал: $10,077.38
2026-01-20 05:12:16,748 - INFO - ------------------------------------------------------------
2026-01-20 05:12:16,748 - INFO -   Walk-forward steps: 3 / 5 (60.0%) | 0.0 items/s | ETA: 96.3s
2026-01-20 05:12:16,748 - INFO - 🔍 WF-шаг 4/5: Валидация временных окон...
2026-01-20 05:12:16,749 - INFO - ⇢ WF-шаг 4/5: training 2024-05-01-2024-07-29, testing 2024-07-30-2024-08-29 — start
2026-01-20 05:12:16,749 - INFO - ⇢ loading step data — start
2026-01-20 05:12:17,364 - INFO - ⇠ loading step data — done in 0.62s
2026-01-20 05:12:21,232 - INFO - 📊 WF-шаг 4/5: Границы данных:
2026-01-20 05:12:21,232 - INFO -    Training: 2024-05-01 00:00:00 → 2024-07-29 23:45:00 (8,640 строк × 475 символов)
2026-01-20 05:12:21,232 - INFO -    Testing:  2024-07-30 00:00:00 → 2024-08-29 00:00:00 (2,881 строк × 475 символов)
2026-01-20 05:12:21,232 - INFO -    Временной разрыв: 0 days 00:15:00
2026-01-20 05:12:21,349 - INFO - ⇢ normalizing training data — start
2026-01-20 05:12:21,408 - INFO -   Символы с NaN значениями: 89
2026-01-20 05:12:21,409 - INFO -   Применяем метод нормализации: rolling_zscore
2026-01-20 05:12:21,442 - INFO - Символы с недостаточной историей: 75 из 475
2026-01-20 05:12:22,411 - INFO - Символы с NaN после нормализации: 400
2026-01-20 05:12:22,422 - INFO - Удалено 1863 начальных строк с NaN от rolling расчетов
2026-01-20 05:12:22,426 - INFO - Итоговое количество символов после нормализации: 400 из 475
2026-01-20 05:12:22,428 - INFO -   Статистика нормализации:
2026-01-20 05:12:22,428 - INFO -     Исходные символы: 475
2026-01-20 05:12:22,428 - INFO -     Недостаточная история: 75
2026-01-20 05:12:22,428 - INFO -     Постоянная цена: 0
2026-01-20 05:12:22,428 - INFO -     NaN после нормализации: 400
2026-01-20 05:12:22,428 - INFO -     Итоговые символы: 400 (84.2%)
2026-01-20 05:12:22,429 - INFO -   После нормализации: 400 символов (потеряно 75)
2026-01-20 05:12:22,429 - INFO -   Отброшено много символов: 75 из 475
2026-01-20 05:12:22,429 - INFO - ⇠ normalizing training data — done in 1.08s
2026-01-20 05:12:22,429 - INFO -   Фиксированный universe: 250 пар (отфильтровано 0 недоступных)
2026-01-20 05:12:22,429 - INFO - ⇢ filtering pairs by cointegration and half-life — start
2026-01-20 05:12:22,429 - INFO - [ФИЛЬТР] Параллельная фильтрация: processes (8 workers)
⚙️  Загрузка данных за период: 2024-05-01 -> 2024-08-29
📂 Найдено 43 parquet файлов для обработки.
📊 Схема данных: Schema({'timestamp': Int64, 'open': Float64, 'high': Float64, 'low': Float64, 'close': Float64, 'volume': Float64, 'turnover': String, 'ts_ms': Int64, 'symbol': String})
✅ Загружено 4931437 записей с помощью Polars.
📊 Типы данных в pandas: timestamp       datetime64[us]
symbol                  object
close                  float64
timestamp_ms             int64
dtype: object
2026-01-20 05:12:56,414 - INFO - [ФИЛЬТР] После проверки данных: 250 пар
2026-01-20 05:12:56,414 - INFO - [ФИЛЬТР] После фильтра корреляции (>0.4): 217 пар
2026-01-20 05:12:56,414 - INFO - [ФИЛЬТР] После фильтра beta: 190 пар
2026-01-20 05:12:56,414 - INFO - [ФИЛЬТР] После фильтра mean crossings: 190 пар
2026-01-20 05:12:56,414 - INFO - [ФИЛЬТР] После фильтра half-life: 190 пар
2026-01-20 05:12:56,414 - INFO - [ФИЛЬТР] После фильтра коинтеграции: 102 пар
2026-01-20 05:12:56,414 - INFO - [ФИЛЬТР] После фильтра Hurst: 76 пар
2026-01-20 05:12:56,414 - INFO - [ФИЛЬТР] После фильтра KPSS: 76 пар
2026-01-20 05:12:56,414 - INFO - [ФИЛЬТР] После фильтра market microstructure: 76 пар
2026-01-20 05:12:56,414 - INFO - [ФИЛЬТР] Статистика фильтрации (оптимизированный порядок):
2026-01-20 05:12:56,414 - INFO -   1. SSD → Коинтеграция: 250 → 102 пар
2026-01-20 05:12:56,414 - INFO -   2. Коинтеграция → Beta: 102 → 190 пар
2026-01-20 05:12:56,414 - INFO -   3. Beta → Half-life: 190 → 190 пар
2026-01-20 05:12:56,414 - INFO -   4. Half-life → Mean crossings: 190 → 190 пар
2026-01-20 05:12:56,414 - INFO -   5. Mean crossings → Hurst: 190 → 76 пар
2026-01-20 05:12:56,414 - INFO -   6. Hurst → KPSS: 76 → 76 пар
2026-01-20 05:12:56,414 - INFO -   7. KPSS → Market microstructure: 76 → 76 пар
2026-01-20 05:12:56,414 - INFO - [ФИЛЬТР] Причины отсева:
2026-01-20 05:12:56,414 - INFO -   • pvalue: 88 пар (35.2%)
2026-01-20 05:12:56,414 - INFO -   • low_correlation: 33 пар (13.2%)
2026-01-20 05:12:56,414 - INFO -   • beta: 27 пар (10.8%)
2026-01-20 05:12:56,414 - INFO -   • hurst: 26 пар (10.4%)
2026-01-20 05:12:56,414 - INFO - [ФИЛЬТР] Итого: 250 → 76 пар (30.4% прошли все фильтры)
2026-01-20 05:12:56,416 - INFO - Причины отсева сохранены в results/filter_reasons_20260120_051256.csv
2026-01-20 05:12:56,420 - INFO -   Pair stability filter: 76 → 66 (window=2, min_steps=1, history=3)
2026-01-20 05:12:56,420 - INFO -   Фильтрация: 250 → 66 пар
2026-01-20 05:12:56,420 - INFO - ⇠ filtering pairs by cointegration and half-life — done in 33.99s
2026-01-20 05:12:56,420 - INFO - ⇠ WF-шаг 4/5: training 2024-05-01-2024-07-29, testing 2024-07-30-2024-08-29 — done in 39.67s
2026-01-20 05:12:56,420 - INFO -   Ограничение max_pairs=20: 66 → 20
2026-01-20 05:12:56,420 - INFO -   Топ-3 пары по волатильности спреда:
2026-01-20 05:12:56,420 - INFO -     1. BTCDAI-BTCEUR: beta=1.0982, std=452.6966
2026-01-20 05:12:56,420 - INFO -     2. BTCUSDC-BTCUSDT: beta=1.0003, std=30.5203
2026-01-20 05:12:56,420 - INFO -     3. ETHDAI-ETHEUR: beta=1.0858, std=24.7639
2026-01-20 05:12:56,420 - INFO -   Всего пар для торговли: 20 (ограничение 15 применяется к одновременно открытым позициям)
2026-01-20 05:12:56,420 - INFO -   💰 Проверка расчета капитала: equity=$10,077.38, кандидатных_пар=20, max_позиций=15
2026-01-20 05:12:56,420 - INFO -   🎯 Target concurrency: 15 (ожидаемое одновременное число позиций)
2026-01-20 05:12:56,421 - INFO -   📊 Детали расчета капитала:
2026-01-20 05:12:56,421 - INFO -      • Базовый капитал на пару: $671.83 (equity / target_concurrency)
2026-01-20 05:12:56,421 - INFO -      • Риск-капитал: $151.16 (1.5% от equity)
2026-01-20 05:12:56,421 - INFO -      • Макс. размер позиции: $201.55 (2.0% от equity)
2026-01-20 05:12:56,421 - INFO -      • Итоговый капитал на пару: $151.16
2026-01-20 05:12:56,421 - INFO - ⇢ WF-шаг 4/5 backtests — starting 20 items
2026-01-20 05:12:56,421 - INFO - 🚀 WF-шаг 4/5: Начинаем бэктесты для 20 пар...
2026-01-20 05:12:56,421 - INFO - 🚀 WF-шаг 4/5: Запускаем параллельную обработку 20 пар на 8 ядрах...
2026-01-20 05:12:56,421 - INFO - 🚀 WF-шаг 4/5: Режим параллельности: процессы
2026-01-20 05:12:56,600 - coint2.engine.numba_engine - INFO - Запуск Numba-оптимизированного бэктеста для BTCDAI-BTCEUR
2026-01-20 05:12:56,667 - coint2.engine.numba_engine - INFO - Запуск Numba-оптимизированного бэктеста для BTCUSDC-BTCUSDT
2026-01-20 05:12:56,739 - coint2.engine.numba_engine - INFO - Запуск Numba-оптимизированного бэктеста для ETHDAI-ETHEUR
2026-01-20 05:12:56,871 - coint2.engine.numba_engine - INFO - Запуск Numba-оптимизированного бэктеста для ETCUSDT-JUVUSDT
2026-01-20 05:12:56,934 - coint2.engine.numba_engine - INFO - Запуск Numba-оптимизированного бэктеста для GALFTUSDT-GRTUSDT
2026-01-20 05:12:56,938 - coint2.engine.numba_engine - INFO - Запуск Numba-оптимизированного бэктеста для AXSUSDT-KUBUSDT
2026-01-20 05:12:56,973 - coint2.engine.numba_engine - INFO - Запуск Numba-оптимизированного бэктеста для ETHUSDC-ETHUSDT
2026-01-20 05:12:57,039 - coint2.engine.numba_engine - INFO - Запуск Numba-оптимизированного бэктеста для APEXUSDT-AVAUSDT
2026-01-20 05:12:57,040 - coint2.engine.numba_engine - INFO - Запуск Numba-оптимизированного бэктеста для CITYUSDT-GRTUSDT
2026-01-20 05:12:57,074 - coint2.engine.numba_engine - INFO - Запуск Numba-оптимизированного бэктеста для CYBERUSDT-GALFTUSDT
2026-01-20 05:12:57,093 - coint2.engine.numba_engine - INFO - Запуск Numba-оптимизированного бэктеста для ATOMUSDT-KDAUSDT
2026-01-20 05:12:57,211 - coint2.engine.numba_engine - INFO - Запуск Numba-оптимизированного бэктеста для CITYUSDT-KASTAUSDT
2026-01-20 05:12:57,212 - coint2.engine.numba_engine - INFO - Запуск Numba-оптимизированного бэктеста для DOTUSDC-FTTUSDT
2026-01-20 05:12:57,232 - coint2.engine.numba_engine - INFO - Запуск Numba-оптимизированного бэктеста для DOTUSDC-KUBUSDT
2026-01-20 05:12:57,310 - coint2.engine.numba_engine - INFO - Запуск Numba-оптимизированного бэктеста для DOTUSDT-FTTUSDT
2026-01-20 05:12:57,341 - coint2.engine.numba_engine - INFO - Запуск Numba-оптимизированного бэктеста для FTTUSDT-KSMUSDT
2026-01-20 05:12:57,350 - coint2.engine.numba_engine - INFO - Запуск Numba-оптимизированного бэктеста для DOTUSDT-KUBUSDT
2026-01-20 05:12:57,431 - coint2.engine.numba_engine - INFO - Запуск Numba-оптимизированного бэктеста для FILUSDT-JUVUSDT
2026-01-20 05:12:57,663 - coint2.engine.numba_engine - INFO - Запуск Numba-оптимизированного бэктеста для APEXUSDC-AVAUSDT
2026-01-20 05:12:57,670 - coint2.engine.numba_engine - INFO - Запуск Numba-оптимизированного бэктеста для FILUSDC-JUVUSDT
2026-01-20 05:12:57,885 - INFO -   ⏱️ Параллельная обработка завершена за 1.5с (13.7 пар/с)
2026-01-20 05:12:57,929 - coint2.pipeline.walk_forward_orchestrator - INFO - 🎯 СИМУЛЯЦИЯ ПОРТФЕЛЯ: 20 пар, лимит 15 позиций
2026-01-20 05:12:59,737 - coint2.pipeline.walk_forward_orchestrator - INFO -    📈 Макс. одновременных сигналов: 13
2026-01-20 05:12:59,737 - coint2.pipeline.walk_forward_orchestrator - INFO -    📊 Средн. сигналов за период: 0.2
2026-01-20 05:12:59,737 - coint2.pipeline.walk_forward_orchestrator - INFO -    🎯 Финальных активных позиций: 0
2026-01-20 05:12:59,738 - coint2.pipeline.walk_forward_orchestrator - INFO -    ⚡ Утилизация лимита позиций: 1.2%
2026-01-20 05:12:59,738 - INFO - ⇠ WF-шаг 4/5 backtests — completed 20 items in 3.32s (6.0 items/s)
2026-01-20 05:12:59,739 - INFO -   ✅ Обработка завершена: 20 успешно, 0 с ошибками
2026-01-20 05:12:59,739 - INFO -   📊 Успешность: 100.0%, прибыльность: 50.0%, сделок/пара: 12.7
2026-01-20 05:12:59,739 - INFO -   ✅ Завершены бэктесты для 20 пар
2026-01-20 05:12:59,739 - INFO -   📊 Всего обработано пар в этом шаге: 20
2026-01-20 05:12:59,739 - INFO -   📈 Результаты шага: 10/20 прибыльных пар, 253 сделок
2026-01-20 05:12:59,739 - INFO -   💰 P&L шага: $+13.97
2026-01-20 05:12:59,739 - INFO -   ⇢ Обновление капитала и дневного P&L...
2026-01-20 05:13:02,191 - INFO -   💼 Шаг P&L: $+13.97, Накопленный капитал: $10,091.35
2026-01-20 05:13:02,191 - INFO - ------------------------------------------------------------
2026-01-20 05:13:02,191 - INFO -   Walk-forward steps: 4 / 5 (80.0%) | 0.0 items/s | ETA: 47.5s
2026-01-20 05:13:02,191 - INFO - 🔍 WF-шаг 5/5: Валидация временных окон...
2026-01-20 05:13:02,191 - INFO - ⇢ WF-шаг 5/5: training 2024-05-31-2024-08-28, testing 2024-08-29-2024-09-28 — start
2026-01-20 05:13:02,191 - INFO - ⇢ loading step data — start
2026-01-20 05:13:02,616 - INFO - ⇠ loading step data — done in 0.42s
2026-01-20 05:13:07,031 - INFO - 📊 WF-шаг 5/5: Границы данных:
2026-01-20 05:13:07,031 - INFO -    Training: 2024-05-31 00:00:00 → 2024-08-28 23:45:00 (8,640 строк × 492 символов)
2026-01-20 05:13:07,031 - INFO -    Testing:  2024-08-29 00:00:00 → 2024-09-28 00:00:00 (2,881 строк × 492 символов)
2026-01-20 05:13:07,031 - INFO -    Временной разрыв: 0 days 00:15:00
2026-01-20 05:13:07,130 - INFO - ⇢ normalizing training data — start
2026-01-20 05:13:07,221 - INFO -   Символы с NaN значениями: 90
2026-01-20 05:13:07,222 - INFO -   Применяем метод нормализации: rolling_zscore
2026-01-20 05:13:07,260 - INFO - Символы с недостаточной историей: 73 из 492
2026-01-20 05:13:08,324 - INFO - Символы с NaN после нормализации: 419
2026-01-20 05:13:08,336 - INFO - Удалено 1661 начальных строк с NaN от rolling расчетов
2026-01-20 05:13:08,340 - INFO - Итоговое количество символов после нормализации: 419 из 492
2026-01-20 05:13:08,340 - INFO -   Статистика нормализации:
2026-01-20 05:13:08,340 - INFO -     Исходные символы: 492
2026-01-20 05:13:08,340 - INFO -     Недостаточная история: 73
2026-01-20 05:13:08,340 - INFO -     Постоянная цена: 0
2026-01-20 05:13:08,340 - INFO -     NaN после нормализации: 419
2026-01-20 05:13:08,340 - INFO -     Итоговые символы: 419 (85.2%)
2026-01-20 05:13:08,341 - INFO -   После нормализации: 419 символов (потеряно 73)
2026-01-20 05:13:08,341 - INFO -   Отброшено много символов: 73 из 492
2026-01-20 05:13:08,341 - INFO - ⇠ normalizing training data — done in 1.21s
2026-01-20 05:13:08,341 - INFO -   Фиксированный universe: 250 пар (отфильтровано 0 недоступных)
2026-01-20 05:13:08,341 - INFO - ⇢ filtering pairs by cointegration and half-life — start
2026-01-20 05:13:08,341 - INFO - [ФИЛЬТР] Параллельная фильтрация: processes (8 workers)
⚙️  Загрузка данных за период: 2024-05-31 -> 2024-09-28
📂 Найдено 43 parquet файлов для обработки.
📊 Схема данных: Schema({'timestamp': Int64, 'open': Float64, 'high': Float64, 'low': Float64, 'close': Float64, 'volume': Float64, 'turnover': String, 'ts_ms': Int64, 'symbol': String})
✅ Загружено 5190250 записей с помощью Polars.
📊 Типы данных в pandas: timestamp       datetime64[us]
symbol                  object
close                  float64
timestamp_ms             int64
dtype: object
2026-01-20 05:13:43,646 - INFO - [ФИЛЬТР] После проверки данных: 250 пар
2026-01-20 05:13:43,646 - INFO - [ФИЛЬТР] После фильтра корреляции (>0.4): 211 пар
2026-01-20 05:13:43,646 - INFO - [ФИЛЬТР] После фильтра beta: 180 пар
2026-01-20 05:13:43,646 - INFO - [ФИЛЬТР] После фильтра mean crossings: 180 пар
2026-01-20 05:13:43,646 - INFO - [ФИЛЬТР] После фильтра half-life: 180 пар
2026-01-20 05:13:43,646 - INFO - [ФИЛЬТР] После фильтра коинтеграции: 102 пар
2026-01-20 05:13:43,646 - INFO - [ФИЛЬТР] После фильтра Hurst: 77 пар
2026-01-20 05:13:43,646 - INFO - [ФИЛЬТР] После фильтра KPSS: 77 пар
2026-01-20 05:13:43,646 - INFO - [ФИЛЬТР] После фильтра market microstructure: 77 пар
2026-01-20 05:13:43,646 - INFO - [ФИЛЬТР] Статистика фильтрации (оптимизированный порядок):
2026-01-20 05:13:43,646 - INFO -   1. SSD → Коинтеграция: 250 → 102 пар
2026-01-20 05:13:43,647 - INFO -   2. Коинтеграция → Beta: 102 → 180 пар
2026-01-20 05:13:43,647 - INFO -   3. Beta → Half-life: 180 → 180 пар
2026-01-20 05:13:43,647 - INFO -   4. Half-life → Mean crossings: 180 → 180 пар
2026-01-20 05:13:43,647 - INFO -   5. Mean crossings → Hurst: 180 → 77 пар
2026-01-20 05:13:43,647 - INFO -   6. Hurst → KPSS: 77 → 77 пар
2026-01-20 05:13:43,647 - INFO -   7. KPSS → Market microstructure: 77 → 77 пар
2026-01-20 05:13:43,647 - INFO - [ФИЛЬТР] Причины отсева:
2026-01-20 05:13:43,647 - INFO -   • pvalue: 78 пар (31.2%)
2026-01-20 05:13:43,647 - INFO -   • low_correlation: 39 пар (15.6%)
2026-01-20 05:13:43,647 - INFO -   • beta: 31 пар (12.4%)
2026-01-20 05:13:43,647 - INFO -   • hurst: 25 пар (10.0%)
2026-01-20 05:13:43,647 - INFO - [ФИЛЬТР] Итого: 250 → 77 пар (30.8% прошли все фильтры)
2026-01-20 05:13:43,649 - INFO - Причины отсева сохранены в results/filter_reasons_20260120_051343.csv
2026-01-20 05:13:43,656 - INFO -   Pair stability filter: 77 → 52 (window=2, min_steps=1, history=4)
2026-01-20 05:13:43,656 - INFO -   Фильтрация: 250 → 52 пар
2026-01-20 05:13:43,656 - INFO - ⇠ filtering pairs by cointegration and half-life — done in 35.31s
2026-01-20 05:13:43,656 - INFO - ⇠ WF-шаг 5/5: training 2024-05-31-2024-08-28, testing 2024-08-29-2024-09-28 — done in 41.46s
2026-01-20 05:13:43,656 - INFO -   Ограничение max_pairs=20: 52 → 20
2026-01-20 05:13:43,656 - INFO -   Топ-3 пары по волатильности спреда:
2026-01-20 05:13:43,656 - INFO -     1. BTCDAI-BTCEUR: beta=1.0139, std=689.5404
2026-01-20 05:13:43,656 - INFO -     2. ETHDAI-ETHEUR: beta=1.0258, std=27.1640
2026-01-20 05:13:43,656 - INFO -     3. INJUSDT-KSMUSDT: beta=0.6715, std=2.1131
2026-01-20 05:13:43,656 - INFO -   Всего пар для торговли: 20 (ограничение 15 применяется к одновременно открытым позициям)
2026-01-20 05:13:43,656 - INFO -   💰 Проверка расчета капитала: equity=$10,091.35, кандидатных_пар=20, max_позиций=15
2026-01-20 05:13:43,657 - INFO -   🎯 Target concurrency: 15 (ожидаемое одновременное число позиций)
2026-01-20 05:13:43,657 - INFO -   📊 Детали расчета капитала:
2026-01-20 05:13:43,657 - INFO -      • Базовый капитал на пару: $672.76 (equity / target_concurrency)
2026-01-20 05:13:43,657 - INFO -      • Риск-капитал: $151.37 (1.5% от equity)
2026-01-20 05:13:43,657 - INFO -      • Макс. размер позиции: $201.83 (2.0% от equity)
2026-01-20 05:13:43,657 - INFO -      • Итоговый капитал на пару: $151.37
2026-01-20 05:13:43,657 - INFO - ⇢ WF-шаг 5/5 backtests — starting 20 items
2026-01-20 05:13:43,657 - INFO - 🚀 WF-шаг 5/5: Начинаем бэктесты для 20 пар...
2026-01-20 05:13:43,657 - INFO - 🚀 WF-шаг 5/5: Запускаем параллельную обработку 20 пар на 8 ядрах...
2026-01-20 05:13:43,657 - INFO - 🚀 WF-шаг 5/5: Режим параллельности: процессы
2026-01-20 05:13:43,810 - coint2.engine.numba_engine - INFO - Запуск Numba-оптимизированного бэктеста для BTCDAI-BTCEUR
2026-01-20 05:13:43,918 - coint2.engine.numba_engine - INFO - Запуск Numba-оптимизированного бэктеста для ETHDAI-ETHEUR
2026-01-20 05:13:43,985 - coint2.engine.numba_engine - INFO - Запуск Numba-оптимизированного бэктеста для INJUSDT-KSMUSDT
2026-01-20 05:13:43,999 - coint2.engine.numba_engine - INFO - Запуск Numba-оптимизированного бэктеста для GALFTUSDT-HVHUSDT
2026-01-20 05:13:44,044 - coint2.engine.numba_engine - INFO - 🔍 ДИАГНОСТИКА GALFTUSDT-HVHUSDT:
2026-01-20 05:13:44,044 - coint2.engine.numba_engine - INFO -    entry_threshold: 0.95
2026-01-20 05:13:44,044 - coint2.engine.numba_engine - INFO -    exit_threshold: 0.08
2026-01-20 05:13:44,045 - coint2.engine.numba_engine - INFO -    Макс |z_score|: 53.8784
2026-01-20 05:13:44,045 - coint2.engine.numba_engine - INFO -    Позиций != 0: 7
2026-01-20 05:13:44,045 - coint2.engine.numba_engine - INFO -    Изменений позиций: 15
2026-01-20 05:13:44,045 - coint2.engine.numba_engine - INFO -    PnL сумма: -4.3486
2026-01-20 05:13:44,046 - coint2.engine.numba_engine - INFO -    Первые 10 z_scores: [-0.7682896  -0.6592879  -0.5004639  -0.558713   -0.51350254 -0.48972172
 -0.42940226 -0.43437722 -0.41184348 -0.39054438]
2026-01-20 05:13:44,046 - coint2.engine.numba_engine - INFO -    Превышают порог: 1343
2026-01-20 05:13:44,057 - coint2.engine.numba_engine - INFO - Запуск Numba-оптимизированного бэктеста для ETCUSDT-JUVUSDT
2026-01-20 05:13:44,116 - coint2.engine.numba_engine - INFO - Запуск Numba-оптимизированного бэктеста для CBKUSDT-ENJUSDT
2026-01-20 05:13:44,175 - coint2.engine.numba_engine - INFO - Запуск Numba-оптимизированного бэктеста для APEXUSDC-AVAUSDT
2026-01-20 05:13:44,208 - coint2.engine.numba_engine - INFO - Запуск Numba-оптимизированного бэктеста для FTTUSDT-KCSUSDT
2026-01-20 05:13:44,240 - coint2.engine.numba_engine - INFO - Запуск Numba-оптимизированного бэктеста для ARTYUSDT-CRVUSDT
2026-01-20 05:13:44,251 - coint2.engine.numba_engine - INFO - Запуск Numba-оптимизированного бэктеста для FILUSDC-JUVUSDT
2026-01-20 05:13:44,307 - coint2.engine.numba_engine - INFO - Запуск Numba-оптимизированного бэктеста для DMAILUSDT-GMTUSDC
2026-01-20 05:13:44,312 - coint2.engine.numba_engine - INFO - Запуск Numba-оптимизированного бэктеста для DMAILUSDT-GMTUSDT
2026-01-20 05:13:44,339 - coint2.engine.numba_engine - INFO - Запуск Numba-оптимизированного бэктеста для FILUSDT-JUVUSDT
2026-01-20 05:13:44,428 - coint2.engine.numba_engine - INFO - Запуск Numba-оптимизированного бэктеста для ARTYUSDT-GENEUSDT
2026-01-20 05:13:44,446 - coint2.engine.numba_engine - INFO - Запуск Numba-оптимизированного бэктеста для CAKEUSDT-CITYUSDT
2026-01-20 05:13:44,479 - coint2.engine.numba_engine - INFO - Запуск Numba-оптимизированного бэктеста для CTCUSDT-GALFTUSDT
2026-01-20 05:13:44,511 - coint2.engine.numba_engine - INFO - Запуск Numba-оптимизированного бэктеста для FLOWUSDT-HVHUSDT
2026-01-20 05:13:44,547 - coint2.engine.numba_engine - INFO - 🔍 ДИАГНОСТИКА FLOWUSDT-HVHUSDT:
2026-01-20 05:13:44,548 - coint2.engine.numba_engine - INFO -    entry_threshold: 0.95
2026-01-20 05:13:44,548 - coint2.engine.numba_engine - INFO -    exit_threshold: 0.08
2026-01-20 05:13:44,548 - coint2.engine.numba_engine - INFO -    Макс |z_score|: 4.7010
2026-01-20 05:13:44,548 - coint2.engine.numba_engine - INFO -    Позиций != 0: 4
2026-01-20 05:13:44,548 - coint2.engine.numba_engine - INFO -    Изменений позиций: 9
2026-01-20 05:13:44,548 - coint2.engine.numba_engine - INFO -    PnL сумма: 1.7326
2026-01-20 05:13:44,549 - coint2.engine.numba_engine - INFO -    Первые 10 z_scores: [1.3149515 2.1420898 2.8071206 1.6895965 1.5170032 0.6591689 1.1773024
 0.9560649 0.7745351 0.7264485]
2026-01-20 05:13:44,549 - coint2.engine.numba_engine - INFO -    Превышают порог: 1395
2026-01-20 05:13:44,558 - WARNING - ❌ Ошибка обработки пары CAKEUSDT-CITYUSDT: division by zero
2026-01-20 05:13:44,569 - coint2.engine.numba_engine - INFO - Запуск Numba-оптимизированного бэктеста для GODSUSDT-INJUSDT
2026-01-20 05:13:44,595 - coint2.engine.numba_engine - INFO - Запуск Numba-оптимизированного бэктеста для ARTYUSDT-KUBUSDT
2026-01-20 05:13:44,620 - coint2.engine.numba_engine - INFO - Запуск Numba-оптимизированного бэктеста для ARTYUSDT-KDAUSDT
2026-01-20 05:13:44,707 - INFO -   ⏱️ Параллельная обработка завершена за 1.1с (19.0 пар/с)
2026-01-20 05:13:44,732 - coint2.pipeline.walk_forward_orchestrator - INFO - 🎯 СИМУЛЯЦИЯ ПОРТФЕЛЯ: 19 пар, лимит 15 позиций
2026-01-20 05:13:45,334 - coint2.pipeline.walk_forward_orchestrator - INFO -    📈 Макс. одновременных сигналов: 4
2026-01-20 05:13:45,335 - coint2.pipeline.walk_forward_orchestrator - INFO -    📊 Средн. сигналов за период: 0.1
2026-01-20 05:13:45,335 - coint2.pipeline.walk_forward_orchestrator - INFO -    🎯 Финальных активных позиций: 0
2026-01-20 05:13:45,340 - coint2.pipeline.walk_forward_orchestrator - INFO -    ⚡ Утилизация лимита позиций: 0.7%
2026-01-20 05:13:45,341 - WARNING -   ⚠️ Ошибка обработки пары CAKEUSDT-CITYUSDT: division by zero
2026-01-20 05:13:45,341 - INFO - ⇠ WF-шаг 5/5 backtests — completed 20 items in 1.68s (11.9 items/s)
2026-01-20 05:13:45,341 - INFO -   ✅ Обработка завершена: 19 успешно, 1 с ошибками
2026-01-20 05:13:45,341 - INFO -   📊 Успешность: 95.0%, прибыльность: 63.2%, сделок/пара: 8.3
2026-01-20 05:13:45,341 - INFO -   ✅ Завершены бэктесты для 20 пар
2026-01-20 05:13:45,341 - INFO -   📊 Всего обработано пар в этом шаге: 20
2026-01-20 05:13:45,341 - INFO -   📈 Результаты шага: 12/20 прибыльных пар, 157 сделок
2026-01-20 05:13:45,341 - INFO -   💰 P&L шага: $+24.06
2026-01-20 05:13:45,341 - INFO -   ⇢ Обновление капитала и дневного P&L...
2026-01-20 05:13:47,864 - INFO -   💼 Шаг P&L: $+24.06, Накопленный капитал: $10,115.41
2026-01-20 05:13:47,864 - INFO - ------------------------------------------------------------
2026-01-20 05:13:47,864 - INFO -   Walk-forward steps: 5 / 5 (100.0%) | 0.0 items/s | ETA: 0.0s
2026-01-20 05:13:47,864 - INFO - ⇠ Walk-forward steps — completed 5 items in 235.62s (0.0 items/s)
2026-01-20 05:13:47,864 - INFO - ================================================================================
2026-01-20 05:13:47,864 - INFO - 🏁 Walk-forward анализ завершен!
2026-01-20 05:13:47,864 - INFO - ⏱️ Обработано 5 шагов за 4.2 секунд
2026-01-20 05:13:47,864 - INFO - 📊 Всего обработано пар за весь анализ: 100
2026-01-20 05:13:47,864 - INFO - 💰 Финальный капитал: $10,115.41 (было $10,000.00)
2026-01-20 05:13:47,864 - INFO - 📈 Общая доходность: +1.15% ($+115.41)
2026-01-20 05:13:47,864 - INFO - 📊 Всего сделок: 0
2026-01-20 05:13:47,865 - INFO - ================================================================================
2026-01-20 05:13:47,865 - INFO - ✓ Завершены все 5 WF-шагов
2026-01-20 05:13:47,865 - INFO - ⇢ Обработка финальных результатов и расчет метрик...
2026-01-20 05:13:47,865 - INFO - ⇢ processing final results — start
2026-01-20 05:13:47,865 - INFO -   ⇢ Агрегация данных P&L за 14405 торговых дней
2026-01-20 05:13:47,982 - INFO -   ⇢ Расчет базовых метрик производительности...
2026-01-20 05:13:47,982 - INFO -     📊 Данные для анализа: 14405 записей P&L, 14401 точек equity
2026-01-20 05:13:47,986 - INFO -   ⇢ Расчет расширенных метрик (волатильность, Calmar ratio, и др.)...
2026-01-20 05:13:47,986 - INFO -   ✅ Расширенные метрики рассчитаны: 6 показателей
2026-01-20 05:13:47,986 - INFO -   ⇢ Анализ статистики по 100 парам...
2026-01-20 05:13:47,993 - INFO - ✅ Рассчитаны метрики производительности (19 показателей)
2026-01-20 05:13:47,993 - INFO -   💰 Общий P&L: $+115.41
2026-01-20 05:13:47,993 - INFO -   📊 Sharpe Ratio: 3.281
2026-01-20 05:13:47,993 - INFO -   📉 Максимальная просадка: -4092.76%
2026-01-20 05:13:47,993 - INFO -   🔄 Всего сделок: 1024
2026-01-20 05:13:47,993 - INFO -   📈 Торгуемых пар: 53
2026-01-20 05:13:47,993 - INFO -   💸 Общие издержки: $51.40
2026-01-20 05:13:47,994 - coint2.metrics - INFO - Metric: total_pnl
2026-01-20 05:13:47,994 - coint2.metrics - INFO - Metric: sharpe_ratio_abs
2026-01-20 05:13:47,994 - coint2.metrics - INFO - Metric: max_drawdown_pct
2026-01-20 05:13:47,994 - coint2.metrics - INFO - Metric: total_trades
2026-01-20 05:13:47,994 - coint2.metrics - INFO - Metric: total_pairs_traded
2026-01-20 05:13:47,994 - coint2.metrics - INFO - Metric: total_costs
2026-01-20 05:13:47,995 - INFO - ⇠ processing final results — done in 0.13s
2026-01-20 05:13:47,995 - INFO - ⇢ Создание отчетов и сохранение результатов...
2026-01-20 05:13:47,995 - INFO - ⇢ generating reports — start
2026-01-20 05:13:47,995 - INFO -   ⇢ Создание отчета о производительности...
2026-01-20 05:13:55,604 - INFO -   ✓ Отчет о производительности создан
2026-01-20 05:13:55,604 - INFO -   ⇢ Сохранение данных в CSV файлы...
2026-01-20 05:13:55,606 - INFO - 📋 Метрики сохранены: artifacts/wfa/runs/20260119_relaxed8_nokpss_u250_topk_turnover/stress_relaxed8_nokpss_u250_top20_z0p95_exit0p08_hold120_cd120/strategy_metrics.csv
2026-01-20 05:13:55,607 - INFO - 📈 Дневные P&L сохранены: artifacts/wfa/runs/20260119_relaxed8_nokpss_u250_topk_turnover/stress_relaxed8_nokpss_u250_top20_z0p95_exit0p08_hold120_cd120/daily_pnl.csv (151 записей)
2026-01-20 05:13:55,660 - INFO - 💹 Кривая капитала сохранена: artifacts/wfa/runs/20260119_relaxed8_nokpss_u250_topk_turnover/stress_relaxed8_nokpss_u250_top20_z0p95_exit0p08_hold120_cd120/equity_curve.csv (14401 точек)
2026-01-20 05:13:55,663 - INFO - 📋 Статистика сделок сохранена: artifacts/wfa/runs/20260119_relaxed8_nokpss_u250_topk_turnover/stress_relaxed8_nokpss_u250_top20_z0p95_exit0p08_hold120_cd120/trade_statistics.csv (100 записей)
2026-01-20 05:13:55,663 - INFO - 🎉 Walk-Forward анализ полностью завершен!
2026-01-20 05:13:55,663 - INFO - 📊 Все отчеты и данные сохранены в: artifacts/wfa/runs/20260119_relaxed8_nokpss_u250_topk_turnover/stress_relaxed8_nokpss_u250_top20_z0p95_exit0p08_hold120_cd120
2026-01-20 05:13:55,664 - INFO - 💼 Итоговый капитал: $10,115.41
2026-01-20 05:13:55,664 - INFO - ⏱️  Общее время выполнения: 12.0 секунд
2026-01-20 05:13:55,664 - INFO - ⇠ generating reports — done in 7.67s
2026-01-20 05:13:55,664 - coint2.core.memory_optimization - INFO - 🧹 Cleaning up global price data
2026-01-20 05:13:55,669 - coint2.core.memory_optimization - INFO - 📊 No global rolling stats to clean up
2026-01-20 05:13:55,670 - INFO - 🧹 Memory-mapped data cleaned up
2026-01-20 05:13:55,671 - INFO - ⇠ run_walk_forward_analysis — done in 257.08s
📊 Отчет сохранен: artifacts/wfa/runs/20260119_relaxed8_nokpss_u250_topk_turnover/stress_relaxed8_nokpss_u250_top20_z0p95_exit0p08_hold120_cd120/CointegrationStrategy_performance_report.png
🎯 ============================================================
📊 ИТОГИ ТОРГОВОЙ СТРАТЕГИИ
🎯 ============================================================

💰 ФИНАНСОВЫЕ РЕЗУЛЬТАТЫ:
   • Общий P&L:                          115
   • Максимальная просадка:              -41
   • Средний дневной P&L:                  1

📈 МЕТРИКИ РИСКА:
   • Коэффициент Шарпа:               3.2811
   • Волатильность P&L:                 4.70
   • Процент прибыльных дней:         50.99%

🔄 ТОРГОВАЯ АКТИВНОСТЬ:
   • Всего торговых дней:                151
   • Всего сделок:                     1,024
   • Торгуемых пар:                       53
   • Сделок на пару:                    10.2
   • Успешность сделок:               0.18%

💸 РАСХОДЫ И ЭКСТРЕМУМЫ:
   • Общие расходы:                       51
   • Максимальная прибыль:                21
   • Максимальный убыток:                -26
   • Лучшая пара (P&L):                   14
   • Худшая пара (P&L):                  -11

📊 ОЦЕНКА СТРАТЕГИИ:
   ✅ ОТЛИЧНАЯ стратегия! Высокий Шарп и положительный результат

🎯 ============================================================

Annualized Sharpe Ratio: 3.2811328964944138
[run_wfa_fullcpu] end: 2026-01-20T05:13:56Z
