[run_wfa_queue] 2026-01-19T10:09:35Z cmd: /opt/coint4/coint4/run_wfa_fullcpu.sh configs/stress_20260119_relaxed4/stress_relaxed4_20260119_pv0p08_hurst0p65_hl0p02_60_corr0p5_ssd50000_kpss0p03.yaml artifacts/wfa/runs/20260119_relaxed4_stress/stress_relaxed4_20260119_pv0p08_hurst0p65_hl0p02_60_corr0p5_ssd50000_kpss0p03
[run_wfa_fullcpu] start: 2026-01-19T10:09:35Z
[run_wfa_fullcpu] os.cpu_count: 8
[run_wfa_fullcpu] worker_pid=3362
2026-01-19 10:09:38,744 - coint2.core.memory_optimization - INFO - ✅ BLAS threading limits set to 1 via threadpoolctl
2026-01-19 10:09:38,745 - coint2.core.memory_optimization - INFO - 🔧 Controlled libraries: openblas, openmp
2026-01-19 10:09:38,745 - coint2.core.memory_optimization - INFO - 🧵 Process threads: 2 → 2
2026-01-19 10:09:38,745 - coint2.core.memory_optimization - INFO - 📝 Set 11 environment variables
2026-01-19 10:09:39,078 - INFO - ✅ Параметры конфигурации валидны
2026-01-19 10:09:39,078 - INFO - 📝 Некоторые параметры были скорректированы:
2026-01-19 10:09:39,078 - INFO - 🧭 WFA: динамический отбор пар на каждом шаге
2026-01-19 10:09:39,078 - INFO -   Шаг 1: тренировка 2023-08-02-2023-09-30, тест 2023-10-01-2023-10-31
2026-01-19 10:09:39,078 - INFO -   Шаг 2: тренировка 2023-09-01-2023-10-30, тест 2023-10-31-2023-11-30
2026-01-19 10:09:39,078 - INFO -   Шаг 3: тренировка 2023-10-01-2023-11-29, тест 2023-11-30-2023-12-30
2026-01-19 10:09:39,078 - INFO -   Шаг 4: тренировка 2023-10-31-2023-12-29, тест 2023-12-30-2024-01-29
2026-01-19 10:09:39,078 - INFO -   Шаг 5: тренировка 2023-11-30-2024-01-28, тест 2024-01-29-2024-02-28
2026-01-19 10:09:39,078 - INFO -   Шаг 6: тренировка 2023-12-30-2024-02-27, тест 2024-02-28-2024-03-29
2026-01-19 10:09:39,078 - INFO -   Шаг 7: тренировка 2024-01-29-2024-03-28, тест 2024-03-29-2024-04-28
2026-01-19 10:09:39,078 - INFO -   Шаг 8: тренировка 2024-02-28-2024-04-27, тест 2024-04-28-2024-05-28
2026-01-19 10:09:39,078 - INFO - 📈 Запланировано 8 walk-forward шагов
2026-01-19 10:09:39,079 - INFO - ⛔ Ограничение WFA шагов: 8 → 5
2026-01-19 10:09:39,079 - WARNING - ⚠️ Маленький буфер между training и testing в шаге 1: 0 дней. Рекомендуется минимум 1 день.
2026-01-19 10:09:39,079 - WARNING - ⚠️ Маленький буфер между training и testing в шаге 2: 0 дней. Рекомендуется минимум 1 день.
2026-01-19 10:09:39,079 - WARNING - ⚠️ Маленький буфер между training и testing в шаге 3: 0 дней. Рекомендуется минимум 1 день.
2026-01-19 10:09:39,079 - WARNING - ⚠️ Маленький буфер между training и testing в шаге 4: 0 дней. Рекомендуется минимум 1 день.
2026-01-19 10:09:39,079 - WARNING - ⚠️ Маленький буфер между training и testing в шаге 5: 0 дней. Рекомендуется минимум 1 день.
2026-01-19 10:09:39,079 - INFO - ✅ Шаги успешно запланированы:
2026-01-19 10:09:39,079 - INFO -    Шаг 1: тренировка 2023-08-02-2023-09-30, тест 2023-10-01-2023-10-31
2026-01-19 10:09:39,079 - INFO -    Шаг 2: тренировка 2023-09-01-2023-10-30, тест 2023-10-31-2023-11-30
2026-01-19 10:09:39,079 - INFO -    Шаг 3: тренировка 2023-10-01-2023-11-29, тест 2023-11-30-2023-12-30
2026-01-19 10:09:39,079 - INFO -    Шаг 4: тренировка 2023-10-31-2023-12-29, тест 2023-12-30-2024-01-29
2026-01-19 10:09:39,079 - INFO -    Шаг 5: тренировка 2023-11-30-2024-01-28, тест 2024-01-29-2024-02-28
2026-01-19 10:09:39,079 - INFO - 🗂️ Consolidating price data for memory-mapped access...
2026-01-19 10:09:39,079 - INFO - 📊 Consolidating data range: 2023-07-28 → 2024-03-04
2026-01-19 10:09:39,079 - coint2.core.memory_optimization - INFO - 🔄 Consolidating price data from data_downloaded to .cache/consolidated_prices.parquet
2026-01-19 10:09:39,079 - INFO - ⇢ loading raw data for consolidation — start
2026-01-19 10:09:39,670 - INFO - ⇠ loading raw data for consolidation — done in 0.59s
2026-01-19 10:09:39,670 - INFO - ⇢ pivoting data to wide format — start
2026-01-19 10:09:43,768 - INFO - ⇠ pivoting data to wide format — done in 4.10s
2026-01-19 10:09:43,825 - coint2.core.memory_optimization - INFO - 📊 Consolidated data: 21121 rows × 346 symbols
2026-01-19 10:09:43,826 - coint2.core.memory_optimization - INFO - 💾 Memory usage: 29.4 MB
2026-01-19 10:09:43,826 - INFO - ⇢ writing consolidated Parquet file — start
2026-01-19 10:09:44,049 - INFO - ⇠ writing consolidated Parquet file — done in 0.22s
2026-01-19 10:09:44,050 - coint2.core.memory_optimization - INFO - ✅ Successfully consolidated data to .cache/consolidated_prices.parquet
2026-01-19 10:09:44,076 - coint2.core.memory_optimization - INFO - 🔄 Initializing memory-mapped price data from .cache/consolidated_prices.parquet
2026-01-19 10:09:44,076 - INFO - ⇢ loading memory-mapped data — start
2026-01-19 10:09:44,076 - coint2.core.memory_optimization - WARNING - ⚠️ memory_map не поддерживается в текущей версии pyarrow, fallback без mmap
2026-01-19 10:09:44,196 - INFO - ⇠ loading memory-mapped data — done in 0.12s
2026-01-19 10:09:44,205 - coint2.core.memory_optimization - INFO - 📊 Loaded 21121 rows × 346 symbols
2026-01-19 10:09:44,206 - coint2.core.memory_optimization - INFO - 💾 Memory usage: 29.4 MB (memory-mapped)
2026-01-19 10:09:44,207 - INFO - ✅ Memory-mapped data initialized successfully
2026-01-19 10:09:44,208 - INFO - ⇢ Walk-forward steps — starting 5 items
2026-01-19 10:09:44,208 - INFO - 📈 Инициализация equity кривой с первой тестовой даты: 2023-10-01 00:00:00
2026-01-19 10:09:44,209 - INFO - 🔍 WF-шаг 1/5: Валидация временных окон...
2026-01-19 10:09:44,209 - INFO - ⇢ WF-шаг 1/5: training 2023-08-02-2023-09-30, testing 2023-10-01-2023-10-31 — start
2026-01-19 10:09:44,209 - INFO - ⇢ loading step data — start
2026-01-19 10:09:44,360 - INFO - ⇠ loading step data — done in 0.15s
2026-01-19 10:09:45,713 - INFO - 📊 WF-шаг 1/5: Границы данных:
2026-01-19 10:09:45,713 - INFO -    Training: 2023-08-02 00:00:00 → 2023-09-30 23:45:00 (5,760 строк × 282 символов)
2026-01-19 10:09:45,713 - INFO -    Testing:  2023-10-01 00:00:00 → 2023-10-31 00:00:00 (2,881 строк × 282 символов)
2026-01-19 10:09:45,713 - INFO -    Временной разрыв: 0 days 00:15:00
2026-01-19 10:09:45,751 - INFO - ⇢ normalizing training data — start
2026-01-19 10:09:45,782 - INFO -   Символы с NaN значениями: 20
2026-01-19 10:09:45,782 - INFO -   Применяем метод нормализации: rolling_zscore
2026-01-19 10:09:45,795 - INFO - Символы с недостаточной историей: 20 из 282
2026-01-19 10:09:46,160 - INFO - Символы с NaN после нормализации: 262
2026-01-19 10:09:46,167 - INFO - Удалено 1 начальных строк с NaN от rolling расчетов
2026-01-19 10:09:46,170 - INFO - Итоговое количество символов после нормализации: 262 из 282
2026-01-19 10:09:46,170 - INFO -   Статистика нормализации:
2026-01-19 10:09:46,170 - INFO -     Исходные символы: 282
2026-01-19 10:09:46,170 - INFO -     Недостаточная история: 20
2026-01-19 10:09:46,170 - INFO -     Постоянная цена: 0
2026-01-19 10:09:46,170 - INFO -     NaN после нормализации: 262
2026-01-19 10:09:46,170 - INFO -     Итоговые символы: 262 (92.9%)
2026-01-19 10:09:46,170 - INFO -   После нормализации: 262 символов (потеряно 20)
2026-01-19 10:09:46,170 - INFO -   Отброшенные символы: ADAEUR, BEAMUSDT, BTCEUR, CYBERUSDT, DOGEEUR, ETHEUR, FETUSDT, JEFFUSDT, KASUSDT, KAVAUSDT, LTCEUR, ORDIUSDT, POLUSDT, PPTUSDT, PYUSDUSDT, SEIUSDT, SOLEUR, USDCEUR, XRPEUR, ZTXUSDT
2026-01-19 10:09:46,170 - INFO - ⇠ normalizing training data — done in 0.42s
2026-01-19 10:09:46,170 - INFO - ⇢ SSD computation — start
2026-01-19 10:09:46,170 - INFO -   Расчет SSD для всех пар (без ограничения)
2026-01-19 10:09:48,442 - INFO -   SSD результат (все пары): 34191 пар
2026-01-19 10:09:48,443 - INFO - ⇠ SSD computation — done in 2.27s
2026-01-19 10:09:48,451 - INFO - ⇢ filtering pairs by cointegration and half-life — start
2026-01-19 10:09:48,452 - INFO - [ФИЛЬТР] Параллельная фильтрация: processes (8 workers)
⚙️  Загрузка данных за период: 2023-07-28 -> 2024-03-04
📂 Найдено 43 parquet файлов для обработки.
📊 Схема данных: Schema({'timestamp': Int64, 'open': Float64, 'high': Float64, 'low': Float64, 'close': Float64, 'volume': Float64, 'turnover': String, 'ts_ms': Int64, 'symbol': String})
✅ Загружено 6226682 записей с помощью Polars.
📊 Типы данных в pandas: timestamp       datetime64[us]
symbol                  object
close                  float64
timestamp_ms             int64
dtype: object
⚙️  Загрузка данных за период: 2023-08-02 -> 2023-10-31
📂 Найдено 43 parquet файлов для обработки.
📊 Схема данных: Schema({'timestamp': Int64, 'open': Float64, 'high': Float64, 'low': Float64, 'close': Float64, 'volume': Float64, 'turnover': String, 'ts_ms': Int64, 'symbol': String})
✅ Загружено 2351056 записей с помощью Polars.
📊 Типы данных в pandas: timestamp       datetime64[us]
symbol                  object
close                  float64
timestamp_ms             int64
dtype: object
2026-01-19 10:11:58,484 - INFO - [ФИЛЬТР] После проверки данных: 34191 пар
2026-01-19 10:11:58,485 - INFO - [ФИЛЬТР] После фильтра корреляции (>0.5): 23244 пар
2026-01-19 10:11:58,485 - INFO - [ФИЛЬТР] После фильтра beta: 15381 пар
2026-01-19 10:11:58,485 - INFO - [ФИЛЬТР] После фильтра mean crossings: 15381 пар
2026-01-19 10:11:58,485 - INFO - [ФИЛЬТР] После фильтра half-life: 15299 пар
2026-01-19 10:11:58,485 - INFO - [ФИЛЬТР] После фильтра коинтеграции: 6408 пар
2026-01-19 10:11:58,485 - INFO - [ФИЛЬТР] После фильтра Hurst: 4410 пар
2026-01-19 10:11:58,485 - INFO - [ФИЛЬТР] После фильтра KPSS: 246 пар
2026-01-19 10:11:58,485 - INFO - [ФИЛЬТР] После фильтра market microstructure: 246 пар
2026-01-19 10:11:58,485 - INFO - [ФИЛЬТР] Статистика фильтрации (оптимизированный порядок):
2026-01-19 10:11:58,485 - INFO -   1. SSD → Коинтеграция: 34191 → 6408 пар
2026-01-19 10:11:58,485 - INFO -   2. Коинтеграция → Beta: 6408 → 15381 пар
2026-01-19 10:11:58,485 - INFO -   3. Beta → Half-life: 15381 → 15299 пар
2026-01-19 10:11:58,485 - INFO -   4. Half-life → Mean crossings: 15299 → 15381 пар
2026-01-19 10:11:58,485 - INFO -   5. Mean crossings → Hurst: 15381 → 4410 пар
2026-01-19 10:11:58,485 - INFO -   6. Hurst → KPSS: 4410 → 246 пар
2026-01-19 10:11:58,485 - INFO -   7. KPSS → Market microstructure: 246 → 246 пар
2026-01-19 10:11:58,485 - INFO - [ФИЛЬТР] Причины отсева:
2026-01-19 10:11:58,485 - INFO -   • low_correlation: 10947 пар (32.0%)
2026-01-19 10:11:58,485 - INFO -   • pvalue: 8891 пар (26.0%)
2026-01-19 10:11:58,485 - INFO -   • beta: 7863 пар (23.0%)
2026-01-19 10:11:58,485 - INFO -   • kpss: 4164 пар (12.2%)
2026-01-19 10:11:58,485 - INFO -   • hurst: 1998 пар (5.8%)
2026-01-19 10:11:58,485 - INFO -   • half_life: 82 пар (0.2%)
2026-01-19 10:11:58,485 - INFO - [ФИЛЬТР] Итого: 34191 → 246 пар (0.7% прошли все фильтры)
2026-01-19 10:11:58,536 - INFO - Причины отсева сохранены в results/filter_reasons_20260119_101158.csv
2026-01-19 10:11:58,542 - INFO -   Pair stability filter: insufficient history (0 < 1), skip
2026-01-19 10:11:58,543 - INFO -   Фильтрация: 34191 → 246 пар
2026-01-19 10:11:58,543 - INFO - ⇠ filtering pairs by cointegration and half-life — done in 130.09s
2026-01-19 10:11:58,543 - INFO - ⇠ WF-шаг 1/5: training 2023-08-02-2023-09-30, testing 2023-10-01-2023-10-31 — done in 134.33s
2026-01-19 10:11:58,543 - INFO -   Топ-3 пары по волатильности спреда:
2026-01-19 10:11:58,543 - INFO -     1. COMPUSDT-GMXUSDT: beta=1.0239, std=2.0031
2026-01-19 10:11:58,543 - INFO -     2. COMPUSDT-LTCUSDC: beta=0.8118, std=1.8132
2026-01-19 10:11:58,543 - INFO -     3. COMPUSDT-LTCUSDT: beta=0.8093, std=1.8119
2026-01-19 10:11:58,543 - INFO -   Всего пар для торговли: 246 (ограничение 15 применяется к одновременно открытым позициям)
2026-01-19 10:11:58,544 - INFO -   💰 Проверка расчета капитала: equity=$10,000.00, кандидатных_пар=246, max_позиций=15
2026-01-19 10:11:58,544 - INFO -   🎯 Target concurrency: 15 (ожидаемое одновременное число позиций)
2026-01-19 10:11:58,544 - INFO -   📊 Детали расчета капитала:
2026-01-19 10:11:58,544 - INFO -      • Базовый капитал на пару: $666.67 (equity / target_concurrency)
2026-01-19 10:11:58,544 - INFO -      • Риск-капитал: $150.00 (1.5% от equity)
2026-01-19 10:11:58,544 - INFO -      • Макс. размер позиции: $200.00 (2.0% от equity)
2026-01-19 10:11:58,544 - INFO -      • Итоговый капитал на пару: $150.00
2026-01-19 10:11:58,544 - INFO - ⇢ WF-шаг 1/5 backtests — starting 246 items
2026-01-19 10:11:58,544 - INFO - 🚀 WF-шаг 1/5: Начинаем бэктесты для 246 пар...
2026-01-19 10:11:58,544 - INFO - 🚀 WF-шаг 1/5: Запускаем параллельную обработку 246 пар на 8 ядрах...
2026-01-19 10:11:58,544 - INFO -   📊 Большой набор пар (246), ожидаемое время: ~9 мин
2026-01-19 10:11:58,544 - INFO -   🔄 Прогресс будет отображаться каждые 24 пар
2026-01-19 10:11:58,544 - INFO - 🚀 WF-шаг 1/5: Режим параллельности: процессы
2026-01-19 10:11:58,605 - coint2.engine.numba_engine - INFO - Запуск Numba-оптимизированного бэктеста для COMPUSDT-GMXUSDT
2026-01-19 10:11:58,624 - coint2.engine.numba_engine - INFO - Запуск Numba-оптимизированного бэктеста для COMPUSDT-LTCUSDC
2026-01-19 10:11:58,645 - coint2.engine.numba_engine - INFO - Запуск Numba-оптимизированного бэктеста для COMPUSDT-LTCUSDT
2026-01-19 10:11:58,674 - coint2.engine.numba_engine - INFO - Запуск Numba-оптимизированного бэктеста для RPLUSDT-SDUSDT
2026-01-19 10:11:58,688 - coint2.engine.numba_engine - INFO - Запуск Numba-оптимизированного бэктеста для TIMEUSDT-ZENUSDT
2026-01-19 10:11:58,696 - coint2.engine.numba_engine - INFO - Запуск Numba-оптимизированного бэктеста для TIMEUSDT-XRPUSDT
2026-01-19 10:11:58,708 - coint2.engine.numba_engine - INFO - Запуск Numba-оптимизированного бэктеста для TIMEUSDT-WAVESUSDT
2026-01-19 10:11:58,717 - coint2.engine.numba_engine - INFO - Запуск Numba-оптимизированного бэктеста для ETHUSDC-ETHUSDT
2026-01-19 10:11:58,722 - coint2.engine.numba_engine - INFO - Запуск Numba-оптимизированного бэктеста для APTUSDC-ARBUSDT
2026-01-19 10:11:58,734 - coint2.engine.numba_engine - INFO - Запуск Numba-оптимизированного бэктеста для KSMUSDT-STETHUSDT
2026-01-19 10:11:58,738 - coint2.engine.numba_engine - INFO - Запуск Numba-оптимизированного бэктеста для TIMEUSDT-UMAUSDT
2026-01-19 10:11:58,741 - coint2.engine.numba_engine - INFO - Запуск Numba-оптимизированного бэктеста для ARUSDT-XRPUSDT
2026-01-19 10:11:58,746 - coint2.engine.numba_engine - INFO - Запуск Numba-оптимизированного бэктеста для DOTUSDC-SDUSDT
2026-01-19 10:11:58,760 - coint2.engine.numba_engine - INFO - Запуск Numba-оптимизированного бэктеста для TIMEUSDT-XRPUSDC
2026-01-19 10:11:58,765 - coint2.engine.numba_engine - INFO - Запуск Numba-оптимизированного бэктеста для AXSUSDT-GMTUSDT
2026-01-19 10:11:58,769 - coint2.engine.numba_engine - INFO - Запуск Numba-оптимизированного бэктеста для INTERUSDT-LUNAUSDT
2026-01-19 10:11:58,769 - coint2.engine.numba_engine - INFO - Запуск Numba-оптимизированного бэктеста для ETCUSDT-XRPUSDT
2026-01-19 10:11:58,777 - coint2.engine.numba_engine - INFO - Запуск Numba-оптимизированного бэктеста для ARUSDT-MASKUSDT
2026-01-19 10:11:58,786 - coint2.engine.numba_engine - INFO - Запуск Numba-оптимизированного бэктеста для ETCUSDT-XRPUSDC
2026-01-19 10:11:58,792 - coint2.engine.numba_engine - INFO - Запуск Numba-оптимизированного бэктеста для SNXUSDT-SOLOUSDT
2026-01-19 10:11:58,792 - coint2.engine.numba_engine - INFO - Запуск Numba-оптимизированного бэктеста для INTERUSDT-SOLOUSDT
2026-01-19 10:11:58,793 - coint2.engine.numba_engine - INFO - Запуск Numba-оптимизированного бэктеста для ARUSDT-MANAUSDT
2026-01-19 10:11:58,794 - coint2.engine.numba_engine - INFO - Запуск Numba-оптимизированного бэктеста для APTUSDT-ARBUSDC
2026-01-19 10:11:58,813 - coint2.engine.numba_engine - INFO - Запуск Numba-оптимизированного бэктеста для ARUSDT-MANAUSDC
2026-01-19 10:11:58,816 - coint2.engine.numba_engine - INFO - Запуск Numba-оптимизированного бэктеста для APEUSDC-PSTAKEUSDT
2026-01-19 10:11:58,816 - coint2.engine.numba_engine - INFO - Запуск Numba-оптимизированного бэктеста для HNTUSDT-MDAOUSDT
2026-01-19 10:11:58,817 - coint2.engine.numba_engine - INFO - Запуск Numba-оптимизированного бэктеста для AXSUSDT-UNIUSDT
2026-01-19 10:11:58,819 - coint2.engine.numba_engine - INFO - Запуск Numba-оптимизированного бэктеста для INTERUSDT-WAXPUSDT
2026-01-19 10:11:58,819 - coint2.engine.numba_engine - INFO - Запуск Numba-оптимизированного бэктеста для APTUSDC-ARBUSDC
2026-01-19 10:11:58,828 - coint2.engine.numba_engine - INFO - Запуск Numba-оптимизированного бэктеста для AXSUSDT-GMTUSDC
2026-01-19 10:11:58,839 - coint2.engine.numba_engine - INFO - Запуск Numba-оптимизированного бэктеста для HNTUSDT-SDUSDT
2026-01-19 10:11:58,839 - coint2.engine.numba_engine - INFO - Запуск Numba-оптимизированного бэктеста для INTERUSDT-XRPUSDT
2026-01-19 10:11:58,840 - coint2.engine.numba_engine - INFO - Запуск Numba-оптимизированного бэктеста для AXSUSDT-SANDUSDT
2026-01-19 10:11:58,840 - coint2.engine.numba_engine - INFO - Запуск Numba-оптимизированного бэктеста для INTERUSDT-KSMUSDT
2026-01-19 10:11:58,843 - coint2.engine.numba_engine - INFO - Запуск Numba-оптимизированного бэктеста для ARUSDT-FILUSDT
2026-01-19 10:11:58,845 - coint2.engine.numba_engine - INFO - Запуск Numba-оптимизированного бэктеста для MASKUSDT-XRPUSDC
2026-01-19 10:11:58,853 - coint2.engine.numba_engine - INFO - Запуск Numba-оптимизированного бэктеста для APTUSDT-ARBUSDT
2026-01-19 10:11:58,862 - coint2.engine.numba_engine - INFO - Запуск Numba-оптимизированного бэктеста для INTERUSDT-ZILUSDT
2026-01-19 10:11:58,862 - coint2.engine.numba_engine - INFO - Запуск Numba-оптимизированного бэктеста для AFCUSDT-ICPUSDC
2026-01-19 10:11:58,862 - coint2.engine.numba_engine - INFO - Запуск Numba-оптимизированного бэктеста для INTERUSDT-STXUSDT
2026-01-19 10:11:58,864 - coint2.engine.numba_engine - INFO - Запуск Numba-оптимизированного бэктеста для INTERUSDT-ZENUSDT
2026-01-19 10:11:58,866 - coint2.engine.numba_engine - INFO - Запуск Numba-оптимизированного бэктеста для AXSUSDT-SANDUSDC
2026-01-19 10:11:58,870 - coint2.engine.numba_engine - INFO - Запуск Numba-оптимизированного бэктеста для INTERUSDT-UMAUSDT
2026-01-19 10:11:58,875 - coint2.engine.numba_engine - INFO - Запуск Numba-оптимизированного бэктеста для INTERUSDT-XRPUSDC
2026-01-19 10:11:58,877 - coint2.engine.numba_engine - INFO - Запуск Numba-оптимизированного бэктеста для DOTUSDT-SDUSDT
2026-01-19 10:11:58,885 - coint2.engine.numba_engine - INFO - Запуск Numba-оптимизированного бэктеста для PSGUSDT-SDUSDT
2026-01-19 10:11:58,886 - coint2.engine.numba_engine - INFO - Запуск Numba-оптимизированного бэктеста для AFCUSDT-VPADUSDT
2026-01-19 10:11:58,886 - coint2.engine.numba_engine - INFO - Запуск Numba-оптимизированного бэктеста для HNTUSDT-VPADUSDT
2026-01-19 10:11:58,890 - coint2.engine.numba_engine - INFO - Запуск Numba-оптимизированного бэктеста для INTERUSDT-ROSEUSDT
2026-01-19 10:11:58,891 - coint2.engine.numba_engine - INFO - Запуск Numba-оптимизированного бэктеста для INTERUSDT-LTCUSDC
2026-01-19 10:11:58,893 - coint2.engine.numba_engine - INFO - Запуск Numba-оптимизированного бэктеста для AFCUSDT-ICPUSDT
2026-01-19 10:11:58,899 - coint2.engine.numba_engine - INFO - Запуск Numba-оптимизированного бэктеста для INTERUSDT-THETAUSDT
2026-01-19 10:11:58,908 - coint2.engine.numba_engine - INFO - Запуск Numba-оптимизированного бэктеста для INTERUSDT-WAVESUSDT
2026-01-19 10:11:58,908 - coint2.engine.numba_engine - INFO - Запуск Numba-оптимизированного бэктеста для INTERUSDT-MANAUSDT
2026-01-19 10:11:58,909 - coint2.engine.numba_engine - INFO - Запуск Numba-оптимизированного бэктеста для ETHWUSDT-XTZUSDT
2026-01-19 10:11:58,912 - coint2.engine.numba_engine - INFO - Запуск Numba-оптимизированного бэктеста для INTERUSDT-LTCUSDT
2026-01-19 10:11:58,915 - coint2.engine.numba_engine - INFO - Запуск Numba-оптимизированного бэктеста для INTERUSDT-MANAUSDC
2026-01-19 10:11:58,918 - coint2.engine.numba_engine - INFO - Запуск Numba-оптимизированного бэктеста для CITYUSDT-DOTUSDC
2026-01-19 10:11:58,922 - coint2.engine.numba_engine - INFO - Запуск Numba-оптимизированного бэктеста для INTERUSDT-SNXUSDT
2026-01-19 10:11:58,923 - coint2.engine.numba_engine - INFO - Запуск Numba-оптимизированного бэктеста для INTERUSDT-QTUMUSDT
2026-01-19 10:11:58,931 - coint2.engine.numba_engine - INFO - Запуск Numba-оптимизированного бэктеста для SUSHIUSDT-USTCUSDT
2026-01-19 10:11:58,931 - coint2.engine.numba_engine - INFO - Запуск Numba-оптимизированного бэктеста для INTERUSDT-USTCUSDT
2026-01-19 10:11:58,931 - coint2.engine.numba_engine - INFO - Запуск Numba-оптимизированного бэктеста для AFCUSDT-AVAXUSDT
2026-01-19 10:11:58,935 - coint2.engine.numba_engine - INFO - Запуск Numba-оптимизированного бэктеста для DYDXUSDT-QNTUSDT
2026-01-19 10:11:58,938 - coint2.engine.numba_engine - INFO - Запуск Numba-оптимизированного бэктеста для PSGUSDT-VPADUSDT
2026-01-19 10:11:58,941 - coint2.engine.numba_engine - INFO - Запуск Numba-оптимизированного бэктеста для BELUSDT-FTTUSDT
2026-01-19 10:11:58,945 - coint2.engine.numba_engine - INFO - Запуск Numba-оптимизированного бэктеста для APEUSDT-PSTAKEUSDT
2026-01-19 10:11:58,954 - coint2.engine.numba_engine - INFO - Запуск Numba-оптимизированного бэктеста для QTUMUSDT-STXUSDT
2026-01-19 10:11:58,954 - coint2.engine.numba_engine - INFO - Запуск Numba-оптимизированного бэктеста для ARKMUSDT-IZIUSDT
2026-01-19 10:11:58,957 - coint2.engine.numba_engine - INFO - Запуск Numba-оптимизированного бэктеста для AFCUSDT-DOTUSDC
2026-01-19 10:11:58,958 - coint2.engine.numba_engine - INFO - Запуск Numba-оптимизированного бэктеста для OPUSDC-VPADUSDT
2026-01-19 10:11:58,961 - coint2.engine.numba_engine - INFO - Запуск Numba-оптимизированного бэктеста для AFCUSDT-DOTUSDT
2026-01-19 10:11:58,964 - coint2.engine.numba_engine - INFO - Запуск Numba-оптимизированного бэктеста для ARKMUSDT-SOLUSDT
2026-01-19 10:11:58,967 - coint2.engine.numba_engine - INFO - Запуск Numba-оптимизированного бэктеста для INTERUSDT-MASKUSDT
2026-01-19 10:11:58,971 - coint2.engine.numba_engine - INFO - Запуск Numba-оптимизированного бэктеста для MASKUSDT-XRPUSDT
2026-01-19 10:11:58,977 - coint2.engine.numba_engine - INFO - Запуск Numba-оптимизированного бэктеста для SDUSDT-VPADUSDT
2026-01-19 10:11:58,977 - coint2.engine.numba_engine - INFO - Запуск Numba-оптимизированного бэктеста для ETHWUSDT-GMTUSDT
2026-01-19 10:11:58,981 - coint2.engine.numba_engine - INFO - Запуск Numba-оптимизированного бэктеста для AFCUSDT-MDAOUSDT
2026-01-19 10:11:58,983 - coint2.engine.numba_engine - INFO - Запуск Numba-оптимизированного бэктеста для CITYUSDT-JUVUSDT
2026-01-19 10:11:58,985 - coint2.engine.numba_engine - INFO - Запуск Numba-оптимизированного бэктеста для NEARUSDT-RPLUSDT
2026-01-19 10:11:58,990 - coint2.engine.numba_engine - INFO - Запуск Numba-оптимизированного бэктеста для OPUSDT-VPADUSDT
2026-01-19 10:11:59,000 - coint2.engine.numba_engine - INFO - Запуск Numba-оптимизированного бэктеста для ARKMUSDT-CITYUSDT
2026-01-19 10:11:59,000 - coint2.engine.numba_engine - INFO - Запуск Numba-оптимизированного бэктеста для HFTUSDC-RPLUSDT
2026-01-19 10:11:59,005 - coint2.engine.numba_engine - INFO - Запуск Numba-оптимизированного бэктеста для ARKMUSDT-OMGUSDT
2026-01-19 10:11:59,007 - coint2.engine.numba_engine - INFO - Запуск Numba-оптимизированного бэктеста для ETHWUSDT-SANDUSDT
2026-01-19 10:11:59,010 - coint2.engine.numba_engine - INFO - Запуск Numba-оптимизированного бэктеста для ETHWUSDT-SANDUSDC
2026-01-19 10:11:59,010 - WARNING - ❌ Ошибка обработки пары ARKMUSDT-CITYUSDT: division by zero
2026-01-19 10:11:59,013 - coint2.engine.numba_engine - INFO - Запуск Numba-оптимизированного бэктеста для AFCUSDT-CITYUSDT
2026-01-19 10:11:59,015 - coint2.engine.numba_engine - INFO - Запуск Numba-оптимизированного бэктеста для UMAUSDT-XRPUSDC
2026-01-19 10:11:59,016 - coint2.engine.numba_engine - INFO - Запуск Numba-оптимизированного бэктеста для INTERUSDT-XEMUSDT
2026-01-19 10:11:59,020 - coint2.engine.numba_engine - INFO - Запуск Numba-оптимизированного бэктеста для SUSHIUSDT-UMAUSDT
2026-01-19 10:11:59,022 - WARNING - ❌ Ошибка обработки пары AFCUSDT-CITYUSDT: division by zero
2026-01-19 10:11:59,023 - coint2.engine.numba_engine - INFO - Запуск Numba-оптимизированного бэктеста для BICOUSDT-WAXPUSDT
2026-01-19 10:11:59,033 - coint2.engine.numba_engine - INFO - Запуск Numba-оптимизированного бэктеста для UMAUSDT-XRPUSDT
2026-01-19 10:11:59,036 - coint2.engine.numba_engine - INFO - Запуск Numba-оптимизированного бэктеста для ARKMUSDT-OPUSDC
2026-01-19 10:11:59,036 - coint2.engine.numba_engine - INFO - Запуск Numba-оптимизированного бэктеста для ARKMUSDT-OPUSDT
2026-01-19 10:11:59,047 - coint2.engine.numba_engine - INFO - Запуск Numba-оптимизированного бэктеста для OMGUSDT-RDNTUSDT
2026-01-19 10:11:59,054 - coint2.engine.numba_engine - INFO - Запуск Numba-оптимизированного бэктеста для HFTUSDT-SFUNDUSDT
2026-01-19 10:11:59,056 - coint2.engine.numba_engine - INFO - Запуск Numba-оптимизированного бэктеста для CAKEUSDT-VPADUSDT
2026-01-19 10:11:59,057 - coint2.engine.numba_engine - INFO - Запуск Numba-оптимизированного бэктеста для BICOUSDT-IMXUSDT
2026-01-19 10:11:59,060 - coint2.engine.numba_engine - INFO - Запуск Numba-оптимизированного бэктеста для CRVUSDT-PIPUSDT
2026-01-19 10:11:59,065 - coint2.engine.numba_engine - INFO - Запуск Numba-оптимизированного бэктеста для AFCUSDT-AVAXUSDC
2026-01-19 10:11:59,065 - coint2.engine.numba_engine - INFO - Запуск Numba-оптимизированного бэктеста для NEARUSDT-XTZUSDT
2026-01-19 10:11:59,070 - coint2.engine.numba_engine - INFO - Запуск Numba-оптимизированного бэктеста для 1INCHUSDT-SCUSDT
2026-01-19 10:11:59,072 - coint2.engine.numba_engine - INFO - Запуск Numba-оптимизированного бэктеста для SFUNDUSDT-VPADUSDT
2026-01-19 10:11:59,078 - coint2.engine.numba_engine - INFO - Запуск Numba-оптимизированного бэктеста для HFTUSDT-JUVUSDT
2026-01-19 10:11:59,089 - coint2.engine.numba_engine - INFO - Запуск Numba-оптимизированного бэктеста для HFTUSDT-PSGUSDT
2026-01-19 10:11:59,091 - coint2.engine.numba_engine - INFO - Запуск Numba-оптимизированного бэктеста для ARKMUSDT-PSGUSDT
2026-01-19 10:11:59,093 - coint2.engine.numba_engine - INFO - Запуск Numba-оптимизированного бэктеста для RSS3USDT-TWTUSDT
2026-01-19 10:11:59,101 - coint2.engine.numba_engine - INFO - Запуск Numba-оптимизированного бэктеста для HFTUSDT-SUIUSDC
2026-01-19 10:11:59,104 - coint2.engine.numba_engine - INFO - Запуск Numba-оптимизированного бэктеста для HFTUSDT-RPLUSDT
2026-01-19 10:11:59,106 - coint2.engine.numba_engine - INFO - Запуск Numba-оптимизированного бэктеста для ARKMUSDT-NEXOUSDT
2026-01-19 10:11:59,112 - coint2.engine.numba_engine - INFO - Запуск Numba-оптимизированного бэктеста для THETAUSDT-XRPUSDT
2026-01-19 10:11:59,114 - coint2.engine.numba_engine - INFO - Запуск Numba-оптимизированного бэктеста для CITYUSDT-DOTUSDT
2026-01-19 10:11:59,117 - coint2.engine.numba_engine - INFO - Запуск Numba-оптимизированного бэктеста для CELOUSDT-SCUSDT
2026-01-19 10:11:59,121 - coint2.engine.numba_engine - INFO - Запуск Numba-оптимизированного бэктеста для HFTUSDC-SFUNDUSDT
2026-01-19 10:11:59,128 - coint2.engine.numba_engine - INFO - Запуск Numba-оптимизированного бэктеста для HFTUSDT-MOVRUSDT
2026-01-19 10:11:59,130 - coint2.engine.numba_engine - INFO - Запуск Numba-оптимизированного бэктеста для RSS3USDT-SOLUSDT
2026-01-19 10:11:59,134 - coint2.engine.numba_engine - INFO - Запуск Numba-оптимизированного бэктеста для HFTUSDC-SUIUSDC
2026-01-19 10:11:59,139 - coint2.engine.numba_engine - INFO - Запуск Numba-оптимизированного бэктеста для OMGUSDT-UNIUSDT
2026-01-19 10:11:59,149 - coint2.engine.numba_engine - INFO - Запуск Numba-оптимизированного бэктеста для BICOUSDT-ROSEUSDT
2026-01-19 10:11:59,156 - coint2.engine.numba_engine - INFO - Запуск Numba-оптимизированного бэктеста для STXUSDT-THETAUSDT
2026-01-19 10:11:59,158 - coint2.engine.numba_engine - INFO - Запуск Numba-оптимизированного бэктеста для CTCUSDT-SDUSDT
2026-01-19 10:11:59,162 - coint2.engine.numba_engine - INFO - Запуск Numba-оптимизированного бэктеста для ETHWUSDT-GMTUSDC
2026-01-19 10:11:59,164 - coint2.engine.numba_engine - INFO - Запуск Numba-оптимизированного бэктеста для BICOUSDT-ICXUSDT
2026-01-19 10:11:59,169 - coint2.engine.numba_engine - INFO - Запуск Numba-оптимизированного бэктеста для FLOWUSDT-MASKUSDT
2026-01-19 10:11:59,170 - coint2.engine.numba_engine - INFO - Запуск Numba-оптимизированного бэктеста для HFTUSDC-JUVUSDT
2026-01-19 10:11:59,184 - coint2.engine.numba_engine - INFO - Запуск Numba-оптимизированного бэктеста для BATUSDT-COMPUSDT
2026-01-19 10:11:59,186 - coint2.engine.numba_engine - INFO - Запуск Numba-оптимизированного бэктеста для BICOUSDT-CRVUSDT
2026-01-19 10:11:59,195 - coint2.engine.numba_engine - INFO - Запуск Numba-оптимизированного бэктеста для ENJUSDT-XTZUSDT
2026-01-19 10:11:59,198 - coint2.engine.numba_engine - INFO - Запуск Numba-оптимизированного бэктеста для CELOUSDT-ZRXUSDT
2026-01-19 10:11:59,206 - coint2.engine.numba_engine - INFO - Запуск Numba-оптимизированного бэктеста для HFTUSDC-PSGUSDT
2026-01-19 10:11:59,209 - coint2.engine.numba_engine - INFO - Запуск Numba-оптимизированного бэктеста для CTCUSDT-ICPUSDT
2026-01-19 10:11:59,210 - coint2.engine.numba_engine - INFO - Запуск Numba-оптимизированного бэктеста для ARKMUSDT-SOLUSDC
2026-01-19 10:11:59,216 - coint2.engine.numba_engine - INFO - Запуск Numba-оптимизированного бэктеста для HFTUSDT-SUIUSDT
2026-01-19 10:11:59,219 - coint2.engine.numba_engine - INFO - Запуск Numba-оптимизированного бэктеста для RSS3USDT-SCRTUSDT
2026-01-19 10:11:59,228 - coint2.engine.numba_engine - INFO - Запуск Numba-оптимизированного бэктеста для ADAUSDC-PSGUSDT
2026-01-19 10:11:59,245 - coint2.engine.numba_engine - INFO - Запуск Numba-оптимизированного бэктеста для RDNTUSDT-UNIUSDT
2026-01-19 10:11:59,246 - coint2.engine.numba_engine - INFO - Запуск Numba-оптимизированного бэктеста для CTCUSDT-DOTUSDC
2026-01-19 10:11:59,249 - coint2.engine.numba_engine - INFO - Запуск Numba-оптимизированного бэктеста для BICOUSDT-USTCUSDT
2026-01-19 10:11:59,256 - coint2.engine.numba_engine - INFO - Запуск Numba-оптимизированного бэктеста для RSS3USDT-SFUNDUSDT
2026-01-19 10:11:59,259 - coint2.engine.numba_engine - INFO - Запуск Numba-оптимизированного бэктеста для ARKMUSDT-SFUNDUSDT
2026-01-19 10:11:59,263 - coint2.engine.numba_engine - INFO - Запуск Numba-оптимизированного бэктеста для NEXOUSDT-PSGUSDT
2026-01-19 10:11:59,269 - coint2.engine.numba_engine - INFO - Запуск Numba-оптимизированного бэктеста для MANAUSDC-XRPUSDC
2026-01-19 10:11:59,279 - coint2.engine.numba_engine - INFO - Запуск Numba-оптимизированного бэктеста для BATUSDT-LTCUSDC
2026-01-19 10:11:59,296 - coint2.engine.numba_engine - INFO - Запуск Numba-оптимизированного бэктеста для RSS3USDT-SDUSDT
2026-01-19 10:11:59,296 - coint2.engine.numba_engine - INFO - Запуск Numba-оптимизированного бэктеста для MANAUSDC-XRPUSDT
2026-01-19 10:11:59,299 - coint2.engine.numba_engine - INFO - Запуск Numba-оптимизированного бэктеста для HFTUSDC-SUIUSDT
2026-01-19 10:11:59,301 - coint2.engine.numba_engine - INFO - Запуск Numba-оптимизированного бэктеста для HFTUSDT-VPADUSDT
2026-01-19 10:11:59,305 - coint2.engine.numba_engine - INFO - Запуск Numba-оптимизированного бэктеста для RSS3USDT-SOLUSDC
2026-01-19 10:11:59,311 - coint2.engine.numba_engine - INFO - Запуск Numba-оптимизированного бэктеста для C98USDT-SSVUSDT
2026-01-19 10:11:59,321 - coint2.engine.numba_engine - INFO - Запуск Numba-оптимизированного бэктеста для BATUSDT-FIDAUSDT
2026-01-19 10:11:59,328 - coint2.engine.numba_engine - INFO - Запуск Numba-оптимизированного бэктеста для FORTUSDT-SFUNDUSDT
2026-01-19 10:11:59,345 - coint2.engine.numba_engine - INFO - Запуск Numba-оптимизированного бэктеста для WOOUSDT-XRPUSDC
2026-01-19 10:11:59,347 - coint2.engine.numba_engine - INFO - Запуск Numba-оптимизированного бэктеста для CTCUSDT-ICPUSDC
2026-01-19 10:11:59,348 - coint2.engine.numba_engine - INFO - Запуск Numba-оптимизированного бэктеста для RSS3USDT-UNIUSDT
2026-01-19 10:11:59,350 - coint2.engine.numba_engine - INFO - Запуск Numba-оптимизированного бэктеста для RSS3USDT-RVNUSDT
2026-01-19 10:11:59,351 - coint2.engine.numba_engine - INFO - Запуск Numba-оптимизированного бэктеста для THETAUSDT-XRPUSDC
2026-01-19 10:11:59,357 - coint2.engine.numba_engine - INFO - Запуск Numba-оптимизированного бэктеста для C98USDT-HOOKUSDT
2026-01-19 10:11:59,376 - coint2.engine.numba_engine - INFO - Запуск Numba-оптимизированного бэктеста для FORTUSDT-VPADUSDT
2026-01-19 10:11:59,377 - coint2.engine.numba_engine - INFO - Запуск Numba-оптимизированного бэктеста для ALGOUSDT-ROSEUSDT
2026-01-19 10:11:59,397 - coint2.engine.numba_engine - INFO - Запуск Numba-оптимизированного бэктеста для ADAUSDC-GSTUSDT
2026-01-19 10:11:59,398 - coint2.engine.numba_engine - INFO - Запуск Numba-оптимизированного бэктеста для BICOUSDT-ZILUSDT
2026-01-19 10:11:59,398 - coint2.engine.numba_engine - INFO - Запуск Numba-оптимизированного бэктеста для ENJUSDT-NEARUSDT
2026-01-19 10:11:59,399 - coint2.engine.numba_engine - INFO - Запуск Numba-оптимизированного бэктеста для WOOUSDT-XTZUSDT
2026-01-19 10:11:59,401 - coint2.engine.numba_engine - INFO - Запуск Numba-оптимизированного бэктеста для FORTUSDT-HNTUSDT
2026-01-19 10:11:59,405 - coint2.engine.numba_engine - INFO - Запуск Numba-оптимизированного бэктеста для SANDUSDT-UNIUSDT
2026-01-19 10:11:59,423 - coint2.engine.numba_engine - INFO - Запуск Numba-оптимизированного бэктеста для MVUSDT-OPUSDT
2026-01-19 10:11:59,426 - coint2.engine.numba_engine - INFO - Запуск Numba-оптимизированного бэктеста для FORTUSDT-TWTUSDT
2026-01-19 10:11:59,445 - coint2.engine.numba_engine - INFO - Запуск Numba-оптимизированного бэктеста для FORTUSDT-ICPUSDC
2026-01-19 10:11:59,445 - coint2.engine.numba_engine - INFO - Запуск Numba-оптимизированного бэктеста для ADAUSDT-PSGUSDT
2026-01-19 10:11:59,446 - coint2.engine.numba_engine - INFO - Запуск Numba-оптимизированного бэктеста для RSS3USDT-XTZUSDT
2026-01-19 10:11:59,450 - coint2.engine.numba_engine - INFO - Запуск Numba-оптимизированного бэктеста для HFTUSDC-MOVRUSDT
2026-01-19 10:11:59,450 - coint2.engine.numba_engine - INFO - Запуск Numba-оптимизированного бэктеста для BATUSDT-THETAUSDT
2026-01-19 10:11:59,451 - coint2.engine.numba_engine - INFO - Запуск Numba-оптимизированного бэктеста для FORTUSDT-SDUSDT
2026-01-19 10:11:59,484 - coint2.engine.numba_engine - INFO - Запуск Numba-оптимизированного бэктеста для HVHUSDT-TRVLUSDT
2026-01-19 10:11:59,484 - coint2.engine.numba_engine - INFO - Запуск Numba-оптимизированного бэктеста для XDCUSDT-XTZUSDT
2026-01-19 10:11:59,490 - coint2.engine.numba_engine - INFO - Запуск Numba-оптимизированного бэктеста для SANDUSDC-UNIUSDT
2026-01-19 10:11:59,494 - coint2.engine.numba_engine - INFO - Запуск Numba-оптимизированного бэктеста для ALGOUSDT-IMXUSDT
2026-01-19 10:11:59,495 - coint2.engine.numba_engine - INFO - Запуск Numba-оптимизированного бэктеста для BATUSDT-LTCUSDT
2026-01-19 10:11:59,496 - coint2.engine.numba_engine - INFO - Запуск Numba-оптимизированного бэктеста для FORTUSDT-PSGUSDT
2026-01-19 10:11:59,501 - coint2.engine.numba_engine - INFO - Запуск Numba-оптимизированного бэктеста для BATUSDT-QTUMUSDT
2026-01-19 10:11:59,504 - coint2.engine.numba_engine - INFO - 🔍 ДИАГНОСТИКА HVHUSDT-TRVLUSDT:
2026-01-19 10:11:59,505 - coint2.engine.numba_engine - INFO -    entry_threshold: 0.85
2026-01-19 10:11:59,505 - coint2.engine.numba_engine - INFO -    exit_threshold: 0.12
2026-01-19 10:11:59,505 - coint2.engine.numba_engine - INFO -    Макс |z_score|: 15.2098
2026-01-19 10:11:59,505 - coint2.engine.numba_engine - INFO -    Позиций != 0: 30
2026-01-19 10:11:59,505 - coint2.engine.numba_engine - INFO -    Изменений позиций: 61
2026-01-19 10:11:59,505 - coint2.engine.numba_engine - INFO -    PnL сумма: 0.9565
2026-01-19 10:11:59,506 - coint2.engine.numba_engine - INFO -    Первые 10 z_scores: [-0.61579406  0.6302799   1.1688535   0.7469521  -0.72340673 -0.31277937
 -0.20099755  0.10098089  0.76779455  0.661367  ]
2026-01-19 10:11:59,506 - coint2.engine.numba_engine - INFO -    Превышают порог: 1496
2026-01-19 10:11:59,507 - coint2.engine.numba_engine - INFO - Запуск Numba-оптимизированного бэктеста для CTCUSDT-VPADUSDT
2026-01-19 10:11:59,532 - coint2.engine.numba_engine - INFO - Запуск Numba-оптимизированного бэктеста для WAXPUSDT-ZILUSDT
2026-01-19 10:11:59,539 - coint2.engine.numba_engine - INFO - Запуск Numba-оптимизированного бэктеста для MVUSDT-SUIUSDC
2026-01-19 10:11:59,539 - coint2.engine.numba_engine - INFO - Запуск Numba-оптимизированного бэктеста для BATUSDT-UMAUSDT
2026-01-19 10:11:59,539 - coint2.engine.numba_engine - INFO - Запуск Numba-оптимизированного бэктеста для MVUSDT-NEARUSDT
2026-01-19 10:11:59,542 - coint2.engine.numba_engine - INFO - Запуск Numba-оптимизированного бэктеста для GMTUSDT-UNIUSDT
2026-01-19 10:11:59,542 - coint2.engine.numba_engine - INFO - Запуск Numba-оптимизированного бэктеста для ALGOUSDT-WAXPUSDT
2026-01-19 10:11:59,549 - coint2.engine.numba_engine - INFO - Запуск Numba-оптимизированного бэктеста для RSS3USDT-XAVAUSDT
2026-01-19 10:11:59,565 - coint2.engine.numba_engine - INFO - Запуск Numba-оптимизированного бэктеста для FORTUSDT-ICPUSDT
2026-01-19 10:11:59,567 - WARNING - ❌ Ошибка обработки пары RSS3USDT-XAVAUSDT: division by zero
2026-01-19 10:11:59,579 - coint2.engine.numba_engine - INFO - Запуск Numba-оптимизированного бэктеста для PEOPLEUSDT-THETAUSDT
2026-01-19 10:11:59,584 - coint2.engine.numba_engine - INFO - Запуск Numba-оптимизированного бэктеста для EVERUSDT-PSGUSDT
2026-01-19 10:11:59,589 - coint2.engine.numba_engine - INFO - Запуск Numba-оптимизированного бэктеста для FORTUSDT-PSTAKEUSDT
2026-01-19 10:11:59,590 - coint2.engine.numba_engine - INFO - Запуск Numba-оптимизированного бэктеста для MVUSDT-TWTUSDT
2026-01-19 10:11:59,591 - coint2.engine.numba_engine - INFO - Запуск Numba-оптимизированного бэктеста для MANAUSDT-XRPUSDT
2026-01-19 10:11:59,593 - coint2.engine.numba_engine - INFO - Запуск Numba-оптимизированного бэктеста для MVUSDT-OPUSDC
2026-01-19 10:11:59,597 - coint2.engine.numba_engine - INFO - Запуск Numba-оптимизированного бэктеста для DOGEUSDT-TELUSDT
2026-01-19 10:11:59,612 - coint2.engine.numba_engine - INFO - Запуск Numba-оптимизированного бэктеста для ICXUSDT-WAXPUSDT
2026-01-19 10:11:59,629 - coint2.engine.numba_engine - INFO - Запуск Numba-оптимизированного бэктеста для SUNUSDT-ZRXUSDT
2026-01-19 10:11:59,634 - coint2.engine.numba_engine - INFO - Запуск Numba-оптимизированного бэктеста для DOGEUSDT-ETHWUSDT
2026-01-19 10:11:59,637 - coint2.engine.numba_engine - INFO - Запуск Numba-оптимизированного бэктеста для ADAUSDC-RPLUSDT
2026-01-19 10:11:59,638 - coint2.engine.numba_engine - INFO - Запуск Numba-оптимизированного бэктеста для EVERUSDT-JUVUSDT
2026-01-19 10:11:59,639 - coint2.engine.numba_engine - INFO - Запуск Numba-оптимизированного бэктеста для MVUSDT-SFUNDUSDT
2026-01-19 10:11:59,642 - coint2.engine.numba_engine - INFO - Запуск Numba-оптимизированного бэктеста для ROSEUSDT-USTCUSDT
2026-01-19 10:11:59,646 - coint2.engine.numba_engine - INFO - Запуск Numba-оптимизированного бэктеста для FORTUSDT-JUVUSDT
2026-01-19 10:11:59,661 - coint2.engine.numba_engine - INFO - Запуск Numba-оптимизированного бэктеста для MVUSDT-PSGUSDT
2026-01-19 10:11:59,678 - coint2.engine.numba_engine - INFO - Запуск Numba-оптимизированного бэктеста для RACAUSDT-VPADUSDT
2026-01-19 10:11:59,682 - coint2.engine.numba_engine - INFO - Запуск Numba-оптимизированного бэктеста для DAIUSDT-LTCBTC
2026-01-19 10:11:59,684 - coint2.engine.numba_engine - INFO - Запуск Numba-оптимизированного бэктеста для OASUSDT-TRVLUSDT
2026-01-19 10:11:59,684 - coint2.engine.numba_engine - INFO - Запуск Numba-оптимизированного бэктеста для ADAUSDC-CITYUSDT
2026-01-19 10:11:59,686 - coint2.engine.numba_engine - INFO - Запуск Numba-оптимизированного бэктеста для KASTAUSDT-XETAUSDT
2026-01-19 10:11:59,690 - coint2.engine.numba_engine - INFO - Запуск Numba-оптимизированного бэктеста для DAIUSDT-XRPUSDC
2026-01-19 10:11:59,691 - coint2.engine.numba_engine - INFO - Запуск Numba-оптимизированного бэктеста для ALGOUSDT-USTCUSDT
2026-01-19 10:11:59,704 - WARNING - ❌ Ошибка обработки пары ADAUSDC-CITYUSDT: division by zero
2026-01-19 10:11:59,709 - coint2.engine.numba_engine - INFO - Запуск Numba-оптимизированного бэктеста для DOGEUSDC-TELUSDT
2026-01-19 10:11:59,724 - coint2.engine.numba_engine - INFO - Запуск Numba-оптимизированного бэктеста для BATUSDT-PEOPLEUSDT
2026-01-19 10:11:59,731 - coint2.engine.numba_engine - INFO - Запуск Numba-оптимизированного бэктеста для ACSUSDT-MCRTUSDT
2026-01-19 10:11:59,732 - coint2.engine.numba_engine - INFO - Запуск Numba-оптимизированного бэктеста для ROSEUSDT-XEMUSDT
2026-01-19 10:11:59,733 - coint2.engine.numba_engine - INFO - Запуск Numba-оптимизированного бэктеста для USTCUSDT-ZILUSDT
2026-01-19 10:11:59,737 - coint2.engine.numba_engine - INFO - Запуск Numba-оптимизированного бэктеста для ONEUSDT-XRPUSDT
2026-01-19 10:11:59,738 - coint2.engine.numba_engine - INFO - Запуск Numba-оптимизированного бэктеста для MVUSDT-SUIUSDT
2026-01-19 10:11:59,752 - coint2.engine.numba_engine - INFO - Запуск Numba-оптимизированного бэктеста для DOGEUSDC-ETHWUSDT
2026-01-19 10:11:59,778 - coint2.engine.numba_engine - INFO - Запуск Numba-оптимизированного бэктеста для ONEUSDT-TELUSDT
2026-01-19 10:11:59,778 - coint2.engine.numba_engine - INFO - Запуск Numba-оптимизированного бэктеста для GMTUSDC-UNIUSDT
2026-01-19 10:11:59,780 - coint2.engine.numba_engine - INFO - Запуск Numba-оптимизированного бэктеста для SCUSDT-ZILUSDT
2026-01-19 10:11:59,785 - coint2.engine.numba_engine - INFO - Запуск Numba-оптимизированного бэктеста для OASUSDT-STGUSDT
2026-01-19 10:11:59,788 - coint2.engine.numba_engine - INFO - Запуск Numba-оптимизированного бэктеста для LTCBTC-XRPUSDC
2026-01-19 10:11:59,791 - coint2.engine.numba_engine - INFO - Запуск Numba-оптимизированного бэктеста для SONUSDT-XRPBTC
2026-01-19 10:11:59,801 - coint2.engine.numba_engine - INFO - Запуск Numba-оптимизированного бэктеста для DAIUSDT-XRPUSDT
2026-01-19 10:11:59,805 - coint2.engine.numba_engine - INFO - Запуск Numba-оптимизированного бэктеста для GMTUSDT-SANDUSDT
2026-01-19 10:11:59,827 - coint2.engine.numba_engine - INFO - Запуск Numba-оптимизированного бэктеста для LTCBTC-LUNCUSDC
2026-01-19 10:11:59,827 - coint2.engine.numba_engine - INFO - Запуск Numba-оптимизированного бэктеста для EVERUSDT-RPLUSDT
2026-01-19 10:11:59,830 - coint2.engine.numba_engine - INFO - Запуск Numba-оптимизированного бэктеста для SONUSDT-TAPUSDT
2026-01-19 10:11:59,831 - coint2.engine.numba_engine - INFO - Запуск Numba-оптимизированного бэктеста для ROSEUSDT-WAXPUSDT
2026-01-19 10:11:59,843 - coint2.engine.numba_engine - INFO - Запуск Numba-оптимизированного бэктеста для ALGOBTC-NFTUSDT
2026-01-19 10:11:59,845 - coint2.engine.numba_engine - INFO - Запуск Numba-оптимизированного бэктеста для DGBUSDT-GSTUSDT
2026-01-19 10:11:59,846 - coint2.engine.numba_engine - INFO - Запуск Numba-оптимизированного бэктеста для XECUSDT-ZILUSDT
2026-01-19 10:11:59,851 - coint2.engine.numba_engine - INFO - Запуск Numba-оптимизированного бэктеста для GRTUSDT-RVNUSDT
2026-01-19 10:11:59,876 - coint2.engine.numba_engine - INFO - Запуск Numba-оптимизированного бэктеста для LUNCUSDT-RVNUSDT
2026-01-19 10:11:59,882 - coint2.engine.numba_engine - INFO - Запуск Numba-оптимизированного бэктеста для DAIUSDT-SOLOUSDT
2026-01-19 10:11:59,892 - coint2.engine.numba_engine - INFO - Запуск Numba-оптимизированного бэктеста для DAIUSDT-QTUMUSDT
2026-01-19 10:11:59,895 - coint2.engine.numba_engine - INFO - Запуск Numba-оптимизированного бэктеста для LTCBTC-XRPUSDT
2026-01-19 10:11:59,916 - coint2.engine.numba_engine - INFO - Запуск Numba-оптимизированного бэктеста для ONEUSDT-XRPUSDC
2026-01-19 10:11:59,931 - coint2.engine.numba_engine - INFO - Запуск Numba-оптимизированного бэктеста для SCUSDT-USTCUSDT
2026-01-19 10:11:59,940 - coint2.engine.numba_engine - INFO - Запуск Numba-оптимизированного бэктеста для ALGOBTC-XECUSDT
2026-01-19 10:11:59,944 - coint2.engine.numba_engine - INFO - Запуск Numba-оптимизированного бэктеста для LTCBTC-RVNUSDT
2026-01-19 10:11:59,968 - coint2.engine.numba_engine - INFO - Запуск Numba-оптимизированного бэктеста для LUNCUSDC-RVNUSDT
2026-01-19 10:11:59,980 - coint2.engine.numba_engine - INFO - Запуск Numba-оптимизированного бэктеста для SONUSDT-TELUSDT
2026-01-19 10:12:00,113 - INFO -   ⏱️ Параллельная обработка завершена за 1.6с (156.9 пар/с)
2026-01-19 10:12:00,188 - coint2.pipeline.walk_forward_orchestrator - INFO - 🎯 СИМУЛЯЦИЯ ПОРТФЕЛЯ: 242 пар, лимит 15 позиций
2026-01-19 10:12:01,879 - coint2.pipeline.walk_forward_orchestrator - INFO -    📈 Макс. одновременных сигналов: 95
2026-01-19 10:12:01,879 - coint2.pipeline.walk_forward_orchestrator - INFO -    📊 Средн. сигналов за период: 3.2
2026-01-19 10:12:01,879 - coint2.pipeline.walk_forward_orchestrator - INFO -    🎯 Финальных активных позиций: 0
2026-01-19 10:12:01,881 - coint2.pipeline.walk_forward_orchestrator - INFO -    ⚡ Утилизация лимита позиций: 18.3%
2026-01-19 10:12:01,881 - WARNING -   ⚠️ Ошибка обработки пары RSS3USDT-XAVAUSDT: division by zero
2026-01-19 10:12:01,881 - WARNING -   ⚠️ Ошибка обработки пары ADAUSDC-CITYUSDT: division by zero
2026-01-19 10:12:01,881 - WARNING -   ⚠️ Ошибка обработки пары ARKMUSDT-CITYUSDT: division by zero
2026-01-19 10:12:01,881 - WARNING -   ⚠️ Ошибка обработки пары AFCUSDT-CITYUSDT: division by zero
2026-01-19 10:12:01,882 - INFO - ⇠ WF-шаг 1/5 backtests — completed 246 items in 3.34s (73.7 items/s)
2026-01-19 10:12:01,882 - INFO -   ✅ Обработка завершена: 242 успешно, 4 с ошибками
2026-01-19 10:12:01,882 - INFO -   📊 Успешность: 98.4%, прибыльность: 64.0%, сделок/пара: 18.8
2026-01-19 10:12:01,882 - INFO -   ✅ Завершены бэктесты для 246 пар
2026-01-19 10:12:01,882 - INFO -   📊 Всего обработано пар в этом шаге: 246
2026-01-19 10:12:01,882 - INFO -   📈 Результаты шага: 155/246 прибыльных пар, 4554 сделок
2026-01-19 10:12:01,882 - INFO -   💰 P&L шага: $+364.19
2026-01-19 10:12:01,882 - INFO -   ⇢ Обновление капитала и дневного P&L...
2026-01-19 10:12:03,069 - INFO -   💼 Шаг P&L: $+364.19, Накопленный капитал: $10,364.19
2026-01-19 10:12:03,069 - INFO - ------------------------------------------------------------
2026-01-19 10:12:03,069 - INFO -   Walk-forward steps: 1 / 5 (20.0%) | 0.0 items/s | ETA: 555.4s
2026-01-19 10:12:03,070 - INFO - 🔍 WF-шаг 2/5: Валидация временных окон...
2026-01-19 10:12:03,070 - INFO - ⇢ WF-шаг 2/5: training 2023-09-01-2023-10-30, testing 2023-10-31-2023-11-30 — start
2026-01-19 10:12:03,070 - INFO - ⇢ loading step data — start
2026-01-19 10:12:03,251 - INFO - ⇠ loading step data — done in 0.18s
2026-01-19 10:12:04,481 - INFO - 📊 WF-шаг 2/5: Границы данных:
2026-01-19 10:12:04,481 - INFO -    Training: 2023-09-01 00:00:00 → 2023-10-30 23:45:00 (5,760 строк × 292 символов)
2026-01-19 10:12:04,481 - INFO -    Testing:  2023-10-31 00:00:00 → 2023-11-30 00:00:00 (2,881 строк × 292 символов)
2026-01-19 10:12:04,481 - INFO -    Временной разрыв: 0 days 00:15:00
2026-01-19 10:12:04,709 - INFO - ⇢ normalizing training data — start
2026-01-19 10:12:04,742 - INFO -   Символы с NaN значениями: 26
2026-01-19 10:12:04,743 - INFO -   Применяем метод нормализации: rolling_zscore
2026-01-19 10:12:04,757 - INFO - Символы с недостаточной историей: 17 из 292
2026-01-19 10:12:05,152 - INFO - Символы с NaN после нормализации: 275
2026-01-19 10:12:05,158 - INFO - Удалено 617 начальных строк с NaN от rolling расчетов
2026-01-19 10:12:05,160 - INFO - Итоговое количество символов после нормализации: 275 из 292
2026-01-19 10:12:05,160 - INFO -   Статистика нормализации:
2026-01-19 10:12:05,160 - INFO -     Исходные символы: 292
2026-01-19 10:12:05,160 - INFO -     Недостаточная история: 17
2026-01-19 10:12:05,160 - INFO -     Постоянная цена: 0
2026-01-19 10:12:05,160 - INFO -     NaN после нормализации: 275
2026-01-19 10:12:05,160 - INFO -     Итоговые символы: 275 (94.2%)
2026-01-19 10:12:05,160 - INFO -   После нормализации: 275 символов (потеряно 17)
2026-01-19 10:12:05,160 - INFO -   Отброшенные символы: BEAMUSDT, FETUSDT, FLIPUSDT, JEFFUSDT, MEMEUSDT, POLUSDT, PPTUSDT, PYTHUSDT, PYUSDUSDT, ROOTUSDT, RPKUSDT, SHRAPUSDT, TIAUSDT, TOKENUSDT, TUSDUSDT, VRTXUSDT, ZTXUSDT
2026-01-19 10:12:05,160 - INFO - ⇠ normalizing training data — done in 0.45s
2026-01-19 10:12:05,162 - INFO - ⇢ SSD computation — start
2026-01-19 10:12:05,162 - INFO -   Расчет SSD для всех пар (без ограничения)
2026-01-19 10:12:07,362 - INFO -   SSD результат (все пары): 37675 пар
2026-01-19 10:12:07,362 - INFO - ⇠ SSD computation — done in 2.20s
2026-01-19 10:12:07,373 - INFO - ⇢ filtering pairs by cointegration and half-life — start
2026-01-19 10:12:07,373 - INFO - [ФИЛЬТР] Параллельная фильтрация: processes (8 workers)
⚙️  Загрузка данных за период: 2023-09-01 -> 2023-11-30
📂 Найдено 43 parquet файлов для обработки.
📊 Схема данных: Schema({'timestamp': Int64, 'open': Float64, 'high': Float64, 'low': Float64, 'close': Float64, 'volume': Float64, 'turnover': String, 'ts_ms': Int64, 'symbol': String})
✅ Загружено 2420293 записей с помощью Polars.
📊 Типы данных в pandas: timestamp       datetime64[us]
symbol                  object
close                  float64
timestamp_ms             int64
dtype: object
2026-01-19 10:13:44,126 - INFO - [ФИЛЬТР] После проверки данных: 37675 пар
2026-01-19 10:13:44,126 - INFO - [ФИЛЬТР] После фильтра корреляции (>0.5): 14678 пар
2026-01-19 10:13:44,126 - INFO - [ФИЛЬТР] После фильтра beta: 9885 пар
2026-01-19 10:13:44,127 - INFO - [ФИЛЬТР] После фильтра mean crossings: 9885 пар
2026-01-19 10:13:44,127 - INFO - [ФИЛЬТР] После фильтра half-life: 9828 пар
2026-01-19 10:13:44,127 - INFO - [ФИЛЬТР] После фильтра коинтеграции: 4311 пар
2026-01-19 10:13:44,127 - INFO - [ФИЛЬТР] После фильтра Hurst: 3300 пар
2026-01-19 10:13:44,127 - INFO - [ФИЛЬТР] После фильтра KPSS: 133 пар
2026-01-19 10:13:44,127 - INFO - [ФИЛЬТР] После фильтра market microstructure: 133 пар
2026-01-19 10:13:44,127 - INFO - [ФИЛЬТР] Статистика фильтрации (оптимизированный порядок):
2026-01-19 10:13:44,127 - INFO -   1. SSD → Коинтеграция: 37675 → 4311 пар
2026-01-19 10:13:44,127 - INFO -   2. Коинтеграция → Beta: 4311 → 9885 пар
2026-01-19 10:13:44,127 - INFO -   3. Beta → Half-life: 9885 → 9828 пар
2026-01-19 10:13:44,127 - INFO -   4. Half-life → Mean crossings: 9828 → 9885 пар
2026-01-19 10:13:44,127 - INFO -   5. Mean crossings → Hurst: 9885 → 3300 пар
2026-01-19 10:13:44,127 - INFO -   6. Hurst → KPSS: 3300 → 133 пар
2026-01-19 10:13:44,127 - INFO -   7. KPSS → Market microstructure: 133 → 133 пар
2026-01-19 10:13:44,127 - INFO - [ФИЛЬТР] Причины отсева:
2026-01-19 10:13:44,127 - INFO -   • low_correlation: 22997 пар (61.0%)
2026-01-19 10:13:44,127 - INFO -   • pvalue: 5517 пар (14.6%)
2026-01-19 10:13:44,127 - INFO -   • beta: 4793 пар (12.7%)
2026-01-19 10:13:44,127 - INFO -   • kpss: 3167 пар (8.4%)
2026-01-19 10:13:44,127 - INFO -   • hurst: 1011 пар (2.7%)
2026-01-19 10:13:44,127 - INFO -   • half_life: 57 пар (0.2%)
2026-01-19 10:13:44,127 - INFO - [ФИЛЬТР] Итого: 37675 → 133 пар (0.4% прошли все фильтры)
2026-01-19 10:13:44,183 - INFO - Причины отсева сохранены в results/filter_reasons_20260119_101344.csv
2026-01-19 10:13:44,190 - INFO -   Pair stability filter: 133 → 5 (window=1, min_steps=1, history=1)
2026-01-19 10:13:44,190 - INFO -   Фильтрация: 37675 → 5 пар
2026-01-19 10:13:44,190 - INFO - ⇠ filtering pairs by cointegration and half-life — done in 96.82s
2026-01-19 10:13:44,190 - INFO - ⇠ WF-шаг 2/5: training 2023-09-01-2023-10-30, testing 2023-10-31-2023-11-30 — done in 101.12s
2026-01-19 10:13:44,190 - INFO -   Топ-3 пары по волатильности спреда:
2026-01-19 10:13:44,190 - INFO -     1. CRVUSDT-PIPUSDT: beta=2.8441, std=0.0237
2026-01-19 10:13:44,190 - INFO -     2. MVUSDT-SUIUSDT: beta=0.0427, std=0.0011
2026-01-19 10:13:44,190 - INFO -     3. MVUSDT-SUIUSDC: beta=0.0428, std=0.0011
2026-01-19 10:13:44,190 - INFO -   Всего пар для торговли: 5 (ограничение 15 применяется к одновременно открытым позициям)
2026-01-19 10:13:44,190 - INFO -   💰 Проверка расчета капитала: equity=$10,364.19, кандидатных_пар=5, max_позиций=15
2026-01-19 10:13:44,190 - INFO -   🎯 Target concurrency: 5 (ожидаемое одновременное число позиций)
2026-01-19 10:13:44,191 - INFO -   📊 Детали расчета капитала:
2026-01-19 10:13:44,191 - INFO -      • Базовый капитал на пару: $2,072.84 (equity / target_concurrency)
2026-01-19 10:13:44,191 - INFO -      • Риск-капитал: $155.46 (1.5% от equity)
2026-01-19 10:13:44,191 - INFO -      • Макс. размер позиции: $207.28 (2.0% от equity)
2026-01-19 10:13:44,191 - INFO -      • Итоговый капитал на пару: $155.46
2026-01-19 10:13:44,191 - INFO - ⇢ WF-шаг 2/5 backtests — starting 5 items
2026-01-19 10:13:44,191 - INFO - 🚀 WF-шаг 2/5: Начинаем бэктесты для 5 пар...
2026-01-19 10:13:44,191 - INFO - 🚀 WF-шаг 2/5: Запускаем параллельную обработку 5 пар на 8 ядрах...
2026-01-19 10:13:44,191 - INFO - 🚀 WF-шаг 2/5: Режим параллельности: процессы
2026-01-19 10:13:44,246 - coint2.engine.numba_engine - INFO - Запуск Numba-оптимизированного бэктеста для CRVUSDT-PIPUSDT
2026-01-19 10:13:44,280 - coint2.engine.numba_engine - INFO - Запуск Numba-оптимизированного бэктеста для MVUSDT-SUIUSDT
2026-01-19 10:13:44,323 - coint2.engine.numba_engine - INFO - Запуск Numba-оптимизированного бэктеста для MVUSDT-SUIUSDC
2026-01-19 10:13:44,341 - coint2.engine.numba_engine - INFO - Запуск Numba-оптимизированного бэктеста для LUNCUSDT-RVNUSDT
2026-01-19 10:13:44,347 - coint2.engine.numba_engine - INFO - Запуск Numba-оптимизированного бэктеста для LUNCUSDC-RVNUSDT
2026-01-19 10:13:44,493 - INFO -   ⏱️ Параллельная обработка завершена за 0.3с (16.6 пар/с)
2026-01-19 10:13:44,501 - coint2.pipeline.walk_forward_orchestrator - INFO - 🎯 СИМУЛЯЦИЯ ПОРТФЕЛЯ: 5 пар, лимит 15 позиций
2026-01-19 10:13:44,825 - coint2.pipeline.walk_forward_orchestrator - INFO -    📈 Макс. одновременных сигналов: 3
2026-01-19 10:13:44,825 - coint2.pipeline.walk_forward_orchestrator - INFO -    📊 Средн. сигналов за период: 0.1
2026-01-19 10:13:44,825 - coint2.pipeline.walk_forward_orchestrator - INFO -    🎯 Финальных активных позиций: 0
2026-01-19 10:13:44,826 - coint2.pipeline.walk_forward_orchestrator - INFO -    ⚡ Утилизация лимита позиций: 0.4%
2026-01-19 10:13:44,827 - INFO - ⇠ WF-шаг 2/5 backtests — completed 5 items in 0.64s (7.9 items/s)
2026-01-19 10:13:44,827 - INFO -   ✅ Обработка завершена: 5 успешно, 0 с ошибками
2026-01-19 10:13:44,827 - INFO -   📊 Успешность: 100.0%, прибыльность: 60.0%, сделок/пара: 15.2
2026-01-19 10:13:44,827 - INFO -   ✅ Завершены бэктесты для 5 пар
2026-01-19 10:13:44,827 - INFO -   📊 Всего обработано пар в этом шаге: 5
2026-01-19 10:13:44,827 - INFO -   📈 Результаты шага: 3/5 прибыльных пар, 76 сделок
2026-01-19 10:13:44,827 - INFO -   💰 P&L шага: $+41.96
2026-01-19 10:13:44,827 - INFO -   ⇢ Обновление капитала и дневного P&L...
2026-01-19 10:13:46,168 - INFO -   💼 Шаг P&L: $+41.96, Накопленный капитал: $10,406.15
2026-01-19 10:13:46,168 - INFO - ------------------------------------------------------------
2026-01-19 10:13:46,168 - INFO -   Walk-forward steps: 2 / 5 (40.0%) | 0.0 items/s | ETA: 362.9s
2026-01-19 10:13:46,168 - INFO - 🔍 WF-шаг 3/5: Валидация временных окон...
2026-01-19 10:13:46,169 - INFO - ⇢ WF-шаг 3/5: training 2023-10-01-2023-11-29, testing 2023-11-30-2023-12-30 — start
2026-01-19 10:13:46,169 - INFO - ⇢ loading step data — start
2026-01-19 10:13:46,348 - INFO - ⇠ loading step data — done in 0.18s
2026-01-19 10:13:47,961 - INFO - 📊 WF-шаг 3/5: Границы данных:
2026-01-19 10:13:47,961 - INFO -    Training: 2023-10-01 00:00:00 → 2023-11-29 23:45:00 (5,760 строк × 309 символов)
2026-01-19 10:13:47,962 - INFO -    Testing:  2023-11-30 00:00:00 → 2023-12-30 00:00:00 (2,881 строк × 309 символов)
2026-01-19 10:13:47,962 - INFO -    Временной разрыв: 0 days 00:15:00
2026-01-19 10:13:48,003 - INFO - ⇢ normalizing training data — start
2026-01-19 10:13:48,040 - INFO -   Символы с NaN значениями: 33
2026-01-19 10:13:48,040 - INFO -   Применяем метод нормализации: rolling_zscore
2026-01-19 10:13:48,056 - INFO - Символы с недостаточной историей: 32 из 309
2026-01-19 10:13:48,474 - INFO - Символы с NaN после нормализации: 277
2026-01-19 10:13:48,481 - INFO - Удалено 233 начальных строк с NaN от rolling расчетов
2026-01-19 10:13:48,483 - INFO - Итоговое количество символов после нормализации: 277 из 309
2026-01-19 10:13:48,483 - INFO -   Статистика нормализации:
2026-01-19 10:13:48,483 - INFO -     Исходные символы: 309
2026-01-19 10:13:48,483 - INFO -     Недостаточная история: 32
2026-01-19 10:13:48,483 - INFO -     Постоянная цена: 0
2026-01-19 10:13:48,483 - INFO -     NaN после нормализации: 277
2026-01-19 10:13:48,483 - INFO -     Итоговые символы: 277 (89.6%)
2026-01-19 10:13:48,483 - INFO -   После нормализации: 277 символов (потеряно 32)
2026-01-19 10:13:48,483 - INFO -   Отброшено много символов: 32 из 309
2026-01-19 10:13:48,483 - INFO - ⇠ normalizing training data — done in 0.48s
2026-01-19 10:13:48,485 - INFO - ⇢ SSD computation — start
2026-01-19 10:13:48,485 - INFO -   Расчет SSD для всех пар (без ограничения)
2026-01-19 10:13:50,894 - INFO -   SSD результат (все пары): 38226 пар
2026-01-19 10:13:50,894 - INFO - ⇠ SSD computation — done in 2.41s
2026-01-19 10:13:50,905 - INFO - ⇢ filtering pairs by cointegration and half-life — start
2026-01-19 10:13:50,905 - INFO - [ФИЛЬТР] Параллельная фильтрация: processes (8 workers)
⚙️  Загрузка данных за период: 2023-10-01 -> 2023-12-30
📂 Найдено 43 parquet файлов для обработки.
📊 Схема данных: Schema({'timestamp': Int64, 'open': Float64, 'high': Float64, 'low': Float64, 'close': Float64, 'volume': Float64, 'turnover': String, 'ts_ms': Int64, 'symbol': String})
✅ Загружено 2499894 записей с помощью Polars.
📊 Типы данных в pandas: timestamp       datetime64[us]
symbol                  object
close                  float64
timestamp_ms             int64
dtype: object
2026-01-19 10:15:55,148 - INFO - [ФИЛЬТР] После проверки данных: 38226 пар
2026-01-19 10:15:55,148 - INFO - [ФИЛЬТР] После фильтра корреляции (>0.5): 26943 пар
2026-01-19 10:15:55,148 - INFO - [ФИЛЬТР] После фильтра beta: 18687 пар
2026-01-19 10:15:55,148 - INFO - [ФИЛЬТР] После фильтра mean crossings: 18687 пар
2026-01-19 10:15:55,148 - INFO - [ФИЛЬТР] После фильтра half-life: 18571 пар
2026-01-19 10:15:55,148 - INFO - [ФИЛЬТР] После фильтра коинтеграции: 4820 пар
2026-01-19 10:15:55,148 - INFO - [ФИЛЬТР] После фильтра Hurst: 2820 пар
2026-01-19 10:15:55,148 - INFO - [ФИЛЬТР] После фильтра KPSS: 188 пар
2026-01-19 10:15:55,148 - INFO - [ФИЛЬТР] После фильтра market microstructure: 188 пар
2026-01-19 10:15:55,148 - INFO - [ФИЛЬТР] Статистика фильтрации (оптимизированный порядок):
2026-01-19 10:15:55,148 - INFO -   1. SSD → Коинтеграция: 38226 → 4820 пар
2026-01-19 10:15:55,148 - INFO -   2. Коинтеграция → Beta: 4820 → 18687 пар
2026-01-19 10:15:55,148 - INFO -   3. Beta → Half-life: 18687 → 18571 пар
2026-01-19 10:15:55,148 - INFO -   4. Half-life → Mean crossings: 18571 → 18687 пар
2026-01-19 10:15:55,148 - INFO -   5. Mean crossings → Hurst: 18687 → 2820 пар
2026-01-19 10:15:55,148 - INFO -   6. Hurst → KPSS: 2820 → 188 пар
2026-01-19 10:15:55,148 - INFO -   7. KPSS → Market microstructure: 188 → 188 пар
2026-01-19 10:15:55,148 - INFO - [ФИЛЬТР] Причины отсева:
2026-01-19 10:15:55,149 - INFO -   • pvalue: 13751 пар (36.0%)
2026-01-19 10:15:55,149 - INFO -   • low_correlation: 11283 пар (29.5%)
2026-01-19 10:15:55,149 - INFO -   • beta: 8256 пар (21.6%)
2026-01-19 10:15:55,149 - INFO -   • kpss: 2632 пар (6.9%)
2026-01-19 10:15:55,149 - INFO -   • hurst: 2000 пар (5.2%)
2026-01-19 10:15:55,149 - INFO -   • half_life: 116 пар (0.3%)
2026-01-19 10:15:55,149 - INFO - [ФИЛЬТР] Итого: 38226 → 188 пар (0.5% прошли все фильтры)
2026-01-19 10:15:55,262 - INFO - Причины отсева сохранены в results/filter_reasons_20260119_101555.csv
2026-01-19 10:15:55,276 - INFO -   Pair stability filter: 188 → 5 (window=1, min_steps=1, history=2)
2026-01-19 10:15:55,276 - INFO -   Фильтрация: 38226 → 5 пар
2026-01-19 10:15:55,277 - INFO - ⇠ filtering pairs by cointegration and half-life — done in 124.37s
2026-01-19 10:15:55,277 - INFO - ⇠ WF-шаг 3/5: training 2023-10-01-2023-11-29, testing 2023-11-30-2023-12-30 — done in 129.11s
2026-01-19 10:15:55,277 - INFO -   Топ-3 пары по волатильности спреда:
2026-01-19 10:15:55,277 - INFO -     1. AVAUSDT-ENJUSDT: beta=1.0903, std=0.0150
2026-01-19 10:15:55,277 - INFO -     2. AVAUSDT-LRCUSDT: beta=1.7007, std=0.0111
2026-01-19 10:15:55,277 - INFO -     3. MVUSDT-STGUSDT: beta=0.0686, std=0.0030
2026-01-19 10:15:55,277 - INFO -   Всего пар для торговли: 5 (ограничение 15 применяется к одновременно открытым позициям)
2026-01-19 10:15:55,277 - INFO -   💰 Проверка расчета капитала: equity=$10,406.15, кандидатных_пар=5, max_позиций=15
2026-01-19 10:15:55,277 - INFO -   🎯 Target concurrency: 5 (ожидаемое одновременное число позиций)
2026-01-19 10:15:55,277 - INFO -   📊 Детали расчета капитала:
2026-01-19 10:15:55,277 - INFO -      • Базовый капитал на пару: $2,081.23 (equity / target_concurrency)
2026-01-19 10:15:55,277 - INFO -      • Риск-капитал: $156.09 (1.5% от equity)
2026-01-19 10:15:55,277 - INFO -      • Макс. размер позиции: $208.12 (2.0% от equity)
2026-01-19 10:15:55,277 - INFO -      • Итоговый капитал на пару: $156.09
2026-01-19 10:15:55,278 - INFO - ⇢ WF-шаг 3/5 backtests — starting 5 items
2026-01-19 10:15:55,278 - INFO - 🚀 WF-шаг 3/5: Начинаем бэктесты для 5 пар...
2026-01-19 10:15:55,278 - INFO - 🚀 WF-шаг 3/5: Запускаем параллельную обработку 5 пар на 8 ядрах...
2026-01-19 10:15:55,278 - INFO - 🚀 WF-шаг 3/5: Режим параллельности: процессы
2026-01-19 10:15:55,356 - coint2.engine.numba_engine - INFO - Запуск Numba-оптимизированного бэктеста для AVAUSDT-ENJUSDT
2026-01-19 10:15:55,440 - coint2.engine.numba_engine - INFO - Запуск Numba-оптимизированного бэктеста для AVAUSDT-LRCUSDT
2026-01-19 10:15:55,492 - coint2.engine.numba_engine - INFO - Запуск Numba-оптимизированного бэктеста для MVUSDT-STGUSDT
2026-01-19 10:15:55,545 - coint2.engine.numba_engine - INFO - Запуск Numba-оптимизированного бэктеста для DOGEEUR-WAVESUSDT
2026-01-19 10:15:55,586 - coint2.engine.numba_engine - INFO - Запуск Numba-оптимизированного бэктеста для IZIUSDT-NEXOUSDT
2026-01-19 10:15:55,826 - INFO -   ⏱️ Параллельная обработка завершена за 0.5с (9.1 пар/с)
2026-01-19 10:15:55,838 - coint2.pipeline.walk_forward_orchestrator - INFO - 🎯 СИМУЛЯЦИЯ ПОРТФЕЛЯ: 5 пар, лимит 15 позиций
2026-01-19 10:15:56,358 - coint2.pipeline.walk_forward_orchestrator - INFO -    📈 Макс. одновременных сигналов: 3
2026-01-19 10:15:56,358 - coint2.pipeline.walk_forward_orchestrator - INFO -    📊 Средн. сигналов за период: 0.1
2026-01-19 10:15:56,358 - coint2.pipeline.walk_forward_orchestrator - INFO -    🎯 Финальных активных позиций: 0
2026-01-19 10:15:56,359 - coint2.pipeline.walk_forward_orchestrator - INFO -    ⚡ Утилизация лимита позиций: 0.4%
2026-01-19 10:15:56,360 - INFO - ⇠ WF-шаг 3/5 backtests — completed 5 items in 1.08s (4.6 items/s)
2026-01-19 10:15:56,360 - INFO -   ✅ Обработка завершена: 5 успешно, 0 с ошибками
2026-01-19 10:15:56,360 - INFO -   📊 Успешность: 100.0%, прибыльность: 80.0%, сделок/пара: 16.4
2026-01-19 10:15:56,360 - INFO -   ✅ Завершены бэктесты для 5 пар
2026-01-19 10:15:56,360 - INFO -   📊 Всего обработано пар в этом шаге: 5
2026-01-19 10:15:56,360 - INFO -   📈 Результаты шага: 4/5 прибыльных пар, 82 сделок
2026-01-19 10:15:56,360 - INFO -   💰 P&L шага: $+57.20
2026-01-19 10:15:56,360 - INFO -   ⇢ Обновление капитала и дневного P&L...
2026-01-19 10:15:58,047 - INFO -   💼 Шаг P&L: $+57.20, Накопленный капитал: $10,463.35
2026-01-19 10:15:58,047 - INFO - ------------------------------------------------------------
2026-01-19 10:15:58,047 - INFO -   Walk-forward steps: 3 / 5 (60.0%) | 0.0 items/s | ETA: 249.2s
2026-01-19 10:15:58,047 - INFO - 🔍 WF-шаг 4/5: Валидация временных окон...
2026-01-19 10:15:58,048 - INFO - ⇢ WF-шаг 4/5: training 2023-10-31-2023-12-29, testing 2023-12-30-2024-01-29 — start
2026-01-19 10:15:58,048 - INFO - ⇢ loading step data — start
2026-01-19 10:15:58,274 - INFO - ⇠ loading step data — done in 0.23s
2026-01-19 10:15:59,794 - INFO - 📊 WF-шаг 4/5: Границы данных:
2026-01-19 10:15:59,794 - INFO -    Training: 2023-10-31 00:00:00 → 2023-12-29 23:45:00 (5,760 строк × 327 символов)
2026-01-19 10:15:59,794 - INFO -    Testing:  2023-12-30 00:00:00 → 2024-01-29 00:00:00 (2,881 строк × 327 символов)
2026-01-19 10:15:59,794 - INFO -    Временной разрыв: 0 days 00:15:00
2026-01-19 10:15:59,845 - INFO - ⇢ normalizing training data — start
2026-01-19 10:15:59,885 - INFO -   Символы с NaN значениями: 45
2026-01-19 10:15:59,885 - INFO -   Применяем метод нормализации: rolling_zscore
2026-01-19 10:15:59,901 - INFO - Символы с недостаточной историей: 40 из 327
2026-01-19 10:16:00,440 - INFO - Символы с NaN после нормализации: 287
2026-01-19 10:16:00,451 - INFO - Удалено 809 начальных строк с NaN от rolling расчетов
2026-01-19 10:16:00,454 - INFO - Итоговое количество символов после нормализации: 287 из 327
2026-01-19 10:16:00,454 - INFO -   Статистика нормализации:
2026-01-19 10:16:00,454 - INFO -     Исходные символы: 327
2026-01-19 10:16:00,454 - INFO -     Недостаточная история: 40
2026-01-19 10:16:00,454 - INFO -     Постоянная цена: 0
2026-01-19 10:16:00,454 - INFO -     NaN после нормализации: 287
2026-01-19 10:16:00,454 - INFO -     Итоговые символы: 287 (87.8%)
2026-01-19 10:16:00,454 - INFO -   После нормализации: 287 символов (потеряно 40)
2026-01-19 10:16:00,454 - INFO -   Отброшено много символов: 40 из 327
2026-01-19 10:16:00,454 - INFO - ⇠ normalizing training data — done in 0.61s
2026-01-19 10:16:00,456 - INFO - ⇢ SSD computation — start
2026-01-19 10:16:00,456 - INFO -   Расчет SSD для всех пар (без ограничения)
2026-01-19 10:16:02,890 - INFO -   SSD результат (все пары): 41041 пар
2026-01-19 10:16:02,890 - INFO - ⇠ SSD computation — done in 2.43s
2026-01-19 10:16:02,902 - INFO - ⇢ filtering pairs by cointegration and half-life — start
2026-01-19 10:16:02,903 - INFO - [ФИЛЬТР] Параллельная фильтрация: processes (8 workers)
⚙️  Загрузка данных за период: 2023-10-31 -> 2024-01-29
📂 Найдено 43 parquet файлов для обработки.
📊 Схема данных: Schema({'timestamp': Int64, 'open': Float64, 'high': Float64, 'low': Float64, 'close': Float64, 'volume': Float64, 'turnover': String, 'ts_ms': Int64, 'symbol': String})
✅ Загружено 2615053 записей с помощью Polars.
📊 Типы данных в pandas: timestamp       datetime64[us]
symbol                  object
close                  float64
timestamp_ms             int64
dtype: object
2026-01-19 10:17:59,587 - INFO - [ФИЛЬТР] После проверки данных: 41041 пар
2026-01-19 10:17:59,588 - INFO - [ФИЛЬТР] После фильтра корреляции (>0.5): 24366 пар
2026-01-19 10:17:59,588 - INFO - [ФИЛЬТР] После фильтра beta: 16544 пар
2026-01-19 10:17:59,588 - INFO - [ФИЛЬТР] После фильтра mean crossings: 16544 пар
2026-01-19 10:17:59,588 - INFO - [ФИЛЬТР] После фильтра half-life: 16464 пар
2026-01-19 10:17:59,588 - INFO - [ФИЛЬТР] После фильтра коинтеграции: 4223 пар
2026-01-19 10:17:59,588 - INFO - [ФИЛЬТР] После фильтра Hurst: 2842 пар
2026-01-19 10:17:59,588 - INFO - [ФИЛЬТР] После фильтра KPSS: 160 пар
2026-01-19 10:17:59,588 - INFO - [ФИЛЬТР] После фильтра market microstructure: 160 пар
2026-01-19 10:17:59,588 - INFO - [ФИЛЬТР] Статистика фильтрации (оптимизированный порядок):
2026-01-19 10:17:59,588 - INFO -   1. SSD → Коинтеграция: 41041 → 4223 пар
2026-01-19 10:17:59,588 - INFO -   2. Коинтеграция → Beta: 4223 → 16544 пар
2026-01-19 10:17:59,588 - INFO -   3. Beta → Half-life: 16544 → 16464 пар
2026-01-19 10:17:59,588 - INFO -   4. Half-life → Mean crossings: 16464 → 16544 пар
2026-01-19 10:17:59,588 - INFO -   5. Mean crossings → Hurst: 16544 → 2842 пар
2026-01-19 10:17:59,588 - INFO -   6. Hurst → KPSS: 2842 → 160 пар
2026-01-19 10:17:59,588 - INFO -   7. KPSS → Market microstructure: 160 → 160 пар
2026-01-19 10:17:59,588 - INFO - [ФИЛЬТР] Причины отсева:
2026-01-19 10:17:59,588 - INFO -   • low_correlation: 16675 пар (40.6%)
2026-01-19 10:17:59,588 - INFO -   • pvalue: 12241 пар (29.8%)
2026-01-19 10:17:59,588 - INFO -   • beta: 7822 пар (19.1%)
2026-01-19 10:17:59,588 - INFO -   • kpss: 2682 пар (6.5%)
2026-01-19 10:17:59,588 - INFO -   • hurst: 1381 пар (3.4%)
2026-01-19 10:17:59,588 - INFO -   • half_life: 80 пар (0.2%)
2026-01-19 10:17:59,588 - INFO - [ФИЛЬТР] Итого: 41041 → 160 пар (0.4% прошли все фильтры)
2026-01-19 10:17:59,648 - INFO - Причины отсева сохранены в results/filter_reasons_20260119_101759.csv
2026-01-19 10:17:59,656 - INFO -   Pair stability filter: 160 → 7 (window=1, min_steps=1, history=3)
2026-01-19 10:17:59,656 - INFO -   Фильтрация: 41041 → 7 пар
2026-01-19 10:17:59,656 - INFO - ⇠ filtering pairs by cointegration and half-life — done in 116.75s
2026-01-19 10:17:59,656 - INFO - ⇠ WF-шаг 4/5: training 2023-10-31-2023-12-29, testing 2023-12-30-2024-01-29 — done in 121.61s
2026-01-19 10:17:59,656 - INFO -   Топ-3 пары по волатильности спреда:
2026-01-19 10:17:59,656 - INFO -     1. AAVEUSDT-BTCDAI: beta=0.0012, std=5.4138
2026-01-19 10:17:59,656 - INFO -     2. AAVEUSDT-WBTCUSDT: beta=0.0012, std=5.4064
2026-01-19 10:17:59,656 - INFO -     3. 1INCHUSDT-NYMUSDT: beta=1.8065, std=0.0192
2026-01-19 10:17:59,656 - INFO -   Всего пар для торговли: 7 (ограничение 15 применяется к одновременно открытым позициям)
2026-01-19 10:17:59,656 - INFO -   💰 Проверка расчета капитала: equity=$10,463.35, кандидатных_пар=7, max_позиций=15
2026-01-19 10:17:59,656 - INFO -   🎯 Target concurrency: 7 (ожидаемое одновременное число позиций)
2026-01-19 10:17:59,657 - INFO -   📊 Детали расчета капитала:
2026-01-19 10:17:59,657 - INFO -      • Базовый капитал на пару: $1,494.76 (equity / target_concurrency)
2026-01-19 10:17:59,657 - INFO -      • Риск-капитал: $156.95 (1.5% от equity)
2026-01-19 10:17:59,657 - INFO -      • Макс. размер позиции: $209.27 (2.0% от equity)
2026-01-19 10:17:59,657 - INFO -      • Итоговый капитал на пару: $156.95
2026-01-19 10:17:59,657 - INFO - ⇢ WF-шаг 4/5 backtests — starting 7 items
2026-01-19 10:17:59,657 - INFO - 🚀 WF-шаг 4/5: Начинаем бэктесты для 7 пар...
2026-01-19 10:17:59,657 - INFO - 🚀 WF-шаг 4/5: Запускаем параллельную обработку 7 пар на 8 ядрах...
2026-01-19 10:17:59,657 - INFO - 🚀 WF-шаг 4/5: Режим параллельности: процессы
2026-01-19 10:17:59,720 - coint2.engine.numba_engine - INFO - Запуск Numba-оптимизированного бэктеста для AAVEUSDT-BTCDAI
2026-01-19 10:17:59,767 - coint2.engine.numba_engine - INFO - Запуск Numba-оптимизированного бэктеста для AAVEUSDT-WBTCUSDT
2026-01-19 10:17:59,794 - coint2.engine.numba_engine - INFO - Запуск Numba-оптимизированного бэктеста для 1INCHUSDT-NYMUSDT
2026-01-19 10:17:59,844 - coint2.engine.numba_engine - INFO - Запуск Numba-оптимизированного бэктеста для IDUSDT-LRCUSDT
2026-01-19 10:17:59,858 - WARNING - ❌ Ошибка обработки пары AAVEUSDT-BTCDAI: division by zero
2026-01-19 10:17:59,895 - coint2.engine.numba_engine - INFO - Запуск Numba-оптимизированного бэктеста для ICXUSDT-PENDLEUSDT
2026-01-19 10:17:59,939 - coint2.engine.numba_engine - INFO - Запуск Numba-оптимизированного бэктеста для CHRPUSDT-GRTUSDT
2026-01-19 10:17:59,973 - coint2.engine.numba_engine - INFO - Запуск Numba-оптимизированного бэктеста для CHRPUSDT-NEXOUSDT
2026-01-19 10:18:00,089 - INFO -   ⏱️ Параллельная обработка завершена за 0.4с (16.2 пар/с)
2026-01-19 10:18:00,094 - coint2.pipeline.walk_forward_orchestrator - INFO - 🎯 СИМУЛЯЦИЯ ПОРТФЕЛЯ: 6 пар, лимит 15 позиций
2026-01-19 10:18:00,413 - coint2.pipeline.walk_forward_orchestrator - INFO -    📈 Макс. одновременных сигналов: 3
2026-01-19 10:18:00,414 - coint2.pipeline.walk_forward_orchestrator - INFO -    📊 Средн. сигналов за период: 0.1
2026-01-19 10:18:00,414 - coint2.pipeline.walk_forward_orchestrator - INFO -    🎯 Финальных активных позиций: 0
2026-01-19 10:18:00,415 - coint2.pipeline.walk_forward_orchestrator - INFO -    ⚡ Утилизация лимита позиций: 0.5%
2026-01-19 10:18:00,416 - WARNING -   ⚠️ Ошибка обработки пары AAVEUSDT-BTCDAI: division by zero
2026-01-19 10:18:00,416 - INFO -   WF-шаг 4/5 backtests: 1 / 7 (14.3%) | 1.3 items/s | ETA: 4.6s
2026-01-19 10:18:00,416 - INFO - ⇠ WF-шаг 4/5 backtests — completed 7 items in 0.76s (9.2 items/s)
2026-01-19 10:18:00,416 - INFO -   ✅ Обработка завершена: 6 успешно, 1 с ошибками
2026-01-19 10:18:00,416 - INFO -   📊 Успешность: 85.7%, прибыльность: 66.7%, сделок/пара: 18.3
2026-01-19 10:18:00,416 - INFO -   ✅ Завершены бэктесты для 7 пар
2026-01-19 10:18:00,416 - INFO -   📊 Всего обработано пар в этом шаге: 7
2026-01-19 10:18:00,417 - INFO -   📈 Результаты шага: 4/7 прибыльных пар, 110 сделок
2026-01-19 10:18:00,417 - INFO -   💰 P&L шага: $+1.49
2026-01-19 10:18:00,417 - INFO -   ⇢ Обновление капитала и дневного P&L...
2026-01-19 10:18:01,934 - INFO -   💼 Шаг P&L: $+1.49, Накопленный капитал: $10,464.85
2026-01-19 10:18:01,934 - INFO - ------------------------------------------------------------
2026-01-19 10:18:01,934 - INFO -   Walk-forward steps: 4 / 5 (80.0%) | 0.0 items/s | ETA: 124.4s
2026-01-19 10:18:01,934 - INFO - 🔍 WF-шаг 5/5: Валидация временных окон...
2026-01-19 10:18:01,935 - INFO - ⇢ WF-шаг 5/5: training 2023-11-30-2024-01-28, testing 2024-01-29-2024-02-28 — start
2026-01-19 10:18:01,935 - INFO - ⇢ loading step data — start
2026-01-19 10:18:02,165 - INFO - ⇠ loading step data — done in 0.23s
2026-01-19 10:18:03,762 - INFO - 📊 WF-шаг 5/5: Границы данных:
2026-01-19 10:18:03,762 - INFO -    Training: 2023-11-30 00:00:00 → 2024-01-28 23:45:00 (5,760 строк × 344 символов)
2026-01-19 10:18:03,762 - INFO -    Testing:  2024-01-29 00:00:00 → 2024-02-28 00:00:00 (2,881 строк × 344 символов)
2026-01-19 10:18:03,762 - INFO -    Временной разрыв: 0 days 00:15:00
2026-01-19 10:18:03,807 - INFO - ⇢ normalizing training data — start
2026-01-19 10:18:03,847 - INFO -   Символы с NaN значениями: 52
2026-01-19 10:18:03,847 - INFO -   Применяем метод нормализации: rolling_zscore
2026-01-19 10:18:03,862 - INFO - Символы с недостаточной историей: 44 из 344
2026-01-19 10:18:04,295 - INFO - Символы с NaN после нормализации: 300
2026-01-19 10:18:04,302 - INFO - Удалено 809 начальных строк с NaN от rolling расчетов
2026-01-19 10:18:04,304 - INFO - Итоговое количество символов после нормализации: 300 из 344
2026-01-19 10:18:04,304 - INFO -   Статистика нормализации:
2026-01-19 10:18:04,304 - INFO -     Исходные символы: 344
2026-01-19 10:18:04,304 - INFO -     Недостаточная история: 44
2026-01-19 10:18:04,304 - INFO -     Постоянная цена: 0
2026-01-19 10:18:04,304 - INFO -     NaN после нормализации: 300
2026-01-19 10:18:04,304 - INFO -     Итоговые символы: 300 (87.2%)
2026-01-19 10:18:04,304 - INFO -   После нормализации: 300 символов (потеряно 44)
2026-01-19 10:18:04,304 - INFO -   Отброшено много символов: 44 из 344
2026-01-19 10:18:04,304 - INFO - ⇠ normalizing training data — done in 0.50s
2026-01-19 10:18:04,306 - INFO - ⇢ SSD computation — start
2026-01-19 10:18:04,307 - INFO -   Расчет SSD для всех пар (без ограничения)
2026-01-19 10:18:06,816 - INFO -   SSD результат (все пары): 44850 пар
2026-01-19 10:18:06,816 - INFO - ⇠ SSD computation — done in 2.51s
2026-01-19 10:18:06,829 - INFO - ⇢ filtering pairs by cointegration and half-life — start
2026-01-19 10:18:06,829 - INFO - [ФИЛЬТР] Параллельная фильтрация: processes (8 workers)
⚙️  Загрузка данных за период: 2023-11-30 -> 2024-02-28
📂 Найдено 43 parquet файлов для обработки.
📊 Схема данных: Schema({'timestamp': Int64, 'open': Float64, 'high': Float64, 'low': Float64, 'close': Float64, 'volume': Float64, 'turnover': String, 'ts_ms': Int64, 'symbol': String})
✅ Загружено 2755343 записей с помощью Polars.
📊 Типы данных в pandas: timestamp       datetime64[us]
symbol                  object
close                  float64
timestamp_ms             int64
dtype: object
2026-01-19 10:19:46,210 - INFO - [ФИЛЬТР] После проверки данных: 44850 пар
2026-01-19 10:19:46,210 - INFO - [ФИЛЬТР] После фильтра корреляции (>0.5): 13030 пар
2026-01-19 10:19:46,210 - INFO - [ФИЛЬТР] После фильтра beta: 9406 пар
2026-01-19 10:19:46,210 - INFO - [ФИЛЬТР] После фильтра mean crossings: 9406 пар
2026-01-19 10:19:46,210 - INFO - [ФИЛЬТР] После фильтра half-life: 9377 пар
2026-01-19 10:19:46,210 - INFO - [ФИЛЬТР] После фильтра коинтеграции: 4441 пар
2026-01-19 10:19:46,210 - INFO - [ФИЛЬТР] После фильтра Hurst: 3244 пар
2026-01-19 10:19:46,210 - INFO - [ФИЛЬТР] После фильтра KPSS: 141 пар
2026-01-19 10:19:46,210 - INFO - [ФИЛЬТР] После фильтра market microstructure: 141 пар
2026-01-19 10:19:46,211 - INFO - [ФИЛЬТР] Статистика фильтрации (оптимизированный порядок):
2026-01-19 10:19:46,211 - INFO -   1. SSD → Коинтеграция: 44850 → 4441 пар
2026-01-19 10:19:46,211 - INFO -   2. Коинтеграция → Beta: 4441 → 9406 пар
2026-01-19 10:19:46,211 - INFO -   3. Beta → Half-life: 9406 → 9377 пар
2026-01-19 10:19:46,211 - INFO -   4. Half-life → Mean crossings: 9377 → 9406 пар
2026-01-19 10:19:46,211 - INFO -   5. Mean crossings → Hurst: 9406 → 3244 пар
2026-01-19 10:19:46,211 - INFO -   6. Hurst → KPSS: 3244 → 141 пар
2026-01-19 10:19:46,211 - INFO -   7. KPSS → Market microstructure: 141 → 141 пар
2026-01-19 10:19:46,211 - INFO - [ФИЛЬТР] Причины отсева:
2026-01-19 10:19:46,211 - INFO -   • low_correlation: 31820 пар (70.9%)
2026-01-19 10:19:46,211 - INFO -   • pvalue: 4936 пар (11.0%)
2026-01-19 10:19:46,211 - INFO -   • beta: 3624 пар (8.1%)
2026-01-19 10:19:46,211 - INFO -   • kpss: 3103 пар (6.9%)
2026-01-19 10:19:46,211 - INFO -   • hurst: 1197 пар (2.7%)
2026-01-19 10:19:46,211 - INFO -   • half_life: 29 пар (0.1%)
2026-01-19 10:19:46,211 - INFO - [ФИЛЬТР] Итого: 44850 → 141 пар (0.3% прошли все фильтры)
2026-01-19 10:19:46,355 - INFO - Причины отсева сохранены в results/filter_reasons_20260119_101946.csv
2026-01-19 10:19:46,363 - INFO -   Pair stability filter: 141 → 12 (window=1, min_steps=1, history=4)
2026-01-19 10:19:46,363 - INFO -   Фильтрация: 44850 → 12 пар
2026-01-19 10:19:46,363 - INFO - ⇠ filtering pairs by cointegration and half-life — done in 99.53s
2026-01-19 10:19:46,363 - INFO - ⇠ WF-шаг 5/5: training 2023-11-30-2024-01-28, testing 2024-01-29-2024-02-28 — done in 104.43s
2026-01-19 10:19:46,363 - INFO -   Топ-3 пары по волатильности спреда:
2026-01-19 10:19:46,364 - INFO -     1. BTCDAI-WBTCUSDT: beta=1.0023, std=556.1976
2026-01-19 10:19:46,364 - INFO -     2. ARKMUSDT-HBARUSDT: beta=5.9349, std=0.0421
2026-01-19 10:19:46,364 - INFO -     3. BOBAUSDT-STXUSDT: beta=0.1253, std=0.0327
2026-01-19 10:19:46,364 - INFO -   Всего пар для торговли: 12 (ограничение 15 применяется к одновременно открытым позициям)
2026-01-19 10:19:46,364 - INFO -   💰 Проверка расчета капитала: equity=$10,464.85, кандидатных_пар=12, max_позиций=15
2026-01-19 10:19:46,364 - INFO -   🎯 Target concurrency: 12 (ожидаемое одновременное число позиций)
2026-01-19 10:19:46,364 - INFO -   📊 Детали расчета капитала:
2026-01-19 10:19:46,364 - INFO -      • Базовый капитал на пару: $872.07 (equity / target_concurrency)
2026-01-19 10:19:46,364 - INFO -      • Риск-капитал: $156.97 (1.5% от equity)
2026-01-19 10:19:46,364 - INFO -      • Макс. размер позиции: $209.30 (2.0% от equity)
2026-01-19 10:19:46,364 - INFO -      • Итоговый капитал на пару: $156.97
2026-01-19 10:19:46,365 - INFO - ⇢ WF-шаг 5/5 backtests — starting 12 items
2026-01-19 10:19:46,365 - INFO - 🚀 WF-шаг 5/5: Начинаем бэктесты для 12 пар...
2026-01-19 10:19:46,365 - INFO - 🚀 WF-шаг 5/5: Запускаем параллельную обработку 12 пар на 8 ядрах...
2026-01-19 10:19:46,365 - INFO - 🚀 WF-шаг 5/5: Режим параллельности: процессы
2026-01-19 10:19:46,436 - coint2.engine.numba_engine - INFO - Запуск Numba-оптимизированного бэктеста для BTCDAI-WBTCUSDT
2026-01-19 10:19:46,481 - coint2.engine.numba_engine - INFO - Запуск Numba-оптимизированного бэктеста для ARKMUSDT-HBARUSDT
2026-01-19 10:19:46,504 - coint2.engine.numba_engine - INFO - Запуск Numba-оптимизированного бэктеста для BOBAUSDT-STXUSDT
2026-01-19 10:19:46,529 - coint2.engine.numba_engine - INFO - Запуск Numba-оптимизированного бэктеста для GLMRUSDT-NEARUSDT
2026-01-19 10:19:46,560 - coint2.engine.numba_engine - INFO - Запуск Numba-оптимизированного бэктеста для BOBAUSDT-SOLEUR
2026-01-19 10:19:46,606 - coint2.engine.numba_engine - INFO - Запуск Numba-оптимизированного бэктеста для BATUSDT-ENJUSDT
2026-01-19 10:19:46,613 - coint2.engine.numba_engine - INFO - Запуск Numba-оптимизированного бэктеста для CHRPUSDT-XCADUSDT
2026-01-19 10:19:46,659 - coint2.engine.numba_engine - INFO - Запуск Numba-оптимизированного бэктеста для ACHUSDT-CRVUSDT
2026-01-19 10:19:46,663 - coint2.engine.numba_engine - INFO - Запуск Numba-оптимизированного бэктеста для SWEATUSDT-XETAUSDT
2026-01-19 10:19:46,681 - coint2.engine.numba_engine - INFO - Запуск Numba-оптимизированного бэктеста для CHRPUSDT-GALAUSDT
2026-01-19 10:19:46,711 - coint2.engine.numba_engine - INFO - Запуск Numba-оптимизированного бэктеста для CHRPUSDT-FITFIUSDT
2026-01-19 10:19:46,718 - coint2.engine.numba_engine - INFO - Запуск Numba-оптимизированного бэктеста для CHRPUSDT-SNXUSDT
2026-01-19 10:19:46,888 - INFO -   ⏱️ Параллельная обработка завершена за 0.5с (22.9 пар/с)
2026-01-19 10:19:46,896 - coint2.pipeline.walk_forward_orchestrator - INFO - 🎯 СИМУЛЯЦИЯ ПОРТФЕЛЯ: 12 пар, лимит 15 позиций
2026-01-19 10:19:47,275 - coint2.pipeline.walk_forward_orchestrator - INFO -    📈 Макс. одновременных сигналов: 6
2026-01-19 10:19:47,275 - coint2.pipeline.walk_forward_orchestrator - INFO -    📊 Средн. сигналов за период: 0.2
2026-01-19 10:19:47,275 - coint2.pipeline.walk_forward_orchestrator - INFO -    🎯 Финальных активных позиций: 0
2026-01-19 10:19:47,276 - coint2.pipeline.walk_forward_orchestrator - INFO -    ⚡ Утилизация лимита позиций: 1.1%
2026-01-19 10:19:47,277 - INFO - ⇠ WF-шаг 5/5 backtests — completed 12 items in 0.91s (13.2 items/s)
2026-01-19 10:19:47,277 - INFO -   ✅ Обработка завершена: 12 успешно, 0 с ошибками
2026-01-19 10:19:47,277 - INFO -   📊 Успешность: 100.0%, прибыльность: 41.7%, сделок/пара: 20.4
2026-01-19 10:19:47,277 - INFO -   ✅ Завершены бэктесты для 12 пар
2026-01-19 10:19:47,277 - INFO -   📊 Всего обработано пар в этом шаге: 12
2026-01-19 10:19:47,277 - INFO -   📈 Результаты шага: 5/12 прибыльных пар, 245 сделок
2026-01-19 10:19:47,277 - INFO -   💰 P&L шага: $-48.72
2026-01-19 10:19:47,277 - INFO -   ⇢ Обновление капитала и дневного P&L...
2026-01-19 10:19:48,989 - INFO -   💼 Шаг P&L: $-48.72, Накопленный капитал: $10,416.13
2026-01-19 10:19:48,989 - INFO - ------------------------------------------------------------
2026-01-19 10:19:48,989 - INFO -   Walk-forward steps: 5 / 5 (100.0%) | 0.0 items/s | ETA: 0.0s
2026-01-19 10:19:48,989 - INFO - ⇠ Walk-forward steps — completed 5 items in 604.78s (0.0 items/s)
2026-01-19 10:19:48,989 - INFO - ================================================================================
2026-01-19 10:19:48,990 - INFO - 🏁 Walk-forward анализ завершен!
2026-01-19 10:19:48,990 - INFO - ⏱️ Обработано 5 шагов за 2.6 секунд
2026-01-19 10:19:48,990 - INFO - 📊 Всего обработано пар за весь анализ: 275
2026-01-19 10:19:48,990 - INFO - 💰 Финальный капитал: $10,416.13 (было $10,000.00)
2026-01-19 10:19:48,990 - INFO - 📈 Общая доходность: +4.16% ($+416.13)
2026-01-19 10:19:48,990 - INFO - 📊 Всего сделок: 0
2026-01-19 10:19:48,990 - INFO - ================================================================================
2026-01-19 10:19:48,990 - INFO - ✓ Завершены все 5 WF-шагов
2026-01-19 10:19:48,990 - INFO - ⇢ Обработка финальных результатов и расчет метрик...
2026-01-19 10:19:48,990 - INFO - ⇢ processing final results — start
2026-01-19 10:19:48,990 - INFO -   ⇢ Агрегация данных P&L за 14405 торговых дней
2026-01-19 10:19:49,027 - INFO -   ⇢ Расчет базовых метрик производительности...
2026-01-19 10:19:49,027 - INFO -     📊 Данные для анализа: 14405 записей P&L, 14401 точек equity
2026-01-19 10:19:49,030 - INFO -   ⇢ Расчет расширенных метрик (волатильность, Calmar ratio, и др.)...
2026-01-19 10:19:49,031 - INFO -   ✅ Расширенные метрики рассчитаны: 6 показателей
2026-01-19 10:19:49,031 - INFO -   ⇢ Анализ статистики по 275 парам...
2026-01-19 10:19:49,034 - INFO - ✅ Рассчитаны метрики производительности (19 показателей)
2026-01-19 10:19:49,034 - INFO -   💰 Общий P&L: $+416.13
2026-01-19 10:19:49,034 - INFO -   📊 Sharpe Ratio: 2.382
2026-01-19 10:19:49,034 - INFO -   📉 Максимальная просадка: -18991.98%
2026-01-19 10:19:49,034 - INFO -   🔄 Всего сделок: 5067
2026-01-19 10:19:49,034 - INFO -   📈 Торгуемых пар: 270
2026-01-19 10:19:49,034 - INFO -   💸 Общие издержки: $298.43
2026-01-19 10:19:49,035 - coint2.metrics - INFO - Metric: total_pnl
2026-01-19 10:19:49,035 - coint2.metrics - INFO - Metric: sharpe_ratio_abs
2026-01-19 10:19:49,035 - coint2.metrics - INFO - Metric: max_drawdown_pct
2026-01-19 10:19:49,035 - coint2.metrics - INFO - Metric: total_trades
2026-01-19 10:19:49,035 - coint2.metrics - INFO - Metric: total_pairs_traded
2026-01-19 10:19:49,035 - coint2.metrics - INFO - Metric: total_costs
2026-01-19 10:19:49,036 - INFO - ⇠ processing final results — done in 0.05s
2026-01-19 10:19:49,036 - INFO - ⇢ Создание отчетов и сохранение результатов...
2026-01-19 10:19:49,036 - INFO - ⇢ generating reports — start
2026-01-19 10:19:49,036 - INFO -   ⇢ Создание отчета о производительности...
2026-01-19 10:19:56,334 - INFO -   ✓ Отчет о производительности создан
2026-01-19 10:19:56,334 - INFO -   ⇢ Сохранение данных в CSV файлы...
2026-01-19 10:19:56,337 - INFO - 📋 Метрики сохранены: artifacts/wfa/runs/20260119_relaxed4_stress/stress_relaxed4_20260119_pv0p08_hurst0p65_hl0p02_60_corr0p5_ssd50000_kpss0p03/strategy_metrics.csv
2026-01-19 10:19:56,338 - INFO - 📈 Дневные P&L сохранены: artifacts/wfa/runs/20260119_relaxed4_stress/stress_relaxed4_20260119_pv0p08_hurst0p65_hl0p02_60_corr0p5_ssd50000_kpss0p03/daily_pnl.csv (151 записей)
2026-01-19 10:19:56,390 - INFO - 💹 Кривая капитала сохранена: artifacts/wfa/runs/20260119_relaxed4_stress/stress_relaxed4_20260119_pv0p08_hurst0p65_hl0p02_60_corr0p5_ssd50000_kpss0p03/equity_curve.csv (14401 точек)
2026-01-19 10:19:56,396 - INFO - 📋 Статистика сделок сохранена: artifacts/wfa/runs/20260119_relaxed4_stress/stress_relaxed4_20260119_pv0p08_hurst0p65_hl0p02_60_corr0p5_ssd50000_kpss0p03/trade_statistics.csv (275 записей)
2026-01-19 10:19:56,396 - INFO - 🎉 Walk-Forward анализ полностью завершен!
2026-01-19 10:19:56,397 - INFO - 📊 Все отчеты и данные сохранены в: artifacts/wfa/runs/20260119_relaxed4_stress/stress_relaxed4_20260119_pv0p08_hurst0p65_hl0p02_60_corr0p5_ssd50000_kpss0p03
2026-01-19 10:19:56,397 - INFO - 💼 Итоговый капитал: $10,416.13
2026-01-19 10:19:56,397 - INFO - ⏱️  Общее время выполнения: 10.0 секунд
2026-01-19 10:19:56,397 - INFO - ⇠ generating reports — done in 7.36s
2026-01-19 10:19:56,397 - coint2.core.memory_optimization - INFO - 🧹 Cleaning up global price data
2026-01-19 10:19:56,401 - coint2.core.memory_optimization - INFO - 📊 No global rolling stats to clean up
2026-01-19 10:19:56,401 - INFO - 🧹 Memory-mapped data cleaned up
2026-01-19 10:19:56,403 - INFO - ⇠ run_walk_forward_analysis — done in 617.68s
📊 Отчет сохранен: artifacts/wfa/runs/20260119_relaxed4_stress/stress_relaxed4_20260119_pv0p08_hurst0p65_hl0p02_60_corr0p5_ssd50000_kpss0p03/CointegrationStrategy_performance_report.png
🎯 ============================================================
📊 ИТОГИ ТОРГОВОЙ СТРАТЕГИИ
🎯 ============================================================

💰 ФИНАНСОВЫЕ РЕЗУЛЬТАТЫ:
   • Общий P&L:                          416
   • Максимальная просадка:             -190
   • Средний дневной P&L:                  3

📈 МЕТРИКИ РИСКА:
   • Коэффициент Шарпа:               2.3816
   • Волатильность P&L:                21.20
   • Процент прибыльных дней:         47.02%

🔄 ТОРГОВАЯ АКТИВНОСТЬ:
   • Всего торговых дней:                151
   • Всего сделок:                     5,067
   • Торгуемых пар:                      270
   • Сделок на пару:                    18.4
   • Успешность сделок:               0.31%

💸 РАСХОДЫ И ЭКСТРЕМУМЫ:
   • Общие расходы:                      298
   • Максимальная прибыль:               151
   • Максимальный убыток:               -129
   • Лучшая пара (P&L):                   75
   • Худшая пара (P&L):                  -40

📊 ОЦЕНКА СТРАТЕГИИ:
   ✅ ОТЛИЧНАЯ стратегия! Высокий Шарп и положительный результат

🎯 ============================================================

Annualized Sharpe Ratio: 2.381602043213676
[run_wfa_fullcpu] end: 2026-01-19T10:19:57Z
