[run_wfa_queue] 2026-01-23T15:19:33Z cmd: /opt/coint4/coint4/run_wfa_fullcpu.sh configs/budget_20260123_1000_capsweep_oos20250101_20250630_top50_maxnot40_riskfine2_shortlist/stress_relaxed8_nokpss_20260123_oos20250101_20250630_top50_z1p00_exit0p06_hold180_cd180_ms0p2_cap1000_maxnot40_risk0p0175_minnot15_maxpairs20.yaml artifacts/wfa/runs/20260123_budget1000_oos20250101_20250630_top50_maxnot40_riskfine2_shortlist/stress_relaxed8_nokpss_20260123_oos20250101_20250630_top50_z1p00_exit0p06_hold180_cd180_ms0p2_cap1000_maxnot40_risk0p0175_minnot15_maxpairs20
[run_wfa_fullcpu] start: 2026-01-23T15:19:34Z
[run_wfa_fullcpu] os.cpu_count: 8
[run_wfa_fullcpu] worker_pid=2844
2026-01-23 15:19:37,165 - coint2.core.memory_optimization - INFO - ✅ BLAS threading limits set to 1 via threadpoolctl
2026-01-23 15:19:37,165 - coint2.core.memory_optimization - INFO - 🔧 Controlled libraries: openblas, openmp
2026-01-23 15:19:37,165 - coint2.core.memory_optimization - INFO - 🧵 Process threads: 2 → 2
2026-01-23 15:19:37,165 - coint2.core.memory_optimization - INFO - 📝 Set 11 environment variables
2026-01-23 15:19:37,505 - INFO - ✅ Параметры конфигурации валидны
2026-01-23 15:19:37,505 - INFO - 📝 Некоторые параметры были скорректированы:
2026-01-23 15:19:37,660 - INFO - 🔒 WFA: фиксированный universe из artifacts/universe/20260119_relaxed8_strict_preholdout_v2/pairs_universe.yaml (250 пар)
2026-01-23 15:19:37,660 - INFO -   Шаг 1: тренировка 2024-10-03-2024-12-31, тест 2025-01-01-2025-01-31
2026-01-23 15:19:37,660 - INFO -   Шаг 2: тренировка 2024-11-02-2025-01-30, тест 2025-01-31-2025-03-02
2026-01-23 15:19:37,660 - INFO -   Шаг 3: тренировка 2024-12-02-2025-03-01, тест 2025-03-02-2025-04-01
2026-01-23 15:19:37,660 - INFO -   Шаг 4: тренировка 2025-01-01-2025-03-31, тест 2025-04-01-2025-05-01
2026-01-23 15:19:37,660 - INFO -   Шаг 5: тренировка 2025-01-31-2025-04-30, тест 2025-05-01-2025-05-31
2026-01-23 15:19:37,660 - INFO -   Шаг 6: тренировка 2025-03-02-2025-05-30, тест 2025-05-31-2025-06-30
2026-01-23 15:19:37,660 - INFO - 📈 Запланировано 6 walk-forward шагов
2026-01-23 15:19:37,660 - INFO - ⛔ Ограничение WFA шагов: 6 → 3
2026-01-23 15:19:37,661 - WARNING - ⚠️ Маленький буфер между training и testing в шаге 1: 0 дней. Рекомендуется минимум 1 день.
2026-01-23 15:19:37,661 - WARNING - ⚠️ Маленький буфер между training и testing в шаге 2: 0 дней. Рекомендуется минимум 1 день.
2026-01-23 15:19:37,661 - WARNING - ⚠️ Маленький буфер между training и testing в шаге 3: 0 дней. Рекомендуется минимум 1 день.
2026-01-23 15:19:37,661 - INFO - ✅ Шаги успешно запланированы:
2026-01-23 15:19:37,661 - INFO -    Шаг 1: тренировка 2024-10-03-2024-12-31, тест 2025-01-01-2025-01-31
2026-01-23 15:19:37,661 - INFO -    Шаг 2: тренировка 2024-11-02-2025-01-30, тест 2025-01-31-2025-03-02
2026-01-23 15:19:37,661 - INFO -    Шаг 3: тренировка 2024-12-02-2025-03-01, тест 2025-03-02-2025-04-01
2026-01-23 15:19:37,661 - INFO - 🗂️ Consolidating price data for memory-mapped access...
2026-01-23 15:19:37,661 - INFO - 📊 Consolidating data range: 2024-09-28 → 2025-04-06
2026-01-23 15:19:37,661 - coint2.core.memory_optimization - INFO - 🔄 Consolidating price data from data_downloaded to .cache/consolidated_prices.parquet
2026-01-23 15:19:37,661 - INFO - ⇢ loading raw data for consolidation — start
2026-01-23 15:19:38,479 - INFO - ⇠ loading raw data for consolidation — done in 0.82s
2026-01-23 15:19:38,479 - INFO - ⇢ pivoting data to wide format — start
2026-01-23 15:19:45,390 - INFO - ⇠ pivoting data to wide format — done in 6.91s
2026-01-23 15:19:45,476 - coint2.core.memory_optimization - INFO - 📊 Consolidated data: 18241 rows × 598 symbols
2026-01-23 15:19:45,476 - coint2.core.memory_optimization - INFO - 💾 Memory usage: 43.8 MB
2026-01-23 15:19:45,477 - INFO - ⇢ writing consolidated Parquet file — start
2026-01-23 15:19:45,807 - INFO - ⇠ writing consolidated Parquet file — done in 0.33s
2026-01-23 15:19:45,807 - coint2.core.memory_optimization - INFO - ✅ Successfully consolidated data to .cache/consolidated_prices.parquet
2026-01-23 15:19:45,844 - coint2.core.memory_optimization - INFO - 🔄 Initializing memory-mapped price data from .cache/consolidated_prices.parquet
2026-01-23 15:19:45,845 - INFO - ⇢ loading memory-mapped data — start
2026-01-23 15:19:45,845 - coint2.core.memory_optimization - WARNING - ⚠️ memory_map не поддерживается в текущей версии pyarrow, fallback без mmap
2026-01-23 15:19:46,030 - INFO - ⇠ loading memory-mapped data — done in 0.19s
2026-01-23 15:19:46,045 - coint2.core.memory_optimization - INFO - 📊 Loaded 18241 rows × 598 symbols
2026-01-23 15:19:46,045 - coint2.core.memory_optimization - INFO - 💾 Memory usage: 43.8 MB (memory-mapped)
2026-01-23 15:19:46,047 - INFO - ✅ Memory-mapped data initialized successfully
2026-01-23 15:19:46,048 - INFO - ⇢ Walk-forward steps — starting 3 items
2026-01-23 15:19:46,048 - INFO - 📈 Инициализация equity кривой с первой тестовой даты: 2025-01-01 00:00:00
2026-01-23 15:19:46,048 - INFO - 🔍 WF-шаг 1/3: Валидация временных окон...
2026-01-23 15:19:46,049 - INFO - ⇢ WF-шаг 1/3: training 2024-10-03-2024-12-31, testing 2025-01-01-2025-01-31 — start
2026-01-23 15:19:46,049 - INFO - ⇢ loading step data — start
2026-01-23 15:19:46,395 - INFO - ⇠ loading step data — done in 0.35s
2026-01-23 15:19:50,511 - INFO - 📊 WF-шаг 1/3: Границы данных:
2026-01-23 15:19:50,511 - INFO -    Training: 2024-10-03 00:00:00 → 2024-12-31 23:45:00 (8,640 строк × 569 символов)
2026-01-23 15:19:50,512 - INFO -    Testing:  2025-01-01 00:00:00 → 2025-01-31 00:00:00 (2,881 строк × 569 символов)
2026-01-23 15:19:50,512 - INFO -    Временной разрыв: 0 days 00:15:00
2026-01-23 15:19:50,586 - INFO - ⇢ normalizing training data — start
2026-01-23 15:19:50,656 - INFO -   Символы с NaN значениями: 76
2026-01-23 15:19:50,656 - INFO -   Применяем метод нормализации: rolling_zscore
2026-01-23 15:19:50,718 - INFO - Символы с недостаточной историей: 67 из 569
2026-01-23 15:19:51,917 - INFO - Символы с NaN после нормализации: 502
2026-01-23 15:19:51,932 - INFO - Удалено 1481 начальных строк с NaN от rolling расчетов
2026-01-23 15:19:51,936 - INFO - Итоговое количество символов после нормализации: 502 из 569
2026-01-23 15:19:51,938 - INFO -   Статистика нормализации:
2026-01-23 15:19:51,938 - INFO -     Исходные символы: 569
2026-01-23 15:19:51,938 - INFO -     Недостаточная история: 67
2026-01-23 15:19:51,938 - INFO -     Постоянная цена: 0
2026-01-23 15:19:51,938 - INFO -     NaN после нормализации: 502
2026-01-23 15:19:51,939 - INFO -     Итоговые символы: 502 (88.2%)
2026-01-23 15:19:51,939 - INFO -   После нормализации: 502 символов (потеряно 67)
2026-01-23 15:19:51,939 - INFO -   Отброшено много символов: 67 из 569
2026-01-23 15:19:51,939 - INFO - ⇠ normalizing training data — done in 1.35s
2026-01-23 15:19:51,939 - INFO -   Фиксированный universe: 250 пар (отфильтровано 0 недоступных)
2026-01-23 15:19:51,939 - INFO - ⇢ filtering pairs by cointegration and half-life — start
2026-01-23 15:19:51,939 - INFO - [ФИЛЬТР] Параллельная фильтрация: threads (8 workers)
2026-01-23 15:19:59,920 - INFO - [ФИЛЬТР] После проверки данных: 250 пар
2026-01-23 15:19:59,920 - INFO - [ФИЛЬТР] После фильтра корреляции (>0.4): 198 пар
2026-01-23 15:19:59,920 - INFO - [ФИЛЬТР] После фильтра beta: 158 пар
2026-01-23 15:19:59,920 - INFO - [ФИЛЬТР] После фильтра mean crossings: 158 пар
2026-01-23 15:19:59,920 - INFO - [ФИЛЬТР] После фильтра half-life: 158 пар
2026-01-23 15:19:59,920 - INFO - [ФИЛЬТР] После фильтра коинтеграции: 86 пар
2026-01-23 15:19:59,920 - INFO - [ФИЛЬТР] После фильтра Hurst: 55 пар
2026-01-23 15:19:59,920 - INFO - [ФИЛЬТР] После фильтра KPSS: 55 пар
2026-01-23 15:19:59,920 - INFO - [ФИЛЬТР] После фильтра market microstructure: 55 пар
2026-01-23 15:19:59,920 - INFO - [ФИЛЬТР] Статистика фильтрации (оптимизированный порядок):
2026-01-23 15:19:59,920 - INFO -   1. SSD → Коинтеграция: 250 → 86 пар
2026-01-23 15:19:59,920 - INFO -   2. Коинтеграция → Beta: 86 → 158 пар
2026-01-23 15:19:59,920 - INFO -   3. Beta → Half-life: 158 → 158 пар
2026-01-23 15:19:59,920 - INFO -   4. Half-life → Mean crossings: 158 → 158 пар
2026-01-23 15:19:59,920 - INFO -   5. Mean crossings → Hurst: 158 → 55 пар
2026-01-23 15:19:59,920 - INFO -   6. Hurst → KPSS: 55 → 55 пар
2026-01-23 15:19:59,921 - INFO -   7. KPSS → Market microstructure: 55 → 55 пар
2026-01-23 15:19:59,921 - INFO - [ФИЛЬТР] Причины отсева:
2026-01-23 15:19:59,921 - INFO -   • pvalue: 72 пар (28.8%)
2026-01-23 15:19:59,921 - INFO -   • low_correlation: 52 пар (20.8%)
2026-01-23 15:19:59,921 - INFO -   • beta: 40 пар (16.0%)
2026-01-23 15:19:59,921 - INFO -   • hurst: 31 пар (12.4%)
2026-01-23 15:19:59,921 - INFO - [ФИЛЬТР] Итого: 250 → 55 пар (22.0% прошли все фильтры)
2026-01-23 15:19:59,924 - INFO - Причины отсева сохранены в results/filter_reasons_20260123_151959.csv
2026-01-23 15:19:59,925 - INFO -   Pair stability filter: insufficient history (0 < 1), skip
2026-01-23 15:19:59,925 - INFO -   Фильтрация: 250 → 55 пар
2026-01-23 15:19:59,925 - INFO - ⇠ filtering pairs by cointegration and half-life — done in 7.99s
2026-01-23 15:19:59,925 - INFO - ⇠ WF-шаг 1/3: training 2024-10-03-2024-12-31, testing 2025-01-01-2025-01-31 — done in 13.88s
2026-01-23 15:19:59,925 - INFO -   Ограничение max_pairs=20: 55 → 20
2026-01-23 15:19:59,925 - INFO -   Топ-3 пары по волатильности спреда:
2026-01-23 15:19:59,925 - INFO -     1. BTCUSDC-BTCUSDT: beta=1.0010, std=69.8508
2026-01-23 15:19:59,925 - INFO -     2. ETHDAI-ETHEUR: beta=0.9775, std=32.5750
2026-01-23 15:19:59,925 - INFO -     3. ETHUSDC-ETHUSDT: beta=1.0014, std=2.4933
2026-01-23 15:19:59,925 - INFO -   Всего пар для торговли: 20 (ограничение 20 применяется к одновременно открытым позициям)
2026-01-23 15:19:59,925 - INFO -   💰 Проверка расчета капитала: equity=$1,000.00, кандидатных_пар=20, max_позиций=20
2026-01-23 15:19:59,926 - INFO -   🎯 Target concurrency: 20 (ожидаемое одновременное число позиций)
2026-01-23 15:19:59,926 - INFO -   📊 Детали расчета капитала:
2026-01-23 15:19:59,926 - INFO -      • Базовый капитал на пару: $50.00 (equity / target_concurrency)
2026-01-23 15:19:59,926 - INFO -      • Риск-капитал: $17.50 (1.8% от equity)
2026-01-23 15:19:59,926 - INFO -      • Макс. размер позиции: $50.00 (5.0% от equity)
2026-01-23 15:19:59,926 - INFO -      • Итоговый капитал на пару: $17.50
2026-01-23 15:19:59,926 - INFO - ⇢ WF-шаг 1/3 backtests — starting 20 items
2026-01-23 15:19:59,926 - INFO - 🚀 WF-шаг 1/3: Начинаем бэктесты для 20 пар...
2026-01-23 15:19:59,926 - INFO - 🚀 WF-шаг 1/3: Запускаем параллельную обработку 20 пар на 8 ядрах...
2026-01-23 15:19:59,926 - INFO - 🚀 WF-шаг 1/3: Режим параллельности: процессы
⚙️  Загрузка данных за период: 2024-09-28 -> 2025-04-06
📂 Найдено 43 parquet файлов для обработки.
📊 Схема данных: Schema({'timestamp': Int64, 'open': Float64, 'high': Float64, 'low': Float64, 'close': Float64, 'volume': Float64, 'turnover': String, 'ts_ms': Int64, 'symbol': String})
✅ Загружено 9958627 записей с помощью Polars.
📊 Типы данных в pandas: timestamp       datetime64[us]
symbol                  object
close                  float64
timestamp_ms             int64
dtype: object
⚙️  Загрузка данных за период: 2024-10-03 -> 2025-01-31
📂 Найдено 43 parquet файлов для обработки.
📊 Схема данных: Schema({'timestamp': Int64, 'open': Float64, 'high': Float64, 'low': Float64, 'close': Float64, 'volume': Float64, 'turnover': String, 'ts_ms': Int64, 'symbol': String})
✅ Загружено 6098760 записей с помощью Polars.
📊 Типы данных в pandas: timestamp       datetime64[us]
symbol                  object
close                  float64
timestamp_ms             int64
dtype: object
2026-01-23 15:19:59,994 - coint2.engine.numba_engine - INFO - Запуск Numba-оптимизированного бэктеста для BTCUSDC-BTCUSDT
2026-01-23 15:20:00,033 - coint2.engine.numba_engine - INFO - Запуск Numba-оптимизированного бэктеста для ETHDAI-ETHEUR
2026-01-23 15:20:00,064 - coint2.engine.numba_engine - INFO - Запуск Numba-оптимизированного бэктеста для ETHUSDC-ETHUSDT
2026-01-23 15:20:00,087 - coint2.engine.numba_engine - INFO - Запуск Numba-оптимизированного бэктеста для DYDXUSDT-KSMUSDT
2026-01-23 15:20:00,094 - coint2.engine.numba_engine - INFO - Запуск Numba-оптимизированного бэктеста для AVAUSDT-FLOWUSDT
2026-01-23 15:20:00,113 - coint2.engine.numba_engine - INFO - Запуск Numba-оптимизированного бэктеста для CBKUSDT-FILUSDC
2026-01-23 15:20:00,124 - coint2.engine.numba_engine - INFO - Запуск Numba-оптимизированного бэктеста для CYBERUSDT-FIDAUSDT
2026-01-23 15:20:00,127 - coint2.engine.numba_engine - INFO - Запуск Numba-оптимизированного бэктеста для APEUSDC-HFTUSDC
2026-01-23 15:20:00,152 - coint2.engine.numba_engine - INFO - Запуск Numba-оптимизированного бэктеста для CBKUSDT-ENJUSDT
2026-01-23 15:20:00,153 - coint2.engine.numba_engine - INFO - Запуск Numba-оптимизированного бэктеста для APEUSDT-HFTUSDC
2026-01-23 15:20:00,163 - coint2.engine.numba_engine - INFO - Запуск Numba-оптимизированного бэктеста для DYDXUSDT-KCALUSDT
2026-01-23 15:20:00,177 - coint2.engine.numba_engine - INFO - Запуск Numba-оптимизированного бэктеста для CBKUSDT-ETCUSDT
2026-01-23 15:20:00,187 - coint2.engine.numba_engine - INFO - Запуск Numba-оптимизированного бэктеста для AXLUSDT-IZIUSDT
2026-01-23 15:20:00,192 - coint2.engine.numba_engine - INFO - Запуск Numba-оптимизированного бэктеста для AVAUSDT-KASTAUSDT
2026-01-23 15:20:00,211 - coint2.engine.numba_engine - INFO - Запуск Numba-оптимизированного бэктеста для BICOUSDT-DUELUSDT
2026-01-23 15:20:00,219 - coint2.engine.numba_engine - INFO - Запуск Numba-оптимизированного бэктеста для FLOWUSDT-JSTUSDT
2026-01-23 15:20:00,220 - coint2.engine.numba_engine - INFO - Запуск Numba-оптимизированного бэктеста для ARKMUSDT-ARUSDT
2026-01-23 15:20:00,260 - coint2.engine.numba_engine - INFO - Запуск Numba-оптимизированного бэктеста для AFCUSDT-CITYUSDT
2026-01-23 15:20:00,273 - coint2.engine.numba_engine - INFO - Запуск Numba-оптимизированного бэктеста для BICOUSDT-KASTAUSDT
2026-01-23 15:20:00,302 - coint2.engine.numba_engine - INFO - Запуск Numba-оптимизированного бэктеста для CBKUSDT-FILUSDT
2026-01-23 15:20:00,347 - INFO -   ⏱️ Параллельная обработка завершена за 0.4с (47.6 пар/с)
2026-01-23 15:20:00,359 - coint2.pipeline.walk_forward_orchestrator - INFO - 🎯 СИМУЛЯЦИЯ ПОРТФЕЛЯ: 20 пар, лимит 20 позиций
2026-01-23 15:20:01,280 - coint2.pipeline.walk_forward_orchestrator - INFO -    📈 Макс. одновременных сигналов: 17
2026-01-23 15:20:01,281 - coint2.pipeline.walk_forward_orchestrator - INFO -    📊 Средн. сигналов за период: 7.9
2026-01-23 15:20:01,281 - coint2.pipeline.walk_forward_orchestrator - INFO -    🎯 Финальных активных позиций: 15
2026-01-23 15:20:01,282 - coint2.pipeline.walk_forward_orchestrator - INFO -    ⚡ Утилизация лимита позиций: 39.6%
2026-01-23 15:20:01,283 - INFO - ⇠ WF-шаг 1/3 backtests — completed 20 items in 1.36s (14.7 items/s)
2026-01-23 15:20:01,283 - INFO -   ✅ Обработка завершена: 20 успешно, 0 с ошибками
2026-01-23 15:20:01,283 - INFO -   📊 Успешность: 100.0%, прибыльность: 70.0%, сделок/пара: 49.0
2026-01-23 15:20:01,283 - INFO -   ✅ Завершены бэктесты для 20 пар
2026-01-23 15:20:01,283 - INFO -   📊 Всего обработано пар в этом шаге: 20
2026-01-23 15:20:01,283 - INFO -   📈 Результаты шага: 14/20 прибыльных пар, 981 сделок
2026-01-23 15:20:01,283 - INFO -   💰 P&L шага: $+815.29
2026-01-23 15:20:01,283 - INFO -   ⇢ Обновление капитала и дневного P&L...
2026-01-23 15:20:02,513 - INFO -   💼 Шаг P&L: $+815.29, Накопленный капитал: $1,815.29
2026-01-23 15:20:02,513 - INFO - ------------------------------------------------------------
2026-01-23 15:20:02,513 - INFO -   Walk-forward steps: 1 / 3 (33.3%) | 0.1 items/s | ETA: 32.9s
2026-01-23 15:20:02,513 - INFO - 🔍 WF-шаг 2/3: Валидация временных окон...
2026-01-23 15:20:02,513 - INFO - ⇢ WF-шаг 2/3: training 2024-11-02-2025-01-30, testing 2025-01-31-2025-03-02 — start
2026-01-23 15:20:02,513 - INFO - ⇢ loading step data — start
2026-01-23 15:20:02,970 - INFO - ⇠ loading step data — done in 0.46s
2026-01-23 15:20:07,013 - INFO - 📊 WF-шаг 2/3: Границы данных:
2026-01-23 15:20:07,013 - INFO -    Training: 2024-11-02 00:00:00 → 2025-01-30 23:45:00 (8,640 строк × 577 символов)
2026-01-23 15:20:07,013 - INFO -    Testing:  2025-01-31 00:00:00 → 2025-03-02 00:00:00 (2,881 строк × 577 символов)
2026-01-23 15:20:07,014 - INFO -    Временной разрыв: 0 days 00:15:00
2026-01-23 15:20:07,087 - INFO - ⇢ normalizing training data — start
2026-01-23 15:20:07,157 - INFO -   Символы с NaN значениями: 70
2026-01-23 15:20:07,157 - INFO -   Применяем метод нормализации: rolling_zscore
2026-01-23 15:20:07,218 - INFO - Символы с недостаточной историей: 60 из 577
2026-01-23 15:20:08,444 - INFO - Символы с NaN после нормализации: 517
2026-01-23 15:20:08,458 - INFO - Удалено 1685 начальных строк с NaN от rolling расчетов
2026-01-23 15:20:08,463 - INFO - Итоговое количество символов после нормализации: 517 из 577
2026-01-23 15:20:08,464 - INFO -   Статистика нормализации:
2026-01-23 15:20:08,465 - INFO -     Исходные символы: 577
2026-01-23 15:20:08,465 - INFO -     Недостаточная история: 60
2026-01-23 15:20:08,465 - INFO -     Постоянная цена: 0
2026-01-23 15:20:08,465 - INFO -     NaN после нормализации: 517
2026-01-23 15:20:08,465 - INFO -     Итоговые символы: 517 (89.6%)
2026-01-23 15:20:08,465 - INFO -   После нормализации: 517 символов (потеряно 60)
2026-01-23 15:20:08,465 - INFO -   Отброшено много символов: 60 из 577
2026-01-23 15:20:08,465 - INFO - ⇠ normalizing training data — done in 1.38s
2026-01-23 15:20:08,465 - INFO -   Фиксированный universe: 250 пар (отфильтровано 0 недоступных)
2026-01-23 15:20:08,465 - INFO - ⇢ filtering pairs by cointegration and half-life — start
2026-01-23 15:20:08,466 - INFO - [ФИЛЬТР] Параллельная фильтрация: threads (8 workers)
2026-01-23 15:20:18,227 - INFO - [ФИЛЬТР] После проверки данных: 250 пар
2026-01-23 15:20:18,227 - INFO - [ФИЛЬТР] После фильтра корреляции (>0.4): 186 пар
2026-01-23 15:20:18,228 - INFO - [ФИЛЬТР] После фильтра beta: 158 пар
2026-01-23 15:20:18,228 - INFO - [ФИЛЬТР] После фильтра mean crossings: 158 пар
2026-01-23 15:20:18,228 - INFO - [ФИЛЬТР] После фильтра half-life: 158 пар
2026-01-23 15:20:18,228 - INFO - [ФИЛЬТР] После фильтра коинтеграции: 115 пар
2026-01-23 15:20:18,228 - INFO - [ФИЛЬТР] После фильтра Hurst: 91 пар
2026-01-23 15:20:18,228 - INFO - [ФИЛЬТР] После фильтра KPSS: 91 пар
2026-01-23 15:20:18,228 - INFO - [ФИЛЬТР] После фильтра market microstructure: 91 пар
2026-01-23 15:20:18,228 - INFO - [ФИЛЬТР] Статистика фильтрации (оптимизированный порядок):
2026-01-23 15:20:18,228 - INFO -   1. SSD → Коинтеграция: 250 → 115 пар
2026-01-23 15:20:18,228 - INFO -   2. Коинтеграция → Beta: 115 → 158 пар
2026-01-23 15:20:18,228 - INFO -   3. Beta → Half-life: 158 → 158 пар
2026-01-23 15:20:18,228 - INFO -   4. Half-life → Mean crossings: 158 → 158 пар
2026-01-23 15:20:18,228 - INFO -   5. Mean crossings → Hurst: 158 → 91 пар
2026-01-23 15:20:18,228 - INFO -   6. Hurst → KPSS: 91 → 91 пар
2026-01-23 15:20:18,228 - INFO -   7. KPSS → Market microstructure: 91 → 91 пар
2026-01-23 15:20:18,228 - INFO - [ФИЛЬТР] Причины отсева:
2026-01-23 15:20:18,228 - INFO -   • low_correlation: 64 пар (25.6%)
2026-01-23 15:20:18,228 - INFO -   • pvalue: 43 пар (17.2%)
2026-01-23 15:20:18,228 - INFO -   • beta: 28 пар (11.2%)
2026-01-23 15:20:18,228 - INFO -   • hurst: 24 пар (9.6%)
2026-01-23 15:20:18,228 - INFO - [ФИЛЬТР] Итого: 250 → 91 пар (36.4% прошли все фильтры)
2026-01-23 15:20:18,230 - INFO - Причины отсева сохранены в results/filter_reasons_20260123_152018.csv
2026-01-23 15:20:18,231 - INFO -   Pair stability filter: 91 → 41 (window=2, min_steps=1, history=1)
2026-01-23 15:20:18,231 - INFO -   Фильтрация: 250 → 41 пар
2026-01-23 15:20:18,231 - INFO - ⇠ filtering pairs by cointegration and half-life — done in 9.77s
2026-01-23 15:20:18,231 - INFO - ⇠ WF-шаг 2/3: training 2024-11-02-2025-01-30, testing 2025-01-31-2025-03-02 — done in 15.72s
2026-01-23 15:20:18,231 - INFO -   Ограничение max_pairs=20: 41 → 20
2026-01-23 15:20:18,231 - INFO -   Топ-3 пары по волатильности спреда:
2026-01-23 15:20:18,231 - INFO -     1. ETHDAI-ETHEUR: beta=0.9997, std=45.8861
2026-01-23 15:20:18,231 - INFO -     2. ETHUSDC-ETHUSDT: beta=1.0010, std=2.7855
2026-01-23 15:20:18,231 - INFO -     3. CYBERUSDT-FIDAUSDT: beta=13.5831, std=0.3390
2026-01-23 15:20:18,231 - INFO -   Всего пар для торговли: 20 (ограничение 20 применяется к одновременно открытым позициям)
2026-01-23 15:20:18,232 - INFO -   💰 Проверка расчета капитала: equity=$1,815.29, кандидатных_пар=20, max_позиций=20
2026-01-23 15:20:18,232 - INFO -   🎯 Target concurrency: 20 (ожидаемое одновременное число позиций)
2026-01-23 15:20:18,232 - INFO -   📊 Детали расчета капитала:
2026-01-23 15:20:18,232 - INFO -      • Базовый капитал на пару: $90.76 (equity / target_concurrency)
2026-01-23 15:20:18,232 - INFO -      • Риск-капитал: $31.77 (1.8% от equity)
2026-01-23 15:20:18,232 - INFO -      • Макс. размер позиции: $90.76 (5.0% от equity)
2026-01-23 15:20:18,232 - INFO -      • Итоговый капитал на пару: $31.77
2026-01-23 15:20:18,232 - INFO - ⇢ WF-шаг 2/3 backtests — starting 20 items
2026-01-23 15:20:18,232 - INFO - 🚀 WF-шаг 2/3: Начинаем бэктесты для 20 пар...
2026-01-23 15:20:18,232 - INFO - 🚀 WF-шаг 2/3: Запускаем параллельную обработку 20 пар на 8 ядрах...
2026-01-23 15:20:18,232 - INFO - 🚀 WF-шаг 2/3: Режим параллельности: процессы
⚙️  Загрузка данных за период: 2024-11-02 -> 2025-03-02
📂 Найдено 43 parquet файлов для обработки.
📊 Схема данных: Schema({'timestamp': Int64, 'open': Float64, 'high': Float64, 'low': Float64, 'close': Float64, 'volume': Float64, 'turnover': String, 'ts_ms': Int64, 'symbol': String})
✅ Загружено 6311429 записей с помощью Polars.
📊 Типы данных в pandas: timestamp       datetime64[us]
symbol                  object
close                  float64
timestamp_ms             int64
dtype: object
2026-01-23 15:20:18,293 - coint2.engine.numba_engine - INFO - Запуск Numba-оптимизированного бэктеста для ETHDAI-ETHEUR
2026-01-23 15:20:18,324 - coint2.engine.numba_engine - INFO - Запуск Numba-оптимизированного бэктеста для ETHUSDC-ETHUSDT
2026-01-23 15:20:18,354 - coint2.engine.numba_engine - INFO - Запуск Numba-оптимизированного бэктеста для CYBERUSDT-FIDAUSDT
2026-01-23 15:20:18,376 - coint2.engine.numba_engine - INFO - Запуск Numba-оптимизированного бэктеста для APEUSDC-HFTUSDC
2026-01-23 15:20:18,384 - coint2.engine.numba_engine - INFO - Запуск Numba-оптимизированного бэктеста для AVAUSDT-KASTAUSDT
2026-01-23 15:20:18,397 - coint2.engine.numba_engine - INFO - Запуск Numba-оптимизированного бэктеста для BATUSDT-JSTUSDT
2026-01-23 15:20:18,405 - coint2.engine.numba_engine - INFO - Запуск Numba-оптимизированного бэктеста для APEUSDT-HFTUSDC
2026-01-23 15:20:18,417 - coint2.engine.numba_engine - INFO - Запуск Numba-оптимизированного бэктеста для DYDXUSDT-KCALUSDT
2026-01-23 15:20:18,427 - coint2.engine.numba_engine - INFO - Запуск Numba-оптимизированного бэктеста для AFCUSDT-CITYUSDT
2026-01-23 15:20:18,435 - coint2.engine.numba_engine - INFO - Запуск Numba-оптимизированного бэктеста для FLOWUSDT-JSTUSDT
2026-01-23 15:20:18,446 - coint2.engine.numba_engine - INFO - Запуск Numba-оптимизированного бэктеста для CBKUSDT-ETCUSDT
2026-01-23 15:20:18,457 - coint2.engine.numba_engine - INFO - Запуск Numba-оптимизированного бэктеста для GODSUSDT-KCALUSDT
2026-01-23 15:20:18,468 - coint2.engine.numba_engine - INFO - Запуск Numba-оптимизированного бэктеста для BICOUSDT-KASTAUSDT
2026-01-23 15:20:18,474 - coint2.engine.numba_engine - INFO - Запуск Numba-оптимизированного бэктеста для CBKUSDT-FILUSDT
2026-01-23 15:20:18,490 - coint2.engine.numba_engine - INFO - Запуск Numba-оптимизированного бэктеста для GMTUSDT-KCALUSDT
2026-01-23 15:20:18,498 - coint2.engine.numba_engine - INFO - Запуск Numba-оптимизированного бэктеста для DMAILUSDT-FIDAUSDT
2026-01-23 15:20:18,516 - coint2.engine.numba_engine - INFO - Запуск Numba-оптимизированного бэктеста для CBKUSDT-FILUSDC
2026-01-23 15:20:18,528 - coint2.engine.numba_engine - INFO - Запуск Numba-оптимизированного бэктеста для FIDAUSDT-KAVAUSDT
2026-01-23 15:20:18,587 - coint2.engine.numba_engine - INFO - Запуск Numba-оптимизированного бэктеста для 1INCHUSDT-AXSUSDT
2026-01-23 15:20:18,608 - coint2.engine.numba_engine - INFO - Запуск Numba-оптимизированного бэктеста для BICOUSDT-DUELUSDT
2026-01-23 15:20:18,656 - INFO -   ⏱️ Параллельная обработка завершена за 0.4с (47.3 пар/с)
2026-01-23 15:20:18,668 - coint2.pipeline.walk_forward_orchestrator - INFO - 🎯 СИМУЛЯЦИЯ ПОРТФЕЛЯ: 20 пар, лимит 20 позиций
2026-01-23 15:20:19,371 - coint2.pipeline.walk_forward_orchestrator - INFO -    📈 Макс. одновременных сигналов: 17
2026-01-23 15:20:19,371 - coint2.pipeline.walk_forward_orchestrator - INFO -    📊 Средн. сигналов за период: 8.8
2026-01-23 15:20:19,371 - coint2.pipeline.walk_forward_orchestrator - INFO -    🎯 Финальных активных позиций: 7
2026-01-23 15:20:19,372 - coint2.pipeline.walk_forward_orchestrator - INFO -    ⚡ Утилизация лимита позиций: 43.8%
2026-01-23 15:20:19,373 - INFO - ⇠ WF-шаг 2/3 backtests — completed 20 items in 1.14s (17.5 items/s)
2026-01-23 15:20:19,373 - INFO -   ✅ Обработка завершена: 20 успешно, 0 с ошибками
2026-01-23 15:20:19,373 - INFO -   📊 Успешность: 100.0%, прибыльность: 25.0%, сделок/пара: 50.5
2026-01-23 15:20:19,373 - INFO -   ✅ Завершены бэктесты для 20 пар
2026-01-23 15:20:19,373 - INFO -   📊 Всего обработано пар в этом шаге: 20
2026-01-23 15:20:19,373 - INFO -   📈 Результаты шага: 5/20 прибыльных пар, 1009 сделок
2026-01-23 15:20:19,373 - INFO -   💰 P&L шага: $-449.89
2026-01-23 15:20:19,373 - INFO -   ⇢ Обновление капитала и дневного P&L...
2026-01-23 15:20:20,697 - INFO -   💼 Шаг P&L: $-449.89, Накопленный капитал: $1,365.40
2026-01-23 15:20:20,697 - INFO - ------------------------------------------------------------
2026-01-23 15:20:20,697 - INFO -   Walk-forward steps: 2 / 3 (66.7%) | 0.1 items/s | ETA: 17.3s
2026-01-23 15:20:20,697 - INFO - 🔍 WF-шаг 3/3: Валидация временных окон...
2026-01-23 15:20:20,698 - INFO - ⇢ WF-шаг 3/3: training 2024-12-02-2025-03-01, testing 2025-03-02-2025-04-01 — start
2026-01-23 15:20:20,698 - INFO - ⇢ loading step data — start
2026-01-23 15:20:21,151 - INFO - ⇠ loading step data — done in 0.45s
2026-01-23 15:20:25,466 - INFO - 📊 WF-шаг 3/3: Границы данных:
2026-01-23 15:20:25,466 - INFO -    Training: 2024-12-02 00:00:00 → 2025-03-01 23:45:00 (8,640 строк × 595 символов)
2026-01-23 15:20:25,466 - INFO -    Testing:  2025-03-02 00:00:00 → 2025-04-01 00:00:00 (2,881 строк × 595 символов)
2026-01-23 15:20:25,467 - INFO -    Временной разрыв: 0 days 00:15:00
2026-01-23 15:20:25,544 - INFO - ⇢ normalizing training data — start
2026-01-23 15:20:25,618 - INFO -   Символы с NaN значениями: 65
2026-01-23 15:20:25,618 - INFO -   Применяем метод нормализации: rolling_zscore
2026-01-23 15:20:25,681 - INFO - Символы с недостаточной историей: 48 из 595
2026-01-23 15:20:26,983 - INFO - Символы с NaN после нормализации: 547
2026-01-23 15:20:27,006 - INFO - Удалено 1673 начальных строк с NaN от rolling расчетов
2026-01-23 15:20:27,010 - INFO - Итоговое количество символов после нормализации: 547 из 595
2026-01-23 15:20:27,014 - INFO -   Статистика нормализации:
2026-01-23 15:20:27,014 - INFO -     Исходные символы: 595
2026-01-23 15:20:27,015 - INFO -     Недостаточная история: 48
2026-01-23 15:20:27,015 - INFO -     Постоянная цена: 0
2026-01-23 15:20:27,015 - INFO -     NaN после нормализации: 547
2026-01-23 15:20:27,015 - INFO -     Итоговые символы: 547 (91.9%)
2026-01-23 15:20:27,015 - INFO -   После нормализации: 547 символов (потеряно 48)
2026-01-23 15:20:27,015 - INFO -   Отброшено много символов: 48 из 595
2026-01-23 15:20:27,015 - INFO - ⇠ normalizing training data — done in 1.47s
2026-01-23 15:20:27,015 - INFO -   Фиксированный universe: 250 пар (отфильтровано 0 недоступных)
2026-01-23 15:20:27,016 - INFO - ⇢ filtering pairs by cointegration and half-life — start
2026-01-23 15:20:27,016 - INFO - [ФИЛЬТР] Параллельная фильтрация: threads (8 workers)
2026-01-23 15:20:38,385 - INFO - [ФИЛЬТР] После проверки данных: 250 пар
2026-01-23 15:20:38,385 - INFO - [ФИЛЬТР] После фильтра корреляции (>0.4): 214 пар
2026-01-23 15:20:38,385 - INFO - [ФИЛЬТР] После фильтра beta: 183 пар
2026-01-23 15:20:38,385 - INFO - [ФИЛЬТР] После фильтра mean crossings: 183 пар
2026-01-23 15:20:38,385 - INFO - [ФИЛЬТР] После фильтра half-life: 183 пар
2026-01-23 15:20:38,385 - INFO - [ФИЛЬТР] После фильтра коинтеграции: 134 пар
2026-01-23 15:20:38,385 - INFO - [ФИЛЬТР] После фильтра Hurst: 103 пар
2026-01-23 15:20:38,386 - INFO - [ФИЛЬТР] После фильтра KPSS: 103 пар
2026-01-23 15:20:38,386 - INFO - [ФИЛЬТР] После фильтра market microstructure: 103 пар
2026-01-23 15:20:38,386 - INFO - [ФИЛЬТР] Статистика фильтрации (оптимизированный порядок):
2026-01-23 15:20:38,386 - INFO -   1. SSD → Коинтеграция: 250 → 134 пар
2026-01-23 15:20:38,386 - INFO -   2. Коинтеграция → Beta: 134 → 183 пар
2026-01-23 15:20:38,386 - INFO -   3. Beta → Half-life: 183 → 183 пар
2026-01-23 15:20:38,386 - INFO -   4. Half-life → Mean crossings: 183 → 183 пар
2026-01-23 15:20:38,386 - INFO -   5. Mean crossings → Hurst: 183 → 103 пар
2026-01-23 15:20:38,386 - INFO -   6. Hurst → KPSS: 103 → 103 пар
2026-01-23 15:20:38,386 - INFO -   7. KPSS → Market microstructure: 103 → 103 пар
2026-01-23 15:20:38,386 - INFO - [ФИЛЬТР] Причины отсева:
2026-01-23 15:20:38,386 - INFO -   • pvalue: 49 пар (19.6%)
2026-01-23 15:20:38,386 - INFO -   • low_correlation: 36 пар (14.4%)
2026-01-23 15:20:38,386 - INFO -   • beta: 31 пар (12.4%)
2026-01-23 15:20:38,386 - INFO -   • hurst: 31 пар (12.4%)
2026-01-23 15:20:38,386 - INFO - [ФИЛЬТР] Итого: 250 → 103 пар (41.2% прошли все фильтры)
2026-01-23 15:20:38,388 - INFO - Причины отсева сохранены в results/filter_reasons_20260123_152038.csv
2026-01-23 15:20:38,389 - INFO -   Pair stability filter: 103 → 63 (window=2, min_steps=1, history=2)
2026-01-23 15:20:38,389 - INFO -   Фильтрация: 250 → 63 пар
2026-01-23 15:20:38,389 - INFO - ⇠ filtering pairs by cointegration and half-life — done in 11.37s
2026-01-23 15:20:38,389 - INFO - ⇠ WF-шаг 3/3: training 2024-12-02-2025-03-01, testing 2025-03-02-2025-04-01 — done in 17.69s
2026-01-23 15:20:38,389 - INFO -   Ограничение max_pairs=20: 63 → 20
2026-01-23 15:20:38,389 - INFO -   Топ-3 пары по волатильности спреда:
2026-01-23 15:20:38,389 - INFO -     1. BTCUSDC-BTCUSDT: beta=1.0032, std=65.7783
2026-01-23 15:20:38,389 - INFO -     2. ETHDAI-ETHEUR: beta=1.0539, std=36.1543
2026-01-23 15:20:38,389 - INFO -     3. ETCUSDT-JUVUSDT: beta=14.3982, std=3.0702
2026-01-23 15:20:38,389 - INFO -   Всего пар для торговли: 20 (ограничение 20 применяется к одновременно открытым позициям)
2026-01-23 15:20:38,389 - INFO -   💰 Проверка расчета капитала: equity=$1,365.40, кандидатных_пар=20, max_позиций=20
2026-01-23 15:20:38,389 - INFO -   🎯 Target concurrency: 20 (ожидаемое одновременное число позиций)
2026-01-23 15:20:38,390 - INFO -   📊 Детали расчета капитала:
2026-01-23 15:20:38,390 - INFO -      • Базовый капитал на пару: $68.27 (equity / target_concurrency)
2026-01-23 15:20:38,390 - INFO -      • Риск-капитал: $23.89 (1.8% от equity)
2026-01-23 15:20:38,390 - INFO -      • Макс. размер позиции: $68.27 (5.0% от equity)
2026-01-23 15:20:38,390 - INFO -      • Итоговый капитал на пару: $23.89
2026-01-23 15:20:38,390 - INFO - ⇢ WF-шаг 3/3 backtests — starting 20 items
2026-01-23 15:20:38,390 - INFO - 🚀 WF-шаг 3/3: Начинаем бэктесты для 20 пар...
2026-01-23 15:20:38,390 - INFO - 🚀 WF-шаг 3/3: Запускаем параллельную обработку 20 пар на 8 ядрах...
2026-01-23 15:20:38,390 - INFO - 🚀 WF-шаг 3/3: Режим параллельности: процессы
⚙️  Загрузка данных за период: 2024-12-02 -> 2025-04-01
📂 Найдено 43 parquet файлов для обработки.
📊 Схема данных: Schema({'timestamp': Int64, 'open': Float64, 'high': Float64, 'low': Float64, 'close': Float64, 'volume': Float64, 'turnover': String, 'ts_ms': Int64, 'symbol': String})
✅ Загружено 6507634 записей с помощью Polars.
📊 Типы данных в pandas: timestamp       datetime64[us]
symbol                  object
close                  float64
timestamp_ms             int64
dtype: object
2026-01-23 15:20:38,453 - coint2.engine.numba_engine - INFO - Запуск Numba-оптимизированного бэктеста для BTCUSDC-BTCUSDT
2026-01-23 15:20:38,487 - coint2.engine.numba_engine - INFO - Запуск Numba-оптимизированного бэктеста для ETHDAI-ETHEUR
2026-01-23 15:20:38,514 - coint2.engine.numba_engine - INFO - Запуск Numba-оптимизированного бэктеста для ETCUSDT-JUVUSDT
2026-01-23 15:20:38,537 - coint2.engine.numba_engine - INFO - Запуск Numba-оптимизированного бэктеста для AXSUSDT-DOTUSDT
2026-01-23 15:20:38,546 - coint2.engine.numba_engine - INFO - Запуск Numba-оптимизированного бэктеста для FILUSDC-JUVUSDT
2026-01-23 15:20:38,562 - coint2.engine.numba_engine - INFO - Запуск Numba-оптимизированного бэктеста для CBKUSDT-ETCUSDT
2026-01-23 15:20:38,575 - coint2.engine.numba_engine - INFO - Запуск Numba-оптимизированного бэктеста для FILUSDT-JUVUSDT
2026-01-23 15:20:38,588 - coint2.engine.numba_engine - INFO - Запуск Numba-оптимизированного бэктеста для DYDXUSDT-KCALUSDT
2026-01-23 15:20:38,595 - coint2.engine.numba_engine - INFO - Запуск Numba-оптимизированного бэктеста для CYBERUSDT-FIDAUSDT
2026-01-23 15:20:38,606 - coint2.engine.numba_engine - INFO - Запуск Numba-оптимизированного бэктеста для AVAUSDT-FLOWUSDT
2026-01-23 15:20:38,610 - coint2.engine.numba_engine - INFO - Запуск Numba-оптимизированного бэктеста для FLOWUSDT-JUVUSDT
2026-01-23 15:20:38,618 - coint2.engine.numba_engine - INFO - Запуск Numba-оптимизированного бэктеста для AXLUSDT-IZIUSDT
2026-01-23 15:20:38,633 - coint2.engine.numba_engine - INFO - Запуск Numba-оптимизированного бэктеста для DYDXUSDT-KSMUSDT
2026-01-23 15:20:38,649 - coint2.engine.numba_engine - INFO - Запуск Numba-оптимизированного бэктеста для AVAUSDT-KASTAUSDT
2026-01-23 15:20:38,655 - coint2.engine.numba_engine - INFO - Запуск Numba-оптимизированного бэктеста для CITYUSDT-GRTUSDT
2026-01-23 15:20:38,658 - coint2.engine.numba_engine - INFO - Запуск Numba-оптимизированного бэктеста для APEXUSDC-KASTAUSDT
2026-01-23 15:20:38,668 - coint2.engine.numba_engine - INFO - Запуск Numba-оптимизированного бэктеста для AXSUSDT-DOTUSDC
2026-01-23 15:20:38,702 - coint2.engine.numba_engine - INFO - Запуск Numba-оптимизированного бэктеста для APEXUSDT-KASTAUSDT
2026-01-23 15:20:38,735 - coint2.engine.numba_engine - INFO - Запуск Numba-оптимизированного бэктеста для ARTYUSDT-KDAUSDT
2026-01-23 15:20:38,751 - coint2.engine.numba_engine - INFO - Запуск Numba-оптимизированного бэктеста для ARTYUSDT-CRVUSDT
2026-01-23 15:20:38,799 - INFO -   ⏱️ Параллельная обработка завершена за 0.4с (49.0 пар/с)
2026-01-23 15:20:38,811 - coint2.pipeline.walk_forward_orchestrator - INFO - 🎯 СИМУЛЯЦИЯ ПОРТФЕЛЯ: 20 пар, лимит 20 позиций
2026-01-23 15:20:39,506 - coint2.pipeline.walk_forward_orchestrator - INFO -    📈 Макс. одновременных сигналов: 16
2026-01-23 15:20:39,506 - coint2.pipeline.walk_forward_orchestrator - INFO -    📊 Средн. сигналов за период: 7.6
2026-01-23 15:20:39,506 - coint2.pipeline.walk_forward_orchestrator - INFO -    🎯 Финальных активных позиций: 13
2026-01-23 15:20:39,508 - coint2.pipeline.walk_forward_orchestrator - INFO -    ⚡ Утилизация лимита позиций: 37.8%
2026-01-23 15:20:39,508 - INFO - ⇠ WF-шаг 3/3 backtests — completed 20 items in 1.12s (17.9 items/s)
2026-01-23 15:20:39,508 - INFO -   ✅ Обработка завершена: 20 успешно, 0 с ошибками
2026-01-23 15:20:39,508 - INFO -   📊 Успешность: 100.0%, прибыльность: 50.0%, сделок/пара: 48.5
2026-01-23 15:20:39,508 - INFO -   ✅ Завершены бэктесты для 20 пар
2026-01-23 15:20:39,508 - INFO -   📊 Всего обработано пар в этом шаге: 20
2026-01-23 15:20:39,509 - INFO -   📈 Результаты шага: 10/20 прибыльных пар, 970 сделок
2026-01-23 15:20:39,509 - INFO -   💰 P&L шага: $-85.24
2026-01-23 15:20:39,509 - INFO -   ⇢ Обновление капитала и дневного P&L...
2026-01-23 15:20:40,948 - INFO -   💼 Шаг P&L: $-85.24, Накопленный капитал: $1,280.16
2026-01-23 15:20:40,948 - INFO - ------------------------------------------------------------
2026-01-23 15:20:40,948 - INFO -   Walk-forward steps: 3 / 3 (100.0%) | 0.1 items/s | ETA: 0.0s
2026-01-23 15:20:40,948 - INFO - ⇠ Walk-forward steps — completed 3 items in 54.90s (0.1 items/s)
2026-01-23 15:20:40,948 - INFO - ================================================================================
2026-01-23 15:20:40,948 - INFO - 🏁 Walk-forward анализ завершен!
2026-01-23 15:20:40,948 - INFO - ⏱️ Обработано 3 шагов за 2.6 секунд
2026-01-23 15:20:40,948 - INFO - 📊 Всего обработано пар за весь анализ: 60
2026-01-23 15:20:40,948 - INFO - 💰 Финальный капитал: $1,280.16 (было $1,000.00)
2026-01-23 15:20:40,949 - INFO - 📈 Общая доходность: +28.02% ($+280.16)
2026-01-23 15:20:40,949 - INFO - 📊 Всего сделок: 0
2026-01-23 15:20:40,949 - INFO - ================================================================================
2026-01-23 15:20:40,949 - INFO - ✓ Завершены все 3 WF-шагов
2026-01-23 15:20:40,949 - INFO - ⇢ Обработка финальных результатов и расчет метрик...
2026-01-23 15:20:40,949 - INFO - ⇢ processing final results — start
2026-01-23 15:20:40,949 - INFO -   ⇢ Агрегация данных P&L за 8643 торговых дней
2026-01-23 15:20:40,971 - INFO -   ⇢ Расчет базовых метрик производительности...
2026-01-23 15:20:40,972 - INFO -     📊 Данные для анализа: 8643 записей P&L, 8641 точек equity
2026-01-23 15:20:40,974 - INFO -   ⇢ Расчет расширенных метрик (волатильность, Calmar ratio, и др.)...
2026-01-23 15:20:40,974 - INFO -   ✅ Расширенные метрики рассчитаны: 6 показателей
2026-01-23 15:20:40,975 - INFO -   ⇢ Анализ статистики по 60 парам...
2026-01-23 15:20:40,979 - INFO - ✅ Рассчитаны метрики производительности (26 показателей)
2026-01-23 15:20:40,979 - INFO -   💰 Общий P&L: $+280.16
2026-01-23 15:20:40,979 - INFO -   📊 Sharpe Ratio: 1.659
2026-01-23 15:20:40,979 - INFO -   📉 Максимальная просадка: -83647.93%
2026-01-23 15:20:40,979 - INFO -   🔄 Всего сделок: 2960
2026-01-23 15:20:40,979 - INFO -   📈 Торгуемых пар: 37
2026-01-23 15:20:40,979 - INFO -   💸 Общие издержки: $239.93
2026-01-23 15:20:40,980 - coint2.metrics - INFO - Metric: total_pnl
2026-01-23 15:20:40,980 - coint2.metrics - INFO - Metric: sharpe_ratio_abs
2026-01-23 15:20:40,980 - coint2.metrics - INFO - Metric: max_drawdown_pct
2026-01-23 15:20:40,980 - coint2.metrics - INFO - Metric: total_trades
2026-01-23 15:20:40,980 - coint2.metrics - INFO - Metric: total_pairs_traded
2026-01-23 15:20:40,980 - coint2.metrics - INFO - Metric: total_costs
2026-01-23 15:20:40,981 - INFO - ⇠ processing final results — done in 0.03s
2026-01-23 15:20:40,981 - INFO - ⇢ Создание отчетов и сохранение результатов...
2026-01-23 15:20:40,981 - INFO - ⇢ generating reports — start
2026-01-23 15:20:40,981 - INFO -   ⇢ Создание отчета о производительности...
2026-01-23 15:20:47,126 - INFO -   ✓ Отчет о производительности создан
2026-01-23 15:20:47,126 - INFO -   ⇢ Сохранение данных в CSV файлы...
2026-01-23 15:20:47,128 - INFO - 📋 Метрики сохранены: artifacts/wfa/runs/20260123_budget1000_oos20250101_20250630_top50_maxnot40_riskfine2_shortlist/stress_relaxed8_nokpss_20260123_oos20250101_20250630_top50_z1p00_exit0p06_hold180_cd180_ms0p2_cap1000_maxnot40_risk0p0175_minnot15_maxpairs20/strategy_metrics.csv
2026-01-23 15:20:47,129 - INFO - 📈 Дневные P&L сохранены: artifacts/wfa/runs/20260123_budget1000_oos20250101_20250630_top50_maxnot40_riskfine2_shortlist/stress_relaxed8_nokpss_20260123_oos20250101_20250630_top50_z1p00_exit0p06_hold180_cd180_ms0p2_cap1000_maxnot40_risk0p0175_minnot15_maxpairs20/daily_pnl.csv (91 записей)
2026-01-23 15:20:47,161 - INFO - 💹 Кривая капитала сохранена: artifacts/wfa/runs/20260123_budget1000_oos20250101_20250630_top50_maxnot40_riskfine2_shortlist/stress_relaxed8_nokpss_20260123_oos20250101_20250630_top50_z1p00_exit0p06_hold180_cd180_ms0p2_cap1000_maxnot40_risk0p0175_minnot15_maxpairs20/equity_curve.csv (8641 точек)
2026-01-23 15:20:47,164 - INFO - 📋 Статистика сделок сохранена: artifacts/wfa/runs/20260123_budget1000_oos20250101_20250630_top50_maxnot40_riskfine2_shortlist/stress_relaxed8_nokpss_20260123_oos20250101_20250630_top50_z1p00_exit0p06_hold180_cd180_ms0p2_cap1000_maxnot40_risk0p0175_minnot15_maxpairs20/trade_statistics.csv (60 записей)
2026-01-23 15:20:47,164 - INFO - 🎉 Walk-Forward анализ полностью завершен!
2026-01-23 15:20:47,164 - INFO - 📊 Все отчеты и данные сохранены в: artifacts/wfa/runs/20260123_budget1000_oos20250101_20250630_top50_maxnot40_riskfine2_shortlist/stress_relaxed8_nokpss_20260123_oos20250101_20250630_top50_z1p00_exit0p06_hold180_cd180_ms0p2_cap1000_maxnot40_risk0p0175_minnot15_maxpairs20
2026-01-23 15:20:47,164 - INFO - 💼 Итоговый капитал: $1,280.16
2026-01-23 15:20:47,164 - INFO - ⏱️  Общее время выполнения: 8.8 секунд
2026-01-23 15:20:47,164 - INFO - ⇠ generating reports — done in 6.18s
2026-01-23 15:20:47,164 - coint2.core.memory_optimization - INFO - 🧹 Cleaning up global price data
2026-01-23 15:20:47,170 - coint2.core.memory_optimization - INFO - 📊 No global rolling stats to clean up
2026-01-23 15:20:47,171 - INFO - 🧹 Memory-mapped data cleaned up
2026-01-23 15:20:47,172 - INFO - ⇠ run_walk_forward_analysis — done in 70.03s
📊 Отчет сохранен: artifacts/wfa/runs/20260123_budget1000_oos20250101_20250630_top50_maxnot40_riskfine2_shortlist/stress_relaxed8_nokpss_20260123_oos20250101_20250630_top50_z1p00_exit0p06_hold180_cd180_ms0p2_cap1000_maxnot40_risk0p0175_minnot15_maxpairs20/CointegrationStrategy_performance_report.png
🎯 ============================================================
📊 ИТОГИ ТОРГОВОЙ СТРАТЕГИИ
🎯 ============================================================

💰 ФИНАНСОВЫЕ РЕЗУЛЬТАТЫ:
   • Общий P&L:                          280
   • Максимальная просадка:             -836
   • Средний дневной P&L:                  3

📈 МЕТРИКИ РИСКА:
   • Коэффициент Шарпа:               1.6594
   • Волатильность P&L:                66.87
   • Процент прибыльных дней:         57.14%

🔄 ТОРГОВАЯ АКТИВНОСТЬ:
   • Всего торговых дней:                 91
   • Всего сделок:                     2,960
   • Торгуемых пар:                       37
   • Сделок на пару:                    49.3
   • Успешность сделок:               0.86%

💸 РАСХОДЫ И ЭКСТРЕМУМЫ:
   • Общие расходы:                      240
   • Максимальная прибыль:               190
   • Максимальный убыток:               -423
   • Лучшая пара (P&L):                  349
   • Худшая пара (P&L):                 -141

📊 ОЦЕНКА СТРАТЕГИИ:
   ✅ ОТЛИЧНАЯ стратегия! Высокий Шарп и положительный результат

🎯 ============================================================

Annualized Sharpe Ratio: 1.65940785744617
[run_wfa_fullcpu] end: 2026-01-23T15:20:48Z
