[run_wfa_queue] 2026-01-23T14:06:54Z cmd: /opt/coint4/coint4/run_wfa_fullcpu.sh configs/budget_20260123_1000_capsweep_oos20240101_20240630_top50_maxnot40_lowrisk_maxpairsgrid/stress_relaxed8_nokpss_20260123_oos20240101_20240630_top50_z1p00_exit0p06_hold180_cd180_ms0p2_cap1000_maxnot40_risk0p015_minnot20_maxpairs30.yaml artifacts/wfa/runs/20260123_budget1000_oos20240101_20240630_top50_maxnot40_lowrisk_maxpairsgrid/stress_relaxed8_nokpss_20260123_oos20240101_20240630_top50_z1p00_exit0p06_hold180_cd180_ms0p2_cap1000_maxnot40_risk0p015_minnot20_maxpairs30
[run_wfa_fullcpu] start: 2026-01-23T14:06:54Z
[run_wfa_fullcpu] os.cpu_count: 8
[run_wfa_fullcpu] worker_pid=3919
2026-01-23 14:06:57,748 - coint2.core.memory_optimization - INFO - ✅ BLAS threading limits set to 1 via threadpoolctl
2026-01-23 14:06:57,749 - coint2.core.memory_optimization - INFO - 🔧 Controlled libraries: openblas, openmp
2026-01-23 14:06:57,749 - coint2.core.memory_optimization - INFO - 🧵 Process threads: 2 → 2
2026-01-23 14:06:57,749 - coint2.core.memory_optimization - INFO - 📝 Set 11 environment variables
2026-01-23 14:06:58,117 - INFO - ✅ Параметры конфигурации валидны
2026-01-23 14:06:58,117 - INFO - 📝 Некоторые параметры были скорректированы:
2026-01-23 14:06:58,280 - INFO - 🔒 WFA: фиксированный universe из artifacts/universe/20260119_relaxed8_strict_preholdout_v2/pairs_universe.yaml (250 пар)
2026-01-23 14:06:58,281 - INFO -   Шаг 1: тренировка 2023-10-03-2023-12-31, тест 2024-01-01-2024-01-31
2026-01-23 14:06:58,281 - INFO -   Шаг 2: тренировка 2023-11-02-2024-01-30, тест 2024-01-31-2024-03-01
2026-01-23 14:06:58,281 - INFO -   Шаг 3: тренировка 2023-12-02-2024-02-29, тест 2024-03-01-2024-03-31
2026-01-23 14:06:58,281 - INFO -   Шаг 4: тренировка 2024-01-01-2024-03-30, тест 2024-03-31-2024-04-30
2026-01-23 14:06:58,281 - INFO -   Шаг 5: тренировка 2024-01-31-2024-04-29, тест 2024-04-30-2024-05-30
2026-01-23 14:06:58,281 - INFO -   Шаг 6: тренировка 2024-03-01-2024-05-29, тест 2024-05-30-2024-06-29
2026-01-23 14:06:58,281 - INFO -   Шаг 7: тренировка 2024-03-31-2024-06-28, тест 2024-06-29-2024-07-29
2026-01-23 14:06:58,281 - INFO - 📈 Запланировано 7 walk-forward шагов
2026-01-23 14:06:58,281 - INFO - ⛔ Ограничение WFA шагов: 7 → 3
2026-01-23 14:06:58,281 - WARNING - ⚠️ Маленький буфер между training и testing в шаге 1: 0 дней. Рекомендуется минимум 1 день.
2026-01-23 14:06:58,281 - WARNING - ⚠️ Маленький буфер между training и testing в шаге 2: 0 дней. Рекомендуется минимум 1 день.
2026-01-23 14:06:58,281 - WARNING - ⚠️ Маленький буфер между training и testing в шаге 3: 0 дней. Рекомендуется минимум 1 день.
2026-01-23 14:06:58,281 - INFO - ✅ Шаги успешно запланированы:
2026-01-23 14:06:58,281 - INFO -    Шаг 1: тренировка 2023-10-03-2023-12-31, тест 2024-01-01-2024-01-31
2026-01-23 14:06:58,281 - INFO -    Шаг 2: тренировка 2023-11-02-2024-01-30, тест 2024-01-31-2024-03-01
2026-01-23 14:06:58,281 - INFO -    Шаг 3: тренировка 2023-12-02-2024-02-29, тест 2024-03-01-2024-03-31
2026-01-23 14:06:58,281 - INFO - 🗂️ Consolidating price data for memory-mapped access...
2026-01-23 14:06:58,281 - INFO - 📊 Consolidating data range: 2023-09-28 → 2024-04-05
2026-01-23 14:06:58,282 - coint2.core.memory_optimization - INFO - 🔄 Consolidating price data from data_downloaded to .cache/consolidated_prices.parquet
2026-01-23 14:06:58,282 - INFO - ⇢ loading raw data for consolidation — start
2026-01-23 14:06:59,073 - INFO - ⇠ loading raw data for consolidation — done in 0.79s
2026-01-23 14:06:59,074 - INFO - ⇢ pivoting data to wide format — start
2026-01-23 14:07:03,322 - INFO - ⇠ pivoting data to wide format — done in 4.25s
2026-01-23 14:07:03,378 - coint2.core.memory_optimization - INFO - 📊 Consolidated data: 18241 rows × 366 symbols
2026-01-23 14:07:03,379 - coint2.core.memory_optimization - INFO - 💾 Memory usage: 26.9 MB
2026-01-23 14:07:03,379 - INFO - ⇢ writing consolidated Parquet file — start
2026-01-23 14:07:03,604 - INFO - ⇠ writing consolidated Parquet file — done in 0.22s
2026-01-23 14:07:03,604 - coint2.core.memory_optimization - INFO - ✅ Successfully consolidated data to .cache/consolidated_prices.parquet
2026-01-23 14:07:03,624 - coint2.core.memory_optimization - INFO - 🔄 Initializing memory-mapped price data from .cache/consolidated_prices.parquet
2026-01-23 14:07:03,625 - INFO - ⇢ loading memory-mapped data — start
2026-01-23 14:07:03,625 - coint2.core.memory_optimization - WARNING - ⚠️ memory_map не поддерживается в текущей версии pyarrow, fallback без mmap
2026-01-23 14:07:03,633 - ERROR - ⇠ loading memory-mapped data — failed after 0.01s: Could not open Parquet input source '.cache/consolidated_prices.parquet': Parquet magic bytes not found in footer. Either the file is corrupted or this is not a parquet file.
2026-01-23 14:07:03,634 - coint2.core.memory_optimization - ERROR - ❌ Error initializing global price data: Could not open Parquet input source '.cache/consolidated_prices.parquet': Parquet magic bytes not found in footer. Either the file is corrupted or this is not a parquet file.
Traceback (most recent call last):
  File "/opt/coint4/coint4/src/coint2/core/memory_optimization.py", line 170, in initialize_global_price_data
    table = dataset.to_table()
            ^^^^^^^^^^^^^^^^^^
  File "pyarrow/_dataset.pyx", line 589, in pyarrow._dataset.Dataset.to_table
  File "pyarrow/_dataset.pyx", line 3969, in pyarrow._dataset.Scanner.to_table
  File "pyarrow/error.pxi", line 155, in pyarrow.lib.pyarrow_internal_check_status
  File "pyarrow/error.pxi", line 92, in pyarrow.lib.check_status
pyarrow.lib.ArrowInvalid: Could not open Parquet input source '.cache/consolidated_prices.parquet': Parquet magic bytes not found in footer. Either the file is corrupted or this is not a parquet file.
2026-01-23 14:07:03,635 - INFO - ✅ Memory-mapped data initialized successfully
2026-01-23 14:07:03,636 - INFO - ⇢ Walk-forward steps — starting 3 items
2026-01-23 14:07:03,636 - INFO - 📈 Инициализация equity кривой с первой тестовой даты: 2024-01-01 00:00:00
2026-01-23 14:07:03,636 - INFO - 🔍 WF-шаг 1/3: Валидация временных окон...
2026-01-23 14:07:03,637 - INFO - ⇢ WF-шаг 1/3: training 2023-10-03-2023-12-31, testing 2024-01-01-2024-01-31 — start
2026-01-23 14:07:03,637 - INFO - ⇢ loading step data — start
2026-01-23 14:07:03,908 - INFO - ⇠ loading step data — done in 0.27s
2026-01-23 14:07:06,213 - INFO - 📊 WF-шаг 1/3: Границы данных:
2026-01-23 14:07:06,213 - INFO -    Training: 2023-10-03 00:00:00 → 2023-12-31 23:45:00 (8,640 строк × 329 символов)
2026-01-23 14:07:06,214 - INFO -    Testing:  2024-01-01 00:00:00 → 2024-01-31 00:00:00 (2,881 строк × 329 символов)
2026-01-23 14:07:06,214 - INFO -    Временной разрыв: 0 days 00:15:00
2026-01-23 14:07:06,263 - INFO - ⇢ normalizing training data — start
2026-01-23 14:07:06,318 - INFO -   Символы с NaN значениями: 53
2026-01-23 14:07:06,318 - INFO -   Применяем метод нормализации: rolling_zscore
2026-01-23 14:07:06,343 - INFO - Символы с недостаточной историей: 50 из 329
2026-01-23 14:07:07,089 - INFO - Символы с NaN после нормализации: 279
2026-01-23 14:07:07,098 - INFO - Удалено 1577 начальных строк с NaN от rolling расчетов
2026-01-23 14:07:07,102 - INFO - Итоговое количество символов после нормализации: 279 из 329
2026-01-23 14:07:07,102 - INFO -   Статистика нормализации:
2026-01-23 14:07:07,102 - INFO -     Исходные символы: 329
2026-01-23 14:07:07,102 - INFO -     Недостаточная история: 50
2026-01-23 14:07:07,102 - INFO -     Постоянная цена: 0
2026-01-23 14:07:07,102 - INFO -     NaN после нормализации: 279
2026-01-23 14:07:07,102 - INFO -     Итоговые символы: 279 (84.8%)
2026-01-23 14:07:07,103 - INFO -   После нормализации: 279 символов (потеряно 50)
2026-01-23 14:07:07,103 - INFO -   Отброшено много символов: 50 из 329
2026-01-23 14:07:07,103 - INFO - ⇠ normalizing training data — done in 0.84s
2026-01-23 14:07:07,103 - INFO -   Фиксированный universe: 234 пар (отфильтровано 16 недоступных)
2026-01-23 14:07:07,103 - INFO - ⇢ filtering pairs by cointegration and half-life — start
2026-01-23 14:07:07,103 - INFO - [ФИЛЬТР] Параллельная фильтрация: threads (8 workers)
2026-01-23 14:07:15,268 - INFO - [ФИЛЬТР] После проверки данных: 212 пар
2026-01-23 14:07:15,269 - INFO - [ФИЛЬТР] После фильтра корреляции (>0.4): 163 пар
2026-01-23 14:07:15,269 - INFO - [ФИЛЬТР] После фильтра beta: 141 пар
2026-01-23 14:07:15,269 - INFO - [ФИЛЬТР] После фильтра mean crossings: 141 пар
2026-01-23 14:07:15,269 - INFO - [ФИЛЬТР] После фильтра half-life: 141 пар
2026-01-23 14:07:15,269 - INFO - [ФИЛЬТР] После фильтра коинтеграции: 63 пар
2026-01-23 14:07:15,269 - INFO - [ФИЛЬТР] После фильтра Hurst: 48 пар
2026-01-23 14:07:15,269 - INFO - [ФИЛЬТР] После фильтра KPSS: 48 пар
2026-01-23 14:07:15,269 - INFO - [ФИЛЬТР] После фильтра market microstructure: 44 пар
2026-01-23 14:07:15,269 - INFO - [ФИЛЬТР] Статистика фильтрации (оптимизированный порядок):
2026-01-23 14:07:15,269 - INFO -   1. SSD → Коинтеграция: 234 → 63 пар
2026-01-23 14:07:15,269 - INFO -   2. Коинтеграция → Beta: 63 → 141 пар
2026-01-23 14:07:15,269 - INFO -   3. Beta → Half-life: 141 → 141 пар
2026-01-23 14:07:15,269 - INFO -   4. Half-life → Mean crossings: 141 → 141 пар
2026-01-23 14:07:15,269 - INFO -   5. Mean crossings → Hurst: 141 → 48 пар
2026-01-23 14:07:15,269 - INFO -   6. Hurst → KPSS: 48 → 48 пар
2026-01-23 14:07:15,269 - INFO -   7. KPSS → Market microstructure: 48 → 44 пар
2026-01-23 14:07:15,269 - INFO - [ФИЛЬТР] Причины отсева:
2026-01-23 14:07:15,269 - INFO -   • pvalue: 78 пар (33.3%)
2026-01-23 14:07:15,269 - INFO -   • low_correlation: 49 пар (20.9%)
2026-01-23 14:07:15,269 - INFO -   • insufficient_data: 22 пар (9.4%)
2026-01-23 14:07:15,269 - INFO -   • beta: 22 пар (9.4%)
2026-01-23 14:07:15,269 - INFO -   • hurst: 15 пар (6.4%)
2026-01-23 14:07:15,269 - INFO -   • history: 4 пар (1.7%)
2026-01-23 14:07:15,269 - INFO - [ФИЛЬТР] Итого: 234 → 44 пар (18.8% прошли все фильтры)
2026-01-23 14:07:15,276 - INFO - Причины отсева сохранены в results/filter_reasons_20260123_140715.csv
2026-01-23 14:07:15,276 - INFO -   Pair stability filter: insufficient history (0 < 1), skip
2026-01-23 14:07:15,277 - INFO -   Фильтрация: 234 → 44 пар
2026-01-23 14:07:15,277 - INFO - ⇠ filtering pairs by cointegration and half-life — done in 8.17s
2026-01-23 14:07:15,277 - INFO - ⇠ WF-шаг 1/3: training 2023-10-03-2023-12-31, testing 2024-01-01-2024-01-31 — done in 11.64s
2026-01-23 14:07:15,277 - INFO -   Ограничение max_pairs=30: 44 → 30
2026-01-23 14:07:15,277 - INFO -   Топ-3 пары по волатильности спреда:
2026-01-23 14:07:15,277 - INFO -     1. BTCDAI-BTCEUR: beta=1.1665, std=409.8237
2026-01-23 14:07:15,277 - INFO -     2. ETHDAI-ETHEUR: beta=1.1882, std=22.0629
2026-01-23 14:07:15,277 - INFO -     3. BTCUSDC-BTCUSDT: beta=0.9998, std=13.3093
2026-01-23 14:07:15,277 - INFO -   Всего пар для торговли: 30 (ограничение 15 применяется к одновременно открытым позициям)
2026-01-23 14:07:15,277 - INFO -   💰 Проверка расчета капитала: equity=$1,000.00, кандидатных_пар=30, max_позиций=15
2026-01-23 14:07:15,277 - INFO -   🎯 Target concurrency: 15 (ожидаемое одновременное число позиций)
2026-01-23 14:07:15,277 - INFO -   📊 Детали расчета капитала:
2026-01-23 14:07:15,277 - INFO -      • Базовый капитал на пару: $66.67 (equity / target_concurrency)
2026-01-23 14:07:15,277 - INFO -      • Риск-капитал: $15.00 (1.5% от equity)
2026-01-23 14:07:15,277 - INFO -      • Макс. размер позиции: $50.00 (5.0% от equity)
2026-01-23 14:07:15,277 - INFO -      • Итоговый капитал на пару: $15.00
2026-01-23 14:07:15,278 - INFO - ⇢ WF-шаг 1/3 backtests — starting 30 items
2026-01-23 14:07:15,278 - INFO - 🚀 WF-шаг 1/3: Начинаем бэктесты для 30 пар...
2026-01-23 14:07:15,278 - INFO - 🚀 WF-шаг 1/3: Запускаем параллельную обработку 30 пар на 8 ядрах...
2026-01-23 14:07:15,278 - INFO - 🚀 WF-шаг 1/3: Режим параллельности: процессы
⚙️  Загрузка данных за период: 2023-09-28 -> 2024-04-05
📂 Найдено 43 parquet файлов для обработки.
📊 Схема данных: Schema({'timestamp': Int64, 'open': Float64, 'high': Float64, 'low': Float64, 'close': Float64, 'volume': Float64, 'turnover': String, 'ts_ms': Int64, 'symbol': String})
✅ Загружено 5719620 записей с помощью Polars.
📊 Типы данных в pandas: timestamp       datetime64[us]
symbol                  object
close                  float64
timestamp_ms             int64
dtype: object
⚙️  Загрузка данных за период: 2023-10-03 -> 2024-01-31
📂 Найдено 43 parquet файлов для обработки.
📊 Схема данных: Schema({'timestamp': Int64, 'open': Float64, 'high': Float64, 'low': Float64, 'close': Float64, 'volume': Float64, 'turnover': String, 'ts_ms': Int64, 'symbol': String})
✅ Загружено 3426589 записей с помощью Polars.
📊 Типы данных в pandas: timestamp       datetime64[us]
symbol                  object
close                  float64
timestamp_ms             int64
dtype: object
2026-01-23 14:07:15,356 - coint2.core.memory_optimization - INFO - 🔄 Initializing memory-mapped price data from .cache/consolidated_prices.parquet
2026-01-23 14:07:15,358 - INFO - ⇢ loading memory-mapped data — start
2026-01-23 14:07:15,358 - coint2.core.memory_optimization - WARNING - ⚠️ memory_map не поддерживается в текущей версии pyarrow, fallback без mmap
2026-01-23 14:07:15,448 - coint2.core.memory_optimization - INFO - 🔄 Initializing memory-mapped price data from .cache/consolidated_prices.parquet
2026-01-23 14:07:15,449 - INFO - ⇢ loading memory-mapped data — start
2026-01-23 14:07:15,449 - coint2.core.memory_optimization - WARNING - ⚠️ memory_map не поддерживается в текущей версии pyarrow, fallback без mmap
2026-01-23 14:07:15,515 - coint2.core.memory_optimization - INFO - 🔄 Initializing memory-mapped price data from .cache/consolidated_prices.parquet
2026-01-23 14:07:15,516 - INFO - ⇢ loading memory-mapped data — start
2026-01-23 14:07:15,517 - coint2.core.memory_optimization - WARNING - ⚠️ memory_map не поддерживается в текущей версии pyarrow, fallback без mmap
2026-01-23 14:07:15,592 - coint2.core.memory_optimization - INFO - 🔄 Initializing memory-mapped price data from .cache/consolidated_prices.parquet
2026-01-23 14:07:15,593 - INFO - ⇢ loading memory-mapped data — start
2026-01-23 14:07:15,593 - coint2.core.memory_optimization - WARNING - ⚠️ memory_map не поддерживается в текущей версии pyarrow, fallback без mmap
2026-01-23 14:07:15,692 - coint2.core.memory_optimization - INFO - 🔄 Initializing memory-mapped price data from .cache/consolidated_prices.parquet
2026-01-23 14:07:15,693 - INFO - ⇢ loading memory-mapped data — start
2026-01-23 14:07:15,694 - coint2.core.memory_optimization - WARNING - ⚠️ memory_map не поддерживается в текущей версии pyarrow, fallback без mmap
2026-01-23 14:07:15,791 - INFO - ⇠ loading memory-mapped data — done in 0.43s
2026-01-23 14:07:15,803 - coint2.core.memory_optimization - INFO - 🔄 Initializing memory-mapped price data from .cache/consolidated_prices.parquet
2026-01-23 14:07:15,809 - INFO - ⇢ loading memory-mapped data — start
2026-01-23 14:07:15,809 - coint2.core.memory_optimization - WARNING - ⚠️ memory_map не поддерживается в текущей версии pyarrow, fallback без mmap
2026-01-23 14:07:15,847 - coint2.core.memory_optimization - INFO - 📊 Loaded 18241 rows × 366 symbols
2026-01-23 14:07:15,847 - coint2.core.memory_optimization - INFO - 💾 Memory usage: 26.9 MB (memory-mapped)
2026-01-23 14:07:15,921 - INFO - ⇠ loading memory-mapped data — done in 0.47s
2026-01-23 14:07:15,937 - coint2.engine.numba_engine - INFO - Запуск Numba-оптимизированного бэктеста для BTCDAI-BTCEUR
2026-01-23 14:07:15,944 - coint2.core.memory_optimization - INFO - 🔄 Initializing memory-mapped price data from .cache/consolidated_prices.parquet
2026-01-23 14:07:15,945 - INFO - ⇢ loading memory-mapped data — start
2026-01-23 14:07:15,945 - coint2.core.memory_optimization - WARNING - ⚠️ memory_map не поддерживается в текущей версии pyarrow, fallback без mmap
2026-01-23 14:07:15,994 - coint2.core.memory_optimization - INFO - 📊 Loaded 18241 rows × 366 symbols
2026-01-23 14:07:15,995 - coint2.core.memory_optimization - INFO - 💾 Memory usage: 26.9 MB (memory-mapped)
2026-01-23 14:07:16,049 - INFO - ⇠ loading memory-mapped data — done in 0.46s
2026-01-23 14:07:16,068 - coint2.core.memory_optimization - INFO - 🔄 Initializing memory-mapped price data from .cache/consolidated_prices.parquet
2026-01-23 14:07:16,077 - INFO - ⇢ loading memory-mapped data — start
2026-01-23 14:07:16,077 - coint2.core.memory_optimization - WARNING - ⚠️ memory_map не поддерживается в текущей версии pyarrow, fallback без mmap
2026-01-23 14:07:16,107 - coint2.core.memory_optimization - INFO - 📊 Loaded 18241 rows × 366 symbols
2026-01-23 14:07:16,108 - coint2.core.memory_optimization - INFO - 💾 Memory usage: 26.9 MB (memory-mapped)
2026-01-23 14:07:16,117 - coint2.engine.numba_engine - INFO - Запуск Numba-оптимизированного бэктеста для ETHDAI-ETHEUR
2026-01-23 14:07:16,154 - INFO - ⇠ loading memory-mapped data — done in 0.46s
2026-01-23 14:07:16,180 - INFO - ⇠ loading memory-mapped data — done in 0.66s
2026-01-23 14:07:16,211 - coint2.core.memory_optimization - INFO - 📊 Loaded 18241 rows × 366 symbols
2026-01-23 14:07:16,211 - coint2.engine.numba_engine - INFO - Запуск Numba-оптимизированного бэктеста для ETCUSDT-JUVUSDT
2026-01-23 14:07:16,211 - coint2.core.memory_optimization - INFO - 💾 Memory usage: 26.9 MB (memory-mapped)
2026-01-23 14:07:16,231 - coint2.core.memory_optimization - INFO - 📊 Loaded 18241 rows × 366 symbols
2026-01-23 14:07:16,238 - coint2.core.memory_optimization - INFO - 💾 Memory usage: 26.9 MB (memory-mapped)
2026-01-23 14:07:16,330 - coint2.engine.numba_engine - INFO - Запуск Numba-оптимизированного бэктеста для BTCUSDC-BTCUSDT
2026-01-23 14:07:16,357 - coint2.engine.numba_engine - INFO - Запуск Numba-оптимизированного бэктеста для APEUSDC-HFTUSDC
2026-01-23 14:07:16,369 - coint2.engine.numba_engine - INFO - Запуск Numba-оптимизированного бэктеста для ATOMUSDT-GODSUSDT
2026-01-23 14:07:16,376 - INFO - ⇠ loading memory-mapped data — done in 0.43s
2026-01-23 14:07:16,442 - coint2.core.memory_optimization - INFO - 📊 Loaded 18241 rows × 366 symbols
2026-01-23 14:07:16,442 - coint2.core.memory_optimization - INFO - 💾 Memory usage: 26.9 MB (memory-mapped)
2026-01-23 14:07:16,503 - coint2.engine.numba_engine - INFO - Запуск Numba-оптимизированного бэктеста для CITYUSDT-IZIUSDT
2026-01-23 14:07:16,520 - INFO - ⇠ loading memory-mapped data — done in 0.71s
2026-01-23 14:07:16,547 - coint2.engine.numba_engine - INFO - Запуск Numba-оптимизированного бэктеста для AXSUSDT-DOTUSDT
2026-01-23 14:07:16,560 - coint2.engine.numba_engine - INFO - Запуск Numba-оптимизированного бэктеста для APEUSDT-HFTUSDC
2026-01-23 14:07:16,594 - coint2.core.memory_optimization - INFO - 📊 Loaded 18241 rows × 366 symbols
2026-01-23 14:07:16,594 - coint2.core.memory_optimization - INFO - 💾 Memory usage: 26.9 MB (memory-mapped)
2026-01-23 14:07:16,611 - coint2.engine.numba_engine - INFO - Запуск Numba-оптимизированного бэктеста для CELOUSDT-FLOWUSDT
2026-01-23 14:07:16,630 - coint2.engine.numba_engine - INFO - Запуск Numba-оптимизированного бэктеста для APEUSDT-HFTUSDT
2026-01-23 14:07:16,697 - coint2.engine.numba_engine - INFO - Запуск Numba-оптимизированного бэктеста для APEUSDC-GODSUSDT
2026-01-23 14:07:16,700 - coint2.engine.numba_engine - INFO - Запуск Numba-оптимизированного бэктеста для ETHUSDC-ETHUSDT
2026-01-23 14:07:16,747 - coint2.engine.numba_engine - INFO - Запуск Numba-оптимизированного бэктеста для APEUSDC-HFTUSDT
2026-01-23 14:07:16,769 - coint2.engine.numba_engine - INFO - Запуск Numba-оптимизированного бэктеста для AFCUSDT-ANKRUSDT
2026-01-23 14:07:16,785 - coint2.engine.numba_engine - INFO - Запуск Numba-оптимизированного бэктеста для AGLDUSDT-HFTUSDC
2026-01-23 14:07:16,795 - INFO - ⇠ loading memory-mapped data — done in 0.72s
2026-01-23 14:07:16,812 - coint2.engine.numba_engine - INFO - Запуск Numba-оптимизированного бэктеста для AVAUSDT-IZIUSDT
2026-01-23 14:07:16,864 - coint2.core.memory_optimization - INFO - 📊 Loaded 18241 rows × 366 symbols
2026-01-23 14:07:16,864 - coint2.core.memory_optimization - INFO - 💾 Memory usage: 26.9 MB (memory-mapped)
2026-01-23 14:07:16,874 - coint2.engine.numba_engine - INFO - Запуск Numba-оптимизированного бэктеста для 1INCHUSDT-ACSUSDT
2026-01-23 14:07:16,875 - coint2.engine.numba_engine - INFO - Запуск Numba-оптимизированного бэктеста для APEUSDT-GODSUSDT
2026-01-23 14:07:16,919 - coint2.engine.numba_engine - INFO - Запуск Numba-оптимизированного бэктеста для HOOKUSDT-KAVAUSDT
2026-01-23 14:07:16,961 - coint2.engine.numba_engine - INFO - Запуск Numba-оптимизированного бэктеста для AXSUSDT-DOTUSDC
2026-01-23 14:07:16,995 - coint2.engine.numba_engine - INFO - Запуск Numba-оптимизированного бэктеста для GMTUSDC-HOOKUSDT
2026-01-23 14:07:17,045 - coint2.engine.numba_engine - INFO - Запуск Numba-оптимизированного бэктеста для AVAUSDT-FITFIUSDT
2026-01-23 14:07:17,045 - coint2.engine.numba_engine - INFO - Запуск Numba-оптимизированного бэктеста для AGLDUSDT-HFTUSDT
2026-01-23 14:07:17,049 - coint2.engine.numba_engine - INFO - Запуск Numba-оптимизированного бэктеста для APEUSDC-ATOMUSDT
2026-01-23 14:07:17,115 - coint2.engine.numba_engine - INFO - Запуск Numba-оптимизированного бэктеста для APEUSDT-ATOMUSDT
2026-01-23 14:07:17,155 - coint2.engine.numba_engine - INFO - Запуск Numba-оптимизированного бэктеста для CRVUSDT-HFTUSDT
2026-01-23 14:07:17,162 - coint2.engine.numba_engine - INFO - Запуск Numba-оптимизированного бэктеста для CRVUSDT-HFTUSDC
2026-01-23 14:07:17,187 - coint2.engine.numba_engine - INFO - Запуск Numba-оптимизированного бэктеста для CELOUSDT-ENJUSDT
2026-01-23 14:07:17,295 - coint2.engine.numba_engine - INFO - Запуск Numba-оптимизированного бэктеста для GMTUSDT-HOOKUSDT
2026-01-23 14:07:17,534 - INFO -   ⏱️ Параллельная обработка завершена за 2.3с (13.3 пар/с)
2026-01-23 14:07:17,599 - coint2.pipeline.walk_forward_orchestrator - INFO - 🎯 СИМУЛЯЦИЯ ПОРТФЕЛЯ: 30 пар, лимит 15 позиций
2026-01-23 14:07:18,323 - coint2.pipeline.walk_forward_orchestrator - INFO -    📈 Макс. одновременных сигналов: 0
2026-01-23 14:07:18,324 - coint2.pipeline.walk_forward_orchestrator - INFO -    📊 Средн. сигналов за период: 0.0
2026-01-23 14:07:18,324 - coint2.pipeline.walk_forward_orchestrator - INFO -    🎯 Финальных активных позиций: 0
2026-01-23 14:07:18,325 - coint2.pipeline.walk_forward_orchestrator - INFO -    ⚡ Утилизация лимита позиций: 0.0%
2026-01-23 14:07:18,325 - INFO - ⇠ WF-шаг 1/3 backtests — completed 30 items in 3.05s (9.8 items/s)
2026-01-23 14:07:18,326 - INFO -   ✅ Обработка завершена: 30 успешно, 0 с ошибками
2026-01-23 14:07:18,326 - INFO -   📊 Успешность: 100.0%, прибыльность: 0.0%, сделок/пара: 0.0
2026-01-23 14:07:18,326 - INFO -   ✅ Завершены бэктесты для 30 пар
2026-01-23 14:07:18,326 - INFO -   📊 Всего обработано пар в этом шаге: 30
2026-01-23 14:07:18,326 - INFO -   📈 Результаты шага: 0/30 прибыльных пар, 0 сделок
2026-01-23 14:07:18,326 - INFO -   💰 P&L шага: $+0.00
2026-01-23 14:07:18,326 - INFO -   ⇢ Обновление капитала и дневного P&L...
2026-01-23 14:07:19,571 - INFO -   💼 Шаг P&L: $+0.00, Накопленный капитал: $1,000.00
2026-01-23 14:07:19,571 - INFO - ------------------------------------------------------------
2026-01-23 14:07:19,571 - INFO -   Walk-forward steps: 1 / 3 (33.3%) | 0.1 items/s | ETA: 31.9s
2026-01-23 14:07:19,571 - INFO - 🔍 WF-шаг 2/3: Валидация временных окон...
2026-01-23 14:07:19,572 - INFO - ⇢ WF-шаг 2/3: training 2023-11-02-2024-01-30, testing 2024-01-31-2024-03-01 — start
2026-01-23 14:07:19,572 - INFO - ⇢ loading step data — start
2026-01-23 14:07:19,918 - INFO - ⇠ loading step data — done in 0.35s
2026-01-23 14:07:22,082 - INFO - 📊 WF-шаг 2/3: Границы данных:
2026-01-23 14:07:22,082 - INFO -    Training: 2023-11-02 00:00:00 → 2024-01-30 23:45:00 (8,640 строк × 346 символов)
2026-01-23 14:07:22,082 - INFO -    Testing:  2024-01-31 00:00:00 → 2024-03-01 00:00:00 (2,881 строк × 346 символов)
2026-01-23 14:07:22,082 - INFO -    Временной разрыв: 0 days 00:15:00
2026-01-23 14:07:22,356 - INFO - ⇢ normalizing training data — start
2026-01-23 14:07:22,400 - INFO -   Символы с NaN значениями: 63
2026-01-23 14:07:22,400 - INFO -   Применяем метод нормализации: rolling_zscore
2026-01-23 14:07:22,425 - INFO - Символы с недостаточной историей: 58 из 346
2026-01-23 14:07:23,146 - INFO - Символы с NaN после нормализации: 288
2026-01-23 14:07:23,156 - INFO - Удалено 1193 начальных строк с NaN от rolling расчетов
2026-01-23 14:07:23,160 - INFO - Итоговое количество символов после нормализации: 288 из 346
2026-01-23 14:07:23,161 - INFO -   Статистика нормализации:
2026-01-23 14:07:23,161 - INFO -     Исходные символы: 346
2026-01-23 14:07:23,161 - INFO -     Недостаточная история: 58
2026-01-23 14:07:23,161 - INFO -     Постоянная цена: 0
2026-01-23 14:07:23,161 - INFO -     NaN после нормализации: 288
2026-01-23 14:07:23,161 - INFO -     Итоговые символы: 288 (83.2%)
2026-01-23 14:07:23,161 - INFO -   После нормализации: 288 символов (потеряно 58)
2026-01-23 14:07:23,162 - INFO -   Отброшено много символов: 58 из 346
2026-01-23 14:07:23,162 - INFO - ⇠ normalizing training data — done in 0.81s
2026-01-23 14:07:23,162 - INFO -   Фиксированный universe: 246 пар (отфильтровано 4 недоступных)
2026-01-23 14:07:23,162 - INFO - ⇢ filtering pairs by cointegration and half-life — start
2026-01-23 14:07:23,162 - INFO - [ФИЛЬТР] Параллельная фильтрация: threads (8 workers)
2026-01-23 14:07:31,167 - INFO - [ФИЛЬТР] После проверки данных: 218 пар
2026-01-23 14:07:31,167 - INFO - [ФИЛЬТР] После фильтра корреляции (>0.4): 122 пар
2026-01-23 14:07:31,167 - INFO - [ФИЛЬТР] После фильтра beta: 108 пар
2026-01-23 14:07:31,167 - INFO - [ФИЛЬТР] После фильтра mean crossings: 108 пар
2026-01-23 14:07:31,167 - INFO - [ФИЛЬТР] После фильтра half-life: 108 пар
2026-01-23 14:07:31,167 - INFO - [ФИЛЬТР] После фильтра коинтеграции: 72 пар
2026-01-23 14:07:31,167 - INFO - [ФИЛЬТР] После фильтра Hurst: 55 пар
2026-01-23 14:07:31,167 - INFO - [ФИЛЬТР] После фильтра KPSS: 55 пар
2026-01-23 14:07:31,167 - INFO - [ФИЛЬТР] После фильтра market microstructure: 49 пар
2026-01-23 14:07:31,167 - INFO - [ФИЛЬТР] Статистика фильтрации (оптимизированный порядок):
2026-01-23 14:07:31,167 - INFO -   1. SSD → Коинтеграция: 246 → 72 пар
2026-01-23 14:07:31,168 - INFO -   2. Коинтеграция → Beta: 72 → 108 пар
2026-01-23 14:07:31,168 - INFO -   3. Beta → Half-life: 108 → 108 пар
2026-01-23 14:07:31,168 - INFO -   4. Half-life → Mean crossings: 108 → 108 пар
2026-01-23 14:07:31,168 - INFO -   5. Mean crossings → Hurst: 108 → 55 пар
2026-01-23 14:07:31,168 - INFO -   6. Hurst → KPSS: 55 → 55 пар
2026-01-23 14:07:31,168 - INFO -   7. KPSS → Market microstructure: 55 → 49 пар
2026-01-23 14:07:31,168 - INFO - [ФИЛЬТР] Причины отсева:
2026-01-23 14:07:31,168 - INFO -   • low_correlation: 96 пар (39.0%)
2026-01-23 14:07:31,168 - INFO -   • pvalue: 36 пар (14.6%)
2026-01-23 14:07:31,168 - INFO -   • insufficient_data: 28 пар (11.4%)
2026-01-23 14:07:31,168 - INFO -   • hurst: 17 пар (6.9%)
2026-01-23 14:07:31,168 - INFO -   • beta: 14 пар (5.7%)
2026-01-23 14:07:31,168 - INFO -   • history: 6 пар (2.4%)
2026-01-23 14:07:31,168 - INFO - [ФИЛЬТР] Итого: 246 → 49 пар (19.9% прошли все фильтры)
2026-01-23 14:07:31,172 - INFO - Причины отсева сохранены в results/filter_reasons_20260123_140731.csv
2026-01-23 14:07:31,172 - INFO -   Pair stability filter: 49 → 31 (window=2, min_steps=1, history=1)
2026-01-23 14:07:31,172 - INFO -   Фильтрация: 246 → 31 пар
2026-01-23 14:07:31,172 - INFO - ⇠ filtering pairs by cointegration and half-life — done in 8.01s
2026-01-23 14:07:31,172 - INFO - ⇠ WF-шаг 2/3: training 2023-11-02-2024-01-30, testing 2024-01-31-2024-03-01 — done in 11.60s
2026-01-23 14:07:31,173 - INFO -   Ограничение max_pairs=30: 31 → 30
2026-01-23 14:07:31,173 - INFO -   Топ-3 пары по волатильности спреда:
2026-01-23 14:07:31,173 - INFO -     1. BTCDAI-BTCEUR: beta=1.1459, std=574.8675
2026-01-23 14:07:31,173 - INFO -     2. ETHDAI-ETHEUR: beta=1.1311, std=22.8903
2026-01-23 14:07:31,173 - INFO -     3. BTCUSDC-BTCUSDT: beta=0.9990, std=20.6114
2026-01-23 14:07:31,173 - INFO -   Всего пар для торговли: 30 (ограничение 15 применяется к одновременно открытым позициям)
2026-01-23 14:07:31,176 - INFO -   💰 Проверка расчета капитала: equity=$1,000.00, кандидатных_пар=30, max_позиций=15
2026-01-23 14:07:31,177 - INFO -   🎯 Target concurrency: 15 (ожидаемое одновременное число позиций)
2026-01-23 14:07:31,177 - INFO -   📊 Детали расчета капитала:
2026-01-23 14:07:31,177 - INFO -      • Базовый капитал на пару: $66.67 (equity / target_concurrency)
2026-01-23 14:07:31,177 - INFO -      • Риск-капитал: $15.00 (1.5% от equity)
2026-01-23 14:07:31,177 - INFO -      • Макс. размер позиции: $50.00 (5.0% от equity)
2026-01-23 14:07:31,177 - INFO -      • Итоговый капитал на пару: $15.00
2026-01-23 14:07:31,177 - INFO - ⇢ WF-шаг 2/3 backtests — starting 30 items
2026-01-23 14:07:31,177 - INFO - 🚀 WF-шаг 2/3: Начинаем бэктесты для 30 пар...
2026-01-23 14:07:31,177 - INFO - 🚀 WF-шаг 2/3: Запускаем параллельную обработку 30 пар на 8 ядрах...
2026-01-23 14:07:31,177 - INFO - 🚀 WF-шаг 2/3: Режим параллельности: процессы
⚙️  Загрузка данных за период: 2023-11-02 -> 2024-03-01
📂 Найдено 43 parquet файлов для обработки.
📊 Схема данных: Schema({'timestamp': Int64, 'open': Float64, 'high': Float64, 'low': Float64, 'close': Float64, 'volume': Float64, 'turnover': String, 'ts_ms': Int64, 'symbol': String})
✅ Загружено 3596229 записей с помощью Polars.
📊 Типы данных в pandas: timestamp       datetime64[us]
symbol                  object
close                  float64
timestamp_ms             int64
dtype: object
2026-01-23 14:07:31,255 - coint2.core.memory_optimization - INFO - 🔄 Initializing memory-mapped price data from .cache/consolidated_prices.parquet
2026-01-23 14:07:31,256 - INFO - ⇢ loading memory-mapped data — start
2026-01-23 14:07:31,256 - coint2.core.memory_optimization - WARNING - ⚠️ memory_map не поддерживается в текущей версии pyarrow, fallback без mmap
2026-01-23 14:07:31,286 - coint2.core.memory_optimization - INFO - 🔄 Initializing memory-mapped price data from .cache/consolidated_prices.parquet
2026-01-23 14:07:31,287 - INFO - ⇢ loading memory-mapped data — start
2026-01-23 14:07:31,287 - coint2.core.memory_optimization - WARNING - ⚠️ memory_map не поддерживается в текущей версии pyarrow, fallback без mmap
2026-01-23 14:07:31,351 - coint2.core.memory_optimization - INFO - 🔄 Initializing memory-mapped price data from .cache/consolidated_prices.parquet
2026-01-23 14:07:31,352 - INFO - ⇢ loading memory-mapped data — start
2026-01-23 14:07:31,352 - coint2.core.memory_optimization - WARNING - ⚠️ memory_map не поддерживается в текущей версии pyarrow, fallback без mmap
2026-01-23 14:07:31,433 - coint2.core.memory_optimization - INFO - 🔄 Initializing memory-mapped price data from .cache/consolidated_prices.parquet
2026-01-23 14:07:31,434 - INFO - ⇢ loading memory-mapped data — start
2026-01-23 14:07:31,434 - coint2.core.memory_optimization - WARNING - ⚠️ memory_map не поддерживается в текущей версии pyarrow, fallback без mmap
2026-01-23 14:07:31,512 - coint2.core.memory_optimization - INFO - 🔄 Initializing memory-mapped price data from .cache/consolidated_prices.parquet
2026-01-23 14:07:31,514 - INFO - ⇢ loading memory-mapped data — start
2026-01-23 14:07:31,514 - coint2.core.memory_optimization - WARNING - ⚠️ memory_map не поддерживается в текущей версии pyarrow, fallback без mmap
2026-01-23 14:07:31,573 - coint2.core.memory_optimization - INFO - 🔄 Initializing memory-mapped price data from .cache/consolidated_prices.parquet
2026-01-23 14:07:31,574 - INFO - ⇢ loading memory-mapped data — start
2026-01-23 14:07:31,574 - coint2.core.memory_optimization - WARNING - ⚠️ memory_map не поддерживается в текущей версии pyarrow, fallback без mmap
2026-01-23 14:07:31,664 - INFO - ⇠ loading memory-mapped data — done in 0.41s
2026-01-23 14:07:31,653 - coint2.core.memory_optimization - INFO - 🔄 Initializing memory-mapped price data from .cache/consolidated_prices.parquet
2026-01-23 14:07:31,665 - INFO - ⇢ loading memory-mapped data — start
2026-01-23 14:07:31,665 - coint2.core.memory_optimization - WARNING - ⚠️ memory_map не поддерживается в текущей версии pyarrow, fallback без mmap
2026-01-23 14:07:31,721 - coint2.core.memory_optimization - INFO - 📊 Loaded 18241 rows × 366 symbols
2026-01-23 14:07:31,721 - coint2.core.memory_optimization - INFO - 💾 Memory usage: 26.9 MB (memory-mapped)
2026-01-23 14:07:31,783 - INFO - ⇠ loading memory-mapped data — done in 0.50s
2026-01-23 14:07:31,786 - coint2.core.memory_optimization - INFO - 🔄 Initializing memory-mapped price data from .cache/consolidated_prices.parquet
2026-01-23 14:07:31,787 - INFO - ⇢ loading memory-mapped data — start
2026-01-23 14:07:31,788 - coint2.core.memory_optimization - WARNING - ⚠️ memory_map не поддерживается в текущей версии pyarrow, fallback без mmap
2026-01-23 14:07:31,817 - coint2.engine.numba_engine - INFO - Запуск Numba-оптимизированного бэктеста для BTCDAI-BTCEUR
2026-01-23 14:07:31,846 - coint2.core.memory_optimization - INFO - 📊 Loaded 18241 rows × 366 symbols
2026-01-23 14:07:31,847 - coint2.core.memory_optimization - INFO - 💾 Memory usage: 26.9 MB (memory-mapped)
2026-01-23 14:07:31,866 - INFO - ⇠ loading memory-mapped data — done in 0.51s
2026-01-23 14:07:31,935 - coint2.core.memory_optimization - INFO - 📊 Loaded 18241 rows × 366 symbols
2026-01-23 14:07:31,936 - coint2.core.memory_optimization - INFO - 💾 Memory usage: 26.9 MB (memory-mapped)
2026-01-23 14:07:31,942 - coint2.engine.numba_engine - INFO - Запуск Numba-оптимизированного бэктеста для ETHDAI-ETHEUR
2026-01-23 14:07:31,963 - INFO - ⇠ loading memory-mapped data — done in 0.53s
2026-01-23 14:07:32,025 - coint2.core.memory_optimization - INFO - 📊 Loaded 18241 rows × 366 symbols
2026-01-23 14:07:32,026 - coint2.core.memory_optimization - INFO - 💾 Memory usage: 26.9 MB (memory-mapped)
2026-01-23 14:07:32,066 - coint2.engine.numba_engine - INFO - Запуск Numba-оптимизированного бэктеста для BTCUSDC-BTCUSDT
2026-01-23 14:07:32,135 - coint2.engine.numba_engine - INFO - Запуск Numba-оптимизированного бэктеста для ETHUSDC-ETHUSDT
2026-01-23 14:07:32,170 - coint2.engine.numba_engine - INFO - Запуск Numba-оптимизированного бэктеста для AGLDUSDT-HFTUSDT
2026-01-23 14:07:32,188 - INFO - ⇠ loading memory-mapped data — done in 0.61s
2026-01-23 14:07:32,228 - INFO - ⇠ loading memory-mapped data — done in 0.71s
2026-01-23 14:07:32,251 - coint2.core.memory_optimization - INFO - 📊 Loaded 18241 rows × 366 symbols
2026-01-23 14:07:32,251 - coint2.core.memory_optimization - INFO - 💾 Memory usage: 26.9 MB (memory-mapped)
2026-01-23 14:07:32,283 - coint2.engine.numba_engine - INFO - Запуск Numba-оптимизированного бэктеста для APEUSDC-GODSUSDT
2026-01-23 14:07:32,285 - coint2.core.memory_optimization - INFO - 📊 Loaded 18241 rows × 366 symbols
2026-01-23 14:07:32,285 - coint2.core.memory_optimization - INFO - 💾 Memory usage: 26.9 MB (memory-mapped)
2026-01-23 14:07:32,345 - coint2.engine.numba_engine - INFO - Запуск Numba-оптимизированного бэктеста для APEUSDC-HFTUSDT
2026-01-23 14:07:32,366 - coint2.engine.numba_engine - INFO - Запуск Numba-оптимизированного бэктеста для AXSUSDT-DOTUSDT
2026-01-23 14:07:32,376 - INFO - ⇠ loading memory-mapped data — done in 0.71s
2026-01-23 14:07:32,377 - coint2.engine.numba_engine - INFO - Запуск Numba-оптимизированного бэктеста для ATOMUSDT-GODSUSDT
2026-01-23 14:07:32,416 - coint2.engine.numba_engine - INFO - Запуск Numba-оптимизированного бэктеста для 1INCHUSDT-AXSUSDT
2026-01-23 14:07:32,429 - coint2.engine.numba_engine - INFO - Запуск Numba-оптимизированного бэктеста для APEUSDT-GODSUSDT
2026-01-23 14:07:32,440 - coint2.core.memory_optimization - INFO - 📊 Loaded 18241 rows × 366 symbols
2026-01-23 14:07:32,440 - coint2.core.memory_optimization - INFO - 💾 Memory usage: 26.9 MB (memory-mapped)
2026-01-23 14:07:32,456 - INFO - ⇠ loading memory-mapped data — done in 0.67s
2026-01-23 14:07:32,457 - coint2.engine.numba_engine - INFO - Запуск Numba-оптимизированного бэктеста для APEUSDC-HFTUSDC
2026-01-23 14:07:32,515 - coint2.engine.numba_engine - INFO - Запуск Numba-оптимизированного бэктеста для DOGEUSDC-JUVUSDT
2026-01-23 14:07:32,529 - coint2.engine.numba_engine - INFO - Запуск Numba-оптимизированного бэктеста для APEUSDT-HFTUSDT
2026-01-23 14:07:32,533 - coint2.core.memory_optimization - INFO - 📊 Loaded 18241 rows × 366 symbols
2026-01-23 14:07:32,533 - coint2.core.memory_optimization - INFO - 💾 Memory usage: 26.9 MB (memory-mapped)
2026-01-23 14:07:32,561 - coint2.engine.numba_engine - INFO - Запуск Numba-оптимизированного бэктеста для AXSUSDT-DOTUSDC
2026-01-23 14:07:32,568 - coint2.engine.numba_engine - INFO - Запуск Numba-оптимизированного бэктеста для HOOKUSDT-KAVAUSDT
2026-01-23 14:07:32,643 - coint2.engine.numba_engine - INFO - Запуск Numba-оптимизированного бэктеста для FITFIUSDT-IZIUSDT
2026-01-23 14:07:32,663 - coint2.engine.numba_engine - INFO - Запуск Numba-оптимизированного бэктеста для CELOUSDT-ENJUSDT
2026-01-23 14:07:32,672 - coint2.engine.numba_engine - INFO - Запуск Numba-оптимизированного бэктеста для AGLDUSDT-HFTUSDC
2026-01-23 14:07:32,747 - coint2.engine.numba_engine - INFO - Запуск Numba-оптимизированного бэктеста для APEUSDC-ATOMUSDT
2026-01-23 14:07:32,759 - coint2.engine.numba_engine - INFO - Запуск Numba-оптимизированного бэктеста для IZIUSDT-KAVAUSDT
2026-01-23 14:07:32,776 - coint2.engine.numba_engine - INFO - Запуск Numba-оптимизированного бэктеста для APEUSDT-HFTUSDC
2026-01-23 14:07:32,853 - coint2.engine.numba_engine - INFO - Запуск Numba-оптимизированного бэктеста для AVAUSDT-FITFIUSDT
2026-01-23 14:07:32,908 - coint2.engine.numba_engine - INFO - Запуск Numba-оптимизированного бэктеста для CELOUSDT-FLOWUSDT
2026-01-23 14:07:32,939 - coint2.engine.numba_engine - INFO - Запуск Numba-оптимизированного бэктеста для APEUSDT-ATOMUSDT
2026-01-23 14:07:32,960 - coint2.engine.numba_engine - INFO - Запуск Numba-оптимизированного бэктеста для ACSUSDT-AGLDUSDT
2026-01-23 14:07:33,017 - coint2.engine.numba_engine - INFO - Запуск Numba-оптимизированного бэктеста для AFCUSDT-ANKRUSDT
2026-01-23 14:07:33,023 - coint2.engine.numba_engine - INFO - Запуск Numba-оптимизированного бэктеста для ERTHAUSDT-IZIUSDT
2026-01-23 14:07:33,062 - coint2.engine.numba_engine - INFO - Запуск Numba-оптимизированного бэктеста для 1INCHUSDT-ACSUSDT
2026-01-23 14:07:33,112 - coint2.engine.numba_engine - INFO - Запуск Numba-оптимизированного бэктеста для ENJUSDT-FILUSDC
2026-01-23 14:07:33,338 - INFO -   ⏱️ Параллельная обработка завершена за 2.2с (13.9 пар/с)
2026-01-23 14:07:33,396 - coint2.pipeline.walk_forward_orchestrator - INFO - 🎯 СИМУЛЯЦИЯ ПОРТФЕЛЯ: 30 пар, лимит 15 позиций
2026-01-23 14:07:34,094 - coint2.pipeline.walk_forward_orchestrator - INFO -    📈 Макс. одновременных сигналов: 0
2026-01-23 14:07:34,094 - coint2.pipeline.walk_forward_orchestrator - INFO -    📊 Средн. сигналов за период: 0.0
2026-01-23 14:07:34,094 - coint2.pipeline.walk_forward_orchestrator - INFO -    🎯 Финальных активных позиций: 0
2026-01-23 14:07:34,095 - coint2.pipeline.walk_forward_orchestrator - INFO -    ⚡ Утилизация лимита позиций: 0.0%
2026-01-23 14:07:34,096 - INFO - ⇠ WF-шаг 2/3 backtests — completed 30 items in 2.92s (10.3 items/s)
2026-01-23 14:07:34,096 - INFO -   ✅ Обработка завершена: 30 успешно, 0 с ошибками
2026-01-23 14:07:34,096 - INFO -   📊 Успешность: 100.0%, прибыльность: 0.0%, сделок/пара: 0.0
2026-01-23 14:07:34,096 - INFO -   ✅ Завершены бэктесты для 30 пар
2026-01-23 14:07:34,096 - INFO -   📊 Всего обработано пар в этом шаге: 30
2026-01-23 14:07:34,096 - INFO -   📈 Результаты шага: 0/30 прибыльных пар, 0 сделок
2026-01-23 14:07:34,096 - INFO -   💰 P&L шага: $+0.00
2026-01-23 14:07:34,096 - INFO -   ⇢ Обновление капитала и дневного P&L...
2026-01-23 14:07:35,404 - INFO -   💼 Шаг P&L: $+0.00, Накопленный капитал: $1,000.00
2026-01-23 14:07:35,404 - INFO - ------------------------------------------------------------
2026-01-23 14:07:35,404 - INFO -   Walk-forward steps: 2 / 3 (66.7%) | 0.1 items/s | ETA: 15.9s
2026-01-23 14:07:35,404 - INFO - 🔍 WF-шаг 3/3: Валидация временных окон...
2026-01-23 14:07:35,405 - INFO - ⇢ WF-шаг 3/3: training 2023-12-02-2024-02-29, testing 2024-03-01-2024-03-31 — start
2026-01-23 14:07:35,405 - INFO - ⇢ loading step data — start
2026-01-23 14:07:35,779 - INFO - ⇠ loading step data — done in 0.37s
2026-01-23 14:07:38,023 - INFO - 📊 WF-шаг 3/3: Границы данных:
2026-01-23 14:07:38,023 - INFO -    Training: 2023-12-02 00:00:00 → 2024-02-29 23:45:00 (8,640 строк × 361 символов)
2026-01-23 14:07:38,023 - INFO -    Testing:  2024-03-01 00:00:00 → 2024-03-31 00:00:00 (2,881 строк × 361 символов)
2026-01-23 14:07:38,023 - INFO -    Временной разрыв: 0 days 00:15:00
2026-01-23 14:07:38,074 - INFO - ⇢ normalizing training data — start
2026-01-23 14:07:38,123 - INFO -   Символы с NaN значениями: 68
2026-01-23 14:07:38,123 - INFO -   Применяем метод нормализации: rolling_zscore
2026-01-23 14:07:38,150 - INFO - Символы с недостаточной историей: 56 из 361
2026-01-23 14:07:38,921 - INFO - Символы с NaN после нормализации: 305
2026-01-23 14:07:38,932 - INFO - Удалено 1673 начальных строк с NaN от rolling расчетов
2026-01-23 14:07:38,935 - INFO - Итоговое количество символов после нормализации: 305 из 361
2026-01-23 14:07:38,935 - INFO -   Статистика нормализации:
2026-01-23 14:07:38,936 - INFO -     Исходные символы: 361
2026-01-23 14:07:38,936 - INFO -     Недостаточная история: 56
2026-01-23 14:07:38,936 - INFO -     Постоянная цена: 0
2026-01-23 14:07:38,936 - INFO -     NaN после нормализации: 305
2026-01-23 14:07:38,936 - INFO -     Итоговые символы: 305 (84.5%)
2026-01-23 14:07:38,936 - INFO -   После нормализации: 305 символов (потеряно 56)
2026-01-23 14:07:38,936 - INFO -   Отброшено много символов: 56 из 361
2026-01-23 14:07:38,936 - INFO - ⇠ normalizing training data — done in 0.86s
2026-01-23 14:07:38,937 - INFO -   Фиксированный universe: 250 пар (отфильтровано 0 недоступных)
2026-01-23 14:07:38,937 - INFO - ⇢ filtering pairs by cointegration and half-life — start
2026-01-23 14:07:38,937 - INFO - [ФИЛЬТР] Параллельная фильтрация: threads (8 workers)
2026-01-23 14:07:48,777 - INFO - [ФИЛЬТР] После проверки данных: 239 пар
2026-01-23 14:07:48,777 - INFO - [ФИЛЬТР] После фильтра корреляции (>0.4): 137 пар
2026-01-23 14:07:48,777 - INFO - [ФИЛЬТР] После фильтра beta: 127 пар
2026-01-23 14:07:48,777 - INFO - [ФИЛЬТР] После фильтра mean crossings: 127 пар
2026-01-23 14:07:48,777 - INFO - [ФИЛЬТР] После фильтра half-life: 127 пар
2026-01-23 14:07:48,777 - INFO - [ФИЛЬТР] После фильтра коинтеграции: 92 пар
2026-01-23 14:07:48,777 - INFO - [ФИЛЬТР] После фильтра Hurst: 76 пар
2026-01-23 14:07:48,777 - INFO - [ФИЛЬТР] После фильтра KPSS: 76 пар
2026-01-23 14:07:48,777 - INFO - [ФИЛЬТР] После фильтра market microstructure: 68 пар
2026-01-23 14:07:48,777 - INFO - [ФИЛЬТР] Статистика фильтрации (оптимизированный порядок):
2026-01-23 14:07:48,777 - INFO -   1. SSD → Коинтеграция: 250 → 92 пар
2026-01-23 14:07:48,777 - INFO -   2. Коинтеграция → Beta: 92 → 127 пар
2026-01-23 14:07:48,777 - INFO -   3. Beta → Half-life: 127 → 127 пар
2026-01-23 14:07:48,777 - INFO -   4. Half-life → Mean crossings: 127 → 127 пар
2026-01-23 14:07:48,777 - INFO -   5. Mean crossings → Hurst: 127 → 76 пар
2026-01-23 14:07:48,777 - INFO -   6. Hurst → KPSS: 76 → 76 пар
2026-01-23 14:07:48,777 - INFO -   7. KPSS → Market microstructure: 76 → 68 пар
2026-01-23 14:07:48,777 - INFO - [ФИЛЬТР] Причины отсева:
2026-01-23 14:07:48,777 - INFO -   • low_correlation: 102 пар (40.8%)
2026-01-23 14:07:48,777 - INFO -   • pvalue: 35 пар (14.0%)
2026-01-23 14:07:48,777 - INFO -   • hurst: 16 пар (6.4%)
2026-01-23 14:07:48,777 - INFO -   • insufficient_data: 11 пар (4.4%)
2026-01-23 14:07:48,777 - INFO -   • beta: 10 пар (4.0%)
2026-01-23 14:07:48,777 - INFO -   • history: 8 пар (3.2%)
2026-01-23 14:07:48,777 - INFO - [ФИЛЬТР] Итого: 250 → 68 пар (27.2% прошли все фильтры)
2026-01-23 14:07:48,779 - INFO - Причины отсева сохранены в results/filter_reasons_20260123_140748.csv
2026-01-23 14:07:48,780 - INFO -   Pair stability filter: 68 → 29 (window=2, min_steps=1, history=2)
2026-01-23 14:07:48,780 - INFO -   Фильтрация: 250 → 29 пар
2026-01-23 14:07:48,780 - INFO - ⇠ filtering pairs by cointegration and half-life — done in 9.84s
2026-01-23 14:07:48,780 - INFO - ⇠ WF-шаг 3/3: training 2023-12-02-2024-02-29, testing 2024-03-01-2024-03-31 — done in 13.37s
2026-01-23 14:07:48,792 - INFO -   Ограничение max_pairs=30: 29 пар (лимит не достигнут)
2026-01-23 14:07:48,792 - INFO -   Топ-3 пары по волатильности спреда:
2026-01-23 14:07:48,792 - INFO -     1. BTCDAI-BTCEUR: beta=1.0480, std=582.7625
2026-01-23 14:07:48,792 - INFO -     2. ETHDAI-ETHEUR: beta=1.0530, std=30.4486
2026-01-23 14:07:48,792 - INFO -     3. ATOMUSDT-GODSUSDT: beta=8.5838, std=0.6434
2026-01-23 14:07:48,793 - INFO -   Всего пар для торговли: 29 (ограничение 15 применяется к одновременно открытым позициям)
2026-01-23 14:07:48,793 - INFO -   💰 Проверка расчета капитала: equity=$1,000.00, кандидатных_пар=29, max_позиций=15
2026-01-23 14:07:48,793 - INFO -   🎯 Target concurrency: 15 (ожидаемое одновременное число позиций)
2026-01-23 14:07:48,793 - INFO -   📊 Детали расчета капитала:
2026-01-23 14:07:48,793 - INFO -      • Базовый капитал на пару: $66.67 (equity / target_concurrency)
2026-01-23 14:07:48,793 - INFO -      • Риск-капитал: $15.00 (1.5% от equity)
2026-01-23 14:07:48,793 - INFO -      • Макс. размер позиции: $50.00 (5.0% от equity)
2026-01-23 14:07:48,793 - INFO -      • Итоговый капитал на пару: $15.00
2026-01-23 14:07:48,793 - INFO - ⇢ WF-шаг 3/3 backtests — starting 29 items
2026-01-23 14:07:48,793 - INFO - 🚀 WF-шаг 3/3: Начинаем бэктесты для 29 пар...
2026-01-23 14:07:48,794 - INFO - 🚀 WF-шаг 3/3: Запускаем параллельную обработку 29 пар на 8 ядрах...
2026-01-23 14:07:48,794 - INFO - 🚀 WF-шаг 3/3: Режим параллельности: процессы
⚙️  Загрузка данных за период: 2023-12-02 -> 2024-03-31
📂 Найдено 43 parquet файлов для обработки.
📊 Схема данных: Schema({'timestamp': Int64, 'open': Float64, 'high': Float64, 'low': Float64, 'close': Float64, 'volume': Float64, 'turnover': String, 'ts_ms': Int64, 'symbol': String})
✅ Загружено 3779046 записей с помощью Polars.
📊 Типы данных в pandas: timestamp       datetime64[us]
symbol                  object
close                  float64
timestamp_ms             int64
dtype: object
2026-01-23 14:07:48,931 - coint2.core.memory_optimization - INFO - 🔄 Initializing memory-mapped price data from .cache/consolidated_prices.parquet
2026-01-23 14:07:48,932 - INFO - ⇢ loading memory-mapped data — start
2026-01-23 14:07:48,932 - coint2.core.memory_optimization - WARNING - ⚠️ memory_map не поддерживается в текущей версии pyarrow, fallback без mmap
2026-01-23 14:07:49,053 - coint2.core.memory_optimization - INFO - 🔄 Initializing memory-mapped price data from .cache/consolidated_prices.parquet
2026-01-23 14:07:49,054 - INFO - ⇢ loading memory-mapped data — start
2026-01-23 14:07:49,055 - coint2.core.memory_optimization - WARNING - ⚠️ memory_map не поддерживается в текущей версии pyarrow, fallback без mmap
2026-01-23 14:07:49,176 - coint2.core.memory_optimization - INFO - 🔄 Initializing memory-mapped price data from .cache/consolidated_prices.parquet
2026-01-23 14:07:49,177 - INFO - ⇢ loading memory-mapped data — start
2026-01-23 14:07:49,178 - coint2.core.memory_optimization - WARNING - ⚠️ memory_map не поддерживается в текущей версии pyarrow, fallback без mmap
2026-01-23 14:07:49,283 - coint2.core.memory_optimization - INFO - 🔄 Initializing memory-mapped price data from .cache/consolidated_prices.parquet
2026-01-23 14:07:49,284 - INFO - ⇢ loading memory-mapped data — start
2026-01-23 14:07:49,284 - coint2.core.memory_optimization - WARNING - ⚠️ memory_map не поддерживается в текущей версии pyarrow, fallback без mmap
2026-01-23 14:07:49,408 - INFO - ⇠ loading memory-mapped data — done in 0.48s
2026-01-23 14:07:49,453 - coint2.core.memory_optimization - INFO - 🔄 Initializing memory-mapped price data from .cache/consolidated_prices.parquet
2026-01-23 14:07:49,457 - INFO - ⇢ loading memory-mapped data — start
2026-01-23 14:07:49,458 - coint2.core.memory_optimization - WARNING - ⚠️ memory_map не поддерживается в текущей версии pyarrow, fallback без mmap
2026-01-23 14:07:49,473 - coint2.core.memory_optimization - INFO - 📊 Loaded 18241 rows × 366 symbols
2026-01-23 14:07:49,473 - coint2.core.memory_optimization - INFO - 💾 Memory usage: 26.9 MB (memory-mapped)
2026-01-23 14:07:49,548 - coint2.engine.numba_engine - INFO - Запуск Numba-оптимизированного бэктеста для BTCDAI-BTCEUR
2026-01-23 14:07:49,559 - coint2.core.memory_optimization - INFO - 🔄 Initializing memory-mapped price data from .cache/consolidated_prices.parquet
2026-01-23 14:07:49,560 - INFO - ⇢ loading memory-mapped data — start
2026-01-23 14:07:49,560 - coint2.core.memory_optimization - WARNING - ⚠️ memory_map не поддерживается в текущей версии pyarrow, fallback без mmap
2026-01-23 14:07:49,705 - coint2.core.memory_optimization - INFO - 🔄 Initializing memory-mapped price data from .cache/consolidated_prices.parquet
2026-01-23 14:07:49,706 - INFO - ⇢ loading memory-mapped data — start
2026-01-23 14:07:49,706 - coint2.core.memory_optimization - WARNING - ⚠️ memory_map не поддерживается в текущей версии pyarrow, fallback без mmap
2026-01-23 14:07:49,709 - INFO - ⇠ loading memory-mapped data — done in 0.65s
2026-01-23 14:07:49,758 - coint2.core.memory_optimization - INFO - 📊 Loaded 18241 rows × 366 symbols
2026-01-23 14:07:49,759 - coint2.core.memory_optimization - INFO - 💾 Memory usage: 26.9 MB (memory-mapped)
2026-01-23 14:07:49,764 - INFO - ⇠ loading memory-mapped data — done in 0.59s
2026-01-23 14:07:49,812 - coint2.core.memory_optimization - INFO - 📊 Loaded 18241 rows × 366 symbols
2026-01-23 14:07:49,813 - coint2.core.memory_optimization - INFO - 💾 Memory usage: 26.9 MB (memory-mapped)
2026-01-23 14:07:49,828 - coint2.core.memory_optimization - INFO - 🔄 Initializing memory-mapped price data from .cache/consolidated_prices.parquet
2026-01-23 14:07:49,830 - INFO - ⇢ loading memory-mapped data — start
2026-01-23 14:07:49,830 - coint2.core.memory_optimization - WARNING - ⚠️ memory_map не поддерживается в текущей версии pyarrow, fallback без mmap
2026-01-23 14:07:49,862 - coint2.engine.numba_engine - INFO - Запуск Numba-оптимизированного бэктеста для ETHDAI-ETHEUR
2026-01-23 14:07:49,875 - coint2.engine.numba_engine - INFO - Запуск Numba-оптимизированного бэктеста для ATOMUSDT-GODSUSDT
2026-01-23 14:07:49,891 - INFO - ⇠ loading memory-mapped data — done in 0.61s
2026-01-23 14:07:49,906 - coint2.engine.numba_engine - INFO - Запуск Numba-оптимизированного бэктеста для APEUSDC-HFTUSDC
2026-01-23 14:07:49,955 - coint2.core.memory_optimization - INFO - 📊 Loaded 18241 rows × 366 symbols
2026-01-23 14:07:49,955 - coint2.core.memory_optimization - INFO - 💾 Memory usage: 26.9 MB (memory-mapped)
2026-01-23 14:07:50,016 - INFO - ⇠ loading memory-mapped data — done in 0.46s
2026-01-23 14:07:50,020 - coint2.engine.numba_engine - INFO - Запуск Numba-оптимизированного бэктеста для BICOUSDT-KASTAUSDT
2026-01-23 14:07:50,043 - coint2.engine.numba_engine - INFO - Запуск Numba-оптимизированного бэктеста для ATOMUSDT-KCALUSDT
2026-01-23 14:07:50,083 - coint2.core.memory_optimization - INFO - 📊 Loaded 18241 rows × 366 symbols
2026-01-23 14:07:50,084 - coint2.core.memory_optimization - INFO - 💾 Memory usage: 26.9 MB (memory-mapped)
2026-01-23 14:07:50,089 - INFO - ⇠ loading memory-mapped data — done in 0.63s
2026-01-23 14:07:50,114 - coint2.engine.numba_engine - INFO - Запуск Numba-оптимизированного бэктеста для IZIUSDT-KAVAUSDT
2026-01-23 14:07:50,135 - coint2.core.memory_optimization - INFO - 📊 Loaded 18241 rows × 366 symbols
2026-01-23 14:07:50,135 - coint2.core.memory_optimization - INFO - 💾 Memory usage: 26.9 MB (memory-mapped)
2026-01-23 14:07:50,167 - coint2.engine.numba_engine - INFO - Запуск Numba-оптимизированного бэктеста для APEUSDT-GODSUSDT
2026-01-23 14:07:50,205 - coint2.engine.numba_engine - INFO - Запуск Numba-оптимизированного бэктеста для CAKEUSDT-FIDAUSDT
2026-01-23 14:07:50,205 - coint2.engine.numba_engine - INFO - Запуск Numba-оптимизированного бэктеста для APEUSDT-HFTUSDC
2026-01-23 14:07:50,272 - coint2.engine.numba_engine - INFO - Запуск Numba-оптимизированного бэктеста для APEUSDC-ATOMUSDT
2026-01-23 14:07:50,285 - INFO - ⇠ loading memory-mapped data — done in 0.58s
2026-01-23 14:07:50,307 - coint2.engine.numba_engine - INFO - Запуск Numba-оптимизированного бэктеста для 1INCHUSDT-AXSUSDT
2026-01-23 14:07:50,358 - coint2.core.memory_optimization - INFO - 📊 Loaded 18241 rows × 366 symbols
2026-01-23 14:07:50,358 - coint2.core.memory_optimization - INFO - 💾 Memory usage: 26.9 MB (memory-mapped)
2026-01-23 14:07:50,376 - coint2.engine.numba_engine - INFO - Запуск Numba-оптимизированного бэктеста для GMTUSDC-KAVAUSDT
2026-01-23 14:07:50,418 - coint2.engine.numba_engine - INFO - Запуск Numba-оптимизированного бэктеста для APEUSDT-ATOMUSDT
2026-01-23 14:07:50,438 - coint2.engine.numba_engine - INFO - Запуск Numba-оптимизированного бэктеста для FITFIUSDT-IZIUSDT
2026-01-23 14:07:50,468 - INFO - ⇠ loading memory-mapped data — done in 0.64s
2026-01-23 14:07:50,474 - coint2.engine.numba_engine - INFO - Запуск Numba-оптимизированного бэктеста для GODSUSDT-KCALUSDT
2026-01-23 14:07:50,479 - coint2.engine.numba_engine - INFO - Запуск Numba-оптимизированного бэктеста для AGLDUSDT-HFTUSDC
2026-01-23 14:07:50,491 - coint2.engine.numba_engine - INFO - Запуск Numba-оптимизированного бэктеста для FITFIUSDT-JUVUSDT
2026-01-23 14:07:50,514 - coint2.core.memory_optimization - INFO - 📊 Loaded 18241 rows × 366 symbols
2026-01-23 14:07:50,514 - coint2.core.memory_optimization - INFO - 💾 Memory usage: 26.9 MB (memory-mapped)
2026-01-23 14:07:50,524 - coint2.engine.numba_engine - INFO - Запуск Numba-оптимизированного бэктеста для GMTUSDT-KAVAUSDT
2026-01-23 14:07:50,561 - coint2.engine.numba_engine - INFO - Запуск Numba-оптимизированного бэктеста для GMTUSDT-KCALUSDT
2026-01-23 14:07:50,579 - coint2.engine.numba_engine - INFO - Запуск Numba-оптимизированного бэктеста для AGLDUSDT-HFTUSDT
2026-01-23 14:07:50,590 - coint2.engine.numba_engine - INFO - Запуск Numba-оптимизированного бэктеста для ERTHAUSDT-IZIUSDT
2026-01-23 14:07:50,647 - coint2.engine.numba_engine - INFO - Запуск Numba-оптимизированного бэктеста для AFCUSDT-ANKRUSDT
2026-01-23 14:07:50,751 - coint2.engine.numba_engine - INFO - Запуск Numba-оптимизированного бэктеста для GMTUSDC-KCALUSDT
2026-01-23 14:07:50,810 - coint2.engine.numba_engine - INFO - Запуск Numba-оптимизированного бэктеста для AVAUSDT-FITFIUSDT
2026-01-23 14:07:50,841 - coint2.engine.numba_engine - INFO - Запуск Numba-оптимизированного бэктеста для BICOUSDT-ETHWUSDT
2026-01-23 14:07:50,846 - coint2.engine.numba_engine - INFO - Запуск Numba-оптимизированного бэктеста для DOMEUSDT-GODSUSDT
2026-01-23 14:07:50,858 - coint2.engine.numba_engine - INFO - Запуск Numba-оптимизированного бэктеста для DOGEUSDC-JUVUSDT
2026-01-23 14:07:50,917 - coint2.engine.numba_engine - INFO - Запуск Numba-оптимизированного бэктеста для C98USDT-FILUSDT
2026-01-23 14:07:51,073 - INFO -   ⏱️ Параллельная обработка завершена за 2.3с (12.7 пар/с)
2026-01-23 14:07:51,089 - coint2.pipeline.walk_forward_orchestrator - INFO - 🎯 СИМУЛЯЦИЯ ПОРТФЕЛЯ: 29 пар, лимит 15 позиций
2026-01-23 14:07:51,706 - coint2.pipeline.walk_forward_orchestrator - INFO -    📈 Макс. одновременных сигналов: 0
2026-01-23 14:07:51,706 - coint2.pipeline.walk_forward_orchestrator - INFO -    📊 Средн. сигналов за период: 0.0
2026-01-23 14:07:51,706 - coint2.pipeline.walk_forward_orchestrator - INFO -    🎯 Финальных активных позиций: 0
2026-01-23 14:07:51,708 - coint2.pipeline.walk_forward_orchestrator - INFO -    ⚡ Утилизация лимита позиций: 0.0%
2026-01-23 14:07:51,708 - INFO - ⇠ WF-шаг 3/3 backtests — completed 29 items in 2.91s (9.9 items/s)
2026-01-23 14:07:51,708 - INFO -   ✅ Обработка завершена: 29 успешно, 0 с ошибками
2026-01-23 14:07:51,708 - INFO -   📊 Успешность: 100.0%, прибыльность: 0.0%, сделок/пара: 0.0
2026-01-23 14:07:51,708 - INFO -   ✅ Завершены бэктесты для 29 пар
2026-01-23 14:07:51,708 - INFO -   📊 Всего обработано пар в этом шаге: 29
2026-01-23 14:07:51,708 - INFO -   📈 Результаты шага: 0/29 прибыльных пар, 0 сделок
2026-01-23 14:07:51,709 - INFO -   💰 P&L шага: $+0.00
2026-01-23 14:07:51,709 - INFO -   ⇢ Обновление капитала и дневного P&L...
2026-01-23 14:07:53,166 - INFO -   💼 Шаг P&L: $+0.00, Накопленный капитал: $1,000.00
2026-01-23 14:07:53,166 - INFO - ------------------------------------------------------------
2026-01-23 14:07:53,167 - INFO -   Walk-forward steps: 3 / 3 (100.0%) | 0.1 items/s | ETA: 0.0s
2026-01-23 14:07:53,167 - INFO - ⇠ Walk-forward steps — completed 3 items in 49.53s (0.1 items/s)
2026-01-23 14:07:53,167 - INFO - ================================================================================
2026-01-23 14:07:53,167 - INFO - 🏁 Walk-forward анализ завершен!
2026-01-23 14:07:53,167 - INFO - ⏱️ Обработано 3 шагов за 4.4 секунд
2026-01-23 14:07:53,167 - INFO - 📊 Всего обработано пар за весь анализ: 89
2026-01-23 14:07:53,167 - INFO - 💰 Финальный капитал: $1,000.00 (было $1,000.00)
2026-01-23 14:07:53,167 - INFO - 📈 Общая доходность: +0.00% ($+0.00)
2026-01-23 14:07:53,167 - INFO - 📊 Всего сделок: 0
2026-01-23 14:07:53,167 - INFO - ================================================================================
2026-01-23 14:07:53,167 - INFO - ✓ Завершены все 3 WF-шагов
2026-01-23 14:07:53,167 - INFO - ⇢ Обработка финальных результатов и расчет метрик...
2026-01-23 14:07:53,167 - INFO - ⇢ processing final results — start
2026-01-23 14:07:53,168 - INFO -   ⇢ Агрегация данных P&L за 8643 торговых дней
2026-01-23 14:07:53,190 - INFO -   ⇢ Расчет базовых метрик производительности...
2026-01-23 14:07:53,190 - INFO -     📊 Данные для анализа: 8643 записей P&L, 8641 точек equity
2026-01-23 14:07:53,193 - INFO -   ⇢ Расчет расширенных метрик (волатильность, Calmar ratio, и др.)...
2026-01-23 14:07:53,193 - INFO -   ✅ Расширенные метрики рассчитаны: 6 показателей
2026-01-23 14:07:53,193 - INFO -   ⇢ Анализ статистики по 89 парам...
2026-01-23 14:07:53,196 - INFO - ✅ Рассчитаны метрики производительности (26 показателей)
2026-01-23 14:07:53,197 - INFO -   💰 Общий P&L: $+0.00
2026-01-23 14:07:53,197 - INFO -   📊 Sharpe Ratio: 0.000
2026-01-23 14:07:53,197 - INFO -   📉 Максимальная просадка: 0.00%
2026-01-23 14:07:53,197 - INFO -   🔄 Всего сделок: 0
2026-01-23 14:07:53,197 - INFO -   📈 Торгуемых пар: 49
2026-01-23 14:07:53,197 - INFO -   💸 Общие издержки: $0.00
2026-01-23 14:07:53,197 - coint2.metrics - INFO - Metric: total_pnl
2026-01-23 14:07:53,197 - coint2.metrics - INFO - Metric: sharpe_ratio_abs
2026-01-23 14:07:53,198 - coint2.metrics - INFO - Metric: max_drawdown_pct
2026-01-23 14:07:53,198 - coint2.metrics - INFO - Metric: total_trades
2026-01-23 14:07:53,198 - coint2.metrics - INFO - Metric: total_pairs_traded
2026-01-23 14:07:53,198 - coint2.metrics - INFO - Metric: total_costs
2026-01-23 14:07:53,198 - INFO - ⇠ processing final results — done in 0.03s
2026-01-23 14:07:53,198 - INFO - ⇢ Создание отчетов и сохранение результатов...
2026-01-23 14:07:53,198 - INFO - ⇢ generating reports — start
2026-01-23 14:07:53,198 - INFO -   ⇢ Создание отчета о производительности...
2026-01-23 14:07:59,174 - INFO -   ✓ Отчет о производительности создан
2026-01-23 14:07:59,174 - INFO -   ⇢ Сохранение данных в CSV файлы...
2026-01-23 14:07:59,176 - INFO - 📋 Метрики сохранены: artifacts/wfa/runs/20260123_budget1000_oos20240101_20240630_top50_maxnot40_lowrisk_maxpairsgrid/stress_relaxed8_nokpss_20260123_oos20240101_20240630_top50_z1p00_exit0p06_hold180_cd180_ms0p2_cap1000_maxnot40_risk0p015_minnot20_maxpairs30/strategy_metrics.csv
2026-01-23 14:07:59,177 - INFO - 📈 Дневные P&L сохранены: artifacts/wfa/runs/20260123_budget1000_oos20240101_20240630_top50_maxnot40_lowrisk_maxpairsgrid/stress_relaxed8_nokpss_20260123_oos20240101_20240630_top50_z1p00_exit0p06_hold180_cd180_ms0p2_cap1000_maxnot40_risk0p015_minnot20_maxpairs30/daily_pnl.csv (91 записей)
2026-01-23 14:07:59,201 - INFO - 💹 Кривая капитала сохранена: artifacts/wfa/runs/20260123_budget1000_oos20240101_20240630_top50_maxnot40_lowrisk_maxpairsgrid/stress_relaxed8_nokpss_20260123_oos20240101_20240630_top50_z1p00_exit0p06_hold180_cd180_ms0p2_cap1000_maxnot40_risk0p015_minnot20_maxpairs30/equity_curve.csv (8641 точек)
2026-01-23 14:07:59,204 - INFO - 📋 Статистика сделок сохранена: artifacts/wfa/runs/20260123_budget1000_oos20240101_20240630_top50_maxnot40_lowrisk_maxpairsgrid/stress_relaxed8_nokpss_20260123_oos20240101_20240630_top50_z1p00_exit0p06_hold180_cd180_ms0p2_cap1000_maxnot40_risk0p015_minnot20_maxpairs30/trade_statistics.csv (89 записей)
2026-01-23 14:07:59,204 - INFO - 🎉 Walk-Forward анализ полностью завершен!
2026-01-23 14:07:59,205 - INFO - 📊 Все отчеты и данные сохранены в: artifacts/wfa/runs/20260123_budget1000_oos20240101_20240630_top50_maxnot40_lowrisk_maxpairsgrid/stress_relaxed8_nokpss_20260123_oos20240101_20240630_top50_z1p00_exit0p06_hold180_cd180_ms0p2_cap1000_maxnot40_risk0p015_minnot20_maxpairs30
2026-01-23 14:07:59,205 - INFO - 💼 Итоговый капитал: $1,000.00
2026-01-23 14:07:59,205 - INFO - ⏱️  Общее время выполнения: 10.4 секунд
2026-01-23 14:07:59,205 - INFO - ⇠ generating reports — done in 6.01s
2026-01-23 14:07:59,205 - coint2.core.memory_optimization - INFO - 📊 No global price data to clean up
2026-01-23 14:07:59,205 - coint2.core.memory_optimization - INFO - 📊 No global rolling stats to clean up
2026-01-23 14:07:59,205 - INFO - 🧹 Memory-mapped data cleaned up
2026-01-23 14:07:59,206 - INFO - ⇠ run_walk_forward_analysis — done in 61.48s
📊 Отчет сохранен: artifacts/wfa/runs/20260123_budget1000_oos20240101_20240630_top50_maxnot40_lowrisk_maxpairsgrid/stress_relaxed8_nokpss_20260123_oos20240101_20240630_top50_z1p00_exit0p06_hold180_cd180_ms0p2_cap1000_maxnot40_risk0p015_minnot20_maxpairs30/CointegrationStrategy_performance_report.png
🎯 ============================================================
📊 ИТОГИ ТОРГОВОЙ СТРАТЕГИИ
🎯 ============================================================

💰 ФИНАНСОВЫЕ РЕЗУЛЬТАТЫ:
   • Общий P&L:                            0
   • Максимальная просадка:                0
   • Средний дневной P&L:                  0

📈 МЕТРИКИ РИСКА:
   • Коэффициент Шарпа:               0.0000
   • Волатильность P&L:                 0.00
   • Процент прибыльных дней:          0.00%

🔄 ТОРГОВАЯ АКТИВНОСТЬ:
   • Всего торговых дней:                 91
   • Всего сделок:                         0
   • Торгуемых пар:                       49
   • Сделок на пару:                     0.0
   • Успешность сделок:               0.00%

💸 РАСХОДЫ И ЭКСТРЕМУМЫ:
   • Общие расходы:                        0
   • Максимальная прибыль:                 0
   • Максимальный убыток:                  0
   • Лучшая пара (P&L):                    0
   • Худшая пара (P&L):                    0

📊 ОЦЕНКА СТРАТЕГИИ:
   ❌ УБЫТОЧНАЯ стратегия. Требует доработки

🎯 ============================================================

Annualized Sharpe Ratio: 0.0
[run_wfa_fullcpu] end: 2026-01-23T14:08:00Z
