[run_wfa_queue] 2026-01-23T15:00:15Z cmd: /opt/coint4/coint4/run_wfa_fullcpu.sh configs/budget_20260123_1000_capsweep_oos20240101_20240630_top50_maxnot40_riskfine2_minnotgrid_maxpairsgrid/stress_relaxed8_nokpss_20260123_oos20240101_20240630_top50_z1p00_exit0p06_hold180_cd180_ms0p2_cap1000_maxnot40_risk0p021_minnot20_maxpairs20.yaml artifacts/wfa/runs/20260123_budget1000_oos20240101_20240630_top50_maxnot40_riskfine2_minnotgrid_maxpairsgrid/stress_relaxed8_nokpss_20260123_oos20240101_20240630_top50_z1p00_exit0p06_hold180_cd180_ms0p2_cap1000_maxnot40_risk0p021_minnot20_maxpairs20
[run_wfa_fullcpu] start: 2026-01-23T15:00:16Z
[run_wfa_fullcpu] os.cpu_count: 8
[run_wfa_fullcpu] worker_pid=14162
2026-01-23 15:00:19,087 - coint2.core.memory_optimization - INFO - ✅ BLAS threading limits set to 1 via threadpoolctl
2026-01-23 15:00:19,088 - coint2.core.memory_optimization - INFO - 🔧 Controlled libraries: openblas, openmp
2026-01-23 15:00:19,088 - coint2.core.memory_optimization - INFO - 🧵 Process threads: 2 → 2
2026-01-23 15:00:19,088 - coint2.core.memory_optimization - INFO - 📝 Set 11 environment variables
2026-01-23 15:00:19,426 - INFO - ✅ Параметры конфигурации валидны
2026-01-23 15:00:19,426 - INFO - 📝 Некоторые параметры были скорректированы:
2026-01-23 15:00:19,581 - INFO - 🔒 WFA: фиксированный universe из artifacts/universe/20260119_relaxed8_strict_preholdout_v2/pairs_universe.yaml (250 пар)
2026-01-23 15:00:19,581 - INFO -   Шаг 1: тренировка 2023-10-03-2023-12-31, тест 2024-01-01-2024-01-31
2026-01-23 15:00:19,581 - INFO -   Шаг 2: тренировка 2023-11-02-2024-01-30, тест 2024-01-31-2024-03-01
2026-01-23 15:00:19,581 - INFO -   Шаг 3: тренировка 2023-12-02-2024-02-29, тест 2024-03-01-2024-03-31
2026-01-23 15:00:19,581 - INFO -   Шаг 4: тренировка 2024-01-01-2024-03-30, тест 2024-03-31-2024-04-30
2026-01-23 15:00:19,581 - INFO -   Шаг 5: тренировка 2024-01-31-2024-04-29, тест 2024-04-30-2024-05-30
2026-01-23 15:00:19,581 - INFO -   Шаг 6: тренировка 2024-03-01-2024-05-29, тест 2024-05-30-2024-06-29
2026-01-23 15:00:19,581 - INFO -   Шаг 7: тренировка 2024-03-31-2024-06-28, тест 2024-06-29-2024-07-29
2026-01-23 15:00:19,581 - INFO - 📈 Запланировано 7 walk-forward шагов
2026-01-23 15:00:19,582 - INFO - ⛔ Ограничение WFA шагов: 7 → 3
2026-01-23 15:00:19,582 - WARNING - ⚠️ Маленький буфер между training и testing в шаге 1: 0 дней. Рекомендуется минимум 1 день.
2026-01-23 15:00:19,582 - WARNING - ⚠️ Маленький буфер между training и testing в шаге 2: 0 дней. Рекомендуется минимум 1 день.
2026-01-23 15:00:19,582 - WARNING - ⚠️ Маленький буфер между training и testing в шаге 3: 0 дней. Рекомендуется минимум 1 день.
2026-01-23 15:00:19,582 - INFO - ✅ Шаги успешно запланированы:
2026-01-23 15:00:19,582 - INFO -    Шаг 1: тренировка 2023-10-03-2023-12-31, тест 2024-01-01-2024-01-31
2026-01-23 15:00:19,582 - INFO -    Шаг 2: тренировка 2023-11-02-2024-01-30, тест 2024-01-31-2024-03-01
2026-01-23 15:00:19,582 - INFO -    Шаг 3: тренировка 2023-12-02-2024-02-29, тест 2024-03-01-2024-03-31
2026-01-23 15:00:19,582 - INFO - 🗂️ Consolidating price data for memory-mapped access...
2026-01-23 15:00:19,582 - INFO - 📊 Consolidating data range: 2023-09-28 → 2024-04-05
2026-01-23 15:00:19,582 - coint2.core.memory_optimization - INFO - 🔄 Consolidating price data from data_downloaded to .cache/consolidated_prices.parquet
2026-01-23 15:00:19,582 - INFO - ⇢ loading raw data for consolidation — start
2026-01-23 15:00:20,128 - INFO - ⇠ loading raw data for consolidation — done in 0.55s
2026-01-23 15:00:20,129 - INFO - ⇢ pivoting data to wide format — start
2026-01-23 15:00:23,957 - INFO - ⇠ pivoting data to wide format — done in 3.83s
2026-01-23 15:00:24,009 - coint2.core.memory_optimization - INFO - 📊 Consolidated data: 18241 rows × 366 symbols
2026-01-23 15:00:24,009 - coint2.core.memory_optimization - INFO - 💾 Memory usage: 26.9 MB
2026-01-23 15:00:24,009 - INFO - ⇢ writing consolidated Parquet file — start
2026-01-23 15:00:24,207 - INFO - ⇠ writing consolidated Parquet file — done in 0.20s
2026-01-23 15:00:24,207 - coint2.core.memory_optimization - INFO - ✅ Successfully consolidated data to .cache/consolidated_prices.parquet
2026-01-23 15:00:24,228 - coint2.core.memory_optimization - INFO - 🔄 Initializing memory-mapped price data from .cache/consolidated_prices.parquet
2026-01-23 15:00:24,229 - INFO - ⇢ loading memory-mapped data — start
2026-01-23 15:00:24,229 - coint2.core.memory_optimization - WARNING - ⚠️ memory_map не поддерживается в текущей версии pyarrow, fallback без mmap
2026-01-23 15:00:24,340 - INFO - ⇠ loading memory-mapped data — done in 0.11s
2026-01-23 15:00:24,350 - coint2.core.memory_optimization - INFO - 📊 Loaded 18241 rows × 366 symbols
2026-01-23 15:00:24,350 - coint2.core.memory_optimization - INFO - 💾 Memory usage: 26.9 MB (memory-mapped)
2026-01-23 15:00:24,351 - INFO - ✅ Memory-mapped data initialized successfully
2026-01-23 15:00:24,352 - INFO - ⇢ Walk-forward steps — starting 3 items
2026-01-23 15:00:24,353 - INFO - 📈 Инициализация equity кривой с первой тестовой даты: 2024-01-01 00:00:00
2026-01-23 15:00:24,353 - INFO - 🔍 WF-шаг 1/3: Валидация временных окон...
2026-01-23 15:00:24,353 - INFO - ⇢ WF-шаг 1/3: training 2023-10-03-2023-12-31, testing 2024-01-01-2024-01-31 — start
2026-01-23 15:00:24,353 - INFO - ⇢ loading step data — start
2026-01-23 15:00:24,567 - INFO - ⇠ loading step data — done in 0.21s
2026-01-23 15:00:26,640 - INFO - 📊 WF-шаг 1/3: Границы данных:
2026-01-23 15:00:26,640 - INFO -    Training: 2023-10-03 00:00:00 → 2023-12-31 23:45:00 (8,640 строк × 329 символов)
2026-01-23 15:00:26,640 - INFO -    Testing:  2024-01-01 00:00:00 → 2024-01-31 00:00:00 (2,881 строк × 329 символов)
2026-01-23 15:00:26,640 - INFO -    Временной разрыв: 0 days 00:15:00
2026-01-23 15:00:26,682 - INFO - ⇢ normalizing training data — start
2026-01-23 15:00:26,722 - INFO -   Символы с NaN значениями: 53
2026-01-23 15:00:26,722 - INFO -   Применяем метод нормализации: rolling_zscore
2026-01-23 15:00:26,745 - INFO - Символы с недостаточной историей: 50 из 329
2026-01-23 15:00:27,355 - INFO - Символы с NaN после нормализации: 279
2026-01-23 15:00:27,363 - INFO - Удалено 1577 начальных строк с NaN от rolling расчетов
2026-01-23 15:00:27,366 - INFO - Итоговое количество символов после нормализации: 279 из 329
2026-01-23 15:00:27,366 - INFO -   Статистика нормализации:
2026-01-23 15:00:27,366 - INFO -     Исходные символы: 329
2026-01-23 15:00:27,366 - INFO -     Недостаточная история: 50
2026-01-23 15:00:27,366 - INFO -     Постоянная цена: 0
2026-01-23 15:00:27,366 - INFO -     NaN после нормализации: 279
2026-01-23 15:00:27,366 - INFO -     Итоговые символы: 279 (84.8%)
2026-01-23 15:00:27,366 - INFO -   После нормализации: 279 символов (потеряно 50)
2026-01-23 15:00:27,366 - INFO -   Отброшено много символов: 50 из 329
2026-01-23 15:00:27,366 - INFO - ⇠ normalizing training data — done in 0.68s
2026-01-23 15:00:27,366 - INFO -   Фиксированный universe: 234 пар (отфильтровано 16 недоступных)
2026-01-23 15:00:27,366 - INFO - ⇢ filtering pairs by cointegration and half-life — start
2026-01-23 15:00:27,367 - INFO - [ФИЛЬТР] Параллельная фильтрация: threads (8 workers)
2026-01-23 15:00:33,122 - INFO - [ФИЛЬТР] После проверки данных: 212 пар
2026-01-23 15:00:33,122 - INFO - [ФИЛЬТР] После фильтра корреляции (>0.4): 163 пар
2026-01-23 15:00:33,122 - INFO - [ФИЛЬТР] После фильтра beta: 141 пар
2026-01-23 15:00:33,122 - INFO - [ФИЛЬТР] После фильтра mean crossings: 141 пар
2026-01-23 15:00:33,122 - INFO - [ФИЛЬТР] После фильтра half-life: 141 пар
2026-01-23 15:00:33,122 - INFO - [ФИЛЬТР] После фильтра коинтеграции: 63 пар
2026-01-23 15:00:33,122 - INFO - [ФИЛЬТР] После фильтра Hurst: 48 пар
2026-01-23 15:00:33,123 - INFO - [ФИЛЬТР] После фильтра KPSS: 48 пар
2026-01-23 15:00:33,123 - INFO - [ФИЛЬТР] После фильтра market microstructure: 44 пар
2026-01-23 15:00:33,123 - INFO - [ФИЛЬТР] Статистика фильтрации (оптимизированный порядок):
2026-01-23 15:00:33,123 - INFO -   1. SSD → Коинтеграция: 234 → 63 пар
2026-01-23 15:00:33,123 - INFO -   2. Коинтеграция → Beta: 63 → 141 пар
2026-01-23 15:00:33,123 - INFO -   3. Beta → Half-life: 141 → 141 пар
2026-01-23 15:00:33,123 - INFO -   4. Half-life → Mean crossings: 141 → 141 пар
2026-01-23 15:00:33,123 - INFO -   5. Mean crossings → Hurst: 141 → 48 пар
2026-01-23 15:00:33,123 - INFO -   6. Hurst → KPSS: 48 → 48 пар
2026-01-23 15:00:33,123 - INFO -   7. KPSS → Market microstructure: 48 → 44 пар
2026-01-23 15:00:33,123 - INFO - [ФИЛЬТР] Причины отсева:
2026-01-23 15:00:33,123 - INFO -   • pvalue: 78 пар (33.3%)
2026-01-23 15:00:33,123 - INFO -   • low_correlation: 49 пар (20.9%)
2026-01-23 15:00:33,123 - INFO -   • insufficient_data: 22 пар (9.4%)
2026-01-23 15:00:33,123 - INFO -   • beta: 22 пар (9.4%)
2026-01-23 15:00:33,123 - INFO -   • hurst: 15 пар (6.4%)
2026-01-23 15:00:33,123 - INFO -   • history: 4 пар (1.7%)
2026-01-23 15:00:33,123 - INFO - [ФИЛЬТР] Итого: 234 → 44 пар (18.8% прошли все фильтры)
2026-01-23 15:00:33,126 - INFO - Причины отсева сохранены в results/filter_reasons_20260123_150033.csv
2026-01-23 15:00:33,126 - INFO -   Pair stability filter: insufficient history (0 < 1), skip
2026-01-23 15:00:33,126 - INFO -   Фильтрация: 234 → 44 пар
2026-01-23 15:00:33,126 - INFO - ⇠ filtering pairs by cointegration and half-life — done in 5.76s
2026-01-23 15:00:33,126 - INFO - ⇠ WF-шаг 1/3: training 2023-10-03-2023-12-31, testing 2024-01-01-2024-01-31 — done in 8.77s
2026-01-23 15:00:33,127 - INFO -   Ограничение max_pairs=20: 44 → 20
2026-01-23 15:00:33,127 - INFO -   Топ-3 пары по волатильности спреда:
2026-01-23 15:00:33,127 - INFO -     1. BTCDAI-BTCEUR: beta=1.1665, std=409.8237
2026-01-23 15:00:33,127 - INFO -     2. ETHDAI-ETHEUR: beta=1.1882, std=22.0629
2026-01-23 15:00:33,127 - INFO -     3. BTCUSDC-BTCUSDT: beta=0.9998, std=13.3093
2026-01-23 15:00:33,127 - INFO -   Всего пар для торговли: 20 (ограничение 15 применяется к одновременно открытым позициям)
2026-01-23 15:00:33,127 - INFO -   💰 Проверка расчета капитала: equity=$1,000.00, кандидатных_пар=20, max_позиций=15
2026-01-23 15:00:33,127 - INFO -   🎯 Target concurrency: 15 (ожидаемое одновременное число позиций)
2026-01-23 15:00:33,127 - INFO -   📊 Детали расчета капитала:
2026-01-23 15:00:33,127 - INFO -      • Базовый капитал на пару: $66.67 (equity / target_concurrency)
2026-01-23 15:00:33,127 - INFO -      • Риск-капитал: $21.00 (2.1% от equity)
2026-01-23 15:00:33,127 - INFO -      • Макс. размер позиции: $50.00 (5.0% от equity)
2026-01-23 15:00:33,127 - INFO -      • Итоговый капитал на пару: $21.00
2026-01-23 15:00:33,127 - INFO - ⇢ WF-шаг 1/3 backtests — starting 20 items
2026-01-23 15:00:33,127 - INFO - 🚀 WF-шаг 1/3: Начинаем бэктесты для 20 пар...
2026-01-23 15:00:33,128 - INFO - 🚀 WF-шаг 1/3: Запускаем параллельную обработку 20 пар на 8 ядрах...
2026-01-23 15:00:33,128 - INFO - 🚀 WF-шаг 1/3: Режим параллельности: процессы
⚙️  Загрузка данных за период: 2023-09-28 -> 2024-04-05
📂 Найдено 43 parquet файлов для обработки.
📊 Схема данных: Schema({'timestamp': Int64, 'open': Float64, 'high': Float64, 'low': Float64, 'close': Float64, 'volume': Float64, 'turnover': String, 'ts_ms': Int64, 'symbol': String})
✅ Загружено 5719620 записей с помощью Polars.
📊 Типы данных в pandas: timestamp       datetime64[us]
symbol                  object
close                  float64
timestamp_ms             int64
dtype: object
⚙️  Загрузка данных за период: 2023-10-03 -> 2024-01-31
📂 Найдено 43 parquet файлов для обработки.
📊 Схема данных: Schema({'timestamp': Int64, 'open': Float64, 'high': Float64, 'low': Float64, 'close': Float64, 'volume': Float64, 'turnover': String, 'ts_ms': Int64, 'symbol': String})
✅ Загружено 3426589 записей с помощью Polars.
📊 Типы данных в pandas: timestamp       datetime64[us]
symbol                  object
close                  float64
timestamp_ms             int64
dtype: object
2026-01-23 15:00:33,188 - coint2.engine.numba_engine - INFO - Запуск Numba-оптимизированного бэктеста для BTCDAI-BTCEUR
2026-01-23 15:00:33,219 - coint2.engine.numba_engine - INFO - Запуск Numba-оптимизированного бэктеста для ETHDAI-ETHEUR
2026-01-23 15:00:33,268 - coint2.engine.numba_engine - INFO - Запуск Numba-оптимизированного бэктеста для BTCUSDC-BTCUSDT
2026-01-23 15:00:33,269 - coint2.engine.numba_engine - INFO - Запуск Numba-оптимизированного бэктеста для APEUSDC-HFTUSDC
2026-01-23 15:00:33,292 - coint2.engine.numba_engine - INFO - Запуск Numba-оптимизированного бэктеста для CITYUSDT-IZIUSDT
2026-01-23 15:00:33,309 - coint2.engine.numba_engine - INFO - Запуск Numba-оптимизированного бэктеста для ETCUSDT-JUVUSDT
2026-01-23 15:00:33,353 - coint2.engine.numba_engine - INFO - Запуск Numba-оптимизированного бэктеста для APEUSDT-HFTUSDC
2026-01-23 15:00:33,364 - coint2.engine.numba_engine - INFO - Запуск Numba-оптимизированного бэктеста для ATOMUSDT-GODSUSDT
2026-01-23 15:00:33,379 - coint2.engine.numba_engine - INFO - Запуск Numba-оптимизированного бэктеста для APEUSDC-GODSUSDT
2026-01-23 15:00:33,394 - coint2.engine.numba_engine - INFO - Запуск Numba-оптимизированного бэктеста для APEUSDT-HFTUSDT
2026-01-23 15:00:33,397 - coint2.engine.numba_engine - INFO - Запуск Numba-оптимизированного бэктеста для APEUSDC-HFTUSDT
2026-01-23 15:00:33,400 - coint2.engine.numba_engine - INFO - Запуск Numba-оптимизированного бэктеста для ETHUSDC-ETHUSDT
2026-01-23 15:00:33,416 - coint2.engine.numba_engine - INFO - Запуск Numba-оптимизированного бэктеста для AFCUSDT-ANKRUSDT
2026-01-23 15:00:33,419 - coint2.engine.numba_engine - INFO - Запуск Numba-оптимизированного бэктеста для APEUSDT-GODSUSDT
2026-01-23 15:00:33,424 - coint2.engine.numba_engine - INFO - Запуск Numba-оптимизированного бэктеста для AXSUSDT-DOTUSDT
2026-01-23 15:00:33,449 - coint2.engine.numba_engine - INFO - Запуск Numba-оптимизированного бэктеста для AGLDUSDT-HFTUSDC
2026-01-23 15:00:33,460 - coint2.engine.numba_engine - INFO - Запуск Numba-оптимизированного бэктеста для AXSUSDT-DOTUSDC
2026-01-23 15:00:33,482 - coint2.engine.numba_engine - INFO - Запуск Numba-оптимизированного бэктеста для AGLDUSDT-HFTUSDT
2026-01-23 15:00:33,504 - coint2.engine.numba_engine - INFO - Запуск Numba-оптимизированного бэктеста для APEUSDC-ATOMUSDT
2026-01-23 15:00:33,541 - coint2.engine.numba_engine - INFO - Запуск Numba-оптимизированного бэктеста для APEUSDT-ATOMUSDT
2026-01-23 15:00:33,582 - INFO -   ⏱️ Параллельная обработка завершена за 0.5с (44.0 пар/с)
2026-01-23 15:00:33,595 - coint2.pipeline.walk_forward_orchestrator - INFO - 🎯 СИМУЛЯЦИЯ ПОРТФЕЛЯ: 20 пар, лимит 15 позиций
2026-01-23 15:00:34,490 - coint2.pipeline.walk_forward_orchestrator - INFO -    📈 Макс. одновременных сигналов: 18
2026-01-23 15:00:34,490 - coint2.pipeline.walk_forward_orchestrator - INFO -    📊 Средн. сигналов за период: 8.3
2026-01-23 15:00:34,490 - coint2.pipeline.walk_forward_orchestrator - INFO -    🎯 Финальных активных позиций: 5
2026-01-23 15:00:34,491 - coint2.pipeline.walk_forward_orchestrator - INFO -    ⚡ Утилизация лимита позиций: 55.4%
2026-01-23 15:00:34,492 - INFO - ⇠ WF-шаг 1/3 backtests — completed 20 items in 1.36s (14.7 items/s)
2026-01-23 15:00:34,492 - INFO -   ✅ Обработка завершена: 20 успешно, 0 с ошибками
2026-01-23 15:00:34,492 - INFO -   📊 Успешность: 100.0%, прибыльность: 75.0%, сделок/пара: 50.9
2026-01-23 15:00:34,492 - INFO -   ✅ Завершены бэктесты для 20 пар
2026-01-23 15:00:34,492 - INFO -   📊 Всего обработано пар в этом шаге: 20
2026-01-23 15:00:34,492 - INFO -   📈 Результаты шага: 15/20 прибыльных пар, 1018 сделок
2026-01-23 15:00:34,492 - INFO -   💰 P&L шага: $+504.88
2026-01-23 15:00:34,492 - INFO -   ⇢ Обновление капитала и дневного P&L...
2026-01-23 15:00:35,682 - INFO -   💼 Шаг P&L: $+504.88, Накопленный капитал: $1,504.88
2026-01-23 15:00:35,682 - INFO - ------------------------------------------------------------
2026-01-23 15:00:35,682 - INFO -   Walk-forward steps: 1 / 3 (33.3%) | 0.1 items/s | ETA: 22.7s
2026-01-23 15:00:35,682 - INFO - 🔍 WF-шаг 2/3: Валидация временных окон...
2026-01-23 15:00:35,682 - INFO - ⇢ WF-шаг 2/3: training 2023-11-02-2024-01-30, testing 2024-01-31-2024-03-01 — start
2026-01-23 15:00:35,683 - INFO - ⇢ loading step data — start
2026-01-23 15:00:35,944 - INFO - ⇠ loading step data — done in 0.26s
2026-01-23 15:00:37,818 - INFO - 📊 WF-шаг 2/3: Границы данных:
2026-01-23 15:00:37,818 - INFO -    Training: 2023-11-02 00:00:00 → 2024-01-30 23:45:00 (8,640 строк × 346 символов)
2026-01-23 15:00:37,818 - INFO -    Testing:  2024-01-31 00:00:00 → 2024-03-01 00:00:00 (2,881 строк × 346 символов)
2026-01-23 15:00:37,818 - INFO -    Временной разрыв: 0 days 00:15:00
2026-01-23 15:00:37,862 - INFO - ⇢ normalizing training data — start
2026-01-23 15:00:37,903 - INFO -   Символы с NaN значениями: 63
2026-01-23 15:00:37,903 - INFO -   Применяем метод нормализации: rolling_zscore
2026-01-23 15:00:37,927 - INFO - Символы с недостаточной историей: 58 из 346
2026-01-23 15:00:38,550 - INFO - Символы с NaN после нормализации: 288
2026-01-23 15:00:38,558 - INFO - Удалено 1193 начальных строк с NaN от rolling расчетов
2026-01-23 15:00:38,561 - INFO - Итоговое количество символов после нормализации: 288 из 346
2026-01-23 15:00:38,562 - INFO -   Статистика нормализации:
2026-01-23 15:00:38,562 - INFO -     Исходные символы: 346
2026-01-23 15:00:38,562 - INFO -     Недостаточная история: 58
2026-01-23 15:00:38,562 - INFO -     Постоянная цена: 0
2026-01-23 15:00:38,562 - INFO -     NaN после нормализации: 288
2026-01-23 15:00:38,562 - INFO -     Итоговые символы: 288 (83.2%)
2026-01-23 15:00:38,562 - INFO -   После нормализации: 288 символов (потеряно 58)
2026-01-23 15:00:38,562 - INFO -   Отброшено много символов: 58 из 346
2026-01-23 15:00:38,562 - INFO - ⇠ normalizing training data — done in 0.70s
2026-01-23 15:00:38,562 - INFO -   Фиксированный universe: 246 пар (отфильтровано 4 недоступных)
2026-01-23 15:00:38,562 - INFO - ⇢ filtering pairs by cointegration and half-life — start
2026-01-23 15:00:38,562 - INFO - [ФИЛЬТР] Параллельная фильтрация: threads (8 workers)
2026-01-23 15:00:44,303 - INFO - [ФИЛЬТР] После проверки данных: 218 пар
2026-01-23 15:00:44,303 - INFO - [ФИЛЬТР] После фильтра корреляции (>0.4): 122 пар
2026-01-23 15:00:44,303 - INFO - [ФИЛЬТР] После фильтра beta: 108 пар
2026-01-23 15:00:44,303 - INFO - [ФИЛЬТР] После фильтра mean crossings: 108 пар
2026-01-23 15:00:44,303 - INFO - [ФИЛЬТР] После фильтра half-life: 108 пар
2026-01-23 15:00:44,303 - INFO - [ФИЛЬТР] После фильтра коинтеграции: 72 пар
2026-01-23 15:00:44,303 - INFO - [ФИЛЬТР] После фильтра Hurst: 55 пар
2026-01-23 15:00:44,303 - INFO - [ФИЛЬТР] После фильтра KPSS: 55 пар
2026-01-23 15:00:44,303 - INFO - [ФИЛЬТР] После фильтра market microstructure: 49 пар
2026-01-23 15:00:44,303 - INFO - [ФИЛЬТР] Статистика фильтрации (оптимизированный порядок):
2026-01-23 15:00:44,303 - INFO -   1. SSD → Коинтеграция: 246 → 72 пар
2026-01-23 15:00:44,303 - INFO -   2. Коинтеграция → Beta: 72 → 108 пар
2026-01-23 15:00:44,303 - INFO -   3. Beta → Half-life: 108 → 108 пар
2026-01-23 15:00:44,303 - INFO -   4. Half-life → Mean crossings: 108 → 108 пар
2026-01-23 15:00:44,303 - INFO -   5. Mean crossings → Hurst: 108 → 55 пар
2026-01-23 15:00:44,303 - INFO -   6. Hurst → KPSS: 55 → 55 пар
2026-01-23 15:00:44,303 - INFO -   7. KPSS → Market microstructure: 55 → 49 пар
2026-01-23 15:00:44,304 - INFO - [ФИЛЬТР] Причины отсева:
2026-01-23 15:00:44,304 - INFO -   • low_correlation: 96 пар (39.0%)
2026-01-23 15:00:44,304 - INFO -   • pvalue: 36 пар (14.6%)
2026-01-23 15:00:44,304 - INFO -   • insufficient_data: 28 пар (11.4%)
2026-01-23 15:00:44,304 - INFO -   • hurst: 17 пар (6.9%)
2026-01-23 15:00:44,304 - INFO -   • beta: 14 пар (5.7%)
2026-01-23 15:00:44,304 - INFO -   • history: 6 пар (2.4%)
2026-01-23 15:00:44,304 - INFO - [ФИЛЬТР] Итого: 246 → 49 пар (19.9% прошли все фильтры)
2026-01-23 15:00:44,306 - INFO - Причины отсева сохранены в results/filter_reasons_20260123_150044.csv
2026-01-23 15:00:44,308 - INFO -   Pair stability filter: 49 → 31 (window=2, min_steps=1, history=1)
2026-01-23 15:00:44,309 - INFO -   Фильтрация: 246 → 31 пар
2026-01-23 15:00:44,309 - INFO - ⇠ filtering pairs by cointegration and half-life — done in 5.75s
2026-01-23 15:00:44,309 - INFO - ⇠ WF-шаг 2/3: training 2023-11-02-2024-01-30, testing 2024-01-31-2024-03-01 — done in 8.63s
2026-01-23 15:00:44,309 - INFO -   Ограничение max_pairs=20: 31 → 20
2026-01-23 15:00:44,309 - INFO -   Топ-3 пары по волатильности спреда:
2026-01-23 15:00:44,309 - INFO -     1. BTCDAI-BTCEUR: beta=1.1459, std=574.8675
2026-01-23 15:00:44,309 - INFO -     2. ETHDAI-ETHEUR: beta=1.1311, std=22.8903
2026-01-23 15:00:44,309 - INFO -     3. BTCUSDC-BTCUSDT: beta=0.9990, std=20.6114
2026-01-23 15:00:44,309 - INFO -   Всего пар для торговли: 20 (ограничение 15 применяется к одновременно открытым позициям)
2026-01-23 15:00:44,309 - INFO -   💰 Проверка расчета капитала: equity=$1,504.88, кандидатных_пар=20, max_позиций=15
2026-01-23 15:00:44,309 - INFO -   🎯 Target concurrency: 15 (ожидаемое одновременное число позиций)
2026-01-23 15:00:44,309 - INFO -   📊 Детали расчета капитала:
2026-01-23 15:00:44,309 - INFO -      • Базовый капитал на пару: $100.33 (equity / target_concurrency)
2026-01-23 15:00:44,309 - INFO -      • Риск-капитал: $31.60 (2.1% от equity)
2026-01-23 15:00:44,310 - INFO -      • Макс. размер позиции: $75.24 (5.0% от equity)
2026-01-23 15:00:44,310 - INFO -      • Итоговый капитал на пару: $31.60
2026-01-23 15:00:44,310 - INFO - ⇢ WF-шаг 2/3 backtests — starting 20 items
2026-01-23 15:00:44,310 - INFO - 🚀 WF-шаг 2/3: Начинаем бэктесты для 20 пар...
2026-01-23 15:00:44,310 - INFO - 🚀 WF-шаг 2/3: Запускаем параллельную обработку 20 пар на 8 ядрах...
2026-01-23 15:00:44,310 - INFO - 🚀 WF-шаг 2/3: Режим параллельности: процессы
⚙️  Загрузка данных за период: 2023-11-02 -> 2024-03-01
📂 Найдено 43 parquet файлов для обработки.
📊 Схема данных: Schema({'timestamp': Int64, 'open': Float64, 'high': Float64, 'low': Float64, 'close': Float64, 'volume': Float64, 'turnover': String, 'ts_ms': Int64, 'symbol': String})
✅ Загружено 3596229 записей с помощью Polars.
📊 Типы данных в pandas: timestamp       datetime64[us]
symbol                  object
close                  float64
timestamp_ms             int64
dtype: object
2026-01-23 15:00:44,367 - coint2.engine.numba_engine - INFO - Запуск Numba-оптимизированного бэктеста для BTCDAI-BTCEUR
2026-01-23 15:00:44,395 - coint2.engine.numba_engine - INFO - Запуск Numba-оптимизированного бэктеста для ETHDAI-ETHEUR
2026-01-23 15:00:44,475 - coint2.engine.numba_engine - INFO - Запуск Numba-оптимизированного бэктеста для ETHUSDC-ETHUSDT
2026-01-23 15:00:44,479 - coint2.engine.numba_engine - INFO - Запуск Numba-оптимизированного бэктеста для BTCUSDC-BTCUSDT
2026-01-23 15:00:44,484 - coint2.engine.numba_engine - INFO - Запуск Numba-оптимизированного бэктеста для AGLDUSDT-HFTUSDT
2026-01-23 15:00:44,501 - coint2.engine.numba_engine - INFO - Запуск Numba-оптимизированного бэктеста для APEUSDC-HFTUSDT
2026-01-23 15:00:44,506 - coint2.engine.numba_engine - INFO - Запуск Numba-оптимизированного бэктеста для APEUSDC-GODSUSDT
2026-01-23 15:00:44,508 - coint2.engine.numba_engine - INFO - Запуск Numba-оптимизированного бэктеста для ATOMUSDT-GODSUSDT
2026-01-23 15:00:44,523 - coint2.engine.numba_engine - INFO - Запуск Numba-оптимизированного бэктеста для APEUSDT-GODSUSDT
2026-01-23 15:00:44,535 - coint2.engine.numba_engine - INFO - Запуск Numba-оптимизированного бэктеста для AXSUSDT-DOTUSDT
2026-01-23 15:00:44,543 - coint2.engine.numba_engine - INFO - Запуск Numba-оптимизированного бэктеста для AXSUSDT-DOTUSDC
2026-01-23 15:00:44,557 - coint2.engine.numba_engine - INFO - Запуск Numba-оптимизированного бэктеста для APEUSDT-HFTUSDT
2026-01-23 15:00:44,580 - coint2.engine.numba_engine - INFO - Запуск Numba-оптимизированного бэктеста для CELOUSDT-ENJUSDT
2026-01-23 15:00:44,581 - coint2.engine.numba_engine - INFO - Запуск Numba-оптимизированного бэктеста для APEUSDC-HFTUSDC
2026-01-23 15:00:44,583 - coint2.engine.numba_engine - INFO - Запуск Numba-оптимизированного бэктеста для AGLDUSDT-HFTUSDC
2026-01-23 15:00:44,602 - coint2.engine.numba_engine - INFO - Запуск Numba-оптимизированного бэктеста для HOOKUSDT-KAVAUSDT
2026-01-23 15:00:44,609 - coint2.engine.numba_engine - INFO - Запуск Numba-оптимизированного бэктеста для APEUSDT-HFTUSDC
2026-01-23 15:00:44,617 - coint2.engine.numba_engine - INFO - Запуск Numba-оптимизированного бэктеста для APEUSDC-ATOMUSDT
2026-01-23 15:00:44,641 - coint2.engine.numba_engine - INFO - Запуск Numba-оптимизированного бэктеста для APEUSDT-ATOMUSDT
2026-01-23 15:00:44,671 - coint2.engine.numba_engine - INFO - Запуск Numba-оптимизированного бэктеста для AFCUSDT-ANKRUSDT
2026-01-23 15:00:44,712 - INFO -   ⏱️ Параллельная обработка завершена за 0.4с (49.7 пар/с)
2026-01-23 15:00:44,726 - coint2.pipeline.walk_forward_orchestrator - INFO - 🎯 СИМУЛЯЦИЯ ПОРТФЕЛЯ: 20 пар, лимит 15 позиций
2026-01-23 15:00:45,428 - coint2.pipeline.walk_forward_orchestrator - INFO -    📈 Макс. одновременных сигналов: 18
2026-01-23 15:00:45,428 - coint2.pipeline.walk_forward_orchestrator - INFO -    📊 Средн. сигналов за период: 8.8
2026-01-23 15:00:45,428 - coint2.pipeline.walk_forward_orchestrator - INFO -    🎯 Финальных активных позиций: 4
2026-01-23 15:00:45,429 - coint2.pipeline.walk_forward_orchestrator - INFO -    ⚡ Утилизация лимита позиций: 58.4%
2026-01-23 15:00:45,430 - INFO - ⇠ WF-шаг 2/3 backtests — completed 20 items in 1.12s (17.9 items/s)
2026-01-23 15:00:45,430 - INFO -   ✅ Обработка завершена: 20 успешно, 0 с ошибками
2026-01-23 15:00:45,430 - INFO -   📊 Успешность: 100.0%, прибыльность: 35.0%, сделок/пара: 51.0
2026-01-23 15:00:45,430 - INFO -   ✅ Завершены бэктесты для 20 пар
2026-01-23 15:00:45,430 - INFO -   📊 Всего обработано пар в этом шаге: 20
2026-01-23 15:00:45,430 - INFO -   📈 Результаты шага: 7/20 прибыльных пар, 1019 сделок
2026-01-23 15:00:45,430 - INFO -   💰 P&L шага: $+10.05
2026-01-23 15:00:45,430 - INFO -   ⇢ Обновление капитала и дневного P&L...
2026-01-23 15:00:46,707 - INFO -   💼 Шаг P&L: $+10.05, Накопленный капитал: $1,514.93
2026-01-23 15:00:46,707 - INFO - ------------------------------------------------------------
2026-01-23 15:00:46,707 - INFO -   Walk-forward steps: 2 / 3 (66.7%) | 0.1 items/s | ETA: 11.2s
2026-01-23 15:00:46,707 - INFO - 🔍 WF-шаг 3/3: Валидация временных окон...
2026-01-23 15:00:46,708 - INFO - ⇢ WF-шаг 3/3: training 2023-12-02-2024-02-29, testing 2024-03-01-2024-03-31 — start
2026-01-23 15:00:46,708 - INFO - ⇢ loading step data — start
2026-01-23 15:00:46,977 - INFO - ⇠ loading step data — done in 0.27s
2026-01-23 15:00:48,932 - INFO - 📊 WF-шаг 3/3: Границы данных:
2026-01-23 15:00:48,932 - INFO -    Training: 2023-12-02 00:00:00 → 2024-02-29 23:45:00 (8,640 строк × 361 символов)
2026-01-23 15:00:48,932 - INFO -    Testing:  2024-03-01 00:00:00 → 2024-03-31 00:00:00 (2,881 строк × 361 символов)
2026-01-23 15:00:48,933 - INFO -    Временной разрыв: 0 days 00:15:00
2026-01-23 15:00:48,979 - INFO - ⇢ normalizing training data — start
2026-01-23 15:00:49,025 - INFO -   Символы с NaN значениями: 68
2026-01-23 15:00:49,025 - INFO -   Применяем метод нормализации: rolling_zscore
2026-01-23 15:00:49,051 - INFO - Символы с недостаточной историей: 56 из 361
2026-01-23 15:00:49,731 - INFO - Символы с NaN после нормализации: 305
2026-01-23 15:00:49,740 - INFO - Удалено 1673 начальных строк с NaN от rolling расчетов
2026-01-23 15:00:49,743 - INFO - Итоговое количество символов после нормализации: 305 из 361
2026-01-23 15:00:49,743 - INFO -   Статистика нормализации:
2026-01-23 15:00:49,744 - INFO -     Исходные символы: 361
2026-01-23 15:00:49,744 - INFO -     Недостаточная история: 56
2026-01-23 15:00:49,744 - INFO -     Постоянная цена: 0
2026-01-23 15:00:49,744 - INFO -     NaN после нормализации: 305
2026-01-23 15:00:49,744 - INFO -     Итоговые символы: 305 (84.5%)
2026-01-23 15:00:49,744 - INFO -   После нормализации: 305 символов (потеряно 56)
2026-01-23 15:00:49,744 - INFO -   Отброшено много символов: 56 из 361
2026-01-23 15:00:49,744 - INFO - ⇠ normalizing training data — done in 0.76s
2026-01-23 15:00:49,744 - INFO -   Фиксированный universe: 250 пар (отфильтровано 0 недоступных)
2026-01-23 15:00:49,744 - INFO - ⇢ filtering pairs by cointegration and half-life — start
2026-01-23 15:00:49,745 - INFO - [ФИЛЬТР] Параллельная фильтрация: threads (8 workers)
2026-01-23 15:00:56,894 - INFO - [ФИЛЬТР] После проверки данных: 239 пар
2026-01-23 15:00:56,894 - INFO - [ФИЛЬТР] После фильтра корреляции (>0.4): 137 пар
2026-01-23 15:00:56,894 - INFO - [ФИЛЬТР] После фильтра beta: 127 пар
2026-01-23 15:00:56,894 - INFO - [ФИЛЬТР] После фильтра mean crossings: 127 пар
2026-01-23 15:00:56,894 - INFO - [ФИЛЬТР] После фильтра half-life: 127 пар
2026-01-23 15:00:56,894 - INFO - [ФИЛЬТР] После фильтра коинтеграции: 92 пар
2026-01-23 15:00:56,894 - INFO - [ФИЛЬТР] После фильтра Hurst: 76 пар
2026-01-23 15:00:56,894 - INFO - [ФИЛЬТР] После фильтра KPSS: 76 пар
2026-01-23 15:00:56,894 - INFO - [ФИЛЬТР] После фильтра market microstructure: 68 пар
2026-01-23 15:00:56,894 - INFO - [ФИЛЬТР] Статистика фильтрации (оптимизированный порядок):
2026-01-23 15:00:56,894 - INFO -   1. SSD → Коинтеграция: 250 → 92 пар
2026-01-23 15:00:56,894 - INFO -   2. Коинтеграция → Beta: 92 → 127 пар
2026-01-23 15:00:56,894 - INFO -   3. Beta → Half-life: 127 → 127 пар
2026-01-23 15:00:56,894 - INFO -   4. Half-life → Mean crossings: 127 → 127 пар
2026-01-23 15:00:56,894 - INFO -   5. Mean crossings → Hurst: 127 → 76 пар
2026-01-23 15:00:56,894 - INFO -   6. Hurst → KPSS: 76 → 76 пар
2026-01-23 15:00:56,894 - INFO -   7. KPSS → Market microstructure: 76 → 68 пар
2026-01-23 15:00:56,894 - INFO - [ФИЛЬТР] Причины отсева:
2026-01-23 15:00:56,894 - INFO -   • low_correlation: 102 пар (40.8%)
2026-01-23 15:00:56,894 - INFO -   • pvalue: 35 пар (14.0%)
2026-01-23 15:00:56,894 - INFO -   • hurst: 16 пар (6.4%)
2026-01-23 15:00:56,894 - INFO -   • insufficient_data: 11 пар (4.4%)
2026-01-23 15:00:56,894 - INFO -   • beta: 10 пар (4.0%)
2026-01-23 15:00:56,894 - INFO -   • history: 8 пар (3.2%)
2026-01-23 15:00:56,894 - INFO - [ФИЛЬТР] Итого: 250 → 68 пар (27.2% прошли все фильтры)
2026-01-23 15:00:56,896 - INFO - Причины отсева сохранены в results/filter_reasons_20260123_150056.csv
2026-01-23 15:00:56,897 - INFO -   Pair stability filter: 68 → 29 (window=2, min_steps=1, history=2)
2026-01-23 15:00:56,897 - INFO -   Фильтрация: 250 → 29 пар
2026-01-23 15:00:56,897 - INFO - ⇠ filtering pairs by cointegration and half-life — done in 7.15s
2026-01-23 15:00:56,897 - INFO - ⇠ WF-шаг 3/3: training 2023-12-02-2024-02-29, testing 2024-03-01-2024-03-31 — done in 10.19s
2026-01-23 15:00:56,897 - INFO -   Ограничение max_pairs=20: 29 → 20
2026-01-23 15:00:56,897 - INFO -   Топ-3 пары по волатильности спреда:
2026-01-23 15:00:56,898 - INFO -     1. BTCDAI-BTCEUR: beta=1.0480, std=582.7625
2026-01-23 15:00:56,898 - INFO -     2. ETHDAI-ETHEUR: beta=1.0530, std=30.4486
2026-01-23 15:00:56,898 - INFO -     3. ATOMUSDT-GODSUSDT: beta=8.5838, std=0.6434
2026-01-23 15:00:56,898 - INFO -   Всего пар для торговли: 20 (ограничение 15 применяется к одновременно открытым позициям)
2026-01-23 15:00:56,898 - INFO -   💰 Проверка расчета капитала: equity=$1,514.93, кандидатных_пар=20, max_позиций=15
2026-01-23 15:00:56,898 - INFO -   🎯 Target concurrency: 15 (ожидаемое одновременное число позиций)
2026-01-23 15:00:56,898 - INFO -   📊 Детали расчета капитала:
2026-01-23 15:00:56,898 - INFO -      • Базовый капитал на пару: $101.00 (equity / target_concurrency)
2026-01-23 15:00:56,898 - INFO -      • Риск-капитал: $31.81 (2.1% от equity)
2026-01-23 15:00:56,898 - INFO -      • Макс. размер позиции: $75.75 (5.0% от equity)
2026-01-23 15:00:56,898 - INFO -      • Итоговый капитал на пару: $31.81
2026-01-23 15:00:56,899 - INFO - ⇢ WF-шаг 3/3 backtests — starting 20 items
2026-01-23 15:00:56,899 - INFO - 🚀 WF-шаг 3/3: Начинаем бэктесты для 20 пар...
2026-01-23 15:00:56,899 - INFO - 🚀 WF-шаг 3/3: Запускаем параллельную обработку 20 пар на 8 ядрах...
2026-01-23 15:00:56,899 - INFO - 🚀 WF-шаг 3/3: Режим параллельности: процессы
⚙️  Загрузка данных за период: 2023-12-02 -> 2024-03-31
📂 Найдено 43 parquet файлов для обработки.
📊 Схема данных: Schema({'timestamp': Int64, 'open': Float64, 'high': Float64, 'low': Float64, 'close': Float64, 'volume': Float64, 'turnover': String, 'ts_ms': Int64, 'symbol': String})
✅ Загружено 3779046 записей с помощью Polars.
📊 Типы данных в pandas: timestamp       datetime64[us]
symbol                  object
close                  float64
timestamp_ms             int64
dtype: object
2026-01-23 15:00:56,959 - coint2.engine.numba_engine - INFO - Запуск Numba-оптимизированного бэктеста для BTCDAI-BTCEUR
2026-01-23 15:00:56,994 - coint2.engine.numba_engine - INFO - Запуск Numba-оптимизированного бэктеста для ETHDAI-ETHEUR
2026-01-23 15:00:57,027 - coint2.engine.numba_engine - INFO - Запуск Numba-оптимизированного бэктеста для ATOMUSDT-GODSUSDT
2026-01-23 15:00:57,048 - coint2.engine.numba_engine - INFO - Запуск Numba-оптимизированного бэктеста для APEUSDC-HFTUSDC
2026-01-23 15:00:57,073 - coint2.engine.numba_engine - INFO - Запуск Numba-оптимизированного бэктеста для BICOUSDT-KASTAUSDT
2026-01-23 15:00:57,097 - coint2.engine.numba_engine - INFO - Запуск Numba-оптимизированного бэктеста для ATOMUSDT-KCALUSDT
2026-01-23 15:00:57,113 - coint2.engine.numba_engine - INFO - Запуск Numba-оптимизированного бэктеста для APEUSDT-HFTUSDC
2026-01-23 15:00:57,126 - coint2.engine.numba_engine - INFO - Запуск Numba-оптимизированного бэктеста для CAKEUSDT-FIDAUSDT
2026-01-23 15:00:57,133 - coint2.engine.numba_engine - INFO - Запуск Numba-оптимизированного бэктеста для APEUSDC-ATOMUSDT
2026-01-23 15:00:57,137 - coint2.engine.numba_engine - INFO - Запуск Numba-оптимизированного бэктеста для 1INCHUSDT-AXSUSDT
2026-01-23 15:00:57,157 - coint2.engine.numba_engine - INFO - Запуск Numba-оптимизированного бэктеста для GMTUSDC-KAVAUSDT
2026-01-23 15:00:57,158 - coint2.engine.numba_engine - INFO - Запуск Numba-оптимизированного бэктеста для APEUSDT-GODSUSDT
2026-01-23 15:00:57,185 - coint2.engine.numba_engine - INFO - Запуск Numba-оптимизированного бэктеста для APEUSDT-ATOMUSDT
2026-01-23 15:00:57,192 - coint2.engine.numba_engine - INFO - Запуск Numba-оптимизированного бэктеста для AGLDUSDT-HFTUSDC
2026-01-23 15:00:57,206 - coint2.engine.numba_engine - INFO - Запуск Numba-оптимизированного бэктеста для GMTUSDT-KAVAUSDT
2026-01-23 15:00:57,213 - coint2.engine.numba_engine - INFO - Запуск Numba-оптимизированного бэктеста для AFCUSDT-ANKRUSDT
2026-01-23 15:00:57,220 - coint2.engine.numba_engine - INFO - Запуск Numba-оптимизированного бэктеста для AGLDUSDT-HFTUSDT
2026-01-23 15:00:57,242 - coint2.engine.numba_engine - INFO - Запуск Numba-оптимизированного бэктеста для GODSUSDT-KCALUSDT
2026-01-23 15:00:57,281 - coint2.engine.numba_engine - INFO - Запуск Numba-оптимизированного бэктеста для BICOUSDT-ETHWUSDT
2026-01-23 15:00:57,304 - coint2.engine.numba_engine - INFO - Запуск Numba-оптимизированного бэктеста для AVAUSDT-FITFIUSDT
2026-01-23 15:00:57,349 - INFO -   ⏱️ Параллельная обработка завершена за 0.4с (44.5 пар/с)
2026-01-23 15:00:57,361 - coint2.pipeline.walk_forward_orchestrator - INFO - 🎯 СИМУЛЯЦИЯ ПОРТФЕЛЯ: 20 пар, лимит 15 позиций
2026-01-23 15:00:58,062 - coint2.pipeline.walk_forward_orchestrator - INFO -    📈 Макс. одновременных сигналов: 16
2026-01-23 15:00:58,062 - coint2.pipeline.walk_forward_orchestrator - INFO -    📊 Средн. сигналов за период: 8.5
2026-01-23 15:00:58,062 - coint2.pipeline.walk_forward_orchestrator - INFO -    🎯 Финальных активных позиций: 7
2026-01-23 15:00:58,063 - coint2.pipeline.walk_forward_orchestrator - INFO -    ⚡ Утилизация лимита позиций: 56.4%
2026-01-23 15:00:58,064 - INFO - ⇠ WF-шаг 3/3 backtests — completed 20 items in 1.17s (17.2 items/s)
2026-01-23 15:00:58,064 - INFO -   ✅ Обработка завершена: 20 успешно, 0 с ошибками
2026-01-23 15:00:58,064 - INFO -   📊 Успешность: 100.0%, прибыльность: 50.0%, сделок/пара: 50.6
2026-01-23 15:00:58,064 - INFO -   ✅ Завершены бэктесты для 20 пар
2026-01-23 15:00:58,064 - INFO -   📊 Всего обработано пар в этом шаге: 20
2026-01-23 15:00:58,064 - INFO -   📈 Результаты шага: 10/20 прибыльных пар, 1013 сделок
2026-01-23 15:00:58,064 - INFO -   💰 P&L шага: $-315.76
2026-01-23 15:00:58,064 - INFO -   ⇢ Обновление капитала и дневного P&L...
2026-01-23 15:00:59,466 - INFO -   💼 Шаг P&L: $-315.76, Накопленный капитал: $1,199.17
2026-01-23 15:00:59,467 - INFO - ------------------------------------------------------------
2026-01-23 15:00:59,467 - INFO -   Walk-forward steps: 3 / 3 (100.0%) | 0.1 items/s | ETA: 0.0s
2026-01-23 15:00:59,467 - INFO - ⇠ Walk-forward steps — completed 3 items in 35.11s (0.1 items/s)
2026-01-23 15:00:59,467 - INFO - ================================================================================
2026-01-23 15:00:59,467 - INFO - 🏁 Walk-forward анализ завершен!
2026-01-23 15:00:59,467 - INFO - ⏱️ Обработано 3 шагов за 2.6 секунд
2026-01-23 15:00:59,467 - INFO - 📊 Всего обработано пар за весь анализ: 60
2026-01-23 15:00:59,467 - INFO - 💰 Финальный капитал: $1,199.17 (было $1,000.00)
2026-01-23 15:00:59,467 - INFO - 📈 Общая доходность: +19.92% ($+199.17)
2026-01-23 15:00:59,467 - INFO - 📊 Всего сделок: 0
2026-01-23 15:00:59,467 - INFO - ================================================================================
2026-01-23 15:00:59,467 - INFO - ✓ Завершены все 3 WF-шагов
2026-01-23 15:00:59,467 - INFO - ⇢ Обработка финальных результатов и расчет метрик...
2026-01-23 15:00:59,467 - INFO - ⇢ processing final results — start
2026-01-23 15:00:59,468 - INFO -   ⇢ Агрегация данных P&L за 8643 торговых дней
2026-01-23 15:00:59,490 - INFO -   ⇢ Расчет базовых метрик производительности...
2026-01-23 15:00:59,491 - INFO -     📊 Данные для анализа: 8643 записей P&L, 8641 точек equity
2026-01-23 15:00:59,493 - INFO -   ⇢ Расчет расширенных метрик (волатильность, Calmar ratio, и др.)...
2026-01-23 15:00:59,493 - INFO -   ✅ Расширенные метрики рассчитаны: 6 показателей
2026-01-23 15:00:59,494 - INFO -   ⇢ Анализ статистики по 60 парам...
2026-01-23 15:00:59,498 - INFO - ✅ Рассчитаны метрики производительности (26 показателей)
2026-01-23 15:00:59,498 - INFO -   💰 Общий P&L: $+199.17
2026-01-23 15:00:59,498 - INFO -   📊 Sharpe Ratio: 1.229
2026-01-23 15:00:59,498 - INFO -   📉 Максимальная просадка: -53222.49%
2026-01-23 15:00:59,498 - INFO -   🔄 Всего сделок: 3050
2026-01-23 15:00:59,498 - INFO -   📈 Торгуемых пар: 31
2026-01-23 15:00:59,498 - INFO -   💸 Общие издержки: $286.93
2026-01-23 15:00:59,499 - coint2.metrics - INFO - Metric: total_pnl
2026-01-23 15:00:59,499 - coint2.metrics - INFO - Metric: sharpe_ratio_abs
2026-01-23 15:00:59,499 - coint2.metrics - INFO - Metric: max_drawdown_pct
2026-01-23 15:00:59,499 - coint2.metrics - INFO - Metric: total_trades
2026-01-23 15:00:59,499 - coint2.metrics - INFO - Metric: total_pairs_traded
2026-01-23 15:00:59,499 - coint2.metrics - INFO - Metric: total_costs
2026-01-23 15:00:59,500 - INFO - ⇠ processing final results — done in 0.03s
2026-01-23 15:00:59,500 - INFO - ⇢ Создание отчетов и сохранение результатов...
2026-01-23 15:00:59,500 - INFO - ⇢ generating reports — start
2026-01-23 15:00:59,500 - INFO -   ⇢ Создание отчета о производительности...
2026-01-23 15:01:05,718 - INFO -   ✓ Отчет о производительности создан
2026-01-23 15:01:05,719 - INFO -   ⇢ Сохранение данных в CSV файлы...
2026-01-23 15:01:05,721 - INFO - 📋 Метрики сохранены: artifacts/wfa/runs/20260123_budget1000_oos20240101_20240630_top50_maxnot40_riskfine2_minnotgrid_maxpairsgrid/stress_relaxed8_nokpss_20260123_oos20240101_20240630_top50_z1p00_exit0p06_hold180_cd180_ms0p2_cap1000_maxnot40_risk0p021_minnot20_maxpairs20/strategy_metrics.csv
2026-01-23 15:01:05,722 - INFO - 📈 Дневные P&L сохранены: artifacts/wfa/runs/20260123_budget1000_oos20240101_20240630_top50_maxnot40_riskfine2_minnotgrid_maxpairsgrid/stress_relaxed8_nokpss_20260123_oos20240101_20240630_top50_z1p00_exit0p06_hold180_cd180_ms0p2_cap1000_maxnot40_risk0p021_minnot20_maxpairs20/daily_pnl.csv (91 записей)
2026-01-23 15:01:05,753 - INFO - 💹 Кривая капитала сохранена: artifacts/wfa/runs/20260123_budget1000_oos20240101_20240630_top50_maxnot40_riskfine2_minnotgrid_maxpairsgrid/stress_relaxed8_nokpss_20260123_oos20240101_20240630_top50_z1p00_exit0p06_hold180_cd180_ms0p2_cap1000_maxnot40_risk0p021_minnot20_maxpairs20/equity_curve.csv (8641 точек)
2026-01-23 15:01:05,757 - INFO - 📋 Статистика сделок сохранена: artifacts/wfa/runs/20260123_budget1000_oos20240101_20240630_top50_maxnot40_riskfine2_minnotgrid_maxpairsgrid/stress_relaxed8_nokpss_20260123_oos20240101_20240630_top50_z1p00_exit0p06_hold180_cd180_ms0p2_cap1000_maxnot40_risk0p021_minnot20_maxpairs20/trade_statistics.csv (60 записей)
2026-01-23 15:01:05,757 - INFO - 🎉 Walk-Forward анализ полностью завершен!
2026-01-23 15:01:05,757 - INFO - 📊 Все отчеты и данные сохранены в: artifacts/wfa/runs/20260123_budget1000_oos20240101_20240630_top50_maxnot40_riskfine2_minnotgrid_maxpairsgrid/stress_relaxed8_nokpss_20260123_oos20240101_20240630_top50_z1p00_exit0p06_hold180_cd180_ms0p2_cap1000_maxnot40_risk0p021_minnot20_maxpairs20
2026-01-23 15:01:05,757 - INFO - 💼 Итоговый капитал: $1,199.17
2026-01-23 15:01:05,757 - INFO - ⏱️  Общее время выполнения: 8.9 секунд
2026-01-23 15:01:05,757 - INFO - ⇠ generating reports — done in 6.26s
2026-01-23 15:01:05,757 - coint2.core.memory_optimization - INFO - 🧹 Cleaning up global price data
2026-01-23 15:01:05,761 - coint2.core.memory_optimization - INFO - 📊 No global rolling stats to clean up
2026-01-23 15:01:05,761 - INFO - 🧹 Memory-mapped data cleaned up
2026-01-23 15:01:05,762 - INFO - ⇠ run_walk_forward_analysis — done in 46.69s
📊 Отчет сохранен: artifacts/wfa/runs/20260123_budget1000_oos20240101_20240630_top50_maxnot40_riskfine2_minnotgrid_maxpairsgrid/stress_relaxed8_nokpss_20260123_oos20240101_20240630_top50_z1p00_exit0p06_hold180_cd180_ms0p2_cap1000_maxnot40_risk0p021_minnot20_maxpairs20/CointegrationStrategy_performance_report.png
🎯 ============================================================
📊 ИТОГИ ТОРГОВОЙ СТРАТЕГИИ
🎯 ============================================================

💰 ФИНАНСОВЫЕ РЕЗУЛЬТАТЫ:
   • Общий P&L:                          199
   • Максимальная просадка:             -532
   • Средний дневной P&L:                  2

📈 МЕТРИКИ РИСКА:
   • Коэффициент Шарпа:               1.2289
   • Волатильность P&L:                91.50
   • Процент прибыльных дней:         52.75%

🔄 ТОРГОВАЯ АКТИВНОСТЬ:
   • Всего торговых дней:                 91
   • Всего сделок:                     3,050
   • Торгуемых пар:                       31
   • Сделок на пару:                    50.8
   • Успешность сделок:               0.91%

💸 РАСХОДЫ И ЭКСТРЕМУМЫ:
   • Общие расходы:                      287
   • Максимальная прибыль:               238
   • Максимальный убыток:               -335
   • Лучшая пара (P&L):                  278
   • Худшая пара (P&L):                 -320

📊 ОЦЕНКА СТРАТЕГИИ:
   ✅ ОТЛИЧНАЯ стратегия! Высокий Шарп и положительный результат

🎯 ============================================================

Annualized Sharpe Ratio: 1.2289092156961183
[run_wfa_fullcpu] end: 2026-01-23T15:01:06Z
