[run_wfa_queue] 2026-01-23T11:53:36Z cmd: /opt/coint4/coint4/run_wfa_fullcpu.sh configs/budget_20260123_1000_capsweep_oos20230501_20231231_top50_maxnot25_riskgrid/stress_relaxed8_nokpss_20260123_oos20230501_20231231_top50_z1p00_exit0p06_hold180_cd180_ms0p2_cap1000_maxnot25_risk0p0125.yaml artifacts/wfa/runs/20260123_budget1000_oos_risk_minnot_grid/stress_relaxed8_nokpss_20260123_oos20230501_20231231_top50_z1p00_exit0p06_hold180_cd180_ms0p2_cap1000_maxnot25_risk0p0125
[run_wfa_fullcpu] start: 2026-01-23T11:53:36Z
[run_wfa_fullcpu] os.cpu_count: 8
[run_wfa_fullcpu] worker_pid=2135
2026-01-23 11:53:39,247 - coint2.core.memory_optimization - INFO - ✅ BLAS threading limits set to 1 via threadpoolctl
2026-01-23 11:53:39,247 - coint2.core.memory_optimization - INFO - 🔧 Controlled libraries: openblas, openmp
2026-01-23 11:53:39,247 - coint2.core.memory_optimization - INFO - 🧵 Process threads: 2 → 2
2026-01-23 11:53:39,247 - coint2.core.memory_optimization - INFO - 📝 Set 11 environment variables
2026-01-23 11:53:39,578 - INFO - ✅ Параметры конфигурации валидны
2026-01-23 11:53:39,578 - INFO - 📝 Некоторые параметры были скорректированы:
2026-01-23 11:53:39,742 - INFO - 🔒 WFA: фиксированный universe из artifacts/universe/20260119_relaxed8_strict_preholdout_v2/pairs_universe.yaml (250 пар)
2026-01-23 11:53:39,743 - INFO -   Шаг 1: тренировка 2023-01-31-2023-04-30, тест 2023-05-01-2023-05-31
2026-01-23 11:53:39,743 - INFO -   Шаг 2: тренировка 2023-03-02-2023-05-30, тест 2023-05-31-2023-06-30
2026-01-23 11:53:39,743 - INFO -   Шаг 3: тренировка 2023-04-01-2023-06-29, тест 2023-06-30-2023-07-30
2026-01-23 11:53:39,743 - INFO -   Шаг 4: тренировка 2023-05-01-2023-07-29, тест 2023-07-30-2023-08-29
2026-01-23 11:53:39,743 - INFO -   Шаг 5: тренировка 2023-05-31-2023-08-28, тест 2023-08-29-2023-09-28
2026-01-23 11:53:39,743 - INFO -   Шаг 6: тренировка 2023-06-30-2023-09-27, тест 2023-09-28-2023-10-28
2026-01-23 11:53:39,743 - INFO -   Шаг 7: тренировка 2023-07-30-2023-10-27, тест 2023-10-28-2023-11-27
2026-01-23 11:53:39,743 - INFO -   Шаг 8: тренировка 2023-08-29-2023-11-26, тест 2023-11-27-2023-12-27
2026-01-23 11:53:39,743 - INFO -   Шаг 9: тренировка 2023-09-28-2023-12-26, тест 2023-12-27-2024-01-26
2026-01-23 11:53:39,743 - INFO - 📈 Запланировано 9 walk-forward шагов
2026-01-23 11:53:39,743 - INFO - ⛔ Ограничение WFA шагов: 9 → 5
2026-01-23 11:53:39,743 - WARNING - ⚠️ Маленький буфер между training и testing в шаге 1: 0 дней. Рекомендуется минимум 1 день.
2026-01-23 11:53:39,743 - WARNING - ⚠️ Маленький буфер между training и testing в шаге 2: 0 дней. Рекомендуется минимум 1 день.
2026-01-23 11:53:39,743 - WARNING - ⚠️ Маленький буфер между training и testing в шаге 3: 0 дней. Рекомендуется минимум 1 день.
2026-01-23 11:53:39,743 - WARNING - ⚠️ Маленький буфер между training и testing в шаге 4: 0 дней. Рекомендуется минимум 1 день.
2026-01-23 11:53:39,743 - WARNING - ⚠️ Маленький буфер между training и testing в шаге 5: 0 дней. Рекомендуется минимум 1 день.
2026-01-23 11:53:39,743 - INFO - ✅ Шаги успешно запланированы:
2026-01-23 11:53:39,743 - INFO -    Шаг 1: тренировка 2023-01-31-2023-04-30, тест 2023-05-01-2023-05-31
2026-01-23 11:53:39,744 - INFO -    Шаг 2: тренировка 2023-03-02-2023-05-30, тест 2023-05-31-2023-06-30
2026-01-23 11:53:39,744 - INFO -    Шаг 3: тренировка 2023-04-01-2023-06-29, тест 2023-06-30-2023-07-30
2026-01-23 11:53:39,744 - INFO -    Шаг 4: тренировка 2023-05-01-2023-07-29, тест 2023-07-30-2023-08-29
2026-01-23 11:53:39,744 - INFO -    Шаг 5: тренировка 2023-05-31-2023-08-28, тест 2023-08-29-2023-09-28
2026-01-23 11:53:39,744 - INFO - 🗂️ Consolidating price data for memory-mapped access...
2026-01-23 11:53:39,744 - INFO - 📊 Consolidating data range: 2023-01-26 → 2023-10-03
2026-01-23 11:53:39,744 - coint2.core.memory_optimization - INFO - 🔄 Consolidating price data from data_downloaded to .cache/consolidated_prices.parquet
2026-01-23 11:53:39,744 - INFO - ⇢ loading raw data for consolidation — start
2026-01-23 11:53:40,299 - INFO - ⇠ loading raw data for consolidation — done in 0.56s
2026-01-23 11:53:40,299 - INFO - ⇢ pivoting data to wide format — start
2026-01-23 11:53:44,138 - INFO - ⇠ pivoting data to wide format — done in 3.84s
2026-01-23 11:53:44,189 - coint2.core.memory_optimization - INFO - 📊 Consolidated data: 24001 rows × 276 symbols
2026-01-23 11:53:44,189 - coint2.core.memory_optimization - INFO - 💾 Memory usage: 26.7 MB
2026-01-23 11:53:44,190 - INFO - ⇢ writing consolidated Parquet file — start
2026-01-23 11:53:44,401 - INFO - ⇠ writing consolidated Parquet file — done in 0.21s
2026-01-23 11:53:44,402 - coint2.core.memory_optimization - INFO - ✅ Successfully consolidated data to .cache/consolidated_prices.parquet
2026-01-23 11:53:44,426 - coint2.core.memory_optimization - INFO - 🔄 Initializing memory-mapped price data from .cache/consolidated_prices.parquet
2026-01-23 11:53:44,426 - INFO - ⇢ loading memory-mapped data — start
2026-01-23 11:53:44,426 - coint2.core.memory_optimization - WARNING - ⚠️ memory_map не поддерживается в текущей версии pyarrow, fallback без mmap
2026-01-23 11:53:44,549 - INFO - ⇠ loading memory-mapped data — done in 0.12s
2026-01-23 11:53:44,556 - coint2.core.memory_optimization - INFO - 📊 Loaded 24001 rows × 276 symbols
2026-01-23 11:53:44,557 - coint2.core.memory_optimization - INFO - 💾 Memory usage: 26.7 MB (memory-mapped)
2026-01-23 11:53:44,558 - INFO - ✅ Memory-mapped data initialized successfully
2026-01-23 11:53:44,559 - INFO - ⇢ Walk-forward steps — starting 5 items
2026-01-23 11:53:44,559 - INFO - 📈 Инициализация equity кривой с первой тестовой даты: 2023-05-01 00:00:00
2026-01-23 11:53:44,559 - INFO - 🔍 WF-шаг 1/5: Валидация временных окон...
2026-01-23 11:53:44,560 - INFO - ⇢ WF-шаг 1/5: training 2023-01-31-2023-04-30, testing 2023-05-01-2023-05-31 — start
2026-01-23 11:53:44,560 - INFO - ⇢ loading step data — start
2026-01-23 11:53:44,728 - INFO - ⇠ loading step data — done in 0.17s
2026-01-23 11:53:46,165 - INFO - 📊 WF-шаг 1/5: Границы данных:
2026-01-23 11:53:46,165 - INFO -    Training: 2023-01-31 00:00:00 → 2023-04-30 23:45:00 (8,640 строк × 248 символов)
2026-01-23 11:53:46,165 - INFO -    Testing:  2023-05-01 00:00:00 → 2023-05-31 00:00:00 (2,881 строк × 248 символов)
2026-01-23 11:53:46,165 - INFO -    Временной разрыв: 0 days 00:15:00
2026-01-23 11:53:46,198 - INFO - ⇢ normalizing training data — start
2026-01-23 11:53:46,229 - INFO -   Символы с NaN значениями: 30
2026-01-23 11:53:46,229 - INFO -   Применяем метод нормализации: rolling_zscore
2026-01-23 11:53:46,246 - INFO - Символы с недостаточной историей: 25 из 248
2026-01-23 11:53:46,745 - INFO - Символы с NaN после нормализации: 223
2026-01-23 11:53:46,752 - INFO - Удалено 1509 начальных строк с NaN от rolling расчетов
2026-01-23 11:53:46,754 - INFO - Итоговое количество символов после нормализации: 223 из 248
2026-01-23 11:53:46,754 - INFO -   Статистика нормализации:
2026-01-23 11:53:46,754 - INFO -     Исходные символы: 248
2026-01-23 11:53:46,754 - INFO -     Недостаточная история: 25
2026-01-23 11:53:46,754 - INFO -     Постоянная цена: 0
2026-01-23 11:53:46,755 - INFO -     NaN после нормализации: 223
2026-01-23 11:53:46,755 - INFO -     Итоговые символы: 223 (89.9%)
2026-01-23 11:53:46,755 - INFO -   После нормализации: 223 символов (потеряно 25)
2026-01-23 11:53:46,755 - INFO -   Отброшено много символов: 25 из 248
2026-01-23 11:53:46,755 - INFO - ⇠ normalizing training data — done in 0.56s
2026-01-23 11:53:46,755 - INFO -   Фиксированный universe: 163 пар (отфильтровано 87 недоступных)
2026-01-23 11:53:46,755 - INFO - ⇢ filtering pairs by cointegration and half-life — start
2026-01-23 11:53:46,755 - INFO - [ФИЛЬТР] Параллельная фильтрация: threads (8 workers)
2026-01-23 11:53:51,646 - INFO - [ФИЛЬТР] После проверки данных: 161 пар
2026-01-23 11:53:51,646 - INFO - [ФИЛЬТР] После фильтра корреляции (>0.4): 81 пар
2026-01-23 11:53:51,646 - INFO - [ФИЛЬТР] После фильтра beta: 73 пар
2026-01-23 11:53:51,646 - INFO - [ФИЛЬТР] После фильтра mean crossings: 73 пар
2026-01-23 11:53:51,646 - INFO - [ФИЛЬТР] После фильтра half-life: 73 пар
2026-01-23 11:53:51,646 - INFO - [ФИЛЬТР] После фильтра коинтеграции: 59 пар
2026-01-23 11:53:51,646 - INFO - [ФИЛЬТР] После фильтра Hurst: 43 пар
2026-01-23 11:53:51,646 - INFO - [ФИЛЬТР] После фильтра KPSS: 43 пар
2026-01-23 11:53:51,646 - INFO - [ФИЛЬТР] После фильтра market microstructure: 40 пар
2026-01-23 11:53:51,647 - INFO - [ФИЛЬТР] Статистика фильтрации (оптимизированный порядок):
2026-01-23 11:53:51,647 - INFO -   1. SSD → Коинтеграция: 163 → 59 пар
2026-01-23 11:53:51,647 - INFO -   2. Коинтеграция → Beta: 59 → 73 пар
2026-01-23 11:53:51,647 - INFO -   3. Beta → Half-life: 73 → 73 пар
2026-01-23 11:53:51,647 - INFO -   4. Half-life → Mean crossings: 73 → 73 пар
2026-01-23 11:53:51,647 - INFO -   5. Mean crossings → Hurst: 73 → 43 пар
2026-01-23 11:53:51,647 - INFO -   6. Hurst → KPSS: 43 → 43 пар
2026-01-23 11:53:51,647 - INFO -   7. KPSS → Market microstructure: 43 → 40 пар
2026-01-23 11:53:51,647 - INFO - [ФИЛЬТР] Причины отсева:
2026-01-23 11:53:51,647 - INFO -   • low_correlation: 80 пар (49.1%)
2026-01-23 11:53:51,647 - INFO -   • hurst: 16 пар (9.8%)
2026-01-23 11:53:51,647 - INFO -   • pvalue: 14 пар (8.6%)
2026-01-23 11:53:51,647 - INFO -   • beta: 8 пар (4.9%)
2026-01-23 11:53:51,647 - INFO -   • history: 3 пар (1.8%)
2026-01-23 11:53:51,647 - INFO -   • insufficient_data: 2 пар (1.2%)
2026-01-23 11:53:51,647 - INFO - [ФИЛЬТР] Итого: 163 → 40 пар (24.5% прошли все фильтры)
2026-01-23 11:53:51,650 - INFO - Причины отсева сохранены в results/filter_reasons_20260123_115351.csv
2026-01-23 11:53:51,650 - INFO -   Pair stability filter: insufficient history (0 < 1), skip
2026-01-23 11:53:51,650 - INFO -   Фильтрация: 163 → 40 пар
2026-01-23 11:53:51,650 - INFO - ⇠ filtering pairs by cointegration and half-life — done in 4.90s
2026-01-23 11:53:51,650 - INFO - ⇠ WF-шаг 1/5: training 2023-01-31-2023-04-30, testing 2023-05-01-2023-05-31 — done in 7.09s
2026-01-23 11:53:51,650 - INFO -   Ограничение max_pairs=50: 40 пар (лимит не достигнут)
2026-01-23 11:53:51,650 - INFO -   Топ-3 пары по волатильности спреда:
2026-01-23 11:53:51,650 - INFO -     1. ETHUSDC-ETHUSDT: beta=0.9804, std=13.4994
2026-01-23 11:53:51,650 - INFO -     2. AXSUSDT-DOTUSDT: beta=2.0804, std=0.7428
2026-01-23 11:53:51,650 - INFO -     3. ATOMUSDT-KCALUSDT: beta=5.4056, std=0.6420
2026-01-23 11:53:51,651 - INFO -   Всего пар для торговли: 40 (ограничение 15 применяется к одновременно открытым позициям)
2026-01-23 11:53:51,651 - INFO -   💰 Проверка расчета капитала: equity=$1,000.00, кандидатных_пар=40, max_позиций=15
2026-01-23 11:53:51,651 - INFO -   🎯 Target concurrency: 15 (ожидаемое одновременное число позиций)
2026-01-23 11:53:51,651 - INFO -   📊 Детали расчета капитала:
2026-01-23 11:53:51,651 - INFO -      • Базовый капитал на пару: $66.67 (equity / target_concurrency)
2026-01-23 11:53:51,651 - INFO -      • Риск-капитал: $12.50 (1.2% от equity)
2026-01-23 11:53:51,651 - INFO -      • Макс. размер позиции: $20.00 (2.0% от equity)
2026-01-23 11:53:51,651 - INFO -      • Итоговый капитал на пару: $12.50
2026-01-23 11:53:51,651 - INFO - ⇢ WF-шаг 1/5 backtests — starting 40 items
2026-01-23 11:53:51,651 - INFO - 🚀 WF-шаг 1/5: Начинаем бэктесты для 40 пар...
2026-01-23 11:53:51,651 - INFO - 🚀 WF-шаг 1/5: Запускаем параллельную обработку 40 пар на 8 ядрах...
2026-01-23 11:53:51,651 - INFO - 🚀 WF-шаг 1/5: Режим параллельности: процессы
⚙️  Загрузка данных за период: 2023-01-26 -> 2023-10-03
📂 Найдено 43 parquet файлов для обработки.
📊 Схема данных: Schema({'timestamp': Int64, 'open': Float64, 'high': Float64, 'low': Float64, 'close': Float64, 'volume': Float64, 'turnover': String, 'ts_ms': Int64, 'symbol': String})
✅ Загружено 5907671 записей с помощью Polars.
📊 Типы данных в pandas: timestamp       datetime64[us]
symbol                  object
close                  float64
timestamp_ms             int64
dtype: object
⚙️  Загрузка данных за период: 2023-01-31 -> 2023-05-31
📂 Найдено 43 parquet файлов для обработки.
📊 Схема данных: Schema({'timestamp': Int64, 'open': Float64, 'high': Float64, 'low': Float64, 'close': Float64, 'volume': Float64, 'turnover': String, 'ts_ms': Int64, 'symbol': String})
✅ Загружено 2677325 записей с помощью Polars.
📊 Типы данных в pandas: timestamp       datetime64[us]
symbol                  object
close                  float64
timestamp_ms             int64
dtype: object
2026-01-23 11:53:51,713 - coint2.engine.numba_engine - INFO - Запуск Numba-оптимизированного бэктеста для ETHUSDC-ETHUSDT
2026-01-23 11:53:51,735 - coint2.engine.numba_engine - INFO - Запуск Numba-оптимизированного бэктеста для AXSUSDT-DOTUSDT
2026-01-23 11:53:51,758 - coint2.engine.numba_engine - INFO - Запуск Numba-оптимизированного бэктеста для ATOMUSDT-KCALUSDT
2026-01-23 11:53:51,786 - coint2.engine.numba_engine - INFO - Запуск Numba-оптимизированного бэктеста для ATOMUSDT-GODSUSDT
2026-01-23 11:53:51,794 - coint2.engine.numba_engine - INFO - Запуск Numba-оптимизированного бэктеста для DOTUSDT-KDAUSDT
2026-01-23 11:53:51,808 - coint2.engine.numba_engine - INFO - Запуск Numba-оптимизированного бэктеста для CITYUSDT-IZIUSDT
2026-01-23 11:53:51,816 - coint2.engine.numba_engine - INFO - Запуск Numba-оптимизированного бэктеста для CRVUSDT-KDAUSDT
2026-01-23 11:53:51,816 - coint2.engine.numba_engine - INFO - Запуск Numba-оптимизированного бэктеста для DOTUSDC-KDAUSDT
2026-01-23 11:53:51,837 - coint2.engine.numba_engine - INFO - Запуск Numba-оптимизированного бэктеста для AVAUSDT-KASTAUSDT
2026-01-23 11:53:51,838 - coint2.engine.numba_engine - INFO - Запуск Numba-оптимизированного бэктеста для GMTUSDT-HOOKUSDT
2026-01-23 11:53:51,844 - coint2.engine.numba_engine - INFO - Запуск Numba-оптимизированного бэктеста для DYDXUSDT-KCALUSDT
2026-01-23 11:53:51,857 - coint2.engine.numba_engine - INFO - Запуск Numba-оптимизированного бэктеста для DOTUSDT-FTTUSDT
2026-01-23 11:53:51,863 - coint2.engine.numba_engine - INFO - Запуск Numba-оптимизированного бэктеста для DOTUSDC-FTTUSDT
2026-01-23 11:53:51,864 - coint2.engine.numba_engine - INFO - Запуск Numba-оптимизированного бэктеста для GMTUSDC-HOOKUSDT
2026-01-23 11:53:51,866 - coint2.engine.numba_engine - INFO - Запуск Numba-оптимизированного бэктеста для BATUSDT-ETCUSDT
2026-01-23 11:53:51,868 - coint2.engine.numba_engine - INFO - Запуск Numba-оптимизированного бэктеста для CRVUSDT-DOTUSDT
2026-01-23 11:53:51,878 - coint2.engine.numba_engine - INFO - Запуск Numba-оптимизированного бэктеста для DYDXUSDT-KSMUSDT
2026-01-23 11:53:51,889 - coint2.engine.numba_engine - INFO - Запуск Numba-оптимизированного бэктеста для BATUSDT-JSTUSDT
2026-01-23 11:53:51,890 - coint2.engine.numba_engine - INFO - Запуск Numba-оптимизированного бэктеста для 1INCHUSDT-AXSUSDT
2026-01-23 11:53:51,895 - coint2.engine.numba_engine - INFO - Запуск Numba-оптимизированного бэктеста для BLURUSDT-LDOUSDT
2026-01-23 11:53:51,900 - coint2.engine.numba_engine - INFO - Запуск Numba-оптимизированного бэктеста для CELOUSDT-FLOWUSDT
2026-01-23 11:53:51,917 - coint2.engine.numba_engine - INFO - Запуск Numba-оптимизированного бэктеста для CAKEUSDT-FIDAUSDT
2026-01-23 11:53:51,920 - coint2.engine.numba_engine - INFO - Запуск Numba-оптимизированного бэктеста для CHZUSDC-JSTUSDT
2026-01-23 11:53:51,923 - coint2.engine.numba_engine - INFO - Запуск Numba-оптимизированного бэктеста для C98USDT-FILUSDT
2026-01-23 11:53:51,924 - coint2.engine.numba_engine - INFO - Запуск Numba-оптимизированного бэктеста для ENJUSDT-FILUSDC
2026-01-23 11:53:51,942 - coint2.engine.numba_engine - INFO - Запуск Numba-оптимизированного бэктеста для AGLDUSDT-HFTUSDC
2026-01-23 11:53:51,946 - coint2.engine.numba_engine - INFO - Запуск Numba-оптимизированного бэктеста для CHZUSDT-JSTUSDT
2026-01-23 11:53:51,949 - coint2.engine.numba_engine - INFO - Запуск Numba-оптимизированного бэктеста для APEXUSDC-KASTAUSDT
2026-01-23 11:53:51,966 - coint2.engine.numba_engine - INFO - Запуск Numba-оптимизированного бэктеста для FIDAUSDT-HOOKUSDT
2026-01-23 11:53:51,973 - coint2.engine.numba_engine - INFO - Запуск Numba-оптимизированного бэктеста для DOGEUSDC-JUVUSDT
2026-01-23 11:53:51,982 - coint2.engine.numba_engine - INFO - Запуск Numba-оптимизированного бэктеста для CTCUSDT-ERTHAUSDT
2026-01-23 11:53:51,989 - coint2.engine.numba_engine - INFO - Запуск Numba-оптимизированного бэктеста для AVAUSDT-FLOWUSDT
2026-01-23 11:53:52,003 - coint2.engine.numba_engine - INFO - Запуск Numba-оптимизированного бэктеста для CELOUSDT-ENJUSDT
2026-01-23 11:53:52,006 - coint2.engine.numba_engine - INFO - Запуск Numba-оптимизированного бэктеста для FLOWUSDT-JSTUSDT
2026-01-23 11:53:52,014 - coint2.engine.numba_engine - INFO - Запуск Numba-оптимизированного бэктеста для ACSUSDT-HOOKUSDT
2026-01-23 11:53:52,024 - coint2.engine.numba_engine - INFO - Запуск Numba-оптимизированного бэктеста для APEXUSDT-KASTAUSDT
2026-01-23 11:53:52,027 - coint2.engine.numba_engine - INFO - Запуск Numba-оптимизированного бэктеста для GLMRUSDT-KCALUSDT
2026-01-23 11:53:52,045 - coint2.engine.numba_engine - INFO - Запуск Numba-оптимизированного бэктеста для ACSUSDT-ATOMUSDT
2026-01-23 11:53:52,048 - coint2.engine.numba_engine - INFO - Запуск Numba-оптимизированного бэктеста для GODSUSDT-KCALUSDT
2026-01-23 11:53:52,069 - coint2.engine.numba_engine - INFO - Запуск Numba-оптимизированного бэктеста для ERTHAUSDT-FLOWUSDT
2026-01-23 11:53:52,111 - INFO -   ⏱️ Параллельная обработка завершена за 0.5с (87.0 пар/с)
2026-01-23 11:53:52,131 - coint2.pipeline.walk_forward_orchestrator - INFO - 🎯 СИМУЛЯЦИЯ ПОРТФЕЛЯ: 40 пар, лимит 15 позиций
2026-01-23 11:53:53,209 - coint2.pipeline.walk_forward_orchestrator - INFO -    📈 Макс. одновременных сигналов: 29
2026-01-23 11:53:53,209 - coint2.pipeline.walk_forward_orchestrator - INFO -    📊 Средн. сигналов за период: 16.6
2026-01-23 11:53:53,209 - coint2.pipeline.walk_forward_orchestrator - INFO -    🎯 Финальных активных позиций: 14
2026-01-23 11:53:53,211 - coint2.pipeline.walk_forward_orchestrator - INFO -    ⚡ Утилизация лимита позиций: 92.4%
2026-01-23 11:53:53,211 - INFO - ⇠ WF-шаг 1/5 backtests — completed 40 items in 1.56s (25.6 items/s)
2026-01-23 11:53:53,211 - INFO -   ✅ Обработка завершена: 40 успешно, 0 с ошибками
2026-01-23 11:53:53,211 - INFO -   📊 Успешность: 100.0%, прибыльность: 62.5%, сделок/пара: 48.2
2026-01-23 11:53:53,211 - INFO -   ✅ Завершены бэктесты для 40 пар
2026-01-23 11:53:53,211 - INFO -   📊 Всего обработано пар в этом шаге: 40
2026-01-23 11:53:53,212 - INFO -   📈 Результаты шага: 25/40 прибыльных пар, 1930 сделок
2026-01-23 11:53:53,212 - INFO -   💰 P&L шага: $+257.50
2026-01-23 11:53:53,212 - INFO -   ⇢ Обновление капитала и дневного P&L...
2026-01-23 11:53:54,397 - INFO -   💼 Шаг P&L: $+257.50, Накопленный капитал: $1,257.50
2026-01-23 11:53:54,397 - INFO - ------------------------------------------------------------
2026-01-23 11:53:54,397 - INFO -   Walk-forward steps: 1 / 5 (20.0%) | 0.1 items/s | ETA: 39.4s
2026-01-23 11:53:54,398 - INFO - 🔍 WF-шаг 2/5: Валидация временных окон...
2026-01-23 11:53:54,398 - INFO - ⇢ WF-шаг 2/5: training 2023-03-02-2023-05-30, testing 2023-05-31-2023-06-30 — start
2026-01-23 11:53:54,398 - INFO - ⇢ loading step data — start
2026-01-23 11:53:54,599 - INFO - ⇠ loading step data — done in 0.20s
2026-01-23 11:53:56,130 - INFO - 📊 WF-шаг 2/5: Границы данных:
2026-01-23 11:53:56,131 - INFO -    Training: 2023-03-02 00:00:00 → 2023-05-30 23:45:00 (8,640 строк × 248 символов)
2026-01-23 11:53:56,131 - INFO -    Testing:  2023-05-31 00:00:00 → 2023-06-30 00:00:00 (2,881 строк × 248 символов)
2026-01-23 11:53:56,131 - INFO -    Временной разрыв: 0 days 00:15:00
2026-01-23 11:53:56,165 - INFO - ⇢ normalizing training data — start
2026-01-23 11:53:56,197 - INFO -   Символы с NaN значениями: 23
2026-01-23 11:53:56,197 - INFO -   Применяем метод нормализации: rolling_zscore
2026-01-23 11:53:56,215 - INFO - Символы с недостаточной историей: 20 из 248
2026-01-23 11:53:56,708 - INFO - Символы с NaN после нормализации: 228
2026-01-23 11:53:56,715 - INFO - Удалено 1097 начальных строк с NaN от rolling расчетов
2026-01-23 11:53:56,717 - INFO - Итоговое количество символов после нормализации: 228 из 248
2026-01-23 11:53:56,718 - INFO -   Статистика нормализации:
2026-01-23 11:53:56,718 - INFO -     Исходные символы: 248
2026-01-23 11:53:56,718 - INFO -     Недостаточная история: 20
2026-01-23 11:53:56,718 - INFO -     Постоянная цена: 0
2026-01-23 11:53:56,718 - INFO -     NaN после нормализации: 228
2026-01-23 11:53:56,718 - INFO -     Итоговые символы: 228 (91.9%)
2026-01-23 11:53:56,718 - INFO -   После нормализации: 228 символов (потеряно 20)
2026-01-23 11:53:56,718 - INFO -   Отброшенные символы: AGIUSDT, ARBUSDC, ARBUSDT, AXLUSDT, BABYDOGEUSDT, CGPTUSDT, FMBUSDT, IDUSDT, LADYSUSDT, LMWRUSDT, MBXUSDT, MVLUSDT, PEPEUSDT, SUIUSDC, SUIUSDT, TENETUSDT, TOMIUSDT, TURBOSUSDT, VELOUSDT, XCADUSDT
2026-01-23 11:53:56,718 - INFO - ⇠ normalizing training data — done in 0.55s
2026-01-23 11:53:56,718 - INFO -   Фиксированный universe: 163 пар (отфильтровано 87 недоступных)
2026-01-23 11:53:56,718 - INFO - ⇢ filtering pairs by cointegration and half-life — start
2026-01-23 11:53:56,719 - INFO - [ФИЛЬТР] Параллельная фильтрация: threads (8 workers)
2026-01-23 11:54:02,910 - INFO - [ФИЛЬТР] После проверки данных: 163 пар
2026-01-23 11:54:02,910 - INFO - [ФИЛЬТР] После фильтра корреляции (>0.4): 105 пар
2026-01-23 11:54:02,910 - INFO - [ФИЛЬТР] После фильтра beta: 93 пар
2026-01-23 11:54:02,910 - INFO - [ФИЛЬТР] После фильтра mean crossings: 93 пар
2026-01-23 11:54:02,910 - INFO - [ФИЛЬТР] После фильтра half-life: 93 пар
2026-01-23 11:54:02,910 - INFO - [ФИЛЬТР] После фильтра коинтеграции: 73 пар
2026-01-23 11:54:02,910 - INFO - [ФИЛЬТР] После фильтра Hurst: 59 пар
2026-01-23 11:54:02,910 - INFO - [ФИЛЬТР] После фильтра KPSS: 59 пар
2026-01-23 11:54:02,910 - INFO - [ФИЛЬТР] После фильтра market microstructure: 59 пар
2026-01-23 11:54:02,910 - INFO - [ФИЛЬТР] Статистика фильтрации (оптимизированный порядок):
2026-01-23 11:54:02,910 - INFO -   1. SSD → Коинтеграция: 163 → 73 пар
2026-01-23 11:54:02,910 - INFO -   2. Коинтеграция → Beta: 73 → 93 пар
2026-01-23 11:54:02,910 - INFO -   3. Beta → Half-life: 93 → 93 пар
2026-01-23 11:54:02,910 - INFO -   4. Half-life → Mean crossings: 93 → 93 пар
2026-01-23 11:54:02,910 - INFO -   5. Mean crossings → Hurst: 93 → 59 пар
2026-01-23 11:54:02,910 - INFO -   6. Hurst → KPSS: 59 → 59 пар
2026-01-23 11:54:02,910 - INFO -   7. KPSS → Market microstructure: 59 → 59 пар
2026-01-23 11:54:02,910 - INFO - [ФИЛЬТР] Причины отсева:
2026-01-23 11:54:02,910 - INFO -   • low_correlation: 58 пар (35.6%)
2026-01-23 11:54:02,910 - INFO -   • pvalue: 20 пар (12.3%)
2026-01-23 11:54:02,910 - INFO -   • hurst: 14 пар (8.6%)
2026-01-23 11:54:02,911 - INFO -   • beta: 12 пар (7.4%)
2026-01-23 11:54:02,911 - INFO - [ФИЛЬТР] Итого: 163 → 59 пар (36.2% прошли все фильтры)
2026-01-23 11:54:02,912 - INFO - Причины отсева сохранены в results/filter_reasons_20260123_115402.csv
2026-01-23 11:54:02,913 - INFO -   Pair stability filter: 59 → 28 (window=2, min_steps=1, history=1)
2026-01-23 11:54:02,913 - INFO -   Фильтрация: 163 → 28 пар
2026-01-23 11:54:02,913 - INFO - ⇠ filtering pairs by cointegration and half-life — done in 6.19s
2026-01-23 11:54:02,913 - INFO - ⇠ WF-шаг 2/5: training 2023-03-02-2023-05-30, testing 2023-05-31-2023-06-30 — done in 8.51s
2026-01-23 11:54:02,913 - INFO -   Ограничение max_pairs=50: 28 пар (лимит не достигнут)
2026-01-23 11:54:02,913 - INFO -   Топ-3 пары по волатильности спреда:
2026-01-23 11:54:02,913 - INFO -     1. ETHUSDC-ETHUSDT: beta=0.9630, std=12.8640
2026-01-23 11:54:02,913 - INFO -     2. ATOMUSDT-KCALUSDT: beta=5.7428, std=0.5942
2026-01-23 11:54:02,913 - INFO -     3. CITYUSDT-IZIUSDT: beta=79.8137, std=0.5713
2026-01-23 11:54:02,913 - INFO -   Всего пар для торговли: 28 (ограничение 15 применяется к одновременно открытым позициям)
2026-01-23 11:54:02,913 - INFO -   💰 Проверка расчета капитала: equity=$1,257.50, кандидатных_пар=28, max_позиций=15
2026-01-23 11:54:02,914 - INFO -   🎯 Target concurrency: 15 (ожидаемое одновременное число позиций)
2026-01-23 11:54:02,914 - INFO -   📊 Детали расчета капитала:
2026-01-23 11:54:02,914 - INFO -      • Базовый капитал на пару: $83.83 (equity / target_concurrency)
2026-01-23 11:54:02,914 - INFO -      • Риск-капитал: $15.72 (1.2% от equity)
2026-01-23 11:54:02,914 - INFO -      • Макс. размер позиции: $25.15 (2.0% от equity)
2026-01-23 11:54:02,914 - INFO -      • Итоговый капитал на пару: $15.72
2026-01-23 11:54:02,914 - INFO - ⇢ WF-шаг 2/5 backtests — starting 28 items
2026-01-23 11:54:02,914 - INFO - 🚀 WF-шаг 2/5: Начинаем бэктесты для 28 пар...
2026-01-23 11:54:02,914 - INFO - 🚀 WF-шаг 2/5: Запускаем параллельную обработку 28 пар на 8 ядрах...
2026-01-23 11:54:02,914 - INFO - 🚀 WF-шаг 2/5: Режим параллельности: процессы
⚙️  Загрузка данных за период: 2023-03-02 -> 2023-06-30
📂 Найдено 43 parquet файлов для обработки.
📊 Схема данных: Schema({'timestamp': Int64, 'open': Float64, 'high': Float64, 'low': Float64, 'close': Float64, 'volume': Float64, 'turnover': String, 'ts_ms': Int64, 'symbol': String})
✅ Загружено 2753927 записей с помощью Polars.
📊 Типы данных в pandas: timestamp       datetime64[us]
symbol                  object
close                  float64
timestamp_ms             int64
dtype: object
2026-01-23 11:54:02,970 - coint2.engine.numba_engine - INFO - Запуск Numba-оптимизированного бэктеста для ETHUSDC-ETHUSDT
2026-01-23 11:54:02,995 - coint2.engine.numba_engine - INFO - Запуск Numba-оптимизированного бэктеста для ATOMUSDT-KCALUSDT
2026-01-23 11:54:03,022 - coint2.engine.numba_engine - INFO - Запуск Numba-оптимизированного бэктеста для CITYUSDT-IZIUSDT
2026-01-23 11:54:03,049 - coint2.engine.numba_engine - INFO - Запуск Numba-оптимизированного бэктеста для DOTUSDC-FTTUSDT
2026-01-23 11:54:03,054 - coint2.engine.numba_engine - INFO - Запуск Numba-оптимизированного бэктеста для FLOWUSDT-JSTUSDT
2026-01-23 11:54:03,077 - coint2.engine.numba_engine - INFO - Запуск Numba-оптимизированного бэктеста для CELOUSDT-ENJUSDT
2026-01-23 11:54:03,078 - coint2.engine.numba_engine - INFO - Запуск Numba-оптимизированного бэктеста для GLMRUSDT-KCALUSDT
2026-01-23 11:54:03,078 - coint2.engine.numba_engine - INFO - Запуск Numba-оптимизированного бэктеста для DOTUSDT-FTTUSDT
2026-01-23 11:54:03,099 - coint2.engine.numba_engine - INFO - Запуск Numba-оптимизированного бэктеста для DOGEUSDC-JUVUSDT
2026-01-23 11:54:03,101 - coint2.engine.numba_engine - INFO - Запуск Numba-оптимизированного бэктеста для CTCUSDT-ERTHAUSDT
2026-01-23 11:54:03,114 - coint2.engine.numba_engine - INFO - Запуск Numba-оптимизированного бэктеста для CRVUSDT-KDAUSDT
2026-01-23 11:54:03,117 - coint2.engine.numba_engine - INFO - Запуск Numba-оптимизированного бэктеста для AXSUSDT-DOTUSDT
2026-01-23 11:54:03,123 - coint2.engine.numba_engine - INFO - Запуск Numba-оптимизированного бэктеста для ACSUSDT-ATOMUSDT
2026-01-23 11:54:03,134 - coint2.engine.numba_engine - INFO - Запуск Numba-оптимизированного бэктеста для CRVUSDT-DOTUSDT
2026-01-23 11:54:03,138 - coint2.engine.numba_engine - INFO - Запуск Numba-оптимизированного бэктеста для AVAUSDT-FLOWUSDT
2026-01-23 11:54:03,140 - coint2.engine.numba_engine - INFO - Запуск Numba-оптимизированного бэктеста для DOTUSDC-KDAUSDT
2026-01-23 11:54:03,158 - coint2.engine.numba_engine - INFO - Запуск Numba-оптимизированного бэктеста для FIDAUSDT-HOOKUSDT
2026-01-23 11:54:03,164 - coint2.engine.numba_engine - INFO - Запуск Numba-оптимизированного бэктеста для ACSUSDT-HOOKUSDT
2026-01-23 11:54:03,172 - coint2.engine.numba_engine - INFO - Запуск Numba-оптимизированного бэктеста для GMTUSDC-HOOKUSDT
2026-01-23 11:54:03,178 - coint2.engine.numba_engine - INFO - Запуск Numba-оптимизированного бэктеста для DYDXUSDT-KSMUSDT
2026-01-23 11:54:03,181 - coint2.engine.numba_engine - INFO - Запуск Numba-оптимизированного бэктеста для ERTHAUSDT-FLOWUSDT
2026-01-23 11:54:03,194 - coint2.engine.numba_engine - INFO - Запуск Numba-оптимизированного бэктеста для ENJUSDT-FILUSDC
2026-01-23 11:54:03,223 - coint2.engine.numba_engine - INFO - Запуск Numba-оптимизированного бэктеста для GMTUSDT-HOOKUSDT
2026-01-23 11:54:03,223 - coint2.engine.numba_engine - INFO - Запуск Numba-оптимизированного бэктеста для CELOUSDT-FLOWUSDT
2026-01-23 11:54:03,245 - coint2.engine.numba_engine - INFO - Запуск Numba-оптимизированного бэктеста для BATUSDT-ETCUSDT
2026-01-23 11:54:03,245 - coint2.engine.numba_engine - INFO - Запуск Numba-оптимизированного бэктеста для CHZUSDC-JSTUSDT
2026-01-23 11:54:03,264 - coint2.engine.numba_engine - INFO - Запуск Numba-оптимизированного бэктеста для GODSUSDT-KCALUSDT
2026-01-23 11:54:03,290 - coint2.engine.numba_engine - INFO - Запуск Numba-оптимизированного бэктеста для CHZUSDT-JSTUSDT
2026-01-23 11:54:03,335 - INFO -   ⏱️ Параллельная обработка завершена за 0.4с (66.5 пар/с)
2026-01-23 11:54:03,355 - coint2.pipeline.walk_forward_orchestrator - INFO - 🎯 СИМУЛЯЦИЯ ПОРТФЕЛЯ: 28 пар, лимит 15 позиций
2026-01-23 11:54:04,131 - coint2.pipeline.walk_forward_orchestrator - INFO -    📈 Макс. одновременных сигналов: 22
2026-01-23 11:54:04,131 - coint2.pipeline.walk_forward_orchestrator - INFO -    📊 Средн. сигналов за период: 12.4
2026-01-23 11:54:04,131 - coint2.pipeline.walk_forward_orchestrator - INFO -    🎯 Финальных активных позиций: 11
2026-01-23 11:54:04,133 - coint2.pipeline.walk_forward_orchestrator - INFO -    ⚡ Утилизация лимита позиций: 79.7%
2026-01-23 11:54:04,133 - INFO - ⇠ WF-шаг 2/5 backtests — completed 28 items in 1.22s (23.0 items/s)
2026-01-23 11:54:04,133 - INFO -   ✅ Обработка завершена: 28 успешно, 0 с ошибками
2026-01-23 11:54:04,134 - INFO -   📊 Успешность: 100.0%, прибыльность: 39.3%, сделок/пара: 49.4
2026-01-23 11:54:04,134 - INFO -   ✅ Завершены бэктесты для 28 пар
2026-01-23 11:54:04,134 - INFO -   📊 Всего обработано пар в этом шаге: 28
2026-01-23 11:54:04,134 - INFO -   📈 Результаты шага: 11/28 прибыльных пар, 1383 сделок
2026-01-23 11:54:04,134 - INFO -   💰 P&L шага: $-219.85
2026-01-23 11:54:04,134 - INFO -   ⇢ Обновление капитала и дневного P&L...
2026-01-23 11:54:05,463 - INFO -   💼 Шаг P&L: $-219.85, Накопленный капитал: $1,037.65
2026-01-23 11:54:05,463 - INFO - ------------------------------------------------------------
2026-01-23 11:54:05,463 - INFO -   Walk-forward steps: 2 / 5 (40.0%) | 0.1 items/s | ETA: 31.4s
2026-01-23 11:54:05,463 - INFO - 🔍 WF-шаг 3/5: Валидация временных окон...
2026-01-23 11:54:05,464 - INFO - ⇢ WF-шаг 3/5: training 2023-04-01-2023-06-29, testing 2023-06-30-2023-07-30 — start
2026-01-23 11:54:05,464 - INFO - ⇢ loading step data — start
2026-01-23 11:54:05,667 - INFO - ⇠ loading step data — done in 0.20s
2026-01-23 11:54:07,268 - INFO - 📊 WF-шаг 3/5: Границы данных:
2026-01-23 11:54:07,268 - INFO -    Training: 2023-04-01 00:00:00 → 2023-06-29 23:45:00 (8,640 строк × 262 символов)
2026-01-23 11:54:07,268 - INFO -    Testing:  2023-06-30 00:00:00 → 2023-07-30 00:00:00 (2,881 строк × 262 символов)
2026-01-23 11:54:07,268 - INFO -    Временной разрыв: 0 days 00:15:00
2026-01-23 11:54:07,302 - INFO - ⇢ normalizing training data — start
2026-01-23 11:54:07,334 - INFO -   Символы с NaN значениями: 29
2026-01-23 11:54:07,334 - INFO -   Применяем метод нормализации: rolling_zscore
2026-01-23 11:54:07,353 - INFO - Символы с недостаточной историей: 25 из 262
2026-01-23 11:54:07,884 - INFO - Символы с NaN после нормализации: 237
2026-01-23 11:54:07,892 - INFO - Удалено 1009 начальных строк с NaN от rolling расчетов
2026-01-23 11:54:07,895 - INFO - Итоговое количество символов после нормализации: 237 из 262
2026-01-23 11:54:07,895 - INFO -   Статистика нормализации:
2026-01-23 11:54:07,895 - INFO -     Исходные символы: 262
2026-01-23 11:54:07,895 - INFO -     Недостаточная история: 25
2026-01-23 11:54:07,895 - INFO -     Постоянная цена: 0
2026-01-23 11:54:07,895 - INFO -     NaN после нормализации: 237
2026-01-23 11:54:07,895 - INFO -     Итоговые символы: 237 (90.5%)
2026-01-23 11:54:07,895 - INFO -   После нормализации: 237 символов (потеряно 25)
2026-01-23 11:54:07,895 - INFO -   Отброшено много символов: 25 из 262
2026-01-23 11:54:07,895 - INFO - ⇠ normalizing training data — done in 0.59s
2026-01-23 11:54:07,896 - INFO -   Фиксированный universe: 167 пар (отфильтровано 83 недоступных)
2026-01-23 11:54:07,896 - INFO - ⇢ filtering pairs by cointegration and half-life — start
2026-01-23 11:54:07,896 - INFO - [ФИЛЬТР] Параллельная фильтрация: threads (8 workers)
2026-01-23 11:54:13,192 - INFO - [ФИЛЬТР] После проверки данных: 163 пар
2026-01-23 11:54:13,192 - INFO - [ФИЛЬТР] После фильтра корреляции (>0.4): 129 пар
2026-01-23 11:54:13,192 - INFO - [ФИЛЬТР] После фильтра beta: 110 пар
2026-01-23 11:54:13,192 - INFO - [ФИЛЬТР] После фильтра mean crossings: 110 пар
2026-01-23 11:54:13,192 - INFO - [ФИЛЬТР] После фильтра half-life: 109 пар
2026-01-23 11:54:13,192 - INFO - [ФИЛЬТР] После фильтра коинтеграции: 58 пар
2026-01-23 11:54:13,192 - INFO - [ФИЛЬТР] После фильтра Hurst: 49 пар
2026-01-23 11:54:13,192 - INFO - [ФИЛЬТР] После фильтра KPSS: 49 пар
2026-01-23 11:54:13,192 - INFO - [ФИЛЬТР] После фильтра market microstructure: 49 пар
2026-01-23 11:54:13,192 - INFO - [ФИЛЬТР] Статистика фильтрации (оптимизированный порядок):
2026-01-23 11:54:13,192 - INFO -   1. SSD → Коинтеграция: 167 → 58 пар
2026-01-23 11:54:13,192 - INFO -   2. Коинтеграция → Beta: 58 → 110 пар
2026-01-23 11:54:13,192 - INFO -   3. Beta → Half-life: 110 → 109 пар
2026-01-23 11:54:13,193 - INFO -   4. Half-life → Mean crossings: 109 → 110 пар
2026-01-23 11:54:13,193 - INFO -   5. Mean crossings → Hurst: 110 → 49 пар
2026-01-23 11:54:13,193 - INFO -   6. Hurst → KPSS: 49 → 49 пар
2026-01-23 11:54:13,193 - INFO -   7. KPSS → Market microstructure: 49 → 49 пар
2026-01-23 11:54:13,193 - INFO - [ФИЛЬТР] Причины отсева:
2026-01-23 11:54:13,193 - INFO -   • pvalue: 51 пар (30.5%)
2026-01-23 11:54:13,193 - INFO -   • low_correlation: 34 пар (20.4%)
2026-01-23 11:54:13,193 - INFO -   • beta: 19 пар (11.4%)
2026-01-23 11:54:13,193 - INFO -   • hurst: 9 пар (5.4%)
2026-01-23 11:54:13,193 - INFO -   • insufficient_data: 4 пар (2.4%)
2026-01-23 11:54:13,193 - INFO -   • half_life: 1 пар (0.6%)
2026-01-23 11:54:13,193 - INFO - [ФИЛЬТР] Итого: 167 → 49 пар (29.3% прошли все фильтры)
2026-01-23 11:54:13,195 - INFO - Причины отсева сохранены в results/filter_reasons_20260123_115413.csv
2026-01-23 11:54:13,195 - INFO -   Pair stability filter: 49 → 28 (window=2, min_steps=1, history=2)
2026-01-23 11:54:13,195 - INFO -   Фильтрация: 167 → 28 пар
2026-01-23 11:54:13,195 - INFO - ⇠ filtering pairs by cointegration and half-life — done in 5.30s
2026-01-23 11:54:13,196 - INFO - ⇠ WF-шаг 3/5: training 2023-04-01-2023-06-29, testing 2023-06-30-2023-07-30 — done in 7.73s
2026-01-23 11:54:13,196 - INFO -   Ограничение max_pairs=50: 28 пар (лимит не достигнут)
2026-01-23 11:54:13,196 - INFO -   Топ-3 пары по волатильности спреда:
2026-01-23 11:54:13,196 - INFO -     1. BTCUSDC-BTCUSDT: beta=1.0042, std=11.0024
2026-01-23 11:54:13,196 - INFO -     2. ETCUSDT-JUVUSDT: beta=2.6675, std=1.1088
2026-01-23 11:54:13,196 - INFO -     3. ETHUSDC-ETHUSDT: beta=1.0058, std=0.6720
2026-01-23 11:54:13,196 - INFO -   Всего пар для торговли: 28 (ограничение 15 применяется к одновременно открытым позициям)
2026-01-23 11:54:13,196 - INFO -   💰 Проверка расчета капитала: equity=$1,037.65, кандидатных_пар=28, max_позиций=15
2026-01-23 11:54:13,196 - INFO -   🎯 Target concurrency: 15 (ожидаемое одновременное число позиций)
2026-01-23 11:54:13,196 - INFO -   📊 Детали расчета капитала:
2026-01-23 11:54:13,196 - INFO -      • Базовый капитал на пару: $69.18 (equity / target_concurrency)
2026-01-23 11:54:13,196 - INFO -      • Риск-капитал: $12.97 (1.2% от equity)
2026-01-23 11:54:13,196 - INFO -      • Макс. размер позиции: $20.75 (2.0% от equity)
2026-01-23 11:54:13,196 - INFO -      • Итоговый капитал на пару: $12.97
2026-01-23 11:54:13,197 - INFO - ⇢ WF-шаг 3/5 backtests — starting 28 items
2026-01-23 11:54:13,197 - INFO - 🚀 WF-шаг 3/5: Начинаем бэктесты для 28 пар...
2026-01-23 11:54:13,197 - INFO - 🚀 WF-шаг 3/5: Запускаем параллельную обработку 28 пар на 8 ядрах...
2026-01-23 11:54:13,197 - INFO - 🚀 WF-шаг 3/5: Режим параллельности: процессы
⚙️  Загрузка данных за период: 2023-04-01 -> 2023-07-30
📂 Найдено 43 parquet файлов для обработки.
📊 Схема данных: Schema({'timestamp': Int64, 'open': Float64, 'high': Float64, 'low': Float64, 'close': Float64, 'volume': Float64, 'turnover': String, 'ts_ms': Int64, 'symbol': String})
✅ Загружено 2829468 записей с помощью Polars.
📊 Типы данных в pandas: timestamp       datetime64[us]
symbol                  object
close                  float64
timestamp_ms             int64
dtype: object
2026-01-23 11:54:13,256 - coint2.engine.numba_engine - INFO - Запуск Numba-оптимизированного бэктеста для BTCUSDC-BTCUSDT
2026-01-23 11:54:13,284 - coint2.engine.numba_engine - INFO - Запуск Numba-оптимизированного бэктеста для ETCUSDT-JUVUSDT
2026-01-23 11:54:13,313 - coint2.engine.numba_engine - INFO - Запуск Numba-оптимизированного бэктеста для ETHUSDC-ETHUSDT
2026-01-23 11:54:13,347 - coint2.engine.numba_engine - INFO - Запуск Numba-оптимизированного бэктеста для APEUSDC-GODSUSDT
2026-01-23 11:54:13,349 - coint2.engine.numba_engine - INFO - Запуск Numba-оптимизированного бэктеста для 1INCHUSDT-ACSUSDT
2026-01-23 11:54:13,378 - coint2.engine.numba_engine - INFO - Запуск Numba-оптимизированного бэктеста для BATUSDT-JUVUSDT
2026-01-23 11:54:13,385 - coint2.engine.numba_engine - INFO - Запуск Numba-оптимизированного бэктеста для APEUSDC-HFTUSDC
2026-01-23 11:54:13,386 - coint2.engine.numba_engine - INFO - Запуск Numba-оптимизированного бэктеста для AVAUSDT-FITFIUSDT
2026-01-23 11:54:13,401 - coint2.engine.numba_engine - INFO - Запуск Numba-оптимизированного бэктеста для FITFIUSDT-FLOWUSDT
2026-01-23 11:54:13,408 - coint2.engine.numba_engine - INFO - Запуск Numba-оптимизированного бэктеста для CRVUSDT-KDAUSDT
2026-01-23 11:54:13,412 - coint2.engine.numba_engine - INFO - Запуск Numba-оптимизированного бэктеста для FIDAUSDT-HOOKUSDT
2026-01-23 11:54:13,415 - coint2.engine.numba_engine - INFO - Запуск Numba-оптимизированного бэктеста для APEUSDT-HFTUSDC
2026-01-23 11:54:13,433 - coint2.engine.numba_engine - INFO - Запуск Numba-оптимизированного бэктеста для CELOUSDT-ENJUSDT
2026-01-23 11:54:13,434 - coint2.engine.numba_engine - INFO - Запуск Numba-оптимизированного бэктеста для HFTUSDC-KDAUSDT
2026-01-23 11:54:13,436 - coint2.engine.numba_engine - INFO - Запуск Numba-оптимизированного бэктеста для ACSUSDT-HOOKUSDT
2026-01-23 11:54:13,442 - coint2.engine.numba_engine - INFO - Запуск Numba-оптимизированного бэктеста для DYDXUSDT-KSMUSDT
2026-01-23 11:54:13,455 - coint2.engine.numba_engine - INFO - Запуск Numba-оптимизированного бэктеста для ERTHAUSDT-KASTAUSDT
2026-01-23 11:54:13,456 - coint2.engine.numba_engine - INFO - Запуск Numba-оптимизированного бэктеста для GODSUSDT-KSMUSDT
2026-01-23 11:54:13,471 - coint2.engine.numba_engine - INFO - Запуск Numba-оптимизированного бэктеста для BICOUSDT-KASTAUSDT
2026-01-23 11:54:13,474 - coint2.engine.numba_engine - INFO - Запуск Numba-оптимизированного бэктеста для AVAUSDT-KASTAUSDT
2026-01-23 11:54:13,479 - coint2.engine.numba_engine - INFO - Запуск Numba-оптимизированного бэктеста для ERTHAUSDT-FLOWUSDT
2026-01-23 11:54:13,494 - coint2.engine.numba_engine - INFO - Запуск Numba-оптимизированного бэктеста для C98USDT-FILUSDT
2026-01-23 11:54:13,508 - coint2.engine.numba_engine - INFO - Запуск Numba-оптимизированного бэктеста для CTCUSDT-ERTHAUSDT
2026-01-23 11:54:13,531 - coint2.engine.numba_engine - INFO - Запуск Numba-оптимизированного бэктеста для ALGOUSDT-FLOWUSDT
2026-01-23 11:54:13,540 - coint2.engine.numba_engine - INFO - Запуск Numba-оптимизированного бэктеста для GMTUSDC-HOOKUSDT
2026-01-23 11:54:13,555 - coint2.engine.numba_engine - INFO - Запуск Numba-оптимизированного бэктеста для GMTUSDT-HOOKUSDT
2026-01-23 11:54:13,563 - coint2.engine.numba_engine - INFO - Запуск Numba-оптимизированного бэктеста для DOGEUSDC-JUVUSDT
2026-01-23 11:54:13,578 - coint2.engine.numba_engine - INFO - Запуск Numba-оптимизированного бэктеста для JSTUSDT-JUVUSDT
2026-01-23 11:54:13,620 - INFO -   ⏱️ Параллельная обработка завершена за 0.4с (66.2 пар/с)
2026-01-23 11:54:13,636 - coint2.pipeline.walk_forward_orchestrator - INFO - 🎯 СИМУЛЯЦИЯ ПОРТФЕЛЯ: 28 пар, лимит 15 позиций
2026-01-23 11:54:14,373 - coint2.pipeline.walk_forward_orchestrator - INFO -    📈 Макс. одновременных сигналов: 19
2026-01-23 11:54:14,373 - coint2.pipeline.walk_forward_orchestrator - INFO -    📊 Средн. сигналов за период: 8.7
2026-01-23 11:54:14,373 - coint2.pipeline.walk_forward_orchestrator - INFO -    🎯 Финальных активных позиций: 15
2026-01-23 11:54:14,374 - coint2.pipeline.walk_forward_orchestrator - INFO -    ⚡ Утилизация лимита позиций: 57.8%
2026-01-23 11:54:14,375 - INFO - ⇠ WF-шаг 3/5 backtests — completed 28 items in 1.18s (23.8 items/s)
2026-01-23 11:54:14,375 - INFO -   ✅ Обработка завершена: 28 успешно, 0 с ошибками
2026-01-23 11:54:14,375 - INFO -   📊 Успешность: 100.0%, прибыльность: 64.3%, сделок/пара: 44.9
2026-01-23 11:54:14,375 - INFO -   ✅ Завершены бэктесты для 28 пар
2026-01-23 11:54:14,375 - INFO -   📊 Всего обработано пар в этом шаге: 28
2026-01-23 11:54:14,375 - INFO -   📈 Результаты шага: 18/28 прибыльных пар, 1258 сделок
2026-01-23 11:54:14,375 - INFO -   💰 P&L шага: $+412.67
2026-01-23 11:54:14,375 - INFO -   ⇢ Обновление капитала и дневного P&L...
2026-01-23 11:54:15,770 - INFO -   💼 Шаг P&L: $+412.67, Накопленный капитал: $1,450.32
2026-01-23 11:54:15,770 - INFO - ------------------------------------------------------------
2026-01-23 11:54:15,770 - INFO -   Walk-forward steps: 3 / 5 (60.0%) | 0.1 items/s | ETA: 20.8s
2026-01-23 11:54:15,771 - INFO - 🔍 WF-шаг 4/5: Валидация временных окон...
2026-01-23 11:54:15,771 - INFO - ⇢ WF-шаг 4/5: training 2023-05-01-2023-07-29, testing 2023-07-30-2023-08-29 — start
2026-01-23 11:54:15,771 - INFO - ⇢ loading step data — start
2026-01-23 11:54:15,994 - INFO - ⇠ loading step data — done in 0.22s
2026-01-23 11:54:17,533 - INFO - 📊 WF-шаг 4/5: Границы данных:
2026-01-23 11:54:17,533 - INFO -    Training: 2023-05-01 00:00:00 → 2023-07-29 23:45:00 (8,640 строк × 266 символов)
2026-01-23 11:54:17,533 - INFO -    Testing:  2023-07-30 00:00:00 → 2023-08-29 00:00:00 (2,881 строк × 266 символов)
2026-01-23 11:54:17,533 - INFO -    Временной разрыв: 0 days 00:15:00
2026-01-23 11:54:17,569 - INFO - ⇢ normalizing training data — start
2026-01-23 11:54:17,601 - INFO -   Символы с NaN значениями: 28
2026-01-23 11:54:17,601 - INFO -   Применяем метод нормализации: rolling_zscore
2026-01-23 11:54:17,620 - INFO - Символы с недостаточной историей: 21 из 266
2026-01-23 11:54:18,199 - INFO - Символы с NaN после нормализации: 245
2026-01-23 11:54:18,206 - INFO - Удалено 1489 начальных строк с NaN от rolling расчетов
2026-01-23 11:54:18,208 - INFO - Итоговое количество символов после нормализации: 245 из 266
2026-01-23 11:54:18,209 - INFO -   Статистика нормализации:
2026-01-23 11:54:18,209 - INFO -     Исходные символы: 266
2026-01-23 11:54:18,209 - INFO -     Недостаточная история: 21
2026-01-23 11:54:18,209 - INFO -     Постоянная цена: 0
2026-01-23 11:54:18,209 - INFO -     NaN после нормализации: 245
2026-01-23 11:54:18,209 - INFO -     Итоговые символы: 245 (92.1%)
2026-01-23 11:54:18,209 - INFO -   После нормализации: 245 символов (потеряно 21)
2026-01-23 11:54:18,209 - INFO -   Отброшено много символов: 21 из 266
2026-01-23 11:54:18,209 - INFO - ⇠ normalizing training data — done in 0.64s
2026-01-23 11:54:18,210 - INFO -   Фиксированный universe: 175 пар (отфильтровано 75 недоступных)
2026-01-23 11:54:18,210 - INFO - ⇢ filtering pairs by cointegration and half-life — start
2026-01-23 11:54:18,210 - INFO - [ФИЛЬТР] Параллельная фильтрация: threads (8 workers)
2026-01-23 11:54:22,923 - INFO - [ФИЛЬТР] После проверки данных: 166 пар
2026-01-23 11:54:22,923 - INFO - [ФИЛЬТР] После фильтра корреляции (>0.4): 119 пар
2026-01-23 11:54:22,923 - INFO - [ФИЛЬТР] После фильтра beta: 108 пар
2026-01-23 11:54:22,923 - INFO - [ФИЛЬТР] После фильтра mean crossings: 108 пар
2026-01-23 11:54:22,923 - INFO - [ФИЛЬТР] После фильтра half-life: 108 пар
2026-01-23 11:54:22,923 - INFO - [ФИЛЬТР] После фильтра коинтеграции: 51 пар
2026-01-23 11:54:22,923 - INFO - [ФИЛЬТР] После фильтра Hurst: 38 пар
2026-01-23 11:54:22,923 - INFO - [ФИЛЬТР] После фильтра KPSS: 38 пар
2026-01-23 11:54:22,924 - INFO - [ФИЛЬТР] После фильтра market microstructure: 37 пар
2026-01-23 11:54:22,924 - INFO - [ФИЛЬТР] Статистика фильтрации (оптимизированный порядок):
2026-01-23 11:54:22,924 - INFO -   1. SSD → Коинтеграция: 175 → 51 пар
2026-01-23 11:54:22,924 - INFO -   2. Коинтеграция → Beta: 51 → 108 пар
2026-01-23 11:54:22,924 - INFO -   3. Beta → Half-life: 108 → 108 пар
2026-01-23 11:54:22,924 - INFO -   4. Half-life → Mean crossings: 108 → 108 пар
2026-01-23 11:54:22,924 - INFO -   5. Mean crossings → Hurst: 108 → 38 пар
2026-01-23 11:54:22,924 - INFO -   6. Hurst → KPSS: 38 → 38 пар
2026-01-23 11:54:22,924 - INFO -   7. KPSS → Market microstructure: 38 → 37 пар
2026-01-23 11:54:22,924 - INFO - [ФИЛЬТР] Причины отсева:
2026-01-23 11:54:22,924 - INFO -   • pvalue: 57 пар (32.6%)
2026-01-23 11:54:22,924 - INFO -   • low_correlation: 47 пар (26.9%)
2026-01-23 11:54:22,924 - INFO -   • hurst: 13 пар (7.4%)
2026-01-23 11:54:22,924 - INFO -   • beta: 11 пар (6.3%)
2026-01-23 11:54:22,924 - INFO -   • insufficient_data: 9 пар (5.1%)
2026-01-23 11:54:22,924 - INFO -   • history: 1 пар (0.6%)
2026-01-23 11:54:22,924 - INFO - [ФИЛЬТР] Итого: 175 → 37 пар (21.1% прошли все фильтры)
2026-01-23 11:54:22,926 - INFO - Причины отсева сохранены в results/filter_reasons_20260123_115422.csv
2026-01-23 11:54:22,926 - INFO -   Pair stability filter: 37 → 24 (window=2, min_steps=1, history=3)
2026-01-23 11:54:22,926 - INFO -   Фильтрация: 175 → 24 пар
2026-01-23 11:54:22,926 - INFO - ⇠ filtering pairs by cointegration and half-life — done in 4.72s
2026-01-23 11:54:22,926 - INFO - ⇠ WF-шаг 4/5: training 2023-05-01-2023-07-29, testing 2023-07-30-2023-08-29 — done in 7.16s
2026-01-23 11:54:22,926 - INFO -   Ограничение max_pairs=50: 24 пар (лимит не достигнут)
2026-01-23 11:54:22,926 - INFO -   Топ-3 пары по волатильности спреда:
2026-01-23 11:54:22,927 - INFO -     1. BTCUSDC-BTCUSDT: beta=1.0007, std=11.1066
2026-01-23 11:54:22,927 - INFO -     2. ETCUSDT-JUVUSDT: beta=1.9253, std=1.2238
2026-01-23 11:54:22,927 - INFO -     3. ETHUSDC-ETHUSDT: beta=1.0047, std=0.6827
2026-01-23 11:54:22,927 - INFO -   Всего пар для торговли: 24 (ограничение 15 применяется к одновременно открытым позициям)
2026-01-23 11:54:22,927 - INFO -   💰 Проверка расчета капитала: equity=$1,450.32, кандидатных_пар=24, max_позиций=15
2026-01-23 11:54:22,927 - INFO -   🎯 Target concurrency: 15 (ожидаемое одновременное число позиций)
2026-01-23 11:54:22,927 - INFO -   📊 Детали расчета капитала:
2026-01-23 11:54:22,927 - INFO -      • Базовый капитал на пару: $96.69 (equity / target_concurrency)
2026-01-23 11:54:22,927 - INFO -      • Риск-капитал: $18.13 (1.2% от equity)
2026-01-23 11:54:22,927 - INFO -      • Макс. размер позиции: $29.01 (2.0% от equity)
2026-01-23 11:54:22,927 - INFO -      • Итоговый капитал на пару: $18.13
2026-01-23 11:54:22,927 - INFO - ⇢ WF-шаг 4/5 backtests — starting 24 items
2026-01-23 11:54:22,927 - INFO - 🚀 WF-шаг 4/5: Начинаем бэктесты для 24 пар...
2026-01-23 11:54:22,927 - INFO - 🚀 WF-шаг 4/5: Запускаем параллельную обработку 24 пар на 8 ядрах...
2026-01-23 11:54:22,928 - INFO - 🚀 WF-шаг 4/5: Режим параллельности: процессы
⚙️  Загрузка данных за период: 2023-05-01 -> 2023-08-29
📂 Найдено 43 parquet файлов для обработки.
📊 Схема данных: Schema({'timestamp': Int64, 'open': Float64, 'high': Float64, 'low': Float64, 'close': Float64, 'volume': Float64, 'turnover': String, 'ts_ms': Int64, 'symbol': String})
✅ Загружено 2908032 записей с помощью Polars.
📊 Типы данных в pandas: timestamp       datetime64[us]
symbol                  object
close                  float64
timestamp_ms             int64
dtype: object
2026-01-23 11:54:22,985 - coint2.engine.numba_engine - INFO - Запуск Numba-оптимизированного бэктеста для BTCUSDC-BTCUSDT
2026-01-23 11:54:23,012 - coint2.engine.numba_engine - INFO - Запуск Numba-оптимизированного бэктеста для ETCUSDT-JUVUSDT
2026-01-23 11:54:23,041 - coint2.engine.numba_engine - INFO - Запуск Numba-оптимизированного бэктеста для ETHUSDC-ETHUSDT
2026-01-23 11:54:23,068 - coint2.engine.numba_engine - INFO - Запуск Numba-оптимизированного бэктеста для AXSUSDT-CRVUSDT
2026-01-23 11:54:23,078 - coint2.engine.numba_engine - INFO - Запуск Numba-оптимизированного бэктеста для FLOWUSDT-JUVUSDT
2026-01-23 11:54:23,100 - coint2.engine.numba_engine - INFO - Запуск Numba-оптимизированного бэктеста для FILUSDC-JUVUSDT
2026-01-23 11:54:23,100 - coint2.engine.numba_engine - INFO - Запуск Numba-оптимизированного бэктеста для CELOUSDT-ENJUSDT
2026-01-23 11:54:23,112 - coint2.engine.numba_engine - INFO - Запуск Numba-оптимизированного бэктеста для GMTUSDT-HOOKUSDT
2026-01-23 11:54:23,126 - coint2.engine.numba_engine - INFO - Запуск Numba-оптимизированного бэктеста для BATUSDT-JUVUSDT
2026-01-23 11:54:23,144 - coint2.engine.numba_engine - INFO - Запуск Numba-оптимизированного бэктеста для BICOUSDT-ETHWUSDT
2026-01-23 11:54:23,144 - coint2.engine.numba_engine - INFO - Запуск Numba-оптимизированного бэктеста для FILUSDT-JUVUSDT
2026-01-23 11:54:23,154 - coint2.engine.numba_engine - INFO - Запуск Numba-оптимизированного бэктеста для HFTUSDC-KDAUSDT
2026-01-23 11:54:23,164 - coint2.engine.numba_engine - INFO - Запуск Numba-оптимизированного бэктеста для AFCUSDT-C98USDT
2026-01-23 11:54:23,168 - coint2.engine.numba_engine - INFO - Запуск Numba-оптимизированного бэктеста для DOGEUSDC-JUVUSDT
2026-01-23 11:54:23,178 - coint2.engine.numba_engine - INFO - Запуск Numba-оптимизированного бэктеста для JSTUSDT-JUVUSDT
2026-01-23 11:54:23,195 - coint2.engine.numba_engine - INFO - Запуск Numba-оптимизированного бэктеста для GODSUSDT-KSMUSDT
2026-01-23 11:54:23,216 - coint2.engine.numba_engine - INFO - Запуск Numba-оптимизированного бэктеста для DYDXUSDT-KSMUSDT
2026-01-23 11:54:23,227 - coint2.engine.numba_engine - INFO - Запуск Numba-оптимизированного бэктеста для FITFIUSDT-JUVUSDT
2026-01-23 11:54:23,231 - coint2.engine.numba_engine - INFO - Запуск Numba-оптимизированного бэктеста для BATUSDT-ETCUSDT
2026-01-23 11:54:23,257 - coint2.engine.numba_engine - INFO - Запуск Numba-оптимизированного бэктеста для DGBUSDT-JUVUSDT
2026-01-23 11:54:23,277 - coint2.engine.numba_engine - INFO - Запуск Numba-оптимизированного бэктеста для ENJUSDT-FILUSDC
2026-01-23 11:54:23,299 - coint2.engine.numba_engine - INFO - Запуск Numba-оптимизированного бэктеста для ACSUSDT-HOOKUSDT
2026-01-23 11:54:23,300 - coint2.engine.numba_engine - INFO - Запуск Numba-оптимизированного бэктеста для GMTUSDC-HOOKUSDT
2026-01-23 11:54:23,325 - coint2.engine.numba_engine - INFO - Запуск Numba-оптимизированного бэктеста для ERTHAUSDT-FLOWUSDT
2026-01-23 11:54:23,374 - INFO -   ⏱️ Параллельная обработка завершена за 0.4с (53.7 пар/с)
2026-01-23 11:54:23,391 - coint2.pipeline.walk_forward_orchestrator - INFO - 🎯 СИМУЛЯЦИЯ ПОРТФЕЛЯ: 24 пар, лимит 15 позиций
2026-01-23 11:54:24,113 - coint2.pipeline.walk_forward_orchestrator - INFO -    📈 Макс. одновременных сигналов: 19
2026-01-23 11:54:24,113 - coint2.pipeline.walk_forward_orchestrator - INFO -    📊 Средн. сигналов за период: 9.5
2026-01-23 11:54:24,113 - coint2.pipeline.walk_forward_orchestrator - INFO -    🎯 Финальных активных позиций: 10
2026-01-23 11:54:24,115 - coint2.pipeline.walk_forward_orchestrator - INFO -    ⚡ Утилизация лимита позиций: 62.9%
2026-01-23 11:54:24,115 - INFO - ⇠ WF-шаг 4/5 backtests — completed 24 items in 1.19s (20.2 items/s)
2026-01-23 11:54:24,116 - INFO -   ✅ Обработка завершена: 24 успешно, 0 с ошибками
2026-01-23 11:54:24,116 - INFO -   📊 Успешность: 100.0%, прибыльность: 37.5%, сделок/пара: 47.4
2026-01-23 11:54:24,116 - INFO -   ✅ Завершены бэктесты для 24 пар
2026-01-23 11:54:24,116 - INFO -   📊 Всего обработано пар в этом шаге: 24
2026-01-23 11:54:24,116 - INFO -   📈 Результаты шага: 9/24 прибыльных пар, 1137 сделок
2026-01-23 11:54:24,116 - INFO -   💰 P&L шага: $-364.81
2026-01-23 11:54:24,116 - INFO -   ⇢ Обновление капитала и дневного P&L...
2026-01-23 11:54:25,626 - INFO -   💼 Шаг P&L: $-364.81, Накопленный капитал: $1,085.50
2026-01-23 11:54:25,626 - INFO - ------------------------------------------------------------
2026-01-23 11:54:25,626 - INFO -   Walk-forward steps: 4 / 5 (80.0%) | 0.1 items/s | ETA: 10.3s
2026-01-23 11:54:25,627 - INFO - 🔍 WF-шаг 5/5: Валидация временных окон...
2026-01-23 11:54:25,627 - INFO - ⇢ WF-шаг 5/5: training 2023-05-31-2023-08-28, testing 2023-08-29-2023-09-28 — start
2026-01-23 11:54:25,627 - INFO - ⇢ loading step data — start
2026-01-23 11:54:25,852 - INFO - ⇠ loading step data — done in 0.22s
2026-01-23 11:54:27,394 - INFO - 📊 WF-шаг 5/5: Границы данных:
2026-01-23 11:54:27,395 - INFO -    Training: 2023-05-31 00:00:00 → 2023-08-28 23:45:00 (8,640 строк × 276 символов)
2026-01-23 11:54:27,395 - INFO -    Testing:  2023-08-29 00:00:00 → 2023-09-28 00:00:00 (2,881 строк × 276 символов)
2026-01-23 11:54:27,395 - INFO -    Временной разрыв: 0 days 00:15:00
2026-01-23 11:54:27,433 - INFO - ⇢ normalizing training data — start
2026-01-23 11:54:27,468 - INFO -   Символы с NaN значениями: 28
2026-01-23 11:54:27,468 - INFO -   Применяем метод нормализации: rolling_zscore
2026-01-23 11:54:27,488 - INFO - Символы с недостаточной историей: 28 из 276
2026-01-23 11:54:28,089 - INFO - Символы с NaN после нормализации: 248
2026-01-23 11:54:28,098 - INFO - Удалено 1 начальных строк с NaN от rolling расчетов
2026-01-23 11:54:28,101 - INFO - Итоговое количество символов после нормализации: 248 из 276
2026-01-23 11:54:28,102 - INFO -   Статистика нормализации:
2026-01-23 11:54:28,102 - INFO -     Исходные символы: 276
2026-01-23 11:54:28,102 - INFO -     Недостаточная история: 28
2026-01-23 11:54:28,102 - INFO -     Постоянная цена: 0
2026-01-23 11:54:28,102 - INFO -     NaN после нормализации: 248
2026-01-23 11:54:28,102 - INFO -     Итоговые символы: 248 (89.9%)
2026-01-23 11:54:28,102 - INFO -   После нормализации: 248 символов (потеряно 28)
2026-01-23 11:54:28,102 - INFO -   Отброшено много символов: 28 из 276
2026-01-23 11:54:28,102 - INFO - ⇠ normalizing training data — done in 0.67s
2026-01-23 11:54:28,102 - INFO -   Фиксированный universe: 182 пар (отфильтровано 68 недоступных)
2026-01-23 11:54:28,103 - INFO - ⇢ filtering pairs by cointegration and half-life — start
2026-01-23 11:54:28,103 - INFO - [ФИЛЬТР] Параллельная фильтрация: threads (8 workers)
2026-01-23 11:54:33,117 - INFO - [ФИЛЬТР] После проверки данных: 169 пар
2026-01-23 11:54:33,118 - INFO - [ФИЛЬТР] После фильтра корреляции (>0.4): 90 пар
2026-01-23 11:54:33,118 - INFO - [ФИЛЬТР] После фильтра beta: 81 пар
2026-01-23 11:54:33,118 - INFO - [ФИЛЬТР] После фильтра mean crossings: 81 пар
2026-01-23 11:54:33,118 - INFO - [ФИЛЬТР] После фильтра half-life: 81 пар
2026-01-23 11:54:33,118 - INFO - [ФИЛЬТР] После фильтра коинтеграции: 58 пар
2026-01-23 11:54:33,118 - INFO - [ФИЛЬТР] После фильтра Hurst: 46 пар
2026-01-23 11:54:33,118 - INFO - [ФИЛЬТР] После фильтра KPSS: 46 пар
2026-01-23 11:54:33,118 - INFO - [ФИЛЬТР] После фильтра market microstructure: 44 пар
2026-01-23 11:54:33,118 - INFO - [ФИЛЬТР] Статистика фильтрации (оптимизированный порядок):
2026-01-23 11:54:33,118 - INFO -   1. SSD → Коинтеграция: 182 → 58 пар
2026-01-23 11:54:33,118 - INFO -   2. Коинтеграция → Beta: 58 → 81 пар
2026-01-23 11:54:33,118 - INFO -   3. Beta → Half-life: 81 → 81 пар
2026-01-23 11:54:33,118 - INFO -   4. Half-life → Mean crossings: 81 → 81 пар
2026-01-23 11:54:33,118 - INFO -   5. Mean crossings → Hurst: 81 → 46 пар
2026-01-23 11:54:33,118 - INFO -   6. Hurst → KPSS: 46 → 46 пар
2026-01-23 11:54:33,118 - INFO -   7. KPSS → Market microstructure: 46 → 44 пар
2026-01-23 11:54:33,118 - INFO - [ФИЛЬТР] Причины отсева:
2026-01-23 11:54:33,118 - INFO -   • low_correlation: 79 пар (43.4%)
2026-01-23 11:54:33,118 - INFO -   • pvalue: 23 пар (12.6%)
2026-01-23 11:54:33,118 - INFO -   • insufficient_data: 13 пар (7.1%)
2026-01-23 11:54:33,118 - INFO -   • hurst: 12 пар (6.6%)
2026-01-23 11:54:33,118 - INFO -   • beta: 9 пар (4.9%)
2026-01-23 11:54:33,118 - INFO -   • history: 2 пар (1.1%)
2026-01-23 11:54:33,118 - INFO - [ФИЛЬТР] Итого: 182 → 44 пар (24.2% прошли все фильтры)
2026-01-23 11:54:33,120 - INFO - Причины отсева сохранены в results/filter_reasons_20260123_115433.csv
2026-01-23 11:54:33,120 - INFO -   Pair stability filter: 44 → 25 (window=2, min_steps=1, history=4)
2026-01-23 11:54:33,120 - INFO -   Фильтрация: 182 → 25 пар
2026-01-23 11:54:33,120 - INFO - ⇠ filtering pairs by cointegration and half-life — done in 5.02s
2026-01-23 11:54:33,120 - INFO - ⇠ WF-шаг 5/5: training 2023-05-31-2023-08-28, testing 2023-08-29-2023-09-28 — done in 7.49s
2026-01-23 11:54:33,120 - INFO -   Ограничение max_pairs=50: 25 пар (лимит не достигнут)
2026-01-23 11:54:33,121 - INFO -   Топ-3 пары по волатильности спреда:
2026-01-23 11:54:33,121 - INFO -     1. BTCUSDC-BTCUSDT: beta=1.0010, std=15.6128
2026-01-23 11:54:33,121 - INFO -     2. ETCUSDT-JUVUSDT: beta=5.5773, std=1.3188
2026-01-23 11:54:33,121 - INFO -     3. ETHUSDC-ETHUSDT: beta=1.0038, std=0.9117
2026-01-23 11:54:33,121 - INFO -   Всего пар для торговли: 25 (ограничение 15 применяется к одновременно открытым позициям)
2026-01-23 11:54:33,121 - INFO -   💰 Проверка расчета капитала: equity=$1,085.50, кандидатных_пар=25, max_позиций=15
2026-01-23 11:54:33,121 - INFO -   🎯 Target concurrency: 15 (ожидаемое одновременное число позиций)
2026-01-23 11:54:33,121 - INFO -   📊 Детали расчета капитала:
2026-01-23 11:54:33,121 - INFO -      • Базовый капитал на пару: $72.37 (equity / target_concurrency)
2026-01-23 11:54:33,121 - INFO -      • Риск-капитал: $13.57 (1.2% от equity)
2026-01-23 11:54:33,121 - INFO -      • Макс. размер позиции: $21.71 (2.0% от equity)
2026-01-23 11:54:33,121 - INFO -      • Итоговый капитал на пару: $13.57
2026-01-23 11:54:33,122 - INFO - ⇢ WF-шаг 5/5 backtests — starting 25 items
2026-01-23 11:54:33,122 - INFO - 🚀 WF-шаг 5/5: Начинаем бэктесты для 25 пар...
2026-01-23 11:54:33,122 - INFO - 🚀 WF-шаг 5/5: Запускаем параллельную обработку 25 пар на 8 ядрах...
2026-01-23 11:54:33,122 - INFO - 🚀 WF-шаг 5/5: Режим параллельности: процессы
⚙️  Загрузка данных за период: 2023-05-31 -> 2023-09-28
📂 Найдено 43 parquet файлов для обработки.
📊 Схема данных: Schema({'timestamp': Int64, 'open': Float64, 'high': Float64, 'low': Float64, 'close': Float64, 'volume': Float64, 'turnover': String, 'ts_ms': Int64, 'symbol': String})
✅ Загружено 2993474 записей с помощью Polars.
📊 Типы данных в pandas: timestamp       datetime64[us]
symbol                  object
close                  float64
timestamp_ms             int64
dtype: object
2026-01-23 11:54:33,186 - coint2.engine.numba_engine - INFO - Запуск Numba-оптимизированного бэктеста для BTCUSDC-BTCUSDT
2026-01-23 11:54:33,218 - coint2.engine.numba_engine - INFO - Запуск Numba-оптимизированного бэктеста для ETCUSDT-JUVUSDT
2026-01-23 11:54:33,247 - coint2.engine.numba_engine - INFO - Запуск Numba-оптимизированного бэктеста для ETHUSDC-ETHUSDT
2026-01-23 11:54:33,272 - coint2.engine.numba_engine - INFO - Запуск Numba-оптимизированного бэктеста для ADAUSDT-KDAUSDT
2026-01-23 11:54:33,280 - coint2.engine.numba_engine - INFO - Запуск Numba-оптимизированного бэктеста для FILUSDC-JUVUSDT
2026-01-23 11:54:33,294 - coint2.engine.numba_engine - INFO - Запуск Numba-оптимизированного бэктеста для BATUSDT-ETCUSDT
2026-01-23 11:54:33,304 - coint2.engine.numba_engine - INFO - Запуск Numba-оптимизированного бэктеста для ADAUSDC-KDAUSDT
2026-01-23 11:54:33,311 - coint2.engine.numba_engine - INFO - Запуск Numba-оптимизированного бэктеста для FILUSDT-JUVUSDT
2026-01-23 11:54:33,319 - coint2.engine.numba_engine - INFO - Запуск Numba-оптимизированного бэктеста для ERTHAUSDT-KASTAUSDT
2026-01-23 11:54:33,334 - coint2.engine.numba_engine - INFO - Запуск Numba-оптимизированного бэктеста для C98USDT-CHZUSDT
2026-01-23 11:54:33,334 - coint2.engine.numba_engine - INFO - Запуск Numba-оптимизированного бэктеста для FIDAUSDT-HOOKUSDT
2026-01-23 11:54:33,346 - coint2.engine.numba_engine - INFO - Запуск Numba-оптимизированного бэктеста для CRVUSDT-KDAUSDT
2026-01-23 11:54:33,357 - coint2.engine.numba_engine - INFO - Запуск Numba-оптимизированного бэктеста для C98USDT-CHZUSDC
2026-01-23 11:54:33,378 - coint2.engine.numba_engine - INFO - Запуск Numba-оптимизированного бэктеста для BICOUSDT-ETHWUSDT
2026-01-23 11:54:33,386 - coint2.engine.numba_engine - INFO - Запуск Numba-оптимизированного бэктеста для HFTUSDC-KDAUSDT
2026-01-23 11:54:33,402 - coint2.engine.numba_engine - INFO - Запуск Numba-оптимизированного бэктеста для C98USDT-FILUSDT
2026-01-23 11:54:33,403 - coint2.engine.numba_engine - INFO - Запуск Numba-оптимизированного бэктеста для BATUSDT-JSTUSDT
2026-01-23 11:54:33,425 - coint2.engine.numba_engine - INFO - Запуск Numba-оптимизированного бэктеста для HFTUSDT-KDAUSDT
2026-01-23 11:54:33,427 - coint2.engine.numba_engine - INFO - Запуск Numba-оптимизированного бэктеста для ENJUSDT-FILUSDC
2026-01-23 11:54:33,448 - coint2.engine.numba_engine - INFO - Запуск Numba-оптимизированного бэктеста для GMTUSDC-HOOKUSDT
2026-01-23 11:54:33,472 - coint2.engine.numba_engine - INFO - Запуск Numba-оптимизированного бэктеста для DOGEUSDC-JUVUSDT
2026-01-23 11:54:33,481 - coint2.engine.numba_engine - INFO - Запуск Numba-оптимизированного бэктеста для GMTUSDT-HOOKUSDT
2026-01-23 11:54:33,507 - coint2.engine.numba_engine - INFO - Запуск Numba-оптимизированного бэктеста для HVHUSDT-IZIUSDT
2026-01-23 11:54:33,510 - coint2.engine.numba_engine - INFO - Запуск Numba-оптимизированного бэктеста для BATUSDT-JUVUSDT
2026-01-23 11:54:33,517 - coint2.engine.numba_engine - INFO - 🔍 ДИАГНОСТИКА HVHUSDT-IZIUSDT:
2026-01-23 11:54:33,518 - coint2.engine.numba_engine - INFO -    entry_threshold: 1.0
2026-01-23 11:54:33,518 - coint2.engine.numba_engine - INFO -    exit_threshold: 0.06
2026-01-23 11:54:33,518 - coint2.engine.numba_engine - INFO -    Макс |z_score|: 10.8043
2026-01-23 11:54:33,518 - coint2.engine.numba_engine - INFO -    Позиций != 0: 925
2026-01-23 11:54:33,518 - coint2.engine.numba_engine - INFO -    Изменений позиций: 62
2026-01-23 11:54:33,518 - coint2.engine.numba_engine - INFO -    PnL сумма: 27.7356
2026-01-23 11:54:33,519 - coint2.engine.numba_engine - INFO -    Первые 10 z_scores: [-1.0864975  -0.5737033  -0.630315   -0.6014181  -0.8691785  -0.6349803
 -0.6466546  -0.19096749  0.18564379 -1.6247138 ]
2026-01-23 11:54:33,519 - coint2.engine.numba_engine - INFO -    Превышают порог: 1478
2026-01-23 11:54:33,531 - coint2.engine.numba_engine - INFO - Запуск Numba-оптимизированного бэктеста для DGBUSDT-JUVUSDT
2026-01-23 11:54:33,577 - INFO -   ⏱️ Параллельная обработка завершена за 0.5с (55.0 пар/с)
2026-01-23 11:54:33,591 - coint2.pipeline.walk_forward_orchestrator - INFO - 🎯 СИМУЛЯЦИЯ ПОРТФЕЛЯ: 25 пар, лимит 15 позиций
2026-01-23 11:54:34,323 - coint2.pipeline.walk_forward_orchestrator - INFO -    📈 Макс. одновременных сигналов: 18
2026-01-23 11:54:34,323 - coint2.pipeline.walk_forward_orchestrator - INFO -    📊 Средн. сигналов за период: 8.7
2026-01-23 11:54:34,323 - coint2.pipeline.walk_forward_orchestrator - INFO -    🎯 Финальных активных позиций: 9
2026-01-23 11:54:34,325 - coint2.pipeline.walk_forward_orchestrator - INFO -    ⚡ Утилизация лимита позиций: 58.2%
2026-01-23 11:54:34,325 - INFO - ⇠ WF-шаг 5/5 backtests — completed 25 items in 1.20s (20.8 items/s)
2026-01-23 11:54:34,325 - INFO -   ✅ Обработка завершена: 25 успешно, 0 с ошибками
2026-01-23 11:54:34,325 - INFO -   📊 Успешность: 100.0%, прибыльность: 68.0%, сделок/пара: 46.5
2026-01-23 11:54:34,325 - INFO -   ✅ Завершены бэктесты для 25 пар
2026-01-23 11:54:34,325 - INFO -   📊 Всего обработано пар в этом шаге: 25
2026-01-23 11:54:34,326 - INFO -   📈 Результаты шага: 17/25 прибыльных пар, 1163 сделок
2026-01-23 11:54:34,326 - INFO -   💰 P&L шага: $+190.75
2026-01-23 11:54:34,326 - INFO -   ⇢ Обновление капитала и дневного P&L...
2026-01-23 11:54:35,986 - INFO -   💼 Шаг P&L: $+190.75, Накопленный капитал: $1,276.26
2026-01-23 11:54:35,986 - INFO - ------------------------------------------------------------
2026-01-23 11:54:35,986 - INFO -   Walk-forward steps: 5 / 5 (100.0%) | 0.1 items/s | ETA: 0.0s
2026-01-23 11:54:35,986 - INFO - ⇠ Walk-forward steps — completed 5 items in 51.43s (0.1 items/s)
2026-01-23 11:54:35,986 - INFO - ================================================================================
2026-01-23 11:54:35,986 - INFO - 🏁 Walk-forward анализ завершен!
2026-01-23 11:54:35,986 - INFO - ⏱️ Обработано 5 шагов за 2.9 секунд
2026-01-23 11:54:35,986 - INFO - 📊 Всего обработано пар за весь анализ: 145
2026-01-23 11:54:35,986 - INFO - 💰 Финальный капитал: $1,276.26 (было $1,000.00)
2026-01-23 11:54:35,986 - INFO - 📈 Общая доходность: +27.63% ($+276.26)
2026-01-23 11:54:35,986 - INFO - 📊 Всего сделок: 0
2026-01-23 11:54:35,986 - INFO - ================================================================================
2026-01-23 11:54:35,987 - INFO - ✓ Завершены все 5 WF-шагов
2026-01-23 11:54:35,987 - INFO - ⇢ Обработка финальных результатов и расчет метрик...
2026-01-23 11:54:35,987 - INFO - ⇢ processing final results — start
2026-01-23 11:54:35,987 - INFO -   ⇢ Агрегация данных P&L за 14405 торговых дней
2026-01-23 11:54:36,023 - INFO -   ⇢ Расчет базовых метрик производительности...
2026-01-23 11:54:36,023 - INFO -     📊 Данные для анализа: 14405 записей P&L, 14401 точек equity
2026-01-23 11:54:36,026 - INFO -   ⇢ Расчет расширенных метрик (волатильность, Calmar ratio, и др.)...
2026-01-23 11:54:36,026 - INFO -   ✅ Расширенные метрики рассчитаны: 6 показателей
2026-01-23 11:54:36,026 - INFO -   ⇢ Анализ статистики по 145 парам...
2026-01-23 11:54:36,030 - INFO - ✅ Рассчитаны метрики производительности (26 показателей)
2026-01-23 11:54:36,030 - INFO -   💰 Общий P&L: $+276.26
2026-01-23 11:54:36,030 - INFO -   📊 Sharpe Ratio: 1.206
2026-01-23 11:54:36,030 - INFO -   📉 Максимальная просадка: -51020.71%
2026-01-23 11:54:36,030 - INFO -   🔄 Всего сделок: 6871
2026-01-23 11:54:36,031 - INFO -   📈 Торгуемых пар: 69
2026-01-23 11:54:36,031 - INFO -   💸 Общие издержки: $323.81
2026-01-23 11:54:36,031 - coint2.metrics - INFO - Metric: total_pnl
2026-01-23 11:54:36,031 - coint2.metrics - INFO - Metric: sharpe_ratio_abs
2026-01-23 11:54:36,031 - coint2.metrics - INFO - Metric: max_drawdown_pct
2026-01-23 11:54:36,031 - coint2.metrics - INFO - Metric: total_trades
2026-01-23 11:54:36,032 - coint2.metrics - INFO - Metric: total_pairs_traded
2026-01-23 11:54:36,032 - coint2.metrics - INFO - Metric: total_costs
2026-01-23 11:54:36,032 - INFO - ⇠ processing final results — done in 0.05s
2026-01-23 11:54:36,032 - INFO - ⇢ Создание отчетов и сохранение результатов...
2026-01-23 11:54:36,032 - INFO - ⇢ generating reports — start
2026-01-23 11:54:36,032 - INFO -   ⇢ Создание отчета о производительности...
2026-01-23 11:54:43,278 - INFO -   ✓ Отчет о производительности создан
2026-01-23 11:54:43,278 - INFO -   ⇢ Сохранение данных в CSV файлы...
2026-01-23 11:54:43,280 - INFO - 📋 Метрики сохранены: artifacts/wfa/runs/20260123_budget1000_oos_risk_minnot_grid/stress_relaxed8_nokpss_20260123_oos20230501_20231231_top50_z1p00_exit0p06_hold180_cd180_ms0p2_cap1000_maxnot25_risk0p0125/strategy_metrics.csv
2026-01-23 11:54:43,281 - INFO - 📈 Дневные P&L сохранены: artifacts/wfa/runs/20260123_budget1000_oos_risk_minnot_grid/stress_relaxed8_nokpss_20260123_oos20230501_20231231_top50_z1p00_exit0p06_hold180_cd180_ms0p2_cap1000_maxnot25_risk0p0125/daily_pnl.csv (151 записей)
2026-01-23 11:54:43,343 - INFO - 💹 Кривая капитала сохранена: artifacts/wfa/runs/20260123_budget1000_oos_risk_minnot_grid/stress_relaxed8_nokpss_20260123_oos20230501_20231231_top50_z1p00_exit0p06_hold180_cd180_ms0p2_cap1000_maxnot25_risk0p0125/equity_curve.csv (14401 точек)
2026-01-23 11:54:43,349 - INFO - 📋 Статистика сделок сохранена: artifacts/wfa/runs/20260123_budget1000_oos_risk_minnot_grid/stress_relaxed8_nokpss_20260123_oos20230501_20231231_top50_z1p00_exit0p06_hold180_cd180_ms0p2_cap1000_maxnot25_risk0p0125/trade_statistics.csv (145 записей)
2026-01-23 11:54:43,349 - INFO - 🎉 Walk-Forward анализ полностью завершен!
2026-01-23 11:54:43,349 - INFO - 📊 Все отчеты и данные сохранены в: artifacts/wfa/runs/20260123_budget1000_oos_risk_minnot_grid/stress_relaxed8_nokpss_20260123_oos20230501_20231231_top50_z1p00_exit0p06_hold180_cd180_ms0p2_cap1000_maxnot25_risk0p0125
2026-01-23 11:54:43,350 - INFO - 💼 Итоговый капитал: $1,276.26
2026-01-23 11:54:43,350 - INFO - ⏱️  Общее время выполнения: 10.2 секунд
2026-01-23 11:54:43,350 - INFO - ⇠ generating reports — done in 7.32s
2026-01-23 11:54:43,350 - coint2.core.memory_optimization - INFO - 🧹 Cleaning up global price data
2026-01-23 11:54:43,353 - coint2.core.memory_optimization - INFO - 📊 No global rolling stats to clean up
2026-01-23 11:54:43,354 - INFO - 🧹 Memory-mapped data cleaned up
2026-01-23 11:54:43,356 - INFO - ⇠ run_walk_forward_analysis — done in 64.13s
📊 Отчет сохранен: artifacts/wfa/runs/20260123_budget1000_oos_risk_minnot_grid/stress_relaxed8_nokpss_20260123_oos20230501_20231231_top50_z1p00_exit0p06_hold180_cd180_ms0p2_cap1000_maxnot25_risk0p0125/CointegrationStrategy_performance_report.png
🎯 ============================================================
📊 ИТОГИ ТОРГОВОЙ СТРАТЕГИИ
🎯 ============================================================

💰 ФИНАНСОВЫЕ РЕЗУЛЬТАТЫ:
   • Общий P&L:                          276
   • Максимальная просадка:             -510
   • Средний дневной P&L:                  2

📈 МЕТРИКИ РИСКА:
   • Коэффициент Шарпа:               1.2059
   • Волатильность P&L:                51.68
   • Процент прибыльных дней:         58.94%

🔄 ТОРГОВАЯ АКТИВНОСТЬ:
   • Всего торговых дней:                151
   • Всего сделок:                     6,871
   • Торгуемых пар:                       69
   • Сделок на пару:                    47.4
   • Успешность сделок:               0.85%

💸 РАСХОДЫ И ЭКСТРЕМУМЫ:
   • Общие расходы:                      324
   • Максимальная прибыль:               147
   • Максимальный убыток:               -345
   • Лучшая пара (P&L):                  202
   • Худшая пара (P&L):                 -253

📊 ОЦЕНКА СТРАТЕГИИ:
   ✅ ОТЛИЧНАЯ стратегия! Высокий Шарп и положительный результат

🎯 ============================================================

Annualized Sharpe Ratio: 1.205852931552545
[run_wfa_fullcpu] end: 2026-01-23T11:54:44Z
