[run_wfa_queue] 2026-01-23T14:56:01Z cmd: /opt/coint4/coint4/run_wfa_fullcpu.sh configs/budget_20260123_1000_capsweep_oos20240101_20240630_top50_maxnot40_riskfine2_minnotgrid_maxpairsgrid/stress_relaxed8_nokpss_20260123_oos20240101_20240630_top50_z1p00_exit0p06_hold180_cd180_ms0p2_cap1000_maxnot40_risk0p019_minnot15_maxpairs15.yaml artifacts/wfa/runs/20260123_budget1000_oos20240101_20240630_top50_maxnot40_riskfine2_minnotgrid_maxpairsgrid/stress_relaxed8_nokpss_20260123_oos20240101_20240630_top50_z1p00_exit0p06_hold180_cd180_ms0p2_cap1000_maxnot40_risk0p019_minnot15_maxpairs15
[run_wfa_fullcpu] start: 2026-01-23T14:56:01Z
[run_wfa_fullcpu] os.cpu_count: 8
[run_wfa_fullcpu] worker_pid=10930
2026-01-23 14:56:04,145 - coint2.core.memory_optimization - INFO - ✅ BLAS threading limits set to 1 via threadpoolctl
2026-01-23 14:56:04,146 - coint2.core.memory_optimization - INFO - 🔧 Controlled libraries: openblas, openmp
2026-01-23 14:56:04,146 - coint2.core.memory_optimization - INFO - 🧵 Process threads: 2 → 2
2026-01-23 14:56:04,146 - coint2.core.memory_optimization - INFO - 📝 Set 11 environment variables
2026-01-23 14:56:04,482 - INFO - ✅ Параметры конфигурации валидны
2026-01-23 14:56:04,483 - INFO - 📝 Некоторые параметры были скорректированы:
2026-01-23 14:56:04,636 - INFO - 🔒 WFA: фиксированный universe из artifacts/universe/20260119_relaxed8_strict_preholdout_v2/pairs_universe.yaml (250 пар)
2026-01-23 14:56:04,636 - INFO -   Шаг 1: тренировка 2023-10-03-2023-12-31, тест 2024-01-01-2024-01-31
2026-01-23 14:56:04,637 - INFO -   Шаг 2: тренировка 2023-11-02-2024-01-30, тест 2024-01-31-2024-03-01
2026-01-23 14:56:04,637 - INFO -   Шаг 3: тренировка 2023-12-02-2024-02-29, тест 2024-03-01-2024-03-31
2026-01-23 14:56:04,637 - INFO -   Шаг 4: тренировка 2024-01-01-2024-03-30, тест 2024-03-31-2024-04-30
2026-01-23 14:56:04,637 - INFO -   Шаг 5: тренировка 2024-01-31-2024-04-29, тест 2024-04-30-2024-05-30
2026-01-23 14:56:04,637 - INFO -   Шаг 6: тренировка 2024-03-01-2024-05-29, тест 2024-05-30-2024-06-29
2026-01-23 14:56:04,637 - INFO -   Шаг 7: тренировка 2024-03-31-2024-06-28, тест 2024-06-29-2024-07-29
2026-01-23 14:56:04,637 - INFO - 📈 Запланировано 7 walk-forward шагов
2026-01-23 14:56:04,637 - INFO - ⛔ Ограничение WFA шагов: 7 → 3
2026-01-23 14:56:04,637 - WARNING - ⚠️ Маленький буфер между training и testing в шаге 1: 0 дней. Рекомендуется минимум 1 день.
2026-01-23 14:56:04,637 - WARNING - ⚠️ Маленький буфер между training и testing в шаге 2: 0 дней. Рекомендуется минимум 1 день.
2026-01-23 14:56:04,637 - WARNING - ⚠️ Маленький буфер между training и testing в шаге 3: 0 дней. Рекомендуется минимум 1 день.
2026-01-23 14:56:04,637 - INFO - ✅ Шаги успешно запланированы:
2026-01-23 14:56:04,637 - INFO -    Шаг 1: тренировка 2023-10-03-2023-12-31, тест 2024-01-01-2024-01-31
2026-01-23 14:56:04,637 - INFO -    Шаг 2: тренировка 2023-11-02-2024-01-30, тест 2024-01-31-2024-03-01
2026-01-23 14:56:04,637 - INFO -    Шаг 3: тренировка 2023-12-02-2024-02-29, тест 2024-03-01-2024-03-31
2026-01-23 14:56:04,637 - INFO - 🗂️ Consolidating price data for memory-mapped access...
2026-01-23 14:56:04,637 - INFO - 📊 Consolidating data range: 2023-09-28 → 2024-04-05
2026-01-23 14:56:04,637 - coint2.core.memory_optimization - INFO - 🔄 Consolidating price data from data_downloaded to .cache/consolidated_prices.parquet
2026-01-23 14:56:04,638 - INFO - ⇢ loading raw data for consolidation — start
2026-01-23 14:56:05,179 - INFO - ⇠ loading raw data for consolidation — done in 0.54s
2026-01-23 14:56:05,179 - INFO - ⇢ pivoting data to wide format — start
2026-01-23 14:56:09,112 - INFO - ⇠ pivoting data to wide format — done in 3.93s
2026-01-23 14:56:09,165 - coint2.core.memory_optimization - INFO - 📊 Consolidated data: 18241 rows × 366 symbols
2026-01-23 14:56:09,166 - coint2.core.memory_optimization - INFO - 💾 Memory usage: 26.9 MB
2026-01-23 14:56:09,166 - INFO - ⇢ writing consolidated Parquet file — start
2026-01-23 14:56:09,371 - INFO - ⇠ writing consolidated Parquet file — done in 0.21s
2026-01-23 14:56:09,371 - coint2.core.memory_optimization - INFO - ✅ Successfully consolidated data to .cache/consolidated_prices.parquet
2026-01-23 14:56:09,395 - coint2.core.memory_optimization - INFO - 🔄 Initializing memory-mapped price data from .cache/consolidated_prices.parquet
2026-01-23 14:56:09,395 - INFO - ⇢ loading memory-mapped data — start
2026-01-23 14:56:09,395 - coint2.core.memory_optimization - WARNING - ⚠️ memory_map не поддерживается в текущей версии pyarrow, fallback без mmap
2026-01-23 14:56:09,512 - INFO - ⇠ loading memory-mapped data — done in 0.12s
2026-01-23 14:56:09,523 - coint2.core.memory_optimization - INFO - 📊 Loaded 18241 rows × 366 symbols
2026-01-23 14:56:09,523 - coint2.core.memory_optimization - INFO - 💾 Memory usage: 26.9 MB (memory-mapped)
2026-01-23 14:56:09,525 - INFO - ✅ Memory-mapped data initialized successfully
2026-01-23 14:56:09,526 - INFO - ⇢ Walk-forward steps — starting 3 items
2026-01-23 14:56:09,526 - INFO - 📈 Инициализация equity кривой с первой тестовой даты: 2024-01-01 00:00:00
2026-01-23 14:56:09,526 - INFO - 🔍 WF-шаг 1/3: Валидация временных окон...
2026-01-23 14:56:09,527 - INFO - ⇢ WF-шаг 1/3: training 2023-10-03-2023-12-31, testing 2024-01-01-2024-01-31 — start
2026-01-23 14:56:09,527 - INFO - ⇢ loading step data — start
2026-01-23 14:56:09,752 - INFO - ⇠ loading step data — done in 0.22s
2026-01-23 14:56:11,836 - INFO - 📊 WF-шаг 1/3: Границы данных:
2026-01-23 14:56:11,837 - INFO -    Training: 2023-10-03 00:00:00 → 2023-12-31 23:45:00 (8,640 строк × 329 символов)
2026-01-23 14:56:11,837 - INFO -    Testing:  2024-01-01 00:00:00 → 2024-01-31 00:00:00 (2,881 строк × 329 символов)
2026-01-23 14:56:11,837 - INFO -    Временной разрыв: 0 days 00:15:00
2026-01-23 14:56:11,878 - INFO - ⇢ normalizing training data — start
2026-01-23 14:56:11,918 - INFO -   Символы с NaN значениями: 53
2026-01-23 14:56:11,918 - INFO -   Применяем метод нормализации: rolling_zscore
2026-01-23 14:56:11,941 - INFO - Символы с недостаточной историей: 50 из 329
2026-01-23 14:56:12,572 - INFO - Символы с NaN после нормализации: 279
2026-01-23 14:56:12,581 - INFO - Удалено 1577 начальных строк с NaN от rolling расчетов
2026-01-23 14:56:12,584 - INFO - Итоговое количество символов после нормализации: 279 из 329
2026-01-23 14:56:12,584 - INFO -   Статистика нормализации:
2026-01-23 14:56:12,584 - INFO -     Исходные символы: 329
2026-01-23 14:56:12,584 - INFO -     Недостаточная история: 50
2026-01-23 14:56:12,584 - INFO -     Постоянная цена: 0
2026-01-23 14:56:12,584 - INFO -     NaN после нормализации: 279
2026-01-23 14:56:12,584 - INFO -     Итоговые символы: 279 (84.8%)
2026-01-23 14:56:12,584 - INFO -   После нормализации: 279 символов (потеряно 50)
2026-01-23 14:56:12,584 - INFO -   Отброшено много символов: 50 из 329
2026-01-23 14:56:12,584 - INFO - ⇠ normalizing training data — done in 0.71s
2026-01-23 14:56:12,584 - INFO -   Фиксированный universe: 234 пар (отфильтровано 16 недоступных)
2026-01-23 14:56:12,584 - INFO - ⇢ filtering pairs by cointegration and half-life — start
2026-01-23 14:56:12,585 - INFO - [ФИЛЬТР] Параллельная фильтрация: threads (8 workers)
2026-01-23 14:56:18,270 - INFO - [ФИЛЬТР] После проверки данных: 212 пар
2026-01-23 14:56:18,270 - INFO - [ФИЛЬТР] После фильтра корреляции (>0.4): 163 пар
2026-01-23 14:56:18,270 - INFO - [ФИЛЬТР] После фильтра beta: 141 пар
2026-01-23 14:56:18,270 - INFO - [ФИЛЬТР] После фильтра mean crossings: 141 пар
2026-01-23 14:56:18,270 - INFO - [ФИЛЬТР] После фильтра half-life: 141 пар
2026-01-23 14:56:18,270 - INFO - [ФИЛЬТР] После фильтра коинтеграции: 63 пар
2026-01-23 14:56:18,270 - INFO - [ФИЛЬТР] После фильтра Hurst: 48 пар
2026-01-23 14:56:18,270 - INFO - [ФИЛЬТР] После фильтра KPSS: 48 пар
2026-01-23 14:56:18,270 - INFO - [ФИЛЬТР] После фильтра market microstructure: 44 пар
2026-01-23 14:56:18,270 - INFO - [ФИЛЬТР] Статистика фильтрации (оптимизированный порядок):
2026-01-23 14:56:18,270 - INFO -   1. SSD → Коинтеграция: 234 → 63 пар
2026-01-23 14:56:18,270 - INFO -   2. Коинтеграция → Beta: 63 → 141 пар
2026-01-23 14:56:18,270 - INFO -   3. Beta → Half-life: 141 → 141 пар
2026-01-23 14:56:18,270 - INFO -   4. Half-life → Mean crossings: 141 → 141 пар
2026-01-23 14:56:18,270 - INFO -   5. Mean crossings → Hurst: 141 → 48 пар
2026-01-23 14:56:18,271 - INFO -   6. Hurst → KPSS: 48 → 48 пар
2026-01-23 14:56:18,271 - INFO -   7. KPSS → Market microstructure: 48 → 44 пар
2026-01-23 14:56:18,271 - INFO - [ФИЛЬТР] Причины отсева:
2026-01-23 14:56:18,271 - INFO -   • pvalue: 78 пар (33.3%)
2026-01-23 14:56:18,271 - INFO -   • low_correlation: 49 пар (20.9%)
2026-01-23 14:56:18,271 - INFO -   • insufficient_data: 22 пар (9.4%)
2026-01-23 14:56:18,271 - INFO -   • beta: 22 пар (9.4%)
2026-01-23 14:56:18,271 - INFO -   • hurst: 15 пар (6.4%)
2026-01-23 14:56:18,271 - INFO -   • history: 4 пар (1.7%)
2026-01-23 14:56:18,271 - INFO - [ФИЛЬТР] Итого: 234 → 44 пар (18.8% прошли все фильтры)
2026-01-23 14:56:18,274 - INFO - Причины отсева сохранены в results/filter_reasons_20260123_145618.csv
2026-01-23 14:56:18,274 - INFO -   Pair stability filter: insufficient history (0 < 1), skip
2026-01-23 14:56:18,274 - INFO -   Фильтрация: 234 → 44 пар
2026-01-23 14:56:18,274 - INFO - ⇠ filtering pairs by cointegration and half-life — done in 5.69s
2026-01-23 14:56:18,274 - INFO - ⇠ WF-шаг 1/3: training 2023-10-03-2023-12-31, testing 2024-01-01-2024-01-31 — done in 8.75s
2026-01-23 14:56:18,274 - INFO -   Ограничение max_pairs=15: 44 → 15
2026-01-23 14:56:18,274 - INFO -   Топ-3 пары по волатильности спреда:
2026-01-23 14:56:18,274 - INFO -     1. BTCDAI-BTCEUR: beta=1.1665, std=409.8237
2026-01-23 14:56:18,274 - INFO -     2. ETHDAI-ETHEUR: beta=1.1882, std=22.0629
2026-01-23 14:56:18,274 - INFO -     3. BTCUSDC-BTCUSDT: beta=0.9998, std=13.3093
2026-01-23 14:56:18,274 - INFO -   Всего пар для торговли: 15 (ограничение 15 применяется к одновременно открытым позициям)
2026-01-23 14:56:18,275 - INFO -   💰 Проверка расчета капитала: equity=$1,000.00, кандидатных_пар=15, max_позиций=15
2026-01-23 14:56:18,275 - INFO -   🎯 Target concurrency: 15 (ожидаемое одновременное число позиций)
2026-01-23 14:56:18,275 - INFO -   📊 Детали расчета капитала:
2026-01-23 14:56:18,275 - INFO -      • Базовый капитал на пару: $66.67 (equity / target_concurrency)
2026-01-23 14:56:18,275 - INFO -      • Риск-капитал: $19.00 (1.9% от equity)
2026-01-23 14:56:18,275 - INFO -      • Макс. размер позиции: $50.00 (5.0% от equity)
2026-01-23 14:56:18,275 - INFO -      • Итоговый капитал на пару: $19.00
2026-01-23 14:56:18,275 - INFO - ⇢ WF-шаг 1/3 backtests — starting 15 items
2026-01-23 14:56:18,275 - INFO - 🚀 WF-шаг 1/3: Начинаем бэктесты для 15 пар...
2026-01-23 14:56:18,275 - INFO - 🚀 WF-шаг 1/3: Запускаем параллельную обработку 15 пар на 8 ядрах...
2026-01-23 14:56:18,275 - INFO - 🚀 WF-шаг 1/3: Режим параллельности: процессы
⚙️  Загрузка данных за период: 2023-09-28 -> 2024-04-05
📂 Найдено 43 parquet файлов для обработки.
📊 Схема данных: Schema({'timestamp': Int64, 'open': Float64, 'high': Float64, 'low': Float64, 'close': Float64, 'volume': Float64, 'turnover': String, 'ts_ms': Int64, 'symbol': String})
✅ Загружено 5719620 записей с помощью Polars.
📊 Типы данных в pandas: timestamp       datetime64[us]
symbol                  object
close                  float64
timestamp_ms             int64
dtype: object
⚙️  Загрузка данных за период: 2023-10-03 -> 2024-01-31
📂 Найдено 43 parquet файлов для обработки.
📊 Схема данных: Schema({'timestamp': Int64, 'open': Float64, 'high': Float64, 'low': Float64, 'close': Float64, 'volume': Float64, 'turnover': String, 'ts_ms': Int64, 'symbol': String})
✅ Загружено 3426589 записей с помощью Polars.
📊 Типы данных в pandas: timestamp       datetime64[us]
symbol                  object
close                  float64
timestamp_ms             int64
dtype: object
2026-01-23 14:56:18,337 - coint2.engine.numba_engine - INFO - Запуск Numba-оптимизированного бэктеста для BTCDAI-BTCEUR
2026-01-23 14:56:18,365 - coint2.engine.numba_engine - INFO - Запуск Numba-оптимизированного бэктеста для ETHDAI-ETHEUR
2026-01-23 14:56:18,396 - coint2.engine.numba_engine - INFO - Запуск Numba-оптимизированного бэктеста для BTCUSDC-BTCUSDT
2026-01-23 14:56:18,417 - coint2.engine.numba_engine - INFO - Запуск Numba-оптимизированного бэктеста для APEUSDC-HFTUSDC
2026-01-23 14:56:18,418 - coint2.engine.numba_engine - INFO - Запуск Numba-оптимизированного бэктеста для ETCUSDT-JUVUSDT
2026-01-23 14:56:18,445 - coint2.engine.numba_engine - INFO - Запуск Numba-оптимизированного бэктеста для APEUSDT-HFTUSDC
2026-01-23 14:56:18,446 - coint2.engine.numba_engine - INFO - Запуск Numba-оптимизированного бэктеста для ATOMUSDT-GODSUSDT
2026-01-23 14:56:18,473 - coint2.engine.numba_engine - INFO - Запуск Numba-оптимизированного бэктеста для ETHUSDC-ETHUSDT
2026-01-23 14:56:18,480 - coint2.engine.numba_engine - INFO - Запуск Numba-оптимизированного бэктеста для APEUSDC-HFTUSDT
2026-01-23 14:56:18,498 - coint2.engine.numba_engine - INFO - Запуск Numba-оптимизированного бэктеста для APEUSDT-HFTUSDT
2026-01-23 14:56:18,500 - coint2.engine.numba_engine - INFO - Запуск Numba-оптимизированного бэктеста для AXSUSDT-DOTUSDT
2026-01-23 14:56:18,525 - coint2.engine.numba_engine - INFO - Запуск Numba-оптимизированного бэктеста для AGLDUSDT-HFTUSDC
2026-01-23 14:56:18,536 - coint2.engine.numba_engine - INFO - Запуск Numba-оптимизированного бэктеста для AXSUSDT-DOTUSDC
2026-01-23 14:56:18,553 - coint2.engine.numba_engine - INFO - Запуск Numba-оптимизированного бэктеста для AGLDUSDT-HFTUSDT
2026-01-23 14:56:18,611 - coint2.engine.numba_engine - INFO - Запуск Numba-оптимизированного бэктеста для APEUSDC-ATOMUSDT
2026-01-23 14:56:18,664 - INFO -   ⏱️ Параллельная обработка завершена за 0.4с (38.6 пар/с)
2026-01-23 14:56:18,674 - coint2.pipeline.walk_forward_orchestrator - INFO - 🎯 СИМУЛЯЦИЯ ПОРТФЕЛЯ: 15 пар, лимит 15 позиций
2026-01-23 14:56:19,320 - coint2.pipeline.walk_forward_orchestrator - INFO -    📈 Макс. одновременных сигналов: 14
2026-01-23 14:56:19,320 - coint2.pipeline.walk_forward_orchestrator - INFO -    📊 Средн. сигналов за период: 6.3
2026-01-23 14:56:19,320 - coint2.pipeline.walk_forward_orchestrator - INFO -    🎯 Финальных активных позиций: 2
2026-01-23 14:56:19,322 - coint2.pipeline.walk_forward_orchestrator - INFO -    ⚡ Утилизация лимита позиций: 42.1%
2026-01-23 14:56:19,322 - INFO - ⇠ WF-шаг 1/3 backtests — completed 15 items in 1.05s (14.3 items/s)
2026-01-23 14:56:19,323 - INFO -   ✅ Обработка завершена: 15 успешно, 0 с ошибками
2026-01-23 14:56:19,323 - INFO -   📊 Успешность: 100.0%, прибыльность: 73.3%, сделок/пара: 52.7
2026-01-23 14:56:19,323 - INFO -   ✅ Завершены бэктесты для 15 пар
2026-01-23 14:56:19,323 - INFO -   📊 Всего обработано пар в этом шаге: 15
2026-01-23 14:56:19,323 - INFO -   📈 Результаты шага: 11/15 прибыльных пар, 790 сделок
2026-01-23 14:56:19,323 - INFO -   💰 P&L шага: $+402.91
2026-01-23 14:56:19,323 - INFO -   ⇢ Обновление капитала и дневного P&L...
2026-01-23 14:56:20,489 - INFO -   💼 Шаг P&L: $+402.91, Накопленный капитал: $1,402.91
2026-01-23 14:56:20,489 - INFO - ------------------------------------------------------------
2026-01-23 14:56:20,489 - INFO -   Walk-forward steps: 1 / 3 (33.3%) | 0.1 items/s | ETA: 21.9s
2026-01-23 14:56:20,489 - INFO - 🔍 WF-шаг 2/3: Валидация временных окон...
2026-01-23 14:56:20,490 - INFO - ⇢ WF-шаг 2/3: training 2023-11-02-2024-01-30, testing 2024-01-31-2024-03-01 — start
2026-01-23 14:56:20,490 - INFO - ⇢ loading step data — start
2026-01-23 14:56:20,756 - INFO - ⇠ loading step data — done in 0.27s
2026-01-23 14:56:22,633 - INFO - 📊 WF-шаг 2/3: Границы данных:
2026-01-23 14:56:22,634 - INFO -    Training: 2023-11-02 00:00:00 → 2024-01-30 23:45:00 (8,640 строк × 346 символов)
2026-01-23 14:56:22,634 - INFO -    Testing:  2024-01-31 00:00:00 → 2024-03-01 00:00:00 (2,881 строк × 346 символов)
2026-01-23 14:56:22,634 - INFO -    Временной разрыв: 0 days 00:15:00
2026-01-23 14:56:22,878 - INFO - ⇢ normalizing training data — start
2026-01-23 14:56:22,921 - INFO -   Символы с NaN значениями: 63
2026-01-23 14:56:22,921 - INFO -   Применяем метод нормализации: rolling_zscore
2026-01-23 14:56:22,946 - INFO - Символы с недостаточной историей: 58 из 346
2026-01-23 14:56:23,577 - INFO - Символы с NaN после нормализации: 288
2026-01-23 14:56:23,586 - INFO - Удалено 1193 начальных строк с NaN от rolling расчетов
2026-01-23 14:56:23,588 - INFO - Итоговое количество символов после нормализации: 288 из 346
2026-01-23 14:56:23,589 - INFO -   Статистика нормализации:
2026-01-23 14:56:23,589 - INFO -     Исходные символы: 346
2026-01-23 14:56:23,589 - INFO -     Недостаточная история: 58
2026-01-23 14:56:23,589 - INFO -     Постоянная цена: 0
2026-01-23 14:56:23,589 - INFO -     NaN после нормализации: 288
2026-01-23 14:56:23,589 - INFO -     Итоговые символы: 288 (83.2%)
2026-01-23 14:56:23,589 - INFO -   После нормализации: 288 символов (потеряно 58)
2026-01-23 14:56:23,589 - INFO -   Отброшено много символов: 58 из 346
2026-01-23 14:56:23,589 - INFO - ⇠ normalizing training data — done in 0.71s
2026-01-23 14:56:23,589 - INFO -   Фиксированный universe: 246 пар (отфильтровано 4 недоступных)
2026-01-23 14:56:23,589 - INFO - ⇢ filtering pairs by cointegration and half-life — start
2026-01-23 14:56:23,590 - INFO - [ФИЛЬТР] Параллельная фильтрация: threads (8 workers)
2026-01-23 14:56:29,377 - INFO - [ФИЛЬТР] После проверки данных: 218 пар
2026-01-23 14:56:29,378 - INFO - [ФИЛЬТР] После фильтра корреляции (>0.4): 122 пар
2026-01-23 14:56:29,378 - INFO - [ФИЛЬТР] После фильтра beta: 108 пар
2026-01-23 14:56:29,378 - INFO - [ФИЛЬТР] После фильтра mean crossings: 108 пар
2026-01-23 14:56:29,378 - INFO - [ФИЛЬТР] После фильтра half-life: 108 пар
2026-01-23 14:56:29,378 - INFO - [ФИЛЬТР] После фильтра коинтеграции: 72 пар
2026-01-23 14:56:29,378 - INFO - [ФИЛЬТР] После фильтра Hurst: 55 пар
2026-01-23 14:56:29,378 - INFO - [ФИЛЬТР] После фильтра KPSS: 55 пар
2026-01-23 14:56:29,378 - INFO - [ФИЛЬТР] После фильтра market microstructure: 49 пар
2026-01-23 14:56:29,378 - INFO - [ФИЛЬТР] Статистика фильтрации (оптимизированный порядок):
2026-01-23 14:56:29,378 - INFO -   1. SSD → Коинтеграция: 246 → 72 пар
2026-01-23 14:56:29,378 - INFO -   2. Коинтеграция → Beta: 72 → 108 пар
2026-01-23 14:56:29,378 - INFO -   3. Beta → Half-life: 108 → 108 пар
2026-01-23 14:56:29,378 - INFO -   4. Half-life → Mean crossings: 108 → 108 пар
2026-01-23 14:56:29,378 - INFO -   5. Mean crossings → Hurst: 108 → 55 пар
2026-01-23 14:56:29,378 - INFO -   6. Hurst → KPSS: 55 → 55 пар
2026-01-23 14:56:29,378 - INFO -   7. KPSS → Market microstructure: 55 → 49 пар
2026-01-23 14:56:29,378 - INFO - [ФИЛЬТР] Причины отсева:
2026-01-23 14:56:29,378 - INFO -   • low_correlation: 96 пар (39.0%)
2026-01-23 14:56:29,378 - INFO -   • pvalue: 36 пар (14.6%)
2026-01-23 14:56:29,378 - INFO -   • insufficient_data: 28 пар (11.4%)
2026-01-23 14:56:29,378 - INFO -   • hurst: 17 пар (6.9%)
2026-01-23 14:56:29,378 - INFO -   • beta: 14 пар (5.7%)
2026-01-23 14:56:29,378 - INFO -   • history: 6 пар (2.4%)
2026-01-23 14:56:29,378 - INFO - [ФИЛЬТР] Итого: 246 → 49 пар (19.9% прошли все фильтры)
2026-01-23 14:56:29,380 - INFO - Причины отсева сохранены в results/filter_reasons_20260123_145629.csv
2026-01-23 14:56:29,381 - INFO -   Pair stability filter: 49 → 31 (window=2, min_steps=1, history=1)
2026-01-23 14:56:29,381 - INFO -   Фильтрация: 246 → 31 пар
2026-01-23 14:56:29,381 - INFO - ⇠ filtering pairs by cointegration and half-life — done in 5.79s
2026-01-23 14:56:29,381 - INFO - ⇠ WF-шаг 2/3: training 2023-11-02-2024-01-30, testing 2024-01-31-2024-03-01 — done in 8.89s
2026-01-23 14:56:29,381 - INFO -   Ограничение max_pairs=15: 31 → 15
2026-01-23 14:56:29,381 - INFO -   Топ-3 пары по волатильности спреда:
2026-01-23 14:56:29,381 - INFO -     1. BTCDAI-BTCEUR: beta=1.1459, std=574.8675
2026-01-23 14:56:29,381 - INFO -     2. ETHDAI-ETHEUR: beta=1.1311, std=22.8903
2026-01-23 14:56:29,381 - INFO -     3. BTCUSDC-BTCUSDT: beta=0.9990, std=20.6114
2026-01-23 14:56:29,381 - INFO -   Всего пар для торговли: 15 (ограничение 15 применяется к одновременно открытым позициям)
2026-01-23 14:56:29,382 - INFO -   💰 Проверка расчета капитала: equity=$1,402.91, кандидатных_пар=15, max_позиций=15
2026-01-23 14:56:29,382 - INFO -   🎯 Target concurrency: 15 (ожидаемое одновременное число позиций)
2026-01-23 14:56:29,382 - INFO -   📊 Детали расчета капитала:
2026-01-23 14:56:29,382 - INFO -      • Базовый капитал на пару: $93.53 (equity / target_concurrency)
2026-01-23 14:56:29,382 - INFO -      • Риск-капитал: $26.66 (1.9% от equity)
2026-01-23 14:56:29,382 - INFO -      • Макс. размер позиции: $70.15 (5.0% от equity)
2026-01-23 14:56:29,382 - INFO -      • Итоговый капитал на пару: $26.66
2026-01-23 14:56:29,382 - INFO - ⇢ WF-шаг 2/3 backtests — starting 15 items
2026-01-23 14:56:29,382 - INFO - 🚀 WF-шаг 2/3: Начинаем бэктесты для 15 пар...
2026-01-23 14:56:29,382 - INFO - 🚀 WF-шаг 2/3: Запускаем параллельную обработку 15 пар на 8 ядрах...
2026-01-23 14:56:29,382 - INFO - 🚀 WF-шаг 2/3: Режим параллельности: процессы
⚙️  Загрузка данных за период: 2023-11-02 -> 2024-03-01
📂 Найдено 43 parquet файлов для обработки.
📊 Схема данных: Schema({'timestamp': Int64, 'open': Float64, 'high': Float64, 'low': Float64, 'close': Float64, 'volume': Float64, 'turnover': String, 'ts_ms': Int64, 'symbol': String})
✅ Загружено 3596229 записей с помощью Polars.
📊 Типы данных в pandas: timestamp       datetime64[us]
symbol                  object
close                  float64
timestamp_ms             int64
dtype: object
2026-01-23 14:56:29,444 - coint2.engine.numba_engine - INFO - Запуск Numba-оптимизированного бэктеста для BTCDAI-BTCEUR
2026-01-23 14:56:29,472 - coint2.engine.numba_engine - INFO - Запуск Numba-оптимизированного бэктеста для ETHDAI-ETHEUR
2026-01-23 14:56:29,503 - coint2.engine.numba_engine - INFO - Запуск Numba-оптимизированного бэктеста для BTCUSDC-BTCUSDT
2026-01-23 14:56:29,530 - coint2.engine.numba_engine - INFO - Запуск Numba-оптимизированного бэктеста для AGLDUSDT-HFTUSDT
2026-01-23 14:56:29,536 - coint2.engine.numba_engine - INFO - Запуск Numba-оптимизированного бэктеста для ETHUSDC-ETHUSDT
2026-01-23 14:56:29,554 - coint2.engine.numba_engine - INFO - Запуск Numba-оптимизированного бэктеста для APEUSDC-HFTUSDT
2026-01-23 14:56:29,561 - coint2.engine.numba_engine - INFO - Запуск Numba-оптимизированного бэктеста для ATOMUSDT-GODSUSDT
2026-01-23 14:56:29,586 - coint2.engine.numba_engine - INFO - Запуск Numba-оптимизированного бэктеста для APEUSDC-HFTUSDC
2026-01-23 14:56:29,593 - coint2.engine.numba_engine - INFO - Запуск Numba-оптимизированного бэктеста для AXSUSDT-DOTUSDT
2026-01-23 14:56:29,620 - coint2.engine.numba_engine - INFO - Запуск Numba-оптимизированного бэктеста для APEUSDT-HFTUSDT
2026-01-23 14:56:29,623 - coint2.engine.numba_engine - INFO - Запуск Numba-оптимизированного бэктеста для AXSUSDT-DOTUSDC
2026-01-23 14:56:29,644 - coint2.engine.numba_engine - INFO - Запуск Numba-оптимизированного бэктеста для APEUSDT-HFTUSDC
2026-01-23 14:56:29,671 - coint2.engine.numba_engine - INFO - Запуск Numba-оптимизированного бэктеста для AGLDUSDT-HFTUSDC
2026-01-23 14:56:29,676 - coint2.engine.numba_engine - INFO - Запуск Numba-оптимизированного бэктеста для APEUSDC-ATOMUSDT
2026-01-23 14:56:29,705 - coint2.engine.numba_engine - INFO - Запуск Numba-оптимизированного бэктеста для APEUSDT-ATOMUSDT
2026-01-23 14:56:29,805 - INFO -   ⏱️ Параллельная обработка завершена за 0.4с (35.5 пар/с)
2026-01-23 14:56:29,816 - coint2.pipeline.walk_forward_orchestrator - INFO - 🎯 СИМУЛЯЦИЯ ПОРТФЕЛЯ: 15 пар, лимит 15 позиций
2026-01-23 14:56:30,495 - coint2.pipeline.walk_forward_orchestrator - INFO -    📈 Макс. одновременных сигналов: 15
2026-01-23 14:56:30,495 - coint2.pipeline.walk_forward_orchestrator - INFO -    📊 Средн. сигналов за период: 6.6
2026-01-23 14:56:30,495 - coint2.pipeline.walk_forward_orchestrator - INFO -    🎯 Финальных активных позиций: 3
2026-01-23 14:56:30,497 - coint2.pipeline.walk_forward_orchestrator - INFO -    ⚡ Утилизация лимита позиций: 43.8%
2026-01-23 14:56:30,497 - INFO - ⇠ WF-шаг 2/3 backtests — completed 15 items in 1.12s (13.5 items/s)
2026-01-23 14:56:30,497 - INFO -   ✅ Обработка завершена: 15 успешно, 0 с ошибками
2026-01-23 14:56:30,497 - INFO -   📊 Успешность: 100.0%, прибыльность: 33.3%, сделок/пара: 51.1
2026-01-23 14:56:30,497 - INFO -   ✅ Завершены бэктесты для 15 пар
2026-01-23 14:56:30,497 - INFO -   📊 Всего обработано пар в этом шаге: 15
2026-01-23 14:56:30,497 - INFO -   📈 Результаты шага: 5/15 прибыльных пар, 767 сделок
2026-01-23 14:56:30,497 - INFO -   💰 P&L шага: $-207.60
2026-01-23 14:56:30,498 - INFO -   ⇢ Обновление капитала и дневного P&L...
2026-01-23 14:56:31,759 - INFO -   💼 Шаг P&L: $-207.60, Накопленный капитал: $1,195.32
2026-01-23 14:56:31,759 - INFO - ------------------------------------------------------------
2026-01-23 14:56:31,759 - INFO -   Walk-forward steps: 2 / 3 (66.7%) | 0.1 items/s | ETA: 11.1s
2026-01-23 14:56:31,759 - INFO - 🔍 WF-шаг 3/3: Валидация временных окон...
2026-01-23 14:56:31,760 - INFO - ⇢ WF-шаг 3/3: training 2023-12-02-2024-02-29, testing 2024-03-01-2024-03-31 — start
2026-01-23 14:56:31,760 - INFO - ⇢ loading step data — start
2026-01-23 14:56:32,032 - INFO - ⇠ loading step data — done in 0.27s
2026-01-23 14:56:34,034 - INFO - 📊 WF-шаг 3/3: Границы данных:
2026-01-23 14:56:34,034 - INFO -    Training: 2023-12-02 00:00:00 → 2024-02-29 23:45:00 (8,640 строк × 361 символов)
2026-01-23 14:56:34,034 - INFO -    Testing:  2024-03-01 00:00:00 → 2024-03-31 00:00:00 (2,881 строк × 361 символов)
2026-01-23 14:56:34,035 - INFO -    Временной разрыв: 0 days 00:15:00
2026-01-23 14:56:34,083 - INFO - ⇢ normalizing training data — start
2026-01-23 14:56:34,128 - INFO -   Символы с NaN значениями: 68
2026-01-23 14:56:34,129 - INFO -   Применяем метод нормализации: rolling_zscore
2026-01-23 14:56:34,154 - INFO - Символы с недостаточной историей: 56 из 361
2026-01-23 14:56:34,827 - INFO - Символы с NaN после нормализации: 305
2026-01-23 14:56:34,835 - INFO - Удалено 1673 начальных строк с NaN от rolling расчетов
2026-01-23 14:56:34,838 - INFO - Итоговое количество символов после нормализации: 305 из 361
2026-01-23 14:56:34,838 - INFO -   Статистика нормализации:
2026-01-23 14:56:34,838 - INFO -     Исходные символы: 361
2026-01-23 14:56:34,839 - INFO -     Недостаточная история: 56
2026-01-23 14:56:34,839 - INFO -     Постоянная цена: 0
2026-01-23 14:56:34,839 - INFO -     NaN после нормализации: 305
2026-01-23 14:56:34,839 - INFO -     Итоговые символы: 305 (84.5%)
2026-01-23 14:56:34,839 - INFO -   После нормализации: 305 символов (потеряно 56)
2026-01-23 14:56:34,839 - INFO -   Отброшено много символов: 56 из 361
2026-01-23 14:56:34,839 - INFO - ⇠ normalizing training data — done in 0.76s
2026-01-23 14:56:34,839 - INFO -   Фиксированный universe: 250 пар (отфильтровано 0 недоступных)
2026-01-23 14:56:34,839 - INFO - ⇢ filtering pairs by cointegration and half-life — start
2026-01-23 14:56:34,840 - INFO - [ФИЛЬТР] Параллельная фильтрация: threads (8 workers)
2026-01-23 14:56:42,099 - INFO - [ФИЛЬТР] После проверки данных: 239 пар
2026-01-23 14:56:42,099 - INFO - [ФИЛЬТР] После фильтра корреляции (>0.4): 137 пар
2026-01-23 14:56:42,099 - INFO - [ФИЛЬТР] После фильтра beta: 127 пар
2026-01-23 14:56:42,099 - INFO - [ФИЛЬТР] После фильтра mean crossings: 127 пар
2026-01-23 14:56:42,099 - INFO - [ФИЛЬТР] После фильтра half-life: 127 пар
2026-01-23 14:56:42,099 - INFO - [ФИЛЬТР] После фильтра коинтеграции: 92 пар
2026-01-23 14:56:42,099 - INFO - [ФИЛЬТР] После фильтра Hurst: 76 пар
2026-01-23 14:56:42,099 - INFO - [ФИЛЬТР] После фильтра KPSS: 76 пар
2026-01-23 14:56:42,099 - INFO - [ФИЛЬТР] После фильтра market microstructure: 68 пар
2026-01-23 14:56:42,099 - INFO - [ФИЛЬТР] Статистика фильтрации (оптимизированный порядок):
2026-01-23 14:56:42,099 - INFO -   1. SSD → Коинтеграция: 250 → 92 пар
2026-01-23 14:56:42,099 - INFO -   2. Коинтеграция → Beta: 92 → 127 пар
2026-01-23 14:56:42,099 - INFO -   3. Beta → Half-life: 127 → 127 пар
2026-01-23 14:56:42,099 - INFO -   4. Half-life → Mean crossings: 127 → 127 пар
2026-01-23 14:56:42,099 - INFO -   5. Mean crossings → Hurst: 127 → 76 пар
2026-01-23 14:56:42,099 - INFO -   6. Hurst → KPSS: 76 → 76 пар
2026-01-23 14:56:42,099 - INFO -   7. KPSS → Market microstructure: 76 → 68 пар
2026-01-23 14:56:42,099 - INFO - [ФИЛЬТР] Причины отсева:
2026-01-23 14:56:42,099 - INFO -   • low_correlation: 102 пар (40.8%)
2026-01-23 14:56:42,099 - INFO -   • pvalue: 35 пар (14.0%)
2026-01-23 14:56:42,099 - INFO -   • hurst: 16 пар (6.4%)
2026-01-23 14:56:42,099 - INFO -   • insufficient_data: 11 пар (4.4%)
2026-01-23 14:56:42,099 - INFO -   • beta: 10 пар (4.0%)
2026-01-23 14:56:42,099 - INFO -   • history: 8 пар (3.2%)
2026-01-23 14:56:42,099 - INFO - [ФИЛЬТР] Итого: 250 → 68 пар (27.2% прошли все фильтры)
2026-01-23 14:56:42,101 - INFO - Причины отсева сохранены в results/filter_reasons_20260123_145642.csv
2026-01-23 14:56:42,102 - INFO -   Pair stability filter: 68 → 29 (window=2, min_steps=1, history=2)
2026-01-23 14:56:42,102 - INFO -   Фильтрация: 250 → 29 пар
2026-01-23 14:56:42,102 - INFO - ⇠ filtering pairs by cointegration and half-life — done in 7.26s
2026-01-23 14:56:42,102 - INFO - ⇠ WF-шаг 3/3: training 2023-12-02-2024-02-29, testing 2024-03-01-2024-03-31 — done in 10.34s
2026-01-23 14:56:42,102 - INFO -   Ограничение max_pairs=15: 29 → 15
2026-01-23 14:56:42,102 - INFO -   Топ-3 пары по волатильности спреда:
2026-01-23 14:56:42,102 - INFO -     1. BTCDAI-BTCEUR: beta=1.0480, std=582.7625
2026-01-23 14:56:42,102 - INFO -     2. ETHDAI-ETHEUR: beta=1.0530, std=30.4486
2026-01-23 14:56:42,102 - INFO -     3. ATOMUSDT-GODSUSDT: beta=8.5838, std=0.6434
2026-01-23 14:56:42,102 - INFO -   Всего пар для торговли: 15 (ограничение 15 применяется к одновременно открытым позициям)
2026-01-23 14:56:42,102 - INFO -   💰 Проверка расчета капитала: equity=$1,195.32, кандидатных_пар=15, max_позиций=15
2026-01-23 14:56:42,103 - INFO -   🎯 Target concurrency: 15 (ожидаемое одновременное число позиций)
2026-01-23 14:56:42,103 - INFO -   📊 Детали расчета капитала:
2026-01-23 14:56:42,103 - INFO -      • Базовый капитал на пару: $79.69 (equity / target_concurrency)
2026-01-23 14:56:42,103 - INFO -      • Риск-капитал: $22.71 (1.9% от equity)
2026-01-23 14:56:42,103 - INFO -      • Макс. размер позиции: $59.77 (5.0% от equity)
2026-01-23 14:56:42,103 - INFO -      • Итоговый капитал на пару: $22.71
2026-01-23 14:56:42,103 - INFO - ⇢ WF-шаг 3/3 backtests — starting 15 items
2026-01-23 14:56:42,103 - INFO - 🚀 WF-шаг 3/3: Начинаем бэктесты для 15 пар...
2026-01-23 14:56:42,103 - INFO - 🚀 WF-шаг 3/3: Запускаем параллельную обработку 15 пар на 8 ядрах...
2026-01-23 14:56:42,103 - INFO - 🚀 WF-шаг 3/3: Режим параллельности: процессы
⚙️  Загрузка данных за период: 2023-12-02 -> 2024-03-31
📂 Найдено 43 parquet файлов для обработки.
📊 Схема данных: Schema({'timestamp': Int64, 'open': Float64, 'high': Float64, 'low': Float64, 'close': Float64, 'volume': Float64, 'turnover': String, 'ts_ms': Int64, 'symbol': String})
✅ Загружено 3779046 записей с помощью Polars.
📊 Типы данных в pandas: timestamp       datetime64[us]
symbol                  object
close                  float64
timestamp_ms             int64
dtype: object
2026-01-23 14:56:42,166 - coint2.engine.numba_engine - INFO - Запуск Numba-оптимизированного бэктеста для BTCDAI-BTCEUR
2026-01-23 14:56:42,197 - coint2.engine.numba_engine - INFO - Запуск Numba-оптимизированного бэктеста для ETHDAI-ETHEUR
2026-01-23 14:56:42,229 - coint2.engine.numba_engine - INFO - Запуск Numba-оптимизированного бэктеста для ATOMUSDT-GODSUSDT
2026-01-23 14:56:42,248 - coint2.engine.numba_engine - INFO - Запуск Numba-оптимизированного бэктеста для APEUSDC-HFTUSDC
2026-01-23 14:56:42,261 - coint2.engine.numba_engine - INFO - Запуск Numba-оптимизированного бэктеста для ATOMUSDT-KCALUSDT
2026-01-23 14:56:42,280 - coint2.engine.numba_engine - INFO - Запуск Numba-оптимизированного бэктеста для APEUSDT-HFTUSDC
2026-01-23 14:56:42,293 - coint2.engine.numba_engine - INFO - Запуск Numba-оптимизированного бэктеста для CAKEUSDT-FIDAUSDT
2026-01-23 14:56:42,311 - coint2.engine.numba_engine - INFO - Запуск Numba-оптимизированного бэктеста для APEUSDC-ATOMUSDT
2026-01-23 14:56:42,325 - coint2.engine.numba_engine - INFO - Запуск Numba-оптимизированного бэктеста для APEUSDT-GODSUSDT
2026-01-23 14:56:42,345 - coint2.engine.numba_engine - INFO - Запуск Numba-оптимизированного бэктеста для APEUSDT-ATOMUSDT
2026-01-23 14:56:42,382 - coint2.engine.numba_engine - INFO - Запуск Numba-оптимизированного бэктеста для AGLDUSDT-HFTUSDC
2026-01-23 14:56:42,412 - coint2.engine.numba_engine - INFO - Запуск Numba-оптимизированного бэктеста для AFCUSDT-ANKRUSDT
2026-01-23 14:56:42,416 - coint2.engine.numba_engine - INFO - Запуск Numba-оптимизированного бэктеста для AGLDUSDT-HFTUSDT
2026-01-23 14:56:42,440 - coint2.engine.numba_engine - INFO - Запуск Numba-оптимизированного бэктеста для GODSUSDT-KCALUSDT
2026-01-23 14:56:42,495 - coint2.engine.numba_engine - INFO - Запуск Numba-оптимизированного бэктеста для BICOUSDT-ETHWUSDT
2026-01-23 14:56:42,548 - INFO -   ⏱️ Параллельная обработка завершена за 0.4с (33.7 пар/с)
2026-01-23 14:56:42,570 - coint2.pipeline.walk_forward_orchestrator - INFO - 🎯 СИМУЛЯЦИЯ ПОРТФЕЛЯ: 15 пар, лимит 15 позиций
2026-01-23 14:56:43,241 - coint2.pipeline.walk_forward_orchestrator - INFO -    📈 Макс. одновременных сигналов: 13
2026-01-23 14:56:43,241 - coint2.pipeline.walk_forward_orchestrator - INFO -    📊 Средн. сигналов за период: 6.3
2026-01-23 14:56:43,241 - coint2.pipeline.walk_forward_orchestrator - INFO -    🎯 Финальных активных позиций: 6
2026-01-23 14:56:43,242 - coint2.pipeline.walk_forward_orchestrator - INFO -    ⚡ Утилизация лимита позиций: 42.2%
2026-01-23 14:56:43,243 - INFO - ⇠ WF-шаг 3/3 backtests — completed 15 items in 1.14s (13.2 items/s)
2026-01-23 14:56:43,243 - INFO -   ✅ Обработка завершена: 15 успешно, 0 с ошибками
2026-01-23 14:56:43,243 - INFO -   📊 Успешность: 100.0%, прибыльность: 53.3%, сделок/пара: 51.4
2026-01-23 14:56:43,243 - INFO -   ✅ Завершены бэктесты для 15 пар
2026-01-23 14:56:43,243 - INFO -   📊 Всего обработано пар в этом шаге: 15
2026-01-23 14:56:43,243 - INFO -   📈 Результаты шага: 8/15 прибыльных пар, 771 сделок
2026-01-23 14:56:43,243 - INFO -   💰 P&L шага: $+59.44
2026-01-23 14:56:43,243 - INFO -   ⇢ Обновление капитала и дневного P&L...
2026-01-23 14:56:44,619 - INFO -   💼 Шаг P&L: $+59.44, Накопленный капитал: $1,254.75
2026-01-23 14:56:44,619 - INFO - ------------------------------------------------------------
2026-01-23 14:56:44,619 - INFO -   Walk-forward steps: 3 / 3 (100.0%) | 0.1 items/s | ETA: 0.0s
2026-01-23 14:56:44,619 - INFO - ⇠ Walk-forward steps — completed 3 items in 35.09s (0.1 items/s)
2026-01-23 14:56:44,619 - INFO - ================================================================================
2026-01-23 14:56:44,619 - INFO - 🏁 Walk-forward анализ завершен!
2026-01-23 14:56:44,619 - INFO - ⏱️ Обработано 3 шагов за 2.5 секунд
2026-01-23 14:56:44,619 - INFO - 📊 Всего обработано пар за весь анализ: 45
2026-01-23 14:56:44,619 - INFO - 💰 Финальный капитал: $1,254.75 (было $1,000.00)
2026-01-23 14:56:44,620 - INFO - 📈 Общая доходность: +25.48% ($+254.75)
2026-01-23 14:56:44,620 - INFO - 📊 Всего сделок: 0
2026-01-23 14:56:44,620 - INFO - ================================================================================
2026-01-23 14:56:44,620 - INFO - ✓ Завершены все 3 WF-шагов
2026-01-23 14:56:44,620 - INFO - ⇢ Обработка финальных результатов и расчет метрик...
2026-01-23 14:56:44,620 - INFO - ⇢ processing final results — start
2026-01-23 14:56:44,620 - INFO -   ⇢ Агрегация данных P&L за 8643 торговых дней
2026-01-23 14:56:44,641 - INFO -   ⇢ Расчет базовых метрик производительности...
2026-01-23 14:56:44,642 - INFO -     📊 Данные для анализа: 8643 записей P&L, 8641 точек equity
2026-01-23 14:56:44,644 - INFO -   ⇢ Расчет расширенных метрик (волатильность, Calmar ratio, и др.)...
2026-01-23 14:56:44,644 - INFO -   ✅ Расширенные метрики рассчитаны: 6 показателей
2026-01-23 14:56:44,644 - INFO -   ⇢ Анализ статистики по 45 парам...
2026-01-23 14:56:44,648 - INFO - ✅ Рассчитаны метрики производительности (26 показателей)
2026-01-23 14:56:44,648 - INFO -   💰 Общий P&L: $+254.75
2026-01-23 14:56:44,648 - INFO -   📊 Sharpe Ratio: 1.476
2026-01-23 14:56:44,649 - INFO -   📉 Максимальная просадка: -51715.48%
2026-01-23 14:56:44,649 - INFO -   🔄 Всего сделок: 2328
2026-01-23 14:56:44,649 - INFO -   📈 Торгуемых пар: 22
2026-01-23 14:56:44,649 - INFO -   💸 Общие издержки: $177.90
2026-01-23 14:56:44,649 - coint2.metrics - INFO - Metric: total_pnl
2026-01-23 14:56:44,649 - coint2.metrics - INFO - Metric: sharpe_ratio_abs
2026-01-23 14:56:44,649 - coint2.metrics - INFO - Metric: max_drawdown_pct
2026-01-23 14:56:44,649 - coint2.metrics - INFO - Metric: total_trades
2026-01-23 14:56:44,650 - coint2.metrics - INFO - Metric: total_pairs_traded
2026-01-23 14:56:44,650 - coint2.metrics - INFO - Metric: total_costs
2026-01-23 14:56:44,650 - INFO - ⇠ processing final results — done in 0.03s
2026-01-23 14:56:44,650 - INFO - ⇢ Создание отчетов и сохранение результатов...
2026-01-23 14:56:44,650 - INFO - ⇢ generating reports — start
2026-01-23 14:56:44,650 - INFO -   ⇢ Создание отчета о производительности...
2026-01-23 14:56:50,762 - INFO -   ✓ Отчет о производительности создан
2026-01-23 14:56:50,762 - INFO -   ⇢ Сохранение данных в CSV файлы...
2026-01-23 14:56:50,764 - INFO - 📋 Метрики сохранены: artifacts/wfa/runs/20260123_budget1000_oos20240101_20240630_top50_maxnot40_riskfine2_minnotgrid_maxpairsgrid/stress_relaxed8_nokpss_20260123_oos20240101_20240630_top50_z1p00_exit0p06_hold180_cd180_ms0p2_cap1000_maxnot40_risk0p019_minnot15_maxpairs15/strategy_metrics.csv
2026-01-23 14:56:50,765 - INFO - 📈 Дневные P&L сохранены: artifacts/wfa/runs/20260123_budget1000_oos20240101_20240630_top50_maxnot40_riskfine2_minnotgrid_maxpairsgrid/stress_relaxed8_nokpss_20260123_oos20240101_20240630_top50_z1p00_exit0p06_hold180_cd180_ms0p2_cap1000_maxnot40_risk0p019_minnot15_maxpairs15/daily_pnl.csv (91 записей)
2026-01-23 14:56:50,797 - INFO - 💹 Кривая капитала сохранена: artifacts/wfa/runs/20260123_budget1000_oos20240101_20240630_top50_maxnot40_riskfine2_minnotgrid_maxpairsgrid/stress_relaxed8_nokpss_20260123_oos20240101_20240630_top50_z1p00_exit0p06_hold180_cd180_ms0p2_cap1000_maxnot40_risk0p019_minnot15_maxpairs15/equity_curve.csv (8641 точек)
2026-01-23 14:56:50,800 - INFO - 📋 Статистика сделок сохранена: artifacts/wfa/runs/20260123_budget1000_oos20240101_20240630_top50_maxnot40_riskfine2_minnotgrid_maxpairsgrid/stress_relaxed8_nokpss_20260123_oos20240101_20240630_top50_z1p00_exit0p06_hold180_cd180_ms0p2_cap1000_maxnot40_risk0p019_minnot15_maxpairs15/trade_statistics.csv (45 записей)
2026-01-23 14:56:50,800 - INFO - 🎉 Walk-Forward анализ полностью завершен!
2026-01-23 14:56:50,800 - INFO - 📊 Все отчеты и данные сохранены в: artifacts/wfa/runs/20260123_budget1000_oos20240101_20240630_top50_maxnot40_riskfine2_minnotgrid_maxpairsgrid/stress_relaxed8_nokpss_20260123_oos20240101_20240630_top50_z1p00_exit0p06_hold180_cd180_ms0p2_cap1000_maxnot40_risk0p019_minnot15_maxpairs15
2026-01-23 14:56:50,800 - INFO - 💼 Итоговый капитал: $1,254.75
2026-01-23 14:56:50,800 - INFO - ⏱️  Общее время выполнения: 8.7 секунд
2026-01-23 14:56:50,800 - INFO - ⇠ generating reports — done in 6.15s
2026-01-23 14:56:50,800 - coint2.core.memory_optimization - INFO - 🧹 Cleaning up global price data
2026-01-23 14:56:50,804 - coint2.core.memory_optimization - INFO - 📊 No global rolling stats to clean up
2026-01-23 14:56:50,804 - INFO - 🧹 Memory-mapped data cleaned up
2026-01-23 14:56:50,806 - INFO - ⇠ run_walk_forward_analysis — done in 46.68s
📊 Отчет сохранен: artifacts/wfa/runs/20260123_budget1000_oos20240101_20240630_top50_maxnot40_riskfine2_minnotgrid_maxpairsgrid/stress_relaxed8_nokpss_20260123_oos20240101_20240630_top50_z1p00_exit0p06_hold180_cd180_ms0p2_cap1000_maxnot40_risk0p019_minnot15_maxpairs15/CointegrationStrategy_performance_report.png
🎯 ============================================================
📊 ИТОГИ ТОРГОВОЙ СТРАТЕГИИ
🎯 ============================================================

💰 ФИНАНСОВЫЕ РЕЗУЛЬТАТЫ:
   • Общий P&L:                          255
   • Максимальная просадка:             -517
   • Средний дневной P&L:                  3

📈 МЕТРИКИ РИСКА:
   • Коэффициент Шарпа:               1.4763
   • Волатильность P&L:                74.98
   • Процент прибыльных дней:         50.55%

🔄 ТОРГОВАЯ АКТИВНОСТЬ:
   • Всего торговых дней:                 91
   • Всего сделок:                     2,328
   • Торгуемых пар:                       22
   • Сделок на пару:                    51.7
   • Успешность сделок:               0.94%

💸 РАСХОДЫ И ЭКСТРЕМУМЫ:
   • Общие расходы:                      178
   • Максимальная прибыль:               206
   • Максимальный убыток:               -339
   • Лучшая пара (P&L):                  234
   • Худшая пара (P&L):                 -187

📊 ОЦЕНКА СТРАТЕГИИ:
   ✅ ОТЛИЧНАЯ стратегия! Высокий Шарп и положительный результат

🎯 ============================================================

Annualized Sharpe Ratio: 1.4762617466876102
[run_wfa_fullcpu] end: 2026-01-23T14:56:51Z
