[run_wfa_queue] 2026-01-19T08:47:20Z cmd: /opt/coint4/coint4/run_wfa_fullcpu.sh configs/stability_20260119_relaxed3/stability_relaxed3_20260119_pv0p07_hurst0p62_hl0p02_60_corr0p5_ssd40000_st1.yaml artifacts/wfa/runs/20260119_stability_relaxed3/stability_relaxed3_20260119_pv0p07_hurst0p62_hl0p02_60_corr0p5_ssd40000_st1
[run_wfa_fullcpu] start: 2026-01-19T08:47:20Z
[run_wfa_fullcpu] os.cpu_count: 8
[run_wfa_fullcpu] worker_pid=1279
2026-01-19 08:47:23,545 - coint2.core.memory_optimization - INFO - ✅ BLAS threading limits set to 1 via threadpoolctl
2026-01-19 08:47:23,545 - coint2.core.memory_optimization - INFO - 🔧 Controlled libraries: openblas, openmp
2026-01-19 08:47:23,546 - coint2.core.memory_optimization - INFO - 🧵 Process threads: 2 → 2
2026-01-19 08:47:23,546 - coint2.core.memory_optimization - INFO - 📝 Set 11 environment variables
2026-01-19 08:47:23,933 - INFO - ✅ Параметры конфигурации валидны
2026-01-19 08:47:23,933 - INFO - 📝 Некоторые параметры были скорректированы:
2026-01-19 08:47:23,934 - INFO - 🧭 WFA: динамический отбор пар на каждом шаге
2026-01-19 08:47:23,934 - INFO -   Шаг 1: тренировка 2023-08-02-2023-09-30, тест 2023-10-01-2023-10-31
2026-01-19 08:47:23,934 - INFO -   Шаг 2: тренировка 2023-09-01-2023-10-30, тест 2023-10-31-2023-11-30
2026-01-19 08:47:23,934 - INFO -   Шаг 3: тренировка 2023-10-01-2023-11-29, тест 2023-11-30-2023-12-30
2026-01-19 08:47:23,934 - INFO -   Шаг 4: тренировка 2023-10-31-2023-12-29, тест 2023-12-30-2024-01-29
2026-01-19 08:47:23,934 - INFO -   Шаг 5: тренировка 2023-11-30-2024-01-28, тест 2024-01-29-2024-02-28
2026-01-19 08:47:23,934 - INFO -   Шаг 6: тренировка 2023-12-30-2024-02-27, тест 2024-02-28-2024-03-29
2026-01-19 08:47:23,934 - INFO -   Шаг 7: тренировка 2024-01-29-2024-03-28, тест 2024-03-29-2024-04-28
2026-01-19 08:47:23,934 - INFO -   Шаг 8: тренировка 2024-02-28-2024-04-27, тест 2024-04-28-2024-05-28
2026-01-19 08:47:23,934 - INFO - 📈 Запланировано 8 walk-forward шагов
2026-01-19 08:47:23,934 - INFO - ⛔ Ограничение WFA шагов: 8 → 5
2026-01-19 08:47:23,934 - WARNING - ⚠️ Маленький буфер между training и testing в шаге 1: 0 дней. Рекомендуется минимум 1 день.
2026-01-19 08:47:23,934 - WARNING - ⚠️ Маленький буфер между training и testing в шаге 2: 0 дней. Рекомендуется минимум 1 день.
2026-01-19 08:47:23,934 - WARNING - ⚠️ Маленький буфер между training и testing в шаге 3: 0 дней. Рекомендуется минимум 1 день.
2026-01-19 08:47:23,934 - WARNING - ⚠️ Маленький буфер между training и testing в шаге 4: 0 дней. Рекомендуется минимум 1 день.
2026-01-19 08:47:23,934 - WARNING - ⚠️ Маленький буфер между training и testing в шаге 5: 0 дней. Рекомендуется минимум 1 день.
2026-01-19 08:47:23,934 - INFO - ✅ Шаги успешно запланированы:
2026-01-19 08:47:23,934 - INFO -    Шаг 1: тренировка 2023-08-02-2023-09-30, тест 2023-10-01-2023-10-31
2026-01-19 08:47:23,935 - INFO -    Шаг 2: тренировка 2023-09-01-2023-10-30, тест 2023-10-31-2023-11-30
2026-01-19 08:47:23,935 - INFO -    Шаг 3: тренировка 2023-10-01-2023-11-29, тест 2023-11-30-2023-12-30
2026-01-19 08:47:23,935 - INFO -    Шаг 4: тренировка 2023-10-31-2023-12-29, тест 2023-12-30-2024-01-29
2026-01-19 08:47:23,935 - INFO -    Шаг 5: тренировка 2023-11-30-2024-01-28, тест 2024-01-29-2024-02-28
2026-01-19 08:47:23,935 - INFO - 🗂️ Consolidating price data for memory-mapped access...
2026-01-19 08:47:23,935 - INFO - 📊 Consolidating data range: 2023-07-28 → 2024-03-04
2026-01-19 08:47:23,935 - coint2.core.memory_optimization - INFO - 🔄 Consolidating price data from data_downloaded to .cache/consolidated_prices.parquet
2026-01-19 08:47:23,935 - INFO - ⇢ loading raw data for consolidation — start
2026-01-19 08:47:25,447 - INFO - ⇠ loading raw data for consolidation — done in 1.51s
2026-01-19 08:47:25,447 - INFO - ⇢ pivoting data to wide format — start
2026-01-19 08:47:30,655 - INFO - ⇠ pivoting data to wide format — done in 5.21s
2026-01-19 08:47:30,696 - coint2.core.memory_optimization - INFO - 📊 Consolidated data: 21121 rows × 346 symbols
2026-01-19 08:47:30,696 - coint2.core.memory_optimization - INFO - 💾 Memory usage: 29.4 MB
2026-01-19 08:47:30,696 - INFO - ⇢ writing consolidated Parquet file — start
2026-01-19 08:47:30,902 - INFO - ⇠ writing consolidated Parquet file — done in 0.21s
2026-01-19 08:47:30,902 - coint2.core.memory_optimization - INFO - ✅ Successfully consolidated data to .cache/consolidated_prices.parquet
2026-01-19 08:47:30,929 - coint2.core.memory_optimization - INFO - 🔄 Initializing memory-mapped price data from .cache/consolidated_prices.parquet
2026-01-19 08:47:30,929 - INFO - ⇢ loading memory-mapped data — start
2026-01-19 08:47:30,929 - coint2.core.memory_optimization - WARNING - ⚠️ memory_map не поддерживается в текущей версии pyarrow, fallback без mmap
2026-01-19 08:47:31,061 - INFO - ⇠ loading memory-mapped data — done in 0.13s
2026-01-19 08:47:31,070 - coint2.core.memory_optimization - INFO - 📊 Loaded 21121 rows × 346 symbols
2026-01-19 08:47:31,070 - coint2.core.memory_optimization - INFO - 💾 Memory usage: 29.4 MB (memory-mapped)
2026-01-19 08:47:31,071 - INFO - ✅ Memory-mapped data initialized successfully
2026-01-19 08:47:31,073 - INFO - ⇢ Walk-forward steps — starting 5 items
2026-01-19 08:47:31,073 - INFO - 📈 Инициализация equity кривой с первой тестовой даты: 2023-10-01 00:00:00
2026-01-19 08:47:31,073 - INFO - 🔍 WF-шаг 1/5: Валидация временных окон...
2026-01-19 08:47:31,074 - INFO - ⇢ WF-шаг 1/5: training 2023-08-02-2023-09-30, testing 2023-10-01-2023-10-31 — start
2026-01-19 08:47:31,074 - INFO - ⇢ loading step data — start
2026-01-19 08:47:31,226 - INFO - ⇠ loading step data — done in 0.15s
2026-01-19 08:47:32,504 - INFO - 📊 WF-шаг 1/5: Границы данных:
2026-01-19 08:47:32,504 - INFO -    Training: 2023-08-02 00:00:00 → 2023-09-30 23:45:00 (5,760 строк × 282 символов)
2026-01-19 08:47:32,504 - INFO -    Testing:  2023-10-01 00:00:00 → 2023-10-31 00:00:00 (2,881 строк × 282 символов)
2026-01-19 08:47:32,504 - INFO -    Временной разрыв: 0 days 00:15:00
2026-01-19 08:47:32,540 - INFO - ⇢ normalizing training data — start
2026-01-19 08:47:32,572 - INFO -   Символы с NaN значениями: 20
2026-01-19 08:47:32,572 - INFO -   Применяем метод нормализации: rolling_zscore
2026-01-19 08:47:32,586 - INFO - Символы с недостаточной историей: 20 из 282
2026-01-19 08:47:32,936 - INFO - Символы с NaN после нормализации: 262
2026-01-19 08:47:32,942 - INFO - Удалено 1 начальных строк с NaN от rolling расчетов
2026-01-19 08:47:32,945 - INFO - Итоговое количество символов после нормализации: 262 из 282
2026-01-19 08:47:32,945 - INFO -   Статистика нормализации:
2026-01-19 08:47:32,945 - INFO -     Исходные символы: 282
2026-01-19 08:47:32,945 - INFO -     Недостаточная история: 20
2026-01-19 08:47:32,945 - INFO -     Постоянная цена: 0
2026-01-19 08:47:32,945 - INFO -     NaN после нормализации: 262
2026-01-19 08:47:32,945 - INFO -     Итоговые символы: 262 (92.9%)
2026-01-19 08:47:32,945 - INFO -   После нормализации: 262 символов (потеряно 20)
2026-01-19 08:47:32,945 - INFO -   Отброшенные символы: ADAEUR, BEAMUSDT, BTCEUR, CYBERUSDT, DOGEEUR, ETHEUR, FETUSDT, JEFFUSDT, KASUSDT, KAVAUSDT, LTCEUR, ORDIUSDT, POLUSDT, PPTUSDT, PYUSDUSDT, SEIUSDT, SOLEUR, USDCEUR, XRPEUR, ZTXUSDT
2026-01-19 08:47:32,945 - INFO - ⇠ normalizing training data — done in 0.41s
2026-01-19 08:47:32,945 - INFO - ⇢ SSD computation — start
2026-01-19 08:47:32,945 - INFO -   Расчет SSD для всех пар (без ограничения)
2026-01-19 08:47:38,767 - INFO -   SSD результат (все пары): 34191 пар
2026-01-19 08:47:38,767 - INFO - ⇠ SSD computation — done in 5.82s
2026-01-19 08:47:38,776 - INFO - ⇢ filtering pairs by cointegration and half-life — start
2026-01-19 08:47:38,776 - INFO - [ФИЛЬТР] Параллельная фильтрация: processes (8 workers)
⚙️  Загрузка данных за период: 2023-07-28 -> 2024-03-04
📂 Найдено 43 parquet файлов для обработки.
📊 Схема данных: Schema({'timestamp': Int64, 'open': Float64, 'high': Float64, 'low': Float64, 'close': Float64, 'volume': Float64, 'turnover': String, 'ts_ms': Int64, 'symbol': String})
✅ Загружено 6226682 записей с помощью Polars.
📊 Типы данных в pandas: timestamp       datetime64[us]
symbol                  object
close                  float64
timestamp_ms             int64
dtype: object
⚙️  Загрузка данных за период: 2023-08-02 -> 2023-10-31
📂 Найдено 43 parquet файлов для обработки.
📊 Схема данных: Schema({'timestamp': Int64, 'open': Float64, 'high': Float64, 'low': Float64, 'close': Float64, 'volume': Float64, 'turnover': String, 'ts_ms': Int64, 'symbol': String})
✅ Загружено 2351056 записей с помощью Polars.
📊 Типы данных в pandas: timestamp       datetime64[us]
symbol                  object
close                  float64
timestamp_ms             int64
dtype: object
2026-01-19 08:50:33,894 - INFO - [ФИЛЬТР] После проверки данных: 34191 пар
2026-01-19 08:50:33,895 - INFO - [ФИЛЬТР] После фильтра корреляции (>0.5): 23244 пар
2026-01-19 08:50:33,895 - INFO - [ФИЛЬТР] После фильтра beta: 15381 пар
2026-01-19 08:50:33,895 - INFO - [ФИЛЬТР] После фильтра mean crossings: 15381 пар
2026-01-19 08:50:33,895 - INFO - [ФИЛЬТР] После фильтра half-life: 15299 пар
2026-01-19 08:50:33,895 - INFO - [ФИЛЬТР] После фильтра коинтеграции: 6062 пар
2026-01-19 08:50:33,895 - INFO - [ФИЛЬТР] После фильтра Hurst: 3899 пар
2026-01-19 08:50:33,895 - INFO - [ФИЛЬТР] После фильтра KPSS: 0 пар
2026-01-19 08:50:33,895 - INFO - [ФИЛЬТР] После фильтра market microstructure: 0 пар
2026-01-19 08:50:33,895 - INFO - [ФИЛЬТР] Статистика фильтрации (оптимизированный порядок):
2026-01-19 08:50:33,895 - INFO -   1. SSD → Коинтеграция: 34191 → 6062 пар
2026-01-19 08:50:33,895 - INFO -   2. Коинтеграция → Beta: 6062 → 15381 пар
2026-01-19 08:50:33,895 - INFO -   3. Beta → Half-life: 15381 → 15299 пар
2026-01-19 08:50:33,895 - INFO -   4. Half-life → Mean crossings: 15299 → 15381 пар
2026-01-19 08:50:33,895 - INFO -   5. Mean crossings → Hurst: 15381 → 3899 пар
2026-01-19 08:50:33,895 - INFO -   6. Hurst → KPSS: 3899 → 0 пар
2026-01-19 08:50:33,895 - INFO -   7. KPSS → Market microstructure: 0 → 0 пар
2026-01-19 08:50:33,895 - INFO - [ФИЛЬТР] Причины отсева:
2026-01-19 08:50:33,895 - INFO -   • low_correlation: 10947 пар (32.0%)
2026-01-19 08:50:33,895 - INFO -   • pvalue: 9237 пар (27.0%)
2026-01-19 08:50:33,895 - INFO -   • beta: 7863 пар (23.0%)
2026-01-19 08:50:33,895 - INFO -   • kpss: 3899 пар (11.4%)
2026-01-19 08:50:33,895 - INFO -   • hurst: 2163 пар (6.3%)
2026-01-19 08:50:33,895 - INFO -   • half_life: 82 пар (0.2%)
2026-01-19 08:50:33,895 - INFO - [ФИЛЬТР] Итого: 34191 → 0 пар (0.0% прошли все фильтры)
2026-01-19 08:50:33,946 - INFO - Причины отсева сохранены в results/filter_reasons_20260119_085033.csv
2026-01-19 08:50:33,951 - INFO -   Pair stability filter: insufficient history (0 < 1), skip
2026-01-19 08:50:33,951 - INFO -   Фильтрация: 34191 → 0 пар
2026-01-19 08:50:33,951 - INFO - ⇠ filtering pairs by cointegration and half-life — done in 175.18s
2026-01-19 08:50:33,951 - INFO - ⇠ WF-шаг 1/5: training 2023-08-02-2023-09-30, testing 2023-10-01-2023-10-31 — done in 182.88s
2026-01-19 08:50:33,952 - INFO -   Всего пар для торговли: 0 (ограничение 15 применяется к одновременно открытым позициям)
2026-01-19 08:50:33,952 - INFO -   💰 Проверка расчета капитала: equity=$10,000.00, кандидатных_пар=0, max_позиций=15
2026-01-19 08:50:33,952 - INFO -   🎯 Target concurrency: 0 (ожидаемое одновременное число позиций)
2026-01-19 08:50:33,952 - INFO -   💼 Шаг P&L: $+0.00, Накопленный капитал: $10,000.00
2026-01-19 08:50:33,952 - INFO - ------------------------------------------------------------
2026-01-19 08:50:33,952 - INFO -   Walk-forward steps: 1 / 5 (20.0%) | 0.0 items/s | ETA: 731.5s
2026-01-19 08:50:33,952 - INFO - 🔍 WF-шаг 2/5: Валидация временных окон...
2026-01-19 08:50:33,953 - INFO - ⇢ WF-шаг 2/5: training 2023-09-01-2023-10-30, testing 2023-10-31-2023-11-30 — start
2026-01-19 08:50:33,953 - INFO - ⇢ loading step data — start
2026-01-19 08:50:34,124 - INFO - ⇠ loading step data — done in 0.17s
2026-01-19 08:50:35,291 - INFO - 📊 WF-шаг 2/5: Границы данных:
2026-01-19 08:50:35,291 - INFO -    Training: 2023-09-01 00:00:00 → 2023-10-30 23:45:00 (5,760 строк × 292 символов)
2026-01-19 08:50:35,291 - INFO -    Testing:  2023-10-31 00:00:00 → 2023-11-30 00:00:00 (2,881 строк × 292 символов)
2026-01-19 08:50:35,291 - INFO -    Временной разрыв: 0 days 00:15:00
2026-01-19 08:50:35,331 - INFO - ⇢ normalizing training data — start
2026-01-19 08:50:35,365 - INFO -   Символы с NaN значениями: 26
2026-01-19 08:50:35,365 - INFO -   Применяем метод нормализации: rolling_zscore
2026-01-19 08:50:35,380 - INFO - Символы с недостаточной историей: 17 из 292
2026-01-19 08:50:35,786 - INFO - Символы с NaN после нормализации: 275
2026-01-19 08:50:35,793 - INFO - Удалено 617 начальных строк с NaN от rolling расчетов
2026-01-19 08:50:35,795 - INFO - Итоговое количество символов после нормализации: 275 из 292
2026-01-19 08:50:35,795 - INFO -   Статистика нормализации:
2026-01-19 08:50:35,795 - INFO -     Исходные символы: 292
2026-01-19 08:50:35,795 - INFO -     Недостаточная история: 17
2026-01-19 08:50:35,795 - INFO -     Постоянная цена: 0
2026-01-19 08:50:35,795 - INFO -     NaN после нормализации: 275
2026-01-19 08:50:35,795 - INFO -     Итоговые символы: 275 (94.2%)
2026-01-19 08:50:35,795 - INFO -   После нормализации: 275 символов (потеряно 17)
2026-01-19 08:50:35,795 - INFO -   Отброшенные символы: BEAMUSDT, FETUSDT, FLIPUSDT, JEFFUSDT, MEMEUSDT, POLUSDT, PPTUSDT, PYTHUSDT, PYUSDUSDT, ROOTUSDT, RPKUSDT, SHRAPUSDT, TIAUSDT, TOKENUSDT, TUSDUSDT, VRTXUSDT, ZTXUSDT
2026-01-19 08:50:35,795 - INFO - ⇠ normalizing training data — done in 0.46s
2026-01-19 08:50:35,797 - INFO - ⇢ SSD computation — start
2026-01-19 08:50:35,797 - INFO -   Расчет SSD для всех пар (без ограничения)
2026-01-19 08:50:37,953 - INFO -   SSD результат (все пары): 37675 пар
2026-01-19 08:50:37,953 - INFO - ⇠ SSD computation — done in 2.16s
2026-01-19 08:50:37,962 - INFO - ⇢ filtering pairs by cointegration and half-life — start
2026-01-19 08:50:37,962 - INFO - [ФИЛЬТР] Параллельная фильтрация: processes (8 workers)
⚙️  Загрузка данных за период: 2023-09-01 -> 2023-11-30
📂 Найдено 43 parquet файлов для обработки.
📊 Схема данных: Schema({'timestamp': Int64, 'open': Float64, 'high': Float64, 'low': Float64, 'close': Float64, 'volume': Float64, 'turnover': String, 'ts_ms': Int64, 'symbol': String})
✅ Загружено 2420293 записей с помощью Polars.
📊 Типы данных в pandas: timestamp       datetime64[us]
symbol                  object
close                  float64
timestamp_ms             int64
dtype: object
2026-01-19 08:52:45,100 - INFO - [ФИЛЬТР] После проверки данных: 37675 пар
2026-01-19 08:52:45,100 - INFO - [ФИЛЬТР] После фильтра корреляции (>0.5): 14678 пар
2026-01-19 08:52:45,100 - INFO - [ФИЛЬТР] После фильтра beta: 9885 пар
2026-01-19 08:52:45,100 - INFO - [ФИЛЬТР] После фильтра mean crossings: 9885 пар
2026-01-19 08:52:45,100 - INFO - [ФИЛЬТР] После фильтра half-life: 9828 пар
2026-01-19 08:52:45,100 - INFO - [ФИЛЬТР] После фильтра коинтеграции: 4078 пар
2026-01-19 08:52:45,100 - INFO - [ФИЛЬТР] После фильтра Hurst: 3013 пар
2026-01-19 08:52:45,100 - INFO - [ФИЛЬТР] После фильтра KPSS: 0 пар
2026-01-19 08:52:45,100 - INFO - [ФИЛЬТР] После фильтра market microstructure: 0 пар
2026-01-19 08:52:45,100 - INFO - [ФИЛЬТР] Статистика фильтрации (оптимизированный порядок):
2026-01-19 08:52:45,100 - INFO -   1. SSD → Коинтеграция: 37675 → 4078 пар
2026-01-19 08:52:45,100 - INFO -   2. Коинтеграция → Beta: 4078 → 9885 пар
2026-01-19 08:52:45,100 - INFO -   3. Beta → Half-life: 9885 → 9828 пар
2026-01-19 08:52:45,100 - INFO -   4. Half-life → Mean crossings: 9828 → 9885 пар
2026-01-19 08:52:45,100 - INFO -   5. Mean crossings → Hurst: 9885 → 3013 пар
2026-01-19 08:52:45,100 - INFO -   6. Hurst → KPSS: 3013 → 0 пар
2026-01-19 08:52:45,100 - INFO -   7. KPSS → Market microstructure: 0 → 0 пар
2026-01-19 08:52:45,100 - INFO - [ФИЛЬТР] Причины отсева:
2026-01-19 08:52:45,100 - INFO -   • low_correlation: 22997 пар (61.0%)
2026-01-19 08:52:45,101 - INFO -   • pvalue: 5750 пар (15.3%)
2026-01-19 08:52:45,101 - INFO -   • beta: 4793 пар (12.7%)
2026-01-19 08:52:45,101 - INFO -   • kpss: 3013 пар (8.0%)
2026-01-19 08:52:45,101 - INFO -   • hurst: 1065 пар (2.8%)
2026-01-19 08:52:45,101 - INFO -   • half_life: 57 пар (0.2%)
2026-01-19 08:52:45,101 - INFO - [ФИЛЬТР] Итого: 37675 → 0 пар (0.0% прошли все фильтры)
2026-01-19 08:52:45,153 - INFO - Причины отсева сохранены в results/filter_reasons_20260119_085245.csv
2026-01-19 08:52:45,159 - INFO -   Pair stability filter: 0 → 0 (window=1, min_steps=1, history=1)
2026-01-19 08:52:45,159 - INFO -   Фильтрация: 37675 → 0 пар
2026-01-19 08:52:45,159 - INFO - ⇠ filtering pairs by cointegration and half-life — done in 127.20s
2026-01-19 08:52:45,159 - INFO - ⇠ WF-шаг 2/5: training 2023-09-01-2023-10-30, testing 2023-10-31-2023-11-30 — done in 131.21s
2026-01-19 08:52:45,159 - INFO -   Всего пар для торговли: 0 (ограничение 15 применяется к одновременно открытым позициям)
2026-01-19 08:52:45,159 - INFO -   💰 Проверка расчета капитала: equity=$10,000.00, кандидатных_пар=0, max_позиций=15
2026-01-19 08:52:45,159 - INFO -   🎯 Target concurrency: 0 (ожидаемое одновременное число позиций)
2026-01-19 08:52:45,160 - INFO -   💼 Шаг P&L: $+0.00, Накопленный капитал: $10,000.00
2026-01-19 08:52:45,160 - INFO - ------------------------------------------------------------
2026-01-19 08:52:45,160 - INFO -   Walk-forward steps: 2 / 5 (40.0%) | 0.0 items/s | ETA: 471.1s
2026-01-19 08:52:45,160 - INFO - 🔍 WF-шаг 3/5: Валидация временных окон...
2026-01-19 08:52:45,160 - INFO - ⇢ WF-шаг 3/5: training 2023-10-01-2023-11-29, testing 2023-11-30-2023-12-30 — start
2026-01-19 08:52:45,160 - INFO - ⇢ loading step data — start
2026-01-19 08:52:45,322 - INFO - ⇠ loading step data — done in 0.16s
2026-01-19 08:52:46,802 - INFO - 📊 WF-шаг 3/5: Границы данных:
2026-01-19 08:52:46,802 - INFO -    Training: 2023-10-01 00:00:00 → 2023-11-29 23:45:00 (5,760 строк × 309 символов)
2026-01-19 08:52:46,802 - INFO -    Testing:  2023-11-30 00:00:00 → 2023-12-30 00:00:00 (2,881 строк × 309 символов)
2026-01-19 08:52:46,802 - INFO -    Временной разрыв: 0 days 00:15:00
2026-01-19 08:52:46,840 - INFO - ⇢ normalizing training data — start
2026-01-19 08:52:46,876 - INFO -   Символы с NaN значениями: 33
2026-01-19 08:52:46,876 - INFO -   Применяем метод нормализации: rolling_zscore
2026-01-19 08:52:46,896 - INFO - Символы с недостаточной историей: 32 из 309
2026-01-19 08:52:47,309 - INFO - Символы с NaN после нормализации: 277
2026-01-19 08:52:47,315 - INFO - Удалено 233 начальных строк с NaN от rolling расчетов
2026-01-19 08:52:47,317 - INFO - Итоговое количество символов после нормализации: 277 из 309
2026-01-19 08:52:47,317 - INFO -   Статистика нормализации:
2026-01-19 08:52:47,317 - INFO -     Исходные символы: 309
2026-01-19 08:52:47,317 - INFO -     Недостаточная история: 32
2026-01-19 08:52:47,317 - INFO -     Постоянная цена: 0
2026-01-19 08:52:47,317 - INFO -     NaN после нормализации: 277
2026-01-19 08:52:47,317 - INFO -     Итоговые символы: 277 (89.6%)
2026-01-19 08:52:47,317 - INFO -   После нормализации: 277 символов (потеряно 32)
2026-01-19 08:52:47,317 - INFO -   Отброшено много символов: 32 из 309
2026-01-19 08:52:47,317 - INFO - ⇠ normalizing training data — done in 0.48s
2026-01-19 08:52:47,318 - INFO - ⇢ SSD computation — start
2026-01-19 08:52:47,319 - INFO -   Расчет SSD для всех пар (без ограничения)
2026-01-19 08:52:49,649 - INFO -   SSD результат (все пары): 38226 пар
2026-01-19 08:52:49,649 - INFO - ⇠ SSD computation — done in 2.33s
2026-01-19 08:52:49,659 - INFO - ⇢ filtering pairs by cointegration and half-life — start
2026-01-19 08:52:49,659 - INFO - [ФИЛЬТР] Параллельная фильтрация: processes (8 workers)
⚙️  Загрузка данных за период: 2023-10-01 -> 2023-12-30
📂 Найдено 43 parquet файлов для обработки.
📊 Схема данных: Schema({'timestamp': Int64, 'open': Float64, 'high': Float64, 'low': Float64, 'close': Float64, 'volume': Float64, 'turnover': String, 'ts_ms': Int64, 'symbol': String})
✅ Загружено 2499894 записей с помощью Polars.
📊 Типы данных в pandas: timestamp       datetime64[us]
symbol                  object
close                  float64
timestamp_ms             int64
dtype: object
2026-01-19 08:55:34,610 - INFO - [ФИЛЬТР] После проверки данных: 38226 пар
2026-01-19 08:55:34,610 - INFO - [ФИЛЬТР] После фильтра корреляции (>0.5): 26943 пар
2026-01-19 08:55:34,610 - INFO - [ФИЛЬТР] После фильтра beta: 18687 пар
2026-01-19 08:55:34,610 - INFO - [ФИЛЬТР] После фильтра mean crossings: 18687 пар
2026-01-19 08:55:34,610 - INFO - [ФИЛЬТР] После фильтра half-life: 18571 пар
2026-01-19 08:55:34,610 - INFO - [ФИЛЬТР] После фильтра коинтеграции: 4491 пар
2026-01-19 08:55:34,610 - INFO - [ФИЛЬТР] После фильтра Hurst: 2430 пар
2026-01-19 08:55:34,610 - INFO - [ФИЛЬТР] После фильтра KPSS: 0 пар
2026-01-19 08:55:34,610 - INFO - [ФИЛЬТР] После фильтра market microstructure: 0 пар
2026-01-19 08:55:34,610 - INFO - [ФИЛЬТР] Статистика фильтрации (оптимизированный порядок):
2026-01-19 08:55:34,610 - INFO -   1. SSD → Коинтеграция: 38226 → 4491 пар
2026-01-19 08:55:34,610 - INFO -   2. Коинтеграция → Beta: 4491 → 18687 пар
2026-01-19 08:55:34,610 - INFO -   3. Beta → Half-life: 18687 → 18571 пар
2026-01-19 08:55:34,610 - INFO -   4. Half-life → Mean crossings: 18571 → 18687 пар
2026-01-19 08:55:34,610 - INFO -   5. Mean crossings → Hurst: 18687 → 2430 пар
2026-01-19 08:55:34,610 - INFO -   6. Hurst → KPSS: 2430 → 0 пар
2026-01-19 08:55:34,610 - INFO -   7. KPSS → Market microstructure: 0 → 0 пар
2026-01-19 08:55:34,610 - INFO - [ФИЛЬТР] Причины отсева:
2026-01-19 08:55:34,610 - INFO -   • pvalue: 14080 пар (36.8%)
2026-01-19 08:55:34,610 - INFO -   • low_correlation: 11283 пар (29.5%)
2026-01-19 08:55:34,610 - INFO -   • beta: 8256 пар (21.6%)
2026-01-19 08:55:34,610 - INFO -   • kpss: 2430 пар (6.4%)
2026-01-19 08:55:34,610 - INFO -   • hurst: 2061 пар (5.4%)
2026-01-19 08:55:34,610 - INFO -   • half_life: 116 пар (0.3%)
2026-01-19 08:55:34,610 - INFO - [ФИЛЬТР] Итого: 38226 → 0 пар (0.0% прошли все фильтры)
2026-01-19 08:55:34,724 - INFO - Причины отсева сохранены в results/filter_reasons_20260119_085534.csv
2026-01-19 08:55:34,738 - INFO -   Pair stability filter: 0 → 0 (window=1, min_steps=1, history=2)
2026-01-19 08:55:34,738 - INFO -   Фильтрация: 38226 → 0 пар
2026-01-19 08:55:34,738 - INFO - ⇠ filtering pairs by cointegration and half-life — done in 165.08s
2026-01-19 08:55:34,738 - INFO - ⇠ WF-шаг 3/5: training 2023-10-01-2023-11-29, testing 2023-11-30-2023-12-30 — done in 169.58s
2026-01-19 08:55:34,739 - INFO -   Всего пар для торговли: 0 (ограничение 15 применяется к одновременно открытым позициям)
2026-01-19 08:55:34,739 - INFO -   💰 Проверка расчета капитала: equity=$10,000.00, кандидатных_пар=0, max_позиций=15
2026-01-19 08:55:34,739 - INFO -   🎯 Target concurrency: 0 (ожидаемое одновременное число позиций)
2026-01-19 08:55:34,739 - INFO -   💼 Шаг P&L: $+0.00, Накопленный капитал: $10,000.00
2026-01-19 08:55:34,739 - INFO - ------------------------------------------------------------
2026-01-19 08:55:34,739 - INFO -   Walk-forward steps: 3 / 5 (60.0%) | 0.0 items/s | ETA: 322.4s
2026-01-19 08:55:34,739 - INFO - 🔍 WF-шаг 4/5: Валидация временных окон...
2026-01-19 08:55:34,740 - INFO - ⇢ WF-шаг 4/5: training 2023-10-31-2023-12-29, testing 2023-12-30-2024-01-29 — start
2026-01-19 08:55:34,740 - INFO - ⇢ loading step data — start
2026-01-19 08:55:35,026 - INFO - ⇠ loading step data — done in 0.29s
2026-01-19 08:55:36,611 - INFO - 📊 WF-шаг 4/5: Границы данных:
2026-01-19 08:55:36,611 - INFO -    Training: 2023-10-31 00:00:00 → 2023-12-29 23:45:00 (5,760 строк × 327 символов)
2026-01-19 08:55:36,611 - INFO -    Testing:  2023-12-30 00:00:00 → 2024-01-29 00:00:00 (2,881 строк × 327 символов)
2026-01-19 08:55:36,611 - INFO -    Временной разрыв: 0 days 00:15:00
2026-01-19 08:55:36,650 - INFO - ⇢ normalizing training data — start
2026-01-19 08:55:36,685 - INFO -   Символы с NaN значениями: 45
2026-01-19 08:55:36,685 - INFO -   Применяем метод нормализации: rolling_zscore
2026-01-19 08:55:36,700 - INFO - Символы с недостаточной историей: 40 из 327
2026-01-19 08:55:37,100 - INFO - Символы с NaN после нормализации: 287
2026-01-19 08:55:37,106 - INFO - Удалено 809 начальных строк с NaN от rolling расчетов
2026-01-19 08:55:37,108 - INFO - Итоговое количество символов после нормализации: 287 из 327
2026-01-19 08:55:37,108 - INFO -   Статистика нормализации:
2026-01-19 08:55:37,108 - INFO -     Исходные символы: 327
2026-01-19 08:55:37,108 - INFO -     Недостаточная история: 40
2026-01-19 08:55:37,108 - INFO -     Постоянная цена: 0
2026-01-19 08:55:37,108 - INFO -     NaN после нормализации: 287
2026-01-19 08:55:37,108 - INFO -     Итоговые символы: 287 (87.8%)
2026-01-19 08:55:37,109 - INFO -   После нормализации: 287 символов (потеряно 40)
2026-01-19 08:55:37,109 - INFO -   Отброшено много символов: 40 из 327
2026-01-19 08:55:37,109 - INFO - ⇠ normalizing training data — done in 0.46s
2026-01-19 08:55:37,110 - INFO - ⇢ SSD computation — start
2026-01-19 08:55:37,110 - INFO -   Расчет SSD для всех пар (без ограничения)
2026-01-19 08:55:40,305 - INFO -   SSD результат (все пары): 41041 пар
2026-01-19 08:55:40,306 - INFO -   Ограничиваем до top-40000 пар для дальнейшей обработки
2026-01-19 08:55:40,307 - INFO - ⇠ SSD computation — done in 3.20s
2026-01-19 08:55:40,320 - INFO - ⇢ filtering pairs by cointegration and half-life — start
2026-01-19 08:55:40,320 - INFO - [ФИЛЬТР] Параллельная фильтрация: processes (8 workers)
⚙️  Загрузка данных за период: 2023-10-31 -> 2024-01-29
📂 Найдено 43 parquet файлов для обработки.
📊 Схема данных: Schema({'timestamp': Int64, 'open': Float64, 'high': Float64, 'low': Float64, 'close': Float64, 'volume': Float64, 'turnover': String, 'ts_ms': Int64, 'symbol': String})
✅ Загружено 2615053 записей с помощью Polars.
📊 Типы данных в pandas: timestamp       datetime64[us]
symbol                  object
close                  float64
timestamp_ms             int64
dtype: object
2026-01-19 08:58:14,298 - INFO - [ФИЛЬТР] После проверки данных: 40000 пар
2026-01-19 08:58:14,298 - INFO - [ФИЛЬТР] После фильтра корреляции (>0.5): 24138 пар
2026-01-19 08:58:14,298 - INFO - [ФИЛЬТР] После фильтра beta: 16453 пар
2026-01-19 08:58:14,302 - INFO - [ФИЛЬТР] После фильтра mean crossings: 16453 пар
2026-01-19 08:58:14,302 - INFO - [ФИЛЬТР] После фильтра half-life: 16373 пар
2026-01-19 08:58:14,302 - INFO - [ФИЛЬТР] После фильтра коинтеграции: 3933 пар
2026-01-19 08:58:14,302 - INFO - [ФИЛЬТР] После фильтра Hurst: 2464 пар
2026-01-19 08:58:14,302 - INFO - [ФИЛЬТР] После фильтра KPSS: 0 пар
2026-01-19 08:58:14,302 - INFO - [ФИЛЬТР] После фильтра market microstructure: 0 пар
2026-01-19 08:58:14,302 - INFO - [ФИЛЬТР] Статистика фильтрации (оптимизированный порядок):
2026-01-19 08:58:14,302 - INFO -   1. SSD → Коинтеграция: 40000 → 3933 пар
2026-01-19 08:58:14,302 - INFO -   2. Коинтеграция → Beta: 3933 → 16453 пар
2026-01-19 08:58:14,302 - INFO -   3. Beta → Half-life: 16453 → 16373 пар
2026-01-19 08:58:14,302 - INFO -   4. Half-life → Mean crossings: 16373 → 16453 пар
2026-01-19 08:58:14,302 - INFO -   5. Mean crossings → Hurst: 16453 → 2464 пар
2026-01-19 08:58:14,302 - INFO -   6. Hurst → KPSS: 2464 → 0 пар
2026-01-19 08:58:14,302 - INFO -   7. KPSS → Market microstructure: 0 → 0 пар
2026-01-19 08:58:14,302 - INFO - [ФИЛЬТР] Причины отсева:
2026-01-19 08:58:14,302 - INFO -   • low_correlation: 15862 пар (39.7%)
2026-01-19 08:58:14,302 - INFO -   • pvalue: 12440 пар (31.1%)
2026-01-19 08:58:14,302 - INFO -   • beta: 7685 пар (19.2%)
2026-01-19 08:58:14,302 - INFO -   • kpss: 2464 пар (6.2%)
2026-01-19 08:58:14,302 - INFO -   • hurst: 1469 пар (3.7%)
2026-01-19 08:58:14,302 - INFO -   • half_life: 80 пар (0.2%)
2026-01-19 08:58:14,302 - INFO - [ФИЛЬТР] Итого: 40000 → 0 пар (0.0% прошли все фильтры)
2026-01-19 08:58:14,423 - INFO - Причины отсева сохранены в results/filter_reasons_20260119_085814.csv
2026-01-19 08:58:14,437 - INFO -   Pair stability filter: 0 → 0 (window=1, min_steps=1, history=3)
2026-01-19 08:58:14,437 - INFO -   Фильтрация: 40000 → 0 пар
2026-01-19 08:58:14,437 - INFO - ⇠ filtering pairs by cointegration and half-life — done in 154.12s
2026-01-19 08:58:14,437 - INFO - ⇠ WF-шаг 4/5: training 2023-10-31-2023-12-29, testing 2023-12-30-2024-01-29 — done in 159.70s
2026-01-19 08:58:14,437 - INFO -   Всего пар для торговли: 0 (ограничение 15 применяется к одновременно открытым позициям)
2026-01-19 08:58:14,441 - INFO -   💰 Проверка расчета капитала: equity=$10,000.00, кандидатных_пар=0, max_позиций=15
2026-01-19 08:58:14,442 - INFO -   🎯 Target concurrency: 0 (ожидаемое одновременное число позиций)
2026-01-19 08:58:14,442 - INFO -   💼 Шаг P&L: $+0.00, Накопленный капитал: $10,000.00
2026-01-19 08:58:14,442 - INFO - ------------------------------------------------------------
2026-01-19 08:58:14,442 - INFO -   Walk-forward steps: 4 / 5 (80.0%) | 0.0 items/s | ETA: 160.8s
2026-01-19 08:58:14,442 - INFO - 🔍 WF-шаг 5/5: Валидация временных окон...
2026-01-19 08:58:14,443 - INFO - ⇢ WF-шаг 5/5: training 2023-11-30-2024-01-28, testing 2024-01-29-2024-02-28 — start
2026-01-19 08:58:14,443 - INFO - ⇢ loading step data — start
2026-01-19 08:58:14,881 - INFO - ⇠ loading step data — done in 0.44s
2026-01-19 08:58:16,573 - INFO - 📊 WF-шаг 5/5: Границы данных:
2026-01-19 08:58:16,573 - INFO -    Training: 2023-11-30 00:00:00 → 2024-01-28 23:45:00 (5,760 строк × 344 символов)
2026-01-19 08:58:16,573 - INFO -    Testing:  2024-01-29 00:00:00 → 2024-02-28 00:00:00 (2,881 строк × 344 символов)
2026-01-19 08:58:16,573 - INFO -    Временной разрыв: 0 days 00:15:00
2026-01-19 08:58:16,620 - INFO - ⇢ normalizing training data — start
2026-01-19 08:58:16,661 - INFO -   Символы с NaN значениями: 52
2026-01-19 08:58:16,661 - INFO -   Применяем метод нормализации: rolling_zscore
2026-01-19 08:58:16,677 - INFO - Символы с недостаточной историей: 44 из 344
2026-01-19 08:58:17,538 - INFO - Символы с NaN после нормализации: 300
2026-01-19 08:58:17,549 - INFO - Удалено 809 начальных строк с NaN от rolling расчетов
2026-01-19 08:58:17,551 - INFO - Итоговое количество символов после нормализации: 300 из 344
2026-01-19 08:58:17,558 - INFO -   Статистика нормализации:
2026-01-19 08:58:17,558 - INFO -     Исходные символы: 344
2026-01-19 08:58:17,558 - INFO -     Недостаточная история: 44
2026-01-19 08:58:17,558 - INFO -     Постоянная цена: 0
2026-01-19 08:58:17,558 - INFO -     NaN после нормализации: 300
2026-01-19 08:58:17,558 - INFO -     Итоговые символы: 300 (87.2%)
2026-01-19 08:58:17,558 - INFO -   После нормализации: 300 символов (потеряно 44)
2026-01-19 08:58:17,558 - INFO -   Отброшено много символов: 44 из 344
2026-01-19 08:58:17,558 - INFO - ⇠ normalizing training data — done in 0.94s
2026-01-19 08:58:17,564 - INFO - ⇢ SSD computation — start
2026-01-19 08:58:17,564 - INFO -   Расчет SSD для всех пар (без ограничения)
2026-01-19 08:58:21,233 - INFO -   SSD результат (все пары): 44850 пар
2026-01-19 08:58:21,233 - INFO -   Ограничиваем до top-40000 пар для дальнейшей обработки
2026-01-19 08:58:21,234 - INFO - ⇠ SSD computation — done in 3.67s
2026-01-19 08:58:21,245 - INFO - ⇢ filtering pairs by cointegration and half-life — start
2026-01-19 08:58:21,245 - INFO - [ФИЛЬТР] Параллельная фильтрация: processes (8 workers)
⚙️  Загрузка данных за период: 2023-11-30 -> 2024-02-28
📂 Найдено 43 parquet файлов для обработки.
📊 Схема данных: Schema({'timestamp': Int64, 'open': Float64, 'high': Float64, 'low': Float64, 'close': Float64, 'volume': Float64, 'turnover': String, 'ts_ms': Int64, 'symbol': String})
✅ Загружено 2755343 записей с помощью Polars.
📊 Типы данных в pandas: timestamp       datetime64[us]
symbol                  object
close                  float64
timestamp_ms             int64
dtype: object
2026-01-19 09:00:09,752 - INFO - [ФИЛЬТР] После проверки данных: 40000 пар
2026-01-19 09:00:09,752 - INFO - [ФИЛЬТР] После фильтра корреляции (>0.5): 12480 пар
2026-01-19 09:00:09,752 - INFO - [ФИЛЬТР] После фильтра beta: 9011 пар
2026-01-19 09:00:09,752 - INFO - [ФИЛЬТР] После фильтра mean crossings: 9011 пар
2026-01-19 09:00:09,752 - INFO - [ФИЛЬТР] После фильтра half-life: 8982 пар
2026-01-19 09:00:09,752 - INFO - [ФИЛЬТР] После фильтра коинтеграции: 4013 пар
2026-01-19 09:00:09,752 - INFO - [ФИЛЬТР] После фильтра Hurst: 2824 пар
2026-01-19 09:00:09,752 - INFO - [ФИЛЬТР] После фильтра KPSS: 0 пар
2026-01-19 09:00:09,752 - INFO - [ФИЛЬТР] После фильтра market microstructure: 0 пар
2026-01-19 09:00:09,752 - INFO - [ФИЛЬТР] Статистика фильтрации (оптимизированный порядок):
2026-01-19 09:00:09,752 - INFO -   1. SSD → Коинтеграция: 40000 → 4013 пар
2026-01-19 09:00:09,752 - INFO -   2. Коинтеграция → Beta: 4013 → 9011 пар
2026-01-19 09:00:09,752 - INFO -   3. Beta → Half-life: 9011 → 8982 пар
2026-01-19 09:00:09,752 - INFO -   4. Half-life → Mean crossings: 8982 → 9011 пар
2026-01-19 09:00:09,752 - INFO -   5. Mean crossings → Hurst: 9011 → 2824 пар
2026-01-19 09:00:09,752 - INFO -   6. Hurst → KPSS: 2824 → 0 пар
2026-01-19 09:00:09,753 - INFO -   7. KPSS → Market microstructure: 0 → 0 пар
2026-01-19 09:00:09,753 - INFO - [ФИЛЬТР] Причины отсева:
2026-01-19 09:00:09,753 - INFO -   • low_correlation: 27520 пар (68.8%)
2026-01-19 09:00:09,753 - INFO -   • pvalue: 4969 пар (12.4%)
2026-01-19 09:00:09,753 - INFO -   • beta: 3469 пар (8.7%)
2026-01-19 09:00:09,753 - INFO -   • kpss: 2824 пар (7.1%)
2026-01-19 09:00:09,753 - INFO -   • hurst: 1189 пар (3.0%)
2026-01-19 09:00:09,753 - INFO -   • half_life: 29 пар (0.1%)
2026-01-19 09:00:09,753 - INFO - [ФИЛЬТР] Итого: 40000 → 0 пар (0.0% прошли все фильтры)
2026-01-19 09:00:09,824 - INFO - Причины отсева сохранены в results/filter_reasons_20260119_090009.csv
2026-01-19 09:00:09,830 - INFO -   Pair stability filter: 0 → 0 (window=1, min_steps=1, history=4)
2026-01-19 09:00:09,831 - INFO -   Фильтрация: 40000 → 0 пар
2026-01-19 09:00:09,831 - INFO - ⇠ filtering pairs by cointegration and half-life — done in 108.59s
2026-01-19 09:00:09,831 - INFO - ⇠ WF-шаг 5/5: training 2023-11-30-2024-01-28, testing 2024-01-29-2024-02-28 — done in 115.39s
2026-01-19 09:00:09,831 - INFO -   Всего пар для торговли: 0 (ограничение 15 применяется к одновременно открытым позициям)
2026-01-19 09:00:09,831 - INFO -   💰 Проверка расчета капитала: equity=$10,000.00, кандидатных_пар=0, max_позиций=15
2026-01-19 09:00:09,831 - INFO -   🎯 Target concurrency: 0 (ожидаемое одновременное число позиций)
2026-01-19 09:00:09,831 - INFO -   💼 Шаг P&L: $+0.00, Накопленный капитал: $10,000.00
2026-01-19 09:00:09,832 - INFO - ------------------------------------------------------------
2026-01-19 09:00:09,832 - INFO -   Walk-forward steps: 5 / 5 (100.0%) | 0.0 items/s | ETA: 0.0s
2026-01-19 09:00:09,832 - INFO - ⇠ Walk-forward steps — completed 5 items in 758.76s (0.0 items/s)
2026-01-19 09:00:09,832 - INFO - ================================================================================
2026-01-19 09:00:09,832 - INFO - 🏁 Walk-forward анализ завершен!
2026-01-19 09:00:09,832 - INFO - ⏱️ Обработано 5 шагов за 766.3 секунд
2026-01-19 09:00:09,832 - INFO - 📊 Всего обработано пар за весь анализ: 0
2026-01-19 09:00:09,832 - INFO - 💰 Финальный капитал: $10,000.00 (было $10,000.00)
2026-01-19 09:00:09,832 - INFO - 📈 Общая доходность: +0.00% ($+0.00)
2026-01-19 09:00:09,832 - INFO - 📊 Всего сделок: 0
2026-01-19 09:00:09,832 - INFO - ================================================================================
2026-01-19 09:00:09,832 - INFO - ✓ Завершены все 5 WF-шагов
2026-01-19 09:00:09,832 - INFO - ⇢ Обработка финальных результатов и расчет метрик...
2026-01-19 09:00:09,832 - INFO - ⇢ processing final results — start
2026-01-19 09:00:09,833 - INFO -   ⇢ Агрегация данных P&L за 0 торговых дней
2026-01-19 09:00:09,833 - INFO -   ⇢ Расчет базовых метрик производительности...
2026-01-19 09:00:09,833 - INFO -     📊 Данные для анализа: 0 записей P&L, 1 точек equity
2026-01-19 09:00:09,833 - INFO -   ⇢ Расчет расширенных метрик (волатильность, Calmar ratio, и др.)...
2026-01-19 09:00:09,833 - INFO -   ✅ Расширенные метрики рассчитаны: 0 показателей
2026-01-19 09:00:09,833 - INFO -   ⇢ Анализ статистики по 0 парам...
2026-01-19 09:00:09,833 - INFO - ✅ Рассчитаны метрики производительности (5 показателей)
2026-01-19 09:00:09,833 - INFO -   💰 Общий P&L: $+0.00
2026-01-19 09:00:09,833 - INFO -   📊 Sharpe Ratio: 0.000
2026-01-19 09:00:09,833 - INFO -   📉 Максимальная просадка: 0.00%
2026-01-19 09:00:09,833 - INFO -   🔄 Всего сделок: 0
2026-01-19 09:00:09,833 - INFO -   📈 Торгуемых пар: 0
2026-01-19 09:00:09,834 - INFO -   💸 Общие издержки: $0.00
2026-01-19 09:00:09,834 - coint2.metrics - INFO - Metric: total_pnl
2026-01-19 09:00:09,834 - coint2.metrics - INFO - Metric: sharpe_ratio_abs
2026-01-19 09:00:09,834 - coint2.metrics - INFO - Metric: max_drawdown_pct
2026-01-19 09:00:09,834 - coint2.metrics - INFO - Metric: total_trades
2026-01-19 09:00:09,834 - coint2.metrics - INFO - Metric: total_pairs_traded
2026-01-19 09:00:09,835 - coint2.metrics - INFO - Metric: total_costs
2026-01-19 09:00:09,835 - INFO - ⇠ processing final results — done in 0.00s
2026-01-19 09:00:09,835 - INFO - ⇢ Создание отчетов и сохранение результатов...
2026-01-19 09:00:09,835 - INFO - ⇢ generating reports — start
2026-01-19 09:00:09,835 - INFO -   ⇢ Создание отчета о производительности...
2026-01-19 09:00:12,778 - INFO -   ✓ Отчет о производительности создан
2026-01-19 09:00:12,779 - INFO -   ⇢ Сохранение данных в CSV файлы...
2026-01-19 09:00:12,781 - INFO - 📋 Метрики сохранены: artifacts/wfa/runs/20260119_stability_relaxed3/stability_relaxed3_20260119_pv0p07_hurst0p62_hl0p02_60_corr0p5_ssd40000_st1/strategy_metrics.csv
2026-01-19 09:00:12,782 - INFO - 💹 Кривая капитала сохранена: artifacts/wfa/runs/20260119_stability_relaxed3/stability_relaxed3_20260119_pv0p07_hurst0p62_hl0p02_60_corr0p5_ssd40000_st1/equity_curve.csv (1 точек)
2026-01-19 09:00:12,782 - INFO - 🎉 Walk-Forward анализ полностью завершен!
2026-01-19 09:00:12,782 - INFO - 📊 Все отчеты и данные сохранены в: artifacts/wfa/runs/20260119_stability_relaxed3/stability_relaxed3_20260119_pv0p07_hurst0p62_hl0p02_60_corr0p5_ssd40000_st1
2026-01-19 09:00:12,782 - INFO - 💼 Итоговый капитал: $10,000.00
2026-01-19 09:00:12,782 - INFO - ⏱️  Общее время выполнения: 769.3 секунд
2026-01-19 09:00:12,782 - INFO - ⇠ generating reports — done in 2.95s
2026-01-19 09:00:12,782 - coint2.core.memory_optimization - INFO - 🧹 Cleaning up global price data
2026-01-19 09:00:12,785 - coint2.core.memory_optimization - INFO - 📊 No global rolling stats to clean up
2026-01-19 09:00:12,785 - INFO - 🧹 Memory-mapped data cleaned up
2026-01-19 09:00:12,786 - INFO - ⇠ run_walk_forward_analysis — done in 769.26s
📊 Отчет сохранен: artifacts/wfa/runs/20260119_stability_relaxed3/stability_relaxed3_20260119_pv0p07_hurst0p62_hl0p02_60_corr0p5_ssd40000_st1/CointegrationStrategy_performance_report.png
🎯 ============================================================
📊 ИТОГИ ТОРГОВОЙ СТРАТЕГИИ
🎯 ============================================================

💰 ФИНАНСОВЫЕ РЕЗУЛЬТАТЫ:
   • Общий P&L:                            0
   • Максимальная просадка:                0
   • Средний дневной P&L:                  0

📈 МЕТРИКИ РИСКА:
   • Коэффициент Шарпа:               0.0000
   • Волатильность P&L:                 0.00
   • Процент прибыльных дней:          0.00%

🔄 ТОРГОВАЯ АКТИВНОСТЬ:
   • Всего торговых дней:                  0
   • Всего сделок:                         0
   • Торгуемых пар:                        0
   • Сделок на пару:                     0.0
   • Успешность сделок:               0.00%

💸 РАСХОДЫ И ЭКСТРЕМУМЫ:
   • Общие расходы:                        0
   • Максимальная прибыль:                 0
   • Максимальный убыток:                  0
   • Лучшая пара (P&L):                    0
   • Худшая пара (P&L):                    0

📊 ОЦЕНКА СТРАТЕГИИ:
   ❌ УБЫТОЧНАЯ стратегия. Требует доработки

🎯 ============================================================

Annualized Sharpe Ratio: nan
[run_wfa_fullcpu] end: 2026-01-19T09:00:13Z
