[run_wfa_queue] 2026-01-23T14:55:12Z cmd: /opt/coint4/coint4/run_wfa_fullcpu.sh configs/budget_20260123_1000_capsweep_oos20240101_20240630_top50_maxnot40_riskfine2_minnotgrid_maxpairsgrid/stress_relaxed8_nokpss_20260123_oos20240101_20240630_top50_z1p00_exit0p06_hold180_cd180_ms0p2_cap1000_maxnot40_risk0p018_minnot20_maxpairs20.yaml artifacts/wfa/runs/20260123_budget1000_oos20240101_20240630_top50_maxnot40_riskfine2_minnotgrid_maxpairsgrid/stress_relaxed8_nokpss_20260123_oos20240101_20240630_top50_z1p00_exit0p06_hold180_cd180_ms0p2_cap1000_maxnot40_risk0p018_minnot20_maxpairs20
[run_wfa_fullcpu] start: 2026-01-23T14:55:12Z
[run_wfa_fullcpu] os.cpu_count: 8
[run_wfa_fullcpu] worker_pid=10358
2026-01-23 14:55:15,106 - coint2.core.memory_optimization - INFO - ✅ BLAS threading limits set to 1 via threadpoolctl
2026-01-23 14:55:15,107 - coint2.core.memory_optimization - INFO - 🔧 Controlled libraries: openblas, openmp
2026-01-23 14:55:15,107 - coint2.core.memory_optimization - INFO - 🧵 Process threads: 2 → 2
2026-01-23 14:55:15,107 - coint2.core.memory_optimization - INFO - 📝 Set 11 environment variables
2026-01-23 14:55:15,449 - INFO - ✅ Параметры конфигурации валидны
2026-01-23 14:55:15,450 - INFO - 📝 Некоторые параметры были скорректированы:
2026-01-23 14:55:15,603 - INFO - 🔒 WFA: фиксированный universe из artifacts/universe/20260119_relaxed8_strict_preholdout_v2/pairs_universe.yaml (250 пар)
2026-01-23 14:55:15,604 - INFO -   Шаг 1: тренировка 2023-10-03-2023-12-31, тест 2024-01-01-2024-01-31
2026-01-23 14:55:15,604 - INFO -   Шаг 2: тренировка 2023-11-02-2024-01-30, тест 2024-01-31-2024-03-01
2026-01-23 14:55:15,604 - INFO -   Шаг 3: тренировка 2023-12-02-2024-02-29, тест 2024-03-01-2024-03-31
2026-01-23 14:55:15,604 - INFO -   Шаг 4: тренировка 2024-01-01-2024-03-30, тест 2024-03-31-2024-04-30
2026-01-23 14:55:15,604 - INFO -   Шаг 5: тренировка 2024-01-31-2024-04-29, тест 2024-04-30-2024-05-30
2026-01-23 14:55:15,604 - INFO -   Шаг 6: тренировка 2024-03-01-2024-05-29, тест 2024-05-30-2024-06-29
2026-01-23 14:55:15,604 - INFO -   Шаг 7: тренировка 2024-03-31-2024-06-28, тест 2024-06-29-2024-07-29
2026-01-23 14:55:15,604 - INFO - 📈 Запланировано 7 walk-forward шагов
2026-01-23 14:55:15,604 - INFO - ⛔ Ограничение WFA шагов: 7 → 3
2026-01-23 14:55:15,604 - WARNING - ⚠️ Маленький буфер между training и testing в шаге 1: 0 дней. Рекомендуется минимум 1 день.
2026-01-23 14:55:15,604 - WARNING - ⚠️ Маленький буфер между training и testing в шаге 2: 0 дней. Рекомендуется минимум 1 день.
2026-01-23 14:55:15,604 - WARNING - ⚠️ Маленький буфер между training и testing в шаге 3: 0 дней. Рекомендуется минимум 1 день.
2026-01-23 14:55:15,604 - INFO - ✅ Шаги успешно запланированы:
2026-01-23 14:55:15,604 - INFO -    Шаг 1: тренировка 2023-10-03-2023-12-31, тест 2024-01-01-2024-01-31
2026-01-23 14:55:15,604 - INFO -    Шаг 2: тренировка 2023-11-02-2024-01-30, тест 2024-01-31-2024-03-01
2026-01-23 14:55:15,604 - INFO -    Шаг 3: тренировка 2023-12-02-2024-02-29, тест 2024-03-01-2024-03-31
2026-01-23 14:55:15,604 - INFO - 🗂️ Consolidating price data for memory-mapped access...
2026-01-23 14:55:15,604 - INFO - 📊 Consolidating data range: 2023-09-28 → 2024-04-05
2026-01-23 14:55:15,605 - coint2.core.memory_optimization - INFO - 🔄 Consolidating price data from data_downloaded to .cache/consolidated_prices.parquet
2026-01-23 14:55:15,605 - INFO - ⇢ loading raw data for consolidation — start
2026-01-23 14:55:16,136 - INFO - ⇠ loading raw data for consolidation — done in 0.53s
2026-01-23 14:55:16,137 - INFO - ⇢ pivoting data to wide format — start
2026-01-23 14:55:19,973 - INFO - ⇠ pivoting data to wide format — done in 3.84s
2026-01-23 14:55:20,026 - coint2.core.memory_optimization - INFO - 📊 Consolidated data: 18241 rows × 366 symbols
2026-01-23 14:55:20,027 - coint2.core.memory_optimization - INFO - 💾 Memory usage: 26.9 MB
2026-01-23 14:55:20,027 - INFO - ⇢ writing consolidated Parquet file — start
2026-01-23 14:55:20,236 - INFO - ⇠ writing consolidated Parquet file — done in 0.21s
2026-01-23 14:55:20,237 - coint2.core.memory_optimization - INFO - ✅ Successfully consolidated data to .cache/consolidated_prices.parquet
2026-01-23 14:55:20,261 - coint2.core.memory_optimization - INFO - 🔄 Initializing memory-mapped price data from .cache/consolidated_prices.parquet
2026-01-23 14:55:20,261 - INFO - ⇢ loading memory-mapped data — start
2026-01-23 14:55:20,261 - coint2.core.memory_optimization - WARNING - ⚠️ memory_map не поддерживается в текущей версии pyarrow, fallback без mmap
2026-01-23 14:55:20,373 - INFO - ⇠ loading memory-mapped data — done in 0.11s
2026-01-23 14:55:20,383 - coint2.core.memory_optimization - INFO - 📊 Loaded 18241 rows × 366 symbols
2026-01-23 14:55:20,383 - coint2.core.memory_optimization - INFO - 💾 Memory usage: 26.9 MB (memory-mapped)
2026-01-23 14:55:20,384 - INFO - ✅ Memory-mapped data initialized successfully
2026-01-23 14:55:20,385 - INFO - ⇢ Walk-forward steps — starting 3 items
2026-01-23 14:55:20,386 - INFO - 📈 Инициализация equity кривой с первой тестовой даты: 2024-01-01 00:00:00
2026-01-23 14:55:20,386 - INFO - 🔍 WF-шаг 1/3: Валидация временных окон...
2026-01-23 14:55:20,386 - INFO - ⇢ WF-шаг 1/3: training 2023-10-03-2023-12-31, testing 2024-01-01-2024-01-31 — start
2026-01-23 14:55:20,386 - INFO - ⇢ loading step data — start
2026-01-23 14:55:20,599 - INFO - ⇠ loading step data — done in 0.21s
2026-01-23 14:55:22,714 - INFO - 📊 WF-шаг 1/3: Границы данных:
2026-01-23 14:55:22,715 - INFO -    Training: 2023-10-03 00:00:00 → 2023-12-31 23:45:00 (8,640 строк × 329 символов)
2026-01-23 14:55:22,715 - INFO -    Testing:  2024-01-01 00:00:00 → 2024-01-31 00:00:00 (2,881 строк × 329 символов)
2026-01-23 14:55:22,715 - INFO -    Временной разрыв: 0 days 00:15:00
2026-01-23 14:55:22,756 - INFO - ⇢ normalizing training data — start
2026-01-23 14:55:22,796 - INFO -   Символы с NaN значениями: 53
2026-01-23 14:55:22,796 - INFO -   Применяем метод нормализации: rolling_zscore
2026-01-23 14:55:22,819 - INFO - Символы с недостаточной историей: 50 из 329
2026-01-23 14:55:23,430 - INFO - Символы с NaN после нормализации: 279
2026-01-23 14:55:23,438 - INFO - Удалено 1577 начальных строк с NaN от rolling расчетов
2026-01-23 14:55:23,441 - INFO - Итоговое количество символов после нормализации: 279 из 329
2026-01-23 14:55:23,441 - INFO -   Статистика нормализации:
2026-01-23 14:55:23,441 - INFO -     Исходные символы: 329
2026-01-23 14:55:23,441 - INFO -     Недостаточная история: 50
2026-01-23 14:55:23,441 - INFO -     Постоянная цена: 0
2026-01-23 14:55:23,441 - INFO -     NaN после нормализации: 279
2026-01-23 14:55:23,441 - INFO -     Итоговые символы: 279 (84.8%)
2026-01-23 14:55:23,441 - INFO -   После нормализации: 279 символов (потеряно 50)
2026-01-23 14:55:23,441 - INFO -   Отброшено много символов: 50 из 329
2026-01-23 14:55:23,441 - INFO - ⇠ normalizing training data — done in 0.69s
2026-01-23 14:55:23,441 - INFO -   Фиксированный universe: 234 пар (отфильтровано 16 недоступных)
2026-01-23 14:55:23,441 - INFO - ⇢ filtering pairs by cointegration and half-life — start
2026-01-23 14:55:23,442 - INFO - [ФИЛЬТР] Параллельная фильтрация: threads (8 workers)
2026-01-23 14:55:29,004 - INFO - [ФИЛЬТР] После проверки данных: 212 пар
2026-01-23 14:55:29,004 - INFO - [ФИЛЬТР] После фильтра корреляции (>0.4): 163 пар
2026-01-23 14:55:29,004 - INFO - [ФИЛЬТР] После фильтра beta: 141 пар
2026-01-23 14:55:29,004 - INFO - [ФИЛЬТР] После фильтра mean crossings: 141 пар
2026-01-23 14:55:29,004 - INFO - [ФИЛЬТР] После фильтра half-life: 141 пар
2026-01-23 14:55:29,004 - INFO - [ФИЛЬТР] После фильтра коинтеграции: 63 пар
2026-01-23 14:55:29,004 - INFO - [ФИЛЬТР] После фильтра Hurst: 48 пар
2026-01-23 14:55:29,004 - INFO - [ФИЛЬТР] После фильтра KPSS: 48 пар
2026-01-23 14:55:29,004 - INFO - [ФИЛЬТР] После фильтра market microstructure: 44 пар
2026-01-23 14:55:29,004 - INFO - [ФИЛЬТР] Статистика фильтрации (оптимизированный порядок):
2026-01-23 14:55:29,004 - INFO -   1. SSD → Коинтеграция: 234 → 63 пар
2026-01-23 14:55:29,004 - INFO -   2. Коинтеграция → Beta: 63 → 141 пар
2026-01-23 14:55:29,004 - INFO -   3. Beta → Half-life: 141 → 141 пар
2026-01-23 14:55:29,004 - INFO -   4. Half-life → Mean crossings: 141 → 141 пар
2026-01-23 14:55:29,004 - INFO -   5. Mean crossings → Hurst: 141 → 48 пар
2026-01-23 14:55:29,004 - INFO -   6. Hurst → KPSS: 48 → 48 пар
2026-01-23 14:55:29,004 - INFO -   7. KPSS → Market microstructure: 48 → 44 пар
2026-01-23 14:55:29,004 - INFO - [ФИЛЬТР] Причины отсева:
2026-01-23 14:55:29,004 - INFO -   • pvalue: 78 пар (33.3%)
2026-01-23 14:55:29,004 - INFO -   • low_correlation: 49 пар (20.9%)
2026-01-23 14:55:29,004 - INFO -   • insufficient_data: 22 пар (9.4%)
2026-01-23 14:55:29,004 - INFO -   • beta: 22 пар (9.4%)
2026-01-23 14:55:29,004 - INFO -   • hurst: 15 пар (6.4%)
2026-01-23 14:55:29,004 - INFO -   • history: 4 пар (1.7%)
2026-01-23 14:55:29,004 - INFO - [ФИЛЬТР] Итого: 234 → 44 пар (18.8% прошли все фильтры)
2026-01-23 14:55:29,007 - INFO - Причины отсева сохранены в results/filter_reasons_20260123_145529.csv
2026-01-23 14:55:29,008 - INFO -   Pair stability filter: insufficient history (0 < 1), skip
2026-01-23 14:55:29,008 - INFO -   Фильтрация: 234 → 44 пар
2026-01-23 14:55:29,008 - INFO - ⇠ filtering pairs by cointegration and half-life — done in 5.57s
2026-01-23 14:55:29,008 - INFO - ⇠ WF-шаг 1/3: training 2023-10-03-2023-12-31, testing 2024-01-01-2024-01-31 — done in 8.62s
2026-01-23 14:55:29,008 - INFO -   Ограничение max_pairs=20: 44 → 20
2026-01-23 14:55:29,008 - INFO -   Топ-3 пары по волатильности спреда:
2026-01-23 14:55:29,008 - INFO -     1. BTCDAI-BTCEUR: beta=1.1665, std=409.8237
2026-01-23 14:55:29,008 - INFO -     2. ETHDAI-ETHEUR: beta=1.1882, std=22.0629
2026-01-23 14:55:29,008 - INFO -     3. BTCUSDC-BTCUSDT: beta=0.9998, std=13.3093
2026-01-23 14:55:29,008 - INFO -   Всего пар для торговли: 20 (ограничение 15 применяется к одновременно открытым позициям)
2026-01-23 14:55:29,008 - INFO -   💰 Проверка расчета капитала: equity=$1,000.00, кандидатных_пар=20, max_позиций=15
2026-01-23 14:55:29,008 - INFO -   🎯 Target concurrency: 15 (ожидаемое одновременное число позиций)
2026-01-23 14:55:29,008 - INFO -   📊 Детали расчета капитала:
2026-01-23 14:55:29,008 - INFO -      • Базовый капитал на пару: $66.67 (equity / target_concurrency)
2026-01-23 14:55:29,008 - INFO -      • Риск-капитал: $18.00 (1.8% от equity)
2026-01-23 14:55:29,008 - INFO -      • Макс. размер позиции: $50.00 (5.0% от equity)
2026-01-23 14:55:29,008 - INFO -      • Итоговый капитал на пару: $18.00
2026-01-23 14:55:29,009 - INFO - ⇢ WF-шаг 1/3 backtests — starting 20 items
2026-01-23 14:55:29,009 - INFO - 🚀 WF-шаг 1/3: Начинаем бэктесты для 20 пар...
2026-01-23 14:55:29,009 - INFO - 🚀 WF-шаг 1/3: Запускаем параллельную обработку 20 пар на 8 ядрах...
2026-01-23 14:55:29,009 - INFO - 🚀 WF-шаг 1/3: Режим параллельности: процессы
⚙️  Загрузка данных за период: 2023-09-28 -> 2024-04-05
📂 Найдено 43 parquet файлов для обработки.
📊 Схема данных: Schema({'timestamp': Int64, 'open': Float64, 'high': Float64, 'low': Float64, 'close': Float64, 'volume': Float64, 'turnover': String, 'ts_ms': Int64, 'symbol': String})
✅ Загружено 5719620 записей с помощью Polars.
📊 Типы данных в pandas: timestamp       datetime64[us]
symbol                  object
close                  float64
timestamp_ms             int64
dtype: object
⚙️  Загрузка данных за период: 2023-10-03 -> 2024-01-31
📂 Найдено 43 parquet файлов для обработки.
📊 Схема данных: Schema({'timestamp': Int64, 'open': Float64, 'high': Float64, 'low': Float64, 'close': Float64, 'volume': Float64, 'turnover': String, 'ts_ms': Int64, 'symbol': String})
✅ Загружено 3426589 записей с помощью Polars.
📊 Типы данных в pandas: timestamp       datetime64[us]
symbol                  object
close                  float64
timestamp_ms             int64
dtype: object
2026-01-23 14:55:29,066 - coint2.engine.numba_engine - INFO - Запуск Numba-оптимизированного бэктеста для BTCDAI-BTCEUR
2026-01-23 14:55:29,090 - coint2.engine.numba_engine - INFO - Запуск Numba-оптимизированного бэктеста для ETHDAI-ETHEUR
2026-01-23 14:55:29,115 - coint2.engine.numba_engine - INFO - Запуск Numba-оптимизированного бэктеста для BTCUSDC-BTCUSDT
2026-01-23 14:55:29,139 - coint2.engine.numba_engine - INFO - Запуск Numba-оптимизированного бэктеста для ETCUSDT-JUVUSDT
2026-01-23 14:55:29,146 - coint2.engine.numba_engine - INFO - Запуск Numba-оптимизированного бэктеста для APEUSDC-HFTUSDC
2026-01-23 14:55:29,163 - coint2.engine.numba_engine - INFO - Запуск Numba-оптимизированного бэктеста для ATOMUSDT-GODSUSDT
2026-01-23 14:55:29,168 - coint2.engine.numba_engine - INFO - Запуск Numba-оптимизированного бэктеста для CITYUSDT-IZIUSDT
2026-01-23 14:55:29,172 - coint2.engine.numba_engine - INFO - Запуск Numba-оптимизированного бэктеста для APEUSDT-HFTUSDC
2026-01-23 14:55:29,189 - coint2.engine.numba_engine - INFO - Запуск Numba-оптимизированного бэктеста для ETHUSDC-ETHUSDT
2026-01-23 14:55:29,195 - coint2.engine.numba_engine - INFO - Запуск Numba-оптимизированного бэктеста для APEUSDC-GODSUSDT
2026-01-23 14:55:29,196 - coint2.engine.numba_engine - INFO - Запуск Numba-оптимизированного бэктеста для APEUSDC-HFTUSDT
2026-01-23 14:55:29,213 - coint2.engine.numba_engine - INFO - Запуск Numba-оптимизированного бэктеста для AXSUSDT-DOTUSDT
2026-01-23 14:55:29,217 - coint2.engine.numba_engine - INFO - Запуск Numba-оптимизированного бэктеста для APEUSDT-GODSUSDT
2026-01-23 14:55:29,219 - coint2.engine.numba_engine - INFO - Запуск Numba-оптимизированного бэктеста для APEUSDT-HFTUSDT
2026-01-23 14:55:29,240 - coint2.engine.numba_engine - INFO - Запуск Numba-оптимизированного бэктеста для AFCUSDT-ANKRUSDT
2026-01-23 14:55:29,241 - coint2.engine.numba_engine - INFO - Запуск Numba-оптимизированного бэктеста для AGLDUSDT-HFTUSDC
2026-01-23 14:55:29,250 - coint2.engine.numba_engine - INFO - Запуск Numba-оптимизированного бэктеста для AXSUSDT-DOTUSDC
2026-01-23 14:55:29,269 - coint2.engine.numba_engine - INFO - Запуск Numba-оптимизированного бэктеста для AGLDUSDT-HFTUSDT
2026-01-23 14:55:29,295 - coint2.engine.numba_engine - INFO - Запуск Numba-оптимизированного бэктеста для APEUSDC-ATOMUSDT
2026-01-23 14:55:29,331 - coint2.engine.numba_engine - INFO - Запуск Numba-оптимизированного бэктеста для APEUSDT-ATOMUSDT
2026-01-23 14:55:29,369 - INFO -   ⏱️ Параллельная обработка завершена за 0.4с (55.5 пар/с)
2026-01-23 14:55:29,381 - coint2.pipeline.walk_forward_orchestrator - INFO - 🎯 СИМУЛЯЦИЯ ПОРТФЕЛЯ: 20 пар, лимит 15 позиций
2026-01-23 14:55:30,127 - coint2.pipeline.walk_forward_orchestrator - INFO -    📈 Макс. одновременных сигналов: 0
2026-01-23 14:55:30,128 - coint2.pipeline.walk_forward_orchestrator - INFO -    📊 Средн. сигналов за период: 0.0
2026-01-23 14:55:30,128 - coint2.pipeline.walk_forward_orchestrator - INFO -    🎯 Финальных активных позиций: 0
2026-01-23 14:55:30,129 - coint2.pipeline.walk_forward_orchestrator - INFO -    ⚡ Утилизация лимита позиций: 0.0%
2026-01-23 14:55:30,130 - INFO - ⇠ WF-шаг 1/3 backtests — completed 20 items in 1.12s (17.8 items/s)
2026-01-23 14:55:30,130 - INFO -   ✅ Обработка завершена: 20 успешно, 0 с ошибками
2026-01-23 14:55:30,130 - INFO -   📊 Успешность: 100.0%, прибыльность: 0.0%, сделок/пара: 0.0
2026-01-23 14:55:30,130 - INFO -   ✅ Завершены бэктесты для 20 пар
2026-01-23 14:55:30,130 - INFO -   📊 Всего обработано пар в этом шаге: 20
2026-01-23 14:55:30,130 - INFO -   📈 Результаты шага: 0/20 прибыльных пар, 0 сделок
2026-01-23 14:55:30,130 - INFO -   💰 P&L шага: $+0.00
2026-01-23 14:55:30,130 - INFO -   ⇢ Обновление капитала и дневного P&L...
2026-01-23 14:55:31,288 - INFO -   💼 Шаг P&L: $+0.00, Накопленный капитал: $1,000.00
2026-01-23 14:55:31,288 - INFO - ------------------------------------------------------------
2026-01-23 14:55:31,288 - INFO -   Walk-forward steps: 1 / 3 (33.3%) | 0.1 items/s | ETA: 21.8s
2026-01-23 14:55:31,288 - INFO - 🔍 WF-шаг 2/3: Валидация временных окон...
2026-01-23 14:55:31,289 - INFO - ⇢ WF-шаг 2/3: training 2023-11-02-2024-01-30, testing 2024-01-31-2024-03-01 — start
2026-01-23 14:55:31,289 - INFO - ⇢ loading step data — start
2026-01-23 14:55:31,549 - INFO - ⇠ loading step data — done in 0.26s
2026-01-23 14:55:33,400 - INFO - 📊 WF-шаг 2/3: Границы данных:
2026-01-23 14:55:33,400 - INFO -    Training: 2023-11-02 00:00:00 → 2024-01-30 23:45:00 (8,640 строк × 346 символов)
2026-01-23 14:55:33,400 - INFO -    Testing:  2024-01-31 00:00:00 → 2024-03-01 00:00:00 (2,881 строк × 346 символов)
2026-01-23 14:55:33,400 - INFO -    Временной разрыв: 0 days 00:15:00
2026-01-23 14:55:33,444 - INFO - ⇢ normalizing training data — start
2026-01-23 14:55:33,486 - INFO -   Символы с NaN значениями: 63
2026-01-23 14:55:33,486 - INFO -   Применяем метод нормализации: rolling_zscore
2026-01-23 14:55:33,509 - INFO - Символы с недостаточной историей: 58 из 346
2026-01-23 14:55:34,134 - INFO - Символы с NaN после нормализации: 288
2026-01-23 14:55:34,143 - INFO - Удалено 1193 начальных строк с NaN от rolling расчетов
2026-01-23 14:55:34,145 - INFO - Итоговое количество символов после нормализации: 288 из 346
2026-01-23 14:55:34,146 - INFO -   Статистика нормализации:
2026-01-23 14:55:34,146 - INFO -     Исходные символы: 346
2026-01-23 14:55:34,146 - INFO -     Недостаточная история: 58
2026-01-23 14:55:34,146 - INFO -     Постоянная цена: 0
2026-01-23 14:55:34,146 - INFO -     NaN после нормализации: 288
2026-01-23 14:55:34,146 - INFO -     Итоговые символы: 288 (83.2%)
2026-01-23 14:55:34,146 - INFO -   После нормализации: 288 символов (потеряно 58)
2026-01-23 14:55:34,146 - INFO -   Отброшено много символов: 58 из 346
2026-01-23 14:55:34,146 - INFO - ⇠ normalizing training data — done in 0.70s
2026-01-23 14:55:34,146 - INFO -   Фиксированный universe: 246 пар (отфильтровано 4 недоступных)
2026-01-23 14:55:34,146 - INFO - ⇢ filtering pairs by cointegration and half-life — start
2026-01-23 14:55:34,147 - INFO - [ФИЛЬТР] Параллельная фильтрация: threads (8 workers)
2026-01-23 14:55:39,789 - INFO - [ФИЛЬТР] После проверки данных: 218 пар
2026-01-23 14:55:39,789 - INFO - [ФИЛЬТР] После фильтра корреляции (>0.4): 122 пар
2026-01-23 14:55:39,789 - INFO - [ФИЛЬТР] После фильтра beta: 108 пар
2026-01-23 14:55:39,789 - INFO - [ФИЛЬТР] После фильтра mean crossings: 108 пар
2026-01-23 14:55:39,789 - INFO - [ФИЛЬТР] После фильтра half-life: 108 пар
2026-01-23 14:55:39,789 - INFO - [ФИЛЬТР] После фильтра коинтеграции: 72 пар
2026-01-23 14:55:39,789 - INFO - [ФИЛЬТР] После фильтра Hurst: 55 пар
2026-01-23 14:55:39,789 - INFO - [ФИЛЬТР] После фильтра KPSS: 55 пар
2026-01-23 14:55:39,789 - INFO - [ФИЛЬТР] После фильтра market microstructure: 49 пар
2026-01-23 14:55:39,789 - INFO - [ФИЛЬТР] Статистика фильтрации (оптимизированный порядок):
2026-01-23 14:55:39,789 - INFO -   1. SSD → Коинтеграция: 246 → 72 пар
2026-01-23 14:55:39,789 - INFO -   2. Коинтеграция → Beta: 72 → 108 пар
2026-01-23 14:55:39,789 - INFO -   3. Beta → Half-life: 108 → 108 пар
2026-01-23 14:55:39,789 - INFO -   4. Half-life → Mean crossings: 108 → 108 пар
2026-01-23 14:55:39,790 - INFO -   5. Mean crossings → Hurst: 108 → 55 пар
2026-01-23 14:55:39,790 - INFO -   6. Hurst → KPSS: 55 → 55 пар
2026-01-23 14:55:39,790 - INFO -   7. KPSS → Market microstructure: 55 → 49 пар
2026-01-23 14:55:39,790 - INFO - [ФИЛЬТР] Причины отсева:
2026-01-23 14:55:39,790 - INFO -   • low_correlation: 96 пар (39.0%)
2026-01-23 14:55:39,790 - INFO -   • pvalue: 36 пар (14.6%)
2026-01-23 14:55:39,790 - INFO -   • insufficient_data: 28 пар (11.4%)
2026-01-23 14:55:39,790 - INFO -   • hurst: 17 пар (6.9%)
2026-01-23 14:55:39,790 - INFO -   • beta: 14 пар (5.7%)
2026-01-23 14:55:39,790 - INFO -   • history: 6 пар (2.4%)
2026-01-23 14:55:39,790 - INFO - [ФИЛЬТР] Итого: 246 → 49 пар (19.9% прошли все фильтры)
2026-01-23 14:55:39,792 - INFO - Причины отсева сохранены в results/filter_reasons_20260123_145539.csv
2026-01-23 14:55:39,792 - INFO -   Pair stability filter: 49 → 31 (window=2, min_steps=1, history=1)
2026-01-23 14:55:39,792 - INFO -   Фильтрация: 246 → 31 пар
2026-01-23 14:55:39,793 - INFO - ⇠ filtering pairs by cointegration and half-life — done in 5.65s
2026-01-23 14:55:39,793 - INFO - ⇠ WF-шаг 2/3: training 2023-11-02-2024-01-30, testing 2024-01-31-2024-03-01 — done in 8.50s
2026-01-23 14:55:39,793 - INFO -   Ограничение max_pairs=20: 31 → 20
2026-01-23 14:55:39,793 - INFO -   Топ-3 пары по волатильности спреда:
2026-01-23 14:55:39,793 - INFO -     1. BTCDAI-BTCEUR: beta=1.1459, std=574.8675
2026-01-23 14:55:39,793 - INFO -     2. ETHDAI-ETHEUR: beta=1.1311, std=22.8903
2026-01-23 14:55:39,793 - INFO -     3. BTCUSDC-BTCUSDT: beta=0.9990, std=20.6114
2026-01-23 14:55:39,793 - INFO -   Всего пар для торговли: 20 (ограничение 15 применяется к одновременно открытым позициям)
2026-01-23 14:55:39,793 - INFO -   💰 Проверка расчета капитала: equity=$1,000.00, кандидатных_пар=20, max_позиций=15
2026-01-23 14:55:39,793 - INFO -   🎯 Target concurrency: 15 (ожидаемое одновременное число позиций)
2026-01-23 14:55:39,793 - INFO -   📊 Детали расчета капитала:
2026-01-23 14:55:39,793 - INFO -      • Базовый капитал на пару: $66.67 (equity / target_concurrency)
2026-01-23 14:55:39,793 - INFO -      • Риск-капитал: $18.00 (1.8% от equity)
2026-01-23 14:55:39,793 - INFO -      • Макс. размер позиции: $50.00 (5.0% от equity)
2026-01-23 14:55:39,793 - INFO -      • Итоговый капитал на пару: $18.00
2026-01-23 14:55:39,794 - INFO - ⇢ WF-шаг 2/3 backtests — starting 20 items
2026-01-23 14:55:39,794 - INFO - 🚀 WF-шаг 2/3: Начинаем бэктесты для 20 пар...
2026-01-23 14:55:39,794 - INFO - 🚀 WF-шаг 2/3: Запускаем параллельную обработку 20 пар на 8 ядрах...
2026-01-23 14:55:39,794 - INFO - 🚀 WF-шаг 2/3: Режим параллельности: процессы
⚙️  Загрузка данных за период: 2023-11-02 -> 2024-03-01
📂 Найдено 43 parquet файлов для обработки.
📊 Схема данных: Schema({'timestamp': Int64, 'open': Float64, 'high': Float64, 'low': Float64, 'close': Float64, 'volume': Float64, 'turnover': String, 'ts_ms': Int64, 'symbol': String})
✅ Загружено 3596229 записей с помощью Polars.
📊 Типы данных в pandas: timestamp       datetime64[us]
symbol                  object
close                  float64
timestamp_ms             int64
dtype: object
2026-01-23 14:55:39,854 - coint2.engine.numba_engine - INFO - Запуск Numba-оптимизированного бэктеста для BTCDAI-BTCEUR
2026-01-23 14:55:39,875 - coint2.engine.numba_engine - INFO - Запуск Numba-оптимизированного бэктеста для ETHDAI-ETHEUR
2026-01-23 14:55:39,900 - coint2.engine.numba_engine - INFO - Запуск Numba-оптимизированного бэктеста для BTCUSDC-BTCUSDT
2026-01-23 14:55:39,926 - coint2.engine.numba_engine - INFO - Запуск Numba-оптимизированного бэктеста для ETHUSDC-ETHUSDT
2026-01-23 14:55:39,945 - coint2.engine.numba_engine - INFO - Запуск Numba-оптимизированного бэктеста для AGLDUSDT-HFTUSDT
2026-01-23 14:55:39,953 - coint2.engine.numba_engine - INFO - Запуск Numba-оптимизированного бэктеста для ATOMUSDT-GODSUSDT
2026-01-23 14:55:39,954 - coint2.engine.numba_engine - INFO - Запуск Numba-оптимизированного бэктеста для APEUSDC-HFTUSDT
2026-01-23 14:55:39,967 - coint2.engine.numba_engine - INFO - Запуск Numba-оптимизированного бэктеста для APEUSDC-GODSUSDT
2026-01-23 14:55:39,975 - coint2.engine.numba_engine - INFO - Запуск Numba-оптимизированного бэктеста для APEUSDT-GODSUSDT
2026-01-23 14:55:39,979 - coint2.engine.numba_engine - INFO - Запуск Numba-оптимизированного бэктеста для AXSUSDT-DOTUSDT
2026-01-23 14:55:39,981 - coint2.engine.numba_engine - INFO - Запуск Numba-оптимизированного бэктеста для APEUSDC-HFTUSDC
2026-01-23 14:55:40,002 - coint2.engine.numba_engine - INFO - Запуск Numba-оптимизированного бэктеста для HOOKUSDT-KAVAUSDT
2026-01-23 14:55:40,016 - coint2.engine.numba_engine - INFO - Запуск Numba-оптимизированного бэктеста для APEUSDT-HFTUSDT
2026-01-23 14:55:40,020 - coint2.engine.numba_engine - INFO - Запуск Numba-оптимизированного бэктеста для AXSUSDT-DOTUSDC
2026-01-23 14:55:40,036 - coint2.engine.numba_engine - INFO - Запуск Numba-оптимизированного бэктеста для APEUSDT-HFTUSDC
2026-01-23 14:55:40,039 - coint2.engine.numba_engine - INFO - Запуск Numba-оптимизированного бэктеста для CELOUSDT-ENJUSDT
2026-01-23 14:55:40,057 - coint2.engine.numba_engine - INFO - Запуск Numba-оптимизированного бэктеста для AGLDUSDT-HFTUSDC
2026-01-23 14:55:40,063 - coint2.engine.numba_engine - INFO - Запуск Numba-оптимизированного бэктеста для APEUSDC-ATOMUSDT
2026-01-23 14:55:40,112 - coint2.engine.numba_engine - INFO - Запуск Numba-оптимизированного бэктеста для APEUSDT-ATOMUSDT
2026-01-23 14:55:40,141 - coint2.engine.numba_engine - INFO - Запуск Numba-оптимизированного бэктеста для AFCUSDT-ANKRUSDT
2026-01-23 14:55:40,186 - INFO -   ⏱️ Параллельная обработка завершена за 0.4с (51.0 пар/с)
2026-01-23 14:55:40,198 - coint2.pipeline.walk_forward_orchestrator - INFO - 🎯 СИМУЛЯЦИЯ ПОРТФЕЛЯ: 20 пар, лимит 15 позиций
2026-01-23 14:55:40,758 - coint2.pipeline.walk_forward_orchestrator - INFO -    📈 Макс. одновременных сигналов: 0
2026-01-23 14:55:40,758 - coint2.pipeline.walk_forward_orchestrator - INFO -    📊 Средн. сигналов за период: 0.0
2026-01-23 14:55:40,759 - coint2.pipeline.walk_forward_orchestrator - INFO -    🎯 Финальных активных позиций: 0
2026-01-23 14:55:40,760 - coint2.pipeline.walk_forward_orchestrator - INFO -    ⚡ Утилизация лимита позиций: 0.0%
2026-01-23 14:55:40,760 - INFO - ⇠ WF-шаг 2/3 backtests — completed 20 items in 0.97s (20.7 items/s)
2026-01-23 14:55:40,760 - INFO -   ✅ Обработка завершена: 20 успешно, 0 с ошибками
2026-01-23 14:55:40,760 - INFO -   📊 Успешность: 100.0%, прибыльность: 0.0%, сделок/пара: 0.0
2026-01-23 14:55:40,760 - INFO -   ✅ Завершены бэктесты для 20 пар
2026-01-23 14:55:40,760 - INFO -   📊 Всего обработано пар в этом шаге: 20
2026-01-23 14:55:40,760 - INFO -   📈 Результаты шага: 0/20 прибыльных пар, 0 сделок
2026-01-23 14:55:40,760 - INFO -   💰 P&L шага: $+0.00
2026-01-23 14:55:40,761 - INFO -   ⇢ Обновление капитала и дневного P&L...
2026-01-23 14:55:41,991 - INFO -   💼 Шаг P&L: $+0.00, Накопленный капитал: $1,000.00
2026-01-23 14:55:41,991 - INFO - ------------------------------------------------------------
2026-01-23 14:55:41,991 - INFO -   Walk-forward steps: 2 / 3 (66.7%) | 0.1 items/s | ETA: 10.8s
2026-01-23 14:55:41,991 - INFO - 🔍 WF-шаг 3/3: Валидация временных окон...
2026-01-23 14:55:41,992 - INFO - ⇢ WF-шаг 3/3: training 2023-12-02-2024-02-29, testing 2024-03-01-2024-03-31 — start
2026-01-23 14:55:41,992 - INFO - ⇢ loading step data — start
2026-01-23 14:55:42,265 - INFO - ⇠ loading step data — done in 0.27s
2026-01-23 14:55:44,256 - INFO - 📊 WF-шаг 3/3: Границы данных:
2026-01-23 14:55:44,257 - INFO -    Training: 2023-12-02 00:00:00 → 2024-02-29 23:45:00 (8,640 строк × 361 символов)
2026-01-23 14:55:44,257 - INFO -    Testing:  2024-03-01 00:00:00 → 2024-03-31 00:00:00 (2,881 строк × 361 символов)
2026-01-23 14:55:44,257 - INFO -    Временной разрыв: 0 days 00:15:00
2026-01-23 14:55:44,304 - INFO - ⇢ normalizing training data — start
2026-01-23 14:55:44,347 - INFO -   Символы с NaN значениями: 68
2026-01-23 14:55:44,347 - INFO -   Применяем метод нормализации: rolling_zscore
2026-01-23 14:55:44,371 - INFO - Символы с недостаточной историей: 56 из 361
2026-01-23 14:55:45,045 - INFO - Символы с NaN после нормализации: 305
2026-01-23 14:55:45,054 - INFO - Удалено 1673 начальных строк с NaN от rolling расчетов
2026-01-23 14:55:45,057 - INFO - Итоговое количество символов после нормализации: 305 из 361
2026-01-23 14:55:45,057 - INFO -   Статистика нормализации:
2026-01-23 14:55:45,057 - INFO -     Исходные символы: 361
2026-01-23 14:55:45,057 - INFO -     Недостаточная история: 56
2026-01-23 14:55:45,057 - INFO -     Постоянная цена: 0
2026-01-23 14:55:45,057 - INFO -     NaN после нормализации: 305
2026-01-23 14:55:45,057 - INFO -     Итоговые символы: 305 (84.5%)
2026-01-23 14:55:45,057 - INFO -   После нормализации: 305 символов (потеряно 56)
2026-01-23 14:55:45,057 - INFO -   Отброшено много символов: 56 из 361
2026-01-23 14:55:45,057 - INFO - ⇠ normalizing training data — done in 0.75s
2026-01-23 14:55:45,058 - INFO -   Фиксированный universe: 250 пар (отфильтровано 0 недоступных)
2026-01-23 14:55:45,058 - INFO - ⇢ filtering pairs by cointegration and half-life — start
2026-01-23 14:55:45,058 - INFO - [ФИЛЬТР] Параллельная фильтрация: threads (8 workers)
2026-01-23 14:55:52,223 - INFO - [ФИЛЬТР] После проверки данных: 239 пар
2026-01-23 14:55:52,223 - INFO - [ФИЛЬТР] После фильтра корреляции (>0.4): 137 пар
2026-01-23 14:55:52,223 - INFO - [ФИЛЬТР] После фильтра beta: 127 пар
2026-01-23 14:55:52,223 - INFO - [ФИЛЬТР] После фильтра mean crossings: 127 пар
2026-01-23 14:55:52,223 - INFO - [ФИЛЬТР] После фильтра half-life: 127 пар
2026-01-23 14:55:52,223 - INFO - [ФИЛЬТР] После фильтра коинтеграции: 92 пар
2026-01-23 14:55:52,223 - INFO - [ФИЛЬТР] После фильтра Hurst: 76 пар
2026-01-23 14:55:52,223 - INFO - [ФИЛЬТР] После фильтра KPSS: 76 пар
2026-01-23 14:55:52,223 - INFO - [ФИЛЬТР] После фильтра market microstructure: 68 пар
2026-01-23 14:55:52,224 - INFO - [ФИЛЬТР] Статистика фильтрации (оптимизированный порядок):
2026-01-23 14:55:52,224 - INFO -   1. SSD → Коинтеграция: 250 → 92 пар
2026-01-23 14:55:52,224 - INFO -   2. Коинтеграция → Beta: 92 → 127 пар
2026-01-23 14:55:52,224 - INFO -   3. Beta → Half-life: 127 → 127 пар
2026-01-23 14:55:52,224 - INFO -   4. Half-life → Mean crossings: 127 → 127 пар
2026-01-23 14:55:52,224 - INFO -   5. Mean crossings → Hurst: 127 → 76 пар
2026-01-23 14:55:52,224 - INFO -   6. Hurst → KPSS: 76 → 76 пар
2026-01-23 14:55:52,224 - INFO -   7. KPSS → Market microstructure: 76 → 68 пар
2026-01-23 14:55:52,224 - INFO - [ФИЛЬТР] Причины отсева:
2026-01-23 14:55:52,224 - INFO -   • low_correlation: 102 пар (40.8%)
2026-01-23 14:55:52,224 - INFO -   • pvalue: 35 пар (14.0%)
2026-01-23 14:55:52,224 - INFO -   • hurst: 16 пар (6.4%)
2026-01-23 14:55:52,224 - INFO -   • insufficient_data: 11 пар (4.4%)
2026-01-23 14:55:52,224 - INFO -   • beta: 10 пар (4.0%)
2026-01-23 14:55:52,224 - INFO -   • history: 8 пар (3.2%)
2026-01-23 14:55:52,224 - INFO - [ФИЛЬТР] Итого: 250 → 68 пар (27.2% прошли все фильтры)
2026-01-23 14:55:52,226 - INFO - Причины отсева сохранены в results/filter_reasons_20260123_145552.csv
2026-01-23 14:55:52,226 - INFO -   Pair stability filter: 68 → 29 (window=2, min_steps=1, history=2)
2026-01-23 14:55:52,226 - INFO -   Фильтрация: 250 → 29 пар
2026-01-23 14:55:52,226 - INFO - ⇠ filtering pairs by cointegration and half-life — done in 7.17s
2026-01-23 14:55:52,226 - INFO - ⇠ WF-шаг 3/3: training 2023-12-02-2024-02-29, testing 2024-03-01-2024-03-31 — done in 10.23s
2026-01-23 14:55:52,226 - INFO -   Ограничение max_pairs=20: 29 → 20
2026-01-23 14:55:52,226 - INFO -   Топ-3 пары по волатильности спреда:
2026-01-23 14:55:52,227 - INFO -     1. BTCDAI-BTCEUR: beta=1.0480, std=582.7625
2026-01-23 14:55:52,227 - INFO -     2. ETHDAI-ETHEUR: beta=1.0530, std=30.4486
2026-01-23 14:55:52,227 - INFO -     3. ATOMUSDT-GODSUSDT: beta=8.5838, std=0.6434
2026-01-23 14:55:52,227 - INFO -   Всего пар для торговли: 20 (ограничение 15 применяется к одновременно открытым позициям)
2026-01-23 14:55:52,227 - INFO -   💰 Проверка расчета капитала: equity=$1,000.00, кандидатных_пар=20, max_позиций=15
2026-01-23 14:55:52,227 - INFO -   🎯 Target concurrency: 15 (ожидаемое одновременное число позиций)
2026-01-23 14:55:52,227 - INFO -   📊 Детали расчета капитала:
2026-01-23 14:55:52,227 - INFO -      • Базовый капитал на пару: $66.67 (equity / target_concurrency)
2026-01-23 14:55:52,227 - INFO -      • Риск-капитал: $18.00 (1.8% от equity)
2026-01-23 14:55:52,227 - INFO -      • Макс. размер позиции: $50.00 (5.0% от equity)
2026-01-23 14:55:52,227 - INFO -      • Итоговый капитал на пару: $18.00
2026-01-23 14:55:52,227 - INFO - ⇢ WF-шаг 3/3 backtests — starting 20 items
2026-01-23 14:55:52,227 - INFO - 🚀 WF-шаг 3/3: Начинаем бэктесты для 20 пар...
2026-01-23 14:55:52,227 - INFO - 🚀 WF-шаг 3/3: Запускаем параллельную обработку 20 пар на 8 ядрах...
2026-01-23 14:55:52,228 - INFO - 🚀 WF-шаг 3/3: Режим параллельности: процессы
⚙️  Загрузка данных за период: 2023-12-02 -> 2024-03-31
📂 Найдено 43 parquet файлов для обработки.
📊 Схема данных: Schema({'timestamp': Int64, 'open': Float64, 'high': Float64, 'low': Float64, 'close': Float64, 'volume': Float64, 'turnover': String, 'ts_ms': Int64, 'symbol': String})
✅ Загружено 3779046 записей с помощью Polars.
📊 Типы данных в pandas: timestamp       datetime64[us]
symbol                  object
close                  float64
timestamp_ms             int64
dtype: object
2026-01-23 14:55:52,284 - coint2.engine.numba_engine - INFO - Запуск Numba-оптимизированного бэктеста для BTCDAI-BTCEUR
2026-01-23 14:55:52,311 - coint2.engine.numba_engine - INFO - Запуск Numba-оптимизированного бэктеста для ETHDAI-ETHEUR
2026-01-23 14:55:52,338 - coint2.engine.numba_engine - INFO - Запуск Numba-оптимизированного бэктеста для ATOMUSDT-GODSUSDT
2026-01-23 14:55:52,365 - coint2.engine.numba_engine - INFO - Запуск Numba-оптимизированного бэктеста для APEUSDC-HFTUSDC
2026-01-23 14:55:52,365 - coint2.engine.numba_engine - INFO - Запуск Numba-оптимизированного бэктеста для ATOMUSDT-KCALUSDT
2026-01-23 14:55:52,386 - coint2.engine.numba_engine - INFO - Запуск Numba-оптимизированного бэктеста для BICOUSDT-KASTAUSDT
2026-01-23 14:55:52,392 - coint2.engine.numba_engine - INFO - Запуск Numba-оптимизированного бэктеста для APEUSDT-HFTUSDC
2026-01-23 14:55:52,393 - coint2.engine.numba_engine - INFO - Запуск Numba-оптимизированного бэктеста для CAKEUSDT-FIDAUSDT
2026-01-23 14:55:52,414 - coint2.engine.numba_engine - INFO - Запуск Numba-оптимизированного бэктеста для 1INCHUSDT-AXSUSDT
2026-01-23 14:55:52,419 - coint2.engine.numba_engine - INFO - Запуск Numba-оптимизированного бэктеста для APEUSDC-ATOMUSDT
2026-01-23 14:55:52,421 - coint2.engine.numba_engine - INFO - Запуск Numba-оптимизированного бэктеста для APEUSDT-GODSUSDT
2026-01-23 14:55:52,441 - coint2.engine.numba_engine - INFO - Запуск Numba-оптимизированного бэктеста для GMTUSDC-KAVAUSDT
2026-01-23 14:55:52,447 - coint2.engine.numba_engine - INFO - Запуск Numba-оптимизированного бэктеста для APEUSDT-ATOMUSDT
2026-01-23 14:55:52,449 - coint2.engine.numba_engine - INFO - Запуск Numba-оптимизированного бэктеста для AGLDUSDT-HFTUSDC
2026-01-23 14:55:52,468 - coint2.engine.numba_engine - INFO - Запуск Numba-оптимизированного бэктеста для GMTUSDT-KAVAUSDT
2026-01-23 14:55:52,475 - coint2.engine.numba_engine - INFO - Запуск Numba-оптимизированного бэктеста для AFCUSDT-ANKRUSDT
2026-01-23 14:55:52,476 - coint2.engine.numba_engine - INFO - Запуск Numba-оптимизированного бэктеста для AGLDUSDT-HFTUSDT
2026-01-23 14:55:52,505 - coint2.engine.numba_engine - INFO - Запуск Numba-оптимизированного бэктеста для GODSUSDT-KCALUSDT
2026-01-23 14:55:52,530 - coint2.engine.numba_engine - INFO - Запуск Numba-оптимизированного бэктеста для BICOUSDT-ETHWUSDT
2026-01-23 14:55:52,557 - coint2.engine.numba_engine - INFO - Запуск Numba-оптимизированного бэктеста для AVAUSDT-FITFIUSDT
2026-01-23 14:55:52,600 - INFO -   ⏱️ Параллельная обработка завершена за 0.4с (53.7 пар/с)
2026-01-23 14:55:52,613 - coint2.pipeline.walk_forward_orchestrator - INFO - 🎯 СИМУЛЯЦИЯ ПОРТФЕЛЯ: 20 пар, лимит 15 позиций
2026-01-23 14:55:53,170 - coint2.pipeline.walk_forward_orchestrator - INFO -    📈 Макс. одновременных сигналов: 0
2026-01-23 14:55:53,170 - coint2.pipeline.walk_forward_orchestrator - INFO -    📊 Средн. сигналов за период: 0.0
2026-01-23 14:55:53,171 - coint2.pipeline.walk_forward_orchestrator - INFO -    🎯 Финальных активных позиций: 0
2026-01-23 14:55:53,172 - coint2.pipeline.walk_forward_orchestrator - INFO -    ⚡ Утилизация лимита позиций: 0.0%
2026-01-23 14:55:53,172 - INFO - ⇠ WF-шаг 3/3 backtests — completed 20 items in 0.94s (21.2 items/s)
2026-01-23 14:55:53,172 - INFO -   ✅ Обработка завершена: 20 успешно, 0 с ошибками
2026-01-23 14:55:53,172 - INFO -   📊 Успешность: 100.0%, прибыльность: 0.0%, сделок/пара: 0.0
2026-01-23 14:55:53,172 - INFO -   ✅ Завершены бэктесты для 20 пар
2026-01-23 14:55:53,173 - INFO -   📊 Всего обработано пар в этом шаге: 20
2026-01-23 14:55:53,173 - INFO -   📈 Результаты шага: 0/20 прибыльных пар, 0 сделок
2026-01-23 14:55:53,173 - INFO -   💰 P&L шага: $+0.00
2026-01-23 14:55:53,173 - INFO -   ⇢ Обновление капитала и дневного P&L...
2026-01-23 14:55:54,513 - INFO -   💼 Шаг P&L: $+0.00, Накопленный капитал: $1,000.00
2026-01-23 14:55:54,513 - INFO - ------------------------------------------------------------
2026-01-23 14:55:54,513 - INFO -   Walk-forward steps: 3 / 3 (100.0%) | 0.1 items/s | ETA: 0.0s
2026-01-23 14:55:54,513 - INFO - ⇠ Walk-forward steps — completed 3 items in 34.13s (0.1 items/s)
2026-01-23 14:55:54,513 - INFO - ================================================================================
2026-01-23 14:55:54,513 - INFO - 🏁 Walk-forward анализ завершен!
2026-01-23 14:55:54,513 - INFO - ⏱️ Обработано 3 шагов за 2.3 секунд
2026-01-23 14:55:54,513 - INFO - 📊 Всего обработано пар за весь анализ: 60
2026-01-23 14:55:54,513 - INFO - 💰 Финальный капитал: $1,000.00 (было $1,000.00)
2026-01-23 14:55:54,513 - INFO - 📈 Общая доходность: +0.00% ($+0.00)
2026-01-23 14:55:54,513 - INFO - 📊 Всего сделок: 0
2026-01-23 14:55:54,513 - INFO - ================================================================================
2026-01-23 14:55:54,513 - INFO - ✓ Завершены все 3 WF-шагов
2026-01-23 14:55:54,513 - INFO - ⇢ Обработка финальных результатов и расчет метрик...
2026-01-23 14:55:54,513 - INFO - ⇢ processing final results — start
2026-01-23 14:55:54,514 - INFO -   ⇢ Агрегация данных P&L за 8643 торговых дней
2026-01-23 14:55:54,535 - INFO -   ⇢ Расчет базовых метрик производительности...
2026-01-23 14:55:54,536 - INFO -     📊 Данные для анализа: 8643 записей P&L, 8641 точек equity
2026-01-23 14:55:54,538 - INFO -   ⇢ Расчет расширенных метрик (волатильность, Calmar ratio, и др.)...
2026-01-23 14:55:54,538 - INFO -   ✅ Расширенные метрики рассчитаны: 6 показателей
2026-01-23 14:55:54,538 - INFO -   ⇢ Анализ статистики по 60 парам...
2026-01-23 14:55:54,541 - INFO - ✅ Рассчитаны метрики производительности (26 показателей)
2026-01-23 14:55:54,541 - INFO -   💰 Общий P&L: $+0.00
2026-01-23 14:55:54,541 - INFO -   📊 Sharpe Ratio: 0.000
2026-01-23 14:55:54,541 - INFO -   📉 Максимальная просадка: 0.00%
2026-01-23 14:55:54,541 - INFO -   🔄 Всего сделок: 0
2026-01-23 14:55:54,541 - INFO -   📈 Торгуемых пар: 31
2026-01-23 14:55:54,541 - INFO -   💸 Общие издержки: $0.00
2026-01-23 14:55:54,542 - coint2.metrics - INFO - Metric: total_pnl
2026-01-23 14:55:54,542 - coint2.metrics - INFO - Metric: sharpe_ratio_abs
2026-01-23 14:55:54,542 - coint2.metrics - INFO - Metric: max_drawdown_pct
2026-01-23 14:55:54,542 - coint2.metrics - INFO - Metric: total_trades
2026-01-23 14:55:54,542 - coint2.metrics - INFO - Metric: total_pairs_traded
2026-01-23 14:55:54,542 - coint2.metrics - INFO - Metric: total_costs
2026-01-23 14:55:54,543 - INFO - ⇠ processing final results — done in 0.03s
2026-01-23 14:55:54,543 - INFO - ⇢ Создание отчетов и сохранение результатов...
2026-01-23 14:55:54,543 - INFO - ⇢ generating reports — start
2026-01-23 14:55:54,543 - INFO -   ⇢ Создание отчета о производительности...
2026-01-23 14:56:00,252 - INFO -   ✓ Отчет о производительности создан
2026-01-23 14:56:00,252 - INFO -   ⇢ Сохранение данных в CSV файлы...
2026-01-23 14:56:00,254 - INFO - 📋 Метрики сохранены: artifacts/wfa/runs/20260123_budget1000_oos20240101_20240630_top50_maxnot40_riskfine2_minnotgrid_maxpairsgrid/stress_relaxed8_nokpss_20260123_oos20240101_20240630_top50_z1p00_exit0p06_hold180_cd180_ms0p2_cap1000_maxnot40_risk0p018_minnot20_maxpairs20/strategy_metrics.csv
2026-01-23 14:56:00,255 - INFO - 📈 Дневные P&L сохранены: artifacts/wfa/runs/20260123_budget1000_oos20240101_20240630_top50_maxnot40_riskfine2_minnotgrid_maxpairsgrid/stress_relaxed8_nokpss_20260123_oos20240101_20240630_top50_z1p00_exit0p06_hold180_cd180_ms0p2_cap1000_maxnot40_risk0p018_minnot20_maxpairs20/daily_pnl.csv (91 записей)
2026-01-23 14:56:00,278 - INFO - 💹 Кривая капитала сохранена: artifacts/wfa/runs/20260123_budget1000_oos20240101_20240630_top50_maxnot40_riskfine2_minnotgrid_maxpairsgrid/stress_relaxed8_nokpss_20260123_oos20240101_20240630_top50_z1p00_exit0p06_hold180_cd180_ms0p2_cap1000_maxnot40_risk0p018_minnot20_maxpairs20/equity_curve.csv (8641 точек)
2026-01-23 14:56:00,281 - INFO - 📋 Статистика сделок сохранена: artifacts/wfa/runs/20260123_budget1000_oos20240101_20240630_top50_maxnot40_riskfine2_minnotgrid_maxpairsgrid/stress_relaxed8_nokpss_20260123_oos20240101_20240630_top50_z1p00_exit0p06_hold180_cd180_ms0p2_cap1000_maxnot40_risk0p018_minnot20_maxpairs20/trade_statistics.csv (60 записей)
2026-01-23 14:56:00,281 - INFO - 🎉 Walk-Forward анализ полностью завершен!
2026-01-23 14:56:00,281 - INFO - 📊 Все отчеты и данные сохранены в: artifacts/wfa/runs/20260123_budget1000_oos20240101_20240630_top50_maxnot40_riskfine2_minnotgrid_maxpairsgrid/stress_relaxed8_nokpss_20260123_oos20240101_20240630_top50_z1p00_exit0p06_hold180_cd180_ms0p2_cap1000_maxnot40_risk0p018_minnot20_maxpairs20
2026-01-23 14:56:00,281 - INFO - 💼 Итоговый капитал: $1,000.00
2026-01-23 14:56:00,281 - INFO - ⏱️  Общее время выполнения: 8.1 секунд
2026-01-23 14:56:00,281 - INFO - ⇠ generating reports — done in 5.74s
2026-01-23 14:56:00,281 - coint2.core.memory_optimization - INFO - 🧹 Cleaning up global price data
2026-01-23 14:56:00,285 - coint2.core.memory_optimization - INFO - 📊 No global rolling stats to clean up
2026-01-23 14:56:00,285 - INFO - 🧹 Memory-mapped data cleaned up
2026-01-23 14:56:00,286 - INFO - ⇠ run_walk_forward_analysis — done in 45.20s
📊 Отчет сохранен: artifacts/wfa/runs/20260123_budget1000_oos20240101_20240630_top50_maxnot40_riskfine2_minnotgrid_maxpairsgrid/stress_relaxed8_nokpss_20260123_oos20240101_20240630_top50_z1p00_exit0p06_hold180_cd180_ms0p2_cap1000_maxnot40_risk0p018_minnot20_maxpairs20/CointegrationStrategy_performance_report.png
🎯 ============================================================
📊 ИТОГИ ТОРГОВОЙ СТРАТЕГИИ
🎯 ============================================================

💰 ФИНАНСОВЫЕ РЕЗУЛЬТАТЫ:
   • Общий P&L:                            0
   • Максимальная просадка:                0
   • Средний дневной P&L:                  0

📈 МЕТРИКИ РИСКА:
   • Коэффициент Шарпа:               0.0000
   • Волатильность P&L:                 0.00
   • Процент прибыльных дней:          0.00%

🔄 ТОРГОВАЯ АКТИВНОСТЬ:
   • Всего торговых дней:                 91
   • Всего сделок:                         0
   • Торгуемых пар:                       31
   • Сделок на пару:                     0.0
   • Успешность сделок:               0.00%

💸 РАСХОДЫ И ЭКСТРЕМУМЫ:
   • Общие расходы:                        0
   • Максимальная прибыль:                 0
   • Максимальный убыток:                  0
   • Лучшая пара (P&L):                    0
   • Худшая пара (P&L):                    0

📊 ОЦЕНКА СТРАТЕГИИ:
   ❌ УБЫТОЧНАЯ стратегия. Требует доработки

🎯 ============================================================

Annualized Sharpe Ratio: 0.0
[run_wfa_fullcpu] end: 2026-01-23T14:56:01Z
