[run_wfa_queue] 2026-01-23T13:38:52Z cmd: /opt/coint4/coint4/run_wfa_fullcpu.sh configs/budget_20260123_1000_capsweep_oos20240101_20240630_top50_maxnot40_notionalgrid/stress_relaxed8_nokpss_20260123_oos20240101_20240630_top50_z1p00_exit0p06_hold180_cd180_ms0p2_cap1000_maxnot40_risk0p04_minnot40_maxnot40.yaml artifacts/wfa/runs/20260123_budget1000_oos_notional20_grid/stress_relaxed8_nokpss_20260123_oos20240101_20240630_top50_z1p00_exit0p06_hold180_cd180_ms0p2_cap1000_maxnot40_risk0p04_minnot40_maxnot40
[run_wfa_fullcpu] start: 2026-01-23T13:38:52Z
[run_wfa_fullcpu] os.cpu_count: 8
[run_wfa_fullcpu] worker_pid=1841
2026-01-23 13:38:56,097 - coint2.core.memory_optimization - INFO - ✅ BLAS threading limits set to 1 via threadpoolctl
2026-01-23 13:38:56,097 - coint2.core.memory_optimization - INFO - 🔧 Controlled libraries: openblas, openmp
2026-01-23 13:38:56,098 - coint2.core.memory_optimization - INFO - 🧵 Process threads: 2 → 2
2026-01-23 13:38:56,098 - coint2.core.memory_optimization - INFO - 📝 Set 11 environment variables
2026-01-23 13:38:56,432 - INFO - ✅ Параметры конфигурации валидны
2026-01-23 13:38:56,432 - INFO - 📝 Некоторые параметры были скорректированы:
2026-01-23 13:38:56,584 - INFO - 🔒 WFA: фиксированный universe из artifacts/universe/20260119_relaxed8_strict_preholdout_v2/pairs_universe.yaml (250 пар)
2026-01-23 13:38:56,585 - INFO -   Шаг 1: тренировка 2023-10-03-2023-12-31, тест 2024-01-01-2024-01-31
2026-01-23 13:38:56,585 - INFO -   Шаг 2: тренировка 2023-11-02-2024-01-30, тест 2024-01-31-2024-03-01
2026-01-23 13:38:56,585 - INFO -   Шаг 3: тренировка 2023-12-02-2024-02-29, тест 2024-03-01-2024-03-31
2026-01-23 13:38:56,585 - INFO -   Шаг 4: тренировка 2024-01-01-2024-03-30, тест 2024-03-31-2024-04-30
2026-01-23 13:38:56,585 - INFO -   Шаг 5: тренировка 2024-01-31-2024-04-29, тест 2024-04-30-2024-05-30
2026-01-23 13:38:56,585 - INFO -   Шаг 6: тренировка 2024-03-01-2024-05-29, тест 2024-05-30-2024-06-29
2026-01-23 13:38:56,585 - INFO -   Шаг 7: тренировка 2024-03-31-2024-06-28, тест 2024-06-29-2024-07-29
2026-01-23 13:38:56,585 - INFO - 📈 Запланировано 7 walk-forward шагов
2026-01-23 13:38:56,585 - INFO - ⛔ Ограничение WFA шагов: 7 → 3
2026-01-23 13:38:56,585 - WARNING - ⚠️ Маленький буфер между training и testing в шаге 1: 0 дней. Рекомендуется минимум 1 день.
2026-01-23 13:38:56,585 - WARNING - ⚠️ Маленький буфер между training и testing в шаге 2: 0 дней. Рекомендуется минимум 1 день.
2026-01-23 13:38:56,585 - WARNING - ⚠️ Маленький буфер между training и testing в шаге 3: 0 дней. Рекомендуется минимум 1 день.
2026-01-23 13:38:56,585 - INFO - ✅ Шаги успешно запланированы:
2026-01-23 13:38:56,585 - INFO -    Шаг 1: тренировка 2023-10-03-2023-12-31, тест 2024-01-01-2024-01-31
2026-01-23 13:38:56,585 - INFO -    Шаг 2: тренировка 2023-11-02-2024-01-30, тест 2024-01-31-2024-03-01
2026-01-23 13:38:56,585 - INFO -    Шаг 3: тренировка 2023-12-02-2024-02-29, тест 2024-03-01-2024-03-31
2026-01-23 13:38:56,585 - INFO - 🗂️ Consolidating price data for memory-mapped access...
2026-01-23 13:38:56,585 - INFO - 📊 Consolidating data range: 2023-09-28 → 2024-04-05
2026-01-23 13:38:56,586 - coint2.core.memory_optimization - INFO - 🔄 Consolidating price data from data_downloaded to .cache/consolidated_prices.parquet
2026-01-23 13:38:56,586 - INFO - ⇢ loading raw data for consolidation — start
2026-01-23 13:38:57,107 - INFO - ⇠ loading raw data for consolidation — done in 0.52s
2026-01-23 13:38:57,108 - INFO - ⇢ pivoting data to wide format — start
2026-01-23 13:39:00,953 - INFO - ⇠ pivoting data to wide format — done in 3.85s
2026-01-23 13:39:01,006 - coint2.core.memory_optimization - INFO - 📊 Consolidated data: 18241 rows × 366 symbols
2026-01-23 13:39:01,006 - coint2.core.memory_optimization - INFO - 💾 Memory usage: 26.9 MB
2026-01-23 13:39:01,006 - INFO - ⇢ writing consolidated Parquet file — start
2026-01-23 13:39:01,213 - INFO - ⇠ writing consolidated Parquet file — done in 0.21s
2026-01-23 13:39:01,214 - coint2.core.memory_optimization - INFO - ✅ Successfully consolidated data to .cache/consolidated_prices.parquet
2026-01-23 13:39:01,236 - coint2.core.memory_optimization - INFO - 🔄 Initializing memory-mapped price data from .cache/consolidated_prices.parquet
2026-01-23 13:39:01,236 - INFO - ⇢ loading memory-mapped data — start
2026-01-23 13:39:01,237 - coint2.core.memory_optimization - WARNING - ⚠️ memory_map не поддерживается в текущей версии pyarrow, fallback без mmap
2026-01-23 13:39:01,351 - INFO - ⇠ loading memory-mapped data — done in 0.11s
2026-01-23 13:39:01,361 - coint2.core.memory_optimization - INFO - 📊 Loaded 18241 rows × 366 symbols
2026-01-23 13:39:01,361 - coint2.core.memory_optimization - INFO - 💾 Memory usage: 26.9 MB (memory-mapped)
2026-01-23 13:39:01,362 - INFO - ✅ Memory-mapped data initialized successfully
2026-01-23 13:39:01,363 - INFO - ⇢ Walk-forward steps — starting 3 items
2026-01-23 13:39:01,364 - INFO - 📈 Инициализация equity кривой с первой тестовой даты: 2024-01-01 00:00:00
2026-01-23 13:39:01,364 - INFO - 🔍 WF-шаг 1/3: Валидация временных окон...
2026-01-23 13:39:01,364 - INFO - ⇢ WF-шаг 1/3: training 2023-10-03-2023-12-31, testing 2024-01-01-2024-01-31 — start
2026-01-23 13:39:01,364 - INFO - ⇢ loading step data — start
2026-01-23 13:39:01,584 - INFO - ⇠ loading step data — done in 0.22s
2026-01-23 13:39:03,623 - INFO - 📊 WF-шаг 1/3: Границы данных:
2026-01-23 13:39:03,624 - INFO -    Training: 2023-10-03 00:00:00 → 2023-12-31 23:45:00 (8,640 строк × 329 символов)
2026-01-23 13:39:03,624 - INFO -    Testing:  2024-01-01 00:00:00 → 2024-01-31 00:00:00 (2,881 строк × 329 символов)
2026-01-23 13:39:03,624 - INFO -    Временной разрыв: 0 days 00:15:00
2026-01-23 13:39:03,666 - INFO - ⇢ normalizing training data — start
2026-01-23 13:39:03,707 - INFO -   Символы с NaN значениями: 53
2026-01-23 13:39:03,708 - INFO -   Применяем метод нормализации: rolling_zscore
2026-01-23 13:39:03,731 - INFO - Символы с недостаточной историей: 50 из 329
2026-01-23 13:39:04,351 - INFO - Символы с NaN после нормализации: 279
2026-01-23 13:39:04,360 - INFO - Удалено 1577 начальных строк с NaN от rolling расчетов
2026-01-23 13:39:04,362 - INFO - Итоговое количество символов после нормализации: 279 из 329
2026-01-23 13:39:04,362 - INFO -   Статистика нормализации:
2026-01-23 13:39:04,362 - INFO -     Исходные символы: 329
2026-01-23 13:39:04,363 - INFO -     Недостаточная история: 50
2026-01-23 13:39:04,363 - INFO -     Постоянная цена: 0
2026-01-23 13:39:04,363 - INFO -     NaN после нормализации: 279
2026-01-23 13:39:04,363 - INFO -     Итоговые символы: 279 (84.8%)
2026-01-23 13:39:04,363 - INFO -   После нормализации: 279 символов (потеряно 50)
2026-01-23 13:39:04,363 - INFO -   Отброшено много символов: 50 из 329
2026-01-23 13:39:04,363 - INFO - ⇠ normalizing training data — done in 0.70s
2026-01-23 13:39:04,363 - INFO -   Фиксированный universe: 234 пар (отфильтровано 16 недоступных)
2026-01-23 13:39:04,363 - INFO - ⇢ filtering pairs by cointegration and half-life — start
2026-01-23 13:39:04,363 - INFO - [ФИЛЬТР] Параллельная фильтрация: threads (8 workers)
2026-01-23 13:39:10,341 - INFO - [ФИЛЬТР] После проверки данных: 212 пар
2026-01-23 13:39:10,341 - INFO - [ФИЛЬТР] После фильтра корреляции (>0.4): 163 пар
2026-01-23 13:39:10,341 - INFO - [ФИЛЬТР] После фильтра beta: 141 пар
2026-01-23 13:39:10,341 - INFO - [ФИЛЬТР] После фильтра mean crossings: 141 пар
2026-01-23 13:39:10,341 - INFO - [ФИЛЬТР] После фильтра half-life: 141 пар
2026-01-23 13:39:10,341 - INFO - [ФИЛЬТР] После фильтра коинтеграции: 63 пар
2026-01-23 13:39:10,341 - INFO - [ФИЛЬТР] После фильтра Hurst: 48 пар
2026-01-23 13:39:10,341 - INFO - [ФИЛЬТР] После фильтра KPSS: 48 пар
2026-01-23 13:39:10,341 - INFO - [ФИЛЬТР] После фильтра market microstructure: 44 пар
2026-01-23 13:39:10,341 - INFO - [ФИЛЬТР] Статистика фильтрации (оптимизированный порядок):
2026-01-23 13:39:10,341 - INFO -   1. SSD → Коинтеграция: 234 → 63 пар
2026-01-23 13:39:10,341 - INFO -   2. Коинтеграция → Beta: 63 → 141 пар
2026-01-23 13:39:10,341 - INFO -   3. Beta → Half-life: 141 → 141 пар
2026-01-23 13:39:10,341 - INFO -   4. Half-life → Mean crossings: 141 → 141 пар
2026-01-23 13:39:10,341 - INFO -   5. Mean crossings → Hurst: 141 → 48 пар
2026-01-23 13:39:10,341 - INFO -   6. Hurst → KPSS: 48 → 48 пар
2026-01-23 13:39:10,341 - INFO -   7. KPSS → Market microstructure: 48 → 44 пар
2026-01-23 13:39:10,341 - INFO - [ФИЛЬТР] Причины отсева:
2026-01-23 13:39:10,341 - INFO -   • pvalue: 78 пар (33.3%)
2026-01-23 13:39:10,341 - INFO -   • low_correlation: 49 пар (20.9%)
2026-01-23 13:39:10,342 - INFO -   • insufficient_data: 22 пар (9.4%)
2026-01-23 13:39:10,342 - INFO -   • beta: 22 пар (9.4%)
2026-01-23 13:39:10,342 - INFO -   • hurst: 15 пар (6.4%)
2026-01-23 13:39:10,342 - INFO -   • history: 4 пар (1.7%)
2026-01-23 13:39:10,342 - INFO - [ФИЛЬТР] Итого: 234 → 44 пар (18.8% прошли все фильтры)
2026-01-23 13:39:10,345 - INFO - Причины отсева сохранены в results/filter_reasons_20260123_133910.csv
2026-01-23 13:39:10,345 - INFO -   Pair stability filter: insufficient history (0 < 1), skip
2026-01-23 13:39:10,345 - INFO -   Фильтрация: 234 → 44 пар
2026-01-23 13:39:10,345 - INFO - ⇠ filtering pairs by cointegration and half-life — done in 5.98s
2026-01-23 13:39:10,345 - INFO - ⇠ WF-шаг 1/3: training 2023-10-03-2023-12-31, testing 2024-01-01-2024-01-31 — done in 8.98s
2026-01-23 13:39:10,345 - INFO -   Ограничение max_pairs=50: 44 пар (лимит не достигнут)
2026-01-23 13:39:10,345 - INFO -   Топ-3 пары по волатильности спреда:
2026-01-23 13:39:10,346 - INFO -     1. BTCDAI-BTCEUR: beta=1.1665, std=409.8237
2026-01-23 13:39:10,346 - INFO -     2. ETHDAI-ETHEUR: beta=1.1882, std=22.0629
2026-01-23 13:39:10,346 - INFO -     3. BTCUSDC-BTCUSDT: beta=0.9998, std=13.3093
2026-01-23 13:39:10,346 - INFO -   Всего пар для торговли: 44 (ограничение 15 применяется к одновременно открытым позициям)
2026-01-23 13:39:10,346 - INFO -   💰 Проверка расчета капитала: equity=$1,000.00, кандидатных_пар=44, max_позиций=15
2026-01-23 13:39:10,346 - INFO -   🎯 Target concurrency: 15 (ожидаемое одновременное число позиций)
2026-01-23 13:39:10,346 - INFO -   📊 Детали расчета капитала:
2026-01-23 13:39:10,346 - INFO -      • Базовый капитал на пару: $66.67 (equity / target_concurrency)
2026-01-23 13:39:10,346 - INFO -      • Риск-капитал: $40.00 (4.0% от equity)
2026-01-23 13:39:10,346 - INFO -      • Макс. размер позиции: $50.00 (5.0% от equity)
2026-01-23 13:39:10,346 - INFO -      • Итоговый капитал на пару: $40.00
2026-01-23 13:39:10,346 - INFO - ⇢ WF-шаг 1/3 backtests — starting 44 items
2026-01-23 13:39:10,346 - INFO - 🚀 WF-шаг 1/3: Начинаем бэктесты для 44 пар...
2026-01-23 13:39:10,347 - INFO - 🚀 WF-шаг 1/3: Запускаем параллельную обработку 44 пар на 8 ядрах...
2026-01-23 13:39:10,347 - INFO - 🚀 WF-шаг 1/3: Режим параллельности: процессы
⚙️  Загрузка данных за период: 2023-09-28 -> 2024-04-05
📂 Найдено 43 parquet файлов для обработки.
📊 Схема данных: Schema({'timestamp': Int64, 'open': Float64, 'high': Float64, 'low': Float64, 'close': Float64, 'volume': Float64, 'turnover': String, 'ts_ms': Int64, 'symbol': String})
✅ Загружено 5719620 записей с помощью Polars.
📊 Типы данных в pandas: timestamp       datetime64[us]
symbol                  object
close                  float64
timestamp_ms             int64
dtype: object
⚙️  Загрузка данных за период: 2023-10-03 -> 2024-01-31
📂 Найдено 43 parquet файлов для обработки.
📊 Схема данных: Schema({'timestamp': Int64, 'open': Float64, 'high': Float64, 'low': Float64, 'close': Float64, 'volume': Float64, 'turnover': String, 'ts_ms': Int64, 'symbol': String})
✅ Загружено 3426589 записей с помощью Polars.
📊 Типы данных в pandas: timestamp       datetime64[us]
symbol                  object
close                  float64
timestamp_ms             int64
dtype: object
2026-01-23 13:39:10,400 - coint2.engine.numba_engine - INFO - Запуск Numba-оптимизированного бэктеста для BTCDAI-BTCEUR
2026-01-23 13:39:10,421 - coint2.engine.numba_engine - INFO - Запуск Numba-оптимизированного бэктеста для ETHDAI-ETHEUR
2026-01-23 13:39:10,441 - coint2.engine.numba_engine - INFO - Запуск Numba-оптимизированного бэктеста для BTCUSDC-BTCUSDT
2026-01-23 13:39:10,463 - coint2.engine.numba_engine - INFO - Запуск Numba-оптимизированного бэктеста для ETCUSDT-JUVUSDT
2026-01-23 13:39:10,482 - coint2.engine.numba_engine - INFO - Запуск Numba-оптимизированного бэктеста для ATOMUSDT-GODSUSDT
2026-01-23 13:39:10,484 - coint2.engine.numba_engine - INFO - Запуск Numba-оптимизированного бэктеста для APEUSDC-HFTUSDC
2026-01-23 13:39:10,508 - coint2.engine.numba_engine - INFO - Запуск Numba-оптимизированного бэктеста для APEUSDT-HFTUSDC
2026-01-23 13:39:10,512 - coint2.engine.numba_engine - INFO - Запуск Numba-оптимизированного бэктеста для ETHUSDC-ETHUSDT
2026-01-23 13:39:10,514 - coint2.engine.numba_engine - INFO - Запуск Numba-оптимизированного бэктеста для CITYUSDT-IZIUSDT
2026-01-23 13:39:10,533 - coint2.engine.numba_engine - INFO - Запуск Numba-оптимизированного бэктеста для APEUSDC-HFTUSDT
2026-01-23 13:39:10,535 - coint2.engine.numba_engine - INFO - Запуск Numba-оптимизированного бэктеста для APEUSDC-GODSUSDT
2026-01-23 13:39:10,540 - coint2.engine.numba_engine - INFO - Запуск Numba-оптимизированного бэктеста для CELOUSDT-FLOWUSDT
2026-01-23 13:39:10,547 - coint2.engine.numba_engine - INFO - Запуск Numba-оптимизированного бэктеста для AXSUSDT-DOTUSDC
2026-01-23 13:39:10,551 - coint2.engine.numba_engine - INFO - Запуск Numba-оптимизированного бэктеста для APEUSDT-HFTUSDT
2026-01-23 13:39:10,555 - coint2.engine.numba_engine - INFO - Запуск Numba-оптимизированного бэктеста для APEUSDT-GODSUSDT
2026-01-23 13:39:10,556 - coint2.engine.numba_engine - INFO - Запуск Numba-оптимизированного бэктеста для AXSUSDT-DOTUSDT
2026-01-23 13:39:10,558 - coint2.engine.numba_engine - INFO - Запуск Numba-оптимизированного бэктеста для AVAUSDT-IZIUSDT
2026-01-23 13:39:10,562 - coint2.engine.numba_engine - INFO - Запуск Numba-оптимизированного бэктеста для C98USDT-FILUSDT
2026-01-23 13:39:10,571 - coint2.engine.numba_engine - INFO - Запуск Numba-оптимизированного бэктеста для AGLDUSDT-HFTUSDC
2026-01-23 13:39:10,573 - coint2.engine.numba_engine - INFO - Запуск Numba-оптимизированного бэктеста для AFCUSDT-ANKRUSDT
2026-01-23 13:39:10,578 - coint2.engine.numba_engine - INFO - Запуск Numba-оптимизированного бэктеста для AVAUSDT-FITFIUSDT
2026-01-23 13:39:10,579 - coint2.engine.numba_engine - INFO - Запуск Numba-оптимизированного бэктеста для BATUSDT-ETCUSDT
2026-01-23 13:39:10,583 - coint2.engine.numba_engine - INFO - Запуск Numba-оптимизированного бэктеста для IZIUSDT-KAVAUSDT
2026-01-23 13:39:10,594 - coint2.engine.numba_engine - INFO - Запуск Numba-оптимизированного бэктеста для HOOKUSDT-KAVAUSDT
2026-01-23 13:39:10,597 - coint2.engine.numba_engine - INFO - Запуск Numba-оптимизированного бэктеста для 1INCHUSDT-ACSUSDT
2026-01-23 13:39:10,602 - coint2.engine.numba_engine - INFO - Запуск Numba-оптимизированного бэктеста для ERTHAUSDT-IZIUSDT
2026-01-23 13:39:10,603 - coint2.engine.numba_engine - INFO - Запуск Numba-оптимизированного бэктеста для DOGEUSDC-JUVUSDT
2026-01-23 13:39:10,618 - coint2.engine.numba_engine - INFO - Запуск Numba-оптимизированного бэктеста для GMTUSDC-HOOKUSDT
2026-01-23 13:39:10,624 - coint2.engine.numba_engine - INFO - Запуск Numba-оптимизированного бэктеста для CHZUSDC-JSTUSDT
2026-01-23 13:39:10,626 - coint2.engine.numba_engine - INFO - Запуск Numba-оптимизированного бэктеста для ACSUSDT-AGLDUSDT
2026-01-23 13:39:10,641 - coint2.engine.numba_engine - INFO - Запуск Numba-оптимизированного бэктеста для CHRPUSDT-CITYUSDT
2026-01-23 13:39:10,641 - coint2.engine.numba_engine - INFO - Запуск Numba-оптимизированного бэктеста для APEUSDT-ATOMUSDT
2026-01-23 13:39:10,652 - coint2.engine.numba_engine - INFO - Запуск Numba-оптимизированного бэктеста для DOMEUSDT-GODSUSDT
2026-01-23 13:39:10,665 - coint2.engine.numba_engine - INFO - Запуск Numba-оптимизированного бэктеста для AGLDUSDT-HFTUSDT
2026-01-23 13:39:10,667 - coint2.engine.numba_engine - INFO - Запуск Numba-оптимизированного бэктеста для CELOUSDT-ENJUSDT
2026-01-23 13:39:10,687 - coint2.engine.numba_engine - INFO - Запуск Numba-оптимизированного бэктеста для APEUSDC-ATOMUSDT
2026-01-23 13:39:10,688 - coint2.engine.numba_engine - INFO - Запуск Numba-оптимизированного бэктеста для CRVUSDT-HFTUSDT
2026-01-23 13:39:10,694 - coint2.engine.numba_engine - INFO - Запуск Numba-оптимизированного бэктеста для 1INCHUSDT-AXSUSDT
2026-01-23 13:39:10,711 - coint2.engine.numba_engine - INFO - Запуск Numba-оптимизированного бэктеста для GMTUSDT-HOOKUSDT
2026-01-23 13:39:10,715 - coint2.engine.numba_engine - INFO - Запуск Numba-оптимизированного бэктеста для CRVUSDT-HFTUSDC
2026-01-23 13:39:10,719 - coint2.engine.numba_engine - INFO - Запуск Numba-оптимизированного бэктеста для CHRPUSDT-ERTHAUSDT
2026-01-23 13:39:10,736 - coint2.engine.numba_engine - INFO - Запуск Numba-оптимизированного бэктеста для FITFIUSDT-JUVUSDT
2026-01-23 13:39:10,739 - coint2.engine.numba_engine - INFO - Запуск Numba-оптимизированного бэктеста для ENJUSDT-FILUSDC
2026-01-23 13:39:10,762 - coint2.engine.numba_engine - INFO - Запуск Numba-оптимизированного бэктеста для FITFIUSDT-IZIUSDT
2026-01-23 13:39:10,801 - INFO -   ⏱️ Параллельная обработка завершена за 0.5с (96.8 пар/с)
2026-01-23 13:39:10,827 - coint2.pipeline.walk_forward_orchestrator - INFO - 🎯 СИМУЛЯЦИЯ ПОРТФЕЛЯ: 44 пар, лимит 15 позиций
2026-01-23 13:39:11,740 - coint2.pipeline.walk_forward_orchestrator - INFO -    📈 Макс. одновременных сигналов: 32
2026-01-23 13:39:11,741 - coint2.pipeline.walk_forward_orchestrator - INFO -    📊 Средн. сигналов за период: 16.8
2026-01-23 13:39:11,741 - coint2.pipeline.walk_forward_orchestrator - INFO -    🎯 Финальных активных позиций: 13
2026-01-23 13:39:11,742 - coint2.pipeline.walk_forward_orchestrator - INFO -    ⚡ Утилизация лимита позиций: 90.7%
2026-01-23 13:39:11,743 - INFO - ⇠ WF-шаг 1/3 backtests — completed 44 items in 1.40s (31.5 items/s)
2026-01-23 13:39:11,743 - INFO -   ✅ Обработка завершена: 44 успешно, 0 с ошибками
2026-01-23 13:39:11,743 - INFO -   📊 Успешность: 100.0%, прибыльность: 59.1%, сделок/пара: 46.7
2026-01-23 13:39:11,743 - INFO -   ✅ Завершены бэктесты для 44 пар
2026-01-23 13:39:11,743 - INFO -   📊 Всего обработано пар в этом шаге: 44
2026-01-23 13:39:11,743 - INFO -   📈 Результаты шага: 26/44 прибыльных пар, 2056 сделок
2026-01-23 13:39:11,743 - INFO -   💰 P&L шага: $-99.98
2026-01-23 13:39:11,743 - INFO -   ⇢ Обновление капитала и дневного P&L...
2026-01-23 13:39:13,125 - INFO -   💼 Шаг P&L: $-99.98, Накопленный капитал: $900.02
2026-01-23 13:39:13,125 - INFO - ------------------------------------------------------------
2026-01-23 13:39:13,125 - INFO -   Walk-forward steps: 1 / 3 (33.3%) | 0.1 items/s | ETA: 23.5s
2026-01-23 13:39:13,125 - INFO - 🔍 WF-шаг 2/3: Валидация временных окон...
2026-01-23 13:39:13,126 - INFO - ⇢ WF-шаг 2/3: training 2023-11-02-2024-01-30, testing 2024-01-31-2024-03-01 — start
2026-01-23 13:39:13,126 - INFO - ⇢ loading step data — start
2026-01-23 13:39:13,393 - INFO - ⇠ loading step data — done in 0.27s
2026-01-23 13:39:15,331 - INFO - 📊 WF-шаг 2/3: Границы данных:
2026-01-23 13:39:15,331 - INFO -    Training: 2023-11-02 00:00:00 → 2024-01-30 23:45:00 (8,640 строк × 346 символов)
2026-01-23 13:39:15,331 - INFO -    Testing:  2024-01-31 00:00:00 → 2024-03-01 00:00:00 (2,881 строк × 346 символов)
2026-01-23 13:39:15,331 - INFO -    Временной разрыв: 0 days 00:15:00
2026-01-23 13:39:15,375 - INFO - ⇢ normalizing training data — start
2026-01-23 13:39:15,417 - INFO -   Символы с NaN значениями: 63
2026-01-23 13:39:15,417 - INFO -   Применяем метод нормализации: rolling_zscore
2026-01-23 13:39:15,440 - INFO - Символы с недостаточной историей: 58 из 346
2026-01-23 13:39:16,107 - INFO - Символы с NaN после нормализации: 288
2026-01-23 13:39:16,116 - INFO - Удалено 1193 начальных строк с NaN от rolling расчетов
2026-01-23 13:39:16,119 - INFO - Итоговое количество символов после нормализации: 288 из 346
2026-01-23 13:39:16,119 - INFO -   Статистика нормализации:
2026-01-23 13:39:16,119 - INFO -     Исходные символы: 346
2026-01-23 13:39:16,119 - INFO -     Недостаточная история: 58
2026-01-23 13:39:16,119 - INFO -     Постоянная цена: 0
2026-01-23 13:39:16,119 - INFO -     NaN после нормализации: 288
2026-01-23 13:39:16,119 - INFO -     Итоговые символы: 288 (83.2%)
2026-01-23 13:39:16,119 - INFO -   После нормализации: 288 символов (потеряно 58)
2026-01-23 13:39:16,120 - INFO -   Отброшено много символов: 58 из 346
2026-01-23 13:39:16,120 - INFO - ⇠ normalizing training data — done in 0.74s
2026-01-23 13:39:16,120 - INFO -   Фиксированный universe: 246 пар (отфильтровано 4 недоступных)
2026-01-23 13:39:16,120 - INFO - ⇢ filtering pairs by cointegration and half-life — start
2026-01-23 13:39:16,120 - INFO - [ФИЛЬТР] Параллельная фильтрация: threads (8 workers)
2026-01-23 13:39:22,163 - INFO - [ФИЛЬТР] После проверки данных: 218 пар
2026-01-23 13:39:22,164 - INFO - [ФИЛЬТР] После фильтра корреляции (>0.4): 122 пар
2026-01-23 13:39:22,164 - INFO - [ФИЛЬТР] После фильтра beta: 108 пар
2026-01-23 13:39:22,164 - INFO - [ФИЛЬТР] После фильтра mean crossings: 108 пар
2026-01-23 13:39:22,164 - INFO - [ФИЛЬТР] После фильтра half-life: 108 пар
2026-01-23 13:39:22,164 - INFO - [ФИЛЬТР] После фильтра коинтеграции: 72 пар
2026-01-23 13:39:22,164 - INFO - [ФИЛЬТР] После фильтра Hurst: 55 пар
2026-01-23 13:39:22,164 - INFO - [ФИЛЬТР] После фильтра KPSS: 55 пар
2026-01-23 13:39:22,164 - INFO - [ФИЛЬТР] После фильтра market microstructure: 49 пар
2026-01-23 13:39:22,164 - INFO - [ФИЛЬТР] Статистика фильтрации (оптимизированный порядок):
2026-01-23 13:39:22,164 - INFO -   1. SSD → Коинтеграция: 246 → 72 пар
2026-01-23 13:39:22,164 - INFO -   2. Коинтеграция → Beta: 72 → 108 пар
2026-01-23 13:39:22,164 - INFO -   3. Beta → Half-life: 108 → 108 пар
2026-01-23 13:39:22,164 - INFO -   4. Half-life → Mean crossings: 108 → 108 пар
2026-01-23 13:39:22,164 - INFO -   5. Mean crossings → Hurst: 108 → 55 пар
2026-01-23 13:39:22,164 - INFO -   6. Hurst → KPSS: 55 → 55 пар
2026-01-23 13:39:22,164 - INFO -   7. KPSS → Market microstructure: 55 → 49 пар
2026-01-23 13:39:22,164 - INFO - [ФИЛЬТР] Причины отсева:
2026-01-23 13:39:22,164 - INFO -   • low_correlation: 96 пар (39.0%)
2026-01-23 13:39:22,164 - INFO -   • pvalue: 36 пар (14.6%)
2026-01-23 13:39:22,164 - INFO -   • insufficient_data: 28 пар (11.4%)
2026-01-23 13:39:22,164 - INFO -   • hurst: 17 пар (6.9%)
2026-01-23 13:39:22,164 - INFO -   • beta: 14 пар (5.7%)
2026-01-23 13:39:22,164 - INFO -   • history: 6 пар (2.4%)
2026-01-23 13:39:22,164 - INFO - [ФИЛЬТР] Итого: 246 → 49 пар (19.9% прошли все фильтры)
2026-01-23 13:39:22,166 - INFO - Причины отсева сохранены в results/filter_reasons_20260123_133922.csv
2026-01-23 13:39:22,167 - INFO -   Pair stability filter: 49 → 31 (window=2, min_steps=1, history=1)
2026-01-23 13:39:22,167 - INFO -   Фильтрация: 246 → 31 пар
2026-01-23 13:39:22,167 - INFO - ⇠ filtering pairs by cointegration and half-life — done in 6.05s
2026-01-23 13:39:22,167 - INFO - ⇠ WF-шаг 2/3: training 2023-11-02-2024-01-30, testing 2024-01-31-2024-03-01 — done in 9.04s
2026-01-23 13:39:22,167 - INFO -   Ограничение max_pairs=50: 31 пар (лимит не достигнут)
2026-01-23 13:39:22,167 - INFO -   Топ-3 пары по волатильности спреда:
2026-01-23 13:39:22,167 - INFO -     1. BTCDAI-BTCEUR: beta=1.1459, std=574.8675
2026-01-23 13:39:22,167 - INFO -     2. ETHDAI-ETHEUR: beta=1.1311, std=22.8903
2026-01-23 13:39:22,167 - INFO -     3. BTCUSDC-BTCUSDT: beta=0.9990, std=20.6114
2026-01-23 13:39:22,167 - INFO -   Всего пар для торговли: 31 (ограничение 15 применяется к одновременно открытым позициям)
2026-01-23 13:39:22,167 - INFO -   💰 Проверка расчета капитала: equity=$900.02, кандидатных_пар=31, max_позиций=15
2026-01-23 13:39:22,167 - INFO -   🎯 Target concurrency: 15 (ожидаемое одновременное число позиций)
2026-01-23 13:39:22,168 - INFO -   📊 Детали расчета капитала:
2026-01-23 13:39:22,168 - INFO -      • Базовый капитал на пару: $60.00 (equity / target_concurrency)
2026-01-23 13:39:22,168 - INFO -      • Риск-капитал: $36.00 (4.0% от equity)
2026-01-23 13:39:22,168 - INFO -      • Макс. размер позиции: $45.00 (5.0% от equity)
2026-01-23 13:39:22,168 - INFO -      • Итоговый капитал на пару: $36.00
2026-01-23 13:39:22,168 - INFO - ⇢ WF-шаг 2/3 backtests — starting 31 items
2026-01-23 13:39:22,168 - INFO - 🚀 WF-шаг 2/3: Начинаем бэктесты для 31 пар...
2026-01-23 13:39:22,168 - INFO - 🚀 WF-шаг 2/3: Запускаем параллельную обработку 31 пар на 8 ядрах...
2026-01-23 13:39:22,168 - INFO - 🚀 WF-шаг 2/3: Режим параллельности: процессы
⚙️  Загрузка данных за период: 2023-11-02 -> 2024-03-01
📂 Найдено 43 parquet файлов для обработки.
📊 Схема данных: Schema({'timestamp': Int64, 'open': Float64, 'high': Float64, 'low': Float64, 'close': Float64, 'volume': Float64, 'turnover': String, 'ts_ms': Int64, 'symbol': String})
✅ Загружено 3596229 записей с помощью Polars.
📊 Типы данных в pandas: timestamp       datetime64[us]
symbol                  object
close                  float64
timestamp_ms             int64
dtype: object
2026-01-23 13:39:22,223 - coint2.engine.numba_engine - INFO - Запуск Numba-оптимизированного бэктеста для BTCDAI-BTCEUR
2026-01-23 13:39:22,244 - coint2.engine.numba_engine - INFO - Запуск Numba-оптимизированного бэктеста для ETHDAI-ETHEUR
2026-01-23 13:39:22,266 - coint2.engine.numba_engine - INFO - Запуск Numba-оптимизированного бэктеста для BTCUSDC-BTCUSDT
2026-01-23 13:39:22,289 - coint2.engine.numba_engine - INFO - Запуск Numba-оптимизированного бэктеста для ETHUSDC-ETHUSDT
2026-01-23 13:39:22,307 - coint2.engine.numba_engine - INFO - Запуск Numba-оптимизированного бэктеста для AGLDUSDT-HFTUSDT
2026-01-23 13:39:22,313 - coint2.engine.numba_engine - INFO - Запуск Numba-оптимизированного бэктеста для ATOMUSDT-GODSUSDT
2026-01-23 13:39:22,327 - coint2.engine.numba_engine - INFO - Запуск Numba-оптимизированного бэктеста для APEUSDC-HFTUSDT
2026-01-23 13:39:22,328 - coint2.engine.numba_engine - INFO - Запуск Numba-оптимизированного бэктеста для APEUSDC-GODSUSDT
2026-01-23 13:39:22,337 - coint2.engine.numba_engine - INFO - Запуск Numba-оптимизированного бэктеста для AXSUSDT-DOTUSDT
2026-01-23 13:39:22,348 - coint2.engine.numba_engine - INFO - Запуск Numba-оптимизированного бэктеста для APEUSDT-GODSUSDT
2026-01-23 13:39:22,349 - coint2.engine.numba_engine - INFO - Запуск Numba-оптимизированного бэктеста для APEUSDC-HFTUSDC
2026-01-23 13:39:22,349 - coint2.engine.numba_engine - INFO - Запуск Numba-оптимизированного бэктеста для 1INCHUSDT-AXSUSDT
2026-01-23 13:39:22,370 - coint2.engine.numba_engine - INFO - Запуск Numba-оптимизированного бэктеста для DOGEUSDC-JUVUSDT
2026-01-23 13:39:22,370 - coint2.engine.numba_engine - INFO - Запуск Numba-оптимизированного бэктеста для HOOKUSDT-KAVAUSDT
2026-01-23 13:39:22,372 - coint2.engine.numba_engine - INFO - Запуск Numba-оптимизированного бэктеста для APEUSDT-HFTUSDT
2026-01-23 13:39:22,379 - coint2.engine.numba_engine - INFO - Запуск Numba-оптимизированного бэктеста для AGLDUSDT-HFTUSDC
2026-01-23 13:39:22,384 - coint2.engine.numba_engine - INFO - Запуск Numba-оптимизированного бэктеста для AXSUSDT-DOTUSDC
2026-01-23 13:39:22,393 - coint2.engine.numba_engine - INFO - Запуск Numba-оптимизированного бэктеста для FITFIUSDT-IZIUSDT
2026-01-23 13:39:22,394 - coint2.engine.numba_engine - INFO - Запуск Numba-оптимизированного бэктеста для CELOUSDT-ENJUSDT
2026-01-23 13:39:22,398 - coint2.engine.numba_engine - INFO - Запуск Numba-оптимизированного бэктеста для APEUSDT-HFTUSDC
2026-01-23 13:39:22,416 - coint2.engine.numba_engine - INFO - Запуск Numba-оптимизированного бэктеста для IZIUSDT-KAVAUSDT
2026-01-23 13:39:22,420 - coint2.engine.numba_engine - INFO - Запуск Numba-оптимизированного бэктеста для CELOUSDT-FLOWUSDT
2026-01-23 13:39:22,442 - coint2.engine.numba_engine - INFO - Запуск Numba-оптимизированного бэктеста для ERTHAUSDT-IZIUSDT
2026-01-23 13:39:22,452 - coint2.engine.numba_engine - INFO - Запуск Numba-оптимизированного бэктеста для APEUSDC-ATOMUSDT
2026-01-23 13:39:22,463 - coint2.engine.numba_engine - INFO - Запуск Numba-оптимизированного бэктеста для AFCUSDT-ANKRUSDT
2026-01-23 13:39:22,470 - coint2.engine.numba_engine - INFO - Запуск Numba-оптимизированного бэктеста для APEUSDT-ATOMUSDT
2026-01-23 13:39:22,473 - coint2.engine.numba_engine - INFO - Запуск Numba-оптимизированного бэктеста для AVAUSDT-FITFIUSDT
2026-01-23 13:39:22,485 - coint2.engine.numba_engine - INFO - Запуск Numba-оптимизированного бэктеста для ENJUSDT-FILUSDC
2026-01-23 13:39:22,494 - coint2.engine.numba_engine - INFO - Запуск Numba-оптимизированного бэктеста для 1INCHUSDT-ACSUSDT
2026-01-23 13:39:22,496 - coint2.engine.numba_engine - INFO - Запуск Numba-оптимизированного бэктеста для ACSUSDT-AGLDUSDT
2026-01-23 13:39:22,516 - coint2.engine.numba_engine - INFO - Запуск Numba-оптимизированного бэктеста для DOMEUSDT-GODSUSDT
2026-01-23 13:39:22,554 - INFO -   ⏱️ Параллельная обработка завершена за 0.4с (80.3 пар/с)
2026-01-23 13:39:22,574 - coint2.pipeline.walk_forward_orchestrator - INFO - 🎯 СИМУЛЯЦИЯ ПОРТФЕЛЯ: 31 пар, лимит 15 позиций
2026-01-23 13:39:23,198 - coint2.pipeline.walk_forward_orchestrator - INFO -    📈 Макс. одновременных сигналов: 0
2026-01-23 13:39:23,198 - coint2.pipeline.walk_forward_orchestrator - INFO -    📊 Средн. сигналов за период: 0.0
2026-01-23 13:39:23,198 - coint2.pipeline.walk_forward_orchestrator - INFO -    🎯 Финальных активных позиций: 0
2026-01-23 13:39:23,200 - coint2.pipeline.walk_forward_orchestrator - INFO -    ⚡ Утилизация лимита позиций: 0.0%
2026-01-23 13:39:23,200 - INFO - ⇠ WF-шаг 2/3 backtests — completed 31 items in 1.03s (30.0 items/s)
2026-01-23 13:39:23,200 - INFO -   ✅ Обработка завершена: 31 успешно, 0 с ошибками
2026-01-23 13:39:23,200 - INFO -   📊 Успешность: 100.0%, прибыльность: 0.0%, сделок/пара: 0.0
2026-01-23 13:39:23,200 - INFO -   ✅ Завершены бэктесты для 31 пар
2026-01-23 13:39:23,200 - INFO -   📊 Всего обработано пар в этом шаге: 31
2026-01-23 13:39:23,201 - INFO -   📈 Результаты шага: 0/31 прибыльных пар, 0 сделок
2026-01-23 13:39:23,201 - INFO -   💰 P&L шага: $+0.00
2026-01-23 13:39:23,201 - INFO -   ⇢ Обновление капитала и дневного P&L...
2026-01-23 13:39:24,491 - INFO -   💼 Шаг P&L: $+0.00, Накопленный капитал: $900.02
2026-01-23 13:39:24,491 - INFO - ------------------------------------------------------------
2026-01-23 13:39:24,491 - INFO -   Walk-forward steps: 2 / 3 (66.7%) | 0.1 items/s | ETA: 11.6s
2026-01-23 13:39:24,491 - INFO - 🔍 WF-шаг 3/3: Валидация временных окон...
2026-01-23 13:39:24,491 - INFO - ⇢ WF-шаг 3/3: training 2023-12-02-2024-02-29, testing 2024-03-01-2024-03-31 — start
2026-01-23 13:39:24,491 - INFO - ⇢ loading step data — start
2026-01-23 13:39:24,762 - INFO - ⇠ loading step data — done in 0.27s
2026-01-23 13:39:26,814 - INFO - 📊 WF-шаг 3/3: Границы данных:
2026-01-23 13:39:26,814 - INFO -    Training: 2023-12-02 00:00:00 → 2024-02-29 23:45:00 (8,640 строк × 361 символов)
2026-01-23 13:39:26,814 - INFO -    Testing:  2024-03-01 00:00:00 → 2024-03-31 00:00:00 (2,881 строк × 361 символов)
2026-01-23 13:39:26,815 - INFO -    Временной разрыв: 0 days 00:15:00
2026-01-23 13:39:26,862 - INFO - ⇢ normalizing training data — start
2026-01-23 13:39:26,908 - INFO -   Символы с NaN значениями: 68
2026-01-23 13:39:26,908 - INFO -   Применяем метод нормализации: rolling_zscore
2026-01-23 13:39:26,933 - INFO - Символы с недостаточной историей: 56 из 361
2026-01-23 13:39:27,606 - INFO - Символы с NaN после нормализации: 305
2026-01-23 13:39:27,616 - INFO - Удалено 1673 начальных строк с NaN от rolling расчетов
2026-01-23 13:39:27,619 - INFO - Итоговое количество символов после нормализации: 305 из 361
2026-01-23 13:39:27,620 - INFO -   Статистика нормализации:
2026-01-23 13:39:27,620 - INFO -     Исходные символы: 361
2026-01-23 13:39:27,620 - INFO -     Недостаточная история: 56
2026-01-23 13:39:27,620 - INFO -     Постоянная цена: 0
2026-01-23 13:39:27,620 - INFO -     NaN после нормализации: 305
2026-01-23 13:39:27,620 - INFO -     Итоговые символы: 305 (84.5%)
2026-01-23 13:39:27,620 - INFO -   После нормализации: 305 символов (потеряно 56)
2026-01-23 13:39:27,620 - INFO -   Отброшено много символов: 56 из 361
2026-01-23 13:39:27,620 - INFO - ⇠ normalizing training data — done in 0.76s
2026-01-23 13:39:27,620 - INFO -   Фиксированный universe: 250 пар (отфильтровано 0 недоступных)
2026-01-23 13:39:27,621 - INFO - ⇢ filtering pairs by cointegration and half-life — start
2026-01-23 13:39:27,621 - INFO - [ФИЛЬТР] Параллельная фильтрация: threads (8 workers)
2026-01-23 13:39:35,060 - INFO - [ФИЛЬТР] После проверки данных: 239 пар
2026-01-23 13:39:35,060 - INFO - [ФИЛЬТР] После фильтра корреляции (>0.4): 137 пар
2026-01-23 13:39:35,061 - INFO - [ФИЛЬТР] После фильтра beta: 127 пар
2026-01-23 13:39:35,061 - INFO - [ФИЛЬТР] После фильтра mean crossings: 127 пар
2026-01-23 13:39:35,061 - INFO - [ФИЛЬТР] После фильтра half-life: 127 пар
2026-01-23 13:39:35,061 - INFO - [ФИЛЬТР] После фильтра коинтеграции: 92 пар
2026-01-23 13:39:35,061 - INFO - [ФИЛЬТР] После фильтра Hurst: 76 пар
2026-01-23 13:39:35,061 - INFO - [ФИЛЬТР] После фильтра KPSS: 76 пар
2026-01-23 13:39:35,061 - INFO - [ФИЛЬТР] После фильтра market microstructure: 68 пар
2026-01-23 13:39:35,061 - INFO - [ФИЛЬТР] Статистика фильтрации (оптимизированный порядок):
2026-01-23 13:39:35,061 - INFO -   1. SSD → Коинтеграция: 250 → 92 пар
2026-01-23 13:39:35,061 - INFO -   2. Коинтеграция → Beta: 92 → 127 пар
2026-01-23 13:39:35,061 - INFO -   3. Beta → Half-life: 127 → 127 пар
2026-01-23 13:39:35,061 - INFO -   4. Half-life → Mean crossings: 127 → 127 пар
2026-01-23 13:39:35,061 - INFO -   5. Mean crossings → Hurst: 127 → 76 пар
2026-01-23 13:39:35,061 - INFO -   6. Hurst → KPSS: 76 → 76 пар
2026-01-23 13:39:35,061 - INFO -   7. KPSS → Market microstructure: 76 → 68 пар
2026-01-23 13:39:35,061 - INFO - [ФИЛЬТР] Причины отсева:
2026-01-23 13:39:35,061 - INFO -   • low_correlation: 102 пар (40.8%)
2026-01-23 13:39:35,061 - INFO -   • pvalue: 35 пар (14.0%)
2026-01-23 13:39:35,061 - INFO -   • hurst: 16 пар (6.4%)
2026-01-23 13:39:35,061 - INFO -   • insufficient_data: 11 пар (4.4%)
2026-01-23 13:39:35,061 - INFO -   • beta: 10 пар (4.0%)
2026-01-23 13:39:35,061 - INFO -   • history: 8 пар (3.2%)
2026-01-23 13:39:35,061 - INFO - [ФИЛЬТР] Итого: 250 → 68 пар (27.2% прошли все фильтры)
2026-01-23 13:39:35,063 - INFO - Причины отсева сохранены в results/filter_reasons_20260123_133935.csv
2026-01-23 13:39:35,064 - INFO -   Pair stability filter: 68 → 29 (window=2, min_steps=1, history=2)
2026-01-23 13:39:35,064 - INFO -   Фильтрация: 250 → 29 пар
2026-01-23 13:39:35,064 - INFO - ⇠ filtering pairs by cointegration and half-life — done in 7.44s
2026-01-23 13:39:35,064 - INFO - ⇠ WF-шаг 3/3: training 2023-12-02-2024-02-29, testing 2024-03-01-2024-03-31 — done in 10.57s
2026-01-23 13:39:35,064 - INFO -   Ограничение max_pairs=50: 29 пар (лимит не достигнут)
2026-01-23 13:39:35,064 - INFO -   Топ-3 пары по волатильности спреда:
2026-01-23 13:39:35,064 - INFO -     1. BTCDAI-BTCEUR: beta=1.0480, std=582.7625
2026-01-23 13:39:35,064 - INFO -     2. ETHDAI-ETHEUR: beta=1.0530, std=30.4486
2026-01-23 13:39:35,064 - INFO -     3. ATOMUSDT-GODSUSDT: beta=8.5838, std=0.6434
2026-01-23 13:39:35,064 - INFO -   Всего пар для торговли: 29 (ограничение 15 применяется к одновременно открытым позициям)
2026-01-23 13:39:35,065 - INFO -   💰 Проверка расчета капитала: equity=$900.02, кандидатных_пар=29, max_позиций=15
2026-01-23 13:39:35,065 - INFO -   🎯 Target concurrency: 15 (ожидаемое одновременное число позиций)
2026-01-23 13:39:35,065 - INFO -   📊 Детали расчета капитала:
2026-01-23 13:39:35,065 - INFO -      • Базовый капитал на пару: $60.00 (equity / target_concurrency)
2026-01-23 13:39:35,065 - INFO -      • Риск-капитал: $36.00 (4.0% от equity)
2026-01-23 13:39:35,065 - INFO -      • Макс. размер позиции: $45.00 (5.0% от equity)
2026-01-23 13:39:35,065 - INFO -      • Итоговый капитал на пару: $36.00
2026-01-23 13:39:35,065 - INFO - ⇢ WF-шаг 3/3 backtests — starting 29 items
2026-01-23 13:39:35,065 - INFO - 🚀 WF-шаг 3/3: Начинаем бэктесты для 29 пар...
2026-01-23 13:39:35,065 - INFO - 🚀 WF-шаг 3/3: Запускаем параллельную обработку 29 пар на 8 ядрах...
2026-01-23 13:39:35,065 - INFO - 🚀 WF-шаг 3/3: Режим параллельности: процессы
⚙️  Загрузка данных за период: 2023-12-02 -> 2024-03-31
📂 Найдено 43 parquet файлов для обработки.
📊 Схема данных: Schema({'timestamp': Int64, 'open': Float64, 'high': Float64, 'low': Float64, 'close': Float64, 'volume': Float64, 'turnover': String, 'ts_ms': Int64, 'symbol': String})
✅ Загружено 3779046 записей с помощью Polars.
📊 Типы данных в pandas: timestamp       datetime64[us]
symbol                  object
close                  float64
timestamp_ms             int64
dtype: object
2026-01-23 13:39:35,117 - coint2.engine.numba_engine - INFO - Запуск Numba-оптимизированного бэктеста для BTCDAI-BTCEUR
2026-01-23 13:39:35,138 - coint2.engine.numba_engine - INFO - Запуск Numba-оптимизированного бэктеста для ETHDAI-ETHEUR
2026-01-23 13:39:35,161 - coint2.engine.numba_engine - INFO - Запуск Numba-оптимизированного бэктеста для ATOMUSDT-GODSUSDT
2026-01-23 13:39:35,183 - coint2.engine.numba_engine - INFO - Запуск Numba-оптимизированного бэктеста для ATOMUSDT-KCALUSDT
2026-01-23 13:39:35,199 - coint2.engine.numba_engine - INFO - Запуск Numba-оптимизированного бэктеста для APEUSDC-HFTUSDC
2026-01-23 13:39:35,206 - coint2.engine.numba_engine - INFO - Запуск Numba-оптимизированного бэктеста для CAKEUSDT-FIDAUSDT
2026-01-23 13:39:35,219 - coint2.engine.numba_engine - INFO - Запуск Numba-оптимизированного бэктеста для APEUSDT-HFTUSDC
2026-01-23 13:39:35,221 - coint2.engine.numba_engine - INFO - Запуск Numba-оптимизированного бэктеста для BICOUSDT-KASTAUSDT
2026-01-23 13:39:35,236 - coint2.engine.numba_engine - INFO - Запуск Numba-оптимизированного бэктеста для APEUSDT-GODSUSDT
2026-01-23 13:39:35,241 - coint2.engine.numba_engine - INFO - Запуск Numba-оптимизированного бэктеста для 1INCHUSDT-AXSUSDT
2026-01-23 13:39:35,243 - coint2.engine.numba_engine - INFO - Запуск Numba-оптимизированного бэктеста для APEUSDC-ATOMUSDT
2026-01-23 13:39:35,246 - coint2.engine.numba_engine - INFO - Запуск Numba-оптимизированного бэктеста для IZIUSDT-KAVAUSDT
2026-01-23 13:39:35,263 - coint2.engine.numba_engine - INFO - Запуск Numba-оптимизированного бэктеста для FITFIUSDT-IZIUSDT
2026-01-23 13:39:35,264 - coint2.engine.numba_engine - INFO - Запуск Numba-оптимизированного бэктеста для GMTUSDC-KAVAUSDT
2026-01-23 13:39:35,265 - coint2.engine.numba_engine - INFO - Запуск Numba-оптимизированного бэктеста для APEUSDT-ATOMUSDT
2026-01-23 13:39:35,266 - coint2.engine.numba_engine - INFO - Запуск Numba-оптимизированного бэктеста для AGLDUSDT-HFTUSDC
2026-01-23 13:39:35,284 - coint2.engine.numba_engine - INFO - Запуск Numba-оптимизированного бэктеста для FITFIUSDT-JUVUSDT
2026-01-23 13:39:35,286 - coint2.engine.numba_engine - INFO - Запуск Numba-оптимизированного бэктеста для GMTUSDT-KAVAUSDT
2026-01-23 13:39:35,288 - coint2.engine.numba_engine - INFO - Запуск Numba-оптимизированного бэктеста для AFCUSDT-ANKRUSDT
2026-01-23 13:39:35,303 - coint2.engine.numba_engine - INFO - Запуск Numba-оптимизированного бэктеста для AGLDUSDT-HFTUSDT
2026-01-23 13:39:35,309 - coint2.engine.numba_engine - INFO - Запуск Numba-оптимизированного бэктеста для ERTHAUSDT-IZIUSDT
2026-01-23 13:39:35,310 - coint2.engine.numba_engine - INFO - Запуск Numba-оптимизированного бэктеста для GMTUSDC-KCALUSDT
2026-01-23 13:39:35,326 - coint2.engine.numba_engine - INFO - Запуск Numba-оптимизированного бэктеста для GODSUSDT-KCALUSDT
2026-01-23 13:39:35,331 - coint2.engine.numba_engine - INFO - Запуск Numba-оптимизированного бэктеста для DOMEUSDT-GODSUSDT
2026-01-23 13:39:35,347 - coint2.engine.numba_engine - INFO - Запуск Numba-оптимизированного бэктеста для GMTUSDT-KCALUSDT
2026-01-23 13:39:35,354 - coint2.engine.numba_engine - INFO - Запуск Numba-оптимизированного бэктеста для BICOUSDT-ETHWUSDT
2026-01-23 13:39:35,376 - coint2.engine.numba_engine - INFO - Запуск Numba-оптимизированного бэктеста для C98USDT-FILUSDT
2026-01-23 13:39:35,387 - coint2.engine.numba_engine - INFO - Запуск Numba-оптимизированного бэктеста для AVAUSDT-FITFIUSDT
2026-01-23 13:39:35,409 - coint2.engine.numba_engine - INFO - Запуск Numba-оптимизированного бэктеста для DOGEUSDC-JUVUSDT
2026-01-23 13:39:35,447 - INFO -   ⏱️ Параллельная обработка завершена за 0.4с (76.1 пар/с)
2026-01-23 13:39:35,463 - coint2.pipeline.walk_forward_orchestrator - INFO - 🎯 СИМУЛЯЦИЯ ПОРТФЕЛЯ: 29 пар, лимит 15 позиций
2026-01-23 13:39:36,077 - coint2.pipeline.walk_forward_orchestrator - INFO -    📈 Макс. одновременных сигналов: 0
2026-01-23 13:39:36,077 - coint2.pipeline.walk_forward_orchestrator - INFO -    📊 Средн. сигналов за период: 0.0
2026-01-23 13:39:36,077 - coint2.pipeline.walk_forward_orchestrator - INFO -    🎯 Финальных активных позиций: 0
2026-01-23 13:39:36,078 - coint2.pipeline.walk_forward_orchestrator - INFO -    ⚡ Утилизация лимита позиций: 0.0%
2026-01-23 13:39:36,079 - INFO - ⇠ WF-шаг 3/3 backtests — completed 29 items in 1.01s (28.6 items/s)
2026-01-23 13:39:36,079 - INFO -   ✅ Обработка завершена: 29 успешно, 0 с ошибками
2026-01-23 13:39:36,079 - INFO -   📊 Успешность: 100.0%, прибыльность: 0.0%, сделок/пара: 0.0
2026-01-23 13:39:36,079 - INFO -   ✅ Завершены бэктесты для 29 пар
2026-01-23 13:39:36,079 - INFO -   📊 Всего обработано пар в этом шаге: 29
2026-01-23 13:39:36,079 - INFO -   📈 Результаты шага: 0/29 прибыльных пар, 0 сделок
2026-01-23 13:39:36,079 - INFO -   💰 P&L шага: $+0.00
2026-01-23 13:39:36,079 - INFO -   ⇢ Обновление капитала и дневного P&L...
2026-01-23 13:39:37,478 - INFO -   💼 Шаг P&L: $+0.00, Накопленный капитал: $900.02
2026-01-23 13:39:37,478 - INFO - ------------------------------------------------------------
2026-01-23 13:39:37,478 - INFO -   Walk-forward steps: 3 / 3 (100.0%) | 0.1 items/s | ETA: 0.0s
2026-01-23 13:39:37,478 - INFO - ⇠ Walk-forward steps — completed 3 items in 36.12s (0.1 items/s)
2026-01-23 13:39:37,478 - INFO - ================================================================================
2026-01-23 13:39:37,478 - INFO - 🏁 Walk-forward анализ завершен!
2026-01-23 13:39:37,478 - INFO - ⏱️ Обработано 3 шагов за 2.4 секунд
2026-01-23 13:39:37,478 - INFO - 📊 Всего обработано пар за весь анализ: 104
2026-01-23 13:39:37,478 - INFO - 💰 Финальный капитал: $900.02 (было $1,000.00)
2026-01-23 13:39:37,478 - INFO - 📈 Общая доходность: -10.00% ($-99.98)
2026-01-23 13:39:37,479 - INFO - 📊 Всего сделок: 0
2026-01-23 13:39:37,479 - INFO - ================================================================================
2026-01-23 13:39:37,479 - INFO - ✓ Завершены все 3 WF-шагов
2026-01-23 13:39:37,479 - INFO - ⇢ Обработка финальных результатов и расчет метрик...
2026-01-23 13:39:37,479 - INFO - ⇢ processing final results — start
2026-01-23 13:39:37,479 - INFO -   ⇢ Агрегация данных P&L за 8643 торговых дней
2026-01-23 13:39:37,501 - INFO -   ⇢ Расчет базовых метрик производительности...
2026-01-23 13:39:37,501 - INFO -     📊 Данные для анализа: 8643 записей P&L, 8641 точек equity
2026-01-23 13:39:37,503 - INFO -   ⇢ Расчет расширенных метрик (волатильность, Calmar ratio, и др.)...
2026-01-23 13:39:37,504 - INFO -   ✅ Расширенные метрики рассчитаны: 6 показателей
2026-01-23 13:39:37,504 - INFO -   ⇢ Анализ статистики по 104 парам...
2026-01-23 13:39:37,507 - INFO - ✅ Рассчитаны метрики производительности (26 показателей)
2026-01-23 13:39:37,508 - INFO -   💰 Общий P&L: $-99.98
2026-01-23 13:39:37,508 - INFO -   📊 Sharpe Ratio: -1.165
2026-01-23 13:39:37,508 - INFO -   📉 Максимальная просадка: -121057.31%
2026-01-23 13:39:37,508 - INFO -   🔄 Всего сделок: 2056
2026-01-23 13:39:37,508 - INFO -   📈 Торгуемых пар: 53
2026-01-23 13:39:37,508 - INFO -   💸 Общие издержки: $273.12
2026-01-23 13:39:37,508 - coint2.metrics - INFO - Metric: total_pnl
2026-01-23 13:39:37,509 - coint2.metrics - INFO - Metric: sharpe_ratio_abs
2026-01-23 13:39:37,509 - coint2.metrics - INFO - Metric: max_drawdown_pct
2026-01-23 13:39:37,509 - coint2.metrics - INFO - Metric: total_trades
2026-01-23 13:39:37,509 - coint2.metrics - INFO - Metric: total_pairs_traded
2026-01-23 13:39:37,509 - coint2.metrics - INFO - Metric: total_costs
2026-01-23 13:39:37,509 - INFO - ⇠ processing final results — done in 0.03s
2026-01-23 13:39:37,509 - INFO - ⇢ Создание отчетов и сохранение результатов...
2026-01-23 13:39:37,509 - INFO - ⇢ generating reports — start
2026-01-23 13:39:37,510 - INFO -   ⇢ Создание отчета о производительности...
2026-01-23 13:39:43,499 - INFO -   ✓ Отчет о производительности создан
2026-01-23 13:39:43,499 - INFO -   ⇢ Сохранение данных в CSV файлы...
2026-01-23 13:39:43,501 - INFO - 📋 Метрики сохранены: artifacts/wfa/runs/20260123_budget1000_oos_notional20_grid/stress_relaxed8_nokpss_20260123_oos20240101_20240630_top50_z1p00_exit0p06_hold180_cd180_ms0p2_cap1000_maxnot40_risk0p04_minnot40_maxnot40/strategy_metrics.csv
2026-01-23 13:39:43,503 - INFO - 📈 Дневные P&L сохранены: artifacts/wfa/runs/20260123_budget1000_oos_notional20_grid/stress_relaxed8_nokpss_20260123_oos20240101_20240630_top50_z1p00_exit0p06_hold180_cd180_ms0p2_cap1000_maxnot40_risk0p04_minnot40_maxnot40/daily_pnl.csv (91 записей)
2026-01-23 13:39:43,535 - INFO - 💹 Кривая капитала сохранена: artifacts/wfa/runs/20260123_budget1000_oos_notional20_grid/stress_relaxed8_nokpss_20260123_oos20240101_20240630_top50_z1p00_exit0p06_hold180_cd180_ms0p2_cap1000_maxnot40_risk0p04_minnot40_maxnot40/equity_curve.csv (8641 точек)
2026-01-23 13:39:43,539 - INFO - 📋 Статистика сделок сохранена: artifacts/wfa/runs/20260123_budget1000_oos_notional20_grid/stress_relaxed8_nokpss_20260123_oos20240101_20240630_top50_z1p00_exit0p06_hold180_cd180_ms0p2_cap1000_maxnot40_risk0p04_minnot40_maxnot40/trade_statistics.csv (104 записей)
2026-01-23 13:39:43,539 - INFO - 🎉 Walk-Forward анализ полностью завершен!
2026-01-23 13:39:43,539 - INFO - 📊 Все отчеты и данные сохранены в: artifacts/wfa/runs/20260123_budget1000_oos_notional20_grid/stress_relaxed8_nokpss_20260123_oos20240101_20240630_top50_z1p00_exit0p06_hold180_cd180_ms0p2_cap1000_maxnot40_risk0p04_minnot40_maxnot40
2026-01-23 13:39:43,539 - INFO - 💼 Итоговый капитал: $900.02
2026-01-23 13:39:43,539 - INFO - ⏱️  Общее время выполнения: 8.5 секунд
2026-01-23 13:39:43,539 - INFO - ⇠ generating reports — done in 6.03s
2026-01-23 13:39:43,539 - coint2.core.memory_optimization - INFO - 🧹 Cleaning up global price data
2026-01-23 13:39:43,543 - coint2.core.memory_optimization - INFO - 📊 No global rolling stats to clean up
2026-01-23 13:39:43,544 - INFO - 🧹 Memory-mapped data cleaned up
2026-01-23 13:39:43,546 - INFO - ⇠ run_walk_forward_analysis — done in 47.47s
📊 Отчет сохранен: artifacts/wfa/runs/20260123_budget1000_oos_notional20_grid/stress_relaxed8_nokpss_20260123_oos20240101_20240630_top50_z1p00_exit0p06_hold180_cd180_ms0p2_cap1000_maxnot40_risk0p04_minnot40_maxnot40/CointegrationStrategy_performance_report.png
🎯 ============================================================
📊 ИТОГИ ТОРГОВОЙ СТРАТЕГИИ
🎯 ============================================================

💰 ФИНАНСОВЫЕ РЕЗУЛЬТАТЫ:
   • Общий P&L:                         -100
   • Максимальная просадка:           -1,211
   • Средний дневной P&L:                 -1

📈 МЕТРИКИ РИСКА:
   • Коэффициент Шарпа:              -1.1653
   • Волатильность P&L:               126.04
   • Процент прибыльных дней:         16.48%

🔄 ТОРГОВАЯ АКТИВНОСТЬ:
   • Всего торговых дней:                 91
   • Всего сделок:                     2,056
   • Торгуемых пар:                       53
   • Сделок на пару:                    19.8
   • Успешность сделок:               0.35%

💸 РАСХОДЫ И ЭКСТРЕМУМЫ:
   • Общие расходы:                      273
   • Максимальная прибыль:               423
   • Максимальный убыток:               -988
   • Лучшая пара (P&L):                  396
   • Худшая пара (P&L):                 -457

📊 ОЦЕНКА СТРАТЕГИИ:
   ❌ УБЫТОЧНАЯ стратегия. Требует доработки

🎯 ============================================================

Annualized Sharpe Ratio: -1.1653364409526417
[run_wfa_fullcpu] end: 2026-01-23T13:39:44Z
