[run_wfa_queue] 2026-01-19T11:16:20Z cmd: /opt/coint4/coint4/run_wfa_fullcpu.sh configs/stress_20260119_relaxed5/stress_relaxed5_20260119_pv0p08_hurst0p65_hl0p02_60_corr0p45_ssd50000_kpss0p03_w3m2.yaml artifacts/wfa/runs/20260119_relaxed5_stress/stress_relaxed5_20260119_pv0p08_hurst0p65_hl0p02_60_corr0p45_ssd50000_kpss0p03_w3m2
[run_wfa_fullcpu] start: 2026-01-19T11:16:20Z
[run_wfa_fullcpu] os.cpu_count: 8
[run_wfa_fullcpu] worker_pid=2137
2026-01-19 11:16:23,326 - coint2.core.memory_optimization - INFO - ✅ BLAS threading limits set to 1 via threadpoolctl
2026-01-19 11:16:23,326 - coint2.core.memory_optimization - INFO - 🔧 Controlled libraries: openblas, openmp
2026-01-19 11:16:23,326 - coint2.core.memory_optimization - INFO - 🧵 Process threads: 2 → 2
2026-01-19 11:16:23,326 - coint2.core.memory_optimization - INFO - 📝 Set 11 environment variables
2026-01-19 11:16:23,657 - INFO - ✅ Параметры конфигурации валидны
2026-01-19 11:16:23,657 - INFO - 📝 Некоторые параметры были скорректированы:
2026-01-19 11:16:23,657 - INFO - 🧭 WFA: динамический отбор пар на каждом шаге
2026-01-19 11:16:23,657 - INFO -   Шаг 1: тренировка 2023-08-02-2023-09-30, тест 2023-10-01-2023-10-31
2026-01-19 11:16:23,657 - INFO -   Шаг 2: тренировка 2023-09-01-2023-10-30, тест 2023-10-31-2023-11-30
2026-01-19 11:16:23,657 - INFO -   Шаг 3: тренировка 2023-10-01-2023-11-29, тест 2023-11-30-2023-12-30
2026-01-19 11:16:23,657 - INFO -   Шаг 4: тренировка 2023-10-31-2023-12-29, тест 2023-12-30-2024-01-29
2026-01-19 11:16:23,657 - INFO -   Шаг 5: тренировка 2023-11-30-2024-01-28, тест 2024-01-29-2024-02-28
2026-01-19 11:16:23,658 - INFO -   Шаг 6: тренировка 2023-12-30-2024-02-27, тест 2024-02-28-2024-03-29
2026-01-19 11:16:23,658 - INFO -   Шаг 7: тренировка 2024-01-29-2024-03-28, тест 2024-03-29-2024-04-28
2026-01-19 11:16:23,658 - INFO -   Шаг 8: тренировка 2024-02-28-2024-04-27, тест 2024-04-28-2024-05-28
2026-01-19 11:16:23,658 - INFO - 📈 Запланировано 8 walk-forward шагов
2026-01-19 11:16:23,658 - INFO - ⛔ Ограничение WFA шагов: 8 → 5
2026-01-19 11:16:23,658 - WARNING - ⚠️ Маленький буфер между training и testing в шаге 1: 0 дней. Рекомендуется минимум 1 день.
2026-01-19 11:16:23,658 - WARNING - ⚠️ Маленький буфер между training и testing в шаге 2: 0 дней. Рекомендуется минимум 1 день.
2026-01-19 11:16:23,658 - WARNING - ⚠️ Маленький буфер между training и testing в шаге 3: 0 дней. Рекомендуется минимум 1 день.
2026-01-19 11:16:23,658 - WARNING - ⚠️ Маленький буфер между training и testing в шаге 4: 0 дней. Рекомендуется минимум 1 день.
2026-01-19 11:16:23,658 - WARNING - ⚠️ Маленький буфер между training и testing в шаге 5: 0 дней. Рекомендуется минимум 1 день.
2026-01-19 11:16:23,658 - INFO - ✅ Шаги успешно запланированы:
2026-01-19 11:16:23,658 - INFO -    Шаг 1: тренировка 2023-08-02-2023-09-30, тест 2023-10-01-2023-10-31
2026-01-19 11:16:23,658 - INFO -    Шаг 2: тренировка 2023-09-01-2023-10-30, тест 2023-10-31-2023-11-30
2026-01-19 11:16:23,658 - INFO -    Шаг 3: тренировка 2023-10-01-2023-11-29, тест 2023-11-30-2023-12-30
2026-01-19 11:16:23,658 - INFO -    Шаг 4: тренировка 2023-10-31-2023-12-29, тест 2023-12-30-2024-01-29
2026-01-19 11:16:23,658 - INFO -    Шаг 5: тренировка 2023-11-30-2024-01-28, тест 2024-01-29-2024-02-28
2026-01-19 11:16:23,658 - INFO - 🗂️ Consolidating price data for memory-mapped access...
2026-01-19 11:16:23,658 - INFO - 📊 Consolidating data range: 2023-07-28 → 2024-03-04
2026-01-19 11:16:23,658 - coint2.core.memory_optimization - INFO - 🔄 Consolidating price data from data_downloaded to .cache/consolidated_prices.parquet
2026-01-19 11:16:23,658 - INFO - ⇢ loading raw data for consolidation — start
2026-01-19 11:16:24,234 - INFO - ⇠ loading raw data for consolidation — done in 0.58s
2026-01-19 11:16:24,234 - INFO - ⇢ pivoting data to wide format — start
2026-01-19 11:16:28,402 - INFO - ⇠ pivoting data to wide format — done in 4.17s
2026-01-19 11:16:28,460 - coint2.core.memory_optimization - INFO - 📊 Consolidated data: 21121 rows × 346 symbols
2026-01-19 11:16:28,460 - coint2.core.memory_optimization - INFO - 💾 Memory usage: 29.4 MB
2026-01-19 11:16:28,461 - INFO - ⇢ writing consolidated Parquet file — start
2026-01-19 11:16:28,681 - INFO - ⇠ writing consolidated Parquet file — done in 0.22s
2026-01-19 11:16:28,681 - coint2.core.memory_optimization - INFO - ✅ Successfully consolidated data to .cache/consolidated_prices.parquet
2026-01-19 11:16:28,704 - coint2.core.memory_optimization - INFO - 🔄 Initializing memory-mapped price data from .cache/consolidated_prices.parquet
2026-01-19 11:16:28,705 - INFO - ⇢ loading memory-mapped data — start
2026-01-19 11:16:28,705 - coint2.core.memory_optimization - WARNING - ⚠️ memory_map не поддерживается в текущей версии pyarrow, fallback без mmap
2026-01-19 11:16:28,822 - INFO - ⇠ loading memory-mapped data — done in 0.12s
2026-01-19 11:16:28,831 - coint2.core.memory_optimization - INFO - 📊 Loaded 21121 rows × 346 symbols
2026-01-19 11:16:28,831 - coint2.core.memory_optimization - INFO - 💾 Memory usage: 29.4 MB (memory-mapped)
2026-01-19 11:16:28,833 - INFO - ✅ Memory-mapped data initialized successfully
2026-01-19 11:16:28,833 - INFO - ⇢ Walk-forward steps — starting 5 items
2026-01-19 11:16:28,834 - INFO - 📈 Инициализация equity кривой с первой тестовой даты: 2023-10-01 00:00:00
2026-01-19 11:16:28,834 - INFO - 🔍 WF-шаг 1/5: Валидация временных окон...
2026-01-19 11:16:28,835 - INFO - ⇢ WF-шаг 1/5: training 2023-08-02-2023-09-30, testing 2023-10-01-2023-10-31 — start
2026-01-19 11:16:28,835 - INFO - ⇢ loading step data — start
2026-01-19 11:16:28,986 - INFO - ⇠ loading step data — done in 0.15s
2026-01-19 11:16:30,242 - INFO - 📊 WF-шаг 1/5: Границы данных:
2026-01-19 11:16:30,242 - INFO -    Training: 2023-08-02 00:00:00 → 2023-09-30 23:45:00 (5,760 строк × 282 символов)
2026-01-19 11:16:30,242 - INFO -    Testing:  2023-10-01 00:00:00 → 2023-10-31 00:00:00 (2,881 строк × 282 символов)
2026-01-19 11:16:30,242 - INFO -    Временной разрыв: 0 days 00:15:00
2026-01-19 11:16:30,277 - INFO - ⇢ normalizing training data — start
2026-01-19 11:16:30,307 - INFO -   Символы с NaN значениями: 20
2026-01-19 11:16:30,307 - INFO -   Применяем метод нормализации: rolling_zscore
2026-01-19 11:16:30,321 - INFO - Символы с недостаточной историей: 20 из 282
2026-01-19 11:16:30,703 - INFO - Символы с NaN после нормализации: 262
2026-01-19 11:16:30,710 - INFO - Удалено 1 начальных строк с NaN от rolling расчетов
2026-01-19 11:16:30,712 - INFO - Итоговое количество символов после нормализации: 262 из 282
2026-01-19 11:16:30,713 - INFO -   Статистика нормализации:
2026-01-19 11:16:30,713 - INFO -     Исходные символы: 282
2026-01-19 11:16:30,713 - INFO -     Недостаточная история: 20
2026-01-19 11:16:30,713 - INFO -     Постоянная цена: 0
2026-01-19 11:16:30,713 - INFO -     NaN после нормализации: 262
2026-01-19 11:16:30,713 - INFO -     Итоговые символы: 262 (92.9%)
2026-01-19 11:16:30,713 - INFO -   После нормализации: 262 символов (потеряно 20)
2026-01-19 11:16:30,713 - INFO -   Отброшенные символы: ADAEUR, BEAMUSDT, BTCEUR, CYBERUSDT, DOGEEUR, ETHEUR, FETUSDT, JEFFUSDT, KASUSDT, KAVAUSDT, LTCEUR, ORDIUSDT, POLUSDT, PPTUSDT, PYUSDUSDT, SEIUSDT, SOLEUR, USDCEUR, XRPEUR, ZTXUSDT
2026-01-19 11:16:30,713 - INFO - ⇠ normalizing training data — done in 0.44s
2026-01-19 11:16:30,713 - INFO - ⇢ SSD computation — start
2026-01-19 11:16:30,713 - INFO -   Расчет SSD для всех пар (без ограничения)
2026-01-19 11:16:32,926 - INFO -   SSD результат (все пары): 34191 пар
2026-01-19 11:16:32,926 - INFO - ⇠ SSD computation — done in 2.21s
2026-01-19 11:16:32,935 - INFO - ⇢ filtering pairs by cointegration and half-life — start
2026-01-19 11:16:32,936 - INFO - [ФИЛЬТР] Параллельная фильтрация: processes (8 workers)
⚙️  Загрузка данных за период: 2023-07-28 -> 2024-03-04
📂 Найдено 43 parquet файлов для обработки.
📊 Схема данных: Schema({'timestamp': Int64, 'open': Float64, 'high': Float64, 'low': Float64, 'close': Float64, 'volume': Float64, 'turnover': String, 'ts_ms': Int64, 'symbol': String})
✅ Загружено 6226682 записей с помощью Polars.
📊 Типы данных в pandas: timestamp       datetime64[us]
symbol                  object
close                  float64
timestamp_ms             int64
dtype: object
⚙️  Загрузка данных за период: 2023-08-02 -> 2023-10-31
📂 Найдено 43 parquet файлов для обработки.
📊 Схема данных: Schema({'timestamp': Int64, 'open': Float64, 'high': Float64, 'low': Float64, 'close': Float64, 'volume': Float64, 'turnover': String, 'ts_ms': Int64, 'symbol': String})
✅ Загружено 2351056 записей с помощью Polars.
📊 Типы данных в pandas: timestamp       datetime64[us]
symbol                  object
close                  float64
timestamp_ms             int64
dtype: object
2026-01-19 11:17:48,769 - INFO - [ФИЛЬТР] После проверки данных: 34191 пар
2026-01-19 11:17:48,769 - INFO - [ФИЛЬТР] После фильтра корреляции (>0.45): 24243 пар
2026-01-19 11:17:48,769 - INFO - [ФИЛЬТР] После фильтра beta: 16020 пар
2026-01-19 11:17:48,769 - INFO - [ФИЛЬТР] После фильтра mean crossings: 16020 пар
2026-01-19 11:17:48,769 - INFO - [ФИЛЬТР] После фильтра half-life: 15921 пар
2026-01-19 11:17:48,769 - INFO - [ФИЛЬТР] После фильтра коинтеграции: 6593 пар
2026-01-19 11:17:48,769 - INFO - [ФИЛЬТР] После фильтра Hurst: 4567 пар
2026-01-19 11:17:48,769 - INFO - [ФИЛЬТР] После фильтра KPSS: 247 пар
2026-01-19 11:17:48,769 - INFO - [ФИЛЬТР] После фильтра market microstructure: 247 пар
2026-01-19 11:17:48,769 - INFO - [ФИЛЬТР] Статистика фильтрации (оптимизированный порядок):
2026-01-19 11:17:48,769 - INFO -   1. SSD → Коинтеграция: 34191 → 6593 пар
2026-01-19 11:17:48,769 - INFO -   2. Коинтеграция → Beta: 6593 → 16020 пар
2026-01-19 11:17:48,769 - INFO -   3. Beta → Half-life: 16020 → 15921 пар
2026-01-19 11:17:48,769 - INFO -   4. Half-life → Mean crossings: 15921 → 16020 пар
2026-01-19 11:17:48,769 - INFO -   5. Mean crossings → Hurst: 16020 → 4567 пар
2026-01-19 11:17:48,769 - INFO -   6. Hurst → KPSS: 4567 → 247 пар
2026-01-19 11:17:48,769 - INFO -   7. KPSS → Market microstructure: 247 → 247 пар
2026-01-19 11:17:48,769 - INFO - [ФИЛЬТР] Причины отсева:
2026-01-19 11:17:48,769 - INFO -   • low_correlation: 9948 пар (29.1%)
2026-01-19 11:17:48,770 - INFO -   • pvalue: 9328 пар (27.3%)
2026-01-19 11:17:48,770 - INFO -   • beta: 8223 пар (24.1%)
2026-01-19 11:17:48,770 - INFO -   • kpss: 4320 пар (12.6%)
2026-01-19 11:17:48,770 - INFO -   • hurst: 2026 пар (5.9%)
2026-01-19 11:17:48,770 - INFO -   • half_life: 99 пар (0.3%)
2026-01-19 11:17:48,770 - INFO - [ФИЛЬТР] Итого: 34191 → 247 пар (0.7% прошли все фильтры)
2026-01-19 11:17:48,817 - INFO - Причины отсева сохранены в results/filter_reasons_20260119_111748.csv
2026-01-19 11:17:48,822 - INFO -   Pair stability filter: insufficient history (0 < 2), skip
2026-01-19 11:17:48,822 - INFO -   Фильтрация: 34191 → 247 пар
2026-01-19 11:17:48,822 - INFO - ⇠ filtering pairs by cointegration and half-life — done in 75.89s
2026-01-19 11:17:48,822 - INFO - ⇠ WF-шаг 1/5: training 2023-08-02-2023-09-30, testing 2023-10-01-2023-10-31 — done in 79.99s
2026-01-19 11:17:48,822 - INFO -   Топ-3 пары по волатильности спреда:
2026-01-19 11:17:48,822 - INFO -     1. COMPUSDT-GMXUSDT: beta=1.0239, std=2.0031
2026-01-19 11:17:48,822 - INFO -     2. COMPUSDT-LTCUSDC: beta=0.8118, std=1.8132
2026-01-19 11:17:48,822 - INFO -     3. COMPUSDT-LTCUSDT: beta=0.8093, std=1.8119
2026-01-19 11:17:48,822 - INFO -   Всего пар для торговли: 247 (ограничение 15 применяется к одновременно открытым позициям)
2026-01-19 11:17:48,823 - INFO -   💰 Проверка расчета капитала: equity=$10,000.00, кандидатных_пар=247, max_позиций=15
2026-01-19 11:17:48,823 - INFO -   🎯 Target concurrency: 15 (ожидаемое одновременное число позиций)
2026-01-19 11:17:48,823 - INFO -   📊 Детали расчета капитала:
2026-01-19 11:17:48,823 - INFO -      • Базовый капитал на пару: $666.67 (equity / target_concurrency)
2026-01-19 11:17:48,823 - INFO -      • Риск-капитал: $150.00 (1.5% от equity)
2026-01-19 11:17:48,823 - INFO -      • Макс. размер позиции: $200.00 (2.0% от equity)
2026-01-19 11:17:48,823 - INFO -      • Итоговый капитал на пару: $150.00
2026-01-19 11:17:48,823 - INFO - ⇢ WF-шаг 1/5 backtests — starting 247 items
2026-01-19 11:17:48,823 - INFO - 🚀 WF-шаг 1/5: Начинаем бэктесты для 247 пар...
2026-01-19 11:17:48,823 - INFO - 🚀 WF-шаг 1/5: Запускаем параллельную обработку 247 пар на 8 ядрах...
2026-01-19 11:17:48,823 - INFO -   📊 Большой набор пар (247), ожидаемое время: ~9 мин
2026-01-19 11:17:48,823 - INFO -   🔄 Прогресс будет отображаться каждые 24 пар
2026-01-19 11:17:48,823 - INFO - 🚀 WF-шаг 1/5: Режим параллельности: процессы
2026-01-19 11:17:48,875 - coint2.engine.numba_engine - INFO - Запуск Numba-оптимизированного бэктеста для COMPUSDT-GMXUSDT
2026-01-19 11:17:48,893 - coint2.engine.numba_engine - INFO - Запуск Numba-оптимизированного бэктеста для COMPUSDT-LTCUSDC
2026-01-19 11:17:48,913 - coint2.engine.numba_engine - INFO - Запуск Numba-оптимизированного бэктеста для COMPUSDT-LTCUSDT
2026-01-19 11:17:48,934 - coint2.engine.numba_engine - INFO - Запуск Numba-оптимизированного бэктеста для RPLUSDT-SDUSDT
2026-01-19 11:17:48,953 - coint2.engine.numba_engine - INFO - Запуск Numba-оптимизированного бэктеста для TIMEUSDT-ZENUSDT
2026-01-19 11:17:48,956 - coint2.engine.numba_engine - INFO - Запуск Numba-оптимизированного бэктеста для TIMEUSDT-XRPUSDT
2026-01-19 11:17:48,973 - coint2.engine.numba_engine - INFO - Запуск Numba-оптимизированного бэктеста для ETHUSDC-ETHUSDT
2026-01-19 11:17:48,973 - coint2.engine.numba_engine - INFO - Запуск Numba-оптимизированного бэктеста для TIMEUSDT-WAVESUSDT
2026-01-19 11:17:48,980 - coint2.engine.numba_engine - INFO - Запуск Numba-оптимизированного бэктеста для APTUSDC-ARBUSDT
2026-01-19 11:17:48,995 - coint2.engine.numba_engine - INFO - Запуск Numba-оптимизированного бэктеста для KSMUSDT-STETHUSDT
2026-01-19 11:17:48,996 - coint2.engine.numba_engine - INFO - Запуск Numba-оптимизированного бэктеста для ARUSDT-XRPUSDT
2026-01-19 11:17:48,998 - coint2.engine.numba_engine - INFO - Запуск Numba-оптимизированного бэктеста для TIMEUSDT-UMAUSDT
2026-01-19 11:17:49,003 - coint2.engine.numba_engine - INFO - Запуск Numba-оптимизированного бэктеста для DOTUSDC-SDUSDT
2026-01-19 11:17:49,015 - coint2.engine.numba_engine - INFO - Запуск Numba-оптимизированного бэктеста для ETCUSDT-XRPUSDT
2026-01-19 11:17:49,019 - coint2.engine.numba_engine - INFO - Запуск Numba-оптимизированного бэктеста для ARUSDT-MASKUSDT
2026-01-19 11:17:49,024 - coint2.engine.numba_engine - INFO - Запуск Numba-оптимизированного бэктеста для TIMEUSDT-XRPUSDC
2026-01-19 11:17:49,026 - coint2.engine.numba_engine - INFO - Запуск Numba-оптимизированного бэктеста для INTERUSDT-LUNAUSDT
2026-01-19 11:17:49,027 - coint2.engine.numba_engine - INFO - Запуск Numba-оптимизированного бэктеста для AXSUSDT-GMTUSDT
2026-01-19 11:17:49,039 - coint2.engine.numba_engine - INFO - Запуск Numba-оптимизированного бэктеста для ARUSDT-MANAUSDT
2026-01-19 11:17:49,042 - coint2.engine.numba_engine - INFO - Запуск Numba-оптимизированного бэктеста для AXSUSDT-GMTUSDC
2026-01-19 11:17:49,049 - coint2.engine.numba_engine - INFO - Запуск Numba-оптимизированного бэктеста для INTERUSDT-SOLOUSDT
2026-01-19 11:17:49,051 - coint2.engine.numba_engine - INFO - Запуск Numba-оптимизированного бэктеста для ETCUSDT-XRPUSDC
2026-01-19 11:17:49,055 - coint2.engine.numba_engine - INFO - Запуск Numba-оптимизированного бэктеста для APTUSDT-ARBUSDC
2026-01-19 11:17:49,061 - coint2.engine.numba_engine - INFO - Запуск Numba-оптимизированного бэктеста для SNXUSDT-SOLOUSDT
2026-01-19 11:17:49,062 - coint2.engine.numba_engine - INFO - Запуск Numba-оптимизированного бэктеста для HNTUSDT-MDAOUSDT
2026-01-19 11:17:49,065 - coint2.engine.numba_engine - INFO - Запуск Numba-оптимизированного бэктеста для INTERUSDT-XRPUSDC
2026-01-19 11:17:49,072 - coint2.engine.numba_engine - INFO - Запуск Numba-оптимизированного бэктеста для APEUSDC-PSTAKEUSDT
2026-01-19 11:17:49,077 - coint2.engine.numba_engine - INFO - Запуск Numba-оптимизированного бэктеста для AXSUSDT-UNIUSDT
2026-01-19 11:17:49,084 - coint2.engine.numba_engine - INFO - Запуск Numba-оптимизированного бэктеста для INTERUSDT-XRPUSDT
2026-01-19 11:17:49,086 - coint2.engine.numba_engine - INFO - Запуск Numba-оптимизированного бэктеста для ARUSDT-MANAUSDC
2026-01-19 11:17:49,087 - coint2.engine.numba_engine - INFO - Запуск Numba-оптимизированного бэктеста для INTERUSDT-QTUMUSDT
2026-01-19 11:17:49,089 - coint2.engine.numba_engine - INFO - Запуск Numba-оптимизированного бэктеста для APTUSDC-ARBUSDC
2026-01-19 11:17:49,094 - coint2.engine.numba_engine - INFO - Запуск Numba-оптимизированного бэктеста для INTERUSDT-WAXPUSDT
2026-01-19 11:17:49,094 - coint2.engine.numba_engine - INFO - Запуск Numba-оптимизированного бэктеста для HNTUSDT-SDUSDT
2026-01-19 11:17:49,105 - coint2.engine.numba_engine - INFO - Запуск Numba-оптимизированного бэктеста для APTUSDT-ARBUSDT
2026-01-19 11:17:49,106 - coint2.engine.numba_engine - INFO - Запуск Numba-оптимизированного бэктеста для INTERUSDT-ZILUSDT
2026-01-19 11:17:49,110 - coint2.engine.numba_engine - INFO - Запуск Numba-оптимизированного бэктеста для INTERUSDT-KSMUSDT
2026-01-19 11:17:49,110 - coint2.engine.numba_engine - INFO - Запуск Numba-оптимизированного бэктеста для MASKUSDT-XRPUSDT
2026-01-19 11:17:49,111 - coint2.engine.numba_engine - INFO - Запуск Numba-оптимизированного бэктеста для AXSUSDT-SANDUSDT
2026-01-19 11:17:49,118 - coint2.engine.numba_engine - INFO - Запуск Numba-оптимизированного бэктеста для MASKUSDT-XRPUSDC
2026-01-19 11:17:49,118 - coint2.engine.numba_engine - INFO - Запуск Numba-оптимизированного бэктеста для AFCUSDT-ICPUSDC
2026-01-19 11:17:49,124 - coint2.engine.numba_engine - INFO - Запуск Numba-оптимизированного бэктеста для ARUSDT-FILUSDT
2026-01-19 11:17:49,128 - coint2.engine.numba_engine - INFO - Запуск Numba-оптимизированного бэктеста для DOTUSDT-SDUSDT
2026-01-19 11:17:49,129 - coint2.engine.numba_engine - INFO - Запуск Numba-оптимизированного бэктеста для PSGUSDT-SDUSDT
2026-01-19 11:17:49,133 - coint2.engine.numba_engine - INFO - Запуск Numba-оптимизированного бэктеста для INTERUSDT-ZENUSDT
2026-01-19 11:17:49,133 - coint2.engine.numba_engine - INFO - Запуск Numba-оптимизированного бэктеста для INTERUSDT-XEMUSDT
2026-01-19 11:17:49,141 - coint2.engine.numba_engine - INFO - Запуск Numba-оптимизированного бэктеста для INTERUSDT-UMAUSDT
2026-01-19 11:17:49,141 - coint2.engine.numba_engine - INFO - Запуск Numba-оптимизированного бэктеста для AFCUSDT-VPADUSDT
2026-01-19 11:17:49,146 - coint2.engine.numba_engine - INFO - Запуск Numba-оптимизированного бэктеста для INTERUSDT-STXUSDT
2026-01-19 11:17:49,151 - coint2.engine.numba_engine - INFO - Запуск Numba-оптимизированного бэктеста для INTERUSDT-THETAUSDT
2026-01-19 11:17:49,151 - coint2.engine.numba_engine - INFO - Запуск Numba-оптимизированного бэктеста для INTERUSDT-WAVESUSDT
2026-01-19 11:17:49,155 - coint2.engine.numba_engine - INFO - Запуск Numba-оптимизированного бэктеста для HNTUSDT-VPADUSDT
2026-01-19 11:17:49,155 - coint2.engine.numba_engine - INFO - Запуск Numba-оптимизированного бэктеста для AFCUSDT-AVAXUSDC
2026-01-19 11:17:49,156 - coint2.engine.numba_engine - INFO - Запуск Numba-оптимизированного бэктеста для AXSUSDT-SANDUSDC
2026-01-19 11:17:49,163 - coint2.engine.numba_engine - INFO - Запуск Numba-оптимизированного бэктеста для AFCUSDT-ICPUSDT
2026-01-19 11:17:49,164 - coint2.engine.numba_engine - INFO - Запуск Numba-оптимизированного бэктеста для ETHWUSDT-XTZUSDT
2026-01-19 11:17:49,174 - coint2.engine.numba_engine - INFO - Запуск Numba-оптимизированного бэктеста для AFCUSDT-AVAXUSDT
2026-01-19 11:17:49,174 - coint2.engine.numba_engine - INFO - Запуск Numba-оптимизированного бэктеста для INTERUSDT-LTCUSDC
2026-01-19 11:17:49,177 - coint2.engine.numba_engine - INFO - Запуск Numba-оптимизированного бэктеста для INTERUSDT-SNXUSDT
2026-01-19 11:17:49,178 - coint2.engine.numba_engine - INFO - Запуск Numba-оптимизированного бэктеста для INTERUSDT-MANAUSDT
2026-01-19 11:17:49,179 - coint2.engine.numba_engine - INFO - Запуск Numba-оптимизированного бэктеста для CITYUSDT-DOTUSDT
2026-01-19 11:17:49,183 - coint2.engine.numba_engine - INFO - Запуск Numba-оптимизированного бэктеста для INTERUSDT-ROSEUSDT
2026-01-19 11:17:49,186 - coint2.engine.numba_engine - INFO - Запуск Numba-оптимизированного бэктеста для CITYUSDT-DOTUSDC
2026-01-19 11:17:49,192 - coint2.engine.numba_engine - INFO - Запуск Numba-оптимизированного бэктеста для SUSHIUSDT-USTCUSDT
2026-01-19 11:17:49,197 - coint2.engine.numba_engine - INFO - Запуск Numba-оптимизированного бэктеста для INTERUSDT-MANAUSDC
2026-01-19 11:17:49,197 - coint2.engine.numba_engine - INFO - Запуск Numba-оптимизированного бэктеста для QTUMUSDT-STXUSDT
2026-01-19 11:17:49,200 - coint2.engine.numba_engine - INFO - Запуск Numba-оптимизированного бэктеста для INTERUSDT-USTCUSDT
2026-01-19 11:17:49,201 - coint2.engine.numba_engine - INFO - Запуск Numba-оптимизированного бэктеста для APEUSDT-PSTAKEUSDT
2026-01-19 11:17:49,201 - coint2.engine.numba_engine - INFO - Запуск Numba-оптимизированного бэктеста для ETHWUSDT-GMTUSDC
2026-01-19 11:17:49,205 - coint2.engine.numba_engine - INFO - Запуск Numba-оптимизированного бэктеста для INTERUSDT-LTCUSDT
2026-01-19 11:17:49,209 - coint2.engine.numba_engine - INFO - Запуск Numba-оптимизированного бэктеста для BELUSDT-FTTUSDT
2026-01-19 11:17:49,214 - coint2.engine.numba_engine - INFO - Запуск Numba-оптимизированного бэктеста для ARKMUSDT-IZIUSDT
2026-01-19 11:17:49,219 - coint2.engine.numba_engine - INFO - Запуск Numba-оптимизированного бэктеста для PSGUSDT-VPADUSDT
2026-01-19 11:17:49,219 - coint2.engine.numba_engine - INFO - Запуск Numba-оптимизированного бэктеста для ETHWUSDT-GMTUSDT
2026-01-19 11:17:49,222 - coint2.engine.numba_engine - INFO - Запуск Numba-оптимизированного бэктеста для AFCUSDT-DOTUSDC
2026-01-19 11:17:49,223 - coint2.engine.numba_engine - INFO - Запуск Numba-оптимизированного бэктеста для INTERUSDT-MASKUSDT
2026-01-19 11:17:49,223 - coint2.engine.numba_engine - INFO - Запуск Numba-оптимизированного бэктеста для ARKMUSDT-SOLUSDC
2026-01-19 11:17:49,228 - coint2.engine.numba_engine - INFO - Запуск Numba-оптимизированного бэктеста для DYDXUSDT-QNTUSDT
2026-01-19 11:17:49,231 - coint2.engine.numba_engine - INFO - Запуск Numba-оптимизированного бэктеста для ARKMUSDT-SOLUSDT
2026-01-19 11:17:49,237 - coint2.engine.numba_engine - INFO - Запуск Numba-оптимизированного бэктеста для SDUSDT-VPADUSDT
2026-01-19 11:17:49,241 - coint2.engine.numba_engine - INFO - Запуск Numba-оптимизированного бэктеста для AFCUSDT-DOTUSDT
2026-01-19 11:17:49,242 - coint2.engine.numba_engine - INFO - Запуск Numba-оптимизированного бэктеста для ARKMUSDT-CITYUSDT
2026-01-19 11:17:49,245 - coint2.engine.numba_engine - INFO - Запуск Numba-оптимизированного бэктеста для CITYUSDT-JUVUSDT
2026-01-19 11:17:49,246 - coint2.engine.numba_engine - INFO - Запуск Numba-оптимизированного бэктеста для OPUSDT-VPADUSDT
2026-01-19 11:17:49,246 - coint2.engine.numba_engine - INFO - Запуск Numba-оптимизированного бэктеста для ARKMUSDT-SFUNDUSDT
2026-01-19 11:17:49,250 - coint2.engine.numba_engine - INFO - Запуск Numba-оптимизированного бэктеста для OPUSDC-VPADUSDT
2026-01-19 11:17:49,251 - WARNING - ❌ Ошибка обработки пары ARKMUSDT-CITYUSDT: division by zero
2026-01-19 11:17:49,254 - coint2.engine.numba_engine - INFO - Запуск Numba-оптимизированного бэктеста для ARKMUSDT-OMGUSDT
2026-01-19 11:17:49,260 - coint2.engine.numba_engine - INFO - Запуск Numba-оптимизированного бэктеста для HFTUSDC-RPLUSDT
2026-01-19 11:17:49,261 - coint2.engine.numba_engine - INFO - Запуск Numba-оптимизированного бэктеста для SUSHIUSDT-UMAUSDT
2026-01-19 11:17:49,265 - coint2.engine.numba_engine - INFO - Запуск Numba-оптимизированного бэктеста для NEARUSDT-RPLUSDT
2026-01-19 11:17:49,268 - coint2.engine.numba_engine - INFO - Запуск Numba-оптимизированного бэктеста для ETHWUSDT-SANDUSDC
2026-01-19 11:17:49,269 - coint2.engine.numba_engine - INFO - Запуск Numba-оптимизированного бэктеста для HFTUSDT-VPADUSDT
2026-01-19 11:17:49,271 - coint2.engine.numba_engine - INFO - Запуск Numba-оптимизированного бэктеста для AFCUSDT-CITYUSDT
2026-01-19 11:17:49,273 - coint2.engine.numba_engine - INFO - Запуск Numba-оптимизированного бэктеста для AFCUSDT-MDAOUSDT
2026-01-19 11:17:49,276 - coint2.engine.numba_engine - INFO - Запуск Numba-оптимизированного бэктеста для BICOUSDT-IMXUSDT
2026-01-19 11:17:49,280 - WARNING - ❌ Ошибка обработки пары AFCUSDT-CITYUSDT: division by zero
2026-01-19 11:17:49,283 - coint2.engine.numba_engine - INFO - Запуск Numba-оптимизированного бэктеста для BICOUSDT-WAXPUSDT
2026-01-19 11:17:49,284 - coint2.engine.numba_engine - INFO - Запуск Numba-оптимизированного бэктеста для HFTUSDT-SFUNDUSDT
2026-01-19 11:17:49,287 - coint2.engine.numba_engine - INFO - Запуск Numba-оптимизированного бэктеста для ETHWUSDT-SANDUSDT
2026-01-19 11:17:49,289 - coint2.engine.numba_engine - INFO - Запуск Numba-оптимизированного бэктеста для UMAUSDT-XRPUSDT
2026-01-19 11:17:49,290 - coint2.engine.numba_engine - INFO - Запуск Numba-оптимизированного бэктеста для ARKMUSDT-OPUSDT
2026-01-19 11:17:49,291 - coint2.engine.numba_engine - INFO - Запуск Numba-оптимизированного бэктеста для THETAUSDT-XRPUSDC
2026-01-19 11:17:49,295 - coint2.engine.numba_engine - INFO - Запуск Numba-оптимизированного бэктеста для UMAUSDT-XRPUSDC
2026-01-19 11:17:49,300 - coint2.engine.numba_engine - INFO - Запуск Numba-оптимизированного бэктеста для HFTUSDT-RPLUSDT
2026-01-19 11:17:49,305 - coint2.engine.numba_engine - INFO - Запуск Numba-оптимизированного бэктеста для HFTUSDT-JUVUSDT
2026-01-19 11:17:49,305 - coint2.engine.numba_engine - INFO - Запуск Numba-оптимизированного бэктеста для OMGUSDT-RDNTUSDT
2026-01-19 11:17:49,309 - coint2.engine.numba_engine - INFO - Запуск Numba-оптимизированного бэктеста для ARKMUSDT-OPUSDC
2026-01-19 11:17:49,312 - coint2.engine.numba_engine - INFO - Запуск Numba-оптимизированного бэктеста для CAKEUSDT-VPADUSDT
2026-01-19 11:17:49,313 - coint2.engine.numba_engine - INFO - Запуск Numba-оптимизированного бэктеста для BICOUSDT-ZILUSDT
2026-01-19 11:17:49,313 - coint2.engine.numba_engine - INFO - Запуск Numba-оптимизированного бэктеста для SFUNDUSDT-VPADUSDT
2026-01-19 11:17:49,317 - coint2.engine.numba_engine - INFO - Запуск Numba-оптимизированного бэктеста для CRVUSDT-PIPUSDT
2026-01-19 11:17:49,322 - coint2.engine.numba_engine - INFO - Запуск Numba-оптимизированного бэктеста для BICOUSDT-ROSEUSDT
2026-01-19 11:17:49,327 - coint2.engine.numba_engine - INFO - Запуск Numba-оптимизированного бэктеста для HFTUSDT-SUIUSDC
2026-01-19 11:17:49,328 - coint2.engine.numba_engine - INFO - Запуск Numba-оптимизированного бэктеста для 1INCHUSDT-SCUSDT
2026-01-19 11:17:49,331 - coint2.engine.numba_engine - INFO - Запуск Numba-оптимизированного бэктеста для NEARUSDT-XTZUSDT
2026-01-19 11:17:49,334 - coint2.engine.numba_engine - INFO - Запуск Numba-оптимизированного бэктеста для ARKMUSDT-PSGUSDT
2026-01-19 11:17:49,335 - coint2.engine.numba_engine - INFO - Запуск Numba-оптимизированного бэктеста для HFTUSDC-MOVRUSDT
2026-01-19 11:17:49,335 - coint2.engine.numba_engine - INFO - Запуск Numba-оптимизированного бэктеста для HFTUSDC-SFUNDUSDT
2026-01-19 11:17:49,340 - coint2.engine.numba_engine - INFO - Запуск Numba-оптимизированного бэктеста для ARKMUSDT-NEXOUSDT
2026-01-19 11:17:49,345 - coint2.engine.numba_engine - INFO - Запуск Numba-оптимизированного бэктеста для CELOUSDT-ZRXUSDT
2026-01-19 11:17:49,349 - coint2.engine.numba_engine - INFO - Запуск Numba-оптимизированного бэктеста для HFTUSDT-MOVRUSDT
2026-01-19 11:17:49,350 - coint2.engine.numba_engine - INFO - Запуск Numba-оптимизированного бэктеста для RSS3USDT-SFUNDUSDT
2026-01-19 11:17:49,354 - coint2.engine.numba_engine - INFO - Запуск Numba-оптимизированного бэктеста для HFTUSDT-PSGUSDT
2026-01-19 11:17:49,356 - coint2.engine.numba_engine - INFO - Запуск Numba-оптимизированного бэктеста для CELOUSDT-SCUSDT
2026-01-19 11:17:49,357 - coint2.engine.numba_engine - INFO - Запуск Numba-оптимизированного бэктеста для CTCUSDT-VPADUSDT
2026-01-19 11:17:49,357 - coint2.engine.numba_engine - INFO - Запуск Numba-оптимизированного бэктеста для HFTUSDC-JUVUSDT
2026-01-19 11:17:49,362 - coint2.engine.numba_engine - INFO - Запуск Numba-оптимизированного бэктеста для STXUSDT-THETAUSDT
2026-01-19 11:17:49,367 - coint2.engine.numba_engine - INFO - Запуск Numba-оптимизированного бэктеста для CTCUSDT-DOTUSDC
2026-01-19 11:17:49,371 - coint2.engine.numba_engine - INFO - Запуск Numba-оптимизированного бэктеста для GODSUSDT-HBARUSDT
2026-01-19 11:17:49,372 - coint2.engine.numba_engine - INFO - Запуск Numba-оптимизированного бэктеста для RSS3USDT-SOLUSDC
2026-01-19 11:17:49,376 - coint2.engine.numba_engine - INFO - Запуск Numba-оптимизированного бэктеста для THETAUSDT-XRPUSDT
2026-01-19 11:17:49,378 - coint2.engine.numba_engine - INFO - Запуск Numba-оптимизированного бэктеста для OMGUSDT-UNIUSDT
2026-01-19 11:17:49,380 - coint2.engine.numba_engine - INFO - Запуск Numba-оптимизированного бэктеста для HFTUSDT-SUIUSDT
2026-01-19 11:17:49,381 - coint2.engine.numba_engine - INFO - Запуск Numba-оптимизированного бэктеста для RSS3USDT-SDUSDT
2026-01-19 11:17:49,384 - coint2.engine.numba_engine - INFO - Запуск Numba-оптимизированного бэктеста для HFTUSDC-PSGUSDT
2026-01-19 11:17:49,389 - coint2.engine.numba_engine - INFO - Запуск Numba-оптимизированного бэктеста для RSS3USDT-TWTUSDT
2026-01-19 11:17:49,394 - coint2.engine.numba_engine - INFO - Запуск Numba-оптимизированного бэктеста для RSS3USDT-XAVAUSDT
2026-01-19 11:17:49,395 - coint2.engine.numba_engine - INFO - Запуск Numba-оптимизированного бэктеста для RSS3USDT-RVNUSDT
2026-01-19 11:17:49,401 - coint2.engine.numba_engine - INFO - Запуск Numba-оптимизированного бэктеста для HFTUSDC-SUIUSDC
2026-01-19 11:17:49,402 - coint2.engine.numba_engine - INFO - Запуск Numba-оптимизированного бэктеста для BICOUSDT-ICXUSDT
2026-01-19 11:17:49,403 - WARNING - ❌ Ошибка обработки пары RSS3USDT-XAVAUSDT: division by zero
2026-01-19 11:17:49,404 - coint2.engine.numba_engine - INFO - Запуск Numba-оптимизированного бэктеста для NEXOUSDT-PSGUSDT
2026-01-19 11:17:49,405 - coint2.engine.numba_engine - INFO - Запуск Numba-оптимизированного бэктеста для RSS3USDT-UNIUSDT
2026-01-19 11:17:49,408 - coint2.engine.numba_engine - INFO - Запуск Numba-оптимизированного бэктеста для BICOUSDT-USTCUSDT
2026-01-19 11:17:49,414 - coint2.engine.numba_engine - INFO - Запуск Numba-оптимизированного бэктеста для RSS3USDT-SOLUSDT
2026-01-19 11:17:49,414 - coint2.engine.numba_engine - INFO - Запуск Numba-оптимизированного бэктеста для MANAUSDT-XRPUSDT
2026-01-19 11:17:49,420 - coint2.engine.numba_engine - INFO - Запуск Numba-оптимизированного бэктеста для FORTUSDT-HNTUSDT
2026-01-19 11:17:49,424 - coint2.engine.numba_engine - INFO - Запуск Numba-оптимизированного бэктеста для BICOUSDT-CRVUSDT
2026-01-19 11:17:49,426 - coint2.engine.numba_engine - INFO - Запуск Numba-оптимизированного бэктеста для CTCUSDT-SDUSDT
2026-01-19 11:17:49,427 - coint2.engine.numba_engine - INFO - Запуск Numba-оптимизированного бэктеста для FLOWUSDT-MASKUSDT
2026-01-19 11:17:49,428 - coint2.engine.numba_engine - INFO - Запуск Numba-оптимизированного бэктеста для WOOUSDT-XTZUSDT
2026-01-19 11:17:49,431 - coint2.engine.numba_engine - INFO - Запуск Numba-оптимизированного бэктеста для HFTUSDC-SUIUSDT
2026-01-19 11:17:49,436 - coint2.engine.numba_engine - INFO - Запуск Numba-оптимизированного бэктеста для ADAUSDC-RPLUSDT
2026-01-19 11:17:49,437 - coint2.engine.numba_engine - INFO - Запуск Numba-оптимизированного бэктеста для BATUSDT-COMPUSDT
2026-01-19 11:17:49,442 - coint2.engine.numba_engine - INFO - Запуск Numba-оптимизированного бэктеста для FORTUSDT-SDUSDT
2026-01-19 11:17:49,447 - coint2.engine.numba_engine - INFO - Запуск Numba-оптимизированного бэктеста для CTCUSDT-ICPUSDT
2026-01-19 11:17:49,448 - coint2.engine.numba_engine - INFO - Запуск Numba-оптимизированного бэктеста для C98USDT-SSVUSDT
2026-01-19 11:17:49,450 - coint2.engine.numba_engine - INFO - Запуск Numba-оптимизированного бэктеста для RSS3USDT-SCRTUSDT
2026-01-19 11:17:49,451 - coint2.engine.numba_engine - INFO - Запуск Numba-оптимизированного бэктеста для ADAUSDT-PSGUSDT
2026-01-19 11:17:49,454 - coint2.engine.numba_engine - INFO - Запуск Numba-оптимизированного бэктеста для CTCUSDT-ICPUSDC
2026-01-19 11:17:49,459 - coint2.engine.numba_engine - INFO - Запуск Numba-оптимизированного бэктеста для ADAUSDC-CITYUSDT
2026-01-19 11:17:49,460 - coint2.engine.numba_engine - INFO - Запуск Numba-оптимизированного бэктеста для ADAUSDC-PSGUSDT
2026-01-19 11:17:49,465 - coint2.engine.numba_engine - INFO - Запуск Numba-оптимизированного бэктеста для FORTUSDT-PSGUSDT
2026-01-19 11:17:49,469 - WARNING - ❌ Ошибка обработки пары ADAUSDC-CITYUSDT: division by zero
2026-01-19 11:17:49,469 - coint2.engine.numba_engine - INFO - Запуск Numba-оптимизированного бэктеста для ENJUSDT-NEARUSDT
2026-01-19 11:17:49,471 - coint2.engine.numba_engine - INFO - Запуск Numba-оптимизированного бэктеста для C98USDT-HOOKUSDT
2026-01-19 11:17:49,472 - coint2.engine.numba_engine - INFO - Запуск Numba-оптимизированного бэктеста для MANAUSDC-XRPUSDC
2026-01-19 11:17:49,473 - coint2.engine.numba_engine - INFO - Запуск Numba-оптимизированного бэктеста для BATUSDT-LTCUSDT
2026-01-19 11:17:49,479 - coint2.engine.numba_engine - INFO - Запуск Numba-оптимизированного бэктеста для ENJUSDT-XTZUSDT
2026-01-19 11:17:49,480 - coint2.engine.numba_engine - INFO - Запуск Numba-оптимизированного бэктеста для BATUSDT-PEOPLEUSDT
2026-01-19 11:17:49,486 - coint2.engine.numba_engine - INFO - Запуск Numba-оптимизированного бэктеста для BATUSDT-LTCUSDC
2026-01-19 11:17:49,487 - coint2.engine.numba_engine - INFO - Запуск Numba-оптимизированного бэктеста для ALGOUSDT-WAXPUSDT
2026-01-19 11:17:49,493 - coint2.engine.numba_engine - INFO - Запуск Numba-оптимизированного бэктеста для SANDUSDT-UNIUSDT
2026-01-19 11:17:49,493 - coint2.engine.numba_engine - INFO - Запуск Numba-оптимизированного бэктеста для RSS3USDT-XTZUSDT
2026-01-19 11:17:49,496 - coint2.engine.numba_engine - INFO - Запуск Numba-оптимизированного бэктеста для GMTUSDT-UNIUSDT
2026-01-19 11:17:49,496 - coint2.engine.numba_engine - INFO - Запуск Numba-оптимизированного бэктеста для BATUSDT-FIDAUSDT
2026-01-19 11:17:49,503 - coint2.engine.numba_engine - INFO - Запуск Numba-оптимизированного бэктеста для RDNTUSDT-UNIUSDT
2026-01-19 11:17:49,504 - coint2.engine.numba_engine - INFO - Запуск Numba-оптимизированного бэктеста для GMTUSDC-UNIUSDT
2026-01-19 11:17:49,509 - coint2.engine.numba_engine - INFO - Запуск Numba-оптимизированного бэктеста для FORTUSDT-SFUNDUSDT
2026-01-19 11:17:49,511 - coint2.engine.numba_engine - INFO - Запуск Numba-оптимизированного бэктеста для MVUSDT-OPUSDC
2026-01-19 11:17:49,516 - coint2.engine.numba_engine - INFO - Запуск Numba-оптимизированного бэктеста для SANDUSDC-UNIUSDT
2026-01-19 11:17:49,516 - coint2.engine.numba_engine - INFO - Запуск Numba-оптимизированного бэктеста для BATUSDT-THETAUSDT
2026-01-19 11:17:49,518 - coint2.engine.numba_engine - INFO - Запуск Numba-оптимизированного бэктеста для FORTUSDT-VPADUSDT
2026-01-19 11:17:49,518 - coint2.engine.numba_engine - INFO - Запуск Numba-оптимизированного бэктеста для MVUSDT-TWTUSDT
2026-01-19 11:17:49,526 - coint2.engine.numba_engine - INFO - Запуск Numba-оптимизированного бэктеста для GMTUSDT-SANDUSDT
2026-01-19 11:17:49,527 - coint2.engine.numba_engine - INFO - Запуск Numba-оптимизированного бэктеста для MANAUSDC-XRPUSDT
2026-01-19 11:17:49,531 - coint2.engine.numba_engine - INFO - Запуск Numba-оптимизированного бэктеста для ALGOUSDT-ROSEUSDT
2026-01-19 11:17:49,535 - coint2.engine.numba_engine - INFO - Запуск Numba-оптимизированного бэктеста для EVERUSDT-JUVUSDT
2026-01-19 11:17:49,538 - coint2.engine.numba_engine - INFO - Запуск Numba-оптимизированного бэктеста для BATUSDT-QTUMUSDT
2026-01-19 11:17:49,539 - coint2.engine.numba_engine - INFO - Запуск Numba-оптимизированного бэктеста для BATUSDT-UMAUSDT
2026-01-19 11:17:49,541 - coint2.engine.numba_engine - INFO - Запуск Numba-оптимизированного бэктеста для MVUSDT-SFUNDUSDT
2026-01-19 11:17:49,543 - coint2.engine.numba_engine - INFO - Запуск Numba-оптимизированного бэктеста для FORTUSDT-TWTUSDT
2026-01-19 11:17:49,549 - coint2.engine.numba_engine - INFO - Запуск Numba-оптимизированного бэктеста для EVERUSDT-RPLUSDT
2026-01-19 11:17:49,553 - coint2.engine.numba_engine - INFO - Запуск Numba-оптимизированного бэктеста для MVUSDT-OPUSDT
2026-01-19 11:17:49,555 - coint2.engine.numba_engine - INFO - Запуск Numba-оптимизированного бэктеста для WOOUSDT-XRPUSDC
2026-01-19 11:17:49,558 - coint2.engine.numba_engine - INFO - Запуск Numba-оптимизированного бэктеста для KASTAUSDT-XETAUSDT
2026-01-19 11:17:49,560 - coint2.engine.numba_engine - INFO - Запуск Numba-оптимизированного бэктеста для FORTUSDT-ICPUSDT
2026-01-19 11:17:49,563 - coint2.engine.numba_engine - INFO - Запуск Numba-оптимизированного бэктеста для OASUSDT-TRVLUSDT
2026-01-19 11:17:49,563 - coint2.engine.numba_engine - INFO - Запуск Numba-оптимизированного бэктеста для FORTUSDT-PSTAKEUSDT
2026-01-19 11:17:49,572 - coint2.engine.numba_engine - INFO - Запуск Numba-оптимизированного бэктеста для GRTUSDT-RVNUSDT
2026-01-19 11:17:49,575 - coint2.engine.numba_engine - INFO - Запуск Numba-оптимизированного бэктеста для XDCUSDT-XTZUSDT
2026-01-19 11:17:49,576 - coint2.engine.numba_engine - INFO - Запуск Numba-оптимизированного бэктеста для HVHUSDT-TRVLUSDT
2026-01-19 11:17:49,580 - coint2.engine.numba_engine - INFO - Запуск Numba-оптимизированного бэктеста для USTCUSDT-ZILUSDT
2026-01-19 11:17:49,582 - coint2.engine.numba_engine - INFO - Запуск Numba-оптимизированного бэктеста для ICXUSDT-WAXPUSDT
2026-01-19 11:17:49,583 - coint2.engine.numba_engine - INFO - Запуск Numba-оптимизированного бэктеста для ADAUSDC-GSTUSDT
2026-01-19 11:17:49,586 - coint2.engine.numba_engine - INFO - Запуск Numba-оптимизированного бэктеста для ROSEUSDT-XEMUSDT
2026-01-19 11:17:49,586 - coint2.engine.numba_engine - INFO - Запуск Numba-оптимизированного бэктеста для FORTUSDT-JUVUSDT
2026-01-19 11:17:49,588 - coint2.engine.numba_engine - INFO - 🔍 ДИАГНОСТИКА HVHUSDT-TRVLUSDT:
2026-01-19 11:17:49,588 - coint2.engine.numba_engine - INFO -    entry_threshold: 0.85
2026-01-19 11:17:49,588 - coint2.engine.numba_engine - INFO -    exit_threshold: 0.12
2026-01-19 11:17:49,588 - coint2.engine.numba_engine - INFO -    Макс |z_score|: 15.2098
2026-01-19 11:17:49,588 - coint2.engine.numba_engine - INFO -    Позиций != 0: 30
2026-01-19 11:17:49,588 - coint2.engine.numba_engine - INFO -    Изменений позиций: 61
2026-01-19 11:17:49,588 - coint2.engine.numba_engine - INFO -    PnL сумма: 0.9565
2026-01-19 11:17:49,589 - coint2.engine.numba_engine - INFO -    Первые 10 z_scores: [-0.61579406  0.6302799   1.1688535   0.7469521  -0.72340673 -0.31277937
 -0.20099755  0.10098089  0.76779455  0.661367  ]
2026-01-19 11:17:49,589 - coint2.engine.numba_engine - INFO -    Превышают порог: 1496
2026-01-19 11:17:49,595 - coint2.engine.numba_engine - INFO - Запуск Numba-оптимизированного бэктеста для DAIUSDT-QTUMUSDT
2026-01-19 11:17:49,598 - coint2.engine.numba_engine - INFO - Запуск Numba-оптимизированного бэктеста для MVUSDT-NEARUSDT
2026-01-19 11:17:49,600 - coint2.engine.numba_engine - INFO - Запуск Numba-оптимизированного бэктеста для WAXPUSDT-ZILUSDT
2026-01-19 11:17:49,604 - coint2.engine.numba_engine - INFO - Запуск Numba-оптимизированного бэктеста для SCUSDT-ZILUSDT
2026-01-19 11:17:49,605 - coint2.engine.numba_engine - INFO - Запуск Numba-оптимизированного бэктеста для MVUSDT-PSGUSDT
2026-01-19 11:17:49,606 - coint2.engine.numba_engine - INFO - Запуск Numba-оптимизированного бэктеста для FORTUSDT-ICPUSDC
2026-01-19 11:17:49,608 - coint2.engine.numba_engine - INFO - Запуск Numba-оптимизированного бэктеста для ONEUSDT-TELUSDT
2026-01-19 11:17:49,608 - coint2.engine.numba_engine - INFO - Запуск Numba-оптимизированного бэктеста для ALGOUSDT-USTCUSDT
2026-01-19 11:17:49,617 - coint2.engine.numba_engine - INFO - Запуск Numba-оптимизированного бэктеста для ONEUSDT-XRPUSDC
2026-01-19 11:17:49,620 - coint2.engine.numba_engine - INFO - Запуск Numba-оптимизированного бэктеста для DOGEUSDT-TELUSDT
2026-01-19 11:17:49,623 - coint2.engine.numba_engine - INFO - Запуск Numba-оптимизированного бэктеста для PEOPLEUSDT-THETAUSDT
2026-01-19 11:17:49,627 - coint2.engine.numba_engine - INFO - Запуск Numba-оптимизированного бэктеста для SONUSDT-TAPUSDT
2026-01-19 11:17:49,627 - coint2.engine.numba_engine - INFO - Запуск Numba-оптимизированного бэктеста для DOGEUSDC-TELUSDT
2026-01-19 11:17:49,628 - coint2.engine.numba_engine - INFO - Запуск Numba-оптимизированного бэктеста для ALGOUSDT-IMXUSDT
2026-01-19 11:17:49,630 - coint2.engine.numba_engine - INFO - Запуск Numba-оптимизированного бэктеста для MVUSDT-SUIUSDT
2026-01-19 11:17:49,631 - coint2.engine.numba_engine - INFO - Запуск Numba-оптимизированного бэктеста для LTCBTC-LUNCUSDC
2026-01-19 11:17:49,641 - coint2.engine.numba_engine - INFO - Запуск Numba-оптимизированного бэктеста для LTCBTC-RVNUSDT
2026-01-19 11:17:49,643 - coint2.engine.numba_engine - INFO - Запуск Numba-оптимизированного бэктеста для ROSEUSDT-USTCUSDT
2026-01-19 11:17:49,645 - coint2.engine.numba_engine - INFO - Запуск Numba-оптимизированного бэктеста для SUNUSDT-ZRXUSDT
2026-01-19 11:17:49,650 - coint2.engine.numba_engine - INFO - Запуск Numba-оптимизированного бэктеста для DOGEUSDC-ETHWUSDT
2026-01-19 11:17:49,651 - coint2.engine.numba_engine - INFO - Запуск Numba-оптимизированного бэктеста для MVUSDT-SUIUSDC
2026-01-19 11:17:49,652 - coint2.engine.numba_engine - INFO - Запуск Numba-оптимизированного бэктеста для OASUSDT-STGUSDT
2026-01-19 11:17:49,653 - coint2.engine.numba_engine - INFO - Запуск Numba-оптимизированного бэктеста для LUNCUSDT-RVNUSDT
2026-01-19 11:17:49,666 - coint2.engine.numba_engine - INFO - Запуск Numba-оптимизированного бэктеста для DAIUSDT-XRPUSDC
2026-01-19 11:17:49,668 - coint2.engine.numba_engine - INFO - Запуск Numba-оптимизированного бэктеста для RACAUSDT-VPADUSDT
2026-01-19 11:17:49,669 - coint2.engine.numba_engine - INFO - Запуск Numba-оптимизированного бэктеста для LUNCUSDC-RVNUSDT
2026-01-19 11:17:49,672 - coint2.engine.numba_engine - INFO - Запуск Numba-оптимизированного бэктеста для DAIUSDT-XRPUSDT
2026-01-19 11:17:49,675 - coint2.engine.numba_engine - INFO - Запуск Numba-оптимизированного бэктеста для ROSEUSDT-WAXPUSDT
2026-01-19 11:17:49,682 - coint2.engine.numba_engine - INFO - Запуск Numba-оптимизированного бэктеста для EVERUSDT-PSGUSDT
2026-01-19 11:17:49,688 - coint2.engine.numba_engine - INFO - Запуск Numba-оптимизированного бэктеста для ONEUSDT-XRPUSDT
2026-01-19 11:17:49,696 - coint2.engine.numba_engine - INFO - Запуск Numba-оптимизированного бэктеста для DGBUSDT-GSTUSDT
2026-01-19 11:17:49,697 - coint2.engine.numba_engine - INFO - Запуск Numba-оптимизированного бэктеста для DAIUSDT-SOLOUSDT
2026-01-19 11:17:49,705 - coint2.engine.numba_engine - INFO - Запуск Numba-оптимизированного бэктеста для DOGEUSDT-ETHWUSDT
2026-01-19 11:17:49,711 - coint2.engine.numba_engine - INFO - Запуск Numba-оптимизированного бэктеста для LTCBTC-XRPUSDC
2026-01-19 11:17:49,718 - coint2.engine.numba_engine - INFO - Запуск Numba-оптимизированного бэктеста для LTCBTC-XRPUSDT
2026-01-19 11:17:49,720 - coint2.engine.numba_engine - INFO - Запуск Numba-оптимизированного бэктеста для SCUSDT-USTCUSDT
2026-01-19 11:17:49,727 - coint2.engine.numba_engine - INFO - Запуск Numba-оптимизированного бэктеста для DAIUSDT-LTCBTC
2026-01-19 11:17:49,733 - coint2.engine.numba_engine - INFO - Запуск Numba-оптимизированного бэктеста для XECUSDT-ZILUSDT
2026-01-19 11:17:49,741 - coint2.engine.numba_engine - INFO - Запуск Numba-оптимизированного бэктеста для ALGOBTC-XECUSDT
2026-01-19 11:17:49,743 - coint2.engine.numba_engine - INFO - Запуск Numba-оптимизированного бэктеста для SONUSDT-TELUSDT
2026-01-19 11:17:49,750 - coint2.engine.numba_engine - INFO - Запуск Numba-оптимизированного бэктеста для ACSUSDT-MCRTUSDT
2026-01-19 11:17:49,773 - coint2.engine.numba_engine - INFO - Запуск Numba-оптимизированного бэктеста для SONUSDT-XRPBTC
2026-01-19 11:17:49,796 - coint2.engine.numba_engine - INFO - Запуск Numba-оптимизированного бэктеста для ALGOBTC-NFTUSDT
2026-01-19 11:17:49,845 - INFO -   ⏱️ Параллельная обработка завершена за 1.0с (241.8 пар/с)
2026-01-19 11:17:49,917 - coint2.pipeline.walk_forward_orchestrator - INFO - 🎯 СИМУЛЯЦИЯ ПОРТФЕЛЯ: 243 пар, лимит 15 позиций
2026-01-19 11:17:51,512 - coint2.pipeline.walk_forward_orchestrator - INFO -    📈 Макс. одновременных сигналов: 96
2026-01-19 11:17:51,512 - coint2.pipeline.walk_forward_orchestrator - INFO -    📊 Средн. сигналов за период: 3.2
2026-01-19 11:17:51,512 - coint2.pipeline.walk_forward_orchestrator - INFO -    🎯 Финальных активных позиций: 0
2026-01-19 11:17:51,514 - coint2.pipeline.walk_forward_orchestrator - INFO -    ⚡ Утилизация лимита позиций: 18.5%
2026-01-19 11:17:51,514 - WARNING -   ⚠️ Ошибка обработки пары ARKMUSDT-CITYUSDT: division by zero
2026-01-19 11:17:51,514 - WARNING -   ⚠️ Ошибка обработки пары RSS3USDT-XAVAUSDT: division by zero
2026-01-19 11:17:51,514 - WARNING -   ⚠️ Ошибка обработки пары ADAUSDC-CITYUSDT: division by zero
2026-01-19 11:17:51,515 - WARNING -   ⚠️ Ошибка обработки пары AFCUSDT-CITYUSDT: division by zero
2026-01-19 11:17:51,515 - INFO - ⇠ WF-шаг 1/5 backtests — completed 247 items in 2.69s (91.8 items/s)
2026-01-19 11:17:51,515 - INFO -   ✅ Обработка завершена: 243 успешно, 4 с ошибками
2026-01-19 11:17:51,515 - INFO -   📊 Успешность: 98.4%, прибыльность: 63.8%, сделок/пара: 18.9
2026-01-19 11:17:51,515 - INFO -   ✅ Завершены бэктесты для 247 пар
2026-01-19 11:17:51,515 - INFO -   📊 Всего обработано пар в этом шаге: 247
2026-01-19 11:17:51,515 - INFO -   📈 Результаты шага: 155/247 прибыльных пар, 4601 сделок
2026-01-19 11:17:51,515 - INFO -   💰 P&L шага: $+358.71
2026-01-19 11:17:51,515 - INFO -   ⇢ Обновление капитала и дневного P&L...
2026-01-19 11:17:53,002 - INFO -   💼 Шаг P&L: $+358.71, Накопленный капитал: $10,358.71
2026-01-19 11:17:53,002 - INFO - ------------------------------------------------------------
2026-01-19 11:17:53,002 - INFO -   Walk-forward steps: 1 / 5 (20.0%) | 0.0 items/s | ETA: 336.7s
2026-01-19 11:17:53,002 - INFO - 🔍 WF-шаг 2/5: Валидация временных окон...
2026-01-19 11:17:53,003 - INFO - ⇢ WF-шаг 2/5: training 2023-09-01-2023-10-30, testing 2023-10-31-2023-11-30 — start
2026-01-19 11:17:53,003 - INFO - ⇢ loading step data — start
2026-01-19 11:17:53,182 - INFO - ⇠ loading step data — done in 0.18s
2026-01-19 11:17:54,338 - INFO - 📊 WF-шаг 2/5: Границы данных:
2026-01-19 11:17:54,339 - INFO -    Training: 2023-09-01 00:00:00 → 2023-10-30 23:45:00 (5,760 строк × 292 символов)
2026-01-19 11:17:54,339 - INFO -    Testing:  2023-10-31 00:00:00 → 2023-11-30 00:00:00 (2,881 строк × 292 символов)
2026-01-19 11:17:54,339 - INFO -    Временной разрыв: 0 days 00:15:00
2026-01-19 11:17:54,375 - INFO - ⇢ normalizing training data — start
2026-01-19 11:17:54,406 - INFO -   Символы с NaN значениями: 26
2026-01-19 11:17:54,406 - INFO -   Применяем метод нормализации: rolling_zscore
2026-01-19 11:17:54,420 - INFO - Символы с недостаточной историей: 17 из 292
2026-01-19 11:17:54,805 - INFO - Символы с NaN после нормализации: 275
2026-01-19 11:17:54,811 - INFO - Удалено 617 начальных строк с NaN от rolling расчетов
2026-01-19 11:17:54,813 - INFO - Итоговое количество символов после нормализации: 275 из 292
2026-01-19 11:17:54,814 - INFO -   Статистика нормализации:
2026-01-19 11:17:54,814 - INFO -     Исходные символы: 292
2026-01-19 11:17:54,814 - INFO -     Недостаточная история: 17
2026-01-19 11:17:54,814 - INFO -     Постоянная цена: 0
2026-01-19 11:17:54,814 - INFO -     NaN после нормализации: 275
2026-01-19 11:17:54,814 - INFO -     Итоговые символы: 275 (94.2%)
2026-01-19 11:17:54,814 - INFO -   После нормализации: 275 символов (потеряно 17)
2026-01-19 11:17:54,814 - INFO -   Отброшенные символы: BEAMUSDT, FETUSDT, FLIPUSDT, JEFFUSDT, MEMEUSDT, POLUSDT, PPTUSDT, PYTHUSDT, PYUSDUSDT, ROOTUSDT, RPKUSDT, SHRAPUSDT, TIAUSDT, TOKENUSDT, TUSDUSDT, VRTXUSDT, ZTXUSDT
2026-01-19 11:17:54,814 - INFO - ⇠ normalizing training data — done in 0.44s
2026-01-19 11:17:54,816 - INFO - ⇢ SSD computation — start
2026-01-19 11:17:54,816 - INFO -   Расчет SSD для всех пар (без ограничения)
2026-01-19 11:17:56,951 - INFO -   SSD результат (все пары): 37675 пар
2026-01-19 11:17:56,951 - INFO - ⇠ SSD computation — done in 2.14s
2026-01-19 11:17:56,960 - INFO - ⇢ filtering pairs by cointegration and half-life — start
2026-01-19 11:17:56,961 - INFO - [ФИЛЬТР] Параллельная фильтрация: processes (8 workers)
⚙️  Загрузка данных за период: 2023-09-01 -> 2023-11-30
📂 Найдено 43 parquet файлов для обработки.
📊 Схема данных: Schema({'timestamp': Int64, 'open': Float64, 'high': Float64, 'low': Float64, 'close': Float64, 'volume': Float64, 'turnover': String, 'ts_ms': Int64, 'symbol': String})
✅ Загружено 2420293 записей с помощью Polars.
📊 Типы данных в pandas: timestamp       datetime64[us]
symbol                  object
close                  float64
timestamp_ms             int64
dtype: object
2026-01-19 11:18:55,587 - INFO - [ФИЛЬТР] После проверки данных: 37675 пар
2026-01-19 11:18:55,587 - INFO - [ФИЛЬТР] После фильтра корреляции (>0.45): 16210 пар
2026-01-19 11:18:55,587 - INFO - [ФИЛЬТР] После фильтра beta: 10952 пар
2026-01-19 11:18:55,587 - INFO - [ФИЛЬТР] После фильтра mean crossings: 10952 пар
2026-01-19 11:18:55,587 - INFO - [ФИЛЬТР] После фильтра half-life: 10881 пар
2026-01-19 11:18:55,587 - INFO - [ФИЛЬТР] После фильтра коинтеграции: 4687 пар
2026-01-19 11:18:55,588 - INFO - [ФИЛЬТР] После фильтра Hurst: 3628 пар
2026-01-19 11:18:55,588 - INFO - [ФИЛЬТР] После фильтра KPSS: 141 пар
2026-01-19 11:18:55,588 - INFO - [ФИЛЬТР] После фильтра market microstructure: 141 пар
2026-01-19 11:18:55,588 - INFO - [ФИЛЬТР] Статистика фильтрации (оптимизированный порядок):
2026-01-19 11:18:55,588 - INFO -   1. SSD → Коинтеграция: 37675 → 4687 пар
2026-01-19 11:18:55,588 - INFO -   2. Коинтеграция → Beta: 4687 → 10952 пар
2026-01-19 11:18:55,588 - INFO -   3. Beta → Half-life: 10952 → 10881 пар
2026-01-19 11:18:55,588 - INFO -   4. Half-life → Mean crossings: 10881 → 10952 пар
2026-01-19 11:18:55,588 - INFO -   5. Mean crossings → Hurst: 10952 → 3628 пар
2026-01-19 11:18:55,588 - INFO -   6. Hurst → KPSS: 3628 → 141 пар
2026-01-19 11:18:55,588 - INFO -   7. KPSS → Market microstructure: 141 → 141 пар
2026-01-19 11:18:55,588 - INFO - [ФИЛЬТР] Причины отсева:
2026-01-19 11:18:55,588 - INFO -   • low_correlation: 21465 пар (57.0%)
2026-01-19 11:18:55,588 - INFO -   • pvalue: 6194 пар (16.4%)
2026-01-19 11:18:55,588 - INFO -   • beta: 5258 пар (14.0%)
2026-01-19 11:18:55,588 - INFO -   • kpss: 3487 пар (9.3%)
2026-01-19 11:18:55,588 - INFO -   • hurst: 1059 пар (2.8%)
2026-01-19 11:18:55,588 - INFO -   • half_life: 71 пар (0.2%)
2026-01-19 11:18:55,588 - INFO - [ФИЛЬТР] Итого: 37675 → 141 пар (0.4% прошли все фильтры)
2026-01-19 11:18:55,641 - INFO - Причины отсева сохранены в results/filter_reasons_20260119_111855.csv
2026-01-19 11:18:55,647 - INFO -   Pair stability filter: insufficient history (1 < 2), skip
2026-01-19 11:18:55,648 - INFO -   Фильтрация: 37675 → 141 пар
2026-01-19 11:18:55,648 - INFO - ⇠ filtering pairs by cointegration and half-life — done in 58.69s
2026-01-19 11:18:55,648 - INFO - ⇠ WF-шаг 2/5: training 2023-09-01-2023-10-30, testing 2023-10-31-2023-11-30 — done in 62.64s
2026-01-19 11:18:55,648 - INFO -   Топ-3 пары по волатильности спреда:
2026-01-19 11:18:55,648 - INFO -     1. CYBERUSDT-STGUSDT: beta=18.5182, std=0.9069
2026-01-19 11:18:55,648 - INFO -     2. ETCUSDT-FXSUSDT: beta=1.1943, std=0.4255
2026-01-19 11:18:55,648 - INFO -     3. ETCUSDT-IMXUSDT: beta=7.2682, std=0.3803
2026-01-19 11:18:55,648 - INFO -   Всего пар для торговли: 141 (ограничение 15 применяется к одновременно открытым позициям)
2026-01-19 11:18:55,649 - INFO -   💰 Проверка расчета капитала: equity=$10,358.71, кандидатных_пар=141, max_позиций=15
2026-01-19 11:18:55,649 - INFO -   🎯 Target concurrency: 15 (ожидаемое одновременное число позиций)
2026-01-19 11:18:55,649 - INFO -   📊 Детали расчета капитала:
2026-01-19 11:18:55,649 - INFO -      • Базовый капитал на пару: $690.58 (equity / target_concurrency)
2026-01-19 11:18:55,649 - INFO -      • Риск-капитал: $155.38 (1.5% от equity)
2026-01-19 11:18:55,649 - INFO -      • Макс. размер позиции: $207.17 (2.0% от equity)
2026-01-19 11:18:55,649 - INFO -      • Итоговый капитал на пару: $155.38
2026-01-19 11:18:55,649 - INFO - ⇢ WF-шаг 2/5 backtests — starting 141 items
2026-01-19 11:18:55,649 - INFO - 🚀 WF-шаг 2/5: Начинаем бэктесты для 141 пар...
2026-01-19 11:18:55,649 - INFO - 🚀 WF-шаг 2/5: Запускаем параллельную обработку 141 пар на 8 ядрах...
2026-01-19 11:18:55,649 - INFO -   📊 Большой набор пар (141), ожидаемое время: ~5 мин
2026-01-19 11:18:55,649 - INFO -   🔄 Прогресс будет отображаться каждые 14 пар
2026-01-19 11:18:55,649 - INFO - 🚀 WF-шаг 2/5: Режим параллельности: процессы
2026-01-19 11:18:55,700 - coint2.engine.numba_engine - INFO - Запуск Numba-оптимизированного бэктеста для CYBERUSDT-STGUSDT
2026-01-19 11:18:55,721 - coint2.engine.numba_engine - INFO - Запуск Numba-оптимизированного бэктеста для ETCUSDT-FXSUSDT
2026-01-19 11:18:55,741 - coint2.engine.numba_engine - INFO - Запуск Numba-оптимизированного бэктеста для ETCUSDT-IMXUSDT
2026-01-19 11:18:55,763 - coint2.engine.numba_engine - INFO - Запуск Numba-оптимизированного бэктеста для ETCUSDT-WAVESUSDT
2026-01-19 11:18:55,783 - coint2.engine.numba_engine - INFO - Запуск Numba-оптимизированного бэктеста для FXSUSDT-TRXUSDT
2026-01-19 11:18:55,784 - coint2.engine.numba_engine - INFO - Запуск Numba-оптимизированного бэктеста для ENSUSDT-SISUSDT
2026-01-19 11:18:55,802 - coint2.engine.numba_engine - INFO - Запуск Numba-оптимизированного бэктеста для FXSUSDT-XRPEUR
2026-01-19 11:18:55,805 - coint2.engine.numba_engine - INFO - Запуск Numba-оптимизированного бэктеста для ENSUSDT-INTERUSDT
2026-01-19 11:18:55,806 - coint2.engine.numba_engine - INFO - Запуск Numba-оптимизированного бэктеста для MOVRUSDT-TRVLUSDT
2026-01-19 11:18:55,822 - coint2.engine.numba_engine - INFO - Запуск Numba-оптимизированного бэктеста для AXSUSDT-GODSUSDT
2026-01-19 11:18:55,825 - coint2.engine.numba_engine - INFO - Запуск Numba-оптимизированного бэктеста для PERPUSDT-STGUSDT
2026-01-19 11:18:55,829 - coint2.engine.numba_engine - INFO - Запуск Numba-оптимизированного бэктеста для DYDXUSDT-SCRTUSDT
2026-01-19 11:18:55,834 - coint2.engine.numba_engine - INFO - Запуск Numba-оптимизированного бэктеста для AXSUSDT-UMAUSDT
2026-01-19 11:18:55,844 - coint2.engine.numba_engine - INFO - Запуск Numba-оптимизированного бэктеста для FXSUSDT-MASKUSDT
2026-01-19 11:18:55,845 - coint2.engine.numba_engine - INFO - Запуск Numba-оптимизированного бэктеста для PERPUSDT-PRIMEUSDT
2026-01-19 11:18:55,847 - coint2.engine.numba_engine - INFO - Запуск Numba-оптимизированного бэктеста для AGLDUSDT-ICXUSDT
2026-01-19 11:18:55,851 - coint2.engine.numba_engine - INFO - Запуск Numba-оптимизированного бэктеста для LDOUSDC-SFUNDUSDT
2026-01-19 11:18:55,864 - coint2.engine.numba_engine - INFO - Запуск Numba-оптимизированного бэктеста для ARUSDT-GODSUSDT
2026-01-19 11:18:55,867 - coint2.engine.numba_engine - INFO - Запуск Numba-оптимизированного бэктеста для PERPUSDT-XLMUSDC
2026-01-19 11:18:55,867 - coint2.engine.numba_engine - INFO - Запуск Numba-оптимизированного бэктеста для UMAUSDT-XAVAUSDT
2026-01-19 11:18:55,867 - coint2.engine.numba_engine - INFO - Запуск Numba-оптимизированного бэктеста для FXSUSDT-TRXUSDC
2026-01-19 11:18:55,870 - coint2.engine.numba_engine - INFO - Запуск Numba-оптимизированного бэктеста для JUVUSDT-KAVAUSDT
2026-01-19 11:18:55,873 - coint2.engine.numba_engine - INFO - Запуск Numba-оптимизированного бэктеста для IMXUSDT-LTCEUR
2026-01-19 11:18:55,886 - coint2.engine.numba_engine - INFO - Запуск Numba-оптимизированного бэктеста для FXSUSDT-OMGUSDT
2026-01-19 11:18:55,889 - coint2.engine.numba_engine - INFO - Запуск Numba-оптимизированного бэктеста для JUVUSDT-XLMUSDT
2026-01-19 11:18:55,889 - coint2.engine.numba_engine - INFO - Запуск Numba-оптимизированного бэктеста для PERPUSDT-XLMUSDT
2026-01-19 11:18:55,892 - coint2.engine.numba_engine - INFO - Запуск Numba-оптимизированного бэктеста для BELUSDT-INTERUSDT
2026-01-19 11:18:55,895 - coint2.engine.numba_engine - INFO - Запуск Numba-оптимизированного бэктеста для UMAUSDT-WAVESUSDT
2026-01-19 11:18:55,896 - coint2.engine.numba_engine - INFO - Запуск Numba-оптимизированного бэктеста для CRVUSDT-PIPUSDT
2026-01-19 11:18:55,909 - coint2.engine.numba_engine - INFO - Запуск Numba-оптимизированного бэктеста для AGLDUSDT-JSTUSDT
2026-01-19 11:18:55,914 - coint2.engine.numba_engine - INFO - Запуск Numba-оптимизированного бэктеста для GALFTUSDT-XDCUSDT
2026-01-19 11:18:55,917 - coint2.engine.numba_engine - INFO - Запуск Numba-оптимизированного бэктеста для JUVUSDT-XLMUSDC
2026-01-19 11:18:55,919 - coint2.engine.numba_engine - INFO - Запуск Numba-оптимизированного бэктеста для KAVAUSDT-VELOUSDT
2026-01-19 11:18:55,919 - coint2.engine.numba_engine - INFO - Запуск Numba-оптимизированного бэктеста для BICOUSDT-USDCEUR
2026-01-19 11:18:55,920 - coint2.engine.numba_engine - INFO - Запуск Numba-оптимизированного бэктеста для IMXUSDT-LTCUSDC
2026-01-19 11:18:55,924 - coint2.engine.numba_engine - INFO - Запуск Numba-оптимизированного бэктеста для AXSUSDT-GRTUSDT
2026-01-19 11:18:55,932 - coint2.engine.numba_engine - INFO - Запуск Numba-оптимизированного бэктеста для JUVUSDT-XETAUSDT
2026-01-19 11:18:55,939 - coint2.engine.numba_engine - INFO - Запуск Numba-оптимизированного бэктеста для ARBUSDC-IZIUSDT
2026-01-19 11:18:55,941 - coint2.engine.numba_engine - INFO - Запуск Numba-оптимизированного бэктеста для IMXUSDT-LTCUSDT
2026-01-19 11:18:55,941 - coint2.engine.numba_engine - INFO - Запуск Numba-оптимизированного бэктеста для ENJUSDT-ERTHAUSDT
2026-01-19 11:18:55,943 - coint2.engine.numba_engine - INFO - Запуск Numba-оптимизированного бэктеста для OMGUSDT-XRPEUR
2026-01-19 11:18:55,944 - coint2.engine.numba_engine - INFO - Запуск Numba-оптимизированного бэктеста для AVAUSDT-ERTHAUSDT
2026-01-19 11:18:55,947 - coint2.engine.numba_engine - INFO - Запуск Numba-оптимизированного бэктеста для AGLDUSDT-PENDLEUSDT
2026-01-19 11:18:55,954 - coint2.engine.numba_engine - INFO - Запуск Numba-оптимизированного бэктеста для ARBUSDT-IZIUSDT
2026-01-19 11:18:55,955 - coint2.engine.numba_engine - INFO - Запуск Numba-оптимизированного бэктеста для MOVRUSDT-RPLUSDT
2026-01-19 11:18:55,962 - coint2.engine.numba_engine - INFO - Запуск Numba-оптимизированного бэктеста для NEARUSDT-NYMUSDT
2026-01-19 11:18:55,964 - coint2.engine.numba_engine - INFO - Запуск Numba-оптимизированного бэктеста для KAVAUSDT-XLMUSDT
2026-01-19 11:18:55,965 - coint2.engine.numba_engine - INFO - Запуск Numba-оптимизированного бэктеста для MANAUSDT-OMGUSDT
2026-01-19 11:18:55,965 - coint2.engine.numba_engine - INFO - Запуск Numba-оптимизированного бэктеста для BICOUSDT-USDTEUR
2026-01-19 11:18:55,967 - coint2.engine.numba_engine - INFO - Запуск Numba-оптимизированного бэктеста для IDUSDT-RPLUSDT
2026-01-19 11:18:55,969 - coint2.engine.numba_engine - INFO - Запуск Numba-оптимизированного бэктеста для CITYUSDT-OASUSDT
2026-01-19 11:18:55,977 - coint2.engine.numba_engine - INFO - Запуск Numba-оптимизированного бэктеста для ETHWUSDT-RPLUSDT
2026-01-19 11:18:55,978 - coint2.engine.numba_engine - INFO - Запуск Numba-оптимизированного бэктеста для AGLDUSDT-WOOUSDT
2026-01-19 11:18:55,985 - coint2.engine.numba_engine - INFO - Запуск Numba-оптимизированного бэктеста для KAVAUSDT-XLMUSDC
2026-01-19 11:18:55,988 - coint2.engine.numba_engine - INFO - Запуск Numba-оптимизированного бэктеста для ADAEUR-LDOUSDC
2026-01-19 11:18:55,988 - coint2.engine.numba_engine - INFO - Запуск Numba-оптимизированного бэктеста для FLOWUSDT-ROSEUSDT
2026-01-19 11:18:55,992 - coint2.engine.numba_engine - INFO - Запуск Numba-оптимизированного бэктеста для BICOUSDT-KCALUSDT
2026-01-19 11:18:55,992 - coint2.engine.numba_engine - INFO - Запуск Numba-оптимизированного бэктеста для CAKEUSDT-COREUSDT
2026-01-19 11:18:55,995 - coint2.engine.numba_engine - INFO - Запуск Numba-оптимизированного бэктеста для AGLAUSDT-SALDUSDT
2026-01-19 11:18:56,000 - coint2.engine.numba_engine - INFO - Запуск Numba-оптимизированного бэктеста для OMGUSDT-QTUMUSDT
2026-01-19 11:18:56,001 - coint2.engine.numba_engine - INFO - Запуск Numba-оптимизированного бэктеста для LDOUSDT-SFUNDUSDT
2026-01-19 11:18:56,008 - coint2.engine.numba_engine - INFO - Запуск Numba-оптимизированного бэктеста для AVAUSDT-LRCUSDT
2026-01-19 11:18:56,011 - coint2.engine.numba_engine - INFO - Запуск Numba-оптимизированного бэктеста для GMTUSDT-GODSUSDT
2026-01-19 11:18:56,012 - coint2.engine.numba_engine - INFO - Запуск Numba-оптимизированного бэктеста для LRCUSDT-SNXUSDT
2026-01-19 11:18:56,015 - coint2.engine.numba_engine - INFO - Запуск Numba-оптимизированного бэктеста для ETHWUSDT-TRVLUSDT
2026-01-19 11:18:56,016 - coint2.engine.numba_engine - INFO - Запуск Numba-оптимизированного бэктеста для SANDUSDT-SCRTUSDT
2026-01-19 11:18:56,017 - coint2.engine.numba_engine - INFO - Запуск Numba-оптимизированного бэктеста для ADAUSDT-LOOKSUSDT
2026-01-19 11:18:56,023 - coint2.engine.numba_engine - INFO - Запуск Numba-оптимизированного бэктеста для CAKEUSDT-CTCUSDT
2026-01-19 11:18:56,025 - coint2.engine.numba_engine - INFO - Запуск Numba-оптимизированного бэктеста для CELOUSDT-IMXUSDT
2026-01-19 11:18:56,030 - coint2.engine.numba_engine - INFO - Запуск Numba-оптимизированного бэктеста для SANDUSDC-SCRTUSDT
2026-01-19 11:18:56,033 - coint2.engine.numba_engine - INFO - Запуск Numba-оптимизированного бэктеста для ADAUSDC-LOOKSUSDT
2026-01-19 11:18:56,035 - coint2.engine.numba_engine - INFO - Запуск Numba-оптимизированного бэктеста для DOGEUSDC-GODSUSDT
2026-01-19 11:18:56,037 - coint2.engine.numba_engine - INFO - Запуск Numba-оптимизированного бэктеста для AVAUSDT-SNXUSDT
2026-01-19 11:18:56,038 - coint2.engine.numba_engine - INFO - Запуск Numba-оптимизированного бэктеста для AGLAUSDT-COTUSDT
2026-01-19 11:18:56,040 - coint2.engine.numba_engine - INFO - Запуск Numba-оптимизированного бэктеста для SOLOUSDT-TELUSDT
2026-01-19 11:18:56,046 - coint2.engine.numba_engine - INFO - Запуск Numba-оптимизированного бэктеста для BELUSDT-USTCUSDT
2026-01-19 11:18:56,047 - coint2.engine.numba_engine - INFO - Запуск Numba-оптимизированного бэктеста для MANAUSDC-PEOPLEUSDT
2026-01-19 11:18:56,053 - coint2.engine.numba_engine - INFO - Запуск Numba-оптимизированного бэктеста для GMTUSDC-GODSUSDT
2026-01-19 11:18:56,057 - coint2.engine.numba_engine - INFO - Запуск Numba-оптимизированного бэктеста для MVUSDT-XLMUSDC
2026-01-19 11:18:56,059 - coint2.engine.numba_engine - INFO - Запуск Numba-оптимизированного бэктеста для XRPUSDC-ZILUSDT
2026-01-19 11:18:56,060 - coint2.engine.numba_engine - INFO - Запуск Numba-оптимизированного бэктеста для ALGOUSDT-FTTUSDT
2026-01-19 11:18:56,062 - coint2.engine.numba_engine - INFO - Запуск Numba-оптимизированного бэктеста для DOGEEUR-SOLOUSDT
2026-01-19 11:18:56,065 - coint2.engine.numba_engine - INFO - Запуск Numba-оптимизированного бэктеста для FIDAUSDT-GMXUSDT
2026-01-19 11:18:56,073 - coint2.engine.numba_engine - INFO - Запуск Numba-оптимизированного бэктеста для FIDAUSDT-KCALUSDT
2026-01-19 11:18:56,075 - coint2.engine.numba_engine - INFO - Запуск Numba-оптимизированного бэктеста для AVAUSDT-ENJUSDT
2026-01-19 11:18:56,076 - coint2.engine.numba_engine - INFO - Запуск Numba-оптимизированного бэктеста для C98USDT-ICXUSDT
2026-01-19 11:18:56,079 - coint2.engine.numba_engine - INFO - Запуск Numba-оптимизированного бэктеста для MVUSDT-SUIUSDC
2026-01-19 11:18:56,081 - coint2.engine.numba_engine - INFO - Запуск Numba-оптимизированного бэктеста для MANAUSDT-PEOPLEUSDT
2026-01-19 11:18:56,082 - coint2.engine.numba_engine - INFO - Запуск Numba-оптимизированного бэктеста для CHZUSDC-XAVAUSDT
2026-01-19 11:18:56,087 - coint2.engine.numba_engine - INFO - Запуск Numba-оптимизированного бэктеста для MVUSDT-XDCUSDT
2026-01-19 11:18:56,091 - coint2.engine.numba_engine - INFO - Запуск Numba-оптимизированного бэктеста для BATUSDT-ICXUSDT
2026-01-19 11:18:56,096 - coint2.engine.numba_engine - INFO - Запуск Numba-оптимизированного бэктеста для FIDAUSDT-SCUSDT
2026-01-19 11:18:56,098 - coint2.engine.numba_engine - INFO - Запуск Numba-оптимизированного бэктеста для XRPUSDT-ZILUSDT
2026-01-19 11:18:56,099 - coint2.engine.numba_engine - INFO - Запуск Numba-оптимизированного бэктеста для KASUSDT-KCALUSDT
2026-01-19 11:18:56,103 - coint2.engine.numba_engine - INFO - Запуск Numba-оптимизированного бэктеста для GSTUSDT-VELOUSDT
2026-01-19 11:18:56,104 - coint2.engine.numba_engine - INFO - Запуск Numba-оптимизированного бэктеста для AGLAUSDT-GENEUSDT
2026-01-19 11:18:56,110 - coint2.engine.numba_engine - INFO - Запуск Numba-оптимизированного бэктеста для MVUSDT-VELOUSDT
2026-01-19 11:18:56,110 - coint2.engine.numba_engine - INFO - Запуск Numba-оптимизированного бэктеста для DOGEEUR-DYDXUSDT
2026-01-19 11:18:56,113 - coint2.engine.numba_engine - INFO - Запуск Numba-оптимизированного бэктеста для CHZUSDT-XAVAUSDT
2026-01-19 11:18:56,119 - coint2.engine.numba_engine - INFO - Запуск Numba-оптимизированного бэктеста для CHZUSDC-SOLOUSDT
2026-01-19 11:18:56,121 - coint2.engine.numba_engine - INFO - Запуск Numba-оптимизированного бэктеста для MANAUSDC-OMGUSDT
2026-01-19 11:18:56,121 - coint2.engine.numba_engine - INFO - Запуск Numba-оптимизированного бэктеста для CHZUSDC-PEOPLEUSDT
2026-01-19 11:18:56,126 - coint2.engine.numba_engine - INFO - Запуск Numba-оптимизированного бэктеста для ONEUSDT-WAVESUSDT
2026-01-19 11:18:56,127 - coint2.engine.numba_engine - INFO - Запуск Numba-оптимизированного бэктеста для C98USDT-WOOUSDT
2026-01-19 11:18:56,133 - coint2.engine.numba_engine - INFO - Запуск Numba-оптимизированного бэктеста для GSTUSDT-STGUSDT
2026-01-19 11:18:56,133 - coint2.engine.numba_engine - INFO - Запуск Numba-оптимизированного бэктеста для COTUSDT-GENEUSDT
2026-01-19 11:18:56,135 - coint2.engine.numba_engine - INFO - Запуск Numba-оптимизированного бэктеста для HFTUSDC-HFTUSDT
2026-01-19 11:18:56,141 - coint2.engine.numba_engine - INFO - Запуск Numba-оптимизированного бэктеста для CHZUSDT-PEOPLEUSDT
2026-01-19 11:18:56,143 - coint2.engine.numba_engine - INFO - Запуск Numba-оптимизированного бэктеста для ADAEUR-LDOUSDT
2026-01-19 11:18:56,148 - coint2.engine.numba_engine - INFO - Запуск Numba-оптимизированного бэктеста для LUNCUSDC-RVNUSDT
2026-01-19 11:18:56,154 - coint2.engine.numba_engine - INFO - Запуск Numba-оптимизированного бэктеста для DOGEEUR-WAVESUSDT
2026-01-19 11:18:56,155 - coint2.engine.numba_engine - INFO - Запуск Numba-оптимизированного бэктеста для DAIUSDT-USDCUSDT
2026-01-19 11:18:56,155 - coint2.engine.numba_engine - INFO - Запуск Numba-оптимизированного бэктеста для GSTUSDT-SUIUSDC
2026-01-19 11:18:56,158 - coint2.engine.numba_engine - INFO - Запуск Numba-оптимизированного бэктеста для GSTUSDT-XETAUSDT
2026-01-19 11:18:56,162 - coint2.engine.numba_engine - INFO - Запуск Numba-оптимизированного бэктеста для CHZUSDT-SOLOUSDT
2026-01-19 11:18:56,163 - coint2.engine.numba_engine - INFO - Запуск Numba-оптимизированного бэктеста для MVUSDT-STGUSDT
2026-01-19 11:18:56,165 - coint2.engine.numba_engine - INFO - Запуск Numba-оптимизированного бэктеста для BATUSDT-SUNUSDT
2026-01-19 11:18:56,178 - coint2.engine.numba_engine - INFO - Запуск Numba-оптимизированного бэктеста для SLPUSDT-TELUSDT
2026-01-19 11:18:56,178 - coint2.engine.numba_engine - INFO - Запуск Numba-оптимизированного бэктеста для LUNCUSDT-RVNUSDT
2026-01-19 11:18:56,178 - coint2.engine.numba_engine - INFO - Запуск Numba-оптимизированного бэктеста для KASTAUSDT-LTCBTC
2026-01-19 11:18:56,181 - coint2.engine.numba_engine - INFO - Запуск Numba-оптимизированного бэктеста для GSTUSDT-SUIUSDT
2026-01-19 11:18:56,185 - coint2.engine.numba_engine - INFO - Запуск Numba-оптимизированного бэктеста для GSTUSDT-MNTUSDC
2026-01-19 11:18:56,192 - coint2.engine.numba_engine - INFO - Запуск Numba-оптимизированного бэктеста для MVUSDT-XETAUSDT
2026-01-19 11:18:56,195 - coint2.engine.numba_engine - INFO - Запуск Numba-оптимизированного бэктеста для DOGEUSDT-GODSUSDT
2026-01-19 11:18:56,200 - coint2.engine.numba_engine - INFO - Запуск Numba-оптимизированного бэктеста для IZIUSDT-NEXOUSDT
2026-01-19 11:18:56,201 - coint2.engine.numba_engine - INFO - Запуск Numba-оптимизированного бэктеста для NFTUSDT-XECUSDT
2026-01-19 11:18:56,203 - coint2.engine.numba_engine - INFO - Запуск Numba-оптимизированного бэктеста для VELOUSDT-WWYUSDT
2026-01-19 11:18:56,208 - coint2.engine.numba_engine - INFO - Запуск Numba-оптимизированного бэктеста для IZIUSDT-XTZUSDT
2026-01-19 11:18:56,214 - coint2.engine.numba_engine - INFO - Запуск Numba-оптимизированного бэктеста для JSTUSDT-MVLUSDT
2026-01-19 11:18:56,217 - coint2.engine.numba_engine - INFO - Запуск Numba-оптимизированного бэктеста для MVUSDT-XLMUSDT
2026-01-19 11:18:56,223 - coint2.engine.numba_engine - INFO - Запуск Numba-оптимизированного бэктеста для VELOUSDT-XDCUSDT
2026-01-19 11:18:56,226 - coint2.engine.numba_engine - INFO - Запуск Numba-оптимизированного бэктеста для LADYSUSDT-SHIBUSDC
2026-01-19 11:18:56,230 - coint2.engine.numba_engine - INFO - Запуск Numba-оптимизированного бэктеста для ERTHAUSDT-LRCUSDT
2026-01-19 11:18:56,236 - coint2.engine.numba_engine - INFO - Запуск Numba-оптимизированного бэктеста для GSTUSDT-MNTUSDT
2026-01-19 11:18:56,239 - coint2.engine.numba_engine - INFO - Запуск Numba-оптимизированного бэктеста для MVUSDT-SUIUSDT
2026-01-19 11:18:56,245 - coint2.engine.numba_engine - INFO - Запуск Numba-оптимизированного бэктеста для LADYSUSDT-SHIBUSDT
2026-01-19 11:18:56,259 - coint2.engine.numba_engine - INFO - Запуск Numba-оптимизированного бэктеста для ANKRUSDT-SUNUSDT
2026-01-19 11:18:56,262 - coint2.engine.numba_engine - INFO - Запуск Numba-оптимизированного бэктеста для GSTUSDT-MCRTUSDT
2026-01-19 11:18:56,282 - coint2.engine.numba_engine - INFO - Запуск Numba-оптимизированного бэктеста для SIDUSUSDT-VELOUSDT
2026-01-19 11:18:56,285 - coint2.engine.numba_engine - INFO - Запуск Numba-оптимизированного бэктеста для GSTUSDT-MVUSDT
2026-01-19 11:18:56,307 - coint2.engine.numba_engine - INFO - Запуск Numba-оптимизированного бэктеста для SIDUSUSDT-SUIUSDC
2026-01-19 11:18:56,349 - INFO -   ⏱️ Параллельная обработка завершена за 0.7с (201.6 пар/с)
2026-01-19 11:18:56,396 - coint2.pipeline.walk_forward_orchestrator - INFO - 🎯 СИМУЛЯЦИЯ ПОРТФЕЛЯ: 141 пар, лимит 15 позиций
2026-01-19 11:18:57,410 - coint2.pipeline.walk_forward_orchestrator - INFO -    📈 Макс. одновременных сигналов: 57
2026-01-19 11:18:57,410 - coint2.pipeline.walk_forward_orchestrator - INFO -    📊 Средн. сигналов за период: 1.3
2026-01-19 11:18:57,410 - coint2.pipeline.walk_forward_orchestrator - INFO -    🎯 Финальных активных позиций: 0
2026-01-19 11:18:57,411 - coint2.pipeline.walk_forward_orchestrator - INFO -    ⚡ Утилизация лимита позиций: 8.5%
2026-01-19 11:18:57,412 - INFO - ⇠ WF-шаг 2/5 backtests — completed 141 items in 1.76s (80.0 items/s)
2026-01-19 11:18:57,412 - INFO -   ✅ Обработка завершена: 141 успешно, 0 с ошибками
2026-01-19 11:18:57,412 - INFO -   📊 Успешность: 100.0%, прибыльность: 52.5%, сделок/пара: 13.6
2026-01-19 11:18:57,412 - INFO -   ✅ Завершены бэктесты для 141 пар
2026-01-19 11:18:57,412 - INFO -   📊 Всего обработано пар в этом шаге: 141
2026-01-19 11:18:57,412 - INFO -   📈 Результаты шага: 74/141 прибыльных пар, 1918 сделок
2026-01-19 11:18:57,412 - INFO -   💰 P&L шага: $+424.82
2026-01-19 11:18:57,412 - INFO -   ⇢ Обновление капитала и дневного P&L...
2026-01-19 11:18:58,673 - INFO -   💼 Шаг P&L: $+424.82, Накопленный капитал: $10,783.53
2026-01-19 11:18:58,673 - INFO - ------------------------------------------------------------
2026-01-19 11:18:58,673 - INFO -   Walk-forward steps: 2 / 5 (40.0%) | 0.0 items/s | ETA: 224.8s
2026-01-19 11:18:58,673 - INFO - 🔍 WF-шаг 3/5: Валидация временных окон...
2026-01-19 11:18:58,674 - INFO - ⇢ WF-шаг 3/5: training 2023-10-01-2023-11-29, testing 2023-11-30-2023-12-30 — start
2026-01-19 11:18:58,674 - INFO - ⇢ loading step data — start
2026-01-19 11:18:58,844 - INFO - ⇠ loading step data — done in 0.17s
2026-01-19 11:19:00,230 - INFO - 📊 WF-шаг 3/5: Границы данных:
2026-01-19 11:19:00,230 - INFO -    Training: 2023-10-01 00:00:00 → 2023-11-29 23:45:00 (5,760 строк × 309 символов)
2026-01-19 11:19:00,230 - INFO -    Testing:  2023-11-30 00:00:00 → 2023-12-30 00:00:00 (2,881 строк × 309 символов)
2026-01-19 11:19:00,231 - INFO -    Временной разрыв: 0 days 00:15:00
2026-01-19 11:19:00,270 - INFO - ⇢ normalizing training data — start
2026-01-19 11:19:00,304 - INFO -   Символы с NaN значениями: 33
2026-01-19 11:19:00,304 - INFO -   Применяем метод нормализации: rolling_zscore
2026-01-19 11:19:00,319 - INFO - Символы с недостаточной историей: 32 из 309
2026-01-19 11:19:00,715 - INFO - Символы с NaN после нормализации: 277
2026-01-19 11:19:00,721 - INFO - Удалено 233 начальных строк с NaN от rolling расчетов
2026-01-19 11:19:00,724 - INFO - Итоговое количество символов после нормализации: 277 из 309
2026-01-19 11:19:00,724 - INFO -   Статистика нормализации:
2026-01-19 11:19:00,724 - INFO -     Исходные символы: 309
2026-01-19 11:19:00,724 - INFO -     Недостаточная история: 32
2026-01-19 11:19:00,724 - INFO -     Постоянная цена: 0
2026-01-19 11:19:00,724 - INFO -     NaN после нормализации: 277
2026-01-19 11:19:00,724 - INFO -     Итоговые символы: 277 (89.6%)
2026-01-19 11:19:00,724 - INFO -   После нормализации: 277 символов (потеряно 32)
2026-01-19 11:19:00,724 - INFO -   Отброшено много символов: 32 из 309
2026-01-19 11:19:00,724 - INFO - ⇠ normalizing training data — done in 0.45s
2026-01-19 11:19:00,726 - INFO - ⇢ SSD computation — start
2026-01-19 11:19:00,726 - INFO -   Расчет SSD для всех пар (без ограничения)
2026-01-19 11:19:03,019 - INFO -   SSD результат (все пары): 38226 пар
2026-01-19 11:19:03,019 - INFO - ⇠ SSD computation — done in 2.29s
2026-01-19 11:19:03,030 - INFO - ⇢ filtering pairs by cointegration and half-life — start
2026-01-19 11:19:03,030 - INFO - [ФИЛЬТР] Параллельная фильтрация: processes (8 workers)
⚙️  Загрузка данных за период: 2023-10-01 -> 2023-12-30
📂 Найдено 43 parquet файлов для обработки.
📊 Схема данных: Schema({'timestamp': Int64, 'open': Float64, 'high': Float64, 'low': Float64, 'close': Float64, 'volume': Float64, 'turnover': String, 'ts_ms': Int64, 'symbol': String})
✅ Загружено 2499894 записей с помощью Polars.
📊 Типы данных в pandas: timestamp       datetime64[us]
symbol                  object
close                  float64
timestamp_ms             int64
dtype: object
2026-01-19 11:20:11,590 - INFO - [ФИЛЬТР] После проверки данных: 38226 пар
2026-01-19 11:20:11,591 - INFO - [ФИЛЬТР] После фильтра корреляции (>0.45): 27697 пар
2026-01-19 11:20:11,591 - INFO - [ФИЛЬТР] После фильтра beta: 19115 пар
2026-01-19 11:20:11,591 - INFO - [ФИЛЬТР] После фильтра mean crossings: 19115 пар
2026-01-19 11:20:11,591 - INFO - [ФИЛЬТР] После фильтра half-life: 18977 пар
2026-01-19 11:20:11,591 - INFO - [ФИЛЬТР] После фильтра коинтеграции: 4861 пар
2026-01-19 11:20:11,591 - INFO - [ФИЛЬТР] После фильтра Hurst: 2852 пар
2026-01-19 11:20:11,591 - INFO - [ФИЛЬТР] После фильтра KPSS: 189 пар
2026-01-19 11:20:11,591 - INFO - [ФИЛЬТР] После фильтра market microstructure: 189 пар
2026-01-19 11:20:11,591 - INFO - [ФИЛЬТР] Статистика фильтрации (оптимизированный порядок):
2026-01-19 11:20:11,591 - INFO -   1. SSD → Коинтеграция: 38226 → 4861 пар
2026-01-19 11:20:11,591 - INFO -   2. Коинтеграция → Beta: 4861 → 19115 пар
2026-01-19 11:20:11,591 - INFO -   3. Beta → Half-life: 19115 → 18977 пар
2026-01-19 11:20:11,591 - INFO -   4. Half-life → Mean crossings: 18977 → 19115 пар
2026-01-19 11:20:11,591 - INFO -   5. Mean crossings → Hurst: 19115 → 2852 пар
2026-01-19 11:20:11,591 - INFO -   6. Hurst → KPSS: 2852 → 189 пар
2026-01-19 11:20:11,591 - INFO -   7. KPSS → Market microstructure: 189 → 189 пар
2026-01-19 11:20:11,591 - INFO - [ФИЛЬТР] Причины отсева:
2026-01-19 11:20:11,591 - INFO -   • pvalue: 14116 пар (36.9%)
2026-01-19 11:20:11,591 - INFO -   • low_correlation: 10529 пар (27.5%)
2026-01-19 11:20:11,591 - INFO -   • beta: 8582 пар (22.5%)
2026-01-19 11:20:11,591 - INFO -   • kpss: 2663 пар (7.0%)
2026-01-19 11:20:11,591 - INFO -   • hurst: 2009 пар (5.3%)
2026-01-19 11:20:11,591 - INFO -   • half_life: 138 пар (0.4%)
2026-01-19 11:20:11,591 - INFO - [ФИЛЬТР] Итого: 38226 → 189 пар (0.5% прошли все фильтры)
2026-01-19 11:20:11,644 - INFO - Причины отсева сохранены в results/filter_reasons_20260119_112011.csv
2026-01-19 11:20:11,651 - INFO -   Pair stability filter: 189 → 0 (window=3, min_steps=2, history=2)
2026-01-19 11:20:11,651 - INFO -   Фильтрация: 38226 → 0 пар
2026-01-19 11:20:11,651 - INFO - ⇠ filtering pairs by cointegration and half-life — done in 68.62s
2026-01-19 11:20:11,651 - INFO - ⇠ WF-шаг 3/5: training 2023-10-01-2023-11-29, testing 2023-11-30-2023-12-30 — done in 72.98s
2026-01-19 11:20:11,651 - INFO -   Всего пар для торговли: 0 (ограничение 15 применяется к одновременно открытым позициям)
2026-01-19 11:20:11,651 - INFO -   💰 Проверка расчета капитала: equity=$10,783.53, кандидатных_пар=0, max_позиций=15
2026-01-19 11:20:11,651 - INFO -   🎯 Target concurrency: 0 (ожидаемое одновременное число позиций)
2026-01-19 11:20:11,652 - INFO -   💼 Шаг P&L: $+0.00, Накопленный капитал: $10,783.53
2026-01-19 11:20:11,652 - INFO - ------------------------------------------------------------
2026-01-19 11:20:11,652 - INFO -   Walk-forward steps: 3 / 5 (60.0%) | 0.0 items/s | ETA: 148.5s
2026-01-19 11:20:11,652 - INFO - 🔍 WF-шаг 4/5: Валидация временных окон...
2026-01-19 11:20:11,653 - INFO - ⇢ WF-шаг 4/5: training 2023-10-31-2023-12-29, testing 2023-12-30-2024-01-29 — start
2026-01-19 11:20:11,653 - INFO - ⇢ loading step data — start
2026-01-19 11:20:11,834 - INFO - ⇠ loading step data — done in 0.18s
2026-01-19 11:20:13,209 - INFO - 📊 WF-шаг 4/5: Границы данных:
2026-01-19 11:20:13,209 - INFO -    Training: 2023-10-31 00:00:00 → 2023-12-29 23:45:00 (5,760 строк × 327 символов)
2026-01-19 11:20:13,210 - INFO -    Testing:  2023-12-30 00:00:00 → 2024-01-29 00:00:00 (2,881 строк × 327 символов)
2026-01-19 11:20:13,210 - INFO -    Временной разрыв: 0 days 00:15:00
2026-01-19 11:20:13,250 - INFO - ⇢ normalizing training data — start
2026-01-19 11:20:13,285 - INFO -   Символы с NaN значениями: 45
2026-01-19 11:20:13,285 - INFO -   Применяем метод нормализации: rolling_zscore
2026-01-19 11:20:13,300 - INFO - Символы с недостаточной историей: 40 из 327
2026-01-19 11:20:13,691 - INFO - Символы с NaN после нормализации: 287
2026-01-19 11:20:13,697 - INFO - Удалено 809 начальных строк с NaN от rolling расчетов
2026-01-19 11:20:13,699 - INFO - Итоговое количество символов после нормализации: 287 из 327
2026-01-19 11:20:13,699 - INFO -   Статистика нормализации:
2026-01-19 11:20:13,699 - INFO -     Исходные символы: 327
2026-01-19 11:20:13,699 - INFO -     Недостаточная история: 40
2026-01-19 11:20:13,699 - INFO -     Постоянная цена: 0
2026-01-19 11:20:13,699 - INFO -     NaN после нормализации: 287
2026-01-19 11:20:13,699 - INFO -     Итоговые символы: 287 (87.8%)
2026-01-19 11:20:13,699 - INFO -   После нормализации: 287 символов (потеряно 40)
2026-01-19 11:20:13,699 - INFO -   Отброшено много символов: 40 из 327
2026-01-19 11:20:13,699 - INFO - ⇠ normalizing training data — done in 0.45s
2026-01-19 11:20:13,701 - INFO - ⇢ SSD computation — start
2026-01-19 11:20:13,701 - INFO -   Расчет SSD для всех пар (без ограничения)
2026-01-19 11:20:15,937 - INFO -   SSD результат (все пары): 41041 пар
2026-01-19 11:20:15,937 - INFO - ⇠ SSD computation — done in 2.24s
2026-01-19 11:20:15,948 - INFO - ⇢ filtering pairs by cointegration and half-life — start
2026-01-19 11:20:15,949 - INFO - [ФИЛЬТР] Параллельная фильтрация: processes (8 workers)
⚙️  Загрузка данных за период: 2023-10-31 -> 2024-01-29
📂 Найдено 43 parquet файлов для обработки.
📊 Схема данных: Schema({'timestamp': Int64, 'open': Float64, 'high': Float64, 'low': Float64, 'close': Float64, 'volume': Float64, 'turnover': String, 'ts_ms': Int64, 'symbol': String})
✅ Загружено 2615053 записей с помощью Polars.
📊 Типы данных в pandas: timestamp       datetime64[us]
symbol                  object
close                  float64
timestamp_ms             int64
dtype: object
2026-01-19 11:21:22,499 - INFO - [ФИЛЬТР] После проверки данных: 41041 пар
2026-01-19 11:21:22,499 - INFO - [ФИЛЬТР] После фильтра корреляции (>0.45): 26199 пар
2026-01-19 11:21:22,499 - INFO - [ФИЛЬТР] После фильтра beta: 17817 пар
2026-01-19 11:21:22,499 - INFO - [ФИЛЬТР] После фильтра mean crossings: 17817 пар
2026-01-19 11:21:22,499 - INFO - [ФИЛЬТР] После фильтра half-life: 17721 пар
2026-01-19 11:21:22,499 - INFO - [ФИЛЬТР] После фильтра коинтеграции: 4456 пар
2026-01-19 11:21:22,499 - INFO - [ФИЛЬТР] После фильтра Hurst: 3028 пар
2026-01-19 11:21:22,499 - INFO - [ФИЛЬТР] После фильтра KPSS: 162 пар
2026-01-19 11:21:22,499 - INFO - [ФИЛЬТР] После фильтра market microstructure: 162 пар
2026-01-19 11:21:22,499 - INFO - [ФИЛЬТР] Статистика фильтрации (оптимизированный порядок):
2026-01-19 11:21:22,500 - INFO -   1. SSD → Коинтеграция: 41041 → 4456 пар
2026-01-19 11:21:22,500 - INFO -   2. Коинтеграция → Beta: 4456 → 17817 пар
2026-01-19 11:21:22,500 - INFO -   3. Beta → Half-life: 17817 → 17721 пар
2026-01-19 11:21:22,500 - INFO -   4. Half-life → Mean crossings: 17721 → 17817 пар
2026-01-19 11:21:22,500 - INFO -   5. Mean crossings → Hurst: 17817 → 3028 пар
2026-01-19 11:21:22,500 - INFO -   6. Hurst → KPSS: 3028 → 162 пар
2026-01-19 11:21:22,500 - INFO -   7. KPSS → Market microstructure: 162 → 162 пар
2026-01-19 11:21:22,500 - INFO - [ФИЛЬТР] Причины отсева:
2026-01-19 11:21:22,500 - INFO -   • low_correlation: 14842 пар (36.2%)
2026-01-19 11:21:22,500 - INFO -   • pvalue: 13265 пар (32.3%)
2026-01-19 11:21:22,500 - INFO -   • beta: 8382 пар (20.4%)
2026-01-19 11:21:22,500 - INFO -   • kpss: 2866 пар (7.0%)
2026-01-19 11:21:22,500 - INFO -   • hurst: 1428 пар (3.5%)
2026-01-19 11:21:22,500 - INFO -   • half_life: 96 пар (0.2%)
2026-01-19 11:21:22,500 - INFO - [ФИЛЬТР] Итого: 41041 → 162 пар (0.4% прошли все фильтры)
2026-01-19 11:21:22,557 - INFO - Причины отсева сохранены в results/filter_reasons_20260119_112122.csv
2026-01-19 11:21:22,563 - INFO -   Pair stability filter: 162 → 0 (window=3, min_steps=2, history=3)
2026-01-19 11:21:22,564 - INFO -   Фильтрация: 41041 → 0 пар
2026-01-19 11:21:22,564 - INFO - ⇠ filtering pairs by cointegration and half-life — done in 66.62s
2026-01-19 11:21:22,564 - INFO - ⇠ WF-шаг 4/5: training 2023-10-31-2023-12-29, testing 2023-12-30-2024-01-29 — done in 70.91s
2026-01-19 11:21:22,564 - INFO -   Всего пар для торговли: 0 (ограничение 15 применяется к одновременно открытым позициям)
2026-01-19 11:21:22,564 - INFO -   💰 Проверка расчета капитала: equity=$10,783.53, кандидатных_пар=0, max_позиций=15
2026-01-19 11:21:22,564 - INFO -   🎯 Target concurrency: 0 (ожидаемое одновременное число позиций)
2026-01-19 11:21:22,565 - INFO -   💼 Шаг P&L: $+0.00, Накопленный капитал: $10,783.53
2026-01-19 11:21:22,565 - INFO - ------------------------------------------------------------
2026-01-19 11:21:22,565 - INFO -   Walk-forward steps: 4 / 5 (80.0%) | 0.0 items/s | ETA: 73.4s
2026-01-19 11:21:22,565 - INFO - 🔍 WF-шаг 5/5: Валидация временных окон...
2026-01-19 11:21:22,565 - INFO - ⇢ WF-шаг 5/5: training 2023-11-30-2024-01-28, testing 2024-01-29-2024-02-28 — start
2026-01-19 11:21:22,565 - INFO - ⇢ loading step data — start
2026-01-19 11:21:22,752 - INFO - ⇠ loading step data — done in 0.19s
2026-01-19 11:21:24,196 - INFO - 📊 WF-шаг 5/5: Границы данных:
2026-01-19 11:21:24,196 - INFO -    Training: 2023-11-30 00:00:00 → 2024-01-28 23:45:00 (5,760 строк × 344 символов)
2026-01-19 11:21:24,196 - INFO -    Testing:  2024-01-29 00:00:00 → 2024-02-28 00:00:00 (2,881 строк × 344 символов)
2026-01-19 11:21:24,196 - INFO -    Временной разрыв: 0 days 00:15:00
2026-01-19 11:21:24,239 - INFO - ⇢ normalizing training data — start
2026-01-19 11:21:24,276 - INFO -   Символы с NaN значениями: 52
2026-01-19 11:21:24,276 - INFO -   Применяем метод нормализации: rolling_zscore
2026-01-19 11:21:24,292 - INFO - Символы с недостаточной историей: 44 из 344
2026-01-19 11:21:24,704 - INFO - Символы с NaN после нормализации: 300
2026-01-19 11:21:24,710 - INFO - Удалено 809 начальных строк с NaN от rolling расчетов
2026-01-19 11:21:24,712 - INFO - Итоговое количество символов после нормализации: 300 из 344
2026-01-19 11:21:24,713 - INFO -   Статистика нормализации:
2026-01-19 11:21:24,713 - INFO -     Исходные символы: 344
2026-01-19 11:21:24,713 - INFO -     Недостаточная история: 44
2026-01-19 11:21:24,713 - INFO -     Постоянная цена: 0
2026-01-19 11:21:24,713 - INFO -     NaN после нормализации: 300
2026-01-19 11:21:24,713 - INFO -     Итоговые символы: 300 (87.2%)
2026-01-19 11:21:24,713 - INFO -   После нормализации: 300 символов (потеряно 44)
2026-01-19 11:21:24,713 - INFO -   Отброшено много символов: 44 из 344
2026-01-19 11:21:24,713 - INFO - ⇠ normalizing training data — done in 0.47s
2026-01-19 11:21:24,714 - INFO - ⇢ SSD computation — start
2026-01-19 11:21:24,715 - INFO -   Расчет SSD для всех пар (без ограничения)
2026-01-19 11:21:27,237 - INFO -   SSD результат (все пары): 44850 пар
2026-01-19 11:21:27,237 - INFO - ⇠ SSD computation — done in 2.52s
2026-01-19 11:21:27,249 - INFO - ⇢ filtering pairs by cointegration and half-life — start
2026-01-19 11:21:27,250 - INFO - [ФИЛЬТР] Параллельная фильтрация: processes (8 workers)
⚙️  Загрузка данных за период: 2023-11-30 -> 2024-02-28
📂 Найдено 43 parquet файлов для обработки.
📊 Схема данных: Schema({'timestamp': Int64, 'open': Float64, 'high': Float64, 'low': Float64, 'close': Float64, 'volume': Float64, 'turnover': String, 'ts_ms': Int64, 'symbol': String})
✅ Загружено 2755343 записей с помощью Polars.
📊 Типы данных в pandas: timestamp       datetime64[us]
symbol                  object
close                  float64
timestamp_ms             int64
dtype: object
2026-01-19 11:22:31,585 - INFO - [ФИЛЬТР] После проверки данных: 44850 пар
2026-01-19 11:22:31,585 - INFO - [ФИЛЬТР] После фильтра корреляции (>0.45): 14952 пар
2026-01-19 11:22:31,585 - INFO - [ФИЛЬТР] После фильтра beta: 10710 пар
2026-01-19 11:22:31,586 - INFO - [ФИЛЬТР] После фильтра mean crossings: 10710 пар
2026-01-19 11:22:31,586 - INFO - [ФИЛЬТР] После фильтра half-life: 10679 пар
2026-01-19 11:22:31,586 - INFO - [ФИЛЬТР] После фильтра коинтеграции: 4834 пар
2026-01-19 11:22:31,586 - INFO - [ФИЛЬТР] После фильтра Hurst: 3565 пар
2026-01-19 11:22:31,586 - INFO - [ФИЛЬТР] После фильтра KPSS: 150 пар
2026-01-19 11:22:31,586 - INFO - [ФИЛЬТР] После фильтра market microstructure: 150 пар
2026-01-19 11:22:31,586 - INFO - [ФИЛЬТР] Статистика фильтрации (оптимизированный порядок):
2026-01-19 11:22:31,586 - INFO -   1. SSD → Коинтеграция: 44850 → 4834 пар
2026-01-19 11:22:31,586 - INFO -   2. Коинтеграция → Beta: 4834 → 10710 пар
2026-01-19 11:22:31,586 - INFO -   3. Beta → Half-life: 10710 → 10679 пар
2026-01-19 11:22:31,586 - INFO -   4. Half-life → Mean crossings: 10679 → 10710 пар
2026-01-19 11:22:31,586 - INFO -   5. Mean crossings → Hurst: 10710 → 3565 пар
2026-01-19 11:22:31,586 - INFO -   6. Hurst → KPSS: 3565 → 150 пар
2026-01-19 11:22:31,586 - INFO -   7. KPSS → Market microstructure: 150 → 150 пар
2026-01-19 11:22:31,586 - INFO - [ФИЛЬТР] Причины отсева:
2026-01-19 11:22:31,586 - INFO -   • low_correlation: 29898 пар (66.7%)
2026-01-19 11:22:31,586 - INFO -   • pvalue: 5845 пар (13.0%)
2026-01-19 11:22:31,586 - INFO -   • beta: 4242 пар (9.5%)
2026-01-19 11:22:31,586 - INFO -   • kpss: 3415 пар (7.6%)
2026-01-19 11:22:31,586 - INFO -   • hurst: 1269 пар (2.8%)
2026-01-19 11:22:31,586 - INFO -   • half_life: 31 пар (0.1%)
2026-01-19 11:22:31,586 - INFO - [ФИЛЬТР] Итого: 44850 → 150 пар (0.3% прошли все фильтры)
2026-01-19 11:22:31,649 - INFO - Причины отсева сохранены в results/filter_reasons_20260119_112231.csv
2026-01-19 11:22:31,657 - INFO -   Pair stability filter: 150 → 0 (window=3, min_steps=2, history=4)
2026-01-19 11:22:31,658 - INFO -   Фильтрация: 44850 → 0 пар
2026-01-19 11:22:31,658 - INFO - ⇠ filtering pairs by cointegration and half-life — done in 64.41s
2026-01-19 11:22:31,658 - INFO - ⇠ WF-шаг 5/5: training 2023-11-30-2024-01-28, testing 2024-01-29-2024-02-28 — done in 69.09s
2026-01-19 11:22:31,658 - INFO -   Всего пар для торговли: 0 (ограничение 15 применяется к одновременно открытым позициям)
2026-01-19 11:22:31,658 - INFO -   💰 Проверка расчета капитала: equity=$10,783.53, кандидатных_пар=0, max_позиций=15
2026-01-19 11:22:31,658 - INFO -   🎯 Target concurrency: 0 (ожидаемое одновременное число позиций)
2026-01-19 11:22:31,659 - INFO -   💼 Шаг P&L: $+0.00, Накопленный капитал: $10,783.53
2026-01-19 11:22:31,659 - INFO - ------------------------------------------------------------
2026-01-19 11:22:31,659 - INFO -   Walk-forward steps: 5 / 5 (100.0%) | 0.0 items/s | ETA: 0.0s
2026-01-19 11:22:31,659 - INFO - ⇠ Walk-forward steps — completed 5 items in 362.83s (0.0 items/s)
2026-01-19 11:22:31,659 - INFO - ================================================================================
2026-01-19 11:22:31,659 - INFO - 🏁 Walk-forward анализ завершен!
2026-01-19 11:22:31,659 - INFO - ⏱️ Обработано 5 шагов за 216.0 секунд
2026-01-19 11:22:31,659 - INFO - 📊 Всего обработано пар за весь анализ: 388
2026-01-19 11:22:31,659 - INFO - 💰 Финальный капитал: $10,783.53 (было $10,000.00)
2026-01-19 11:22:31,659 - INFO - 📈 Общая доходность: +7.84% ($+783.53)
2026-01-19 11:22:31,659 - INFO - 📊 Всего сделок: 0
2026-01-19 11:22:31,659 - INFO - ================================================================================
2026-01-19 11:22:31,659 - INFO - ✓ Завершены все 5 WF-шагов
2026-01-19 11:22:31,659 - INFO - ⇢ Обработка финальных результатов и расчет метрик...
2026-01-19 11:22:31,659 - INFO - ⇢ processing final results — start
2026-01-19 11:22:31,660 - INFO -   ⇢ Агрегация данных P&L за 5762 торговых дней
2026-01-19 11:22:31,675 - INFO -   ⇢ Расчет базовых метрик производительности...
2026-01-19 11:22:31,675 - INFO -     📊 Данные для анализа: 5762 записей P&L, 5761 точек equity
2026-01-19 11:22:31,677 - INFO -   ⇢ Расчет расширенных метрик (волатильность, Calmar ratio, и др.)...
2026-01-19 11:22:31,678 - INFO -   ✅ Расширенные метрики рассчитаны: 6 показателей
2026-01-19 11:22:31,678 - INFO -   ⇢ Анализ статистики по 388 парам...
2026-01-19 11:22:31,681 - INFO - ✅ Рассчитаны метрики производительности (19 показателей)
2026-01-19 11:22:31,681 - INFO -   💰 Общий P&L: $+783.53
2026-01-19 11:22:31,681 - INFO -   📊 Sharpe Ratio: 4.757
2026-01-19 11:22:31,681 - INFO -   📉 Максимальная просадка: -21479.30%
2026-01-19 11:22:31,681 - INFO -   🔄 Всего сделок: 6519
2026-01-19 11:22:31,681 - INFO -   📈 Торгуемых пар: 383
2026-01-19 11:22:31,681 - INFO -   💸 Общие издержки: $421.25
2026-01-19 11:22:31,682 - coint2.metrics - INFO - Metric: total_pnl
2026-01-19 11:22:31,682 - coint2.metrics - INFO - Metric: sharpe_ratio_abs
2026-01-19 11:22:31,682 - coint2.metrics - INFO - Metric: max_drawdown_pct
2026-01-19 11:22:31,682 - coint2.metrics - INFO - Metric: total_trades
2026-01-19 11:22:31,682 - coint2.metrics - INFO - Metric: total_pairs_traded
2026-01-19 11:22:31,682 - coint2.metrics - INFO - Metric: total_costs
2026-01-19 11:22:31,683 - INFO - ⇠ processing final results — done in 0.02s
2026-01-19 11:22:31,683 - INFO - ⇢ Создание отчетов и сохранение результатов...
2026-01-19 11:22:31,683 - INFO - ⇢ generating reports — start
2026-01-19 11:22:31,683 - INFO -   ⇢ Создание отчета о производительности...
2026-01-19 11:22:36,916 - INFO -   ✓ Отчет о производительности создан
2026-01-19 11:22:36,916 - INFO -   ⇢ Сохранение данных в CSV файлы...
2026-01-19 11:22:36,918 - INFO - 📋 Метрики сохранены: artifacts/wfa/runs/20260119_relaxed5_stress/stress_relaxed5_20260119_pv0p08_hurst0p65_hl0p02_60_corr0p45_ssd50000_kpss0p03_w3m2/strategy_metrics.csv
2026-01-19 11:22:36,919 - INFO - 📈 Дневные P&L сохранены: artifacts/wfa/runs/20260119_relaxed5_stress/stress_relaxed5_20260119_pv0p08_hurst0p65_hl0p02_60_corr0p45_ssd50000_kpss0p03_w3m2/daily_pnl.csv (61 записей)
2026-01-19 11:22:36,940 - INFO - 💹 Кривая капитала сохранена: artifacts/wfa/runs/20260119_relaxed5_stress/stress_relaxed5_20260119_pv0p08_hurst0p65_hl0p02_60_corr0p45_ssd50000_kpss0p03_w3m2/equity_curve.csv (5761 точек)
2026-01-19 11:22:36,947 - INFO - 📋 Статистика сделок сохранена: artifacts/wfa/runs/20260119_relaxed5_stress/stress_relaxed5_20260119_pv0p08_hurst0p65_hl0p02_60_corr0p45_ssd50000_kpss0p03_w3m2/trade_statistics.csv (388 записей)
2026-01-19 11:22:36,948 - INFO - 🎉 Walk-Forward анализ полностью завершен!
2026-01-19 11:22:36,948 - INFO - 📊 Все отчеты и данные сохранены в: artifacts/wfa/runs/20260119_relaxed5_stress/stress_relaxed5_20260119_pv0p08_hurst0p65_hl0p02_60_corr0p45_ssd50000_kpss0p03_w3m2
2026-01-19 11:22:36,948 - INFO - 💼 Итоговый капитал: $10,783.53
2026-01-19 11:22:36,948 - INFO - ⏱️  Общее время выполнения: 221.3 секунд
2026-01-19 11:22:36,948 - INFO - ⇠ generating reports — done in 5.27s
2026-01-19 11:22:36,948 - coint2.core.memory_optimization - INFO - 🧹 Cleaning up global price data
2026-01-19 11:22:36,952 - coint2.core.memory_optimization - INFO - 📊 No global rolling stats to clean up
2026-01-19 11:22:36,952 - INFO - 🧹 Memory-mapped data cleaned up
2026-01-19 11:22:36,954 - INFO - ⇠ run_walk_forward_analysis — done in 373.65s
📊 Отчет сохранен: artifacts/wfa/runs/20260119_relaxed5_stress/stress_relaxed5_20260119_pv0p08_hurst0p65_hl0p02_60_corr0p45_ssd50000_kpss0p03_w3m2/CointegrationStrategy_performance_report.png
🎯 ============================================================
📊 ИТОГИ ТОРГОВОЙ СТРАТЕГИИ
🎯 ============================================================

💰 ФИНАНСОВЫЕ РЕЗУЛЬТАТЫ:
   • Общий P&L:                          784
   • Максимальная просадка:             -215
   • Средний дневной P&L:                 13

📈 МЕТРИКИ РИСКА:
   • Коэффициент Шарпа:               4.7573
   • Волатильность P&L:                48.70
   • Процент прибыльных дней:         54.10%

🔄 ТОРГОВАЯ АКТИВНОСТЬ:
   • Всего торговых дней:                 61
   • Всего сделок:                     6,519
   • Торгуемых пар:                      383
   • Сделок на пару:                    16.8
   • Успешность сделок:               0.29%

💸 РАСХОДЫ И ЭКСТРЕМУМЫ:
   • Общие расходы:                      421
   • Максимальная прибыль:               203
   • Максимальный убыток:               -123
   • Лучшая пара (P&L):                   93
   • Худшая пара (P&L):                  -40

📊 ОЦЕНКА СТРАТЕГИИ:
   ✅ ОТЛИЧНАЯ стратегия! Высокий Шарп и положительный результат

🎯 ============================================================

Annualized Sharpe Ratio: 4.757264355650078
[run_wfa_fullcpu] end: 2026-01-19T11:22:38Z
