[run_wfa_queue] 2026-01-18T23:25:22Z cmd: /opt/coint4/coint4/run_wfa_fullcpu.sh configs/stress_20260118/stress_20260118_corr0p7_z0p85_exit0p12_ssd25000.yaml artifacts/wfa/runs/20260118_stress/stress_20260118_corr0p7_z0p85_exit0p12_ssd25000
[run_wfa_fullcpu] start: 2026-01-18T23:25:22Z
[run_wfa_fullcpu] os.cpu_count: 8
[run_wfa_fullcpu] worker_pid=5735
2026-01-18 23:25:25,609 - coint2.core.memory_optimization - INFO - ✅ BLAS threading limits set to 1 via threadpoolctl
2026-01-18 23:25:25,610 - coint2.core.memory_optimization - INFO - 🔧 Controlled libraries: openblas, openmp
2026-01-18 23:25:25,610 - coint2.core.memory_optimization - INFO - 🧵 Process threads: 2 → 2
2026-01-18 23:25:25,610 - coint2.core.memory_optimization - INFO - 📝 Set 11 environment variables
2026-01-18 23:25:25,937 - INFO - ✅ Параметры конфигурации валидны
2026-01-18 23:25:25,937 - INFO - 📝 Некоторые параметры были скорректированы:
2026-01-18 23:25:25,937 - INFO - 🧭 WFA: динамический отбор пар на каждом шаге
2026-01-18 23:25:25,937 - INFO -   Шаг 1: тренировка 2023-08-02-2023-09-30, тест 2023-10-01-2023-10-31
2026-01-18 23:25:25,937 - INFO -   Шаг 2: тренировка 2023-09-01-2023-10-30, тест 2023-10-31-2023-11-30
2026-01-18 23:25:25,937 - INFO -   Шаг 3: тренировка 2023-10-01-2023-11-29, тест 2023-11-30-2023-12-30
2026-01-18 23:25:25,937 - INFO -   Шаг 4: тренировка 2023-10-31-2023-12-29, тест 2023-12-30-2024-01-29
2026-01-18 23:25:25,938 - INFO -   Шаг 5: тренировка 2023-11-30-2024-01-28, тест 2024-01-29-2024-02-28
2026-01-18 23:25:25,938 - INFO -   Шаг 6: тренировка 2023-12-30-2024-02-27, тест 2024-02-28-2024-03-29
2026-01-18 23:25:25,938 - INFO -   Шаг 7: тренировка 2024-01-29-2024-03-28, тест 2024-03-29-2024-04-28
2026-01-18 23:25:25,938 - INFO -   Шаг 8: тренировка 2024-02-28-2024-04-27, тест 2024-04-28-2024-05-28
2026-01-18 23:25:25,938 - INFO - 📈 Запланировано 8 walk-forward шагов
2026-01-18 23:25:25,938 - INFO - ⛔ Ограничение WFA шагов: 8 → 5
2026-01-18 23:25:25,938 - WARNING - ⚠️ Маленький буфер между training и testing в шаге 1: 0 дней. Рекомендуется минимум 1 день.
2026-01-18 23:25:25,938 - WARNING - ⚠️ Маленький буфер между training и testing в шаге 2: 0 дней. Рекомендуется минимум 1 день.
2026-01-18 23:25:25,938 - WARNING - ⚠️ Маленький буфер между training и testing в шаге 3: 0 дней. Рекомендуется минимум 1 день.
2026-01-18 23:25:25,938 - WARNING - ⚠️ Маленький буфер между training и testing в шаге 4: 0 дней. Рекомендуется минимум 1 день.
2026-01-18 23:25:25,938 - WARNING - ⚠️ Маленький буфер между training и testing в шаге 5: 0 дней. Рекомендуется минимум 1 день.
2026-01-18 23:25:25,938 - INFO - ✅ Шаги успешно запланированы:
2026-01-18 23:25:25,938 - INFO -    Шаг 1: тренировка 2023-08-02-2023-09-30, тест 2023-10-01-2023-10-31
2026-01-18 23:25:25,938 - INFO -    Шаг 2: тренировка 2023-09-01-2023-10-30, тест 2023-10-31-2023-11-30
2026-01-18 23:25:25,938 - INFO -    Шаг 3: тренировка 2023-10-01-2023-11-29, тест 2023-11-30-2023-12-30
2026-01-18 23:25:25,938 - INFO -    Шаг 4: тренировка 2023-10-31-2023-12-29, тест 2023-12-30-2024-01-29
2026-01-18 23:25:25,938 - INFO -    Шаг 5: тренировка 2023-11-30-2024-01-28, тест 2024-01-29-2024-02-28
2026-01-18 23:25:25,938 - INFO - 🗂️ Consolidating price data for memory-mapped access...
2026-01-18 23:25:25,938 - INFO - 📊 Consolidating data range: 2023-07-28 → 2024-03-04
2026-01-18 23:25:25,938 - coint2.core.memory_optimization - INFO - 🔄 Consolidating price data from data_downloaded to .cache/consolidated_prices.parquet
2026-01-18 23:25:25,939 - INFO - ⇢ loading raw data for consolidation — start
2026-01-18 23:25:26,605 - INFO - ⇠ loading raw data for consolidation — done in 0.67s
2026-01-18 23:25:26,605 - INFO - ⇢ pivoting data to wide format — start
2026-01-18 23:25:30,656 - INFO - ⇠ pivoting data to wide format — done in 4.05s
2026-01-18 23:25:30,712 - coint2.core.memory_optimization - INFO - 📊 Consolidated data: 21121 rows × 346 symbols
2026-01-18 23:25:30,713 - coint2.core.memory_optimization - INFO - 💾 Memory usage: 29.4 MB
2026-01-18 23:25:30,713 - INFO - ⇢ writing consolidated Parquet file — start
2026-01-18 23:25:30,921 - INFO - ⇠ writing consolidated Parquet file — done in 0.21s
2026-01-18 23:25:30,922 - coint2.core.memory_optimization - INFO - ✅ Successfully consolidated data to .cache/consolidated_prices.parquet
2026-01-18 23:25:30,946 - coint2.core.memory_optimization - INFO - 🔄 Initializing memory-mapped price data from .cache/consolidated_prices.parquet
2026-01-18 23:25:30,946 - INFO - ⇢ loading memory-mapped data — start
2026-01-18 23:25:30,946 - coint2.core.memory_optimization - WARNING - ⚠️ memory_map не поддерживается в текущей версии pyarrow, fallback без mmap
2026-01-18 23:25:31,069 - INFO - ⇠ loading memory-mapped data — done in 0.12s
2026-01-18 23:25:31,078 - coint2.core.memory_optimization - INFO - 📊 Loaded 21121 rows × 346 symbols
2026-01-18 23:25:31,078 - coint2.core.memory_optimization - INFO - 💾 Memory usage: 29.4 MB (memory-mapped)
2026-01-18 23:25:31,079 - INFO - ✅ Memory-mapped data initialized successfully
2026-01-18 23:25:31,080 - INFO - ⇢ Walk-forward steps — starting 5 items
2026-01-18 23:25:31,081 - INFO - 📈 Инициализация equity кривой с первой тестовой даты: 2023-10-01 00:00:00
2026-01-18 23:25:31,081 - INFO - 🔍 WF-шаг 1/5: Валидация временных окон...
2026-01-18 23:25:31,081 - INFO - ⇢ WF-шаг 1/5: training 2023-08-02-2023-09-30, testing 2023-10-01-2023-10-31 — start
2026-01-18 23:25:31,082 - INFO - ⇢ loading step data — start
2026-01-18 23:25:31,235 - INFO - ⇠ loading step data — done in 0.15s
2026-01-18 23:25:32,484 - INFO - 📊 WF-шаг 1/5: Границы данных:
2026-01-18 23:25:32,484 - INFO -    Training: 2023-08-02 00:00:00 → 2023-09-30 23:45:00 (5,760 строк × 282 символов)
2026-01-18 23:25:32,484 - INFO -    Testing:  2023-10-01 00:00:00 → 2023-10-31 00:00:00 (2,881 строк × 282 символов)
2026-01-18 23:25:32,484 - INFO -    Временной разрыв: 0 days 00:15:00
2026-01-18 23:25:32,520 - INFO - ⇢ normalizing training data — start
2026-01-18 23:25:32,551 - INFO -   Символы с NaN значениями: 20
2026-01-18 23:25:32,551 - INFO -   Применяем метод нормализации: rolling_zscore
2026-01-18 23:25:32,564 - INFO - Символы с недостаточной историей: 20 из 282
2026-01-18 23:25:32,923 - INFO - Символы с NaN после нормализации: 262
2026-01-18 23:25:32,929 - INFO - Удалено 1 начальных строк с NaN от rolling расчетов
2026-01-18 23:25:32,932 - INFO - Итоговое количество символов после нормализации: 262 из 282
2026-01-18 23:25:32,932 - INFO -   Статистика нормализации:
2026-01-18 23:25:32,932 - INFO -     Исходные символы: 282
2026-01-18 23:25:32,932 - INFO -     Недостаточная история: 20
2026-01-18 23:25:32,932 - INFO -     Постоянная цена: 0
2026-01-18 23:25:32,932 - INFO -     NaN после нормализации: 262
2026-01-18 23:25:32,932 - INFO -     Итоговые символы: 262 (92.9%)
2026-01-18 23:25:32,932 - INFO -   После нормализации: 262 символов (потеряно 20)
2026-01-18 23:25:32,932 - INFO -   Отброшенные символы: ADAEUR, BEAMUSDT, BTCEUR, CYBERUSDT, DOGEEUR, ETHEUR, FETUSDT, JEFFUSDT, KASUSDT, KAVAUSDT, LTCEUR, ORDIUSDT, POLUSDT, PPTUSDT, PYUSDUSDT, SEIUSDT, SOLEUR, USDCEUR, XRPEUR, ZTXUSDT
2026-01-18 23:25:32,932 - INFO - ⇠ normalizing training data — done in 0.41s
2026-01-18 23:25:32,932 - INFO - ⇢ SSD computation — start
2026-01-18 23:25:32,932 - INFO -   Расчет SSD для всех пар (без ограничения)
2026-01-18 23:25:35,271 - INFO -   SSD результат (все пары): 34191 пар
2026-01-18 23:25:35,272 - INFO -   Ограничиваем до top-25000 пар для дальнейшей обработки
2026-01-18 23:25:35,273 - INFO - ⇠ SSD computation — done in 2.34s
2026-01-18 23:25:35,279 - INFO - ⇢ filtering pairs by cointegration and half-life — start
2026-01-18 23:25:35,279 - INFO - [ФИЛЬТР] Параллельная фильтрация: threads (8 workers)
2026-01-18 23:30:34,148 - INFO - [ФИЛЬТР] После проверки данных: 25000 пар
2026-01-18 23:30:34,148 - INFO - [ФИЛЬТР] После фильтра корреляции (>0.7): 14809 пар
2026-01-18 23:30:34,148 - INFO - [ФИЛЬТР] После фильтра beta: 9733 пар
2026-01-18 23:30:34,148 - INFO - [ФИЛЬТР] После фильтра mean crossings: 9733 пар
2026-01-18 23:30:34,148 - INFO - [ФИЛЬТР] После фильтра half-life: 9705 пар
2026-01-18 23:30:34,148 - INFO - [ФИЛЬТР] После фильтра коинтеграции: 3776 пар
2026-01-18 23:30:34,148 - INFO - [ФИЛЬТР] После фильтра Hurst: 1797 пар
2026-01-18 23:30:34,148 - INFO - [ФИЛЬТР] После фильтра KPSS: 89 пар
2026-01-18 23:30:34,148 - INFO - [ФИЛЬТР] После фильтра market microstructure: 89 пар
2026-01-18 23:30:34,148 - INFO - [ФИЛЬТР] Статистика фильтрации (оптимизированный порядок):
2026-01-18 23:30:34,148 - INFO -   1. SSD → Коинтеграция: 25000 → 3776 пар
2026-01-18 23:30:34,148 - INFO -   2. Коинтеграция → Beta: 3776 → 9733 пар
2026-01-18 23:30:34,148 - INFO -   3. Beta → Half-life: 9733 → 9705 пар
2026-01-18 23:30:34,148 - INFO -   4. Half-life → Mean crossings: 9705 → 9733 пар
2026-01-18 23:30:34,148 - INFO -   5. Mean crossings → Hurst: 9733 → 1797 пар
2026-01-18 23:30:34,148 - INFO -   6. Hurst → KPSS: 1797 → 89 пар
2026-01-18 23:30:34,149 - INFO -   7. KPSS → Market microstructure: 89 → 89 пар
2026-01-18 23:30:34,149 - INFO - [ФИЛЬТР] Причины отсева:
2026-01-18 23:30:34,149 - INFO -   • low_correlation: 10191 пар (40.8%)
2026-01-18 23:30:34,149 - INFO -   • pvalue: 5929 пар (23.7%)
2026-01-18 23:30:34,149 - INFO -   • beta: 5076 пар (20.3%)
2026-01-18 23:30:34,149 - INFO -   • hurst: 1979 пар (7.9%)
2026-01-18 23:30:34,149 - INFO -   • kpss: 1708 пар (6.8%)
2026-01-18 23:30:34,149 - INFO -   • half_life: 28 пар (0.1%)
2026-01-18 23:30:34,149 - INFO - [ФИЛЬТР] Итого: 25000 → 89 пар (0.4% прошли все фильтры)
2026-01-18 23:30:34,189 - INFO - Причины отсева сохранены в results/filter_reasons_20260118_233034.csv
2026-01-18 23:30:34,198 - INFO -   Фильтрация: 25000 → 89 пар
2026-01-18 23:30:34,198 - INFO - ⇠ filtering pairs by cointegration and half-life — done in 298.92s
2026-01-18 23:30:34,199 - INFO - ⇠ WF-шаг 1/5: training 2023-08-02-2023-09-30, testing 2023-10-01-2023-10-31 — done in 303.12s
2026-01-18 23:30:34,199 - INFO -   Топ-3 пары по волатильности спреда:
2026-01-18 23:30:34,199 - INFO -     1. COMPUSDT-GMXUSDT: beta=1.0239, std=2.0031
2026-01-18 23:30:34,199 - INFO -     2. TIMEUSDT-ZENUSDT: beta=1.0190, std=0.6922
2026-01-18 23:30:34,199 - INFO -     3. ETHUSDC-ETHUSDT: beta=0.9936, std=0.6033
2026-01-18 23:30:34,199 - INFO -   Всего пар для торговли: 89 (ограничение 15 применяется к одновременно открытым позициям)
2026-01-18 23:30:34,199 - INFO -   💰 Проверка расчета капитала: equity=$10,000.00, кандидатных_пар=89, max_позиций=15
2026-01-18 23:30:34,199 - INFO -   🎯 Target concurrency: 15 (ожидаемое одновременное число позиций)
2026-01-18 23:30:34,199 - INFO -   📊 Детали расчета капитала:
2026-01-18 23:30:34,199 - INFO -      • Базовый капитал на пару: $666.67 (equity / target_concurrency)
2026-01-18 23:30:34,199 - INFO -      • Риск-капитал: $150.00 (1.5% от equity)
2026-01-18 23:30:34,199 - INFO -      • Макс. размер позиции: $200.00 (2.0% от equity)
2026-01-18 23:30:34,199 - INFO -      • Итоговый капитал на пару: $150.00
2026-01-18 23:30:34,200 - INFO - ⇢ WF-шаг 1/5 backtests — starting 89 items
2026-01-18 23:30:34,200 - INFO - 🚀 WF-шаг 1/5: Начинаем бэктесты для 89 пар...
2026-01-18 23:30:34,200 - INFO - 🚀 WF-шаг 1/5: Запускаем параллельную обработку 89 пар на 8 ядрах...
2026-01-18 23:30:34,200 - INFO -   📊 Большой набор пар (89), ожидаемое время: ~3 мин
2026-01-18 23:30:34,200 - INFO -   🔄 Прогресс будет отображаться каждые 8 пар
2026-01-18 23:30:34,200 - INFO - 🚀 WF-шаг 1/5: Режим параллельности: процессы
⚙️  Загрузка данных за период: 2023-07-28 -> 2024-03-04
📂 Найдено 43 parquet файлов для обработки.
📊 Схема данных: Schema({'timestamp': Int64, 'open': Float64, 'high': Float64, 'low': Float64, 'close': Float64, 'volume': Float64, 'turnover': String, 'ts_ms': Int64, 'symbol': String})
✅ Загружено 6226682 записей с помощью Polars.
📊 Типы данных в pandas: timestamp       datetime64[us]
symbol                  object
close                  float64
timestamp_ms             int64
dtype: object
⚙️  Загрузка данных за период: 2023-08-02 -> 2023-10-31
📂 Найдено 43 parquet файлов для обработки.
📊 Схема данных: Schema({'timestamp': Int64, 'open': Float64, 'high': Float64, 'low': Float64, 'close': Float64, 'volume': Float64, 'turnover': String, 'ts_ms': Int64, 'symbol': String})
✅ Загружено 2351056 записей с помощью Polars.
📊 Типы данных в pandas: timestamp       datetime64[us]
symbol                  object
close                  float64
timestamp_ms             int64
dtype: object
2026-01-18 23:30:34,259 - coint2.engine.numba_engine - INFO - Запуск Numba-оптимизированного бэктеста для COMPUSDT-GMXUSDT
2026-01-18 23:30:34,279 - coint2.engine.numba_engine - INFO - Запуск Numba-оптимизированного бэктеста для TIMEUSDT-ZENUSDT
2026-01-18 23:30:34,300 - coint2.engine.numba_engine - INFO - Запуск Numba-оптимизированного бэктеста для ETHUSDC-ETHUSDT
2026-01-18 23:30:34,323 - coint2.engine.numba_engine - INFO - Запуск Numba-оптимизированного бэктеста для AXSUSDT-UNIUSDT
2026-01-18 23:30:34,339 - coint2.engine.numba_engine - INFO - Запуск Numba-оптимизированного бэктеста для ARUSDT-FILUSDT
2026-01-18 23:30:34,342 - coint2.engine.numba_engine - INFO - Запуск Numba-оптимизированного бэктеста для SNXUSDT-SOLOUSDT
2026-01-18 23:30:34,363 - coint2.engine.numba_engine - INFO - Запуск Numba-оптимизированного бэктеста для AXSUSDT-SANDUSDT
2026-01-18 23:30:34,369 - coint2.engine.numba_engine - INFO - Запуск Numba-оптимизированного бэктеста для INTERUSDT-QTUMUSDT
2026-01-18 23:30:34,375 - coint2.engine.numba_engine - INFO - Запуск Numba-оптимизированного бэктеста для INTERUSDT-XRPUSDC
2026-01-18 23:30:34,385 - coint2.engine.numba_engine - INFO - Запуск Numba-оптимизированного бэктеста для INTERUSDT-XRPUSDT
2026-01-18 23:30:34,392 - coint2.engine.numba_engine - INFO - Запуск Numba-оптимизированного бэктеста для INTERUSDT-XEMUSDT
2026-01-18 23:30:34,398 - coint2.engine.numba_engine - INFO - Запуск Numba-оптимизированного бэктеста для AXSUSDT-SANDUSDC
2026-01-18 23:30:34,400 - coint2.engine.numba_engine - INFO - Запуск Numba-оптимизированного бэктеста для INTERUSDT-ZILUSDT
2026-01-18 23:30:34,408 - coint2.engine.numba_engine - INFO - Запуск Numba-оптимизированного бэктеста для INTERUSDT-LTCUSDC
2026-01-18 23:30:34,408 - coint2.engine.numba_engine - INFO - Запуск Numba-оптимизированного бэктеста для INTERUSDT-ZENUSDT
2026-01-18 23:30:34,416 - coint2.engine.numba_engine - INFO - Запуск Numba-оптимизированного бэктеста для CITYUSDT-DOTUSDC
2026-01-18 23:30:34,424 - coint2.engine.numba_engine - INFO - Запуск Numba-оптимизированного бэктеста для INTERUSDT-WAVESUSDT
2026-01-18 23:30:34,425 - coint2.engine.numba_engine - INFO - Запуск Numba-оптимизированного бэктеста для INTERUSDT-THETAUSDT
2026-01-18 23:30:34,430 - coint2.engine.numba_engine - INFO - Запуск Numba-оптимизированного бэктеста для INTERUSDT-USTCUSDT
2026-01-18 23:30:34,439 - coint2.engine.numba_engine - INFO - Запуск Numba-оптимизированного бэктеста для HFTUSDT-PSGUSDT
2026-01-18 23:30:34,442 - coint2.engine.numba_engine - INFO - Запуск Numba-оптимизированного бэктеста для INTERUSDT-LTCUSDT
2026-01-18 23:30:34,448 - coint2.engine.numba_engine - INFO - Запуск Numba-оптимизированного бэктеста для CITYUSDT-DOTUSDT
2026-01-18 23:30:34,448 - coint2.engine.numba_engine - INFO - Запуск Numba-оптимизированного бэктеста для INTERUSDT-STXUSDT
2026-01-18 23:30:34,452 - coint2.engine.numba_engine - INFO - Запуск Numba-оптимизированного бэктеста для CITYUSDT-JUVUSDT
2026-01-18 23:30:34,465 - coint2.engine.numba_engine - INFO - Запуск Numba-оптимизированного бэктеста для INTERUSDT-ROSEUSDT
2026-01-18 23:30:34,466 - coint2.engine.numba_engine - INFO - Запуск Numba-оптимизированного бэктеста для HFTUSDC-MOVRUSDT
2026-01-18 23:30:34,475 - coint2.engine.numba_engine - INFO - Запуск Numba-оптимизированного бэктеста для MASKUSDT-XRPUSDC
2026-01-18 23:30:34,476 - coint2.engine.numba_engine - INFO - Запуск Numba-оптимизированного бэктеста для HFTUSDC-PSGUSDT
2026-01-18 23:30:34,478 - coint2.engine.numba_engine - INFO - Запуск Numba-оптимизированного бэктеста для HFTUSDC-RPLUSDT
2026-01-18 23:30:34,485 - coint2.engine.numba_engine - INFO - Запуск Numba-оптимизированного бэктеста для INTERUSDT-SOLOUSDT
2026-01-18 23:30:34,490 - coint2.engine.numba_engine - INFO - Запуск Numba-оптимизированного бэктеста для RSS3USDT-XTZUSDT
2026-01-18 23:30:34,497 - coint2.engine.numba_engine - INFO - Запуск Numba-оптимизированного бэктеста для PSGUSDT-VPADUSDT
2026-01-18 23:30:34,498 - coint2.engine.numba_engine - INFO - Запуск Numba-оптимизированного бэктеста для AFCUSDT-DOTUSDC
2026-01-18 23:30:34,499 - coint2.engine.numba_engine - INFO - Запуск Numba-оптимизированного бэктеста для HFTUSDT-MOVRUSDT
2026-01-18 23:30:34,501 - coint2.engine.numba_engine - INFO - Запуск Numba-оптимизированного бэктеста для CTCUSDT-DOTUSDC
2026-01-18 23:30:34,502 - coint2.engine.numba_engine - INFO - Запуск Numba-оптимизированного бэктеста для MASKUSDT-XRPUSDT
2026-01-18 23:30:34,511 - coint2.engine.numba_engine - INFO - Запуск Numba-оптимизированного бэктеста для INTERUSDT-WAXPUSDT
2026-01-18 23:30:34,511 - coint2.engine.numba_engine - INFO - Запуск Numba-оптимизированного бэктеста для INTERUSDT-MANAUSDT
2026-01-18 23:30:34,518 - coint2.engine.numba_engine - INFO - Запуск Numba-оптимизированного бэктеста для FORTUSDT-ICPUSDT
2026-01-18 23:30:34,521 - coint2.engine.numba_engine - INFO - Запуск Numba-оптимизированного бэктеста для ETHWUSDT-GMTUSDT
2026-01-18 23:30:34,522 - coint2.engine.numba_engine - INFO - Запуск Numba-оптимизированного бэктеста для RSS3USDT-RVNUSDT
2026-01-18 23:30:34,523 - coint2.engine.numba_engine - INFO - Запуск Numba-оптимизированного бэктеста для BATUSDT-FIDAUSDT
2026-01-18 23:30:34,526 - coint2.engine.numba_engine - INFO - Запуск Numba-оптимизированного бэктеста для AFCUSDT-DOTUSDT
2026-01-18 23:30:34,533 - coint2.engine.numba_engine - INFO - Запуск Numba-оптимизированного бэктеста для INTERUSDT-MANAUSDC
2026-01-18 23:30:34,543 - coint2.engine.numba_engine - INFO - Запуск Numba-оптимизированного бэктеста для THETAUSDT-XRPUSDC
2026-01-18 23:30:34,544 - coint2.engine.numba_engine - INFO - Запуск Numba-оптимизированного бэктеста для FORTUSDT-ICPUSDC
2026-01-18 23:30:34,544 - coint2.engine.numba_engine - INFO - Запуск Numba-оптимизированного бэктеста для ETHWUSDT-GMTUSDC
2026-01-18 23:30:34,545 - coint2.engine.numba_engine - INFO - Запуск Numba-оптимизированного бэктеста для FORTUSDT-PSGUSDT
2026-01-18 23:30:34,547 - coint2.engine.numba_engine - INFO - Запуск Numba-оптимизированного бэктеста для AFCUSDT-MDAOUSDT
2026-01-18 23:30:34,550 - coint2.engine.numba_engine - INFO - Запуск Numba-оптимизированного бэктеста для CAKEUSDT-VPADUSDT
2026-01-18 23:30:34,553 - coint2.engine.numba_engine - INFO - Запуск Numba-оптимизированного бэктеста для ALGOUSDT-ROSEUSDT
2026-01-18 23:30:34,555 - coint2.engine.numba_engine - INFO - Запуск Numba-оптимизированного бэктеста для AFCUSDT-CITYUSDT
2026-01-18 23:30:34,564 - WARNING - ❌ Ошибка обработки пары AFCUSDT-CITYUSDT: division by zero
2026-01-18 23:30:34,569 - coint2.engine.numba_engine - INFO - Запуск Numba-оптимизированного бэктеста для FLOWUSDT-MASKUSDT
2026-01-18 23:30:34,570 - coint2.engine.numba_engine - INFO - Запуск Numba-оптимизированного бэктеста для GMTUSDT-SANDUSDT
2026-01-18 23:30:34,571 - coint2.engine.numba_engine - INFO - Запуск Numba-оптимизированного бэктеста для DOGEUSDT-TELUSDT
2026-01-18 23:30:34,578 - coint2.engine.numba_engine - INFO - Запуск Numba-оптимизированного бэктеста для SUSHIUSDT-UMAUSDT
2026-01-18 23:30:34,579 - coint2.engine.numba_engine - INFO - Запуск Numba-оптимизированного бэктеста для SUSHIUSDT-USTCUSDT
2026-01-18 23:30:34,581 - coint2.engine.numba_engine - INFO - Запуск Numba-оптимизированного бэктеста для WAXPUSDT-ZILUSDT
2026-01-18 23:30:34,583 - coint2.engine.numba_engine - INFO - Запуск Numba-оптимизированного бэктеста для THETAUSDT-XRPUSDT
2026-01-18 23:30:34,591 - coint2.engine.numba_engine - INFO - Запуск Numba-оптимизированного бэктеста для ADAUSDC-PSGUSDT
2026-01-18 23:30:34,592 - coint2.engine.numba_engine - INFO - Запуск Numba-оптимизированного бэктеста для USTCUSDT-ZILUSDT
2026-01-18 23:30:34,592 - coint2.engine.numba_engine - INFO - Запуск Numba-оптимизированного бэктеста для HFTUSDT-RPLUSDT
2026-01-18 23:30:34,593 - coint2.engine.numba_engine - INFO - Запуск Numba-оптимизированного бэктеста для ONEUSDT-XRPUSDC
2026-01-18 23:30:34,601 - coint2.engine.numba_engine - INFO - Запуск Numba-оптимизированного бэктеста для CELOUSDT-ZRXUSDT
2026-01-18 23:30:34,604 - coint2.engine.numba_engine - INFO - Запуск Numba-оптимизированного бэктеста для RACAUSDT-VPADUSDT
2026-01-18 23:30:34,613 - coint2.engine.numba_engine - INFO - Запуск Numba-оптимизированного бэктеста для OMGUSDT-RDNTUSDT
2026-01-18 23:30:34,614 - coint2.engine.numba_engine - INFO - Запуск Numba-оптимизированного бэктеста для RSS3USDT-SFUNDUSDT
2026-01-18 23:30:34,614 - coint2.engine.numba_engine - INFO - Запуск Numba-оптимизированного бэктеста для GMTUSDC-UNIUSDT
2026-01-18 23:30:34,616 - coint2.engine.numba_engine - INFO - Запуск Numba-оптимизированного бэктеста для CTCUSDT-VPADUSDT
2026-01-18 23:30:34,623 - coint2.engine.numba_engine - INFO - Запуск Numba-оптимизированного бэктеста для RSS3USDT-SCRTUSDT
2026-01-18 23:30:34,635 - coint2.engine.numba_engine - INFO - Запуск Numba-оптимизированного бэктеста для RSS3USDT-XAVAUSDT
2026-01-18 23:30:34,637 - coint2.engine.numba_engine - INFO - Запуск Numba-оптимизированного бэктеста для ROSEUSDT-USTCUSDT
2026-01-18 23:30:34,638 - coint2.engine.numba_engine - INFO - Запуск Numba-оптимизированного бэктеста для ADAUSDT-PSGUSDT
2026-01-18 23:30:34,644 - coint2.engine.numba_engine - INFO - Запуск Numba-оптимизированного бэктеста для BATUSDT-UMAUSDT
2026-01-18 23:30:34,645 - WARNING - ❌ Ошибка обработки пары RSS3USDT-XAVAUSDT: division by zero
2026-01-18 23:30:34,646 - coint2.engine.numba_engine - INFO - Запуск Numba-оптимизированного бэктеста для BATUSDT-PEOPLEUSDT
2026-01-18 23:30:34,654 - coint2.engine.numba_engine - INFO - Запуск Numba-оптимизированного бэктеста для BATUSDT-QTUMUSDT
2026-01-18 23:30:34,660 - coint2.engine.numba_engine - INFO - Запуск Numba-оптимизированного бэктеста для SCUSDT-USTCUSDT
2026-01-18 23:30:34,661 - coint2.engine.numba_engine - INFO - Запуск Numba-оптимизированного бэктеста для ALGOUSDT-IMXUSDT
2026-01-18 23:30:34,672 - coint2.engine.numba_engine - INFO - Запуск Numba-оптимизированного бэктеста для FORTUSDT-SFUNDUSDT
2026-01-18 23:30:34,672 - coint2.engine.numba_engine - INFO - Запуск Numba-оптимизированного бэктеста для ALGOUSDT-WAXPUSDT
2026-01-18 23:30:34,680 - coint2.engine.numba_engine - INFO - Запуск Numba-оптимизированного бэктеста для ALGOUSDT-USTCUSDT
2026-01-18 23:30:34,687 - coint2.engine.numba_engine - INFO - Запуск Numba-оптимизированного бэктеста для DOGEUSDC-ETHWUSDT
2026-01-18 23:30:34,695 - coint2.engine.numba_engine - INFO - Запуск Numba-оптимизированного бэктеста для DOGEUSDC-TELUSDT
2026-01-18 23:30:34,695 - coint2.engine.numba_engine - INFO - Запуск Numba-оптимизированного бэктеста для ROSEUSDT-WAXPUSDT
2026-01-18 23:30:34,703 - coint2.engine.numba_engine - INFO - Запуск Numba-оптимизированного бэктеста для DOGEUSDT-ETHWUSDT
2026-01-18 23:30:34,710 - coint2.engine.numba_engine - INFO - Запуск Numba-оптимизированного бэктеста для SCUSDT-ZILUSDT
2026-01-18 23:30:34,717 - coint2.engine.numba_engine - INFO - Запуск Numba-оптимизированного бэктеста для ONEUSDT-XRPUSDT
2026-01-18 23:30:34,718 - coint2.engine.numba_engine - INFO - Запуск Numba-оптимизированного бэктеста для LTCBTC-RVNUSDT
2026-01-18 23:30:34,725 - coint2.engine.numba_engine - INFO - Запуск Numba-оптимизированного бэктеста для SUNUSDT-ZRXUSDT
2026-01-18 23:30:34,762 - INFO -   ⏱️ Параллельная обработка завершена за 0.6с (158.3 пар/с)
2026-01-18 23:30:34,794 - coint2.pipeline.walk_forward_orchestrator - INFO - 🎯 СИМУЛЯЦИЯ ПОРТФЕЛЯ: 87 пар, лимит 15 позиций
2026-01-18 23:30:35,545 - coint2.pipeline.walk_forward_orchestrator - INFO -    📈 Макс. одновременных сигналов: 24
2026-01-18 23:30:35,546 - coint2.pipeline.walk_forward_orchestrator - INFO -    📊 Средн. сигналов за период: 1.2
2026-01-18 23:30:35,546 - coint2.pipeline.walk_forward_orchestrator - INFO -    🎯 Финальных активных позиций: 0
2026-01-18 23:30:35,547 - coint2.pipeline.walk_forward_orchestrator - INFO -    ⚡ Утилизация лимита позиций: 8.0%
2026-01-18 23:30:35,548 - WARNING -   ⚠️ Ошибка обработки пары RSS3USDT-XAVAUSDT: division by zero
2026-01-18 23:30:35,548 - WARNING -   ⚠️ Ошибка обработки пары AFCUSDT-CITYUSDT: division by zero
2026-01-18 23:30:35,548 - INFO - ⇠ WF-шаг 1/5 backtests — completed 89 items in 1.35s (66.0 items/s)
2026-01-18 23:30:35,548 - INFO -   ✅ Обработка завершена: 87 успешно, 2 с ошибками
2026-01-18 23:30:35,548 - INFO -   📊 Успешность: 97.8%, прибыльность: 56.3%, сделок/пара: 20.7
2026-01-18 23:30:35,548 - INFO -   ✅ Завершены бэктесты для 89 пар
2026-01-18 23:30:35,548 - INFO -   📊 Всего обработано пар в этом шаге: 89
2026-01-18 23:30:35,548 - INFO -   📈 Результаты шага: 49/89 прибыльных пар, 1799 сделок
2026-01-18 23:30:35,548 - INFO -   💰 P&L шага: $+200.54
2026-01-18 23:30:35,548 - INFO -   ⇢ Обновление капитала и дневного P&L...
2026-01-18 23:30:36,722 - INFO -   💼 Шаг P&L: $+200.54, Накопленный капитал: $10,200.54
2026-01-18 23:30:36,722 - INFO - ------------------------------------------------------------
2026-01-18 23:30:36,722 - INFO -   Walk-forward steps: 1 / 5 (20.0%) | 0.0 items/s | ETA: 1222.6s
2026-01-18 23:30:36,722 - INFO - 🔍 WF-шаг 2/5: Валидация временных окон...
2026-01-18 23:30:36,722 - INFO - ⇢ WF-шаг 2/5: training 2023-09-01-2023-10-30, testing 2023-10-31-2023-11-30 — start
2026-01-18 23:30:36,723 - INFO - ⇢ loading step data — start
2026-01-18 23:30:36,910 - INFO - ⇠ loading step data — done in 0.19s
2026-01-18 23:30:38,095 - INFO - 📊 WF-шаг 2/5: Границы данных:
2026-01-18 23:30:38,095 - INFO -    Training: 2023-09-01 00:00:00 → 2023-10-30 23:45:00 (5,760 строк × 292 символов)
2026-01-18 23:30:38,095 - INFO -    Testing:  2023-10-31 00:00:00 → 2023-11-30 00:00:00 (2,881 строк × 292 символов)
2026-01-18 23:30:38,095 - INFO -    Временной разрыв: 0 days 00:15:00
2026-01-18 23:30:38,134 - INFO - ⇢ normalizing training data — start
2026-01-18 23:30:38,165 - INFO -   Символы с NaN значениями: 26
2026-01-18 23:30:38,165 - INFO -   Применяем метод нормализации: rolling_zscore
2026-01-18 23:30:38,179 - INFO - Символы с недостаточной историей: 17 из 292
2026-01-18 23:30:38,570 - INFO - Символы с NaN после нормализации: 275
2026-01-18 23:30:38,576 - INFO - Удалено 617 начальных строк с NaN от rolling расчетов
2026-01-18 23:30:38,578 - INFO - Итоговое количество символов после нормализации: 275 из 292
2026-01-18 23:30:38,578 - INFO -   Статистика нормализации:
2026-01-18 23:30:38,578 - INFO -     Исходные символы: 292
2026-01-18 23:30:38,578 - INFO -     Недостаточная история: 17
2026-01-18 23:30:38,578 - INFO -     Постоянная цена: 0
2026-01-18 23:30:38,578 - INFO -     NaN после нормализации: 275
2026-01-18 23:30:38,578 - INFO -     Итоговые символы: 275 (94.2%)
2026-01-18 23:30:38,578 - INFO -   После нормализации: 275 символов (потеряно 17)
2026-01-18 23:30:38,578 - INFO -   Отброшенные символы: BEAMUSDT, FETUSDT, FLIPUSDT, JEFFUSDT, MEMEUSDT, POLUSDT, PPTUSDT, PYTHUSDT, PYUSDUSDT, ROOTUSDT, RPKUSDT, SHRAPUSDT, TIAUSDT, TOKENUSDT, TUSDUSDT, VRTXUSDT, ZTXUSDT
2026-01-18 23:30:38,578 - INFO - ⇠ normalizing training data — done in 0.44s
2026-01-18 23:30:38,580 - INFO - ⇢ SSD computation — start
2026-01-18 23:30:38,580 - INFO -   Расчет SSD для всех пар (без ограничения)
2026-01-18 23:30:40,737 - INFO -   SSD результат (все пары): 37675 пар
2026-01-18 23:30:40,737 - INFO -   Ограничиваем до top-25000 пар для дальнейшей обработки
2026-01-18 23:30:40,738 - INFO - ⇠ SSD computation — done in 2.16s
2026-01-18 23:30:40,747 - INFO - ⇢ filtering pairs by cointegration and half-life — start
2026-01-18 23:30:40,747 - INFO - [ФИЛЬТР] Параллельная фильтрация: threads (8 workers)
2026-01-18 23:33:31,111 - INFO - [ФИЛЬТР] После проверки данных: 25000 пар
2026-01-18 23:33:31,111 - INFO - [ФИЛЬТР] После фильтра корреляции (>0.7): 6857 пар
2026-01-18 23:33:31,111 - INFO - [ФИЛЬТР] После фильтра beta: 4449 пар
2026-01-18 23:33:31,111 - INFO - [ФИЛЬТР] После фильтра mean crossings: 4449 пар
2026-01-18 23:33:31,111 - INFO - [ФИЛЬТР] После фильтра half-life: 4416 пар
2026-01-18 23:33:31,111 - INFO - [ФИЛЬТР] После фильтра коинтеграции: 1799 пар
2026-01-18 23:33:31,112 - INFO - [ФИЛЬТР] После фильтра Hurst: 1074 пар
2026-01-18 23:33:31,112 - INFO - [ФИЛЬТР] После фильтра KPSS: 31 пар
2026-01-18 23:33:31,112 - INFO - [ФИЛЬТР] После фильтра market microstructure: 31 пар
2026-01-18 23:33:31,112 - INFO - [ФИЛЬТР] Статистика фильтрации (оптимизированный порядок):
2026-01-18 23:33:31,112 - INFO -   1. SSD → Коинтеграция: 25000 → 1799 пар
2026-01-18 23:33:31,112 - INFO -   2. Коинтеграция → Beta: 1799 → 4449 пар
2026-01-18 23:33:31,112 - INFO -   3. Beta → Half-life: 4449 → 4416 пар
2026-01-18 23:33:31,112 - INFO -   4. Half-life → Mean crossings: 4416 → 4449 пар
2026-01-18 23:33:31,112 - INFO -   5. Mean crossings → Hurst: 4449 → 1074 пар
2026-01-18 23:33:31,112 - INFO -   6. Hurst → KPSS: 1074 → 31 пар
2026-01-18 23:33:31,112 - INFO -   7. KPSS → Market microstructure: 31 → 31 пар
2026-01-18 23:33:31,112 - INFO - [ФИЛЬТР] Причины отсева:
2026-01-18 23:33:31,112 - INFO -   • low_correlation: 18143 пар (72.6%)
2026-01-18 23:33:31,112 - INFO -   • pvalue: 2617 пар (10.5%)
2026-01-18 23:33:31,112 - INFO -   • beta: 2408 пар (9.6%)
2026-01-18 23:33:31,112 - INFO -   • kpss: 1043 пар (4.2%)
2026-01-18 23:33:31,112 - INFO -   • hurst: 725 пар (2.9%)
2026-01-18 23:33:31,112 - INFO -   • half_life: 33 пар (0.1%)
2026-01-18 23:33:31,112 - INFO - [ФИЛЬТР] Итого: 25000 → 31 пар (0.1% прошли все фильтры)
2026-01-18 23:33:31,150 - INFO - Причины отсева сохранены в results/filter_reasons_20260118_233331.csv
2026-01-18 23:33:31,160 - INFO -   Фильтрация: 25000 → 31 пар
2026-01-18 23:33:31,160 - INFO - ⇠ filtering pairs by cointegration and half-life — done in 170.41s
2026-01-18 23:33:31,161 - INFO - ⇠ WF-шаг 2/5: training 2023-09-01-2023-10-30, testing 2023-10-31-2023-11-30 — done in 174.44s
2026-01-18 23:33:31,161 - INFO -   Топ-3 пары по волатильности спреда:
2026-01-18 23:33:31,161 - INFO -     1. MOVRUSDT-TRVLUSDT: beta=68.1436, std=0.1172
2026-01-18 23:33:31,161 - INFO -     2. AGLDUSDT-PENDLEUSDT: beta=0.9594, std=0.0760
2026-01-18 23:33:31,161 - INFO -     3. AGLDUSDT-ICXUSDT: beta=5.7286, std=0.0652
2026-01-18 23:33:31,161 - INFO -   Всего пар для торговли: 31 (ограничение 15 применяется к одновременно открытым позициям)
2026-01-18 23:33:31,161 - INFO -   💰 Проверка расчета капитала: equity=$10,200.54, кандидатных_пар=31, max_позиций=15
2026-01-18 23:33:31,161 - INFO -   🎯 Target concurrency: 15 (ожидаемое одновременное число позиций)
2026-01-18 23:33:31,161 - INFO -   📊 Детали расчета капитала:
2026-01-18 23:33:31,161 - INFO -      • Базовый капитал на пару: $680.04 (equity / target_concurrency)
2026-01-18 23:33:31,161 - INFO -      • Риск-капитал: $153.01 (1.5% от equity)
2026-01-18 23:33:31,161 - INFO -      • Макс. размер позиции: $204.01 (2.0% от equity)
2026-01-18 23:33:31,161 - INFO -      • Итоговый капитал на пару: $153.01
2026-01-18 23:33:31,162 - INFO - ⇢ WF-шаг 2/5 backtests — starting 31 items
2026-01-18 23:33:31,162 - INFO - 🚀 WF-шаг 2/5: Начинаем бэктесты для 31 пар...
2026-01-18 23:33:31,162 - INFO - 🚀 WF-шаг 2/5: Запускаем параллельную обработку 31 пар на 8 ядрах...
2026-01-18 23:33:31,162 - INFO - 🚀 WF-шаг 2/5: Режим параллельности: процессы
⚙️  Загрузка данных за период: 2023-09-01 -> 2023-11-30
📂 Найдено 43 parquet файлов для обработки.
📊 Схема данных: Schema({'timestamp': Int64, 'open': Float64, 'high': Float64, 'low': Float64, 'close': Float64, 'volume': Float64, 'turnover': String, 'ts_ms': Int64, 'symbol': String})
✅ Загружено 2420293 записей с помощью Polars.
📊 Типы данных в pandas: timestamp       datetime64[us]
symbol                  object
close                  float64
timestamp_ms             int64
dtype: object
2026-01-18 23:33:31,217 - coint2.engine.numba_engine - INFO - Запуск Numba-оптимизированного бэктеста для MOVRUSDT-TRVLUSDT
2026-01-18 23:33:31,239 - coint2.engine.numba_engine - INFO - Запуск Numba-оптимизированного бэктеста для AGLDUSDT-PENDLEUSDT
2026-01-18 23:33:31,262 - coint2.engine.numba_engine - INFO - Запуск Numba-оптимизированного бэктеста для AGLDUSDT-ICXUSDT
2026-01-18 23:33:31,284 - coint2.engine.numba_engine - INFO - Запуск Numba-оптимизированного бэктеста для CITYUSDT-OASUSDT
2026-01-18 23:33:31,303 - coint2.engine.numba_engine - INFO - Запуск Numba-оптимизированного бэктеста для ETHWUSDT-TRVLUSDT
2026-01-18 23:33:31,312 - coint2.engine.numba_engine - INFO - Запуск Numba-оптимизированного бэктеста для LDOUSDT-SFUNDUSDT
2026-01-18 23:33:31,323 - coint2.engine.numba_engine - INFO - Запуск Numba-оптимизированного бэктеста для BELUSDT-USTCUSDT
2026-01-18 23:33:31,327 - coint2.engine.numba_engine - INFO - Запуск Numba-оптимизированного бэктеста для ADAUSDT-LOOKSUSDT
2026-01-18 23:33:31,339 - coint2.engine.numba_engine - INFO - Запуск Numba-оптимизированного бэктеста для LDOUSDC-SFUNDUSDT
2026-01-18 23:33:31,346 - coint2.engine.numba_engine - INFO - Запуск Numba-оптимизированного бэктеста для KAVAUSDT-VELOUSDT
2026-01-18 23:33:31,347 - coint2.engine.numba_engine - INFO - Запуск Numba-оптимизированного бэктеста для ADAUSDC-LOOKSUSDT
2026-01-18 23:33:31,350 - coint2.engine.numba_engine - INFO - Запуск Numba-оптимизированного бэктеста для DOGEEUR-DYDXUSDT
2026-01-18 23:33:31,367 - coint2.engine.numba_engine - INFO - Запуск Numba-оптимизированного бэктеста для OMGUSDT-XRPEUR
2026-01-18 23:33:31,369 - coint2.engine.numba_engine - INFO - Запуск Numba-оптимизированного бэктеста для SOLOUSDT-TELUSDT
2026-01-18 23:33:31,370 - coint2.engine.numba_engine - INFO - Запуск Numba-оптимизированного бэктеста для ONEUSDT-WAVESUSDT
2026-01-18 23:33:31,370 - coint2.engine.numba_engine - INFO - Запуск Numba-оптимизированного бэктеста для CAKEUSDT-CTCUSDT
2026-01-18 23:33:31,376 - coint2.engine.numba_engine - INFO - Запуск Numba-оптимизированного бэктеста для ETHWUSDT-RPLUSDT
2026-01-18 23:33:31,391 - coint2.engine.numba_engine - INFO - Запуск Numba-оптимизированного бэктеста для BATUSDT-ICXUSDT
2026-01-18 23:33:31,393 - coint2.engine.numba_engine - INFO - Запуск Numba-оптимизированного бэктеста для LUNCUSDC-RVNUSDT
2026-01-18 23:33:31,396 - coint2.engine.numba_engine - INFO - Запуск Numba-оптимизированного бэктеста для FLOWUSDT-ROSEUSDT
2026-01-18 23:33:31,415 - coint2.engine.numba_engine - INFO - Запуск Numba-оптимизированного бэктеста для LUNCUSDT-RVNUSDT
2026-01-18 23:33:31,419 - coint2.engine.numba_engine - INFO - Запуск Numba-оптимизированного бэктеста для DOGEUSDT-GODSUSDT
2026-01-18 23:33:31,442 - coint2.engine.numba_engine - INFO - Запуск Numba-оптимизированного бэктеста для AGLAUSDT-SALDUSDT
2026-01-18 23:33:31,442 - coint2.engine.numba_engine - INFO - Запуск Numba-оптимизированного бэктеста для NFTUSDT-XECUSDT
2026-01-18 23:33:31,458 - coint2.engine.numba_engine - INFO - Запуск Numba-оптимизированного бэктеста для ADAEUR-LDOUSDC
2026-01-18 23:33:31,462 - coint2.engine.numba_engine - INFO - Запуск Numba-оптимизированного бэктеста для ADAEUR-LDOUSDT
2026-01-18 23:33:31,465 - coint2.engine.numba_engine - INFO - Запуск Numba-оптимизированного бэктеста для DOGEUSDC-GODSUSDT
2026-01-18 23:33:31,481 - coint2.engine.numba_engine - INFO - Запуск Numba-оптимизированного бэктеста для JSTUSDT-MVLUSDT
2026-01-18 23:33:31,485 - coint2.engine.numba_engine - INFO - Запуск Numba-оптимизированного бэктеста для HFTUSDC-HFTUSDT
2026-01-18 23:33:31,487 - coint2.engine.numba_engine - INFO - Запуск Numba-оптимизированного бэктеста для LADYSUSDT-SHIBUSDC
2026-01-18 23:33:31,508 - coint2.engine.numba_engine - INFO - Запуск Numba-оптимизированного бэктеста для LADYSUSDT-SHIBUSDT
2026-01-18 23:33:31,550 - INFO -   ⏱️ Параллельная обработка завершена за 0.4с (80.0 пар/с)
2026-01-18 23:33:31,565 - coint2.pipeline.walk_forward_orchestrator - INFO - 🎯 СИМУЛЯЦИЯ ПОРТФЕЛЯ: 31 пар, лимит 15 позиций
2026-01-18 23:33:31,999 - coint2.pipeline.walk_forward_orchestrator - INFO -    📈 Макс. одновременных сигналов: 19
2026-01-18 23:33:31,999 - coint2.pipeline.walk_forward_orchestrator - INFO -    📊 Средн. сигналов за период: 0.3
2026-01-18 23:33:31,999 - coint2.pipeline.walk_forward_orchestrator - INFO -    🎯 Финальных активных позиций: 0
2026-01-18 23:33:32,000 - coint2.pipeline.walk_forward_orchestrator - INFO -    ⚡ Утилизация лимита позиций: 2.0%
2026-01-18 23:33:32,001 - INFO - ⇠ WF-шаг 2/5 backtests — completed 31 items in 0.84s (36.9 items/s)
2026-01-18 23:33:32,001 - INFO -   ✅ Обработка завершена: 31 успешно, 0 с ошибками
2026-01-18 23:33:32,001 - INFO -   📊 Успешность: 100.0%, прибыльность: 48.4%, сделок/пара: 14.3
2026-01-18 23:33:32,001 - INFO -   ✅ Завершены бэктесты для 31 пар
2026-01-18 23:33:32,001 - INFO -   📊 Всего обработано пар в этом шаге: 31
2026-01-18 23:33:32,001 - INFO -   📈 Результаты шага: 15/31 прибыльных пар, 443 сделок
2026-01-18 23:33:32,001 - INFO -   💰 P&L шага: $+74.55
2026-01-18 23:33:32,001 - INFO -   ⇢ Обновление капитала и дневного P&L...
2026-01-18 23:33:33,262 - INFO -   💼 Шаг P&L: $+74.55, Накопленный капитал: $10,275.10
2026-01-18 23:33:33,262 - INFO - ------------------------------------------------------------
2026-01-18 23:33:33,262 - INFO -   Walk-forward steps: 2 / 5 (40.0%) | 0.0 items/s | ETA: 723.3s
2026-01-18 23:33:33,262 - INFO - 🔍 WF-шаг 3/5: Валидация временных окон...
2026-01-18 23:33:33,263 - INFO - ⇢ WF-шаг 3/5: training 2023-10-01-2023-11-29, testing 2023-11-30-2023-12-30 — start
2026-01-18 23:33:33,263 - INFO - ⇢ loading step data — start
2026-01-18 23:33:33,445 - INFO - ⇠ loading step data — done in 0.18s
2026-01-18 23:33:34,830 - INFO - 📊 WF-шаг 3/5: Границы данных:
2026-01-18 23:33:34,831 - INFO -    Training: 2023-10-01 00:00:00 → 2023-11-29 23:45:00 (5,760 строк × 309 символов)
2026-01-18 23:33:34,831 - INFO -    Testing:  2023-11-30 00:00:00 → 2023-12-30 00:00:00 (2,881 строк × 309 символов)
2026-01-18 23:33:34,831 - INFO -    Временной разрыв: 0 days 00:15:00
2026-01-18 23:33:34,873 - INFO - ⇢ normalizing training data — start
2026-01-18 23:33:34,911 - INFO -   Символы с NaN значениями: 33
2026-01-18 23:33:34,912 - INFO -   Применяем метод нормализации: rolling_zscore
2026-01-18 23:33:34,926 - INFO - Символы с недостаточной историей: 32 из 309
2026-01-18 23:33:35,374 - INFO - Символы с NaN после нормализации: 277
2026-01-18 23:33:35,380 - INFO - Удалено 233 начальных строк с NaN от rolling расчетов
2026-01-18 23:33:35,382 - INFO - Итоговое количество символов после нормализации: 277 из 309
2026-01-18 23:33:35,382 - INFO -   Статистика нормализации:
2026-01-18 23:33:35,383 - INFO -     Исходные символы: 309
2026-01-18 23:33:35,383 - INFO -     Недостаточная история: 32
2026-01-18 23:33:35,383 - INFO -     Постоянная цена: 0
2026-01-18 23:33:35,383 - INFO -     NaN после нормализации: 277
2026-01-18 23:33:35,383 - INFO -     Итоговые символы: 277 (89.6%)
2026-01-18 23:33:35,383 - INFO -   После нормализации: 277 символов (потеряно 32)
2026-01-18 23:33:35,383 - INFO -   Отброшено много символов: 32 из 309
2026-01-18 23:33:35,383 - INFO - ⇠ normalizing training data — done in 0.51s
2026-01-18 23:33:35,384 - INFO - ⇢ SSD computation — start
2026-01-18 23:33:35,384 - INFO -   Расчет SSD для всех пар (без ограничения)
2026-01-18 23:33:37,821 - INFO -   SSD результат (все пары): 38226 пар
2026-01-18 23:33:37,822 - INFO -   Ограничиваем до top-25000 пар для дальнейшей обработки
2026-01-18 23:33:37,823 - INFO - ⇠ SSD computation — done in 2.44s
2026-01-18 23:33:37,831 - INFO - ⇢ filtering pairs by cointegration and half-life — start
2026-01-18 23:33:37,831 - INFO - [ФИЛЬТР] Параллельная фильтрация: threads (8 workers)
2026-01-18 23:38:29,280 - INFO - [ФИЛЬТР] После проверки данных: 25000 пар
2026-01-18 23:38:29,280 - INFO - [ФИЛЬТР] После фильтра корреляции (>0.7): 18301 пар
2026-01-18 23:38:29,280 - INFO - [ФИЛЬТР] После фильтра beta: 12777 пар
2026-01-18 23:38:29,280 - INFO - [ФИЛЬТР] После фильтра mean crossings: 12777 пар
2026-01-18 23:38:29,280 - INFO - [ФИЛЬТР] После фильтра half-life: 12746 пар
2026-01-18 23:38:29,280 - INFO - [ФИЛЬТР] После фильтра коинтеграции: 2939 пар
2026-01-18 23:38:29,280 - INFO - [ФИЛЬТР] После фильтра Hurst: 1177 пар
2026-01-18 23:38:29,280 - INFO - [ФИЛЬТР] После фильтра KPSS: 57 пар
2026-01-18 23:38:29,280 - INFO - [ФИЛЬТР] После фильтра market microstructure: 57 пар
2026-01-18 23:38:29,280 - INFO - [ФИЛЬТР] Статистика фильтрации (оптимизированный порядок):
2026-01-18 23:38:29,280 - INFO -   1. SSD → Коинтеграция: 25000 → 2939 пар
2026-01-18 23:38:29,280 - INFO -   2. Коинтеграция → Beta: 2939 → 12777 пар
2026-01-18 23:38:29,280 - INFO -   3. Beta → Half-life: 12777 → 12746 пар
2026-01-18 23:38:29,280 - INFO -   4. Half-life → Mean crossings: 12746 → 12777 пар
2026-01-18 23:38:29,280 - INFO -   5. Mean crossings → Hurst: 12777 → 1177 пар
2026-01-18 23:38:29,280 - INFO -   6. Hurst → KPSS: 1177 → 57 пар
2026-01-18 23:38:29,280 - INFO -   7. KPSS → Market microstructure: 57 → 57 пар
2026-01-18 23:38:29,280 - INFO - [ФИЛЬТР] Причины отсева:
2026-01-18 23:38:29,280 - INFO -   • pvalue: 9807 пар (39.2%)
2026-01-18 23:38:29,280 - INFO -   • low_correlation: 6699 пар (26.8%)
2026-01-18 23:38:29,280 - INFO -   • beta: 5524 пар (22.1%)
2026-01-18 23:38:29,280 - INFO -   • hurst: 1762 пар (7.0%)
2026-01-18 23:38:29,280 - INFO -   • kpss: 1120 пар (4.5%)
2026-01-18 23:38:29,280 - INFO -   • half_life: 31 пар (0.1%)
2026-01-18 23:38:29,280 - INFO - [ФИЛЬТР] Итого: 25000 → 57 пар (0.2% прошли все фильтры)
2026-01-18 23:38:29,318 - INFO - Причины отсева сохранены в results/filter_reasons_20260118_233829.csv
2026-01-18 23:38:29,328 - INFO -   Фильтрация: 25000 → 57 пар
2026-01-18 23:38:29,328 - INFO - ⇠ filtering pairs by cointegration and half-life — done in 291.50s
2026-01-18 23:38:29,329 - INFO - ⇠ WF-шаг 3/5: training 2023-10-01-2023-11-29, testing 2023-11-30-2023-12-30 — done in 296.07s
2026-01-18 23:38:29,329 - INFO -   Топ-3 пары по волатильности спреда:
2026-01-18 23:38:29,329 - INFO -     1. BTCDAI-BTCUSDT: beta=1.0002, std=79.1758
2026-01-18 23:38:29,329 - INFO -     2. BTCDAI-BTCUSDC: beta=0.9992, std=79.0267
2026-01-18 23:38:29,329 - INFO -     3. ETHDAI-STETHUSDT: beta=1.0010, std=7.7465
2026-01-18 23:38:29,329 - INFO -   Всего пар для торговли: 57 (ограничение 15 применяется к одновременно открытым позициям)
2026-01-18 23:38:29,329 - INFO -   💰 Проверка расчета капитала: equity=$10,275.10, кандидатных_пар=57, max_позиций=15
2026-01-18 23:38:29,329 - INFO -   🎯 Target concurrency: 15 (ожидаемое одновременное число позиций)
2026-01-18 23:38:29,329 - INFO -   📊 Детали расчета капитала:
2026-01-18 23:38:29,329 - INFO -      • Базовый капитал на пару: $685.01 (equity / target_concurrency)
2026-01-18 23:38:29,329 - INFO -      • Риск-капитал: $154.13 (1.5% от equity)
2026-01-18 23:38:29,329 - INFO -      • Макс. размер позиции: $205.50 (2.0% от equity)
2026-01-18 23:38:29,329 - INFO -      • Итоговый капитал на пару: $154.13
2026-01-18 23:38:29,330 - INFO - ⇢ WF-шаг 3/5 backtests — starting 57 items
2026-01-18 23:38:29,330 - INFO - 🚀 WF-шаг 3/5: Начинаем бэктесты для 57 пар...
2026-01-18 23:38:29,330 - INFO - 🚀 WF-шаг 3/5: Запускаем параллельную обработку 57 пар на 8 ядрах...
2026-01-18 23:38:29,330 - INFO -   📊 Большой набор пар (57), ожидаемое время: ~2 мин
2026-01-18 23:38:29,330 - INFO -   🔄 Прогресс будет отображаться каждые 5 пар
2026-01-18 23:38:29,330 - INFO - 🚀 WF-шаг 3/5: Режим параллельности: процессы
⚙️  Загрузка данных за период: 2023-10-01 -> 2023-12-30
📂 Найдено 43 parquet файлов для обработки.
📊 Схема данных: Schema({'timestamp': Int64, 'open': Float64, 'high': Float64, 'low': Float64, 'close': Float64, 'volume': Float64, 'turnover': String, 'ts_ms': Int64, 'symbol': String})
✅ Загружено 2499894 записей с помощью Polars.
📊 Типы данных в pandas: timestamp       datetime64[us]
symbol                  object
close                  float64
timestamp_ms             int64
dtype: object
2026-01-18 23:38:29,382 - coint2.engine.numba_engine - INFO - Запуск Numba-оптимизированного бэктеста для BTCDAI-BTCUSDT
2026-01-18 23:38:29,404 - coint2.engine.numba_engine - INFO - Запуск Numba-оптимизированного бэктеста для BTCDAI-BTCUSDC
2026-01-18 23:38:29,426 - coint2.engine.numba_engine - INFO - Запуск Numba-оптимизированного бэктеста для ETHDAI-STETHUSDT
2026-01-18 23:38:29,457 - coint2.engine.numba_engine - INFO - Запуск Numba-оптимизированного бэктеста для GMXUSDT-WAVESUSDT
2026-01-18 23:38:29,466 - coint2.engine.numba_engine - INFO - Запуск Numba-оптимизированного бэктеста для CYBERUSDT-MASKUSDT
2026-01-18 23:38:29,477 - coint2.engine.numba_engine - INFO - Запуск Numba-оптимизированного бэктеста для GMXUSDT-OMGUSDT
2026-01-18 23:38:29,487 - coint2.engine.numba_engine - INFO - Запуск Numba-оптимизированного бэктеста для ETCUSDT-KDAUSDT
2026-01-18 23:38:29,491 - coint2.engine.numba_engine - INFO - Запуск Numba-оптимизированного бэктеста для FILUSDC-WAVESUSDT
2026-01-18 23:38:29,497 - coint2.engine.numba_engine - INFO - Запуск Numba-оптимизированного бэктеста для RPLUSDT-SANDUSDC
2026-01-18 23:38:29,510 - coint2.engine.numba_engine - INFO - Запуск Numba-оптимизированного бэктеста для CYBERUSDT-QTUMUSDT
2026-01-18 23:38:29,511 - coint2.engine.numba_engine - INFO - Запуск Numba-оптимизированного бэктеста для FILUSDT-WAVESUSDT
2026-01-18 23:38:29,513 - coint2.engine.numba_engine - INFO - Запуск Numba-оптимизированного бэктеста для COREUSDT-WWYUSDT
2026-01-18 23:38:29,528 - coint2.engine.numba_engine - INFO - Запуск Numba-оптимизированного бэктеста для RPLUSDT-WAVESUSDT
2026-01-18 23:38:29,533 - coint2.engine.numba_engine - INFO - Запуск Numba-оптимизированного бэктеста для CRVUSDT-VRAUSDT
2026-01-18 23:38:29,540 - coint2.engine.numba_engine - INFO - Запуск Numba-оптимизированного бэктеста для FILUSDT-SANDUSDT
2026-01-18 23:38:29,546 - coint2.engine.numba_engine - INFO - Запуск Numba-оптимизированного бэктеста для IDUSDT-LRCUSDT
2026-01-18 23:38:29,556 - coint2.engine.numba_engine - INFO - Запуск Numba-оптимизированного бэктеста для 1INCHUSDT-NYMUSDT
2026-01-18 23:38:29,566 - coint2.engine.numba_engine - INFO - Запуск Numba-оптимизированного бэктеста для KSMUSDT-OMGUSDT
2026-01-18 23:38:29,572 - coint2.engine.numba_engine - INFO - Запуск Numba-оптимизированного бэктеста для FXSUSDT-SCRTUSDT
2026-01-18 23:38:29,573 - coint2.engine.numba_engine - INFO - Запуск Numba-оптимизированного бэктеста для CYBERUSDT-LRCUSDT
2026-01-18 23:38:29,576 - coint2.engine.numba_engine - INFO - Запуск Numba-оптимизированного бэктеста для FLOWUSDT-NEXOUSDT
2026-01-18 23:38:29,579 - coint2.engine.numba_engine - INFO - Запуск Numba-оптимизированного бэктеста для MVUSDT-TONUSDT
2026-01-18 23:38:29,582 - coint2.engine.numba_engine - INFO - Запуск Numba-оптимизированного бэктеста для MVUSDT-ZILUSDT
2026-01-18 23:38:29,595 - coint2.engine.numba_engine - INFO - Запуск Numba-оптимизированного бэктеста для JUVUSDT-OPUSDC
2026-01-18 23:38:29,601 - coint2.engine.numba_engine - INFO - Запуск Numba-оптимизированного бэктеста для HBARUSDT-SCRTUSDT
2026-01-18 23:38:29,604 - coint2.engine.numba_engine - INFO - Запуск Numba-оптимизированного бэктеста для SANDUSDC-WAVESUSDT
2026-01-18 23:38:29,610 - coint2.engine.numba_engine - INFO - Запуск Numba-оптимизированного бэктеста для CHZUSDT-KSMUSDT
2026-01-18 23:38:29,615 - coint2.engine.numba_engine - INFO - Запуск Numba-оптимизированного бэктеста для AXSUSDT-NEXOUSDT
2026-01-18 23:38:29,617 - coint2.engine.numba_engine - INFO - Запуск Numba-оптимизированного бэктеста для AVAUSDT-CHZUSDC
2026-01-18 23:38:29,618 - coint2.engine.numba_engine - INFO - Запуск Numba-оптимизированного бэктеста для JUVUSDT-OPUSDT
2026-01-18 23:38:29,620 - coint2.engine.numba_engine - INFO - Запуск Numba-оптимизированного бэктеста для ICPUSDC-NEXOUSDT
2026-01-18 23:38:29,627 - coint2.engine.numba_engine - INFO - Запуск Numba-оптимизированного бэктеста для DOGEUSDC-SCRTUSDT
2026-01-18 23:38:29,638 - coint2.engine.numba_engine - INFO - Запуск Numba-оптимизированного бэктеста для LUNCUSDC-LUNCUSDT
2026-01-18 23:38:29,639 - coint2.engine.numba_engine - INFO - Запуск Numba-оптимизированного бэктеста для BICOUSDT-VRAUSDT
2026-01-18 23:38:29,639 - coint2.engine.numba_engine - INFO - Запуск Numba-оптимизированного бэктеста для STGUSDT-XTZUSDT
2026-01-18 23:38:29,640 - coint2.engine.numba_engine - INFO - Запуск Numba-оптимизированного бэктеста для LUNAUSDT-MOVRUSDT
2026-01-18 23:38:29,642 - coint2.engine.numba_engine - INFO - Запуск Numba-оптимизированного бэктеста для CITYUSDT-PERPUSDT
2026-01-18 23:38:29,649 - coint2.engine.numba_engine - INFO - Запуск Numba-оптимизированного бэктеста для ACHUSDT-SANDUSDT
2026-01-18 23:38:29,661 - coint2.engine.numba_engine - INFO - Запуск Numba-оптимизированного бэктеста для SANDUSDT-WAVESUSDT
2026-01-18 23:38:29,661 - coint2.engine.numba_engine - INFO - Запуск Numba-оптимизированного бэктеста для DOGEUSDC-NEXOUSDT
2026-01-18 23:38:29,662 - coint2.engine.numba_engine - INFO - Запуск Numba-оптимизированного бэктеста для AVAUSDT-CHZUSDT
2026-01-18 23:38:29,664 - coint2.engine.numba_engine - INFO - Запуск Numba-оптимизированного бэктеста для ICXUSDT-PENDLEUSDT
2026-01-18 23:38:29,675 - coint2.engine.numba_engine - INFO - Запуск Numba-оптимизированного бэктеста для ICPUSDT-NEXOUSDT
2026-01-18 23:38:29,684 - coint2.engine.numba_engine - INFO - Запуск Numba-оптимизированного бэктеста для CHRPUSDT-GRTUSDT
2026-01-18 23:38:29,684 - coint2.engine.numba_engine - INFO - Запуск Numba-оптимизированного бэктеста для DOGEUSDT-SCRTUSDT
2026-01-18 23:38:29,684 - coint2.engine.numba_engine - INFO - Запуск Numba-оптимизированного бэктеста для ENJUSDT-MANAUSDC
2026-01-18 23:38:29,686 - coint2.engine.numba_engine - INFO - Запуск Numba-оптимизированного бэктеста для ENJUSDT-MANAUSDT
2026-01-18 23:38:29,698 - coint2.engine.numba_engine - INFO - Запуск Numba-оптимизированного бэктеста для HOOKUSDT-RVNUSDT
2026-01-18 23:38:29,706 - coint2.engine.numba_engine - INFO - Запуск Numba-оптимизированного бэктеста для CHRPUSDT-ICPUSDT
2026-01-18 23:38:29,707 - coint2.engine.numba_engine - INFO - Запуск Numba-оптимизированного бэктеста для DOGEUSDT-NEXOUSDT
2026-01-18 23:38:29,709 - coint2.engine.numba_engine - INFO - Запуск Numba-оптимизированного бэктеста для DOGEEUR-NEXOUSDT
2026-01-18 23:38:29,719 - coint2.engine.numba_engine - INFO - Запуск Numba-оптимизированного бэктеста для AVAUSDT-LRCUSDT
2026-01-18 23:38:29,729 - coint2.engine.numba_engine - INFO - Запуск Numba-оптимизированного бэктеста для MVLUSDT-ZILUSDT
2026-01-18 23:38:29,731 - coint2.engine.numba_engine - INFO - Запуск Numba-оптимизированного бэктеста для DOMEUSDT-TENETUSDT
2026-01-18 23:38:29,742 - coint2.engine.numba_engine - INFO - Запуск Numba-оптимизированного бэктеста для C98USDT-QTUMUSDT
2026-01-18 23:38:29,765 - coint2.engine.numba_engine - INFO - Запуск Numba-оптимизированного бэктеста для CHZUSDC-KSMUSDT
2026-01-18 23:38:29,788 - coint2.engine.numba_engine - INFO - Запуск Numba-оптимизированного бэктеста для MIXUSDT-XTZUSDT
2026-01-18 23:38:29,826 - INFO -   ⏱️ Параллельная обработка завершена за 0.5с (115.0 пар/с)
2026-01-18 23:38:29,848 - coint2.pipeline.walk_forward_orchestrator - INFO - 🎯 СИМУЛЯЦИЯ ПОРТФЕЛЯ: 57 пар, лимит 15 позиций
2026-01-18 23:38:30,423 - coint2.pipeline.walk_forward_orchestrator - INFO -    📈 Макс. одновременных сигналов: 26
2026-01-18 23:38:30,423 - coint2.pipeline.walk_forward_orchestrator - INFO -    📊 Средн. сигналов за период: 0.6
2026-01-18 23:38:30,424 - coint2.pipeline.walk_forward_orchestrator - INFO -    🎯 Финальных активных позиций: 0
2026-01-18 23:38:30,425 - coint2.pipeline.walk_forward_orchestrator - INFO -    ⚡ Утилизация лимита позиций: 4.0%
2026-01-18 23:38:30,425 - INFO - ⇠ WF-шаг 3/5 backtests — completed 57 items in 1.10s (52.0 items/s)
2026-01-18 23:38:30,425 - INFO -   ✅ Обработка завершена: 57 успешно, 0 с ошибками
2026-01-18 23:38:30,425 - INFO -   📊 Успешность: 100.0%, прибыльность: 68.4%, сделок/пара: 15.2
2026-01-18 23:38:30,425 - INFO -   ✅ Завершены бэктесты для 57 пар
2026-01-18 23:38:30,425 - INFO -   📊 Всего обработано пар в этом шаге: 57
2026-01-18 23:38:30,426 - INFO -   📈 Результаты шага: 39/57 прибыльных пар, 867 сделок
2026-01-18 23:38:30,426 - INFO -   💰 P&L шага: $+169.23
2026-01-18 23:38:30,426 - INFO -   ⇢ Обновление капитала и дневного P&L...
2026-01-18 23:38:31,810 - INFO -   💼 Шаг P&L: $+169.23, Накопленный капитал: $10,444.33
2026-01-18 23:38:31,810 - INFO - ------------------------------------------------------------
2026-01-18 23:38:31,810 - INFO -   Walk-forward steps: 3 / 5 (60.0%) | 0.0 items/s | ETA: 520.5s
2026-01-18 23:38:31,810 - INFO - 🔍 WF-шаг 4/5: Валидация временных окон...
2026-01-18 23:38:31,811 - INFO - ⇢ WF-шаг 4/5: training 2023-10-31-2023-12-29, testing 2023-12-30-2024-01-29 — start
2026-01-18 23:38:31,811 - INFO - ⇢ loading step data — start
2026-01-18 23:38:32,014 - INFO - ⇠ loading step data — done in 0.20s
2026-01-18 23:38:33,395 - INFO - 📊 WF-шаг 4/5: Границы данных:
2026-01-18 23:38:33,395 - INFO -    Training: 2023-10-31 00:00:00 → 2023-12-29 23:45:00 (5,760 строк × 327 символов)
2026-01-18 23:38:33,395 - INFO -    Testing:  2023-12-30 00:00:00 → 2024-01-29 00:00:00 (2,881 строк × 327 символов)
2026-01-18 23:38:33,395 - INFO -    Временной разрыв: 0 days 00:15:00
2026-01-18 23:38:33,437 - INFO - ⇢ normalizing training data — start
2026-01-18 23:38:33,474 - INFO -   Символы с NaN значениями: 45
2026-01-18 23:38:33,474 - INFO -   Применяем метод нормализации: rolling_zscore
2026-01-18 23:38:33,488 - INFO - Символы с недостаточной историей: 40 из 327
2026-01-18 23:38:33,891 - INFO - Символы с NaN после нормализации: 287
2026-01-18 23:38:33,897 - INFO - Удалено 809 начальных строк с NaN от rolling расчетов
2026-01-18 23:38:33,899 - INFO - Итоговое количество символов после нормализации: 287 из 327
2026-01-18 23:38:33,899 - INFO -   Статистика нормализации:
2026-01-18 23:38:33,899 - INFO -     Исходные символы: 327
2026-01-18 23:38:33,899 - INFO -     Недостаточная история: 40
2026-01-18 23:38:33,899 - INFO -     Постоянная цена: 0
2026-01-18 23:38:33,899 - INFO -     NaN после нормализации: 287
2026-01-18 23:38:33,900 - INFO -     Итоговые символы: 287 (87.8%)
2026-01-18 23:38:33,900 - INFO -   После нормализации: 287 символов (потеряно 40)
2026-01-18 23:38:33,900 - INFO -   Отброшено много символов: 40 из 327
2026-01-18 23:38:33,900 - INFO - ⇠ normalizing training data — done in 0.46s
2026-01-18 23:38:33,901 - INFO - ⇢ SSD computation — start
2026-01-18 23:38:33,901 - INFO -   Расчет SSD для всех пар (без ограничения)
2026-01-18 23:38:36,169 - INFO -   SSD результат (все пары): 41041 пар
2026-01-18 23:38:36,169 - INFO -   Ограничиваем до top-25000 пар для дальнейшей обработки
2026-01-18 23:38:36,170 - INFO - ⇠ SSD computation — done in 2.27s
2026-01-18 23:38:36,179 - INFO - ⇢ filtering pairs by cointegration and half-life — start
2026-01-18 23:38:36,179 - INFO - [ФИЛЬТР] Параллельная фильтрация: threads (8 workers)
2026-01-18 23:41:44,501 - INFO - [ФИЛЬТР] После проверки данных: 25000 пар
2026-01-18 23:41:44,501 - INFO - [ФИЛЬТР] После фильтра корреляции (>0.7): 10895 пар
2026-01-18 23:41:44,501 - INFO - [ФИЛЬТР] После фильтра beta: 7253 пар
2026-01-18 23:41:44,501 - INFO - [ФИЛЬТР] После фильтра mean crossings: 7253 пар
2026-01-18 23:41:44,501 - INFO - [ФИЛЬТР] После фильтра half-life: 7226 пар
2026-01-18 23:41:44,501 - INFO - [ФИЛЬТР] После фильтра коинтеграции: 1667 пар
2026-01-18 23:41:44,501 - INFO - [ФИЛЬТР] После фильтра Hurst: 785 пар
2026-01-18 23:41:44,501 - INFO - [ФИЛЬТР] После фильтра KPSS: 34 пар
2026-01-18 23:41:44,501 - INFO - [ФИЛЬТР] После фильтра market microstructure: 34 пар
2026-01-18 23:41:44,501 - INFO - [ФИЛЬТР] Статистика фильтрации (оптимизированный порядок):
2026-01-18 23:41:44,501 - INFO -   1. SSD → Коинтеграция: 25000 → 1667 пар
2026-01-18 23:41:44,501 - INFO -   2. Коинтеграция → Beta: 1667 → 7253 пар
2026-01-18 23:41:44,501 - INFO -   3. Beta → Half-life: 7253 → 7226 пар
2026-01-18 23:41:44,501 - INFO -   4. Half-life → Mean crossings: 7226 → 7253 пар
2026-01-18 23:41:44,501 - INFO -   5. Mean crossings → Hurst: 7253 → 785 пар
2026-01-18 23:41:44,501 - INFO -   6. Hurst → KPSS: 785 → 34 пар
2026-01-18 23:41:44,501 - INFO -   7. KPSS → Market microstructure: 34 → 34 пар
2026-01-18 23:41:44,501 - INFO - [ФИЛЬТР] Причины отсева:
2026-01-18 23:41:44,501 - INFO -   • low_correlation: 14105 пар (56.4%)
2026-01-18 23:41:44,501 - INFO -   • pvalue: 5559 пар (22.2%)
2026-01-18 23:41:44,501 - INFO -   • beta: 3642 пар (14.6%)
2026-01-18 23:41:44,502 - INFO -   • hurst: 882 пар (3.5%)
2026-01-18 23:41:44,502 - INFO -   • kpss: 751 пар (3.0%)
2026-01-18 23:41:44,502 - INFO -   • half_life: 27 пар (0.1%)
2026-01-18 23:41:44,502 - INFO - [ФИЛЬТР] Итого: 25000 → 34 пар (0.1% прошли все фильтры)
2026-01-18 23:41:44,538 - INFO - Причины отсева сохранены в results/filter_reasons_20260118_234144.csv
2026-01-18 23:41:44,549 - INFO -   Фильтрация: 25000 → 34 пар
2026-01-18 23:41:44,549 - INFO - ⇠ filtering pairs by cointegration and half-life — done in 188.37s
2026-01-18 23:41:44,549 - INFO - ⇠ WF-шаг 4/5: training 2023-10-31-2023-12-29, testing 2023-12-30-2024-01-29 — done in 192.74s
2026-01-18 23:41:44,549 - INFO -   Топ-3 пары по волатильности спреда:
2026-01-18 23:41:44,549 - INFO -     1. KSMUSDT-PERPUSDT: beta=56.7982, std=3.5340
2026-01-18 23:41:44,549 - INFO -     2. ETHUSDC-STETHUSDT: beta=0.9976, std=2.7757
2026-01-18 23:41:44,549 - INFO -     3. ETHUSDT-STETHUSDT: beta=0.9988, std=2.6798
2026-01-18 23:41:44,549 - INFO -   Всего пар для торговли: 34 (ограничение 15 применяется к одновременно открытым позициям)
2026-01-18 23:41:44,550 - INFO -   💰 Проверка расчета капитала: equity=$10,444.33, кандидатных_пар=34, max_позиций=15
2026-01-18 23:41:44,550 - INFO -   🎯 Target concurrency: 15 (ожидаемое одновременное число позиций)
2026-01-18 23:41:44,550 - INFO -   📊 Детали расчета капитала:
2026-01-18 23:41:44,550 - INFO -      • Базовый капитал на пару: $696.29 (equity / target_concurrency)
2026-01-18 23:41:44,550 - INFO -      • Риск-капитал: $156.66 (1.5% от equity)
2026-01-18 23:41:44,550 - INFO -      • Макс. размер позиции: $208.89 (2.0% от equity)
2026-01-18 23:41:44,550 - INFO -      • Итоговый капитал на пару: $156.66
2026-01-18 23:41:44,550 - INFO - ⇢ WF-шаг 4/5 backtests — starting 34 items
2026-01-18 23:41:44,550 - INFO - 🚀 WF-шаг 4/5: Начинаем бэктесты для 34 пар...
2026-01-18 23:41:44,550 - INFO - 🚀 WF-шаг 4/5: Запускаем параллельную обработку 34 пар на 8 ядрах...
2026-01-18 23:41:44,550 - INFO - 🚀 WF-шаг 4/5: Режим параллельности: процессы
⚙️  Загрузка данных за период: 2023-10-31 -> 2024-01-29
📂 Найдено 43 parquet файлов для обработки.
📊 Схема данных: Schema({'timestamp': Int64, 'open': Float64, 'high': Float64, 'low': Float64, 'close': Float64, 'volume': Float64, 'turnover': String, 'ts_ms': Int64, 'symbol': String})
✅ Загружено 2615053 записей с помощью Polars.
📊 Типы данных в pandas: timestamp       datetime64[us]
symbol                  object
close                  float64
timestamp_ms             int64
dtype: object
2026-01-18 23:41:44,607 - coint2.engine.numba_engine - INFO - Запуск Numba-оптимизированного бэктеста для KSMUSDT-PERPUSDT
2026-01-18 23:41:44,630 - coint2.engine.numba_engine - INFO - Запуск Numba-оптимизированного бэктеста для ETHUSDC-STETHUSDT
2026-01-18 23:41:44,653 - coint2.engine.numba_engine - INFO - Запуск Numba-оптимизированного бэктеста для ETHUSDT-STETHUSDT
2026-01-18 23:41:44,683 - coint2.engine.numba_engine - INFO - Запуск Numba-оптимизированного бэктеста для ETCUSDT-MANAUSDT
2026-01-18 23:41:44,693 - coint2.engine.numba_engine - INFO - Запуск Numba-оптимизированного бэктеста для FILUSDC-SCRTUSDT
2026-01-18 23:41:44,701 - coint2.engine.numba_engine - INFO - Запуск Numba-оптимизированного бэктеста для ETCUSDT-MANAUSDC
2026-01-18 23:41:44,715 - coint2.engine.numba_engine - INFO - Запуск Numba-оптимизированного бэктеста для MASKUSDT-PENDLEUSDT
2026-01-18 23:41:44,716 - coint2.engine.numba_engine - INFO - Запуск Numba-оптимизированного бэктеста для CRVUSDT-INTERUSDT
2026-01-18 23:41:44,724 - coint2.engine.numba_engine - INFO - Запуск Numba-оптимизированного бэктеста для APTUSDC-C98USDT
2026-01-18 23:41:44,737 - coint2.engine.numba_engine - INFO - Запуск Numba-оптимизированного бэктеста для AGLDUSDT-C98USDT
2026-01-18 23:41:44,737 - coint2.engine.numba_engine - INFO - Запуск Numba-оптимизированного бэктеста для BOBAUSDT-STXUSDT
2026-01-18 23:41:44,738 - coint2.engine.numba_engine - INFO - Запуск Numba-оптимизированного бэктеста для IDUSDT-LRCUSDT
2026-01-18 23:41:44,760 - coint2.engine.numba_engine - INFO - Запуск Numba-оптимизированного бэктеста для BOBAUSDT-DOTUSDT
2026-01-18 23:41:44,760 - coint2.engine.numba_engine - INFO - Запуск Numba-оптимизированного бэктеста для BICOUSDT-HBARUSDT
2026-01-18 23:41:44,761 - coint2.engine.numba_engine - INFO - Запуск Numba-оптимизированного бэктеста для ACSUSDT-HBARUSDT
2026-01-18 23:41:44,770 - coint2.engine.numba_engine - INFO - Запуск Numba-оптимизированного бэктеста для ENSUSDT-POLUSDT
2026-01-18 23:41:44,773 - coint2.engine.numba_engine - INFO - Запуск Numba-оптимизированного бэктеста для ARBUSDC-QNTUSDT
2026-01-18 23:41:44,774 - coint2.engine.numba_engine - INFO - Запуск Numba-оптимизированного бэктеста для APTUSDT-C98USDT
2026-01-18 23:41:44,782 - coint2.engine.numba_engine - INFO - Запуск Numba-оптимизированного бэктеста для RDNTUSDT-SUNUSDT
2026-01-18 23:41:44,782 - coint2.engine.numba_engine - INFO - Запуск Numba-оптимизированного бэктеста для VELOUSDT-XTZUSDT
2026-01-18 23:41:44,796 - coint2.engine.numba_engine - INFO - Запуск Numba-оптимизированного бэктеста для BOBAUSDT-DOTUSDC
2026-01-18 23:41:44,808 - coint2.engine.numba_engine - INFO - Запуск Numba-оптимизированного бэктеста для BOBAUSDT-OASUSDT
2026-01-18 23:41:44,820 - coint2.engine.numba_engine - INFO - Запуск Numba-оптимизированного бэктеста для BATUSDT-ENJUSDT
2026-01-18 23:41:44,828 - coint2.engine.numba_engine - INFO - Запуск Numba-оптимизированного бэктеста для CELOUSDT-SOLOUSDT
2026-01-18 23:41:44,832 - coint2.engine.numba_engine - INFO - Запуск Numba-оптимизированного бэктеста для BOBAUSDT-SOLUSDT
2026-01-18 23:41:44,851 - coint2.engine.numba_engine - INFO - Запуск Numba-оптимизированного бэктеста для BOBAUSDT-SOLEUR
2026-01-18 23:41:44,853 - coint2.engine.numba_engine - INFO - Запуск Numba-оптимизированного бэктеста для BOBAUSDT-HBARUSDT
2026-01-18 23:41:44,854 - coint2.engine.numba_engine - INFO - Запуск Numba-оптимизированного бэктеста для PEOPLEUSDT-WAXPUSDT
2026-01-18 23:41:44,867 - coint2.engine.numba_engine - INFO - Запуск Numba-оптимизированного бэктеста для COREUSDT-ETCUSDT
2026-01-18 23:41:44,873 - coint2.engine.numba_engine - INFO - Запуск Numba-оптимизированного бэктеста для FITFIUSDT-SNXUSDT
2026-01-18 23:41:44,875 - coint2.engine.numba_engine - INFO - Запуск Numba-оптимизированного бэктеста для IDUSDT-OMGUSDT
2026-01-18 23:41:44,890 - coint2.engine.numba_engine - INFO - Запуск Numba-оптимизированного бэктеста для BOBAUSDT-SOLUSDC
2026-01-18 23:41:44,897 - coint2.engine.numba_engine - INFO - Запуск Numba-оптимизированного бэктеста для ACSUSDT-BICOUSDT
2026-01-18 23:41:44,912 - coint2.engine.numba_engine - INFO - Запуск Numba-оптимизированного бэктеста для DGBUSDT-OMGUSDT
2026-01-18 23:41:44,953 - INFO -   ⏱️ Параллельная обработка завершена за 0.4с (84.5 пар/с)
2026-01-18 23:41:44,967 - coint2.pipeline.walk_forward_orchestrator - INFO - 🎯 СИМУЛЯЦИЯ ПОРТФЕЛЯ: 34 пар, лимит 15 позиций
2026-01-18 23:41:45,420 - coint2.pipeline.walk_forward_orchestrator - INFO -    📈 Макс. одновременных сигналов: 17
2026-01-18 23:41:45,420 - coint2.pipeline.walk_forward_orchestrator - INFO -    📊 Средн. сигналов за период: 0.4
2026-01-18 23:41:45,420 - coint2.pipeline.walk_forward_orchestrator - INFO -    🎯 Финальных активных позиций: 2
2026-01-18 23:41:45,422 - coint2.pipeline.walk_forward_orchestrator - INFO -    ⚡ Утилизация лимита позиций: 2.6%
2026-01-18 23:41:45,422 - INFO - ⇠ WF-шаг 4/5 backtests — completed 34 items in 0.87s (39.0 items/s)
2026-01-18 23:41:45,422 - INFO -   ✅ Обработка завершена: 34 успешно, 0 с ошибками
2026-01-18 23:41:45,422 - INFO -   📊 Успешность: 100.0%, прибыльность: 73.5%, сделок/пара: 16.8
2026-01-18 23:41:45,422 - INFO -   ✅ Завершены бэктесты для 34 пар
2026-01-18 23:41:45,422 - INFO -   📊 Всего обработано пар в этом шаге: 34
2026-01-18 23:41:45,423 - INFO -   📈 Результаты шага: 25/34 прибыльных пар, 572 сделок
2026-01-18 23:41:45,423 - INFO -   💰 P&L шага: $+124.55
2026-01-18 23:41:45,423 - INFO -   ⇢ Обновление капитала и дневного P&L...
2026-01-18 23:41:46,882 - INFO -   💼 Шаг P&L: $+124.55, Накопленный капитал: $10,568.88
2026-01-18 23:41:46,882 - INFO - ------------------------------------------------------------
2026-01-18 23:41:46,882 - INFO -   Walk-forward steps: 4 / 5 (80.0%) | 0.0 items/s | ETA: 244.0s
2026-01-18 23:41:46,882 - INFO - 🔍 WF-шаг 5/5: Валидация временных окон...
2026-01-18 23:41:46,883 - INFO - ⇢ WF-шаг 5/5: training 2023-11-30-2024-01-28, testing 2024-01-29-2024-02-28 — start
2026-01-18 23:41:46,883 - INFO - ⇢ loading step data — start
2026-01-18 23:41:47,096 - INFO - ⇠ loading step data — done in 0.21s
2026-01-18 23:41:48,569 - INFO - 📊 WF-шаг 5/5: Границы данных:
2026-01-18 23:41:48,569 - INFO -    Training: 2023-11-30 00:00:00 → 2024-01-28 23:45:00 (5,760 строк × 344 символов)
2026-01-18 23:41:48,569 - INFO -    Testing:  2024-01-29 00:00:00 → 2024-02-28 00:00:00 (2,881 строк × 344 символов)
2026-01-18 23:41:48,569 - INFO -    Временной разрыв: 0 days 00:15:00
2026-01-18 23:41:48,613 - INFO - ⇢ normalizing training data — start
2026-01-18 23:41:48,650 - INFO -   Символы с NaN значениями: 52
2026-01-18 23:41:48,650 - INFO -   Применяем метод нормализации: rolling_zscore
2026-01-18 23:41:48,666 - INFO - Символы с недостаточной историей: 44 из 344
2026-01-18 23:41:49,081 - INFO - Символы с NaN после нормализации: 300
2026-01-18 23:41:49,087 - INFO - Удалено 809 начальных строк с NaN от rolling расчетов
2026-01-18 23:41:49,089 - INFO - Итоговое количество символов после нормализации: 300 из 344
2026-01-18 23:41:49,089 - INFO -   Статистика нормализации:
2026-01-18 23:41:49,089 - INFO -     Исходные символы: 344
2026-01-18 23:41:49,089 - INFO -     Недостаточная история: 44
2026-01-18 23:41:49,089 - INFO -     Постоянная цена: 0
2026-01-18 23:41:49,089 - INFO -     NaN после нормализации: 300
2026-01-18 23:41:49,089 - INFO -     Итоговые символы: 300 (87.2%)
2026-01-18 23:41:49,089 - INFO -   После нормализации: 300 символов (потеряно 44)
2026-01-18 23:41:49,089 - INFO -   Отброшено много символов: 44 из 344
2026-01-18 23:41:49,089 - INFO - ⇠ normalizing training data — done in 0.48s
2026-01-18 23:41:49,091 - INFO - ⇢ SSD computation — start
2026-01-18 23:41:49,091 - INFO -   Расчет SSD для всех пар (без ограничения)
2026-01-18 23:41:51,584 - INFO -   SSD результат (все пары): 44850 пар
2026-01-18 23:41:51,585 - INFO -   Ограничиваем до top-25000 пар для дальнейшей обработки
2026-01-18 23:41:51,586 - INFO - ⇠ SSD computation — done in 2.49s
2026-01-18 23:41:51,594 - INFO - ⇢ filtering pairs by cointegration and half-life — start
2026-01-18 23:41:51,594 - INFO - [ФИЛЬТР] Параллельная фильтрация: threads (8 workers)
2026-01-18 23:44:21,986 - INFO - [ФИЛЬТР] После проверки данных: 25000 пар
2026-01-18 23:44:21,986 - INFO - [ФИЛЬТР] После фильтра корреляции (>0.7): 4297 пар
2026-01-18 23:44:21,986 - INFO - [ФИЛЬТР] После фильтра beta: 3256 пар
2026-01-18 23:44:21,986 - INFO - [ФИЛЬТР] После фильтра mean crossings: 3256 пар
2026-01-18 23:44:21,986 - INFO - [ФИЛЬТР] После фильтра half-life: 3240 пар
2026-01-18 23:44:21,986 - INFO - [ФИЛЬТР] После фильтра коинтеграции: 1621 пар
2026-01-18 23:44:21,986 - INFO - [ФИЛЬТР] После фильтра Hurst: 842 пар
2026-01-18 23:44:21,986 - INFO - [ФИЛЬТР] После фильтра KPSS: 51 пар
2026-01-18 23:44:21,986 - INFO - [ФИЛЬТР] После фильтра market microstructure: 51 пар
2026-01-18 23:44:21,986 - INFO - [ФИЛЬТР] Статистика фильтрации (оптимизированный порядок):
2026-01-18 23:44:21,986 - INFO -   1. SSD → Коинтеграция: 25000 → 1621 пар
2026-01-18 23:44:21,986 - INFO -   2. Коинтеграция → Beta: 1621 → 3256 пар
2026-01-18 23:44:21,986 - INFO -   3. Beta → Half-life: 3256 → 3240 пар
2026-01-18 23:44:21,986 - INFO -   4. Half-life → Mean crossings: 3240 → 3256 пар
2026-01-18 23:44:21,986 - INFO -   5. Mean crossings → Hurst: 3256 → 842 пар
2026-01-18 23:44:21,986 - INFO -   6. Hurst → KPSS: 842 → 51 пар
2026-01-18 23:44:21,986 - INFO -   7. KPSS → Market microstructure: 51 → 51 пар
2026-01-18 23:44:21,987 - INFO - [ФИЛЬТР] Причины отсева:
2026-01-18 23:44:21,987 - INFO -   • low_correlation: 20703 пар (82.8%)
2026-01-18 23:44:21,987 - INFO -   • pvalue: 1619 пар (6.5%)
2026-01-18 23:44:21,987 - INFO -   • beta: 1041 пар (4.2%)
2026-01-18 23:44:21,987 - INFO -   • kpss: 791 пар (3.2%)
2026-01-18 23:44:21,987 - INFO -   • hurst: 779 пар (3.1%)
2026-01-18 23:44:21,987 - INFO -   • half_life: 16 пар (0.1%)
2026-01-18 23:44:21,987 - INFO - [ФИЛЬТР] Итого: 25000 → 51 пар (0.2% прошли все фильтры)
2026-01-18 23:44:22,027 - INFO - Причины отсева сохранены в results/filter_reasons_20260118_234421.csv
2026-01-18 23:44:22,038 - INFO -   Фильтрация: 25000 → 51 пар
2026-01-18 23:44:22,038 - INFO - ⇠ filtering pairs by cointegration and half-life — done in 150.44s
2026-01-18 23:44:22,038 - INFO - ⇠ WF-шаг 5/5: training 2023-11-30-2024-01-28, testing 2024-01-29-2024-02-28 — done in 155.15s
2026-01-18 23:44:22,038 - INFO -   Топ-3 пары по волатильности спреда:
2026-01-18 23:44:22,038 - INFO -     1. BTCBRZ-BTCDAI: beta=4.2777, std=2850.9804
2026-01-18 23:44:22,038 - INFO -     2. BTCDAI-WBTCUSDT: beta=1.0023, std=556.1976
2026-01-18 23:44:22,038 - INFO -     3. ETHDAI-STETHUSDT: beta=0.9934, std=13.3291
2026-01-18 23:44:22,038 - INFO -   Всего пар для торговли: 51 (ограничение 15 применяется к одновременно открытым позициям)
2026-01-18 23:44:22,038 - INFO -   💰 Проверка расчета капитала: equity=$10,568.88, кандидатных_пар=51, max_позиций=15
2026-01-18 23:44:22,038 - INFO -   🎯 Target concurrency: 15 (ожидаемое одновременное число позиций)
2026-01-18 23:44:22,039 - INFO -   📊 Детали расчета капитала:
2026-01-18 23:44:22,039 - INFO -      • Базовый капитал на пару: $704.59 (equity / target_concurrency)
2026-01-18 23:44:22,039 - INFO -      • Риск-капитал: $158.53 (1.5% от equity)
2026-01-18 23:44:22,039 - INFO -      • Макс. размер позиции: $211.38 (2.0% от equity)
2026-01-18 23:44:22,039 - INFO -      • Итоговый капитал на пару: $158.53
2026-01-18 23:44:22,039 - INFO - ⇢ WF-шаг 5/5 backtests — starting 51 items
2026-01-18 23:44:22,039 - INFO - 🚀 WF-шаг 5/5: Начинаем бэктесты для 51 пар...
2026-01-18 23:44:22,039 - INFO - 🚀 WF-шаг 5/5: Запускаем параллельную обработку 51 пар на 8 ядрах...
2026-01-18 23:44:22,039 - INFO -   📊 Большой набор пар (51), ожидаемое время: ~2 мин
2026-01-18 23:44:22,039 - INFO -   🔄 Прогресс будет отображаться каждые 5 пар
2026-01-18 23:44:22,039 - INFO - 🚀 WF-шаг 5/5: Режим параллельности: процессы
⚙️  Загрузка данных за период: 2023-11-30 -> 2024-02-28
📂 Найдено 43 parquet файлов для обработки.
📊 Схема данных: Schema({'timestamp': Int64, 'open': Float64, 'high': Float64, 'low': Float64, 'close': Float64, 'volume': Float64, 'turnover': String, 'ts_ms': Int64, 'symbol': String})
✅ Загружено 2755343 записей с помощью Polars.
📊 Типы данных в pandas: timestamp       datetime64[us]
symbol                  object
close                  float64
timestamp_ms             int64
dtype: object
2026-01-18 23:44:22,094 - coint2.engine.numba_engine - INFO - Запуск Numba-оптимизированного бэктеста для BTCBRZ-BTCDAI
2026-01-18 23:44:22,118 - coint2.engine.numba_engine - INFO - Запуск Numba-оптимизированного бэктеста для BTCDAI-WBTCUSDT
2026-01-18 23:44:22,141 - coint2.engine.numba_engine - INFO - Запуск Numba-оптимизированного бэктеста для ETHDAI-STETHUSDT
2026-01-18 23:44:22,165 - coint2.engine.numba_engine - INFO - Запуск Numba-оптимизированного бэктеста для AAVEUSDT-THETAUSDT
2026-01-18 23:44:22,178 - coint2.engine.numba_engine - INFO - Запуск Numba-оптимизированного бэктеста для NEARUSDT-ROSEUSDT
2026-01-18 23:44:22,190 - coint2.engine.numba_engine - INFO - Запуск Numba-оптимизированного бэктеста для ATOMUSDT-MBXUSDT
2026-01-18 23:44:22,200 - coint2.engine.numba_engine - INFO - Запуск Numba-оптимизированного бэктеста для GLMRUSDT-ROSEUSDT
2026-01-18 23:44:22,201 - coint2.engine.numba_engine - INFO - Запуск Numba-оптимизированного бэктеста для ETHWUSDT-UNIUSDT
2026-01-18 23:44:22,219 - coint2.engine.numba_engine - INFO - Запуск Numba-оптимизированного бэктеста для APTUSDC-CELOUSDT
2026-01-18 23:44:22,224 - coint2.engine.numba_engine - INFO - Запуск Numba-оптимизированного бэктеста для BELUSDT-GALAUSDT
2026-01-18 23:44:22,224 - coint2.engine.numba_engine - INFO - Запуск Numba-оптимизированного бэктеста для AGLDUSDT-CELOUSDT
2026-01-18 23:44:22,225 - coint2.engine.numba_engine - INFO - Запуск Numba-оптимизированного бэктеста для BOBAUSDT-MINAUSDT
2026-01-18 23:44:22,237 - coint2.engine.numba_engine - INFO - Запуск Numba-оптимизированного бэктеста для APTUSDT-CELOUSDT
2026-01-18 23:44:22,247 - coint2.engine.numba_engine - INFO - Запуск Numba-оптимизированного бэктеста для AGLDUSDT-NEARUSDT
2026-01-18 23:44:22,247 - coint2.engine.numba_engine - INFO - Запуск Numba-оптимизированного бэктеста для GLMRUSDT-NEARUSDT
2026-01-18 23:44:22,251 - coint2.engine.numba_engine - INFO - Запуск Numba-оптимизированного бэктеста для HFTUSDT-SCRTUSDT
2026-01-18 23:44:22,254 - coint2.engine.numba_engine - INFO - Запуск Numba-оптимизированного бэктеста для IDUSDT-WAVESUSDT
2026-01-18 23:44:22,271 - coint2.engine.numba_engine - INFO - Запуск Numba-оптимизированного бэктеста для HFTUSDC-SANDUSDT
2026-01-18 23:44:22,279 - coint2.engine.numba_engine - INFO - Запуск Numba-оптимизированного бэктеста для BOBAUSDT-SOLEUR
2026-01-18 23:44:22,285 - coint2.engine.numba_engine - INFO - Запуск Numba-оптимизированного бэктеста для ANKRUSDT-WAXPUSDT
2026-01-18 23:44:22,287 - coint2.engine.numba_engine - INFO - Запуск Numba-оптимизированного бэктеста для HFTUSDC-LRCUSDT
2026-01-18 23:44:22,293 - coint2.engine.numba_engine - INFO - Запуск Numba-оптимизированного бэктеста для HFTUSDT-LRCUSDT
2026-01-18 23:44:22,293 - coint2.engine.numba_engine - INFO - Запуск Numba-оптимизированного бэктеста для ETHWUSDT-GRTUSDT
2026-01-18 23:44:22,296 - coint2.engine.numba_engine - INFO - Запуск Numba-оптимизированного бэктеста для JUVUSDT-ZRXUSDT
2026-01-18 23:44:22,304 - coint2.engine.numba_engine - INFO - Запуск Numba-оптимизированного бэктеста для HFTUSDC-SANDUSDC
2026-01-18 23:44:22,307 - coint2.engine.numba_engine - INFO - Запуск Numba-оптимизированного бэктеста для LUNCUSDT-VRAUSDT
2026-01-18 23:44:22,309 - coint2.engine.numba_engine - INFO - Запуск Numba-оптимизированного бэктеста для ARKMUSDT-FLOWUSDT
2026-01-18 23:44:22,310 - coint2.engine.numba_engine - INFO - Запуск Numba-оптимизированного бэктеста для JSTUSDT-RACAUSDT
2026-01-18 23:44:22,316 - coint2.engine.numba_engine - INFO - Запуск Numba-оптимизированного бэктеста для RVNUSDT-WAXPUSDT
2026-01-18 23:44:22,318 - coint2.engine.numba_engine - INFO - Запуск Numba-оптимизированного бэктеста для BOBAUSDT-OPUSDC
2026-01-18 23:44:22,329 - coint2.engine.numba_engine - INFO - Запуск Numba-оптимизированного бэктеста для TENETUSDT-XRPUSDC
2026-01-18 23:44:22,335 - coint2.engine.numba_engine - INFO - Запуск Numba-оптимизированного бэктеста для LUNCUSDC-VRAUSDT
2026-01-18 23:44:22,336 - coint2.engine.numba_engine - INFO - Запуск Numba-оптимизированного бэктеста для BOBAUSDT-OPUSDT
2026-01-18 23:44:22,338 - coint2.engine.numba_engine - INFO - Запуск Numba-оптимизированного бэктеста для PEPEUSDT-RACAUSDT
2026-01-18 23:44:22,344 - coint2.engine.numba_engine - INFO - Запуск Numba-оптимизированного бэктеста для C98USDT-SOLOUSDT
2026-01-18 23:44:22,353 - coint2.engine.numba_engine - INFO - Запуск Numba-оптимизированного бэктеста для JSTUSDT-XRPUSDC
2026-01-18 23:44:22,358 - coint2.engine.numba_engine - INFO - Запуск Numba-оптимизированного бэктеста для HFTUSDT-SANDUSDT
2026-01-18 23:44:22,368 - coint2.engine.numba_engine - INFO - Запуск Numba-оптимизированного бэктеста для TENETUSDT-XRPUSDT
2026-01-18 23:44:22,379 - coint2.engine.numba_engine - INFO - Запуск Numba-оптимизированного бэктеста для BOBAUSDT-STXUSDT
2026-01-18 23:44:22,381 - coint2.engine.numba_engine - INFO - Запуск Numba-оптимизированного бэктеста для TENETUSDT-XRPEUR
2026-01-18 23:44:22,391 - coint2.engine.numba_engine - INFO - Запуск Numba-оптимизированного бэктеста для JSTUSDT-XRPUSDT
2026-01-18 23:44:22,399 - coint2.engine.numba_engine - INFO - Запуск Numba-оптимизированного бэктеста для FLOWUSDT-WAVESUSDT
2026-01-18 23:44:22,401 - coint2.engine.numba_engine - INFO - Запуск Numba-оптимизированного бэктеста для MANAUSDC-MBXUSDT
2026-01-18 23:44:22,403 - coint2.engine.numba_engine - INFO - Запуск Numba-оптимизированного бэктеста для JSTUSDT-XRPEUR
2026-01-18 23:44:22,422 - coint2.engine.numba_engine - INFO - Запуск Numba-оптимизированного бэктеста для MANAUSDT-MBXUSDT
2026-01-18 23:44:22,423 - coint2.engine.numba_engine - INFO - Запуск Numba-оптимизированного бэктеста для HFTUSDT-SANDUSDC
2026-01-18 23:44:22,445 - coint2.engine.numba_engine - INFO - Запуск Numba-оптимизированного бэктеста для HFTUSDC-SCRTUSDT
2026-01-18 23:44:22,445 - coint2.engine.numba_engine - INFO - Запуск Numba-оптимизированного бэктеста для GRTUSDT-WAVESUSDT
2026-01-18 23:44:22,467 - coint2.engine.numba_engine - INFO - Запуск Numba-оптимизированного бэктеста для BATUSDT-POLUSDT
2026-01-18 23:44:22,467 - coint2.engine.numba_engine - INFO - Запуск Numba-оптимизированного бэктеста для CHZUSDC-CHZUSDT
2026-01-18 23:44:22,490 - coint2.engine.numba_engine - INFO - Запуск Numba-оптимизированного бэктеста для MVLUSDT-RACAUSDT
2026-01-18 23:44:22,530 - INFO -   ⏱️ Параллельная обработка завершена за 0.5с (104.0 пар/с)
2026-01-18 23:44:22,551 - coint2.pipeline.walk_forward_orchestrator - INFO - 🎯 СИМУЛЯЦИЯ ПОРТФЕЛЯ: 51 пар, лимит 15 позиций
2026-01-18 23:44:23,143 - coint2.pipeline.walk_forward_orchestrator - INFO -    📈 Макс. одновременных сигналов: 22
2026-01-18 23:44:23,143 - coint2.pipeline.walk_forward_orchestrator - INFO -    📊 Средн. сигналов за период: 0.7
2026-01-18 23:44:23,143 - coint2.pipeline.walk_forward_orchestrator - INFO -    🎯 Финальных активных позиций: 0
2026-01-18 23:44:23,145 - coint2.pipeline.walk_forward_orchestrator - INFO -    ⚡ Утилизация лимита позиций: 4.4%
2026-01-18 23:44:23,145 - INFO - ⇠ WF-шаг 5/5 backtests — completed 51 items in 1.11s (46.1 items/s)
2026-01-18 23:44:23,145 - INFO -   ✅ Обработка завершена: 51 успешно, 0 с ошибками
2026-01-18 23:44:23,145 - INFO -   📊 Успешность: 100.0%, прибыльность: 51.0%, сделок/пара: 19.0
2026-01-18 23:44:23,145 - INFO -   ✅ Завершены бэктесты для 51 пар
2026-01-18 23:44:23,146 - INFO -   📊 Всего обработано пар в этом шаге: 51
2026-01-18 23:44:23,146 - INFO -   📈 Результаты шага: 26/51 прибыльных пар, 968 сделок
2026-01-18 23:44:23,146 - INFO -   💰 P&L шага: $-26.07
2026-01-18 23:44:23,146 - INFO -   ⇢ Обновление капитала и дневного P&L...
2026-01-18 23:44:24,857 - INFO -   💼 Шаг P&L: $-26.07, Накопленный капитал: $10,542.81
2026-01-18 23:44:24,857 - INFO - ------------------------------------------------------------
2026-01-18 23:44:24,857 - INFO -   Walk-forward steps: 5 / 5 (100.0%) | 0.0 items/s | ETA: 0.0s
2026-01-18 23:44:24,857 - INFO - ⇠ Walk-forward steps — completed 5 items in 1133.78s (0.0 items/s)
2026-01-18 23:44:24,857 - INFO - ================================================================================
2026-01-18 23:44:24,857 - INFO - 🏁 Walk-forward анализ завершен!
2026-01-18 23:44:24,857 - INFO - ⏱️ Обработано 5 шагов за 2.8 секунд
2026-01-18 23:44:24,857 - INFO - 📊 Всего обработано пар за весь анализ: 262
2026-01-18 23:44:24,857 - INFO - 💰 Финальный капитал: $10,542.81 (было $10,000.00)
2026-01-18 23:44:24,857 - INFO - 📈 Общая доходность: +5.43% ($+542.81)
2026-01-18 23:44:24,857 - INFO - 📊 Всего сделок: 0
2026-01-18 23:44:24,858 - INFO - ================================================================================
2026-01-18 23:44:24,858 - INFO - ✓ Завершены все 5 WF-шагов
2026-01-18 23:44:24,858 - INFO - ⇢ Обработка финальных результатов и расчет метрик...
2026-01-18 23:44:24,858 - INFO - ⇢ processing final results — start
2026-01-18 23:44:24,858 - INFO -   ⇢ Агрегация данных P&L за 14405 торговых дней
2026-01-18 23:44:24,899 - INFO -   ⇢ Расчет базовых метрик производительности...
2026-01-18 23:44:24,899 - INFO -     📊 Данные для анализа: 14405 записей P&L, 14401 точек equity
2026-01-18 23:44:24,902 - INFO -   ⇢ Расчет расширенных метрик (волатильность, Calmar ratio, и др.)...
2026-01-18 23:44:24,902 - INFO -   ✅ Расширенные метрики рассчитаны: 6 показателей
2026-01-18 23:44:24,903 - INFO -   ⇢ Анализ статистики по 262 парам...
2026-01-18 23:44:24,906 - INFO - ✅ Рассчитаны метрики производительности (19 показателей)
2026-01-18 23:44:24,906 - INFO -   💰 Общий P&L: $+542.81
2026-01-18 23:44:24,906 - INFO -   📊 Sharpe Ratio: 4.575
2026-01-18 23:44:24,906 - INFO -   📉 Максимальная просадка: -9136.01%
2026-01-18 23:44:24,906 - INFO -   🔄 Всего сделок: 4649
2026-01-18 23:44:24,906 - INFO -   📈 Торгуемых пар: 258
2026-01-18 23:44:24,906 - INFO -   💸 Общие издержки: $319.76
2026-01-18 23:44:24,907 - coint2.metrics - INFO - Metric: total_pnl
2026-01-18 23:44:24,907 - coint2.metrics - INFO - Metric: sharpe_ratio_abs
2026-01-18 23:44:24,907 - coint2.metrics - INFO - Metric: max_drawdown_pct
2026-01-18 23:44:24,907 - coint2.metrics - INFO - Metric: total_trades
2026-01-18 23:44:24,907 - coint2.metrics - INFO - Metric: total_pairs_traded
2026-01-18 23:44:24,907 - coint2.metrics - INFO - Metric: total_costs
2026-01-18 23:44:24,908 - INFO - ⇠ processing final results — done in 0.05s
2026-01-18 23:44:24,908 - INFO - ⇢ Создание отчетов и сохранение результатов...
2026-01-18 23:44:24,908 - INFO - ⇢ generating reports — start
2026-01-18 23:44:24,908 - INFO -   ⇢ Создание отчета о производительности...
2026-01-18 23:44:31,474 - INFO -   ✓ Отчет о производительности создан
2026-01-18 23:44:31,475 - INFO -   ⇢ Сохранение данных в CSV файлы...
2026-01-18 23:44:31,477 - INFO - 📋 Метрики сохранены: artifacts/wfa/runs/20260118_stress/stress_20260118_corr0p7_z0p85_exit0p12_ssd25000/strategy_metrics.csv
2026-01-18 23:44:31,478 - INFO - 📈 Дневные P&L сохранены: artifacts/wfa/runs/20260118_stress/stress_20260118_corr0p7_z0p85_exit0p12_ssd25000/daily_pnl.csv (151 записей)
2026-01-18 23:44:31,531 - INFO - 💹 Кривая капитала сохранена: artifacts/wfa/runs/20260118_stress/stress_20260118_corr0p7_z0p85_exit0p12_ssd25000/equity_curve.csv (14401 точек)
2026-01-18 23:44:31,537 - INFO - 📋 Статистика сделок сохранена: artifacts/wfa/runs/20260118_stress/stress_20260118_corr0p7_z0p85_exit0p12_ssd25000/trade_statistics.csv (262 записей)
2026-01-18 23:44:31,537 - INFO - 🎉 Walk-Forward анализ полностью завершен!
2026-01-18 23:44:31,537 - INFO - 📊 Все отчеты и данные сохранены в: artifacts/wfa/runs/20260118_stress/stress_20260118_corr0p7_z0p85_exit0p12_ssd25000
2026-01-18 23:44:31,537 - INFO - 💼 Итоговый капитал: $10,542.81
2026-01-18 23:44:31,537 - INFO - ⏱️  Общее время выполнения: 9.5 секунд
2026-01-18 23:44:31,537 - INFO - ⇠ generating reports — done in 6.63s
2026-01-18 23:44:31,537 - coint2.core.memory_optimization - INFO - 🧹 Cleaning up global price data
2026-01-18 23:44:31,541 - coint2.core.memory_optimization - INFO - 📊 No global rolling stats to clean up
2026-01-18 23:44:31,542 - INFO - 🧹 Memory-mapped data cleaned up
2026-01-18 23:44:31,543 - INFO - ⇠ run_walk_forward_analysis — done in 1,145.95s
📊 Отчет сохранен: artifacts/wfa/runs/20260118_stress/stress_20260118_corr0p7_z0p85_exit0p12_ssd25000/CointegrationStrategy_performance_report.png
🎯 ============================================================
📊 ИТОГИ ТОРГОВОЙ СТРАТЕГИИ
🎯 ============================================================

💰 ФИНАНСОВЫЕ РЕЗУЛЬТАТЫ:
   • Общий P&L:                          543
   • Максимальная просадка:              -91
   • Средний дневной P&L:                  4

📈 МЕТРИКИ РИСКА:
   • Коэффициент Шарпа:               4.5746
   • Волатильность P&L:                15.30
   • Процент прибыльных дней:         58.94%

🔄 ТОРГОВАЯ АКТИВНОСТЬ:
   • Всего торговых дней:                151
   • Всего сделок:                     4,649
   • Торгуемых пар:                      258
   • Сделок на пару:                    17.7
   • Успешность сделок:               0.31%

💸 РАСХОДЫ И ЭКСТРЕМУМЫ:
   • Общие расходы:                      320
   • Максимальная прибыль:               111
   • Максимальный убыток:                -48
   • Лучшая пара (P&L):                   75
   • Худшая пара (P&L):                  -17

📊 ОЦЕНКА СТРАТЕГИИ:
   ✅ ОТЛИЧНАЯ стратегия! Высокий Шарп и положительный результат

🎯 ============================================================

Annualized Sharpe Ratio: 4.5745979770308995
[run_wfa_fullcpu] end: 2026-01-18T23:44:32Z
