[run_wfa_queue] 2026-01-23T14:06:54Z cmd: /opt/coint4/coint4/run_wfa_fullcpu.sh configs/budget_20260123_1000_capsweep_oos20240101_20240630_top50_maxnot40_lowrisk_maxpairsgrid/stress_relaxed8_nokpss_20260123_oos20240101_20240630_top50_z1p00_exit0p06_hold180_cd180_ms0p2_cap1000_maxnot40_risk0p02_minnot20_maxpairs20.yaml artifacts/wfa/runs/20260123_budget1000_oos20240101_20240630_top50_maxnot40_lowrisk_maxpairsgrid/stress_relaxed8_nokpss_20260123_oos20240101_20240630_top50_z1p00_exit0p06_hold180_cd180_ms0p2_cap1000_maxnot40_risk0p02_minnot20_maxpairs20
[run_wfa_fullcpu] start: 2026-01-23T14:06:54Z
[run_wfa_fullcpu] os.cpu_count: 8
[run_wfa_fullcpu] worker_pid=3990
2026-01-23 14:06:57,959 - coint2.core.memory_optimization - INFO - ✅ BLAS threading limits set to 1 via threadpoolctl
2026-01-23 14:06:57,960 - coint2.core.memory_optimization - INFO - 🔧 Controlled libraries: openblas, openmp
2026-01-23 14:06:57,960 - coint2.core.memory_optimization - INFO - 🧵 Process threads: 2 → 2
2026-01-23 14:06:57,960 - coint2.core.memory_optimization - INFO - 📝 Set 11 environment variables
2026-01-23 14:06:58,347 - INFO - ✅ Параметры конфигурации валидны
2026-01-23 14:06:58,347 - INFO - 📝 Некоторые параметры были скорректированы:
2026-01-23 14:06:58,516 - INFO - 🔒 WFA: фиксированный universe из artifacts/universe/20260119_relaxed8_strict_preholdout_v2/pairs_universe.yaml (250 пар)
2026-01-23 14:06:58,516 - INFO -   Шаг 1: тренировка 2023-10-03-2023-12-31, тест 2024-01-01-2024-01-31
2026-01-23 14:06:58,517 - INFO -   Шаг 2: тренировка 2023-11-02-2024-01-30, тест 2024-01-31-2024-03-01
2026-01-23 14:06:58,517 - INFO -   Шаг 3: тренировка 2023-12-02-2024-02-29, тест 2024-03-01-2024-03-31
2026-01-23 14:06:58,517 - INFO -   Шаг 4: тренировка 2024-01-01-2024-03-30, тест 2024-03-31-2024-04-30
2026-01-23 14:06:58,517 - INFO -   Шаг 5: тренировка 2024-01-31-2024-04-29, тест 2024-04-30-2024-05-30
2026-01-23 14:06:58,517 - INFO -   Шаг 6: тренировка 2024-03-01-2024-05-29, тест 2024-05-30-2024-06-29
2026-01-23 14:06:58,517 - INFO -   Шаг 7: тренировка 2024-03-31-2024-06-28, тест 2024-06-29-2024-07-29
2026-01-23 14:06:58,517 - INFO - 📈 Запланировано 7 walk-forward шагов
2026-01-23 14:06:58,517 - INFO - ⛔ Ограничение WFA шагов: 7 → 3
2026-01-23 14:06:58,517 - WARNING - ⚠️ Маленький буфер между training и testing в шаге 1: 0 дней. Рекомендуется минимум 1 день.
2026-01-23 14:06:58,520 - WARNING - ⚠️ Маленький буфер между training и testing в шаге 2: 0 дней. Рекомендуется минимум 1 день.
2026-01-23 14:06:58,520 - WARNING - ⚠️ Маленький буфер между training и testing в шаге 3: 0 дней. Рекомендуется минимум 1 день.
2026-01-23 14:06:58,520 - INFO - ✅ Шаги успешно запланированы:
2026-01-23 14:06:58,520 - INFO -    Шаг 1: тренировка 2023-10-03-2023-12-31, тест 2024-01-01-2024-01-31
2026-01-23 14:06:58,520 - INFO -    Шаг 2: тренировка 2023-11-02-2024-01-30, тест 2024-01-31-2024-03-01
2026-01-23 14:06:58,520 - INFO -    Шаг 3: тренировка 2023-12-02-2024-02-29, тест 2024-03-01-2024-03-31
2026-01-23 14:06:58,520 - INFO - 🗂️ Consolidating price data for memory-mapped access...
2026-01-23 14:06:58,520 - INFO - 📊 Consolidating data range: 2023-09-28 → 2024-04-05
2026-01-23 14:06:58,521 - coint2.core.memory_optimization - INFO - 🔄 Consolidating price data from data_downloaded to .cache/consolidated_prices.parquet
2026-01-23 14:06:58,521 - INFO - ⇢ loading raw data for consolidation — start
2026-01-23 14:06:59,339 - INFO - ⇠ loading raw data for consolidation — done in 0.82s
2026-01-23 14:06:59,343 - INFO - ⇢ pivoting data to wide format — start
2026-01-23 14:07:03,494 - INFO - ⇠ pivoting data to wide format — done in 4.15s
2026-01-23 14:07:03,552 - coint2.core.memory_optimization - INFO - 📊 Consolidated data: 18241 rows × 366 symbols
2026-01-23 14:07:03,552 - coint2.core.memory_optimization - INFO - 💾 Memory usage: 26.9 MB
2026-01-23 14:07:03,552 - INFO - ⇢ writing consolidated Parquet file — start
2026-01-23 14:07:03,770 - INFO - ⇠ writing consolidated Parquet file — done in 0.22s
2026-01-23 14:07:03,770 - coint2.core.memory_optimization - INFO - ✅ Successfully consolidated data to .cache/consolidated_prices.parquet
2026-01-23 14:07:03,794 - coint2.core.memory_optimization - INFO - 🔄 Initializing memory-mapped price data from .cache/consolidated_prices.parquet
2026-01-23 14:07:03,794 - INFO - ⇢ loading memory-mapped data — start
2026-01-23 14:07:03,794 - coint2.core.memory_optimization - WARNING - ⚠️ memory_map не поддерживается в текущей версии pyarrow, fallback без mmap
2026-01-23 14:07:03,901 - ERROR - ⇠ loading memory-mapped data — failed after 0.11s: Couldn't deserialize thrift: TProtocolException: Invalid data
Deserializing page header failed.

2026-01-23 14:07:03,902 - coint2.core.memory_optimization - ERROR - ❌ Error initializing global price data: Couldn't deserialize thrift: TProtocolException: Invalid data
Deserializing page header failed.

Traceback (most recent call last):
  File "/opt/coint4/coint4/src/coint2/core/memory_optimization.py", line 170, in initialize_global_price_data
    table = dataset.to_table()
            ^^^^^^^^^^^^^^^^^^
  File "pyarrow/_dataset.pyx", line 589, in pyarrow._dataset.Dataset.to_table
  File "pyarrow/_dataset.pyx", line 3969, in pyarrow._dataset.Scanner.to_table
  File "pyarrow/error.pxi", line 155, in pyarrow.lib.pyarrow_internal_check_status
  File "pyarrow/error.pxi", line 92, in pyarrow.lib.check_status
OSError: Couldn't deserialize thrift: TProtocolException: Invalid data
Deserializing page header failed.

2026-01-23 14:07:03,903 - INFO - ✅ Memory-mapped data initialized successfully
2026-01-23 14:07:03,904 - INFO - ⇢ Walk-forward steps — starting 3 items
2026-01-23 14:07:03,905 - INFO - 📈 Инициализация equity кривой с первой тестовой даты: 2024-01-01 00:00:00
2026-01-23 14:07:03,905 - INFO - 🔍 WF-шаг 1/3: Валидация временных окон...
2026-01-23 14:07:03,906 - INFO - ⇢ WF-шаг 1/3: training 2023-10-03-2023-12-31, testing 2024-01-01-2024-01-31 — start
2026-01-23 14:07:03,906 - INFO - ⇢ loading step data — start
2026-01-23 14:07:04,185 - INFO - ⇠ loading step data — done in 0.28s
2026-01-23 14:07:06,471 - INFO - 📊 WF-шаг 1/3: Границы данных:
2026-01-23 14:07:06,471 - INFO -    Training: 2023-10-03 00:00:00 → 2023-12-31 23:45:00 (8,640 строк × 329 символов)
2026-01-23 14:07:06,471 - INFO -    Testing:  2024-01-01 00:00:00 → 2024-01-31 00:00:00 (2,881 строк × 329 символов)
2026-01-23 14:07:06,471 - INFO -    Временной разрыв: 0 days 00:15:00
2026-01-23 14:07:06,513 - INFO - ⇢ normalizing training data — start
2026-01-23 14:07:06,567 - INFO -   Символы с NaN значениями: 53
2026-01-23 14:07:06,567 - INFO -   Применяем метод нормализации: rolling_zscore
2026-01-23 14:07:06,592 - INFO - Символы с недостаточной историей: 50 из 329
2026-01-23 14:07:07,359 - INFO - Символы с NaN после нормализации: 279
2026-01-23 14:07:07,368 - INFO - Удалено 1577 начальных строк с NaN от rolling расчетов
2026-01-23 14:07:07,372 - INFO - Итоговое количество символов после нормализации: 279 из 329
2026-01-23 14:07:07,372 - INFO -   Статистика нормализации:
2026-01-23 14:07:07,372 - INFO -     Исходные символы: 329
2026-01-23 14:07:07,372 - INFO -     Недостаточная история: 50
2026-01-23 14:07:07,372 - INFO -     Постоянная цена: 0
2026-01-23 14:07:07,372 - INFO -     NaN после нормализации: 279
2026-01-23 14:07:07,372 - INFO -     Итоговые символы: 279 (84.8%)
2026-01-23 14:07:07,372 - INFO -   После нормализации: 279 символов (потеряно 50)
2026-01-23 14:07:07,372 - INFO -   Отброшено много символов: 50 из 329
2026-01-23 14:07:07,372 - INFO - ⇠ normalizing training data — done in 0.86s
2026-01-23 14:07:07,372 - INFO -   Фиксированный universe: 234 пар (отфильтровано 16 недоступных)
2026-01-23 14:07:07,372 - INFO - ⇢ filtering pairs by cointegration and half-life — start
2026-01-23 14:07:07,373 - INFO - [ФИЛЬТР] Параллельная фильтрация: threads (8 workers)
2026-01-23 14:07:15,558 - INFO - [ФИЛЬТР] После проверки данных: 212 пар
2026-01-23 14:07:15,558 - INFO - [ФИЛЬТР] После фильтра корреляции (>0.4): 163 пар
2026-01-23 14:07:15,558 - INFO - [ФИЛЬТР] После фильтра beta: 141 пар
2026-01-23 14:07:15,558 - INFO - [ФИЛЬТР] После фильтра mean crossings: 141 пар
2026-01-23 14:07:15,558 - INFO - [ФИЛЬТР] После фильтра half-life: 141 пар
2026-01-23 14:07:15,558 - INFO - [ФИЛЬТР] После фильтра коинтеграции: 63 пар
2026-01-23 14:07:15,558 - INFO - [ФИЛЬТР] После фильтра Hurst: 48 пар
2026-01-23 14:07:15,558 - INFO - [ФИЛЬТР] После фильтра KPSS: 48 пар
2026-01-23 14:07:15,558 - INFO - [ФИЛЬТР] После фильтра market microstructure: 44 пар
2026-01-23 14:07:15,558 - INFO - [ФИЛЬТР] Статистика фильтрации (оптимизированный порядок):
2026-01-23 14:07:15,558 - INFO -   1. SSD → Коинтеграция: 234 → 63 пар
2026-01-23 14:07:15,558 - INFO -   2. Коинтеграция → Beta: 63 → 141 пар
2026-01-23 14:07:15,558 - INFO -   3. Beta → Half-life: 141 → 141 пар
2026-01-23 14:07:15,558 - INFO -   4. Half-life → Mean crossings: 141 → 141 пар
2026-01-23 14:07:15,558 - INFO -   5. Mean crossings → Hurst: 141 → 48 пар
2026-01-23 14:07:15,558 - INFO -   6. Hurst → KPSS: 48 → 48 пар
2026-01-23 14:07:15,558 - INFO -   7. KPSS → Market microstructure: 48 → 44 пар
2026-01-23 14:07:15,558 - INFO - [ФИЛЬТР] Причины отсева:
2026-01-23 14:07:15,558 - INFO -   • pvalue: 78 пар (33.3%)
2026-01-23 14:07:15,558 - INFO -   • low_correlation: 49 пар (20.9%)
2026-01-23 14:07:15,558 - INFO -   • insufficient_data: 22 пар (9.4%)
2026-01-23 14:07:15,558 - INFO -   • beta: 22 пар (9.4%)
2026-01-23 14:07:15,558 - INFO -   • hurst: 15 пар (6.4%)
2026-01-23 14:07:15,558 - INFO -   • history: 4 пар (1.7%)
2026-01-23 14:07:15,558 - INFO - [ФИЛЬТР] Итого: 234 → 44 пар (18.8% прошли все фильтры)
2026-01-23 14:07:15,572 - INFO - Причины отсева сохранены в results/filter_reasons_20260123_140715.csv
2026-01-23 14:07:15,572 - INFO -   Pair stability filter: insufficient history (0 < 1), skip
2026-01-23 14:07:15,572 - INFO -   Фильтрация: 234 → 44 пар
2026-01-23 14:07:15,572 - INFO - ⇠ filtering pairs by cointegration and half-life — done in 8.20s
2026-01-23 14:07:15,572 - INFO - ⇠ WF-шаг 1/3: training 2023-10-03-2023-12-31, testing 2024-01-01-2024-01-31 — done in 11.67s
2026-01-23 14:07:15,572 - INFO -   Ограничение max_pairs=20: 44 → 20
2026-01-23 14:07:15,572 - INFO -   Топ-3 пары по волатильности спреда:
2026-01-23 14:07:15,572 - INFO -     1. BTCDAI-BTCEUR: beta=1.1665, std=409.8237
2026-01-23 14:07:15,572 - INFO -     2. ETHDAI-ETHEUR: beta=1.1882, std=22.0629
2026-01-23 14:07:15,572 - INFO -     3. BTCUSDC-BTCUSDT: beta=0.9998, std=13.3093
2026-01-23 14:07:15,572 - INFO -   Всего пар для торговли: 20 (ограничение 15 применяется к одновременно открытым позициям)
2026-01-23 14:07:15,573 - INFO -   💰 Проверка расчета капитала: equity=$1,000.00, кандидатных_пар=20, max_позиций=15
2026-01-23 14:07:15,573 - INFO -   🎯 Target concurrency: 15 (ожидаемое одновременное число позиций)
2026-01-23 14:07:15,573 - INFO -   📊 Детали расчета капитала:
2026-01-23 14:07:15,573 - INFO -      • Базовый капитал на пару: $66.67 (equity / target_concurrency)
2026-01-23 14:07:15,573 - INFO -      • Риск-капитал: $20.00 (2.0% от equity)
2026-01-23 14:07:15,573 - INFO -      • Макс. размер позиции: $50.00 (5.0% от equity)
2026-01-23 14:07:15,573 - INFO -      • Итоговый капитал на пару: $20.00
2026-01-23 14:07:15,573 - INFO - ⇢ WF-шаг 1/3 backtests — starting 20 items
2026-01-23 14:07:15,573 - INFO - 🚀 WF-шаг 1/3: Начинаем бэктесты для 20 пар...
2026-01-23 14:07:15,573 - INFO - 🚀 WF-шаг 1/3: Запускаем параллельную обработку 20 пар на 8 ядрах...
2026-01-23 14:07:15,573 - INFO - 🚀 WF-шаг 1/3: Режим параллельности: процессы
⚙️  Загрузка данных за период: 2023-09-28 -> 2024-04-05
📂 Найдено 43 parquet файлов для обработки.
📊 Схема данных: Schema({'timestamp': Int64, 'open': Float64, 'high': Float64, 'low': Float64, 'close': Float64, 'volume': Float64, 'turnover': String, 'ts_ms': Int64, 'symbol': String})
✅ Загружено 5719620 записей с помощью Polars.
📊 Типы данных в pandas: timestamp       datetime64[us]
symbol                  object
close                  float64
timestamp_ms             int64
dtype: object
⚙️  Загрузка данных за период: 2023-10-03 -> 2024-01-31
📂 Найдено 43 parquet файлов для обработки.
📊 Схема данных: Schema({'timestamp': Int64, 'open': Float64, 'high': Float64, 'low': Float64, 'close': Float64, 'volume': Float64, 'turnover': String, 'ts_ms': Int64, 'symbol': String})
✅ Загружено 3426589 записей с помощью Polars.
📊 Типы данных в pandas: timestamp       datetime64[us]
symbol                  object
close                  float64
timestamp_ms             int64
dtype: object
2026-01-23 14:07:15,700 - coint2.core.memory_optimization - INFO - 🔄 Initializing memory-mapped price data from .cache/consolidated_prices.parquet
2026-01-23 14:07:15,711 - INFO - ⇢ loading memory-mapped data — start
2026-01-23 14:07:15,711 - coint2.core.memory_optimization - WARNING - ⚠️ memory_map не поддерживается в текущей версии pyarrow, fallback без mmap
2026-01-23 14:07:15,840 - coint2.core.memory_optimization - INFO - 🔄 Initializing memory-mapped price data from .cache/consolidated_prices.parquet
2026-01-23 14:07:15,841 - INFO - ⇢ loading memory-mapped data — start
2026-01-23 14:07:15,842 - coint2.core.memory_optimization - WARNING - ⚠️ memory_map не поддерживается в текущей версии pyarrow, fallback без mmap
2026-01-23 14:07:15,965 - coint2.core.memory_optimization - INFO - 🔄 Initializing memory-mapped price data from .cache/consolidated_prices.parquet
2026-01-23 14:07:15,966 - INFO - ⇢ loading memory-mapped data — start
2026-01-23 14:07:15,967 - coint2.core.memory_optimization - WARNING - ⚠️ memory_map не поддерживается в текущей версии pyarrow, fallback без mmap
2026-01-23 14:07:16,103 - coint2.core.memory_optimization - INFO - 🔄 Initializing memory-mapped price data from .cache/consolidated_prices.parquet
2026-01-23 14:07:16,104 - INFO - ⇢ loading memory-mapped data — start
2026-01-23 14:07:16,105 - coint2.core.memory_optimization - WARNING - ⚠️ memory_map не поддерживается в текущей версии pyarrow, fallback без mmap
2026-01-23 14:07:16,202 - coint2.core.memory_optimization - INFO - 🔄 Initializing memory-mapped price data from .cache/consolidated_prices.parquet
2026-01-23 14:07:16,214 - INFO - ⇢ loading memory-mapped data — start
2026-01-23 14:07:16,214 - coint2.core.memory_optimization - WARNING - ⚠️ memory_map не поддерживается в текущей версии pyarrow, fallback без mmap
2026-01-23 14:07:16,322 - coint2.core.memory_optimization - INFO - 🔄 Initializing memory-mapped price data from .cache/consolidated_prices.parquet
2026-01-23 14:07:16,323 - INFO - ⇢ loading memory-mapped data — start
2026-01-23 14:07:16,323 - coint2.core.memory_optimization - WARNING - ⚠️ memory_map не поддерживается в текущей версии pyarrow, fallback без mmap
2026-01-23 14:07:16,391 - INFO - ⇠ loading memory-mapped data — done in 0.55s
2026-01-23 14:07:16,397 - INFO - ⇠ loading memory-mapped data — done in 0.69s
2026-01-23 14:07:16,436 - coint2.core.memory_optimization - INFO - 🔄 Initializing memory-mapped price data from .cache/consolidated_prices.parquet
2026-01-23 14:07:16,450 - INFO - ⇢ loading memory-mapped data — start
2026-01-23 14:07:16,450 - coint2.core.memory_optimization - INFO - 📊 Loaded 18241 rows × 366 symbols
2026-01-23 14:07:16,450 - coint2.core.memory_optimization - INFO - 💾 Memory usage: 26.9 MB (memory-mapped)
2026-01-23 14:07:16,450 - coint2.core.memory_optimization - WARNING - ⚠️ memory_map не поддерживается в текущей версии pyarrow, fallback без mmap
2026-01-23 14:07:16,469 - coint2.core.memory_optimization - INFO - 📊 Loaded 18241 rows × 366 symbols
2026-01-23 14:07:16,469 - coint2.core.memory_optimization - INFO - 💾 Memory usage: 26.9 MB (memory-mapped)
2026-01-23 14:07:16,570 - coint2.engine.numba_engine - INFO - Запуск Numba-оптимизированного бэктеста для BTCDAI-BTCEUR
2026-01-23 14:07:16,560 - coint2.core.memory_optimization - INFO - 🔄 Initializing memory-mapped price data from .cache/consolidated_prices.parquet
2026-01-23 14:07:16,575 - INFO - ⇢ loading memory-mapped data — start
2026-01-23 14:07:16,575 - coint2.core.memory_optimization - WARNING - ⚠️ memory_map не поддерживается в текущей версии pyarrow, fallback без mmap
2026-01-23 14:07:16,582 - coint2.engine.numba_engine - INFO - Запуск Numba-оптимизированного бэктеста для ETHDAI-ETHEUR
2026-01-23 14:07:16,650 - INFO - ⇠ loading memory-mapped data — done in 0.68s
2026-01-23 14:07:16,673 - INFO - ⇠ loading memory-mapped data — done in 0.57s
2026-01-23 14:07:16,707 - coint2.core.memory_optimization - INFO - 📊 Loaded 18241 rows × 366 symbols
2026-01-23 14:07:16,707 - coint2.core.memory_optimization - INFO - 💾 Memory usage: 26.9 MB (memory-mapped)
2026-01-23 14:07:16,716 - coint2.core.memory_optimization - INFO - 📊 Loaded 18241 rows × 366 symbols
2026-01-23 14:07:16,729 - coint2.core.memory_optimization - INFO - 💾 Memory usage: 26.9 MB (memory-mapped)
2026-01-23 14:07:16,771 - INFO - ⇠ loading memory-mapped data — done in 0.56s
2026-01-23 14:07:16,784 - coint2.engine.numba_engine - INFO - Запуск Numba-оптимизированного бэктеста для BTCUSDC-BTCUSDT
2026-01-23 14:07:16,832 - coint2.engine.numba_engine - INFO - Запуск Numba-оптимизированного бэктеста для ETCUSDT-JUVUSDT
2026-01-23 14:07:16,834 - coint2.core.memory_optimization - INFO - 📊 Loaded 18241 rows × 366 symbols
2026-01-23 14:07:16,835 - coint2.core.memory_optimization - INFO - 💾 Memory usage: 26.9 MB (memory-mapped)
2026-01-23 14:07:16,940 - INFO - ⇠ loading memory-mapped data — done in 0.49s
2026-01-23 14:07:16,956 - INFO - ⇠ loading memory-mapped data — done in 0.63s
2026-01-23 14:07:16,967 - coint2.engine.numba_engine - INFO - Запуск Numba-оптимизированного бэктеста для ATOMUSDT-GODSUSDT
2026-01-23 14:07:16,997 - coint2.core.memory_optimization - INFO - 📊 Loaded 18241 rows × 366 symbols
2026-01-23 14:07:16,997 - coint2.core.memory_optimization - INFO - 💾 Memory usage: 26.9 MB (memory-mapped)
2026-01-23 14:07:17,009 - coint2.engine.numba_engine - INFO - Запуск Numba-оптимизированного бэктеста для APEUSDT-HFTUSDC
2026-01-23 14:07:17,053 - coint2.core.memory_optimization - INFO - 📊 Loaded 18241 rows × 366 symbols
2026-01-23 14:07:17,064 - coint2.core.memory_optimization - INFO - 💾 Memory usage: 26.9 MB (memory-mapped)
2026-01-23 14:07:17,060 - coint2.engine.numba_engine - INFO - Запуск Numba-оптимизированного бэктеста для APEUSDC-HFTUSDC
2026-01-23 14:07:17,069 - coint2.engine.numba_engine - INFO - Запуск Numba-оптимизированного бэктеста для APEUSDC-HFTUSDT
2026-01-23 14:07:17,072 - INFO - ⇠ loading memory-mapped data — done in 0.50s
2026-01-23 14:07:17,087 - coint2.engine.numba_engine - INFO - Запуск Numba-оптимизированного бэктеста для AXSUSDT-DOTUSDT
2026-01-23 14:07:17,128 - coint2.core.memory_optimization - INFO - 📊 Loaded 18241 rows × 366 symbols
2026-01-23 14:07:17,128 - coint2.core.memory_optimization - INFO - 💾 Memory usage: 26.9 MB (memory-mapped)
2026-01-23 14:07:17,136 - coint2.engine.numba_engine - INFO - Запуск Numba-оптимизированного бэктеста для APEUSDT-HFTUSDT
2026-01-23 14:07:17,139 - coint2.engine.numba_engine - INFO - Запуск Numba-оптимизированного бэктеста для APEUSDC-GODSUSDT
2026-01-23 14:07:17,143 - coint2.engine.numba_engine - INFO - Запуск Numba-оптимизированного бэктеста для ETHUSDC-ETHUSDT
2026-01-23 14:07:17,161 - coint2.engine.numba_engine - INFO - Запуск Numba-оптимизированного бэктеста для CITYUSDT-IZIUSDT
2026-01-23 14:07:17,182 - coint2.engine.numba_engine - INFO - Запуск Numba-оптимизированного бэктеста для APEUSDT-GODSUSDT
2026-01-23 14:07:17,235 - coint2.engine.numba_engine - INFO - Запуск Numba-оптимизированного бэктеста для AXSUSDT-DOTUSDC
2026-01-23 14:07:17,269 - coint2.engine.numba_engine - INFO - Запуск Numba-оптимизированного бэктеста для AFCUSDT-ANKRUSDT
2026-01-23 14:07:17,331 - coint2.engine.numba_engine - INFO - Запуск Numba-оптимизированного бэктеста для AGLDUSDT-HFTUSDC
2026-01-23 14:07:17,411 - coint2.engine.numba_engine - INFO - Запуск Numba-оптимизированного бэктеста для APEUSDC-ATOMUSDT
2026-01-23 14:07:17,461 - coint2.engine.numba_engine - INFO - Запуск Numba-оптимизированного бэктеста для AGLDUSDT-HFTUSDT
2026-01-23 14:07:17,490 - coint2.engine.numba_engine - INFO - Запуск Numba-оптимизированного бэктеста для APEUSDT-ATOMUSDT
2026-01-23 14:07:17,606 - INFO -   ⏱️ Параллельная обработка завершена за 2.0с (9.8 пар/с)
2026-01-23 14:07:17,637 - coint2.pipeline.walk_forward_orchestrator - INFO - 🎯 СИМУЛЯЦИЯ ПОРТФЕЛЯ: 20 пар, лимит 15 позиций
2026-01-23 14:07:18,469 - coint2.pipeline.walk_forward_orchestrator - INFO -    📈 Макс. одновременных сигналов: 18
2026-01-23 14:07:18,469 - coint2.pipeline.walk_forward_orchestrator - INFO -    📊 Средн. сигналов за период: 8.3
2026-01-23 14:07:18,469 - coint2.pipeline.walk_forward_orchestrator - INFO -    🎯 Финальных активных позиций: 5
2026-01-23 14:07:18,471 - coint2.pipeline.walk_forward_orchestrator - INFO -    ⚡ Утилизация лимита позиций: 55.4%
2026-01-23 14:07:18,471 - INFO - ⇠ WF-шаг 1/3 backtests — completed 20 items in 2.90s (6.9 items/s)
2026-01-23 14:07:18,471 - INFO -   ✅ Обработка завершена: 20 успешно, 0 с ошибками
2026-01-23 14:07:18,472 - INFO -   📊 Успешность: 100.0%, прибыльность: 75.0%, сделок/пара: 50.9
2026-01-23 14:07:18,472 - INFO -   ✅ Завершены бэктесты для 20 пар
2026-01-23 14:07:18,472 - INFO -   📊 Всего обработано пар в этом шаге: 20
2026-01-23 14:07:18,472 - INFO -   📈 Результаты шага: 15/20 прибыльных пар, 1018 сделок
2026-01-23 14:07:18,472 - INFO -   💰 P&L шага: $+480.84
2026-01-23 14:07:18,472 - INFO -   ⇢ Обновление капитала и дневного P&L...
2026-01-23 14:07:19,796 - INFO -   💼 Шаг P&L: $+480.84, Накопленный капитал: $1,480.84
2026-01-23 14:07:19,796 - INFO - ------------------------------------------------------------
2026-01-23 14:07:19,797 - INFO -   Walk-forward steps: 1 / 3 (33.3%) | 0.1 items/s | ETA: 31.8s
2026-01-23 14:07:19,797 - INFO - 🔍 WF-шаг 2/3: Валидация временных окон...
2026-01-23 14:07:19,797 - INFO - ⇢ WF-шаг 2/3: training 2023-11-02-2024-01-30, testing 2024-01-31-2024-03-01 — start
2026-01-23 14:07:19,797 - INFO - ⇢ loading step data — start
2026-01-23 14:07:20,203 - INFO - ⇠ loading step data — done in 0.41s
2026-01-23 14:07:22,307 - INFO - 📊 WF-шаг 2/3: Границы данных:
2026-01-23 14:07:22,307 - INFO -    Training: 2023-11-02 00:00:00 → 2024-01-30 23:45:00 (8,640 строк × 346 символов)
2026-01-23 14:07:22,307 - INFO -    Testing:  2024-01-31 00:00:00 → 2024-03-01 00:00:00 (2,881 строк × 346 символов)
2026-01-23 14:07:22,307 - INFO -    Временной разрыв: 0 days 00:15:00
2026-01-23 14:07:22,565 - INFO - ⇢ normalizing training data — start
2026-01-23 14:07:22,610 - INFO -   Символы с NaN значениями: 63
2026-01-23 14:07:22,610 - INFO -   Применяем метод нормализации: rolling_zscore
2026-01-23 14:07:22,635 - INFO - Символы с недостаточной историей: 58 из 346
2026-01-23 14:07:23,366 - INFO - Символы с NaN после нормализации: 288
2026-01-23 14:07:23,375 - INFO - Удалено 1193 начальных строк с NaN от rolling расчетов
2026-01-23 14:07:23,379 - INFO - Итоговое количество символов после нормализации: 288 из 346
2026-01-23 14:07:23,379 - INFO -   Статистика нормализации:
2026-01-23 14:07:23,379 - INFO -     Исходные символы: 346
2026-01-23 14:07:23,379 - INFO -     Недостаточная история: 58
2026-01-23 14:07:23,379 - INFO -     Постоянная цена: 0
2026-01-23 14:07:23,379 - INFO -     NaN после нормализации: 288
2026-01-23 14:07:23,379 - INFO -     Итоговые символы: 288 (83.2%)
2026-01-23 14:07:23,379 - INFO -   После нормализации: 288 символов (потеряно 58)
2026-01-23 14:07:23,379 - INFO -   Отброшено много символов: 58 из 346
2026-01-23 14:07:23,379 - INFO - ⇠ normalizing training data — done in 0.81s
2026-01-23 14:07:23,380 - INFO -   Фиксированный universe: 246 пар (отфильтровано 4 недоступных)
2026-01-23 14:07:23,380 - INFO - ⇢ filtering pairs by cointegration and half-life — start
2026-01-23 14:07:23,380 - INFO - [ФИЛЬТР] Параллельная фильтрация: threads (8 workers)
2026-01-23 14:07:31,459 - INFO - [ФИЛЬТР] После проверки данных: 218 пар
2026-01-23 14:07:31,459 - INFO - [ФИЛЬТР] После фильтра корреляции (>0.4): 122 пар
2026-01-23 14:07:31,459 - INFO - [ФИЛЬТР] После фильтра beta: 108 пар
2026-01-23 14:07:31,459 - INFO - [ФИЛЬТР] После фильтра mean crossings: 108 пар
2026-01-23 14:07:31,459 - INFO - [ФИЛЬТР] После фильтра half-life: 108 пар
2026-01-23 14:07:31,459 - INFO - [ФИЛЬТР] После фильтра коинтеграции: 72 пар
2026-01-23 14:07:31,459 - INFO - [ФИЛЬТР] После фильтра Hurst: 55 пар
2026-01-23 14:07:31,459 - INFO - [ФИЛЬТР] После фильтра KPSS: 55 пар
2026-01-23 14:07:31,459 - INFO - [ФИЛЬТР] После фильтра market microstructure: 49 пар
2026-01-23 14:07:31,459 - INFO - [ФИЛЬТР] Статистика фильтрации (оптимизированный порядок):
2026-01-23 14:07:31,459 - INFO -   1. SSD → Коинтеграция: 246 → 72 пар
2026-01-23 14:07:31,459 - INFO -   2. Коинтеграция → Beta: 72 → 108 пар
2026-01-23 14:07:31,459 - INFO -   3. Beta → Half-life: 108 → 108 пар
2026-01-23 14:07:31,459 - INFO -   4. Half-life → Mean crossings: 108 → 108 пар
2026-01-23 14:07:31,460 - INFO -   5. Mean crossings → Hurst: 108 → 55 пар
2026-01-23 14:07:31,460 - INFO -   6. Hurst → KPSS: 55 → 55 пар
2026-01-23 14:07:31,460 - INFO -   7. KPSS → Market microstructure: 55 → 49 пар
2026-01-23 14:07:31,460 - INFO - [ФИЛЬТР] Причины отсева:
2026-01-23 14:07:31,460 - INFO -   • low_correlation: 96 пар (39.0%)
2026-01-23 14:07:31,460 - INFO -   • pvalue: 36 пар (14.6%)
2026-01-23 14:07:31,460 - INFO -   • insufficient_data: 28 пар (11.4%)
2026-01-23 14:07:31,460 - INFO -   • hurst: 17 пар (6.9%)
2026-01-23 14:07:31,460 - INFO -   • beta: 14 пар (5.7%)
2026-01-23 14:07:31,460 - INFO -   • history: 6 пар (2.4%)
2026-01-23 14:07:31,460 - INFO - [ФИЛЬТР] Итого: 246 → 49 пар (19.9% прошли все фильтры)
2026-01-23 14:07:31,475 - INFO - Причины отсева сохранены в results/filter_reasons_20260123_140731.csv
2026-01-23 14:07:31,476 - INFO -   Pair stability filter: 49 → 31 (window=2, min_steps=1, history=1)
2026-01-23 14:07:31,476 - INFO -   Фильтрация: 246 → 31 пар
2026-01-23 14:07:31,476 - INFO - ⇠ filtering pairs by cointegration and half-life — done in 8.10s
2026-01-23 14:07:31,476 - INFO - ⇠ WF-шаг 2/3: training 2023-11-02-2024-01-30, testing 2024-01-31-2024-03-01 — done in 11.68s
2026-01-23 14:07:31,476 - INFO -   Ограничение max_pairs=20: 31 → 20
2026-01-23 14:07:31,476 - INFO -   Топ-3 пары по волатильности спреда:
2026-01-23 14:07:31,476 - INFO -     1. BTCDAI-BTCEUR: beta=1.1459, std=574.8675
2026-01-23 14:07:31,479 - INFO -     2. ETHDAI-ETHEUR: beta=1.1311, std=22.8903
2026-01-23 14:07:31,479 - INFO -     3. BTCUSDC-BTCUSDT: beta=0.9990, std=20.6114
2026-01-23 14:07:31,479 - INFO -   Всего пар для торговли: 20 (ограничение 15 применяется к одновременно открытым позициям)
2026-01-23 14:07:31,480 - INFO -   💰 Проверка расчета капитала: equity=$1,480.84, кандидатных_пар=20, max_позиций=15
2026-01-23 14:07:31,480 - INFO -   🎯 Target concurrency: 15 (ожидаемое одновременное число позиций)
2026-01-23 14:07:31,480 - INFO -   📊 Детали расчета капитала:
2026-01-23 14:07:31,480 - INFO -      • Базовый капитал на пару: $98.72 (equity / target_concurrency)
2026-01-23 14:07:31,480 - INFO -      • Риск-капитал: $29.62 (2.0% от equity)
2026-01-23 14:07:31,480 - INFO -      • Макс. размер позиции: $74.04 (5.0% от equity)
2026-01-23 14:07:31,480 - INFO -      • Итоговый капитал на пару: $29.62
2026-01-23 14:07:31,480 - INFO - ⇢ WF-шаг 2/3 backtests — starting 20 items
2026-01-23 14:07:31,480 - INFO - 🚀 WF-шаг 2/3: Начинаем бэктесты для 20 пар...
2026-01-23 14:07:31,490 - INFO - 🚀 WF-шаг 2/3: Запускаем параллельную обработку 20 пар на 8 ядрах...
2026-01-23 14:07:31,490 - INFO - 🚀 WF-шаг 2/3: Режим параллельности: процессы
⚙️  Загрузка данных за период: 2023-11-02 -> 2024-03-01
📂 Найдено 43 parquet файлов для обработки.
📊 Схема данных: Schema({'timestamp': Int64, 'open': Float64, 'high': Float64, 'low': Float64, 'close': Float64, 'volume': Float64, 'turnover': String, 'ts_ms': Int64, 'symbol': String})
✅ Загружено 3596229 записей с помощью Polars.
📊 Типы данных в pandas: timestamp       datetime64[us]
symbol                  object
close                  float64
timestamp_ms             int64
dtype: object
2026-01-23 14:07:31,625 - coint2.core.memory_optimization - INFO - 🔄 Initializing memory-mapped price data from .cache/consolidated_prices.parquet
2026-01-23 14:07:31,637 - INFO - ⇢ loading memory-mapped data — start
2026-01-23 14:07:31,637 - coint2.core.memory_optimization - WARNING - ⚠️ memory_map не поддерживается в текущей версии pyarrow, fallback без mmap
2026-01-23 14:07:31,737 - coint2.core.memory_optimization - INFO - 🔄 Initializing memory-mapped price data from .cache/consolidated_prices.parquet
2026-01-23 14:07:31,738 - INFO - ⇢ loading memory-mapped data — start
2026-01-23 14:07:31,739 - coint2.core.memory_optimization - WARNING - ⚠️ memory_map не поддерживается в текущей версии pyarrow, fallback без mmap
2026-01-23 14:07:31,866 - coint2.core.memory_optimization - INFO - 🔄 Initializing memory-mapped price data from .cache/consolidated_prices.parquet
2026-01-23 14:07:31,867 - INFO - ⇢ loading memory-mapped data — start
2026-01-23 14:07:31,867 - coint2.core.memory_optimization - WARNING - ⚠️ memory_map не поддерживается в текущей версии pyarrow, fallback без mmap
2026-01-23 14:07:31,997 - coint2.core.memory_optimization - INFO - 🔄 Initializing memory-mapped price data from .cache/consolidated_prices.parquet
2026-01-23 14:07:31,998 - INFO - ⇢ loading memory-mapped data — start
2026-01-23 14:07:31,998 - coint2.core.memory_optimization - WARNING - ⚠️ memory_map не поддерживается в текущей версии pyarrow, fallback без mmap
2026-01-23 14:07:32,113 - coint2.core.memory_optimization - INFO - 🔄 Initializing memory-mapped price data from .cache/consolidated_prices.parquet
2026-01-23 14:07:32,129 - INFO - ⇢ loading memory-mapped data — start
2026-01-23 14:07:32,129 - coint2.core.memory_optimization - WARNING - ⚠️ memory_map не поддерживается в текущей версии pyarrow, fallback без mmap
2026-01-23 14:07:32,219 - INFO - ⇠ loading memory-mapped data — done in 0.58s
2026-01-23 14:07:32,247 - coint2.core.memory_optimization - INFO - 🔄 Initializing memory-mapped price data from .cache/consolidated_prices.parquet
2026-01-23 14:07:32,265 - INFO - ⇢ loading memory-mapped data — start
2026-01-23 14:07:32,265 - coint2.core.memory_optimization - WARNING - ⚠️ memory_map не поддерживается в текущей версии pyarrow, fallback без mmap
2026-01-23 14:07:32,276 - coint2.core.memory_optimization - INFO - 📊 Loaded 18241 rows × 366 symbols
2026-01-23 14:07:32,276 - coint2.core.memory_optimization - INFO - 💾 Memory usage: 26.9 MB (memory-mapped)
2026-01-23 14:07:32,372 - coint2.core.memory_optimization - INFO - 🔄 Initializing memory-mapped price data from .cache/consolidated_prices.parquet
2026-01-23 14:07:32,373 - INFO - ⇢ loading memory-mapped data — start
2026-01-23 14:07:32,374 - coint2.core.memory_optimization - WARNING - ⚠️ memory_map не поддерживается в текущей версии pyarrow, fallback без mmap
2026-01-23 14:07:32,394 - coint2.engine.numba_engine - INFO - Запуск Numba-оптимизированного бэктеста для BTCDAI-BTCEUR
2026-01-23 14:07:32,412 - INFO - ⇠ loading memory-mapped data — done in 0.67s
2026-01-23 14:07:32,456 - coint2.core.memory_optimization - INFO - 📊 Loaded 18241 rows × 366 symbols
2026-01-23 14:07:32,457 - coint2.core.memory_optimization - INFO - 💾 Memory usage: 26.9 MB (memory-mapped)
2026-01-23 14:07:32,531 - INFO - ⇠ loading memory-mapped data — done in 0.66s
2026-01-23 14:07:32,538 - coint2.engine.numba_engine - INFO - Запуск Numba-оптимизированного бэктеста для ETHDAI-ETHEUR
2026-01-23 14:07:32,538 - coint2.core.memory_optimization - INFO - 🔄 Initializing memory-mapped price data from .cache/consolidated_prices.parquet
2026-01-23 14:07:32,553 - INFO - ⇢ loading memory-mapped data — start
2026-01-23 14:07:32,553 - coint2.core.memory_optimization - WARNING - ⚠️ memory_map не поддерживается в текущей версии pyarrow, fallback без mmap
2026-01-23 14:07:32,583 - coint2.core.memory_optimization - INFO - 📊 Loaded 18241 rows × 366 symbols
2026-01-23 14:07:32,583 - coint2.core.memory_optimization - INFO - 💾 Memory usage: 26.9 MB (memory-mapped)
2026-01-23 14:07:32,657 - coint2.engine.numba_engine - INFO - Запуск Numba-оптимизированного бэктеста для BTCUSDC-BTCUSDT
2026-01-23 14:07:32,667 - INFO - ⇠ loading memory-mapped data — done in 0.67s
2026-01-23 14:07:32,739 - coint2.core.memory_optimization - INFO - 📊 Loaded 18241 rows × 366 symbols
2026-01-23 14:07:32,739 - coint2.core.memory_optimization - INFO - 💾 Memory usage: 26.9 MB (memory-mapped)
2026-01-23 14:07:32,797 - coint2.engine.numba_engine - INFO - Запуск Numba-оптимизированного бэктеста для AGLDUSDT-HFTUSDT
2026-01-23 14:07:32,822 - coint2.engine.numba_engine - INFO - Запуск Numba-оптимизированного бэктеста для ETHUSDC-ETHUSDT
2026-01-23 14:07:32,838 - coint2.engine.numba_engine - INFO - Запуск Numba-оптимизированного бэктеста для APEUSDC-HFTUSDT
2026-01-23 14:07:32,884 - INFO - ⇠ loading memory-mapped data — done in 0.75s
2026-01-23 14:07:32,932 - coint2.engine.numba_engine - INFO - Запуск Numba-оптимизированного бэктеста для APEUSDC-GODSUSDT
2026-01-23 14:07:32,961 - coint2.core.memory_optimization - INFO - 📊 Loaded 18241 rows × 366 symbols
2026-01-23 14:07:32,961 - coint2.core.memory_optimization - INFO - 💾 Memory usage: 26.9 MB (memory-mapped)
2026-01-23 14:07:32,966 - INFO - ⇠ loading memory-mapped data — done in 0.70s
2026-01-23 14:07:32,966 - coint2.engine.numba_engine - INFO - Запуск Numba-оптимизированного бэктеста для APEUSDT-GODSUSDT
2026-01-23 14:07:32,967 - coint2.engine.numba_engine - INFO - Запуск Numba-оптимизированного бэктеста для APEUSDC-HFTUSDC
2026-01-23 14:07:32,974 - INFO - ⇠ loading memory-mapped data — done in 0.60s
2026-01-23 14:07:33,013 - coint2.core.memory_optimization - INFO - 📊 Loaded 18241 rows × 366 symbols
2026-01-23 14:07:33,014 - coint2.core.memory_optimization - INFO - 💾 Memory usage: 26.9 MB (memory-mapped)
2026-01-23 14:07:33,035 - coint2.core.memory_optimization - INFO - 📊 Loaded 18241 rows × 366 symbols
2026-01-23 14:07:33,036 - coint2.core.memory_optimization - INFO - 💾 Memory usage: 26.9 MB (memory-mapped)
2026-01-23 14:07:33,043 - coint2.engine.numba_engine - INFO - Запуск Numba-оптимизированного бэктеста для APEUSDT-HFTUSDT
2026-01-23 14:07:33,068 - coint2.engine.numba_engine - INFO - Запуск Numba-оптимизированного бэктеста для ATOMUSDT-GODSUSDT
2026-01-23 14:07:33,072 - coint2.engine.numba_engine - INFO - Запуск Numba-оптимизированного бэктеста для HOOKUSDT-KAVAUSDT
2026-01-23 14:07:33,093 - coint2.engine.numba_engine - INFO - Запуск Numba-оптимизированного бэктеста для AXSUSDT-DOTUSDT
2026-01-23 14:07:33,117 - coint2.engine.numba_engine - INFO - Запуск Numba-оптимизированного бэктеста для CELOUSDT-ENJUSDT
2026-01-23 14:07:33,126 - INFO - ⇠ loading memory-mapped data — done in 0.57s
2026-01-23 14:07:33,115 - coint2.engine.numba_engine - INFO - Запуск Numba-оптимизированного бэктеста для AXSUSDT-DOTUSDC
2026-01-23 14:07:33,225 - coint2.core.memory_optimization - INFO - 📊 Loaded 18241 rows × 366 symbols
2026-01-23 14:07:33,226 - coint2.core.memory_optimization - INFO - 💾 Memory usage: 26.9 MB (memory-mapped)
2026-01-23 14:07:33,326 - coint2.engine.numba_engine - INFO - Запуск Numba-оптимизированного бэктеста для APEUSDC-ATOMUSDT
2026-01-23 14:07:33,340 - coint2.engine.numba_engine - INFO - Запуск Numba-оптимизированного бэктеста для APEUSDT-HFTUSDC
2026-01-23 14:07:33,340 - coint2.engine.numba_engine - INFO - Запуск Numba-оптимизированного бэктеста для AGLDUSDT-HFTUSDC
2026-01-23 14:07:33,381 - coint2.engine.numba_engine - INFO - Запуск Numba-оптимизированного бэктеста для APEUSDT-ATOMUSDT
2026-01-23 14:07:33,529 - coint2.engine.numba_engine - INFO - Запуск Numba-оптимизированного бэктеста для AFCUSDT-ANKRUSDT
2026-01-23 14:07:33,627 - INFO -   ⏱️ Параллельная обработка завершена за 2.1с (9.4 пар/с)
2026-01-23 14:07:33,639 - coint2.pipeline.walk_forward_orchestrator - INFO - 🎯 СИМУЛЯЦИЯ ПОРТФЕЛЯ: 20 пар, лимит 15 позиций
2026-01-23 14:07:34,372 - coint2.pipeline.walk_forward_orchestrator - INFO -    📈 Макс. одновременных сигналов: 18
2026-01-23 14:07:34,372 - coint2.pipeline.walk_forward_orchestrator - INFO -    📊 Средн. сигналов за период: 8.8
2026-01-23 14:07:34,372 - coint2.pipeline.walk_forward_orchestrator - INFO -    🎯 Финальных активных позиций: 4
2026-01-23 14:07:34,374 - coint2.pipeline.walk_forward_orchestrator - INFO -    ⚡ Утилизация лимита позиций: 58.4%
2026-01-23 14:07:34,375 - INFO - ⇠ WF-шаг 2/3 backtests — completed 20 items in 2.89s (6.9 items/s)
2026-01-23 14:07:34,375 - INFO -   ✅ Обработка завершена: 20 успешно, 0 с ошибками
2026-01-23 14:07:34,375 - INFO -   📊 Успешность: 100.0%, прибыльность: 35.0%, сделок/пара: 51.0
2026-01-23 14:07:34,375 - INFO -   ✅ Завершены бэктесты для 20 пар
2026-01-23 14:07:34,375 - INFO -   📊 Всего обработано пар в этом шаге: 20
2026-01-23 14:07:34,375 - INFO -   📈 Результаты шага: 7/20 прибыльных пар, 1019 сделок
2026-01-23 14:07:34,375 - INFO -   💰 P&L шага: $+9.42
2026-01-23 14:07:34,375 - INFO -   ⇢ Обновление капитала и дневного P&L...
2026-01-23 14:07:35,802 - INFO -   💼 Шаг P&L: $+9.42, Накопленный капитал: $1,490.26
2026-01-23 14:07:35,802 - INFO - ------------------------------------------------------------
2026-01-23 14:07:35,802 - INFO -   Walk-forward steps: 2 / 3 (66.7%) | 0.1 items/s | ETA: 15.9s
2026-01-23 14:07:35,802 - INFO - 🔍 WF-шаг 3/3: Валидация временных окон...
2026-01-23 14:07:35,803 - INFO - ⇢ WF-шаг 3/3: training 2023-12-02-2024-02-29, testing 2024-03-01-2024-03-31 — start
2026-01-23 14:07:35,803 - INFO - ⇢ loading step data — start
2026-01-23 14:07:36,159 - INFO - ⇠ loading step data — done in 0.36s
2026-01-23 14:07:38,279 - INFO - 📊 WF-шаг 3/3: Границы данных:
2026-01-23 14:07:38,279 - INFO -    Training: 2023-12-02 00:00:00 → 2024-02-29 23:45:00 (8,640 строк × 361 символов)
2026-01-23 14:07:38,279 - INFO -    Testing:  2024-03-01 00:00:00 → 2024-03-31 00:00:00 (2,881 строк × 361 символов)
2026-01-23 14:07:38,279 - INFO -    Временной разрыв: 0 days 00:15:00
2026-01-23 14:07:38,335 - INFO - ⇢ normalizing training data — start
2026-01-23 14:07:38,382 - INFO -   Символы с NaN значениями: 68
2026-01-23 14:07:38,382 - INFO -   Применяем метод нормализации: rolling_zscore
2026-01-23 14:07:38,407 - INFO - Символы с недостаточной историей: 56 из 361
2026-01-23 14:07:39,211 - INFO - Символы с NaN после нормализации: 305
2026-01-23 14:07:39,230 - INFO - Удалено 1673 начальных строк с NaN от rolling расчетов
2026-01-23 14:07:39,235 - INFO - Итоговое количество символов после нормализации: 305 из 361
2026-01-23 14:07:39,235 - INFO -   Статистика нормализации:
2026-01-23 14:07:39,235 - INFO -     Исходные символы: 361
2026-01-23 14:07:39,235 - INFO -     Недостаточная история: 56
2026-01-23 14:07:39,235 - INFO -     Постоянная цена: 0
2026-01-23 14:07:39,235 - INFO -     NaN после нормализации: 305
2026-01-23 14:07:39,235 - INFO -     Итоговые символы: 305 (84.5%)
2026-01-23 14:07:39,235 - INFO -   После нормализации: 305 символов (потеряно 56)
2026-01-23 14:07:39,235 - INFO -   Отброшено много символов: 56 из 361
2026-01-23 14:07:39,235 - INFO - ⇠ normalizing training data — done in 0.90s
2026-01-23 14:07:39,236 - INFO -   Фиксированный universe: 250 пар (отфильтровано 0 недоступных)
2026-01-23 14:07:39,236 - INFO - ⇢ filtering pairs by cointegration and half-life — start
2026-01-23 14:07:39,236 - INFO - [ФИЛЬТР] Параллельная фильтрация: threads (8 workers)
2026-01-23 14:07:49,221 - INFO - [ФИЛЬТР] После проверки данных: 239 пар
2026-01-23 14:07:49,222 - INFO - [ФИЛЬТР] После фильтра корреляции (>0.4): 137 пар
2026-01-23 14:07:49,222 - INFO - [ФИЛЬТР] После фильтра beta: 127 пар
2026-01-23 14:07:49,222 - INFO - [ФИЛЬТР] После фильтра mean crossings: 127 пар
2026-01-23 14:07:49,222 - INFO - [ФИЛЬТР] После фильтра half-life: 127 пар
2026-01-23 14:07:49,222 - INFO - [ФИЛЬТР] После фильтра коинтеграции: 92 пар
2026-01-23 14:07:49,222 - INFO - [ФИЛЬТР] После фильтра Hurst: 76 пар
2026-01-23 14:07:49,222 - INFO - [ФИЛЬТР] После фильтра KPSS: 76 пар
2026-01-23 14:07:49,222 - INFO - [ФИЛЬТР] После фильтра market microstructure: 68 пар
2026-01-23 14:07:49,222 - INFO - [ФИЛЬТР] Статистика фильтрации (оптимизированный порядок):
2026-01-23 14:07:49,222 - INFO -   1. SSD → Коинтеграция: 250 → 92 пар
2026-01-23 14:07:49,222 - INFO -   2. Коинтеграция → Beta: 92 → 127 пар
2026-01-23 14:07:49,222 - INFO -   3. Beta → Half-life: 127 → 127 пар
2026-01-23 14:07:49,222 - INFO -   4. Half-life → Mean crossings: 127 → 127 пар
2026-01-23 14:07:49,222 - INFO -   5. Mean crossings → Hurst: 127 → 76 пар
2026-01-23 14:07:49,222 - INFO -   6. Hurst → KPSS: 76 → 76 пар
2026-01-23 14:07:49,222 - INFO -   7. KPSS → Market microstructure: 76 → 68 пар
2026-01-23 14:07:49,222 - INFO - [ФИЛЬТР] Причины отсева:
2026-01-23 14:07:49,222 - INFO -   • low_correlation: 102 пар (40.8%)
2026-01-23 14:07:49,222 - INFO -   • pvalue: 35 пар (14.0%)
2026-01-23 14:07:49,222 - INFO -   • hurst: 16 пар (6.4%)
2026-01-23 14:07:49,222 - INFO -   • insufficient_data: 11 пар (4.4%)
2026-01-23 14:07:49,222 - INFO -   • beta: 10 пар (4.0%)
2026-01-23 14:07:49,222 - INFO -   • history: 8 пар (3.2%)
2026-01-23 14:07:49,222 - INFO - [ФИЛЬТР] Итого: 250 → 68 пар (27.2% прошли все фильтры)
2026-01-23 14:07:49,224 - INFO - Причины отсева сохранены в results/filter_reasons_20260123_140749.csv
2026-01-23 14:07:49,224 - INFO -   Pair stability filter: 68 → 29 (window=2, min_steps=1, history=2)
2026-01-23 14:07:49,225 - INFO -   Фильтрация: 250 → 29 пар
2026-01-23 14:07:49,225 - INFO - ⇠ filtering pairs by cointegration and half-life — done in 9.99s
2026-01-23 14:07:49,225 - INFO - ⇠ WF-шаг 3/3: training 2023-12-02-2024-02-29, testing 2024-03-01-2024-03-31 — done in 13.42s
2026-01-23 14:07:49,225 - INFO -   Ограничение max_pairs=20: 29 → 20
2026-01-23 14:07:49,225 - INFO -   Топ-3 пары по волатильности спреда:
2026-01-23 14:07:49,225 - INFO -     1. BTCDAI-BTCEUR: beta=1.0480, std=582.7625
2026-01-23 14:07:49,225 - INFO -     2. ETHDAI-ETHEUR: beta=1.0530, std=30.4486
2026-01-23 14:07:49,225 - INFO -     3. ATOMUSDT-GODSUSDT: beta=8.5838, std=0.6434
2026-01-23 14:07:49,225 - INFO -   Всего пар для торговли: 20 (ограничение 15 применяется к одновременно открытым позициям)
2026-01-23 14:07:49,229 - INFO -   💰 Проверка расчета капитала: equity=$1,490.26, кандидатных_пар=20, max_позиций=15
2026-01-23 14:07:49,229 - INFO -   🎯 Target concurrency: 15 (ожидаемое одновременное число позиций)
2026-01-23 14:07:49,229 - INFO -   📊 Детали расчета капитала:
2026-01-23 14:07:49,230 - INFO -      • Базовый капитал на пару: $99.35 (equity / target_concurrency)
2026-01-23 14:07:49,230 - INFO -      • Риск-капитал: $29.81 (2.0% от equity)
2026-01-23 14:07:49,230 - INFO -      • Макс. размер позиции: $74.51 (5.0% от equity)
2026-01-23 14:07:49,230 - INFO -      • Итоговый капитал на пару: $29.81
2026-01-23 14:07:49,230 - INFO - ⇢ WF-шаг 3/3 backtests — starting 20 items
2026-01-23 14:07:49,230 - INFO - 🚀 WF-шаг 3/3: Начинаем бэктесты для 20 пар...
2026-01-23 14:07:49,230 - INFO - 🚀 WF-шаг 3/3: Запускаем параллельную обработку 20 пар на 8 ядрах...
2026-01-23 14:07:49,230 - INFO - 🚀 WF-шаг 3/3: Режим параллельности: процессы
⚙️  Загрузка данных за период: 2023-12-02 -> 2024-03-31
📂 Найдено 43 parquet файлов для обработки.
📊 Схема данных: Schema({'timestamp': Int64, 'open': Float64, 'high': Float64, 'low': Float64, 'close': Float64, 'volume': Float64, 'turnover': String, 'ts_ms': Int64, 'symbol': String})
✅ Загружено 3779046 записей с помощью Polars.
📊 Типы данных в pandas: timestamp       datetime64[us]
symbol                  object
close                  float64
timestamp_ms             int64
dtype: object
2026-01-23 14:07:49,434 - coint2.core.memory_optimization - INFO - 🔄 Initializing memory-mapped price data from .cache/consolidated_prices.parquet
2026-01-23 14:07:49,443 - INFO - ⇢ loading memory-mapped data — start
2026-01-23 14:07:49,443 - coint2.core.memory_optimization - WARNING - ⚠️ memory_map не поддерживается в текущей версии pyarrow, fallback без mmap
2026-01-23 14:07:49,596 - coint2.core.memory_optimization - INFO - 🔄 Initializing memory-mapped price data from .cache/consolidated_prices.parquet
2026-01-23 14:07:49,597 - INFO - ⇢ loading memory-mapped data — start
2026-01-23 14:07:49,598 - coint2.core.memory_optimization - WARNING - ⚠️ memory_map не поддерживается в текущей версии pyarrow, fallback без mmap
2026-01-23 14:07:49,715 - coint2.core.memory_optimization - INFO - 🔄 Initializing memory-mapped price data from .cache/consolidated_prices.parquet
2026-01-23 14:07:49,716 - INFO - ⇢ loading memory-mapped data — start
2026-01-23 14:07:49,717 - coint2.core.memory_optimization - WARNING - ⚠️ memory_map не поддерживается в текущей версии pyarrow, fallback без mmap
2026-01-23 14:07:49,840 - coint2.core.memory_optimization - INFO - 🔄 Initializing memory-mapped price data from .cache/consolidated_prices.parquet
2026-01-23 14:07:49,841 - INFO - ⇢ loading memory-mapped data — start
2026-01-23 14:07:49,841 - coint2.core.memory_optimization - WARNING - ⚠️ memory_map не поддерживается в текущей версии pyarrow, fallback без mmap
2026-01-23 14:07:49,912 - INFO - ⇠ loading memory-mapped data — done in 0.47s
2026-01-23 14:07:49,977 - coint2.core.memory_optimization - INFO - 📊 Loaded 18241 rows × 366 symbols
2026-01-23 14:07:49,977 - coint2.core.memory_optimization - INFO - 💾 Memory usage: 26.9 MB (memory-mapped)
2026-01-23 14:07:49,980 - coint2.core.memory_optimization - INFO - 🔄 Initializing memory-mapped price data from .cache/consolidated_prices.parquet
2026-01-23 14:07:49,981 - INFO - ⇢ loading memory-mapped data — start
2026-01-23 14:07:49,981 - coint2.core.memory_optimization - WARNING - ⚠️ memory_map не поддерживается в текущей версии pyarrow, fallback без mmap
2026-01-23 14:07:50,068 - coint2.engine.numba_engine - INFO - Запуск Numba-оптимизированного бэктеста для BTCDAI-BTCEUR
2026-01-23 14:07:50,059 - coint2.core.memory_optimization - INFO - 🔄 Initializing memory-mapped price data from .cache/consolidated_prices.parquet
2026-01-23 14:07:50,071 - INFO - ⇢ loading memory-mapped data — start
2026-01-23 14:07:50,071 - coint2.core.memory_optimization - WARNING - ⚠️ memory_map не поддерживается в текущей версии pyarrow, fallback без mmap
2026-01-23 14:07:50,164 - INFO - ⇠ loading memory-mapped data — done in 0.57s
2026-01-23 14:07:50,191 - coint2.core.memory_optimization - INFO - 🔄 Initializing memory-mapped price data from .cache/consolidated_prices.parquet
2026-01-23 14:07:50,192 - INFO - ⇢ loading memory-mapped data — start
2026-01-23 14:07:50,192 - coint2.core.memory_optimization - WARNING - ⚠️ memory_map не поддерживается в текущей версии pyarrow, fallback без mmap
2026-01-23 14:07:50,240 - coint2.core.memory_optimization - INFO - 📊 Loaded 18241 rows × 366 symbols
2026-01-23 14:07:50,241 - coint2.core.memory_optimization - INFO - 💾 Memory usage: 26.9 MB (memory-mapped)
2026-01-23 14:07:50,323 - INFO - ⇠ loading memory-mapped data — done in 0.61s
2026-01-23 14:07:50,325 - coint2.engine.numba_engine - INFO - Запуск Numba-оптимизированного бэктеста для ETHDAI-ETHEUR
2026-01-23 14:07:50,334 - coint2.core.memory_optimization - INFO - 🔄 Initializing memory-mapped price data from .cache/consolidated_prices.parquet
2026-01-23 14:07:50,346 - INFO - ⇢ loading memory-mapped data — start
2026-01-23 14:07:50,346 - coint2.core.memory_optimization - WARNING - ⚠️ memory_map не поддерживается в текущей версии pyarrow, fallback без mmap
2026-01-23 14:07:50,406 - coint2.core.memory_optimization - INFO - 📊 Loaded 18241 rows × 366 symbols
2026-01-23 14:07:50,406 - coint2.core.memory_optimization - INFO - 💾 Memory usage: 26.9 MB (memory-mapped)
2026-01-23 14:07:50,407 - coint2.engine.numba_engine - INFO - Запуск Numba-оптимизированного бэктеста для APEUSDC-HFTUSDC
2026-01-23 14:07:50,433 - INFO - ⇠ loading memory-mapped data — done in 0.59s
2026-01-23 14:07:50,477 - coint2.core.memory_optimization - INFO - 📊 Loaded 18241 rows × 366 symbols
2026-01-23 14:07:50,477 - coint2.core.memory_optimization - INFO - 💾 Memory usage: 26.9 MB (memory-mapped)
2026-01-23 14:07:50,515 - coint2.engine.numba_engine - INFO - Запуск Numba-оптимизированного бэктеста для BICOUSDT-KASTAUSDT
2026-01-23 14:07:50,532 - coint2.engine.numba_engine - INFO - Запуск Numba-оптимизированного бэктеста для ATOMUSDT-GODSUSDT
2026-01-23 14:07:50,561 - coint2.engine.numba_engine - INFO - Запуск Numba-оптимизированного бэктеста для ATOMUSDT-KCALUSDT
2026-01-23 14:07:50,583 - INFO - ⇠ loading memory-mapped data — done in 0.51s
2026-01-23 14:07:50,607 - coint2.core.memory_optimization - INFO - 📊 Loaded 18241 rows × 366 symbols
2026-01-23 14:07:50,607 - coint2.core.memory_optimization - INFO - 💾 Memory usage: 26.9 MB (memory-mapped)
2026-01-23 14:07:50,621 - INFO - ⇠ loading memory-mapped data — done in 0.64s
2026-01-23 14:07:50,636 - coint2.engine.numba_engine - INFO - Запуск Numba-оптимизированного бэктеста для APEUSDT-GODSUSDT
2026-01-23 14:07:50,678 - coint2.core.memory_optimization - INFO - 📊 Loaded 18241 rows × 366 symbols
2026-01-23 14:07:50,678 - coint2.core.memory_optimization - INFO - 💾 Memory usage: 26.9 MB (memory-mapped)
2026-01-23 14:07:50,743 - coint2.engine.numba_engine - INFO - Запуск Numba-оптимизированного бэктеста для CAKEUSDT-FIDAUSDT
2026-01-23 14:07:50,746 - coint2.engine.numba_engine - INFO - Запуск Numba-оптимизированного бэктеста для APEUSDT-HFTUSDC
2026-01-23 14:07:50,844 - INFO - ⇠ loading memory-mapped data — done in 0.65s
2026-01-23 14:07:50,849 - coint2.engine.numba_engine - INFO - Запуск Numba-оптимизированного бэктеста для 1INCHUSDT-AXSUSDT
2026-01-23 14:07:50,864 - coint2.engine.numba_engine - INFO - Запуск Numba-оптимизированного бэктеста для APEUSDC-ATOMUSDT
2026-01-23 14:07:50,890 - coint2.engine.numba_engine - INFO - Запуск Numba-оптимизированного бэктеста для GODSUSDT-KCALUSDT
2026-01-23 14:07:50,900 - coint2.core.memory_optimization - INFO - 📊 Loaded 18241 rows × 366 symbols
2026-01-23 14:07:50,900 - coint2.core.memory_optimization - INFO - 💾 Memory usage: 26.9 MB (memory-mapped)
2026-01-23 14:07:50,919 - coint2.engine.numba_engine - INFO - Запуск Numba-оптимизированного бэктеста для APEUSDT-ATOMUSDT
2026-01-23 14:07:50,921 - coint2.engine.numba_engine - INFO - Запуск Numba-оптимизированного бэктеста для AFCUSDT-ANKRUSDT
2026-01-23 14:07:50,926 - INFO - ⇠ loading memory-mapped data — done in 0.58s
2026-01-23 14:07:50,934 - coint2.engine.numba_engine - INFO - Запуск Numba-оптимизированного бэктеста для GMTUSDC-KAVAUSDT
2026-01-23 14:07:50,955 - coint2.core.memory_optimization - INFO - 📊 Loaded 18241 rows × 366 symbols
2026-01-23 14:07:50,956 - coint2.core.memory_optimization - INFO - 💾 Memory usage: 26.9 MB (memory-mapped)
2026-01-23 14:07:50,961 - coint2.engine.numba_engine - INFO - Запуск Numba-оптимизированного бэктеста для AGLDUSDT-HFTUSDC
2026-01-23 14:07:50,985 - coint2.engine.numba_engine - INFO - Запуск Numba-оптимизированного бэктеста для AGLDUSDT-HFTUSDT
2026-01-23 14:07:50,990 - coint2.engine.numba_engine - INFO - Запуск Numba-оптимизированного бэктеста для GMTUSDT-KAVAUSDT
2026-01-23 14:07:51,097 - coint2.engine.numba_engine - INFO - Запуск Numba-оптимизированного бэктеста для BICOUSDT-ETHWUSDT
2026-01-23 14:07:51,097 - coint2.engine.numba_engine - INFO - Запуск Numba-оптимизированного бэктеста для AVAUSDT-FITFIUSDT
2026-01-23 14:07:51,163 - INFO -   ⏱️ Параллельная обработка завершена за 1.9с (10.4 пар/с)
2026-01-23 14:07:51,175 - coint2.pipeline.walk_forward_orchestrator - INFO - 🎯 СИМУЛЯЦИЯ ПОРТФЕЛЯ: 20 пар, лимит 15 позиций
2026-01-23 14:07:51,939 - coint2.pipeline.walk_forward_orchestrator - INFO -    📈 Макс. одновременных сигналов: 16
2026-01-23 14:07:51,939 - coint2.pipeline.walk_forward_orchestrator - INFO -    📊 Средн. сигналов за период: 8.5
2026-01-23 14:07:51,939 - coint2.pipeline.walk_forward_orchestrator - INFO -    🎯 Финальных активных позиций: 7
2026-01-23 14:07:51,940 - coint2.pipeline.walk_forward_orchestrator - INFO -    ⚡ Утилизация лимита позиций: 56.4%
2026-01-23 14:07:51,941 - INFO - ⇠ WF-шаг 3/3 backtests — completed 20 items in 2.71s (7.4 items/s)
2026-01-23 14:07:51,941 - INFO -   ✅ Обработка завершена: 20 успешно, 0 с ошибками
2026-01-23 14:07:51,941 - INFO -   📊 Успешность: 100.0%, прибыльность: 50.0%, сделок/пара: 50.6
2026-01-23 14:07:51,941 - INFO -   ✅ Завершены бэктесты для 20 пар
2026-01-23 14:07:51,941 - INFO -   📊 Всего обработано пар в этом шаге: 20
2026-01-23 14:07:51,941 - INFO -   📈 Результаты шага: 10/20 прибыльных пар, 1013 сделок
2026-01-23 14:07:51,941 - INFO -   💰 P&L шага: $-295.83
2026-01-23 14:07:51,941 - INFO -   ⇢ Обновление капитала и дневного P&L...
2026-01-23 14:07:53,441 - INFO -   💼 Шаг P&L: $-295.83, Накопленный капитал: $1,194.43
2026-01-23 14:07:53,441 - INFO - ------------------------------------------------------------
2026-01-23 14:07:53,442 - INFO -   Walk-forward steps: 3 / 3 (100.0%) | 0.1 items/s | ETA: 0.0s
2026-01-23 14:07:53,442 - INFO - ⇠ Walk-forward steps — completed 3 items in 49.54s (0.1 items/s)
2026-01-23 14:07:53,442 - INFO - ================================================================================
2026-01-23 14:07:53,442 - INFO - 🏁 Walk-forward анализ завершен!
2026-01-23 14:07:53,442 - INFO - ⏱️ Обработано 3 шагов за 4.2 секунд
2026-01-23 14:07:53,442 - INFO - 📊 Всего обработано пар за весь анализ: 60
2026-01-23 14:07:53,442 - INFO - 💰 Финальный капитал: $1,194.43 (было $1,000.00)
2026-01-23 14:07:53,442 - INFO - 📈 Общая доходность: +19.44% ($+194.43)
2026-01-23 14:07:53,442 - INFO - 📊 Всего сделок: 0
2026-01-23 14:07:53,442 - INFO - ================================================================================
2026-01-23 14:07:53,442 - INFO - ✓ Завершены все 3 WF-шагов
2026-01-23 14:07:53,442 - INFO - ⇢ Обработка финальных результатов и расчет метрик...
2026-01-23 14:07:53,442 - INFO - ⇢ processing final results — start
2026-01-23 14:07:53,443 - INFO -   ⇢ Агрегация данных P&L за 8643 торговых дней
2026-01-23 14:07:53,465 - INFO -   ⇢ Расчет базовых метрик производительности...
2026-01-23 14:07:53,465 - INFO -     📊 Данные для анализа: 8643 записей P&L, 8641 точек equity
2026-01-23 14:07:53,468 - INFO -   ⇢ Расчет расширенных метрик (волатильность, Calmar ratio, и др.)...
2026-01-23 14:07:53,468 - INFO -   ✅ Расширенные метрики рассчитаны: 6 показателей
2026-01-23 14:07:53,468 - INFO -   ⇢ Анализ статистики по 60 парам...
2026-01-23 14:07:53,472 - INFO - ✅ Рассчитаны метрики производительности (26 показателей)
2026-01-23 14:07:53,473 - INFO -   💰 Общий P&L: $+194.43
2026-01-23 14:07:53,473 - INFO -   📊 Sharpe Ratio: 1.220
2026-01-23 14:07:53,473 - INFO -   📉 Максимальная просадка: -49862.54%
2026-01-23 14:07:53,473 - INFO -   🔄 Всего сделок: 3050
2026-01-23 14:07:53,473 - INFO -   📈 Торгуемых пар: 31
2026-01-23 14:07:53,473 - INFO -   💸 Общие издержки: $269.95
2026-01-23 14:07:53,473 - coint2.metrics - INFO - Metric: total_pnl
2026-01-23 14:07:53,474 - coint2.metrics - INFO - Metric: sharpe_ratio_abs
2026-01-23 14:07:53,474 - coint2.metrics - INFO - Metric: max_drawdown_pct
2026-01-23 14:07:53,474 - coint2.metrics - INFO - Metric: total_trades
2026-01-23 14:07:53,474 - coint2.metrics - INFO - Metric: total_pairs_traded
2026-01-23 14:07:53,474 - coint2.metrics - INFO - Metric: total_costs
2026-01-23 14:07:53,475 - INFO - ⇠ processing final results — done in 0.03s
2026-01-23 14:07:53,475 - INFO - ⇢ Создание отчетов и сохранение результатов...
2026-01-23 14:07:53,475 - INFO - ⇢ generating reports — start
2026-01-23 14:07:53,475 - INFO -   ⇢ Создание отчета о производительности...
2026-01-23 14:07:59,972 - INFO -   ✓ Отчет о производительности создан
2026-01-23 14:07:59,972 - INFO -   ⇢ Сохранение данных в CSV файлы...
2026-01-23 14:07:59,975 - INFO - 📋 Метрики сохранены: artifacts/wfa/runs/20260123_budget1000_oos20240101_20240630_top50_maxnot40_lowrisk_maxpairsgrid/stress_relaxed8_nokpss_20260123_oos20240101_20240630_top50_z1p00_exit0p06_hold180_cd180_ms0p2_cap1000_maxnot40_risk0p02_minnot20_maxpairs20/strategy_metrics.csv
2026-01-23 14:07:59,976 - INFO - 📈 Дневные P&L сохранены: artifacts/wfa/runs/20260123_budget1000_oos20240101_20240630_top50_maxnot40_lowrisk_maxpairsgrid/stress_relaxed8_nokpss_20260123_oos20240101_20240630_top50_z1p00_exit0p06_hold180_cd180_ms0p2_cap1000_maxnot40_risk0p02_minnot20_maxpairs20/daily_pnl.csv (91 записей)
2026-01-23 14:08:00,010 - INFO - 💹 Кривая капитала сохранена: artifacts/wfa/runs/20260123_budget1000_oos20240101_20240630_top50_maxnot40_lowrisk_maxpairsgrid/stress_relaxed8_nokpss_20260123_oos20240101_20240630_top50_z1p00_exit0p06_hold180_cd180_ms0p2_cap1000_maxnot40_risk0p02_minnot20_maxpairs20/equity_curve.csv (8641 точек)
2026-01-23 14:08:00,014 - INFO - 📋 Статистика сделок сохранена: artifacts/wfa/runs/20260123_budget1000_oos20240101_20240630_top50_maxnot40_lowrisk_maxpairsgrid/stress_relaxed8_nokpss_20260123_oos20240101_20240630_top50_z1p00_exit0p06_hold180_cd180_ms0p2_cap1000_maxnot40_risk0p02_minnot20_maxpairs20/trade_statistics.csv (60 записей)
2026-01-23 14:08:00,014 - INFO - 🎉 Walk-Forward анализ полностью завершен!
2026-01-23 14:08:00,014 - INFO - 📊 Все отчеты и данные сохранены в: artifacts/wfa/runs/20260123_budget1000_oos20240101_20240630_top50_maxnot40_lowrisk_maxpairsgrid/stress_relaxed8_nokpss_20260123_oos20240101_20240630_top50_z1p00_exit0p06_hold180_cd180_ms0p2_cap1000_maxnot40_risk0p02_minnot20_maxpairs20
2026-01-23 14:08:00,015 - INFO - 💼 Итоговый капитал: $1,194.43
2026-01-23 14:08:00,015 - INFO - ⏱️  Общее время выполнения: 10.8 секунд
2026-01-23 14:08:00,015 - INFO - ⇠ generating reports — done in 6.54s
2026-01-23 14:08:00,015 - coint2.core.memory_optimization - INFO - 📊 No global price data to clean up
2026-01-23 14:08:00,015 - coint2.core.memory_optimization - INFO - 📊 No global rolling stats to clean up
2026-01-23 14:08:00,015 - INFO - 🧹 Memory-mapped data cleaned up
2026-01-23 14:08:00,017 - INFO - ⇠ run_walk_forward_analysis — done in 62.08s
📊 Отчет сохранен: artifacts/wfa/runs/20260123_budget1000_oos20240101_20240630_top50_maxnot40_lowrisk_maxpairsgrid/stress_relaxed8_nokpss_20260123_oos20240101_20240630_top50_z1p00_exit0p06_hold180_cd180_ms0p2_cap1000_maxnot40_risk0p02_minnot20_maxpairs20/CointegrationStrategy_performance_report.png
🎯 ============================================================
📊 ИТОГИ ТОРГОВОЙ СТРАТЕГИИ
🎯 ============================================================

💰 ФИНАНСОВЫЕ РЕЗУЛЬТАТЫ:
   • Общий P&L:                          194
   • Максимальная просадка:             -499
   • Средний дневной P&L:                  2

📈 МЕТРИКИ РИСКА:
   • Коэффициент Шарпа:               1.2196
   • Волатильность P&L:                85.89
   • Процент прибыльных дней:         52.75%

🔄 ТОРГОВАЯ АКТИВНОСТЬ:
   • Всего торговых дней:                 91
   • Всего сделок:                     3,050
   • Торгуемых пар:                       31
   • Сделок на пару:                    50.8
   • Успешность сделок:               0.91%

💸 РАСХОДЫ И ЭКСТРЕМУМЫ:
   • Общие расходы:                      270
   • Максимальная прибыль:               223
   • Максимальный убыток:               -313
   • Лучшая пара (P&L):                  260
   • Худшая пара (P&L):                 -299

📊 ОЦЕНКА СТРАТЕГИИ:
   ✅ ОТЛИЧНАЯ стратегия! Высокий Шарп и положительный результат

🎯 ============================================================

Annualized Sharpe Ratio: 1.2196418913989893
[run_wfa_fullcpu] end: 2026-01-23T14:08:01Z
