[run_wfa_queue] 2026-01-19T08:47:20Z cmd: /opt/coint4/coint4/run_wfa_fullcpu.sh configs/stability_20260119_relaxed3/stability_relaxed3_20260119_pv0p06_hurst0p6_hl0p02_60_corr0p55_ssd30000_st1.yaml artifacts/wfa/runs/20260119_stability_relaxed3/stability_relaxed3_20260119_pv0p06_hurst0p6_hl0p02_60_corr0p55_ssd30000_st1
[run_wfa_fullcpu] start: 2026-01-19T08:47:20Z
[run_wfa_fullcpu] os.cpu_count: 8
[run_wfa_fullcpu] worker_pid=1275
2026-01-19 08:47:23,551 - coint2.core.memory_optimization - INFO - ✅ BLAS threading limits set to 1 via threadpoolctl
2026-01-19 08:47:23,551 - coint2.core.memory_optimization - INFO - 🔧 Controlled libraries: openblas, openmp
2026-01-19 08:47:23,552 - coint2.core.memory_optimization - INFO - 🧵 Process threads: 2 → 2
2026-01-19 08:47:23,552 - coint2.core.memory_optimization - INFO - 📝 Set 11 environment variables
2026-01-19 08:47:23,933 - INFO - ✅ Параметры конфигурации валидны
2026-01-19 08:47:23,933 - INFO - 📝 Некоторые параметры были скорректированы:
2026-01-19 08:47:23,934 - INFO - 🧭 WFA: динамический отбор пар на каждом шаге
2026-01-19 08:47:23,934 - INFO -   Шаг 1: тренировка 2023-08-02-2023-09-30, тест 2023-10-01-2023-10-31
2026-01-19 08:47:23,934 - INFO -   Шаг 2: тренировка 2023-09-01-2023-10-30, тест 2023-10-31-2023-11-30
2026-01-19 08:47:23,934 - INFO -   Шаг 3: тренировка 2023-10-01-2023-11-29, тест 2023-11-30-2023-12-30
2026-01-19 08:47:23,934 - INFO -   Шаг 4: тренировка 2023-10-31-2023-12-29, тест 2023-12-30-2024-01-29
2026-01-19 08:47:23,934 - INFO -   Шаг 5: тренировка 2023-11-30-2024-01-28, тест 2024-01-29-2024-02-28
2026-01-19 08:47:23,934 - INFO -   Шаг 6: тренировка 2023-12-30-2024-02-27, тест 2024-02-28-2024-03-29
2026-01-19 08:47:23,934 - INFO -   Шаг 7: тренировка 2024-01-29-2024-03-28, тест 2024-03-29-2024-04-28
2026-01-19 08:47:23,934 - INFO -   Шаг 8: тренировка 2024-02-28-2024-04-27, тест 2024-04-28-2024-05-28
2026-01-19 08:47:23,934 - INFO - 📈 Запланировано 8 walk-forward шагов
2026-01-19 08:47:23,934 - INFO - ⛔ Ограничение WFA шагов: 8 → 5
2026-01-19 08:47:23,934 - WARNING - ⚠️ Маленький буфер между training и testing в шаге 1: 0 дней. Рекомендуется минимум 1 день.
2026-01-19 08:47:23,934 - WARNING - ⚠️ Маленький буфер между training и testing в шаге 2: 0 дней. Рекомендуется минимум 1 день.
2026-01-19 08:47:23,934 - WARNING - ⚠️ Маленький буфер между training и testing в шаге 3: 0 дней. Рекомендуется минимум 1 день.
2026-01-19 08:47:23,934 - WARNING - ⚠️ Маленький буфер между training и testing в шаге 4: 0 дней. Рекомендуется минимум 1 день.
2026-01-19 08:47:23,934 - WARNING - ⚠️ Маленький буфер между training и testing в шаге 5: 0 дней. Рекомендуется минимум 1 день.
2026-01-19 08:47:23,934 - INFO - ✅ Шаги успешно запланированы:
2026-01-19 08:47:23,934 - INFO -    Шаг 1: тренировка 2023-08-02-2023-09-30, тест 2023-10-01-2023-10-31
2026-01-19 08:47:23,935 - INFO -    Шаг 2: тренировка 2023-09-01-2023-10-30, тест 2023-10-31-2023-11-30
2026-01-19 08:47:23,935 - INFO -    Шаг 3: тренировка 2023-10-01-2023-11-29, тест 2023-11-30-2023-12-30
2026-01-19 08:47:23,935 - INFO -    Шаг 4: тренировка 2023-10-31-2023-12-29, тест 2023-12-30-2024-01-29
2026-01-19 08:47:23,935 - INFO -    Шаг 5: тренировка 2023-11-30-2024-01-28, тест 2024-01-29-2024-02-28
2026-01-19 08:47:23,935 - INFO - 🗂️ Consolidating price data for memory-mapped access...
2026-01-19 08:47:23,935 - INFO - 📊 Consolidating data range: 2023-07-28 → 2024-03-04
2026-01-19 08:47:23,935 - coint2.core.memory_optimization - INFO - 🔄 Consolidating price data from data_downloaded to .cache/consolidated_prices.parquet
2026-01-19 08:47:23,935 - INFO - ⇢ loading raw data for consolidation — start
2026-01-19 08:47:25,432 - INFO - ⇠ loading raw data for consolidation — done in 1.50s
2026-01-19 08:47:25,432 - INFO - ⇢ pivoting data to wide format — start
2026-01-19 08:47:30,577 - INFO - ⇠ pivoting data to wide format — done in 5.14s
2026-01-19 08:47:30,636 - coint2.core.memory_optimization - INFO - 📊 Consolidated data: 21121 rows × 346 symbols
2026-01-19 08:47:30,636 - coint2.core.memory_optimization - INFO - 💾 Memory usage: 29.4 MB
2026-01-19 08:47:30,637 - INFO - ⇢ writing consolidated Parquet file — start
2026-01-19 08:47:30,861 - INFO - ⇠ writing consolidated Parquet file — done in 0.22s
2026-01-19 08:47:30,862 - coint2.core.memory_optimization - INFO - ✅ Successfully consolidated data to .cache/consolidated_prices.parquet
2026-01-19 08:47:30,886 - coint2.core.memory_optimization - INFO - 🔄 Initializing memory-mapped price data from .cache/consolidated_prices.parquet
2026-01-19 08:47:30,887 - INFO - ⇢ loading memory-mapped data — start
2026-01-19 08:47:30,887 - coint2.core.memory_optimization - WARNING - ⚠️ memory_map не поддерживается в текущей версии pyarrow, fallback без mmap
2026-01-19 08:47:31,011 - INFO - ⇠ loading memory-mapped data — done in 0.12s
2026-01-19 08:47:31,020 - coint2.core.memory_optimization - INFO - 📊 Loaded 21121 rows × 346 symbols
2026-01-19 08:47:31,020 - coint2.core.memory_optimization - INFO - 💾 Memory usage: 29.4 MB (memory-mapped)
2026-01-19 08:47:31,021 - INFO - ✅ Memory-mapped data initialized successfully
2026-01-19 08:47:31,022 - INFO - ⇢ Walk-forward steps — starting 5 items
2026-01-19 08:47:31,022 - INFO - 📈 Инициализация equity кривой с первой тестовой даты: 2023-10-01 00:00:00
2026-01-19 08:47:31,022 - INFO - 🔍 WF-шаг 1/5: Валидация временных окон...
2026-01-19 08:47:31,023 - INFO - ⇢ WF-шаг 1/5: training 2023-08-02-2023-09-30, testing 2023-10-01-2023-10-31 — start
2026-01-19 08:47:31,023 - INFO - ⇢ loading step data — start
2026-01-19 08:47:31,182 - INFO - ⇠ loading step data — done in 0.16s
2026-01-19 08:47:32,469 - INFO - 📊 WF-шаг 1/5: Границы данных:
2026-01-19 08:47:32,470 - INFO -    Training: 2023-08-02 00:00:00 → 2023-09-30 23:45:00 (5,760 строк × 282 символов)
2026-01-19 08:47:32,470 - INFO -    Testing:  2023-10-01 00:00:00 → 2023-10-31 00:00:00 (2,881 строк × 282 символов)
2026-01-19 08:47:32,470 - INFO -    Временной разрыв: 0 days 00:15:00
2026-01-19 08:47:32,505 - INFO - ⇢ normalizing training data — start
2026-01-19 08:47:32,540 - INFO -   Символы с NaN значениями: 20
2026-01-19 08:47:32,540 - INFO -   Применяем метод нормализации: rolling_zscore
2026-01-19 08:47:32,555 - INFO - Символы с недостаточной историей: 20 из 282
2026-01-19 08:47:32,913 - INFO - Символы с NaN после нормализации: 262
2026-01-19 08:47:32,919 - INFO - Удалено 1 начальных строк с NaN от rolling расчетов
2026-01-19 08:47:32,922 - INFO - Итоговое количество символов после нормализации: 262 из 282
2026-01-19 08:47:32,922 - INFO -   Статистика нормализации:
2026-01-19 08:47:32,922 - INFO -     Исходные символы: 282
2026-01-19 08:47:32,922 - INFO -     Недостаточная история: 20
2026-01-19 08:47:32,922 - INFO -     Постоянная цена: 0
2026-01-19 08:47:32,922 - INFO -     NaN после нормализации: 262
2026-01-19 08:47:32,922 - INFO -     Итоговые символы: 262 (92.9%)
2026-01-19 08:47:32,922 - INFO -   После нормализации: 262 символов (потеряно 20)
2026-01-19 08:47:32,922 - INFO -   Отброшенные символы: ADAEUR, BEAMUSDT, BTCEUR, CYBERUSDT, DOGEEUR, ETHEUR, FETUSDT, JEFFUSDT, KASUSDT, KAVAUSDT, LTCEUR, ORDIUSDT, POLUSDT, PPTUSDT, PYUSDUSDT, SEIUSDT, SOLEUR, USDCEUR, XRPEUR, ZTXUSDT
2026-01-19 08:47:32,923 - INFO - ⇠ normalizing training data — done in 0.42s
2026-01-19 08:47:32,923 - INFO - ⇢ SSD computation — start
2026-01-19 08:47:32,923 - INFO -   Расчет SSD для всех пар (без ограничения)
2026-01-19 08:47:38,651 - INFO -   SSD результат (все пары): 34191 пар
2026-01-19 08:47:38,652 - INFO -   Ограничиваем до top-30000 пар для дальнейшей обработки
2026-01-19 08:47:38,653 - INFO - ⇠ SSD computation — done in 5.73s
2026-01-19 08:47:38,661 - INFO - ⇢ filtering pairs by cointegration and half-life — start
2026-01-19 08:47:38,661 - INFO - [ФИЛЬТР] Параллельная фильтрация: processes (8 workers)
⚙️  Загрузка данных за период: 2023-07-28 -> 2024-03-04
📂 Найдено 43 parquet файлов для обработки.
📊 Схема данных: Schema({'timestamp': Int64, 'open': Float64, 'high': Float64, 'low': Float64, 'close': Float64, 'volume': Float64, 'turnover': String, 'ts_ms': Int64, 'symbol': String})
✅ Загружено 6226682 записей с помощью Polars.
📊 Типы данных в pandas: timestamp       datetime64[us]
symbol                  object
close                  float64
timestamp_ms             int64
dtype: object
⚙️  Загрузка данных за период: 2023-08-02 -> 2023-10-31
📂 Найдено 43 parquet файлов для обработки.
📊 Схема данных: Schema({'timestamp': Int64, 'open': Float64, 'high': Float64, 'low': Float64, 'close': Float64, 'volume': Float64, 'turnover': String, 'ts_ms': Int64, 'symbol': String})
✅ Загружено 2351056 записей с помощью Polars.
📊 Типы данных в pandas: timestamp       datetime64[us]
symbol                  object
close                  float64
timestamp_ms             int64
dtype: object
2026-01-19 08:50:27,677 - INFO - [ФИЛЬТР] После проверки данных: 30000 пар
2026-01-19 08:50:27,677 - INFO - [ФИЛЬТР] После фильтра корреляции (>0.55): 20518 пар
2026-01-19 08:50:27,677 - INFO - [ФИЛЬТР] После фильтра beta: 13573 пар
2026-01-19 08:50:27,677 - INFO - [ФИЛЬТР] После фильтра mean crossings: 13573 пар
2026-01-19 08:50:27,677 - INFO - [ФИЛЬТР] После фильтра half-life: 13505 пар
2026-01-19 08:50:27,677 - INFO - [ФИЛЬТР] После фильтра коинтеграции: 5241 пар
2026-01-19 08:50:27,677 - INFO - [ФИЛЬТР] После фильтра Hurst: 3139 пар
2026-01-19 08:50:27,677 - INFO - [ФИЛЬТР] После фильтра KPSS: 48 пар
2026-01-19 08:50:27,677 - INFO - [ФИЛЬТР] После фильтра market microstructure: 48 пар
2026-01-19 08:50:27,677 - INFO - [ФИЛЬТР] Статистика фильтрации (оптимизированный порядок):
2026-01-19 08:50:27,677 - INFO -   1. SSD → Коинтеграция: 30000 → 5241 пар
2026-01-19 08:50:27,677 - INFO -   2. Коинтеграция → Beta: 5241 → 13573 пар
2026-01-19 08:50:27,677 - INFO -   3. Beta → Half-life: 13573 → 13505 пар
2026-01-19 08:50:27,677 - INFO -   4. Half-life → Mean crossings: 13505 → 13573 пар
2026-01-19 08:50:27,677 - INFO -   5. Mean crossings → Hurst: 13573 → 3139 пар
2026-01-19 08:50:27,678 - INFO -   6. Hurst → KPSS: 3139 → 48 пар
2026-01-19 08:50:27,678 - INFO -   7. KPSS → Market microstructure: 48 → 48 пар
2026-01-19 08:50:27,678 - INFO - [ФИЛЬТР] Причины отсева:
2026-01-19 08:50:27,678 - INFO -   • low_correlation: 9482 пар (31.6%)
2026-01-19 08:50:27,678 - INFO -   • pvalue: 8264 пар (27.5%)
2026-01-19 08:50:27,678 - INFO -   • beta: 6945 пар (23.2%)
2026-01-19 08:50:27,678 - INFO -   • kpss: 3091 пар (10.3%)
2026-01-19 08:50:27,678 - INFO -   • hurst: 2102 пар (7.0%)
2026-01-19 08:50:27,678 - INFO -   • half_life: 68 пар (0.2%)
2026-01-19 08:50:27,678 - INFO - [ФИЛЬТР] Итого: 30000 → 48 пар (0.2% прошли все фильтры)
2026-01-19 08:50:27,770 - INFO - Причины отсева сохранены в results/filter_reasons_20260119_085027.csv
2026-01-19 08:50:27,783 - INFO -   Pair stability filter: insufficient history (0 < 1), skip
2026-01-19 08:50:27,783 - INFO -   Фильтрация: 30000 → 48 пар
2026-01-19 08:50:27,783 - INFO - ⇠ filtering pairs by cointegration and half-life — done in 169.12s
2026-01-19 08:50:27,783 - INFO - ⇠ WF-шаг 1/5: training 2023-08-02-2023-09-30, testing 2023-10-01-2023-10-31 — done in 176.76s
2026-01-19 08:50:27,783 - INFO -   Топ-3 пары по волатильности спреда:
2026-01-19 08:50:27,783 - INFO -     1. COMPUSDT-GMXUSDT: beta=1.0239, std=2.0031
2026-01-19 08:50:27,783 - INFO -     2. TIMEUSDT-WAVESUSDT: beta=4.9232, std=0.6684
2026-01-19 08:50:27,783 - INFO -     3. TIMEUSDT-UMAUSDT: beta=7.4645, std=0.6598
2026-01-19 08:50:27,783 - INFO -   Всего пар для торговли: 48 (ограничение 15 применяется к одновременно открытым позициям)
2026-01-19 08:50:27,784 - INFO -   💰 Проверка расчета капитала: equity=$10,000.00, кандидатных_пар=48, max_позиций=15
2026-01-19 08:50:27,784 - INFO -   🎯 Target concurrency: 15 (ожидаемое одновременное число позиций)
2026-01-19 08:50:27,784 - INFO -   📊 Детали расчета капитала:
2026-01-19 08:50:27,784 - INFO -      • Базовый капитал на пару: $666.67 (equity / target_concurrency)
2026-01-19 08:50:27,784 - INFO -      • Риск-капитал: $150.00 (1.5% от equity)
2026-01-19 08:50:27,784 - INFO -      • Макс. размер позиции: $200.00 (2.0% от equity)
2026-01-19 08:50:27,784 - INFO -      • Итоговый капитал на пару: $150.00
2026-01-19 08:50:27,784 - INFO - ⇢ WF-шаг 1/5 backtests — starting 48 items
2026-01-19 08:50:27,784 - INFO - 🚀 WF-шаг 1/5: Начинаем бэктесты для 48 пар...
2026-01-19 08:50:27,784 - INFO - 🚀 WF-шаг 1/5: Запускаем параллельную обработку 48 пар на 8 ядрах...
2026-01-19 08:50:27,784 - INFO - 🚀 WF-шаг 1/5: Режим параллельности: процессы
2026-01-19 08:50:27,897 - coint2.engine.numba_engine - INFO - Запуск Numba-оптимизированного бэктеста для COMPUSDT-GMXUSDT
2026-01-19 08:50:27,916 - coint2.engine.numba_engine - INFO - Запуск Numba-оптимизированного бэктеста для TIMEUSDT-WAVESUSDT
2026-01-19 08:50:27,957 - coint2.engine.numba_engine - INFO - Запуск Numba-оптимизированного бэктеста для TIMEUSDT-UMAUSDT
2026-01-19 08:50:28,018 - coint2.engine.numba_engine - INFO - Запуск Numba-оптимизированного бэктеста для AXSUSDT-UNIUSDT
2026-01-19 08:50:28,069 - coint2.engine.numba_engine - INFO - Запуск Numba-оптимизированного бэктеста для ARUSDT-FILUSDT
2026-01-19 08:50:28,085 - coint2.engine.numba_engine - INFO - Запуск Numba-оптимизированного бэктеста для INTERUSDT-WAXPUSDT
2026-01-19 08:50:28,115 - coint2.engine.numba_engine - INFO - Запуск Numba-оптимизированного бэктеста для INTERUSDT-SOLOUSDT
2026-01-19 08:50:28,130 - coint2.engine.numba_engine - INFO - Запуск Numba-оптимизированного бэктеста для DOTUSDT-SDUSDT
2026-01-19 08:50:28,134 - coint2.engine.numba_engine - INFO - Запуск Numba-оптимизированного бэктеста для PSGUSDT-VPADUSDT
2026-01-19 08:50:28,162 - coint2.engine.numba_engine - INFO - Запуск Numba-оптимизированного бэктеста для INTERUSDT-QTUMUSDT
2026-01-19 08:50:28,166 - coint2.engine.numba_engine - INFO - Запуск Numba-оптимизированного бэктеста для INTERUSDT-THETAUSDT
2026-01-19 08:50:28,193 - coint2.engine.numba_engine - INFO - Запуск Numba-оптимизированного бэктеста для INTERUSDT-USTCUSDT
2026-01-19 08:50:28,204 - coint2.engine.numba_engine - INFO - Запуск Numba-оптимизированного бэктеста для CELOUSDT-ZRXUSDT
2026-01-19 08:50:28,220 - coint2.engine.numba_engine - INFO - Запуск Numba-оптимизированного бэктеста для INTERUSDT-ZILUSDT
2026-01-19 08:50:28,221 - coint2.engine.numba_engine - INFO - Запуск Numba-оптимизированного бэктеста для AFCUSDT-MDAOUSDT
2026-01-19 08:50:28,222 - coint2.engine.numba_engine - INFO - Запуск Numba-оптимизированного бэктеста для INTERUSDT-STXUSDT
2026-01-19 08:50:28,265 - coint2.engine.numba_engine - INFO - Запуск Numba-оптимизированного бэктеста для HFTUSDC-MOVRUSDT
2026-01-19 08:50:28,267 - coint2.engine.numba_engine - INFO - Запуск Numba-оптимизированного бэктеста для OMGUSDT-RDNTUSDT
2026-01-19 08:50:28,269 - coint2.engine.numba_engine - INFO - Запуск Numba-оптимизированного бэктеста для AFCUSDT-VPADUSDT
2026-01-19 08:50:28,278 - coint2.engine.numba_engine - INFO - Запуск Numba-оптимизированного бэктеста для ADAUSDT-PSGUSDT
2026-01-19 08:50:28,313 - coint2.engine.numba_engine - INFO - Запуск Numba-оптимизированного бэктеста для FORTUSDT-PSGUSDT
2026-01-19 08:50:28,315 - coint2.engine.numba_engine - INFO - Запуск Numba-оптимизированного бэктеста для HFTUSDT-MOVRUSDT
2026-01-19 08:50:28,324 - coint2.engine.numba_engine - INFO - Запуск Numba-оптимизированного бэктеста для INTERUSDT-LTCUSDC
2026-01-19 08:50:28,326 - coint2.engine.numba_engine - INFO - Запуск Numba-оптимизированного бэктеста для INTERUSDT-XEMUSDT
2026-01-19 08:50:28,336 - coint2.engine.numba_engine - INFO - Запуск Numba-оптимизированного бэктеста для ADAUSDC-PSGUSDT
2026-01-19 08:50:28,347 - coint2.engine.numba_engine - INFO - Запуск Numba-оптимизированного бэктеста для ROSEUSDT-XEMUSDT
2026-01-19 08:50:28,360 - coint2.engine.numba_engine - INFO - Запуск Numba-оптимизированного бэктеста для DAIUSDT-QTUMUSDT
2026-01-19 08:50:28,362 - coint2.engine.numba_engine - INFO - Запуск Numba-оптимизированного бэктеста для FORTUSDT-SFUNDUSDT
2026-01-19 08:50:28,371 - coint2.engine.numba_engine - INFO - Запуск Numba-оптимизированного бэктеста для SUSHIUSDT-UMAUSDT
2026-01-19 08:50:28,389 - coint2.engine.numba_engine - INFO - Запуск Numba-оптимизированного бэктеста для INTERUSDT-LTCUSDT
2026-01-19 08:50:28,403 - coint2.engine.numba_engine - INFO - Запуск Numba-оптимизированного бэктеста для CITYUSDT-JUVUSDT
2026-01-19 08:50:28,406 - coint2.engine.numba_engine - INFO - Запуск Numba-оптимизированного бэктеста для WAXPUSDT-ZILUSDT
2026-01-19 08:50:28,409 - coint2.engine.numba_engine - INFO - Запуск Numba-оптимизированного бэктеста для DAIUSDT-LTCBTC
2026-01-19 08:50:28,420 - coint2.engine.numba_engine - INFO - Запуск Numba-оптимизированного бэктеста для RSS3USDT-SCRTUSDT
2026-01-19 08:50:28,448 - coint2.engine.numba_engine - INFO - Запуск Numba-оптимизированного бэктеста для INTERUSDT-WAVESUSDT
2026-01-19 08:50:28,450 - coint2.engine.numba_engine - INFO - Запуск Numba-оптимизированного бэктеста для DOGEUSDC-TELUSDT
2026-01-19 08:50:28,456 - coint2.engine.numba_engine - INFO - Запуск Numba-оптимизированного бэктеста для CAKEUSDT-VPADUSDT
2026-01-19 08:50:28,473 - coint2.engine.numba_engine - INFO - Запуск Numba-оптимизированного бэктеста для CTCUSDT-VPADUSDT
2026-01-19 08:50:28,479 - coint2.engine.numba_engine - INFO - Запуск Numba-оптимизированного бэктеста для SCUSDT-USTCUSDT
2026-01-19 08:50:28,496 - coint2.engine.numba_engine - INFO - Запуск Numba-оптимизированного бэктеста для NEARUSDT-XTZUSDT
2026-01-19 08:50:28,531 - coint2.engine.numba_engine - INFO - Запуск Numba-оптимизированного бэктеста для GMTUSDT-SANDUSDT
2026-01-19 08:50:28,533 - coint2.engine.numba_engine - INFO - Запуск Numba-оптимизированного бэктеста для FLOWUSDT-MASKUSDT
2026-01-19 08:50:28,540 - coint2.engine.numba_engine - INFO - Запуск Numba-оптимизированного бэктеста для RSS3USDT-XTZUSDT
2026-01-19 08:50:28,568 - coint2.engine.numba_engine - INFO - Запуск Numba-оптимизированного бэктеста для DOGEUSDT-TELUSDT
2026-01-19 08:50:28,580 - coint2.engine.numba_engine - INFO - Запуск Numba-оптимизированного бэктеста для ONEUSDT-XRPUSDC
2026-01-19 08:50:28,591 - coint2.engine.numba_engine - INFO - Запуск Numba-оптимизированного бэктеста для ONEUSDT-XRPUSDT
2026-01-19 08:50:28,588 - coint2.engine.numba_engine - INFO - Запуск Numba-оптимизированного бэктеста для OASUSDT-TRVLUSDT
2026-01-19 08:50:28,648 - coint2.engine.numba_engine - INFO - Запуск Numba-оптимизированного бэктеста для SONUSDT-TAPUSDT
2026-01-19 08:50:28,724 - INFO -   ⏱️ Параллельная обработка завершена за 0.9с (51.1 пар/с)
2026-01-19 08:50:28,757 - coint2.pipeline.walk_forward_orchestrator - INFO - 🎯 СИМУЛЯЦИЯ ПОРТФЕЛЯ: 48 пар, лимит 15 позиций
2026-01-19 08:50:29,434 - coint2.pipeline.walk_forward_orchestrator - INFO -    📈 Макс. одновременных сигналов: 15
2026-01-19 08:50:29,434 - coint2.pipeline.walk_forward_orchestrator - INFO -    📊 Средн. сигналов за период: 0.6
2026-01-19 08:50:29,434 - coint2.pipeline.walk_forward_orchestrator - INFO -    🎯 Финальных активных позиций: 0
2026-01-19 08:50:29,436 - coint2.pipeline.walk_forward_orchestrator - INFO -    ⚡ Утилизация лимита позиций: 4.2%
2026-01-19 08:50:29,436 - INFO - ⇠ WF-шаг 1/5 backtests — completed 48 items in 1.65s (29.1 items/s)
2026-01-19 08:50:29,436 - INFO -   ✅ Обработка завершена: 48 успешно, 0 с ошибками
2026-01-19 08:50:29,436 - INFO -   📊 Успешность: 100.0%, прибыльность: 50.0%, сделок/пара: 19.0
2026-01-19 08:50:29,436 - INFO -   ✅ Завершены бэктесты для 48 пар
2026-01-19 08:50:29,436 - INFO -   📊 Всего обработано пар в этом шаге: 48
2026-01-19 08:50:29,437 - INFO -   📈 Результаты шага: 24/48 прибыльных пар, 914 сделок
2026-01-19 08:50:29,437 - INFO -   💰 P&L шага: $+76.32
2026-01-19 08:50:29,437 - INFO -   ⇢ Обновление капитала и дневного P&L...
2026-01-19 08:50:30,984 - INFO -   💼 Шаг P&L: $+76.32, Накопленный капитал: $10,076.32
2026-01-19 08:50:30,984 - INFO - ------------------------------------------------------------
2026-01-19 08:50:30,984 - INFO -   Walk-forward steps: 1 / 5 (20.0%) | 0.0 items/s | ETA: 719.8s
2026-01-19 08:50:30,984 - INFO - 🔍 WF-шаг 2/5: Валидация временных окон...
2026-01-19 08:50:30,984 - INFO - ⇢ WF-шаг 2/5: training 2023-09-01-2023-10-30, testing 2023-10-31-2023-11-30 — start
2026-01-19 08:50:30,985 - INFO - ⇢ loading step data — start
2026-01-19 08:50:31,310 - INFO - ⇠ loading step data — done in 0.33s
2026-01-19 08:50:32,788 - INFO - 📊 WF-шаг 2/5: Границы данных:
2026-01-19 08:50:32,788 - INFO -    Training: 2023-09-01 00:00:00 → 2023-10-30 23:45:00 (5,760 строк × 292 символов)
2026-01-19 08:50:32,788 - INFO -    Testing:  2023-10-31 00:00:00 → 2023-11-30 00:00:00 (2,881 строк × 292 символов)
2026-01-19 08:50:32,788 - INFO -    Временной разрыв: 0 days 00:15:00
2026-01-19 08:50:32,867 - INFO - ⇢ normalizing training data — start
2026-01-19 08:50:32,934 - INFO -   Символы с NaN значениями: 26
2026-01-19 08:50:32,939 - INFO -   Применяем метод нормализации: rolling_zscore
2026-01-19 08:50:32,967 - INFO - Символы с недостаточной историей: 17 из 292
2026-01-19 08:50:33,806 - INFO - Символы с NaN после нормализации: 275
2026-01-19 08:50:33,813 - INFO - Удалено 617 начальных строк с NaN от rolling расчетов
2026-01-19 08:50:33,816 - INFO - Итоговое количество символов после нормализации: 275 из 292
2026-01-19 08:50:33,817 - INFO -   Статистика нормализации:
2026-01-19 08:50:33,817 - INFO -     Исходные символы: 292
2026-01-19 08:50:33,817 - INFO -     Недостаточная история: 17
2026-01-19 08:50:33,817 - INFO -     Постоянная цена: 0
2026-01-19 08:50:33,817 - INFO -     NaN после нормализации: 275
2026-01-19 08:50:33,817 - INFO -     Итоговые символы: 275 (94.2%)
2026-01-19 08:50:33,817 - INFO -   После нормализации: 275 символов (потеряно 17)
2026-01-19 08:50:33,817 - INFO -   Отброшенные символы: BEAMUSDT, FETUSDT, FLIPUSDT, JEFFUSDT, MEMEUSDT, POLUSDT, PPTUSDT, PYTHUSDT, PYUSDUSDT, ROOTUSDT, RPKUSDT, SHRAPUSDT, TIAUSDT, TOKENUSDT, TUSDUSDT, VRTXUSDT, ZTXUSDT
2026-01-19 08:50:33,817 - INFO - ⇠ normalizing training data — done in 0.95s
2026-01-19 08:50:33,820 - INFO - ⇢ SSD computation — start
2026-01-19 08:50:33,820 - INFO -   Расчет SSD для всех пар (без ограничения)
2026-01-19 08:50:36,121 - INFO -   SSD результат (все пары): 37675 пар
2026-01-19 08:50:36,122 - INFO -   Ограничиваем до top-30000 пар для дальнейшей обработки
2026-01-19 08:50:36,123 - INFO - ⇠ SSD computation — done in 2.30s
2026-01-19 08:50:36,131 - INFO - ⇢ filtering pairs by cointegration and half-life — start
2026-01-19 08:50:36,131 - INFO - [ФИЛЬТР] Параллельная фильтрация: processes (8 workers)
⚙️  Загрузка данных за период: 2023-09-01 -> 2023-11-30
📂 Найдено 43 parquet файлов для обработки.
📊 Схема данных: Schema({'timestamp': Int64, 'open': Float64, 'high': Float64, 'low': Float64, 'close': Float64, 'volume': Float64, 'turnover': String, 'ts_ms': Int64, 'symbol': String})
✅ Загружено 2420293 записей с помощью Polars.
📊 Типы данных в pandas: timestamp       datetime64[us]
symbol                  object
close                  float64
timestamp_ms             int64
dtype: object
2026-01-19 08:52:26,382 - INFO - [ФИЛЬТР] После проверки данных: 30000 пар
2026-01-19 08:52:26,386 - INFO - [ФИЛЬТР] После фильтра корреляции (>0.55): 12231 пар
2026-01-19 08:52:26,386 - INFO - [ФИЛЬТР] После фильтра beta: 8160 пар
2026-01-19 08:52:26,386 - INFO - [ФИЛЬТР] После фильтра mean crossings: 8160 пар
2026-01-19 08:52:26,386 - INFO - [ФИЛЬТР] После фильтра half-life: 8114 пар
2026-01-19 08:52:26,386 - INFO - [ФИЛЬТР] После фильтра коинтеграции: 3238 пар
2026-01-19 08:52:26,386 - INFO - [ФИЛЬТР] После фильтра Hurst: 2312 пар
2026-01-19 08:52:26,386 - INFO - [ФИЛЬТР] После фильтра KPSS: 17 пар
2026-01-19 08:52:26,386 - INFO - [ФИЛЬТР] После фильтра market microstructure: 17 пар
2026-01-19 08:52:26,386 - INFO - [ФИЛЬТР] Статистика фильтрации (оптимизированный порядок):
2026-01-19 08:52:26,386 - INFO -   1. SSD → Коинтеграция: 30000 → 3238 пар
2026-01-19 08:52:26,386 - INFO -   2. Коинтеграция → Beta: 3238 → 8160 пар
2026-01-19 08:52:26,386 - INFO -   3. Beta → Half-life: 8160 → 8114 пар
2026-01-19 08:52:26,386 - INFO -   4. Half-life → Mean crossings: 8114 → 8160 пар
2026-01-19 08:52:26,386 - INFO -   5. Mean crossings → Hurst: 8160 → 2312 пар
2026-01-19 08:52:26,386 - INFO -   6. Hurst → KPSS: 2312 → 17 пар
2026-01-19 08:52:26,386 - INFO -   7. KPSS → Market microstructure: 17 → 17 пар
2026-01-19 08:52:26,386 - INFO - [ФИЛЬТР] Причины отсева:
2026-01-19 08:52:26,386 - INFO -   • low_correlation: 17769 пар (59.2%)
2026-01-19 08:52:26,386 - INFO -   • pvalue: 4876 пар (16.3%)
2026-01-19 08:52:26,386 - INFO -   • beta: 4071 пар (13.6%)
2026-01-19 08:52:26,386 - INFO -   • kpss: 2295 пар (7.6%)
2026-01-19 08:52:26,386 - INFO -   • hurst: 926 пар (3.1%)
2026-01-19 08:52:26,386 - INFO -   • half_life: 46 пар (0.2%)
2026-01-19 08:52:26,386 - INFO - [ФИЛЬТР] Итого: 30000 → 17 пар (0.1% прошли все фильтры)
2026-01-19 08:52:26,474 - INFO - Причины отсева сохранены в results/filter_reasons_20260119_085226.csv
2026-01-19 08:52:26,483 - INFO -   Pair stability filter: 17 → 0 (window=1, min_steps=1, history=1)
2026-01-19 08:52:26,483 - INFO -   Фильтрация: 30000 → 0 пар
2026-01-19 08:52:26,483 - INFO - ⇠ filtering pairs by cointegration and half-life — done in 110.35s
2026-01-19 08:52:26,483 - INFO - ⇠ WF-шаг 2/5: training 2023-09-01-2023-10-30, testing 2023-10-31-2023-11-30 — done in 115.50s
2026-01-19 08:52:26,487 - INFO -   Всего пар для торговли: 0 (ограничение 15 применяется к одновременно открытым позициям)
2026-01-19 08:52:26,488 - INFO -   💰 Проверка расчета капитала: equity=$10,076.32, кандидатных_пар=0, max_позиций=15
2026-01-19 08:52:26,488 - INFO -   🎯 Target concurrency: 0 (ожидаемое одновременное число позиций)
2026-01-19 08:52:26,488 - INFO -   💼 Шаг P&L: $+0.00, Накопленный капитал: $10,076.32
2026-01-19 08:52:26,489 - INFO - ------------------------------------------------------------
2026-01-19 08:52:26,489 - INFO -   Walk-forward steps: 2 / 5 (40.0%) | 0.0 items/s | ETA: 443.2s
2026-01-19 08:52:26,489 - INFO - 🔍 WF-шаг 3/5: Валидация временных окон...
2026-01-19 08:52:26,489 - INFO - ⇢ WF-шаг 3/5: training 2023-10-01-2023-11-29, testing 2023-11-30-2023-12-30 — start
2026-01-19 08:52:26,489 - INFO - ⇢ loading step data — start
2026-01-19 08:52:26,941 - INFO - ⇠ loading step data — done in 0.45s
2026-01-19 08:52:29,727 - INFO - 📊 WF-шаг 3/5: Границы данных:
2026-01-19 08:52:29,727 - INFO -    Training: 2023-10-01 00:00:00 → 2023-11-29 23:45:00 (5,760 строк × 309 символов)
2026-01-19 08:52:29,727 - INFO -    Testing:  2023-11-30 00:00:00 → 2023-12-30 00:00:00 (2,881 строк × 309 символов)
2026-01-19 08:52:29,727 - INFO -    Временной разрыв: 0 days 00:15:00
2026-01-19 08:52:29,809 - INFO - ⇢ normalizing training data — start
2026-01-19 08:52:29,876 - INFO -   Символы с NaN значениями: 33
2026-01-19 08:52:29,876 - INFO -   Применяем метод нормализации: rolling_zscore
2026-01-19 08:52:29,906 - INFO - Символы с недостаточной историей: 32 из 309
2026-01-19 08:52:30,864 - INFO - Символы с NaN после нормализации: 277
2026-01-19 08:52:30,879 - INFO - Удалено 233 начальных строк с NaN от rolling расчетов
2026-01-19 08:52:30,885 - INFO - Итоговое количество символов после нормализации: 277 из 309
2026-01-19 08:52:30,885 - INFO -   Статистика нормализации:
2026-01-19 08:52:30,885 - INFO -     Исходные символы: 309
2026-01-19 08:52:30,885 - INFO -     Недостаточная история: 32
2026-01-19 08:52:30,885 - INFO -     Постоянная цена: 0
2026-01-19 08:52:30,885 - INFO -     NaN после нормализации: 277
2026-01-19 08:52:30,885 - INFO -     Итоговые символы: 277 (89.6%)
2026-01-19 08:52:30,885 - INFO -   После нормализации: 277 символов (потеряно 32)
2026-01-19 08:52:30,885 - INFO -   Отброшено много символов: 32 из 309
2026-01-19 08:52:30,885 - INFO - ⇠ normalizing training data — done in 1.08s
2026-01-19 08:52:30,886 - INFO - ⇢ SSD computation — start
2026-01-19 08:52:30,886 - INFO -   Расчет SSD для всех пар (без ограничения)
2026-01-19 08:52:36,374 - INFO -   SSD результат (все пары): 38226 пар
2026-01-19 08:52:36,374 - INFO -   Ограничиваем до top-30000 пар для дальнейшей обработки
2026-01-19 08:52:36,375 - INFO - ⇠ SSD computation — done in 5.49s
2026-01-19 08:52:36,389 - INFO - ⇢ filtering pairs by cointegration and half-life — start
2026-01-19 08:52:36,390 - INFO - [ФИЛЬТР] Параллельная фильтрация: processes (8 workers)
⚙️  Загрузка данных за период: 2023-10-01 -> 2023-12-30
📂 Найдено 43 parquet файлов для обработки.
📊 Схема данных: Schema({'timestamp': Int64, 'open': Float64, 'high': Float64, 'low': Float64, 'close': Float64, 'volume': Float64, 'turnover': String, 'ts_ms': Int64, 'symbol': String})
✅ Загружено 2499894 записей с помощью Polars.
📊 Типы данных в pandas: timestamp       datetime64[us]
symbol                  object
close                  float64
timestamp_ms             int64
dtype: object
2026-01-19 08:54:56,598 - INFO - [ФИЛЬТР] После проверки данных: 30000 пар
2026-01-19 08:54:56,598 - INFO - [ФИЛЬТР] После фильтра корреляции (>0.55): 23740 пар
2026-01-19 08:54:56,598 - INFO - [ФИЛЬТР] После фильтра beta: 16444 пар
2026-01-19 08:54:56,598 - INFO - [ФИЛЬТР] После фильтра mean crossings: 16444 пар
2026-01-19 08:54:56,598 - INFO - [ФИЛЬТР] После фильтра half-life: 16371 пар
2026-01-19 08:54:56,598 - INFO - [ФИЛЬТР] После фильтра коинтеграции: 3781 пар
2026-01-19 08:54:56,598 - INFO - [ФИЛЬТР] После фильтра Hurst: 1912 пар
2026-01-19 08:54:56,598 - INFO - [ФИЛЬТР] После фильтра KPSS: 35 пар
2026-01-19 08:54:56,598 - INFO - [ФИЛЬТР] После фильтра market microstructure: 35 пар
2026-01-19 08:54:56,598 - INFO - [ФИЛЬТР] Статистика фильтрации (оптимизированный порядок):
2026-01-19 08:54:56,598 - INFO -   1. SSD → Коинтеграция: 30000 → 3781 пар
2026-01-19 08:54:56,598 - INFO -   2. Коинтеграция → Beta: 3781 → 16444 пар
2026-01-19 08:54:56,598 - INFO -   3. Beta → Half-life: 16444 → 16371 пар
2026-01-19 08:54:56,598 - INFO -   4. Half-life → Mean crossings: 16371 → 16444 пар
2026-01-19 08:54:56,598 - INFO -   5. Mean crossings → Hurst: 16444 → 1912 пар
2026-01-19 08:54:56,598 - INFO -   6. Hurst → KPSS: 1912 → 35 пар
2026-01-19 08:54:56,598 - INFO -   7. KPSS → Market microstructure: 35 → 35 пар
2026-01-19 08:54:56,598 - INFO - [ФИЛЬТР] Причины отсева:
2026-01-19 08:54:56,598 - INFO -   • pvalue: 12590 пар (42.0%)
2026-01-19 08:54:56,598 - INFO -   • beta: 7296 пар (24.3%)
2026-01-19 08:54:56,598 - INFO -   • low_correlation: 6260 пар (20.9%)
2026-01-19 08:54:56,598 - INFO -   • kpss: 1877 пар (6.3%)
2026-01-19 08:54:56,598 - INFO -   • hurst: 1869 пар (6.2%)
2026-01-19 08:54:56,605 - INFO -   • half_life: 73 пар (0.2%)
2026-01-19 08:54:56,605 - INFO - [ФИЛЬТР] Итого: 30000 → 35 пар (0.1% прошли все фильтры)
2026-01-19 08:54:56,763 - INFO - Причины отсева сохранены в results/filter_reasons_20260119_085456.csv
2026-01-19 08:54:56,782 - INFO -   Pair stability filter: 35 → 0 (window=1, min_steps=1, history=2)
2026-01-19 08:54:56,782 - INFO -   Фильтрация: 30000 → 0 пар
2026-01-19 08:54:56,783 - INFO - ⇠ filtering pairs by cointegration and half-life — done in 140.39s
2026-01-19 08:54:56,783 - INFO - ⇠ WF-шаг 3/5: training 2023-10-01-2023-11-29, testing 2023-11-30-2023-12-30 — done in 150.29s
2026-01-19 08:54:56,783 - INFO -   Всего пар для торговли: 0 (ограничение 15 применяется к одновременно открытым позициям)
2026-01-19 08:54:56,783 - INFO -   💰 Проверка расчета капитала: equity=$10,076.32, кандидатных_пар=0, max_позиций=15
2026-01-19 08:54:56,783 - INFO -   🎯 Target concurrency: 0 (ожидаемое одновременное число позиций)
2026-01-19 08:54:56,783 - INFO -   💼 Шаг P&L: $+0.00, Накопленный капитал: $10,076.32
2026-01-19 08:54:56,784 - INFO - ------------------------------------------------------------
2026-01-19 08:54:56,784 - INFO -   Walk-forward steps: 3 / 5 (60.0%) | 0.0 items/s | ETA: 297.2s
2026-01-19 08:54:56,784 - INFO - 🔍 WF-шаг 4/5: Валидация временных окон...
2026-01-19 08:54:56,784 - INFO - ⇢ WF-шаг 4/5: training 2023-10-31-2023-12-29, testing 2023-12-30-2024-01-29 — start
2026-01-19 08:54:56,784 - INFO - ⇢ loading step data — start
2026-01-19 08:54:57,272 - INFO - ⇠ loading step data — done in 0.49s
2026-01-19 08:55:00,279 - INFO - 📊 WF-шаг 4/5: Границы данных:
2026-01-19 08:55:00,280 - INFO -    Training: 2023-10-31 00:00:00 → 2023-12-29 23:45:00 (5,760 строк × 327 символов)
2026-01-19 08:55:00,280 - INFO -    Testing:  2023-12-30 00:00:00 → 2024-01-29 00:00:00 (2,881 строк × 327 символов)
2026-01-19 08:55:00,280 - INFO -    Временной разрыв: 0 days 00:15:00
2026-01-19 08:55:00,380 - INFO - ⇢ normalizing training data — start
2026-01-19 08:55:00,464 - INFO -   Символы с NaN значениями: 45
2026-01-19 08:55:00,464 - INFO -   Применяем метод нормализации: rolling_zscore
2026-01-19 08:55:00,494 - INFO - Символы с недостаточной историей: 40 из 327
2026-01-19 08:55:01,618 - INFO - Символы с NaN после нормализации: 287
2026-01-19 08:55:01,631 - INFO - Удалено 809 начальных строк с NaN от rolling расчетов
2026-01-19 08:55:01,637 - INFO - Итоговое количество символов после нормализации: 287 из 327
2026-01-19 08:55:01,638 - INFO -   Статистика нормализации:
2026-01-19 08:55:01,638 - INFO -     Исходные символы: 327
2026-01-19 08:55:01,638 - INFO -     Недостаточная история: 40
2026-01-19 08:55:01,638 - INFO -     Постоянная цена: 0
2026-01-19 08:55:01,638 - INFO -     NaN после нормализации: 287
2026-01-19 08:55:01,638 - INFO -     Итоговые символы: 287 (87.8%)
2026-01-19 08:55:01,638 - INFO -   После нормализации: 287 символов (потеряно 40)
2026-01-19 08:55:01,638 - INFO -   Отброшено много символов: 40 из 327
2026-01-19 08:55:01,638 - INFO - ⇠ normalizing training data — done in 1.26s
2026-01-19 08:55:01,639 - INFO - ⇢ SSD computation — start
2026-01-19 08:55:01,639 - INFO -   Расчет SSD для всех пар (без ограничения)
2026-01-19 08:55:06,652 - INFO -   SSD результат (все пары): 41041 пар
2026-01-19 08:55:06,652 - INFO -   Ограничиваем до top-30000 пар для дальнейшей обработки
2026-01-19 08:55:06,653 - INFO - ⇠ SSD computation — done in 5.01s
2026-01-19 08:55:06,671 - INFO - ⇢ filtering pairs by cointegration and half-life — start
2026-01-19 08:55:06,672 - INFO - [ФИЛЬТР] Параллельная фильтрация: processes (8 workers)
⚙️  Загрузка данных за период: 2023-10-31 -> 2024-01-29
📂 Найдено 43 parquet файлов для обработки.
📊 Схема данных: Schema({'timestamp': Int64, 'open': Float64, 'high': Float64, 'low': Float64, 'close': Float64, 'volume': Float64, 'turnover': String, 'ts_ms': Int64, 'symbol': String})
✅ Загружено 2615053 записей с помощью Polars.
📊 Типы данных в pandas: timestamp       datetime64[us]
symbol                  object
close                  float64
timestamp_ms             int64
dtype: object
2026-01-19 08:56:57,572 - INFO - [ФИЛЬТР] После проверки данных: 30000 пар
2026-01-19 08:56:57,581 - INFO - [ФИЛЬТР] После фильтра корреляции (>0.55): 18323 пар
2026-01-19 08:56:57,581 - INFO - [ФИЛЬТР] После фильтра beta: 12354 пар
2026-01-19 08:56:57,581 - INFO - [ФИЛЬТР] После фильтра mean crossings: 12354 пар
2026-01-19 08:56:57,581 - INFO - [ФИЛЬТР] После фильтра half-life: 12287 пар
2026-01-19 08:56:57,581 - INFO - [ФИЛЬТР] После фильтра коинтеграции: 2741 пар
2026-01-19 08:56:57,581 - INFO - [ФИЛЬТР] После фильтра Hurst: 1622 пар
2026-01-19 08:56:57,581 - INFO - [ФИЛЬТР] После фильтра KPSS: 25 пар
2026-01-19 08:56:57,581 - INFO - [ФИЛЬТР] После фильтра market microstructure: 25 пар
2026-01-19 08:56:57,581 - INFO - [ФИЛЬТР] Статистика фильтрации (оптимизированный порядок):
2026-01-19 08:56:57,581 - INFO -   1. SSD → Коинтеграция: 30000 → 2741 пар
2026-01-19 08:56:57,581 - INFO -   2. Коинтеграция → Beta: 2741 → 12354 пар
2026-01-19 08:56:57,581 - INFO -   3. Beta → Half-life: 12354 → 12287 пар
2026-01-19 08:56:57,581 - INFO -   4. Half-life → Mean crossings: 12287 → 12354 пар
2026-01-19 08:56:57,581 - INFO -   5. Mean crossings → Hurst: 12354 → 1622 пар
2026-01-19 08:56:57,581 - INFO -   6. Hurst → KPSS: 1622 → 25 пар
2026-01-19 08:56:57,581 - INFO -   7. KPSS → Market microstructure: 25 → 25 пар
2026-01-19 08:56:57,581 - INFO - [ФИЛЬТР] Причины отсева:
2026-01-19 08:56:57,581 - INFO -   • low_correlation: 11677 пар (38.9%)
2026-01-19 08:56:57,581 - INFO -   • pvalue: 9546 пар (31.8%)
2026-01-19 08:56:57,581 - INFO -   • beta: 5969 пар (19.9%)
2026-01-19 08:56:57,581 - INFO -   • kpss: 1597 пар (5.3%)
2026-01-19 08:56:57,581 - INFO -   • hurst: 1119 пар (3.7%)
2026-01-19 08:56:57,581 - INFO -   • half_life: 67 пар (0.2%)
2026-01-19 08:56:57,581 - INFO - [ФИЛЬТР] Итого: 30000 → 25 пар (0.1% прошли все фильтры)
2026-01-19 08:56:57,729 - INFO - Причины отсева сохранены в results/filter_reasons_20260119_085657.csv
2026-01-19 08:56:57,750 - INFO -   Pair stability filter: 25 → 2 (window=1, min_steps=1, history=3)
2026-01-19 08:56:57,751 - INFO -   Фильтрация: 30000 → 2 пар
2026-01-19 08:56:57,751 - INFO - ⇠ filtering pairs by cointegration and half-life — done in 111.08s
2026-01-19 08:56:57,751 - INFO - ⇠ WF-шаг 4/5: training 2023-10-31-2023-12-29, testing 2023-12-30-2024-01-29 — done in 120.97s
2026-01-19 08:56:57,751 - INFO -   Топ-3 пары по волатильности спреда:
2026-01-19 08:56:57,751 - INFO -     1. IDUSDT-LRCUSDT: beta=0.7191, std=0.0143
2026-01-19 08:56:57,751 - INFO -     2. CHRPUSDT-NEXOUSDT: beta=0.0086, std=0.0007
2026-01-19 08:56:57,751 - INFO -   Всего пар для торговли: 2 (ограничение 15 применяется к одновременно открытым позициям)
2026-01-19 08:56:57,751 - INFO -   💰 Проверка расчета капитала: equity=$10,076.32, кандидатных_пар=2, max_позиций=15
2026-01-19 08:56:57,751 - INFO -   🎯 Target concurrency: 2 (ожидаемое одновременное число позиций)
2026-01-19 08:56:57,751 - INFO -   📊 Детали расчета капитала:
2026-01-19 08:56:57,751 - INFO -      • Базовый капитал на пару: $5,038.16 (equity / target_concurrency)
2026-01-19 08:56:57,751 - INFO -      • Риск-капитал: $151.14 (1.5% от equity)
2026-01-19 08:56:57,752 - INFO -      • Макс. размер позиции: $201.53 (2.0% от equity)
2026-01-19 08:56:57,752 - INFO -      • Итоговый капитал на пару: $151.14
2026-01-19 08:56:57,752 - INFO - ⇢ WF-шаг 4/5 backtests — starting 2 items
2026-01-19 08:56:57,752 - INFO - 🚀 WF-шаг 4/5: Начинаем бэктесты для 2 пар...
2026-01-19 08:56:57,752 - INFO - 🚀 WF-шаг 4/5: Запускаем параллельную обработку 2 пар на 8 ядрах...
2026-01-19 08:56:57,752 - INFO - 🚀 WF-шаг 4/5: Режим параллельности: процессы
2026-01-19 08:56:57,897 - coint2.engine.numba_engine - INFO - Запуск Numba-оптимизированного бэктеста для IDUSDT-LRCUSDT
2026-01-19 08:56:57,953 - coint2.engine.numba_engine - INFO - Запуск Numba-оптимизированного бэктеста для CHRPUSDT-NEXOUSDT
2026-01-19 08:56:58,172 - INFO -   ⏱️ Параллельная обработка завершена за 0.4с (4.8 пар/с)
2026-01-19 08:56:58,180 - coint2.pipeline.walk_forward_orchestrator - INFO - 🎯 СИМУЛЯЦИЯ ПОРТФЕЛЯ: 2 пар, лимит 15 позиций
2026-01-19 08:56:58,982 - coint2.pipeline.walk_forward_orchestrator - INFO -    📈 Макс. одновременных сигналов: 2
2026-01-19 08:56:58,983 - coint2.pipeline.walk_forward_orchestrator - INFO -    📊 Средн. сигналов за период: 0.0
2026-01-19 08:56:58,983 - coint2.pipeline.walk_forward_orchestrator - INFO -    🎯 Финальных активных позиций: 0
2026-01-19 08:56:58,984 - coint2.pipeline.walk_forward_orchestrator - INFO -    ⚡ Утилизация лимита позиций: 0.2%
2026-01-19 08:56:58,987 - INFO - ⇠ WF-шаг 4/5 backtests — completed 2 items in 1.23s (1.6 items/s)
2026-01-19 08:56:58,988 - INFO -   ✅ Обработка завершена: 2 успешно, 0 с ошибками
2026-01-19 08:56:58,988 - INFO -   📊 Успешность: 100.0%, прибыльность: 50.0%, сделок/пара: 25.5
2026-01-19 08:56:58,988 - INFO -   ✅ Завершены бэктесты для 2 пар
2026-01-19 08:56:58,988 - INFO -   📊 Всего обработано пар в этом шаге: 2
2026-01-19 08:56:58,988 - INFO -   📈 Результаты шага: 1/2 прибыльных пар, 51 сделок
2026-01-19 08:56:58,988 - INFO -   💰 P&L шага: $-2.11
2026-01-19 08:56:58,988 - INFO -   ⇢ Обновление капитала и дневного P&L...
2026-01-19 08:57:02,003 - INFO -   💼 Шаг P&L: $-2.11, Накопленный капитал: $10,074.20
2026-01-19 08:57:02,004 - INFO - ------------------------------------------------------------
2026-01-19 08:57:02,004 - INFO -   Walk-forward steps: 4 / 5 (80.0%) | 0.0 items/s | ETA: 142.7s
2026-01-19 08:57:02,004 - INFO - 🔍 WF-шаг 5/5: Валидация временных окон...
2026-01-19 08:57:02,004 - INFO - ⇢ WF-шаг 5/5: training 2023-11-30-2024-01-28, testing 2024-01-29-2024-02-28 — start
2026-01-19 08:57:02,004 - INFO - ⇢ loading step data — start
2026-01-19 08:57:02,596 - INFO - ⇠ loading step data — done in 0.59s
2026-01-19 08:57:06,001 - INFO - 📊 WF-шаг 5/5: Границы данных:
2026-01-19 08:57:06,001 - INFO -    Training: 2023-11-30 00:00:00 → 2024-01-28 23:45:00 (5,760 строк × 344 символов)
2026-01-19 08:57:06,001 - INFO -    Testing:  2024-01-29 00:00:00 → 2024-02-28 00:00:00 (2,881 строк × 344 символов)
2026-01-19 08:57:06,001 - INFO -    Временной разрыв: 0 days 00:15:00
2026-01-19 08:57:06,099 - INFO - ⇢ normalizing training data — start
2026-01-19 08:57:06,179 - INFO -   Символы с NaN значениями: 52
2026-01-19 08:57:06,179 - INFO -   Применяем метод нормализации: rolling_zscore
2026-01-19 08:57:06,209 - INFO - Символы с недостаточной историей: 44 из 344
2026-01-19 08:57:07,217 - INFO - Символы с NaN после нормализации: 300
2026-01-19 08:57:07,232 - INFO - Удалено 809 начальных строк с NaN от rolling расчетов
2026-01-19 08:57:07,234 - INFO - Итоговое количество символов после нормализации: 300 из 344
2026-01-19 08:57:07,234 - INFO -   Статистика нормализации:
2026-01-19 08:57:07,234 - INFO -     Исходные символы: 344
2026-01-19 08:57:07,234 - INFO -     Недостаточная история: 44
2026-01-19 08:57:07,234 - INFO -     Постоянная цена: 0
2026-01-19 08:57:07,234 - INFO -     NaN после нормализации: 300
2026-01-19 08:57:07,234 - INFO -     Итоговые символы: 300 (87.2%)
2026-01-19 08:57:07,234 - INFO -   После нормализации: 300 символов (потеряно 44)
2026-01-19 08:57:07,238 - INFO -   Отброшено много символов: 44 из 344
2026-01-19 08:57:07,239 - INFO - ⇠ normalizing training data — done in 1.14s
2026-01-19 08:57:07,240 - INFO - ⇢ SSD computation — start
2026-01-19 08:57:07,240 - INFO -   Расчет SSD для всех пар (без ограничения)
2026-01-19 08:57:12,652 - INFO -   SSD результат (все пары): 44850 пар
2026-01-19 08:57:12,653 - INFO -   Ограничиваем до top-30000 пар для дальнейшей обработки
2026-01-19 08:57:12,659 - INFO - ⇠ SSD computation — done in 5.42s
2026-01-19 08:57:12,681 - INFO - ⇢ filtering pairs by cointegration and half-life — start
2026-01-19 08:57:12,681 - INFO - [ФИЛЬТР] Параллельная фильтрация: processes (8 workers)
⚙️  Загрузка данных за период: 2023-11-30 -> 2024-02-28
📂 Найдено 43 parquet файлов для обработки.
📊 Схема данных: Schema({'timestamp': Int64, 'open': Float64, 'high': Float64, 'low': Float64, 'close': Float64, 'volume': Float64, 'turnover': String, 'ts_ms': Int64, 'symbol': String})
✅ Загружено 2755343 записей с помощью Polars.
📊 Типы данных в pandas: timestamp       datetime64[us]
symbol                  object
close                  float64
timestamp_ms             int64
dtype: object
2026-01-19 08:58:51,297 - INFO - [ФИЛЬТР] После проверки данных: 30000 пар
2026-01-19 08:58:51,297 - INFO - [ФИЛЬТР] После фильтра корреляции (>0.55): 8822 пар
2026-01-19 08:58:51,297 - INFO - [ФИЛЬТР] После фильтра beta: 6482 пар
2026-01-19 08:58:51,297 - INFO - [ФИЛЬТР] После фильтра mean crossings: 6482 пар
2026-01-19 08:58:51,297 - INFO - [ФИЛЬТР] После фильтра half-life: 6453 пар
2026-01-19 08:58:51,297 - INFO - [ФИЛЬТР] После фильтра коинтеграции: 2882 пар
2026-01-19 08:58:51,297 - INFO - [ФИЛЬТР] После фильтра Hurst: 1904 пар
2026-01-19 08:58:51,297 - INFO - [ФИЛЬТР] После фильтра KPSS: 23 пар
2026-01-19 08:58:51,297 - INFO - [ФИЛЬТР] После фильтра market microstructure: 23 пар
2026-01-19 08:58:51,297 - INFO - [ФИЛЬТР] Статистика фильтрации (оптимизированный порядок):
2026-01-19 08:58:51,297 - INFO -   1. SSD → Коинтеграция: 30000 → 2882 пар
2026-01-19 08:58:51,297 - INFO -   2. Коинтеграция → Beta: 2882 → 6482 пар
2026-01-19 08:58:51,297 - INFO -   3. Beta → Half-life: 6482 → 6453 пар
2026-01-19 08:58:51,297 - INFO -   4. Half-life → Mean crossings: 6453 → 6482 пар
2026-01-19 08:58:51,297 - INFO -   5. Mean crossings → Hurst: 6482 → 1904 пар
2026-01-19 08:58:51,297 - INFO -   6. Hurst → KPSS: 1904 → 23 пар
2026-01-19 08:58:51,297 - INFO -   7. KPSS → Market microstructure: 23 → 23 пар
2026-01-19 08:58:51,297 - INFO - [ФИЛЬТР] Причины отсева:
2026-01-19 08:58:51,297 - INFO -   • low_correlation: 21178 пар (70.6%)
2026-01-19 08:58:51,297 - INFO -   • pvalue: 3571 пар (11.9%)
2026-01-19 08:58:51,297 - INFO -   • beta: 2340 пар (7.8%)
2026-01-19 08:58:51,297 - INFO -   • kpss: 1881 пар (6.3%)
2026-01-19 08:58:51,297 - INFO -   • hurst: 978 пар (3.3%)
2026-01-19 08:58:51,297 - INFO -   • half_life: 29 пар (0.1%)
2026-01-19 08:58:51,297 - INFO - [ФИЛЬТР] Итого: 30000 → 23 пар (0.1% прошли все фильтры)
2026-01-19 08:58:51,393 - INFO - Причины отсева сохранены в results/filter_reasons_20260119_085851.csv
2026-01-19 08:58:51,402 - INFO -   Pair stability filter: 23 → 1 (window=1, min_steps=1, history=4)
2026-01-19 08:58:51,407 - INFO -   Фильтрация: 30000 → 1 пар
2026-01-19 08:58:51,407 - INFO - ⇠ filtering pairs by cointegration and half-life — done in 98.73s
2026-01-19 08:58:51,407 - INFO - ⇠ WF-шаг 5/5: training 2023-11-30-2024-01-28, testing 2024-01-29-2024-02-28 — done in 109.40s
2026-01-19 08:58:51,407 - INFO -   Топ-3 пары по волатильности спреда:
2026-01-19 08:58:51,407 - INFO -     1. BTCDAI-WBTCUSDT: beta=1.0023, std=556.1976
2026-01-19 08:58:51,407 - INFO -   Всего пар для торговли: 1 (ограничение 15 применяется к одновременно открытым позициям)
2026-01-19 08:58:51,407 - INFO -   💰 Проверка расчета капитала: equity=$10,074.20, кандидатных_пар=1, max_позиций=15
2026-01-19 08:58:51,407 - INFO -   🎯 Target concurrency: 1 (ожидаемое одновременное число позиций)
2026-01-19 08:58:51,407 - INFO -   📊 Детали расчета капитала:
2026-01-19 08:58:51,407 - INFO -      • Базовый капитал на пару: $10,074.20 (equity / target_concurrency)
2026-01-19 08:58:51,407 - INFO -      • Риск-капитал: $151.11 (1.5% от equity)
2026-01-19 08:58:51,408 - INFO -      • Макс. размер позиции: $201.48 (2.0% от equity)
2026-01-19 08:58:51,408 - INFO -      • Итоговый капитал на пару: $151.11
2026-01-19 08:58:51,408 - INFO - ⇢ WF-шаг 5/5 backtests — starting 1 items
2026-01-19 08:58:51,408 - INFO - 🚀 WF-шаг 5/5: Начинаем бэктесты для 1 пар...
2026-01-19 08:58:51,408 - INFO - 🚀 WF-шаг 5/5: Запускаем параллельную обработку 1 пар на 8 ядрах...
2026-01-19 08:58:51,408 - INFO - 🚀 WF-шаг 5/5: Режим параллельности: процессы
2026-01-19 08:58:51,433 - coint2.engine.numba_engine - INFO - Запуск Numba-оптимизированного бэктеста для BTCDAI-WBTCUSDT
2026-01-19 08:58:51,553 - INFO -   ⏱️ Параллельная обработка завершена за 0.1с (6.9 пар/с)
2026-01-19 08:58:51,560 - coint2.pipeline.walk_forward_orchestrator - INFO - 🎯 СИМУЛЯЦИЯ ПОРТФЕЛЯ: 1 пар, лимит 15 позиций
2026-01-19 08:58:52,148 - coint2.pipeline.walk_forward_orchestrator - INFO -    📈 Макс. одновременных сигналов: 1
2026-01-19 08:58:52,148 - coint2.pipeline.walk_forward_orchestrator - INFO -    📊 Средн. сигналов за период: 0.0
2026-01-19 08:58:52,148 - coint2.pipeline.walk_forward_orchestrator - INFO -    🎯 Финальных активных позиций: 0
2026-01-19 08:58:52,149 - coint2.pipeline.walk_forward_orchestrator - INFO -    ⚡ Утилизация лимита позиций: 0.1%
2026-01-19 08:58:52,150 - INFO - ⇠ WF-шаг 5/5 backtests — completed 1 items in 0.74s (1.3 items/s)
2026-01-19 08:58:52,150 - INFO -   ✅ Обработка завершена: 1 успешно, 0 с ошибками
2026-01-19 08:58:52,150 - INFO -   📊 Успешность: 100.0%, прибыльность: 100.0%, сделок/пара: 24.0
2026-01-19 08:58:52,150 - INFO -   ✅ Завершены бэктесты для 1 пар
2026-01-19 08:58:52,150 - INFO -   📊 Всего обработано пар в этом шаге: 1
2026-01-19 08:58:52,150 - INFO -   📈 Результаты шага: 1/1 прибыльных пар, 24 сделок
2026-01-19 08:58:52,150 - INFO -   💰 P&L шага: $+6.47
2026-01-19 08:58:52,150 - INFO -   ⇢ Обновление капитала и дневного P&L...
2026-01-19 08:58:54,956 - INFO -   💼 Шаг P&L: $+6.47, Накопленный капитал: $10,080.68
2026-01-19 08:58:54,956 - INFO - ------------------------------------------------------------
2026-01-19 08:58:54,957 - INFO -   Walk-forward steps: 5 / 5 (100.0%) | 0.0 items/s | ETA: 0.0s
2026-01-19 08:58:54,957 - INFO - ⇠ Walk-forward steps — completed 5 items in 683.93s (0.0 items/s)
2026-01-19 08:58:54,957 - INFO - ================================================================================
2026-01-19 08:58:54,957 - INFO - 🏁 Walk-forward анализ завершен!
2026-01-19 08:58:54,957 - INFO - ⏱️ Обработано 5 шагов за 3.5 секунд
2026-01-19 08:58:54,957 - INFO - 📊 Всего обработано пар за весь анализ: 51
2026-01-19 08:58:54,957 - INFO - 💰 Финальный капитал: $10,080.68 (было $10,000.00)
2026-01-19 08:58:54,957 - INFO - 📈 Общая доходность: +0.81% ($+80.68)
2026-01-19 08:58:54,957 - INFO - 📊 Всего сделок: 0
2026-01-19 08:58:54,957 - INFO - ================================================================================
2026-01-19 08:58:54,957 - INFO - ✓ Завершены все 5 WF-шагов
2026-01-19 08:58:54,957 - INFO - ⇢ Обработка финальных результатов и расчет метрик...
2026-01-19 08:58:54,957 - INFO - ⇢ processing final results — start
2026-01-19 08:58:54,957 - INFO -   ⇢ Агрегация данных P&L за 8643 торговых дней
2026-01-19 08:58:54,983 - INFO -   ⇢ Расчет базовых метрик производительности...
2026-01-19 08:58:54,983 - INFO -     📊 Данные для анализа: 8643 записей P&L, 8642 точек equity
2026-01-19 08:58:54,989 - INFO -   ⇢ Расчет расширенных метрик (волатильность, Calmar ratio, и др.)...
2026-01-19 08:58:54,990 - INFO -   ✅ Расширенные метрики рассчитаны: 6 показателей
2026-01-19 08:58:54,990 - INFO -   ⇢ Анализ статистики по 51 парам...
2026-01-19 08:58:54,992 - INFO - ✅ Рассчитаны метрики производительности (19 показателей)
2026-01-19 08:58:54,992 - INFO -   💰 Общий P&L: $+80.68
2026-01-19 08:58:54,992 - INFO -   📊 Sharpe Ratio: 2.043
2026-01-19 08:58:54,992 - INFO -   📉 Максимальная просадка: -7441.76%
2026-01-19 08:58:54,993 - INFO -   🔄 Всего сделок: 989
2026-01-19 08:58:54,993 - INFO -   📈 Торгуемых пар: 51
2026-01-19 08:58:54,993 - INFO -   💸 Общие издержки: $29.07
2026-01-19 08:58:54,993 - coint2.metrics - INFO - Metric: total_pnl
2026-01-19 08:58:54,997 - coint2.metrics - INFO - Metric: sharpe_ratio_abs
2026-01-19 08:58:54,998 - coint2.metrics - INFO - Metric: max_drawdown_pct
2026-01-19 08:58:54,999 - coint2.metrics - INFO - Metric: total_trades
2026-01-19 08:58:54,999 - coint2.metrics - INFO - Metric: total_pairs_traded
2026-01-19 08:58:55,000 - coint2.metrics - INFO - Metric: total_costs
2026-01-19 08:58:55,004 - INFO - ⇠ processing final results — done in 0.05s
2026-01-19 08:58:55,004 - INFO - ⇢ Создание отчетов и сохранение результатов...
2026-01-19 08:58:55,004 - INFO - ⇢ generating reports — start
2026-01-19 08:58:55,004 - INFO -   ⇢ Создание отчета о производительности...
2026-01-19 08:59:02,836 - INFO -   ✓ Отчет о производительности создан
2026-01-19 08:59:02,836 - INFO -   ⇢ Сохранение данных в CSV файлы...
2026-01-19 08:59:02,838 - INFO - 📋 Метрики сохранены: artifacts/wfa/runs/20260119_stability_relaxed3/stability_relaxed3_20260119_pv0p06_hurst0p6_hl0p02_60_corr0p55_ssd30000_st1/strategy_metrics.csv
2026-01-19 08:59:02,839 - INFO - 📈 Дневные P&L сохранены: artifacts/wfa/runs/20260119_stability_relaxed3/stability_relaxed3_20260119_pv0p06_hurst0p6_hl0p02_60_corr0p55_ssd30000_st1/daily_pnl.csv (92 записей)
2026-01-19 08:59:02,872 - INFO - 💹 Кривая капитала сохранена: artifacts/wfa/runs/20260119_stability_relaxed3/stability_relaxed3_20260119_pv0p06_hurst0p6_hl0p02_60_corr0p55_ssd30000_st1/equity_curve.csv (8642 точек)
2026-01-19 08:59:02,874 - INFO - 📋 Статистика сделок сохранена: artifacts/wfa/runs/20260119_stability_relaxed3/stability_relaxed3_20260119_pv0p06_hurst0p6_hl0p02_60_corr0p55_ssd30000_st1/trade_statistics.csv (51 записей)
2026-01-19 08:59:02,874 - INFO - 🎉 Walk-Forward анализ полностью завершен!
2026-01-19 08:59:02,874 - INFO - 📊 Все отчеты и данные сохранены в: artifacts/wfa/runs/20260119_stability_relaxed3/stability_relaxed3_20260119_pv0p06_hurst0p6_hl0p02_60_corr0p55_ssd30000_st1
2026-01-19 08:59:02,874 - INFO - 💼 Итоговый капитал: $10,080.68
2026-01-19 08:59:02,875 - INFO - ⏱️  Общее время выполнения: 11.5 секунд
2026-01-19 08:59:02,875 - INFO - ⇠ generating reports — done in 7.87s
2026-01-19 08:59:02,875 - coint2.core.memory_optimization - INFO - 🧹 Cleaning up global price data
2026-01-19 08:59:02,879 - coint2.core.memory_optimization - INFO - 📊 No global rolling stats to clean up
2026-01-19 08:59:02,879 - INFO - 🧹 Memory-mapped data cleaned up
2026-01-19 08:59:02,880 - INFO - ⇠ run_walk_forward_analysis — done in 699.35s
📊 Отчет сохранен: artifacts/wfa/runs/20260119_stability_relaxed3/stability_relaxed3_20260119_pv0p06_hurst0p6_hl0p02_60_corr0p55_ssd30000_st1/CointegrationStrategy_performance_report.png
🎯 ============================================================
📊 ИТОГИ ТОРГОВОЙ СТРАТЕГИИ
🎯 ============================================================

💰 ФИНАНСОВЫЕ РЕЗУЛЬТАТЫ:
   • Общий P&L:                           81
   • Максимальная просадка:              -74
   • Средний дневной P&L:                  1

📈 МЕТРИКИ РИСКА:
   • Коэффициент Шарпа:               2.0432
   • Волатильность P&L:                 9.13
   • Процент прибыльных дней:         38.04%

🔄 ТОРГОВАЯ АКТИВНОСТЬ:
   • Всего торговых дней:                 92
   • Всего сделок:                       989
   • Торгуемых пар:                       51
   • Сделок на пару:                    19.4
   • Успешность сделок:               0.28%

💸 РАСХОДЫ И ЭКСТРЕМУМЫ:
   • Общие расходы:                       29
   • Максимальная прибыль:                50
   • Максимальный убыток:                -41
   • Лучшая пара (P&L):                   75
   • Худшая пара (P&L):                  -14

📊 ОЦЕНКА СТРАТЕГИИ:
   ✅ ОТЛИЧНАЯ стратегия! Высокий Шарп и положительный результат

🎯 ============================================================

Annualized Sharpe Ratio: 2.043184078612983
[run_wfa_fullcpu] end: 2026-01-19T08:59:04Z
