[run_wfa_queue] 2026-01-23T14:06:54Z cmd: /opt/coint4/coint4/run_wfa_fullcpu.sh configs/budget_20260123_1000_capsweep_oos20240101_20240630_top50_maxnot40_lowrisk_maxpairsgrid/stress_relaxed8_nokpss_20260123_oos20240101_20240630_top50_z1p00_exit0p06_hold180_cd180_ms0p2_cap1000_maxnot40_risk0p015_minnot20_maxpairs20.yaml artifacts/wfa/runs/20260123_budget1000_oos20240101_20240630_top50_maxnot40_lowrisk_maxpairsgrid/stress_relaxed8_nokpss_20260123_oos20240101_20240630_top50_z1p00_exit0p06_hold180_cd180_ms0p2_cap1000_maxnot40_risk0p015_minnot20_maxpairs20
[run_wfa_fullcpu] start: 2026-01-23T14:06:54Z
[run_wfa_fullcpu] os.cpu_count: 8
[run_wfa_fullcpu] worker_pid=3894
2026-01-23 14:06:57,557 - coint2.core.memory_optimization - INFO - ✅ BLAS threading limits set to 1 via threadpoolctl
2026-01-23 14:06:57,557 - coint2.core.memory_optimization - INFO - 🔧 Controlled libraries: openblas, openmp
2026-01-23 14:06:57,557 - coint2.core.memory_optimization - INFO - 🧵 Process threads: 2 → 2
2026-01-23 14:06:57,557 - coint2.core.memory_optimization - INFO - 📝 Set 11 environment variables
2026-01-23 14:06:57,918 - INFO - ✅ Параметры конфигурации валидны
2026-01-23 14:06:57,918 - INFO - 📝 Некоторые параметры были скорректированы:
2026-01-23 14:06:58,073 - INFO - 🔒 WFA: фиксированный universe из artifacts/universe/20260119_relaxed8_strict_preholdout_v2/pairs_universe.yaml (250 пар)
2026-01-23 14:06:58,074 - INFO -   Шаг 1: тренировка 2023-10-03-2023-12-31, тест 2024-01-01-2024-01-31
2026-01-23 14:06:58,074 - INFO -   Шаг 2: тренировка 2023-11-02-2024-01-30, тест 2024-01-31-2024-03-01
2026-01-23 14:06:58,074 - INFO -   Шаг 3: тренировка 2023-12-02-2024-02-29, тест 2024-03-01-2024-03-31
2026-01-23 14:06:58,074 - INFO -   Шаг 4: тренировка 2024-01-01-2024-03-30, тест 2024-03-31-2024-04-30
2026-01-23 14:06:58,074 - INFO -   Шаг 5: тренировка 2024-01-31-2024-04-29, тест 2024-04-30-2024-05-30
2026-01-23 14:06:58,074 - INFO -   Шаг 6: тренировка 2024-03-01-2024-05-29, тест 2024-05-30-2024-06-29
2026-01-23 14:06:58,074 - INFO -   Шаг 7: тренировка 2024-03-31-2024-06-28, тест 2024-06-29-2024-07-29
2026-01-23 14:06:58,074 - INFO - 📈 Запланировано 7 walk-forward шагов
2026-01-23 14:06:58,074 - INFO - ⛔ Ограничение WFA шагов: 7 → 3
2026-01-23 14:06:58,074 - WARNING - ⚠️ Маленький буфер между training и testing в шаге 1: 0 дней. Рекомендуется минимум 1 день.
2026-01-23 14:06:58,074 - WARNING - ⚠️ Маленький буфер между training и testing в шаге 2: 0 дней. Рекомендуется минимум 1 день.
2026-01-23 14:06:58,074 - WARNING - ⚠️ Маленький буфер между training и testing в шаге 3: 0 дней. Рекомендуется минимум 1 день.
2026-01-23 14:06:58,074 - INFO - ✅ Шаги успешно запланированы:
2026-01-23 14:06:58,074 - INFO -    Шаг 1: тренировка 2023-10-03-2023-12-31, тест 2024-01-01-2024-01-31
2026-01-23 14:06:58,074 - INFO -    Шаг 2: тренировка 2023-11-02-2024-01-30, тест 2024-01-31-2024-03-01
2026-01-23 14:06:58,074 - INFO -    Шаг 3: тренировка 2023-12-02-2024-02-29, тест 2024-03-01-2024-03-31
2026-01-23 14:06:58,074 - INFO - 🗂️ Consolidating price data for memory-mapped access...
2026-01-23 14:06:58,074 - INFO - 📊 Consolidating data range: 2023-09-28 → 2024-04-05
2026-01-23 14:06:58,074 - coint2.core.memory_optimization - INFO - 🔄 Consolidating price data from data_downloaded to .cache/consolidated_prices.parquet
2026-01-23 14:06:58,075 - INFO - ⇢ loading raw data for consolidation — start
2026-01-23 14:06:58,757 - INFO - ⇠ loading raw data for consolidation — done in 0.68s
2026-01-23 14:06:58,757 - INFO - ⇢ pivoting data to wide format — start
2026-01-23 14:07:03,032 - INFO - ⇠ pivoting data to wide format — done in 4.28s
2026-01-23 14:07:03,088 - coint2.core.memory_optimization - INFO - 📊 Consolidated data: 18241 rows × 366 symbols
2026-01-23 14:07:03,089 - coint2.core.memory_optimization - INFO - 💾 Memory usage: 26.9 MB
2026-01-23 14:07:03,089 - INFO - ⇢ writing consolidated Parquet file — start
2026-01-23 14:07:03,312 - INFO - ⇠ writing consolidated Parquet file — done in 0.22s
2026-01-23 14:07:03,312 - coint2.core.memory_optimization - INFO - ✅ Successfully consolidated data to .cache/consolidated_prices.parquet
2026-01-23 14:07:03,335 - coint2.core.memory_optimization - INFO - 🔄 Initializing memory-mapped price data from .cache/consolidated_prices.parquet
2026-01-23 14:07:03,335 - INFO - ⇢ loading memory-mapped data — start
2026-01-23 14:07:03,335 - coint2.core.memory_optimization - WARNING - ⚠️ memory_map не поддерживается в текущей версии pyarrow, fallback без mmap
2026-01-23 14:07:03,456 - INFO - ⇠ loading memory-mapped data — done in 0.12s
2026-01-23 14:07:03,467 - coint2.core.memory_optimization - INFO - 📊 Loaded 18241 rows × 366 symbols
2026-01-23 14:07:03,467 - coint2.core.memory_optimization - INFO - 💾 Memory usage: 26.9 MB (memory-mapped)
2026-01-23 14:07:03,468 - INFO - ✅ Memory-mapped data initialized successfully
2026-01-23 14:07:03,469 - INFO - ⇢ Walk-forward steps — starting 3 items
2026-01-23 14:07:03,470 - INFO - 📈 Инициализация equity кривой с первой тестовой даты: 2024-01-01 00:00:00
2026-01-23 14:07:03,470 - INFO - 🔍 WF-шаг 1/3: Валидация временных окон...
2026-01-23 14:07:03,470 - INFO - ⇢ WF-шаг 1/3: training 2023-10-03-2023-12-31, testing 2024-01-01-2024-01-31 — start
2026-01-23 14:07:03,470 - INFO - ⇢ loading step data — start
2026-01-23 14:07:03,752 - INFO - ⇠ loading step data — done in 0.28s
2026-01-23 14:07:06,101 - INFO - 📊 WF-шаг 1/3: Границы данных:
2026-01-23 14:07:06,101 - INFO -    Training: 2023-10-03 00:00:00 → 2023-12-31 23:45:00 (8,640 строк × 329 символов)
2026-01-23 14:07:06,101 - INFO -    Testing:  2024-01-01 00:00:00 → 2024-01-31 00:00:00 (2,881 строк × 329 символов)
2026-01-23 14:07:06,101 - INFO -    Временной разрыв: 0 days 00:15:00
2026-01-23 14:07:06,146 - INFO - ⇢ normalizing training data — start
2026-01-23 14:07:06,188 - INFO -   Символы с NaN значениями: 53
2026-01-23 14:07:06,188 - INFO -   Применяем метод нормализации: rolling_zscore
2026-01-23 14:07:06,213 - INFO - Символы с недостаточной историей: 50 из 329
2026-01-23 14:07:06,901 - INFO - Символы с NaN после нормализации: 279
2026-01-23 14:07:06,911 - INFO - Удалено 1577 начальных строк с NaN от rolling расчетов
2026-01-23 14:07:06,914 - INFO - Итоговое количество символов после нормализации: 279 из 329
2026-01-23 14:07:06,914 - INFO -   Статистика нормализации:
2026-01-23 14:07:06,914 - INFO -     Исходные символы: 329
2026-01-23 14:07:06,914 - INFO -     Недостаточная история: 50
2026-01-23 14:07:06,914 - INFO -     Постоянная цена: 0
2026-01-23 14:07:06,914 - INFO -     NaN после нормализации: 279
2026-01-23 14:07:06,914 - INFO -     Итоговые символы: 279 (84.8%)
2026-01-23 14:07:06,915 - INFO -   После нормализации: 279 символов (потеряно 50)
2026-01-23 14:07:06,915 - INFO -   Отброшено много символов: 50 из 329
2026-01-23 14:07:06,915 - INFO - ⇠ normalizing training data — done in 0.77s
2026-01-23 14:07:06,915 - INFO -   Фиксированный universe: 234 пар (отфильтровано 16 недоступных)
2026-01-23 14:07:06,915 - INFO - ⇢ filtering pairs by cointegration and half-life — start
2026-01-23 14:07:06,915 - INFO - [ФИЛЬТР] Параллельная фильтрация: threads (8 workers)
2026-01-23 14:07:15,017 - INFO - [ФИЛЬТР] После проверки данных: 212 пар
2026-01-23 14:07:15,017 - INFO - [ФИЛЬТР] После фильтра корреляции (>0.4): 163 пар
2026-01-23 14:07:15,017 - INFO - [ФИЛЬТР] После фильтра beta: 141 пар
2026-01-23 14:07:15,017 - INFO - [ФИЛЬТР] После фильтра mean crossings: 141 пар
2026-01-23 14:07:15,017 - INFO - [ФИЛЬТР] После фильтра half-life: 141 пар
2026-01-23 14:07:15,017 - INFO - [ФИЛЬТР] После фильтра коинтеграции: 63 пар
2026-01-23 14:07:15,017 - INFO - [ФИЛЬТР] После фильтра Hurst: 48 пар
2026-01-23 14:07:15,017 - INFO - [ФИЛЬТР] После фильтра KPSS: 48 пар
2026-01-23 14:07:15,017 - INFO - [ФИЛЬТР] После фильтра market microstructure: 44 пар
2026-01-23 14:07:15,017 - INFO - [ФИЛЬТР] Статистика фильтрации (оптимизированный порядок):
2026-01-23 14:07:15,017 - INFO -   1. SSD → Коинтеграция: 234 → 63 пар
2026-01-23 14:07:15,017 - INFO -   2. Коинтеграция → Beta: 63 → 141 пар
2026-01-23 14:07:15,018 - INFO -   3. Beta → Half-life: 141 → 141 пар
2026-01-23 14:07:15,018 - INFO -   4. Half-life → Mean crossings: 141 → 141 пар
2026-01-23 14:07:15,018 - INFO -   5. Mean crossings → Hurst: 141 → 48 пар
2026-01-23 14:07:15,018 - INFO -   6. Hurst → KPSS: 48 → 48 пар
2026-01-23 14:07:15,018 - INFO -   7. KPSS → Market microstructure: 48 → 44 пар
2026-01-23 14:07:15,018 - INFO - [ФИЛЬТР] Причины отсева:
2026-01-23 14:07:15,018 - INFO -   • pvalue: 78 пар (33.3%)
2026-01-23 14:07:15,018 - INFO -   • low_correlation: 49 пар (20.9%)
2026-01-23 14:07:15,018 - INFO -   • insufficient_data: 22 пар (9.4%)
2026-01-23 14:07:15,018 - INFO -   • beta: 22 пар (9.4%)
2026-01-23 14:07:15,018 - INFO -   • hurst: 15 пар (6.4%)
2026-01-23 14:07:15,018 - INFO -   • history: 4 пар (1.7%)
2026-01-23 14:07:15,018 - INFO - [ФИЛЬТР] Итого: 234 → 44 пар (18.8% прошли все фильтры)
2026-01-23 14:07:15,021 - INFO - Причины отсева сохранены в results/filter_reasons_20260123_140715.csv
2026-01-23 14:07:15,022 - INFO -   Pair stability filter: insufficient history (0 < 1), skip
2026-01-23 14:07:15,022 - INFO -   Фильтрация: 234 → 44 пар
2026-01-23 14:07:15,022 - INFO - ⇠ filtering pairs by cointegration and half-life — done in 8.11s
2026-01-23 14:07:15,022 - INFO - ⇠ WF-шаг 1/3: training 2023-10-03-2023-12-31, testing 2024-01-01-2024-01-31 — done in 11.55s
2026-01-23 14:07:15,022 - INFO -   Ограничение max_pairs=20: 44 → 20
2026-01-23 14:07:15,022 - INFO -   Топ-3 пары по волатильности спреда:
2026-01-23 14:07:15,022 - INFO -     1. BTCDAI-BTCEUR: beta=1.1665, std=409.8237
2026-01-23 14:07:15,023 - INFO -     2. ETHDAI-ETHEUR: beta=1.1882, std=22.0629
2026-01-23 14:07:15,023 - INFO -     3. BTCUSDC-BTCUSDT: beta=0.9998, std=13.3093
2026-01-23 14:07:15,024 - INFO -   Всего пар для торговли: 20 (ограничение 15 применяется к одновременно открытым позициям)
2026-01-23 14:07:15,024 - INFO -   💰 Проверка расчета капитала: equity=$1,000.00, кандидатных_пар=20, max_позиций=15
2026-01-23 14:07:15,024 - INFO -   🎯 Target concurrency: 15 (ожидаемое одновременное число позиций)
2026-01-23 14:07:15,024 - INFO -   📊 Детали расчета капитала:
2026-01-23 14:07:15,024 - INFO -      • Базовый капитал на пару: $66.67 (equity / target_concurrency)
2026-01-23 14:07:15,024 - INFO -      • Риск-капитал: $15.00 (1.5% от equity)
2026-01-23 14:07:15,024 - INFO -      • Макс. размер позиции: $50.00 (5.0% от equity)
2026-01-23 14:07:15,025 - INFO -      • Итоговый капитал на пару: $15.00
2026-01-23 14:07:15,025 - INFO - ⇢ WF-шаг 1/3 backtests — starting 20 items
2026-01-23 14:07:15,025 - INFO - 🚀 WF-шаг 1/3: Начинаем бэктесты для 20 пар...
2026-01-23 14:07:15,025 - INFO - 🚀 WF-шаг 1/3: Запускаем параллельную обработку 20 пар на 8 ядрах...
2026-01-23 14:07:15,025 - INFO - 🚀 WF-шаг 1/3: Режим параллельности: процессы
⚙️  Загрузка данных за период: 2023-09-28 -> 2024-04-05
📂 Найдено 43 parquet файлов для обработки.
📊 Схема данных: Schema({'timestamp': Int64, 'open': Float64, 'high': Float64, 'low': Float64, 'close': Float64, 'volume': Float64, 'turnover': String, 'ts_ms': Int64, 'symbol': String})
✅ Загружено 5719620 записей с помощью Polars.
📊 Типы данных в pandas: timestamp       datetime64[us]
symbol                  object
close                  float64
timestamp_ms             int64
dtype: object
⚙️  Загрузка данных за период: 2023-10-03 -> 2024-01-31
📂 Найдено 43 parquet файлов для обработки.
📊 Схема данных: Schema({'timestamp': Int64, 'open': Float64, 'high': Float64, 'low': Float64, 'close': Float64, 'volume': Float64, 'turnover': String, 'ts_ms': Int64, 'symbol': String})
✅ Загружено 3426589 записей с помощью Polars.
📊 Типы данных в pandas: timestamp       datetime64[us]
symbol                  object
close                  float64
timestamp_ms             int64
dtype: object
2026-01-23 14:07:15,095 - coint2.engine.numba_engine - INFO - Запуск Numba-оптимизированного бэктеста для BTCDAI-BTCEUR
2026-01-23 14:07:15,149 - coint2.engine.numba_engine - INFO - Запуск Numba-оптимизированного бэктеста для ETHDAI-ETHEUR
2026-01-23 14:07:15,199 - coint2.engine.numba_engine - INFO - Запуск Numba-оптимизированного бэктеста для BTCUSDC-BTCUSDT
2026-01-23 14:07:15,272 - coint2.engine.numba_engine - INFO - Запуск Numba-оптимизированного бэктеста для APEUSDC-HFTUSDC
2026-01-23 14:07:15,274 - coint2.engine.numba_engine - INFO - Запуск Numba-оптимизированного бэктеста для ETCUSDT-JUVUSDT
2026-01-23 14:07:15,284 - coint2.engine.numba_engine - INFO - Запуск Numba-оптимизированного бэктеста для APEUSDT-HFTUSDC
2026-01-23 14:07:15,307 - coint2.engine.numba_engine - INFO - Запуск Numba-оптимизированного бэктеста для CITYUSDT-IZIUSDT
2026-01-23 14:07:15,324 - coint2.engine.numba_engine - INFO - Запуск Numba-оптимизированного бэктеста для ATOMUSDT-GODSUSDT
2026-01-23 14:07:15,338 - coint2.engine.numba_engine - INFO - Запуск Numba-оптимизированного бэктеста для APEUSDC-GODSUSDT
2026-01-23 14:07:15,363 - coint2.engine.numba_engine - INFO - Запуск Numba-оптимизированного бэктеста для APEUSDC-HFTUSDT
2026-01-23 14:07:15,379 - coint2.engine.numba_engine - INFO - Запуск Numba-оптимизированного бэктеста для ETHUSDC-ETHUSDT
2026-01-23 14:07:15,414 - coint2.engine.numba_engine - INFO - Запуск Numba-оптимизированного бэктеста для APEUSDT-GODSUSDT
2026-01-23 14:07:15,459 - coint2.engine.numba_engine - INFO - Запуск Numba-оптимизированного бэктеста для APEUSDT-HFTUSDT
2026-01-23 14:07:15,487 - coint2.engine.numba_engine - INFO - Запуск Numba-оптимизированного бэктеста для AXSUSDT-DOTUSDC
2026-01-23 14:07:15,495 - coint2.engine.numba_engine - INFO - Запуск Numba-оптимизированного бэктеста для AXSUSDT-DOTUSDT
2026-01-23 14:07:15,532 - coint2.engine.numba_engine - INFO - Запуск Numba-оптимизированного бэктеста для AFCUSDT-ANKRUSDT
2026-01-23 14:07:15,570 - coint2.engine.numba_engine - INFO - Запуск Numba-оптимизированного бэктеста для AGLDUSDT-HFTUSDT
2026-01-23 14:07:15,582 - coint2.engine.numba_engine - INFO - Запуск Numba-оптимизированного бэктеста для AGLDUSDT-HFTUSDC
2026-01-23 14:07:15,709 - coint2.engine.numba_engine - INFO - Запуск Numba-оптимизированного бэктеста для APEUSDC-ATOMUSDT
2026-01-23 14:07:15,877 - coint2.engine.numba_engine - INFO - Запуск Numba-оптимизированного бэктеста для APEUSDT-ATOMUSDT
2026-01-23 14:07:16,135 - INFO -   ⏱️ Параллельная обработка завершена за 1.1с (18.0 пар/с)
2026-01-23 14:07:16,188 - coint2.pipeline.walk_forward_orchestrator - INFO - 🎯 СИМУЛЯЦИЯ ПОРТФЕЛЯ: 20 пар, лимит 15 позиций
2026-01-23 14:07:18,381 - coint2.pipeline.walk_forward_orchestrator - INFO -    📈 Макс. одновременных сигналов: 0
2026-01-23 14:07:18,381 - coint2.pipeline.walk_forward_orchestrator - INFO -    📊 Средн. сигналов за период: 0.0
2026-01-23 14:07:18,381 - coint2.pipeline.walk_forward_orchestrator - INFO -    🎯 Финальных активных позиций: 0
2026-01-23 14:07:18,382 - coint2.pipeline.walk_forward_orchestrator - INFO -    ⚡ Утилизация лимита позиций: 0.0%
2026-01-23 14:07:18,383 - INFO - ⇠ WF-шаг 1/3 backtests — completed 20 items in 3.36s (6.0 items/s)
2026-01-23 14:07:18,383 - INFO -   ✅ Обработка завершена: 20 успешно, 0 с ошибками
2026-01-23 14:07:18,383 - INFO -   📊 Успешность: 100.0%, прибыльность: 0.0%, сделок/пара: 0.0
2026-01-23 14:07:18,383 - INFO -   ✅ Завершены бэктесты для 20 пар
2026-01-23 14:07:18,383 - INFO -   📊 Всего обработано пар в этом шаге: 20
2026-01-23 14:07:18,383 - INFO -   📈 Результаты шага: 0/20 прибыльных пар, 0 сделок
2026-01-23 14:07:18,383 - INFO -   💰 P&L шага: $+0.00
2026-01-23 14:07:18,383 - INFO -   ⇢ Обновление капитала и дневного P&L...
2026-01-23 14:07:19,673 - INFO -   💼 Шаг P&L: $+0.00, Накопленный капитал: $1,000.00
2026-01-23 14:07:19,674 - INFO - ------------------------------------------------------------
2026-01-23 14:07:19,674 - INFO -   Walk-forward steps: 1 / 3 (33.3%) | 0.1 items/s | ETA: 32.4s
2026-01-23 14:07:19,674 - INFO - 🔍 WF-шаг 2/3: Валидация временных окон...
2026-01-23 14:07:19,674 - INFO - ⇢ WF-шаг 2/3: training 2023-11-02-2024-01-30, testing 2024-01-31-2024-03-01 — start
2026-01-23 14:07:19,674 - INFO - ⇢ loading step data — start
2026-01-23 14:07:20,099 - INFO - ⇠ loading step data — done in 0.42s
2026-01-23 14:07:22,195 - INFO - 📊 WF-шаг 2/3: Границы данных:
2026-01-23 14:07:22,195 - INFO -    Training: 2023-11-02 00:00:00 → 2024-01-30 23:45:00 (8,640 строк × 346 символов)
2026-01-23 14:07:22,195 - INFO -    Testing:  2024-01-31 00:00:00 → 2024-03-01 00:00:00 (2,881 строк × 346 символов)
2026-01-23 14:07:22,195 - INFO -    Временной разрыв: 0 days 00:15:00
2026-01-23 14:07:22,246 - INFO - ⇢ normalizing training data — start
2026-01-23 14:07:22,293 - INFO -   Символы с NaN значениями: 63
2026-01-23 14:07:22,293 - INFO -   Применяем метод нормализации: rolling_zscore
2026-01-23 14:07:22,317 - INFO - Символы с недостаточной историей: 58 из 346
2026-01-23 14:07:23,050 - INFO - Символы с NaN после нормализации: 288
2026-01-23 14:07:23,059 - INFO - Удалено 1193 начальных строк с NaN от rolling расчетов
2026-01-23 14:07:23,062 - INFO - Итоговое количество символов после нормализации: 288 из 346
2026-01-23 14:07:23,062 - INFO -   Статистика нормализации:
2026-01-23 14:07:23,062 - INFO -     Исходные символы: 346
2026-01-23 14:07:23,062 - INFO -     Недостаточная история: 58
2026-01-23 14:07:23,062 - INFO -     Постоянная цена: 0
2026-01-23 14:07:23,062 - INFO -     NaN после нормализации: 288
2026-01-23 14:07:23,062 - INFO -     Итоговые символы: 288 (83.2%)
2026-01-23 14:07:23,062 - INFO -   После нормализации: 288 символов (потеряно 58)
2026-01-23 14:07:23,062 - INFO -   Отброшено много символов: 58 из 346
2026-01-23 14:07:23,062 - INFO - ⇠ normalizing training data — done in 0.82s
2026-01-23 14:07:23,063 - INFO -   Фиксированный universe: 246 пар (отфильтровано 4 недоступных)
2026-01-23 14:07:23,063 - INFO - ⇢ filtering pairs by cointegration and half-life — start
2026-01-23 14:07:23,063 - INFO - [ФИЛЬТР] Параллельная фильтрация: threads (8 workers)
2026-01-23 14:07:31,099 - INFO - [ФИЛЬТР] После проверки данных: 218 пар
2026-01-23 14:07:31,099 - INFO - [ФИЛЬТР] После фильтра корреляции (>0.4): 122 пар
2026-01-23 14:07:31,099 - INFO - [ФИЛЬТР] После фильтра beta: 108 пар
2026-01-23 14:07:31,099 - INFO - [ФИЛЬТР] После фильтра mean crossings: 108 пар
2026-01-23 14:07:31,099 - INFO - [ФИЛЬТР] После фильтра half-life: 108 пар
2026-01-23 14:07:31,099 - INFO - [ФИЛЬТР] После фильтра коинтеграции: 72 пар
2026-01-23 14:07:31,099 - INFO - [ФИЛЬТР] После фильтра Hurst: 55 пар
2026-01-23 14:07:31,099 - INFO - [ФИЛЬТР] После фильтра KPSS: 55 пар
2026-01-23 14:07:31,099 - INFO - [ФИЛЬТР] После фильтра market microstructure: 49 пар
2026-01-23 14:07:31,099 - INFO - [ФИЛЬТР] Статистика фильтрации (оптимизированный порядок):
2026-01-23 14:07:31,099 - INFO -   1. SSD → Коинтеграция: 246 → 72 пар
2026-01-23 14:07:31,099 - INFO -   2. Коинтеграция → Beta: 72 → 108 пар
2026-01-23 14:07:31,099 - INFO -   3. Beta → Half-life: 108 → 108 пар
2026-01-23 14:07:31,099 - INFO -   4. Half-life → Mean crossings: 108 → 108 пар
2026-01-23 14:07:31,099 - INFO -   5. Mean crossings → Hurst: 108 → 55 пар
2026-01-23 14:07:31,099 - INFO -   6. Hurst → KPSS: 55 → 55 пар
2026-01-23 14:07:31,099 - INFO -   7. KPSS → Market microstructure: 55 → 49 пар
2026-01-23 14:07:31,099 - INFO - [ФИЛЬТР] Причины отсева:
2026-01-23 14:07:31,099 - INFO -   • low_correlation: 96 пар (39.0%)
2026-01-23 14:07:31,099 - INFO -   • pvalue: 36 пар (14.6%)
2026-01-23 14:07:31,099 - INFO -   • insufficient_data: 28 пар (11.4%)
2026-01-23 14:07:31,099 - INFO -   • hurst: 17 пар (6.9%)
2026-01-23 14:07:31,099 - INFO -   • beta: 14 пар (5.7%)
2026-01-23 14:07:31,100 - INFO -   • history: 6 пар (2.4%)
2026-01-23 14:07:31,100 - INFO - [ФИЛЬТР] Итого: 246 → 49 пар (19.9% прошли все фильтры)
2026-01-23 14:07:31,102 - INFO - Причины отсева сохранены в results/filter_reasons_20260123_140731.csv
2026-01-23 14:07:31,109 - INFO -   Pair stability filter: 49 → 31 (window=2, min_steps=1, history=1)
2026-01-23 14:07:31,110 - INFO -   Фильтрация: 246 → 31 пар
2026-01-23 14:07:31,110 - INFO - ⇠ filtering pairs by cointegration and half-life — done in 8.05s
2026-01-23 14:07:31,110 - INFO - ⇠ WF-шаг 2/3: training 2023-11-02-2024-01-30, testing 2024-01-31-2024-03-01 — done in 11.44s
2026-01-23 14:07:31,110 - INFO -   Ограничение max_pairs=20: 31 → 20
2026-01-23 14:07:31,110 - INFO -   Топ-3 пары по волатильности спреда:
2026-01-23 14:07:31,110 - INFO -     1. BTCDAI-BTCEUR: beta=1.1459, std=574.8675
2026-01-23 14:07:31,110 - INFO -     2. ETHDAI-ETHEUR: beta=1.1311, std=22.8903
2026-01-23 14:07:31,110 - INFO -     3. BTCUSDC-BTCUSDT: beta=0.9990, std=20.6114
2026-01-23 14:07:31,110 - INFO -   Всего пар для торговли: 20 (ограничение 15 применяется к одновременно открытым позициям)
2026-01-23 14:07:31,110 - INFO -   💰 Проверка расчета капитала: equity=$1,000.00, кандидатных_пар=20, max_позиций=15
2026-01-23 14:07:31,110 - INFO -   🎯 Target concurrency: 15 (ожидаемое одновременное число позиций)
2026-01-23 14:07:31,110 - INFO -   📊 Детали расчета капитала:
2026-01-23 14:07:31,111 - INFO -      • Базовый капитал на пару: $66.67 (equity / target_concurrency)
2026-01-23 14:07:31,111 - INFO -      • Риск-капитал: $15.00 (1.5% от equity)
2026-01-23 14:07:31,111 - INFO -      • Макс. размер позиции: $50.00 (5.0% от equity)
2026-01-23 14:07:31,111 - INFO -      • Итоговый капитал на пару: $15.00
2026-01-23 14:07:31,111 - INFO - ⇢ WF-шаг 2/3 backtests — starting 20 items
2026-01-23 14:07:31,111 - INFO - 🚀 WF-шаг 2/3: Начинаем бэктесты для 20 пар...
2026-01-23 14:07:31,111 - INFO - 🚀 WF-шаг 2/3: Запускаем параллельную обработку 20 пар на 8 ядрах...
2026-01-23 14:07:31,113 - INFO - 🚀 WF-шаг 2/3: Режим параллельности: процессы
⚙️  Загрузка данных за период: 2023-11-02 -> 2024-03-01
📂 Найдено 43 parquet файлов для обработки.
📊 Схема данных: Schema({'timestamp': Int64, 'open': Float64, 'high': Float64, 'low': Float64, 'close': Float64, 'volume': Float64, 'turnover': String, 'ts_ms': Int64, 'symbol': String})
✅ Загружено 3596229 записей с помощью Polars.
📊 Типы данных в pandas: timestamp       datetime64[us]
symbol                  object
close                  float64
timestamp_ms             int64
dtype: object
2026-01-23 14:07:31,263 - coint2.engine.numba_engine - INFO - Запуск Numba-оптимизированного бэктеста для BTCDAI-BTCEUR
2026-01-23 14:07:31,330 - coint2.engine.numba_engine - INFO - Запуск Numba-оптимизированного бэктеста для ETHDAI-ETHEUR
2026-01-23 14:07:31,420 - coint2.engine.numba_engine - INFO - Запуск Numba-оптимизированного бэктеста для BTCUSDC-BTCUSDT
2026-01-23 14:07:31,506 - coint2.engine.numba_engine - INFO - Запуск Numba-оптимизированного бэктеста для ETHUSDC-ETHUSDT
2026-01-23 14:07:31,591 - coint2.engine.numba_engine - INFO - Запуск Numba-оптимизированного бэктеста для APEUSDC-HFTUSDT
2026-01-23 14:07:31,610 - coint2.engine.numba_engine - INFO - Запуск Numba-оптимизированного бэктеста для AGLDUSDT-HFTUSDT
2026-01-23 14:07:31,638 - coint2.engine.numba_engine - INFO - Запуск Numba-оптимизированного бэктеста для ATOMUSDT-GODSUSDT
2026-01-23 14:07:31,672 - coint2.engine.numba_engine - INFO - Запуск Numba-оптимизированного бэктеста для APEUSDT-GODSUSDT
2026-01-23 14:07:31,728 - coint2.engine.numba_engine - INFO - Запуск Numba-оптимизированного бэктеста для APEUSDC-HFTUSDC
2026-01-23 14:07:31,736 - coint2.engine.numba_engine - INFO - Запуск Numba-оптимизированного бэктеста для APEUSDC-GODSUSDT
2026-01-23 14:07:31,742 - coint2.engine.numba_engine - INFO - Запуск Numba-оптимизированного бэктеста для AXSUSDT-DOTUSDT
2026-01-23 14:07:31,846 - coint2.engine.numba_engine - INFO - Запуск Numba-оптимизированного бэктеста для HOOKUSDT-KAVAUSDT
2026-01-23 14:07:31,883 - coint2.engine.numba_engine - INFO - Запуск Numba-оптимизированного бэктеста для AXSUSDT-DOTUSDC
2026-01-23 14:07:31,911 - coint2.engine.numba_engine - INFO - Запуск Numba-оптимизированного бэктеста для APEUSDT-HFTUSDT
2026-01-23 14:07:31,980 - coint2.engine.numba_engine - INFO - Запуск Numba-оптимизированного бэктеста для AGLDUSDT-HFTUSDC
2026-01-23 14:07:32,054 - coint2.engine.numba_engine - INFO - Запуск Numba-оптимизированного бэктеста для CELOUSDT-ENJUSDT
2026-01-23 14:07:32,094 - coint2.engine.numba_engine - INFO - Запуск Numba-оптимизированного бэктеста для APEUSDT-HFTUSDC
2026-01-23 14:07:32,157 - coint2.engine.numba_engine - INFO - Запуск Numba-оптимизированного бэктеста для APEUSDC-ATOMUSDT
2026-01-23 14:07:32,310 - coint2.engine.numba_engine - INFO - Запуск Numba-оптимизированного бэктеста для AFCUSDT-ANKRUSDT
2026-01-23 14:07:32,319 - coint2.engine.numba_engine - INFO - Запуск Numba-оптимизированного бэктеста для APEUSDT-ATOMUSDT
2026-01-23 14:07:32,536 - INFO -   ⏱️ Параллельная обработка завершена за 1.4с (14.0 пар/с)
2026-01-23 14:07:32,610 - coint2.pipeline.walk_forward_orchestrator - INFO - 🎯 СИМУЛЯЦИЯ ПОРТФЕЛЯ: 20 пар, лимит 15 позиций
2026-01-23 14:07:33,893 - coint2.pipeline.walk_forward_orchestrator - INFO -    📈 Макс. одновременных сигналов: 0
2026-01-23 14:07:33,893 - coint2.pipeline.walk_forward_orchestrator - INFO -    📊 Средн. сигналов за период: 0.0
2026-01-23 14:07:33,894 - coint2.pipeline.walk_forward_orchestrator - INFO -    🎯 Финальных активных позиций: 0
2026-01-23 14:07:33,895 - coint2.pipeline.walk_forward_orchestrator - INFO -    ⚡ Утилизация лимита позиций: 0.0%
2026-01-23 14:07:33,895 - INFO - ⇠ WF-шаг 2/3 backtests — completed 20 items in 2.78s (7.2 items/s)
2026-01-23 14:07:33,895 - INFO -   ✅ Обработка завершена: 20 успешно, 0 с ошибками
2026-01-23 14:07:33,895 - INFO -   📊 Успешность: 100.0%, прибыльность: 0.0%, сделок/пара: 0.0
2026-01-23 14:07:33,895 - INFO -   ✅ Завершены бэктесты для 20 пар
2026-01-23 14:07:33,895 - INFO -   📊 Всего обработано пар в этом шаге: 20
2026-01-23 14:07:33,895 - INFO -   📈 Результаты шага: 0/20 прибыльных пар, 0 сделок
2026-01-23 14:07:33,896 - INFO -   💰 P&L шага: $+0.00
2026-01-23 14:07:33,896 - INFO -   ⇢ Обновление капитала и дневного P&L...
2026-01-23 14:07:35,215 - INFO -   💼 Шаг P&L: $+0.00, Накопленный капитал: $1,000.00
2026-01-23 14:07:35,216 - INFO - ------------------------------------------------------------
2026-01-23 14:07:35,216 - INFO -   Walk-forward steps: 2 / 3 (66.7%) | 0.1 items/s | ETA: 15.9s
2026-01-23 14:07:35,216 - INFO - 🔍 WF-шаг 3/3: Валидация временных окон...
2026-01-23 14:07:35,216 - INFO - ⇢ WF-шаг 3/3: training 2023-12-02-2024-02-29, testing 2024-03-01-2024-03-31 — start
2026-01-23 14:07:35,216 - INFO - ⇢ loading step data — start
2026-01-23 14:07:35,659 - INFO - ⇠ loading step data — done in 0.44s
2026-01-23 14:07:37,994 - INFO - 📊 WF-шаг 3/3: Границы данных:
2026-01-23 14:07:37,994 - INFO -    Training: 2023-12-02 00:00:00 → 2024-02-29 23:45:00 (8,640 строк × 361 символов)
2026-01-23 14:07:37,994 - INFO -    Testing:  2024-03-01 00:00:00 → 2024-03-31 00:00:00 (2,881 строк × 361 символов)
2026-01-23 14:07:37,994 - INFO -    Временной разрыв: 0 days 00:15:00
2026-01-23 14:07:38,051 - INFO - ⇢ normalizing training data — start
2026-01-23 14:07:38,099 - INFO -   Символы с NaN значениями: 68
2026-01-23 14:07:38,099 - INFO -   Применяем метод нормализации: rolling_zscore
2026-01-23 14:07:38,125 - INFO - Символы с недостаточной историей: 56 из 361
2026-01-23 14:07:38,847 - INFO - Символы с NaN после нормализации: 305
2026-01-23 14:07:38,859 - INFO - Удалено 1673 начальных строк с NaN от rolling расчетов
2026-01-23 14:07:38,862 - INFO - Итоговое количество символов после нормализации: 305 из 361
2026-01-23 14:07:38,862 - INFO -   Статистика нормализации:
2026-01-23 14:07:38,862 - INFO -     Исходные символы: 361
2026-01-23 14:07:38,862 - INFO -     Недостаточная история: 56
2026-01-23 14:07:38,862 - INFO -     Постоянная цена: 0
2026-01-23 14:07:38,863 - INFO -     NaN после нормализации: 305
2026-01-23 14:07:38,863 - INFO -     Итоговые символы: 305 (84.5%)
2026-01-23 14:07:38,863 - INFO -   После нормализации: 305 символов (потеряно 56)
2026-01-23 14:07:38,863 - INFO -   Отброшено много символов: 56 из 361
2026-01-23 14:07:38,863 - INFO - ⇠ normalizing training data — done in 0.81s
2026-01-23 14:07:38,863 - INFO -   Фиксированный universe: 250 пар (отфильтровано 0 недоступных)
2026-01-23 14:07:38,863 - INFO - ⇢ filtering pairs by cointegration and half-life — start
2026-01-23 14:07:38,864 - INFO - [ФИЛЬТР] Параллельная фильтрация: threads (8 workers)
2026-01-23 14:07:48,617 - INFO - [ФИЛЬТР] После проверки данных: 239 пар
2026-01-23 14:07:48,617 - INFO - [ФИЛЬТР] После фильтра корреляции (>0.4): 137 пар
2026-01-23 14:07:48,617 - INFO - [ФИЛЬТР] После фильтра beta: 127 пар
2026-01-23 14:07:48,617 - INFO - [ФИЛЬТР] После фильтра mean crossings: 127 пар
2026-01-23 14:07:48,617 - INFO - [ФИЛЬТР] После фильтра half-life: 127 пар
2026-01-23 14:07:48,617 - INFO - [ФИЛЬТР] После фильтра коинтеграции: 92 пар
2026-01-23 14:07:48,617 - INFO - [ФИЛЬТР] После фильтра Hurst: 76 пар
2026-01-23 14:07:48,617 - INFO - [ФИЛЬТР] После фильтра KPSS: 76 пар
2026-01-23 14:07:48,617 - INFO - [ФИЛЬТР] После фильтра market microstructure: 68 пар
2026-01-23 14:07:48,617 - INFO - [ФИЛЬТР] Статистика фильтрации (оптимизированный порядок):
2026-01-23 14:07:48,617 - INFO -   1. SSD → Коинтеграция: 250 → 92 пар
2026-01-23 14:07:48,617 - INFO -   2. Коинтеграция → Beta: 92 → 127 пар
2026-01-23 14:07:48,617 - INFO -   3. Beta → Half-life: 127 → 127 пар
2026-01-23 14:07:48,617 - INFO -   4. Half-life → Mean crossings: 127 → 127 пар
2026-01-23 14:07:48,617 - INFO -   5. Mean crossings → Hurst: 127 → 76 пар
2026-01-23 14:07:48,617 - INFO -   6. Hurst → KPSS: 76 → 76 пар
2026-01-23 14:07:48,617 - INFO -   7. KPSS → Market microstructure: 76 → 68 пар
2026-01-23 14:07:48,617 - INFO - [ФИЛЬТР] Причины отсева:
2026-01-23 14:07:48,617 - INFO -   • low_correlation: 102 пар (40.8%)
2026-01-23 14:07:48,617 - INFO -   • pvalue: 35 пар (14.0%)
2026-01-23 14:07:48,617 - INFO -   • hurst: 16 пар (6.4%)
2026-01-23 14:07:48,617 - INFO -   • insufficient_data: 11 пар (4.4%)
2026-01-23 14:07:48,617 - INFO -   • beta: 10 пар (4.0%)
2026-01-23 14:07:48,617 - INFO -   • history: 8 пар (3.2%)
2026-01-23 14:07:48,617 - INFO - [ФИЛЬТР] Итого: 250 → 68 пар (27.2% прошли все фильтры)
2026-01-23 14:07:48,622 - INFO - Причины отсева сохранены в results/filter_reasons_20260123_140748.csv
2026-01-23 14:07:48,624 - INFO -   Pair stability filter: 68 → 29 (window=2, min_steps=1, history=2)
2026-01-23 14:07:48,624 - INFO -   Фильтрация: 250 → 29 пар
2026-01-23 14:07:48,624 - INFO - ⇠ filtering pairs by cointegration and half-life — done in 9.76s
2026-01-23 14:07:48,624 - INFO - ⇠ WF-шаг 3/3: training 2023-12-02-2024-02-29, testing 2024-03-01-2024-03-31 — done in 13.41s
2026-01-23 14:07:48,624 - INFO -   Ограничение max_pairs=20: 29 → 20
2026-01-23 14:07:48,624 - INFO -   Топ-3 пары по волатильности спреда:
2026-01-23 14:07:48,624 - INFO -     1. BTCDAI-BTCEUR: beta=1.0480, std=582.7625
2026-01-23 14:07:48,624 - INFO -     2. ETHDAI-ETHEUR: beta=1.0530, std=30.4486
2026-01-23 14:07:48,624 - INFO -     3. ATOMUSDT-GODSUSDT: beta=8.5838, std=0.6434
2026-01-23 14:07:48,624 - INFO -   Всего пар для торговли: 20 (ограничение 15 применяется к одновременно открытым позициям)
2026-01-23 14:07:48,627 - INFO -   💰 Проверка расчета капитала: equity=$1,000.00, кандидатных_пар=20, max_позиций=15
2026-01-23 14:07:48,627 - INFO -   🎯 Target concurrency: 15 (ожидаемое одновременное число позиций)
2026-01-23 14:07:48,628 - INFO -   📊 Детали расчета капитала:
2026-01-23 14:07:48,628 - INFO -      • Базовый капитал на пару: $66.67 (equity / target_concurrency)
2026-01-23 14:07:48,628 - INFO -      • Риск-капитал: $15.00 (1.5% от equity)
2026-01-23 14:07:48,628 - INFO -      • Макс. размер позиции: $50.00 (5.0% от equity)
2026-01-23 14:07:48,628 - INFO -      • Итоговый капитал на пару: $15.00
2026-01-23 14:07:48,628 - INFO - ⇢ WF-шаг 3/3 backtests — starting 20 items
2026-01-23 14:07:48,628 - INFO - 🚀 WF-шаг 3/3: Начинаем бэктесты для 20 пар...
2026-01-23 14:07:48,628 - INFO - 🚀 WF-шаг 3/3: Запускаем параллельную обработку 20 пар на 8 ядрах...
2026-01-23 14:07:48,628 - INFO - 🚀 WF-шаг 3/3: Режим параллельности: процессы
⚙️  Загрузка данных за период: 2023-12-02 -> 2024-03-31
📂 Найдено 43 parquet файлов для обработки.
📊 Схема данных: Schema({'timestamp': Int64, 'open': Float64, 'high': Float64, 'low': Float64, 'close': Float64, 'volume': Float64, 'turnover': String, 'ts_ms': Int64, 'symbol': String})
✅ Загружено 3779046 записей с помощью Polars.
📊 Типы данных в pandas: timestamp       datetime64[us]
symbol                  object
close                  float64
timestamp_ms             int64
dtype: object
2026-01-23 14:07:48,872 - coint2.engine.numba_engine - INFO - Запуск Numba-оптимизированного бэктеста для BTCDAI-BTCEUR
2026-01-23 14:07:49,030 - coint2.engine.numba_engine - INFO - Запуск Numba-оптимизированного бэктеста для ETHDAI-ETHEUR
2026-01-23 14:07:49,113 - coint2.engine.numba_engine - INFO - Запуск Numba-оптимизированного бэктеста для ATOMUSDT-GODSUSDT
2026-01-23 14:07:49,270 - coint2.engine.numba_engine - INFO - Запуск Numba-оптимизированного бэктеста для APEUSDC-HFTUSDC
2026-01-23 14:07:49,306 - coint2.engine.numba_engine - INFO - Запуск Numba-оптимизированного бэктеста для ATOMUSDT-KCALUSDT
2026-01-23 14:07:49,420 - coint2.engine.numba_engine - INFO - Запуск Numba-оптимизированного бэктеста для APEUSDT-HFTUSDC
2026-01-23 14:07:49,440 - coint2.engine.numba_engine - INFO - Запуск Numba-оптимизированного бэктеста для BICOUSDT-KASTAUSDT
2026-01-23 14:07:49,454 - coint2.engine.numba_engine - INFO - Запуск Numba-оптимизированного бэктеста для CAKEUSDT-FIDAUSDT
2026-01-23 14:07:49,494 - coint2.engine.numba_engine - INFO - Запуск Numba-оптимизированного бэктеста для 1INCHUSDT-AXSUSDT
2026-01-23 14:07:49,528 - coint2.engine.numba_engine - INFO - Запуск Numba-оптимизированного бэктеста для APEUSDC-ATOMUSDT
2026-01-23 14:07:49,629 - coint2.engine.numba_engine - INFO - Запуск Numba-оптимизированного бэктеста для GMTUSDC-KAVAUSDT
2026-01-23 14:07:49,631 - coint2.engine.numba_engine - INFO - Запуск Numba-оптимизированного бэктеста для APEUSDT-GODSUSDT
2026-01-23 14:07:49,769 - coint2.engine.numba_engine - INFO - Запуск Numba-оптимизированного бэктеста для AFCUSDT-ANKRUSDT
2026-01-23 14:07:49,806 - coint2.engine.numba_engine - INFO - Запуск Numba-оптимизированного бэктеста для APEUSDT-ATOMUSDT
2026-01-23 14:07:49,822 - coint2.engine.numba_engine - INFO - Запуск Numba-оптимизированного бэктеста для AGLDUSDT-HFTUSDC
2026-01-23 14:07:49,927 - coint2.engine.numba_engine - INFO - Запуск Numba-оптимизированного бэктеста для GMTUSDT-KAVAUSDT
2026-01-23 14:07:49,942 - coint2.engine.numba_engine - INFO - Запуск Numba-оптимизированного бэктеста для GODSUSDT-KCALUSDT
2026-01-23 14:07:49,955 - coint2.engine.numba_engine - INFO - Запуск Numba-оптимизированного бэктеста для AGLDUSDT-HFTUSDT
2026-01-23 14:07:50,195 - coint2.engine.numba_engine - INFO - Запуск Numba-оптимизированного бэктеста для BICOUSDT-ETHWUSDT
2026-01-23 14:07:50,338 - coint2.engine.numba_engine - INFO - Запуск Numba-оптимизированного бэктеста для AVAUSDT-FITFIUSDT
2026-01-23 14:07:50,546 - INFO -   ⏱️ Параллельная обработка завершена за 1.9с (10.4 пар/с)
2026-01-23 14:07:50,597 - coint2.pipeline.walk_forward_orchestrator - INFO - 🎯 СИМУЛЯЦИЯ ПОРТФЕЛЯ: 20 пар, лимит 15 позиций
2026-01-23 14:07:51,467 - coint2.pipeline.walk_forward_orchestrator - INFO -    📈 Макс. одновременных сигналов: 0
2026-01-23 14:07:51,467 - coint2.pipeline.walk_forward_orchestrator - INFO -    📊 Средн. сигналов за период: 0.0
2026-01-23 14:07:51,467 - coint2.pipeline.walk_forward_orchestrator - INFO -    🎯 Финальных активных позиций: 0
2026-01-23 14:07:51,468 - coint2.pipeline.walk_forward_orchestrator - INFO -    ⚡ Утилизация лимита позиций: 0.0%
2026-01-23 14:07:51,469 - INFO - ⇠ WF-шаг 3/3 backtests — completed 20 items in 2.84s (7.0 items/s)
2026-01-23 14:07:51,469 - INFO -   ✅ Обработка завершена: 20 успешно, 0 с ошибками
2026-01-23 14:07:51,469 - INFO -   📊 Успешность: 100.0%, прибыльность: 0.0%, сделок/пара: 0.0
2026-01-23 14:07:51,469 - INFO -   ✅ Завершены бэктесты для 20 пар
2026-01-23 14:07:51,469 - INFO -   📊 Всего обработано пар в этом шаге: 20
2026-01-23 14:07:51,469 - INFO -   📈 Результаты шага: 0/20 прибыльных пар, 0 сделок
2026-01-23 14:07:51,469 - INFO -   💰 P&L шага: $+0.00
2026-01-23 14:07:51,469 - INFO -   ⇢ Обновление капитала и дневного P&L...
2026-01-23 14:07:52,914 - INFO -   💼 Шаг P&L: $+0.00, Накопленный капитал: $1,000.00
2026-01-23 14:07:52,914 - INFO - ------------------------------------------------------------
2026-01-23 14:07:52,914 - INFO -   Walk-forward steps: 3 / 3 (100.0%) | 0.1 items/s | ETA: 0.0s
2026-01-23 14:07:52,914 - INFO - ⇠ Walk-forward steps — completed 3 items in 49.44s (0.1 items/s)
2026-01-23 14:07:52,914 - INFO - ================================================================================
2026-01-23 14:07:52,914 - INFO - 🏁 Walk-forward анализ завершен!
2026-01-23 14:07:52,914 - INFO - ⏱️ Обработано 3 шагов за 4.3 секунд
2026-01-23 14:07:52,914 - INFO - 📊 Всего обработано пар за весь анализ: 60
2026-01-23 14:07:52,914 - INFO - 💰 Финальный капитал: $1,000.00 (было $1,000.00)
2026-01-23 14:07:52,914 - INFO - 📈 Общая доходность: +0.00% ($+0.00)
2026-01-23 14:07:52,914 - INFO - 📊 Всего сделок: 0
2026-01-23 14:07:52,914 - INFO - ================================================================================
2026-01-23 14:07:52,914 - INFO - ✓ Завершены все 3 WF-шагов
2026-01-23 14:07:52,915 - INFO - ⇢ Обработка финальных результатов и расчет метрик...
2026-01-23 14:07:52,915 - INFO - ⇢ processing final results — start
2026-01-23 14:07:52,915 - INFO -   ⇢ Агрегация данных P&L за 8643 торговых дней
2026-01-23 14:07:52,941 - INFO -   ⇢ Расчет базовых метрик производительности...
2026-01-23 14:07:52,941 - INFO -     📊 Данные для анализа: 8643 записей P&L, 8641 точек equity
2026-01-23 14:07:52,943 - INFO -   ⇢ Расчет расширенных метрик (волатильность, Calmar ratio, и др.)...
2026-01-23 14:07:52,944 - INFO -   ✅ Расширенные метрики рассчитаны: 6 показателей
2026-01-23 14:07:52,944 - INFO -   ⇢ Анализ статистики по 60 парам...
2026-01-23 14:07:52,947 - INFO - ✅ Рассчитаны метрики производительности (26 показателей)
2026-01-23 14:07:52,947 - INFO -   💰 Общий P&L: $+0.00
2026-01-23 14:07:52,947 - INFO -   📊 Sharpe Ratio: 0.000
2026-01-23 14:07:52,947 - INFO -   📉 Максимальная просадка: 0.00%
2026-01-23 14:07:52,947 - INFO -   🔄 Всего сделок: 0
2026-01-23 14:07:52,947 - INFO -   📈 Торгуемых пар: 31
2026-01-23 14:07:52,947 - INFO -   💸 Общие издержки: $0.00
2026-01-23 14:07:52,948 - coint2.metrics - INFO - Metric: total_pnl
2026-01-23 14:07:52,948 - coint2.metrics - INFO - Metric: sharpe_ratio_abs
2026-01-23 14:07:52,948 - coint2.metrics - INFO - Metric: max_drawdown_pct
2026-01-23 14:07:52,948 - coint2.metrics - INFO - Metric: total_trades
2026-01-23 14:07:52,948 - coint2.metrics - INFO - Metric: total_pairs_traded
2026-01-23 14:07:52,948 - coint2.metrics - INFO - Metric: total_costs
2026-01-23 14:07:52,948 - INFO - ⇠ processing final results — done in 0.03s
2026-01-23 14:07:52,949 - INFO - ⇢ Создание отчетов и сохранение результатов...
2026-01-23 14:07:52,949 - INFO - ⇢ generating reports — start
2026-01-23 14:07:52,949 - INFO -   ⇢ Создание отчета о производительности...
2026-01-23 14:07:58,997 - INFO -   ✓ Отчет о производительности создан
2026-01-23 14:07:58,997 - INFO -   ⇢ Сохранение данных в CSV файлы...
2026-01-23 14:07:58,999 - INFO - 📋 Метрики сохранены: artifacts/wfa/runs/20260123_budget1000_oos20240101_20240630_top50_maxnot40_lowrisk_maxpairsgrid/stress_relaxed8_nokpss_20260123_oos20240101_20240630_top50_z1p00_exit0p06_hold180_cd180_ms0p2_cap1000_maxnot40_risk0p015_minnot20_maxpairs20/strategy_metrics.csv
2026-01-23 14:07:59,000 - INFO - 📈 Дневные P&L сохранены: artifacts/wfa/runs/20260123_budget1000_oos20240101_20240630_top50_maxnot40_lowrisk_maxpairsgrid/stress_relaxed8_nokpss_20260123_oos20240101_20240630_top50_z1p00_exit0p06_hold180_cd180_ms0p2_cap1000_maxnot40_risk0p015_minnot20_maxpairs20/daily_pnl.csv (91 записей)
2026-01-23 14:07:59,024 - INFO - 💹 Кривая капитала сохранена: artifacts/wfa/runs/20260123_budget1000_oos20240101_20240630_top50_maxnot40_lowrisk_maxpairsgrid/stress_relaxed8_nokpss_20260123_oos20240101_20240630_top50_z1p00_exit0p06_hold180_cd180_ms0p2_cap1000_maxnot40_risk0p015_minnot20_maxpairs20/equity_curve.csv (8641 точек)
2026-01-23 14:07:59,027 - INFO - 📋 Статистика сделок сохранена: artifacts/wfa/runs/20260123_budget1000_oos20240101_20240630_top50_maxnot40_lowrisk_maxpairsgrid/stress_relaxed8_nokpss_20260123_oos20240101_20240630_top50_z1p00_exit0p06_hold180_cd180_ms0p2_cap1000_maxnot40_risk0p015_minnot20_maxpairs20/trade_statistics.csv (60 записей)
2026-01-23 14:07:59,027 - INFO - 🎉 Walk-Forward анализ полностью завершен!
2026-01-23 14:07:59,027 - INFO - 📊 Все отчеты и данные сохранены в: artifacts/wfa/runs/20260123_budget1000_oos20240101_20240630_top50_maxnot40_lowrisk_maxpairsgrid/stress_relaxed8_nokpss_20260123_oos20240101_20240630_top50_z1p00_exit0p06_hold180_cd180_ms0p2_cap1000_maxnot40_risk0p015_minnot20_maxpairs20
2026-01-23 14:07:59,027 - INFO - 💼 Итоговый капитал: $1,000.00
2026-01-23 14:07:59,027 - INFO - ⏱️  Общее время выполнения: 10.4 секунд
2026-01-23 14:07:59,027 - INFO - ⇠ generating reports — done in 6.08s
2026-01-23 14:07:59,027 - coint2.core.memory_optimization - INFO - 🧹 Cleaning up global price data
2026-01-23 14:07:59,031 - coint2.core.memory_optimization - INFO - 📊 No global rolling stats to clean up
2026-01-23 14:07:59,031 - INFO - 🧹 Memory-mapped data cleaned up
2026-01-23 14:07:59,032 - INFO - ⇠ run_walk_forward_analysis — done in 61.49s
📊 Отчет сохранен: artifacts/wfa/runs/20260123_budget1000_oos20240101_20240630_top50_maxnot40_lowrisk_maxpairsgrid/stress_relaxed8_nokpss_20260123_oos20240101_20240630_top50_z1p00_exit0p06_hold180_cd180_ms0p2_cap1000_maxnot40_risk0p015_minnot20_maxpairs20/CointegrationStrategy_performance_report.png
🎯 ============================================================
📊 ИТОГИ ТОРГОВОЙ СТРАТЕГИИ
🎯 ============================================================

💰 ФИНАНСОВЫЕ РЕЗУЛЬТАТЫ:
   • Общий P&L:                            0
   • Максимальная просадка:                0
   • Средний дневной P&L:                  0

📈 МЕТРИКИ РИСКА:
   • Коэффициент Шарпа:               0.0000
   • Волатильность P&L:                 0.00
   • Процент прибыльных дней:          0.00%

🔄 ТОРГОВАЯ АКТИВНОСТЬ:
   • Всего торговых дней:                 91
   • Всего сделок:                         0
   • Торгуемых пар:                       31
   • Сделок на пару:                     0.0
   • Успешность сделок:               0.00%

💸 РАСХОДЫ И ЭКСТРЕМУМЫ:
   • Общие расходы:                        0
   • Максимальная прибыль:                 0
   • Максимальный убыток:                  0
   • Лучшая пара (P&L):                    0
   • Худшая пара (P&L):                    0

📊 ОЦЕНКА СТРАТЕГИИ:
   ❌ УБЫТОЧНАЯ стратегия. Требует доработки

🎯 ============================================================

Annualized Sharpe Ratio: 0.0
[run_wfa_fullcpu] end: 2026-01-23T14:08:00Z
