[run_wfa_queue] 2026-01-19T13:07:51Z cmd: /opt/coint4/coint4/run_wfa_fullcpu.sh configs/stability_20260119_relaxed7/stability_relaxed7_20260119_pv0p12_hurst0p7_hl0p02_60_corr0p45_ssd50000_kpss0p05_w3m2_t90.yaml artifacts/wfa/runs/20260119_stability_relaxed7/stability_relaxed7_20260119_pv0p12_hurst0p7_hl0p02_60_corr0p45_ssd50000_kpss0p05_w3m2_t90
[run_wfa_fullcpu] start: 2026-01-19T13:07:51Z
[run_wfa_fullcpu] os.cpu_count: 8
[run_wfa_fullcpu] worker_pid=1122
2026-01-19 13:07:55,222 - coint2.core.memory_optimization - INFO - ✅ BLAS threading limits set to 1 via threadpoolctl
2026-01-19 13:07:55,222 - coint2.core.memory_optimization - INFO - 🔧 Controlled libraries: openblas, openmp
2026-01-19 13:07:55,223 - coint2.core.memory_optimization - INFO - 🧵 Process threads: 2 → 2
2026-01-19 13:07:55,223 - coint2.core.memory_optimization - INFO - 📝 Set 11 environment variables
2026-01-19 13:07:55,614 - INFO - ✅ Параметры конфигурации валидны
2026-01-19 13:07:55,614 - INFO - 📝 Некоторые параметры были скорректированы:
2026-01-19 13:07:55,614 - INFO - 🧭 WFA: динамический отбор пар на каждом шаге
2026-01-19 13:07:55,614 - INFO -   Шаг 1: тренировка 2023-07-03-2023-09-30, тест 2023-10-01-2023-10-31
2026-01-19 13:07:55,614 - INFO -   Шаг 2: тренировка 2023-08-02-2023-10-30, тест 2023-10-31-2023-11-30
2026-01-19 13:07:55,614 - INFO -   Шаг 3: тренировка 2023-09-01-2023-11-29, тест 2023-11-30-2023-12-30
2026-01-19 13:07:55,614 - INFO -   Шаг 4: тренировка 2023-10-01-2023-12-29, тест 2023-12-30-2024-01-29
2026-01-19 13:07:55,614 - INFO -   Шаг 5: тренировка 2023-10-31-2024-01-28, тест 2024-01-29-2024-02-28
2026-01-19 13:07:55,615 - INFO -   Шаг 6: тренировка 2023-11-30-2024-02-27, тест 2024-02-28-2024-03-29
2026-01-19 13:07:55,615 - INFO -   Шаг 7: тренировка 2023-12-30-2024-03-28, тест 2024-03-29-2024-04-28
2026-01-19 13:07:55,615 - INFO -   Шаг 8: тренировка 2024-01-29-2024-04-27, тест 2024-04-28-2024-05-28
2026-01-19 13:07:55,615 - INFO - 📈 Запланировано 8 walk-forward шагов
2026-01-19 13:07:55,615 - INFO - ⛔ Ограничение WFA шагов: 8 → 5
2026-01-19 13:07:55,615 - WARNING - ⚠️ Маленький буфер между training и testing в шаге 1: 0 дней. Рекомендуется минимум 1 день.
2026-01-19 13:07:55,615 - WARNING - ⚠️ Маленький буфер между training и testing в шаге 2: 0 дней. Рекомендуется минимум 1 день.
2026-01-19 13:07:55,615 - WARNING - ⚠️ Маленький буфер между training и testing в шаге 3: 0 дней. Рекомендуется минимум 1 день.
2026-01-19 13:07:55,615 - WARNING - ⚠️ Маленький буфер между training и testing в шаге 4: 0 дней. Рекомендуется минимум 1 день.
2026-01-19 13:07:55,615 - WARNING - ⚠️ Маленький буфер между training и testing в шаге 5: 0 дней. Рекомендуется минимум 1 день.
2026-01-19 13:07:55,615 - INFO - ✅ Шаги успешно запланированы:
2026-01-19 13:07:55,615 - INFO -    Шаг 1: тренировка 2023-07-03-2023-09-30, тест 2023-10-01-2023-10-31
2026-01-19 13:07:55,615 - INFO -    Шаг 2: тренировка 2023-08-02-2023-10-30, тест 2023-10-31-2023-11-30
2026-01-19 13:07:55,615 - INFO -    Шаг 3: тренировка 2023-09-01-2023-11-29, тест 2023-11-30-2023-12-30
2026-01-19 13:07:55,615 - INFO -    Шаг 4: тренировка 2023-10-01-2023-12-29, тест 2023-12-30-2024-01-29
2026-01-19 13:07:55,615 - INFO -    Шаг 5: тренировка 2023-10-31-2024-01-28, тест 2024-01-29-2024-02-28
2026-01-19 13:07:55,615 - INFO - 🗂️ Consolidating price data for memory-mapped access...
2026-01-19 13:07:55,615 - INFO - 📊 Consolidating data range: 2023-06-28 → 2024-03-04
2026-01-19 13:07:55,615 - coint2.core.memory_optimization - INFO - 🔄 Consolidating price data from data_downloaded to .cache/consolidated_prices.parquet
2026-01-19 13:07:55,615 - INFO - ⇢ loading raw data for consolidation — start
2026-01-19 13:07:57,043 - INFO - ⇠ loading raw data for consolidation — done in 1.43s
2026-01-19 13:07:57,043 - INFO - ⇢ pivoting data to wide format — start
2026-01-19 13:08:02,573 - INFO - ⇠ pivoting data to wide format — done in 5.53s
2026-01-19 13:08:02,633 - coint2.core.memory_optimization - INFO - 📊 Consolidated data: 24001 rows × 346 symbols
2026-01-19 13:08:02,634 - coint2.core.memory_optimization - INFO - 💾 Memory usage: 33.4 MB
2026-01-19 13:08:02,634 - INFO - ⇢ writing consolidated Parquet file — start
2026-01-19 13:08:02,881 - INFO - ⇠ writing consolidated Parquet file — done in 0.25s
2026-01-19 13:08:02,881 - coint2.core.memory_optimization - INFO - ✅ Successfully consolidated data to .cache/consolidated_prices.parquet
2026-01-19 13:08:02,905 - coint2.core.memory_optimization - INFO - 🔄 Initializing memory-mapped price data from .cache/consolidated_prices.parquet
2026-01-19 13:08:02,906 - INFO - ⇢ loading memory-mapped data — start
2026-01-19 13:08:02,906 - coint2.core.memory_optimization - WARNING - ⚠️ memory_map не поддерживается в текущей версии pyarrow, fallback без mmap
2026-01-19 13:08:03,053 - INFO - ⇠ loading memory-mapped data — done in 0.15s
2026-01-19 13:08:03,062 - coint2.core.memory_optimization - INFO - 📊 Loaded 24001 rows × 346 symbols
2026-01-19 13:08:03,062 - coint2.core.memory_optimization - INFO - 💾 Memory usage: 33.4 MB (memory-mapped)
2026-01-19 13:08:03,063 - INFO - ✅ Memory-mapped data initialized successfully
2026-01-19 13:08:03,064 - INFO - ⇢ Walk-forward steps — starting 5 items
2026-01-19 13:08:03,065 - INFO - 📈 Инициализация equity кривой с первой тестовой даты: 2023-10-01 00:00:00
2026-01-19 13:08:03,065 - INFO - 🔍 WF-шаг 1/5: Валидация временных окон...
2026-01-19 13:08:03,065 - INFO - ⇢ WF-шаг 1/5: training 2023-07-03-2023-09-30, testing 2023-10-01-2023-10-31 — start
2026-01-19 13:08:03,065 - INFO - ⇢ loading step data — start
2026-01-19 13:08:03,266 - INFO - ⇠ loading step data — done in 0.20s
2026-01-19 13:08:04,978 - INFO - 📊 WF-шаг 1/5: Границы данных:
2026-01-19 13:08:04,978 - INFO -    Training: 2023-07-03 00:00:00 → 2023-09-30 23:45:00 (8,640 строк × 282 символов)
2026-01-19 13:08:04,978 - INFO -    Testing:  2023-10-01 00:00:00 → 2023-10-31 00:00:00 (2,881 строк × 282 символов)
2026-01-19 13:08:04,978 - INFO -    Временной разрыв: 0 days 00:15:00
2026-01-19 13:08:05,015 - INFO - ⇢ normalizing training data — start
2026-01-19 13:08:05,048 - INFO -   Символы с NaN значениями: 34
2026-01-19 13:08:05,048 - INFO -   Применяем метод нормализации: rolling_zscore
2026-01-19 13:08:05,069 - INFO - Символы с недостаточной историей: 23 из 282
2026-01-19 13:08:05,604 - INFO - Символы с NaN после нормализации: 259
2026-01-19 13:08:05,611 - INFO - Удалено 1569 начальных строк с NaN от rolling расчетов
2026-01-19 13:08:05,614 - INFO - Итоговое количество символов после нормализации: 259 из 282
2026-01-19 13:08:05,614 - INFO -   Статистика нормализации:
2026-01-19 13:08:05,614 - INFO -     Исходные символы: 282
2026-01-19 13:08:05,614 - INFO -     Недостаточная история: 23
2026-01-19 13:08:05,614 - INFO -     Постоянная цена: 0
2026-01-19 13:08:05,614 - INFO -     NaN после нормализации: 259
2026-01-19 13:08:05,614 - INFO -     Итоговые символы: 259 (91.8%)
2026-01-19 13:08:05,614 - INFO -   После нормализации: 259 символов (потеряно 23)
2026-01-19 13:08:05,614 - INFO -   Отброшено много символов: 23 из 282
2026-01-19 13:08:05,614 - INFO - ⇠ normalizing training data — done in 0.60s
2026-01-19 13:08:05,614 - INFO - ⇢ SSD computation — start
2026-01-19 13:08:05,614 - INFO -   Расчет SSD для всех пар (без ограничения)
2026-01-19 13:08:11,629 - INFO -   SSD результат (все пары): 33411 пар
2026-01-19 13:08:11,629 - INFO - ⇠ SSD computation — done in 6.01s
2026-01-19 13:08:11,637 - INFO - ⇢ filtering pairs by cointegration and half-life — start
2026-01-19 13:08:11,638 - INFO - [ФИЛЬТР] Параллельная фильтрация: processes (8 workers)
⚙️  Загрузка данных за период: 2023-06-28 -> 2024-03-04
📂 Найдено 43 parquet файлов для обработки.
📊 Схема данных: Schema({'timestamp': Int64, 'open': Float64, 'high': Float64, 'low': Float64, 'close': Float64, 'volume': Float64, 'turnover': String, 'ts_ms': Int64, 'symbol': String})
✅ Загружено 6957840 записей с помощью Polars.
📊 Типы данных в pandas: timestamp       datetime64[us]
symbol                  object
close                  float64
timestamp_ms             int64
dtype: object
⚙️  Загрузка данных за период: 2023-07-03 -> 2023-10-31
📂 Найдено 43 parquet файлов для обработки.
📊 Схема данных: Schema({'timestamp': Int64, 'open': Float64, 'high': Float64, 'low': Float64, 'close': Float64, 'volume': Float64, 'turnover': String, 'ts_ms': Int64, 'symbol': String})
✅ Загружено 3088934 записей с помощью Polars.
📊 Типы данных в pandas: timestamp       datetime64[us]
symbol                  object
close                  float64
timestamp_ms             int64
dtype: object
2026-01-19 13:09:51,262 - INFO - [ФИЛЬТР] После проверки данных: 33411 пар
2026-01-19 13:09:51,262 - INFO - [ФИЛЬТР] После фильтра корреляции (>0.45): 21697 пар
2026-01-19 13:09:51,263 - INFO - [ФИЛЬТР] После фильтра beta: 14323 пар
2026-01-19 13:09:51,263 - INFO - [ФИЛЬТР] После фильтра mean crossings: 14323 пар
2026-01-19 13:09:51,263 - INFO - [ФИЛЬТР] После фильтра half-life: 14271 пар
2026-01-19 13:09:51,263 - INFO - [ФИЛЬТР] После фильтра коинтеграции: 8116 пар
2026-01-19 13:09:51,263 - INFO - [ФИЛЬТР] После фильтра Hurst: 5799 пар
2026-01-19 13:09:51,263 - INFO - [ФИЛЬТР] После фильтра KPSS: 91 пар
2026-01-19 13:09:51,263 - INFO - [ФИЛЬТР] После фильтра market microstructure: 91 пар
2026-01-19 13:09:51,263 - INFO - [ФИЛЬТР] Статистика фильтрации (оптимизированный порядок):
2026-01-19 13:09:51,263 - INFO -   1. SSD → Коинтеграция: 33411 → 8116 пар
2026-01-19 13:09:51,263 - INFO -   2. Коинтеграция → Beta: 8116 → 14323 пар
2026-01-19 13:09:51,263 - INFO -   3. Beta → Half-life: 14323 → 14271 пар
2026-01-19 13:09:51,263 - INFO -   4. Half-life → Mean crossings: 14271 → 14323 пар
2026-01-19 13:09:51,263 - INFO -   5. Mean crossings → Hurst: 14323 → 5799 пар
2026-01-19 13:09:51,263 - INFO -   6. Hurst → KPSS: 5799 → 91 пар
2026-01-19 13:09:51,263 - INFO -   7. KPSS → Market microstructure: 91 → 91 пар
2026-01-19 13:09:51,263 - INFO - [ФИЛЬТР] Причины отсева:
2026-01-19 13:09:51,263 - INFO -   • low_correlation: 11714 пар (35.1%)
2026-01-19 13:09:51,263 - INFO -   • beta: 7374 пар (22.1%)
2026-01-19 13:09:51,263 - INFO -   • pvalue: 6155 пар (18.4%)
2026-01-19 13:09:51,263 - INFO -   • kpss: 5708 пар (17.1%)
2026-01-19 13:09:51,263 - INFO -   • hurst: 2317 пар (6.9%)
2026-01-19 13:09:51,263 - INFO -   • half_life: 52 пар (0.2%)
2026-01-19 13:09:51,263 - INFO - [ФИЛЬТР] Итого: 33411 → 91 пар (0.3% прошли все фильтры)
2026-01-19 13:09:51,310 - INFO - Причины отсева сохранены в results/filter_reasons_20260119_130951.csv
2026-01-19 13:09:51,314 - INFO -   Pair stability filter: insufficient history (0 < 2), skip
2026-01-19 13:09:51,314 - INFO -   Фильтрация: 33411 → 91 пар
2026-01-19 13:09:51,315 - INFO - ⇠ filtering pairs by cointegration and half-life — done in 99.68s
2026-01-19 13:09:51,315 - INFO - ⇠ WF-шаг 1/5: training 2023-07-03-2023-09-30, testing 2023-10-01-2023-10-31 — done in 108.25s
2026-01-19 13:09:51,315 - INFO -   Топ-3 пары по волатильности спреда:
2026-01-19 13:09:51,315 - INFO -     1. SOLUSDT-UNIUSDT: beta=2.8430, std=1.3805
2026-01-19 13:09:51,315 - INFO -     2. INJUSDT-QTUMUSDT: beta=2.2997, std=0.3492
2026-01-19 13:09:51,315 - INFO -     3. INJUSDT-OMGUSDT: beta=8.1055, std=0.3320
2026-01-19 13:09:51,315 - INFO -   Всего пар для торговли: 91 (ограничение 15 применяется к одновременно открытым позициям)
2026-01-19 13:09:51,315 - INFO -   💰 Проверка расчета капитала: equity=$10,000.00, кандидатных_пар=91, max_позиций=15
2026-01-19 13:09:51,315 - INFO -   🎯 Target concurrency: 15 (ожидаемое одновременное число позиций)
2026-01-19 13:09:51,315 - INFO -   📊 Детали расчета капитала:
2026-01-19 13:09:51,315 - INFO -      • Базовый капитал на пару: $666.67 (equity / target_concurrency)
2026-01-19 13:09:51,315 - INFO -      • Риск-капитал: $150.00 (1.5% от equity)
2026-01-19 13:09:51,315 - INFO -      • Макс. размер позиции: $200.00 (2.0% от equity)
2026-01-19 13:09:51,315 - INFO -      • Итоговый капитал на пару: $150.00
2026-01-19 13:09:51,316 - INFO - ⇢ WF-шаг 1/5 backtests — starting 91 items
2026-01-19 13:09:51,316 - INFO - 🚀 WF-шаг 1/5: Начинаем бэктесты для 91 пар...
2026-01-19 13:09:51,316 - INFO - 🚀 WF-шаг 1/5: Запускаем параллельную обработку 91 пар на 8 ядрах...
2026-01-19 13:09:51,316 - INFO -   📊 Большой набор пар (91), ожидаемое время: ~4 мин
2026-01-19 13:09:51,316 - INFO -   🔄 Прогресс будет отображаться каждые 9 пар
2026-01-19 13:09:51,316 - INFO - 🚀 WF-шаг 1/5: Режим параллельности: процессы
2026-01-19 13:09:51,369 - coint2.engine.numba_engine - INFO - Запуск Numba-оптимизированного бэктеста для SOLUSDT-UNIUSDT
2026-01-19 13:09:51,382 - coint2.engine.numba_engine - INFO - Запуск Numba-оптимизированного бэктеста для INJUSDT-QTUMUSDT
2026-01-19 13:09:51,400 - coint2.engine.numba_engine - INFO - Запуск Numba-оптимизированного бэктеста для INJUSDT-OMGUSDT
2026-01-19 13:09:51,418 - coint2.engine.numba_engine - INFO - Запуск Numba-оптимизированного бэктеста для APTUSDT-SFUNDUSDT
2026-01-19 13:09:51,439 - coint2.engine.numba_engine - INFO - Запуск Numba-оптимизированного бэктеста для APTUSDC-SFUNDUSDT
2026-01-19 13:09:51,455 - coint2.engine.numba_engine - INFO - Запуск Numba-оптимизированного бэктеста для APTUSDT-AVAXUSDC
2026-01-19 13:09:51,459 - coint2.engine.numba_engine - INFO - Запуск Numba-оптимизированного бэктеста для APTUSDC-AVAXUSDT
2026-01-19 13:09:51,462 - coint2.engine.numba_engine - INFO - Запуск Numba-оптимизированного бэктеста для APTUSDC-DOTUSDC
2026-01-19 13:09:51,482 - coint2.engine.numba_engine - INFO - Запуск Numba-оптимизированного бэктеста для LDOUSDC-SCRTUSDT
2026-01-19 13:09:51,482 - coint2.engine.numba_engine - INFO - Запуск Numba-оптимизированного бэктеста для APTUSDC-DOTUSDT
2026-01-19 13:09:51,484 - coint2.engine.numba_engine - INFO - Запуск Numba-оптимизированного бэктеста для APTUSDC-AVAXUSDC
2026-01-19 13:09:51,484 - coint2.engine.numba_engine - INFO - Запуск Numba-оптимизированного бэктеста для LDOUSDT-SCRTUSDT
2026-01-19 13:09:51,498 - coint2.engine.numba_engine - INFO - Запуск Numba-оптимизированного бэктеста для APTUSDT-DOTUSDC
2026-01-19 13:09:51,505 - coint2.engine.numba_engine - INFO - Запуск Numba-оптимизированного бэктеста для LUNAUSDT-MANAUSDC
2026-01-19 13:09:51,505 - coint2.engine.numba_engine - INFO - Запуск Numba-оптимизированного бэктеста для APEUSDT-PSTAKEUSDT
2026-01-19 13:09:51,505 - coint2.engine.numba_engine - INFO - Запуск Numba-оптимизированного бэктеста для APTUSDT-AVAXUSDT
2026-01-19 13:09:51,507 - coint2.engine.numba_engine - INFO - Запуск Numba-оптимизированного бэктеста для LUNAUSDT-MANAUSDT
2026-01-19 13:09:51,518 - coint2.engine.numba_engine - INFO - Запуск Numba-оптимизированного бэктеста для APTUSDT-DOTUSDT
2026-01-19 13:09:51,521 - coint2.engine.numba_engine - INFO - Запуск Numba-оптимизированного бэктеста для APEUSDC-PSTAKEUSDT
2026-01-19 13:09:51,528 - coint2.engine.numba_engine - INFO - Запуск Numba-оптимизированного бэктеста для CELOUSDT-WAVESUSDT
2026-01-19 13:09:51,528 - coint2.engine.numba_engine - INFO - Запуск Numba-оптимизированного бэктеста для 1INCHUSDT-QTUMUSDT
2026-01-19 13:09:51,530 - coint2.engine.numba_engine - INFO - Запуск Numba-оптимизированного бэктеста для CELOUSDT-IDUSDT
2026-01-19 13:09:51,536 - coint2.engine.numba_engine - INFO - Запуск Numba-оптимизированного бэктеста для ENSUSDT-XTZUSDT
2026-01-19 13:09:51,540 - coint2.engine.numba_engine - INFO - Запуск Numba-оптимизированного бэктеста для NEARUSDT-SFUNDUSDT
2026-01-19 13:09:51,543 - coint2.engine.numba_engine - INFO - Запуск Numba-оптимизированного бэктеста для 1INCHUSDT-ARUSDT
2026-01-19 13:09:51,550 - coint2.engine.numba_engine - INFO - Запуск Numba-оптимизированного бэктеста для CELOUSDT-ROSEUSDT
2026-01-19 13:09:51,550 - coint2.engine.numba_engine - INFO - Запуск Numba-оптимизированного бэктеста для GLMRUSDT-QTUMUSDT
2026-01-19 13:09:51,552 - coint2.engine.numba_engine - INFO - Запуск Numba-оптимизированного бэктеста для FLOWUSDT-LTCUSDC
2026-01-19 13:09:51,557 - coint2.engine.numba_engine - INFO - Запуск Numba-оптимизированного бэктеста для BELUSDT-FTTUSDT
2026-01-19 13:09:51,562 - coint2.engine.numba_engine - INFO - Запуск Numba-оптимизированного бэктеста для 1INCHUSDT-STXUSDT
2026-01-19 13:09:51,564 - coint2.engine.numba_engine - INFO - Запуск Numba-оптимизированного бэктеста для AXSUSDT-ENSUSDT
2026-01-19 13:09:51,564 - coint2.engine.numba_engine - INFO - Запуск Numba-оптимизированного бэктеста для 1INCHUSDT-FLOWUSDT
2026-01-19 13:09:51,571 - coint2.engine.numba_engine - INFO - Запуск Numba-оптимизированного бэктеста для FLOWUSDT-LTCUSDT
2026-01-19 13:09:51,572 - coint2.engine.numba_engine - INFO - Запуск Numba-оптимизированного бэктеста для IDUSDT-LTCBTC
2026-01-19 13:09:51,574 - coint2.engine.numba_engine - INFO - Запуск Numba-оптимизированного бэктеста для FLOWUSDT-GRTUSDT
2026-01-19 13:09:51,579 - coint2.engine.numba_engine - INFO - Запуск Numba-оптимизированного бэктеста для 1INCHUSDT-CRVUSDT
2026-01-19 13:09:51,582 - coint2.engine.numba_engine - INFO - Запуск Numba-оптимизированного бэктеста для INTERUSDT-XDCUSDT
2026-01-19 13:09:51,584 - coint2.engine.numba_engine - INFO - Запуск Numba-оптимизированного бэктеста для 1INCHUSDT-ONEUSDT
2026-01-19 13:09:51,586 - coint2.engine.numba_engine - INFO - Запуск Numba-оптимизированного бэктеста для CAKEUSDT-VPADUSDT
2026-01-19 13:09:51,586 - coint2.engine.numba_engine - INFO - Запуск Numba-оптимизированного бэктеста для MINAUSDT-SCRTUSDT
2026-01-19 13:09:51,593 - coint2.engine.numba_engine - INFO - Запуск Numba-оптимизированного бэктеста для AXLUSDT-JUVUSDT
2026-01-19 13:09:51,594 - coint2.engine.numba_engine - INFO - Запуск Numba-оптимизированного бэктеста для RSS3USDT-UNIUSDT
2026-01-19 13:09:51,600 - coint2.engine.numba_engine - INFO - Запуск Numba-оптимизированного бэктеста для 1INCHUSDT-ROSEUSDT
2026-01-19 13:09:51,601 - coint2.engine.numba_engine - INFO - Запуск Numba-оптимизированного бэктеста для FORTUSDT-PSTAKEUSDT
2026-01-19 13:09:51,604 - coint2.engine.numba_engine - INFO - Запуск Numba-оптимизированного бэктеста для NEARUSDT-XTZUSDT
2026-01-19 13:09:51,605 - coint2.engine.numba_engine - INFO - Запуск Numba-оптимизированного бэктеста для FLOWUSDT-RVNUSDT
2026-01-19 13:09:51,607 - coint2.engine.numba_engine - INFO - Запуск Numba-оптимизированного бэктеста для 1INCHUSDT-GMXUSDT
2026-01-19 13:09:51,614 - coint2.engine.numba_engine - INFO - Запуск Numba-оптимизированного бэктеста для FORTUSDT-SFUNDUSDT
2026-01-19 13:09:51,616 - coint2.engine.numba_engine - INFO - Запуск Numba-оптимизированного бэктеста для EVERUSDT-LRCUSDT
2026-01-19 13:09:51,620 - coint2.engine.numba_engine - INFO - Запуск Numba-оптимизированного бэктеста для IDUSDT-LTCUSDC
2026-01-19 13:09:51,623 - coint2.engine.numba_engine - INFO - Запуск Numba-оптимизированного бэктеста для OMGUSDT-RVNUSDT
2026-01-19 13:09:51,625 - coint2.engine.numba_engine - INFO - Запуск Numba-оптимизированного бэктеста для 1INCHUSDT-ETCUSDT
2026-01-19 13:09:51,627 - coint2.engine.numba_engine - INFO - Запуск Numba-оптимизированного бэктеста для IDUSDT-LTCUSDT
2026-01-19 13:09:51,629 - coint2.engine.numba_engine - INFO - Запуск Numba-оптимизированного бэктеста для 1INCHUSDT-COMPUSDT
2026-01-19 13:09:51,635 - coint2.engine.numba_engine - INFO - Запуск Numba-оптимизированного бэктеста для EVERUSDT-RVNUSDT
2026-01-19 13:09:51,637 - coint2.engine.numba_engine - INFO - Запуск Numba-оптимизированного бэктеста для HVHUSDT-IZIUSDT
2026-01-19 13:09:51,638 - coint2.engine.numba_engine - INFO - Запуск Numba-оптимизированного бэктеста для DGBUSDT-DOMEUSDT
2026-01-19 13:09:51,645 - coint2.engine.numba_engine - INFO - Запуск Numba-оптимизированного бэктеста для BICOUSDT-GLMRUSDT
2026-01-19 13:09:51,647 - coint2.engine.numba_engine - INFO - Запуск Numba-оптимизированного бэктеста для 1INCHUSDT-ZILUSDT
2026-01-19 13:09:51,648 - coint2.engine.numba_engine - INFO - Запуск Numba-оптимизированного бэктеста для ALGOUSDT-WAVESUSDT
2026-01-19 13:09:51,649 - coint2.engine.numba_engine - INFO - 🔍 ДИАГНОСТИКА HVHUSDT-IZIUSDT:
2026-01-19 13:09:51,649 - coint2.engine.numba_engine - INFO -    entry_threshold: 0.85
2026-01-19 13:09:51,649 - coint2.engine.numba_engine - INFO -    exit_threshold: 0.12
2026-01-19 13:09:51,649 - coint2.engine.numba_engine - INFO -    Макс |z_score|: 14.7480
2026-01-19 13:09:51,649 - coint2.engine.numba_engine - INFO -    Позиций != 0: 35
2026-01-19 13:09:51,650 - coint2.engine.numba_engine - INFO -    Изменений позиций: 71
2026-01-19 13:09:51,650 - coint2.engine.numba_engine - INFO -    PnL сумма: -2.3106
2026-01-19 13:09:51,650 - coint2.engine.numba_engine - INFO - Запуск Numba-оптимизированного бэктеста для GRTUSDT-GSTUSDT
2026-01-19 13:09:51,650 - coint2.engine.numba_engine - INFO -    Первые 10 z_scores: [-0.01932965  1.1521096   1.6592908   1.2497686  -0.11580515  0.23194435
  0.313461    0.5740813   1.1996295   1.0900427 ]
2026-01-19 13:09:51,650 - coint2.engine.numba_engine - INFO -    Превышают порог: 1498
2026-01-19 13:09:51,651 - coint2.engine.numba_engine - INFO - Запуск Numba-оптимизированного бэктеста для BICOUSDT-IMXUSDT
2026-01-19 13:09:51,659 - coint2.engine.numba_engine - INFO - Запуск Numba-оптимизированного бэктеста для ONEUSDT-RVNUSDT
2026-01-19 13:09:51,661 - coint2.engine.numba_engine - INFO - Запуск Numba-оптимизированного бэктеста для JASMYUSDT-XECUSDT
2026-01-19 13:09:51,661 - coint2.engine.numba_engine - INFO - Запуск Numba-оптимизированного бэктеста для DGBUSDT-VPADUSDT
2026-01-19 13:09:51,667 - coint2.engine.numba_engine - INFO - Запуск Numba-оптимизированного бэктеста для ALGOUSDT-QTUMUSDT
2026-01-19 13:09:51,670 - coint2.engine.numba_engine - INFO - Запуск Numba-оптимизированного бэктеста для BLURUSDT-MDAOUSDT
2026-01-19 13:09:51,671 - coint2.engine.numba_engine - INFO - Запуск Numba-оптимизированного бэктеста для EVERUSDT-KSMUSDT
2026-01-19 13:09:51,672 - coint2.engine.numba_engine - INFO - Запуск Numba-оптимизированного бэктеста для GRTUSDT-RVNUSDT
2026-01-19 13:09:51,673 - coint2.engine.numba_engine - INFO - Запуск Numba-оптимизированного бэктеста для ENJUSDT-SFUNDUSDT
2026-01-19 13:09:51,681 - coint2.engine.numba_engine - INFO - Запуск Numba-оптимизированного бэктеста для SCUSDT-XEMUSDT
2026-01-19 13:09:51,684 - coint2.engine.numba_engine - INFO - Запуск Numba-оптимизированного бэктеста для ALGOBTC-MANABTC
2026-01-19 13:09:51,684 - coint2.engine.numba_engine - INFO - Запуск Numba-оптимизированного бэктеста для SIDUSUSDT-XAVAUSDT
2026-01-19 13:09:51,690 - coint2.engine.numba_engine - INFO - Запуск Numba-оптимизированного бэктеста для ROSEUSDT-ZILUSDT
2026-01-19 13:09:51,692 - coint2.engine.numba_engine - INFO - Запуск Numba-оптимизированного бэктеста для FIDAUSDT-GMXUSDT
2026-01-19 13:09:51,693 - coint2.engine.numba_engine - INFO - Запуск Numba-оптимизированного бэктеста для DGBUSDT-DOTUSDC
2026-01-19 13:09:51,693 - WARNING - ❌ Ошибка обработки пары SIDUSUSDT-XAVAUSDT: division by zero
2026-01-19 13:09:51,694 - coint2.engine.numba_engine - INFO - Запуск Numba-оптимизированного бэктеста для DGBUSDT-DOTUSDT
2026-01-19 13:09:51,696 - coint2.engine.numba_engine - INFO - Запуск Numba-оптимизированного бэктеста для EVERUSDT-SCRTUSDT
2026-01-19 13:09:51,703 - coint2.engine.numba_engine - INFO - Запуск Numba-оптимизированного бэктеста для BONKUSDT-BTTUSDT
2026-01-19 13:09:51,704 - coint2.engine.numba_engine - INFO - Запуск Numba-оптимизированного бэктеста для ALGOBTC-NFTUSDT
2026-01-19 13:09:51,712 - coint2.engine.numba_engine - INFO - Запуск Numba-оптимизированного бэктеста для VRAUSDT-XAVAUSDT
2026-01-19 13:09:51,714 - coint2.engine.numba_engine - INFO - Запуск Numba-оптимизированного бэктеста для EVERUSDT-GSTUSDT
2026-01-19 13:09:51,715 - coint2.engine.numba_engine - INFO - Запуск Numba-оптимизированного бэктеста для SIDUSUSDT-TAPUSDT
2026-01-19 13:09:51,717 - coint2.engine.numba_engine - INFO - Запуск Numba-оптимизированного бэктеста для SIDUSUSDT-TELUSDT
2026-01-19 13:09:51,719 - coint2.engine.numba_engine - INFO - Запуск Numba-оптимизированного бэктеста для ANKRUSDT-MASKUSDT
2026-01-19 13:09:51,721 - WARNING - ❌ Ошибка обработки пары VRAUSDT-XAVAUSDT: division by zero
2026-01-19 13:09:51,732 - coint2.engine.numba_engine - INFO - Запуск Numba-оптимизированного бэктеста для MANABTC-TELUSDT
2026-01-19 13:09:51,742 - coint2.engine.numba_engine - INFO - Запуск Numba-оптимизированного бэктеста для JASMYUSDT-TAPUSDT
2026-01-19 13:09:51,743 - coint2.engine.numba_engine - INFO - Запуск Numba-оптимизированного бэктеста для ONEUSDT-STXUSDT
2026-01-19 13:09:51,765 - coint2.engine.numba_engine - INFO - Запуск Numba-оптимизированного бэктеста для ALGOBTC-XECUSDT
2026-01-19 13:09:51,767 - coint2.engine.numba_engine - INFO - Запуск Numba-оптимизированного бэктеста для JASMYUSDT-WOOUSDT
2026-01-19 13:09:51,789 - coint2.engine.numba_engine - INFO - Запуск Numba-оптимизированного бэктеста для ALGOBTC-BTTUSDT
2026-01-19 13:09:51,825 - INFO -   ⏱️ Параллельная обработка завершена за 0.5с (178.9 пар/с)
2026-01-19 13:09:51,852 - coint2.pipeline.walk_forward_orchestrator - INFO - 🎯 СИМУЛЯЦИЯ ПОРТФЕЛЯ: 89 пар, лимит 15 позиций
2026-01-19 13:09:52,606 - coint2.pipeline.walk_forward_orchestrator - INFO -    📈 Макс. одновременных сигналов: 36
2026-01-19 13:09:52,606 - coint2.pipeline.walk_forward_orchestrator - INFO -    📊 Средн. сигналов за период: 1.0
2026-01-19 13:09:52,606 - coint2.pipeline.walk_forward_orchestrator - INFO -    🎯 Финальных активных позиций: 0
2026-01-19 13:09:52,608 - coint2.pipeline.walk_forward_orchestrator - INFO -    ⚡ Утилизация лимита позиций: 6.8%
2026-01-19 13:09:52,608 - WARNING -   ⚠️ Ошибка обработки пары SIDUSUSDT-XAVAUSDT: division by zero
2026-01-19 13:09:52,608 - WARNING -   ⚠️ Ошибка обработки пары VRAUSDT-XAVAUSDT: division by zero
2026-01-19 13:09:52,608 - INFO - ⇠ WF-шаг 1/5 backtests — completed 91 items in 1.29s (70.4 items/s)
2026-01-19 13:09:52,608 - INFO -   ✅ Обработка завершена: 89 успешно, 2 с ошибками
2026-01-19 13:09:52,608 - INFO -   📊 Успешность: 97.8%, прибыльность: 66.3%, сделок/пара: 17.0
2026-01-19 13:09:52,608 - INFO -   ✅ Завершены бэктесты для 91 пар
2026-01-19 13:09:52,609 - INFO -   📊 Всего обработано пар в этом шаге: 91
2026-01-19 13:09:52,609 - INFO -   📈 Результаты шага: 59/91 прибыльных пар, 1509 сделок
2026-01-19 13:09:52,609 - INFO -   💰 P&L шага: $+133.12
2026-01-19 13:09:52,609 - INFO -   ⇢ Обновление капитала и дневного P&L...
2026-01-19 13:09:53,715 - INFO -   💼 Шаг P&L: $+133.12, Накопленный капитал: $10,133.12
2026-01-19 13:09:53,716 - INFO - ------------------------------------------------------------
2026-01-19 13:09:53,716 - INFO -   Walk-forward steps: 1 / 5 (20.0%) | 0.0 items/s | ETA: 442.6s
2026-01-19 13:09:53,716 - INFO - 🔍 WF-шаг 2/5: Валидация временных окон...
2026-01-19 13:09:53,716 - INFO - ⇢ WF-шаг 2/5: training 2023-08-02-2023-10-30, testing 2023-10-31-2023-11-30 — start
2026-01-19 13:09:53,716 - INFO - ⇢ loading step data — start
2026-01-19 13:09:53,933 - INFO - ⇠ loading step data — done in 0.22s
2026-01-19 13:09:55,366 - INFO - 📊 WF-шаг 2/5: Границы данных:
2026-01-19 13:09:55,367 - INFO -    Training: 2023-08-02 00:00:00 → 2023-10-30 23:45:00 (8,640 строк × 292 символов)
2026-01-19 13:09:55,367 - INFO -    Testing:  2023-10-31 00:00:00 → 2023-11-30 00:00:00 (2,881 строк × 292 символов)
2026-01-19 13:09:55,367 - INFO -    Временной разрыв: 0 days 00:15:00
2026-01-19 13:09:55,578 - INFO - ⇢ normalizing training data — start
2026-01-19 13:09:55,612 - INFO -   Символы с NaN значениями: 30
2026-01-19 13:09:55,612 - INFO -   Применяем метод нормализации: rolling_zscore
2026-01-19 13:09:55,630 - INFO - Символы с недостаточной историей: 27 из 292
2026-01-19 13:09:56,169 - INFO - Символы с NaN после нормализации: 265
2026-01-19 13:09:56,177 - INFO - Удалено 1473 начальных строк с NaN от rolling расчетов
2026-01-19 13:09:56,179 - INFO - Итоговое количество символов после нормализации: 265 из 292
2026-01-19 13:09:56,179 - INFO -   Статистика нормализации:
2026-01-19 13:09:56,180 - INFO -     Исходные символы: 292
2026-01-19 13:09:56,180 - INFO -     Недостаточная история: 27
2026-01-19 13:09:56,180 - INFO -     Постоянная цена: 0
2026-01-19 13:09:56,180 - INFO -     NaN после нормализации: 265
2026-01-19 13:09:56,180 - INFO -     Итоговые символы: 265 (90.8%)
2026-01-19 13:09:56,180 - INFO -   После нормализации: 265 символов (потеряно 27)
2026-01-19 13:09:56,180 - INFO -   Отброшено много символов: 27 из 292
2026-01-19 13:09:56,180 - INFO - ⇠ normalizing training data — done in 0.60s
2026-01-19 13:09:56,181 - INFO - ⇢ SSD computation — start
2026-01-19 13:09:56,182 - INFO -   Расчет SSD для всех пар (без ограничения)
2026-01-19 13:09:59,430 - INFO -   SSD результат (все пары): 34980 пар
2026-01-19 13:09:59,430 - INFO - ⇠ SSD computation — done in 3.25s
2026-01-19 13:09:59,439 - INFO - ⇢ filtering pairs by cointegration and half-life — start
2026-01-19 13:09:59,439 - INFO - [ФИЛЬТР] Параллельная фильтрация: processes (8 workers)
⚙️  Загрузка данных за период: 2023-08-02 -> 2023-11-30
📂 Найдено 43 parquet файлов для обработки.
📊 Схема данных: Schema({'timestamp': Int64, 'open': Float64, 'high': Float64, 'low': Float64, 'close': Float64, 'volume': Float64, 'turnover': String, 'ts_ms': Int64, 'symbol': String})
✅ Загружено 3180061 записей с помощью Polars.
📊 Типы данных в pandas: timestamp       datetime64[us]
symbol                  object
close                  float64
timestamp_ms             int64
dtype: object
2026-01-19 13:11:39,730 - INFO - [ФИЛЬТР] После проверки данных: 34980 пар
2026-01-19 13:11:39,731 - INFO - [ФИЛЬТР] После фильтра корреляции (>0.45): 20424 пар
2026-01-19 13:11:39,731 - INFO - [ФИЛЬТР] После фильтра beta: 14253 пар
2026-01-19 13:11:39,731 - INFO - [ФИЛЬТР] После фильтра mean crossings: 14253 пар
2026-01-19 13:11:39,731 - INFO - [ФИЛЬТР] После фильтра half-life: 14130 пар
2026-01-19 13:11:39,731 - INFO - [ФИЛЬТР] После фильтра коинтеграции: 7406 пар
2026-01-19 13:11:39,731 - INFO - [ФИЛЬТР] После фильтра Hurst: 5456 пар
2026-01-19 13:11:39,731 - INFO - [ФИЛЬТР] После фильтра KPSS: 88 пар
2026-01-19 13:11:39,731 - INFO - [ФИЛЬТР] После фильтра market microstructure: 88 пар
2026-01-19 13:11:39,731 - INFO - [ФИЛЬТР] Статистика фильтрации (оптимизированный порядок):
2026-01-19 13:11:39,731 - INFO -   1. SSD → Коинтеграция: 34980 → 7406 пар
2026-01-19 13:11:39,731 - INFO -   2. Коинтеграция → Beta: 7406 → 14253 пар
2026-01-19 13:11:39,731 - INFO -   3. Beta → Half-life: 14253 → 14130 пар
2026-01-19 13:11:39,731 - INFO -   4. Half-life → Mean crossings: 14130 → 14253 пар
2026-01-19 13:11:39,731 - INFO -   5. Mean crossings → Hurst: 14253 → 5456 пар
2026-01-19 13:11:39,731 - INFO -   6. Hurst → KPSS: 5456 → 88 пар
2026-01-19 13:11:39,731 - INFO -   7. KPSS → Market microstructure: 88 → 88 пар
2026-01-19 13:11:39,731 - INFO - [ФИЛЬТР] Причины отсева:
2026-01-19 13:11:39,731 - INFO -   • low_correlation: 14556 пар (41.6%)
2026-01-19 13:11:39,731 - INFO -   • pvalue: 6724 пар (19.2%)
2026-01-19 13:11:39,731 - INFO -   • beta: 6171 пар (17.6%)
2026-01-19 13:11:39,731 - INFO -   • kpss: 5368 пар (15.3%)
2026-01-19 13:11:39,731 - INFO -   • hurst: 1950 пар (5.6%)
2026-01-19 13:11:39,731 - INFO -   • half_life: 123 пар (0.4%)
2026-01-19 13:11:39,731 - INFO - [ФИЛЬТР] Итого: 34980 → 88 пар (0.3% прошли все фильтры)
2026-01-19 13:11:39,778 - INFO - Причины отсева сохранены в results/filter_reasons_20260119_131139.csv
2026-01-19 13:11:39,783 - INFO -   Pair stability filter: insufficient history (1 < 2), skip
2026-01-19 13:11:39,783 - INFO -   Фильтрация: 34980 → 88 пар
2026-01-19 13:11:39,783 - INFO - ⇠ filtering pairs by cointegration and half-life — done in 100.34s
2026-01-19 13:11:39,783 - INFO - ⇠ WF-шаг 2/5: training 2023-08-02-2023-10-30, testing 2023-10-31-2023-11-30 — done in 106.07s
2026-01-19 13:11:39,783 - INFO -   Топ-3 пары по волатильности спреда:
2026-01-19 13:11:39,783 - INFO -     1. AVAXUSDC-BLURUSDT: beta=25.7160, std=0.3716
2026-01-19 13:11:39,783 - INFO -     2. AVAXUSDT-BLURUSDT: beta=25.8041, std=0.3714
2026-01-19 13:11:39,783 - INFO -     3. ETCUSDT-XRPUSDT: beta=17.3343, std=0.2919
2026-01-19 13:11:39,783 - INFO -   Всего пар для торговли: 88 (ограничение 15 применяется к одновременно открытым позициям)
2026-01-19 13:11:39,783 - INFO -   💰 Проверка расчета капитала: equity=$10,133.12, кандидатных_пар=88, max_позиций=15
2026-01-19 13:11:39,783 - INFO -   🎯 Target concurrency: 15 (ожидаемое одновременное число позиций)
2026-01-19 13:11:39,783 - INFO -   📊 Детали расчета капитала:
2026-01-19 13:11:39,784 - INFO -      • Базовый капитал на пару: $675.54 (equity / target_concurrency)
2026-01-19 13:11:39,784 - INFO -      • Риск-капитал: $152.00 (1.5% от equity)
2026-01-19 13:11:39,784 - INFO -      • Макс. размер позиции: $202.66 (2.0% от equity)
2026-01-19 13:11:39,784 - INFO -      • Итоговый капитал на пару: $152.00
2026-01-19 13:11:39,784 - INFO - ⇢ WF-шаг 2/5 backtests — starting 88 items
2026-01-19 13:11:39,784 - INFO - 🚀 WF-шаг 2/5: Начинаем бэктесты для 88 пар...
2026-01-19 13:11:39,784 - INFO - 🚀 WF-шаг 2/5: Запускаем параллельную обработку 88 пар на 8 ядрах...
2026-01-19 13:11:39,784 - INFO -   📊 Большой набор пар (88), ожидаемое время: ~3 мин
2026-01-19 13:11:39,784 - INFO -   🔄 Прогресс будет отображаться каждые 8 пар
2026-01-19 13:11:39,784 - INFO - 🚀 WF-шаг 2/5: Режим параллельности: процессы
2026-01-19 13:11:39,831 - coint2.engine.numba_engine - INFO - Запуск Numba-оптимизированного бэктеста для AVAXUSDC-BLURUSDT
2026-01-19 13:11:39,850 - coint2.engine.numba_engine - INFO - Запуск Numba-оптимизированного бэктеста для AVAXUSDT-BLURUSDT
2026-01-19 13:11:39,869 - coint2.engine.numba_engine - INFO - Запуск Numba-оптимизированного бэктеста для ETCUSDT-XRPUSDT
2026-01-19 13:11:39,887 - coint2.engine.numba_engine - INFO - Запуск Numba-оптимизированного бэктеста для ETCUSDT-XRPUSDC
2026-01-19 13:11:39,906 - coint2.engine.numba_engine - INFO - Запуск Numba-оптимизированного бэктеста для ETCUSDT-LTCUSDT
2026-01-19 13:11:39,912 - coint2.engine.numba_engine - INFO - Запуск Numba-оптимизированного бэктеста для AXSUSDT-HNTUSDT
2026-01-19 13:11:39,924 - coint2.engine.numba_engine - INFO - Запуск Numba-оптимизированного бэктеста для ETCUSDT-LTCUSDC
2026-01-19 13:11:39,931 - coint2.engine.numba_engine - INFO - Запуск Numba-оптимизированного бэктеста для ENSUSDT-SEIUSDT
2026-01-19 13:11:39,935 - coint2.engine.numba_engine - INFO - Запуск Numba-оптимизированного бэктеста для MASKUSDT-XRPUSDC
2026-01-19 13:11:39,948 - coint2.engine.numba_engine - INFO - Запуск Numba-оптимизированного бэктеста для FXSUSDT-SCRTUSDT
2026-01-19 13:11:39,950 - coint2.engine.numba_engine - INFO - Запуск Numba-оптимизированного бэктеста для ETCUSDT-THETAUSDT
2026-01-19 13:11:39,953 - coint2.engine.numba_engine - INFO - Запуск Numba-оптимизированного бэктеста для INTERUSDT-SISUSDT
2026-01-19 13:11:39,957 - coint2.engine.numba_engine - INFO - Запуск Numba-оптимизированного бэктеста для INTERUSDT-UNIUSDT
2026-01-19 13:11:39,965 - coint2.engine.numba_engine - INFO - Запуск Numba-оптимизированного бэктеста для FXSUSDT-ICPUSDT
2026-01-19 13:11:39,971 - coint2.engine.numba_engine - INFO - Запуск Numba-оптимизированного бэктеста для MASKUSDT-XRPUSDT
2026-01-19 13:11:39,971 - coint2.engine.numba_engine - INFO - Запуск Numba-оптимизированного бэктеста для ENSUSDT-JUVUSDT
2026-01-19 13:11:39,976 - coint2.engine.numba_engine - INFO - Запуск Numba-оптимизированного бэктеста для OPUSDC-VPADUSDT
2026-01-19 13:11:39,980 - coint2.engine.numba_engine - INFO - Запуск Numba-оптимизированного бэктеста для UMAUSDT-XRPUSDC
2026-01-19 13:11:39,984 - coint2.engine.numba_engine - INFO - Запуск Numba-оптимизированного бэктеста для MOVRUSDT-SDUSDT
2026-01-19 13:11:39,988 - coint2.engine.numba_engine - INFO - Запуск Numba-оптимизированного бэктеста для INTERUSDT-VPADUSDT
2026-01-19 13:11:39,994 - coint2.engine.numba_engine - INFO - Запуск Numba-оптимизированного бэктеста для OPUSDT-VPADUSDT
2026-01-19 13:11:39,999 - coint2.engine.numba_engine - INFO - Запуск Numba-оптимизированного бэктеста для UMAUSDT-XRPUSDT
2026-01-19 13:11:40,003 - coint2.engine.numba_engine - INFO - Запуск Numba-оптимизированного бэктеста для AXSUSDT-GMTUSDT
2026-01-19 13:11:40,006 - coint2.engine.numba_engine - INFO - Запуск Numba-оптимизированного бэктеста для IMXUSDT-MASKUSDT
2026-01-19 13:11:40,007 - coint2.engine.numba_engine - INFO - Запуск Numba-оптимизированного бэктеста для INTERUSDT-NYMUSDT
2026-01-19 13:11:40,011 - coint2.engine.numba_engine - INFO - Запуск Numba-оптимизированного бэктеста для AGLDUSDT-JSTUSDT
2026-01-19 13:11:40,024 - coint2.engine.numba_engine - INFO - Запуск Numba-оптимизированного бэктеста для LDOUSDC-SFUNDUSDT
2026-01-19 13:11:40,025 - coint2.engine.numba_engine - INFO - Запуск Numba-оптимизированного бэктеста для CRVUSDT-PIPUSDT
2026-01-19 13:11:40,029 - coint2.engine.numba_engine - INFO - Запуск Numba-оптимизированного бэктеста для INTERUSDT-OPUSDC
2026-01-19 13:11:40,029 - coint2.engine.numba_engine - INFO - Запуск Numba-оптимизированного бэктеста для INTERUSDT-USTCUSDT
2026-01-19 13:11:40,030 - coint2.engine.numba_engine - INFO - Запуск Numba-оптимизированного бэктеста для AXSUSDT-GMTUSDC
2026-01-19 13:11:40,033 - coint2.engine.numba_engine - INFO - Запуск Numba-оптимизированного бэктеста для LUNAUSDT-PIPUSDT
2026-01-19 13:11:40,036 - coint2.engine.numba_engine - INFO - Запуск Numba-оптимизированного бэктеста для APEXUSDC-ICPUSDC
2026-01-19 13:11:40,046 - coint2.engine.numba_engine - INFO - Запуск Numba-оптимизированного бэктеста для ARKMUSDT-MNTUSDT
2026-01-19 13:11:40,047 - coint2.engine.numba_engine - INFO - Запуск Numba-оптимизированного бэктеста для APEXUSDT-ICPUSDT
2026-01-19 13:11:40,050 - coint2.engine.numba_engine - INFO - Запуск Numba-оптимизированного бэктеста для JUVUSDT-VPADUSDT
2026-01-19 13:11:40,051 - coint2.engine.numba_engine - INFO - Запуск Numba-оптимизированного бэктеста для ARKMUSDT-GALFTUSDT
2026-01-19 13:11:40,053 - coint2.engine.numba_engine - INFO - Запуск Numba-оптимизированного бэктеста для INTERUSDT-OPUSDT
2026-01-19 13:11:40,055 - coint2.engine.numba_engine - INFO - Запуск Numba-оптимизированного бэктеста для ARKMUSDT-MNTUSDC
2026-01-19 13:11:40,068 - coint2.engine.numba_engine - INFO - Запуск Numba-оптимизированного бэктеста для INTERUSDT-XDCUSDT
2026-01-19 13:11:40,069 - coint2.engine.numba_engine - INFO - Запуск Numba-оптимизированного бэктеста для BLURUSDT-SCRTUSDT
2026-01-19 13:11:40,069 - coint2.engine.numba_engine - INFO - Запуск Numba-оптимизированного бэктеста для C98USDT-WAXPUSDT
2026-01-19 13:11:40,070 - coint2.engine.numba_engine - INFO - Запуск Numba-оптимизированного бэктеста для CTCUSDT-VPADUSDT
2026-01-19 13:11:40,072 - coint2.engine.numba_engine - INFO - Запуск Numba-оптимизированного бэктеста для ARKMUSDT-PSTAKEUSDT
2026-01-19 13:11:40,077 - coint2.engine.numba_engine - INFO - Запуск Numba-оптимизированного бэктеста для MANAUSDT-SOLOUSDT
2026-01-19 13:11:40,078 - coint2.engine.numba_engine - INFO - Запуск Numba-оптимизированного бэктеста для LUNAUSDT-MASKUSDT
2026-01-19 13:11:40,080 - coint2.engine.numba_engine - INFO - Запуск Numba-оптимизированного бэктеста для ETHWUSDT-NYMUSDT
2026-01-19 13:11:40,093 - coint2.engine.numba_engine - INFO - Запуск Numba-оптимизированного бэктеста для RSS3USDT-SDUSDT
2026-01-19 13:11:40,097 - coint2.engine.numba_engine - INFO - Запуск Numba-оптимизированного бэктеста для ARKMUSDT-FORTUSDT
2026-01-19 13:11:40,097 - coint2.engine.numba_engine - INFO - Запуск Numba-оптимизированного бэктеста для MANAUSDT-ORDIUSDT
2026-01-19 13:11:40,098 - coint2.engine.numba_engine - INFO - Запуск Numba-оптимизированного бэктеста для RSS3USDT-UNIUSDT
2026-01-19 13:11:40,100 - coint2.engine.numba_engine - INFO - Запуск Numba-оптимизированного бэктеста для INTERUSDT-NEARUSDT
2026-01-19 13:11:40,105 - coint2.engine.numba_engine - INFO - Запуск Numba-оптимизированного бэктеста для MANAUSDC-ORDIUSDT
2026-01-19 13:11:40,110 - coint2.engine.numba_engine - INFO - Запуск Numba-оптимизированного бэктеста для ARKMUSDT-STGUSDT
2026-01-19 13:11:40,112 - coint2.engine.numba_engine - INFO - Запуск Numba-оптимизированного бэктеста для MANAUSDC-SOLOUSDT
2026-01-19 13:11:40,116 - coint2.engine.numba_engine - INFO - Запуск Numba-оптимизированного бэктеста для MVUSDT-PSGUSDT
2026-01-19 13:11:40,121 - coint2.engine.numba_engine - INFO - Запуск Numba-оптимизированного бэктеста для ENJUSDT-NYMUSDT
2026-01-19 13:11:40,122 - coint2.engine.numba_engine - INFO - Запуск Numba-оптимизированного бэктеста для MVUSDT-SUIUSDC
2026-01-19 13:11:40,123 - coint2.engine.numba_engine - INFO - Запуск Numba-оптимизированного бэктеста для ALGOUSDT-PIPUSDT
2026-01-19 13:11:40,124 - coint2.engine.numba_engine - INFO - Запуск Numba-оптимизированного бэктеста для LDOUSDT-SFUNDUSDT
2026-01-19 13:11:40,128 - coint2.engine.numba_engine - INFO - Запуск Numba-оптимизированного бэктеста для ALGOUSDT-IMXUSDT
2026-01-19 13:11:40,132 - coint2.engine.numba_engine - INFO - Запуск Numba-оптимизированного бэктеста для GLMRUSDT-PIPUSDT
2026-01-19 13:11:40,137 - coint2.engine.numba_engine - INFO - Запуск Numba-оптимизированного бэктеста для 1INCHUSDT-SCUSDT
2026-01-19 13:11:40,139 - coint2.engine.numba_engine - INFO - Запуск Numba-оптимизированного бэктеста для DAIUSDT-XLMUSDC
2026-01-19 13:11:40,145 - coint2.engine.numba_engine - INFO - Запуск Numba-оптимизированного бэктеста для DAIUSDT-JUVUSDT
2026-01-19 13:11:40,146 - coint2.engine.numba_engine - INFO - Запуск Numba-оптимизированного бэктеста для ARKMUSDT-CITYUSDT
2026-01-19 13:11:40,147 - coint2.engine.numba_engine - INFO - Запуск Numba-оптимизированного бэктеста для MVUSDT-SUIUSDT
2026-01-19 13:11:40,150 - coint2.engine.numba_engine - INFO - Запуск Numba-оптимизированного бэктеста для C98USDT-ZRXUSDT
2026-01-19 13:11:40,151 - coint2.engine.numba_engine - INFO - Запуск Numba-оптимизированного бэктеста для MVUSDT-ORTUSDT
2026-01-19 13:11:40,154 - coint2.engine.numba_engine - INFO - Запуск Numba-оптимизированного бэктеста для FLOWUSDT-ORDIUSDT
2026-01-19 13:11:40,166 - coint2.engine.numba_engine - INFO - Запуск Numba-оптимизированного бэктеста для ALGOUSDT-LUNAUSDT
2026-01-19 13:11:40,169 - coint2.engine.numba_engine - INFO - Запуск Numba-оптимизированного бэктеста для DAIUSDT-XLMUSDT
2026-01-19 13:11:40,170 - coint2.engine.numba_engine - INFO - Запуск Numba-оптимизированного бэктеста для APEXUSDC-ICPUSDT
2026-01-19 13:11:40,173 - coint2.engine.numba_engine - INFO - Запуск Numba-оптимизированного бэктеста для DAIUSDT-GSTUSDT
2026-01-19 13:11:40,174 - coint2.engine.numba_engine - INFO - Запуск Numba-оптимизированного бэктеста для ALGOUSDT-FIDAUSDT
2026-01-19 13:11:40,176 - coint2.engine.numba_engine - INFO - Запуск Numba-оптимизированного бэктеста для LRCUSDT-NYMUSDT
2026-01-19 13:11:40,188 - coint2.engine.numba_engine - INFO - Запуск Numba-оптимизированного бэктеста для TRVLUSDT-XETAUSDT
2026-01-19 13:11:40,192 - coint2.engine.numba_engine - INFO - Запуск Numba-оптимизированного бэктеста для SEIUSDT-VPADUSDT
2026-01-19 13:11:40,197 - coint2.engine.numba_engine - INFO - Запуск Numba-оптимизированного бэктеста для JSTUSDT-LINKUSDC
2026-01-19 13:11:40,198 - coint2.engine.numba_engine - INFO - Запуск Numba-оптимизированного бэктеста для MVUSDT-OASUSDT
2026-01-19 13:11:40,210 - coint2.engine.numba_engine - INFO - Запуск Numba-оптимизированного бэктеста для DAIUSDT-ETHWUSDT
2026-01-19 13:11:40,214 - coint2.engine.numba_engine - INFO - Запуск Numba-оптимизированного бэктеста для C98USDT-PENDLEUSDT
2026-01-19 13:11:40,218 - coint2.engine.numba_engine - INFO - Запуск Numba-оптимизированного бэктеста для DGBUSDT-SCRTUSDT
2026-01-19 13:11:40,220 - coint2.engine.numba_engine - INFO - Запуск Numba-оптимизированного бэктеста для JSTUSDT-LINKUSDT
2026-01-19 13:11:40,236 - coint2.engine.numba_engine - INFO - Запуск Numba-оптимизированного бэктеста для MVUSDT-STGUSDT
2026-01-19 13:11:40,241 - coint2.engine.numba_engine - INFO - Запуск Numba-оптимизированного бэктеста для SLPUSDT-TELUSDT
2026-01-19 13:11:40,259 - coint2.engine.numba_engine - INFO - Запуск Numba-оптимизированного бэктеста для GSTUSDT-VPADUSDT
2026-01-19 13:11:40,281 - coint2.engine.numba_engine - INFO - Запуск Numba-оптимизированного бэктеста для XECUSDT-XEMUSDT
2026-01-19 13:11:40,317 - INFO -   ⏱️ Параллельная обработка завершена за 0.5с (165.0 пар/с)
2026-01-19 13:11:40,347 - coint2.pipeline.walk_forward_orchestrator - INFO - 🎯 СИМУЛЯЦИЯ ПОРТФЕЛЯ: 88 пар, лимит 15 позиций
2026-01-19 13:11:41,086 - coint2.pipeline.walk_forward_orchestrator - INFO -    📈 Макс. одновременных сигналов: 40
2026-01-19 13:11:41,086 - coint2.pipeline.walk_forward_orchestrator - INFO -    📊 Средн. сигналов за период: 0.8
2026-01-19 13:11:41,087 - coint2.pipeline.walk_forward_orchestrator - INFO -    🎯 Финальных активных позиций: 0
2026-01-19 13:11:41,088 - coint2.pipeline.walk_forward_orchestrator - INFO -    ⚡ Утилизация лимита позиций: 5.0%
2026-01-19 13:11:41,088 - INFO - ⇠ WF-шаг 2/5 backtests — completed 88 items in 1.30s (67.5 items/s)
2026-01-19 13:11:41,088 - INFO -   ✅ Обработка завершена: 88 успешно, 0 с ошибками
2026-01-19 13:11:41,088 - INFO -   📊 Успешность: 100.0%, прибыльность: 63.6%, сделок/пара: 12.6
2026-01-19 13:11:41,088 - INFO -   ✅ Завершены бэктесты для 88 пар
2026-01-19 13:11:41,088 - INFO -   📊 Всего обработано пар в этом шаге: 88
2026-01-19 13:11:41,089 - INFO -   📈 Результаты шага: 56/88 прибыльных пар, 1113 сделок
2026-01-19 13:11:41,089 - INFO -   💰 P&L шага: $+781.49
2026-01-19 13:11:41,089 - INFO -   ⇢ Обновление капитала и дневного P&L...
2026-01-19 13:11:42,305 - INFO -   💼 Шаг P&L: $+781.49, Накопленный капитал: $10,914.61
2026-01-19 13:11:42,306 - INFO - ------------------------------------------------------------
2026-01-19 13:11:42,306 - INFO -   Walk-forward steps: 2 / 5 (40.0%) | 0.0 items/s | ETA: 328.9s
2026-01-19 13:11:42,306 - INFO - 🔍 WF-шаг 3/5: Валидация временных окон...
2026-01-19 13:11:42,306 - INFO - ⇢ WF-шаг 3/5: training 2023-09-01-2023-11-29, testing 2023-11-30-2023-12-30 — start
2026-01-19 13:11:42,306 - INFO - ⇢ loading step data — start
2026-01-19 13:11:42,533 - INFO - ⇠ loading step data — done in 0.23s
2026-01-19 13:11:44,184 - INFO - 📊 WF-шаг 3/5: Границы данных:
2026-01-19 13:11:44,184 - INFO -    Training: 2023-09-01 00:00:00 → 2023-11-29 23:45:00 (8,640 строк × 309 символов)
2026-01-19 13:11:44,184 - INFO -    Testing:  2023-11-30 00:00:00 → 2023-12-30 00:00:00 (2,881 строк × 309 символов)
2026-01-19 13:11:44,184 - INFO -    Временной разрыв: 0 days 00:15:00
2026-01-19 13:11:44,223 - INFO - ⇢ normalizing training data — start
2026-01-19 13:11:44,259 - INFO -   Символы с NaN значениями: 43
2026-01-19 13:11:44,259 - INFO -   Применяем метод нормализации: rolling_zscore
2026-01-19 13:11:44,280 - INFO - Символы с недостаточной историей: 34 из 309
2026-01-19 13:11:44,865 - INFO - Символы с NaN после нормализации: 275
2026-01-19 13:11:44,873 - INFO - Удалено 617 начальных строк с NaN от rolling расчетов
2026-01-19 13:11:44,876 - INFO - Итоговое количество символов после нормализации: 275 из 309
2026-01-19 13:11:44,876 - INFO -   Статистика нормализации:
2026-01-19 13:11:44,876 - INFO -     Исходные символы: 309
2026-01-19 13:11:44,876 - INFO -     Недостаточная история: 34
2026-01-19 13:11:44,876 - INFO -     Постоянная цена: 0
2026-01-19 13:11:44,876 - INFO -     NaN после нормализации: 275
2026-01-19 13:11:44,876 - INFO -     Итоговые символы: 275 (89.0%)
2026-01-19 13:11:44,876 - INFO -   После нормализации: 275 символов (потеряно 34)
2026-01-19 13:11:44,876 - INFO -   Отброшено много символов: 34 из 309
2026-01-19 13:11:44,876 - INFO - ⇠ normalizing training data — done in 0.65s
2026-01-19 13:11:44,878 - INFO - ⇢ SSD computation — start
2026-01-19 13:11:44,878 - INFO -   Расчет SSD для всех пар (без ограничения)
2026-01-19 13:11:49,057 - INFO -   SSD результат (все пары): 37675 пар
2026-01-19 13:11:49,057 - INFO - ⇠ SSD computation — done in 4.18s
2026-01-19 13:11:49,068 - INFO - ⇢ filtering pairs by cointegration and half-life — start
2026-01-19 13:11:49,068 - INFO - [ФИЛЬТР] Параллельная фильтрация: processes (8 workers)
⚙️  Загрузка данных за период: 2023-09-01 -> 2023-12-30
📂 Найдено 43 parquet файлов для обработки.
📊 Схема данных: Schema({'timestamp': Int64, 'open': Float64, 'high': Float64, 'low': Float64, 'close': Float64, 'volume': Float64, 'turnover': String, 'ts_ms': Int64, 'symbol': String})
✅ Загружено 3289270 записей с помощью Polars.
📊 Типы данных в pandas: timestamp       datetime64[us]
symbol                  object
close                  float64
timestamp_ms             int64
dtype: object
2026-01-19 13:13:24,204 - INFO - [ФИЛЬТР] После проверки данных: 37675 пар
2026-01-19 13:13:24,204 - INFO - [ФИЛЬТР] После фильтра корреляции (>0.45): 24830 пар
2026-01-19 13:13:24,204 - INFO - [ФИЛЬТР] После фильтра beta: 17116 пар
2026-01-19 13:13:24,204 - INFO - [ФИЛЬТР] После фильтра mean crossings: 17116 пар
2026-01-19 13:13:24,204 - INFO - [ФИЛЬТР] После фильтра half-life: 16963 пар
2026-01-19 13:13:24,204 - INFO - [ФИЛЬТР] После фильтра коинтеграции: 6633 пар
2026-01-19 13:13:24,204 - INFO - [ФИЛЬТР] После фильтра Hurst: 4428 пар
2026-01-19 13:13:24,204 - INFO - [ФИЛЬТР] После фильтра KPSS: 93 пар
2026-01-19 13:13:24,204 - INFO - [ФИЛЬТР] После фильтра market microstructure: 93 пар
2026-01-19 13:13:24,204 - INFO - [ФИЛЬТР] Статистика фильтрации (оптимизированный порядок):
2026-01-19 13:13:24,204 - INFO -   1. SSD → Коинтеграция: 37675 → 6633 пар
2026-01-19 13:13:24,204 - INFO -   2. Коинтеграция → Beta: 6633 → 17116 пар
2026-01-19 13:13:24,204 - INFO -   3. Beta → Half-life: 17116 → 16963 пар
2026-01-19 13:13:24,204 - INFO -   4. Half-life → Mean crossings: 16963 → 17116 пар
2026-01-19 13:13:24,204 - INFO -   5. Mean crossings → Hurst: 17116 → 4428 пар
2026-01-19 13:13:24,204 - INFO -   6. Hurst → KPSS: 4428 → 93 пар
2026-01-19 13:13:24,204 - INFO -   7. KPSS → Market microstructure: 93 → 93 пар
2026-01-19 13:13:24,204 - INFO - [ФИЛЬТР] Причины отсева:
2026-01-19 13:13:24,204 - INFO -   • low_correlation: 12845 пар (34.1%)
2026-01-19 13:13:24,204 - INFO -   • pvalue: 10330 пар (27.4%)
2026-01-19 13:13:24,204 - INFO -   • beta: 7714 пар (20.5%)
2026-01-19 13:13:24,204 - INFO -   • kpss: 4335 пар (11.5%)
2026-01-19 13:13:24,204 - INFO -   • hurst: 2205 пар (5.9%)
2026-01-19 13:13:24,204 - INFO -   • half_life: 153 пар (0.4%)
2026-01-19 13:13:24,204 - INFO - [ФИЛЬТР] Итого: 37675 → 93 пар (0.2% прошли все фильтры)
2026-01-19 13:13:24,255 - INFO - Причины отсева сохранены в results/filter_reasons_20260119_131324.csv
2026-01-19 13:13:24,262 - INFO -   Pair stability filter: 93 → 0 (window=3, min_steps=2, history=2)
2026-01-19 13:13:24,262 - INFO -   Фильтрация: 37675 → 0 пар
2026-01-19 13:13:24,262 - INFO - ⇠ filtering pairs by cointegration and half-life — done in 95.19s
2026-01-19 13:13:24,262 - INFO - ⇠ WF-шаг 3/5: training 2023-09-01-2023-11-29, testing 2023-11-30-2023-12-30 — done in 101.96s
2026-01-19 13:13:24,262 - INFO -   Всего пар для торговли: 0 (ограничение 15 применяется к одновременно открытым позициям)
2026-01-19 13:13:24,262 - INFO -   💰 Проверка расчета капитала: equity=$10,914.61, кандидатных_пар=0, max_позиций=15
2026-01-19 13:13:24,262 - INFO -   🎯 Target concurrency: 0 (ожидаемое одновременное число позиций)
2026-01-19 13:13:24,263 - INFO -   💼 Шаг P&L: $+0.00, Накопленный капитал: $10,914.61
2026-01-19 13:13:24,263 - INFO - ------------------------------------------------------------
2026-01-19 13:13:24,263 - INFO -   Walk-forward steps: 3 / 5 (60.0%) | 0.0 items/s | ETA: 214.1s
2026-01-19 13:13:24,263 - INFO - 🔍 WF-шаг 4/5: Валидация временных окон...
2026-01-19 13:13:24,264 - INFO - ⇢ WF-шаг 4/5: training 2023-10-01-2023-12-29, testing 2023-12-30-2024-01-29 — start
2026-01-19 13:13:24,264 - INFO - ⇢ loading step data — start
2026-01-19 13:13:24,494 - INFO - ⇠ loading step data — done in 0.23s
2026-01-19 13:13:26,435 - INFO - 📊 WF-шаг 4/5: Границы данных:
2026-01-19 13:13:26,435 - INFO -    Training: 2023-10-01 00:00:00 → 2023-12-29 23:45:00 (8,640 строк × 327 символов)
2026-01-19 13:13:26,435 - INFO -    Testing:  2023-12-30 00:00:00 → 2024-01-29 00:00:00 (2,881 строк × 327 символов)
2026-01-19 13:13:26,435 - INFO -    Временной разрыв: 0 days 00:15:00
2026-01-19 13:13:26,475 - INFO - ⇢ normalizing training data — start
2026-01-19 13:13:26,513 - INFO -   Символы с NaN значениями: 51
2026-01-19 13:13:26,513 - INFO -   Применяем метод нормализации: rolling_zscore
2026-01-19 13:13:26,535 - INFO - Символы с недостаточной историей: 49 из 327
2026-01-19 13:13:27,124 - INFO - Символы с NaN после нормализации: 278
2026-01-19 13:13:27,133 - INFO - Удалено 1473 начальных строк с NaN от rolling расчетов
2026-01-19 13:13:27,135 - INFO - Итоговое количество символов после нормализации: 278 из 327
2026-01-19 13:13:27,136 - INFO -   Статистика нормализации:
2026-01-19 13:13:27,136 - INFO -     Исходные символы: 327
2026-01-19 13:13:27,136 - INFO -     Недостаточная история: 49
2026-01-19 13:13:27,136 - INFO -     Постоянная цена: 0
2026-01-19 13:13:27,136 - INFO -     NaN после нормализации: 278
2026-01-19 13:13:27,136 - INFO -     Итоговые символы: 278 (85.0%)
2026-01-19 13:13:27,136 - INFO -   После нормализации: 278 символов (потеряно 49)
2026-01-19 13:13:27,136 - INFO -   Отброшено много символов: 49 из 327
2026-01-19 13:13:27,136 - INFO - ⇠ normalizing training data — done in 0.66s
2026-01-19 13:13:27,137 - INFO - ⇢ SSD computation — start
2026-01-19 13:13:27,137 - INFO -   Расчет SSD для всех пар (без ограничения)
2026-01-19 13:13:30,028 - INFO -   SSD результат (все пары): 38503 пар
2026-01-19 13:13:30,028 - INFO - ⇠ SSD computation — done in 2.89s
2026-01-19 13:13:30,038 - INFO - ⇢ filtering pairs by cointegration and half-life — start
2026-01-19 13:13:30,039 - INFO - [ФИЛЬТР] Параллельная фильтрация: processes (8 workers)
⚙️  Загрузка данных за период: 2023-10-01 -> 2024-01-29
📂 Найдено 43 parquet файлов для обработки.
📊 Схема данных: Schema({'timestamp': Int64, 'open': Float64, 'high': Float64, 'low': Float64, 'close': Float64, 'volume': Float64, 'turnover': String, 'ts_ms': Int64, 'symbol': String})
✅ Загружено 3416683 записей с помощью Polars.
📊 Типы данных в pandas: timestamp       datetime64[us]
symbol                  object
close                  float64
timestamp_ms             int64
dtype: object
2026-01-19 13:15:03,358 - INFO - [ФИЛЬТР] После проверки данных: 38503 пар
2026-01-19 13:15:03,358 - INFO - [ФИЛЬТР] После фильтра корреляции (>0.45): 30680 пар
2026-01-19 13:15:03,358 - INFO - [ФИЛЬТР] После фильтра beta: 20718 пар
2026-01-19 13:15:03,358 - INFO - [ФИЛЬТР] После фильтра mean crossings: 20718 пар
2026-01-19 13:15:03,358 - INFO - [ФИЛЬТР] После фильтра half-life: 20493 пар
2026-01-19 13:15:03,358 - INFO - [ФИЛЬТР] После фильтра коинтеграции: 5671 пар
2026-01-19 13:15:03,358 - INFO - [ФИЛЬТР] После фильтра Hurst: 3377 пар
2026-01-19 13:15:03,358 - INFO - [ФИЛЬТР] После фильтра KPSS: 77 пар
2026-01-19 13:15:03,358 - INFO - [ФИЛЬТР] После фильтра market microstructure: 77 пар
2026-01-19 13:15:03,358 - INFO - [ФИЛЬТР] Статистика фильтрации (оптимизированный порядок):
2026-01-19 13:15:03,358 - INFO -   1. SSD → Коинтеграция: 38503 → 5671 пар
2026-01-19 13:15:03,358 - INFO -   2. Коинтеграция → Beta: 5671 → 20718 пар
2026-01-19 13:15:03,358 - INFO -   3. Beta → Half-life: 20718 → 20493 пар
2026-01-19 13:15:03,358 - INFO -   4. Half-life → Mean crossings: 20493 → 20718 пар
2026-01-19 13:15:03,358 - INFO -   5. Mean crossings → Hurst: 20718 → 3377 пар
2026-01-19 13:15:03,358 - INFO -   6. Hurst → KPSS: 3377 → 77 пар
2026-01-19 13:15:03,359 - INFO -   7. KPSS → Market microstructure: 77 → 77 пар
2026-01-19 13:15:03,359 - INFO - [ФИЛЬТР] Причины отсева:
2026-01-19 13:15:03,359 - INFO -   • pvalue: 14822 пар (38.5%)
2026-01-19 13:15:03,359 - INFO -   • beta: 9962 пар (25.9%)
2026-01-19 13:15:03,359 - INFO -   • low_correlation: 7823 пар (20.3%)
2026-01-19 13:15:03,359 - INFO -   • kpss: 3300 пар (8.6%)
2026-01-19 13:15:03,359 - INFO -   • hurst: 2294 пар (6.0%)
2026-01-19 13:15:03,359 - INFO -   • half_life: 225 пар (0.6%)
2026-01-19 13:15:03,359 - INFO - [ФИЛЬТР] Итого: 38503 → 77 пар (0.2% прошли все фильтры)
2026-01-19 13:15:03,417 - INFO - Причины отсева сохранены в results/filter_reasons_20260119_131503.csv
2026-01-19 13:15:03,424 - INFO -   Pair stability filter: 77 → 0 (window=3, min_steps=2, history=3)
2026-01-19 13:15:03,424 - INFO -   Фильтрация: 38503 → 0 пар
2026-01-19 13:15:03,424 - INFO - ⇠ filtering pairs by cointegration and half-life — done in 93.39s
2026-01-19 13:15:03,424 - INFO - ⇠ WF-шаг 4/5: training 2023-10-01-2023-12-29, testing 2023-12-30-2024-01-29 — done in 99.16s
2026-01-19 13:15:03,424 - INFO -   Всего пар для торговли: 0 (ограничение 15 применяется к одновременно открытым позициям)
2026-01-19 13:15:03,425 - INFO -   💰 Проверка расчета капитала: equity=$10,914.61, кандидатных_пар=0, max_позиций=15
2026-01-19 13:15:03,425 - INFO -   🎯 Target concurrency: 0 (ожидаемое одновременное число позиций)
2026-01-19 13:15:03,425 - INFO -   💼 Шаг P&L: $+0.00, Накопленный капитал: $10,914.61
2026-01-19 13:15:03,425 - INFO - ------------------------------------------------------------
2026-01-19 13:15:03,425 - INFO -   Walk-forward steps: 4 / 5 (80.0%) | 0.0 items/s | ETA: 105.1s
2026-01-19 13:15:03,425 - INFO - 🔍 WF-шаг 5/5: Валидация временных окон...
2026-01-19 13:15:03,426 - INFO - ⇢ WF-шаг 5/5: training 2023-10-31-2024-01-28, testing 2024-01-29-2024-02-28 — start
2026-01-19 13:15:03,426 - INFO - ⇢ loading step data — start
2026-01-19 13:15:03,645 - INFO - ⇠ loading step data — done in 0.22s
2026-01-19 13:15:05,511 - INFO - 📊 WF-шаг 5/5: Границы данных:
2026-01-19 13:15:05,511 - INFO -    Training: 2023-10-31 00:00:00 → 2024-01-28 23:45:00 (8,640 строк × 344 символов)
2026-01-19 13:15:05,511 - INFO -    Testing:  2024-01-29 00:00:00 → 2024-02-28 00:00:00 (2,881 строк × 344 символов)
2026-01-19 13:15:05,511 - INFO -    Временной разрыв: 0 days 00:15:00
2026-01-19 13:15:05,554 - INFO - ⇢ normalizing training data — start
2026-01-19 13:15:05,596 - INFO -   Символы с NaN значениями: 62
2026-01-19 13:15:05,596 - INFO -   Применяем метод нормализации: rolling_zscore
2026-01-19 13:15:05,618 - INFO - Символы с недостаточной историей: 56 из 344
2026-01-19 13:15:06,225 - INFO - Символы с NaN после нормализации: 288
2026-01-19 13:15:06,234 - INFO - Удалено 1385 начальных строк с NaN от rolling расчетов
2026-01-19 13:15:06,236 - INFO - Итоговое количество символов после нормализации: 288 из 344
2026-01-19 13:15:06,237 - INFO -   Статистика нормализации:
2026-01-19 13:15:06,237 - INFO -     Исходные символы: 344
2026-01-19 13:15:06,237 - INFO -     Недостаточная история: 56
2026-01-19 13:15:06,237 - INFO -     Постоянная цена: 0
2026-01-19 13:15:06,237 - INFO -     NaN после нормализации: 288
2026-01-19 13:15:06,237 - INFO -     Итоговые символы: 288 (83.7%)
2026-01-19 13:15:06,237 - INFO -   После нормализации: 288 символов (потеряно 56)
2026-01-19 13:15:06,237 - INFO -   Отброшено много символов: 56 из 344
2026-01-19 13:15:06,237 - INFO - ⇠ normalizing training data — done in 0.68s
2026-01-19 13:15:06,238 - INFO - ⇢ SSD computation — start
2026-01-19 13:15:06,238 - INFO -   Расчет SSD для всех пар (без ограничения)
2026-01-19 13:15:09,414 - INFO -   SSD результат (все пары): 41328 пар
2026-01-19 13:15:09,414 - INFO - ⇠ SSD computation — done in 3.18s
2026-01-19 13:15:09,425 - INFO - ⇢ filtering pairs by cointegration and half-life — start
2026-01-19 13:15:09,426 - INFO - [ФИЛЬТР] Параллельная фильтрация: processes (8 workers)
⚙️  Загрузка данных за период: 2023-10-31 -> 2024-02-28
📂 Найдено 43 parquet файлов для обработки.
📊 Схема данных: Schema({'timestamp': Int64, 'open': Float64, 'high': Float64, 'low': Float64, 'close': Float64, 'volume': Float64, 'turnover': String, 'ts_ms': Int64, 'symbol': String})
✅ Загружено 3584338 записей с помощью Polars.
📊 Типы данных в pandas: timestamp       datetime64[us]
symbol                  object
close                  float64
timestamp_ms             int64
dtype: object
2026-01-19 13:16:40,032 - INFO - [ФИЛЬТР] После проверки данных: 41328 пар
2026-01-19 13:16:40,032 - INFO - [ФИЛЬТР] После фильтра корреляции (>0.45): 20753 пар
2026-01-19 13:16:40,032 - INFO - [ФИЛЬТР] После фильтра beta: 14103 пар
2026-01-19 13:16:40,032 - INFO - [ФИЛЬТР] После фильтра mean crossings: 14103 пар
2026-01-19 13:16:40,032 - INFO - [ФИЛЬТР] После фильтра half-life: 14061 пар
2026-01-19 13:16:40,032 - INFO - [ФИЛЬТР] После фильтра коинтеграции: 5787 пар
2026-01-19 13:16:40,032 - INFO - [ФИЛЬТР] После фильтра Hurst: 4197 пар
2026-01-19 13:16:40,032 - INFO - [ФИЛЬТР] После фильтра KPSS: 111 пар
2026-01-19 13:16:40,032 - INFO - [ФИЛЬТР] После фильтра market microstructure: 111 пар
2026-01-19 13:16:40,032 - INFO - [ФИЛЬТР] Статистика фильтрации (оптимизированный порядок):
2026-01-19 13:16:40,032 - INFO -   1. SSD → Коинтеграция: 41328 → 5787 пар
2026-01-19 13:16:40,032 - INFO -   2. Коинтеграция → Beta: 5787 → 14103 пар
2026-01-19 13:16:40,032 - INFO -   3. Beta → Half-life: 14103 → 14061 пар
2026-01-19 13:16:40,032 - INFO -   4. Half-life → Mean crossings: 14061 → 14103 пар
2026-01-19 13:16:40,032 - INFO -   5. Mean crossings → Hurst: 14103 → 4197 пар
2026-01-19 13:16:40,032 - INFO -   6. Hurst → KPSS: 4197 → 111 пар
2026-01-19 13:16:40,032 - INFO -   7. KPSS → Market microstructure: 111 → 111 пар
2026-01-19 13:16:40,032 - INFO - [ФИЛЬТР] Причины отсева:
2026-01-19 13:16:40,032 - INFO -   • low_correlation: 20575 пар (49.8%)
2026-01-19 13:16:40,032 - INFO -   • pvalue: 8274 пар (20.0%)
2026-01-19 13:16:40,032 - INFO -   • beta: 6650 пар (16.1%)
2026-01-19 13:16:40,032 - INFO -   • kpss: 4086 пар (9.9%)
2026-01-19 13:16:40,032 - INFO -   • hurst: 1590 пар (3.8%)
2026-01-19 13:16:40,032 - INFO -   • half_life: 42 пар (0.1%)
2026-01-19 13:16:40,032 - INFO - [ФИЛЬТР] Итого: 41328 → 111 пар (0.3% прошли все фильтры)
2026-01-19 13:16:40,093 - INFO - Причины отсева сохранены в results/filter_reasons_20260119_131640.csv
2026-01-19 13:16:40,099 - INFO -   Pair stability filter: 111 → 0 (window=3, min_steps=2, history=4)
2026-01-19 13:16:40,099 - INFO -   Фильтрация: 41328 → 0 пар
2026-01-19 13:16:40,099 - INFO - ⇠ filtering pairs by cointegration and half-life — done in 90.67s
2026-01-19 13:16:40,099 - INFO - ⇠ WF-шаг 5/5: training 2023-10-31-2024-01-28, testing 2024-01-29-2024-02-28 — done in 96.67s
2026-01-19 13:16:40,099 - INFO -   Всего пар для торговли: 0 (ограничение 15 применяется к одновременно открытым позициям)
2026-01-19 13:16:40,100 - INFO -   💰 Проверка расчета капитала: equity=$10,914.61, кандидатных_пар=0, max_позиций=15
2026-01-19 13:16:40,100 - INFO -   🎯 Target concurrency: 0 (ожидаемое одновременное число позиций)
2026-01-19 13:16:40,100 - INFO -   💼 Шаг P&L: $+0.00, Накопленный капитал: $10,914.61
2026-01-19 13:16:40,101 - INFO - ------------------------------------------------------------
2026-01-19 13:16:40,101 - INFO -   Walk-forward steps: 5 / 5 (100.0%) | 0.0 items/s | ETA: 0.0s
2026-01-19 13:16:40,101 - INFO - ⇠ Walk-forward steps — completed 5 items in 517.04s (0.0 items/s)
2026-01-19 13:16:40,101 - INFO - ================================================================================
2026-01-19 13:16:40,101 - INFO - 🏁 Walk-forward анализ завершен!
2026-01-19 13:16:40,101 - INFO - ⏱️ Обработано 5 шагов за 300.3 секунд
2026-01-19 13:16:40,101 - INFO - 📊 Всего обработано пар за весь анализ: 179
2026-01-19 13:16:40,101 - INFO - 💰 Финальный капитал: $10,914.61 (было $10,000.00)
2026-01-19 13:16:40,101 - INFO - 📈 Общая доходность: +9.15% ($+914.61)
2026-01-19 13:16:40,101 - INFO - 📊 Всего сделок: 0
2026-01-19 13:16:40,101 - INFO - ================================================================================
2026-01-19 13:16:40,101 - INFO - ✓ Завершены все 5 WF-шагов
2026-01-19 13:16:40,101 - INFO - ⇢ Обработка финальных результатов и расчет метрик...
2026-01-19 13:16:40,101 - INFO - ⇢ processing final results — start
2026-01-19 13:16:40,102 - INFO -   ⇢ Агрегация данных P&L за 5762 торговых дней
2026-01-19 13:16:40,117 - INFO -   ⇢ Расчет базовых метрик производительности...
2026-01-19 13:16:40,117 - INFO -     📊 Данные для анализа: 5762 записей P&L, 5761 точек equity
2026-01-19 13:16:40,119 - INFO -   ⇢ Расчет расширенных метрик (волатильность, Calmar ratio, и др.)...
2026-01-19 13:16:40,120 - INFO -   ✅ Расширенные метрики рассчитаны: 6 показателей
2026-01-19 13:16:40,120 - INFO -   ⇢ Анализ статистики по 179 парам...
2026-01-19 13:16:40,122 - INFO - ✅ Рассчитаны метрики производительности (19 показателей)
2026-01-19 13:16:40,122 - INFO -   💰 Общий P&L: $+914.61
2026-01-19 13:16:40,122 - INFO -   📊 Sharpe Ratio: 5.247
2026-01-19 13:16:40,123 - INFO -   📉 Максимальная просадка: -20141.19%
2026-01-19 13:16:40,123 - INFO -   🔄 Всего сделок: 2622
2026-01-19 13:16:40,123 - INFO -   📈 Торгуемых пар: 177
2026-01-19 13:16:40,123 - INFO -   💸 Общие издержки: $126.71
2026-01-19 13:16:40,123 - coint2.metrics - INFO - Metric: total_pnl
2026-01-19 13:16:40,124 - coint2.metrics - INFO - Metric: sharpe_ratio_abs
2026-01-19 13:16:40,124 - coint2.metrics - INFO - Metric: max_drawdown_pct
2026-01-19 13:16:40,124 - coint2.metrics - INFO - Metric: total_trades
2026-01-19 13:16:40,124 - coint2.metrics - INFO - Metric: total_pairs_traded
2026-01-19 13:16:40,124 - coint2.metrics - INFO - Metric: total_costs
2026-01-19 13:16:40,124 - INFO - ⇠ processing final results — done in 0.02s
2026-01-19 13:16:40,125 - INFO - ⇢ Создание отчетов и сохранение результатов...
2026-01-19 13:16:40,125 - INFO - ⇢ generating reports — start
2026-01-19 13:16:40,125 - INFO -   ⇢ Создание отчета о производительности...
2026-01-19 13:16:45,249 - INFO -   ✓ Отчет о производительности создан
2026-01-19 13:16:45,250 - INFO -   ⇢ Сохранение данных в CSV файлы...
2026-01-19 13:16:45,251 - INFO - 📋 Метрики сохранены: artifacts/wfa/runs/20260119_stability_relaxed7/stability_relaxed7_20260119_pv0p12_hurst0p7_hl0p02_60_corr0p45_ssd50000_kpss0p05_w3m2_t90/strategy_metrics.csv
2026-01-19 13:16:45,252 - INFO - 📈 Дневные P&L сохранены: artifacts/wfa/runs/20260119_stability_relaxed7/stability_relaxed7_20260119_pv0p12_hurst0p7_hl0p02_60_corr0p45_ssd50000_kpss0p05_w3m2_t90/daily_pnl.csv (61 записей)
2026-01-19 13:16:45,273 - INFO - 💹 Кривая капитала сохранена: artifacts/wfa/runs/20260119_stability_relaxed7/stability_relaxed7_20260119_pv0p12_hurst0p7_hl0p02_60_corr0p45_ssd50000_kpss0p05_w3m2_t90/equity_curve.csv (5761 точек)
2026-01-19 13:16:45,277 - INFO - 📋 Статистика сделок сохранена: artifacts/wfa/runs/20260119_stability_relaxed7/stability_relaxed7_20260119_pv0p12_hurst0p7_hl0p02_60_corr0p45_ssd50000_kpss0p05_w3m2_t90/trade_statistics.csv (179 записей)
2026-01-19 13:16:45,277 - INFO - 🎉 Walk-Forward анализ полностью завершен!
2026-01-19 13:16:45,277 - INFO - 📊 Все отчеты и данные сохранены в: artifacts/wfa/runs/20260119_stability_relaxed7/stability_relaxed7_20260119_pv0p12_hurst0p7_hl0p02_60_corr0p45_ssd50000_kpss0p05_w3m2_t90
2026-01-19 13:16:45,277 - INFO - 💼 Итоговый капитал: $10,914.61
2026-01-19 13:16:45,277 - INFO - ⏱️  Общее время выполнения: 305.5 секунд
2026-01-19 13:16:45,277 - INFO - ⇠ generating reports — done in 5.15s
2026-01-19 13:16:45,278 - coint2.core.memory_optimization - INFO - 🧹 Cleaning up global price data
2026-01-19 13:16:45,281 - coint2.core.memory_optimization - INFO - 📊 No global rolling stats to clean up
2026-01-19 13:16:45,281 - INFO - 🧹 Memory-mapped data cleaned up
2026-01-19 13:16:45,282 - INFO - ⇠ run_walk_forward_analysis — done in 530.08s
📊 Отчет сохранен: artifacts/wfa/runs/20260119_stability_relaxed7/stability_relaxed7_20260119_pv0p12_hurst0p7_hl0p02_60_corr0p45_ssd50000_kpss0p05_w3m2_t90/CointegrationStrategy_performance_report.png
🎯 ============================================================
📊 ИТОГИ ТОРГОВОЙ СТРАТЕГИИ
🎯 ============================================================

💰 ФИНАНСОВЫЕ РЕЗУЛЬТАТЫ:
   • Общий P&L:                          915
   • Максимальная просадка:             -201
   • Средний дневной P&L:                 15

📈 МЕТРИКИ РИСКА:
   • Коэффициент Шарпа:               5.2468
   • Волатильность P&L:                52.38
   • Процент прибыльных дней:         62.30%

🔄 ТОРГОВАЯ АКТИВНОСТЬ:
   • Всего торговых дней:                 61
   • Всего сделок:                     2,622
   • Торгуемых пар:                      177
   • Сделок на пару:                    14.6
   • Успешность сделок:               0.27%

💸 РАСХОДЫ И ЭКСТРЕМУМЫ:
   • Общие расходы:                      127
   • Максимальная прибыль:               347
   • Максимальный убыток:                -47
   • Лучшая пара (P&L):                   98
   • Худшая пара (P&L):                  -51

📊 ОЦЕНКА СТРАТЕГИИ:
   ✅ ОТЛИЧНАЯ стратегия! Высокий Шарп и положительный результат

🎯 ============================================================

Annualized Sharpe Ratio: 5.246807482398093
[run_wfa_fullcpu] end: 2026-01-19T13:16:46Z
