[run_wfa_queue] 2026-01-19T12:24:34Z cmd: /opt/coint4/coint4/run_wfa_fullcpu.sh configs/stability_20260119_relaxed6/stability_relaxed6_20260119_pv0p12_hurst0p7_hl0p02_60_corr0p45_ssd50000_kpss0p05_w3m2.yaml artifacts/wfa/runs/20260119_stability_relaxed6/stability_relaxed6_20260119_pv0p12_hurst0p7_hl0p02_60_corr0p45_ssd50000_kpss0p05_w3m2
[run_wfa_fullcpu] start: 2026-01-19T12:24:34Z
[run_wfa_fullcpu] os.cpu_count: 8
[run_wfa_fullcpu] worker_pid=1121
2026-01-19 12:24:37,798 - coint2.core.memory_optimization - INFO - ✅ BLAS threading limits set to 1 via threadpoolctl
2026-01-19 12:24:37,798 - coint2.core.memory_optimization - INFO - 🔧 Controlled libraries: openblas, openmp
2026-01-19 12:24:37,799 - coint2.core.memory_optimization - INFO - 🧵 Process threads: 2 → 2
2026-01-19 12:24:37,799 - coint2.core.memory_optimization - INFO - 📝 Set 11 environment variables
2026-01-19 12:24:38,201 - INFO - ✅ Параметры конфигурации валидны
2026-01-19 12:24:38,201 - INFO - 📝 Некоторые параметры были скорректированы:
2026-01-19 12:24:38,202 - INFO - 🧭 WFA: динамический отбор пар на каждом шаге
2026-01-19 12:24:38,202 - INFO -   Шаг 1: тренировка 2023-08-02-2023-09-30, тест 2023-10-01-2023-10-31
2026-01-19 12:24:38,202 - INFO -   Шаг 2: тренировка 2023-09-01-2023-10-30, тест 2023-10-31-2023-11-30
2026-01-19 12:24:38,202 - INFO -   Шаг 3: тренировка 2023-10-01-2023-11-29, тест 2023-11-30-2023-12-30
2026-01-19 12:24:38,202 - INFO -   Шаг 4: тренировка 2023-10-31-2023-12-29, тест 2023-12-30-2024-01-29
2026-01-19 12:24:38,202 - INFO -   Шаг 5: тренировка 2023-11-30-2024-01-28, тест 2024-01-29-2024-02-28
2026-01-19 12:24:38,202 - INFO -   Шаг 6: тренировка 2023-12-30-2024-02-27, тест 2024-02-28-2024-03-29
2026-01-19 12:24:38,202 - INFO -   Шаг 7: тренировка 2024-01-29-2024-03-28, тест 2024-03-29-2024-04-28
2026-01-19 12:24:38,202 - INFO -   Шаг 8: тренировка 2024-02-28-2024-04-27, тест 2024-04-28-2024-05-28
2026-01-19 12:24:38,202 - INFO - 📈 Запланировано 8 walk-forward шагов
2026-01-19 12:24:38,202 - INFO - ⛔ Ограничение WFA шагов: 8 → 5
2026-01-19 12:24:38,202 - WARNING - ⚠️ Маленький буфер между training и testing в шаге 1: 0 дней. Рекомендуется минимум 1 день.
2026-01-19 12:24:38,202 - WARNING - ⚠️ Маленький буфер между training и testing в шаге 2: 0 дней. Рекомендуется минимум 1 день.
2026-01-19 12:24:38,202 - WARNING - ⚠️ Маленький буфер между training и testing в шаге 3: 0 дней. Рекомендуется минимум 1 день.
2026-01-19 12:24:38,202 - WARNING - ⚠️ Маленький буфер между training и testing в шаге 4: 0 дней. Рекомендуется минимум 1 день.
2026-01-19 12:24:38,202 - WARNING - ⚠️ Маленький буфер между training и testing в шаге 5: 0 дней. Рекомендуется минимум 1 день.
2026-01-19 12:24:38,202 - INFO - ✅ Шаги успешно запланированы:
2026-01-19 12:24:38,202 - INFO -    Шаг 1: тренировка 2023-08-02-2023-09-30, тест 2023-10-01-2023-10-31
2026-01-19 12:24:38,203 - INFO -    Шаг 2: тренировка 2023-09-01-2023-10-30, тест 2023-10-31-2023-11-30
2026-01-19 12:24:38,203 - INFO -    Шаг 3: тренировка 2023-10-01-2023-11-29, тест 2023-11-30-2023-12-30
2026-01-19 12:24:38,203 - INFO -    Шаг 4: тренировка 2023-10-31-2023-12-29, тест 2023-12-30-2024-01-29
2026-01-19 12:24:38,203 - INFO -    Шаг 5: тренировка 2023-11-30-2024-01-28, тест 2024-01-29-2024-02-28
2026-01-19 12:24:38,203 - INFO - 🗂️ Consolidating price data for memory-mapped access...
2026-01-19 12:24:38,203 - INFO - 📊 Consolidating data range: 2023-07-28 → 2024-03-04
2026-01-19 12:24:38,203 - coint2.core.memory_optimization - INFO - 🔄 Consolidating price data from data_downloaded to .cache/consolidated_prices.parquet
2026-01-19 12:24:38,203 - INFO - ⇢ loading raw data for consolidation — start
2026-01-19 12:24:39,544 - INFO - ⇠ loading raw data for consolidation — done in 1.34s
2026-01-19 12:24:39,544 - INFO - ⇢ pivoting data to wide format — start
2026-01-19 12:24:44,488 - INFO - ⇠ pivoting data to wide format — done in 4.94s
2026-01-19 12:24:44,529 - coint2.core.memory_optimization - INFO - 📊 Consolidated data: 21121 rows × 346 symbols
2026-01-19 12:24:44,530 - coint2.core.memory_optimization - INFO - 💾 Memory usage: 29.4 MB
2026-01-19 12:24:44,530 - INFO - ⇢ writing consolidated Parquet file — start
2026-01-19 12:24:44,752 - INFO - ⇠ writing consolidated Parquet file — done in 0.22s
2026-01-19 12:24:44,753 - coint2.core.memory_optimization - INFO - ✅ Successfully consolidated data to .cache/consolidated_prices.parquet
2026-01-19 12:24:44,777 - coint2.core.memory_optimization - INFO - 🔄 Initializing memory-mapped price data from .cache/consolidated_prices.parquet
2026-01-19 12:24:44,778 - INFO - ⇢ loading memory-mapped data — start
2026-01-19 12:24:44,778 - coint2.core.memory_optimization - WARNING - ⚠️ memory_map не поддерживается в текущей версии pyarrow, fallback без mmap
2026-01-19 12:24:44,916 - INFO - ⇠ loading memory-mapped data — done in 0.14s
2026-01-19 12:24:44,924 - coint2.core.memory_optimization - INFO - 📊 Loaded 21121 rows × 346 symbols
2026-01-19 12:24:44,925 - coint2.core.memory_optimization - INFO - 💾 Memory usage: 29.4 MB (memory-mapped)
2026-01-19 12:24:44,926 - INFO - ✅ Memory-mapped data initialized successfully
2026-01-19 12:24:44,927 - INFO - ⇢ Walk-forward steps — starting 5 items
2026-01-19 12:24:44,928 - INFO - 📈 Инициализация equity кривой с первой тестовой даты: 2023-10-01 00:00:00
2026-01-19 12:24:44,928 - INFO - 🔍 WF-шаг 1/5: Валидация временных окон...
2026-01-19 12:24:44,928 - INFO - ⇢ WF-шаг 1/5: training 2023-08-02-2023-09-30, testing 2023-10-01-2023-10-31 — start
2026-01-19 12:24:44,928 - INFO - ⇢ loading step data — start
2026-01-19 12:24:45,075 - INFO - ⇠ loading step data — done in 0.15s
2026-01-19 12:24:46,425 - INFO - 📊 WF-шаг 1/5: Границы данных:
2026-01-19 12:24:46,425 - INFO -    Training: 2023-08-02 00:00:00 → 2023-09-30 23:45:00 (5,760 строк × 282 символов)
2026-01-19 12:24:46,425 - INFO -    Testing:  2023-10-01 00:00:00 → 2023-10-31 00:00:00 (2,881 строк × 282 символов)
2026-01-19 12:24:46,425 - INFO -    Временной разрыв: 0 days 00:15:00
2026-01-19 12:24:46,462 - INFO - ⇢ normalizing training data — start
2026-01-19 12:24:46,494 - INFO -   Символы с NaN значениями: 20
2026-01-19 12:24:46,494 - INFO -   Применяем метод нормализации: rolling_zscore
2026-01-19 12:24:46,508 - INFO - Символы с недостаточной историей: 20 из 282
2026-01-19 12:24:46,870 - INFO - Символы с NaN после нормализации: 262
2026-01-19 12:24:46,877 - INFO - Удалено 1 начальных строк с NaN от rolling расчетов
2026-01-19 12:24:46,879 - INFO - Итоговое количество символов после нормализации: 262 из 282
2026-01-19 12:24:46,879 - INFO -   Статистика нормализации:
2026-01-19 12:24:46,879 - INFO -     Исходные символы: 282
2026-01-19 12:24:46,879 - INFO -     Недостаточная история: 20
2026-01-19 12:24:46,880 - INFO -     Постоянная цена: 0
2026-01-19 12:24:46,880 - INFO -     NaN после нормализации: 262
2026-01-19 12:24:46,880 - INFO -     Итоговые символы: 262 (92.9%)
2026-01-19 12:24:46,880 - INFO -   После нормализации: 262 символов (потеряно 20)
2026-01-19 12:24:46,880 - INFO -   Отброшенные символы: ADAEUR, BEAMUSDT, BTCEUR, CYBERUSDT, DOGEEUR, ETHEUR, FETUSDT, JEFFUSDT, KASUSDT, KAVAUSDT, LTCEUR, ORDIUSDT, POLUSDT, PPTUSDT, PYUSDUSDT, SEIUSDT, SOLEUR, USDCEUR, XRPEUR, ZTXUSDT
2026-01-19 12:24:46,880 - INFO - ⇠ normalizing training data — done in 0.42s
2026-01-19 12:24:46,880 - INFO - ⇢ SSD computation — start
2026-01-19 12:24:46,880 - INFO -   Расчет SSD для всех пар (без ограничения)
2026-01-19 12:24:52,054 - INFO -   SSD результат (все пары): 34191 пар
2026-01-19 12:24:52,054 - INFO - ⇠ SSD computation — done in 5.17s
2026-01-19 12:24:52,063 - INFO - ⇢ filtering pairs by cointegration and half-life — start
2026-01-19 12:24:52,063 - INFO - [ФИЛЬТР] Параллельная фильтрация: processes (8 workers)
⚙️  Загрузка данных за период: 2023-07-28 -> 2024-03-04
📂 Найдено 43 parquet файлов для обработки.
📊 Схема данных: Schema({'timestamp': Int64, 'open': Float64, 'high': Float64, 'low': Float64, 'close': Float64, 'volume': Float64, 'turnover': String, 'ts_ms': Int64, 'symbol': String})
✅ Загружено 6226682 записей с помощью Polars.
📊 Типы данных в pandas: timestamp       datetime64[us]
symbol                  object
close                  float64
timestamp_ms             int64
dtype: object
⚙️  Загрузка данных за период: 2023-08-02 -> 2023-10-31
📂 Найдено 43 parquet файлов для обработки.
📊 Схема данных: Schema({'timestamp': Int64, 'open': Float64, 'high': Float64, 'low': Float64, 'close': Float64, 'volume': Float64, 'turnover': String, 'ts_ms': Int64, 'symbol': String})
✅ Загружено 2351056 записей с помощью Polars.
📊 Типы данных в pandas: timestamp       datetime64[us]
symbol                  object
close                  float64
timestamp_ms             int64
dtype: object
2026-01-19 12:26:15,162 - INFO - [ФИЛЬТР] После проверки данных: 34191 пар
2026-01-19 12:26:15,162 - INFO - [ФИЛЬТР] После фильтра корреляции (>0.45): 24243 пар
2026-01-19 12:26:15,162 - INFO - [ФИЛЬТР] После фильтра beta: 16020 пар
2026-01-19 12:26:15,162 - INFO - [ФИЛЬТР] После фильтра mean crossings: 16020 пар
2026-01-19 12:26:15,162 - INFO - [ФИЛЬТР] После фильтра half-life: 15921 пар
2026-01-19 12:26:15,162 - INFO - [ФИЛЬТР] После фильтра коинтеграции: 7780 пар
2026-01-19 12:26:15,162 - INFO - [ФИЛЬТР] После фильтра Hurst: 5918 пар
2026-01-19 12:26:15,162 - INFO - [ФИЛЬТР] После фильтра KPSS: 212 пар
2026-01-19 12:26:15,163 - INFO - [ФИЛЬТР] После фильтра market microstructure: 212 пар
2026-01-19 12:26:15,163 - INFO - [ФИЛЬТР] Статистика фильтрации (оптимизированный порядок):
2026-01-19 12:26:15,163 - INFO -   1. SSD → Коинтеграция: 34191 → 7780 пар
2026-01-19 12:26:15,163 - INFO -   2. Коинтеграция → Beta: 7780 → 16020 пар
2026-01-19 12:26:15,163 - INFO -   3. Beta → Half-life: 16020 → 15921 пар
2026-01-19 12:26:15,163 - INFO -   4. Half-life → Mean crossings: 15921 → 16020 пар
2026-01-19 12:26:15,163 - INFO -   5. Mean crossings → Hurst: 16020 → 5918 пар
2026-01-19 12:26:15,163 - INFO -   6. Hurst → KPSS: 5918 → 212 пар
2026-01-19 12:26:15,163 - INFO -   7. KPSS → Market microstructure: 212 → 212 пар
2026-01-19 12:26:15,163 - INFO - [ФИЛЬТР] Причины отсева:
2026-01-19 12:26:15,163 - INFO -   • low_correlation: 9948 пар (29.1%)
2026-01-19 12:26:15,163 - INFO -   • beta: 8223 пар (24.1%)
2026-01-19 12:26:15,163 - INFO -   • pvalue: 8141 пар (23.8%)
2026-01-19 12:26:15,163 - INFO -   • kpss: 5706 пар (16.7%)
2026-01-19 12:26:15,163 - INFO -   • hurst: 1862 пар (5.4%)
2026-01-19 12:26:15,163 - INFO -   • half_life: 99 пар (0.3%)
2026-01-19 12:26:15,163 - INFO - [ФИЛЬТР] Итого: 34191 → 212 пар (0.6% прошли все фильтры)
2026-01-19 12:26:15,211 - INFO - Причины отсева сохранены в results/filter_reasons_20260119_122615.csv
2026-01-19 12:26:15,216 - INFO -   Pair stability filter: insufficient history (0 < 2), skip
2026-01-19 12:26:15,216 - INFO -   Фильтрация: 34191 → 212 пар
2026-01-19 12:26:15,216 - INFO - ⇠ filtering pairs by cointegration and half-life — done in 83.15s
2026-01-19 12:26:15,216 - INFO - ⇠ WF-шаг 1/5: training 2023-08-02-2023-09-30, testing 2023-10-01-2023-10-31 — done in 90.29s
2026-01-19 12:26:15,217 - INFO -   Топ-3 пары по волатильности спреда:
2026-01-19 12:26:15,217 - INFO -     1. COMPUSDT-GMXUSDT: beta=1.0239, std=2.0031
2026-01-19 12:26:15,217 - INFO -     2. RPLUSDT-SDUSDT: beta=30.8270, std=0.8719
2026-01-19 12:26:15,217 - INFO -     3. EGLDUSDT-UNIUSDT: beta=3.4294, std=0.6939
2026-01-19 12:26:15,217 - INFO -   Всего пар для торговли: 212 (ограничение 15 применяется к одновременно открытым позициям)
2026-01-19 12:26:15,217 - INFO -   💰 Проверка расчета капитала: equity=$10,000.00, кандидатных_пар=212, max_позиций=15
2026-01-19 12:26:15,217 - INFO -   🎯 Target concurrency: 15 (ожидаемое одновременное число позиций)
2026-01-19 12:26:15,217 - INFO -   📊 Детали расчета капитала:
2026-01-19 12:26:15,217 - INFO -      • Базовый капитал на пару: $666.67 (equity / target_concurrency)
2026-01-19 12:26:15,217 - INFO -      • Риск-капитал: $150.00 (1.5% от equity)
2026-01-19 12:26:15,217 - INFO -      • Макс. размер позиции: $200.00 (2.0% от equity)
2026-01-19 12:26:15,217 - INFO -      • Итоговый капитал на пару: $150.00
2026-01-19 12:26:15,218 - INFO - ⇢ WF-шаг 1/5 backtests — starting 212 items
2026-01-19 12:26:15,218 - INFO - 🚀 WF-шаг 1/5: Начинаем бэктесты для 212 пар...
2026-01-19 12:26:15,218 - INFO - 🚀 WF-шаг 1/5: Запускаем параллельную обработку 212 пар на 8 ядрах...
2026-01-19 12:26:15,218 - INFO -   📊 Большой набор пар (212), ожидаемое время: ~8 мин
2026-01-19 12:26:15,218 - INFO -   🔄 Прогресс будет отображаться каждые 21 пар
2026-01-19 12:26:15,218 - INFO - 🚀 WF-шаг 1/5: Режим параллельности: процессы
2026-01-19 12:26:15,266 - coint2.engine.numba_engine - INFO - Запуск Numba-оптимизированного бэктеста для COMPUSDT-GMXUSDT
2026-01-19 12:26:15,282 - coint2.engine.numba_engine - INFO - Запуск Numba-оптимизированного бэктеста для RPLUSDT-SDUSDT
2026-01-19 12:26:15,300 - coint2.engine.numba_engine - INFO - Запуск Numba-оптимизированного бэктеста для EGLDUSDT-UNIUSDT
2026-01-19 12:26:15,316 - coint2.engine.numba_engine - INFO - Запуск Numba-оптимизированного бэктеста для TIMEUSDT-ZENUSDT
2026-01-19 12:26:15,335 - coint2.engine.numba_engine - INFO - Запуск Numba-оптимизированного бэктеста для TIMEUSDT-WAVESUSDT
2026-01-19 12:26:15,348 - coint2.engine.numba_engine - INFO - Запуск Numba-оптимизированного бэктеста для ETCUSDT-XRPUSDT
2026-01-19 12:26:15,350 - coint2.engine.numba_engine - INFO - Запуск Numba-оптимизированного бэктеста для TIMEUSDT-UMAUSDT
2026-01-19 12:26:15,365 - coint2.engine.numba_engine - INFO - Запуск Numba-оптимизированного бэктеста для ETCUSDT-XRPUSDC
2026-01-19 12:26:15,371 - coint2.engine.numba_engine - INFO - Запуск Numba-оптимизированного бэктеста для AXSUSDT-CHZUSDT
2026-01-19 12:26:15,376 - coint2.engine.numba_engine - INFO - Запуск Numba-оптимизированного бэктеста для ETHUSDC-ETHUSDT
2026-01-19 12:26:15,380 - coint2.engine.numba_engine - INFO - Запуск Numba-оптимизированного бэктеста для MOVRUSDT-SCRTUSDT
2026-01-19 12:26:15,388 - coint2.engine.numba_engine - INFO - Запуск Numba-оптимизированного бэктеста для AXSUSDT-GMTUSDT
2026-01-19 12:26:15,394 - coint2.engine.numba_engine - INFO - Запуск Numba-оптимизированного бэктеста для INTERUSDT-XRPUSDC
2026-01-19 12:26:15,398 - coint2.engine.numba_engine - INFO - Запуск Numba-оптимизированного бэктеста для AXSUSDT-UNIUSDT
2026-01-19 12:26:15,400 - coint2.engine.numba_engine - INFO - Запуск Numba-оптимизированного бэктеста для KSMUSDT-STETHUSDT
2026-01-19 12:26:15,405 - coint2.engine.numba_engine - INFO - Запуск Numba-оптимизированного бэктеста для AXSUSDT-GMTUSDC
2026-01-19 12:26:15,412 - coint2.engine.numba_engine - INFO - Запуск Numba-оптимизированного бэктеста для INTERUSDT-XRPUSDT
2026-01-19 12:26:15,417 - coint2.engine.numba_engine - INFO - Запуск Numba-оптимизированного бэктеста для INTERUSDT-ZILUSDT
2026-01-19 12:26:15,421 - coint2.engine.numba_engine - INFO - Запуск Numba-оптимизированного бэктеста для AXSUSDT-SANDUSDT
2026-01-19 12:26:15,424 - coint2.engine.numba_engine - INFO - Запуск Numba-оптимизированного бэктеста для DOTUSDC-VPADUSDT
2026-01-19 12:26:15,428 - coint2.engine.numba_engine - INFO - Запуск Numba-оптимизированного бэктеста для INTERUSDT-ZENUSDT
2026-01-19 12:26:15,434 - coint2.engine.numba_engine - INFO - Запуск Numba-оптимизированного бэктеста для INTERUSDT-LTCUSDC
2026-01-19 12:26:15,439 - coint2.engine.numba_engine - INFO - Запуск Numba-оптимизированного бэктеста для ARUSDT-FILUSDT
2026-01-19 12:26:15,440 - coint2.engine.numba_engine - INFO - Запуск Numba-оптимизированного бэктеста для INTERUSDT-MANAUSDC
2026-01-19 12:26:15,444 - coint2.engine.numba_engine - INFO - Запуск Numba-оптимизированного бэктеста для INTERUSDT-STXUSDT
2026-01-19 12:26:15,447 - coint2.engine.numba_engine - INFO - Запуск Numba-оптимизированного бэктеста для AXSUSDT-SANDUSDC
2026-01-19 12:26:15,450 - coint2.engine.numba_engine - INFO - Запуск Numba-оптимизированного бэктеста для INTERUSDT-LTCUSDT
2026-01-19 12:26:15,458 - coint2.engine.numba_engine - INFO - Запуск Numba-оптимизированного бэктеста для DYDXUSDT-QNTUSDT
2026-01-19 12:26:15,461 - coint2.engine.numba_engine - INFO - Запуск Numba-оптимизированного бэктеста для INTERUSDT-THETAUSDT
2026-01-19 12:26:15,462 - coint2.engine.numba_engine - INFO - Запуск Numba-оптимизированного бэктеста для DOTUSDT-SDUSDT
2026-01-19 12:26:15,463 - coint2.engine.numba_engine - INFO - Запуск Numba-оптимизированного бэктеста для INTERUSDT-USTCUSDT
2026-01-19 12:26:15,466 - coint2.engine.numba_engine - INFO - Запуск Numba-оптимизированного бэктеста для APEUSDT-PSTAKEUSDT
2026-01-19 12:26:15,470 - coint2.engine.numba_engine - INFO - Запуск Numba-оптимизированного бэктеста для INTERUSDT-ROSEUSDT
2026-01-19 12:26:15,473 - coint2.engine.numba_engine - INFO - Запуск Numba-оптимизированного бэктеста для INTERUSDT-MASKUSDT
2026-01-19 12:26:15,479 - coint2.engine.numba_engine - INFO - Запуск Numba-оптимизированного бэктеста для DOTUSDC-SDUSDT
2026-01-19 12:26:15,480 - coint2.engine.numba_engine - INFO - Запуск Numba-оптимизированного бэктеста для PSGUSDT-VPADUSDT
2026-01-19 12:26:15,484 - coint2.engine.numba_engine - INFO - Запуск Numba-оптимизированного бэктеста для INTERUSDT-SOLOUSDT
2026-01-19 12:26:15,486 - coint2.engine.numba_engine - INFO - Запуск Numba-оптимизированного бэктеста для QTUMUSDT-THETAUSDT
2026-01-19 12:26:15,487 - coint2.engine.numba_engine - INFO - Запуск Numba-оптимизированного бэктеста для INTERUSDT-LUNAUSDT
2026-01-19 12:26:15,489 - coint2.engine.numba_engine - INFO - Запуск Numba-оптимизированного бэктеста для HNTUSDT-SDUSDT
2026-01-19 12:26:15,492 - coint2.engine.numba_engine - INFO - Запуск Numba-оптимизированного бэктеста для APEUSDC-PSTAKEUSDT
2026-01-19 12:26:15,496 - coint2.engine.numba_engine - INFO - Запуск Numba-оптимизированного бэктеста для OPUSDC-PSGUSDT
2026-01-19 12:26:15,502 - coint2.engine.numba_engine - INFO - Запуск Numba-оптимизированного бэктеста для SNXUSDT-SOLOUSDT
2026-01-19 12:26:15,504 - coint2.engine.numba_engine - INFO - Запуск Numba-оптимизированного бэктеста для AFCUSDT-MDAOUSDT
2026-01-19 12:26:15,507 - coint2.engine.numba_engine - INFO - Запуск Numba-оптимизированного бэктеста для MASKUSDT-XRPUSDC
2026-01-19 12:26:15,513 - coint2.engine.numba_engine - INFO - Запуск Numba-оптимизированного бэктеста для CITYUSDT-JUVUSDT
2026-01-19 12:26:15,514 - coint2.engine.numba_engine - INFO - Запуск Numba-оптимизированного бэктеста для INTERUSDT-WAXPUSDT
2026-01-19 12:26:15,514 - coint2.engine.numba_engine - INFO - Запуск Numba-оптимизированного бэктеста для OPUSDT-PSGUSDT
2026-01-19 12:26:15,514 - coint2.engine.numba_engine - INFO - Запуск Numba-оптимизированного бэктеста для INTERUSDT-PEOPLEUSDT
2026-01-19 12:26:15,519 - coint2.engine.numba_engine - INFO - Запуск Numba-оптимизированного бэктеста для CITYUSDT-VPADUSDT
2026-01-19 12:26:15,524 - coint2.engine.numba_engine - INFO - Запуск Numba-оптимизированного бэктеста для INTERUSDT-QTUMUSDT
2026-01-19 12:26:15,529 - coint2.engine.numba_engine - INFO - Запуск Numba-оптимизированного бэктеста для JUVUSDT-VPADUSDT
2026-01-19 12:26:15,529 - coint2.engine.numba_engine - INFO - Запуск Numba-оптимизированного бэктеста для INTERUSDT-UMAUSDT
2026-01-19 12:26:15,536 - coint2.engine.numba_engine - INFO - Запуск Numba-оптимизированного бэктеста для ARKMUSDT-RPLUSDT
2026-01-19 12:26:15,537 - coint2.engine.numba_engine - INFO - Запуск Numba-оптимизированного бэктеста для AFCUSDT-CITYUSDT
2026-01-19 12:26:15,537 - coint2.engine.numba_engine - INFO - Запуск Numba-оптимизированного бэктеста для OPUSDC-VPADUSDT
2026-01-19 12:26:15,539 - coint2.engine.numba_engine - INFO - Запуск Numba-оптимизированного бэктеста для MASKUSDT-XRPUSDT
2026-01-19 12:26:15,544 - coint2.engine.numba_engine - INFO - Запуск Numba-оптимизированного бэктеста для ETHWUSDT-XTZUSDT
2026-01-19 12:26:15,546 - WARNING - ❌ Ошибка обработки пары AFCUSDT-CITYUSDT: division by zero
2026-01-19 12:26:15,546 - coint2.engine.numba_engine - INFO - Запуск Numba-оптимизированного бэктеста для INTERUSDT-MANAUSDT
2026-01-19 12:26:15,551 - coint2.engine.numba_engine - INFO - Запуск Numba-оптимизированного бэктеста для ARKMUSDT-CITYUSDT
2026-01-19 12:26:15,552 - coint2.engine.numba_engine - INFO - Запуск Numba-оптимизированного бэктеста для OPUSDT-VPADUSDT
2026-01-19 12:26:15,556 - coint2.engine.numba_engine - INFO - Запуск Numba-оптимизированного бэктеста для ETHWUSDT-GMTUSDC
2026-01-19 12:26:15,559 - coint2.engine.numba_engine - INFO - Запуск Numba-оптимизированного бэктеста для ARKMUSDT-DOTUSDC
2026-01-19 12:26:15,561 - WARNING - ❌ Ошибка обработки пары ARKMUSDT-CITYUSDT: division by zero
2026-01-19 12:26:15,564 - coint2.engine.numba_engine - INFO - Запуск Numba-оптимизированного бэктеста для AFCUSDT-VPADUSDT
2026-01-19 12:26:15,564 - coint2.engine.numba_engine - INFO - Запуск Numba-оптимизированного бэктеста для INTERUSDT-XEMUSDT
2026-01-19 12:26:15,568 - coint2.engine.numba_engine - INFO - Запуск Numba-оптимизированного бэктеста для ARKMUSDT-OPUSDT
2026-01-19 12:26:15,569 - coint2.engine.numba_engine - INFO - Запуск Numba-оптимизированного бэктеста для INTERUSDT-WAVESUSDT
2026-01-19 12:26:15,570 - coint2.engine.numba_engine - INFO - Запуск Numba-оптимизированного бэктеста для ARKMUSDT-IZIUSDT
2026-01-19 12:26:15,575 - coint2.engine.numba_engine - INFO - Запуск Numba-оптимизированного бэктеста для CITYUSDT-DOTUSDC
2026-01-19 12:26:15,578 - coint2.engine.numba_engine - INFO - Запуск Numba-оптимизированного бэктеста для ARKMUSDT-OPUSDC
2026-01-19 12:26:15,581 - coint2.engine.numba_engine - INFO - Запуск Numba-оптимизированного бэктеста для ARKMUSDT-MNTUSDC
2026-01-19 12:26:15,586 - coint2.engine.numba_engine - INFO - Запуск Numba-оптимизированного бэктеста для ETHWUSDT-GMTUSDT
2026-01-19 12:26:15,589 - coint2.engine.numba_engine - INFO - Запуск Numba-оптимизированного бэктеста для AFCUSDT-DOTUSDC
2026-01-19 12:26:15,590 - coint2.engine.numba_engine - INFO - Запуск Numba-оптимизированного бэктеста для ARKMUSDT-ENSUSDT
2026-01-19 12:26:15,591 - coint2.engine.numba_engine - INFO - Запуск Numba-оптимизированного бэктеста для AFCUSDT-DOTUSDT
2026-01-19 12:26:15,593 - coint2.engine.numba_engine - INFO - Запуск Numba-оптимизированного бэктеста для SFUNDUSDT-VPADUSDT
2026-01-19 12:26:15,598 - coint2.engine.numba_engine - INFO - Запуск Numba-оптимизированного бэктеста для ARKMUSDT-HNTUSDT
2026-01-19 12:26:15,600 - coint2.engine.numba_engine - INFO - Запуск Numba-оптимизированного бэктеста для ARKMUSDT-SFUNDUSDT
2026-01-19 12:26:15,604 - coint2.engine.numba_engine - INFO - Запуск Numba-оптимизированного бэктеста для BICOUSDT-PIPUSDT
2026-01-19 12:26:15,608 - coint2.engine.numba_engine - INFO - Запуск Numba-оптимизированного бэктеста для ARKMUSDT-NEXOUSDT
2026-01-19 12:26:15,613 - coint2.engine.numba_engine - INFO - Запуск Numba-оптимизированного бэктеста для NEARUSDT-XTZUSDT
2026-01-19 12:26:15,614 - coint2.engine.numba_engine - INFO - Запуск Numba-оптимизированного бэктеста для JUVUSDT-SDUSDT
2026-01-19 12:26:15,614 - coint2.engine.numba_engine - INFO - Запуск Numba-оптимизированного бэктеста для CITYUSDT-DOTUSDT
2026-01-19 12:26:15,616 - coint2.engine.numba_engine - INFO - Запуск Numba-оптимизированного бэктеста для HFTUSDT-PSGUSDT
2026-01-19 12:26:15,621 - coint2.engine.numba_engine - INFO - Запуск Numba-оптимизированного бэктеста для ARKMUSDT-PSGUSDT
2026-01-19 12:26:15,623 - coint2.engine.numba_engine - INFO - Запуск Numba-оптимизированного бэктеста для HFTUSDT-SDUSDT
2026-01-19 12:26:15,627 - coint2.engine.numba_engine - INFO - Запуск Numba-оптимизированного бэктеста для THETAUSDT-XRPUSDT
2026-01-19 12:26:15,632 - coint2.engine.numba_engine - INFO - Запуск Numba-оптимизированного бэктеста для SUSHIUSDT-UMAUSDT
2026-01-19 12:26:15,636 - coint2.engine.numba_engine - INFO - Запуск Numba-оптимизированного бэктеста для SUSHIUSDT-USTCUSDT
2026-01-19 12:26:15,637 - coint2.engine.numba_engine - INFO - Запуск Numba-оптимизированного бэктеста для CAKEUSDT-VPADUSDT
2026-01-19 12:26:15,638 - coint2.engine.numba_engine - INFO - Запуск Numba-оптимизированного бэктеста для HFTUSDC-PSGUSDT
2026-01-19 12:26:15,638 - coint2.engine.numba_engine - INFO - Запуск Numba-оптимизированного бэктеста для HFTUSDT-SUIUSDC
2026-01-19 12:26:15,644 - coint2.engine.numba_engine - INFO - Запуск Numba-оптимизированного бэктеста для ARKMUSDT-LDOUSDT
2026-01-19 12:26:15,645 - coint2.engine.numba_engine - INFO - Запуск Numba-оптимизированного бэктеста для HFTUSDC-RPLUSDT
2026-01-19 12:26:15,649 - coint2.engine.numba_engine - INFO - Запуск Numba-оптимизированного бэктеста для HFTUSDT-ICPUSDC
2026-01-19 12:26:15,655 - coint2.engine.numba_engine - INFO - Запуск Numba-оптимизированного бэктеста для CELOUSDT-SCUSDT
2026-01-19 12:26:15,659 - coint2.engine.numba_engine - INFO - Запуск Numba-оптимизированного бэктеста для ARKMUSDT-DOTUSDT
2026-01-19 12:26:15,659 - coint2.engine.numba_engine - INFO - Запуск Numba-оптимизированного бэктеста для ARKMUSDT-NEARUSDT
2026-01-19 12:26:15,661 - coint2.engine.numba_engine - INFO - Запуск Numba-оптимизированного бэктеста для HFTUSDT-ICPUSDT
2026-01-19 12:26:15,665 - coint2.engine.numba_engine - INFO - Запуск Numba-оптимизированного бэктеста для HFTUSDT-SUIUSDT
2026-01-19 12:26:15,666 - coint2.engine.numba_engine - INFO - Запуск Numba-оптимизированного бэктеста для BICOUSDT-IMXUSDT
2026-01-19 12:26:15,668 - coint2.engine.numba_engine - INFO - Запуск Numba-оптимизированного бэктеста для HFTUSDC-SUIUSDC
2026-01-19 12:26:15,673 - coint2.engine.numba_engine - INFO - Запуск Numba-оптимизированного бэктеста для 1INCHUSDT-SCUSDT
2026-01-19 12:26:15,678 - coint2.engine.numba_engine - INFO - Запуск Numba-оптимизированного бэктеста для HFTUSDT-RPLUSDT
2026-01-19 12:26:15,682 - coint2.engine.numba_engine - INFO - Запуск Numba-оптимизированного бэктеста для ARKMUSDT-MNTUSDT
2026-01-19 12:26:15,682 - coint2.engine.numba_engine - INFO - Запуск Numba-оптимизированного бэктеста для ARKMUSDT-LDOUSDC
2026-01-19 12:26:15,684 - coint2.engine.numba_engine - INFO - Запуск Numba-оптимизированного бэктеста для CTCUSDT-DOTUSDC
2026-01-19 12:26:15,690 - coint2.engine.numba_engine - INFO - Запуск Numba-оптимизированного бэктеста для THETAUSDT-XRPUSDC
2026-01-19 12:26:15,690 - coint2.engine.numba_engine - INFO - Запуск Numba-оптимизированного бэктеста для CELOUSDT-ZRXUSDT
2026-01-19 12:26:15,691 - coint2.engine.numba_engine - INFO - Запуск Numba-оптимизированного бэктеста для OMGUSDT-RDNTUSDT
2026-01-19 12:26:15,695 - coint2.engine.numba_engine - INFO - Запуск Numba-оптимизированного бэктеста для RSS3USDT-XAVAUSDT
2026-01-19 12:26:15,702 - coint2.engine.numba_engine - INFO - Запуск Numba-оптимизированного бэктеста для HFTUSDC-SUIUSDT
2026-01-19 12:26:15,704 - coint2.engine.numba_engine - INFO - Запуск Numba-оптимизированного бэктеста для HFTUSDT-VPADUSDT
2026-01-19 12:26:15,705 - WARNING - ❌ Ошибка обработки пары RSS3USDT-XAVAUSDT: division by zero
2026-01-19 12:26:15,705 - coint2.engine.numba_engine - INFO - Запуск Numba-оптимизированного бэктеста для HFTUSDC-VPADUSDT
2026-01-19 12:26:15,707 - coint2.engine.numba_engine - INFO - Запуск Numba-оптимизированного бэктеста для RSS3USDT-SCRTUSDT
2026-01-19 12:26:15,712 - coint2.engine.numba_engine - INFO - Запуск Numba-оптимизированного бэктеста для GODSUSDT-HBARUSDT
2026-01-19 12:26:15,715 - coint2.engine.numba_engine - INFO - Запуск Numba-оптимизированного бэктеста для RSS3USDT-RVNUSDT
2026-01-19 12:26:15,715 - coint2.engine.numba_engine - INFO - Запуск Numba-оптимизированного бэктеста для BICOUSDT-CRVUSDT
2026-01-19 12:26:15,717 - coint2.engine.numba_engine - INFO - Запуск Numba-оптимизированного бэктеста для CTCUSDT-VPADUSDT
2026-01-19 12:26:15,724 - coint2.engine.numba_engine - INFO - Запуск Numba-оптимизированного бэктеста для HFTUSDC-MOVRUSDT
2026-01-19 12:26:15,727 - coint2.engine.numba_engine - INFO - Запуск Numba-оптимизированного бэктеста для HFTUSDC-JUVUSDT
2026-01-19 12:26:15,728 - coint2.engine.numba_engine - INFO - Запуск Numba-оптимизированного бэктеста для HFTUSDT-JUVUSDT
2026-01-19 12:26:15,730 - coint2.engine.numba_engine - INFO - Запуск Numba-оптимизированного бэктеста для FLOWUSDT-MANAUSDT
2026-01-19 12:26:15,738 - coint2.engine.numba_engine - INFO - Запуск Numba-оптимизированного бэктеста для HFTUSDT-MOVRUSDT
2026-01-19 12:26:15,738 - coint2.engine.numba_engine - INFO - Запуск Numba-оптимизированного бэктеста для ADAUSDC-PSGUSDT
2026-01-19 12:26:15,738 - coint2.engine.numba_engine - INFO - Запуск Numba-оптимизированного бэктеста для RSS3USDT-UNIUSDT
2026-01-19 12:26:15,743 - coint2.engine.numba_engine - INFO - Запуск Numba-оптимизированного бэктеста для RSS3USDT-XTZUSDT
2026-01-19 12:26:15,747 - coint2.engine.numba_engine - INFO - Запуск Numba-оптимизированного бэктеста для FLOWUSDT-MASKUSDT
2026-01-19 12:26:15,749 - coint2.engine.numba_engine - INFO - Запуск Numba-оптимизированного бэктеста для HFTUSDC-ICPUSDT
2026-01-19 12:26:15,750 - coint2.engine.numba_engine - INFO - Запуск Numba-оптимизированного бэктеста для HFTUSDC-ICPUSDC
2026-01-19 12:26:15,752 - coint2.engine.numba_engine - INFO - Запуск Numba-оптимизированного бэктеста для ADAUSDT-PSGUSDT
2026-01-19 12:26:15,761 - coint2.engine.numba_engine - INFO - Запуск Numba-оптимизированного бэктеста для RSS3USDT-SFUNDUSDT
2026-01-19 12:26:15,761 - coint2.engine.numba_engine - INFO - Запуск Numba-оптимизированного бэктеста для BATUSDT-PEOPLEUSDT
2026-01-19 12:26:15,761 - coint2.engine.numba_engine - INFO - Запуск Numba-оптимизированного бэктеста для BATUSDT-FIDAUSDT
2026-01-19 12:26:15,767 - coint2.engine.numba_engine - INFO - Запуск Numba-оптимизированного бэктеста для FLOWUSDT-MANAUSDC
2026-01-19 12:26:15,770 - coint2.engine.numba_engine - INFO - Запуск Numba-оптимизированного бэктеста для MANAUSDT-XRPUSDC
2026-01-19 12:26:15,771 - coint2.engine.numba_engine - INFO - Запуск Numba-оптимизированного бэктеста для CTCUSDT-NEXOUSDT
2026-01-19 12:26:15,773 - coint2.engine.numba_engine - INFO - Запуск Numba-оптимизированного бэктеста для CTCUSDT-SDUSDT
2026-01-19 12:26:15,776 - coint2.engine.numba_engine - INFO - Запуск Numba-оптимизированного бэктеста для FORTUSDT-ICPUSDT
2026-01-19 12:26:15,783 - coint2.engine.numba_engine - INFO - Запуск Numba-оптимизированного бэктеста для BATUSDT-QTUMUSDT
2026-01-19 12:26:15,784 - coint2.engine.numba_engine - INFO - Запуск Numba-оптимизированного бэктеста для MANAUSDT-XRPUSDT
2026-01-19 12:26:15,786 - coint2.engine.numba_engine - INFO - Запуск Numba-оптимизированного бэктеста для ICXUSDT-WAXPUSDT
2026-01-19 12:26:15,790 - coint2.engine.numba_engine - INFO - Запуск Numba-оптимизированного бэктеста для FORTUSDT-VPADUSDT
2026-01-19 12:26:15,792 - coint2.engine.numba_engine - INFO - Запуск Numba-оптимизированного бэктеста для BATUSDT-THETAUSDT
2026-01-19 12:26:15,794 - coint2.engine.numba_engine - INFO - Запуск Numba-оптимизированного бэктеста для RSS3USDT-VPADUSDT
2026-01-19 12:26:15,795 - coint2.engine.numba_engine - INFO - Запуск Numba-оптимизированного бэктеста для RSS3USDT-SDUSDT
2026-01-19 12:26:15,798 - coint2.engine.numba_engine - INFO - Запуск Numba-оптимизированного бэктеста для ALGOUSDT-IMXUSDT
2026-01-19 12:26:15,806 - coint2.engine.numba_engine - INFO - Запуск Numba-оптимизированного бэктеста для FORTUSDT-JUVUSDT
2026-01-19 12:26:15,807 - coint2.engine.numba_engine - INFO - Запуск Numba-оптимизированного бэктеста для WOOUSDT-XRPUSDT
2026-01-19 12:26:15,810 - coint2.engine.numba_engine - INFO - Запуск Numba-оптимизированного бэктеста для MVUSDT-SUIUSDC
2026-01-19 12:26:15,813 - coint2.engine.numba_engine - INFO - Запуск Numba-оптимизированного бэктеста для FORTUSDT-ICPUSDC
2026-01-19 12:26:15,814 - coint2.engine.numba_engine - INFO - Запуск Numba-оптимизированного бэктеста для FORTUSDT-PSTAKEUSDT
2026-01-19 12:26:15,816 - coint2.engine.numba_engine - INFO - Запуск Numba-оптимизированного бэктеста для MANAUSDC-XRPUSDT
2026-01-19 12:26:15,817 - coint2.engine.numba_engine - INFO - Запуск Numba-оптимизированного бэктеста для MANAUSDC-XRPUSDC
2026-01-19 12:26:15,821 - coint2.engine.numba_engine - INFO - Запуск Numba-оптимизированного бэктеста для MVUSDT-SUIUSDT
2026-01-19 12:26:15,828 - coint2.engine.numba_engine - INFO - Запуск Numba-оптимизированного бэктеста для ALGOUSDT-WAXPUSDT
2026-01-19 12:26:15,830 - coint2.engine.numba_engine - INFO - Запуск Numba-оптимизированного бэктеста для FORTUSDT-SDUSDT
2026-01-19 12:26:15,832 - coint2.engine.numba_engine - INFO - Запуск Numba-оптимизированного бэктеста для OASUSDT-TRVLUSDT
2026-01-19 12:26:15,835 - coint2.engine.numba_engine - INFO - Запуск Numba-оптимизированного бэктеста для ALGOUSDT-USTCUSDT
2026-01-19 12:26:15,836 - coint2.engine.numba_engine - INFO - Запуск Numba-оптимизированного бэктеста для FORTUSDT-PSGUSDT
2026-01-19 12:26:15,839 - coint2.engine.numba_engine - INFO - Запуск Numba-оптимизированного бэктеста для BATUSDT-UMAUSDT
2026-01-19 12:26:15,840 - coint2.engine.numba_engine - INFO - Запуск Numba-оптимизированного бэктеста для WOOUSDT-XRPUSDC
2026-01-19 12:26:15,845 - coint2.engine.numba_engine - INFO - Запуск Numba-оптимизированного бэктеста для ROSEUSDT-USTCUSDT
2026-01-19 12:26:15,850 - coint2.engine.numba_engine - INFO - Запуск Numba-оптимизированного бэктеста для MVUSDT-OPUSDT
2026-01-19 12:26:15,853 - coint2.engine.numba_engine - INFO - Запуск Numba-оптимизированного бэктеста для FORTUSDT-SFUNDUSDT
2026-01-19 12:26:15,855 - coint2.engine.numba_engine - INFO - Запуск Numba-оптимизированного бэктеста для DAIUSDT-XAVAUSDT
2026-01-19 12:26:15,858 - coint2.engine.numba_engine - INFO - Запуск Numba-оптимизированного бэктеста для MVUSDT-OPUSDC
2026-01-19 12:26:15,861 - coint2.engine.numba_engine - INFO - Запуск Numba-оптимизированного бэктеста для ALGOUSDT-ROSEUSDT
2026-01-19 12:26:15,862 - coint2.engine.numba_engine - INFO - Запуск Numba-оптимизированного бэктеста для BATUSDT-LTCUSDT
2026-01-19 12:26:15,863 - coint2.engine.numba_engine - INFO - Запуск Numba-оптимизированного бэктеста для BATUSDT-LTCUSDC
2026-01-19 12:26:15,864 - WARNING - ❌ Ошибка обработки пары DAIUSDT-XAVAUSDT: division by zero
2026-01-19 12:26:15,867 - coint2.engine.numba_engine - INFO - Запуск Numba-оптимизированного бэктеста для DAIUSDT-QTUMUSDT
2026-01-19 12:26:15,873 - coint2.engine.numba_engine - INFO - Запуск Numba-оптимизированного бэктеста для DOGEUSDT-ETHWUSDT
2026-01-19 12:26:15,874 - coint2.engine.numba_engine - INFO - Запуск Numba-оптимизированного бэктеста для PEOPLEUSDT-THETAUSDT
2026-01-19 12:26:15,875 - coint2.engine.numba_engine - INFO - Запуск Numba-оптимизированного бэктеста для MVUSDT-TWTUSDT
2026-01-19 12:26:15,880 - coint2.engine.numba_engine - INFO - Запуск Numba-оптимизированного бэктеста для DOGEUSDC-ETHWUSDT
2026-01-19 12:26:15,883 - coint2.engine.numba_engine - INFO - Запуск Numba-оптимизированного бэктеста для MVUSDT-SFUNDUSDT
2026-01-19 12:26:15,886 - coint2.engine.numba_engine - INFO - Запуск Numba-оптимизированного бэктеста для GMTUSDC-UNIUSDT
2026-01-19 12:26:15,888 - coint2.engine.numba_engine - INFO - Запуск Numba-оптимизированного бэктеста для GMTUSDT-UNIUSDT
2026-01-19 12:26:15,890 - coint2.engine.numba_engine - INFO - Запуск Numba-оптимизированного бэктеста для ANKRUSDT-MANAUSDT
2026-01-19 12:26:15,896 - coint2.engine.numba_engine - INFO - Запуск Numba-оптимизированного бэктеста для DAIUSDT-XRPUSDC
2026-01-19 12:26:15,897 - coint2.engine.numba_engine - INFO - Запуск Numba-оптимизированного бэктеста для SUNUSDT-ZRXUSDT
2026-01-19 12:26:15,898 - coint2.engine.numba_engine - INFO - Запуск Numba-оптимизированного бэктеста для GRTUSDT-RDNTUSDT
2026-01-19 12:26:15,903 - coint2.engine.numba_engine - INFO - Запуск Numba-оптимизированного бэктеста для DAIUSDT-XTZUSDT
2026-01-19 12:26:15,906 - coint2.engine.numba_engine - INFO - Запуск Numba-оптимизированного бэктеста для ROSEUSDT-WAXPUSDT
2026-01-19 12:26:15,908 - coint2.engine.numba_engine - INFO - Запуск Numba-оптимизированного бэктеста для MVUSDT-PSGUSDT
2026-01-19 12:26:15,913 - coint2.engine.numba_engine - INFO - Запуск Numba-оптимизированного бэктеста для GMTUSDT-SANDUSDT
2026-01-19 12:26:15,914 - coint2.engine.numba_engine - INFO - Запуск Numba-оптимизированного бэктеста для LTCBTC-LUNCUSDC
2026-01-19 12:26:15,919 - coint2.engine.numba_engine - INFO - Запуск Numba-оптимизированного бэктеста для ONEUSDT-XRPUSDC
2026-01-19 12:26:15,920 - coint2.engine.numba_engine - INFO - Запуск Numba-оптимизированного бэктеста для RACAUSDT-SANDBTC
2026-01-19 12:26:15,921 - coint2.engine.numba_engine - INFO - Запуск Numba-оптимизированного бэктеста для WAXPUSDT-ZILUSDT
2026-01-19 12:26:15,925 - coint2.engine.numba_engine - INFO - Запуск Numba-оптимизированного бэктеста для USDCUSDT-XTZUSDT
2026-01-19 12:26:15,929 - coint2.engine.numba_engine - INFO - Запуск Numba-оптимизированного бэктеста для DAIUSDT-XRPUSDT
2026-01-19 12:26:15,932 - coint2.engine.numba_engine - INFO - Запуск Numba-оптимизированного бэктеста для DOGEUSDC-TELUSDT
2026-01-19 12:26:15,937 - coint2.engine.numba_engine - INFO - Запуск Numba-оптимизированного бэктеста для FLOKIUSDT-SANDBTC
2026-01-19 12:26:15,938 - coint2.engine.numba_engine - INFO - Запуск Numba-оптимизированного бэктеста для DOGEUSDT-TELUSDT
2026-01-19 12:26:15,942 - coint2.engine.numba_engine - INFO - Запуск Numba-оптимизированного бэктеста для LTCBTC-RVNUSDT
2026-01-19 12:26:15,944 - coint2.engine.numba_engine - INFO - Запуск Numba-оптимизированного бэктеста для DAIUSDT-LTCBTC
2026-01-19 12:26:15,948 - coint2.engine.numba_engine - INFO - Запуск Numba-оптимизированного бэктеста для LTCBTC-LUNCUSDT
2026-01-19 12:26:15,952 - coint2.engine.numba_engine - INFO - Запуск Numba-оптимизированного бэктеста для ONEUSDT-XRPUSDT
2026-01-19 12:26:15,954 - coint2.engine.numba_engine - INFO - Запуск Numba-оптимизированного бэктеста для DAIUSDT-NYMUSDT
2026-01-19 12:26:15,961 - coint2.engine.numba_engine - INFO - Запуск Numba-оптимизированного бэктеста для ROSEUSDT-XEMUSDT
2026-01-19 12:26:15,965 - coint2.engine.numba_engine - INFO - Запуск Numba-оптимизированного бэктеста для ALGOBTC-XECUSDT
2026-01-19 12:26:15,971 - coint2.engine.numba_engine - INFO - Запуск Numba-оптимизированного бэктеста для XECUSDT-ZILUSDT
2026-01-19 12:26:15,971 - coint2.engine.numba_engine - INFO - Запуск Numba-оптимизированного бэктеста для ACSUSDT-MCRTUSDT
2026-01-19 12:26:15,975 - coint2.engine.numba_engine - INFO - Запуск Numba-оптимизированного бэктеста для SONUSDT-XRPBTC
2026-01-19 12:26:15,977 - coint2.engine.numba_engine - INFO - Запуск Numba-оптимизированного бэктеста для USTCUSDT-ZILUSDT
2026-01-19 12:26:15,984 - coint2.engine.numba_engine - INFO - Запуск Numba-оптимизированного бэктеста для DAIUSDT-SOLOUSDT
2026-01-19 12:26:15,999 - coint2.engine.numba_engine - INFO - Запуск Numba-оптимизированного бэктеста для SONUSDT-TELUSDT
2026-01-19 12:26:16,005 - coint2.engine.numba_engine - INFO - Запуск Numba-оптимизированного бэктеста для SCUSDT-ZILUSDT
2026-01-19 12:26:16,009 - coint2.engine.numba_engine - INFO - Запуск Numba-оптимизированного бэктеста для SCUSDT-USTCUSDT
2026-01-19 12:26:16,035 - coint2.engine.numba_engine - INFO - Запуск Numba-оптимизированного бэктеста для SONUSDT-TAPUSDT
2026-01-19 12:26:16,044 - coint2.engine.numba_engine - INFO - Запуск Numba-оптимизированного бэктеста для RACAUSDT-VPADUSDT
2026-01-19 12:26:16,091 - INFO -   ⏱️ Параллельная обработка завершена за 0.9с (242.9 пар/с)
2026-01-19 12:26:16,166 - coint2.pipeline.walk_forward_orchestrator - INFO - 🎯 СИМУЛЯЦИЯ ПОРТФЕЛЯ: 208 пар, лимит 15 позиций
2026-01-19 12:26:17,620 - coint2.pipeline.walk_forward_orchestrator - INFO -    📈 Макс. одновременных сигналов: 76
2026-01-19 12:26:17,621 - coint2.pipeline.walk_forward_orchestrator - INFO -    📊 Средн. сигналов за период: 2.8
2026-01-19 12:26:17,621 - coint2.pipeline.walk_forward_orchestrator - INFO -    🎯 Финальных активных позиций: 0
2026-01-19 12:26:17,622 - coint2.pipeline.walk_forward_orchestrator - INFO -    ⚡ Утилизация лимита позиций: 16.2%
2026-01-19 12:26:17,623 - WARNING -   ⚠️ Ошибка обработки пары RSS3USDT-XAVAUSDT: division by zero
2026-01-19 12:26:17,623 - WARNING -   ⚠️ Ошибка обработки пары DAIUSDT-XAVAUSDT: division by zero
2026-01-19 12:26:17,623 - WARNING -   ⚠️ Ошибка обработки пары ARKMUSDT-CITYUSDT: division by zero
2026-01-19 12:26:17,623 - WARNING -   ⚠️ Ошибка обработки пары AFCUSDT-CITYUSDT: division by zero
2026-01-19 12:26:17,623 - INFO - ⇠ WF-шаг 1/5 backtests — completed 212 items in 2.41s (88.1 items/s)
2026-01-19 12:26:17,623 - INFO -   ✅ Обработка завершена: 208 успешно, 4 с ошибками
2026-01-19 12:26:17,623 - INFO -   📊 Успешность: 98.1%, прибыльность: 65.4%, сделок/пара: 19.2
2026-01-19 12:26:17,623 - INFO -   ✅ Завершены бэктесты для 212 пар
2026-01-19 12:26:17,623 - INFO -   📊 Всего обработано пар в этом шаге: 212
2026-01-19 12:26:17,623 - INFO -   📈 Результаты шага: 136/212 прибыльных пар, 3989 сделок
2026-01-19 12:26:17,623 - INFO -   💰 P&L шага: $+488.37
2026-01-19 12:26:17,623 - INFO -   ⇢ Обновление капитала и дневного P&L...
2026-01-19 12:26:18,798 - INFO -   💼 Шаг P&L: $+488.37, Накопленный капитал: $10,488.37
2026-01-19 12:26:18,799 - INFO - ------------------------------------------------------------
2026-01-19 12:26:18,799 - INFO -   Walk-forward steps: 1 / 5 (20.0%) | 0.0 items/s | ETA: 375.5s
2026-01-19 12:26:18,799 - INFO - 🔍 WF-шаг 2/5: Валидация временных окон...
2026-01-19 12:26:18,799 - INFO - ⇢ WF-шаг 2/5: training 2023-09-01-2023-10-30, testing 2023-10-31-2023-11-30 — start
2026-01-19 12:26:18,799 - INFO - ⇢ loading step data — start
2026-01-19 12:26:18,979 - INFO - ⇠ loading step data — done in 0.18s
2026-01-19 12:26:20,174 - INFO - 📊 WF-шаг 2/5: Границы данных:
2026-01-19 12:26:20,175 - INFO -    Training: 2023-09-01 00:00:00 → 2023-10-30 23:45:00 (5,760 строк × 292 символов)
2026-01-19 12:26:20,175 - INFO -    Testing:  2023-10-31 00:00:00 → 2023-11-30 00:00:00 (2,881 строк × 292 символов)
2026-01-19 12:26:20,175 - INFO -    Временной разрыв: 0 days 00:15:00
2026-01-19 12:26:20,401 - INFO - ⇢ normalizing training data — start
2026-01-19 12:26:20,434 - INFO -   Символы с NaN значениями: 26
2026-01-19 12:26:20,434 - INFO -   Применяем метод нормализации: rolling_zscore
2026-01-19 12:26:20,448 - INFO - Символы с недостаточной историей: 17 из 292
2026-01-19 12:26:20,852 - INFO - Символы с NaN после нормализации: 275
2026-01-19 12:26:20,858 - INFO - Удалено 617 начальных строк с NaN от rolling расчетов
2026-01-19 12:26:20,860 - INFO - Итоговое количество символов после нормализации: 275 из 292
2026-01-19 12:26:20,861 - INFO -   Статистика нормализации:
2026-01-19 12:26:20,861 - INFO -     Исходные символы: 292
2026-01-19 12:26:20,861 - INFO -     Недостаточная история: 17
2026-01-19 12:26:20,861 - INFO -     Постоянная цена: 0
2026-01-19 12:26:20,861 - INFO -     NaN после нормализации: 275
2026-01-19 12:26:20,861 - INFO -     Итоговые символы: 275 (94.2%)
2026-01-19 12:26:20,861 - INFO -   После нормализации: 275 символов (потеряно 17)
2026-01-19 12:26:20,861 - INFO -   Отброшенные символы: BEAMUSDT, FETUSDT, FLIPUSDT, JEFFUSDT, MEMEUSDT, POLUSDT, PPTUSDT, PYTHUSDT, PYUSDUSDT, ROOTUSDT, RPKUSDT, SHRAPUSDT, TIAUSDT, TOKENUSDT, TUSDUSDT, VRTXUSDT, ZTXUSDT
2026-01-19 12:26:20,861 - INFO - ⇠ normalizing training data — done in 0.46s
2026-01-19 12:26:20,863 - INFO - ⇢ SSD computation — start
2026-01-19 12:26:20,863 - INFO -   Расчет SSD для всех пар (без ограничения)
2026-01-19 12:26:23,385 - INFO -   SSD результат (все пары): 37675 пар
2026-01-19 12:26:23,385 - INFO - ⇠ SSD computation — done in 2.52s
2026-01-19 12:26:23,396 - INFO - ⇢ filtering pairs by cointegration and half-life — start
2026-01-19 12:26:23,396 - INFO - [ФИЛЬТР] Параллельная фильтрация: processes (8 workers)
⚙️  Загрузка данных за период: 2023-09-01 -> 2023-11-30
📂 Найдено 43 parquet файлов для обработки.
📊 Схема данных: Schema({'timestamp': Int64, 'open': Float64, 'high': Float64, 'low': Float64, 'close': Float64, 'volume': Float64, 'turnover': String, 'ts_ms': Int64, 'symbol': String})
✅ Загружено 2420293 записей с помощью Polars.
📊 Типы данных в pandas: timestamp       datetime64[us]
symbol                  object
close                  float64
timestamp_ms             int64
dtype: object
2026-01-19 12:27:27,443 - INFO - [ФИЛЬТР] После проверки данных: 37675 пар
2026-01-19 12:27:27,443 - INFO - [ФИЛЬТР] После фильтра корреляции (>0.45): 16210 пар
2026-01-19 12:27:27,443 - INFO - [ФИЛЬТР] После фильтра beta: 10952 пар
2026-01-19 12:27:27,443 - INFO - [ФИЛЬТР] После фильтра mean crossings: 10952 пар
2026-01-19 12:27:27,443 - INFO - [ФИЛЬТР] После фильтра half-life: 10881 пар
2026-01-19 12:27:27,443 - INFO - [ФИЛЬТР] После фильтра коинтеграции: 5423 пар
2026-01-19 12:27:27,443 - INFO - [ФИЛЬТР] После фильтра Hurst: 4414 пар
2026-01-19 12:27:27,443 - INFO - [ФИЛЬТР] После фильтра KPSS: 90 пар
2026-01-19 12:27:27,443 - INFO - [ФИЛЬТР] После фильтра market microstructure: 90 пар
2026-01-19 12:27:27,443 - INFO - [ФИЛЬТР] Статистика фильтрации (оптимизированный порядок):
2026-01-19 12:27:27,443 - INFO -   1. SSD → Коинтеграция: 37675 → 5423 пар
2026-01-19 12:27:27,443 - INFO -   2. Коинтеграция → Beta: 5423 → 10952 пар
2026-01-19 12:27:27,443 - INFO -   3. Beta → Half-life: 10952 → 10881 пар
2026-01-19 12:27:27,443 - INFO -   4. Half-life → Mean crossings: 10881 → 10952 пар
2026-01-19 12:27:27,443 - INFO -   5. Mean crossings → Hurst: 10952 → 4414 пар
2026-01-19 12:27:27,443 - INFO -   6. Hurst → KPSS: 4414 → 90 пар
2026-01-19 12:27:27,443 - INFO -   7. KPSS → Market microstructure: 90 → 90 пар
2026-01-19 12:27:27,443 - INFO - [ФИЛЬТР] Причины отсева:
2026-01-19 12:27:27,443 - INFO -   • low_correlation: 21465 пар (57.0%)
2026-01-19 12:27:27,443 - INFO -   • pvalue: 5458 пар (14.5%)
2026-01-19 12:27:27,443 - INFO -   • beta: 5258 пар (14.0%)
2026-01-19 12:27:27,443 - INFO -   • kpss: 4324 пар (11.5%)
2026-01-19 12:27:27,443 - INFO -   • hurst: 1009 пар (2.7%)
2026-01-19 12:27:27,443 - INFO -   • half_life: 71 пар (0.2%)
2026-01-19 12:27:27,443 - INFO - [ФИЛЬТР] Итого: 37675 → 90 пар (0.2% прошли все фильтры)
2026-01-19 12:27:27,494 - INFO - Причины отсева сохранены в results/filter_reasons_20260119_122727.csv
2026-01-19 12:27:27,500 - INFO -   Pair stability filter: insufficient history (1 < 2), skip
2026-01-19 12:27:27,500 - INFO -   Фильтрация: 37675 → 90 пар
2026-01-19 12:27:27,500 - INFO - ⇠ filtering pairs by cointegration and half-life — done in 64.10s
2026-01-19 12:27:27,500 - INFO - ⇠ WF-шаг 2/5: training 2023-09-01-2023-10-30, testing 2023-10-31-2023-11-30 — done in 68.70s
2026-01-19 12:27:27,501 - INFO -   Топ-3 пары по волатильности спреда:
2026-01-19 12:27:27,501 - INFO -     1. CYBERUSDT-STGUSDT: beta=18.5182, std=0.9069
2026-01-19 12:27:27,501 - INFO -     2. ETCUSDT-IMXUSDT: beta=7.2682, std=0.3803
2026-01-19 12:27:27,501 - INFO -     3. ENSUSDT-SISUSDT: beta=15.9989, std=0.2605
2026-01-19 12:27:27,501 - INFO -   Всего пар для торговли: 90 (ограничение 15 применяется к одновременно открытым позициям)
2026-01-19 12:27:27,501 - INFO -   💰 Проверка расчета капитала: equity=$10,488.37, кандидатных_пар=90, max_позиций=15
2026-01-19 12:27:27,501 - INFO -   🎯 Target concurrency: 15 (ожидаемое одновременное число позиций)
2026-01-19 12:27:27,501 - INFO -   📊 Детали расчета капитала:
2026-01-19 12:27:27,501 - INFO -      • Базовый капитал на пару: $699.22 (equity / target_concurrency)
2026-01-19 12:27:27,501 - INFO -      • Риск-капитал: $157.33 (1.5% от equity)
2026-01-19 12:27:27,501 - INFO -      • Макс. размер позиции: $209.77 (2.0% от equity)
2026-01-19 12:27:27,501 - INFO -      • Итоговый капитал на пару: $157.33
2026-01-19 12:27:27,502 - INFO - ⇢ WF-шаг 2/5 backtests — starting 90 items
2026-01-19 12:27:27,502 - INFO - 🚀 WF-шаг 2/5: Начинаем бэктесты для 90 пар...
2026-01-19 12:27:27,502 - INFO - 🚀 WF-шаг 2/5: Запускаем параллельную обработку 90 пар на 8 ядрах...
2026-01-19 12:27:27,502 - INFO -   📊 Большой набор пар (90), ожидаемое время: ~4 мин
2026-01-19 12:27:27,502 - INFO -   🔄 Прогресс будет отображаться каждые 9 пар
2026-01-19 12:27:27,502 - INFO - 🚀 WF-шаг 2/5: Режим параллельности: процессы
2026-01-19 12:27:27,550 - coint2.engine.numba_engine - INFO - Запуск Numba-оптимизированного бэктеста для CYBERUSDT-STGUSDT
2026-01-19 12:27:27,574 - coint2.engine.numba_engine - INFO - Запуск Numba-оптимизированного бэктеста для ETCUSDT-IMXUSDT
2026-01-19 12:27:27,588 - coint2.engine.numba_engine - INFO - Запуск Numba-оптимизированного бэктеста для ENSUSDT-SISUSDT
2026-01-19 12:27:27,615 - coint2.engine.numba_engine - INFO - Запуск Numba-оптимизированного бэктеста для AXSUSDT-UMAUSDT
2026-01-19 12:27:27,635 - coint2.engine.numba_engine - INFO - Запуск Numba-оптимизированного бэктеста для APTUSDC-BLURUSDT
2026-01-19 12:27:27,652 - coint2.engine.numba_engine - INFO - Запуск Numba-оптимизированного бэктеста для ARUSDT-GODSUSDT
2026-01-19 12:27:27,655 - coint2.engine.numba_engine - INFO - Запуск Numba-оптимизированного бэктеста для APTUSDT-BLURUSDT
2026-01-19 12:27:27,675 - coint2.engine.numba_engine - INFO - Запуск Numba-оптимизированного бэктеста для FXSUSDT-OMGUSDT
2026-01-19 12:27:27,677 - coint2.engine.numba_engine - INFO - Запуск Numba-оптимизированного бэктеста для AGLDUSDT-PENDLEUSDT
2026-01-19 12:27:27,684 - coint2.engine.numba_engine - INFO - Запуск Numba-оптимизированного бэктеста для FXSUSDT-XEMUSDT
2026-01-19 12:27:27,693 - coint2.engine.numba_engine - INFO - Запуск Numba-оптимизированного бэктеста для MOVRUSDT-TRVLUSDT
2026-01-19 12:27:27,700 - coint2.engine.numba_engine - INFO - Запуск Numba-оптимизированного бэктеста для AGLDUSDT-XEMUSDT
2026-01-19 12:27:27,701 - coint2.engine.numba_engine - INFO - Запуск Numba-оптимизированного бэктеста для PERPUSDT-STGUSDT
2026-01-19 12:27:27,701 - coint2.engine.numba_engine - INFO - Запуск Numba-оптимизированного бэктеста для CITYUSDT-OASUSDT
2026-01-19 12:27:27,705 - coint2.engine.numba_engine - INFO - Запуск Numba-оптимизированного бэктеста для AXSUSDT-GODSUSDT
2026-01-19 12:27:27,721 - coint2.engine.numba_engine - INFO - Запуск Numba-оптимизированного бэктеста для AGLDUSDT-BATUSDT
2026-01-19 12:27:27,725 - coint2.engine.numba_engine - INFO - Запуск Numba-оптимизированного бэктеста для AGLDUSDT-ICXUSDT
2026-01-19 12:27:27,725 - coint2.engine.numba_engine - INFO - Запуск Numba-оптимизированного бэктеста для CAKEUSDT-CTCUSDT
2026-01-19 12:27:27,728 - coint2.engine.numba_engine - INFO - Запуск Numba-оптимизированного бэктеста для LDOUSDT-SFUNDUSDT
2026-01-19 12:27:27,731 - coint2.engine.numba_engine - INFO - Запуск Numba-оптимизированного бэктеста для PERPUSDT-PRIMEUSDT
2026-01-19 12:27:27,747 - coint2.engine.numba_engine - INFO - Запуск Numba-оптимизированного бэктеста для LDOUSDC-SFUNDUSDT
2026-01-19 12:27:27,750 - coint2.engine.numba_engine - INFO - Запуск Numba-оптимизированного бэктеста для JUVUSDT-KAVAUSDT
2026-01-19 12:27:27,751 - coint2.engine.numba_engine - INFO - Запуск Numba-оптимизированного бэктеста для OMGUSDT-QTUMUSDT
2026-01-19 12:27:27,755 - coint2.engine.numba_engine - INFO - Запуск Numba-оптимизированного бэктеста для UMAUSDT-XAVAUSDT
2026-01-19 12:27:27,756 - coint2.engine.numba_engine - INFO - Запуск Numba-оптимизированного бэктеста для IMXUSDT-LTCEUR
2026-01-19 12:27:27,761 - coint2.engine.numba_engine - INFO - Запуск Numba-оптимизированного бэктеста для PERPUSDT-XLMUSDC
2026-01-19 12:27:27,774 - coint2.engine.numba_engine - INFO - Запуск Numba-оптимизированного бэктеста для NEARUSDT-NYMUSDT
2026-01-19 12:27:27,775 - coint2.engine.numba_engine - INFO - Запуск Numba-оптимизированного бэктеста для AGLAUSDT-SALDUSDT
2026-01-19 12:27:27,776 - coint2.engine.numba_engine - INFO - Запуск Numba-оптимизированного бэктеста для ETHWUSDT-RPLUSDT
2026-01-19 12:27:27,781 - coint2.engine.numba_engine - INFO - Запуск Numba-оптимизированного бэктеста для AVAUSDT-ERTHAUSDT
2026-01-19 12:27:27,782 - coint2.engine.numba_engine - INFO - Запуск Numba-оптимизированного бэктеста для JUVUSDT-STGUSDT
2026-01-19 12:27:27,785 - coint2.engine.numba_engine - INFO - Запуск Numba-оптимизированного бэктеста для JUVUSDT-XLMUSDT
2026-01-19 12:27:27,785 - coint2.engine.numba_engine - INFO - Запуск Numba-оптимизированного бэктеста для PERPUSDT-XLMUSDT
2026-01-19 12:27:27,788 - coint2.engine.numba_engine - INFO - Запуск Numba-оптимизированного бэктеста для AGLDUSDT-JSTUSDT
2026-01-19 12:27:27,799 - coint2.engine.numba_engine - INFO - Запуск Numba-оптимизированного бэктеста для ADAUSDC-LOOKSUSDT
2026-01-19 12:27:27,804 - coint2.engine.numba_engine - INFO - Запуск Numba-оптимизированного бэктеста для BLURUSDT-SCRTUSDT
2026-01-19 12:27:27,805 - coint2.engine.numba_engine - INFO - Запуск Numba-оптимизированного бэктеста для GMTUSDT-GODSUSDT
2026-01-19 12:27:27,809 - coint2.engine.numba_engine - INFO - Запуск Numba-оптимизированного бэктеста для ENJUSDT-ERTHAUSDT
2026-01-19 12:27:27,809 - coint2.engine.numba_engine - INFO - Запуск Numba-оптимизированного бэктеста для UMAUSDT-WAVESUSDT
2026-01-19 12:27:27,810 - coint2.engine.numba_engine - INFO - Запуск Numba-оптимизированного бэктеста для JUVUSDT-XLMUSDC
2026-01-19 12:27:27,810 - coint2.engine.numba_engine - INFO - Запуск Numba-оптимизированного бэктеста для ETHWUSDT-TRVLUSDT
2026-01-19 12:27:27,812 - coint2.engine.numba_engine - INFO - Запуск Numba-оптимизированного бэктеста для JUVUSDT-XETAUSDT
2026-01-19 12:27:27,823 - coint2.engine.numba_engine - INFO - Запуск Numba-оптимизированного бэктеста для CHZUSDT-PEOPLEUSDT
2026-01-19 12:27:27,829 - coint2.engine.numba_engine - INFO - Запуск Numba-оптимизированного бэктеста для C98USDT-ICXUSDT
2026-01-19 12:27:27,832 - coint2.engine.numba_engine - INFO - Запуск Numba-оптимизированного бэктеста для AGLAUSDT-COTUSDT
2026-01-19 12:27:27,833 - coint2.engine.numba_engine - INFO - Запуск Numba-оптимизированного бэктеста для ARBUSDC-IZIUSDT
2026-01-19 12:27:27,833 - coint2.engine.numba_engine - INFO - Запуск Numba-оптимизированного бэктеста для IDUSDT-RPLUSDT
2026-01-19 12:27:27,834 - coint2.engine.numba_engine - INFO - Запуск Numba-оптимизированного бэктеста для ARBUSDT-IZIUSDT
2026-01-19 12:27:27,836 - coint2.engine.numba_engine - INFO - Запуск Numba-оптимизированного бэктеста для BELUSDT-USTCUSDT
2026-01-19 12:27:27,839 - coint2.engine.numba_engine - INFO - Запуск Numba-оптимизированного бэктеста для GMTUSDC-GODSUSDT
2026-01-19 12:27:27,847 - coint2.engine.numba_engine - INFO - Запуск Numba-оптимизированного бэктеста для COTUSDT-GENEUSDT
2026-01-19 12:27:27,852 - coint2.engine.numba_engine - INFO - Запуск Numba-оптимизированного бэктеста для MVUSDT-XLMUSDT
2026-01-19 12:27:27,856 - coint2.engine.numba_engine - INFO - Запуск Numba-оптимизированного бэктеста для AGLAUSDT-GENEUSDT
2026-01-19 12:27:27,857 - coint2.engine.numba_engine - INFO - Запуск Numba-оптимизированного бэктеста для OMGUSDT-XRPEUR
2026-01-19 12:27:27,860 - coint2.engine.numba_engine - INFO - Запуск Numba-оптимизированного бэктеста для SOLOUSDT-TELUSDT
2026-01-19 12:27:27,861 - coint2.engine.numba_engine - INFO - Запуск Numba-оптимизированного бэктеста для KAVAUSDT-VELOUSDT
2026-01-19 12:27:27,862 - coint2.engine.numba_engine - INFO - Запуск Numba-оптимизированного бэктеста для FLOWUSDT-ROSEUSDT
2026-01-19 12:27:27,871 - coint2.engine.numba_engine - INFO - Запуск Numba-оптимизированного бэктеста для USDCUSDT-XCADUSDT
2026-01-19 12:27:27,874 - coint2.engine.numba_engine - INFO - Запуск Numba-оптимизированного бэктеста для BATUSDT-ICXUSDT
2026-01-19 12:27:27,875 - coint2.engine.numba_engine - INFO - Запуск Numba-оптимизированного бэктеста для GSTUSDT-MNTUSDC
2026-01-19 12:27:27,879 - coint2.engine.numba_engine - INFO - Запуск Numba-оптимизированного бэктеста для KASUSDT-KCALUSDT
2026-01-19 12:27:27,882 - coint2.engine.numba_engine - INFO - Запуск Numba-оптимизированного бэктеста для MVUSDT-XLMUSDC
2026-01-19 12:27:27,884 - coint2.engine.numba_engine - INFO - Запуск Numba-оптимизированного бэктеста для MANAUSDC-PEOPLEUSDT
2026-01-19 12:27:27,885 - coint2.engine.numba_engine - INFO - Запуск Numba-оптимизированного бэктеста для ADAEUR-LDOUSDT
2026-01-19 12:27:27,890 - coint2.engine.numba_engine - INFO - Запуск Numba-оптимизированного бэктеста для MANAUSDT-PEOPLEUSDT
2026-01-19 12:27:27,894 - coint2.engine.numba_engine - INFO - Запуск Numba-оптимизированного бэктеста для LADYSUSDT-SHIBUSDC
2026-01-19 12:27:27,898 - coint2.engine.numba_engine - INFO - Запуск Numba-оптимизированного бэктеста для ONEUSDT-WAVESUSDT
2026-01-19 12:27:27,902 - coint2.engine.numba_engine - INFO - Запуск Numba-оптимизированного бэктеста для HFTUSDC-HFTUSDT
2026-01-19 12:27:27,906 - coint2.engine.numba_engine - INFO - Запуск Numba-оптимизированного бэктеста для GSTUSDT-MNTUSDT
2026-01-19 12:27:27,906 - coint2.engine.numba_engine - INFO - Запуск Numba-оптимизированного бэктеста для MVUSDT-VELOUSDT
2026-01-19 12:27:27,908 - coint2.engine.numba_engine - INFO - Запуск Numba-оптимизированного бэктеста для DOGEUSDT-GODSUSDT
2026-01-19 12:27:27,910 - coint2.engine.numba_engine - INFO - Запуск Numba-оптимизированного бэктеста для ADAEUR-LDOUSDC
2026-01-19 12:27:27,917 - coint2.engine.numba_engine - INFO - Запуск Numba-оптимизированного бэктеста для ADAUSDT-LOOKSUSDT
2026-01-19 12:27:27,921 - coint2.engine.numba_engine - INFO - Запуск Numba-оптимизированного бэктеста для LADYSUSDT-SHIBUSDT
2026-01-19 12:27:27,926 - coint2.engine.numba_engine - INFO - Запуск Numba-оптимизированного бэктеста для GSTUSDT-VELOUSDT
2026-01-19 12:27:27,929 - coint2.engine.numba_engine - INFO - Запуск Numba-оптимизированного бэктеста для DAIUSDT-USDCUSDT
2026-01-19 12:27:27,929 - coint2.engine.numba_engine - INFO - Запуск Numba-оптимизированного бэктеста для GSTUSDT-MCRTUSDT
2026-01-19 12:27:27,931 - coint2.engine.numba_engine - INFO - Запуск Numba-оптимизированного бэктеста для MVUSDT-STGUSDT
2026-01-19 12:27:27,933 - coint2.engine.numba_engine - INFO - Запуск Numba-оптимизированного бэктеста для DOGEUSDC-GODSUSDT
2026-01-19 12:27:27,939 - coint2.engine.numba_engine - INFO - Запуск Numba-оптимизированного бэктеста для CHZUSDC-PEOPLEUSDT
2026-01-19 12:27:27,953 - coint2.engine.numba_engine - INFO - Запуск Numba-оптимизированного бэктеста для SLPUSDT-TELUSDT
2026-01-19 12:27:27,954 - coint2.engine.numba_engine - INFO - Запуск Numba-оптимизированного бэктеста для GSTUSDT-STGUSDT
2026-01-19 12:27:27,956 - coint2.engine.numba_engine - INFO - Запуск Numba-оптимизированного бэктеста для JSTUSDT-MVLUSDT
2026-01-19 12:27:27,956 - coint2.engine.numba_engine - INFO - Запуск Numba-оптимизированного бэктеста для DOMEUSDT-FMBUSDT
2026-01-19 12:27:27,963 - coint2.engine.numba_engine - INFO - Запуск Numba-оптимизированного бэктеста для DOGEEUR-DYDXUSDT
2026-01-19 12:27:27,977 - coint2.engine.numba_engine - INFO - Запуск Numba-оптимизированного бэктеста для LUNCUSDC-RVNUSDT
2026-01-19 12:27:27,979 - coint2.engine.numba_engine - INFO - Запуск Numba-оптимизированного бэктеста для GSTUSDT-MVUSDT
2026-01-19 12:27:27,986 - coint2.engine.numba_engine - INFO - Запуск Numba-оптимизированного бэктеста для FITFIUSDT-SCUSDT
2026-01-19 12:27:28,003 - coint2.engine.numba_engine - INFO - Запуск Numba-оптимизированного бэктеста для LUNCUSDT-RVNUSDT
2026-01-19 12:27:28,009 - coint2.engine.numba_engine - INFO - Запуск Numba-оптимизированного бэктеста для NFTUSDT-XECUSDT
2026-01-19 12:27:28,043 - INFO -   ⏱️ Параллельная обработка завершена за 0.5с (166.3 пар/с)
2026-01-19 12:27:28,081 - coint2.pipeline.walk_forward_orchestrator - INFO - 🎯 СИМУЛЯЦИЯ ПОРТФЕЛЯ: 90 пар, лимит 15 позиций
2026-01-19 12:27:28,854 - coint2.pipeline.walk_forward_orchestrator - INFO -    📈 Макс. одновременных сигналов: 37
2026-01-19 12:27:28,854 - coint2.pipeline.walk_forward_orchestrator - INFO -    📊 Средн. сигналов за период: 0.8
2026-01-19 12:27:28,854 - coint2.pipeline.walk_forward_orchestrator - INFO -    🎯 Финальных активных позиций: 0
2026-01-19 12:27:28,856 - coint2.pipeline.walk_forward_orchestrator - INFO -    ⚡ Утилизация лимита позиций: 5.3%
2026-01-19 12:27:28,856 - INFO - ⇠ WF-шаг 2/5 backtests — completed 90 items in 1.35s (66.5 items/s)
2026-01-19 12:27:28,856 - INFO -   ✅ Обработка завершена: 90 успешно, 0 с ошибками
2026-01-19 12:27:28,856 - INFO -   📊 Успешность: 100.0%, прибыльность: 57.8%, сделок/пара: 13.1
2026-01-19 12:27:28,856 - INFO -   ✅ Завершены бэктесты для 90 пар
2026-01-19 12:27:28,856 - INFO -   📊 Всего обработано пар в этом шаге: 90
2026-01-19 12:27:28,856 - INFO -   📈 Результаты шага: 52/90 прибыльных пар, 1183 сделок
2026-01-19 12:27:28,856 - INFO -   💰 P&L шага: $+402.52
2026-01-19 12:27:28,857 - INFO -   ⇢ Обновление капитала и дневного P&L...
2026-01-19 12:27:30,086 - INFO -   💼 Шаг P&L: $+402.52, Накопленный капитал: $10,890.89
2026-01-19 12:27:30,086 - INFO - ------------------------------------------------------------
2026-01-19 12:27:30,086 - INFO -   Walk-forward steps: 2 / 5 (40.0%) | 0.0 items/s | ETA: 247.7s
2026-01-19 12:27:30,086 - INFO - 🔍 WF-шаг 3/5: Валидация временных окон...
2026-01-19 12:27:30,086 - INFO - ⇢ WF-шаг 3/5: training 2023-10-01-2023-11-29, testing 2023-11-30-2023-12-30 — start
2026-01-19 12:27:30,087 - INFO - ⇢ loading step data — start
2026-01-19 12:27:30,262 - INFO - ⇠ loading step data — done in 0.18s
2026-01-19 12:27:31,658 - INFO - 📊 WF-шаг 3/5: Границы данных:
2026-01-19 12:27:31,658 - INFO -    Training: 2023-10-01 00:00:00 → 2023-11-29 23:45:00 (5,760 строк × 309 символов)
2026-01-19 12:27:31,658 - INFO -    Testing:  2023-11-30 00:00:00 → 2023-12-30 00:00:00 (2,881 строк × 309 символов)
2026-01-19 12:27:31,659 - INFO -    Временной разрыв: 0 days 00:15:00
2026-01-19 12:27:31,696 - INFO - ⇢ normalizing training data — start
2026-01-19 12:27:31,730 - INFO -   Символы с NaN значениями: 33
2026-01-19 12:27:31,730 - INFO -   Применяем метод нормализации: rolling_zscore
2026-01-19 12:27:31,744 - INFO - Символы с недостаточной историей: 32 из 309
2026-01-19 12:27:32,132 - INFO - Символы с NaN после нормализации: 277
2026-01-19 12:27:32,138 - INFO - Удалено 233 начальных строк с NaN от rolling расчетов
2026-01-19 12:27:32,140 - INFO - Итоговое количество символов после нормализации: 277 из 309
2026-01-19 12:27:32,140 - INFO -   Статистика нормализации:
2026-01-19 12:27:32,140 - INFO -     Исходные символы: 309
2026-01-19 12:27:32,140 - INFO -     Недостаточная история: 32
2026-01-19 12:27:32,140 - INFO -     Постоянная цена: 0
2026-01-19 12:27:32,140 - INFO -     NaN после нормализации: 277
2026-01-19 12:27:32,140 - INFO -     Итоговые символы: 277 (89.6%)
2026-01-19 12:27:32,140 - INFO -   После нормализации: 277 символов (потеряно 32)
2026-01-19 12:27:32,140 - INFO -   Отброшено много символов: 32 из 309
2026-01-19 12:27:32,140 - INFO - ⇠ normalizing training data — done in 0.44s
2026-01-19 12:27:32,142 - INFO - ⇢ SSD computation — start
2026-01-19 12:27:32,142 - INFO -   Расчет SSD для всех пар (без ограничения)
2026-01-19 12:27:34,722 - INFO -   SSD результат (все пары): 38226 пар
2026-01-19 12:27:34,722 - INFO - ⇠ SSD computation — done in 2.58s
2026-01-19 12:27:34,733 - INFO - ⇢ filtering pairs by cointegration and half-life — start
2026-01-19 12:27:34,734 - INFO - [ФИЛЬТР] Параллельная фильтрация: processes (8 workers)
⚙️  Загрузка данных за период: 2023-10-01 -> 2023-12-30
📂 Найдено 43 parquet файлов для обработки.
📊 Схема данных: Schema({'timestamp': Int64, 'open': Float64, 'high': Float64, 'low': Float64, 'close': Float64, 'volume': Float64, 'turnover': String, 'ts_ms': Int64, 'symbol': String})
✅ Загружено 2499894 записей с помощью Polars.
📊 Типы данных в pandas: timestamp       datetime64[us]
symbol                  object
close                  float64
timestamp_ms             int64
dtype: object
2026-01-19 12:28:49,524 - INFO - [ФИЛЬТР] После проверки данных: 38226 пар
2026-01-19 12:28:49,524 - INFO - [ФИЛЬТР] После фильтра корреляции (>0.45): 27697 пар
2026-01-19 12:28:49,524 - INFO - [ФИЛЬТР] После фильтра beta: 19115 пар
2026-01-19 12:28:49,524 - INFO - [ФИЛЬТР] После фильтра mean crossings: 19115 пар
2026-01-19 12:28:49,524 - INFO - [ФИЛЬТР] После фильтра half-life: 18977 пар
2026-01-19 12:28:49,524 - INFO - [ФИЛЬТР] После фильтра коинтеграции: 6013 пар
2026-01-19 12:28:49,524 - INFO - [ФИЛЬТР] После фильтра Hurst: 3976 пар
2026-01-19 12:28:49,524 - INFO - [ФИЛЬТР] После фильтра KPSS: 135 пар
2026-01-19 12:28:49,524 - INFO - [ФИЛЬТР] После фильтра market microstructure: 135 пар
2026-01-19 12:28:49,524 - INFO - [ФИЛЬТР] Статистика фильтрации (оптимизированный порядок):
2026-01-19 12:28:49,524 - INFO -   1. SSD → Коинтеграция: 38226 → 6013 пар
2026-01-19 12:28:49,524 - INFO -   2. Коинтеграция → Beta: 6013 → 19115 пар
2026-01-19 12:28:49,524 - INFO -   3. Beta → Half-life: 19115 → 18977 пар
2026-01-19 12:28:49,524 - INFO -   4. Half-life → Mean crossings: 18977 → 19115 пар
2026-01-19 12:28:49,524 - INFO -   5. Mean crossings → Hurst: 19115 → 3976 пар
2026-01-19 12:28:49,524 - INFO -   6. Hurst → KPSS: 3976 → 135 пар
2026-01-19 12:28:49,524 - INFO -   7. KPSS → Market microstructure: 135 → 135 пар
2026-01-19 12:28:49,524 - INFO - [ФИЛЬТР] Причины отсева:
2026-01-19 12:28:49,524 - INFO -   • pvalue: 12964 пар (33.9%)
2026-01-19 12:28:49,524 - INFO -   • low_correlation: 10529 пар (27.5%)
2026-01-19 12:28:49,524 - INFO -   • beta: 8582 пар (22.5%)
2026-01-19 12:28:49,524 - INFO -   • kpss: 3841 пар (10.0%)
2026-01-19 12:28:49,524 - INFO -   • hurst: 2037 пар (5.3%)
2026-01-19 12:28:49,524 - INFO -   • half_life: 138 пар (0.4%)
2026-01-19 12:28:49,524 - INFO - [ФИЛЬТР] Итого: 38226 → 135 пар (0.4% прошли все фильтры)
2026-01-19 12:28:49,578 - INFO - Причины отсева сохранены в results/filter_reasons_20260119_122849.csv
2026-01-19 12:28:49,585 - INFO -   Pair stability filter: 135 → 0 (window=3, min_steps=2, history=2)
2026-01-19 12:28:49,585 - INFO -   Фильтрация: 38226 → 0 пар
2026-01-19 12:28:49,585 - INFO - ⇠ filtering pairs by cointegration and half-life — done in 74.85s
2026-01-19 12:28:49,585 - INFO - ⇠ WF-шаг 3/5: training 2023-10-01-2023-11-29, testing 2023-11-30-2023-12-30 — done in 79.50s
2026-01-19 12:28:49,585 - INFO -   Всего пар для торговли: 0 (ограничение 15 применяется к одновременно открытым позициям)
2026-01-19 12:28:49,585 - INFO -   💰 Проверка расчета капитала: equity=$10,890.89, кандидатных_пар=0, max_позиций=15
2026-01-19 12:28:49,585 - INFO -   🎯 Target concurrency: 0 (ожидаемое одновременное число позиций)
2026-01-19 12:28:49,586 - INFO -   💼 Шаг P&L: $+0.00, Накопленный капитал: $10,890.89
2026-01-19 12:28:49,586 - INFO - ------------------------------------------------------------
2026-01-19 12:28:49,586 - INFO -   Walk-forward steps: 3 / 5 (60.0%) | 0.0 items/s | ETA: 163.1s
2026-01-19 12:28:49,586 - INFO - 🔍 WF-шаг 4/5: Валидация временных окон...
2026-01-19 12:28:49,587 - INFO - ⇢ WF-шаг 4/5: training 2023-10-31-2023-12-29, testing 2023-12-30-2024-01-29 — start
2026-01-19 12:28:49,587 - INFO - ⇢ loading step data — start
2026-01-19 12:28:49,768 - INFO - ⇠ loading step data — done in 0.18s
2026-01-19 12:28:51,153 - INFO - 📊 WF-шаг 4/5: Границы данных:
2026-01-19 12:28:51,153 - INFO -    Training: 2023-10-31 00:00:00 → 2023-12-29 23:45:00 (5,760 строк × 327 символов)
2026-01-19 12:28:51,153 - INFO -    Testing:  2023-12-30 00:00:00 → 2024-01-29 00:00:00 (2,881 строк × 327 символов)
2026-01-19 12:28:51,153 - INFO -    Временной разрыв: 0 days 00:15:00
2026-01-19 12:28:51,193 - INFO - ⇢ normalizing training data — start
2026-01-19 12:28:51,229 - INFO -   Символы с NaN значениями: 45
2026-01-19 12:28:51,229 - INFO -   Применяем метод нормализации: rolling_zscore
2026-01-19 12:28:51,244 - INFO - Символы с недостаточной историей: 40 из 327
2026-01-19 12:28:51,635 - INFO - Символы с NaN после нормализации: 287
2026-01-19 12:28:51,641 - INFO - Удалено 809 начальных строк с NaN от rolling расчетов
2026-01-19 12:28:51,643 - INFO - Итоговое количество символов после нормализации: 287 из 327
2026-01-19 12:28:51,643 - INFO -   Статистика нормализации:
2026-01-19 12:28:51,643 - INFO -     Исходные символы: 327
2026-01-19 12:28:51,643 - INFO -     Недостаточная история: 40
2026-01-19 12:28:51,643 - INFO -     Постоянная цена: 0
2026-01-19 12:28:51,643 - INFO -     NaN после нормализации: 287
2026-01-19 12:28:51,643 - INFO -     Итоговые символы: 287 (87.8%)
2026-01-19 12:28:51,643 - INFO -   После нормализации: 287 символов (потеряно 40)
2026-01-19 12:28:51,643 - INFO -   Отброшено много символов: 40 из 327
2026-01-19 12:28:51,643 - INFO - ⇠ normalizing training data — done in 0.45s
2026-01-19 12:28:51,645 - INFO - ⇢ SSD computation — start
2026-01-19 12:28:51,645 - INFO -   Расчет SSD для всех пар (без ограничения)
2026-01-19 12:28:53,854 - INFO -   SSD результат (все пары): 41041 пар
2026-01-19 12:28:53,854 - INFO - ⇠ SSD computation — done in 2.21s
2026-01-19 12:28:53,866 - INFO - ⇢ filtering pairs by cointegration and half-life — start
2026-01-19 12:28:53,866 - INFO - [ФИЛЬТР] Параллельная фильтрация: processes (8 workers)
⚙️  Загрузка данных за период: 2023-10-31 -> 2024-01-29
📂 Найдено 43 parquet файлов для обработки.
📊 Схема данных: Schema({'timestamp': Int64, 'open': Float64, 'high': Float64, 'low': Float64, 'close': Float64, 'volume': Float64, 'turnover': String, 'ts_ms': Int64, 'symbol': String})
✅ Загружено 2615053 записей с помощью Polars.
📊 Типы данных в pandas: timestamp       datetime64[us]
symbol                  object
close                  float64
timestamp_ms             int64
dtype: object
2026-01-19 12:30:06,864 - INFO - [ФИЛЬТР] После проверки данных: 41041 пар
2026-01-19 12:30:06,865 - INFO - [ФИЛЬТР] После фильтра корреляции (>0.45): 26199 пар
2026-01-19 12:30:06,865 - INFO - [ФИЛЬТР] После фильтра beta: 17817 пар
2026-01-19 12:30:06,865 - INFO - [ФИЛЬТР] После фильтра mean crossings: 17817 пар
2026-01-19 12:30:06,865 - INFO - [ФИЛЬТР] После фильтра half-life: 17721 пар
2026-01-19 12:30:06,865 - INFO - [ФИЛЬТР] После фильтра коинтеграции: 5528 пар
2026-01-19 12:30:06,865 - INFO - [ФИЛЬТР] После фильтра Hurst: 4042 пар
2026-01-19 12:30:06,865 - INFO - [ФИЛЬТР] После фильтра KPSS: 124 пар
2026-01-19 12:30:06,865 - INFO - [ФИЛЬТР] После фильтра market microstructure: 124 пар
2026-01-19 12:30:06,865 - INFO - [ФИЛЬТР] Статистика фильтрации (оптимизированный порядок):
2026-01-19 12:30:06,865 - INFO -   1. SSD → Коинтеграция: 41041 → 5528 пар
2026-01-19 12:30:06,865 - INFO -   2. Коинтеграция → Beta: 5528 → 17817 пар
2026-01-19 12:30:06,865 - INFO -   3. Beta → Half-life: 17817 → 17721 пар
2026-01-19 12:30:06,865 - INFO -   4. Half-life → Mean crossings: 17721 → 17817 пар
2026-01-19 12:30:06,865 - INFO -   5. Mean crossings → Hurst: 17817 → 4042 пар
2026-01-19 12:30:06,865 - INFO -   6. Hurst → KPSS: 4042 → 124 пар
2026-01-19 12:30:06,865 - INFO -   7. KPSS → Market microstructure: 124 → 124 пар
2026-01-19 12:30:06,865 - INFO - [ФИЛЬТР] Причины отсева:
2026-01-19 12:30:06,865 - INFO -   • low_correlation: 14842 пар (36.2%)
2026-01-19 12:30:06,865 - INFO -   • pvalue: 12193 пар (29.7%)
2026-01-19 12:30:06,865 - INFO -   • beta: 8382 пар (20.4%)
2026-01-19 12:30:06,865 - INFO -   • kpss: 3918 пар (9.5%)
2026-01-19 12:30:06,865 - INFO -   • hurst: 1486 пар (3.6%)
2026-01-19 12:30:06,865 - INFO -   • half_life: 96 пар (0.2%)
2026-01-19 12:30:06,865 - INFO - [ФИЛЬТР] Итого: 41041 → 124 пар (0.3% прошли все фильтры)
2026-01-19 12:30:06,922 - INFO - Причины отсева сохранены в results/filter_reasons_20260119_123006.csv
2026-01-19 12:30:06,929 - INFO -   Pair stability filter: 124 → 0 (window=3, min_steps=2, history=3)
2026-01-19 12:30:06,929 - INFO -   Фильтрация: 41041 → 0 пар
2026-01-19 12:30:06,929 - INFO - ⇠ filtering pairs by cointegration and half-life — done in 73.06s
2026-01-19 12:30:06,929 - INFO - ⇠ WF-шаг 4/5: training 2023-10-31-2023-12-29, testing 2023-12-30-2024-01-29 — done in 77.34s
2026-01-19 12:30:06,929 - INFO -   Всего пар для торговли: 0 (ограничение 15 применяется к одновременно открытым позициям)
2026-01-19 12:30:06,930 - INFO -   💰 Проверка расчета капитала: equity=$10,890.89, кандидатных_пар=0, max_позиций=15
2026-01-19 12:30:06,930 - INFO -   🎯 Target concurrency: 0 (ожидаемое одновременное число позиций)
2026-01-19 12:30:06,930 - INFO -   💼 Шаг P&L: $+0.00, Накопленный капитал: $10,890.89
2026-01-19 12:30:06,930 - INFO - ------------------------------------------------------------
2026-01-19 12:30:06,930 - INFO -   Walk-forward steps: 4 / 5 (80.0%) | 0.0 items/s | ETA: 80.5s
2026-01-19 12:30:06,930 - INFO - 🔍 WF-шаг 5/5: Валидация временных окон...
2026-01-19 12:30:06,931 - INFO - ⇢ WF-шаг 5/5: training 2023-11-30-2024-01-28, testing 2024-01-29-2024-02-28 — start
2026-01-19 12:30:06,931 - INFO - ⇢ loading step data — start
2026-01-19 12:30:07,119 - INFO - ⇠ loading step data — done in 0.19s
2026-01-19 12:30:08,573 - INFO - 📊 WF-шаг 5/5: Границы данных:
2026-01-19 12:30:08,573 - INFO -    Training: 2023-11-30 00:00:00 → 2024-01-28 23:45:00 (5,760 строк × 344 символов)
2026-01-19 12:30:08,573 - INFO -    Testing:  2024-01-29 00:00:00 → 2024-02-28 00:00:00 (2,881 строк × 344 символов)
2026-01-19 12:30:08,573 - INFO -    Временной разрыв: 0 days 00:15:00
2026-01-19 12:30:08,615 - INFO - ⇢ normalizing training data — start
2026-01-19 12:30:08,652 - INFO -   Символы с NaN значениями: 52
2026-01-19 12:30:08,652 - INFO -   Применяем метод нормализации: rolling_zscore
2026-01-19 12:30:08,668 - INFO - Символы с недостаточной историей: 44 из 344
2026-01-19 12:30:09,080 - INFO - Символы с NaN после нормализации: 300
2026-01-19 12:30:09,086 - INFO - Удалено 809 начальных строк с NaN от rolling расчетов
2026-01-19 12:30:09,088 - INFO - Итоговое количество символов после нормализации: 300 из 344
2026-01-19 12:30:09,089 - INFO -   Статистика нормализации:
2026-01-19 12:30:09,089 - INFO -     Исходные символы: 344
2026-01-19 12:30:09,089 - INFO -     Недостаточная история: 44
2026-01-19 12:30:09,089 - INFO -     Постоянная цена: 0
2026-01-19 12:30:09,089 - INFO -     NaN после нормализации: 300
2026-01-19 12:30:09,089 - INFO -     Итоговые символы: 300 (87.2%)
2026-01-19 12:30:09,089 - INFO -   После нормализации: 300 символов (потеряно 44)
2026-01-19 12:30:09,089 - INFO -   Отброшено много символов: 44 из 344
2026-01-19 12:30:09,089 - INFO - ⇠ normalizing training data — done in 0.47s
2026-01-19 12:30:09,090 - INFO - ⇢ SSD computation — start
2026-01-19 12:30:09,091 - INFO -   Расчет SSD для всех пар (без ограничения)
2026-01-19 12:30:11,770 - INFO -   SSD результат (все пары): 44850 пар
2026-01-19 12:30:11,770 - INFO - ⇠ SSD computation — done in 2.68s
2026-01-19 12:30:11,783 - INFO - ⇢ filtering pairs by cointegration and half-life — start
2026-01-19 12:30:11,783 - INFO - [ФИЛЬТР] Параллельная фильтрация: processes (8 workers)
⚙️  Загрузка данных за период: 2023-11-30 -> 2024-02-28
📂 Найдено 43 parquet файлов для обработки.
📊 Схема данных: Schema({'timestamp': Int64, 'open': Float64, 'high': Float64, 'low': Float64, 'close': Float64, 'volume': Float64, 'turnover': String, 'ts_ms': Int64, 'symbol': String})
✅ Загружено 2755343 записей с помощью Polars.
📊 Типы данных в pandas: timestamp       datetime64[us]
symbol                  object
close                  float64
timestamp_ms             int64
dtype: object
2026-01-19 12:31:19,417 - INFO - [ФИЛЬТР] После проверки данных: 44850 пар
2026-01-19 12:31:19,417 - INFO - [ФИЛЬТР] После фильтра корреляции (>0.45): 14952 пар
2026-01-19 12:31:19,417 - INFO - [ФИЛЬТР] После фильтра beta: 10710 пар
2026-01-19 12:31:19,417 - INFO - [ФИЛЬТР] После фильтра mean crossings: 10710 пар
2026-01-19 12:31:19,417 - INFO - [ФИЛЬТР] После фильтра half-life: 10679 пар
2026-01-19 12:31:19,417 - INFO - [ФИЛЬТР] После фильтра коинтеграции: 5775 пар
2026-01-19 12:31:19,417 - INFO - [ФИЛЬТР] После фильтра Hurst: 4556 пар
2026-01-19 12:31:19,417 - INFO - [ФИЛЬТР] После фильтра KPSS: 115 пар
2026-01-19 12:31:19,417 - INFO - [ФИЛЬТР] После фильтра market microstructure: 115 пар
2026-01-19 12:31:19,417 - INFO - [ФИЛЬТР] Статистика фильтрации (оптимизированный порядок):
2026-01-19 12:31:19,417 - INFO -   1. SSD → Коинтеграция: 44850 → 5775 пар
2026-01-19 12:31:19,417 - INFO -   2. Коинтеграция → Beta: 5775 → 10710 пар
2026-01-19 12:31:19,417 - INFO -   3. Beta → Half-life: 10710 → 10679 пар
2026-01-19 12:31:19,417 - INFO -   4. Half-life → Mean crossings: 10679 → 10710 пар
2026-01-19 12:31:19,417 - INFO -   5. Mean crossings → Hurst: 10710 → 4556 пар
2026-01-19 12:31:19,417 - INFO -   6. Hurst → KPSS: 4556 → 115 пар
2026-01-19 12:31:19,417 - INFO -   7. KPSS → Market microstructure: 115 → 115 пар
2026-01-19 12:31:19,417 - INFO - [ФИЛЬТР] Причины отсева:
2026-01-19 12:31:19,417 - INFO -   • low_correlation: 29898 пар (66.7%)
2026-01-19 12:31:19,417 - INFO -   • pvalue: 4904 пар (10.9%)
2026-01-19 12:31:19,417 - INFO -   • kpss: 4441 пар (9.9%)
2026-01-19 12:31:19,417 - INFO -   • beta: 4242 пар (9.5%)
2026-01-19 12:31:19,417 - INFO -   • hurst: 1219 пар (2.7%)
2026-01-19 12:31:19,417 - INFO -   • half_life: 31 пар (0.1%)
2026-01-19 12:31:19,417 - INFO - [ФИЛЬТР] Итого: 44850 → 115 пар (0.3% прошли все фильтры)
2026-01-19 12:31:19,492 - INFO - Причины отсева сохранены в results/filter_reasons_20260119_123119.csv
2026-01-19 12:31:19,500 - INFO -   Pair stability filter: 115 → 1 (window=3, min_steps=2, history=4)
2026-01-19 12:31:19,501 - INFO -   Фильтрация: 44850 → 1 пар
2026-01-19 12:31:19,501 - INFO - ⇠ filtering pairs by cointegration and half-life — done in 67.72s
2026-01-19 12:31:19,501 - INFO - ⇠ WF-шаг 5/5: training 2023-11-30-2024-01-28, testing 2024-01-29-2024-02-28 — done in 72.57s
2026-01-19 12:31:19,501 - INFO -   Топ-3 пары по волатильности спреда:
2026-01-19 12:31:19,501 - INFO -     1. ETHDAI-STETHUSDT: beta=0.9934, std=13.3291
2026-01-19 12:31:19,501 - INFO -   Всего пар для торговли: 1 (ограничение 15 применяется к одновременно открытым позициям)
2026-01-19 12:31:19,501 - INFO -   💰 Проверка расчета капитала: equity=$10,890.89, кандидатных_пар=1, max_позиций=15
2026-01-19 12:31:19,501 - INFO -   🎯 Target concurrency: 1 (ожидаемое одновременное число позиций)
2026-01-19 12:31:19,501 - INFO -   📊 Детали расчета капитала:
2026-01-19 12:31:19,501 - INFO -      • Базовый капитал на пару: $10,890.89 (equity / target_concurrency)
2026-01-19 12:31:19,502 - INFO -      • Риск-капитал: $163.36 (1.5% от equity)
2026-01-19 12:31:19,502 - INFO -      • Макс. размер позиции: $217.82 (2.0% от equity)
2026-01-19 12:31:19,502 - INFO -      • Итоговый капитал на пару: $163.36
2026-01-19 12:31:19,502 - INFO - ⇢ WF-шаг 5/5 backtests — starting 1 items
2026-01-19 12:31:19,502 - INFO - 🚀 WF-шаг 5/5: Начинаем бэктесты для 1 пар...
2026-01-19 12:31:19,502 - INFO - 🚀 WF-шаг 5/5: Запускаем параллельную обработку 1 пар на 8 ядрах...
2026-01-19 12:31:19,502 - INFO - 🚀 WF-шаг 5/5: Режим параллельности: процессы
2026-01-19 12:31:19,516 - coint2.engine.numba_engine - INFO - Запуск Numba-оптимизированного бэктеста для ETHDAI-STETHUSDT
2026-01-19 12:31:19,576 - INFO -   ⏱️ Параллельная обработка завершена за 0.1с (13.5 пар/с)
2026-01-19 12:31:19,578 - coint2.pipeline.walk_forward_orchestrator - INFO - 🎯 СИМУЛЯЦИЯ ПОРТФЕЛЯ: 1 пар, лимит 15 позиций
2026-01-19 12:31:19,878 - coint2.pipeline.walk_forward_orchestrator - INFO -    📈 Макс. одновременных сигналов: 1
2026-01-19 12:31:19,878 - coint2.pipeline.walk_forward_orchestrator - INFO -    📊 Средн. сигналов за период: 0.0
2026-01-19 12:31:19,879 - coint2.pipeline.walk_forward_orchestrator - INFO -    🎯 Финальных активных позиций: 0
2026-01-19 12:31:19,880 - coint2.pipeline.walk_forward_orchestrator - INFO -    ⚡ Утилизация лимита позиций: 0.1%
2026-01-19 12:31:19,880 - INFO - ⇠ WF-шаг 5/5 backtests — completed 1 items in 0.38s (2.6 items/s)
2026-01-19 12:31:19,880 - INFO -   ✅ Обработка завершена: 1 успешно, 0 с ошибками
2026-01-19 12:31:19,880 - INFO -   📊 Успешность: 100.0%, прибыльность: 100.0%, сделок/пара: 21.0
2026-01-19 12:31:19,880 - INFO -   ✅ Завершены бэктесты для 1 пар
2026-01-19 12:31:19,880 - INFO -   📊 Всего обработано пар в этом шаге: 1
2026-01-19 12:31:19,880 - INFO -   📈 Результаты шага: 1/1 прибыльных пар, 21 сделок
2026-01-19 12:31:19,880 - INFO -   💰 P&L шага: $+3.46
2026-01-19 12:31:19,881 - INFO -   ⇢ Обновление капитала и дневного P&L...
2026-01-19 12:31:21,428 - INFO -   💼 Шаг P&L: $+3.46, Накопленный капитал: $10,894.35
2026-01-19 12:31:21,428 - INFO - ------------------------------------------------------------
2026-01-19 12:31:21,428 - INFO -   Walk-forward steps: 5 / 5 (100.0%) | 0.0 items/s | ETA: 0.0s
2026-01-19 12:31:21,429 - INFO - ⇠ Walk-forward steps — completed 5 items in 396.50s (0.0 items/s)
2026-01-19 12:31:21,429 - INFO - ================================================================================
2026-01-19 12:31:21,429 - INFO - 🏁 Walk-forward анализ завершен!
2026-01-19 12:31:21,429 - INFO - ⏱️ Обработано 5 шагов за 1.9 секунд
2026-01-19 12:31:21,429 - INFO - 📊 Всего обработано пар за весь анализ: 303
2026-01-19 12:31:21,429 - INFO - 💰 Финальный капитал: $10,894.35 (было $10,000.00)
2026-01-19 12:31:21,429 - INFO - 📈 Общая доходность: +8.94% ($+894.35)
2026-01-19 12:31:21,429 - INFO - 📊 Всего сделок: 0
2026-01-19 12:31:21,429 - INFO - ================================================================================
2026-01-19 12:31:21,429 - INFO - ✓ Завершены все 5 WF-шагов
2026-01-19 12:31:21,429 - INFO - ⇢ Обработка финальных результатов и расчет метрик...
2026-01-19 12:31:21,429 - INFO - ⇢ processing final results — start
2026-01-19 12:31:21,429 - INFO -   ⇢ Агрегация данных P&L за 8643 торговых дней
2026-01-19 12:31:21,454 - INFO -   ⇢ Расчет базовых метрик производительности...
2026-01-19 12:31:21,454 - INFO -     📊 Данные для анализа: 8643 записей P&L, 8642 точек equity
2026-01-19 12:31:21,456 - INFO -   ⇢ Расчет расширенных метрик (волатильность, Calmar ratio, и др.)...
2026-01-19 12:31:21,457 - INFO -   ✅ Расширенные метрики рассчитаны: 6 показателей
2026-01-19 12:31:21,457 - INFO -   ⇢ Анализ статистики по 303 парам...
2026-01-19 12:31:21,459 - INFO - ✅ Рассчитаны метрики производительности (19 показателей)
2026-01-19 12:31:21,460 - INFO -   💰 Общий P&L: $+894.35
2026-01-19 12:31:21,460 - INFO -   📊 Sharpe Ratio: 5.359
2026-01-19 12:31:21,460 - INFO -   📉 Максимальная просадка: -12345.70%
2026-01-19 12:31:21,460 - INFO -   🔄 Всего сделок: 5193
2026-01-19 12:31:21,460 - INFO -   📈 Торгуемых пар: 303
2026-01-19 12:31:21,460 - INFO -   💸 Общие издержки: $183.24
2026-01-19 12:31:21,460 - coint2.metrics - INFO - Metric: total_pnl
2026-01-19 12:31:21,461 - coint2.metrics - INFO - Metric: sharpe_ratio_abs
2026-01-19 12:31:21,461 - coint2.metrics - INFO - Metric: max_drawdown_pct
2026-01-19 12:31:21,461 - coint2.metrics - INFO - Metric: total_trades
2026-01-19 12:31:21,461 - coint2.metrics - INFO - Metric: total_pairs_traded
2026-01-19 12:31:21,461 - coint2.metrics - INFO - Metric: total_costs
2026-01-19 12:31:21,462 - INFO - ⇠ processing final results — done in 0.03s
2026-01-19 12:31:21,462 - INFO - ⇢ Создание отчетов и сохранение результатов...
2026-01-19 12:31:21,462 - INFO - ⇢ generating reports — start
2026-01-19 12:31:21,462 - INFO -   ⇢ Создание отчета о производительности...
2026-01-19 12:31:26,041 - INFO -   ✓ Отчет о производительности создан
2026-01-19 12:31:26,041 - INFO -   ⇢ Сохранение данных в CSV файлы...
2026-01-19 12:31:26,043 - INFO - 📋 Метрики сохранены: artifacts/wfa/runs/20260119_stability_relaxed6/stability_relaxed6_20260119_pv0p12_hurst0p7_hl0p02_60_corr0p45_ssd50000_kpss0p05_w3m2/strategy_metrics.csv
2026-01-19 12:31:26,044 - INFO - 📈 Дневные P&L сохранены: artifacts/wfa/runs/20260119_stability_relaxed6/stability_relaxed6_20260119_pv0p12_hurst0p7_hl0p02_60_corr0p45_ssd50000_kpss0p05_w3m2/daily_pnl.csv (92 записей)
2026-01-19 12:31:26,075 - INFO - 💹 Кривая капитала сохранена: artifacts/wfa/runs/20260119_stability_relaxed6/stability_relaxed6_20260119_pv0p12_hurst0p7_hl0p02_60_corr0p45_ssd50000_kpss0p05_w3m2/equity_curve.csv (8642 точек)
2026-01-19 12:31:26,081 - INFO - 📋 Статистика сделок сохранена: artifacts/wfa/runs/20260119_stability_relaxed6/stability_relaxed6_20260119_pv0p12_hurst0p7_hl0p02_60_corr0p45_ssd50000_kpss0p05_w3m2/trade_statistics.csv (303 записей)
2026-01-19 12:31:26,081 - INFO - 🎉 Walk-Forward анализ полностью завершен!
2026-01-19 12:31:26,081 - INFO - 📊 Все отчеты и данные сохранены в: artifacts/wfa/runs/20260119_stability_relaxed6/stability_relaxed6_20260119_pv0p12_hurst0p7_hl0p02_60_corr0p45_ssd50000_kpss0p05_w3m2
2026-01-19 12:31:26,081 - INFO - 💼 Итоговый капитал: $10,894.35
2026-01-19 12:31:26,082 - INFO - ⏱️  Общее время выполнения: 6.6 секунд
2026-01-19 12:31:26,082 - INFO - ⇠ generating reports — done in 4.62s
2026-01-19 12:31:26,082 - coint2.core.memory_optimization - INFO - 🧹 Cleaning up global price data
2026-01-19 12:31:26,085 - coint2.core.memory_optimization - INFO - 📊 No global rolling stats to clean up
2026-01-19 12:31:26,085 - INFO - 🧹 Memory-mapped data cleaned up
2026-01-19 12:31:26,087 - INFO - ⇠ run_walk_forward_analysis — done in 408.31s
📊 Отчет сохранен: artifacts/wfa/runs/20260119_stability_relaxed6/stability_relaxed6_20260119_pv0p12_hurst0p7_hl0p02_60_corr0p45_ssd50000_kpss0p05_w3m2/CointegrationStrategy_performance_report.png
🎯 ============================================================
📊 ИТОГИ ТОРГОВОЙ СТРАТЕГИИ
🎯 ============================================================

💰 ФИНАНСОВЫЕ РЕЗУЛЬТАТЫ:
   • Общий P&L:                          894
   • Максимальная просадка:             -123
   • Средний дневной P&L:                 10

📈 МЕТРИКИ РИСКА:
   • Коэффициент Шарпа:               5.3588
   • Волатильность P&L:                33.20
   • Процент прибыльных дней:         51.09%

🔄 ТОРГОВАЯ АКТИВНОСТЬ:
   • Всего торговых дней:                 92
   • Всего сделок:                     5,193
   • Торгуемых пар:                      303
   • Сделок на пару:                    17.1
   • Успешность сделок:               0.30%

💸 РАСХОДЫ И ЭКСТРЕМУМЫ:
   • Общие расходы:                      183
   • Максимальная прибыль:               178
   • Максимальный убыток:                -68
   • Лучшая пара (P&L):                   94
   • Худшая пара (P&L):                  -72

📊 ОЦЕНКА СТРАТЕГИИ:
   ✅ ОТЛИЧНАЯ стратегия! Высокий Шарп и положительный результат

🎯 ============================================================

Annualized Sharpe Ratio: 5.358839154030028
[run_wfa_fullcpu] end: 2026-01-19T12:31:27Z
