[run_wfa_queue] 2026-01-19T08:47:20Z cmd: /opt/coint4/coint4/run_wfa_fullcpu.sh configs/stability_20260119_relaxed3/stability_relaxed3_20260119_pv0p08_hurst0p65_hl0p02_60_corr0p5_ssd50000_st1.yaml artifacts/wfa/runs/20260119_stability_relaxed3/stability_relaxed3_20260119_pv0p08_hurst0p65_hl0p02_60_corr0p5_ssd50000_st1
[run_wfa_fullcpu] start: 2026-01-19T08:47:20Z
[run_wfa_fullcpu] os.cpu_count: 8
[run_wfa_fullcpu] worker_pid=1283
2026-01-19 08:47:23,584 - coint2.core.memory_optimization - INFO - ✅ BLAS threading limits set to 1 via threadpoolctl
2026-01-19 08:47:23,584 - coint2.core.memory_optimization - INFO - 🔧 Controlled libraries: openblas, openmp
2026-01-19 08:47:23,584 - coint2.core.memory_optimization - INFO - 🧵 Process threads: 2 → 2
2026-01-19 08:47:23,584 - coint2.core.memory_optimization - INFO - 📝 Set 11 environment variables
2026-01-19 08:47:23,933 - INFO - ✅ Параметры конфигурации валидны
2026-01-19 08:47:23,933 - INFO - 📝 Некоторые параметры были скорректированы:
2026-01-19 08:47:23,934 - INFO - 🧭 WFA: динамический отбор пар на каждом шаге
2026-01-19 08:47:23,934 - INFO -   Шаг 1: тренировка 2023-08-02-2023-09-30, тест 2023-10-01-2023-10-31
2026-01-19 08:47:23,934 - INFO -   Шаг 2: тренировка 2023-09-01-2023-10-30, тест 2023-10-31-2023-11-30
2026-01-19 08:47:23,934 - INFO -   Шаг 3: тренировка 2023-10-01-2023-11-29, тест 2023-11-30-2023-12-30
2026-01-19 08:47:23,934 - INFO -   Шаг 4: тренировка 2023-10-31-2023-12-29, тест 2023-12-30-2024-01-29
2026-01-19 08:47:23,934 - INFO -   Шаг 5: тренировка 2023-11-30-2024-01-28, тест 2024-01-29-2024-02-28
2026-01-19 08:47:23,934 - INFO -   Шаг 6: тренировка 2023-12-30-2024-02-27, тест 2024-02-28-2024-03-29
2026-01-19 08:47:23,934 - INFO -   Шаг 7: тренировка 2024-01-29-2024-03-28, тест 2024-03-29-2024-04-28
2026-01-19 08:47:23,934 - INFO -   Шаг 8: тренировка 2024-02-28-2024-04-27, тест 2024-04-28-2024-05-28
2026-01-19 08:47:23,934 - INFO - 📈 Запланировано 8 walk-forward шагов
2026-01-19 08:47:23,934 - INFO - ⛔ Ограничение WFA шагов: 8 → 5
2026-01-19 08:47:23,934 - WARNING - ⚠️ Маленький буфер между training и testing в шаге 1: 0 дней. Рекомендуется минимум 1 день.
2026-01-19 08:47:23,934 - WARNING - ⚠️ Маленький буфер между training и testing в шаге 2: 0 дней. Рекомендуется минимум 1 день.
2026-01-19 08:47:23,934 - WARNING - ⚠️ Маленький буфер между training и testing в шаге 3: 0 дней. Рекомендуется минимум 1 день.
2026-01-19 08:47:23,934 - WARNING - ⚠️ Маленький буфер между training и testing в шаге 4: 0 дней. Рекомендуется минимум 1 день.
2026-01-19 08:47:23,934 - WARNING - ⚠️ Маленький буфер между training и testing в шаге 5: 0 дней. Рекомендуется минимум 1 день.
2026-01-19 08:47:23,934 - INFO - ✅ Шаги успешно запланированы:
2026-01-19 08:47:23,934 - INFO -    Шаг 1: тренировка 2023-08-02-2023-09-30, тест 2023-10-01-2023-10-31
2026-01-19 08:47:23,934 - INFO -    Шаг 2: тренировка 2023-09-01-2023-10-30, тест 2023-10-31-2023-11-30
2026-01-19 08:47:23,935 - INFO -    Шаг 3: тренировка 2023-10-01-2023-11-29, тест 2023-11-30-2023-12-30
2026-01-19 08:47:23,935 - INFO -    Шаг 4: тренировка 2023-10-31-2023-12-29, тест 2023-12-30-2024-01-29
2026-01-19 08:47:23,935 - INFO -    Шаг 5: тренировка 2023-11-30-2024-01-28, тест 2024-01-29-2024-02-28
2026-01-19 08:47:23,935 - INFO - 🗂️ Consolidating price data for memory-mapped access...
2026-01-19 08:47:23,935 - INFO - 📊 Consolidating data range: 2023-07-28 → 2024-03-04
2026-01-19 08:47:23,935 - coint2.core.memory_optimization - INFO - 🔄 Consolidating price data from data_downloaded to .cache/consolidated_prices.parquet
2026-01-19 08:47:23,935 - INFO - ⇢ loading raw data for consolidation — start
2026-01-19 08:47:25,435 - INFO - ⇠ loading raw data for consolidation — done in 1.50s
2026-01-19 08:47:25,435 - INFO - ⇢ pivoting data to wide format — start
2026-01-19 08:47:30,656 - INFO - ⇠ pivoting data to wide format — done in 5.22s
2026-01-19 08:47:30,697 - coint2.core.memory_optimization - INFO - 📊 Consolidated data: 21121 rows × 346 symbols
2026-01-19 08:47:30,697 - coint2.core.memory_optimization - INFO - 💾 Memory usage: 29.4 MB
2026-01-19 08:47:30,698 - INFO - ⇢ writing consolidated Parquet file — start
2026-01-19 08:47:30,902 - INFO - ⇠ writing consolidated Parquet file — done in 0.20s
2026-01-19 08:47:30,902 - coint2.core.memory_optimization - INFO - ✅ Successfully consolidated data to .cache/consolidated_prices.parquet
2026-01-19 08:47:30,928 - coint2.core.memory_optimization - INFO - 🔄 Initializing memory-mapped price data from .cache/consolidated_prices.parquet
2026-01-19 08:47:30,929 - INFO - ⇢ loading memory-mapped data — start
2026-01-19 08:47:30,929 - coint2.core.memory_optimization - WARNING - ⚠️ memory_map не поддерживается в текущей версии pyarrow, fallback без mmap
2026-01-19 08:47:31,066 - INFO - ⇠ loading memory-mapped data — done in 0.14s
2026-01-19 08:47:31,075 - coint2.core.memory_optimization - INFO - 📊 Loaded 21121 rows × 346 symbols
2026-01-19 08:47:31,076 - coint2.core.memory_optimization - INFO - 💾 Memory usage: 29.4 MB (memory-mapped)
2026-01-19 08:47:31,077 - INFO - ✅ Memory-mapped data initialized successfully
2026-01-19 08:47:31,078 - INFO - ⇢ Walk-forward steps — starting 5 items
2026-01-19 08:47:31,078 - INFO - 📈 Инициализация equity кривой с первой тестовой даты: 2023-10-01 00:00:00
2026-01-19 08:47:31,078 - INFO - 🔍 WF-шаг 1/5: Валидация временных окон...
2026-01-19 08:47:31,079 - INFO - ⇢ WF-шаг 1/5: training 2023-08-02-2023-09-30, testing 2023-10-01-2023-10-31 — start
2026-01-19 08:47:31,079 - INFO - ⇢ loading step data — start
2026-01-19 08:47:31,229 - INFO - ⇠ loading step data — done in 0.15s
2026-01-19 08:47:32,477 - INFO - 📊 WF-шаг 1/5: Границы данных:
2026-01-19 08:47:32,477 - INFO -    Training: 2023-08-02 00:00:00 → 2023-09-30 23:45:00 (5,760 строк × 282 символов)
2026-01-19 08:47:32,477 - INFO -    Testing:  2023-10-01 00:00:00 → 2023-10-31 00:00:00 (2,881 строк × 282 символов)
2026-01-19 08:47:32,477 - INFO -    Временной разрыв: 0 days 00:15:00
2026-01-19 08:47:32,512 - INFO - ⇢ normalizing training data — start
2026-01-19 08:47:32,548 - INFO -   Символы с NaN значениями: 20
2026-01-19 08:47:32,548 - INFO -   Применяем метод нормализации: rolling_zscore
2026-01-19 08:47:32,564 - INFO - Символы с недостаточной историей: 20 из 282
2026-01-19 08:47:32,944 - INFO - Символы с NaN после нормализации: 262
2026-01-19 08:47:32,950 - INFO - Удалено 1 начальных строк с NaN от rolling расчетов
2026-01-19 08:47:32,953 - INFO - Итоговое количество символов после нормализации: 262 из 282
2026-01-19 08:47:32,953 - INFO -   Статистика нормализации:
2026-01-19 08:47:32,953 - INFO -     Исходные символы: 282
2026-01-19 08:47:32,953 - INFO -     Недостаточная история: 20
2026-01-19 08:47:32,953 - INFO -     Постоянная цена: 0
2026-01-19 08:47:32,953 - INFO -     NaN после нормализации: 262
2026-01-19 08:47:32,953 - INFO -     Итоговые символы: 262 (92.9%)
2026-01-19 08:47:32,953 - INFO -   После нормализации: 262 символов (потеряно 20)
2026-01-19 08:47:32,953 - INFO -   Отброшенные символы: ADAEUR, BEAMUSDT, BTCEUR, CYBERUSDT, DOGEEUR, ETHEUR, FETUSDT, JEFFUSDT, KASUSDT, KAVAUSDT, LTCEUR, ORDIUSDT, POLUSDT, PPTUSDT, PYUSDUSDT, SEIUSDT, SOLEUR, USDCEUR, XRPEUR, ZTXUSDT
2026-01-19 08:47:32,953 - INFO - ⇠ normalizing training data — done in 0.44s
2026-01-19 08:47:32,954 - INFO - ⇢ SSD computation — start
2026-01-19 08:47:32,954 - INFO -   Расчет SSD для всех пар (без ограничения)
2026-01-19 08:47:38,778 - INFO -   SSD результат (все пары): 34191 пар
2026-01-19 08:47:38,778 - INFO - ⇠ SSD computation — done in 5.82s
2026-01-19 08:47:38,787 - INFO - ⇢ filtering pairs by cointegration and half-life — start
2026-01-19 08:47:38,787 - INFO - [ФИЛЬТР] Параллельная фильтрация: processes (8 workers)
⚙️  Загрузка данных за период: 2023-07-28 -> 2024-03-04
📂 Найдено 43 parquet файлов для обработки.
📊 Схема данных: Schema({'timestamp': Int64, 'open': Float64, 'high': Float64, 'low': Float64, 'close': Float64, 'volume': Float64, 'turnover': String, 'ts_ms': Int64, 'symbol': String})
✅ Загружено 6226682 записей с помощью Polars.
📊 Типы данных в pandas: timestamp       datetime64[us]
symbol                  object
close                  float64
timestamp_ms             int64
dtype: object
⚙️  Загрузка данных за период: 2023-08-02 -> 2023-10-31
📂 Найдено 43 parquet файлов для обработки.
📊 Схема данных: Schema({'timestamp': Int64, 'open': Float64, 'high': Float64, 'low': Float64, 'close': Float64, 'volume': Float64, 'turnover': String, 'ts_ms': Int64, 'symbol': String})
✅ Загружено 2351056 записей с помощью Polars.
📊 Типы данных в pandas: timestamp       datetime64[us]
symbol                  object
close                  float64
timestamp_ms             int64
dtype: object
2026-01-19 08:50:36,405 - INFO - [ФИЛЬТР] После проверки данных: 34191 пар
2026-01-19 08:50:36,405 - INFO - [ФИЛЬТР] После фильтра корреляции (>0.5): 23244 пар
2026-01-19 08:50:36,405 - INFO - [ФИЛЬТР] После фильтра beta: 15381 пар
2026-01-19 08:50:36,405 - INFO - [ФИЛЬТР] После фильтра mean crossings: 15381 пар
2026-01-19 08:50:36,405 - INFO - [ФИЛЬТР] После фильтра half-life: 15299 пар
2026-01-19 08:50:36,405 - INFO - [ФИЛЬТР] После фильтра коинтеграции: 6408 пар
2026-01-19 08:50:36,405 - INFO - [ФИЛЬТР] После фильтра Hurst: 4410 пар
2026-01-19 08:50:36,405 - INFO - [ФИЛЬТР] После фильтра KPSS: 0 пар
2026-01-19 08:50:36,405 - INFO - [ФИЛЬТР] После фильтра market microstructure: 0 пар
2026-01-19 08:50:36,405 - INFO - [ФИЛЬТР] Статистика фильтрации (оптимизированный порядок):
2026-01-19 08:50:36,405 - INFO -   1. SSD → Коинтеграция: 34191 → 6408 пар
2026-01-19 08:50:36,406 - INFO -   2. Коинтеграция → Beta: 6408 → 15381 пар
2026-01-19 08:50:36,406 - INFO -   3. Beta → Half-life: 15381 → 15299 пар
2026-01-19 08:50:36,406 - INFO -   4. Half-life → Mean crossings: 15299 → 15381 пар
2026-01-19 08:50:36,406 - INFO -   5. Mean crossings → Hurst: 15381 → 4410 пар
2026-01-19 08:50:36,406 - INFO -   6. Hurst → KPSS: 4410 → 0 пар
2026-01-19 08:50:36,406 - INFO -   7. KPSS → Market microstructure: 0 → 0 пар
2026-01-19 08:50:36,406 - INFO - [ФИЛЬТР] Причины отсева:
2026-01-19 08:50:36,406 - INFO -   • low_correlation: 10947 пар (32.0%)
2026-01-19 08:50:36,406 - INFO -   • pvalue: 8891 пар (26.0%)
2026-01-19 08:50:36,406 - INFO -   • beta: 7863 пар (23.0%)
2026-01-19 08:50:36,406 - INFO -   • kpss: 4410 пар (12.9%)
2026-01-19 08:50:36,406 - INFO -   • hurst: 1998 пар (5.8%)
2026-01-19 08:50:36,406 - INFO -   • half_life: 82 пар (0.2%)
2026-01-19 08:50:36,406 - INFO - [ФИЛЬТР] Итого: 34191 → 0 пар (0.0% прошли все фильтры)
2026-01-19 08:50:36,456 - INFO - Причины отсева сохранены в results/filter_reasons_20260119_085036.csv
2026-01-19 08:50:36,461 - INFO -   Pair stability filter: insufficient history (0 < 1), skip
2026-01-19 08:50:36,461 - INFO -   Фильтрация: 34191 → 0 пар
2026-01-19 08:50:36,461 - INFO - ⇠ filtering pairs by cointegration and half-life — done in 177.67s
2026-01-19 08:50:36,461 - INFO - ⇠ WF-шаг 1/5: training 2023-08-02-2023-09-30, testing 2023-10-01-2023-10-31 — done in 185.38s
2026-01-19 08:50:36,461 - INFO -   Всего пар для торговли: 0 (ограничение 15 применяется к одновременно открытым позициям)
2026-01-19 08:50:36,461 - INFO -   💰 Проверка расчета капитала: equity=$10,000.00, кандидатных_пар=0, max_позиций=15
2026-01-19 08:50:36,461 - INFO -   🎯 Target concurrency: 0 (ожидаемое одновременное число позиций)
2026-01-19 08:50:36,462 - INFO -   💼 Шаг P&L: $+0.00, Накопленный капитал: $10,000.00
2026-01-19 08:50:36,462 - INFO - ------------------------------------------------------------
2026-01-19 08:50:36,462 - INFO -   Walk-forward steps: 1 / 5 (20.0%) | 0.0 items/s | ETA: 741.5s
2026-01-19 08:50:36,462 - INFO - 🔍 WF-шаг 2/5: Валидация временных окон...
2026-01-19 08:50:36,462 - INFO - ⇢ WF-шаг 2/5: training 2023-09-01-2023-10-30, testing 2023-10-31-2023-11-30 — start
2026-01-19 08:50:36,462 - INFO - ⇢ loading step data — start
2026-01-19 08:50:36,632 - INFO - ⇠ loading step data — done in 0.17s
2026-01-19 08:50:37,793 - INFO - 📊 WF-шаг 2/5: Границы данных:
2026-01-19 08:50:37,793 - INFO -    Training: 2023-09-01 00:00:00 → 2023-10-30 23:45:00 (5,760 строк × 292 символов)
2026-01-19 08:50:37,793 - INFO -    Testing:  2023-10-31 00:00:00 → 2023-11-30 00:00:00 (2,881 строк × 292 символов)
2026-01-19 08:50:37,793 - INFO -    Временной разрыв: 0 days 00:15:00
2026-01-19 08:50:37,828 - INFO - ⇢ normalizing training data — start
2026-01-19 08:50:37,860 - INFO -   Символы с NaN значениями: 26
2026-01-19 08:50:37,860 - INFO -   Применяем метод нормализации: rolling_zscore
2026-01-19 08:50:37,874 - INFO - Символы с недостаточной историей: 17 из 292
2026-01-19 08:50:38,247 - INFO - Символы с NaN после нормализации: 275
2026-01-19 08:50:38,253 - INFO - Удалено 617 начальных строк с NaN от rolling расчетов
2026-01-19 08:50:38,254 - INFO - Итоговое количество символов после нормализации: 275 из 292
2026-01-19 08:50:38,255 - INFO -   Статистика нормализации:
2026-01-19 08:50:38,255 - INFO -     Исходные символы: 292
2026-01-19 08:50:38,255 - INFO -     Недостаточная история: 17
2026-01-19 08:50:38,255 - INFO -     Постоянная цена: 0
2026-01-19 08:50:38,255 - INFO -     NaN после нормализации: 275
2026-01-19 08:50:38,255 - INFO -     Итоговые символы: 275 (94.2%)
2026-01-19 08:50:38,255 - INFO -   После нормализации: 275 символов (потеряно 17)
2026-01-19 08:50:38,255 - INFO -   Отброшенные символы: BEAMUSDT, FETUSDT, FLIPUSDT, JEFFUSDT, MEMEUSDT, POLUSDT, PPTUSDT, PYTHUSDT, PYUSDUSDT, ROOTUSDT, RPKUSDT, SHRAPUSDT, TIAUSDT, TOKENUSDT, TUSDUSDT, VRTXUSDT, ZTXUSDT
2026-01-19 08:50:38,255 - INFO - ⇠ normalizing training data — done in 0.43s
2026-01-19 08:50:38,256 - INFO - ⇢ SSD computation — start
2026-01-19 08:50:38,256 - INFO -   Расчет SSD для всех пар (без ограничения)
2026-01-19 08:50:40,393 - INFO -   SSD результат (все пары): 37675 пар
2026-01-19 08:50:40,393 - INFO - ⇠ SSD computation — done in 2.14s
2026-01-19 08:50:40,402 - INFO - ⇢ filtering pairs by cointegration and half-life — start
2026-01-19 08:50:40,403 - INFO - [ФИЛЬТР] Параллельная фильтрация: processes (8 workers)
⚙️  Загрузка данных за период: 2023-09-01 -> 2023-11-30
📂 Найдено 43 parquet файлов для обработки.
📊 Схема данных: Schema({'timestamp': Int64, 'open': Float64, 'high': Float64, 'low': Float64, 'close': Float64, 'volume': Float64, 'turnover': String, 'ts_ms': Int64, 'symbol': String})
✅ Загружено 2420293 записей с помощью Polars.
📊 Типы данных в pandas: timestamp       datetime64[us]
symbol                  object
close                  float64
timestamp_ms             int64
dtype: object
2026-01-19 08:52:47,279 - INFO - [ФИЛЬТР] После проверки данных: 37675 пар
2026-01-19 08:52:47,279 - INFO - [ФИЛЬТР] После фильтра корреляции (>0.5): 14678 пар
2026-01-19 08:52:47,279 - INFO - [ФИЛЬТР] После фильтра beta: 9885 пар
2026-01-19 08:52:47,279 - INFO - [ФИЛЬТР] После фильтра mean crossings: 9885 пар
2026-01-19 08:52:47,279 - INFO - [ФИЛЬТР] После фильтра half-life: 9828 пар
2026-01-19 08:52:47,279 - INFO - [ФИЛЬТР] После фильтра коинтеграции: 4311 пар
2026-01-19 08:52:47,279 - INFO - [ФИЛЬТР] После фильтра Hurst: 3300 пар
2026-01-19 08:52:47,279 - INFO - [ФИЛЬТР] После фильтра KPSS: 0 пар
2026-01-19 08:52:47,279 - INFO - [ФИЛЬТР] После фильтра market microstructure: 0 пар
2026-01-19 08:52:47,279 - INFO - [ФИЛЬТР] Статистика фильтрации (оптимизированный порядок):
2026-01-19 08:52:47,279 - INFO -   1. SSD → Коинтеграция: 37675 → 4311 пар
2026-01-19 08:52:47,279 - INFO -   2. Коинтеграция → Beta: 4311 → 9885 пар
2026-01-19 08:52:47,279 - INFO -   3. Beta → Half-life: 9885 → 9828 пар
2026-01-19 08:52:47,279 - INFO -   4. Half-life → Mean crossings: 9828 → 9885 пар
2026-01-19 08:52:47,279 - INFO -   5. Mean crossings → Hurst: 9885 → 3300 пар
2026-01-19 08:52:47,279 - INFO -   6. Hurst → KPSS: 3300 → 0 пар
2026-01-19 08:52:47,279 - INFO -   7. KPSS → Market microstructure: 0 → 0 пар
2026-01-19 08:52:47,279 - INFO - [ФИЛЬТР] Причины отсева:
2026-01-19 08:52:47,279 - INFO -   • low_correlation: 22997 пар (61.0%)
2026-01-19 08:52:47,279 - INFO -   • pvalue: 5517 пар (14.6%)
2026-01-19 08:52:47,279 - INFO -   • beta: 4793 пар (12.7%)
2026-01-19 08:52:47,279 - INFO -   • kpss: 3300 пар (8.8%)
2026-01-19 08:52:47,279 - INFO -   • hurst: 1011 пар (2.7%)
2026-01-19 08:52:47,279 - INFO -   • half_life: 57 пар (0.2%)
2026-01-19 08:52:47,279 - INFO - [ФИЛЬТР] Итого: 37675 → 0 пар (0.0% прошли все фильтры)
2026-01-19 08:52:47,332 - INFO - Причины отсева сохранены в results/filter_reasons_20260119_085247.csv
2026-01-19 08:52:47,341 - INFO -   Pair stability filter: 0 → 0 (window=1, min_steps=1, history=1)
2026-01-19 08:52:47,341 - INFO -   Фильтрация: 37675 → 0 пар
2026-01-19 08:52:47,341 - INFO - ⇠ filtering pairs by cointegration and half-life — done in 126.94s
2026-01-19 08:52:47,341 - INFO - ⇠ WF-шаг 2/5: training 2023-09-01-2023-10-30, testing 2023-10-31-2023-11-30 — done in 130.88s
2026-01-19 08:52:47,341 - INFO -   Всего пар для торговли: 0 (ограничение 15 применяется к одновременно открытым позициям)
2026-01-19 08:52:47,342 - INFO -   💰 Проверка расчета капитала: equity=$10,000.00, кандидатных_пар=0, max_позиций=15
2026-01-19 08:52:47,342 - INFO -   🎯 Target concurrency: 0 (ожидаемое одновременное число позиций)
2026-01-19 08:52:47,342 - INFO -   💼 Шаг P&L: $+0.00, Накопленный капитал: $10,000.00
2026-01-19 08:52:47,342 - INFO - ------------------------------------------------------------
2026-01-19 08:52:47,342 - INFO -   Walk-forward steps: 2 / 5 (40.0%) | 0.0 items/s | ETA: 474.4s
2026-01-19 08:52:47,342 - INFO - 🔍 WF-шаг 3/5: Валидация временных окон...
2026-01-19 08:52:47,343 - INFO - ⇢ WF-шаг 3/5: training 2023-10-01-2023-11-29, testing 2023-11-30-2023-12-30 — start
2026-01-19 08:52:47,343 - INFO - ⇢ loading step data — start
2026-01-19 08:52:47,505 - INFO - ⇠ loading step data — done in 0.16s
2026-01-19 08:52:48,895 - INFO - 📊 WF-шаг 3/5: Границы данных:
2026-01-19 08:52:48,895 - INFO -    Training: 2023-10-01 00:00:00 → 2023-11-29 23:45:00 (5,760 строк × 309 символов)
2026-01-19 08:52:48,895 - INFO -    Testing:  2023-11-30 00:00:00 → 2023-12-30 00:00:00 (2,881 строк × 309 символов)
2026-01-19 08:52:48,895 - INFO -    Временной разрыв: 0 days 00:15:00
2026-01-19 08:52:48,932 - INFO - ⇢ normalizing training data — start
2026-01-19 08:52:48,964 - INFO -   Символы с NaN значениями: 33
2026-01-19 08:52:48,964 - INFO -   Применяем метод нормализации: rolling_zscore
2026-01-19 08:52:48,978 - INFO - Символы с недостаточной историей: 32 из 309
2026-01-19 08:52:49,357 - INFO - Символы с NaN после нормализации: 277
2026-01-19 08:52:49,363 - INFO - Удалено 233 начальных строк с NaN от rolling расчетов
2026-01-19 08:52:49,365 - INFO - Итоговое количество символов после нормализации: 277 из 309
2026-01-19 08:52:49,365 - INFO -   Статистика нормализации:
2026-01-19 08:52:49,365 - INFO -     Исходные символы: 309
2026-01-19 08:52:49,365 - INFO -     Недостаточная история: 32
2026-01-19 08:52:49,365 - INFO -     Постоянная цена: 0
2026-01-19 08:52:49,365 - INFO -     NaN после нормализации: 277
2026-01-19 08:52:49,365 - INFO -     Итоговые символы: 277 (89.6%)
2026-01-19 08:52:49,366 - INFO -   После нормализации: 277 символов (потеряно 32)
2026-01-19 08:52:49,366 - INFO -   Отброшено много символов: 32 из 309
2026-01-19 08:52:49,366 - INFO - ⇠ normalizing training data — done in 0.43s
2026-01-19 08:52:49,367 - INFO - ⇢ SSD computation — start
2026-01-19 08:52:49,367 - INFO -   Расчет SSD для всех пар (без ограничения)
2026-01-19 08:52:51,653 - INFO -   SSD результат (все пары): 38226 пар
2026-01-19 08:52:51,653 - INFO - ⇠ SSD computation — done in 2.29s
2026-01-19 08:52:51,669 - INFO - ⇢ filtering pairs by cointegration and half-life — start
2026-01-19 08:52:51,670 - INFO - [ФИЛЬТР] Параллельная фильтрация: processes (8 workers)
⚙️  Загрузка данных за период: 2023-10-01 -> 2023-12-30
📂 Найдено 43 parquet файлов для обработки.
📊 Схема данных: Schema({'timestamp': Int64, 'open': Float64, 'high': Float64, 'low': Float64, 'close': Float64, 'volume': Float64, 'turnover': String, 'ts_ms': Int64, 'symbol': String})
✅ Загружено 2499894 записей с помощью Polars.
📊 Типы данных в pandas: timestamp       datetime64[us]
symbol                  object
close                  float64
timestamp_ms             int64
dtype: object
2026-01-19 08:55:38,923 - INFO - [ФИЛЬТР] После проверки данных: 38226 пар
2026-01-19 08:55:38,923 - INFO - [ФИЛЬТР] После фильтра корреляции (>0.5): 26943 пар
2026-01-19 08:55:38,923 - INFO - [ФИЛЬТР] После фильтра beta: 18687 пар
2026-01-19 08:55:38,923 - INFO - [ФИЛЬТР] После фильтра mean crossings: 18687 пар
2026-01-19 08:55:38,923 - INFO - [ФИЛЬТР] После фильтра half-life: 18571 пар
2026-01-19 08:55:38,923 - INFO - [ФИЛЬТР] После фильтра коинтеграции: 4820 пар
2026-01-19 08:55:38,923 - INFO - [ФИЛЬТР] После фильтра Hurst: 2820 пар
2026-01-19 08:55:38,923 - INFO - [ФИЛЬТР] После фильтра KPSS: 0 пар
2026-01-19 08:55:38,923 - INFO - [ФИЛЬТР] После фильтра market microstructure: 0 пар
2026-01-19 08:55:38,923 - INFO - [ФИЛЬТР] Статистика фильтрации (оптимизированный порядок):
2026-01-19 08:55:38,923 - INFO -   1. SSD → Коинтеграция: 38226 → 4820 пар
2026-01-19 08:55:38,923 - INFO -   2. Коинтеграция → Beta: 4820 → 18687 пар
2026-01-19 08:55:38,923 - INFO -   3. Beta → Half-life: 18687 → 18571 пар
2026-01-19 08:55:38,923 - INFO -   4. Half-life → Mean crossings: 18571 → 18687 пар
2026-01-19 08:55:38,923 - INFO -   5. Mean crossings → Hurst: 18687 → 2820 пар
2026-01-19 08:55:38,923 - INFO -   6. Hurst → KPSS: 2820 → 0 пар
2026-01-19 08:55:38,923 - INFO -   7. KPSS → Market microstructure: 0 → 0 пар
2026-01-19 08:55:38,923 - INFO - [ФИЛЬТР] Причины отсева:
2026-01-19 08:55:38,923 - INFO -   • pvalue: 13751 пар (36.0%)
2026-01-19 08:55:38,923 - INFO -   • low_correlation: 11283 пар (29.5%)
2026-01-19 08:55:38,923 - INFO -   • beta: 8256 пар (21.6%)
2026-01-19 08:55:38,923 - INFO -   • kpss: 2820 пар (7.4%)
2026-01-19 08:55:38,923 - INFO -   • hurst: 2000 пар (5.2%)
2026-01-19 08:55:38,923 - INFO -   • half_life: 116 пар (0.3%)
2026-01-19 08:55:38,923 - INFO - [ФИЛЬТР] Итого: 38226 → 0 пар (0.0% прошли все фильтры)
2026-01-19 08:55:38,979 - INFO - Причины отсева сохранены в results/filter_reasons_20260119_085538.csv
2026-01-19 08:55:38,985 - INFO -   Pair stability filter: 0 → 0 (window=1, min_steps=1, history=2)
2026-01-19 08:55:38,985 - INFO -   Фильтрация: 38226 → 0 пар
2026-01-19 08:55:38,985 - INFO - ⇠ filtering pairs by cointegration and half-life — done in 167.32s
2026-01-19 08:55:38,985 - INFO - ⇠ WF-шаг 3/5: training 2023-10-01-2023-11-29, testing 2023-11-30-2023-12-30 — done in 171.64s
2026-01-19 08:55:38,985 - INFO -   Всего пар для торговли: 0 (ограничение 15 применяется к одновременно открытым позициям)
2026-01-19 08:55:38,986 - INFO -   💰 Проверка расчета капитала: equity=$10,000.00, кандидатных_пар=0, max_позиций=15
2026-01-19 08:55:38,986 - INFO -   🎯 Target concurrency: 0 (ожидаемое одновременное число позиций)
2026-01-19 08:55:38,986 - INFO -   💼 Шаг P&L: $+0.00, Накопленный капитал: $10,000.00
2026-01-19 08:55:38,986 - INFO - ------------------------------------------------------------
2026-01-19 08:55:38,986 - INFO -   Walk-forward steps: 3 / 5 (60.0%) | 0.0 items/s | ETA: 325.3s
2026-01-19 08:55:38,986 - INFO - 🔍 WF-шаг 4/5: Валидация временных окон...
2026-01-19 08:55:38,987 - INFO - ⇢ WF-шаг 4/5: training 2023-10-31-2023-12-29, testing 2023-12-30-2024-01-29 — start
2026-01-19 08:55:38,987 - INFO - ⇢ loading step data — start
2026-01-19 08:55:39,173 - INFO - ⇠ loading step data — done in 0.19s
2026-01-19 08:55:40,631 - INFO - 📊 WF-шаг 4/5: Границы данных:
2026-01-19 08:55:40,631 - INFO -    Training: 2023-10-31 00:00:00 → 2023-12-29 23:45:00 (5,760 строк × 327 символов)
2026-01-19 08:55:40,631 - INFO -    Testing:  2023-12-30 00:00:00 → 2024-01-29 00:00:00 (2,881 строк × 327 символов)
2026-01-19 08:55:40,631 - INFO -    Временной разрыв: 0 days 00:15:00
2026-01-19 08:55:40,836 - INFO - ⇢ normalizing training data — start
2026-01-19 08:55:40,873 - INFO -   Символы с NaN значениями: 45
2026-01-19 08:55:40,874 - INFO -   Применяем метод нормализации: rolling_zscore
2026-01-19 08:55:40,888 - INFO - Символы с недостаточной историей: 40 из 327
2026-01-19 08:55:41,278 - INFO - Символы с NaN после нормализации: 287
2026-01-19 08:55:41,284 - INFO - Удалено 809 начальных строк с NaN от rolling расчетов
2026-01-19 08:55:41,286 - INFO - Итоговое количество символов после нормализации: 287 из 327
2026-01-19 08:55:41,287 - INFO -   Статистика нормализации:
2026-01-19 08:55:41,287 - INFO -     Исходные символы: 327
2026-01-19 08:55:41,287 - INFO -     Недостаточная история: 40
2026-01-19 08:55:41,287 - INFO -     Постоянная цена: 0
2026-01-19 08:55:41,287 - INFO -     NaN после нормализации: 287
2026-01-19 08:55:41,287 - INFO -     Итоговые символы: 287 (87.8%)
2026-01-19 08:55:41,287 - INFO -   После нормализации: 287 символов (потеряно 40)
2026-01-19 08:55:41,287 - INFO -   Отброшено много символов: 40 из 327
2026-01-19 08:55:41,287 - INFO - ⇠ normalizing training data — done in 0.45s
2026-01-19 08:55:41,288 - INFO - ⇢ SSD computation — start
2026-01-19 08:55:41,288 - INFO -   Расчет SSD для всех пар (без ограничения)
2026-01-19 08:55:43,649 - INFO -   SSD результат (все пары): 41041 пар
2026-01-19 08:55:43,649 - INFO - ⇠ SSD computation — done in 2.36s
2026-01-19 08:55:43,675 - INFO - ⇢ filtering pairs by cointegration and half-life — start
2026-01-19 08:55:43,675 - INFO - [ФИЛЬТР] Параллельная фильтрация: processes (8 workers)
⚙️  Загрузка данных за период: 2023-10-31 -> 2024-01-29
📂 Найдено 43 parquet файлов для обработки.
📊 Схема данных: Schema({'timestamp': Int64, 'open': Float64, 'high': Float64, 'low': Float64, 'close': Float64, 'volume': Float64, 'turnover': String, 'ts_ms': Int64, 'symbol': String})
✅ Загружено 2615053 записей с помощью Polars.
📊 Типы данных в pandas: timestamp       datetime64[us]
symbol                  object
close                  float64
timestamp_ms             int64
dtype: object
2026-01-19 08:58:18,749 - INFO - [ФИЛЬТР] После проверки данных: 41041 пар
2026-01-19 08:58:18,749 - INFO - [ФИЛЬТР] После фильтра корреляции (>0.5): 24366 пар
2026-01-19 08:58:18,749 - INFO - [ФИЛЬТР] После фильтра beta: 16544 пар
2026-01-19 08:58:18,749 - INFO - [ФИЛЬТР] После фильтра mean crossings: 16544 пар
2026-01-19 08:58:18,749 - INFO - [ФИЛЬТР] После фильтра half-life: 16464 пар
2026-01-19 08:58:18,749 - INFO - [ФИЛЬТР] После фильтра коинтеграции: 4223 пар
2026-01-19 08:58:18,749 - INFO - [ФИЛЬТР] После фильтра Hurst: 2842 пар
2026-01-19 08:58:18,749 - INFO - [ФИЛЬТР] После фильтра KPSS: 0 пар
2026-01-19 08:58:18,749 - INFO - [ФИЛЬТР] После фильтра market microstructure: 0 пар
2026-01-19 08:58:18,749 - INFO - [ФИЛЬТР] Статистика фильтрации (оптимизированный порядок):
2026-01-19 08:58:18,749 - INFO -   1. SSD → Коинтеграция: 41041 → 4223 пар
2026-01-19 08:58:18,749 - INFO -   2. Коинтеграция → Beta: 4223 → 16544 пар
2026-01-19 08:58:18,749 - INFO -   3. Beta → Half-life: 16544 → 16464 пар
2026-01-19 08:58:18,749 - INFO -   4. Half-life → Mean crossings: 16464 → 16544 пар
2026-01-19 08:58:18,749 - INFO -   5. Mean crossings → Hurst: 16544 → 2842 пар
2026-01-19 08:58:18,749 - INFO -   6. Hurst → KPSS: 2842 → 0 пар
2026-01-19 08:58:18,749 - INFO -   7. KPSS → Market microstructure: 0 → 0 пар
2026-01-19 08:58:18,749 - INFO - [ФИЛЬТР] Причины отсева:
2026-01-19 08:58:18,749 - INFO -   • low_correlation: 16675 пар (40.6%)
2026-01-19 08:58:18,749 - INFO -   • pvalue: 12241 пар (29.8%)
2026-01-19 08:58:18,749 - INFO -   • beta: 7822 пар (19.1%)
2026-01-19 08:58:18,749 - INFO -   • kpss: 2842 пар (6.9%)
2026-01-19 08:58:18,749 - INFO -   • hurst: 1381 пар (3.4%)
2026-01-19 08:58:18,749 - INFO -   • half_life: 80 пар (0.2%)
2026-01-19 08:58:18,749 - INFO - [ФИЛЬТР] Итого: 41041 → 0 пар (0.0% прошли все фильтры)
2026-01-19 08:58:18,886 - INFO - Причины отсева сохранены в results/filter_reasons_20260119_085818.csv
2026-01-19 08:58:18,902 - INFO -   Pair stability filter: 0 → 0 (window=1, min_steps=1, history=3)
2026-01-19 08:58:18,902 - INFO -   Фильтрация: 41041 → 0 пар
2026-01-19 08:58:18,902 - INFO - ⇠ filtering pairs by cointegration and half-life — done in 155.23s
2026-01-19 08:58:18,902 - INFO - ⇠ WF-шаг 4/5: training 2023-10-31-2023-12-29, testing 2023-12-30-2024-01-29 — done in 159.92s
2026-01-19 08:58:18,902 - INFO -   Всего пар для торговли: 0 (ограничение 15 применяется к одновременно открытым позициям)
2026-01-19 08:58:18,902 - INFO -   💰 Проверка расчета капитала: equity=$10,000.00, кандидатных_пар=0, max_позиций=15
2026-01-19 08:58:18,902 - INFO -   🎯 Target concurrency: 0 (ожидаемое одновременное число позиций)
2026-01-19 08:58:18,903 - INFO -   💼 Шаг P&L: $+0.00, Накопленный капитал: $10,000.00
2026-01-19 08:58:18,903 - INFO - ------------------------------------------------------------
2026-01-19 08:58:18,903 - INFO -   Walk-forward steps: 4 / 5 (80.0%) | 0.0 items/s | ETA: 162.0s
2026-01-19 08:58:18,903 - INFO - 🔍 WF-шаг 5/5: Валидация временных окон...
2026-01-19 08:58:18,903 - INFO - ⇢ WF-шаг 5/5: training 2023-11-30-2024-01-28, testing 2024-01-29-2024-02-28 — start
2026-01-19 08:58:18,904 - INFO - ⇢ loading step data — start
2026-01-19 08:58:19,325 - INFO - ⇠ loading step data — done in 0.42s
2026-01-19 08:58:21,335 - INFO - 📊 WF-шаг 5/5: Границы данных:
2026-01-19 08:58:21,335 - INFO -    Training: 2023-11-30 00:00:00 → 2024-01-28 23:45:00 (5,760 строк × 344 символов)
2026-01-19 08:58:21,335 - INFO -    Testing:  2024-01-29 00:00:00 → 2024-02-28 00:00:00 (2,881 строк × 344 символов)
2026-01-19 08:58:21,336 - INFO -    Временной разрыв: 0 days 00:15:00
2026-01-19 08:58:21,379 - INFO - ⇢ normalizing training data — start
2026-01-19 08:58:21,421 - INFO -   Символы с NaN значениями: 52
2026-01-19 08:58:21,421 - INFO -   Применяем метод нормализации: rolling_zscore
2026-01-19 08:58:21,437 - INFO - Символы с недостаточной историей: 44 из 344
2026-01-19 08:58:22,002 - INFO - Символы с NaN после нормализации: 300
2026-01-19 08:58:22,009 - INFO - Удалено 809 начальных строк с NaN от rolling расчетов
2026-01-19 08:58:22,011 - INFO - Итоговое количество символов после нормализации: 300 из 344
2026-01-19 08:58:22,011 - INFO -   Статистика нормализации:
2026-01-19 08:58:22,011 - INFO -     Исходные символы: 344
2026-01-19 08:58:22,011 - INFO -     Недостаточная история: 44
2026-01-19 08:58:22,011 - INFO -     Постоянная цена: 0
2026-01-19 08:58:22,011 - INFO -     NaN после нормализации: 300
2026-01-19 08:58:22,011 - INFO -     Итоговые символы: 300 (87.2%)
2026-01-19 08:58:22,012 - INFO -   После нормализации: 300 символов (потеряно 44)
2026-01-19 08:58:22,012 - INFO -   Отброшено много символов: 44 из 344
2026-01-19 08:58:22,012 - INFO - ⇠ normalizing training data — done in 0.63s
2026-01-19 08:58:22,014 - INFO - ⇢ SSD computation — start
2026-01-19 08:58:22,015 - INFO -   Расчет SSD для всех пар (без ограничения)
2026-01-19 08:58:25,097 - INFO -   SSD результат (все пары): 44850 пар
2026-01-19 08:58:25,097 - INFO - ⇠ SSD computation — done in 3.08s
2026-01-19 08:58:25,109 - INFO - ⇢ filtering pairs by cointegration and half-life — start
2026-01-19 08:58:25,109 - INFO - [ФИЛЬТР] Параллельная фильтрация: processes (8 workers)
⚙️  Загрузка данных за период: 2023-11-30 -> 2024-02-28
📂 Найдено 43 parquet файлов для обработки.
📊 Схема данных: Schema({'timestamp': Int64, 'open': Float64, 'high': Float64, 'low': Float64, 'close': Float64, 'volume': Float64, 'turnover': String, 'ts_ms': Int64, 'symbol': String})
✅ Загружено 2755343 записей с помощью Polars.
📊 Типы данных в pandas: timestamp       datetime64[us]
symbol                  object
close                  float64
timestamp_ms             int64
dtype: object
2026-01-19 09:00:13,921 - INFO - [ФИЛЬТР] После проверки данных: 44850 пар
2026-01-19 09:00:13,922 - INFO - [ФИЛЬТР] После фильтра корреляции (>0.5): 13030 пар
2026-01-19 09:00:13,922 - INFO - [ФИЛЬТР] После фильтра beta: 9406 пар
2026-01-19 09:00:13,922 - INFO - [ФИЛЬТР] После фильтра mean crossings: 9406 пар
2026-01-19 09:00:13,922 - INFO - [ФИЛЬТР] После фильтра half-life: 9377 пар
2026-01-19 09:00:13,922 - INFO - [ФИЛЬТР] После фильтра коинтеграции: 4441 пар
2026-01-19 09:00:13,922 - INFO - [ФИЛЬТР] После фильтра Hurst: 3244 пар
2026-01-19 09:00:13,922 - INFO - [ФИЛЬТР] После фильтра KPSS: 0 пар
2026-01-19 09:00:13,922 - INFO - [ФИЛЬТР] После фильтра market microstructure: 0 пар
2026-01-19 09:00:13,922 - INFO - [ФИЛЬТР] Статистика фильтрации (оптимизированный порядок):
2026-01-19 09:00:13,922 - INFO -   1. SSD → Коинтеграция: 44850 → 4441 пар
2026-01-19 09:00:13,922 - INFO -   2. Коинтеграция → Beta: 4441 → 9406 пар
2026-01-19 09:00:13,922 - INFO -   3. Beta → Half-life: 9406 → 9377 пар
2026-01-19 09:00:13,922 - INFO -   4. Half-life → Mean crossings: 9377 → 9406 пар
2026-01-19 09:00:13,922 - INFO -   5. Mean crossings → Hurst: 9406 → 3244 пар
2026-01-19 09:00:13,922 - INFO -   6. Hurst → KPSS: 3244 → 0 пар
2026-01-19 09:00:13,922 - INFO -   7. KPSS → Market microstructure: 0 → 0 пар
2026-01-19 09:00:13,922 - INFO - [ФИЛЬТР] Причины отсева:
2026-01-19 09:00:13,922 - INFO -   • low_correlation: 31820 пар (70.9%)
2026-01-19 09:00:13,922 - INFO -   • pvalue: 4936 пар (11.0%)
2026-01-19 09:00:13,922 - INFO -   • beta: 3624 пар (8.1%)
2026-01-19 09:00:13,922 - INFO -   • kpss: 3244 пар (7.2%)
2026-01-19 09:00:13,922 - INFO -   • hurst: 1197 пар (2.7%)
2026-01-19 09:00:13,922 - INFO -   • half_life: 29 пар (0.1%)
2026-01-19 09:00:13,922 - INFO - [ФИЛЬТР] Итого: 44850 → 0 пар (0.0% прошли все фильтры)
2026-01-19 09:00:13,985 - INFO - Причины отсева сохранены в results/filter_reasons_20260119_090013.csv
2026-01-19 09:00:13,992 - INFO -   Pair stability filter: 0 → 0 (window=1, min_steps=1, history=4)
2026-01-19 09:00:13,992 - INFO -   Фильтрация: 44850 → 0 пар
2026-01-19 09:00:13,992 - INFO - ⇠ filtering pairs by cointegration and half-life — done in 108.88s
2026-01-19 09:00:13,992 - INFO - ⇠ WF-шаг 5/5: training 2023-11-30-2024-01-28, testing 2024-01-29-2024-02-28 — done in 115.09s
2026-01-19 09:00:13,992 - INFO -   Всего пар для торговли: 0 (ограничение 15 применяется к одновременно открытым позициям)
2026-01-19 09:00:13,992 - INFO -   💰 Проверка расчета капитала: equity=$10,000.00, кандидатных_пар=0, max_позиций=15
2026-01-19 09:00:13,992 - INFO -   🎯 Target concurrency: 0 (ожидаемое одновременное число позиций)
2026-01-19 09:00:13,993 - INFO -   💼 Шаг P&L: $+0.00, Накопленный капитал: $10,000.00
2026-01-19 09:00:13,993 - INFO - ------------------------------------------------------------
2026-01-19 09:00:13,993 - INFO -   Walk-forward steps: 5 / 5 (100.0%) | 0.0 items/s | ETA: 0.0s
2026-01-19 09:00:13,993 - INFO - ⇠ Walk-forward steps — completed 5 items in 762.91s (0.0 items/s)
2026-01-19 09:00:13,993 - INFO - ================================================================================
2026-01-19 09:00:13,993 - INFO - 🏁 Walk-forward анализ завершен!
2026-01-19 09:00:13,993 - INFO - ⏱️ Обработано 5 шагов за 770.4 секунд
2026-01-19 09:00:13,993 - INFO - 📊 Всего обработано пар за весь анализ: 0
2026-01-19 09:00:13,993 - INFO - 💰 Финальный капитал: $10,000.00 (было $10,000.00)
2026-01-19 09:00:13,993 - INFO - 📈 Общая доходность: +0.00% ($+0.00)
2026-01-19 09:00:13,993 - INFO - 📊 Всего сделок: 0
2026-01-19 09:00:13,993 - INFO - ================================================================================
2026-01-19 09:00:13,993 - INFO - ✓ Завершены все 5 WF-шагов
2026-01-19 09:00:13,993 - INFO - ⇢ Обработка финальных результатов и расчет метрик...
2026-01-19 09:00:13,993 - INFO - ⇢ processing final results — start
2026-01-19 09:00:13,994 - INFO -   ⇢ Агрегация данных P&L за 0 торговых дней
2026-01-19 09:00:13,994 - INFO -   ⇢ Расчет базовых метрик производительности...
2026-01-19 09:00:13,994 - INFO -     📊 Данные для анализа: 0 записей P&L, 1 точек equity
2026-01-19 09:00:13,994 - INFO -   ⇢ Расчет расширенных метрик (волатильность, Calmar ratio, и др.)...
2026-01-19 09:00:13,994 - INFO -   ✅ Расширенные метрики рассчитаны: 0 показателей
2026-01-19 09:00:13,994 - INFO -   ⇢ Анализ статистики по 0 парам...
2026-01-19 09:00:13,994 - INFO - ✅ Рассчитаны метрики производительности (5 показателей)
2026-01-19 09:00:13,994 - INFO -   💰 Общий P&L: $+0.00
2026-01-19 09:00:13,994 - INFO -   📊 Sharpe Ratio: 0.000
2026-01-19 09:00:13,994 - INFO -   📉 Максимальная просадка: 0.00%
2026-01-19 09:00:13,994 - INFO -   🔄 Всего сделок: 0
2026-01-19 09:00:13,994 - INFO -   📈 Торгуемых пар: 0
2026-01-19 09:00:13,994 - INFO -   💸 Общие издержки: $0.00
2026-01-19 09:00:13,995 - coint2.metrics - INFO - Metric: total_pnl
2026-01-19 09:00:13,995 - coint2.metrics - INFO - Metric: sharpe_ratio_abs
2026-01-19 09:00:13,995 - coint2.metrics - INFO - Metric: max_drawdown_pct
2026-01-19 09:00:13,995 - coint2.metrics - INFO - Metric: total_trades
2026-01-19 09:00:13,995 - coint2.metrics - INFO - Metric: total_pairs_traded
2026-01-19 09:00:13,995 - coint2.metrics - INFO - Metric: total_costs
2026-01-19 09:00:13,996 - INFO - ⇠ processing final results — done in 0.00s
2026-01-19 09:00:13,996 - INFO - ⇢ Создание отчетов и сохранение результатов...
2026-01-19 09:00:13,996 - INFO - ⇢ generating reports — start
2026-01-19 09:00:13,996 - INFO -   ⇢ Создание отчета о производительности...
2026-01-19 09:00:16,717 - INFO -   ✓ Отчет о производительности создан
2026-01-19 09:00:16,717 - INFO -   ⇢ Сохранение данных в CSV файлы...
2026-01-19 09:00:16,719 - INFO - 📋 Метрики сохранены: artifacts/wfa/runs/20260119_stability_relaxed3/stability_relaxed3_20260119_pv0p08_hurst0p65_hl0p02_60_corr0p5_ssd50000_st1/strategy_metrics.csv
2026-01-19 09:00:16,720 - INFO - 💹 Кривая капитала сохранена: artifacts/wfa/runs/20260119_stability_relaxed3/stability_relaxed3_20260119_pv0p08_hurst0p65_hl0p02_60_corr0p5_ssd50000_st1/equity_curve.csv (1 точек)
2026-01-19 09:00:16,720 - INFO - 🎉 Walk-Forward анализ полностью завершен!
2026-01-19 09:00:16,720 - INFO - 📊 Все отчеты и данные сохранены в: artifacts/wfa/runs/20260119_stability_relaxed3/stability_relaxed3_20260119_pv0p08_hurst0p65_hl0p02_60_corr0p5_ssd50000_st1
2026-01-19 09:00:16,720 - INFO - 💼 Итоговый капитал: $10,000.00
2026-01-19 09:00:16,720 - INFO - ⏱️  Общее время выполнения: 773.2 секунд
2026-01-19 09:00:16,720 - INFO - ⇠ generating reports — done in 2.72s
2026-01-19 09:00:16,720 - coint2.core.memory_optimization - INFO - 🧹 Cleaning up global price data
2026-01-19 09:00:16,722 - coint2.core.memory_optimization - INFO - 📊 No global rolling stats to clean up
2026-01-19 09:00:16,723 - INFO - 🧹 Memory-mapped data cleaned up
2026-01-19 09:00:16,723 - INFO - ⇠ run_walk_forward_analysis — done in 773.16s
📊 Отчет сохранен: artifacts/wfa/runs/20260119_stability_relaxed3/stability_relaxed3_20260119_pv0p08_hurst0p65_hl0p02_60_corr0p5_ssd50000_st1/CointegrationStrategy_performance_report.png
🎯 ============================================================
📊 ИТОГИ ТОРГОВОЙ СТРАТЕГИИ
🎯 ============================================================

💰 ФИНАНСОВЫЕ РЕЗУЛЬТАТЫ:
   • Общий P&L:                            0
   • Максимальная просадка:                0
   • Средний дневной P&L:                  0

📈 МЕТРИКИ РИСКА:
   • Коэффициент Шарпа:               0.0000
   • Волатильность P&L:                 0.00
   • Процент прибыльных дней:          0.00%

🔄 ТОРГОВАЯ АКТИВНОСТЬ:
   • Всего торговых дней:                  0
   • Всего сделок:                         0
   • Торгуемых пар:                        0
   • Сделок на пару:                     0.0
   • Успешность сделок:               0.00%

💸 РАСХОДЫ И ЭКСТРЕМУМЫ:
   • Общие расходы:                        0
   • Максимальная прибыль:                 0
   • Максимальный убыток:                  0
   • Лучшая пара (P&L):                    0
   • Худшая пара (P&L):                    0

📊 ОЦЕНКА СТРАТЕГИИ:
   ❌ УБЫТОЧНАЯ стратегия. Требует доработки

🎯 ============================================================

Annualized Sharpe Ratio: nan
[run_wfa_fullcpu] end: 2026-01-19T09:00:17Z
