[run_wfa_queue] 2026-01-23T14:54:20Z cmd: /opt/coint4/coint4/run_wfa_fullcpu.sh configs/budget_20260123_1000_capsweep_oos20240101_20240630_top50_maxnot40_riskfine2_minnotgrid_maxpairsgrid/stress_relaxed8_nokpss_20260123_oos20240101_20240630_top50_z1p00_exit0p06_hold180_cd180_ms0p2_cap1000_maxnot40_risk0p018_minnot15_maxpairs15.yaml artifacts/wfa/runs/20260123_budget1000_oos20240101_20240630_top50_maxnot40_riskfine2_minnotgrid_maxpairsgrid/stress_relaxed8_nokpss_20260123_oos20240101_20240630_top50_z1p00_exit0p06_hold180_cd180_ms0p2_cap1000_maxnot40_risk0p018_minnot15_maxpairs15
[run_wfa_fullcpu] start: 2026-01-23T14:54:20Z
[run_wfa_fullcpu] os.cpu_count: 8
[run_wfa_fullcpu] worker_pid=9718
2026-01-23 14:54:23,365 - coint2.core.memory_optimization - INFO - ✅ BLAS threading limits set to 1 via threadpoolctl
2026-01-23 14:54:23,365 - coint2.core.memory_optimization - INFO - 🔧 Controlled libraries: openblas, openmp
2026-01-23 14:54:23,365 - coint2.core.memory_optimization - INFO - 🧵 Process threads: 2 → 2
2026-01-23 14:54:23,365 - coint2.core.memory_optimization - INFO - 📝 Set 11 environment variables
2026-01-23 14:54:23,701 - INFO - ✅ Параметры конфигурации валидны
2026-01-23 14:54:23,701 - INFO - 📝 Некоторые параметры были скорректированы:
2026-01-23 14:54:23,854 - INFO - 🔒 WFA: фиксированный universe из artifacts/universe/20260119_relaxed8_strict_preholdout_v2/pairs_universe.yaml (250 пар)
2026-01-23 14:54:23,854 - INFO -   Шаг 1: тренировка 2023-10-03-2023-12-31, тест 2024-01-01-2024-01-31
2026-01-23 14:54:23,854 - INFO -   Шаг 2: тренировка 2023-11-02-2024-01-30, тест 2024-01-31-2024-03-01
2026-01-23 14:54:23,854 - INFO -   Шаг 3: тренировка 2023-12-02-2024-02-29, тест 2024-03-01-2024-03-31
2026-01-23 14:54:23,854 - INFO -   Шаг 4: тренировка 2024-01-01-2024-03-30, тест 2024-03-31-2024-04-30
2026-01-23 14:54:23,854 - INFO -   Шаг 5: тренировка 2024-01-31-2024-04-29, тест 2024-04-30-2024-05-30
2026-01-23 14:54:23,855 - INFO -   Шаг 6: тренировка 2024-03-01-2024-05-29, тест 2024-05-30-2024-06-29
2026-01-23 14:54:23,855 - INFO -   Шаг 7: тренировка 2024-03-31-2024-06-28, тест 2024-06-29-2024-07-29
2026-01-23 14:54:23,855 - INFO - 📈 Запланировано 7 walk-forward шагов
2026-01-23 14:54:23,855 - INFO - ⛔ Ограничение WFA шагов: 7 → 3
2026-01-23 14:54:23,855 - WARNING - ⚠️ Маленький буфер между training и testing в шаге 1: 0 дней. Рекомендуется минимум 1 день.
2026-01-23 14:54:23,855 - WARNING - ⚠️ Маленький буфер между training и testing в шаге 2: 0 дней. Рекомендуется минимум 1 день.
2026-01-23 14:54:23,855 - WARNING - ⚠️ Маленький буфер между training и testing в шаге 3: 0 дней. Рекомендуется минимум 1 день.
2026-01-23 14:54:23,855 - INFO - ✅ Шаги успешно запланированы:
2026-01-23 14:54:23,855 - INFO -    Шаг 1: тренировка 2023-10-03-2023-12-31, тест 2024-01-01-2024-01-31
2026-01-23 14:54:23,855 - INFO -    Шаг 2: тренировка 2023-11-02-2024-01-30, тест 2024-01-31-2024-03-01
2026-01-23 14:54:23,855 - INFO -    Шаг 3: тренировка 2023-12-02-2024-02-29, тест 2024-03-01-2024-03-31
2026-01-23 14:54:23,855 - INFO - 🗂️ Consolidating price data for memory-mapped access...
2026-01-23 14:54:23,855 - INFO - 📊 Consolidating data range: 2023-09-28 → 2024-04-05
2026-01-23 14:54:23,855 - coint2.core.memory_optimization - INFO - 🔄 Consolidating price data from data_downloaded to .cache/consolidated_prices.parquet
2026-01-23 14:54:23,855 - INFO - ⇢ loading raw data for consolidation — start
2026-01-23 14:54:24,390 - INFO - ⇠ loading raw data for consolidation — done in 0.53s
2026-01-23 14:54:24,390 - INFO - ⇢ pivoting data to wide format — start
2026-01-23 14:54:28,229 - INFO - ⇠ pivoting data to wide format — done in 3.84s
2026-01-23 14:54:28,282 - coint2.core.memory_optimization - INFO - 📊 Consolidated data: 18241 rows × 366 symbols
2026-01-23 14:54:28,283 - coint2.core.memory_optimization - INFO - 💾 Memory usage: 26.9 MB
2026-01-23 14:54:28,283 - INFO - ⇢ writing consolidated Parquet file — start
2026-01-23 14:54:28,492 - INFO - ⇠ writing consolidated Parquet file — done in 0.21s
2026-01-23 14:54:28,492 - coint2.core.memory_optimization - INFO - ✅ Successfully consolidated data to .cache/consolidated_prices.parquet
2026-01-23 14:54:28,516 - coint2.core.memory_optimization - INFO - 🔄 Initializing memory-mapped price data from .cache/consolidated_prices.parquet
2026-01-23 14:54:28,517 - INFO - ⇢ loading memory-mapped data — start
2026-01-23 14:54:28,517 - coint2.core.memory_optimization - WARNING - ⚠️ memory_map не поддерживается в текущей версии pyarrow, fallback без mmap
2026-01-23 14:54:28,630 - INFO - ⇠ loading memory-mapped data — done in 0.11s
2026-01-23 14:54:28,639 - coint2.core.memory_optimization - INFO - 📊 Loaded 18241 rows × 366 symbols
2026-01-23 14:54:28,640 - coint2.core.memory_optimization - INFO - 💾 Memory usage: 26.9 MB (memory-mapped)
2026-01-23 14:54:28,641 - INFO - ✅ Memory-mapped data initialized successfully
2026-01-23 14:54:28,642 - INFO - ⇢ Walk-forward steps — starting 3 items
2026-01-23 14:54:28,642 - INFO - 📈 Инициализация equity кривой с первой тестовой даты: 2024-01-01 00:00:00
2026-01-23 14:54:28,642 - INFO - 🔍 WF-шаг 1/3: Валидация временных окон...
2026-01-23 14:54:28,643 - INFO - ⇢ WF-шаг 1/3: training 2023-10-03-2023-12-31, testing 2024-01-01-2024-01-31 — start
2026-01-23 14:54:28,643 - INFO - ⇢ loading step data — start
2026-01-23 14:54:28,865 - INFO - ⇠ loading step data — done in 0.22s
2026-01-23 14:54:30,940 - INFO - 📊 WF-шаг 1/3: Границы данных:
2026-01-23 14:54:30,940 - INFO -    Training: 2023-10-03 00:00:00 → 2023-12-31 23:45:00 (8,640 строк × 329 символов)
2026-01-23 14:54:30,940 - INFO -    Testing:  2024-01-01 00:00:00 → 2024-01-31 00:00:00 (2,881 строк × 329 символов)
2026-01-23 14:54:30,940 - INFO -    Временной разрыв: 0 days 00:15:00
2026-01-23 14:54:30,982 - INFO - ⇢ normalizing training data — start
2026-01-23 14:54:31,022 - INFO -   Символы с NaN значениями: 53
2026-01-23 14:54:31,022 - INFO -   Применяем метод нормализации: rolling_zscore
2026-01-23 14:54:31,045 - INFO - Символы с недостаточной историей: 50 из 329
2026-01-23 14:54:31,673 - INFO - Символы с NaN после нормализации: 279
2026-01-23 14:54:31,681 - INFO - Удалено 1577 начальных строк с NaN от rolling расчетов
2026-01-23 14:54:31,684 - INFO - Итоговое количество символов после нормализации: 279 из 329
2026-01-23 14:54:31,684 - INFO -   Статистика нормализации:
2026-01-23 14:54:31,685 - INFO -     Исходные символы: 329
2026-01-23 14:54:31,685 - INFO -     Недостаточная история: 50
2026-01-23 14:54:31,685 - INFO -     Постоянная цена: 0
2026-01-23 14:54:31,685 - INFO -     NaN после нормализации: 279
2026-01-23 14:54:31,685 - INFO -     Итоговые символы: 279 (84.8%)
2026-01-23 14:54:31,685 - INFO -   После нормализации: 279 символов (потеряно 50)
2026-01-23 14:54:31,685 - INFO -   Отброшено много символов: 50 из 329
2026-01-23 14:54:31,685 - INFO - ⇠ normalizing training data — done in 0.70s
2026-01-23 14:54:31,685 - INFO -   Фиксированный universe: 234 пар (отфильтровано 16 недоступных)
2026-01-23 14:54:31,685 - INFO - ⇢ filtering pairs by cointegration and half-life — start
2026-01-23 14:54:31,685 - INFO - [ФИЛЬТР] Параллельная фильтрация: threads (8 workers)
2026-01-23 14:54:37,424 - INFO - [ФИЛЬТР] После проверки данных: 212 пар
2026-01-23 14:54:37,424 - INFO - [ФИЛЬТР] После фильтра корреляции (>0.4): 163 пар
2026-01-23 14:54:37,424 - INFO - [ФИЛЬТР] После фильтра beta: 141 пар
2026-01-23 14:54:37,424 - INFO - [ФИЛЬТР] После фильтра mean crossings: 141 пар
2026-01-23 14:54:37,424 - INFO - [ФИЛЬТР] После фильтра half-life: 141 пар
2026-01-23 14:54:37,424 - INFO - [ФИЛЬТР] После фильтра коинтеграции: 63 пар
2026-01-23 14:54:37,424 - INFO - [ФИЛЬТР] После фильтра Hurst: 48 пар
2026-01-23 14:54:37,424 - INFO - [ФИЛЬТР] После фильтра KPSS: 48 пар
2026-01-23 14:54:37,424 - INFO - [ФИЛЬТР] После фильтра market microstructure: 44 пар
2026-01-23 14:54:37,425 - INFO - [ФИЛЬТР] Статистика фильтрации (оптимизированный порядок):
2026-01-23 14:54:37,425 - INFO -   1. SSD → Коинтеграция: 234 → 63 пар
2026-01-23 14:54:37,425 - INFO -   2. Коинтеграция → Beta: 63 → 141 пар
2026-01-23 14:54:37,425 - INFO -   3. Beta → Half-life: 141 → 141 пар
2026-01-23 14:54:37,425 - INFO -   4. Half-life → Mean crossings: 141 → 141 пар
2026-01-23 14:54:37,425 - INFO -   5. Mean crossings → Hurst: 141 → 48 пар
2026-01-23 14:54:37,425 - INFO -   6. Hurst → KPSS: 48 → 48 пар
2026-01-23 14:54:37,425 - INFO -   7. KPSS → Market microstructure: 48 → 44 пар
2026-01-23 14:54:37,425 - INFO - [ФИЛЬТР] Причины отсева:
2026-01-23 14:54:37,425 - INFO -   • pvalue: 78 пар (33.3%)
2026-01-23 14:54:37,425 - INFO -   • low_correlation: 49 пар (20.9%)
2026-01-23 14:54:37,425 - INFO -   • insufficient_data: 22 пар (9.4%)
2026-01-23 14:54:37,425 - INFO -   • beta: 22 пар (9.4%)
2026-01-23 14:54:37,425 - INFO -   • hurst: 15 пар (6.4%)
2026-01-23 14:54:37,425 - INFO -   • history: 4 пар (1.7%)
2026-01-23 14:54:37,425 - INFO - [ФИЛЬТР] Итого: 234 → 44 пар (18.8% прошли все фильтры)
2026-01-23 14:54:37,428 - INFO - Причины отсева сохранены в results/filter_reasons_20260123_145437.csv
2026-01-23 14:54:37,428 - INFO -   Pair stability filter: insufficient history (0 < 1), skip
2026-01-23 14:54:37,428 - INFO -   Фильтрация: 234 → 44 пар
2026-01-23 14:54:37,428 - INFO - ⇠ filtering pairs by cointegration and half-life — done in 5.74s
2026-01-23 14:54:37,428 - INFO - ⇠ WF-шаг 1/3: training 2023-10-03-2023-12-31, testing 2024-01-01-2024-01-31 — done in 8.79s
2026-01-23 14:54:37,428 - INFO -   Ограничение max_pairs=15: 44 → 15
2026-01-23 14:54:37,428 - INFO -   Топ-3 пары по волатильности спреда:
2026-01-23 14:54:37,428 - INFO -     1. BTCDAI-BTCEUR: beta=1.1665, std=409.8237
2026-01-23 14:54:37,428 - INFO -     2. ETHDAI-ETHEUR: beta=1.1882, std=22.0629
2026-01-23 14:54:37,428 - INFO -     3. BTCUSDC-BTCUSDT: beta=0.9998, std=13.3093
2026-01-23 14:54:37,429 - INFO -   Всего пар для торговли: 15 (ограничение 15 применяется к одновременно открытым позициям)
2026-01-23 14:54:37,429 - INFO -   💰 Проверка расчета капитала: equity=$1,000.00, кандидатных_пар=15, max_позиций=15
2026-01-23 14:54:37,429 - INFO -   🎯 Target concurrency: 15 (ожидаемое одновременное число позиций)
2026-01-23 14:54:37,429 - INFO -   📊 Детали расчета капитала:
2026-01-23 14:54:37,429 - INFO -      • Базовый капитал на пару: $66.67 (equity / target_concurrency)
2026-01-23 14:54:37,429 - INFO -      • Риск-капитал: $18.00 (1.8% от equity)
2026-01-23 14:54:37,429 - INFO -      • Макс. размер позиции: $50.00 (5.0% от equity)
2026-01-23 14:54:37,429 - INFO -      • Итоговый капитал на пару: $18.00
2026-01-23 14:54:37,429 - INFO - ⇢ WF-шаг 1/3 backtests — starting 15 items
2026-01-23 14:54:37,429 - INFO - 🚀 WF-шаг 1/3: Начинаем бэктесты для 15 пар...
2026-01-23 14:54:37,429 - INFO - 🚀 WF-шаг 1/3: Запускаем параллельную обработку 15 пар на 8 ядрах...
2026-01-23 14:54:37,429 - INFO - 🚀 WF-шаг 1/3: Режим параллельности: процессы
⚙️  Загрузка данных за период: 2023-09-28 -> 2024-04-05
📂 Найдено 43 parquet файлов для обработки.
📊 Схема данных: Schema({'timestamp': Int64, 'open': Float64, 'high': Float64, 'low': Float64, 'close': Float64, 'volume': Float64, 'turnover': String, 'ts_ms': Int64, 'symbol': String})
✅ Загружено 5719620 записей с помощью Polars.
📊 Типы данных в pandas: timestamp       datetime64[us]
symbol                  object
close                  float64
timestamp_ms             int64
dtype: object
⚙️  Загрузка данных за период: 2023-10-03 -> 2024-01-31
📂 Найдено 43 parquet файлов для обработки.
📊 Схема данных: Schema({'timestamp': Int64, 'open': Float64, 'high': Float64, 'low': Float64, 'close': Float64, 'volume': Float64, 'turnover': String, 'ts_ms': Int64, 'symbol': String})
✅ Загружено 3426589 записей с помощью Polars.
📊 Типы данных в pandas: timestamp       datetime64[us]
symbol                  object
close                  float64
timestamp_ms             int64
dtype: object
2026-01-23 14:54:37,491 - coint2.engine.numba_engine - INFO - Запуск Numba-оптимизированного бэктеста для BTCDAI-BTCEUR
2026-01-23 14:54:37,519 - coint2.engine.numba_engine - INFO - Запуск Numba-оптимизированного бэктеста для ETHDAI-ETHEUR
2026-01-23 14:54:37,547 - coint2.engine.numba_engine - INFO - Запуск Numba-оптимизированного бэктеста для BTCUSDC-BTCUSDT
2026-01-23 14:54:37,571 - coint2.engine.numba_engine - INFO - Запуск Numba-оптимизированного бэктеста для APEUSDC-HFTUSDC
2026-01-23 14:54:37,574 - coint2.engine.numba_engine - INFO - Запуск Numba-оптимизированного бэктеста для ETCUSDT-JUVUSDT
2026-01-23 14:54:37,597 - coint2.engine.numba_engine - INFO - Запуск Numba-оптимизированного бэктеста для APEUSDT-HFTUSDC
2026-01-23 14:54:37,602 - coint2.engine.numba_engine - INFO - Запуск Numba-оптимизированного бэктеста для ATOMUSDT-GODSUSDT
2026-01-23 14:54:37,627 - coint2.engine.numba_engine - INFO - Запуск Numba-оптимизированного бэктеста для APEUSDC-HFTUSDT
2026-01-23 14:54:37,630 - coint2.engine.numba_engine - INFO - Запуск Numba-оптимизированного бэктеста для ETHUSDC-ETHUSDT
2026-01-23 14:54:37,657 - coint2.engine.numba_engine - INFO - Запуск Numba-оптимизированного бэктеста для APEUSDT-HFTUSDT
2026-01-23 14:54:37,658 - coint2.engine.numba_engine - INFO - Запуск Numba-оптимизированного бэктеста для AXSUSDT-DOTUSDT
2026-01-23 14:54:37,686 - coint2.engine.numba_engine - INFO - Запуск Numba-оптимизированного бэктеста для AXSUSDT-DOTUSDC
2026-01-23 14:54:37,695 - coint2.engine.numba_engine - INFO - Запуск Numba-оптимизированного бэктеста для AGLDUSDT-HFTUSDC
2026-01-23 14:54:37,714 - coint2.engine.numba_engine - INFO - Запуск Numba-оптимизированного бэктеста для AGLDUSDT-HFTUSDT
2026-01-23 14:54:37,739 - coint2.engine.numba_engine - INFO - Запуск Numba-оптимизированного бэктеста для APEUSDC-ATOMUSDT
2026-01-23 14:54:37,785 - INFO -   ⏱️ Параллельная обработка завершена за 0.4с (42.2 пар/с)
2026-01-23 14:54:37,796 - coint2.pipeline.walk_forward_orchestrator - INFO - 🎯 СИМУЛЯЦИЯ ПОРТФЕЛЯ: 15 пар, лимит 15 позиций
2026-01-23 14:54:38,640 - coint2.pipeline.walk_forward_orchestrator - INFO -    📈 Макс. одновременных сигналов: 14
2026-01-23 14:54:38,640 - coint2.pipeline.walk_forward_orchestrator - INFO -    📊 Средн. сигналов за период: 6.3
2026-01-23 14:54:38,640 - coint2.pipeline.walk_forward_orchestrator - INFO -    🎯 Финальных активных позиций: 2
2026-01-23 14:54:38,641 - coint2.pipeline.walk_forward_orchestrator - INFO -    ⚡ Утилизация лимита позиций: 42.1%
2026-01-23 14:54:38,642 - INFO - ⇠ WF-шаг 1/3 backtests — completed 15 items in 1.21s (12.4 items/s)
2026-01-23 14:54:38,642 - INFO -   ✅ Обработка завершена: 15 успешно, 0 с ошибками
2026-01-23 14:54:38,642 - INFO -   📊 Успешность: 100.0%, прибыльность: 73.3%, сделок/пара: 52.7
2026-01-23 14:54:38,642 - INFO -   ✅ Завершены бэктесты для 15 пар
2026-01-23 14:54:38,642 - INFO -   📊 Всего обработано пар в этом шаге: 15
2026-01-23 14:54:38,642 - INFO -   📈 Результаты шага: 11/15 прибыльных пар, 790 сделок
2026-01-23 14:54:38,642 - INFO -   💰 P&L шага: $+381.71
2026-01-23 14:54:38,642 - INFO -   ⇢ Обновление капитала и дневного P&L...
2026-01-23 14:54:39,832 - INFO -   💼 Шаг P&L: $+381.71, Накопленный капитал: $1,381.71
2026-01-23 14:54:39,832 - INFO - ------------------------------------------------------------
2026-01-23 14:54:39,832 - INFO -   Walk-forward steps: 1 / 3 (33.3%) | 0.1 items/s | ETA: 22.4s
2026-01-23 14:54:39,832 - INFO - 🔍 WF-шаг 2/3: Валидация временных окон...
2026-01-23 14:54:39,832 - INFO - ⇢ WF-шаг 2/3: training 2023-11-02-2024-01-30, testing 2024-01-31-2024-03-01 — start
2026-01-23 14:54:39,832 - INFO - ⇢ loading step data — start
2026-01-23 14:54:40,104 - INFO - ⇠ loading step data — done in 0.27s
2026-01-23 14:54:42,105 - INFO - 📊 WF-шаг 2/3: Границы данных:
2026-01-23 14:54:42,105 - INFO -    Training: 2023-11-02 00:00:00 → 2024-01-30 23:45:00 (8,640 строк × 346 символов)
2026-01-23 14:54:42,105 - INFO -    Testing:  2024-01-31 00:00:00 → 2024-03-01 00:00:00 (2,881 строк × 346 символов)
2026-01-23 14:54:42,105 - INFO -    Временной разрыв: 0 days 00:15:00
2026-01-23 14:54:42,150 - INFO - ⇢ normalizing training data — start
2026-01-23 14:54:42,193 - INFO -   Символы с NaN значениями: 63
2026-01-23 14:54:42,193 - INFO -   Применяем метод нормализации: rolling_zscore
2026-01-23 14:54:42,217 - INFO - Символы с недостаточной историей: 58 из 346
2026-01-23 14:54:42,858 - INFO - Символы с NaN после нормализации: 288
2026-01-23 14:54:42,867 - INFO - Удалено 1193 начальных строк с NaN от rolling расчетов
2026-01-23 14:54:42,870 - INFO - Итоговое количество символов после нормализации: 288 из 346
2026-01-23 14:54:42,870 - INFO -   Статистика нормализации:
2026-01-23 14:54:42,870 - INFO -     Исходные символы: 346
2026-01-23 14:54:42,870 - INFO -     Недостаточная история: 58
2026-01-23 14:54:42,870 - INFO -     Постоянная цена: 0
2026-01-23 14:54:42,870 - INFO -     NaN после нормализации: 288
2026-01-23 14:54:42,870 - INFO -     Итоговые символы: 288 (83.2%)
2026-01-23 14:54:42,871 - INFO -   После нормализации: 288 символов (потеряно 58)
2026-01-23 14:54:42,871 - INFO -   Отброшено много символов: 58 из 346
2026-01-23 14:54:42,871 - INFO - ⇠ normalizing training data — done in 0.72s
2026-01-23 14:54:42,871 - INFO -   Фиксированный universe: 246 пар (отфильтровано 4 недоступных)
2026-01-23 14:54:42,871 - INFO - ⇢ filtering pairs by cointegration and half-life — start
2026-01-23 14:54:42,871 - INFO - [ФИЛЬТР] Параллельная фильтрация: threads (8 workers)
2026-01-23 14:54:48,684 - INFO - [ФИЛЬТР] После проверки данных: 218 пар
2026-01-23 14:54:48,684 - INFO - [ФИЛЬТР] После фильтра корреляции (>0.4): 122 пар
2026-01-23 14:54:48,684 - INFO - [ФИЛЬТР] После фильтра beta: 108 пар
2026-01-23 14:54:48,684 - INFO - [ФИЛЬТР] После фильтра mean crossings: 108 пар
2026-01-23 14:54:48,685 - INFO - [ФИЛЬТР] После фильтра half-life: 108 пар
2026-01-23 14:54:48,685 - INFO - [ФИЛЬТР] После фильтра коинтеграции: 72 пар
2026-01-23 14:54:48,685 - INFO - [ФИЛЬТР] После фильтра Hurst: 55 пар
2026-01-23 14:54:48,685 - INFO - [ФИЛЬТР] После фильтра KPSS: 55 пар
2026-01-23 14:54:48,685 - INFO - [ФИЛЬТР] После фильтра market microstructure: 49 пар
2026-01-23 14:54:48,685 - INFO - [ФИЛЬТР] Статистика фильтрации (оптимизированный порядок):
2026-01-23 14:54:48,685 - INFO -   1. SSD → Коинтеграция: 246 → 72 пар
2026-01-23 14:54:48,685 - INFO -   2. Коинтеграция → Beta: 72 → 108 пар
2026-01-23 14:54:48,685 - INFO -   3. Beta → Half-life: 108 → 108 пар
2026-01-23 14:54:48,685 - INFO -   4. Half-life → Mean crossings: 108 → 108 пар
2026-01-23 14:54:48,685 - INFO -   5. Mean crossings → Hurst: 108 → 55 пар
2026-01-23 14:54:48,685 - INFO -   6. Hurst → KPSS: 55 → 55 пар
2026-01-23 14:54:48,685 - INFO -   7. KPSS → Market microstructure: 55 → 49 пар
2026-01-23 14:54:48,685 - INFO - [ФИЛЬТР] Причины отсева:
2026-01-23 14:54:48,685 - INFO -   • low_correlation: 96 пар (39.0%)
2026-01-23 14:54:48,685 - INFO -   • pvalue: 36 пар (14.6%)
2026-01-23 14:54:48,685 - INFO -   • insufficient_data: 28 пар (11.4%)
2026-01-23 14:54:48,685 - INFO -   • hurst: 17 пар (6.9%)
2026-01-23 14:54:48,685 - INFO -   • beta: 14 пар (5.7%)
2026-01-23 14:54:48,685 - INFO -   • history: 6 пар (2.4%)
2026-01-23 14:54:48,685 - INFO - [ФИЛЬТР] Итого: 246 → 49 пар (19.9% прошли все фильтры)
2026-01-23 14:54:48,687 - INFO - Причины отсева сохранены в results/filter_reasons_20260123_145448.csv
2026-01-23 14:54:48,688 - INFO -   Pair stability filter: 49 → 31 (window=2, min_steps=1, history=1)
2026-01-23 14:54:48,688 - INFO -   Фильтрация: 246 → 31 пар
2026-01-23 14:54:48,688 - INFO - ⇠ filtering pairs by cointegration and half-life — done in 5.82s
2026-01-23 14:54:48,688 - INFO - ⇠ WF-шаг 2/3: training 2023-11-02-2024-01-30, testing 2024-01-31-2024-03-01 — done in 8.86s
2026-01-23 14:54:48,688 - INFO -   Ограничение max_pairs=15: 31 → 15
2026-01-23 14:54:48,688 - INFO -   Топ-3 пары по волатильности спреда:
2026-01-23 14:54:48,688 - INFO -     1. BTCDAI-BTCEUR: beta=1.1459, std=574.8675
2026-01-23 14:54:48,688 - INFO -     2. ETHDAI-ETHEUR: beta=1.1311, std=22.8903
2026-01-23 14:54:48,688 - INFO -     3. BTCUSDC-BTCUSDT: beta=0.9990, std=20.6114
2026-01-23 14:54:48,688 - INFO -   Всего пар для торговли: 15 (ограничение 15 применяется к одновременно открытым позициям)
2026-01-23 14:54:48,689 - INFO -   💰 Проверка расчета капитала: equity=$1,381.71, кандидатных_пар=15, max_позиций=15
2026-01-23 14:54:48,689 - INFO -   🎯 Target concurrency: 15 (ожидаемое одновременное число позиций)
2026-01-23 14:54:48,689 - INFO -   📊 Детали расчета капитала:
2026-01-23 14:54:48,689 - INFO -      • Базовый капитал на пару: $92.11 (equity / target_concurrency)
2026-01-23 14:54:48,689 - INFO -      • Риск-капитал: $24.87 (1.8% от equity)
2026-01-23 14:54:48,689 - INFO -      • Макс. размер позиции: $69.09 (5.0% от equity)
2026-01-23 14:54:48,689 - INFO -      • Итоговый капитал на пару: $24.87
2026-01-23 14:54:48,689 - INFO - ⇢ WF-шаг 2/3 backtests — starting 15 items
2026-01-23 14:54:48,689 - INFO - 🚀 WF-шаг 2/3: Начинаем бэктесты для 15 пар...
2026-01-23 14:54:48,689 - INFO - 🚀 WF-шаг 2/3: Запускаем параллельную обработку 15 пар на 8 ядрах...
2026-01-23 14:54:48,689 - INFO - 🚀 WF-шаг 2/3: Режим параллельности: процессы
⚙️  Загрузка данных за период: 2023-11-02 -> 2024-03-01
📂 Найдено 43 parquet файлов для обработки.
📊 Схема данных: Schema({'timestamp': Int64, 'open': Float64, 'high': Float64, 'low': Float64, 'close': Float64, 'volume': Float64, 'turnover': String, 'ts_ms': Int64, 'symbol': String})
✅ Загружено 3596229 записей с помощью Polars.
📊 Типы данных в pandas: timestamp       datetime64[us]
symbol                  object
close                  float64
timestamp_ms             int64
dtype: object
2026-01-23 14:54:48,758 - coint2.engine.numba_engine - INFO - Запуск Numba-оптимизированного бэктеста для BTCDAI-BTCEUR
2026-01-23 14:54:48,786 - coint2.engine.numba_engine - INFO - Запуск Numba-оптимизированного бэктеста для ETHDAI-ETHEUR
2026-01-23 14:54:48,820 - coint2.engine.numba_engine - INFO - Запуск Numba-оптимизированного бэктеста для BTCUSDC-BTCUSDT
2026-01-23 14:54:48,844 - coint2.engine.numba_engine - INFO - Запуск Numba-оптимизированного бэктеста для AGLDUSDT-HFTUSDT
2026-01-23 14:54:48,852 - coint2.engine.numba_engine - INFO - Запуск Numba-оптимизированного бэктеста для ETHUSDC-ETHUSDT
2026-01-23 14:54:48,874 - coint2.engine.numba_engine - INFO - Запуск Numba-оптимизированного бэктеста для APEUSDC-HFTUSDT
2026-01-23 14:54:48,888 - coint2.engine.numba_engine - INFO - Запуск Numba-оптимизированного бэктеста для ATOMUSDT-GODSUSDT
2026-01-23 14:54:48,921 - coint2.engine.numba_engine - INFO - Запуск Numba-оптимизированного бэктеста для AXSUSDT-DOTUSDT
2026-01-23 14:54:48,923 - coint2.engine.numba_engine - INFO - Запуск Numba-оптимизированного бэктеста для APEUSDC-HFTUSDC
2026-01-23 14:54:48,935 - coint2.engine.numba_engine - INFO - Запуск Numba-оптимизированного бэктеста для APEUSDT-HFTUSDT
2026-01-23 14:54:48,959 - coint2.engine.numba_engine - INFO - Запуск Numba-оптимизированного бэктеста для AXSUSDT-DOTUSDC
2026-01-23 14:54:48,984 - coint2.engine.numba_engine - INFO - Запуск Numba-оптимизированного бэктеста для APEUSDT-HFTUSDC
2026-01-23 14:54:48,989 - coint2.engine.numba_engine - INFO - Запуск Numba-оптимизированного бэктеста для AGLDUSDT-HFTUSDC
2026-01-23 14:54:49,023 - coint2.engine.numba_engine - INFO - Запуск Numba-оптимизированного бэктеста для APEUSDC-ATOMUSDT
2026-01-23 14:54:49,050 - coint2.engine.numba_engine - INFO - Запуск Numba-оптимизированного бэктеста для APEUSDT-ATOMUSDT
2026-01-23 14:54:49,099 - INFO -   ⏱️ Параллельная обработка завершена за 0.4с (36.7 пар/с)
2026-01-23 14:54:49,109 - coint2.pipeline.walk_forward_orchestrator - INFO - 🎯 СИМУЛЯЦИЯ ПОРТФЕЛЯ: 15 пар, лимит 15 позиций
2026-01-23 14:54:49,762 - coint2.pipeline.walk_forward_orchestrator - INFO -    📈 Макс. одновременных сигналов: 15
2026-01-23 14:54:49,762 - coint2.pipeline.walk_forward_orchestrator - INFO -    📊 Средн. сигналов за период: 6.6
2026-01-23 14:54:49,762 - coint2.pipeline.walk_forward_orchestrator - INFO -    🎯 Финальных активных позиций: 3
2026-01-23 14:54:49,763 - coint2.pipeline.walk_forward_orchestrator - INFO -    ⚡ Утилизация лимита позиций: 43.8%
2026-01-23 14:54:49,764 - INFO - ⇠ WF-шаг 2/3 backtests — completed 15 items in 1.07s (14.0 items/s)
2026-01-23 14:54:49,764 - INFO -   ✅ Обработка завершена: 15 успешно, 0 с ошибками
2026-01-23 14:54:49,764 - INFO -   📊 Успешность: 100.0%, прибыльность: 33.3%, сделок/пара: 51.1
2026-01-23 14:54:49,764 - INFO -   ✅ Завершены бэктесты для 15 пар
2026-01-23 14:54:49,764 - INFO -   📊 Всего обработано пар в этом шаге: 15
2026-01-23 14:54:49,764 - INFO -   📈 Результаты шага: 5/15 прибыльных пар, 767 сделок
2026-01-23 14:54:49,764 - INFO -   💰 P&L шага: $-193.70
2026-01-23 14:54:49,764 - INFO -   ⇢ Обновление капитала и дневного P&L...
2026-01-23 14:54:51,053 - INFO -   💼 Шаг P&L: $-193.70, Накопленный капитал: $1,188.01
2026-01-23 14:54:51,053 - INFO - ------------------------------------------------------------
2026-01-23 14:54:51,053 - INFO -   Walk-forward steps: 2 / 3 (66.7%) | 0.1 items/s | ETA: 11.2s
2026-01-23 14:54:51,053 - INFO - 🔍 WF-шаг 3/3: Валидация временных окон...
2026-01-23 14:54:51,054 - INFO - ⇢ WF-шаг 3/3: training 2023-12-02-2024-02-29, testing 2024-03-01-2024-03-31 — start
2026-01-23 14:54:51,054 - INFO - ⇢ loading step data — start
2026-01-23 14:54:51,324 - INFO - ⇠ loading step data — done in 0.27s
2026-01-23 14:54:53,275 - INFO - 📊 WF-шаг 3/3: Границы данных:
2026-01-23 14:54:53,276 - INFO -    Training: 2023-12-02 00:00:00 → 2024-02-29 23:45:00 (8,640 строк × 361 символов)
2026-01-23 14:54:53,276 - INFO -    Testing:  2024-03-01 00:00:00 → 2024-03-31 00:00:00 (2,881 строк × 361 символов)
2026-01-23 14:54:53,276 - INFO -    Временной разрыв: 0 days 00:15:00
2026-01-23 14:54:53,323 - INFO - ⇢ normalizing training data — start
2026-01-23 14:54:53,369 - INFO -   Символы с NaN значениями: 68
2026-01-23 14:54:53,369 - INFO -   Применяем метод нормализации: rolling_zscore
2026-01-23 14:54:53,395 - INFO - Символы с недостаточной историей: 56 из 361
2026-01-23 14:54:54,079 - INFO - Символы с NaN после нормализации: 305
2026-01-23 14:54:54,089 - INFO - Удалено 1673 начальных строк с NaN от rolling расчетов
2026-01-23 14:54:54,092 - INFO - Итоговое количество символов после нормализации: 305 из 361
2026-01-23 14:54:54,092 - INFO -   Статистика нормализации:
2026-01-23 14:54:54,092 - INFO -     Исходные символы: 361
2026-01-23 14:54:54,092 - INFO -     Недостаточная история: 56
2026-01-23 14:54:54,092 - INFO -     Постоянная цена: 0
2026-01-23 14:54:54,092 - INFO -     NaN после нормализации: 305
2026-01-23 14:54:54,092 - INFO -     Итоговые символы: 305 (84.5%)
2026-01-23 14:54:54,092 - INFO -   После нормализации: 305 символов (потеряно 56)
2026-01-23 14:54:54,092 - INFO -   Отброшено много символов: 56 из 361
2026-01-23 14:54:54,093 - INFO - ⇠ normalizing training data — done in 0.77s
2026-01-23 14:54:54,093 - INFO -   Фиксированный universe: 250 пар (отфильтровано 0 недоступных)
2026-01-23 14:54:54,093 - INFO - ⇢ filtering pairs by cointegration and half-life — start
2026-01-23 14:54:54,094 - INFO - [ФИЛЬТР] Параллельная фильтрация: threads (8 workers)
2026-01-23 14:55:01,521 - INFO - [ФИЛЬТР] После проверки данных: 239 пар
2026-01-23 14:55:01,521 - INFO - [ФИЛЬТР] После фильтра корреляции (>0.4): 137 пар
2026-01-23 14:55:01,521 - INFO - [ФИЛЬТР] После фильтра beta: 127 пар
2026-01-23 14:55:01,521 - INFO - [ФИЛЬТР] После фильтра mean crossings: 127 пар
2026-01-23 14:55:01,521 - INFO - [ФИЛЬТР] После фильтра half-life: 127 пар
2026-01-23 14:55:01,521 - INFO - [ФИЛЬТР] После фильтра коинтеграции: 92 пар
2026-01-23 14:55:01,521 - INFO - [ФИЛЬТР] После фильтра Hurst: 76 пар
2026-01-23 14:55:01,521 - INFO - [ФИЛЬТР] После фильтра KPSS: 76 пар
2026-01-23 14:55:01,521 - INFO - [ФИЛЬТР] После фильтра market microstructure: 68 пар
2026-01-23 14:55:01,521 - INFO - [ФИЛЬТР] Статистика фильтрации (оптимизированный порядок):
2026-01-23 14:55:01,521 - INFO -   1. SSD → Коинтеграция: 250 → 92 пар
2026-01-23 14:55:01,521 - INFO -   2. Коинтеграция → Beta: 92 → 127 пар
2026-01-23 14:55:01,522 - INFO -   3. Beta → Half-life: 127 → 127 пар
2026-01-23 14:55:01,522 - INFO -   4. Half-life → Mean crossings: 127 → 127 пар
2026-01-23 14:55:01,522 - INFO -   5. Mean crossings → Hurst: 127 → 76 пар
2026-01-23 14:55:01,522 - INFO -   6. Hurst → KPSS: 76 → 76 пар
2026-01-23 14:55:01,522 - INFO -   7. KPSS → Market microstructure: 76 → 68 пар
2026-01-23 14:55:01,522 - INFO - [ФИЛЬТР] Причины отсева:
2026-01-23 14:55:01,522 - INFO -   • low_correlation: 102 пар (40.8%)
2026-01-23 14:55:01,522 - INFO -   • pvalue: 35 пар (14.0%)
2026-01-23 14:55:01,522 - INFO -   • hurst: 16 пар (6.4%)
2026-01-23 14:55:01,522 - INFO -   • insufficient_data: 11 пар (4.4%)
2026-01-23 14:55:01,522 - INFO -   • beta: 10 пар (4.0%)
2026-01-23 14:55:01,522 - INFO -   • history: 8 пар (3.2%)
2026-01-23 14:55:01,522 - INFO - [ФИЛЬТР] Итого: 250 → 68 пар (27.2% прошли все фильтры)
2026-01-23 14:55:01,524 - INFO - Причины отсева сохранены в results/filter_reasons_20260123_145501.csv
2026-01-23 14:55:01,524 - INFO -   Pair stability filter: 68 → 29 (window=2, min_steps=1, history=2)
2026-01-23 14:55:01,524 - INFO -   Фильтрация: 250 → 29 пар
2026-01-23 14:55:01,525 - INFO - ⇠ filtering pairs by cointegration and half-life — done in 7.43s
2026-01-23 14:55:01,525 - INFO - ⇠ WF-шаг 3/3: training 2023-12-02-2024-02-29, testing 2024-03-01-2024-03-31 — done in 10.47s
2026-01-23 14:55:01,525 - INFO -   Ограничение max_pairs=15: 29 → 15
2026-01-23 14:55:01,525 - INFO -   Топ-3 пары по волатильности спреда:
2026-01-23 14:55:01,525 - INFO -     1. BTCDAI-BTCEUR: beta=1.0480, std=582.7625
2026-01-23 14:55:01,525 - INFO -     2. ETHDAI-ETHEUR: beta=1.0530, std=30.4486
2026-01-23 14:55:01,525 - INFO -     3. ATOMUSDT-GODSUSDT: beta=8.5838, std=0.6434
2026-01-23 14:55:01,525 - INFO -   Всего пар для торговли: 15 (ограничение 15 применяется к одновременно открытым позициям)
2026-01-23 14:55:01,525 - INFO -   💰 Проверка расчета капитала: equity=$1,188.01, кандидатных_пар=15, max_позиций=15
2026-01-23 14:55:01,525 - INFO -   🎯 Target concurrency: 15 (ожидаемое одновременное число позиций)
2026-01-23 14:55:01,525 - INFO -   📊 Детали расчета капитала:
2026-01-23 14:55:01,525 - INFO -      • Базовый капитал на пару: $79.20 (equity / target_concurrency)
2026-01-23 14:55:01,525 - INFO -      • Риск-капитал: $21.38 (1.8% от equity)
2026-01-23 14:55:01,525 - INFO -      • Макс. размер позиции: $59.40 (5.0% от equity)
2026-01-23 14:55:01,525 - INFO -      • Итоговый капитал на пару: $21.38
2026-01-23 14:55:01,526 - INFO - ⇢ WF-шаг 3/3 backtests — starting 15 items
2026-01-23 14:55:01,526 - INFO - 🚀 WF-шаг 3/3: Начинаем бэктесты для 15 пар...
2026-01-23 14:55:01,526 - INFO - 🚀 WF-шаг 3/3: Запускаем параллельную обработку 15 пар на 8 ядрах...
2026-01-23 14:55:01,526 - INFO - 🚀 WF-шаг 3/3: Режим параллельности: процессы
⚙️  Загрузка данных за период: 2023-12-02 -> 2024-03-31
📂 Найдено 43 parquet файлов для обработки.
📊 Схема данных: Schema({'timestamp': Int64, 'open': Float64, 'high': Float64, 'low': Float64, 'close': Float64, 'volume': Float64, 'turnover': String, 'ts_ms': Int64, 'symbol': String})
✅ Загружено 3779046 записей с помощью Polars.
📊 Типы данных в pandas: timestamp       datetime64[us]
symbol                  object
close                  float64
timestamp_ms             int64
dtype: object
2026-01-23 14:55:01,591 - coint2.engine.numba_engine - INFO - Запуск Numba-оптимизированного бэктеста для BTCDAI-BTCEUR
2026-01-23 14:55:01,625 - coint2.engine.numba_engine - INFO - Запуск Numba-оптимизированного бэктеста для ETHDAI-ETHEUR
2026-01-23 14:55:01,659 - coint2.engine.numba_engine - INFO - Запуск Numba-оптимизированного бэктеста для ATOMUSDT-GODSUSDT
2026-01-23 14:55:01,676 - coint2.engine.numba_engine - INFO - Запуск Numba-оптимизированного бэктеста для APEUSDC-HFTUSDC
2026-01-23 14:55:01,693 - coint2.engine.numba_engine - INFO - Запуск Numba-оптимизированного бэктеста для ATOMUSDT-KCALUSDT
2026-01-23 14:55:01,717 - coint2.engine.numba_engine - INFO - Запуск Numba-оптимизированного бэктеста для APEUSDT-HFTUSDC
2026-01-23 14:55:01,729 - coint2.engine.numba_engine - INFO - Запуск Numba-оптимизированного бэктеста для CAKEUSDT-FIDAUSDT
2026-01-23 14:55:01,746 - coint2.engine.numba_engine - INFO - Запуск Numba-оптимизированного бэктеста для APEUSDC-ATOMUSDT
2026-01-23 14:55:01,765 - coint2.engine.numba_engine - INFO - Запуск Numba-оптимизированного бэктеста для APEUSDT-GODSUSDT
2026-01-23 14:55:01,778 - coint2.engine.numba_engine - INFO - Запуск Numba-оптимизированного бэктеста для APEUSDT-ATOMUSDT
2026-01-23 14:55:01,797 - coint2.engine.numba_engine - INFO - Запуск Numba-оптимизированного бэктеста для AGLDUSDT-HFTUSDC
2026-01-23 14:55:01,815 - coint2.engine.numba_engine - INFO - Запуск Numba-оптимизированного бэктеста для AFCUSDT-ANKRUSDT
2026-01-23 14:55:01,845 - coint2.engine.numba_engine - INFO - Запуск Numba-оптимизированного бэктеста для AGLDUSDT-HFTUSDT
2026-01-23 14:55:01,865 - coint2.engine.numba_engine - INFO - Запуск Numba-оптимизированного бэктеста для GODSUSDT-KCALUSDT
2026-01-23 14:55:01,890 - coint2.engine.numba_engine - INFO - Запуск Numba-оптимизированного бэктеста для BICOUSDT-ETHWUSDT
2026-01-23 14:55:01,976 - INFO -   ⏱️ Параллельная обработка завершена за 0.5с (33.3 пар/с)
2026-01-23 14:55:01,988 - coint2.pipeline.walk_forward_orchestrator - INFO - 🎯 СИМУЛЯЦИЯ ПОРТФЕЛЯ: 15 пар, лимит 15 позиций
2026-01-23 14:55:02,651 - coint2.pipeline.walk_forward_orchestrator - INFO -    📈 Макс. одновременных сигналов: 13
2026-01-23 14:55:02,651 - coint2.pipeline.walk_forward_orchestrator - INFO -    📊 Средн. сигналов за период: 6.3
2026-01-23 14:55:02,652 - coint2.pipeline.walk_forward_orchestrator - INFO -    🎯 Финальных активных позиций: 6
2026-01-23 14:55:02,653 - coint2.pipeline.walk_forward_orchestrator - INFO -    ⚡ Утилизация лимита позиций: 42.2%
2026-01-23 14:55:02,653 - INFO - ⇠ WF-шаг 3/3 backtests — completed 15 items in 1.13s (13.3 items/s)
2026-01-23 14:55:02,654 - INFO -   ✅ Обработка завершена: 15 успешно, 0 с ошибками
2026-01-23 14:55:02,654 - INFO -   📊 Успешность: 100.0%, прибыльность: 53.3%, сделок/пара: 51.4
2026-01-23 14:55:02,654 - INFO -   ✅ Завершены бэктесты для 15 пар
2026-01-23 14:55:02,654 - INFO -   📊 Всего обработано пар в этом шаге: 15
2026-01-23 14:55:02,654 - INFO -   📈 Результаты шага: 8/15 прибыльных пар, 771 сделок
2026-01-23 14:55:02,654 - INFO -   💰 P&L шага: $+55.96
2026-01-23 14:55:02,654 - INFO -   ⇢ Обновление капитала и дневного P&L...
2026-01-23 14:55:04,059 - INFO -   💼 Шаг P&L: $+55.96, Накопленный капитал: $1,243.97
2026-01-23 14:55:04,059 - INFO - ------------------------------------------------------------
2026-01-23 14:55:04,059 - INFO -   Walk-forward steps: 3 / 3 (100.0%) | 0.1 items/s | ETA: 0.0s
2026-01-23 14:55:04,059 - INFO - ⇠ Walk-forward steps — completed 3 items in 35.42s (0.1 items/s)
2026-01-23 14:55:04,059 - INFO - ================================================================================
2026-01-23 14:55:04,059 - INFO - 🏁 Walk-forward анализ завершен!
2026-01-23 14:55:04,059 - INFO - ⏱️ Обработано 3 шагов за 2.5 секунд
2026-01-23 14:55:04,060 - INFO - 📊 Всего обработано пар за весь анализ: 45
2026-01-23 14:55:04,060 - INFO - 💰 Финальный капитал: $1,243.97 (было $1,000.00)
2026-01-23 14:55:04,060 - INFO - 📈 Общая доходность: +24.40% ($+243.97)
2026-01-23 14:55:04,060 - INFO - 📊 Всего сделок: 0
2026-01-23 14:55:04,060 - INFO - ================================================================================
2026-01-23 14:55:04,060 - INFO - ✓ Завершены все 3 WF-шагов
2026-01-23 14:55:04,060 - INFO - ⇢ Обработка финальных результатов и расчет метрик...
2026-01-23 14:55:04,060 - INFO - ⇢ processing final results — start
2026-01-23 14:55:04,060 - INFO -   ⇢ Агрегация данных P&L за 8643 торговых дней
2026-01-23 14:55:04,083 - INFO -   ⇢ Расчет базовых метрик производительности...
2026-01-23 14:55:04,083 - INFO -     📊 Данные для анализа: 8643 записей P&L, 8641 точек equity
2026-01-23 14:55:04,085 - INFO -   ⇢ Расчет расширенных метрик (волатильность, Calmar ratio, и др.)...
2026-01-23 14:55:04,086 - INFO -   ✅ Расширенные метрики рассчитаны: 6 показателей
2026-01-23 14:55:04,086 - INFO -   ⇢ Анализ статистики по 45 парам...
2026-01-23 14:55:04,090 - INFO - ✅ Рассчитаны метрики производительности (26 показателей)
2026-01-23 14:55:04,090 - INFO -   💰 Общий P&L: $+243.97
2026-01-23 14:55:04,090 - INFO -   📊 Sharpe Ratio: 1.470
2026-01-23 14:55:04,090 - INFO -   📉 Максимальная просадка: -48332.32%
2026-01-23 14:55:04,090 - INFO -   🔄 Всего сделок: 2328
2026-01-23 14:55:04,091 - INFO -   📈 Торгуемых пар: 22
2026-01-23 14:55:04,091 - INFO -   💸 Общие издержки: $167.22
2026-01-23 14:55:04,091 - coint2.metrics - INFO - Metric: total_pnl
2026-01-23 14:55:04,091 - coint2.metrics - INFO - Metric: sharpe_ratio_abs
2026-01-23 14:55:04,091 - coint2.metrics - INFO - Metric: max_drawdown_pct
2026-01-23 14:55:04,091 - coint2.metrics - INFO - Metric: total_trades
2026-01-23 14:55:04,091 - coint2.metrics - INFO - Metric: total_pairs_traded
2026-01-23 14:55:04,092 - coint2.metrics - INFO - Metric: total_costs
2026-01-23 14:55:04,092 - INFO - ⇠ processing final results — done in 0.03s
2026-01-23 14:55:04,092 - INFO - ⇢ Создание отчетов и сохранение результатов...
2026-01-23 14:55:04,092 - INFO - ⇢ generating reports — start
2026-01-23 14:55:04,092 - INFO -   ⇢ Создание отчета о производительности...
2026-01-23 14:55:10,146 - INFO -   ✓ Отчет о производительности создан
2026-01-23 14:55:10,146 - INFO -   ⇢ Сохранение данных в CSV файлы...
2026-01-23 14:55:10,149 - INFO - 📋 Метрики сохранены: artifacts/wfa/runs/20260123_budget1000_oos20240101_20240630_top50_maxnot40_riskfine2_minnotgrid_maxpairsgrid/stress_relaxed8_nokpss_20260123_oos20240101_20240630_top50_z1p00_exit0p06_hold180_cd180_ms0p2_cap1000_maxnot40_risk0p018_minnot15_maxpairs15/strategy_metrics.csv
2026-01-23 14:55:10,150 - INFO - 📈 Дневные P&L сохранены: artifacts/wfa/runs/20260123_budget1000_oos20240101_20240630_top50_maxnot40_riskfine2_minnotgrid_maxpairsgrid/stress_relaxed8_nokpss_20260123_oos20240101_20240630_top50_z1p00_exit0p06_hold180_cd180_ms0p2_cap1000_maxnot40_risk0p018_minnot15_maxpairs15/daily_pnl.csv (91 записей)
2026-01-23 14:55:10,197 - INFO - 💹 Кривая капитала сохранена: artifacts/wfa/runs/20260123_budget1000_oos20240101_20240630_top50_maxnot40_riskfine2_minnotgrid_maxpairsgrid/stress_relaxed8_nokpss_20260123_oos20240101_20240630_top50_z1p00_exit0p06_hold180_cd180_ms0p2_cap1000_maxnot40_risk0p018_minnot15_maxpairs15/equity_curve.csv (8641 точек)
2026-01-23 14:55:10,200 - INFO - 📋 Статистика сделок сохранена: artifacts/wfa/runs/20260123_budget1000_oos20240101_20240630_top50_maxnot40_riskfine2_minnotgrid_maxpairsgrid/stress_relaxed8_nokpss_20260123_oos20240101_20240630_top50_z1p00_exit0p06_hold180_cd180_ms0p2_cap1000_maxnot40_risk0p018_minnot15_maxpairs15/trade_statistics.csv (45 записей)
2026-01-23 14:55:10,200 - INFO - 🎉 Walk-Forward анализ полностью завершен!
2026-01-23 14:55:10,200 - INFO - 📊 Все отчеты и данные сохранены в: artifacts/wfa/runs/20260123_budget1000_oos20240101_20240630_top50_maxnot40_riskfine2_minnotgrid_maxpairsgrid/stress_relaxed8_nokpss_20260123_oos20240101_20240630_top50_z1p00_exit0p06_hold180_cd180_ms0p2_cap1000_maxnot40_risk0p018_minnot15_maxpairs15
2026-01-23 14:55:10,200 - INFO - 💼 Итоговый капитал: $1,243.97
2026-01-23 14:55:10,200 - INFO - ⏱️  Общее время выполнения: 8.7 секунд
2026-01-23 14:55:10,201 - INFO - ⇠ generating reports — done in 6.11s
2026-01-23 14:55:10,201 - coint2.core.memory_optimization - INFO - 🧹 Cleaning up global price data
2026-01-23 14:55:10,204 - coint2.core.memory_optimization - INFO - 📊 No global rolling stats to clean up
2026-01-23 14:55:10,205 - INFO - 🧹 Memory-mapped data cleaned up
2026-01-23 14:55:10,207 - INFO - ⇠ run_walk_forward_analysis — done in 46.86s
📊 Отчет сохранен: artifacts/wfa/runs/20260123_budget1000_oos20240101_20240630_top50_maxnot40_riskfine2_minnotgrid_maxpairsgrid/stress_relaxed8_nokpss_20260123_oos20240101_20240630_top50_z1p00_exit0p06_hold180_cd180_ms0p2_cap1000_maxnot40_risk0p018_minnot15_maxpairs15/CointegrationStrategy_performance_report.png
🎯 ============================================================
📊 ИТОГИ ТОРГОВОЙ СТРАТЕГИИ
🎯 ============================================================

💰 ФИНАНСОВЫЕ РЕЗУЛЬТАТЫ:
   • Общий P&L:                          244
   • Максимальная просадка:             -483
   • Средний дневной P&L:                  3

📈 МЕТРИКИ РИСКА:
   • Коэффициент Шарпа:               1.4704
   • Волатильность P&L:                70.26
   • Процент прибыльных дней:         50.55%

🔄 ТОРГОВАЯ АКТИВНОСТЬ:
   • Всего торговых дней:                 91
   • Всего сделок:                     2,328
   • Торгуемых пар:                       22
   • Сделок на пару:                    51.7
   • Успешность сделок:               0.94%

💸 РАСХОДЫ И ЭКСТРЕМУМЫ:
   • Общие расходы:                      167
   • Максимальная прибыль:               192
   • Максимальный убыток:               -316
   • Лучшая пара (P&L):                  219
   • Худшая пара (P&L):                 -174

📊 ОЦЕНКА СТРАТЕГИИ:
   ✅ ОТЛИЧНАЯ стратегия! Высокий Шарп и положительный результат

🎯 ============================================================

Annualized Sharpe Ratio: 1.4704430710134815
[run_wfa_fullcpu] end: 2026-01-23T14:55:11Z
