[run_wfa_queue] 2026-01-20T05:09:35Z cmd: /opt/coint4/coint4/run_wfa_fullcpu.sh configs/stress_20260119_relaxed8_nokpss_u250_topk_turnover/stress_relaxed8_nokpss_u250_top20_z1p0_exit0p06_hold180_cd180.yaml artifacts/wfa/runs/20260119_relaxed8_nokpss_u250_topk_turnover/stress_relaxed8_nokpss_u250_top20_z1p0_exit0p06_hold180_cd180
[run_wfa_fullcpu] start: 2026-01-20T05:09:35Z
[run_wfa_fullcpu] os.cpu_count: 8
[run_wfa_fullcpu] worker_pid=1214
2026-01-20 05:09:38,633 - coint2.core.memory_optimization - INFO - ✅ BLAS threading limits set to 1 via threadpoolctl
2026-01-20 05:09:38,633 - coint2.core.memory_optimization - INFO - 🔧 Controlled libraries: openblas, openmp
2026-01-20 05:09:38,633 - coint2.core.memory_optimization - INFO - 🧵 Process threads: 2 → 2
2026-01-20 05:09:38,633 - coint2.core.memory_optimization - INFO - 📝 Set 11 environment variables
2026-01-20 05:09:39,119 - INFO - ✅ Параметры конфигурации валидны
2026-01-20 05:09:39,119 - INFO - 📝 Некоторые параметры были скорректированы:
2026-01-20 05:09:39,282 - INFO - 🔒 WFA: фиксированный universe из artifacts/universe/20260119_relaxed8_strict_preholdout_v2/pairs_universe.yaml (250 пар)
2026-01-20 05:09:39,282 - INFO -   Шаг 1: тренировка 2024-02-01-2024-04-30, тест 2024-05-01-2024-05-31
2026-01-20 05:09:39,282 - INFO -   Шаг 2: тренировка 2024-03-02-2024-05-30, тест 2024-05-31-2024-06-30
2026-01-20 05:09:39,282 - INFO -   Шаг 3: тренировка 2024-04-01-2024-06-29, тест 2024-06-30-2024-07-30
2026-01-20 05:09:39,282 - INFO -   Шаг 4: тренировка 2024-05-01-2024-07-29, тест 2024-07-30-2024-08-29
2026-01-20 05:09:39,282 - INFO -   Шаг 5: тренировка 2024-05-31-2024-08-28, тест 2024-08-29-2024-09-28
2026-01-20 05:09:39,282 - INFO -   Шаг 6: тренировка 2024-06-30-2024-09-27, тест 2024-09-28-2024-10-28
2026-01-20 05:09:39,282 - INFO -   Шаг 7: тренировка 2024-07-30-2024-10-27, тест 2024-10-28-2024-11-27
2026-01-20 05:09:39,282 - INFO -   Шаг 8: тренировка 2024-08-29-2024-11-26, тест 2024-11-27-2024-12-27
2026-01-20 05:09:39,282 - INFO -   Шаг 9: тренировка 2024-09-28-2024-12-26, тест 2024-12-27-2025-01-26
2026-01-20 05:09:39,282 - INFO - 📈 Запланировано 9 walk-forward шагов
2026-01-20 05:09:39,283 - INFO - ⛔ Ограничение WFA шагов: 9 → 5
2026-01-20 05:09:39,283 - WARNING - ⚠️ Маленький буфер между training и testing в шаге 1: 0 дней. Рекомендуется минимум 1 день.
2026-01-20 05:09:39,283 - WARNING - ⚠️ Маленький буфер между training и testing в шаге 2: 0 дней. Рекомендуется минимум 1 день.
2026-01-20 05:09:39,283 - WARNING - ⚠️ Маленький буфер между training и testing в шаге 3: 0 дней. Рекомендуется минимум 1 день.
2026-01-20 05:09:39,283 - WARNING - ⚠️ Маленький буфер между training и testing в шаге 4: 0 дней. Рекомендуется минимум 1 день.
2026-01-20 05:09:39,283 - WARNING - ⚠️ Маленький буфер между training и testing в шаге 5: 0 дней. Рекомендуется минимум 1 день.
2026-01-20 05:09:39,283 - INFO - ✅ Шаги успешно запланированы:
2026-01-20 05:09:39,283 - INFO -    Шаг 1: тренировка 2024-02-01-2024-04-30, тест 2024-05-01-2024-05-31
2026-01-20 05:09:39,283 - INFO -    Шаг 2: тренировка 2024-03-02-2024-05-30, тест 2024-05-31-2024-06-30
2026-01-20 05:09:39,283 - INFO -    Шаг 3: тренировка 2024-04-01-2024-06-29, тест 2024-06-30-2024-07-30
2026-01-20 05:09:39,283 - INFO -    Шаг 4: тренировка 2024-05-01-2024-07-29, тест 2024-07-30-2024-08-29
2026-01-20 05:09:39,283 - INFO -    Шаг 5: тренировка 2024-05-31-2024-08-28, тест 2024-08-29-2024-09-28
2026-01-20 05:09:39,283 - INFO - 🗂️ Consolidating price data for memory-mapped access...
2026-01-20 05:09:39,283 - INFO - 📊 Consolidating data range: 2024-01-27 → 2024-10-03
2026-01-20 05:09:39,283 - coint2.core.memory_optimization - INFO - 🔄 Consolidating price data from data_downloaded to .cache/consolidated_prices.parquet
2026-01-20 05:09:39,283 - INFO - ⇢ loading raw data for consolidation — start
2026-01-20 05:09:42,443 - INFO - ⇠ loading raw data for consolidation — done in 3.16s
2026-01-20 05:09:42,443 - INFO - ⇢ pivoting data to wide format — start
2026-01-20 05:09:51,565 - INFO - ⇠ pivoting data to wide format — done in 9.12s
2026-01-20 05:09:51,662 - coint2.core.memory_optimization - INFO - 📊 Consolidated data: 24001 rows × 493 symbols
2026-01-20 05:09:51,662 - coint2.core.memory_optimization - INFO - 💾 Memory usage: 47.5 MB
2026-01-20 05:09:51,662 - INFO - ⇢ writing consolidated Parquet file — start
2026-01-20 05:09:51,990 - INFO - ⇠ writing consolidated Parquet file — done in 0.33s
2026-01-20 05:09:51,990 - coint2.core.memory_optimization - INFO - ✅ Successfully consolidated data to .cache/consolidated_prices.parquet
2026-01-20 05:09:52,030 - coint2.core.memory_optimization - INFO - 🔄 Initializing memory-mapped price data from .cache/consolidated_prices.parquet
2026-01-20 05:09:52,031 - INFO - ⇢ loading memory-mapped data — start
2026-01-20 05:09:52,031 - coint2.core.memory_optimization - WARNING - ⚠️ memory_map не поддерживается в текущей версии pyarrow, fallback без mmap
2026-01-20 05:09:52,242 - INFO - ⇠ loading memory-mapped data — done in 0.21s
2026-01-20 05:09:52,256 - coint2.core.memory_optimization - INFO - 📊 Loaded 24001 rows × 493 symbols
2026-01-20 05:09:52,256 - coint2.core.memory_optimization - INFO - 💾 Memory usage: 47.5 MB (memory-mapped)
2026-01-20 05:09:52,258 - INFO - ✅ Memory-mapped data initialized successfully
2026-01-20 05:09:52,260 - INFO - ⇢ Walk-forward steps — starting 5 items
2026-01-20 05:09:52,260 - INFO - 📈 Инициализация equity кривой с первой тестовой даты: 2024-05-01 00:00:00
2026-01-20 05:09:52,260 - INFO - 🔍 WF-шаг 1/5: Валидация временных окон...
2026-01-20 05:09:52,261 - INFO - ⇢ WF-шаг 1/5: training 2024-02-01-2024-04-30, testing 2024-05-01-2024-05-31 — start
2026-01-20 05:09:52,261 - INFO - ⇢ loading step data — start
2026-01-20 05:09:52,605 - INFO - ⇠ loading step data — done in 0.34s
2026-01-20 05:09:55,552 - INFO - 📊 WF-шаг 1/5: Границы данных:
2026-01-20 05:09:55,552 - INFO -    Training: 2024-02-01 00:00:00 → 2024-04-30 23:45:00 (8,640 строк × 403 символов)
2026-01-20 05:09:55,552 - INFO -    Testing:  2024-05-01 00:00:00 → 2024-05-31 00:00:00 (2,881 строк × 403 символов)
2026-01-20 05:09:55,552 - INFO -    Временной разрыв: 0 days 00:15:00
2026-01-20 05:09:55,606 - INFO - ⇢ normalizing training data — start
2026-01-20 05:09:55,654 - INFO -   Символы с NaN значениями: 72
2026-01-20 05:09:55,654 - INFO -   Применяем метод нормализации: rolling_zscore
2026-01-20 05:09:55,701 - INFO - Символы с недостаточной историей: 67 из 403
2026-01-20 05:09:56,504 - INFO - Символы с NaN после нормализации: 336
2026-01-20 05:09:56,516 - INFO - Удалено 549 начальных строк с NaN от rolling расчетов
2026-01-20 05:09:56,520 - INFO - Итоговое количество символов после нормализации: 336 из 403
2026-01-20 05:09:56,521 - INFO -   Статистика нормализации:
2026-01-20 05:09:56,521 - INFO -     Исходные символы: 403
2026-01-20 05:09:56,521 - INFO -     Недостаточная история: 67
2026-01-20 05:09:56,521 - INFO -     Постоянная цена: 0
2026-01-20 05:09:56,521 - INFO -     NaN после нормализации: 336
2026-01-20 05:09:56,522 - INFO -     Итоговые символы: 336 (83.4%)
2026-01-20 05:09:56,522 - INFO -   После нормализации: 336 символов (потеряно 67)
2026-01-20 05:09:56,522 - INFO -   Отброшено много символов: 67 из 403
2026-01-20 05:09:56,522 - INFO - ⇠ normalizing training data — done in 0.92s
2026-01-20 05:09:56,522 - INFO -   Фиксированный universe: 250 пар (отфильтровано 0 недоступных)
2026-01-20 05:09:56,522 - INFO - ⇢ filtering pairs by cointegration and half-life — start
2026-01-20 05:09:56,522 - INFO - [ФИЛЬТР] Параллельная фильтрация: processes (8 workers)
⚙️  Загрузка данных за период: 2024-01-27 -> 2024-10-03
📂 Найдено 43 parquet файлов для обработки.
📊 Схема данных: Schema({'timestamp': Int64, 'open': Float64, 'high': Float64, 'low': Float64, 'close': Float64, 'volume': Float64, 'turnover': String, 'ts_ms': Int64, 'symbol': String})
✅ Загружено 9788769 записей с помощью Polars.
📊 Типы данных в pandas: timestamp       datetime64[us]
symbol                  object
close                  float64
timestamp_ms             int64
dtype: object
⚙️  Загрузка данных за период: 2024-02-01 -> 2024-05-31
📂 Найдено 43 parquet файлов для обработки.
📊 Схема данных: Schema({'timestamp': Int64, 'open': Float64, 'high': Float64, 'low': Float64, 'close': Float64, 'volume': Float64, 'turnover': String, 'ts_ms': Int64, 'symbol': String})
✅ Загружено 4205229 записей с помощью Polars.
📊 Типы данных в pandas: timestamp       datetime64[us]
symbol                  object
close                  float64
timestamp_ms             int64
dtype: object
2026-01-20 05:10:40,217 - INFO - [ФИЛЬТР] После проверки данных: 250 пар
2026-01-20 05:10:40,217 - INFO - [ФИЛЬТР] После фильтра корреляции (>0.4): 242 пар
2026-01-20 05:10:40,217 - INFO - [ФИЛЬТР] После фильтра beta: 204 пар
2026-01-20 05:10:40,217 - INFO - [ФИЛЬТР] После фильтра mean crossings: 204 пар
2026-01-20 05:10:40,217 - INFO - [ФИЛЬТР] После фильтра half-life: 204 пар
2026-01-20 05:10:40,217 - INFO - [ФИЛЬТР] После фильтра коинтеграции: 198 пар
2026-01-20 05:10:40,217 - INFO - [ФИЛЬТР] После фильтра Hurst: 139 пар
2026-01-20 05:10:40,217 - INFO - [ФИЛЬТР] После фильтра KPSS: 139 пар
2026-01-20 05:10:40,217 - INFO - [ФИЛЬТР] После фильтра market microstructure: 135 пар
2026-01-20 05:10:40,217 - INFO - [ФИЛЬТР] Статистика фильтрации (оптимизированный порядок):
2026-01-20 05:10:40,217 - INFO -   1. SSD → Коинтеграция: 250 → 198 пар
2026-01-20 05:10:40,217 - INFO -   2. Коинтеграция → Beta: 198 → 204 пар
2026-01-20 05:10:40,217 - INFO -   3. Beta → Half-life: 204 → 204 пар
2026-01-20 05:10:40,217 - INFO -   4. Half-life → Mean crossings: 204 → 204 пар
2026-01-20 05:10:40,217 - INFO -   5. Mean crossings → Hurst: 204 → 139 пар
2026-01-20 05:10:40,218 - INFO -   6. Hurst → KPSS: 139 → 139 пар
2026-01-20 05:10:40,218 - INFO -   7. KPSS → Market microstructure: 139 → 135 пар
2026-01-20 05:10:40,218 - INFO - [ФИЛЬТР] Причины отсева:
2026-01-20 05:10:40,218 - INFO -   • hurst: 59 пар (23.6%)
2026-01-20 05:10:40,218 - INFO -   • beta: 38 пар (15.2%)
2026-01-20 05:10:40,218 - INFO -   • low_correlation: 8 пар (3.2%)
2026-01-20 05:10:40,218 - INFO -   • pvalue: 6 пар (2.4%)
2026-01-20 05:10:40,218 - INFO -   • history: 4 пар (1.6%)
2026-01-20 05:10:40,218 - INFO - [ФИЛЬТР] Итого: 250 → 135 пар (54.0% прошли все фильтры)
2026-01-20 05:10:40,225 - INFO - Причины отсева сохранены в results/filter_reasons_20260120_051040.csv
2026-01-20 05:10:40,226 - INFO -   Pair stability filter: insufficient history (0 < 1), skip
2026-01-20 05:10:40,226 - INFO -   Фильтрация: 250 → 135 пар
2026-01-20 05:10:40,226 - INFO - ⇠ filtering pairs by cointegration and half-life — done in 43.70s
2026-01-20 05:10:40,226 - INFO - ⇠ WF-шаг 1/5: training 2024-02-01-2024-04-30, testing 2024-05-01-2024-05-31 — done in 47.96s
2026-01-20 05:10:40,226 - INFO -   Ограничение max_pairs=20: 135 → 20
2026-01-20 05:10:40,226 - INFO -   Топ-3 пары по волатильности спреда:
2026-01-20 05:10:40,226 - INFO -     1. BTCDAI-BTCEUR: beta=1.0799, std=663.3878
2026-01-20 05:10:40,226 - INFO -     2. COMPUSDT-GTAIUSDT: beta=13.3410, std=4.9977
2026-01-20 05:10:40,226 - INFO -     3. ETHUSDC-ETHUSDT: beta=1.0017, std=1.8914
2026-01-20 05:10:40,226 - INFO -   Всего пар для торговли: 20 (ограничение 15 применяется к одновременно открытым позициям)
2026-01-20 05:10:40,232 - INFO -   💰 Проверка расчета капитала: equity=$10,000.00, кандидатных_пар=20, max_позиций=15
2026-01-20 05:10:40,232 - INFO -   🎯 Target concurrency: 15 (ожидаемое одновременное число позиций)
2026-01-20 05:10:40,232 - INFO -   📊 Детали расчета капитала:
2026-01-20 05:10:40,232 - INFO -      • Базовый капитал на пару: $666.67 (equity / target_concurrency)
2026-01-20 05:10:40,232 - INFO -      • Риск-капитал: $150.00 (1.5% от equity)
2026-01-20 05:10:40,232 - INFO -      • Макс. размер позиции: $200.00 (2.0% от equity)
2026-01-20 05:10:40,232 - INFO -      • Итоговый капитал на пару: $150.00
2026-01-20 05:10:40,233 - INFO - ⇢ WF-шаг 1/5 backtests — starting 20 items
2026-01-20 05:10:40,233 - INFO - 🚀 WF-шаг 1/5: Начинаем бэктесты для 20 пар...
2026-01-20 05:10:40,233 - INFO - 🚀 WF-шаг 1/5: Запускаем параллельную обработку 20 пар на 8 ядрах...
2026-01-20 05:10:40,233 - INFO - 🚀 WF-шаг 1/5: Режим параллельности: процессы
2026-01-20 05:10:40,383 - coint2.engine.numba_engine - INFO - Запуск Numba-оптимизированного бэктеста для BTCDAI-BTCEUR
2026-01-20 05:10:40,448 - coint2.engine.numba_engine - INFO - Запуск Numba-оптимизированного бэктеста для COMPUSDT-GTAIUSDT
2026-01-20 05:10:40,521 - coint2.engine.numba_engine - INFO - Запуск Numba-оптимизированного бэктеста для ETHUSDC-ETHUSDT
2026-01-20 05:10:40,645 - coint2.engine.numba_engine - INFO - Запуск Numba-оптимизированного бэктеста для ETCUSDT-JUVUSDT
2026-01-20 05:10:40,682 - coint2.engine.numba_engine - INFO - Запуск Numba-оптимизированного бэктеста для KCSUSDT-KDAUSDT
2026-01-20 05:10:40,727 - coint2.engine.numba_engine - INFO - Запуск Numba-оптимизированного бэктеста для FILUSDC-GTAIUSDT
2026-01-20 05:10:40,738 - coint2.engine.numba_engine - INFO - Запуск Numba-оптимизированного бэктеста для FILUSDC-JUVUSDT
2026-01-20 05:10:40,826 - coint2.engine.numba_engine - INFO - Запуск Numba-оптимизированного бэктеста для ATOMUSDT-KDAUSDT
2026-01-20 05:10:40,844 - coint2.engine.numba_engine - INFO - Запуск Numba-оптимизированного бэктеста для FILUSDT-JUVUSDT
2026-01-20 05:10:40,847 - coint2.engine.numba_engine - INFO - Запуск Numba-оптимизированного бэктеста для DOTUSDC-KDAUSDT
2026-01-20 05:10:40,952 - coint2.engine.numba_engine - INFO - Запуск Numba-оптимизированного бэктеста для HNTUSDT-INTERUSDT
2026-01-20 05:10:41,010 - coint2.engine.numba_engine - INFO - Запуск Numba-оптимизированного бэктеста для FILUSDT-GTAIUSDT
2026-01-20 05:10:41,117 - coint2.engine.numba_engine - INFO - Запуск Numba-оптимизированного бэктеста для CYBERUSDT-FIDAUSDT
2026-01-20 05:10:41,132 - coint2.engine.numba_engine - INFO - Запуск Numba-оптимизированного бэктеста для DOTUSDC-FTTUSDT
2026-01-20 05:10:41,155 - coint2.engine.numba_engine - INFO - Запуск Numba-оптимизированного бэктеста для DOTUSDT-KDAUSDT
2026-01-20 05:10:41,188 - coint2.engine.numba_engine - INFO - Запуск Numba-оптимизированного бэктеста для DOTUSDT-FTTUSDT
2026-01-20 05:10:41,252 - coint2.engine.numba_engine - INFO - Запуск Numba-оптимизированного бэктеста для GALFTUSDT-HBARUSDT
2026-01-20 05:10:41,271 - coint2.engine.numba_engine - INFO - Запуск Numba-оптимизированного бэктеста для ATOMUSDT-GODSUSDT
2026-01-20 05:10:41,303 - coint2.engine.numba_engine - INFO - Запуск Numba-оптимизированного бэктеста для AXSUSDT-KUBUSDT
2026-01-20 05:10:41,453 - coint2.engine.numba_engine - INFO - Запуск Numba-оптимизированного бэктеста для ATOMUSDT-KCALUSDT
2026-01-20 05:10:41,498 - INFO -   ⏱️ Параллельная обработка завершена за 1.3с (15.8 пар/с)
2026-01-20 05:10:41,507 - coint2.pipeline.walk_forward_orchestrator - INFO - 🎯 СИМУЛЯЦИЯ ПОРТФЕЛЯ: 20 пар, лимит 15 позиций
2026-01-20 05:10:41,919 - coint2.pipeline.walk_forward_orchestrator - INFO -    📈 Макс. одновременных сигналов: 11
2026-01-20 05:10:41,919 - coint2.pipeline.walk_forward_orchestrator - INFO -    📊 Средн. сигналов за период: 0.1
2026-01-20 05:10:41,919 - coint2.pipeline.walk_forward_orchestrator - INFO -    🎯 Финальных активных позиций: 0
2026-01-20 05:10:41,920 - coint2.pipeline.walk_forward_orchestrator - INFO -    ⚡ Утилизация лимита позиций: 0.6%
2026-01-20 05:10:41,921 - INFO - ⇠ WF-шаг 1/5 backtests — completed 20 items in 1.69s (11.8 items/s)
2026-01-20 05:10:41,921 - INFO -   ✅ Обработка завершена: 20 успешно, 0 с ошибками
2026-01-20 05:10:41,921 - INFO -   📊 Успешность: 100.0%, прибыльность: 55.0%, сделок/пара: 6.7
2026-01-20 05:10:41,921 - INFO -   ✅ Завершены бэктесты для 20 пар
2026-01-20 05:10:41,921 - INFO -   📊 Всего обработано пар в этом шаге: 20
2026-01-20 05:10:41,921 - INFO -   📈 Результаты шага: 11/20 прибыльных пар, 133 сделок
2026-01-20 05:10:41,921 - INFO -   💰 P&L шага: $-7.45
2026-01-20 05:10:41,921 - INFO -   ⇢ Обновление капитала и дневного P&L...
2026-01-20 05:10:43,156 - INFO -   💼 Шаг P&L: $-7.45, Накопленный капитал: $9,992.55
2026-01-20 05:10:43,156 - INFO - ------------------------------------------------------------
2026-01-20 05:10:43,156 - INFO -   Walk-forward steps: 1 / 5 (20.0%) | 0.0 items/s | ETA: 203.6s
2026-01-20 05:10:43,156 - INFO - 🔍 WF-шаг 2/5: Валидация временных окон...
2026-01-20 05:10:43,157 - INFO - ⇢ WF-шаг 2/5: training 2024-03-02-2024-05-30, testing 2024-05-31-2024-06-30 — start
2026-01-20 05:10:43,157 - INFO - ⇢ loading step data — start
2026-01-20 05:10:43,513 - INFO - ⇠ loading step data — done in 0.36s
2026-01-20 05:10:46,650 - INFO - 📊 WF-шаг 2/5: Границы данных:
2026-01-20 05:10:46,650 - INFO -    Training: 2024-03-02 00:00:00 → 2024-05-30 23:45:00 (8,640 строк × 432 символов)
2026-01-20 05:10:46,650 - INFO -    Testing:  2024-05-31 00:00:00 → 2024-06-30 00:00:00 (2,881 строк × 432 символов)
2026-01-20 05:10:46,650 - INFO -    Временной разрыв: 0 days 00:15:00
2026-01-20 05:10:46,750 - INFO - ⇢ normalizing training data — start
2026-01-20 05:10:46,816 - INFO -   Символы с NaN значениями: 86
2026-01-20 05:10:46,816 - INFO -   Применяем метод нормализации: rolling_zscore
2026-01-20 05:10:46,845 - INFO - Символы с недостаточной историей: 77 из 432
2026-01-20 05:10:47,694 - INFO - Символы с NaN после нормализации: 355
2026-01-20 05:10:47,705 - INFO - Удалено 1673 начальных строк с NaN от rolling расчетов
2026-01-20 05:10:47,709 - INFO - Итоговое количество символов после нормализации: 355 из 432
2026-01-20 05:10:47,709 - INFO -   Статистика нормализации:
2026-01-20 05:10:47,709 - INFO -     Исходные символы: 432
2026-01-20 05:10:47,709 - INFO -     Недостаточная история: 77
2026-01-20 05:10:47,709 - INFO -     Постоянная цена: 0
2026-01-20 05:10:47,709 - INFO -     NaN после нормализации: 355
2026-01-20 05:10:47,709 - INFO -     Итоговые символы: 355 (82.2%)
2026-01-20 05:10:47,709 - INFO -   После нормализации: 355 символов (потеряно 77)
2026-01-20 05:10:47,709 - INFO -   Отброшено много символов: 77 из 432
2026-01-20 05:10:47,709 - INFO - ⇠ normalizing training data — done in 0.96s
2026-01-20 05:10:47,710 - INFO -   Фиксированный universe: 250 пар (отфильтровано 0 недоступных)
2026-01-20 05:10:47,710 - INFO - ⇢ filtering pairs by cointegration and half-life — start
2026-01-20 05:10:47,710 - INFO - [ФИЛЬТР] Параллельная фильтрация: processes (8 workers)
⚙️  Загрузка данных за период: 2024-03-02 -> 2024-06-30
📂 Найдено 43 parquet файлов для обработки.
📊 Схема данных: Schema({'timestamp': Int64, 'open': Float64, 'high': Float64, 'low': Float64, 'close': Float64, 'volume': Float64, 'turnover': String, 'ts_ms': Int64, 'symbol': String})
✅ Загружено 4429881 записей с помощью Polars.
📊 Типы данных в pandas: timestamp       datetime64[us]
symbol                  object
close                  float64
timestamp_ms             int64
dtype: object
2026-01-20 05:11:28,313 - INFO - [ФИЛЬТР] После проверки данных: 250 пар
2026-01-20 05:11:28,313 - INFO - [ФИЛЬТР] После фильтра корреляции (>0.4): 231 пар
2026-01-20 05:11:28,313 - INFO - [ФИЛЬТР] После фильтра beta: 194 пар
2026-01-20 05:11:28,313 - INFO - [ФИЛЬТР] После фильтра mean crossings: 194 пар
2026-01-20 05:11:28,313 - INFO - [ФИЛЬТР] После фильтра half-life: 194 пар
2026-01-20 05:11:28,313 - INFO - [ФИЛЬТР] После фильтра коинтеграции: 165 пар
2026-01-20 05:11:28,313 - INFO - [ФИЛЬТР] После фильтра Hurst: 115 пар
2026-01-20 05:11:28,313 - INFO - [ФИЛЬТР] После фильтра KPSS: 115 пар
2026-01-20 05:11:28,313 - INFO - [ФИЛЬТР] После фильтра market microstructure: 115 пар
2026-01-20 05:11:28,313 - INFO - [ФИЛЬТР] Статистика фильтрации (оптимизированный порядок):
2026-01-20 05:11:28,313 - INFO -   1. SSD → Коинтеграция: 250 → 165 пар
2026-01-20 05:11:28,313 - INFO -   2. Коинтеграция → Beta: 165 → 194 пар
2026-01-20 05:11:28,313 - INFO -   3. Beta → Half-life: 194 → 194 пар
2026-01-20 05:11:28,313 - INFO -   4. Half-life → Mean crossings: 194 → 194 пар
2026-01-20 05:11:28,313 - INFO -   5. Mean crossings → Hurst: 194 → 115 пар
2026-01-20 05:11:28,313 - INFO -   6. Hurst → KPSS: 115 → 115 пар
2026-01-20 05:11:28,313 - INFO -   7. KPSS → Market microstructure: 115 → 115 пар
2026-01-20 05:11:28,313 - INFO - [ФИЛЬТР] Причины отсева:
2026-01-20 05:11:28,313 - INFO -   • hurst: 50 пар (20.0%)
2026-01-20 05:11:28,313 - INFO -   • beta: 37 пар (14.8%)
2026-01-20 05:11:28,313 - INFO -   • pvalue: 29 пар (11.6%)
2026-01-20 05:11:28,313 - INFO -   • low_correlation: 19 пар (7.6%)
2026-01-20 05:11:28,313 - INFO - [ФИЛЬТР] Итого: 250 → 115 пар (46.0% прошли все фильтры)
2026-01-20 05:11:28,315 - INFO - Причины отсева сохранены в results/filter_reasons_20260120_051128.csv
2026-01-20 05:11:28,319 - INFO -   Pair stability filter: 115 → 87 (window=2, min_steps=1, history=1)
2026-01-20 05:11:28,319 - INFO -   Фильтрация: 250 → 87 пар
2026-01-20 05:11:28,319 - INFO - ⇠ filtering pairs by cointegration and half-life — done in 40.61s
2026-01-20 05:11:28,319 - INFO - ⇠ WF-шаг 2/5: training 2024-03-02-2024-05-30, testing 2024-05-31-2024-06-30 — done in 45.16s
2026-01-20 05:11:28,320 - INFO -   Ограничение max_pairs=20: 87 → 20
2026-01-20 05:11:28,320 - INFO -   Топ-3 пары по волатильности спреда:
2026-01-20 05:11:28,320 - INFO -     1. BTCDAI-BTCEUR: beta=1.1387, std=658.9744
2026-01-20 05:11:28,320 - INFO -     2. ETHUSDC-ETHUSDT: beta=1.0013, std=2.1640
2026-01-20 05:11:28,320 - INFO -     3. CYBERUSDT-FIDAUSDT: beta=18.0281, std=1.0583
2026-01-20 05:11:28,320 - INFO -   Всего пар для торговли: 20 (ограничение 15 применяется к одновременно открытым позициям)
2026-01-20 05:11:28,320 - INFO -   💰 Проверка расчета капитала: equity=$9,992.55, кандидатных_пар=20, max_позиций=15
2026-01-20 05:11:28,320 - INFO -   🎯 Target concurrency: 15 (ожидаемое одновременное число позиций)
2026-01-20 05:11:28,320 - INFO -   📊 Детали расчета капитала:
2026-01-20 05:11:28,320 - INFO -      • Базовый капитал на пару: $666.17 (equity / target_concurrency)
2026-01-20 05:11:28,321 - INFO -      • Риск-капитал: $149.89 (1.5% от equity)
2026-01-20 05:11:28,321 - INFO -      • Макс. размер позиции: $199.85 (2.0% от equity)
2026-01-20 05:11:28,321 - INFO -      • Итоговый капитал на пару: $149.89
2026-01-20 05:11:28,321 - INFO - ⇢ WF-шаг 2/5 backtests — starting 20 items
2026-01-20 05:11:28,321 - INFO - 🚀 WF-шаг 2/5: Начинаем бэктесты для 20 пар...
2026-01-20 05:11:28,321 - INFO - 🚀 WF-шаг 2/5: Запускаем параллельную обработку 20 пар на 8 ядрах...
2026-01-20 05:11:28,321 - INFO - 🚀 WF-шаг 2/5: Режим параллельности: процессы
2026-01-20 05:11:28,445 - coint2.engine.numba_engine - INFO - Запуск Numba-оптимизированного бэктеста для BTCDAI-BTCEUR
2026-01-20 05:11:28,493 - coint2.engine.numba_engine - INFO - Запуск Numba-оптимизированного бэктеста для ETHUSDC-ETHUSDT
2026-01-20 05:11:28,524 - coint2.engine.numba_engine - INFO - Запуск Numba-оптимизированного бэктеста для CYBERUSDT-FIDAUSDT
2026-01-20 05:11:28,528 - coint2.engine.numba_engine - INFO - Запуск Numba-оптимизированного бэктеста для ATOMUSDT-GODSUSDT
2026-01-20 05:11:28,551 - coint2.engine.numba_engine - INFO - Запуск Numba-оптимизированного бэктеста для HNTUSDT-INTERUSDT
2026-01-20 05:11:28,552 - coint2.engine.numba_engine - INFO - Запуск Numba-оптимизированного бэктеста для CITYUSDT-KASTAUSDT
2026-01-20 05:11:28,606 - coint2.engine.numba_engine - INFO - Запуск Numba-оптимизированного бэктеста для GALFTUSDT-GRTUSDT
2026-01-20 05:11:28,610 - coint2.engine.numba_engine - INFO - Запуск Numba-оптимизированного бэктеста для ATOMUSDT-KDAUSDT
2026-01-20 05:11:28,627 - coint2.engine.numba_engine - INFO - Запуск Numba-оптимизированного бэктеста для FILUSDT-JUVUSDT
2026-01-20 05:11:28,629 - coint2.engine.numba_engine - INFO - Запуск Numba-оптимизированного бэктеста для AFCUSDT-CITYUSDT
2026-01-20 05:11:28,633 - coint2.engine.numba_engine - INFO - Запуск Numba-оптимизированного бэктеста для APEXUSDT-KASTAUSDT
2026-01-20 05:11:28,633 - coint2.engine.numba_engine - INFO - Запуск Numba-оптимизированного бэктеста для AFCUSDT-C98USDT
2026-01-20 05:11:28,655 - coint2.engine.numba_engine - INFO - Запуск Numba-оптимизированного бэктеста для FILUSDC-JUVUSDT
2026-01-20 05:11:28,657 - coint2.engine.numba_engine - INFO - Запуск Numba-оптимизированного бэктеста для AXLUSDT-FILUSDC
2026-01-20 05:11:28,700 - coint2.engine.numba_engine - INFO - Запуск Numba-оптимизированного бэктеста для FILUSDC-GTAIUSDT
2026-01-20 05:11:28,740 - coint2.engine.numba_engine - INFO - Запуск Numba-оптимизированного бэктеста для FILUSDT-GTAIUSDT
2026-01-20 05:11:28,755 - coint2.engine.numba_engine - INFO - Запуск Numba-оптимизированного бэктеста для CAKEUSDT-FIDAUSDT
2026-01-20 05:11:28,762 - coint2.engine.numba_engine - INFO - Запуск Numba-оптимизированного бэктеста для DYDXUSDT-KCALUSDT
2026-01-20 05:11:28,830 - coint2.engine.numba_engine - INFO - Запуск Numba-оптимизированного бэктеста для AFCUSDT-BICOUSDT
2026-01-20 05:11:28,830 - coint2.engine.numba_engine - INFO - Запуск Numba-оптимизированного бэктеста для FTTUSDT-KSMUSDT
2026-01-20 05:11:28,874 - INFO -   ⏱️ Параллельная обработка завершена за 0.6с (36.2 пар/с)
2026-01-20 05:11:28,883 - coint2.pipeline.walk_forward_orchestrator - INFO - 🎯 СИМУЛЯЦИЯ ПОРТФЕЛЯ: 20 пар, лимит 15 позиций
2026-01-20 05:11:29,334 - coint2.pipeline.walk_forward_orchestrator - INFO -    📈 Макс. одновременных сигналов: 13
2026-01-20 05:11:29,334 - coint2.pipeline.walk_forward_orchestrator - INFO -    📊 Средн. сигналов за период: 0.2
2026-01-20 05:11:29,335 - coint2.pipeline.walk_forward_orchestrator - INFO -    🎯 Финальных активных позиций: 0
2026-01-20 05:11:29,336 - coint2.pipeline.walk_forward_orchestrator - INFO -    ⚡ Утилизация лимита позиций: 1.1%
2026-01-20 05:11:29,336 - INFO - ⇠ WF-шаг 2/5 backtests — completed 20 items in 1.02s (19.7 items/s)
2026-01-20 05:11:29,336 - INFO -   ✅ Обработка завершена: 20 успешно, 0 с ошибками
2026-01-20 05:11:29,336 - INFO -   📊 Успешность: 100.0%, прибыльность: 50.0%, сделок/пара: 11.9
2026-01-20 05:11:29,336 - INFO -   ✅ Завершены бэктесты для 20 пар
2026-01-20 05:11:29,336 - INFO -   📊 Всего обработано пар в этом шаге: 20
2026-01-20 05:11:29,337 - INFO -   📈 Результаты шага: 10/20 прибыльных пар, 239 сделок
2026-01-20 05:11:29,337 - INFO -   💰 P&L шага: $-5.22
2026-01-20 05:11:29,337 - INFO -   ⇢ Обновление капитала и дневного P&L...
2026-01-20 05:11:30,860 - INFO -   💼 Шаг P&L: $-5.22, Накопленный капитал: $9,987.33
2026-01-20 05:11:30,861 - INFO - ------------------------------------------------------------
2026-01-20 05:11:30,861 - INFO -   Walk-forward steps: 2 / 5 (40.0%) | 0.0 items/s | ETA: 147.9s
2026-01-20 05:11:30,861 - INFO - 🔍 WF-шаг 3/5: Валидация временных окон...
2026-01-20 05:11:30,861 - INFO - ⇢ WF-шаг 3/5: training 2024-04-01-2024-06-29, testing 2024-06-30-2024-07-30 — start
2026-01-20 05:11:30,861 - INFO - ⇢ loading step data — start
2026-01-20 05:11:31,343 - INFO - ⇠ loading step data — done in 0.48s
2026-01-20 05:11:35,037 - INFO - 📊 WF-шаг 3/5: Границы данных:
2026-01-20 05:11:35,037 - INFO -    Training: 2024-04-01 00:00:00 → 2024-06-29 23:45:00 (8,640 строк × 451 символов)
2026-01-20 05:11:35,037 - INFO -    Testing:  2024-06-30 00:00:00 → 2024-07-30 00:00:00 (2,881 строк × 451 символов)
2026-01-20 05:11:35,037 - INFO -    Временной разрыв: 0 days 00:15:00
2026-01-20 05:11:35,095 - INFO - ⇢ normalizing training data — start
2026-01-20 05:11:35,166 - INFO -   Символы с NaN значениями: 91
2026-01-20 05:11:35,166 - INFO -   Применяем метод нормализации: rolling_zscore
2026-01-20 05:11:35,196 - INFO - Символы с недостаточной историей: 75 из 451
2026-01-20 05:11:36,064 - INFO - Символы с NaN после нормализации: 376
2026-01-20 05:11:36,075 - INFO - Удалено 1959 начальных строк с NaN от rolling расчетов
2026-01-20 05:11:36,079 - INFO - Итоговое количество символов после нормализации: 376 из 451
2026-01-20 05:11:36,080 - INFO -   Статистика нормализации:
2026-01-20 05:11:36,080 - INFO -     Исходные символы: 451
2026-01-20 05:11:36,080 - INFO -     Недостаточная история: 75
2026-01-20 05:11:36,080 - INFO -     Постоянная цена: 0
2026-01-20 05:11:36,080 - INFO -     NaN после нормализации: 376
2026-01-20 05:11:36,080 - INFO -     Итоговые символы: 376 (83.4%)
2026-01-20 05:11:36,080 - INFO -   После нормализации: 376 символов (потеряно 75)
2026-01-20 05:11:36,080 - INFO -   Отброшено много символов: 75 из 451
2026-01-20 05:11:36,080 - INFO - ⇠ normalizing training data — done in 0.99s
2026-01-20 05:11:36,081 - INFO -   Фиксированный universe: 250 пар (отфильтровано 0 недоступных)
2026-01-20 05:11:36,081 - INFO - ⇢ filtering pairs by cointegration and half-life — start
2026-01-20 05:11:36,081 - INFO - [ФИЛЬТР] Параллельная фильтрация: processes (8 workers)
⚙️  Загрузка данных за период: 2024-04-01 -> 2024-07-30
📂 Найдено 43 parquet файлов для обработки.
📊 Схема данных: Schema({'timestamp': Int64, 'open': Float64, 'high': Float64, 'low': Float64, 'close': Float64, 'volume': Float64, 'turnover': String, 'ts_ms': Int64, 'symbol': String})
✅ Загружено 4689651 записей с помощью Polars.
📊 Типы данных в pandas: timestamp       datetime64[us]
symbol                  object
close                  float64
timestamp_ms             int64
dtype: object
2026-01-20 05:12:14,540 - INFO - [ФИЛЬТР] После проверки данных: 250 пар
2026-01-20 05:12:14,540 - INFO - [ФИЛЬТР] После фильтра корреляции (>0.4): 224 пар
2026-01-20 05:12:14,540 - INFO - [ФИЛЬТР] После фильтра beta: 198 пар
2026-01-20 05:12:14,540 - INFO - [ФИЛЬТР] После фильтра mean crossings: 198 пар
2026-01-20 05:12:14,540 - INFO - [ФИЛЬТР] После фильтра half-life: 198 пар
2026-01-20 05:12:14,540 - INFO - [ФИЛЬТР] После фильтра коинтеграции: 140 пар
2026-01-20 05:12:14,541 - INFO - [ФИЛЬТР] После фильтра Hurst: 113 пар
2026-01-20 05:12:14,541 - INFO - [ФИЛЬТР] После фильтра KPSS: 113 пар
2026-01-20 05:12:14,541 - INFO - [ФИЛЬТР] После фильтра market microstructure: 113 пар
2026-01-20 05:12:14,541 - INFO - [ФИЛЬТР] Статистика фильтрации (оптимизированный порядок):
2026-01-20 05:12:14,541 - INFO -   1. SSD → Коинтеграция: 250 → 140 пар
2026-01-20 05:12:14,541 - INFO -   2. Коинтеграция → Beta: 140 → 198 пар
2026-01-20 05:12:14,541 - INFO -   3. Beta → Half-life: 198 → 198 пар
2026-01-20 05:12:14,541 - INFO -   4. Half-life → Mean crossings: 198 → 198 пар
2026-01-20 05:12:14,541 - INFO -   5. Mean crossings → Hurst: 198 → 113 пар
2026-01-20 05:12:14,541 - INFO -   6. Hurst → KPSS: 113 → 113 пар
2026-01-20 05:12:14,541 - INFO -   7. KPSS → Market microstructure: 113 → 113 пар
2026-01-20 05:12:14,541 - INFO - [ФИЛЬТР] Причины отсева:
2026-01-20 05:12:14,541 - INFO -   • pvalue: 58 пар (23.2%)
2026-01-20 05:12:14,541 - INFO -   • hurst: 27 пар (10.8%)
2026-01-20 05:12:14,541 - INFO -   • low_correlation: 26 пар (10.4%)
2026-01-20 05:12:14,541 - INFO -   • beta: 26 пар (10.4%)
2026-01-20 05:12:14,541 - INFO - [ФИЛЬТР] Итого: 250 → 113 пар (45.2% прошли все фильтры)
2026-01-20 05:12:14,550 - INFO - Причины отсева сохранены в results/filter_reasons_20260120_051214.csv
2026-01-20 05:12:14,550 - INFO -   Pair stability filter: 113 → 93 (window=2, min_steps=1, history=2)
2026-01-20 05:12:14,551 - INFO -   Фильтрация: 250 → 93 пар
2026-01-20 05:12:14,551 - INFO - ⇠ filtering pairs by cointegration and half-life — done in 38.47s
2026-01-20 05:12:14,551 - INFO - ⇠ WF-шаг 3/5: training 2024-04-01-2024-06-29, testing 2024-06-30-2024-07-30 — done in 43.69s
2026-01-20 05:12:14,551 - INFO -   Ограничение max_pairs=20: 93 → 20
2026-01-20 05:12:14,551 - INFO -   Топ-3 пары по волатильности спреда:
2026-01-20 05:12:14,551 - INFO -     1. BTCDAI-BTCEUR: beta=1.1442, std=520.0727
2026-01-20 05:12:14,551 - INFO -     2. ETHDAI-ETHEUR: beta=1.1177, std=26.8390
2026-01-20 05:12:14,551 - INFO -     3. AAVEUSDT-GALFTUSDT: beta=13.9468, std=10.8089
2026-01-20 05:12:14,551 - INFO -   Всего пар для торговли: 20 (ограничение 15 применяется к одновременно открытым позициям)
2026-01-20 05:12:14,551 - INFO -   💰 Проверка расчета капитала: equity=$9,987.33, кандидатных_пар=20, max_позиций=15
2026-01-20 05:12:14,551 - INFO -   🎯 Target concurrency: 15 (ожидаемое одновременное число позиций)
2026-01-20 05:12:14,551 - INFO -   📊 Детали расчета капитала:
2026-01-20 05:12:14,552 - INFO -      • Базовый капитал на пару: $665.82 (equity / target_concurrency)
2026-01-20 05:12:14,552 - INFO -      • Риск-капитал: $149.81 (1.5% от equity)
2026-01-20 05:12:14,552 - INFO -      • Макс. размер позиции: $199.75 (2.0% от equity)
2026-01-20 05:12:14,552 - INFO -      • Итоговый капитал на пару: $149.81
2026-01-20 05:12:14,552 - INFO - ⇢ WF-шаг 3/5 backtests — starting 20 items
2026-01-20 05:12:14,552 - INFO - 🚀 WF-шаг 3/5: Начинаем бэктесты для 20 пар...
2026-01-20 05:12:14,552 - INFO - 🚀 WF-шаг 3/5: Запускаем параллельную обработку 20 пар на 8 ядрах...
2026-01-20 05:12:14,552 - INFO - 🚀 WF-шаг 3/5: Режим параллельности: процессы
2026-01-20 05:12:14,737 - coint2.engine.numba_engine - INFO - Запуск Numba-оптимизированного бэктеста для BTCDAI-BTCEUR
2026-01-20 05:12:14,831 - coint2.engine.numba_engine - INFO - Запуск Numba-оптимизированного бэктеста для ETHDAI-ETHEUR
2026-01-20 05:12:14,940 - coint2.engine.numba_engine - INFO - Запуск Numba-оптимизированного бэктеста для AAVEUSDT-GALFTUSDT
2026-01-20 05:12:15,006 - coint2.engine.numba_engine - INFO - Запуск Numba-оптимизированного бэктеста для ETCUSDT-JUVUSDT
2026-01-20 05:12:15,050 - coint2.engine.numba_engine - INFO - Запуск Numba-оптимизированного бэктеста для FILUSDC-JUVUSDT
2026-01-20 05:12:15,158 - coint2.engine.numba_engine - INFO - Запуск Numba-оптимизированного бэктеста для DOTUSDT-KUBUSDT
2026-01-20 05:12:15,158 - coint2.engine.numba_engine - INFO - Запуск Numba-оптимизированного бэктеста для ETHUSDC-ETHUSDT
2026-01-20 05:12:15,212 - coint2.engine.numba_engine - INFO - Запуск Numba-оптимизированного бэктеста для FILUSDT-JUVUSDT
2026-01-20 05:12:15,240 - WARNING - ❌ Ошибка обработки пары AAVEUSDT-GALFTUSDT: division by zero
2026-01-20 05:12:15,243 - coint2.engine.numba_engine - INFO - Запуск Numba-оптимизированного бэктеста для DOTUSDC-FTTUSDT
2026-01-20 05:12:15,293 - coint2.engine.numba_engine - INFO - Запуск Numba-оптимизированного бэктеста для AXSUSDT-KUBUSDT
2026-01-20 05:12:15,333 - coint2.engine.numba_engine - INFO - Запуск Numba-оптимизированного бэктеста для DOTUSDT-FTTUSDT
2026-01-20 05:12:15,338 - coint2.engine.numba_engine - INFO - Запуск Numba-оптимизированного бэктеста для DOTUSDC-KUBUSDT
2026-01-20 05:12:15,355 - coint2.engine.numba_engine - INFO - Запуск Numba-оптимизированного бэктеста для CAKEUSDT-FIDAUSDT
2026-01-20 05:12:15,367 - coint2.engine.numba_engine - INFO - Запуск Numba-оптимизированного бэктеста для GALFTUSDT-HVHUSDT
2026-01-20 05:12:15,408 - coint2.engine.numba_engine - INFO - 🔍 ДИАГНОСТИКА GALFTUSDT-HVHUSDT:
2026-01-20 05:12:15,408 - coint2.engine.numba_engine - INFO -    entry_threshold: 1.0
2026-01-20 05:12:15,409 - coint2.engine.numba_engine - INFO -    exit_threshold: 0.06
2026-01-20 05:12:15,409 - coint2.engine.numba_engine - INFO -    Макс |z_score|: 22.1101
2026-01-20 05:12:15,409 - coint2.engine.numba_engine - INFO -    Позиций != 0: 23
2026-01-20 05:12:15,409 - coint2.engine.numba_engine - INFO -    Изменений позиций: 47
2026-01-20 05:12:15,409 - coint2.engine.numba_engine - INFO -    PnL сумма: 5.2814
2026-01-20 05:12:15,410 - coint2.engine.numba_engine - INFO -    Первые 10 z_scores: [1.0149729  0.89775175 0.88267124 0.7178458  0.70639974 0.05912989
 0.25585455 0.2545332  0.11229683 0.16204534]
2026-01-20 05:12:15,410 - coint2.engine.numba_engine - INFO -    Превышают порог: 1143
2026-01-20 05:12:15,449 - coint2.engine.numba_engine - INFO - Запуск Numba-оптимизированного бэктеста для APEXUSDC-AVAUSDT
2026-01-20 05:12:15,488 - coint2.engine.numba_engine - INFO - Запуск Numba-оптимизированного бэктеста для GALFTUSDT-HBARUSDT
2026-01-20 05:12:15,493 - coint2.engine.numba_engine - INFO - Запуск Numba-оптимизированного бэктеста для HNTUSDT-INTERUSDT
2026-01-20 05:12:15,500 - coint2.engine.numba_engine - INFO - Запуск Numba-оптимизированного бэктеста для ATOMUSDT-GODSUSDT
2026-01-20 05:12:15,551 - coint2.engine.numba_engine - INFO - Запуск Numba-оптимизированного бэктеста для CITYUSDT-GRTUSDT
2026-01-20 05:12:15,643 - coint2.engine.numba_engine - INFO - Запуск Numba-оптимизированного бэктеста для GALFTUSDT-GRTUSDT
2026-01-20 05:12:15,686 - INFO -   ⏱️ Параллельная обработка завершена за 1.1с (17.6 пар/с)
2026-01-20 05:12:15,696 - coint2.pipeline.walk_forward_orchestrator - INFO - 🎯 СИМУЛЯЦИЯ ПОРТФЕЛЯ: 19 пар, лимит 15 позиций
2026-01-20 05:12:16,328 - coint2.pipeline.walk_forward_orchestrator - INFO -    📈 Макс. одновременных сигналов: 4
2026-01-20 05:12:16,328 - coint2.pipeline.walk_forward_orchestrator - INFO -    📊 Средн. сигналов за период: 0.1
2026-01-20 05:12:16,328 - coint2.pipeline.walk_forward_orchestrator - INFO -    🎯 Финальных активных позиций: 0
2026-01-20 05:12:16,329 - coint2.pipeline.walk_forward_orchestrator - INFO -    ⚡ Утилизация лимита позиций: 0.6%
2026-01-20 05:12:16,330 - WARNING -   ⚠️ Ошибка обработки пары AAVEUSDT-GALFTUSDT: division by zero
2026-01-20 05:12:16,330 - INFO - ⇠ WF-шаг 3/5 backtests — completed 20 items in 1.78s (11.2 items/s)
2026-01-20 05:12:16,330 - INFO -   ✅ Обработка завершена: 19 успешно, 1 с ошибками
2026-01-20 05:12:16,330 - INFO -   📊 Успешность: 95.0%, прибыльность: 89.5%, сделок/пара: 6.5
2026-01-20 05:12:16,330 - INFO -   ✅ Завершены бэктесты для 20 пар
2026-01-20 05:12:16,330 - INFO -   📊 Всего обработано пар в этом шаге: 20
2026-01-20 05:12:16,330 - INFO -   📈 Результаты шага: 17/20 прибыльных пар, 123 сделок
2026-01-20 05:12:16,330 - INFO -   💰 P&L шага: $+74.55
2026-01-20 05:12:16,330 - INFO -   ⇢ Обновление капитала и дневного P&L...
2026-01-20 05:12:18,604 - INFO -   💼 Шаг P&L: $+74.55, Накопленный капитал: $10,061.88
2026-01-20 05:12:18,604 - INFO - ------------------------------------------------------------
2026-01-20 05:12:18,604 - INFO -   Walk-forward steps: 3 / 5 (60.0%) | 0.0 items/s | ETA: 97.6s
2026-01-20 05:12:18,604 - INFO - 🔍 WF-шаг 4/5: Валидация временных окон...
2026-01-20 05:12:18,605 - INFO - ⇢ WF-шаг 4/5: training 2024-05-01-2024-07-29, testing 2024-07-30-2024-08-29 — start
2026-01-20 05:12:18,605 - INFO - ⇢ loading step data — start
2026-01-20 05:12:19,158 - INFO - ⇠ loading step data — done in 0.55s
2026-01-20 05:12:22,861 - INFO - 📊 WF-шаг 4/5: Границы данных:
2026-01-20 05:12:22,861 - INFO -    Training: 2024-05-01 00:00:00 → 2024-07-29 23:45:00 (8,640 строк × 475 символов)
2026-01-20 05:12:22,862 - INFO -    Testing:  2024-07-30 00:00:00 → 2024-08-29 00:00:00 (2,881 строк × 475 символов)
2026-01-20 05:12:22,862 - INFO -    Временной разрыв: 0 days 00:15:00
2026-01-20 05:12:22,924 - INFO - ⇢ normalizing training data — start
2026-01-20 05:12:22,983 - INFO -   Символы с NaN значениями: 89
2026-01-20 05:12:22,983 - INFO -   Применяем метод нормализации: rolling_zscore
2026-01-20 05:12:23,016 - INFO - Символы с недостаточной историей: 75 из 475
2026-01-20 05:12:24,077 - INFO - Символы с NaN после нормализации: 400
2026-01-20 05:12:24,088 - INFO - Удалено 1863 начальных строк с NaN от rolling расчетов
2026-01-20 05:12:24,092 - INFO - Итоговое количество символов после нормализации: 400 из 475
2026-01-20 05:12:24,094 - INFO -   Статистика нормализации:
2026-01-20 05:12:24,094 - INFO -     Исходные символы: 475
2026-01-20 05:12:24,094 - INFO -     Недостаточная история: 75
2026-01-20 05:12:24,094 - INFO -     Постоянная цена: 0
2026-01-20 05:12:24,094 - INFO -     NaN после нормализации: 400
2026-01-20 05:12:24,094 - INFO -     Итоговые символы: 400 (84.2%)
2026-01-20 05:12:24,095 - INFO -   После нормализации: 400 символов (потеряно 75)
2026-01-20 05:12:24,095 - INFO -   Отброшено много символов: 75 из 475
2026-01-20 05:12:24,095 - INFO - ⇠ normalizing training data — done in 1.17s
2026-01-20 05:12:24,095 - INFO -   Фиксированный universe: 250 пар (отфильтровано 0 недоступных)
2026-01-20 05:12:24,095 - INFO - ⇢ filtering pairs by cointegration and half-life — start
2026-01-20 05:12:24,096 - INFO - [ФИЛЬТР] Параллельная фильтрация: processes (8 workers)
⚙️  Загрузка данных за период: 2024-05-01 -> 2024-08-29
📂 Найдено 43 parquet файлов для обработки.
📊 Схема данных: Schema({'timestamp': Int64, 'open': Float64, 'high': Float64, 'low': Float64, 'close': Float64, 'volume': Float64, 'turnover': String, 'ts_ms': Int64, 'symbol': String})
✅ Загружено 4931437 записей с помощью Polars.
📊 Типы данных в pandas: timestamp       datetime64[us]
symbol                  object
close                  float64
timestamp_ms             int64
dtype: object
2026-01-20 05:13:00,434 - INFO - [ФИЛЬТР] После проверки данных: 250 пар
2026-01-20 05:13:00,434 - INFO - [ФИЛЬТР] После фильтра корреляции (>0.4): 217 пар
2026-01-20 05:13:00,434 - INFO - [ФИЛЬТР] После фильтра beta: 190 пар
2026-01-20 05:13:00,434 - INFO - [ФИЛЬТР] После фильтра mean crossings: 190 пар
2026-01-20 05:13:00,434 - INFO - [ФИЛЬТР] После фильтра half-life: 190 пар
2026-01-20 05:13:00,434 - INFO - [ФИЛЬТР] После фильтра коинтеграции: 102 пар
2026-01-20 05:13:00,434 - INFO - [ФИЛЬТР] После фильтра Hurst: 76 пар
2026-01-20 05:13:00,434 - INFO - [ФИЛЬТР] После фильтра KPSS: 76 пар
2026-01-20 05:13:00,434 - INFO - [ФИЛЬТР] После фильтра market microstructure: 76 пар
2026-01-20 05:13:00,434 - INFO - [ФИЛЬТР] Статистика фильтрации (оптимизированный порядок):
2026-01-20 05:13:00,434 - INFO -   1. SSD → Коинтеграция: 250 → 102 пар
2026-01-20 05:13:00,434 - INFO -   2. Коинтеграция → Beta: 102 → 190 пар
2026-01-20 05:13:00,434 - INFO -   3. Beta → Half-life: 190 → 190 пар
2026-01-20 05:13:00,434 - INFO -   4. Half-life → Mean crossings: 190 → 190 пар
2026-01-20 05:13:00,434 - INFO -   5. Mean crossings → Hurst: 190 → 76 пар
2026-01-20 05:13:00,434 - INFO -   6. Hurst → KPSS: 76 → 76 пар
2026-01-20 05:13:00,434 - INFO -   7. KPSS → Market microstructure: 76 → 76 пар
2026-01-20 05:13:00,434 - INFO - [ФИЛЬТР] Причины отсева:
2026-01-20 05:13:00,434 - INFO -   • pvalue: 88 пар (35.2%)
2026-01-20 05:13:00,434 - INFO -   • low_correlation: 33 пар (13.2%)
2026-01-20 05:13:00,434 - INFO -   • beta: 27 пар (10.8%)
2026-01-20 05:13:00,434 - INFO -   • hurst: 26 пар (10.4%)
2026-01-20 05:13:00,434 - INFO - [ФИЛЬТР] Итого: 250 → 76 пар (30.4% прошли все фильтры)
2026-01-20 05:13:00,436 - INFO - Причины отсева сохранены в results/filter_reasons_20260120_051300.csv
2026-01-20 05:13:00,437 - INFO -   Pair stability filter: 76 → 66 (window=2, min_steps=1, history=3)
2026-01-20 05:13:00,438 - INFO -   Фильтрация: 250 → 66 пар
2026-01-20 05:13:00,438 - INFO - ⇠ filtering pairs by cointegration and half-life — done in 36.34s
2026-01-20 05:13:00,438 - INFO - ⇠ WF-шаг 4/5: training 2024-05-01-2024-07-29, testing 2024-07-30-2024-08-29 — done in 41.83s
2026-01-20 05:13:00,438 - INFO -   Ограничение max_pairs=20: 66 → 20
2026-01-20 05:13:00,438 - INFO -   Топ-3 пары по волатильности спреда:
2026-01-20 05:13:00,438 - INFO -     1. BTCDAI-BTCEUR: beta=1.0982, std=452.6966
2026-01-20 05:13:00,438 - INFO -     2. BTCUSDC-BTCUSDT: beta=1.0003, std=30.5203
2026-01-20 05:13:00,438 - INFO -     3. ETHDAI-ETHEUR: beta=1.0858, std=24.7639
2026-01-20 05:13:00,438 - INFO -   Всего пар для торговли: 20 (ограничение 15 применяется к одновременно открытым позициям)
2026-01-20 05:13:00,438 - INFO -   💰 Проверка расчета капитала: equity=$10,061.88, кандидатных_пар=20, max_позиций=15
2026-01-20 05:13:00,440 - INFO -   🎯 Target concurrency: 15 (ожидаемое одновременное число позиций)
2026-01-20 05:13:00,441 - INFO -   📊 Детали расчета капитала:
2026-01-20 05:13:00,441 - INFO -      • Базовый капитал на пару: $670.79 (equity / target_concurrency)
2026-01-20 05:13:00,441 - INFO -      • Риск-капитал: $150.93 (1.5% от equity)
2026-01-20 05:13:00,441 - INFO -      • Макс. размер позиции: $201.24 (2.0% от equity)
2026-01-20 05:13:00,441 - INFO -      • Итоговый капитал на пару: $150.93
2026-01-20 05:13:00,441 - INFO - ⇢ WF-шаг 4/5 backtests — starting 20 items
2026-01-20 05:13:00,441 - INFO - 🚀 WF-шаг 4/5: Начинаем бэктесты для 20 пар...
2026-01-20 05:13:00,441 - INFO - 🚀 WF-шаг 4/5: Запускаем параллельную обработку 20 пар на 8 ядрах...
2026-01-20 05:13:00,441 - INFO - 🚀 WF-шаг 4/5: Режим параллельности: процессы
2026-01-20 05:13:00,545 - coint2.engine.numba_engine - INFO - Запуск Numba-оптимизированного бэктеста для BTCDAI-BTCEUR
2026-01-20 05:13:00,573 - coint2.engine.numba_engine - INFO - Запуск Numba-оптимизированного бэктеста для BTCUSDC-BTCUSDT
2026-01-20 05:13:00,607 - coint2.engine.numba_engine - INFO - Запуск Numba-оптимизированного бэктеста для ETHDAI-ETHEUR
2026-01-20 05:13:00,658 - coint2.engine.numba_engine - INFO - Запуск Numba-оптимизированного бэктеста для ETCUSDT-JUVUSDT
2026-01-20 05:13:00,737 - coint2.engine.numba_engine - INFO - Запуск Numba-оптимизированного бэктеста для AXSUSDT-KUBUSDT
2026-01-20 05:13:00,742 - coint2.engine.numba_engine - INFO - Запуск Numba-оптимизированного бэктеста для ETHUSDC-ETHUSDT
2026-01-20 05:13:00,754 - coint2.engine.numba_engine - INFO - Запуск Numba-оптимизированного бэктеста для GALFTUSDT-GRTUSDT
2026-01-20 05:13:00,780 - coint2.engine.numba_engine - INFO - Запуск Numba-оптимизированного бэктеста для APEXUSDT-AVAUSDT
2026-01-20 05:13:00,791 - coint2.engine.numba_engine - INFO - Запуск Numba-оптимизированного бэктеста для ATOMUSDT-KDAUSDT
2026-01-20 05:13:00,793 - coint2.engine.numba_engine - INFO - Запуск Numba-оптимизированного бэктеста для CITYUSDT-GRTUSDT
2026-01-20 05:13:00,793 - coint2.engine.numba_engine - INFO - Запуск Numba-оптимизированного бэктеста для CYBERUSDT-GALFTUSDT
2026-01-20 05:13:00,824 - coint2.engine.numba_engine - INFO - Запуск Numba-оптимизированного бэктеста для DOTUSDC-FTTUSDT
2026-01-20 05:13:00,835 - coint2.engine.numba_engine - INFO - Запуск Numba-оптимизированного бэктеста для CITYUSDT-KASTAUSDT
2026-01-20 05:13:00,923 - coint2.engine.numba_engine - INFO - Запуск Numba-оптимизированного бэктеста для DOTUSDC-KUBUSDT
2026-01-20 05:13:00,937 - coint2.engine.numba_engine - INFO - Запуск Numba-оптимизированного бэктеста для DOTUSDT-KUBUSDT
2026-01-20 05:13:00,941 - coint2.engine.numba_engine - INFO - Запуск Numba-оптимизированного бэктеста для DOTUSDT-FTTUSDT
2026-01-20 05:13:00,987 - coint2.engine.numba_engine - INFO - Запуск Numba-оптимизированного бэктеста для FTTUSDT-KSMUSDT
2026-01-20 05:13:01,032 - coint2.engine.numba_engine - INFO - Запуск Numba-оптимизированного бэктеста для FILUSDC-JUVUSDT
2026-01-20 05:13:01,036 - coint2.engine.numba_engine - INFO - Запуск Numba-оптимизированного бэктеста для FILUSDT-JUVUSDT
2026-01-20 05:13:01,084 - coint2.engine.numba_engine - INFO - Запуск Numba-оптимизированного бэктеста для APEXUSDC-AVAUSDT
2026-01-20 05:13:01,193 - INFO -   ⏱️ Параллельная обработка завершена за 0.8с (26.6 пар/с)
2026-01-20 05:13:01,219 - coint2.pipeline.walk_forward_orchestrator - INFO - 🎯 СИМУЛЯЦИЯ ПОРТФЕЛЯ: 20 пар, лимит 15 позиций
2026-01-20 05:13:01,675 - coint2.pipeline.walk_forward_orchestrator - INFO -    📈 Макс. одновременных сигналов: 11
2026-01-20 05:13:01,675 - coint2.pipeline.walk_forward_orchestrator - INFO -    📊 Средн. сигналов за период: 0.1
2026-01-20 05:13:01,675 - coint2.pipeline.walk_forward_orchestrator - INFO -    🎯 Финальных активных позиций: 0
2026-01-20 05:13:01,676 - coint2.pipeline.walk_forward_orchestrator - INFO -    ⚡ Утилизация лимита позиций: 0.9%
2026-01-20 05:13:01,677 - INFO - ⇠ WF-шаг 4/5 backtests — completed 20 items in 1.24s (16.2 items/s)
2026-01-20 05:13:01,677 - INFO -   ✅ Обработка завершена: 20 успешно, 0 с ошибками
2026-01-20 05:13:01,677 - INFO -   📊 Успешность: 100.0%, прибыльность: 40.0%, сделок/пара: 9.8
2026-01-20 05:13:01,677 - INFO -   ✅ Завершены бэктесты для 20 пар
2026-01-20 05:13:01,677 - INFO -   📊 Всего обработано пар в этом шаге: 20
2026-01-20 05:13:01,677 - INFO -   📈 Результаты шага: 8/20 прибыльных пар, 196 сделок
2026-01-20 05:13:01,677 - INFO -   💰 P&L шага: $+5.05
2026-01-20 05:13:01,677 - INFO -   ⇢ Обновление капитала и дневного P&L...
2026-01-20 05:13:03,511 - INFO -   💼 Шаг P&L: $+5.05, Накопленный капитал: $10,066.92
2026-01-20 05:13:03,511 - INFO - ------------------------------------------------------------
2026-01-20 05:13:03,511 - INFO -   Walk-forward steps: 4 / 5 (80.0%) | 0.0 items/s | ETA: 47.8s
2026-01-20 05:13:03,511 - INFO - 🔍 WF-шаг 5/5: Валидация временных окон...
2026-01-20 05:13:03,512 - INFO - ⇢ WF-шаг 5/5: training 2024-05-31-2024-08-28, testing 2024-08-29-2024-09-28 — start
2026-01-20 05:13:03,512 - INFO - ⇢ loading step data — start
2026-01-20 05:13:04,131 - INFO - ⇠ loading step data — done in 0.62s
2026-01-20 05:13:08,099 - INFO - 📊 WF-шаг 5/5: Границы данных:
2026-01-20 05:13:08,100 - INFO -    Training: 2024-05-31 00:00:00 → 2024-08-28 23:45:00 (8,640 строк × 492 символов)
2026-01-20 05:13:08,100 - INFO -    Testing:  2024-08-29 00:00:00 → 2024-09-28 00:00:00 (2,881 строк × 492 символов)
2026-01-20 05:13:08,100 - INFO -    Временной разрыв: 0 days 00:15:00
2026-01-20 05:13:08,169 - INFO - ⇢ normalizing training data — start
2026-01-20 05:13:08,231 - INFO -   Символы с NaN значениями: 90
2026-01-20 05:13:08,231 - INFO -   Применяем метод нормализации: rolling_zscore
2026-01-20 05:13:08,266 - INFO - Символы с недостаточной историей: 73 из 492
2026-01-20 05:13:09,239 - INFO - Символы с NaN после нормализации: 419
2026-01-20 05:13:09,252 - INFO - Удалено 1661 начальных строк с NaN от rolling расчетов
2026-01-20 05:13:09,256 - INFO - Итоговое количество символов после нормализации: 419 из 492
2026-01-20 05:13:09,257 - INFO -   Статистика нормализации:
2026-01-20 05:13:09,257 - INFO -     Исходные символы: 492
2026-01-20 05:13:09,257 - INFO -     Недостаточная история: 73
2026-01-20 05:13:09,257 - INFO -     Постоянная цена: 0
2026-01-20 05:13:09,257 - INFO -     NaN после нормализации: 419
2026-01-20 05:13:09,257 - INFO -     Итоговые символы: 419 (85.2%)
2026-01-20 05:13:09,257 - INFO -   После нормализации: 419 символов (потеряно 73)
2026-01-20 05:13:09,257 - INFO -   Отброшено много символов: 73 из 492
2026-01-20 05:13:09,257 - INFO - ⇠ normalizing training data — done in 1.09s
2026-01-20 05:13:09,257 - INFO -   Фиксированный universe: 250 пар (отфильтровано 0 недоступных)
2026-01-20 05:13:09,258 - INFO - ⇢ filtering pairs by cointegration and half-life — start
2026-01-20 05:13:09,258 - INFO - [ФИЛЬТР] Параллельная фильтрация: processes (8 workers)
⚙️  Загрузка данных за период: 2024-05-31 -> 2024-09-28
📂 Найдено 43 parquet файлов для обработки.
📊 Схема данных: Schema({'timestamp': Int64, 'open': Float64, 'high': Float64, 'low': Float64, 'close': Float64, 'volume': Float64, 'turnover': String, 'ts_ms': Int64, 'symbol': String})
✅ Загружено 5190250 записей с помощью Polars.
📊 Типы данных в pandas: timestamp       datetime64[us]
symbol                  object
close                  float64
timestamp_ms             int64
dtype: object
2026-01-20 05:13:44,858 - INFO - [ФИЛЬТР] После проверки данных: 250 пар
2026-01-20 05:13:44,858 - INFO - [ФИЛЬТР] После фильтра корреляции (>0.4): 211 пар
2026-01-20 05:13:44,858 - INFO - [ФИЛЬТР] После фильтра beta: 180 пар
2026-01-20 05:13:44,858 - INFO - [ФИЛЬТР] После фильтра mean crossings: 180 пар
2026-01-20 05:13:44,858 - INFO - [ФИЛЬТР] После фильтра half-life: 180 пар
2026-01-20 05:13:44,858 - INFO - [ФИЛЬТР] После фильтра коинтеграции: 102 пар
2026-01-20 05:13:44,858 - INFO - [ФИЛЬТР] После фильтра Hurst: 77 пар
2026-01-20 05:13:44,858 - INFO - [ФИЛЬТР] После фильтра KPSS: 77 пар
2026-01-20 05:13:44,858 - INFO - [ФИЛЬТР] После фильтра market microstructure: 77 пар
2026-01-20 05:13:44,858 - INFO - [ФИЛЬТР] Статистика фильтрации (оптимизированный порядок):
2026-01-20 05:13:44,858 - INFO -   1. SSD → Коинтеграция: 250 → 102 пар
2026-01-20 05:13:44,858 - INFO -   2. Коинтеграция → Beta: 102 → 180 пар
2026-01-20 05:13:44,858 - INFO -   3. Beta → Half-life: 180 → 180 пар
2026-01-20 05:13:44,858 - INFO -   4. Half-life → Mean crossings: 180 → 180 пар
2026-01-20 05:13:44,858 - INFO -   5. Mean crossings → Hurst: 180 → 77 пар
2026-01-20 05:13:44,858 - INFO -   6. Hurst → KPSS: 77 → 77 пар
2026-01-20 05:13:44,858 - INFO -   7. KPSS → Market microstructure: 77 → 77 пар
2026-01-20 05:13:44,858 - INFO - [ФИЛЬТР] Причины отсева:
2026-01-20 05:13:44,858 - INFO -   • pvalue: 78 пар (31.2%)
2026-01-20 05:13:44,858 - INFO -   • low_correlation: 39 пар (15.6%)
2026-01-20 05:13:44,858 - INFO -   • beta: 31 пар (12.4%)
2026-01-20 05:13:44,858 - INFO -   • hurst: 25 пар (10.0%)
2026-01-20 05:13:44,858 - INFO - [ФИЛЬТР] Итого: 250 → 77 пар (30.8% прошли все фильтры)
2026-01-20 05:13:44,860 - INFO - Причины отсева сохранены в results/filter_reasons_20260120_051344.csv
2026-01-20 05:13:44,860 - INFO -   Pair stability filter: 77 → 52 (window=2, min_steps=1, history=4)
2026-01-20 05:13:44,861 - INFO -   Фильтрация: 250 → 52 пар
2026-01-20 05:13:44,861 - INFO - ⇠ filtering pairs by cointegration and half-life — done in 35.60s
2026-01-20 05:13:44,861 - INFO - ⇠ WF-шаг 5/5: training 2024-05-31-2024-08-28, testing 2024-08-29-2024-09-28 — done in 41.35s
2026-01-20 05:13:44,861 - INFO -   Ограничение max_pairs=20: 52 → 20
2026-01-20 05:13:44,861 - INFO -   Топ-3 пары по волатильности спреда:
2026-01-20 05:13:44,861 - INFO -     1. BTCDAI-BTCEUR: beta=1.0139, std=689.5404
2026-01-20 05:13:44,861 - INFO -     2. ETHDAI-ETHEUR: beta=1.0258, std=27.1640
2026-01-20 05:13:44,861 - INFO -     3. INJUSDT-KSMUSDT: beta=0.6715, std=2.1131
2026-01-20 05:13:44,861 - INFO -   Всего пар для торговли: 20 (ограничение 15 применяется к одновременно открытым позициям)
2026-01-20 05:13:44,861 - INFO -   💰 Проверка расчета капитала: equity=$10,066.92, кандидатных_пар=20, max_позиций=15
2026-01-20 05:13:44,861 - INFO -   🎯 Target concurrency: 15 (ожидаемое одновременное число позиций)
2026-01-20 05:13:44,864 - INFO -   📊 Детали расчета капитала:
2026-01-20 05:13:44,864 - INFO -      • Базовый капитал на пару: $671.13 (equity / target_concurrency)
2026-01-20 05:13:44,865 - INFO -      • Риск-капитал: $151.00 (1.5% от equity)
2026-01-20 05:13:44,865 - INFO -      • Макс. размер позиции: $201.34 (2.0% от equity)
2026-01-20 05:13:44,865 - INFO -      • Итоговый капитал на пару: $151.00
2026-01-20 05:13:44,865 - INFO - ⇢ WF-шаг 5/5 backtests — starting 20 items
2026-01-20 05:13:44,865 - INFO - 🚀 WF-шаг 5/5: Начинаем бэктесты для 20 пар...
2026-01-20 05:13:44,865 - INFO - 🚀 WF-шаг 5/5: Запускаем параллельную обработку 20 пар на 8 ядрах...
2026-01-20 05:13:44,865 - INFO - 🚀 WF-шаг 5/5: Режим параллельности: процессы
2026-01-20 05:13:44,973 - coint2.engine.numba_engine - INFO - Запуск Numba-оптимизированного бэктеста для BTCDAI-BTCEUR
2026-01-20 05:13:45,032 - coint2.engine.numba_engine - INFO - Запуск Numba-оптимизированного бэктеста для ETHDAI-ETHEUR
2026-01-20 05:13:45,058 - coint2.engine.numba_engine - INFO - Запуск Numba-оптимизированного бэктеста для INJUSDT-KSMUSDT
2026-01-20 05:13:45,076 - coint2.engine.numba_engine - INFO - Запуск Numba-оптимизированного бэктеста для GALFTUSDT-HVHUSDT
2026-01-20 05:13:45,097 - coint2.engine.numba_engine - INFO - Запуск Numba-оптимизированного бэктеста для ETCUSDT-JUVUSDT
2026-01-20 05:13:45,103 - coint2.engine.numba_engine - INFO - 🔍 ДИАГНОСТИКА GALFTUSDT-HVHUSDT:
2026-01-20 05:13:45,103 - coint2.engine.numba_engine - INFO -    entry_threshold: 1.0
2026-01-20 05:13:45,103 - coint2.engine.numba_engine - INFO -    exit_threshold: 0.06
2026-01-20 05:13:45,103 - coint2.engine.numba_engine - INFO -    Макс |z_score|: 53.8784
2026-01-20 05:13:45,103 - coint2.engine.numba_engine - INFO -    Позиций != 0: 5
2026-01-20 05:13:45,103 - coint2.engine.numba_engine - INFO -    Изменений позиций: 11
2026-01-20 05:13:45,104 - coint2.engine.numba_engine - INFO -    PnL сумма: 5.9449
2026-01-20 05:13:45,104 - coint2.engine.numba_engine - INFO -    Первые 10 z_scores: [-0.7682896  -0.6592879  -0.5004639  -0.558713   -0.51350254 -0.48972172
 -0.42940226 -0.43437722 -0.41184348 -0.39054438]
2026-01-20 05:13:45,104 - coint2.engine.numba_engine - INFO -    Превышают порог: 1289
2026-01-20 05:13:45,110 - coint2.engine.numba_engine - INFO - Запуск Numba-оптимизированного бэктеста для APEXUSDC-AVAUSDT
2026-01-20 05:13:45,133 - coint2.engine.numba_engine - INFO - Запуск Numba-оптимизированного бэктеста для CBKUSDT-ENJUSDT
2026-01-20 05:13:45,203 - coint2.engine.numba_engine - INFO - Запуск Numba-оптимизированного бэктеста для FILUSDC-JUVUSDT
2026-01-20 05:13:45,219 - coint2.engine.numba_engine - INFO - Запуск Numba-оптимизированного бэктеста для FTTUSDT-KCSUSDT
2026-01-20 05:13:45,237 - coint2.engine.numba_engine - INFO - Запуск Numba-оптимизированного бэктеста для ARTYUSDT-CRVUSDT
2026-01-20 05:13:45,240 - coint2.engine.numba_engine - INFO - Запуск Numba-оптимизированного бэктеста для FILUSDT-JUVUSDT
2026-01-20 05:13:45,267 - coint2.engine.numba_engine - INFO - Запуск Numba-оптимизированного бэктеста для DMAILUSDT-GMTUSDC
2026-01-20 05:13:45,284 - coint2.engine.numba_engine - INFO - Запуск Numba-оптимизированного бэктеста для DMAILUSDT-GMTUSDT
2026-01-20 05:13:45,329 - coint2.engine.numba_engine - INFO - Запуск Numba-оптимизированного бэктеста для ARTYUSDT-GENEUSDT
2026-01-20 05:13:45,331 - coint2.engine.numba_engine - INFO - Запуск Numba-оптимизированного бэктеста для CAKEUSDT-CITYUSDT
2026-01-20 05:13:45,346 - coint2.engine.numba_engine - INFO - Запуск Numba-оптимизированного бэктеста для ARTYUSDT-KUBUSDT
2026-01-20 05:13:45,345 - coint2.engine.numba_engine - INFO - Запуск Numba-оптимизированного бэктеста для CTCUSDT-GALFTUSDT
2026-01-20 05:13:45,374 - coint2.engine.numba_engine - INFO - Запуск Numba-оптимизированного бэктеста для FLOWUSDT-HVHUSDT
2026-01-20 05:13:45,387 - coint2.engine.numba_engine - INFO - 🔍 ДИАГНОСТИКА FLOWUSDT-HVHUSDT:
2026-01-20 05:13:45,387 - coint2.engine.numba_engine - INFO -    entry_threshold: 1.0
2026-01-20 05:13:45,387 - coint2.engine.numba_engine - INFO -    exit_threshold: 0.06
2026-01-20 05:13:45,387 - coint2.engine.numba_engine - INFO -    Макс |z_score|: 4.7010
2026-01-20 05:13:45,387 - coint2.engine.numba_engine - INFO -    Позиций != 0: 2
2026-01-20 05:13:45,387 - coint2.engine.numba_engine - INFO -    Изменений позиций: 5
2026-01-20 05:13:45,387 - coint2.engine.numba_engine - INFO -    PnL сумма: 1.3911
2026-01-20 05:13:45,388 - coint2.engine.numba_engine - INFO -    Первые 10 z_scores: [1.3149515 2.1420898 2.8071206 1.6895965 1.5170032 0.6591689 1.1773024
 0.9560649 0.7745351 0.7264485]
2026-01-20 05:13:45,388 - coint2.engine.numba_engine - INFO -    Превышают порог: 1340
2026-01-20 05:13:45,409 - coint2.engine.numba_engine - INFO - Запуск Numba-оптимизированного бэктеста для ARTYUSDT-KDAUSDT
2026-01-20 05:13:45,455 - WARNING - ❌ Ошибка обработки пары CAKEUSDT-CITYUSDT: division by zero
2026-01-20 05:13:45,466 - coint2.engine.numba_engine - INFO - Запуск Numba-оптимизированного бэктеста для GODSUSDT-INJUSDT
2026-01-20 05:13:45,511 - INFO -   ⏱️ Параллельная обработка завершена за 0.6с (30.9 пар/с)
2026-01-20 05:13:45,521 - coint2.pipeline.walk_forward_orchestrator - INFO - 🎯 СИМУЛЯЦИЯ ПОРТФЕЛЯ: 19 пар, лимит 15 позиций
2026-01-20 05:13:45,933 - coint2.pipeline.walk_forward_orchestrator - INFO -    📈 Макс. одновременных сигналов: 4
2026-01-20 05:13:45,933 - coint2.pipeline.walk_forward_orchestrator - INFO -    📊 Средн. сигналов за период: 0.1
2026-01-20 05:13:45,934 - coint2.pipeline.walk_forward_orchestrator - INFO -    🎯 Финальных активных позиций: 0
2026-01-20 05:13:45,935 - coint2.pipeline.walk_forward_orchestrator - INFO -    ⚡ Утилизация лимита позиций: 0.5%
2026-01-20 05:13:45,935 - WARNING -   ⚠️ Ошибка обработки пары CAKEUSDT-CITYUSDT: division by zero
2026-01-20 05:13:45,935 - INFO - ⇠ WF-шаг 5/5 backtests — completed 20 items in 1.07s (18.7 items/s)
2026-01-20 05:13:45,935 - INFO -   ✅ Обработка завершена: 19 успешно, 1 с ошибками
2026-01-20 05:13:45,935 - INFO -   📊 Успешность: 95.0%, прибыльность: 68.4%, сделок/пара: 6.0
2026-01-20 05:13:45,935 - INFO -   ✅ Завершены бэктесты для 20 пар
2026-01-20 05:13:45,935 - INFO -   📊 Всего обработано пар в этом шаге: 20
2026-01-20 05:13:45,936 - INFO -   📈 Результаты шага: 13/20 прибыльных пар, 114 сделок
2026-01-20 05:13:45,936 - INFO -   💰 P&L шага: $+31.02
2026-01-20 05:13:45,936 - INFO -   ⇢ Обновление капитала и дневного P&L...
2026-01-20 05:13:49,296 - INFO -   💼 Шаг P&L: $+31.02, Накопленный капитал: $10,097.95
2026-01-20 05:13:49,296 - INFO - ------------------------------------------------------------
2026-01-20 05:13:49,296 - INFO -   Walk-forward steps: 5 / 5 (100.0%) | 0.0 items/s | ETA: 0.0s
2026-01-20 05:13:49,296 - INFO - ⇠ Walk-forward steps — completed 5 items in 237.04s (0.0 items/s)
2026-01-20 05:13:49,296 - INFO - ================================================================================
2026-01-20 05:13:49,296 - INFO - 🏁 Walk-forward анализ завершен!
2026-01-20 05:13:49,296 - INFO - ⏱️ Обработано 5 шагов за 4.4 секунд
2026-01-20 05:13:49,296 - INFO - 📊 Всего обработано пар за весь анализ: 100
2026-01-20 05:13:49,296 - INFO - 💰 Финальный капитал: $10,097.95 (было $10,000.00)
2026-01-20 05:13:49,296 - INFO - 📈 Общая доходность: +0.98% ($+97.95)
2026-01-20 05:13:49,296 - INFO - 📊 Всего сделок: 0
2026-01-20 05:13:49,296 - INFO - ================================================================================
2026-01-20 05:13:49,296 - INFO - ✓ Завершены все 5 WF-шагов
2026-01-20 05:13:49,296 - INFO - ⇢ Обработка финальных результатов и расчет метрик...
2026-01-20 05:13:49,296 - INFO - ⇢ processing final results — start
2026-01-20 05:13:49,297 - INFO -   ⇢ Агрегация данных P&L за 14405 торговых дней
2026-01-20 05:13:49,334 - INFO -   ⇢ Расчет базовых метрик производительности...
2026-01-20 05:13:49,334 - INFO -     📊 Данные для анализа: 14405 записей P&L, 14401 точек equity
2026-01-20 05:13:49,337 - INFO -   ⇢ Расчет расширенных метрик (волатильность, Calmar ratio, и др.)...
2026-01-20 05:13:49,338 - INFO -   ✅ Расширенные метрики рассчитаны: 6 показателей
2026-01-20 05:13:49,338 - INFO -   ⇢ Анализ статистики по 100 парам...
2026-01-20 05:13:49,340 - INFO - ✅ Рассчитаны метрики производительности (19 показателей)
2026-01-20 05:13:49,340 - INFO -   💰 Общий P&L: $+97.95
2026-01-20 05:13:49,340 - INFO -   📊 Sharpe Ratio: 2.794
2026-01-20 05:13:49,341 - INFO -   📉 Максимальная просадка: -3547.97%
2026-01-20 05:13:49,341 - INFO -   🔄 Всего сделок: 805
2026-01-20 05:13:49,341 - INFO -   📈 Торгуемых пар: 53
2026-01-20 05:13:49,341 - INFO -   💸 Общие издержки: $41.22
2026-01-20 05:13:49,341 - coint2.metrics - INFO - Metric: total_pnl
2026-01-20 05:13:49,341 - coint2.metrics - INFO - Metric: sharpe_ratio_abs
2026-01-20 05:13:49,341 - coint2.metrics - INFO - Metric: max_drawdown_pct
2026-01-20 05:13:49,341 - coint2.metrics - INFO - Metric: total_trades
2026-01-20 05:13:49,341 - coint2.metrics - INFO - Metric: total_pairs_traded
2026-01-20 05:13:49,342 - coint2.metrics - INFO - Metric: total_costs
2026-01-20 05:13:49,342 - INFO - ⇠ processing final results — done in 0.05s
2026-01-20 05:13:49,342 - INFO - ⇢ Создание отчетов и сохранение результатов...
2026-01-20 05:13:49,342 - INFO - ⇢ generating reports — start
2026-01-20 05:13:49,342 - INFO -   ⇢ Создание отчета о производительности...
2026-01-20 05:13:57,122 - INFO -   ✓ Отчет о производительности создан
2026-01-20 05:13:57,122 - INFO -   ⇢ Сохранение данных в CSV файлы...
2026-01-20 05:13:57,124 - INFO - 📋 Метрики сохранены: artifacts/wfa/runs/20260119_relaxed8_nokpss_u250_topk_turnover/stress_relaxed8_nokpss_u250_top20_z1p0_exit0p06_hold180_cd180/strategy_metrics.csv
2026-01-20 05:13:57,126 - INFO - 📈 Дневные P&L сохранены: artifacts/wfa/runs/20260119_relaxed8_nokpss_u250_topk_turnover/stress_relaxed8_nokpss_u250_top20_z1p0_exit0p06_hold180_cd180/daily_pnl.csv (151 записей)
2026-01-20 05:13:57,203 - INFO - 💹 Кривая капитала сохранена: artifacts/wfa/runs/20260119_relaxed8_nokpss_u250_topk_turnover/stress_relaxed8_nokpss_u250_top20_z1p0_exit0p06_hold180_cd180/equity_curve.csv (14401 точек)
2026-01-20 05:13:57,208 - INFO - 📋 Статистика сделок сохранена: artifacts/wfa/runs/20260119_relaxed8_nokpss_u250_topk_turnover/stress_relaxed8_nokpss_u250_top20_z1p0_exit0p06_hold180_cd180/trade_statistics.csv (100 записей)
2026-01-20 05:13:57,208 - INFO - 🎉 Walk-Forward анализ полностью завершен!
2026-01-20 05:13:57,208 - INFO - 📊 Все отчеты и данные сохранены в: artifacts/wfa/runs/20260119_relaxed8_nokpss_u250_topk_turnover/stress_relaxed8_nokpss_u250_top20_z1p0_exit0p06_hold180_cd180
2026-01-20 05:13:57,208 - INFO - 💼 Итоговый капитал: $10,097.95
2026-01-20 05:13:57,208 - INFO - ⏱️  Общее время выполнения: 12.3 секунд
2026-01-20 05:13:57,208 - INFO - ⇠ generating reports — done in 7.87s
2026-01-20 05:13:57,209 - coint2.core.memory_optimization - INFO - 🧹 Cleaning up global price data
2026-01-20 05:13:57,215 - coint2.core.memory_optimization - INFO - 📊 No global rolling stats to clean up
2026-01-20 05:13:57,216 - INFO - 🧹 Memory-mapped data cleaned up
2026-01-20 05:13:57,218 - INFO - ⇠ run_walk_forward_analysis — done in 258.60s
📊 Отчет сохранен: artifacts/wfa/runs/20260119_relaxed8_nokpss_u250_topk_turnover/stress_relaxed8_nokpss_u250_top20_z1p0_exit0p06_hold180_cd180/CointegrationStrategy_performance_report.png
🎯 ============================================================
📊 ИТОГИ ТОРГОВОЙ СТРАТЕГИИ
🎯 ============================================================

💰 ФИНАНСОВЫЕ РЕЗУЛЬТАТЫ:
   • Общий P&L:                           98
   • Максимальная просадка:              -35
   • Средний дневной P&L:                  1

📈 МЕТРИКИ РИСКА:
   • Коэффициент Шарпа:               2.7944
   • Волатильность P&L:                 4.59
   • Процент прибыльных дней:         43.71%

🔄 ТОРГОВАЯ АКТИВНОСТЬ:
   • Всего торговых дней:                151
   • Всего сделок:                       805
   • Торгуемых пар:                       53
   • Сделок на пару:                     8.1
   • Успешность сделок:               0.14%

💸 РАСХОДЫ И ЭКСТРЕМУМЫ:
   • Общие расходы:                       41
   • Максимальная прибыль:                27
   • Максимальный убыток:                -23
   • Лучшая пара (P&L):                   14
   • Худшая пара (P&L):                  -11

📊 ОЦЕНКА СТРАТЕГИИ:
   ✅ ОТЛИЧНАЯ стратегия! Высокий Шарп и положительный результат

🎯 ============================================================

Annualized Sharpe Ratio: 2.794432257398925
[run_wfa_fullcpu] end: 2026-01-20T05:13:58Z
