[run_wfa_queue] 2026-01-23T11:53:37Z cmd: /opt/coint4/coint4/run_wfa_fullcpu.sh configs/budget_20260123_1000_capsweep_oos20230501_20231231_top50_maxnot25_riskgrid/stress_relaxed8_nokpss_20260123_oos20230501_20231231_top50_z1p00_exit0p06_hold180_cd180_ms0p2_cap1000_maxnot25_risk0p75_minnot5.yaml artifacts/wfa/runs/20260123_budget1000_oos_risk_minnot_grid/stress_relaxed8_nokpss_20260123_oos20230501_20231231_top50_z1p00_exit0p06_hold180_cd180_ms0p2_cap1000_maxnot25_risk0p75_minnot5
[run_wfa_fullcpu] start: 2026-01-23T11:53:37Z
[run_wfa_fullcpu] os.cpu_count: 8
[run_wfa_fullcpu] worker_pid=2161
2026-01-23 11:53:40,409 - coint2.core.memory_optimization - INFO - ✅ BLAS threading limits set to 1 via threadpoolctl
2026-01-23 11:53:40,409 - coint2.core.memory_optimization - INFO - 🔧 Controlled libraries: openblas, openmp
2026-01-23 11:53:40,410 - coint2.core.memory_optimization - INFO - 🧵 Process threads: 2 → 2
2026-01-23 11:53:40,410 - coint2.core.memory_optimization - INFO - 📝 Set 11 environment variables
2026-01-23 11:53:40,747 - INFO - ✅ Параметры конфигурации валидны
2026-01-23 11:53:40,747 - INFO - 📝 Некоторые параметры были скорректированы:
2026-01-23 11:53:40,902 - INFO - 🔒 WFA: фиксированный universe из artifacts/universe/20260119_relaxed8_strict_preholdout_v2/pairs_universe.yaml (250 пар)
2026-01-23 11:53:40,902 - INFO -   Шаг 1: тренировка 2023-01-31-2023-04-30, тест 2023-05-01-2023-05-31
2026-01-23 11:53:40,902 - INFO -   Шаг 2: тренировка 2023-03-02-2023-05-30, тест 2023-05-31-2023-06-30
2026-01-23 11:53:40,902 - INFO -   Шаг 3: тренировка 2023-04-01-2023-06-29, тест 2023-06-30-2023-07-30
2026-01-23 11:53:40,902 - INFO -   Шаг 4: тренировка 2023-05-01-2023-07-29, тест 2023-07-30-2023-08-29
2026-01-23 11:53:40,902 - INFO -   Шаг 5: тренировка 2023-05-31-2023-08-28, тест 2023-08-29-2023-09-28
2026-01-23 11:53:40,903 - INFO -   Шаг 6: тренировка 2023-06-30-2023-09-27, тест 2023-09-28-2023-10-28
2026-01-23 11:53:40,903 - INFO -   Шаг 7: тренировка 2023-07-30-2023-10-27, тест 2023-10-28-2023-11-27
2026-01-23 11:53:40,903 - INFO -   Шаг 8: тренировка 2023-08-29-2023-11-26, тест 2023-11-27-2023-12-27
2026-01-23 11:53:40,903 - INFO -   Шаг 9: тренировка 2023-09-28-2023-12-26, тест 2023-12-27-2024-01-26
2026-01-23 11:53:40,903 - INFO - 📈 Запланировано 9 walk-forward шагов
2026-01-23 11:53:40,903 - INFO - ⛔ Ограничение WFA шагов: 9 → 5
2026-01-23 11:53:40,903 - WARNING - ⚠️ Маленький буфер между training и testing в шаге 1: 0 дней. Рекомендуется минимум 1 день.
2026-01-23 11:53:40,903 - WARNING - ⚠️ Маленький буфер между training и testing в шаге 2: 0 дней. Рекомендуется минимум 1 день.
2026-01-23 11:53:40,903 - WARNING - ⚠️ Маленький буфер между training и testing в шаге 3: 0 дней. Рекомендуется минимум 1 день.
2026-01-23 11:53:40,903 - WARNING - ⚠️ Маленький буфер между training и testing в шаге 4: 0 дней. Рекомендуется минимум 1 день.
2026-01-23 11:53:40,903 - WARNING - ⚠️ Маленький буфер между training и testing в шаге 5: 0 дней. Рекомендуется минимум 1 день.
2026-01-23 11:53:40,903 - INFO - ✅ Шаги успешно запланированы:
2026-01-23 11:53:40,903 - INFO -    Шаг 1: тренировка 2023-01-31-2023-04-30, тест 2023-05-01-2023-05-31
2026-01-23 11:53:40,903 - INFO -    Шаг 2: тренировка 2023-03-02-2023-05-30, тест 2023-05-31-2023-06-30
2026-01-23 11:53:40,903 - INFO -    Шаг 3: тренировка 2023-04-01-2023-06-29, тест 2023-06-30-2023-07-30
2026-01-23 11:53:40,903 - INFO -    Шаг 4: тренировка 2023-05-01-2023-07-29, тест 2023-07-30-2023-08-29
2026-01-23 11:53:40,903 - INFO -    Шаг 5: тренировка 2023-05-31-2023-08-28, тест 2023-08-29-2023-09-28
2026-01-23 11:53:40,903 - INFO - 🗂️ Consolidating price data for memory-mapped access...
2026-01-23 11:53:40,903 - INFO - 📊 Consolidating data range: 2023-01-26 → 2023-10-03
2026-01-23 11:53:40,903 - coint2.core.memory_optimization - INFO - 🔄 Consolidating price data from data_downloaded to .cache/consolidated_prices.parquet
2026-01-23 11:53:40,904 - INFO - ⇢ loading raw data for consolidation — start
2026-01-23 11:53:41,434 - INFO - ⇠ loading raw data for consolidation — done in 0.53s
2026-01-23 11:53:41,435 - INFO - ⇢ pivoting data to wide format — start
2026-01-23 11:53:45,282 - INFO - ⇠ pivoting data to wide format — done in 3.85s
2026-01-23 11:53:45,332 - coint2.core.memory_optimization - INFO - 📊 Consolidated data: 24001 rows × 276 symbols
2026-01-23 11:53:45,333 - coint2.core.memory_optimization - INFO - 💾 Memory usage: 26.7 MB
2026-01-23 11:53:45,333 - INFO - ⇢ writing consolidated Parquet file — start
2026-01-23 11:53:45,540 - INFO - ⇠ writing consolidated Parquet file — done in 0.21s
2026-01-23 11:53:45,540 - coint2.core.memory_optimization - INFO - ✅ Successfully consolidated data to .cache/consolidated_prices.parquet
2026-01-23 11:53:45,563 - coint2.core.memory_optimization - INFO - 🔄 Initializing memory-mapped price data from .cache/consolidated_prices.parquet
2026-01-23 11:53:45,564 - INFO - ⇢ loading memory-mapped data — start
2026-01-23 11:53:45,564 - coint2.core.memory_optimization - WARNING - ⚠️ memory_map не поддерживается в текущей версии pyarrow, fallback без mmap
2026-01-23 11:53:45,672 - INFO - ⇠ loading memory-mapped data — done in 0.11s
2026-01-23 11:53:45,680 - coint2.core.memory_optimization - INFO - 📊 Loaded 24001 rows × 276 symbols
2026-01-23 11:53:45,680 - coint2.core.memory_optimization - INFO - 💾 Memory usage: 26.7 MB (memory-mapped)
2026-01-23 11:53:45,681 - INFO - ✅ Memory-mapped data initialized successfully
2026-01-23 11:53:45,682 - INFO - ⇢ Walk-forward steps — starting 5 items
2026-01-23 11:53:45,683 - INFO - 📈 Инициализация equity кривой с первой тестовой даты: 2023-05-01 00:00:00
2026-01-23 11:53:45,683 - INFO - 🔍 WF-шаг 1/5: Валидация временных окон...
2026-01-23 11:53:45,683 - INFO - ⇢ WF-шаг 1/5: training 2023-01-31-2023-04-30, testing 2023-05-01-2023-05-31 — start
2026-01-23 11:53:45,683 - INFO - ⇢ loading step data — start
2026-01-23 11:53:45,848 - INFO - ⇠ loading step data — done in 0.17s
2026-01-23 11:53:47,291 - INFO - 📊 WF-шаг 1/5: Границы данных:
2026-01-23 11:53:47,291 - INFO -    Training: 2023-01-31 00:00:00 → 2023-04-30 23:45:00 (8,640 строк × 248 символов)
2026-01-23 11:53:47,291 - INFO -    Testing:  2023-05-01 00:00:00 → 2023-05-31 00:00:00 (2,881 строк × 248 символов)
2026-01-23 11:53:47,291 - INFO -    Временной разрыв: 0 days 00:15:00
2026-01-23 11:53:47,328 - INFO - ⇢ normalizing training data — start
2026-01-23 11:53:47,360 - INFO -   Символы с NaN значениями: 30
2026-01-23 11:53:47,360 - INFO -   Применяем метод нормализации: rolling_zscore
2026-01-23 11:53:47,377 - INFO - Символы с недостаточной историей: 25 из 248
2026-01-23 11:53:47,864 - INFO - Символы с NaN после нормализации: 223
2026-01-23 11:53:47,871 - INFO - Удалено 1509 начальных строк с NaN от rolling расчетов
2026-01-23 11:53:47,873 - INFO - Итоговое количество символов после нормализации: 223 из 248
2026-01-23 11:53:47,873 - INFO -   Статистика нормализации:
2026-01-23 11:53:47,873 - INFO -     Исходные символы: 248
2026-01-23 11:53:47,873 - INFO -     Недостаточная история: 25
2026-01-23 11:53:47,874 - INFO -     Постоянная цена: 0
2026-01-23 11:53:47,874 - INFO -     NaN после нормализации: 223
2026-01-23 11:53:47,874 - INFO -     Итоговые символы: 223 (89.9%)
2026-01-23 11:53:47,874 - INFO -   После нормализации: 223 символов (потеряно 25)
2026-01-23 11:53:47,874 - INFO -   Отброшено много символов: 25 из 248
2026-01-23 11:53:47,874 - INFO - ⇠ normalizing training data — done in 0.55s
2026-01-23 11:53:47,874 - INFO -   Фиксированный universe: 163 пар (отфильтровано 87 недоступных)
2026-01-23 11:53:47,874 - INFO - ⇢ filtering pairs by cointegration and half-life — start
2026-01-23 11:53:47,874 - INFO - [ФИЛЬТР] Параллельная фильтрация: threads (8 workers)
2026-01-23 11:53:52,802 - INFO - [ФИЛЬТР] После проверки данных: 161 пар
2026-01-23 11:53:52,803 - INFO - [ФИЛЬТР] После фильтра корреляции (>0.4): 81 пар
2026-01-23 11:53:52,803 - INFO - [ФИЛЬТР] После фильтра beta: 73 пар
2026-01-23 11:53:52,803 - INFO - [ФИЛЬТР] После фильтра mean crossings: 73 пар
2026-01-23 11:53:52,803 - INFO - [ФИЛЬТР] После фильтра half-life: 73 пар
2026-01-23 11:53:52,803 - INFO - [ФИЛЬТР] После фильтра коинтеграции: 59 пар
2026-01-23 11:53:52,803 - INFO - [ФИЛЬТР] После фильтра Hurst: 43 пар
2026-01-23 11:53:52,803 - INFO - [ФИЛЬТР] После фильтра KPSS: 43 пар
2026-01-23 11:53:52,803 - INFO - [ФИЛЬТР] После фильтра market microstructure: 40 пар
2026-01-23 11:53:52,803 - INFO - [ФИЛЬТР] Статистика фильтрации (оптимизированный порядок):
2026-01-23 11:53:52,803 - INFO -   1. SSD → Коинтеграция: 163 → 59 пар
2026-01-23 11:53:52,803 - INFO -   2. Коинтеграция → Beta: 59 → 73 пар
2026-01-23 11:53:52,803 - INFO -   3. Beta → Half-life: 73 → 73 пар
2026-01-23 11:53:52,803 - INFO -   4. Half-life → Mean crossings: 73 → 73 пар
2026-01-23 11:53:52,803 - INFO -   5. Mean crossings → Hurst: 73 → 43 пар
2026-01-23 11:53:52,803 - INFO -   6. Hurst → KPSS: 43 → 43 пар
2026-01-23 11:53:52,803 - INFO -   7. KPSS → Market microstructure: 43 → 40 пар
2026-01-23 11:53:52,803 - INFO - [ФИЛЬТР] Причины отсева:
2026-01-23 11:53:52,803 - INFO -   • low_correlation: 80 пар (49.1%)
2026-01-23 11:53:52,803 - INFO -   • hurst: 16 пар (9.8%)
2026-01-23 11:53:52,803 - INFO -   • pvalue: 14 пар (8.6%)
2026-01-23 11:53:52,803 - INFO -   • beta: 8 пар (4.9%)
2026-01-23 11:53:52,803 - INFO -   • history: 3 пар (1.8%)
2026-01-23 11:53:52,803 - INFO -   • insufficient_data: 2 пар (1.2%)
2026-01-23 11:53:52,803 - INFO - [ФИЛЬТР] Итого: 163 → 40 пар (24.5% прошли все фильтры)
2026-01-23 11:53:52,806 - INFO - Причины отсева сохранены в results/filter_reasons_20260123_115352.csv
2026-01-23 11:53:52,806 - INFO -   Pair stability filter: insufficient history (0 < 1), skip
2026-01-23 11:53:52,807 - INFO -   Фильтрация: 163 → 40 пар
2026-01-23 11:53:52,807 - INFO - ⇠ filtering pairs by cointegration and half-life — done in 4.93s
2026-01-23 11:53:52,807 - INFO - ⇠ WF-шаг 1/5: training 2023-01-31-2023-04-30, testing 2023-05-01-2023-05-31 — done in 7.12s
2026-01-23 11:53:52,807 - INFO -   Ограничение max_pairs=50: 40 пар (лимит не достигнут)
2026-01-23 11:53:52,807 - INFO -   Топ-3 пары по волатильности спреда:
2026-01-23 11:53:52,807 - INFO -     1. ETHUSDC-ETHUSDT: beta=0.9804, std=13.4994
2026-01-23 11:53:52,807 - INFO -     2. AXSUSDT-DOTUSDT: beta=2.0804, std=0.7428
2026-01-23 11:53:52,807 - INFO -     3. ATOMUSDT-KCALUSDT: beta=5.4056, std=0.6420
2026-01-23 11:53:52,807 - INFO -   Всего пар для торговли: 40 (ограничение 15 применяется к одновременно открытым позициям)
2026-01-23 11:53:52,807 - INFO -   💰 Проверка расчета капитала: equity=$1,000.00, кандидатных_пар=40, max_позиций=15
2026-01-23 11:53:52,807 - INFO -   🎯 Target concurrency: 15 (ожидаемое одновременное число позиций)
2026-01-23 11:53:52,807 - INFO -   📊 Детали расчета капитала:
2026-01-23 11:53:52,807 - INFO -      • Базовый капитал на пару: $66.67 (equity / target_concurrency)
2026-01-23 11:53:52,807 - INFO -      • Риск-капитал: $7.50 (0.8% от equity)
2026-01-23 11:53:52,807 - INFO -      • Макс. размер позиции: $20.00 (2.0% от equity)
2026-01-23 11:53:52,807 - INFO -      • Итоговый капитал на пару: $7.50
2026-01-23 11:53:52,808 - INFO - ⇢ WF-шаг 1/5 backtests — starting 40 items
2026-01-23 11:53:52,808 - INFO - 🚀 WF-шаг 1/5: Начинаем бэктесты для 40 пар...
2026-01-23 11:53:52,808 - INFO - 🚀 WF-шаг 1/5: Запускаем параллельную обработку 40 пар на 8 ядрах...
2026-01-23 11:53:52,808 - INFO - 🚀 WF-шаг 1/5: Режим параллельности: процессы
⚙️  Загрузка данных за период: 2023-01-26 -> 2023-10-03
📂 Найдено 43 parquet файлов для обработки.
📊 Схема данных: Schema({'timestamp': Int64, 'open': Float64, 'high': Float64, 'low': Float64, 'close': Float64, 'volume': Float64, 'turnover': String, 'ts_ms': Int64, 'symbol': String})
✅ Загружено 5907671 записей с помощью Polars.
📊 Типы данных в pandas: timestamp       datetime64[us]
symbol                  object
close                  float64
timestamp_ms             int64
dtype: object
⚙️  Загрузка данных за период: 2023-01-31 -> 2023-05-31
📂 Найдено 43 parquet файлов для обработки.
📊 Схема данных: Schema({'timestamp': Int64, 'open': Float64, 'high': Float64, 'low': Float64, 'close': Float64, 'volume': Float64, 'turnover': String, 'ts_ms': Int64, 'symbol': String})
✅ Загружено 2677325 записей с помощью Polars.
📊 Типы данных в pandas: timestamp       datetime64[us]
symbol                  object
close                  float64
timestamp_ms             int64
dtype: object
2026-01-23 11:53:52,861 - coint2.engine.numba_engine - INFO - Запуск Numba-оптимизированного бэктеста для ETHUSDC-ETHUSDT
2026-01-23 11:53:52,880 - coint2.engine.numba_engine - INFO - Запуск Numba-оптимизированного бэктеста для AXSUSDT-DOTUSDT
2026-01-23 11:53:52,901 - coint2.engine.numba_engine - INFO - Запуск Numba-оптимизированного бэктеста для ATOMUSDT-KCALUSDT
2026-01-23 11:53:52,920 - coint2.engine.numba_engine - INFO - Запуск Numba-оптимизированного бэктеста для ATOMUSDT-GODSUSDT
2026-01-23 11:53:52,942 - coint2.engine.numba_engine - INFO - Запуск Numba-оптимизированного бэктеста для DOTUSDT-KDAUSDT
2026-01-23 11:53:52,942 - coint2.engine.numba_engine - INFO - Запуск Numba-оптимизированного бэктеста для CITYUSDT-IZIUSDT
2026-01-23 11:53:52,961 - coint2.engine.numba_engine - INFO - Запуск Numba-оптимизированного бэктеста для DOTUSDC-KDAUSDT
2026-01-23 11:53:52,963 - coint2.engine.numba_engine - INFO - Запуск Numba-оптимизированного бэктеста для CRVUSDT-KDAUSDT
2026-01-23 11:53:52,969 - coint2.engine.numba_engine - INFO - Запуск Numba-оптимизированного бэктеста для DOTUSDT-FTTUSDT
2026-01-23 11:53:52,984 - coint2.engine.numba_engine - INFO - Запуск Numba-оптимизированного бэктеста для AVAUSDT-KASTAUSDT
2026-01-23 11:53:52,986 - coint2.engine.numba_engine - INFO - Запуск Numba-оптимизированного бэктеста для GMTUSDT-HOOKUSDT
2026-01-23 11:53:52,992 - coint2.engine.numba_engine - INFO - Запуск Numba-оптимизированного бэктеста для DYDXUSDT-KCALUSDT
2026-01-23 11:53:53,007 - coint2.engine.numba_engine - INFO - Запуск Numba-оптимизированного бэктеста для CAKEUSDT-FIDAUSDT
2026-01-23 11:53:53,009 - coint2.engine.numba_engine - INFO - Запуск Numba-оптимизированного бэктеста для GMTUSDC-HOOKUSDT
2026-01-23 11:53:53,014 - coint2.engine.numba_engine - INFO - Запуск Numba-оптимизированного бэктеста для BATUSDT-ETCUSDT
2026-01-23 11:53:53,015 - coint2.engine.numba_engine - INFO - Запуск Numba-оптимизированного бэктеста для DYDXUSDT-KSMUSDT
2026-01-23 11:53:53,016 - coint2.engine.numba_engine - INFO - Запуск Numba-оптимизированного бэктеста для CRVUSDT-DOTUSDT
2026-01-23 11:53:53,020 - coint2.engine.numba_engine - INFO - Запуск Numba-оптимизированного бэктеста для DOTUSDC-FTTUSDT
2026-01-23 11:53:53,026 - coint2.engine.numba_engine - INFO - Запуск Numba-оптимизированного бэктеста для BLURUSDT-LDOUSDT
2026-01-23 11:53:53,030 - coint2.engine.numba_engine - INFO - Запуск Numba-оптимизированного бэктеста для BATUSDT-JSTUSDT
2026-01-23 11:53:53,036 - coint2.engine.numba_engine - INFO - Запуск Numba-оптимизированного бэктеста для CELOUSDT-FLOWUSDT
2026-01-23 11:53:53,037 - coint2.engine.numba_engine - INFO - Запуск Numba-оптимизированного бэктеста для 1INCHUSDT-AXSUSDT
2026-01-23 11:53:53,047 - coint2.engine.numba_engine - INFO - Запуск Numba-оптимизированного бэктеста для ENJUSDT-FILUSDC
2026-01-23 11:53:53,059 - coint2.engine.numba_engine - INFO - Запуск Numba-оптимизированного бэктеста для C98USDT-FILUSDT
2026-01-23 11:53:53,059 - coint2.engine.numba_engine - INFO - Запуск Numba-оптимизированного бэктеста для CHZUSDC-JSTUSDT
2026-01-23 11:53:53,071 - coint2.engine.numba_engine - INFO - Запуск Numba-оптимизированного бэктеста для APEXUSDC-KASTAUSDT
2026-01-23 11:53:53,084 - coint2.engine.numba_engine - INFO - Запуск Numba-оптимизированного бэктеста для CHZUSDT-JSTUSDT
2026-01-23 11:53:53,094 - coint2.engine.numba_engine - INFO - Запуск Numba-оптимизированного бэктеста для FLOWUSDT-JSTUSDT
2026-01-23 11:53:53,094 - coint2.engine.numba_engine - INFO - Запуск Numba-оптимизированного бэктеста для DOGEUSDC-JUVUSDT
2026-01-23 11:53:53,097 - coint2.engine.numba_engine - INFO - Запуск Numba-оптимизированного бэктеста для AGLDUSDT-HFTUSDC
2026-01-23 11:53:53,117 - coint2.engine.numba_engine - INFO - Запуск Numba-оптимизированного бэктеста для GLMRUSDT-KCALUSDT
2026-01-23 11:53:53,119 - coint2.engine.numba_engine - INFO - Запуск Numba-оптимизированного бэктеста для FIDAUSDT-HOOKUSDT
2026-01-23 11:53:53,125 - coint2.engine.numba_engine - INFO - Запуск Numba-оптимизированного бэктеста для CTCUSDT-ERTHAUSDT
2026-01-23 11:53:53,140 - coint2.engine.numba_engine - INFO - Запуск Numba-оптимизированного бэктеста для GODSUSDT-KCALUSDT
2026-01-23 11:53:53,140 - coint2.engine.numba_engine - INFO - Запуск Numba-оптимизированного бэктеста для AVAUSDT-FLOWUSDT
2026-01-23 11:53:53,151 - coint2.engine.numba_engine - INFO - Запуск Numba-оптимизированного бэктеста для CELOUSDT-ENJUSDT
2026-01-23 11:53:53,162 - coint2.engine.numba_engine - INFO - Запуск Numba-оптимизированного бэктеста для ACSUSDT-HOOKUSDT
2026-01-23 11:53:53,162 - coint2.engine.numba_engine - INFO - Запуск Numba-оптимизированного бэктеста для ERTHAUSDT-FLOWUSDT
2026-01-23 11:53:53,176 - coint2.engine.numba_engine - INFO - Запуск Numba-оптимизированного бэктеста для APEXUSDT-KASTAUSDT
2026-01-23 11:53:53,202 - coint2.engine.numba_engine - INFO - Запуск Numba-оптимизированного бэктеста для ACSUSDT-ATOMUSDT
2026-01-23 11:53:53,244 - INFO -   ⏱️ Параллельная обработка завершена за 0.4с (91.8 пар/с)
2026-01-23 11:53:53,264 - coint2.pipeline.walk_forward_orchestrator - INFO - 🎯 СИМУЛЯЦИЯ ПОРТФЕЛЯ: 40 пар, лимит 15 позиций
2026-01-23 11:53:54,179 - coint2.pipeline.walk_forward_orchestrator - INFO -    📈 Макс. одновременных сигналов: 29
2026-01-23 11:53:54,180 - coint2.pipeline.walk_forward_orchestrator - INFO -    📊 Средн. сигналов за период: 16.6
2026-01-23 11:53:54,180 - coint2.pipeline.walk_forward_orchestrator - INFO -    🎯 Финальных активных позиций: 14
2026-01-23 11:53:54,181 - coint2.pipeline.walk_forward_orchestrator - INFO -    ⚡ Утилизация лимита позиций: 92.4%
2026-01-23 11:53:54,182 - INFO - ⇠ WF-шаг 1/5 backtests — completed 40 items in 1.37s (29.1 items/s)
2026-01-23 11:53:54,182 - INFO -   ✅ Обработка завершена: 40 успешно, 0 с ошибками
2026-01-23 11:53:54,182 - INFO -   📊 Успешность: 100.0%, прибыльность: 62.5%, сделок/пара: 48.2
2026-01-23 11:53:54,182 - INFO -   ✅ Завершены бэктесты для 40 пар
2026-01-23 11:53:54,182 - INFO -   📊 Всего обработано пар в этом шаге: 40
2026-01-23 11:53:54,182 - INFO -   📈 Результаты шага: 25/40 прибыльных пар, 1930 сделок
2026-01-23 11:53:54,182 - INFO -   💰 P&L шага: $+154.50
2026-01-23 11:53:54,182 - INFO -   ⇢ Обновление капитала и дневного P&L...
2026-01-23 11:53:55,575 - INFO -   💼 Шаг P&L: $+154.50, Накопленный капитал: $1,154.50
2026-01-23 11:53:55,575 - INFO - ------------------------------------------------------------
2026-01-23 11:53:55,575 - INFO -   Walk-forward steps: 1 / 5 (20.0%) | 0.1 items/s | ETA: 39.6s
2026-01-23 11:53:55,576 - INFO - 🔍 WF-шаг 2/5: Валидация временных окон...
2026-01-23 11:53:55,576 - INFO - ⇢ WF-шаг 2/5: training 2023-03-02-2023-05-30, testing 2023-05-31-2023-06-30 — start
2026-01-23 11:53:55,576 - INFO - ⇢ loading step data — start
2026-01-23 11:53:55,789 - INFO - ⇠ loading step data — done in 0.21s
2026-01-23 11:53:57,310 - INFO - 📊 WF-шаг 2/5: Границы данных:
2026-01-23 11:53:57,310 - INFO -    Training: 2023-03-02 00:00:00 → 2023-05-30 23:45:00 (8,640 строк × 248 символов)
2026-01-23 11:53:57,311 - INFO -    Testing:  2023-05-31 00:00:00 → 2023-06-30 00:00:00 (2,881 строк × 248 символов)
2026-01-23 11:53:57,311 - INFO -    Временной разрыв: 0 days 00:15:00
2026-01-23 11:53:57,344 - INFO - ⇢ normalizing training data — start
2026-01-23 11:53:57,374 - INFO -   Символы с NaN значениями: 23
2026-01-23 11:53:57,375 - INFO -   Применяем метод нормализации: rolling_zscore
2026-01-23 11:53:57,392 - INFO - Символы с недостаточной историей: 20 из 248
2026-01-23 11:53:57,891 - INFO - Символы с NaN после нормализации: 228
2026-01-23 11:53:57,899 - INFO - Удалено 1097 начальных строк с NaN от rolling расчетов
2026-01-23 11:53:57,902 - INFO - Итоговое количество символов после нормализации: 228 из 248
2026-01-23 11:53:57,903 - INFO -   Статистика нормализации:
2026-01-23 11:53:57,903 - INFO -     Исходные символы: 248
2026-01-23 11:53:57,903 - INFO -     Недостаточная история: 20
2026-01-23 11:53:57,903 - INFO -     Постоянная цена: 0
2026-01-23 11:53:57,903 - INFO -     NaN после нормализации: 228
2026-01-23 11:53:57,903 - INFO -     Итоговые символы: 228 (91.9%)
2026-01-23 11:53:57,903 - INFO -   После нормализации: 228 символов (потеряно 20)
2026-01-23 11:53:57,903 - INFO -   Отброшенные символы: AGIUSDT, ARBUSDC, ARBUSDT, AXLUSDT, BABYDOGEUSDT, CGPTUSDT, FMBUSDT, IDUSDT, LADYSUSDT, LMWRUSDT, MBXUSDT, MVLUSDT, PEPEUSDT, SUIUSDC, SUIUSDT, TENETUSDT, TOMIUSDT, TURBOSUSDT, VELOUSDT, XCADUSDT
2026-01-23 11:53:57,903 - INFO - ⇠ normalizing training data — done in 0.56s
2026-01-23 11:53:57,903 - INFO -   Фиксированный universe: 163 пар (отфильтровано 87 недоступных)
2026-01-23 11:53:57,903 - INFO - ⇢ filtering pairs by cointegration and half-life — start
2026-01-23 11:53:57,903 - INFO - [ФИЛЬТР] Параллельная фильтрация: threads (8 workers)
2026-01-23 11:54:04,045 - INFO - [ФИЛЬТР] После проверки данных: 163 пар
2026-01-23 11:54:04,045 - INFO - [ФИЛЬТР] После фильтра корреляции (>0.4): 105 пар
2026-01-23 11:54:04,045 - INFO - [ФИЛЬТР] После фильтра beta: 93 пар
2026-01-23 11:54:04,045 - INFO - [ФИЛЬТР] После фильтра mean crossings: 93 пар
2026-01-23 11:54:04,045 - INFO - [ФИЛЬТР] После фильтра half-life: 93 пар
2026-01-23 11:54:04,045 - INFO - [ФИЛЬТР] После фильтра коинтеграции: 73 пар
2026-01-23 11:54:04,045 - INFO - [ФИЛЬТР] После фильтра Hurst: 59 пар
2026-01-23 11:54:04,045 - INFO - [ФИЛЬТР] После фильтра KPSS: 59 пар
2026-01-23 11:54:04,045 - INFO - [ФИЛЬТР] После фильтра market microstructure: 59 пар
2026-01-23 11:54:04,046 - INFO - [ФИЛЬТР] Статистика фильтрации (оптимизированный порядок):
2026-01-23 11:54:04,046 - INFO -   1. SSD → Коинтеграция: 163 → 73 пар
2026-01-23 11:54:04,046 - INFO -   2. Коинтеграция → Beta: 73 → 93 пар
2026-01-23 11:54:04,046 - INFO -   3. Beta → Half-life: 93 → 93 пар
2026-01-23 11:54:04,046 - INFO -   4. Half-life → Mean crossings: 93 → 93 пар
2026-01-23 11:54:04,046 - INFO -   5. Mean crossings → Hurst: 93 → 59 пар
2026-01-23 11:54:04,046 - INFO -   6. Hurst → KPSS: 59 → 59 пар
2026-01-23 11:54:04,046 - INFO -   7. KPSS → Market microstructure: 59 → 59 пар
2026-01-23 11:54:04,046 - INFO - [ФИЛЬТР] Причины отсева:
2026-01-23 11:54:04,046 - INFO -   • low_correlation: 58 пар (35.6%)
2026-01-23 11:54:04,046 - INFO -   • pvalue: 20 пар (12.3%)
2026-01-23 11:54:04,046 - INFO -   • hurst: 14 пар (8.6%)
2026-01-23 11:54:04,046 - INFO -   • beta: 12 пар (7.4%)
2026-01-23 11:54:04,046 - INFO - [ФИЛЬТР] Итого: 163 → 59 пар (36.2% прошли все фильтры)
2026-01-23 11:54:04,048 - INFO - Причины отсева сохранены в results/filter_reasons_20260123_115404.csv
2026-01-23 11:54:04,048 - INFO -   Pair stability filter: 59 → 28 (window=2, min_steps=1, history=1)
2026-01-23 11:54:04,048 - INFO -   Фильтрация: 163 → 28 пар
2026-01-23 11:54:04,048 - INFO - ⇠ filtering pairs by cointegration and half-life — done in 6.15s
2026-01-23 11:54:04,048 - INFO - ⇠ WF-шаг 2/5: training 2023-03-02-2023-05-30, testing 2023-05-31-2023-06-30 — done in 8.47s
2026-01-23 11:54:04,049 - INFO -   Ограничение max_pairs=50: 28 пар (лимит не достигнут)
2026-01-23 11:54:04,049 - INFO -   Топ-3 пары по волатильности спреда:
2026-01-23 11:54:04,049 - INFO -     1. ETHUSDC-ETHUSDT: beta=0.9630, std=12.8640
2026-01-23 11:54:04,049 - INFO -     2. ATOMUSDT-KCALUSDT: beta=5.7428, std=0.5942
2026-01-23 11:54:04,049 - INFO -     3. CITYUSDT-IZIUSDT: beta=79.8137, std=0.5713
2026-01-23 11:54:04,049 - INFO -   Всего пар для торговли: 28 (ограничение 15 применяется к одновременно открытым позициям)
2026-01-23 11:54:04,049 - INFO -   💰 Проверка расчета капитала: equity=$1,154.50, кандидатных_пар=28, max_позиций=15
2026-01-23 11:54:04,049 - INFO -   🎯 Target concurrency: 15 (ожидаемое одновременное число позиций)
2026-01-23 11:54:04,049 - INFO -   📊 Детали расчета капитала:
2026-01-23 11:54:04,049 - INFO -      • Базовый капитал на пару: $76.97 (equity / target_concurrency)
2026-01-23 11:54:04,049 - INFO -      • Риск-капитал: $8.66 (0.8% от equity)
2026-01-23 11:54:04,049 - INFO -      • Макс. размер позиции: $23.09 (2.0% от equity)
2026-01-23 11:54:04,049 - INFO -      • Итоговый капитал на пару: $8.66
2026-01-23 11:54:04,049 - INFO - ⇢ WF-шаг 2/5 backtests — starting 28 items
2026-01-23 11:54:04,050 - INFO - 🚀 WF-шаг 2/5: Начинаем бэктесты для 28 пар...
2026-01-23 11:54:04,050 - INFO - 🚀 WF-шаг 2/5: Запускаем параллельную обработку 28 пар на 8 ядрах...
2026-01-23 11:54:04,050 - INFO - 🚀 WF-шаг 2/5: Режим параллельности: процессы
⚙️  Загрузка данных за период: 2023-03-02 -> 2023-06-30
📂 Найдено 43 parquet файлов для обработки.
📊 Схема данных: Schema({'timestamp': Int64, 'open': Float64, 'high': Float64, 'low': Float64, 'close': Float64, 'volume': Float64, 'turnover': String, 'ts_ms': Int64, 'symbol': String})
✅ Загружено 2753927 записей с помощью Polars.
📊 Типы данных в pandas: timestamp       datetime64[us]
symbol                  object
close                  float64
timestamp_ms             int64
dtype: object
2026-01-23 11:54:04,105 - coint2.engine.numba_engine - INFO - Запуск Numba-оптимизированного бэктеста для ETHUSDC-ETHUSDT
2026-01-23 11:54:04,121 - coint2.engine.numba_engine - INFO - Запуск Numba-оптимизированного бэктеста для ATOMUSDT-KCALUSDT
2026-01-23 11:54:04,143 - coint2.engine.numba_engine - INFO - Запуск Numba-оптимизированного бэктеста для CITYUSDT-IZIUSDT
2026-01-23 11:54:04,168 - coint2.engine.numba_engine - INFO - Запуск Numba-оптимизированного бэктеста для DOTUSDC-FTTUSDT
2026-01-23 11:54:04,190 - coint2.engine.numba_engine - INFO - Запуск Numba-оптимизированного бэктеста для FLOWUSDT-JSTUSDT
2026-01-23 11:54:04,190 - coint2.engine.numba_engine - INFO - Запуск Numba-оптимизированного бэктеста для DOTUSDT-FTTUSDT
2026-01-23 11:54:04,204 - coint2.engine.numba_engine - INFO - Запуск Numba-оптимизированного бэктеста для GLMRUSDT-KCALUSDT
2026-01-23 11:54:04,212 - coint2.engine.numba_engine - INFO - Запуск Numba-оптимизированного бэктеста для CELOUSDT-ENJUSDT
2026-01-23 11:54:04,213 - coint2.engine.numba_engine - INFO - Запуск Numba-оптимизированного бэктеста для AXSUSDT-DOTUSDT
2026-01-23 11:54:04,226 - coint2.engine.numba_engine - INFO - Запуск Numba-оптимизированного бэктеста для CTCUSDT-ERTHAUSDT
2026-01-23 11:54:04,228 - coint2.engine.numba_engine - INFO - Запуск Numba-оптимизированного бэктеста для CRVUSDT-KDAUSDT
2026-01-23 11:54:04,233 - coint2.engine.numba_engine - INFO - Запуск Numba-оптимизированного бэктеста для DOGEUSDC-JUVUSDT
2026-01-23 11:54:04,248 - coint2.engine.numba_engine - INFO - Запуск Numba-оптимизированного бэктеста для ACSUSDT-ATOMUSDT
2026-01-23 11:54:04,249 - coint2.engine.numba_engine - INFO - Запуск Numba-оптимизированного бэктеста для AVAUSDT-FLOWUSDT
2026-01-23 11:54:04,256 - coint2.engine.numba_engine - INFO - Запуск Numba-оптимизированного бэктеста для DYDXUSDT-KSMUSDT
2026-01-23 11:54:04,258 - coint2.engine.numba_engine - INFO - Запуск Numba-оптимизированного бэктеста для CRVUSDT-DOTUSDT
2026-01-23 11:54:04,264 - coint2.engine.numba_engine - INFO - Запуск Numba-оптимизированного бэктеста для DOTUSDC-KDAUSDT
2026-01-23 11:54:04,271 - coint2.engine.numba_engine - INFO - Запуск Numba-оптимизированного бэктеста для ACSUSDT-HOOKUSDT
2026-01-23 11:54:04,283 - coint2.engine.numba_engine - INFO - Запуск Numba-оптимизированного бэктеста для FIDAUSDT-HOOKUSDT
2026-01-23 11:54:04,289 - coint2.engine.numba_engine - INFO - Запуск Numba-оптимизированного бэктеста для GMTUSDC-HOOKUSDT
2026-01-23 11:54:04,305 - coint2.engine.numba_engine - INFO - Запуск Numba-оптимизированного бэктеста для ERTHAUSDT-FLOWUSDT
2026-01-23 11:54:04,311 - coint2.engine.numba_engine - INFO - Запуск Numba-оптимизированного бэктеста для ENJUSDT-FILUSDC
2026-01-23 11:54:04,339 - coint2.engine.numba_engine - INFO - Запуск Numba-оптимизированного бэктеста для GODSUSDT-KCALUSDT
2026-01-23 11:54:04,346 - coint2.engine.numba_engine - INFO - Запуск Numba-оптимизированного бэктеста для GMTUSDT-HOOKUSDT
2026-01-23 11:54:04,350 - coint2.engine.numba_engine - INFO - Запуск Numba-оптимизированного бэктеста для CELOUSDT-FLOWUSDT
2026-01-23 11:54:04,360 - coint2.engine.numba_engine - INFO - Запуск Numba-оптимизированного бэктеста для CHZUSDT-JSTUSDT
2026-01-23 11:54:04,367 - coint2.engine.numba_engine - INFO - Запуск Numba-оптимизированного бэктеста для BATUSDT-ETCUSDT
2026-01-23 11:54:04,370 - coint2.engine.numba_engine - INFO - Запуск Numba-оптимизированного бэктеста для CHZUSDC-JSTUSDT
2026-01-23 11:54:04,405 - INFO -   ⏱️ Параллельная обработка завершена за 0.4с (78.8 пар/с)
2026-01-23 11:54:04,422 - coint2.pipeline.walk_forward_orchestrator - INFO - 🎯 СИМУЛЯЦИЯ ПОРТФЕЛЯ: 28 пар, лимит 15 позиций
2026-01-23 11:54:05,183 - coint2.pipeline.walk_forward_orchestrator - INFO -    📈 Макс. одновременных сигналов: 22
2026-01-23 11:54:05,183 - coint2.pipeline.walk_forward_orchestrator - INFO -    📊 Средн. сигналов за период: 12.4
2026-01-23 11:54:05,184 - coint2.pipeline.walk_forward_orchestrator - INFO -    🎯 Финальных активных позиций: 11
2026-01-23 11:54:05,185 - coint2.pipeline.walk_forward_orchestrator - INFO -    ⚡ Утилизация лимита позиций: 79.7%
2026-01-23 11:54:05,185 - INFO - ⇠ WF-шаг 2/5 backtests — completed 28 items in 1.14s (24.7 items/s)
2026-01-23 11:54:05,185 - INFO -   ✅ Обработка завершена: 28 успешно, 0 с ошибками
2026-01-23 11:54:05,185 - INFO -   📊 Успешность: 100.0%, прибыльность: 39.3%, сделок/пара: 49.4
2026-01-23 11:54:05,185 - INFO -   ✅ Завершены бэктесты для 28 пар
2026-01-23 11:54:05,186 - INFO -   📊 Всего обработано пар в этом шаге: 28
2026-01-23 11:54:05,186 - INFO -   📈 Результаты шага: 11/28 прибыльных пар, 1383 сделок
2026-01-23 11:54:05,186 - INFO -   💰 P&L шага: $-121.11
2026-01-23 11:54:05,186 - INFO -   ⇢ Обновление капитала и дневного P&L...
2026-01-23 11:54:06,478 - INFO -   💼 Шаг P&L: $-121.11, Накопленный капитал: $1,033.39
2026-01-23 11:54:06,479 - INFO - ------------------------------------------------------------
2026-01-23 11:54:06,479 - INFO -   Walk-forward steps: 2 / 5 (40.0%) | 0.1 items/s | ETA: 31.2s
2026-01-23 11:54:06,479 - INFO - 🔍 WF-шаг 3/5: Валидация временных окон...
2026-01-23 11:54:06,479 - INFO - ⇢ WF-шаг 3/5: training 2023-04-01-2023-06-29, testing 2023-06-30-2023-07-30 — start
2026-01-23 11:54:06,479 - INFO - ⇢ loading step data — start
2026-01-23 11:54:06,677 - INFO - ⇠ loading step data — done in 0.20s
2026-01-23 11:54:08,207 - INFO - 📊 WF-шаг 3/5: Границы данных:
2026-01-23 11:54:08,208 - INFO -    Training: 2023-04-01 00:00:00 → 2023-06-29 23:45:00 (8,640 строк × 262 символов)
2026-01-23 11:54:08,208 - INFO -    Testing:  2023-06-30 00:00:00 → 2023-07-30 00:00:00 (2,881 строк × 262 символов)
2026-01-23 11:54:08,208 - INFO -    Временной разрыв: 0 days 00:15:00
2026-01-23 11:54:08,242 - INFO - ⇢ normalizing training data — start
2026-01-23 11:54:08,275 - INFO -   Символы с NaN значениями: 29
2026-01-23 11:54:08,276 - INFO -   Применяем метод нормализации: rolling_zscore
2026-01-23 11:54:08,294 - INFO - Символы с недостаточной историей: 25 из 262
2026-01-23 11:54:08,830 - INFO - Символы с NaN после нормализации: 237
2026-01-23 11:54:08,838 - INFO - Удалено 1009 начальных строк с NaN от rolling расчетов
2026-01-23 11:54:08,841 - INFO - Итоговое количество символов после нормализации: 237 из 262
2026-01-23 11:54:08,841 - INFO -   Статистика нормализации:
2026-01-23 11:54:08,841 - INFO -     Исходные символы: 262
2026-01-23 11:54:08,841 - INFO -     Недостаточная история: 25
2026-01-23 11:54:08,841 - INFO -     Постоянная цена: 0
2026-01-23 11:54:08,841 - INFO -     NaN после нормализации: 237
2026-01-23 11:54:08,842 - INFO -     Итоговые символы: 237 (90.5%)
2026-01-23 11:54:08,842 - INFO -   После нормализации: 237 символов (потеряно 25)
2026-01-23 11:54:08,842 - INFO -   Отброшено много символов: 25 из 262
2026-01-23 11:54:08,842 - INFO - ⇠ normalizing training data — done in 0.60s
2026-01-23 11:54:08,842 - INFO -   Фиксированный universe: 167 пар (отфильтровано 83 недоступных)
2026-01-23 11:54:08,842 - INFO - ⇢ filtering pairs by cointegration and half-life — start
2026-01-23 11:54:08,842 - INFO - [ФИЛЬТР] Параллельная фильтрация: threads (8 workers)
2026-01-23 11:54:14,143 - INFO - [ФИЛЬТР] После проверки данных: 163 пар
2026-01-23 11:54:14,143 - INFO - [ФИЛЬТР] После фильтра корреляции (>0.4): 129 пар
2026-01-23 11:54:14,143 - INFO - [ФИЛЬТР] После фильтра beta: 110 пар
2026-01-23 11:54:14,143 - INFO - [ФИЛЬТР] После фильтра mean crossings: 110 пар
2026-01-23 11:54:14,143 - INFO - [ФИЛЬТР] После фильтра half-life: 109 пар
2026-01-23 11:54:14,143 - INFO - [ФИЛЬТР] После фильтра коинтеграции: 58 пар
2026-01-23 11:54:14,143 - INFO - [ФИЛЬТР] После фильтра Hurst: 49 пар
2026-01-23 11:54:14,143 - INFO - [ФИЛЬТР] После фильтра KPSS: 49 пар
2026-01-23 11:54:14,143 - INFO - [ФИЛЬТР] После фильтра market microstructure: 49 пар
2026-01-23 11:54:14,143 - INFO - [ФИЛЬТР] Статистика фильтрации (оптимизированный порядок):
2026-01-23 11:54:14,143 - INFO -   1. SSD → Коинтеграция: 167 → 58 пар
2026-01-23 11:54:14,143 - INFO -   2. Коинтеграция → Beta: 58 → 110 пар
2026-01-23 11:54:14,143 - INFO -   3. Beta → Half-life: 110 → 109 пар
2026-01-23 11:54:14,143 - INFO -   4. Half-life → Mean crossings: 109 → 110 пар
2026-01-23 11:54:14,143 - INFO -   5. Mean crossings → Hurst: 110 → 49 пар
2026-01-23 11:54:14,143 - INFO -   6. Hurst → KPSS: 49 → 49 пар
2026-01-23 11:54:14,143 - INFO -   7. KPSS → Market microstructure: 49 → 49 пар
2026-01-23 11:54:14,144 - INFO - [ФИЛЬТР] Причины отсева:
2026-01-23 11:54:14,144 - INFO -   • pvalue: 51 пар (30.5%)
2026-01-23 11:54:14,144 - INFO -   • low_correlation: 34 пар (20.4%)
2026-01-23 11:54:14,144 - INFO -   • beta: 19 пар (11.4%)
2026-01-23 11:54:14,144 - INFO -   • hurst: 9 пар (5.4%)
2026-01-23 11:54:14,144 - INFO -   • insufficient_data: 4 пар (2.4%)
2026-01-23 11:54:14,144 - INFO -   • half_life: 1 пар (0.6%)
2026-01-23 11:54:14,144 - INFO - [ФИЛЬТР] Итого: 167 → 49 пар (29.3% прошли все фильтры)
2026-01-23 11:54:14,146 - INFO - Причины отсева сохранены в results/filter_reasons_20260123_115414.csv
2026-01-23 11:54:14,146 - INFO -   Pair stability filter: 49 → 28 (window=2, min_steps=1, history=2)
2026-01-23 11:54:14,146 - INFO -   Фильтрация: 167 → 28 пар
2026-01-23 11:54:14,146 - INFO - ⇠ filtering pairs by cointegration and half-life — done in 5.30s
2026-01-23 11:54:14,146 - INFO - ⇠ WF-шаг 3/5: training 2023-04-01-2023-06-29, testing 2023-06-30-2023-07-30 — done in 7.67s
2026-01-23 11:54:14,146 - INFO -   Ограничение max_pairs=50: 28 пар (лимит не достигнут)
2026-01-23 11:54:14,146 - INFO -   Топ-3 пары по волатильности спреда:
2026-01-23 11:54:14,146 - INFO -     1. BTCUSDC-BTCUSDT: beta=1.0042, std=11.0024
2026-01-23 11:54:14,146 - INFO -     2. ETCUSDT-JUVUSDT: beta=2.6675, std=1.1088
2026-01-23 11:54:14,146 - INFO -     3. ETHUSDC-ETHUSDT: beta=1.0058, std=0.6720
2026-01-23 11:54:14,146 - INFO -   Всего пар для торговли: 28 (ограничение 15 применяется к одновременно открытым позициям)
2026-01-23 11:54:14,147 - INFO -   💰 Проверка расчета капитала: equity=$1,033.39, кандидатных_пар=28, max_позиций=15
2026-01-23 11:54:14,147 - INFO -   🎯 Target concurrency: 15 (ожидаемое одновременное число позиций)
2026-01-23 11:54:14,147 - INFO -   📊 Детали расчета капитала:
2026-01-23 11:54:14,147 - INFO -      • Базовый капитал на пару: $68.89 (equity / target_concurrency)
2026-01-23 11:54:14,147 - INFO -      • Риск-капитал: $7.75 (0.8% от equity)
2026-01-23 11:54:14,147 - INFO -      • Макс. размер позиции: $20.67 (2.0% от equity)
2026-01-23 11:54:14,147 - INFO -      • Итоговый капитал на пару: $7.75
2026-01-23 11:54:14,147 - INFO - ⇢ WF-шаг 3/5 backtests — starting 28 items
2026-01-23 11:54:14,147 - INFO - 🚀 WF-шаг 3/5: Начинаем бэктесты для 28 пар...
2026-01-23 11:54:14,147 - INFO - 🚀 WF-шаг 3/5: Запускаем параллельную обработку 28 пар на 8 ядрах...
2026-01-23 11:54:14,147 - INFO - 🚀 WF-шаг 3/5: Режим параллельности: процессы
⚙️  Загрузка данных за период: 2023-04-01 -> 2023-07-30
📂 Найдено 43 parquet файлов для обработки.
📊 Схема данных: Schema({'timestamp': Int64, 'open': Float64, 'high': Float64, 'low': Float64, 'close': Float64, 'volume': Float64, 'turnover': String, 'ts_ms': Int64, 'symbol': String})
✅ Загружено 2829468 записей с помощью Polars.
📊 Типы данных в pandas: timestamp       datetime64[us]
symbol                  object
close                  float64
timestamp_ms             int64
dtype: object
2026-01-23 11:54:14,200 - coint2.engine.numba_engine - INFO - Запуск Numba-оптимизированного бэктеста для BTCUSDC-BTCUSDT
2026-01-23 11:54:14,223 - coint2.engine.numba_engine - INFO - Запуск Numba-оптимизированного бэктеста для ETCUSDT-JUVUSDT
2026-01-23 11:54:14,247 - coint2.engine.numba_engine - INFO - Запуск Numba-оптимизированного бэктеста для ETHUSDC-ETHUSDT
2026-01-23 11:54:14,271 - coint2.engine.numba_engine - INFO - Запуск Numba-оптимизированного бэктеста для APEUSDC-GODSUSDT
2026-01-23 11:54:14,288 - coint2.engine.numba_engine - INFO - Запуск Numba-оптимизированного бэктеста для 1INCHUSDT-ACSUSDT
2026-01-23 11:54:14,294 - coint2.engine.numba_engine - INFO - Запуск Numba-оптимизированного бэктеста для APEUSDC-HFTUSDC
2026-01-23 11:54:14,307 - coint2.engine.numba_engine - INFO - Запуск Numba-оптимизированного бэктеста для AVAUSDT-FITFIUSDT
2026-01-23 11:54:14,311 - coint2.engine.numba_engine - INFO - Запуск Numba-оптимизированного бэктеста для BATUSDT-JUVUSDT
2026-01-23 11:54:14,322 - coint2.engine.numba_engine - INFO - Запуск Numba-оптимизированного бэктеста для APEUSDT-HFTUSDC
2026-01-23 11:54:14,333 - coint2.engine.numba_engine - INFO - Запуск Numba-оптимизированного бэктеста для FIDAUSDT-HOOKUSDT
2026-01-23 11:54:14,334 - coint2.engine.numba_engine - INFO - Запуск Numba-оптимизированного бэктеста для FITFIUSDT-FLOWUSDT
2026-01-23 11:54:14,341 - coint2.engine.numba_engine - INFO - Запуск Numba-оптимизированного бэктеста для CRVUSDT-KDAUSDT
2026-01-23 11:54:14,355 - coint2.engine.numba_engine - INFO - Запуск Numba-оптимизированного бэктеста для HFTUSDC-KDAUSDT
2026-01-23 11:54:14,355 - coint2.engine.numba_engine - INFO - Запуск Numba-оптимизированного бэктеста для ACSUSDT-HOOKUSDT
2026-01-23 11:54:14,363 - coint2.engine.numba_engine - INFO - Запуск Numba-оптимизированного бэктеста для CELOUSDT-ENJUSDT
2026-01-23 11:54:14,366 - coint2.engine.numba_engine - INFO - Запуск Numba-оптимизированного бэктеста для AVAUSDT-KASTAUSDT
2026-01-23 11:54:14,368 - coint2.engine.numba_engine - INFO - Запуск Numba-оптимизированного бэктеста для DYDXUSDT-KSMUSDT
2026-01-23 11:54:14,378 - coint2.engine.numba_engine - INFO - Запуск Numba-оптимизированного бэктеста для BICOUSDT-KASTAUSDT
2026-01-23 11:54:14,380 - coint2.engine.numba_engine - INFO - Запуск Numba-оптимизированного бэктеста для GODSUSDT-KSMUSDT
2026-01-23 11:54:14,386 - coint2.engine.numba_engine - INFO - Запуск Numba-оптимизированного бэктеста для ERTHAUSDT-KASTAUSDT
2026-01-23 11:54:14,402 - coint2.engine.numba_engine - INFO - Запуск Numba-оптимизированного бэктеста для C98USDT-FILUSDT
2026-01-23 11:54:14,404 - coint2.engine.numba_engine - INFO - Запуск Numba-оптимизированного бэктеста для ERTHAUSDT-FLOWUSDT
2026-01-23 11:54:14,439 - coint2.engine.numba_engine - INFO - Запуск Numba-оптимизированного бэктеста для CTCUSDT-ERTHAUSDT
2026-01-23 11:54:14,453 - coint2.engine.numba_engine - INFO - Запуск Numba-оптимизированного бэктеста для GMTUSDT-HOOKUSDT
2026-01-23 11:54:14,457 - coint2.engine.numba_engine - INFO - Запуск Numba-оптимизированного бэктеста для GMTUSDC-HOOKUSDT
2026-01-23 11:54:14,460 - coint2.engine.numba_engine - INFO - Запуск Numba-оптимизированного бэктеста для ALGOUSDT-FLOWUSDT
2026-01-23 11:54:14,477 - coint2.engine.numba_engine - INFO - Запуск Numba-оптимизированного бэктеста для JSTUSDT-JUVUSDT
2026-01-23 11:54:14,478 - coint2.engine.numba_engine - INFO - Запуск Numba-оптимизированного бэктеста для DOGEUSDC-JUVUSDT
2026-01-23 11:54:14,519 - INFO -   ⏱️ Параллельная обработка завершена за 0.4с (75.4 пар/с)
2026-01-23 11:54:14,534 - coint2.pipeline.walk_forward_orchestrator - INFO - 🎯 СИМУЛЯЦИЯ ПОРТФЕЛЯ: 28 пар, лимит 15 позиций
2026-01-23 11:54:15,305 - coint2.pipeline.walk_forward_orchestrator - INFO -    📈 Макс. одновременных сигналов: 19
2026-01-23 11:54:15,305 - coint2.pipeline.walk_forward_orchestrator - INFO -    📊 Средн. сигналов за период: 8.7
2026-01-23 11:54:15,305 - coint2.pipeline.walk_forward_orchestrator - INFO -    🎯 Финальных активных позиций: 15
2026-01-23 11:54:15,306 - coint2.pipeline.walk_forward_orchestrator - INFO -    ⚡ Утилизация лимита позиций: 57.8%
2026-01-23 11:54:15,307 - INFO - ⇠ WF-шаг 3/5 backtests — completed 28 items in 1.16s (24.1 items/s)
2026-01-23 11:54:15,307 - INFO -   ✅ Обработка завершена: 28 успешно, 0 с ошибками
2026-01-23 11:54:15,307 - INFO -   📊 Успешность: 100.0%, прибыльность: 64.3%, сделок/пара: 44.9
2026-01-23 11:54:15,307 - INFO -   ✅ Завершены бэктесты для 28 пар
2026-01-23 11:54:15,307 - INFO -   📊 Всего обработано пар в этом шаге: 28
2026-01-23 11:54:15,307 - INFO -   📈 Результаты шага: 18/28 прибыльных пар, 1258 сделок
2026-01-23 11:54:15,307 - INFO -   💰 P&L шага: $+246.59
2026-01-23 11:54:15,308 - INFO -   ⇢ Обновление капитала и дневного P&L...
2026-01-23 11:54:16,733 - INFO -   💼 Шаг P&L: $+246.59, Накопленный капитал: $1,279.98
2026-01-23 11:54:16,733 - INFO - ------------------------------------------------------------
2026-01-23 11:54:16,733 - INFO -   Walk-forward steps: 3 / 5 (60.0%) | 0.1 items/s | ETA: 20.7s
2026-01-23 11:54:16,733 - INFO - 🔍 WF-шаг 4/5: Валидация временных окон...
2026-01-23 11:54:16,734 - INFO - ⇢ WF-шаг 4/5: training 2023-05-01-2023-07-29, testing 2023-07-30-2023-08-29 — start
2026-01-23 11:54:16,734 - INFO - ⇢ loading step data — start
2026-01-23 11:54:16,966 - INFO - ⇠ loading step data — done in 0.23s
2026-01-23 11:54:18,523 - INFO - 📊 WF-шаг 4/5: Границы данных:
2026-01-23 11:54:18,524 - INFO -    Training: 2023-05-01 00:00:00 → 2023-07-29 23:45:00 (8,640 строк × 266 символов)
2026-01-23 11:54:18,524 - INFO -    Testing:  2023-07-30 00:00:00 → 2023-08-29 00:00:00 (2,881 строк × 266 символов)
2026-01-23 11:54:18,524 - INFO -    Временной разрыв: 0 days 00:15:00
2026-01-23 11:54:18,558 - INFO - ⇢ normalizing training data — start
2026-01-23 11:54:18,591 - INFO -   Символы с NaN значениями: 28
2026-01-23 11:54:18,591 - INFO -   Применяем метод нормализации: rolling_zscore
2026-01-23 11:54:18,610 - INFO - Символы с недостаточной историей: 21 из 266
2026-01-23 11:54:19,169 - INFO - Символы с NaN после нормализации: 245
2026-01-23 11:54:19,177 - INFO - Удалено 1489 начальных строк с NaN от rolling расчетов
2026-01-23 11:54:19,179 - INFO - Итоговое количество символов после нормализации: 245 из 266
2026-01-23 11:54:19,179 - INFO -   Статистика нормализации:
2026-01-23 11:54:19,180 - INFO -     Исходные символы: 266
2026-01-23 11:54:19,180 - INFO -     Недостаточная история: 21
2026-01-23 11:54:19,180 - INFO -     Постоянная цена: 0
2026-01-23 11:54:19,180 - INFO -     NaN после нормализации: 245
2026-01-23 11:54:19,180 - INFO -     Итоговые символы: 245 (92.1%)
2026-01-23 11:54:19,180 - INFO -   После нормализации: 245 символов (потеряно 21)
2026-01-23 11:54:19,180 - INFO -   Отброшено много символов: 21 из 266
2026-01-23 11:54:19,180 - INFO - ⇠ normalizing training data — done in 0.62s
2026-01-23 11:54:19,180 - INFO -   Фиксированный universe: 175 пар (отфильтровано 75 недоступных)
2026-01-23 11:54:19,180 - INFO - ⇢ filtering pairs by cointegration and half-life — start
2026-01-23 11:54:19,181 - INFO - [ФИЛЬТР] Параллельная фильтрация: threads (8 workers)
2026-01-23 11:54:23,896 - INFO - [ФИЛЬТР] После проверки данных: 166 пар
2026-01-23 11:54:23,896 - INFO - [ФИЛЬТР] После фильтра корреляции (>0.4): 119 пар
2026-01-23 11:54:23,896 - INFO - [ФИЛЬТР] После фильтра beta: 108 пар
2026-01-23 11:54:23,896 - INFO - [ФИЛЬТР] После фильтра mean crossings: 108 пар
2026-01-23 11:54:23,896 - INFO - [ФИЛЬТР] После фильтра half-life: 108 пар
2026-01-23 11:54:23,897 - INFO - [ФИЛЬТР] После фильтра коинтеграции: 51 пар
2026-01-23 11:54:23,897 - INFO - [ФИЛЬТР] После фильтра Hurst: 38 пар
2026-01-23 11:54:23,897 - INFO - [ФИЛЬТР] После фильтра KPSS: 38 пар
2026-01-23 11:54:23,897 - INFO - [ФИЛЬТР] После фильтра market microstructure: 37 пар
2026-01-23 11:54:23,897 - INFO - [ФИЛЬТР] Статистика фильтрации (оптимизированный порядок):
2026-01-23 11:54:23,897 - INFO -   1. SSD → Коинтеграция: 175 → 51 пар
2026-01-23 11:54:23,897 - INFO -   2. Коинтеграция → Beta: 51 → 108 пар
2026-01-23 11:54:23,897 - INFO -   3. Beta → Half-life: 108 → 108 пар
2026-01-23 11:54:23,897 - INFO -   4. Half-life → Mean crossings: 108 → 108 пар
2026-01-23 11:54:23,897 - INFO -   5. Mean crossings → Hurst: 108 → 38 пар
2026-01-23 11:54:23,897 - INFO -   6. Hurst → KPSS: 38 → 38 пар
2026-01-23 11:54:23,897 - INFO -   7. KPSS → Market microstructure: 38 → 37 пар
2026-01-23 11:54:23,897 - INFO - [ФИЛЬТР] Причины отсева:
2026-01-23 11:54:23,897 - INFO -   • pvalue: 57 пар (32.6%)
2026-01-23 11:54:23,897 - INFO -   • low_correlation: 47 пар (26.9%)
2026-01-23 11:54:23,897 - INFO -   • hurst: 13 пар (7.4%)
2026-01-23 11:54:23,897 - INFO -   • beta: 11 пар (6.3%)
2026-01-23 11:54:23,897 - INFO -   • insufficient_data: 9 пар (5.1%)
2026-01-23 11:54:23,897 - INFO -   • history: 1 пар (0.6%)
2026-01-23 11:54:23,897 - INFO - [ФИЛЬТР] Итого: 175 → 37 пар (21.1% прошли все фильтры)
2026-01-23 11:54:23,899 - INFO - Причины отсева сохранены в results/filter_reasons_20260123_115423.csv
2026-01-23 11:54:23,899 - INFO -   Pair stability filter: 37 → 24 (window=2, min_steps=1, history=3)
2026-01-23 11:54:23,899 - INFO -   Фильтрация: 175 → 24 пар
2026-01-23 11:54:23,899 - INFO - ⇠ filtering pairs by cointegration and half-life — done in 4.72s
2026-01-23 11:54:23,899 - INFO - ⇠ WF-шаг 4/5: training 2023-05-01-2023-07-29, testing 2023-07-30-2023-08-29 — done in 7.17s
2026-01-23 11:54:23,900 - INFO -   Ограничение max_pairs=50: 24 пар (лимит не достигнут)
2026-01-23 11:54:23,900 - INFO -   Топ-3 пары по волатильности спреда:
2026-01-23 11:54:23,900 - INFO -     1. BTCUSDC-BTCUSDT: beta=1.0007, std=11.1066
2026-01-23 11:54:23,900 - INFO -     2. ETCUSDT-JUVUSDT: beta=1.9253, std=1.2238
2026-01-23 11:54:23,900 - INFO -     3. ETHUSDC-ETHUSDT: beta=1.0047, std=0.6827
2026-01-23 11:54:23,900 - INFO -   Всего пар для торговли: 24 (ограничение 15 применяется к одновременно открытым позициям)
2026-01-23 11:54:23,900 - INFO -   💰 Проверка расчета капитала: equity=$1,279.98, кандидатных_пар=24, max_позиций=15
2026-01-23 11:54:23,900 - INFO -   🎯 Target concurrency: 15 (ожидаемое одновременное число позиций)
2026-01-23 11:54:23,900 - INFO -   📊 Детали расчета капитала:
2026-01-23 11:54:23,900 - INFO -      • Базовый капитал на пару: $85.33 (equity / target_concurrency)
2026-01-23 11:54:23,900 - INFO -      • Риск-капитал: $9.60 (0.8% от equity)
2026-01-23 11:54:23,900 - INFO -      • Макс. размер позиции: $25.60 (2.0% от equity)
2026-01-23 11:54:23,900 - INFO -      • Итоговый капитал на пару: $9.60
2026-01-23 11:54:23,900 - INFO - ⇢ WF-шаг 4/5 backtests — starting 24 items
2026-01-23 11:54:23,900 - INFO - 🚀 WF-шаг 4/5: Начинаем бэктесты для 24 пар...
2026-01-23 11:54:23,901 - INFO - 🚀 WF-шаг 4/5: Запускаем параллельную обработку 24 пар на 8 ядрах...
2026-01-23 11:54:23,901 - INFO - 🚀 WF-шаг 4/5: Режим параллельности: процессы
⚙️  Загрузка данных за период: 2023-05-01 -> 2023-08-29
📂 Найдено 43 parquet файлов для обработки.
📊 Схема данных: Schema({'timestamp': Int64, 'open': Float64, 'high': Float64, 'low': Float64, 'close': Float64, 'volume': Float64, 'turnover': String, 'ts_ms': Int64, 'symbol': String})
✅ Загружено 2908032 записей с помощью Polars.
📊 Типы данных в pandas: timestamp       datetime64[us]
symbol                  object
close                  float64
timestamp_ms             int64
dtype: object
2026-01-23 11:54:23,952 - coint2.engine.numba_engine - INFO - Запуск Numba-оптимизированного бэктеста для BTCUSDC-BTCUSDT
2026-01-23 11:54:23,974 - coint2.engine.numba_engine - INFO - Запуск Numba-оптимизированного бэктеста для ETCUSDT-JUVUSDT
2026-01-23 11:54:23,996 - coint2.engine.numba_engine - INFO - Запуск Numba-оптимизированного бэктеста для ETHUSDC-ETHUSDT
2026-01-23 11:54:24,018 - coint2.engine.numba_engine - INFO - Запуск Numba-оптимизированного бэктеста для AXSUSDT-CRVUSDT
2026-01-23 11:54:24,035 - coint2.engine.numba_engine - INFO - Запуск Numba-оптимизированного бэктеста для FLOWUSDT-JUVUSDT
2026-01-23 11:54:24,041 - coint2.engine.numba_engine - INFO - Запуск Numba-оптимизированного бэктеста для FILUSDC-JUVUSDT
2026-01-23 11:54:24,057 - coint2.engine.numba_engine - INFO - Запуск Numba-оптимизированного бэктеста для GMTUSDT-HOOKUSDT
2026-01-23 11:54:24,057 - coint2.engine.numba_engine - INFO - Запуск Numba-оптимизированного бэктеста для CELOUSDT-ENJUSDT
2026-01-23 11:54:24,070 - coint2.engine.numba_engine - INFO - Запуск Numba-оптимизированного бэктеста для FILUSDT-JUVUSDT
2026-01-23 11:54:24,078 - coint2.engine.numba_engine - INFO - Запуск Numba-оптимизированного бэктеста для BICOUSDT-ETHWUSDT
2026-01-23 11:54:24,078 - coint2.engine.numba_engine - INFO - Запуск Numba-оптимизированного бэктеста для BATUSDT-JUVUSDT
2026-01-23 11:54:24,093 - coint2.engine.numba_engine - INFO - Запуск Numba-оптимизированного бэктеста для AFCUSDT-C98USDT
2026-01-23 11:54:24,099 - coint2.engine.numba_engine - INFO - Запуск Numba-оптимизированного бэктеста для DOGEUSDC-JUVUSDT
2026-01-23 11:54:24,100 - coint2.engine.numba_engine - INFO - Запуск Numba-оптимизированного бэктеста для HFTUSDC-KDAUSDT
2026-01-23 11:54:24,123 - coint2.engine.numba_engine - INFO - Запуск Numba-оптимизированного бэктеста для JSTUSDT-JUVUSDT
2026-01-23 11:54:24,123 - coint2.engine.numba_engine - INFO - Запуск Numba-оптимизированного бэктеста для GODSUSDT-KSMUSDT
2026-01-23 11:54:24,128 - coint2.engine.numba_engine - INFO - Запуск Numba-оптимизированного бэктеста для DYDXUSDT-KSMUSDT
2026-01-23 11:54:24,146 - coint2.engine.numba_engine - INFO - Запуск Numba-оптимизированного бэктеста для FITFIUSDT-JUVUSDT
2026-01-23 11:54:24,175 - coint2.engine.numba_engine - INFO - Запуск Numba-оптимизированного бэктеста для ENJUSDT-FILUSDC
2026-01-23 11:54:24,175 - coint2.engine.numba_engine - INFO - Запуск Numba-оптимизированного бэктеста для BATUSDT-ETCUSDT
2026-01-23 11:54:24,197 - coint2.engine.numba_engine - INFO - Запуск Numba-оптимизированного бэктеста для ACSUSDT-HOOKUSDT
2026-01-23 11:54:24,198 - coint2.engine.numba_engine - INFO - Запуск Numba-оптимизированного бэктеста для DGBUSDT-JUVUSDT
2026-01-23 11:54:24,208 - coint2.engine.numba_engine - INFO - Запуск Numba-оптимизированного бэктеста для GMTUSDC-HOOKUSDT
2026-01-23 11:54:24,229 - coint2.engine.numba_engine - INFO - Запуск Numba-оптимизированного бэктеста для ERTHAUSDT-FLOWUSDT
2026-01-23 11:54:24,271 - INFO -   ⏱️ Параллельная обработка завершена за 0.4с (64.8 пар/с)
2026-01-23 11:54:24,285 - coint2.pipeline.walk_forward_orchestrator - INFO - 🎯 СИМУЛЯЦИЯ ПОРТФЕЛЯ: 24 пар, лимит 15 позиций
2026-01-23 11:54:25,004 - coint2.pipeline.walk_forward_orchestrator - INFO -    📈 Макс. одновременных сигналов: 19
2026-01-23 11:54:25,005 - coint2.pipeline.walk_forward_orchestrator - INFO -    📊 Средн. сигналов за период: 9.5
2026-01-23 11:54:25,005 - coint2.pipeline.walk_forward_orchestrator - INFO -    🎯 Финальных активных позиций: 10
2026-01-23 11:54:25,006 - coint2.pipeline.walk_forward_orchestrator - INFO -    ⚡ Утилизация лимита позиций: 62.9%
2026-01-23 11:54:25,006 - INFO - ⇠ WF-шаг 4/5 backtests — completed 24 items in 1.11s (21.7 items/s)
2026-01-23 11:54:25,006 - INFO -   ✅ Обработка завершена: 24 успешно, 0 с ошибками
2026-01-23 11:54:25,007 - INFO -   📊 Успешность: 100.0%, прибыльность: 37.5%, сделок/пара: 47.4
2026-01-23 11:54:25,007 - INFO -   ✅ Завершены бэктесты для 24 пар
2026-01-23 11:54:25,007 - INFO -   📊 Всего обработано пар в этом шаге: 24
2026-01-23 11:54:25,007 - INFO -   📈 Результаты шага: 9/24 прибыльных пар, 1137 сделок
2026-01-23 11:54:25,007 - INFO -   💰 P&L шага: $-193.18
2026-01-23 11:54:25,007 - INFO -   ⇢ Обновление капитала и дневного P&L...
2026-01-23 11:54:26,502 - INFO -   💼 Шаг P&L: $-193.18, Накопленный капитал: $1,086.80
2026-01-23 11:54:26,502 - INFO - ------------------------------------------------------------
2026-01-23 11:54:26,502 - INFO -   Walk-forward steps: 4 / 5 (80.0%) | 0.1 items/s | ETA: 10.2s
2026-01-23 11:54:26,502 - INFO - 🔍 WF-шаг 5/5: Валидация временных окон...
2026-01-23 11:54:26,502 - INFO - ⇢ WF-шаг 5/5: training 2023-05-31-2023-08-28, testing 2023-08-29-2023-09-28 — start
2026-01-23 11:54:26,503 - INFO - ⇢ loading step data — start
2026-01-23 11:54:26,717 - INFO - ⇠ loading step data — done in 0.21s
2026-01-23 11:54:28,244 - INFO - 📊 WF-шаг 5/5: Границы данных:
2026-01-23 11:54:28,244 - INFO -    Training: 2023-05-31 00:00:00 → 2023-08-28 23:45:00 (8,640 строк × 276 символов)
2026-01-23 11:54:28,244 - INFO -    Testing:  2023-08-29 00:00:00 → 2023-09-28 00:00:00 (2,881 строк × 276 символов)
2026-01-23 11:54:28,244 - INFO -    Временной разрыв: 0 days 00:15:00
2026-01-23 11:54:28,281 - INFO - ⇢ normalizing training data — start
2026-01-23 11:54:28,316 - INFO -   Символы с NaN значениями: 28
2026-01-23 11:54:28,316 - INFO -   Применяем метод нормализации: rolling_zscore
2026-01-23 11:54:28,337 - INFO - Символы с недостаточной историей: 28 из 276
2026-01-23 11:54:28,883 - INFO - Символы с NaN после нормализации: 248
2026-01-23 11:54:28,892 - INFO - Удалено 1 начальных строк с NaN от rolling расчетов
2026-01-23 11:54:28,894 - INFO - Итоговое количество символов после нормализации: 248 из 276
2026-01-23 11:54:28,895 - INFO -   Статистика нормализации:
2026-01-23 11:54:28,895 - INFO -     Исходные символы: 276
2026-01-23 11:54:28,895 - INFO -     Недостаточная история: 28
2026-01-23 11:54:28,895 - INFO -     Постоянная цена: 0
2026-01-23 11:54:28,895 - INFO -     NaN после нормализации: 248
2026-01-23 11:54:28,895 - INFO -     Итоговые символы: 248 (89.9%)
2026-01-23 11:54:28,895 - INFO -   После нормализации: 248 символов (потеряно 28)
2026-01-23 11:54:28,895 - INFO -   Отброшено много символов: 28 из 276
2026-01-23 11:54:28,895 - INFO - ⇠ normalizing training data — done in 0.61s
2026-01-23 11:54:28,895 - INFO -   Фиксированный universe: 182 пар (отфильтровано 68 недоступных)
2026-01-23 11:54:28,895 - INFO - ⇢ filtering pairs by cointegration and half-life — start
2026-01-23 11:54:28,896 - INFO - [ФИЛЬТР] Параллельная фильтрация: threads (8 workers)
2026-01-23 11:54:33,878 - INFO - [ФИЛЬТР] После проверки данных: 169 пар
2026-01-23 11:54:33,878 - INFO - [ФИЛЬТР] После фильтра корреляции (>0.4): 90 пар
2026-01-23 11:54:33,878 - INFO - [ФИЛЬТР] После фильтра beta: 81 пар
2026-01-23 11:54:33,878 - INFO - [ФИЛЬТР] После фильтра mean crossings: 81 пар
2026-01-23 11:54:33,878 - INFO - [ФИЛЬТР] После фильтра half-life: 81 пар
2026-01-23 11:54:33,878 - INFO - [ФИЛЬТР] После фильтра коинтеграции: 58 пар
2026-01-23 11:54:33,879 - INFO - [ФИЛЬТР] После фильтра Hurst: 46 пар
2026-01-23 11:54:33,879 - INFO - [ФИЛЬТР] После фильтра KPSS: 46 пар
2026-01-23 11:54:33,879 - INFO - [ФИЛЬТР] После фильтра market microstructure: 44 пар
2026-01-23 11:54:33,879 - INFO - [ФИЛЬТР] Статистика фильтрации (оптимизированный порядок):
2026-01-23 11:54:33,879 - INFO -   1. SSD → Коинтеграция: 182 → 58 пар
2026-01-23 11:54:33,879 - INFO -   2. Коинтеграция → Beta: 58 → 81 пар
2026-01-23 11:54:33,879 - INFO -   3. Beta → Half-life: 81 → 81 пар
2026-01-23 11:54:33,879 - INFO -   4. Half-life → Mean crossings: 81 → 81 пар
2026-01-23 11:54:33,879 - INFO -   5. Mean crossings → Hurst: 81 → 46 пар
2026-01-23 11:54:33,879 - INFO -   6. Hurst → KPSS: 46 → 46 пар
2026-01-23 11:54:33,879 - INFO -   7. KPSS → Market microstructure: 46 → 44 пар
2026-01-23 11:54:33,879 - INFO - [ФИЛЬТР] Причины отсева:
2026-01-23 11:54:33,879 - INFO -   • low_correlation: 79 пар (43.4%)
2026-01-23 11:54:33,879 - INFO -   • pvalue: 23 пар (12.6%)
2026-01-23 11:54:33,879 - INFO -   • insufficient_data: 13 пар (7.1%)
2026-01-23 11:54:33,879 - INFO -   • hurst: 12 пар (6.6%)
2026-01-23 11:54:33,879 - INFO -   • beta: 9 пар (4.9%)
2026-01-23 11:54:33,879 - INFO -   • history: 2 пар (1.1%)
2026-01-23 11:54:33,879 - INFO - [ФИЛЬТР] Итого: 182 → 44 пар (24.2% прошли все фильтры)
2026-01-23 11:54:33,881 - INFO - Причины отсева сохранены в results/filter_reasons_20260123_115433.csv
2026-01-23 11:54:33,881 - INFO -   Pair stability filter: 44 → 25 (window=2, min_steps=1, history=4)
2026-01-23 11:54:33,881 - INFO -   Фильтрация: 182 → 25 пар
2026-01-23 11:54:33,881 - INFO - ⇠ filtering pairs by cointegration and half-life — done in 4.99s
2026-01-23 11:54:33,881 - INFO - ⇠ WF-шаг 5/5: training 2023-05-31-2023-08-28, testing 2023-08-29-2023-09-28 — done in 7.38s
2026-01-23 11:54:33,882 - INFO -   Ограничение max_pairs=50: 25 пар (лимит не достигнут)
2026-01-23 11:54:33,882 - INFO -   Топ-3 пары по волатильности спреда:
2026-01-23 11:54:33,882 - INFO -     1. BTCUSDC-BTCUSDT: beta=1.0010, std=15.6128
2026-01-23 11:54:33,882 - INFO -     2. ETCUSDT-JUVUSDT: beta=5.5773, std=1.3188
2026-01-23 11:54:33,882 - INFO -     3. ETHUSDC-ETHUSDT: beta=1.0038, std=0.9117
2026-01-23 11:54:33,882 - INFO -   Всего пар для торговли: 25 (ограничение 15 применяется к одновременно открытым позициям)
2026-01-23 11:54:33,882 - INFO -   💰 Проверка расчета капитала: equity=$1,086.80, кандидатных_пар=25, max_позиций=15
2026-01-23 11:54:33,882 - INFO -   🎯 Target concurrency: 15 (ожидаемое одновременное число позиций)
2026-01-23 11:54:33,882 - INFO -   📊 Детали расчета капитала:
2026-01-23 11:54:33,882 - INFO -      • Базовый капитал на пару: $72.45 (equity / target_concurrency)
2026-01-23 11:54:33,882 - INFO -      • Риск-капитал: $8.15 (0.8% от equity)
2026-01-23 11:54:33,882 - INFO -      • Макс. размер позиции: $21.74 (2.0% от equity)
2026-01-23 11:54:33,882 - INFO -      • Итоговый капитал на пару: $8.15
2026-01-23 11:54:33,882 - INFO - ⇢ WF-шаг 5/5 backtests — starting 25 items
2026-01-23 11:54:33,882 - INFO - 🚀 WF-шаг 5/5: Начинаем бэктесты для 25 пар...
2026-01-23 11:54:33,883 - INFO - 🚀 WF-шаг 5/5: Запускаем параллельную обработку 25 пар на 8 ядрах...
2026-01-23 11:54:33,883 - INFO - 🚀 WF-шаг 5/5: Режим параллельности: процессы
⚙️  Загрузка данных за период: 2023-05-31 -> 2023-09-28
📂 Найдено 43 parquet файлов для обработки.
📊 Схема данных: Schema({'timestamp': Int64, 'open': Float64, 'high': Float64, 'low': Float64, 'close': Float64, 'volume': Float64, 'turnover': String, 'ts_ms': Int64, 'symbol': String})
✅ Загружено 2993474 записей с помощью Polars.
📊 Типы данных в pandas: timestamp       datetime64[us]
symbol                  object
close                  float64
timestamp_ms             int64
dtype: object
2026-01-23 11:54:33,936 - coint2.engine.numba_engine - INFO - Запуск Numba-оптимизированного бэктеста для BTCUSDC-BTCUSDT
2026-01-23 11:54:33,962 - coint2.engine.numba_engine - INFO - Запуск Numba-оптимизированного бэктеста для ETCUSDT-JUVUSDT
2026-01-23 11:54:33,986 - coint2.engine.numba_engine - INFO - Запуск Numba-оптимизированного бэктеста для ETHUSDC-ETHUSDT
2026-01-23 11:54:34,009 - coint2.engine.numba_engine - INFO - Запуск Numba-оптимизированного бэктеста для FILUSDC-JUVUSDT
2026-01-23 11:54:34,023 - coint2.engine.numba_engine - INFO - Запуск Numba-оптимизированного бэктеста для ADAUSDT-KDAUSDT
2026-01-23 11:54:34,035 - coint2.engine.numba_engine - INFO - Запуск Numba-оптимизированного бэктеста для FILUSDT-JUVUSDT
2026-01-23 11:54:34,045 - coint2.engine.numba_engine - INFO - Запуск Numba-оптимизированного бэктеста для BATUSDT-ETCUSDT
2026-01-23 11:54:34,049 - coint2.engine.numba_engine - INFO - Запуск Numba-оптимизированного бэктеста для ADAUSDC-KDAUSDT
2026-01-23 11:54:34,062 - coint2.engine.numba_engine - INFO - Запуск Numba-оптимизированного бэктеста для CRVUSDT-KDAUSDT
2026-01-23 11:54:34,069 - coint2.engine.numba_engine - INFO - Запуск Numba-оптимизированного бэктеста для ERTHAUSDT-KASTAUSDT
2026-01-23 11:54:34,073 - coint2.engine.numba_engine - INFO - Запуск Numba-оптимизированного бэктеста для C98USDT-CHZUSDT
2026-01-23 11:54:34,074 - coint2.engine.numba_engine - INFO - Запуск Numba-оптимизированного бэктеста для FIDAUSDT-HOOKUSDT
2026-01-23 11:54:34,092 - coint2.engine.numba_engine - INFO - Запуск Numba-оптимизированного бэктеста для BICOUSDT-ETHWUSDT
2026-01-23 11:54:34,096 - coint2.engine.numba_engine - INFO - Запуск Numba-оптимизированного бэктеста для C98USDT-CHZUSDC
2026-01-23 11:54:34,098 - coint2.engine.numba_engine - INFO - Запуск Numba-оптимизированного бэктеста для HFTUSDC-KDAUSDT
2026-01-23 11:54:34,114 - coint2.engine.numba_engine - INFO - Запуск Numba-оптимизированного бэктеста для BATUSDT-JSTUSDT
2026-01-23 11:54:34,116 - coint2.engine.numba_engine - INFO - Запуск Numba-оптимизированного бэктеста для HFTUSDT-KDAUSDT
2026-01-23 11:54:34,126 - coint2.engine.numba_engine - INFO - Запуск Numba-оптимизированного бэктеста для C98USDT-FILUSDT
2026-01-23 11:54:34,153 - coint2.engine.numba_engine - INFO - Запуск Numba-оптимизированного бэктеста для ENJUSDT-FILUSDC
2026-01-23 11:54:34,177 - coint2.engine.numba_engine - INFO - Запуск Numba-оптимизированного бэктеста для GMTUSDC-HOOKUSDT
2026-01-23 11:54:34,180 - coint2.engine.numba_engine - INFO - Запуск Numba-оптимизированного бэктеста для GMTUSDT-HOOKUSDT
2026-01-23 11:54:34,199 - coint2.engine.numba_engine - INFO - Запуск Numba-оптимизированного бэктеста для DOGEUSDC-JUVUSDT
2026-01-23 11:54:34,199 - coint2.engine.numba_engine - INFO - Запуск Numba-оптимизированного бэктеста для BATUSDT-JUVUSDT
2026-01-23 11:54:34,200 - coint2.engine.numba_engine - INFO - Запуск Numba-оптимизированного бэктеста для HVHUSDT-IZIUSDT
2026-01-23 11:54:34,209 - coint2.engine.numba_engine - INFO - 🔍 ДИАГНОСТИКА HVHUSDT-IZIUSDT:
2026-01-23 11:54:34,210 - coint2.engine.numba_engine - INFO -    entry_threshold: 1.0
2026-01-23 11:54:34,210 - coint2.engine.numba_engine - INFO -    exit_threshold: 0.06
2026-01-23 11:54:34,210 - coint2.engine.numba_engine - INFO -    Макс |z_score|: 10.8043
2026-01-23 11:54:34,210 - coint2.engine.numba_engine - INFO -    Позиций != 0: 925
2026-01-23 11:54:34,210 - coint2.engine.numba_engine - INFO -    Изменений позиций: 62
2026-01-23 11:54:34,210 - coint2.engine.numba_engine - INFO -    PnL сумма: 16.6612
2026-01-23 11:54:34,211 - coint2.engine.numba_engine - INFO -    Первые 10 z_scores: [-1.0864975  -0.5737033  -0.630315   -0.6014181  -0.8691785  -0.6349803
 -0.6466546  -0.19096749  0.18564379 -1.6247138 ]
2026-01-23 11:54:34,211 - coint2.engine.numba_engine - INFO -    Превышают порог: 1478
2026-01-23 11:54:34,221 - coint2.engine.numba_engine - INFO - Запуск Numba-оптимизированного бэктеста для DGBUSDT-JUVUSDT
2026-01-23 11:54:34,261 - INFO -   ⏱️ Параллельная обработка завершена за 0.4с (66.1 пар/с)
2026-01-23 11:54:34,276 - coint2.pipeline.walk_forward_orchestrator - INFO - 🎯 СИМУЛЯЦИЯ ПОРТФЕЛЯ: 25 пар, лимит 15 позиций
2026-01-23 11:54:35,010 - coint2.pipeline.walk_forward_orchestrator - INFO -    📈 Макс. одновременных сигналов: 18
2026-01-23 11:54:35,010 - coint2.pipeline.walk_forward_orchestrator - INFO -    📊 Средн. сигналов за период: 8.7
2026-01-23 11:54:35,010 - coint2.pipeline.walk_forward_orchestrator - INFO -    🎯 Финальных активных позиций: 9
2026-01-23 11:54:35,011 - coint2.pipeline.walk_forward_orchestrator - INFO -    ⚡ Утилизация лимита позиций: 58.2%
2026-01-23 11:54:35,012 - INFO - ⇠ WF-шаг 5/5 backtests — completed 25 items in 1.13s (22.1 items/s)
2026-01-23 11:54:35,012 - INFO -   ✅ Обработка завершена: 25 успешно, 0 с ошибками
2026-01-23 11:54:35,012 - INFO -   📊 Успешность: 100.0%, прибыльность: 68.0%, сделок/пара: 46.5
2026-01-23 11:54:35,012 - INFO -   ✅ Завершены бэктесты для 25 пар
2026-01-23 11:54:35,012 - INFO -   📊 Всего обработано пар в этом шаге: 25
2026-01-23 11:54:35,012 - INFO -   📈 Результаты шага: 17/25 прибыльных пар, 1163 сделок
2026-01-23 11:54:35,012 - INFO -   💰 P&L шага: $+114.59
2026-01-23 11:54:35,012 - INFO -   ⇢ Обновление капитала и дневного P&L...
2026-01-23 11:54:36,652 - INFO -   💼 Шаг P&L: $+114.59, Накопленный капитал: $1,201.39
2026-01-23 11:54:36,652 - INFO - ------------------------------------------------------------
2026-01-23 11:54:36,652 - INFO -   Walk-forward steps: 5 / 5 (100.0%) | 0.1 items/s | ETA: 0.0s
2026-01-23 11:54:36,653 - INFO - ⇠ Walk-forward steps — completed 5 items in 50.97s (0.1 items/s)
2026-01-23 11:54:36,653 - INFO - ================================================================================
2026-01-23 11:54:36,653 - INFO - 🏁 Walk-forward анализ завершен!
2026-01-23 11:54:36,653 - INFO - ⏱️ Обработано 5 шагов за 2.8 секунд
2026-01-23 11:54:36,653 - INFO - 📊 Всего обработано пар за весь анализ: 145
2026-01-23 11:54:36,653 - INFO - 💰 Финальный капитал: $1,201.39 (было $1,000.00)
2026-01-23 11:54:36,653 - INFO - 📈 Общая доходность: +20.14% ($+201.39)
2026-01-23 11:54:36,653 - INFO - 📊 Всего сделок: 0
2026-01-23 11:54:36,653 - INFO - ================================================================================
2026-01-23 11:54:36,653 - INFO - ✓ Завершены все 5 WF-шагов
2026-01-23 11:54:36,653 - INFO - ⇢ Обработка финальных результатов и расчет метрик...
2026-01-23 11:54:36,653 - INFO - ⇢ processing final results — start
2026-01-23 11:54:36,654 - INFO -   ⇢ Агрегация данных P&L за 14405 торговых дней
2026-01-23 11:54:36,688 - INFO -   ⇢ Расчет базовых метрик производительности...
2026-01-23 11:54:36,688 - INFO -     📊 Данные для анализа: 14405 записей P&L, 14401 точек equity
2026-01-23 11:54:36,691 - INFO -   ⇢ Расчет расширенных метрик (волатильность, Calmar ratio, и др.)...
2026-01-23 11:54:36,692 - INFO -   ✅ Расширенные метрики рассчитаны: 6 показателей
2026-01-23 11:54:36,692 - INFO -   ⇢ Анализ статистики по 145 парам...
2026-01-23 11:54:36,696 - INFO - ✅ Рассчитаны метрики производительности (26 показателей)
2026-01-23 11:54:36,696 - INFO -   💰 Общий P&L: $+201.39
2026-01-23 11:54:36,696 - INFO -   📊 Sharpe Ratio: 1.279
2026-01-23 11:54:36,696 - INFO -   📉 Максимальная просадка: -28047.14%
2026-01-23 11:54:36,696 - INFO -   🔄 Всего сделок: 6871
2026-01-23 11:54:36,696 - INFO -   📈 Торгуемых пар: 69
2026-01-23 11:54:36,696 - INFO -   💸 Общие издержки: $185.89
2026-01-23 11:54:36,696 - coint2.metrics - INFO - Metric: total_pnl
2026-01-23 11:54:36,697 - coint2.metrics - INFO - Metric: sharpe_ratio_abs
2026-01-23 11:54:36,697 - coint2.metrics - INFO - Metric: max_drawdown_pct
2026-01-23 11:54:36,697 - coint2.metrics - INFO - Metric: total_trades
2026-01-23 11:54:36,697 - coint2.metrics - INFO - Metric: total_pairs_traded
2026-01-23 11:54:36,697 - coint2.metrics - INFO - Metric: total_costs
2026-01-23 11:54:36,697 - INFO - ⇠ processing final results — done in 0.04s
2026-01-23 11:54:36,697 - INFO - ⇢ Создание отчетов и сохранение результатов...
2026-01-23 11:54:36,697 - INFO - ⇢ generating reports — start
2026-01-23 11:54:36,698 - INFO -   ⇢ Создание отчета о производительности...
2026-01-23 11:54:43,855 - INFO -   ✓ Отчет о производительности создан
2026-01-23 11:54:43,855 - INFO -   ⇢ Сохранение данных в CSV файлы...
2026-01-23 11:54:43,857 - INFO - 📋 Метрики сохранены: artifacts/wfa/runs/20260123_budget1000_oos_risk_minnot_grid/stress_relaxed8_nokpss_20260123_oos20230501_20231231_top50_z1p00_exit0p06_hold180_cd180_ms0p2_cap1000_maxnot25_risk0p75_minnot5/strategy_metrics.csv
2026-01-23 11:54:43,859 - INFO - 📈 Дневные P&L сохранены: artifacts/wfa/runs/20260123_budget1000_oos_risk_minnot_grid/stress_relaxed8_nokpss_20260123_oos20230501_20231231_top50_z1p00_exit0p06_hold180_cd180_ms0p2_cap1000_maxnot25_risk0p75_minnot5/daily_pnl.csv (151 записей)
2026-01-23 11:54:43,911 - INFO - 💹 Кривая капитала сохранена: artifacts/wfa/runs/20260123_budget1000_oos_risk_minnot_grid/stress_relaxed8_nokpss_20260123_oos20230501_20231231_top50_z1p00_exit0p06_hold180_cd180_ms0p2_cap1000_maxnot25_risk0p75_minnot5/equity_curve.csv (14401 точек)
2026-01-23 11:54:43,916 - INFO - 📋 Статистика сделок сохранена: artifacts/wfa/runs/20260123_budget1000_oos_risk_minnot_grid/stress_relaxed8_nokpss_20260123_oos20230501_20231231_top50_z1p00_exit0p06_hold180_cd180_ms0p2_cap1000_maxnot25_risk0p75_minnot5/trade_statistics.csv (145 записей)
2026-01-23 11:54:43,916 - INFO - 🎉 Walk-Forward анализ полностью завершен!
2026-01-23 11:54:43,916 - INFO - 📊 Все отчеты и данные сохранены в: artifacts/wfa/runs/20260123_budget1000_oos_risk_minnot_grid/stress_relaxed8_nokpss_20260123_oos20230501_20231231_top50_z1p00_exit0p06_hold180_cd180_ms0p2_cap1000_maxnot25_risk0p75_minnot5
2026-01-23 11:54:43,916 - INFO - 💼 Итоговый капитал: $1,201.39
2026-01-23 11:54:43,916 - INFO - ⏱️  Общее время выполнения: 10.0 секунд
2026-01-23 11:54:43,916 - INFO - ⇠ generating reports — done in 7.22s
2026-01-23 11:54:43,916 - coint2.core.memory_optimization - INFO - 🧹 Cleaning up global price data
2026-01-23 11:54:43,919 - coint2.core.memory_optimization - INFO - 📊 No global rolling stats to clean up
2026-01-23 11:54:43,920 - INFO - 🧹 Memory-mapped data cleaned up
2026-01-23 11:54:43,921 - INFO - ⇠ run_walk_forward_analysis — done in 63.53s
📊 Отчет сохранен: artifacts/wfa/runs/20260123_budget1000_oos_risk_minnot_grid/stress_relaxed8_nokpss_20260123_oos20230501_20231231_top50_z1p00_exit0p06_hold180_cd180_ms0p2_cap1000_maxnot25_risk0p75_minnot5/CointegrationStrategy_performance_report.png
🎯 ============================================================
📊 ИТОГИ ТОРГОВОЙ СТРАТЕГИИ
🎯 ============================================================

💰 ФИНАНСОВЫЕ РЕЗУЛЬТАТЫ:
   • Общий P&L:                          201
   • Максимальная просадка:             -280
   • Средний дневной P&L:                  1

📈 МЕТРИКИ РИСКА:
   • Коэффициент Шарпа:               1.2794
   • Волатильность P&L:                28.94
   • Процент прибыльных дней:         58.94%

🔄 ТОРГОВАЯ АКТИВНОСТЬ:
   • Всего торговых дней:                151
   • Всего сделок:                     6,871
   • Торгуемых пар:                       69
   • Сделок на пару:                    47.4
   • Успешность сделок:               0.85%

💸 РАСХОДЫ И ЭКСТРЕМУМЫ:
   • Общие расходы:                      186
   • Максимальная прибыль:                88
   • Максимальный убыток:               -183
   • Лучшая пара (P&L):                  111
   • Худшая пара (P&L):                 -134

📊 ОЦЕНКА СТРАТЕГИИ:
   ✅ ОТЛИЧНАЯ стратегия! Высокий Шарп и положительный результат

🎯 ============================================================

Annualized Sharpe Ratio: 1.279379627507747
[run_wfa_fullcpu] end: 2026-01-23T11:54:45Z
