[run_wfa_queue] 2026-01-19T10:09:35Z cmd: /opt/coint4/coint4/run_wfa_fullcpu.sh configs/stress_20260119_relaxed4/stress_relaxed4_20260119_pv0p08_hurst0p65_hl0p02_60_corr0p45_ssd50000_kpss0p03.yaml artifacts/wfa/runs/20260119_relaxed4_stress/stress_relaxed4_20260119_pv0p08_hurst0p65_hl0p02_60_corr0p45_ssd50000_kpss0p03
[run_wfa_fullcpu] start: 2026-01-19T10:09:35Z
[run_wfa_fullcpu] os.cpu_count: 8
[run_wfa_fullcpu] worker_pid=3365
2026-01-19 10:09:38,744 - coint2.core.memory_optimization - INFO - ✅ BLAS threading limits set to 1 via threadpoolctl
2026-01-19 10:09:38,744 - coint2.core.memory_optimization - INFO - 🔧 Controlled libraries: openblas, openmp
2026-01-19 10:09:38,745 - coint2.core.memory_optimization - INFO - 🧵 Process threads: 2 → 2
2026-01-19 10:09:38,745 - coint2.core.memory_optimization - INFO - 📝 Set 11 environment variables
2026-01-19 10:09:39,076 - INFO - ✅ Параметры конфигурации валидны
2026-01-19 10:09:39,076 - INFO - 📝 Некоторые параметры были скорректированы:
2026-01-19 10:09:39,077 - INFO - 🧭 WFA: динамический отбор пар на каждом шаге
2026-01-19 10:09:39,077 - INFO -   Шаг 1: тренировка 2023-08-02-2023-09-30, тест 2023-10-01-2023-10-31
2026-01-19 10:09:39,077 - INFO -   Шаг 2: тренировка 2023-09-01-2023-10-30, тест 2023-10-31-2023-11-30
2026-01-19 10:09:39,077 - INFO -   Шаг 3: тренировка 2023-10-01-2023-11-29, тест 2023-11-30-2023-12-30
2026-01-19 10:09:39,077 - INFO -   Шаг 4: тренировка 2023-10-31-2023-12-29, тест 2023-12-30-2024-01-29
2026-01-19 10:09:39,077 - INFO -   Шаг 5: тренировка 2023-11-30-2024-01-28, тест 2024-01-29-2024-02-28
2026-01-19 10:09:39,077 - INFO -   Шаг 6: тренировка 2023-12-30-2024-02-27, тест 2024-02-28-2024-03-29
2026-01-19 10:09:39,077 - INFO -   Шаг 7: тренировка 2024-01-29-2024-03-28, тест 2024-03-29-2024-04-28
2026-01-19 10:09:39,077 - INFO -   Шаг 8: тренировка 2024-02-28-2024-04-27, тест 2024-04-28-2024-05-28
2026-01-19 10:09:39,077 - INFO - 📈 Запланировано 8 walk-forward шагов
2026-01-19 10:09:39,077 - INFO - ⛔ Ограничение WFA шагов: 8 → 5
2026-01-19 10:09:39,077 - WARNING - ⚠️ Маленький буфер между training и testing в шаге 1: 0 дней. Рекомендуется минимум 1 день.
2026-01-19 10:09:39,077 - WARNING - ⚠️ Маленький буфер между training и testing в шаге 2: 0 дней. Рекомендуется минимум 1 день.
2026-01-19 10:09:39,077 - WARNING - ⚠️ Маленький буфер между training и testing в шаге 3: 0 дней. Рекомендуется минимум 1 день.
2026-01-19 10:09:39,077 - WARNING - ⚠️ Маленький буфер между training и testing в шаге 4: 0 дней. Рекомендуется минимум 1 день.
2026-01-19 10:09:39,077 - WARNING - ⚠️ Маленький буфер между training и testing в шаге 5: 0 дней. Рекомендуется минимум 1 день.
2026-01-19 10:09:39,077 - INFO - ✅ Шаги успешно запланированы:
2026-01-19 10:09:39,078 - INFO -    Шаг 1: тренировка 2023-08-02-2023-09-30, тест 2023-10-01-2023-10-31
2026-01-19 10:09:39,078 - INFO -    Шаг 2: тренировка 2023-09-01-2023-10-30, тест 2023-10-31-2023-11-30
2026-01-19 10:09:39,078 - INFO -    Шаг 3: тренировка 2023-10-01-2023-11-29, тест 2023-11-30-2023-12-30
2026-01-19 10:09:39,078 - INFO -    Шаг 4: тренировка 2023-10-31-2023-12-29, тест 2023-12-30-2024-01-29
2026-01-19 10:09:39,078 - INFO -    Шаг 5: тренировка 2023-11-30-2024-01-28, тест 2024-01-29-2024-02-28
2026-01-19 10:09:39,078 - INFO - 🗂️ Consolidating price data for memory-mapped access...
2026-01-19 10:09:39,078 - INFO - 📊 Consolidating data range: 2023-07-28 → 2024-03-04
2026-01-19 10:09:39,078 - coint2.core.memory_optimization - INFO - 🔄 Consolidating price data from data_downloaded to .cache/consolidated_prices.parquet
2026-01-19 10:09:39,078 - INFO - ⇢ loading raw data for consolidation — start
2026-01-19 10:09:39,667 - INFO - ⇠ loading raw data for consolidation — done in 0.59s
2026-01-19 10:09:39,667 - INFO - ⇢ pivoting data to wide format — start
2026-01-19 10:09:43,775 - INFO - ⇠ pivoting data to wide format — done in 4.11s
2026-01-19 10:09:43,832 - coint2.core.memory_optimization - INFO - 📊 Consolidated data: 21121 rows × 346 symbols
2026-01-19 10:09:43,832 - coint2.core.memory_optimization - INFO - 💾 Memory usage: 29.4 MB
2026-01-19 10:09:43,833 - INFO - ⇢ writing consolidated Parquet file — start
2026-01-19 10:09:44,049 - INFO - ⇠ writing consolidated Parquet file — done in 0.22s
2026-01-19 10:09:44,050 - coint2.core.memory_optimization - INFO - ✅ Successfully consolidated data to .cache/consolidated_prices.parquet
2026-01-19 10:09:44,075 - coint2.core.memory_optimization - INFO - 🔄 Initializing memory-mapped price data from .cache/consolidated_prices.parquet
2026-01-19 10:09:44,075 - INFO - ⇢ loading memory-mapped data — start
2026-01-19 10:09:44,075 - coint2.core.memory_optimization - WARNING - ⚠️ memory_map не поддерживается в текущей версии pyarrow, fallback без mmap
2026-01-19 10:09:44,197 - INFO - ⇠ loading memory-mapped data — done in 0.12s
2026-01-19 10:09:44,207 - coint2.core.memory_optimization - INFO - 📊 Loaded 21121 rows × 346 symbols
2026-01-19 10:09:44,207 - coint2.core.memory_optimization - INFO - 💾 Memory usage: 29.4 MB (memory-mapped)
2026-01-19 10:09:44,208 - INFO - ✅ Memory-mapped data initialized successfully
2026-01-19 10:09:44,209 - INFO - ⇢ Walk-forward steps — starting 5 items
2026-01-19 10:09:44,210 - INFO - 📈 Инициализация equity кривой с первой тестовой даты: 2023-10-01 00:00:00
2026-01-19 10:09:44,210 - INFO - 🔍 WF-шаг 1/5: Валидация временных окон...
2026-01-19 10:09:44,210 - INFO - ⇢ WF-шаг 1/5: training 2023-08-02-2023-09-30, testing 2023-10-01-2023-10-31 — start
2026-01-19 10:09:44,210 - INFO - ⇢ loading step data — start
2026-01-19 10:09:44,362 - INFO - ⇠ loading step data — done in 0.15s
2026-01-19 10:09:45,668 - INFO - 📊 WF-шаг 1/5: Границы данных:
2026-01-19 10:09:45,668 - INFO -    Training: 2023-08-02 00:00:00 → 2023-09-30 23:45:00 (5,760 строк × 282 символов)
2026-01-19 10:09:45,668 - INFO -    Testing:  2023-10-01 00:00:00 → 2023-10-31 00:00:00 (2,881 строк × 282 символов)
2026-01-19 10:09:45,668 - INFO -    Временной разрыв: 0 days 00:15:00
2026-01-19 10:09:45,708 - INFO - ⇢ normalizing training data — start
2026-01-19 10:09:45,740 - INFO -   Символы с NaN значениями: 20
2026-01-19 10:09:45,740 - INFO -   Применяем метод нормализации: rolling_zscore
2026-01-19 10:09:45,754 - INFO - Символы с недостаточной историей: 20 из 282
2026-01-19 10:09:46,121 - INFO - Символы с NaN после нормализации: 262
2026-01-19 10:09:46,128 - INFO - Удалено 1 начальных строк с NaN от rolling расчетов
2026-01-19 10:09:46,130 - INFO - Итоговое количество символов после нормализации: 262 из 282
2026-01-19 10:09:46,131 - INFO -   Статистика нормализации:
2026-01-19 10:09:46,131 - INFO -     Исходные символы: 282
2026-01-19 10:09:46,131 - INFO -     Недостаточная история: 20
2026-01-19 10:09:46,131 - INFO -     Постоянная цена: 0
2026-01-19 10:09:46,131 - INFO -     NaN после нормализации: 262
2026-01-19 10:09:46,131 - INFO -     Итоговые символы: 262 (92.9%)
2026-01-19 10:09:46,131 - INFO -   После нормализации: 262 символов (потеряно 20)
2026-01-19 10:09:46,131 - INFO -   Отброшенные символы: ADAEUR, BEAMUSDT, BTCEUR, CYBERUSDT, DOGEEUR, ETHEUR, FETUSDT, JEFFUSDT, KASUSDT, KAVAUSDT, LTCEUR, ORDIUSDT, POLUSDT, PPTUSDT, PYUSDUSDT, SEIUSDT, SOLEUR, USDCEUR, XRPEUR, ZTXUSDT
2026-01-19 10:09:46,131 - INFO - ⇠ normalizing training data — done in 0.42s
2026-01-19 10:09:46,131 - INFO - ⇢ SSD computation — start
2026-01-19 10:09:46,131 - INFO -   Расчет SSD для всех пар (без ограничения)
2026-01-19 10:09:48,395 - INFO -   SSD результат (все пары): 34191 пар
2026-01-19 10:09:48,395 - INFO - ⇠ SSD computation — done in 2.26s
2026-01-19 10:09:48,404 - INFO - ⇢ filtering pairs by cointegration and half-life — start
2026-01-19 10:09:48,404 - INFO - [ФИЛЬТР] Параллельная фильтрация: processes (8 workers)
⚙️  Загрузка данных за период: 2023-07-28 -> 2024-03-04
📂 Найдено 43 parquet файлов для обработки.
📊 Схема данных: Schema({'timestamp': Int64, 'open': Float64, 'high': Float64, 'low': Float64, 'close': Float64, 'volume': Float64, 'turnover': String, 'ts_ms': Int64, 'symbol': String})
✅ Загружено 6226682 записей с помощью Polars.
📊 Типы данных в pandas: timestamp       datetime64[us]
symbol                  object
close                  float64
timestamp_ms             int64
dtype: object
⚙️  Загрузка данных за период: 2023-08-02 -> 2023-10-31
📂 Найдено 43 parquet файлов для обработки.
📊 Схема данных: Schema({'timestamp': Int64, 'open': Float64, 'high': Float64, 'low': Float64, 'close': Float64, 'volume': Float64, 'turnover': String, 'ts_ms': Int64, 'symbol': String})
✅ Загружено 2351056 записей с помощью Polars.
📊 Типы данных в pandas: timestamp       datetime64[us]
symbol                  object
close                  float64
timestamp_ms             int64
dtype: object
2026-01-19 10:11:58,789 - INFO - [ФИЛЬТР] После проверки данных: 34191 пар
2026-01-19 10:11:58,789 - INFO - [ФИЛЬТР] После фильтра корреляции (>0.45): 24243 пар
2026-01-19 10:11:58,789 - INFO - [ФИЛЬТР] После фильтра beta: 16020 пар
2026-01-19 10:11:58,789 - INFO - [ФИЛЬТР] После фильтра mean crossings: 16020 пар
2026-01-19 10:11:58,789 - INFO - [ФИЛЬТР] После фильтра half-life: 15921 пар
2026-01-19 10:11:58,789 - INFO - [ФИЛЬТР] После фильтра коинтеграции: 6593 пар
2026-01-19 10:11:58,789 - INFO - [ФИЛЬТР] После фильтра Hurst: 4567 пар
2026-01-19 10:11:58,790 - INFO - [ФИЛЬТР] После фильтра KPSS: 247 пар
2026-01-19 10:11:58,790 - INFO - [ФИЛЬТР] После фильтра market microstructure: 247 пар
2026-01-19 10:11:58,790 - INFO - [ФИЛЬТР] Статистика фильтрации (оптимизированный порядок):
2026-01-19 10:11:58,790 - INFO -   1. SSD → Коинтеграция: 34191 → 6593 пар
2026-01-19 10:11:58,790 - INFO -   2. Коинтеграция → Beta: 6593 → 16020 пар
2026-01-19 10:11:58,790 - INFO -   3. Beta → Half-life: 16020 → 15921 пар
2026-01-19 10:11:58,790 - INFO -   4. Half-life → Mean crossings: 15921 → 16020 пар
2026-01-19 10:11:58,790 - INFO -   5. Mean crossings → Hurst: 16020 → 4567 пар
2026-01-19 10:11:58,790 - INFO -   6. Hurst → KPSS: 4567 → 247 пар
2026-01-19 10:11:58,790 - INFO -   7. KPSS → Market microstructure: 247 → 247 пар
2026-01-19 10:11:58,790 - INFO - [ФИЛЬТР] Причины отсева:
2026-01-19 10:11:58,790 - INFO -   • low_correlation: 9948 пар (29.1%)
2026-01-19 10:11:58,790 - INFO -   • pvalue: 9328 пар (27.3%)
2026-01-19 10:11:58,790 - INFO -   • beta: 8223 пар (24.1%)
2026-01-19 10:11:58,790 - INFO -   • kpss: 4320 пар (12.6%)
2026-01-19 10:11:58,790 - INFO -   • hurst: 2026 пар (5.9%)
2026-01-19 10:11:58,790 - INFO -   • half_life: 99 пар (0.3%)
2026-01-19 10:11:58,790 - INFO - [ФИЛЬТР] Итого: 34191 → 247 пар (0.7% прошли все фильтры)
2026-01-19 10:11:58,907 - INFO - Причины отсева сохранены в results/filter_reasons_20260119_101158.csv
2026-01-19 10:11:58,912 - INFO -   Pair stability filter: insufficient history (0 < 1), skip
2026-01-19 10:11:58,912 - INFO -   Фильтрация: 34191 → 247 пар
2026-01-19 10:11:58,913 - INFO - ⇠ filtering pairs by cointegration and half-life — done in 130.51s
2026-01-19 10:11:58,913 - INFO - ⇠ WF-шаг 1/5: training 2023-08-02-2023-09-30, testing 2023-10-01-2023-10-31 — done in 134.70s
2026-01-19 10:11:58,913 - INFO -   Топ-3 пары по волатильности спреда:
2026-01-19 10:11:58,913 - INFO -     1. COMPUSDT-GMXUSDT: beta=1.0239, std=2.0031
2026-01-19 10:11:58,913 - INFO -     2. COMPUSDT-LTCUSDC: beta=0.8118, std=1.8132
2026-01-19 10:11:58,913 - INFO -     3. COMPUSDT-LTCUSDT: beta=0.8093, std=1.8119
2026-01-19 10:11:58,913 - INFO -   Всего пар для торговли: 247 (ограничение 15 применяется к одновременно открытым позициям)
2026-01-19 10:11:58,917 - INFO -   💰 Проверка расчета капитала: equity=$10,000.00, кандидатных_пар=247, max_позиций=15
2026-01-19 10:11:58,917 - INFO -   🎯 Target concurrency: 15 (ожидаемое одновременное число позиций)
2026-01-19 10:11:58,918 - INFO -   📊 Детали расчета капитала:
2026-01-19 10:11:58,918 - INFO -      • Базовый капитал на пару: $666.67 (equity / target_concurrency)
2026-01-19 10:11:58,918 - INFO -      • Риск-капитал: $150.00 (1.5% от equity)
2026-01-19 10:11:58,918 - INFO -      • Макс. размер позиции: $200.00 (2.0% от equity)
2026-01-19 10:11:58,918 - INFO -      • Итоговый капитал на пару: $150.00
2026-01-19 10:11:58,918 - INFO - ⇢ WF-шаг 1/5 backtests — starting 247 items
2026-01-19 10:11:58,918 - INFO - 🚀 WF-шаг 1/5: Начинаем бэктесты для 247 пар...
2026-01-19 10:11:58,918 - INFO - 🚀 WF-шаг 1/5: Запускаем параллельную обработку 247 пар на 8 ядрах...
2026-01-19 10:11:58,918 - INFO -   📊 Большой набор пар (247), ожидаемое время: ~9 мин
2026-01-19 10:11:58,918 - INFO -   🔄 Прогресс будет отображаться каждые 24 пар
2026-01-19 10:11:58,918 - INFO - 🚀 WF-шаг 1/5: Режим параллельности: процессы
2026-01-19 10:11:59,027 - coint2.engine.numba_engine - INFO - Запуск Numba-оптимизированного бэктеста для COMPUSDT-GMXUSDT
2026-01-19 10:11:59,072 - coint2.engine.numba_engine - INFO - Запуск Numba-оптимизированного бэктеста для COMPUSDT-LTCUSDC
2026-01-19 10:11:59,110 - coint2.engine.numba_engine - INFO - Запуск Numba-оптимизированного бэктеста для COMPUSDT-LTCUSDT
2026-01-19 10:11:59,144 - coint2.engine.numba_engine - INFO - Запуск Numba-оптимизированного бэктеста для RPLUSDT-SDUSDT
2026-01-19 10:11:59,182 - coint2.engine.numba_engine - INFO - Запуск Numba-оптимизированного бэктеста для TIMEUSDT-ZENUSDT
2026-01-19 10:11:59,196 - coint2.engine.numba_engine - INFO - Запуск Numba-оптимизированного бэктеста для TIMEUSDT-XRPUSDT
2026-01-19 10:11:59,227 - coint2.engine.numba_engine - INFO - Запуск Numba-оптимизированного бэктеста для TIMEUSDT-WAVESUSDT
2026-01-19 10:11:59,238 - coint2.engine.numba_engine - INFO - Запуск Numba-оптимизированного бэктеста для ETHUSDC-ETHUSDT
2026-01-19 10:11:59,243 - coint2.engine.numba_engine - INFO - Запуск Numba-оптимизированного бэктеста для APTUSDC-ARBUSDT
2026-01-19 10:11:59,267 - coint2.engine.numba_engine - INFO - Запуск Numba-оптимизированного бэктеста для TIMEUSDT-UMAUSDT
2026-01-19 10:11:59,282 - coint2.engine.numba_engine - INFO - Запуск Numba-оптимизированного бэктеста для KSMUSDT-STETHUSDT
2026-01-19 10:11:59,287 - coint2.engine.numba_engine - INFO - Запуск Numba-оптимизированного бэктеста для ARUSDT-XRPUSDT
2026-01-19 10:11:59,291 - coint2.engine.numba_engine - INFO - Запуск Numba-оптимизированного бэктеста для DOTUSDC-SDUSDT
2026-01-19 10:11:59,310 - coint2.engine.numba_engine - INFO - Запуск Numba-оптимизированного бэктеста для TIMEUSDT-XRPUSDC
2026-01-19 10:11:59,313 - coint2.engine.numba_engine - INFO - Запуск Numba-оптимизированного бэктеста для ETCUSDT-XRPUSDT
2026-01-19 10:11:59,328 - coint2.engine.numba_engine - INFO - Запуск Numba-оптимизированного бэктеста для ARUSDT-MASKUSDT
2026-01-19 10:11:59,336 - coint2.engine.numba_engine - INFO - Запуск Numba-оптимизированного бэктеста для AXSUSDT-GMTUSDT
2026-01-19 10:11:59,340 - coint2.engine.numba_engine - INFO - Запуск Numba-оптимизированного бэктеста для INTERUSDT-LUNAUSDT
2026-01-19 10:11:59,357 - coint2.engine.numba_engine - INFO - Запуск Numba-оптимизированного бэктеста для ETCUSDT-XRPUSDC
2026-01-19 10:11:59,362 - coint2.engine.numba_engine - INFO - Запуск Numba-оптимизированного бэктеста для ARUSDT-MANAUSDT
2026-01-19 10:11:59,380 - coint2.engine.numba_engine - INFO - Запуск Numba-оптимизированного бэктеста для AXSUSDT-GMTUSDC
2026-01-19 10:11:59,385 - coint2.engine.numba_engine - INFO - Запуск Numba-оптимизированного бэктеста для SNXUSDT-SOLOUSDT
2026-01-19 10:11:59,389 - coint2.engine.numba_engine - INFO - Запуск Numba-оптимизированного бэктеста для INTERUSDT-SOLOUSDT
2026-01-19 10:11:59,394 - coint2.engine.numba_engine - INFO - Запуск Numba-оптимизированного бэктеста для APTUSDT-ARBUSDC
2026-01-19 10:11:59,404 - coint2.engine.numba_engine - INFO - Запуск Numba-оптимизированного бэктеста для HNTUSDT-MDAOUSDT
2026-01-19 10:11:59,408 - coint2.engine.numba_engine - INFO - Запуск Numba-оптимизированного бэктеста для ARUSDT-MANAUSDC
2026-01-19 10:11:59,428 - coint2.engine.numba_engine - INFO - Запуск Numba-оптимизированного бэктеста для INTERUSDT-XRPUSDC
2026-01-19 10:11:59,435 - coint2.engine.numba_engine - INFO - Запуск Numba-оптимизированного бэктеста для INTERUSDT-WAXPUSDT
2026-01-19 10:11:59,435 - coint2.engine.numba_engine - INFO - Запуск Numba-оптимизированного бэктеста для APTUSDC-ARBUSDC
2026-01-19 10:11:59,441 - coint2.engine.numba_engine - INFO - Запуск Numba-оптимизированного бэктеста для APEUSDC-PSTAKEUSDT
2026-01-19 10:11:59,442 - coint2.engine.numba_engine - INFO - Запуск Numba-оптимизированного бэктеста для AXSUSDT-UNIUSDT
2026-01-19 10:11:59,453 - coint2.engine.numba_engine - INFO - Запуск Numba-оптимизированного бэктеста для INTERUSDT-XRPUSDT
2026-01-19 10:11:59,458 - coint2.engine.numba_engine - INFO - Запуск Numba-оптимизированного бэктеста для INTERUSDT-KSMUSDT
2026-01-19 10:11:59,472 - coint2.engine.numba_engine - INFO - Запуск Numba-оптимизированного бэктеста для INTERUSDT-QTUMUSDT
2026-01-19 10:11:59,476 - coint2.engine.numba_engine - INFO - Запуск Numba-оптимизированного бэктеста для APTUSDT-ARBUSDT
2026-01-19 10:11:59,479 - coint2.engine.numba_engine - INFO - Запуск Numba-оптимизированного бэктеста для MASKUSDT-XRPUSDC
2026-01-19 10:11:59,484 - coint2.engine.numba_engine - INFO - Запуск Numba-оптимизированного бэктеста для ARUSDT-FILUSDT
2026-01-19 10:11:59,486 - coint2.engine.numba_engine - INFO - Запуск Numba-оптимизированного бэктеста для AXSUSDT-SANDUSDT
2026-01-19 10:11:59,485 - coint2.engine.numba_engine - INFO - Запуск Numba-оптимизированного бэктеста для HNTUSDT-SDUSDT
2026-01-19 10:11:59,497 - coint2.engine.numba_engine - INFO - Запуск Numba-оптимизированного бэктеста для INTERUSDT-ZILUSDT
2026-01-19 10:11:59,514 - coint2.engine.numba_engine - INFO - Запуск Numba-оптимизированного бэктеста для INTERUSDT-ZENUSDT
2026-01-19 10:11:59,525 - coint2.engine.numba_engine - INFO - Запуск Numba-оптимизированного бэктеста для DOTUSDT-SDUSDT
2026-01-19 10:11:59,528 - coint2.engine.numba_engine - INFO - Запуск Numba-оптимизированного бэктеста для MASKUSDT-XRPUSDT
2026-01-19 10:11:59,529 - coint2.engine.numba_engine - INFO - Запуск Numba-оптимизированного бэктеста для INTERUSDT-UMAUSDT
2026-01-19 10:11:59,530 - coint2.engine.numba_engine - INFO - Запуск Numba-оптимизированного бэктеста для AXSUSDT-SANDUSDC
2026-01-19 10:11:59,531 - coint2.engine.numba_engine - INFO - Запуск Numba-оптимизированного бэктеста для AFCUSDT-ICPUSDC
2026-01-19 10:11:59,533 - coint2.engine.numba_engine - INFO - Запуск Numba-оптимизированного бэктеста для INTERUSDT-STXUSDT
2026-01-19 10:11:59,549 - coint2.engine.numba_engine - INFO - Запуск Numba-оптимизированного бэктеста для PSGUSDT-SDUSDT
2026-01-19 10:11:59,568 - coint2.engine.numba_engine - INFO - Запуск Numba-оптимизированного бэктеста для HNTUSDT-VPADUSDT
2026-01-19 10:11:59,572 - coint2.engine.numba_engine - INFO - Запуск Numba-оптимизированного бэктеста для AFCUSDT-ICPUSDT
2026-01-19 10:11:59,572 - coint2.engine.numba_engine - INFO - Запуск Numba-оптимизированного бэктеста для INTERUSDT-THETAUSDT
2026-01-19 10:11:59,573 - coint2.engine.numba_engine - INFO - Запуск Numba-оптимизированного бэктеста для INTERUSDT-ROSEUSDT
2026-01-19 10:11:59,579 - coint2.engine.numba_engine - INFO - Запуск Numba-оптимизированного бэктеста для AFCUSDT-VPADUSDT
2026-01-19 10:11:59,580 - coint2.engine.numba_engine - INFO - Запуск Numba-оптимизированного бэктеста для INTERUSDT-LTCUSDC
2026-01-19 10:11:59,589 - coint2.engine.numba_engine - INFO - Запуск Numba-оптимизированного бэктеста для INTERUSDT-XEMUSDT
2026-01-19 10:11:59,596 - coint2.engine.numba_engine - INFO - Запуск Numba-оптимизированного бэктеста для INTERUSDT-WAVESUSDT
2026-01-19 10:11:59,616 - coint2.engine.numba_engine - INFO - Запуск Numba-оптимизированного бэктеста для INTERUSDT-MANAUSDT
2026-01-19 10:11:59,617 - coint2.engine.numba_engine - INFO - Запуск Numba-оптимизированного бэктеста для INTERUSDT-SNXUSDT
2026-01-19 10:11:59,622 - coint2.engine.numba_engine - INFO - Запуск Numba-оптимизированного бэктеста для ETHWUSDT-XTZUSDT
2026-01-19 10:11:59,624 - coint2.engine.numba_engine - INFO - Запуск Numba-оптимизированного бэктеста для INTERUSDT-LTCUSDT
2026-01-19 10:11:59,625 - coint2.engine.numba_engine - INFO - Запуск Numba-оптимизированного бэктеста для INTERUSDT-MANAUSDC
2026-01-19 10:11:59,630 - coint2.engine.numba_engine - INFO - Запуск Numba-оптимизированного бэктеста для AFCUSDT-AVAXUSDC
2026-01-19 10:11:59,631 - coint2.engine.numba_engine - INFO - Запуск Numba-оптимизированного бэктеста для CITYUSDT-DOTUSDC
2026-01-19 10:11:59,641 - coint2.engine.numba_engine - INFO - Запуск Numba-оптимизированного бэктеста для AFCUSDT-AVAXUSDT
2026-01-19 10:11:59,663 - coint2.engine.numba_engine - INFO - Запуск Numba-оптимизированного бэктеста для APEUSDT-PSTAKEUSDT
2026-01-19 10:11:59,665 - coint2.engine.numba_engine - INFO - Запуск Numba-оптимизированного бэктеста для INTERUSDT-USTCUSDT
2026-01-19 10:11:59,666 - coint2.engine.numba_engine - INFO - Запуск Numba-оптимизированного бэктеста для DYDXUSDT-QNTUSDT
2026-01-19 10:11:59,669 - coint2.engine.numba_engine - INFO - Запуск Numba-оптимизированного бэктеста для SUSHIUSDT-USTCUSDT
2026-01-19 10:11:59,671 - coint2.engine.numba_engine - INFO - Запуск Numba-оптимизированного бэктеста для PSGUSDT-VPADUSDT
2026-01-19 10:11:59,677 - coint2.engine.numba_engine - INFO - Запуск Numba-оптимизированного бэктеста для BELUSDT-FTTUSDT
2026-01-19 10:11:59,678 - coint2.engine.numba_engine - INFO - Запуск Numba-оптимизированного бэктеста для CITYUSDT-DOTUSDT
2026-01-19 10:11:59,690 - coint2.engine.numba_engine - INFO - Запуск Numba-оптимизированного бэктеста для QTUMUSDT-STXUSDT
2026-01-19 10:11:59,710 - coint2.engine.numba_engine - INFO - Запуск Numba-оптимизированного бэктеста для AFCUSDT-DOTUSDC
2026-01-19 10:11:59,711 - coint2.engine.numba_engine - INFO - Запуск Numba-оптимизированного бэктеста для INTERUSDT-MASKUSDT
2026-01-19 10:11:59,712 - coint2.engine.numba_engine - INFO - Запуск Numba-оптимизированного бэктеста для OPUSDC-VPADUSDT
2026-01-19 10:11:59,716 - coint2.engine.numba_engine - INFO - Запуск Numba-оптимизированного бэктеста для ARKMUSDT-IZIUSDT
2026-01-19 10:11:59,720 - coint2.engine.numba_engine - INFO - Запуск Numba-оптимизированного бэктеста для AFCUSDT-DOTUSDT
2026-01-19 10:11:59,721 - coint2.engine.numba_engine - INFO - Запуск Numba-оптимизированного бэктеста для ARKMUSDT-SOLUSDT
2026-01-19 10:11:59,722 - coint2.engine.numba_engine - INFO - Запуск Numba-оптимизированного бэктеста для ETHWUSDT-GMTUSDC
2026-01-19 10:11:59,738 - coint2.engine.numba_engine - INFO - Запуск Numba-оптимизированного бэктеста для ETHWUSDT-GMTUSDT
2026-01-19 10:11:59,755 - coint2.engine.numba_engine - INFO - Запуск Numba-оптимизированного бэктеста для OPUSDT-VPADUSDT
2026-01-19 10:11:59,759 - coint2.engine.numba_engine - INFO - Запуск Numba-оптимизированного бэктеста для CITYUSDT-JUVUSDT
2026-01-19 10:11:59,761 - coint2.engine.numba_engine - INFO - Запуск Numba-оптимизированного бэктеста для AFCUSDT-MDAOUSDT
2026-01-19 10:11:59,763 - coint2.engine.numba_engine - INFO - Запуск Numba-оптимизированного бэктеста для SDUSDT-VPADUSDT
2026-01-19 10:11:59,771 - coint2.engine.numba_engine - INFO - Запуск Numba-оптимизированного бэктеста для ARKMUSDT-SOLUSDC
2026-01-19 10:11:59,766 - coint2.engine.numba_engine - INFO - Запуск Numba-оптимизированного бэктеста для ARKMUSDT-OMGUSDT
2026-01-19 10:11:59,775 - coint2.engine.numba_engine - INFO - Запуск Numba-оптимизированного бэктеста для NEARUSDT-RPLUSDT
2026-01-19 10:11:59,786 - coint2.engine.numba_engine - INFO - Запуск Numba-оптимизированного бэктеста для ARKMUSDT-CITYUSDT
2026-01-19 10:11:59,801 - WARNING - ❌ Ошибка обработки пары ARKMUSDT-CITYUSDT: division by zero
2026-01-19 10:11:59,804 - coint2.engine.numba_engine - INFO - Запуск Numba-оптимизированного бэктеста для UMAUSDT-XRPUSDC
2026-01-19 10:11:59,805 - coint2.engine.numba_engine - INFO - Запуск Numba-оптимизированного бэктеста для AFCUSDT-CITYUSDT
2026-01-19 10:11:59,806 - coint2.engine.numba_engine - INFO - Запуск Numba-оптимизированного бэктеста для HFTUSDC-RPLUSDT
2026-01-19 10:11:59,814 - coint2.engine.numba_engine - INFO - Запуск Numba-оптимизированного бэктеста для ETHWUSDT-SANDUSDC
2026-01-19 10:11:59,818 - coint2.engine.numba_engine - INFO - Запуск Numba-оптимизированного бэктеста для ARKMUSDT-SFUNDUSDT
2026-01-19 10:11:59,819 - coint2.engine.numba_engine - INFO - Запуск Numba-оптимизированного бэктеста для BICOUSDT-IMXUSDT
2026-01-19 10:11:59,820 - WARNING - ❌ Ошибка обработки пары AFCUSDT-CITYUSDT: division by zero
2026-01-19 10:11:59,828 - coint2.engine.numba_engine - INFO - Запуск Numba-оптимизированного бэктеста для ETHWUSDT-SANDUSDT
2026-01-19 10:11:59,828 - coint2.engine.numba_engine - INFO - Запуск Numba-оптимизированного бэктеста для SUSHIUSDT-UMAUSDT
2026-01-19 10:11:59,846 - coint2.engine.numba_engine - INFO - Запуск Numba-оптимизированного бэктеста для UMAUSDT-XRPUSDT
2026-01-19 10:11:59,854 - coint2.engine.numba_engine - INFO - Запуск Numba-оптимизированного бэктеста для CRVUSDT-PIPUSDT
2026-01-19 10:11:59,858 - coint2.engine.numba_engine - INFO - Запуск Numba-оптимизированного бэктеста для BICOUSDT-WAXPUSDT
2026-01-19 10:11:59,864 - coint2.engine.numba_engine - INFO - Запуск Numba-оптимизированного бэктеста для HFTUSDT-VPADUSDT
2026-01-19 10:11:59,864 - coint2.engine.numba_engine - INFO - Запуск Numba-оптимизированного бэктеста для HFTUSDT-RPLUSDT
2026-01-19 10:11:59,867 - coint2.engine.numba_engine - INFO - Запуск Numba-оптимизированного бэктеста для ARKMUSDT-OPUSDT
2026-01-19 10:11:59,872 - coint2.engine.numba_engine - INFO - Запуск Numba-оптимизированного бэктеста для HFTUSDT-SFUNDUSDT
2026-01-19 10:11:59,885 - coint2.engine.numba_engine - INFO - Запуск Numba-оптимизированного бэктеста для ARKMUSDT-OPUSDC
2026-01-19 10:11:59,886 - coint2.engine.numba_engine - INFO - Запуск Numba-оптимизированного бэктеста для ARKMUSDT-NEXOUSDT
2026-01-19 10:11:59,892 - coint2.engine.numba_engine - INFO - Запуск Numba-оптимизированного бэктеста для CAKEUSDT-VPADUSDT
2026-01-19 10:11:59,902 - coint2.engine.numba_engine - INFO - Запуск Numba-оптимизированного бэктеста для SFUNDUSDT-VPADUSDT
2026-01-19 10:11:59,902 - coint2.engine.numba_engine - INFO - Запуск Numba-оптимизированного бэктеста для OMGUSDT-RDNTUSDT
2026-01-19 10:11:59,908 - coint2.engine.numba_engine - INFO - Запуск Numba-оптимизированного бэктеста для STXUSDT-THETAUSDT
2026-01-19 10:11:59,909 - coint2.engine.numba_engine - INFO - Запуск Numba-оптимизированного бэктеста для THETAUSDT-XRPUSDC
2026-01-19 10:11:59,910 - coint2.engine.numba_engine - INFO - Запуск Numba-оптимизированного бэктеста для BICOUSDT-ROSEUSDT
2026-01-19 10:11:59,916 - coint2.engine.numba_engine - INFO - Запуск Numba-оптимизированного бэктеста для NEARUSDT-XTZUSDT
2026-01-19 10:11:59,921 - coint2.engine.numba_engine - INFO - Запуск Numba-оптимизированного бэктеста для HFTUSDT-JUVUSDT
2026-01-19 10:11:59,924 - coint2.engine.numba_engine - INFO - Запуск Numba-оптимизированного бэктеста для HFTUSDC-SFUNDUSDT
2026-01-19 10:11:59,931 - coint2.engine.numba_engine - INFO - Запуск Numba-оптимизированного бэктеста для HFTUSDC-PSGUSDT
2026-01-19 10:11:59,940 - coint2.engine.numba_engine - INFO - Запуск Numba-оптимизированного бэктеста для ARKMUSDT-PSGUSDT
2026-01-19 10:11:59,943 - coint2.engine.numba_engine - INFO - Запуск Numba-оптимизированного бэктеста для HFTUSDT-PSGUSDT
2026-01-19 10:11:59,947 - coint2.engine.numba_engine - INFO - Запуск Numba-оптимизированного бэктеста для HFTUSDC-JUVUSDT
2026-01-19 10:11:59,952 - coint2.engine.numba_engine - INFO - Запуск Numba-оптимизированного бэктеста для 1INCHUSDT-SCUSDT
2026-01-19 10:11:59,953 - coint2.engine.numba_engine - INFO - Запуск Numba-оптимизированного бэктеста для BICOUSDT-USTCUSDT
2026-01-19 10:11:59,955 - coint2.engine.numba_engine - INFO - Запуск Numba-оптимизированного бэктеста для CELOUSDT-ZRXUSDT
2026-01-19 10:11:59,959 - coint2.engine.numba_engine - INFO - Запуск Numba-оптимизированного бэктеста для BICOUSDT-ZILUSDT
2026-01-19 10:11:59,969 - coint2.engine.numba_engine - INFO - Запуск Numba-оптимизированного бэктеста для HFTUSDT-SUIUSDT
2026-01-19 10:11:59,969 - coint2.engine.numba_engine - INFO - Запуск Numba-оптимизированного бэктеста для THETAUSDT-XRPUSDT
2026-01-19 10:11:59,969 - coint2.engine.numba_engine - INFO - Запуск Numba-оптимизированного бэктеста для HFTUSDT-SUIUSDC
2026-01-19 10:11:59,976 - coint2.engine.numba_engine - INFO - Запуск Numba-оптимизированного бэктеста для HFTUSDC-SUIUSDT
2026-01-19 10:11:59,988 - coint2.engine.numba_engine - INFO - Запуск Numba-оптимизированного бэктеста для CELOUSDT-SCUSDT
2026-01-19 10:11:59,988 - coint2.engine.numba_engine - INFO - Запуск Numba-оптимизированного бэктеста для RSS3USDT-SFUNDUSDT
2026-01-19 10:11:59,992 - coint2.engine.numba_engine - INFO - Запуск Numba-оптимизированного бэктеста для NEXOUSDT-PSGUSDT
2026-01-19 10:11:59,996 - coint2.engine.numba_engine - INFO - Запуск Numba-оптимизированного бэктеста для HFTUSDC-SUIUSDC
2026-01-19 10:12:00,002 - coint2.engine.numba_engine - INFO - Запуск Numba-оптимизированного бэктеста для HFTUSDC-MOVRUSDT
2026-01-19 10:12:00,002 - coint2.engine.numba_engine - INFO - Запуск Numba-оптимизированного бэктеста для CTCUSDT-DOTUSDC
2026-01-19 10:12:00,003 - coint2.engine.numba_engine - INFO - Запуск Numba-оптимизированного бэктеста для CTCUSDT-ICPUSDC
2026-01-19 10:12:00,013 - coint2.engine.numba_engine - INFO - Запуск Numba-оптимизированного бэктеста для RSS3USDT-SOLUSDC
2026-01-19 10:12:00,015 - coint2.engine.numba_engine - INFO - Запуск Numba-оптимизированного бэктеста для HFTUSDT-MOVRUSDT
2026-01-19 10:12:00,020 - coint2.engine.numba_engine - INFO - Запуск Numba-оптимизированного бэктеста для CTCUSDT-SDUSDT
2026-01-19 10:12:00,026 - coint2.engine.numba_engine - INFO - Запуск Numba-оптимизированного бэктеста для ENJUSDT-XTZUSDT
2026-01-19 10:12:00,029 - coint2.engine.numba_engine - INFO - Запуск Numba-оптимизированного бэктеста для FLOWUSDT-MASKUSDT
2026-01-19 10:12:00,038 - coint2.engine.numba_engine - INFO - Запуск Numba-оптимизированного бэктеста для OMGUSDT-UNIUSDT
2026-01-19 10:12:00,039 - coint2.engine.numba_engine - INFO - Запуск Numba-оптимизированного бэктеста для RSS3USDT-RVNUSDT
2026-01-19 10:12:00,040 - coint2.engine.numba_engine - INFO - Запуск Numba-оптимизированного бэктеста для CTCUSDT-VPADUSDT
2026-01-19 10:12:00,042 - coint2.engine.numba_engine - INFO - Запуск Numba-оптимизированного бэктеста для RSS3USDT-TWTUSDT
2026-01-19 10:12:00,052 - coint2.engine.numba_engine - INFO - Запуск Numba-оптимизированного бэктеста для RDNTUSDT-UNIUSDT
2026-01-19 10:12:00,063 - coint2.engine.numba_engine - INFO - Запуск Numba-оптимизированного бэктеста для C98USDT-SSVUSDT
2026-01-19 10:12:00,067 - coint2.engine.numba_engine - INFO - Запуск Numba-оптимизированного бэктеста для FORTUSDT-HNTUSDT
2026-01-19 10:12:00,070 - coint2.engine.numba_engine - INFO - Запуск Numba-оптимизированного бэктеста для GODSUSDT-HBARUSDT
2026-01-19 10:12:00,072 - coint2.engine.numba_engine - INFO - Запуск Numba-оптимизированного бэктеста для RSS3USDT-SCRTUSDT
2026-01-19 10:12:00,072 - coint2.engine.numba_engine - INFO - Запуск Numba-оптимизированного бэктеста для RSS3USDT-SOLUSDT
2026-01-19 10:12:00,079 - coint2.engine.numba_engine - INFO - Запуск Numba-оптимизированного бэктеста для MANAUSDC-XRPUSDT
2026-01-19 10:12:00,083 - coint2.engine.numba_engine - INFO - Запуск Numba-оптимизированного бэктеста для RSS3USDT-SDUSDT
2026-01-19 10:12:00,088 - coint2.engine.numba_engine - INFO - Запуск Numba-оптимизированного бэктеста для BICOUSDT-ICXUSDT
2026-01-19 10:12:00,094 - coint2.engine.numba_engine - INFO - Запуск Numba-оптимизированного бэктеста для FORTUSDT-SDUSDT
2026-01-19 10:12:00,096 - coint2.engine.numba_engine - INFO - Запуск Numba-оптимизированного бэктеста для MANAUSDC-XRPUSDC
2026-01-19 10:12:00,099 - coint2.engine.numba_engine - INFO - Запуск Numba-оптимизированного бэктеста для BATUSDT-COMPUSDT
2026-01-19 10:12:00,104 - coint2.engine.numba_engine - INFO - Запуск Numba-оптимизированного бэктеста для WOOUSDT-XRPUSDC
2026-01-19 10:12:00,104 - coint2.engine.numba_engine - INFO - Запуск Numba-оптимизированного бэктеста для C98USDT-HOOKUSDT
2026-01-19 10:12:00,108 - coint2.engine.numba_engine - INFO - Запуск Numba-оптимизированного бэктеста для RSS3USDT-UNIUSDT
2026-01-19 10:12:00,117 - coint2.engine.numba_engine - INFO - Запуск Numba-оптимизированного бэктеста для RSS3USDT-XAVAUSDT
2026-01-19 10:12:00,119 - coint2.engine.numba_engine - INFO - Запуск Numba-оптимизированного бэктеста для FORTUSDT-PSGUSDT
2026-01-19 10:12:00,120 - coint2.engine.numba_engine - INFO - Запуск Numba-оптимизированного бэктеста для BATUSDT-FIDAUSDT
2026-01-19 10:12:00,124 - coint2.engine.numba_engine - INFO - Запуск Numba-оптимизированного бэктеста для ADAUSDC-PSGUSDT
2026-01-19 10:12:00,127 - coint2.engine.numba_engine - INFO - Запуск Numba-оптимизированного бэктеста для ADAUSDC-GSTUSDT
2026-01-19 10:12:00,128 - coint2.engine.numba_engine - INFO - Запуск Numba-оптимизированного бэктеста для SANDUSDT-UNIUSDT
2026-01-19 10:12:00,131 - coint2.engine.numba_engine - INFO - Запуск Numba-оптимизированного бэктеста для WOOUSDT-XTZUSDT
2026-01-19 10:12:00,133 - WARNING - ❌ Ошибка обработки пары RSS3USDT-XAVAUSDT: division by zero
2026-01-19 10:12:00,138 - coint2.engine.numba_engine - INFO - Запуск Numba-оптимизированного бэктеста для BICOUSDT-CRVUSDT
2026-01-19 10:12:00,143 - coint2.engine.numba_engine - INFO - Запуск Numba-оптимизированного бэктеста для ALGOUSDT-WAXPUSDT
2026-01-19 10:12:00,143 - coint2.engine.numba_engine - INFO - Запуск Numba-оптимизированного бэктеста для FORTUSDT-VPADUSDT
2026-01-19 10:12:00,147 - coint2.engine.numba_engine - INFO - Запуск Numba-оптимизированного бэктеста для BATUSDT-LTCUSDC
2026-01-19 10:12:00,152 - coint2.engine.numba_engine - INFO - Запуск Numba-оптимизированного бэктеста для FORTUSDT-ICPUSDC
2026-01-19 10:12:00,154 - coint2.engine.numba_engine - INFO - Запуск Numba-оптимизированного бэктеста для MANAUSDT-XRPUSDT
2026-01-19 10:12:00,155 - coint2.engine.numba_engine - INFO - Запуск Numba-оптимизированного бэктеста для BATUSDT-THETAUSDT
2026-01-19 10:12:00,157 - coint2.engine.numba_engine - INFO - Запуск Numba-оптимизированного бэктеста для ADAUSDT-PSGUSDT
2026-01-19 10:12:00,168 - coint2.engine.numba_engine - INFO - Запуск Numba-оптимизированного бэктеста для MVUSDT-OPUSDC
2026-01-19 10:12:00,168 - coint2.engine.numba_engine - INFO - Запуск Numba-оптимизированного бэктеста для FORTUSDT-TWTUSDT
2026-01-19 10:12:00,172 - coint2.engine.numba_engine - INFO - Запуск Numba-оптимизированного бэктеста для FORTUSDT-SFUNDUSDT
2026-01-19 10:12:00,177 - coint2.engine.numba_engine - INFO - Запуск Numba-оптимизированного бэктеста для BATUSDT-QTUMUSDT
2026-01-19 10:12:00,178 - coint2.engine.numba_engine - INFO - Запуск Numba-оптимизированного бэктеста для ALGOUSDT-IMXUSDT
2026-01-19 10:12:00,179 - coint2.engine.numba_engine - INFO - Запуск Numba-оптимизированного бэктеста для BATUSDT-LTCUSDT
2026-01-19 10:12:00,183 - coint2.engine.numba_engine - INFO - Запуск Numba-оптимизированного бэктеста для CTCUSDT-ICPUSDT
2026-01-19 10:12:00,192 - coint2.engine.numba_engine - INFO - Запуск Numba-оптимизированного бэктеста для EVERUSDT-JUVUSDT
2026-01-19 10:12:00,193 - coint2.engine.numba_engine - INFO - Запуск Numba-оптимизированного бэктеста для XDCUSDT-XTZUSDT
2026-01-19 10:12:00,197 - coint2.engine.numba_engine - INFO - Запуск Numba-оптимизированного бэктеста для ALGOUSDT-ROSEUSDT
2026-01-19 10:12:00,201 - coint2.engine.numba_engine - INFO - Запуск Numba-оптимизированного бэктеста для FORTUSDT-ICPUSDT
2026-01-19 10:12:00,201 - coint2.engine.numba_engine - INFO - Запуск Numba-оптимизированного бэктеста для MVUSDT-SUIUSDC
2026-01-19 10:12:00,202 - coint2.engine.numba_engine - INFO - Запуск Numba-оптимизированного бэктеста для GMTUSDT-UNIUSDT
2026-01-19 10:12:00,203 - coint2.engine.numba_engine - INFO - Запуск Numba-оптимизированного бэктеста для ADAUSDC-RPLUSDT
2026-01-19 10:12:00,217 - coint2.engine.numba_engine - INFO - Запуск Numba-оптимизированного бэктеста для KASTAUSDT-XETAUSDT
2026-01-19 10:12:00,217 - coint2.engine.numba_engine - INFO - Запуск Numba-оптимизированного бэктеста для MVUSDT-NEARUSDT
2026-01-19 10:12:00,221 - coint2.engine.numba_engine - INFO - Запуск Numba-оптимизированного бэктеста для MVUSDT-OPUSDT
2026-01-19 10:12:00,223 - coint2.engine.numba_engine - INFO - Запуск Numba-оптимизированного бэктеста для EVERUSDT-PSGUSDT
2026-01-19 10:12:00,224 - coint2.engine.numba_engine - INFO - Запуск Numba-оптимизированного бэктеста для ICXUSDT-WAXPUSDT
2026-01-19 10:12:00,225 - coint2.engine.numba_engine - INFO - Запуск Numba-оптимизированного бэктеста для MVUSDT-TWTUSDT
2026-01-19 10:12:00,232 - coint2.engine.numba_engine - INFO - Запуск Numba-оптимизированного бэктеста для ENJUSDT-NEARUSDT
2026-01-19 10:12:00,240 - coint2.engine.numba_engine - INFO - Запуск Numba-оптимизированного бэктеста для USTCUSDT-ZILUSDT
2026-01-19 10:12:00,242 - coint2.engine.numba_engine - INFO - Запуск Numba-оптимизированного бэктеста для DOGEUSDT-TELUSDT
2026-01-19 10:12:00,243 - coint2.engine.numba_engine - INFO - Запуск Numba-оптимизированного бэктеста для HVHUSDT-TRVLUSDT
2026-01-19 10:12:00,246 - coint2.engine.numba_engine - INFO - Запуск Numba-оптимизированного бэктеста для MVUSDT-PSGUSDT
2026-01-19 10:12:00,246 - coint2.engine.numba_engine - INFO - Запуск Numba-оптимизированного бэктеста для DOGEUSDT-ETHWUSDT
2026-01-19 10:12:00,247 - coint2.engine.numba_engine - INFO - Запуск Numba-оптимизированного бэктеста для MVUSDT-SFUNDUSDT
2026-01-19 10:12:00,251 - coint2.engine.numba_engine - INFO - Запуск Numba-оптимизированного бэктеста для ADAUSDC-CITYUSDT
2026-01-19 10:12:00,255 - coint2.engine.numba_engine - INFO - 🔍 ДИАГНОСТИКА HVHUSDT-TRVLUSDT:
2026-01-19 10:12:00,255 - coint2.engine.numba_engine - INFO -    entry_threshold: 0.85
2026-01-19 10:12:00,255 - coint2.engine.numba_engine - INFO -    exit_threshold: 0.12
2026-01-19 10:12:00,255 - coint2.engine.numba_engine - INFO -    Макс |z_score|: 15.2098
2026-01-19 10:12:00,255 - coint2.engine.numba_engine - INFO -    Позиций != 0: 30
2026-01-19 10:12:00,255 - coint2.engine.numba_engine - INFO -    Изменений позиций: 61
2026-01-19 10:12:00,256 - coint2.engine.numba_engine - INFO -    PnL сумма: 0.9565
2026-01-19 10:12:00,256 - coint2.engine.numba_engine - INFO -    Первые 10 z_scores: [-0.61579406  0.6302799   1.1688535   0.7469521  -0.72340673 -0.31277937
 -0.20099755  0.10098089  0.76779455  0.661367  ]
2026-01-19 10:12:00,256 - coint2.engine.numba_engine - INFO -    Превышают порог: 1496
2026-01-19 10:12:00,263 - coint2.engine.numba_engine - INFO - Запуск Numba-оптимизированного бэктеста для SCUSDT-ZILUSDT
2026-01-19 10:12:00,264 - coint2.engine.numba_engine - INFO - Запуск Numba-оптимизированного бэктеста для ROSEUSDT-USTCUSDT
2026-01-19 10:12:00,267 - coint2.engine.numba_engine - INFO - Запуск Numba-оптимизированного бэктеста для WAXPUSDT-ZILUSDT
2026-01-19 10:12:00,268 - coint2.engine.numba_engine - INFO - Запуск Numba-оптимизированного бэктеста для DAIUSDT-LTCBTC
2026-01-19 10:12:00,268 - coint2.engine.numba_engine - INFO - Запуск Numba-оптимизированного бэктеста для DOGEUSDC-TELUSDT
2026-01-19 10:12:00,269 - coint2.engine.numba_engine - INFO - Запуск Numba-оптимизированного бэктеста для OASUSDT-TRVLUSDT
2026-01-19 10:12:00,270 - WARNING - ❌ Ошибка обработки пары ADAUSDC-CITYUSDT: division by zero
2026-01-19 10:12:00,281 - coint2.engine.numba_engine - INFO - Запуск Numba-оптимизированного бэктеста для RSS3USDT-XTZUSDT
2026-01-19 10:12:00,286 - coint2.engine.numba_engine - INFO - Запуск Numba-оптимизированного бэктеста для SONUSDT-TAPUSDT
2026-01-19 10:12:00,287 - coint2.engine.numba_engine - INFO - Запуск Numba-оптимизированного бэктеста для DAIUSDT-XRPUSDC
2026-01-19 10:12:00,290 - coint2.engine.numba_engine - INFO - Запуск Numba-оптимизированного бэктеста для PEOPLEUSDT-THETAUSDT
2026-01-19 10:12:00,291 - coint2.engine.numba_engine - INFO - Запуск Numba-оптимизированного бэктеста для ACSUSDT-MCRTUSDT
2026-01-19 10:12:00,291 - coint2.engine.numba_engine - INFO - Запуск Numba-оптимизированного бэктеста для DOGEUSDC-ETHWUSDT
2026-01-19 10:12:00,293 - coint2.engine.numba_engine - INFO - Запуск Numba-оптимизированного бэктеста для BATUSDT-PEOPLEUSDT
2026-01-19 10:12:00,293 - coint2.engine.numba_engine - INFO - Запуск Numba-оптимизированного бэктеста для ROSEUSDT-XEMUSDT
2026-01-19 10:12:00,310 - coint2.engine.numba_engine - INFO - Запуск Numba-оптимизированного бэктеста для ONEUSDT-XRPUSDT
2026-01-19 10:12:00,312 - coint2.engine.numba_engine - INFO - Запуск Numba-оптимизированного бэктеста для SUNUSDT-ZRXUSDT
2026-01-19 10:12:00,314 - coint2.engine.numba_engine - INFO - Запуск Numba-оптимизированного бэктеста для DAIUSDT-XRPUSDT
2026-01-19 10:12:00,314 - coint2.engine.numba_engine - INFO - Запуск Numba-оптимизированного бэктеста для SONUSDT-XRPBTC
2026-01-19 10:12:00,317 - coint2.engine.numba_engine - INFO - Запуск Numba-оптимизированного бэктеста для ONEUSDT-TELUSDT
2026-01-19 10:12:00,328 - coint2.engine.numba_engine - INFO - Запуск Numba-оптимизированного бэктеста для SANDUSDC-UNIUSDT
2026-01-19 10:12:00,333 - coint2.engine.numba_engine - INFO - Запуск Numba-оптимизированного бэктеста для LTCBTC-XRPUSDC
2026-01-19 10:12:00,336 - coint2.engine.numba_engine - INFO - Запуск Numba-оптимизированного бэктеста для RACAUSDT-VPADUSDT
2026-01-19 10:12:00,336 - coint2.engine.numba_engine - INFO - Запуск Numba-оптимизированного бэктеста для DGBUSDT-GSTUSDT
2026-01-19 10:12:00,340 - coint2.engine.numba_engine - INFO - Запуск Numba-оптимизированного бэктеста для ALGOBTC-NFTUSDT
2026-01-19 10:12:00,340 - coint2.engine.numba_engine - INFO - Запуск Numba-оптимизированного бэктеста для LTCBTC-LUNCUSDC
2026-01-19 10:12:00,341 - coint2.engine.numba_engine - INFO - Запуск Numba-оптимизированного бэктеста для GMTUSDC-UNIUSDT
2026-01-19 10:12:00,355 - coint2.engine.numba_engine - INFO - Запуск Numba-оптимизированного бэктеста для XECUSDT-ZILUSDT
2026-01-19 10:12:00,363 - coint2.engine.numba_engine - INFO - Запуск Numba-оптимизированного бэктеста для BATUSDT-UMAUSDT
2026-01-19 10:12:00,363 - coint2.engine.numba_engine - INFO - Запуск Numba-оптимизированного бэктеста для LUNCUSDT-RVNUSDT
2026-01-19 10:12:00,365 - coint2.engine.numba_engine - INFO - Запуск Numba-оптимизированного бэктеста для LTCBTC-XRPUSDT
2026-01-19 10:12:00,367 - coint2.engine.numba_engine - INFO - Запуск Numba-оптимизированного бэктеста для GMTUSDT-SANDUSDT
2026-01-19 10:12:00,386 - coint2.engine.numba_engine - INFO - Запуск Numba-оптимизированного бэктеста для FORTUSDT-PSTAKEUSDT
2026-01-19 10:12:00,387 - coint2.engine.numba_engine - INFO - Запуск Numba-оптимизированного бэктеста для ALGOBTC-XECUSDT
2026-01-19 10:12:00,391 - coint2.engine.numba_engine - INFO - Запуск Numba-оптимизированного бэктеста для EVERUSDT-RPLUSDT
2026-01-19 10:12:00,410 - coint2.engine.numba_engine - INFO - Запуск Numba-оптимизированного бэктеста для FORTUSDT-JUVUSDT
2026-01-19 10:12:00,413 - coint2.engine.numba_engine - INFO - Запуск Numba-оптимизированного бэктеста для GRTUSDT-RVNUSDT
2026-01-19 10:12:00,433 - coint2.engine.numba_engine - INFO - Запуск Numba-оптимизированного бэктеста для ALGOUSDT-USTCUSDT
2026-01-19 10:12:00,436 - coint2.engine.numba_engine - INFO - Запуск Numba-оптимизированного бэктеста для DAIUSDT-QTUMUSDT
2026-01-19 10:12:00,456 - coint2.engine.numba_engine - INFO - Запуск Numba-оптимизированного бэктеста для MVUSDT-SUIUSDT
2026-01-19 10:12:00,459 - coint2.engine.numba_engine - INFO - Запуск Numba-оптимизированного бэктеста для ONEUSDT-XRPUSDC
2026-01-19 10:12:00,479 - coint2.engine.numba_engine - INFO - Запуск Numba-оптимизированного бэктеста для OASUSDT-STGUSDT
2026-01-19 10:12:00,482 - coint2.engine.numba_engine - INFO - Запуск Numba-оптимизированного бэктеста для LTCBTC-RVNUSDT
2026-01-19 10:12:00,503 - coint2.engine.numba_engine - INFO - Запуск Numba-оптимизированного бэктеста для ROSEUSDT-WAXPUSDT
2026-01-19 10:12:00,504 - coint2.engine.numba_engine - INFO - Запуск Numba-оптимизированного бэктеста для LUNCUSDC-RVNUSDT
2026-01-19 10:12:00,526 - coint2.engine.numba_engine - INFO - Запуск Numba-оптимизированного бэктеста для DAIUSDT-SOLOUSDT
2026-01-19 10:12:00,550 - coint2.engine.numba_engine - INFO - Запуск Numba-оптимизированного бэктеста для SCUSDT-USTCUSDT
2026-01-19 10:12:00,573 - coint2.engine.numba_engine - INFO - Запуск Numba-оптимизированного бэктеста для SONUSDT-TELUSDT
2026-01-19 10:12:00,621 - INFO -   ⏱️ Параллельная обработка завершена за 1.7с (145.0 пар/с)
2026-01-19 10:12:00,696 - coint2.pipeline.walk_forward_orchestrator - INFO - 🎯 СИМУЛЯЦИЯ ПОРТФЕЛЯ: 243 пар, лимит 15 позиций
2026-01-19 10:12:02,321 - coint2.pipeline.walk_forward_orchestrator - INFO -    📈 Макс. одновременных сигналов: 96
2026-01-19 10:12:02,321 - coint2.pipeline.walk_forward_orchestrator - INFO -    📊 Средн. сигналов за период: 3.2
2026-01-19 10:12:02,321 - coint2.pipeline.walk_forward_orchestrator - INFO -    🎯 Финальных активных позиций: 0
2026-01-19 10:12:02,323 - coint2.pipeline.walk_forward_orchestrator - INFO -    ⚡ Утилизация лимита позиций: 18.5%
2026-01-19 10:12:02,323 - WARNING -   ⚠️ Ошибка обработки пары ARKMUSDT-CITYUSDT: division by zero
2026-01-19 10:12:02,323 - WARNING -   ⚠️ Ошибка обработки пары RSS3USDT-XAVAUSDT: division by zero
2026-01-19 10:12:02,323 - WARNING -   ⚠️ Ошибка обработки пары ADAUSDC-CITYUSDT: division by zero
2026-01-19 10:12:02,324 - WARNING -   ⚠️ Ошибка обработки пары AFCUSDT-CITYUSDT: division by zero
2026-01-19 10:12:02,324 - INFO - ⇠ WF-шаг 1/5 backtests — completed 247 items in 3.41s (72.5 items/s)
2026-01-19 10:12:02,324 - INFO -   ✅ Обработка завершена: 243 успешно, 4 с ошибками
2026-01-19 10:12:02,324 - INFO -   📊 Успешность: 98.4%, прибыльность: 63.8%, сделок/пара: 18.9
2026-01-19 10:12:02,324 - INFO -   ✅ Завершены бэктесты для 247 пар
2026-01-19 10:12:02,324 - INFO -   📊 Всего обработано пар в этом шаге: 247
2026-01-19 10:12:02,324 - INFO -   📈 Результаты шага: 155/247 прибыльных пар, 4601 сделок
2026-01-19 10:12:02,324 - INFO -   💰 P&L шага: $+358.71
2026-01-19 10:12:02,324 - INFO -   ⇢ Обновление капитала и дневного P&L...
2026-01-19 10:12:03,732 - INFO -   💼 Шаг P&L: $+358.71, Накопленный капитал: $10,358.71
2026-01-19 10:12:03,733 - INFO - ------------------------------------------------------------
2026-01-19 10:12:03,733 - INFO -   Walk-forward steps: 1 / 5 (20.0%) | 0.0 items/s | ETA: 558.1s
2026-01-19 10:12:03,733 - INFO - 🔍 WF-шаг 2/5: Валидация временных окон...
2026-01-19 10:12:03,733 - INFO - ⇢ WF-шаг 2/5: training 2023-09-01-2023-10-30, testing 2023-10-31-2023-11-30 — start
2026-01-19 10:12:03,733 - INFO - ⇢ loading step data — start
2026-01-19 10:12:03,919 - INFO - ⇠ loading step data — done in 0.19s
2026-01-19 10:12:05,125 - INFO - 📊 WF-шаг 2/5: Границы данных:
2026-01-19 10:12:05,125 - INFO -    Training: 2023-09-01 00:00:00 → 2023-10-30 23:45:00 (5,760 строк × 292 символов)
2026-01-19 10:12:05,125 - INFO -    Testing:  2023-10-31 00:00:00 → 2023-11-30 00:00:00 (2,881 строк × 292 символов)
2026-01-19 10:12:05,125 - INFO -    Временной разрыв: 0 days 00:15:00
2026-01-19 10:12:05,163 - INFO - ⇢ normalizing training data — start
2026-01-19 10:12:05,196 - INFO -   Символы с NaN значениями: 26
2026-01-19 10:12:05,196 - INFO -   Применяем метод нормализации: rolling_zscore
2026-01-19 10:12:05,211 - INFO - Символы с недостаточной историей: 17 из 292
2026-01-19 10:12:05,633 - INFO - Символы с NaN после нормализации: 275
2026-01-19 10:12:05,639 - INFO - Удалено 617 начальных строк с NaN от rolling расчетов
2026-01-19 10:12:05,642 - INFO - Итоговое количество символов после нормализации: 275 из 292
2026-01-19 10:12:05,642 - INFO -   Статистика нормализации:
2026-01-19 10:12:05,642 - INFO -     Исходные символы: 292
2026-01-19 10:12:05,642 - INFO -     Недостаточная история: 17
2026-01-19 10:12:05,642 - INFO -     Постоянная цена: 0
2026-01-19 10:12:05,642 - INFO -     NaN после нормализации: 275
2026-01-19 10:12:05,642 - INFO -     Итоговые символы: 275 (94.2%)
2026-01-19 10:12:05,642 - INFO -   После нормализации: 275 символов (потеряно 17)
2026-01-19 10:12:05,642 - INFO -   Отброшенные символы: BEAMUSDT, FETUSDT, FLIPUSDT, JEFFUSDT, MEMEUSDT, POLUSDT, PPTUSDT, PYTHUSDT, PYUSDUSDT, ROOTUSDT, RPKUSDT, SHRAPUSDT, TIAUSDT, TOKENUSDT, TUSDUSDT, VRTXUSDT, ZTXUSDT
2026-01-19 10:12:05,642 - INFO - ⇠ normalizing training data — done in 0.48s
2026-01-19 10:12:05,644 - INFO - ⇢ SSD computation — start
2026-01-19 10:12:05,644 - INFO -   Расчет SSD для всех пар (без ограничения)
2026-01-19 10:12:07,826 - INFO -   SSD результат (все пары): 37675 пар
2026-01-19 10:12:07,827 - INFO - ⇠ SSD computation — done in 2.18s
2026-01-19 10:12:07,838 - INFO - ⇢ filtering pairs by cointegration and half-life — start
2026-01-19 10:12:07,838 - INFO - [ФИЛЬТР] Параллельная фильтрация: processes (8 workers)
⚙️  Загрузка данных за период: 2023-09-01 -> 2023-11-30
📂 Найдено 43 parquet файлов для обработки.
📊 Схема данных: Schema({'timestamp': Int64, 'open': Float64, 'high': Float64, 'low': Float64, 'close': Float64, 'volume': Float64, 'turnover': String, 'ts_ms': Int64, 'symbol': String})
✅ Загружено 2420293 записей с помощью Polars.
📊 Типы данных в pandas: timestamp       datetime64[us]
symbol                  object
close                  float64
timestamp_ms             int64
dtype: object
2026-01-19 10:13:47,822 - INFO - [ФИЛЬТР] После проверки данных: 37675 пар
2026-01-19 10:13:47,822 - INFO - [ФИЛЬТР] После фильтра корреляции (>0.45): 16210 пар
2026-01-19 10:13:47,822 - INFO - [ФИЛЬТР] После фильтра beta: 10952 пар
2026-01-19 10:13:47,822 - INFO - [ФИЛЬТР] После фильтра mean crossings: 10952 пар
2026-01-19 10:13:47,822 - INFO - [ФИЛЬТР] После фильтра half-life: 10881 пар
2026-01-19 10:13:47,822 - INFO - [ФИЛЬТР] После фильтра коинтеграции: 4687 пар
2026-01-19 10:13:47,822 - INFO - [ФИЛЬТР] После фильтра Hurst: 3628 пар
2026-01-19 10:13:47,822 - INFO - [ФИЛЬТР] После фильтра KPSS: 141 пар
2026-01-19 10:13:47,822 - INFO - [ФИЛЬТР] После фильтра market microstructure: 141 пар
2026-01-19 10:13:47,822 - INFO - [ФИЛЬТР] Статистика фильтрации (оптимизированный порядок):
2026-01-19 10:13:47,822 - INFO -   1. SSD → Коинтеграция: 37675 → 4687 пар
2026-01-19 10:13:47,822 - INFO -   2. Коинтеграция → Beta: 4687 → 10952 пар
2026-01-19 10:13:47,822 - INFO -   3. Beta → Half-life: 10952 → 10881 пар
2026-01-19 10:13:47,822 - INFO -   4. Half-life → Mean crossings: 10881 → 10952 пар
2026-01-19 10:13:47,822 - INFO -   5. Mean crossings → Hurst: 10952 → 3628 пар
2026-01-19 10:13:47,822 - INFO -   6. Hurst → KPSS: 3628 → 141 пар
2026-01-19 10:13:47,822 - INFO -   7. KPSS → Market microstructure: 141 → 141 пар
2026-01-19 10:13:47,822 - INFO - [ФИЛЬТР] Причины отсева:
2026-01-19 10:13:47,822 - INFO -   • low_correlation: 21465 пар (57.0%)
2026-01-19 10:13:47,822 - INFO -   • pvalue: 6194 пар (16.4%)
2026-01-19 10:13:47,822 - INFO -   • beta: 5258 пар (14.0%)
2026-01-19 10:13:47,822 - INFO -   • kpss: 3487 пар (9.3%)
2026-01-19 10:13:47,822 - INFO -   • hurst: 1059 пар (2.8%)
2026-01-19 10:13:47,822 - INFO -   • half_life: 71 пар (0.2%)
2026-01-19 10:13:47,823 - INFO - [ФИЛЬТР] Итого: 37675 → 141 пар (0.4% прошли все фильтры)
2026-01-19 10:13:47,877 - INFO - Причины отсева сохранены в results/filter_reasons_20260119_101347.csv
2026-01-19 10:13:47,883 - INFO -   Pair stability filter: 141 → 5 (window=1, min_steps=1, history=1)
2026-01-19 10:13:47,884 - INFO -   Фильтрация: 37675 → 5 пар
2026-01-19 10:13:47,884 - INFO - ⇠ filtering pairs by cointegration and half-life — done in 100.05s
2026-01-19 10:13:47,884 - INFO - ⇠ WF-шаг 2/5: training 2023-09-01-2023-10-30, testing 2023-10-31-2023-11-30 — done in 104.15s
2026-01-19 10:13:47,884 - INFO -   Топ-3 пары по волатильности спреда:
2026-01-19 10:13:47,884 - INFO -     1. CRVUSDT-PIPUSDT: beta=2.8441, std=0.0237
2026-01-19 10:13:47,884 - INFO -     2. MVUSDT-SUIUSDT: beta=0.0427, std=0.0011
2026-01-19 10:13:47,884 - INFO -     3. MVUSDT-SUIUSDC: beta=0.0428, std=0.0011
2026-01-19 10:13:47,884 - INFO -   Всего пар для торговли: 5 (ограничение 15 применяется к одновременно открытым позициям)
2026-01-19 10:13:47,884 - INFO -   💰 Проверка расчета капитала: equity=$10,358.71, кандидатных_пар=5, max_позиций=15
2026-01-19 10:13:47,884 - INFO -   🎯 Target concurrency: 5 (ожидаемое одновременное число позиций)
2026-01-19 10:13:47,884 - INFO -   📊 Детали расчета капитала:
2026-01-19 10:13:47,884 - INFO -      • Базовый капитал на пару: $2,071.74 (equity / target_concurrency)
2026-01-19 10:13:47,885 - INFO -      • Риск-капитал: $155.38 (1.5% от equity)
2026-01-19 10:13:47,885 - INFO -      • Макс. размер позиции: $207.17 (2.0% от equity)
2026-01-19 10:13:47,885 - INFO -      • Итоговый капитал на пару: $155.38
2026-01-19 10:13:47,885 - INFO - ⇢ WF-шаг 2/5 backtests — starting 5 items
2026-01-19 10:13:47,885 - INFO - 🚀 WF-шаг 2/5: Начинаем бэктесты для 5 пар...
2026-01-19 10:13:47,885 - INFO - 🚀 WF-шаг 2/5: Запускаем параллельную обработку 5 пар на 8 ядрах...
2026-01-19 10:13:47,885 - INFO - 🚀 WF-шаг 2/5: Режим параллельности: процессы
2026-01-19 10:13:47,940 - coint2.engine.numba_engine - INFO - Запуск Numba-оптимизированного бэктеста для CRVUSDT-PIPUSDT
2026-01-19 10:13:47,962 - coint2.engine.numba_engine - INFO - Запуск Numba-оптимизированного бэктеста для MVUSDT-SUIUSDT
2026-01-19 10:13:47,981 - coint2.engine.numba_engine - INFO - Запуск Numba-оптимизированного бэктеста для MVUSDT-SUIUSDC
2026-01-19 10:13:48,003 - coint2.engine.numba_engine - INFO - Запуск Numba-оптимизированного бэктеста для LUNCUSDC-RVNUSDT
2026-01-19 10:13:48,026 - coint2.engine.numba_engine - INFO - Запуск Numba-оптимизированного бэктеста для LUNCUSDT-RVNUSDT
2026-01-19 10:13:48,124 - INFO -   ⏱️ Параллельная обработка завершена за 0.2с (21.0 пар/с)
2026-01-19 10:13:48,133 - coint2.pipeline.walk_forward_orchestrator - INFO - 🎯 СИМУЛЯЦИЯ ПОРТФЕЛЯ: 5 пар, лимит 15 позиций
2026-01-19 10:13:48,428 - coint2.pipeline.walk_forward_orchestrator - INFO -    📈 Макс. одновременных сигналов: 3
2026-01-19 10:13:48,429 - coint2.pipeline.walk_forward_orchestrator - INFO -    📊 Средн. сигналов за период: 0.1
2026-01-19 10:13:48,429 - coint2.pipeline.walk_forward_orchestrator - INFO -    🎯 Финальных активных позиций: 0
2026-01-19 10:13:48,430 - coint2.pipeline.walk_forward_orchestrator - INFO -    ⚡ Утилизация лимита позиций: 0.4%
2026-01-19 10:13:48,430 - INFO - ⇠ WF-шаг 2/5 backtests — completed 5 items in 0.55s (9.2 items/s)
2026-01-19 10:13:48,430 - INFO -   ✅ Обработка завершена: 5 успешно, 0 с ошибками
2026-01-19 10:13:48,431 - INFO -   📊 Успешность: 100.0%, прибыльность: 60.0%, сделок/пара: 15.2
2026-01-19 10:13:48,431 - INFO -   ✅ Завершены бэктесты для 5 пар
2026-01-19 10:13:48,431 - INFO -   📊 Всего обработано пар в этом шаге: 5
2026-01-19 10:13:48,431 - INFO -   📈 Результаты шага: 3/5 прибыльных пар, 76 сделок
2026-01-19 10:13:48,431 - INFO -   💰 P&L шага: $+41.96
2026-01-19 10:13:48,431 - INFO -   ⇢ Обновление капитала и дневного P&L...
2026-01-19 10:13:49,759 - INFO -   💼 Шаг P&L: $+41.96, Накопленный капитал: $10,400.67
2026-01-19 10:13:49,759 - INFO - ------------------------------------------------------------
2026-01-19 10:13:49,759 - INFO -   Walk-forward steps: 2 / 5 (40.0%) | 0.0 items/s | ETA: 368.3s
2026-01-19 10:13:49,759 - INFO - 🔍 WF-шаг 3/5: Валидация временных окон...
2026-01-19 10:13:49,759 - INFO - ⇢ WF-шаг 3/5: training 2023-10-01-2023-11-29, testing 2023-11-30-2023-12-30 — start
2026-01-19 10:13:49,759 - INFO - ⇢ loading step data — start
2026-01-19 10:13:49,941 - INFO - ⇠ loading step data — done in 0.18s
2026-01-19 10:13:51,445 - INFO - 📊 WF-шаг 3/5: Границы данных:
2026-01-19 10:13:51,445 - INFO -    Training: 2023-10-01 00:00:00 → 2023-11-29 23:45:00 (5,760 строк × 309 символов)
2026-01-19 10:13:51,445 - INFO -    Testing:  2023-11-30 00:00:00 → 2023-12-30 00:00:00 (2,881 строк × 309 символов)
2026-01-19 10:13:51,446 - INFO -    Временной разрыв: 0 days 00:15:00
2026-01-19 10:13:51,486 - INFO - ⇢ normalizing training data — start
2026-01-19 10:13:51,523 - INFO -   Символы с NaN значениями: 33
2026-01-19 10:13:51,523 - INFO -   Применяем метод нормализации: rolling_zscore
2026-01-19 10:13:51,539 - INFO - Символы с недостаточной историей: 32 из 309
2026-01-19 10:13:51,964 - INFO - Символы с NaN после нормализации: 277
2026-01-19 10:13:51,970 - INFO - Удалено 233 начальных строк с NaN от rolling расчетов
2026-01-19 10:13:51,973 - INFO - Итоговое количество символов после нормализации: 277 из 309
2026-01-19 10:13:51,973 - INFO -   Статистика нормализации:
2026-01-19 10:13:51,973 - INFO -     Исходные символы: 309
2026-01-19 10:13:51,973 - INFO -     Недостаточная история: 32
2026-01-19 10:13:51,973 - INFO -     Постоянная цена: 0
2026-01-19 10:13:51,973 - INFO -     NaN после нормализации: 277
2026-01-19 10:13:51,973 - INFO -     Итоговые символы: 277 (89.6%)
2026-01-19 10:13:51,973 - INFO -   После нормализации: 277 символов (потеряно 32)
2026-01-19 10:13:51,973 - INFO -   Отброшено много символов: 32 из 309
2026-01-19 10:13:51,973 - INFO - ⇠ normalizing training data — done in 0.49s
2026-01-19 10:13:51,975 - INFO - ⇢ SSD computation — start
2026-01-19 10:13:51,975 - INFO -   Расчет SSD для всех пар (без ограничения)
2026-01-19 10:13:54,376 - INFO -   SSD результат (все пары): 38226 пар
2026-01-19 10:13:54,376 - INFO - ⇠ SSD computation — done in 2.40s
2026-01-19 10:13:54,387 - INFO - ⇢ filtering pairs by cointegration and half-life — start
2026-01-19 10:13:54,387 - INFO - [ФИЛЬТР] Параллельная фильтрация: processes (8 workers)
⚙️  Загрузка данных за период: 2023-10-01 -> 2023-12-30
📂 Найдено 43 parquet файлов для обработки.
📊 Схема данных: Schema({'timestamp': Int64, 'open': Float64, 'high': Float64, 'low': Float64, 'close': Float64, 'volume': Float64, 'turnover': String, 'ts_ms': Int64, 'symbol': String})
✅ Загружено 2499894 записей с помощью Polars.
📊 Типы данных в pandas: timestamp       datetime64[us]
symbol                  object
close                  float64
timestamp_ms             int64
dtype: object
2026-01-19 10:16:00,858 - INFO - [ФИЛЬТР] После проверки данных: 38226 пар
2026-01-19 10:16:00,858 - INFO - [ФИЛЬТР] После фильтра корреляции (>0.45): 27697 пар
2026-01-19 10:16:00,859 - INFO - [ФИЛЬТР] После фильтра beta: 19115 пар
2026-01-19 10:16:00,859 - INFO - [ФИЛЬТР] После фильтра mean crossings: 19115 пар
2026-01-19 10:16:00,859 - INFO - [ФИЛЬТР] После фильтра half-life: 18977 пар
2026-01-19 10:16:00,859 - INFO - [ФИЛЬТР] После фильтра коинтеграции: 4861 пар
2026-01-19 10:16:00,859 - INFO - [ФИЛЬТР] После фильтра Hurst: 2852 пар
2026-01-19 10:16:00,859 - INFO - [ФИЛЬТР] После фильтра KPSS: 189 пар
2026-01-19 10:16:00,859 - INFO - [ФИЛЬТР] После фильтра market microstructure: 189 пар
2026-01-19 10:16:00,859 - INFO - [ФИЛЬТР] Статистика фильтрации (оптимизированный порядок):
2026-01-19 10:16:00,859 - INFO -   1. SSD → Коинтеграция: 38226 → 4861 пар
2026-01-19 10:16:00,859 - INFO -   2. Коинтеграция → Beta: 4861 → 19115 пар
2026-01-19 10:16:00,859 - INFO -   3. Beta → Half-life: 19115 → 18977 пар
2026-01-19 10:16:00,859 - INFO -   4. Half-life → Mean crossings: 18977 → 19115 пар
2026-01-19 10:16:00,859 - INFO -   5. Mean crossings → Hurst: 19115 → 2852 пар
2026-01-19 10:16:00,859 - INFO -   6. Hurst → KPSS: 2852 → 189 пар
2026-01-19 10:16:00,859 - INFO -   7. KPSS → Market microstructure: 189 → 189 пар
2026-01-19 10:16:00,859 - INFO - [ФИЛЬТР] Причины отсева:
2026-01-19 10:16:00,859 - INFO -   • pvalue: 14116 пар (36.9%)
2026-01-19 10:16:00,859 - INFO -   • low_correlation: 10529 пар (27.5%)
2026-01-19 10:16:00,859 - INFO -   • beta: 8582 пар (22.5%)
2026-01-19 10:16:00,859 - INFO -   • kpss: 2663 пар (7.0%)
2026-01-19 10:16:00,859 - INFO -   • hurst: 2009 пар (5.3%)
2026-01-19 10:16:00,859 - INFO -   • half_life: 138 пар (0.4%)
2026-01-19 10:16:00,859 - INFO - [ФИЛЬТР] Итого: 38226 → 189 пар (0.5% прошли все фильтры)
2026-01-19 10:16:00,916 - INFO - Причины отсева сохранены в results/filter_reasons_20260119_101600.csv
2026-01-19 10:16:00,924 - INFO -   Pair stability filter: 189 → 5 (window=1, min_steps=1, history=2)
2026-01-19 10:16:00,924 - INFO -   Фильтрация: 38226 → 5 пар
2026-01-19 10:16:00,924 - INFO - ⇠ filtering pairs by cointegration and half-life — done in 126.54s
2026-01-19 10:16:00,924 - INFO - ⇠ WF-шаг 3/5: training 2023-10-01-2023-11-29, testing 2023-11-30-2023-12-30 — done in 131.16s
2026-01-19 10:16:00,924 - INFO -   Топ-3 пары по волатильности спреда:
2026-01-19 10:16:00,924 - INFO -     1. AVAUSDT-ENJUSDT: beta=1.0903, std=0.0150
2026-01-19 10:16:00,924 - INFO -     2. AVAUSDT-LRCUSDT: beta=1.7007, std=0.0111
2026-01-19 10:16:00,924 - INFO -     3. MVUSDT-STGUSDT: beta=0.0686, std=0.0030
2026-01-19 10:16:00,924 - INFO -   Всего пар для торговли: 5 (ограничение 15 применяется к одновременно открытым позициям)
2026-01-19 10:16:00,924 - INFO -   💰 Проверка расчета капитала: equity=$10,400.67, кандидатных_пар=5, max_позиций=15
2026-01-19 10:16:00,925 - INFO -   🎯 Target concurrency: 5 (ожидаемое одновременное число позиций)
2026-01-19 10:16:00,925 - INFO -   📊 Детали расчета капитала:
2026-01-19 10:16:00,925 - INFO -      • Базовый капитал на пару: $2,080.13 (equity / target_concurrency)
2026-01-19 10:16:00,925 - INFO -      • Риск-капитал: $156.01 (1.5% от equity)
2026-01-19 10:16:00,925 - INFO -      • Макс. размер позиции: $208.01 (2.0% от equity)
2026-01-19 10:16:00,925 - INFO -      • Итоговый капитал на пару: $156.01
2026-01-19 10:16:00,925 - INFO - ⇢ WF-шаг 3/5 backtests — starting 5 items
2026-01-19 10:16:00,925 - INFO - 🚀 WF-шаг 3/5: Начинаем бэктесты для 5 пар...
2026-01-19 10:16:00,925 - INFO - 🚀 WF-шаг 3/5: Запускаем параллельную обработку 5 пар на 8 ядрах...
2026-01-19 10:16:00,925 - INFO - 🚀 WF-шаг 3/5: Режим параллельности: процессы
2026-01-19 10:16:00,980 - coint2.engine.numba_engine - INFO - Запуск Numba-оптимизированного бэктеста для AVAUSDT-ENJUSDT
2026-01-19 10:16:01,002 - coint2.engine.numba_engine - INFO - Запуск Numba-оптимизированного бэктеста для AVAUSDT-LRCUSDT
2026-01-19 10:16:01,026 - coint2.engine.numba_engine - INFO - Запуск Numba-оптимизированного бэктеста для MVUSDT-STGUSDT
2026-01-19 10:16:01,052 - coint2.engine.numba_engine - INFO - Запуск Numba-оптимизированного бэктеста для DOGEEUR-WAVESUSDT
2026-01-19 10:16:01,079 - coint2.engine.numba_engine - INFO - Запуск Numba-оптимизированного бэктеста для IZIUSDT-NEXOUSDT
2026-01-19 10:16:01,180 - INFO -   ⏱️ Параллельная обработка завершена за 0.3с (19.6 пар/с)
2026-01-19 10:16:01,185 - coint2.pipeline.walk_forward_orchestrator - INFO - 🎯 СИМУЛЯЦИЯ ПОРТФЕЛЯ: 5 пар, лимит 15 позиций
2026-01-19 10:16:01,479 - coint2.pipeline.walk_forward_orchestrator - INFO -    📈 Макс. одновременных сигналов: 3
2026-01-19 10:16:01,479 - coint2.pipeline.walk_forward_orchestrator - INFO -    📊 Средн. сигналов за период: 0.1
2026-01-19 10:16:01,479 - coint2.pipeline.walk_forward_orchestrator - INFO -    🎯 Финальных активных позиций: 0
2026-01-19 10:16:01,480 - coint2.pipeline.walk_forward_orchestrator - INFO -    ⚡ Утилизация лимита позиций: 0.4%
2026-01-19 10:16:01,481 - INFO - ⇠ WF-шаг 3/5 backtests — completed 5 items in 0.56s (9.0 items/s)
2026-01-19 10:16:01,481 - INFO -   ✅ Обработка завершена: 5 успешно, 0 с ошибками
2026-01-19 10:16:01,481 - INFO -   📊 Успешность: 100.0%, прибыльность: 80.0%, сделок/пара: 16.4
2026-01-19 10:16:01,481 - INFO -   ✅ Завершены бэктесты для 5 пар
2026-01-19 10:16:01,481 - INFO -   📊 Всего обработано пар в этом шаге: 5
2026-01-19 10:16:01,481 - INFO -   📈 Результаты шага: 4/5 прибыльных пар, 82 сделок
2026-01-19 10:16:01,481 - INFO -   💰 P&L шага: $+57.20
2026-01-19 10:16:01,481 - INFO -   ⇢ Обновление капитала и дневного P&L...
2026-01-19 10:16:02,901 - INFO -   💼 Шаг P&L: $+57.20, Накопленный капитал: $10,457.88
2026-01-19 10:16:02,901 - INFO - ------------------------------------------------------------
2026-01-19 10:16:02,901 - INFO -   Walk-forward steps: 3 / 5 (60.0%) | 0.0 items/s | ETA: 252.5s
2026-01-19 10:16:02,901 - INFO - 🔍 WF-шаг 4/5: Валидация временных окон...
2026-01-19 10:16:02,902 - INFO - ⇢ WF-шаг 4/5: training 2023-10-31-2023-12-29, testing 2023-12-30-2024-01-29 — start
2026-01-19 10:16:02,902 - INFO - ⇢ loading step data — start
2026-01-19 10:16:03,112 - INFO - ⇠ loading step data — done in 0.21s
2026-01-19 10:16:04,536 - INFO - 📊 WF-шаг 4/5: Границы данных:
2026-01-19 10:16:04,537 - INFO -    Training: 2023-10-31 00:00:00 → 2023-12-29 23:45:00 (5,760 строк × 327 символов)
2026-01-19 10:16:04,537 - INFO -    Testing:  2023-12-30 00:00:00 → 2024-01-29 00:00:00 (2,881 строк × 327 символов)
2026-01-19 10:16:04,537 - INFO -    Временной разрыв: 0 days 00:15:00
2026-01-19 10:16:04,578 - INFO - ⇢ normalizing training data — start
2026-01-19 10:16:04,617 - INFO -   Символы с NaN значениями: 45
2026-01-19 10:16:04,617 - INFO -   Применяем метод нормализации: rolling_zscore
2026-01-19 10:16:04,636 - INFO - Символы с недостаточной историей: 40 из 327
2026-01-19 10:16:05,069 - INFO - Символы с NaN после нормализации: 287
2026-01-19 10:16:05,075 - INFO - Удалено 809 начальных строк с NaN от rolling расчетов
2026-01-19 10:16:05,077 - INFO - Итоговое количество символов после нормализации: 287 из 327
2026-01-19 10:16:05,078 - INFO -   Статистика нормализации:
2026-01-19 10:16:05,078 - INFO -     Исходные символы: 327
2026-01-19 10:16:05,078 - INFO -     Недостаточная история: 40
2026-01-19 10:16:05,078 - INFO -     Постоянная цена: 0
2026-01-19 10:16:05,078 - INFO -     NaN после нормализации: 287
2026-01-19 10:16:05,078 - INFO -     Итоговые символы: 287 (87.8%)
2026-01-19 10:16:05,078 - INFO -   После нормализации: 287 символов (потеряно 40)
2026-01-19 10:16:05,078 - INFO -   Отброшено много символов: 40 из 327
2026-01-19 10:16:05,078 - INFO - ⇠ normalizing training data — done in 0.50s
2026-01-19 10:16:05,080 - INFO - ⇢ SSD computation — start
2026-01-19 10:16:05,080 - INFO -   Расчет SSD для всех пар (без ограничения)
2026-01-19 10:16:07,382 - INFO -   SSD результат (все пары): 41041 пар
2026-01-19 10:16:07,382 - INFO - ⇠ SSD computation — done in 2.30s
2026-01-19 10:16:07,394 - INFO - ⇢ filtering pairs by cointegration and half-life — start
2026-01-19 10:16:07,394 - INFO - [ФИЛЬТР] Параллельная фильтрация: processes (8 workers)
⚙️  Загрузка данных за период: 2023-10-31 -> 2024-01-29
📂 Найдено 43 parquet файлов для обработки.
📊 Схема данных: Schema({'timestamp': Int64, 'open': Float64, 'high': Float64, 'low': Float64, 'close': Float64, 'volume': Float64, 'turnover': String, 'ts_ms': Int64, 'symbol': String})
✅ Загружено 2615053 записей с помощью Polars.
📊 Типы данных в pandas: timestamp       datetime64[us]
symbol                  object
close                  float64
timestamp_ms             int64
dtype: object
2026-01-19 10:18:03,765 - INFO - [ФИЛЬТР] После проверки данных: 41041 пар
2026-01-19 10:18:03,765 - INFO - [ФИЛЬТР] После фильтра корреляции (>0.45): 26199 пар
2026-01-19 10:18:03,765 - INFO - [ФИЛЬТР] После фильтра beta: 17817 пар
2026-01-19 10:18:03,765 - INFO - [ФИЛЬТР] После фильтра mean crossings: 17817 пар
2026-01-19 10:18:03,765 - INFO - [ФИЛЬТР] После фильтра half-life: 17721 пар
2026-01-19 10:18:03,765 - INFO - [ФИЛЬТР] После фильтра коинтеграции: 4456 пар
2026-01-19 10:18:03,765 - INFO - [ФИЛЬТР] После фильтра Hurst: 3028 пар
2026-01-19 10:18:03,765 - INFO - [ФИЛЬТР] После фильтра KPSS: 162 пар
2026-01-19 10:18:03,765 - INFO - [ФИЛЬТР] После фильтра market microstructure: 162 пар
2026-01-19 10:18:03,765 - INFO - [ФИЛЬТР] Статистика фильтрации (оптимизированный порядок):
2026-01-19 10:18:03,765 - INFO -   1. SSD → Коинтеграция: 41041 → 4456 пар
2026-01-19 10:18:03,765 - INFO -   2. Коинтеграция → Beta: 4456 → 17817 пар
2026-01-19 10:18:03,765 - INFO -   3. Beta → Half-life: 17817 → 17721 пар
2026-01-19 10:18:03,765 - INFO -   4. Half-life → Mean crossings: 17721 → 17817 пар
2026-01-19 10:18:03,765 - INFO -   5. Mean crossings → Hurst: 17817 → 3028 пар
2026-01-19 10:18:03,765 - INFO -   6. Hurst → KPSS: 3028 → 162 пар
2026-01-19 10:18:03,765 - INFO -   7. KPSS → Market microstructure: 162 → 162 пар
2026-01-19 10:18:03,765 - INFO - [ФИЛЬТР] Причины отсева:
2026-01-19 10:18:03,765 - INFO -   • low_correlation: 14842 пар (36.2%)
2026-01-19 10:18:03,765 - INFO -   • pvalue: 13265 пар (32.3%)
2026-01-19 10:18:03,765 - INFO -   • beta: 8382 пар (20.4%)
2026-01-19 10:18:03,765 - INFO -   • kpss: 2866 пар (7.0%)
2026-01-19 10:18:03,765 - INFO -   • hurst: 1428 пар (3.5%)
2026-01-19 10:18:03,765 - INFO -   • half_life: 96 пар (0.2%)
2026-01-19 10:18:03,766 - INFO - [ФИЛЬТР] Итого: 41041 → 162 пар (0.4% прошли все фильтры)
2026-01-19 10:18:03,825 - INFO - Причины отсева сохранены в results/filter_reasons_20260119_101803.csv
2026-01-19 10:18:03,832 - INFO -   Pair stability filter: 162 → 7 (window=1, min_steps=1, history=3)
2026-01-19 10:18:03,832 - INFO -   Фильтрация: 41041 → 7 пар
2026-01-19 10:18:03,832 - INFO - ⇠ filtering pairs by cointegration and half-life — done in 116.44s
2026-01-19 10:18:03,832 - INFO - ⇠ WF-шаг 4/5: training 2023-10-31-2023-12-29, testing 2023-12-30-2024-01-29 — done in 120.93s
2026-01-19 10:18:03,832 - INFO -   Топ-3 пары по волатильности спреда:
2026-01-19 10:18:03,832 - INFO -     1. AAVEUSDT-BTCDAI: beta=0.0012, std=5.4138
2026-01-19 10:18:03,832 - INFO -     2. AAVEUSDT-WBTCUSDT: beta=0.0012, std=5.4064
2026-01-19 10:18:03,832 - INFO -     3. 1INCHUSDT-NYMUSDT: beta=1.8065, std=0.0192
2026-01-19 10:18:03,832 - INFO -   Всего пар для торговли: 7 (ограничение 15 применяется к одновременно открытым позициям)
2026-01-19 10:18:03,833 - INFO -   💰 Проверка расчета капитала: equity=$10,457.88, кандидатных_пар=7, max_позиций=15
2026-01-19 10:18:03,833 - INFO -   🎯 Target concurrency: 7 (ожидаемое одновременное число позиций)
2026-01-19 10:18:03,833 - INFO -   📊 Детали расчета капитала:
2026-01-19 10:18:03,833 - INFO -      • Базовый капитал на пару: $1,493.98 (equity / target_concurrency)
2026-01-19 10:18:03,833 - INFO -      • Риск-капитал: $156.87 (1.5% от equity)
2026-01-19 10:18:03,833 - INFO -      • Макс. размер позиции: $209.16 (2.0% от equity)
2026-01-19 10:18:03,833 - INFO -      • Итоговый капитал на пару: $156.87
2026-01-19 10:18:03,833 - INFO - ⇢ WF-шаг 4/5 backtests — starting 7 items
2026-01-19 10:18:03,833 - INFO - 🚀 WF-шаг 4/5: Начинаем бэктесты для 7 пар...
2026-01-19 10:18:03,833 - INFO - 🚀 WF-шаг 4/5: Запускаем параллельную обработку 7 пар на 8 ядрах...
2026-01-19 10:18:03,834 - INFO - 🚀 WF-шаг 4/5: Режим параллельности: процессы
2026-01-19 10:18:03,887 - coint2.engine.numba_engine - INFO - Запуск Numba-оптимизированного бэктеста для AAVEUSDT-BTCDAI
2026-01-19 10:18:03,911 - coint2.engine.numba_engine - INFO - Запуск Numba-оптимизированного бэктеста для AAVEUSDT-WBTCUSDT
2026-01-19 10:18:03,932 - coint2.engine.numba_engine - INFO - Запуск Numba-оптимизированного бэктеста для 1INCHUSDT-NYMUSDT
2026-01-19 10:18:03,955 - WARNING - ❌ Ошибка обработки пары AAVEUSDT-BTCDAI: division by zero
2026-01-19 10:18:03,955 - coint2.engine.numba_engine - INFO - Запуск Numba-оптимизированного бэктеста для IDUSDT-LRCUSDT
2026-01-19 10:18:03,979 - coint2.engine.numba_engine - INFO - Запуск Numba-оптимизированного бэктеста для ICXUSDT-PENDLEUSDT
2026-01-19 10:18:04,002 - coint2.engine.numba_engine - INFO - Запуск Numba-оптимизированного бэктеста для CHRPUSDT-GRTUSDT
2026-01-19 10:18:04,026 - coint2.engine.numba_engine - INFO - Запуск Numba-оптимизированного бэктеста для CHRPUSDT-NEXOUSDT
2026-01-19 10:18:04,125 - INFO -   ⏱️ Параллельная обработка завершена за 0.3с (24.0 пар/с)
2026-01-19 10:18:04,130 - coint2.pipeline.walk_forward_orchestrator - INFO - 🎯 СИМУЛЯЦИЯ ПОРТФЕЛЯ: 6 пар, лимит 15 позиций
2026-01-19 10:18:04,427 - coint2.pipeline.walk_forward_orchestrator - INFO -    📈 Макс. одновременных сигналов: 3
2026-01-19 10:18:04,427 - coint2.pipeline.walk_forward_orchestrator - INFO -    📊 Средн. сигналов за период: 0.1
2026-01-19 10:18:04,427 - coint2.pipeline.walk_forward_orchestrator - INFO -    🎯 Финальных активных позиций: 0
2026-01-19 10:18:04,429 - coint2.pipeline.walk_forward_orchestrator - INFO -    ⚡ Утилизация лимита позиций: 0.5%
2026-01-19 10:18:04,429 - WARNING -   ⚠️ Ошибка обработки пары AAVEUSDT-BTCDAI: division by zero
2026-01-19 10:18:04,429 - INFO -   WF-шаг 4/5 backtests: 1 / 7 (14.3%) | 1.7 items/s | ETA: 3.6s
2026-01-19 10:18:04,429 - INFO - ⇠ WF-шаг 4/5 backtests — completed 7 items in 0.60s (11.7 items/s)
2026-01-19 10:18:04,429 - INFO -   ✅ Обработка завершена: 6 успешно, 1 с ошибками
2026-01-19 10:18:04,429 - INFO -   📊 Успешность: 85.7%, прибыльность: 66.7%, сделок/пара: 18.3
2026-01-19 10:18:04,429 - INFO -   ✅ Завершены бэктесты для 7 пар
2026-01-19 10:18:04,429 - INFO -   📊 Всего обработано пар в этом шаге: 7
2026-01-19 10:18:04,430 - INFO -   📈 Результаты шага: 4/7 прибыльных пар, 110 сделок
2026-01-19 10:18:04,430 - INFO -   💰 P&L шага: $+1.49
2026-01-19 10:18:04,430 - INFO -   ⇢ Обновление капитала и дневного P&L...
2026-01-19 10:18:06,054 - INFO -   💼 Шаг P&L: $+1.49, Накопленный капитал: $10,459.37
2026-01-19 10:18:06,054 - INFO - ------------------------------------------------------------
2026-01-19 10:18:06,054 - INFO -   Walk-forward steps: 4 / 5 (80.0%) | 0.0 items/s | ETA: 125.5s
2026-01-19 10:18:06,054 - INFO - 🔍 WF-шаг 5/5: Валидация временных окон...
2026-01-19 10:18:06,055 - INFO - ⇢ WF-шаг 5/5: training 2023-11-30-2024-01-28, testing 2024-01-29-2024-02-28 — start
2026-01-19 10:18:06,055 - INFO - ⇢ loading step data — start
2026-01-19 10:18:06,278 - INFO - ⇠ loading step data — done in 0.22s
2026-01-19 10:18:07,834 - INFO - 📊 WF-шаг 5/5: Границы данных:
2026-01-19 10:18:07,834 - INFO -    Training: 2023-11-30 00:00:00 → 2024-01-28 23:45:00 (5,760 строк × 344 символов)
2026-01-19 10:18:07,834 - INFO -    Testing:  2024-01-29 00:00:00 → 2024-02-28 00:00:00 (2,881 строк × 344 символов)
2026-01-19 10:18:07,834 - INFO -    Временной разрыв: 0 days 00:15:00
2026-01-19 10:18:07,876 - INFO - ⇢ normalizing training data — start
2026-01-19 10:18:07,916 - INFO -   Символы с NaN значениями: 52
2026-01-19 10:18:07,916 - INFO -   Применяем метод нормализации: rolling_zscore
2026-01-19 10:18:07,932 - INFO - Символы с недостаточной историей: 44 из 344
2026-01-19 10:18:08,379 - INFO - Символы с NaN после нормализации: 300
2026-01-19 10:18:08,386 - INFO - Удалено 809 начальных строк с NaN от rolling расчетов
2026-01-19 10:18:08,389 - INFO - Итоговое количество символов после нормализации: 300 из 344
2026-01-19 10:18:08,389 - INFO -   Статистика нормализации:
2026-01-19 10:18:08,389 - INFO -     Исходные символы: 344
2026-01-19 10:18:08,389 - INFO -     Недостаточная история: 44
2026-01-19 10:18:08,389 - INFO -     Постоянная цена: 0
2026-01-19 10:18:08,389 - INFO -     NaN после нормализации: 300
2026-01-19 10:18:08,389 - INFO -     Итоговые символы: 300 (87.2%)
2026-01-19 10:18:08,389 - INFO -   После нормализации: 300 символов (потеряно 44)
2026-01-19 10:18:08,389 - INFO -   Отброшено много символов: 44 из 344
2026-01-19 10:18:08,390 - INFO - ⇠ normalizing training data — done in 0.51s
2026-01-19 10:18:08,392 - INFO - ⇢ SSD computation — start
2026-01-19 10:18:08,392 - INFO -   Расчет SSD для всех пар (без ограничения)
2026-01-19 10:18:10,856 - INFO -   SSD результат (все пары): 44850 пар
2026-01-19 10:18:10,856 - INFO - ⇠ SSD computation — done in 2.46s
2026-01-19 10:18:10,868 - INFO - ⇢ filtering pairs by cointegration and half-life — start
2026-01-19 10:18:10,869 - INFO - [ФИЛЬТР] Параллельная фильтрация: processes (8 workers)
⚙️  Загрузка данных за период: 2023-11-30 -> 2024-02-28
📂 Найдено 43 parquet файлов для обработки.
📊 Схема данных: Schema({'timestamp': Int64, 'open': Float64, 'high': Float64, 'low': Float64, 'close': Float64, 'volume': Float64, 'turnover': String, 'ts_ms': Int64, 'symbol': String})
✅ Загружено 2755343 записей с помощью Polars.
📊 Типы данных в pandas: timestamp       datetime64[us]
symbol                  object
close                  float64
timestamp_ms             int64
dtype: object
2026-01-19 10:19:52,542 - INFO - [ФИЛЬТР] После проверки данных: 44850 пар
2026-01-19 10:19:52,542 - INFO - [ФИЛЬТР] После фильтра корреляции (>0.45): 14952 пар
2026-01-19 10:19:52,542 - INFO - [ФИЛЬТР] После фильтра beta: 10710 пар
2026-01-19 10:19:52,542 - INFO - [ФИЛЬТР] После фильтра mean crossings: 10710 пар
2026-01-19 10:19:52,542 - INFO - [ФИЛЬТР] После фильтра half-life: 10679 пар
2026-01-19 10:19:52,542 - INFO - [ФИЛЬТР] После фильтра коинтеграции: 4834 пар
2026-01-19 10:19:52,542 - INFO - [ФИЛЬТР] После фильтра Hurst: 3565 пар
2026-01-19 10:19:52,542 - INFO - [ФИЛЬТР] После фильтра KPSS: 150 пар
2026-01-19 10:19:52,542 - INFO - [ФИЛЬТР] После фильтра market microstructure: 150 пар
2026-01-19 10:19:52,542 - INFO - [ФИЛЬТР] Статистика фильтрации (оптимизированный порядок):
2026-01-19 10:19:52,542 - INFO -   1. SSD → Коинтеграция: 44850 → 4834 пар
2026-01-19 10:19:52,542 - INFO -   2. Коинтеграция → Beta: 4834 → 10710 пар
2026-01-19 10:19:52,543 - INFO -   3. Beta → Half-life: 10710 → 10679 пар
2026-01-19 10:19:52,543 - INFO -   4. Half-life → Mean crossings: 10679 → 10710 пар
2026-01-19 10:19:52,543 - INFO -   5. Mean crossings → Hurst: 10710 → 3565 пар
2026-01-19 10:19:52,543 - INFO -   6. Hurst → KPSS: 3565 → 150 пар
2026-01-19 10:19:52,543 - INFO -   7. KPSS → Market microstructure: 150 → 150 пар
2026-01-19 10:19:52,543 - INFO - [ФИЛЬТР] Причины отсева:
2026-01-19 10:19:52,543 - INFO -   • low_correlation: 29898 пар (66.7%)
2026-01-19 10:19:52,543 - INFO -   • pvalue: 5845 пар (13.0%)
2026-01-19 10:19:52,543 - INFO -   • beta: 4242 пар (9.5%)
2026-01-19 10:19:52,543 - INFO -   • kpss: 3415 пар (7.6%)
2026-01-19 10:19:52,543 - INFO -   • hurst: 1269 пар (2.8%)
2026-01-19 10:19:52,543 - INFO -   • half_life: 31 пар (0.1%)
2026-01-19 10:19:52,543 - INFO - [ФИЛЬТР] Итого: 44850 → 150 пар (0.3% прошли все фильтры)
2026-01-19 10:19:52,608 - INFO - Причины отсева сохранены в results/filter_reasons_20260119_101952.csv
2026-01-19 10:19:52,615 - INFO -   Pair stability filter: 150 → 13 (window=1, min_steps=1, history=4)
2026-01-19 10:19:52,615 - INFO -   Фильтрация: 44850 → 13 пар
2026-01-19 10:19:52,615 - INFO - ⇠ filtering pairs by cointegration and half-life — done in 101.75s
2026-01-19 10:19:52,615 - INFO - ⇠ WF-шаг 5/5: training 2023-11-30-2024-01-28, testing 2024-01-29-2024-02-28 — done in 106.56s
2026-01-19 10:19:52,615 - INFO -   Топ-3 пары по волатильности спреда:
2026-01-19 10:19:52,615 - INFO -     1. BTCDAI-WBTCUSDT: beta=1.0023, std=556.1976
2026-01-19 10:19:52,615 - INFO -     2. ARKMUSDT-HBARUSDT: beta=5.9349, std=0.0421
2026-01-19 10:19:52,616 - INFO -     3. BOBAUSDT-STXUSDT: beta=0.1253, std=0.0327
2026-01-19 10:19:52,616 - INFO -   Всего пар для торговли: 13 (ограничение 15 применяется к одновременно открытым позициям)
2026-01-19 10:19:52,616 - INFO -   💰 Проверка расчета капитала: equity=$10,459.37, кандидатных_пар=13, max_позиций=15
2026-01-19 10:19:52,616 - INFO -   🎯 Target concurrency: 13 (ожидаемое одновременное число позиций)
2026-01-19 10:19:52,616 - INFO -   📊 Детали расчета капитала:
2026-01-19 10:19:52,616 - INFO -      • Базовый капитал на пару: $804.57 (equity / target_concurrency)
2026-01-19 10:19:52,616 - INFO -      • Риск-капитал: $156.89 (1.5% от equity)
2026-01-19 10:19:52,616 - INFO -      • Макс. размер позиции: $209.19 (2.0% от equity)
2026-01-19 10:19:52,616 - INFO -      • Итоговый капитал на пару: $156.89
2026-01-19 10:19:52,616 - INFO - ⇢ WF-шаг 5/5 backtests — starting 13 items
2026-01-19 10:19:52,616 - INFO - 🚀 WF-шаг 5/5: Начинаем бэктесты для 13 пар...
2026-01-19 10:19:52,617 - INFO - 🚀 WF-шаг 5/5: Запускаем параллельную обработку 13 пар на 8 ядрах...
2026-01-19 10:19:52,617 - INFO - 🚀 WF-шаг 5/5: Режим параллельности: процессы
2026-01-19 10:19:52,670 - coint2.engine.numba_engine - INFO - Запуск Numba-оптимизированного бэктеста для BTCDAI-WBTCUSDT
2026-01-19 10:19:52,700 - coint2.engine.numba_engine - INFO - Запуск Numba-оптимизированного бэктеста для ARKMUSDT-HBARUSDT
2026-01-19 10:19:52,719 - coint2.engine.numba_engine - INFO - Запуск Numba-оптимизированного бэктеста для BOBAUSDT-STXUSDT
2026-01-19 10:19:52,744 - coint2.engine.numba_engine - INFO - Запуск Numba-оптимизированного бэктеста для GLMRUSDT-NEARUSDT
2026-01-19 10:19:52,755 - coint2.engine.numba_engine - INFO - Запуск Numba-оптимизированного бэктеста для CHRPUSDT-SNXUSDT
2026-01-19 10:19:52,772 - coint2.engine.numba_engine - INFO - Запуск Numba-оптимизированного бэктеста для BOBAUSDT-SOLEUR
2026-01-19 10:19:52,787 - coint2.engine.numba_engine - INFO - Запуск Numba-оптимизированного бэктеста для CHRPUSDT-XCADUSDT
2026-01-19 10:19:52,800 - coint2.engine.numba_engine - INFO - Запуск Numba-оптимизированного бэктеста для BATUSDT-ENJUSDT
2026-01-19 10:19:52,806 - coint2.engine.numba_engine - INFO - Запуск Numba-оптимизированного бэктеста для SWEATUSDT-XETAUSDT
2026-01-19 10:19:52,827 - coint2.engine.numba_engine - INFO - Запуск Numba-оптимизированного бэктеста для ACHUSDT-CRVUSDT
2026-01-19 10:19:52,833 - coint2.engine.numba_engine - INFO - Запуск Numba-оптимизированного бэктеста для CHRPUSDT-GALAUSDT
2026-01-19 10:19:52,860 - coint2.engine.numba_engine - INFO - Запуск Numba-оптимизированного бэктеста для CHRPUSDT-FITFIUSDT
2026-01-19 10:19:52,876 - coint2.engine.numba_engine - INFO - Запуск Numba-оптимизированного бэктеста для CHRPUSDT-XETAUSDT
2026-01-19 10:19:52,977 - INFO -   ⏱️ Параллельная обработка завершена за 0.4с (36.1 пар/с)
2026-01-19 10:19:52,985 - coint2.pipeline.walk_forward_orchestrator - INFO - 🎯 СИМУЛЯЦИЯ ПОРТФЕЛЯ: 13 пар, лимит 15 позиций
2026-01-19 10:19:53,359 - coint2.pipeline.walk_forward_orchestrator - INFO -    📈 Макс. одновременных сигналов: 7
2026-01-19 10:19:53,359 - coint2.pipeline.walk_forward_orchestrator - INFO -    📊 Средн. сигналов за период: 0.2
2026-01-19 10:19:53,359 - coint2.pipeline.walk_forward_orchestrator - INFO -    🎯 Финальных активных позиций: 0
2026-01-19 10:19:53,360 - coint2.pipeline.walk_forward_orchestrator - INFO -    ⚡ Утилизация лимита позиций: 1.3%
2026-01-19 10:19:53,361 - INFO - ⇠ WF-шаг 5/5 backtests — completed 13 items in 0.74s (17.5 items/s)
2026-01-19 10:19:53,361 - INFO -   ✅ Обработка завершена: 13 успешно, 0 с ошибками
2026-01-19 10:19:53,361 - INFO -   📊 Успешность: 100.0%, прибыльность: 46.2%, сделок/пара: 21.4
2026-01-19 10:19:53,361 - INFO -   ✅ Завершены бэктесты для 13 пар
2026-01-19 10:19:53,361 - INFO -   📊 Всего обработано пар в этом шаге: 13
2026-01-19 10:19:53,361 - INFO -   📈 Результаты шага: 6/13 прибыльных пар, 278 сделок
2026-01-19 10:19:53,361 - INFO -   💰 P&L шага: $-32.93
2026-01-19 10:19:53,361 - INFO -   ⇢ Обновление капитала и дневного P&L...
2026-01-19 10:19:54,996 - INFO -   💼 Шаг P&L: $-32.93, Накопленный капитал: $10,426.44
2026-01-19 10:19:54,996 - INFO - ------------------------------------------------------------
2026-01-19 10:19:54,996 - INFO -   Walk-forward steps: 5 / 5 (100.0%) | 0.0 items/s | ETA: 0.0s
2026-01-19 10:19:54,996 - INFO - ⇠ Walk-forward steps — completed 5 items in 610.79s (0.0 items/s)
2026-01-19 10:19:54,996 - INFO - ================================================================================
2026-01-19 10:19:54,996 - INFO - 🏁 Walk-forward анализ завершен!
2026-01-19 10:19:54,996 - INFO - ⏱️ Обработано 5 шагов за 2.4 секунд
2026-01-19 10:19:54,996 - INFO - 📊 Всего обработано пар за весь анализ: 277
2026-01-19 10:19:54,996 - INFO - 💰 Финальный капитал: $10,426.44 (было $10,000.00)
2026-01-19 10:19:54,996 - INFO - 📈 Общая доходность: +4.26% ($+426.44)
2026-01-19 10:19:54,996 - INFO - 📊 Всего сделок: 0
2026-01-19 10:19:54,996 - INFO - ================================================================================
2026-01-19 10:19:54,996 - INFO - ✓ Завершены все 5 WF-шагов
2026-01-19 10:19:54,996 - INFO - ⇢ Обработка финальных результатов и расчет метрик...
2026-01-19 10:19:54,997 - INFO - ⇢ processing final results — start
2026-01-19 10:19:54,997 - INFO -   ⇢ Агрегация данных P&L за 14405 торговых дней
2026-01-19 10:19:55,034 - INFO -   ⇢ Расчет базовых метрик производительности...
2026-01-19 10:19:55,034 - INFO -     📊 Данные для анализа: 14405 записей P&L, 14401 точек equity
2026-01-19 10:19:55,037 - INFO -   ⇢ Расчет расширенных метрик (волатильность, Calmar ratio, и др.)...
2026-01-19 10:19:55,037 - INFO -   ✅ Расширенные метрики рассчитаны: 6 показателей
2026-01-19 10:19:55,038 - INFO -   ⇢ Анализ статистики по 277 парам...
2026-01-19 10:19:55,041 - INFO - ✅ Рассчитаны метрики производительности (19 показателей)
2026-01-19 10:19:55,041 - INFO -   💰 Общий P&L: $+426.44
2026-01-19 10:19:55,041 - INFO -   📊 Sharpe Ratio: 2.386
2026-01-19 10:19:55,041 - INFO -   📉 Максимальная просадка: -17674.54%
2026-01-19 10:19:55,041 - INFO -   🔄 Всего сделок: 5147
2026-01-19 10:19:55,041 - INFO -   📈 Торгуемых пар: 272
2026-01-19 10:19:55,041 - INFO -   💸 Общие издержки: $311.15
2026-01-19 10:19:55,041 - coint2.metrics - INFO - Metric: total_pnl
2026-01-19 10:19:55,042 - coint2.metrics - INFO - Metric: sharpe_ratio_abs
2026-01-19 10:19:55,042 - coint2.metrics - INFO - Metric: max_drawdown_pct
2026-01-19 10:19:55,042 - coint2.metrics - INFO - Metric: total_trades
2026-01-19 10:19:55,042 - coint2.metrics - INFO - Metric: total_pairs_traded
2026-01-19 10:19:55,042 - coint2.metrics - INFO - Metric: total_costs
2026-01-19 10:19:55,042 - INFO - ⇠ processing final results — done in 0.05s
2026-01-19 10:19:55,043 - INFO - ⇢ Создание отчетов и сохранение результатов...
2026-01-19 10:19:55,043 - INFO - ⇢ generating reports — start
2026-01-19 10:19:55,043 - INFO -   ⇢ Создание отчета о производительности...
2026-01-19 10:20:02,043 - INFO -   ✓ Отчет о производительности создан
2026-01-19 10:20:02,044 - INFO -   ⇢ Сохранение данных в CSV файлы...
2026-01-19 10:20:02,046 - INFO - 📋 Метрики сохранены: artifacts/wfa/runs/20260119_relaxed4_stress/stress_relaxed4_20260119_pv0p08_hurst0p65_hl0p02_60_corr0p45_ssd50000_kpss0p03/strategy_metrics.csv
2026-01-19 10:20:02,048 - INFO - 📈 Дневные P&L сохранены: artifacts/wfa/runs/20260119_relaxed4_stress/stress_relaxed4_20260119_pv0p08_hurst0p65_hl0p02_60_corr0p45_ssd50000_kpss0p03/daily_pnl.csv (151 записей)
2026-01-19 10:20:02,102 - INFO - 💹 Кривая капитала сохранена: artifacts/wfa/runs/20260119_relaxed4_stress/stress_relaxed4_20260119_pv0p08_hurst0p65_hl0p02_60_corr0p45_ssd50000_kpss0p03/equity_curve.csv (14401 точек)
2026-01-19 10:20:02,108 - INFO - 📋 Статистика сделок сохранена: artifacts/wfa/runs/20260119_relaxed4_stress/stress_relaxed4_20260119_pv0p08_hurst0p65_hl0p02_60_corr0p45_ssd50000_kpss0p03/trade_statistics.csv (277 записей)
2026-01-19 10:20:02,108 - INFO - 🎉 Walk-Forward анализ полностью завершен!
2026-01-19 10:20:02,108 - INFO - 📊 Все отчеты и данные сохранены в: artifacts/wfa/runs/20260119_relaxed4_stress/stress_relaxed4_20260119_pv0p08_hurst0p65_hl0p02_60_corr0p45_ssd50000_kpss0p03
2026-01-19 10:20:02,108 - INFO - 💼 Итоговый капитал: $10,426.44
2026-01-19 10:20:02,108 - INFO - ⏱️  Общее время выполнения: 9.5 секунд
2026-01-19 10:20:02,108 - INFO - ⇠ generating reports — done in 7.07s
2026-01-19 10:20:02,108 - coint2.core.memory_optimization - INFO - 🧹 Cleaning up global price data
2026-01-19 10:20:02,112 - coint2.core.memory_optimization - INFO - 📊 No global rolling stats to clean up
2026-01-19 10:20:02,113 - INFO - 🧹 Memory-mapped data cleaned up
2026-01-19 10:20:02,115 - INFO - ⇠ run_walk_forward_analysis — done in 623.39s
📊 Отчет сохранен: artifacts/wfa/runs/20260119_relaxed4_stress/stress_relaxed4_20260119_pv0p08_hurst0p65_hl0p02_60_corr0p45_ssd50000_kpss0p03/CointegrationStrategy_performance_report.png
🎯 ============================================================
📊 ИТОГИ ТОРГОВОЙ СТРАТЕГИИ
🎯 ============================================================

💰 ФИНАНСОВЫЕ РЕЗУЛЬТАТЫ:
   • Общий P&L:                          426
   • Максимальная просадка:             -177
   • Средний дневной P&L:                  3

📈 МЕТРИКИ РИСКА:
   • Коэффициент Шарпа:               2.3860
   • Волатильность P&L:                20.76
   • Процент прибыльных дней:         48.34%

🔄 ТОРГОВАЯ АКТИВНОСТЬ:
   • Всего торговых дней:                151
   • Всего сделок:                     5,147
   • Торгуемых пар:                      272
   • Сделок на пару:                    18.6
   • Успешность сделок:               0.32%

💸 РАСХОДЫ И ЭКСТРЕМУМЫ:
   • Общие расходы:                      311
   • Максимальная прибыль:               151
   • Максимальный убыток:               -123
   • Лучшая пара (P&L):                   75
   • Худшая пара (P&L):                  -40

📊 ОЦЕНКА СТРАТЕГИИ:
   ✅ ОТЛИЧНАЯ стратегия! Высокий Шарп и положительный результат

🎯 ============================================================

Annualized Sharpe Ratio: 2.386027338080754
[run_wfa_fullcpu] end: 2026-01-19T10:20:03Z
