[run_wfa_queue] 2026-01-19T10:49:50Z cmd: /opt/coint4/coint4/run_wfa_fullcpu.sh configs/stability_20260119_relaxed5/stability_relaxed5_20260119_pv0p08_hurst0p65_hl0p02_60_corr0p45_ssd50000_kpss0p03_w2m1.yaml artifacts/wfa/runs/20260119_stability_relaxed5/stability_relaxed5_20260119_pv0p08_hurst0p65_hl0p02_60_corr0p45_ssd50000_kpss0p03_w2m1
[run_wfa_fullcpu] start: 2026-01-19T10:49:50Z
[run_wfa_fullcpu] os.cpu_count: 8
[run_wfa_fullcpu] worker_pid=1317
2026-01-19 10:49:53,650 - coint2.core.memory_optimization - INFO - ✅ BLAS threading limits set to 1 via threadpoolctl
2026-01-19 10:49:53,650 - coint2.core.memory_optimization - INFO - 🔧 Controlled libraries: openblas, openmp
2026-01-19 10:49:53,651 - coint2.core.memory_optimization - INFO - 🧵 Process threads: 2 → 2
2026-01-19 10:49:53,651 - coint2.core.memory_optimization - INFO - 📝 Set 11 environment variables
2026-01-19 10:49:54,005 - INFO - ✅ Параметры конфигурации валидны
2026-01-19 10:49:54,005 - INFO - 📝 Некоторые параметры были скорректированы:
2026-01-19 10:49:54,006 - INFO - 🧭 WFA: динамический отбор пар на каждом шаге
2026-01-19 10:49:54,006 - INFO -   Шаг 1: тренировка 2023-08-02-2023-09-30, тест 2023-10-01-2023-10-31
2026-01-19 10:49:54,006 - INFO -   Шаг 2: тренировка 2023-09-01-2023-10-30, тест 2023-10-31-2023-11-30
2026-01-19 10:49:54,006 - INFO -   Шаг 3: тренировка 2023-10-01-2023-11-29, тест 2023-11-30-2023-12-30
2026-01-19 10:49:54,006 - INFO -   Шаг 4: тренировка 2023-10-31-2023-12-29, тест 2023-12-30-2024-01-29
2026-01-19 10:49:54,006 - INFO -   Шаг 5: тренировка 2023-11-30-2024-01-28, тест 2024-01-29-2024-02-28
2026-01-19 10:49:54,006 - INFO -   Шаг 6: тренировка 2023-12-30-2024-02-27, тест 2024-02-28-2024-03-29
2026-01-19 10:49:54,006 - INFO -   Шаг 7: тренировка 2024-01-29-2024-03-28, тест 2024-03-29-2024-04-28
2026-01-19 10:49:54,006 - INFO -   Шаг 8: тренировка 2024-02-28-2024-04-27, тест 2024-04-28-2024-05-28
2026-01-19 10:49:54,006 - INFO - 📈 Запланировано 8 walk-forward шагов
2026-01-19 10:49:54,006 - INFO - ⛔ Ограничение WFA шагов: 8 → 5
2026-01-19 10:49:54,006 - WARNING - ⚠️ Маленький буфер между training и testing в шаге 1: 0 дней. Рекомендуется минимум 1 день.
2026-01-19 10:49:54,006 - WARNING - ⚠️ Маленький буфер между training и testing в шаге 2: 0 дней. Рекомендуется минимум 1 день.
2026-01-19 10:49:54,006 - WARNING - ⚠️ Маленький буфер между training и testing в шаге 3: 0 дней. Рекомендуется минимум 1 день.
2026-01-19 10:49:54,006 - WARNING - ⚠️ Маленький буфер между training и testing в шаге 4: 0 дней. Рекомендуется минимум 1 день.
2026-01-19 10:49:54,006 - WARNING - ⚠️ Маленький буфер между training и testing в шаге 5: 0 дней. Рекомендуется минимум 1 день.
2026-01-19 10:49:54,006 - INFO - ✅ Шаги успешно запланированы:
2026-01-19 10:49:54,006 - INFO -    Шаг 1: тренировка 2023-08-02-2023-09-30, тест 2023-10-01-2023-10-31
2026-01-19 10:49:54,006 - INFO -    Шаг 2: тренировка 2023-09-01-2023-10-30, тест 2023-10-31-2023-11-30
2026-01-19 10:49:54,007 - INFO -    Шаг 3: тренировка 2023-10-01-2023-11-29, тест 2023-11-30-2023-12-30
2026-01-19 10:49:54,007 - INFO -    Шаг 4: тренировка 2023-10-31-2023-12-29, тест 2023-12-30-2024-01-29
2026-01-19 10:49:54,007 - INFO -    Шаг 5: тренировка 2023-11-30-2024-01-28, тест 2024-01-29-2024-02-28
2026-01-19 10:49:54,007 - INFO - 🗂️ Consolidating price data for memory-mapped access...
2026-01-19 10:49:54,007 - INFO - 📊 Consolidating data range: 2023-07-28 → 2024-03-04
2026-01-19 10:49:54,007 - coint2.core.memory_optimization - INFO - 🔄 Consolidating price data from data_downloaded to .cache/consolidated_prices.parquet
2026-01-19 10:49:54,007 - INFO - ⇢ loading raw data for consolidation — start
2026-01-19 10:49:55,405 - INFO - ⇠ loading raw data for consolidation — done in 1.40s
2026-01-19 10:49:55,405 - INFO - ⇢ pivoting data to wide format — start
2026-01-19 10:50:00,695 - INFO - ⇠ pivoting data to wide format — done in 5.29s
2026-01-19 10:50:00,752 - coint2.core.memory_optimization - INFO - 📊 Consolidated data: 21121 rows × 346 symbols
2026-01-19 10:50:00,752 - coint2.core.memory_optimization - INFO - 💾 Memory usage: 29.4 MB
2026-01-19 10:50:00,752 - INFO - ⇢ writing consolidated Parquet file — start
2026-01-19 10:50:00,963 - INFO - ⇠ writing consolidated Parquet file — done in 0.21s
2026-01-19 10:50:00,963 - coint2.core.memory_optimization - INFO - ✅ Successfully consolidated data to .cache/consolidated_prices.parquet
2026-01-19 10:50:00,987 - coint2.core.memory_optimization - INFO - 🔄 Initializing memory-mapped price data from .cache/consolidated_prices.parquet
2026-01-19 10:50:00,987 - INFO - ⇢ loading memory-mapped data — start
2026-01-19 10:50:00,987 - coint2.core.memory_optimization - WARNING - ⚠️ memory_map не поддерживается в текущей версии pyarrow, fallback без mmap
2026-01-19 10:50:01,113 - INFO - ⇠ loading memory-mapped data — done in 0.13s
2026-01-19 10:50:01,122 - coint2.core.memory_optimization - INFO - 📊 Loaded 21121 rows × 346 symbols
2026-01-19 10:50:01,123 - coint2.core.memory_optimization - INFO - 💾 Memory usage: 29.4 MB (memory-mapped)
2026-01-19 10:50:01,124 - INFO - ✅ Memory-mapped data initialized successfully
2026-01-19 10:50:01,125 - INFO - ⇢ Walk-forward steps — starting 5 items
2026-01-19 10:50:01,126 - INFO - 📈 Инициализация equity кривой с первой тестовой даты: 2023-10-01 00:00:00
2026-01-19 10:50:01,126 - INFO - 🔍 WF-шаг 1/5: Валидация временных окон...
2026-01-19 10:50:01,127 - INFO - ⇢ WF-шаг 1/5: training 2023-08-02-2023-09-30, testing 2023-10-01-2023-10-31 — start
2026-01-19 10:50:01,127 - INFO - ⇢ loading step data — start
2026-01-19 10:50:01,288 - INFO - ⇠ loading step data — done in 0.16s
2026-01-19 10:50:02,653 - INFO - 📊 WF-шаг 1/5: Границы данных:
2026-01-19 10:50:02,653 - INFO -    Training: 2023-08-02 00:00:00 → 2023-09-30 23:45:00 (5,760 строк × 282 символов)
2026-01-19 10:50:02,653 - INFO -    Testing:  2023-10-01 00:00:00 → 2023-10-31 00:00:00 (2,881 строк × 282 символов)
2026-01-19 10:50:02,653 - INFO -    Временной разрыв: 0 days 00:15:00
2026-01-19 10:50:02,690 - INFO - ⇢ normalizing training data — start
2026-01-19 10:50:02,720 - INFO -   Символы с NaN значениями: 20
2026-01-19 10:50:02,720 - INFO -   Применяем метод нормализации: rolling_zscore
2026-01-19 10:50:02,733 - INFO - Символы с недостаточной историей: 20 из 282
2026-01-19 10:50:03,088 - INFO - Символы с NaN после нормализации: 262
2026-01-19 10:50:03,095 - INFO - Удалено 1 начальных строк с NaN от rolling расчетов
2026-01-19 10:50:03,097 - INFO - Итоговое количество символов после нормализации: 262 из 282
2026-01-19 10:50:03,097 - INFO -   Статистика нормализации:
2026-01-19 10:50:03,097 - INFO -     Исходные символы: 282
2026-01-19 10:50:03,097 - INFO -     Недостаточная история: 20
2026-01-19 10:50:03,097 - INFO -     Постоянная цена: 0
2026-01-19 10:50:03,098 - INFO -     NaN после нормализации: 262
2026-01-19 10:50:03,098 - INFO -     Итоговые символы: 262 (92.9%)
2026-01-19 10:50:03,098 - INFO -   После нормализации: 262 символов (потеряно 20)
2026-01-19 10:50:03,098 - INFO -   Отброшенные символы: ADAEUR, BEAMUSDT, BTCEUR, CYBERUSDT, DOGEEUR, ETHEUR, FETUSDT, JEFFUSDT, KASUSDT, KAVAUSDT, LTCEUR, ORDIUSDT, POLUSDT, PPTUSDT, PYUSDUSDT, SEIUSDT, SOLEUR, USDCEUR, XRPEUR, ZTXUSDT
2026-01-19 10:50:03,098 - INFO - ⇠ normalizing training data — done in 0.41s
2026-01-19 10:50:03,098 - INFO - ⇢ SSD computation — start
2026-01-19 10:50:03,098 - INFO -   Расчет SSD для всех пар (без ограничения)
2026-01-19 10:50:08,922 - INFO -   SSD результат (все пары): 34191 пар
2026-01-19 10:50:08,922 - INFO - ⇠ SSD computation — done in 5.82s
2026-01-19 10:50:08,931 - INFO - ⇢ filtering pairs by cointegration and half-life — start
2026-01-19 10:50:08,931 - INFO - [ФИЛЬТР] Параллельная фильтрация: processes (8 workers)
⚙️  Загрузка данных за период: 2023-07-28 -> 2024-03-04
📂 Найдено 43 parquet файлов для обработки.
📊 Схема данных: Schema({'timestamp': Int64, 'open': Float64, 'high': Float64, 'low': Float64, 'close': Float64, 'volume': Float64, 'turnover': String, 'ts_ms': Int64, 'symbol': String})
✅ Загружено 6226682 записей с помощью Polars.
📊 Типы данных в pandas: timestamp       datetime64[us]
symbol                  object
close                  float64
timestamp_ms             int64
dtype: object
⚙️  Загрузка данных за период: 2023-08-02 -> 2023-10-31
📂 Найдено 43 parquet файлов для обработки.
📊 Схема данных: Schema({'timestamp': Int64, 'open': Float64, 'high': Float64, 'low': Float64, 'close': Float64, 'volume': Float64, 'turnover': String, 'ts_ms': Int64, 'symbol': String})
✅ Загружено 2351056 записей с помощью Polars.
📊 Типы данных в pandas: timestamp       datetime64[us]
symbol                  object
close                  float64
timestamp_ms             int64
dtype: object
2026-01-19 10:52:21,583 - INFO - [ФИЛЬТР] После проверки данных: 34191 пар
2026-01-19 10:52:21,583 - INFO - [ФИЛЬТР] После фильтра корреляции (>0.45): 24243 пар
2026-01-19 10:52:21,583 - INFO - [ФИЛЬТР] После фильтра beta: 16020 пар
2026-01-19 10:52:21,583 - INFO - [ФИЛЬТР] После фильтра mean crossings: 16020 пар
2026-01-19 10:52:21,583 - INFO - [ФИЛЬТР] После фильтра half-life: 15921 пар
2026-01-19 10:52:21,583 - INFO - [ФИЛЬТР] После фильтра коинтеграции: 6593 пар
2026-01-19 10:52:21,583 - INFO - [ФИЛЬТР] После фильтра Hurst: 4567 пар
2026-01-19 10:52:21,583 - INFO - [ФИЛЬТР] После фильтра KPSS: 247 пар
2026-01-19 10:52:21,583 - INFO - [ФИЛЬТР] После фильтра market microstructure: 247 пар
2026-01-19 10:52:21,583 - INFO - [ФИЛЬТР] Статистика фильтрации (оптимизированный порядок):
2026-01-19 10:52:21,583 - INFO -   1. SSD → Коинтеграция: 34191 → 6593 пар
2026-01-19 10:52:21,583 - INFO -   2. Коинтеграция → Beta: 6593 → 16020 пар
2026-01-19 10:52:21,583 - INFO -   3. Beta → Half-life: 16020 → 15921 пар
2026-01-19 10:52:21,583 - INFO -   4. Half-life → Mean crossings: 15921 → 16020 пар
2026-01-19 10:52:21,583 - INFO -   5. Mean crossings → Hurst: 16020 → 4567 пар
2026-01-19 10:52:21,584 - INFO -   6. Hurst → KPSS: 4567 → 247 пар
2026-01-19 10:52:21,584 - INFO -   7. KPSS → Market microstructure: 247 → 247 пар
2026-01-19 10:52:21,584 - INFO - [ФИЛЬТР] Причины отсева:
2026-01-19 10:52:21,584 - INFO -   • low_correlation: 9948 пар (29.1%)
2026-01-19 10:52:21,584 - INFO -   • pvalue: 9328 пар (27.3%)
2026-01-19 10:52:21,584 - INFO -   • beta: 8223 пар (24.1%)
2026-01-19 10:52:21,584 - INFO -   • kpss: 4320 пар (12.6%)
2026-01-19 10:52:21,584 - INFO -   • hurst: 2026 пар (5.9%)
2026-01-19 10:52:21,584 - INFO -   • half_life: 99 пар (0.3%)
2026-01-19 10:52:21,584 - INFO - [ФИЛЬТР] Итого: 34191 → 247 пар (0.7% прошли все фильтры)
2026-01-19 10:52:21,635 - INFO - Причины отсева сохранены в results/filter_reasons_20260119_105221.csv
2026-01-19 10:52:21,641 - INFO -   Pair stability filter: insufficient history (0 < 1), skip
2026-01-19 10:52:21,641 - INFO -   Фильтрация: 34191 → 247 пар
2026-01-19 10:52:21,641 - INFO - ⇠ filtering pairs by cointegration and half-life — done in 132.71s
2026-01-19 10:52:21,641 - INFO - ⇠ WF-шаг 1/5: training 2023-08-02-2023-09-30, testing 2023-10-01-2023-10-31 — done in 140.51s
2026-01-19 10:52:21,641 - INFO -   Топ-3 пары по волатильности спреда:
2026-01-19 10:52:21,641 - INFO -     1. COMPUSDT-GMXUSDT: beta=1.0239, std=2.0031
2026-01-19 10:52:21,641 - INFO -     2. COMPUSDT-LTCUSDC: beta=0.8118, std=1.8132
2026-01-19 10:52:21,641 - INFO -     3. COMPUSDT-LTCUSDT: beta=0.8093, std=1.8119
2026-01-19 10:52:21,641 - INFO -   Всего пар для торговли: 247 (ограничение 15 применяется к одновременно открытым позициям)
2026-01-19 10:52:21,642 - INFO -   💰 Проверка расчета капитала: equity=$10,000.00, кандидатных_пар=247, max_позиций=15
2026-01-19 10:52:21,642 - INFO -   🎯 Target concurrency: 15 (ожидаемое одновременное число позиций)
2026-01-19 10:52:21,642 - INFO -   📊 Детали расчета капитала:
2026-01-19 10:52:21,642 - INFO -      • Базовый капитал на пару: $666.67 (equity / target_concurrency)
2026-01-19 10:52:21,642 - INFO -      • Риск-капитал: $150.00 (1.5% от equity)
2026-01-19 10:52:21,642 - INFO -      • Макс. размер позиции: $200.00 (2.0% от equity)
2026-01-19 10:52:21,642 - INFO -      • Итоговый капитал на пару: $150.00
2026-01-19 10:52:21,642 - INFO - ⇢ WF-шаг 1/5 backtests — starting 247 items
2026-01-19 10:52:21,642 - INFO - 🚀 WF-шаг 1/5: Начинаем бэктесты для 247 пар...
2026-01-19 10:52:21,642 - INFO - 🚀 WF-шаг 1/5: Запускаем параллельную обработку 247 пар на 8 ядрах...
2026-01-19 10:52:21,642 - INFO -   📊 Большой набор пар (247), ожидаемое время: ~9 мин
2026-01-19 10:52:21,642 - INFO -   🔄 Прогресс будет отображаться каждые 24 пар
2026-01-19 10:52:21,642 - INFO - 🚀 WF-шаг 1/5: Режим параллельности: процессы
2026-01-19 10:52:21,693 - coint2.engine.numba_engine - INFO - Запуск Numba-оптимизированного бэктеста для COMPUSDT-GMXUSDT
2026-01-19 10:52:21,710 - coint2.engine.numba_engine - INFO - Запуск Numba-оптимизированного бэктеста для COMPUSDT-LTCUSDC
2026-01-19 10:52:21,729 - coint2.engine.numba_engine - INFO - Запуск Numba-оптимизированного бэктеста для COMPUSDT-LTCUSDT
2026-01-19 10:52:21,746 - coint2.engine.numba_engine - INFO - Запуск Numba-оптимизированного бэктеста для RPLUSDT-SDUSDT
2026-01-19 10:52:21,770 - coint2.engine.numba_engine - INFO - Запуск Numba-оптимизированного бэктеста для TIMEUSDT-ZENUSDT
2026-01-19 10:52:21,780 - coint2.engine.numba_engine - INFO - Запуск Numba-оптимизированного бэктеста для TIMEUSDT-XRPUSDT
2026-01-19 10:52:21,795 - coint2.engine.numba_engine - INFO - Запуск Numba-оптимизированного бэктеста для ETHUSDC-ETHUSDT
2026-01-19 10:52:21,798 - coint2.engine.numba_engine - INFO - Запуск Numba-оптимизированного бэктеста для TIMEUSDT-WAVESUSDT
2026-01-19 10:52:21,804 - coint2.engine.numba_engine - INFO - Запуск Numba-оптимизированного бэктеста для APTUSDC-ARBUSDT
2026-01-19 10:52:21,813 - coint2.engine.numba_engine - INFO - Запуск Numba-оптимизированного бэктеста для KSMUSDT-STETHUSDT
2026-01-19 10:52:21,821 - coint2.engine.numba_engine - INFO - Запуск Numba-оптимизированного бэктеста для ARUSDT-XRPUSDT
2026-01-19 10:52:21,827 - coint2.engine.numba_engine - INFO - Запуск Numba-оптимизированного бэктеста для DOTUSDC-SDUSDT
2026-01-19 10:52:21,826 - coint2.engine.numba_engine - INFO - Запуск Numba-оптимизированного бэктеста для TIMEUSDT-XRPUSDC
2026-01-19 10:52:21,831 - coint2.engine.numba_engine - INFO - Запуск Numba-оптимизированного бэктеста для ETCUSDT-XRPUSDT
2026-01-19 10:52:21,831 - coint2.engine.numba_engine - INFO - Запуск Numba-оптимизированного бэктеста для TIMEUSDT-UMAUSDT
2026-01-19 10:52:21,843 - coint2.engine.numba_engine - INFO - Запуск Numba-оптимизированного бэктеста для ARUSDT-MASKUSDT
2026-01-19 10:52:21,846 - coint2.engine.numba_engine - INFO - Запуск Numba-оптимизированного бэктеста для AXSUSDT-GMTUSDT
2026-01-19 10:52:21,849 - coint2.engine.numba_engine - INFO - Запуск Numba-оптимизированного бэктеста для INTERUSDT-LUNAUSDT
2026-01-19 10:52:21,853 - coint2.engine.numba_engine - INFO - Запуск Numba-оптимизированного бэктеста для ETCUSDT-XRPUSDC
2026-01-19 10:52:21,857 - coint2.engine.numba_engine - INFO - Запуск Numba-оптимизированного бэктеста для ARUSDT-MANAUSDT
2026-01-19 10:52:21,865 - coint2.engine.numba_engine - INFO - Запуск Numba-оптимизированного бэктеста для AXSUSDT-GMTUSDC
2026-01-19 10:52:21,868 - coint2.engine.numba_engine - INFO - Запуск Numba-оптимизированного бэктеста для SNXUSDT-SOLOUSDT
2026-01-19 10:52:21,873 - coint2.engine.numba_engine - INFO - Запуск Numba-оптимизированного бэктеста для INTERUSDT-SOLOUSDT
2026-01-19 10:52:21,881 - coint2.engine.numba_engine - INFO - Запуск Numba-оптимизированного бэктеста для ARUSDT-MANAUSDC
2026-01-19 10:52:21,885 - coint2.engine.numba_engine - INFO - Запуск Numba-оптимизированного бэктеста для HNTUSDT-MDAOUSDT
2026-01-19 10:52:21,888 - coint2.engine.numba_engine - INFO - Запуск Numba-оптимизированного бэктеста для INTERUSDT-XRPUSDC
2026-01-19 10:52:21,891 - coint2.engine.numba_engine - INFO - Запуск Numba-оптимизированного бэктеста для INTERUSDT-WAXPUSDT
2026-01-19 10:52:21,896 - coint2.engine.numba_engine - INFO - Запуск Numba-оптимизированного бэктеста для APEUSDC-PSTAKEUSDT
2026-01-19 10:52:21,905 - coint2.engine.numba_engine - INFO - Запуск Numba-оптимизированного бэктеста для INTERUSDT-KSMUSDT
2026-01-19 10:52:21,911 - coint2.engine.numba_engine - INFO - Запуск Numba-оптимизированного бэктеста для INTERUSDT-QTUMUSDT
2026-01-19 10:52:21,914 - coint2.engine.numba_engine - INFO - Запуск Numba-оптимизированного бэктеста для APTUSDT-ARBUSDT
2026-01-19 10:52:21,914 - coint2.engine.numba_engine - INFO - Запуск Numba-оптимизированного бэктеста для MASKUSDT-XRPUSDC
2026-01-19 10:52:21,919 - coint2.engine.numba_engine - INFO - Запуск Numba-оптимизированного бэктеста для INTERUSDT-XRPUSDT
2026-01-19 10:52:21,921 - coint2.engine.numba_engine - INFO - Запуск Numba-оптимизированного бэктеста для HNTUSDT-SDUSDT
2026-01-19 10:52:21,927 - coint2.engine.numba_engine - INFO - Запуск Numba-оптимизированного бэктеста для INTERUSDT-ZENUSDT
2026-01-19 10:52:21,934 - coint2.engine.numba_engine - INFO - Запуск Numba-оптимизированного бэктеста для APTUSDT-ARBUSDC
2026-01-19 10:52:21,935 - coint2.engine.numba_engine - INFO - Запуск Numba-оптимизированного бэктеста для MASKUSDT-XRPUSDT
2026-01-19 10:52:21,938 - coint2.engine.numba_engine - INFO - Запуск Numba-оптимизированного бэктеста для INTERUSDT-UMAUSDT
2026-01-19 10:52:21,939 - coint2.engine.numba_engine - INFO - Запуск Numba-оптимизированного бэктеста для DOTUSDT-SDUSDT
2026-01-19 10:52:21,949 - coint2.engine.numba_engine - INFO - Запуск Numba-оптимизированного бэктеста для HNTUSDT-VPADUSDT
2026-01-19 10:52:21,956 - coint2.engine.numba_engine - INFO - Запуск Numba-оптимизированного бэктеста для AFCUSDT-ICPUSDC
2026-01-19 10:52:21,958 - coint2.engine.numba_engine - INFO - Запуск Numba-оптимизированного бэктеста для AXSUSDT-UNIUSDT
2026-01-19 10:52:21,960 - coint2.engine.numba_engine - INFO - Запуск Numba-оптимизированного бэктеста для AFCUSDT-ICPUSDT
2026-01-19 10:52:21,963 - coint2.engine.numba_engine - INFO - Запуск Numba-оптимизированного бэктеста для INTERUSDT-XEMUSDT
2026-01-19 10:52:21,964 - coint2.engine.numba_engine - INFO - Запуск Numba-оптимизированного бэктеста для INTERUSDT-ZILUSDT
2026-01-19 10:52:21,966 - coint2.engine.numba_engine - INFO - Запуск Numba-оптимизированного бэктеста для APTUSDC-ARBUSDC
2026-01-19 10:52:21,967 - coint2.engine.numba_engine - INFO - Запуск Numba-оптимизированного бэктеста для INTERUSDT-THETAUSDT
2026-01-19 10:52:21,974 - coint2.engine.numba_engine - INFO - Запуск Numba-оптимизированного бэктеста для INTERUSDT-MANAUSDT
2026-01-19 10:52:21,981 - coint2.engine.numba_engine - INFO - Запуск Numba-оптимизированного бэктеста для AFCUSDT-VPADUSDT
2026-01-19 10:52:21,983 - coint2.engine.numba_engine - INFO - Запуск Numba-оптимизированного бэктеста для CITYUSDT-DOTUSDC
2026-01-19 10:52:21,986 - coint2.engine.numba_engine - INFO - Запуск Numba-оптимизированного бэктеста для AFCUSDT-AVAXUSDC
2026-01-19 10:52:21,989 - coint2.engine.numba_engine - INFO - Запуск Numba-оптимизированного бэктеста для INTERUSDT-SNXUSDT
2026-01-19 10:52:21,993 - coint2.engine.numba_engine - INFO - Запуск Numba-оптимизированного бэктеста для AXSUSDT-SANDUSDT
2026-01-19 10:52:21,996 - coint2.engine.numba_engine - INFO - Запуск Numba-оптимизированного бэктеста для INTERUSDT-USTCUSDT
2026-01-19 10:52:22,001 - coint2.engine.numba_engine - INFO - Запуск Numba-оптимизированного бэктеста для ARUSDT-FILUSDT
2026-01-19 10:52:22,004 - coint2.engine.numba_engine - INFO - Запуск Numba-оптимизированного бэктеста для ETHWUSDT-XTZUSDT
2026-01-19 10:52:22,008 - coint2.engine.numba_engine - INFO - Запуск Numba-оптимизированного бэктеста для BELUSDT-FTTUSDT
2026-01-19 10:52:22,011 - coint2.engine.numba_engine - INFO - Запуск Numba-оптимизированного бэктеста для CITYUSDT-DOTUSDT
2026-01-19 10:52:22,012 - coint2.engine.numba_engine - INFO - Запуск Numba-оптимизированного бэктеста для APEUSDT-PSTAKEUSDT
2026-01-19 10:52:22,016 - coint2.engine.numba_engine - INFO - Запуск Numba-оптимизированного бэктеста для PSGUSDT-SDUSDT
2026-01-19 10:52:22,017 - coint2.engine.numba_engine - INFO - Запуск Numba-оптимизированного бэктеста для INTERUSDT-STXUSDT
2026-01-19 10:52:22,017 - coint2.engine.numba_engine - INFO - Запуск Numba-оптимизированного бэктеста для AFCUSDT-DOTUSDC
2026-01-19 10:52:22,025 - coint2.engine.numba_engine - INFO - Запуск Numba-оптимизированного бэктеста для AXSUSDT-SANDUSDC
2026-01-19 10:52:22,030 - coint2.engine.numba_engine - INFO - Запуск Numba-оптимизированного бэктеста для ARKMUSDT-SOLUSDT
2026-01-19 10:52:22,035 - coint2.engine.numba_engine - INFO - Запуск Numba-оптимизированного бэктеста для ETHWUSDT-GMTUSDC
2026-01-19 10:52:22,036 - coint2.engine.numba_engine - INFO - Запуск Numba-оптимизированного бэктеста для SUSHIUSDT-USTCUSDT
2026-01-19 10:52:22,036 - coint2.engine.numba_engine - INFO - Запуск Numba-оптимизированного бэктеста для INTERUSDT-MASKUSDT
2026-01-19 10:52:22,039 - coint2.engine.numba_engine - INFO - Запуск Numba-оптимизированного бэктеста для INTERUSDT-LTCUSDC
2026-01-19 10:52:22,039 - coint2.engine.numba_engine - INFO - Запуск Numba-оптимизированного бэктеста для CITYUSDT-JUVUSDT
2026-01-19 10:52:22,047 - coint2.engine.numba_engine - INFO - Запуск Numba-оптимизированного бэктеста для INTERUSDT-ROSEUSDT
2026-01-19 10:52:22,054 - coint2.engine.numba_engine - INFO - Запуск Numba-оптимизированного бэктеста для ARKMUSDT-OMGUSDT
2026-01-19 10:52:22,058 - coint2.engine.numba_engine - INFO - Запуск Numba-оптимизированного бэктеста для OPUSDT-VPADUSDT
2026-01-19 10:52:22,058 - coint2.engine.numba_engine - INFO - Запуск Numba-оптимизированного бэктеста для ARKMUSDT-IZIUSDT
2026-01-19 10:52:22,058 - coint2.engine.numba_engine - INFO - Запуск Numba-оптимизированного бэктеста для ARKMUSDT-SOLUSDC
2026-01-19 10:52:22,061 - coint2.engine.numba_engine - INFO - Запуск Numba-оптимизированного бэктеста для INTERUSDT-MANAUSDC
2026-01-19 10:52:22,062 - coint2.engine.numba_engine - INFO - Запуск Numba-оптимизированного бэктеста для ETHWUSDT-SANDUSDC
2026-01-19 10:52:22,066 - coint2.engine.numba_engine - INFO - Запуск Numba-оптимизированного бэктеста для INTERUSDT-WAVESUSDT
2026-01-19 10:52:22,069 - coint2.engine.numba_engine - INFO - Запуск Numba-оптимизированного бэктеста для INTERUSDT-LTCUSDT
2026-01-19 10:52:22,077 - coint2.engine.numba_engine - INFO - Запуск Numba-оптимизированного бэктеста для BICOUSDT-IMXUSDT
2026-01-19 10:52:22,080 - coint2.engine.numba_engine - INFO - Запуск Numba-оптимизированного бэктеста для SDUSDT-VPADUSDT
2026-01-19 10:52:22,080 - coint2.engine.numba_engine - INFO - Запуск Numba-оптимизированного бэктеста для ARKMUSDT-SFUNDUSDT
2026-01-19 10:52:22,081 - coint2.engine.numba_engine - INFO - Запуск Numba-оптимизированного бэктеста для AFCUSDT-CITYUSDT
2026-01-19 10:52:22,084 - coint2.engine.numba_engine - INFO - Запуск Numba-оптимизированного бэктеста для PSGUSDT-VPADUSDT
2026-01-19 10:52:22,084 - coint2.engine.numba_engine - INFO - Запуск Numba-оптимизированного бэктеста для ARKMUSDT-OPUSDT
2026-01-19 10:52:22,090 - WARNING - ❌ Ошибка обработки пары AFCUSDT-CITYUSDT: division by zero
2026-01-19 10:52:22,091 - coint2.engine.numba_engine - INFO - Запуск Numba-оптимизированного бэктеста для DYDXUSDT-QNTUSDT
2026-01-19 10:52:22,100 - coint2.engine.numba_engine - INFO - Запуск Numba-оптимизированного бэктеста для HFTUSDT-RPLUSDT
2026-01-19 10:52:22,100 - coint2.engine.numba_engine - INFO - Запуск Numba-оптимизированного бэктеста для UMAUSDT-XRPUSDT
2026-01-19 10:52:22,103 - coint2.engine.numba_engine - INFO - Запуск Numba-оптимизированного бэктеста для HFTUSDC-RPLUSDT
2026-01-19 10:52:22,106 - coint2.engine.numba_engine - INFO - Запуск Numba-оптимизированного бэктеста для AFCUSDT-DOTUSDT
2026-01-19 10:52:22,107 - coint2.engine.numba_engine - INFO - Запуск Numba-оптимизированного бэктеста для SFUNDUSDT-VPADUSDT
2026-01-19 10:52:22,107 - coint2.engine.numba_engine - INFO - Запуск Numba-оптимизированного бэктеста для HFTUSDT-VPADUSDT
2026-01-19 10:52:22,109 - coint2.engine.numba_engine - INFO - Запуск Numba-оптимизированного бэктеста для AFCUSDT-AVAXUSDT
2026-01-19 10:52:22,114 - coint2.engine.numba_engine - INFO - Запуск Numba-оптимизированного бэктеста для OPUSDC-VPADUSDT
2026-01-19 10:52:22,123 - coint2.engine.numba_engine - INFO - Запуск Numba-оптимизированного бэктеста для CAKEUSDT-VPADUSDT
2026-01-19 10:52:22,125 - coint2.engine.numba_engine - INFO - Запуск Numba-оптимизированного бэктеста для BICOUSDT-ROSEUSDT
2026-01-19 10:52:22,126 - coint2.engine.numba_engine - INFO - Запуск Numba-оптимизированного бэктеста для BICOUSDT-WAXPUSDT
2026-01-19 10:52:22,130 - coint2.engine.numba_engine - INFO - Запуск Numba-оптимизированного бэктеста для NEARUSDT-RPLUSDT
2026-01-19 10:52:22,131 - coint2.engine.numba_engine - INFO - Запуск Numba-оптимизированного бэктеста для HFTUSDC-SFUNDUSDT
2026-01-19 10:52:22,132 - coint2.engine.numba_engine - INFO - Запуск Numba-оптимизированного бэктеста для THETAUSDT-XRPUSDC
2026-01-19 10:52:22,136 - coint2.engine.numba_engine - INFO - Запуск Numba-оптимизированного бэктеста для AFCUSDT-MDAOUSDT
2026-01-19 10:52:22,149 - coint2.engine.numba_engine - INFO - Запуск Numba-оптимизированного бэктеста для CELOUSDT-ZRXUSDT
2026-01-19 10:52:22,149 - coint2.engine.numba_engine - INFO - Запуск Numba-оптимизированного бэктеста для OMGUSDT-RDNTUSDT
2026-01-19 10:52:22,153 - coint2.engine.numba_engine - INFO - Запуск Numba-оптимизированного бэктеста для ETHWUSDT-SANDUSDT
2026-01-19 10:52:22,159 - coint2.engine.numba_engine - INFO - Запуск Numba-оптимизированного бэктеста для BICOUSDT-ZILUSDT
2026-01-19 10:52:22,160 - coint2.engine.numba_engine - INFO - Запуск Numba-оптимизированного бэктеста для UMAUSDT-XRPUSDC
2026-01-19 10:52:22,160 - coint2.engine.numba_engine - INFO - Запуск Numba-оптимизированного бэктеста для QTUMUSDT-STXUSDT
2026-01-19 10:52:22,166 - coint2.engine.numba_engine - INFO - Запуск Numba-оптимизированного бэктеста для HFTUSDC-JUVUSDT
2026-01-19 10:52:22,172 - coint2.engine.numba_engine - INFO - Запуск Numba-оптимизированного бэктеста для CTCUSDT-DOTUSDC
2026-01-19 10:52:22,173 - coint2.engine.numba_engine - INFO - Запуск Numba-оптимизированного бэктеста для ARKMUSDT-PSGUSDT
2026-01-19 10:52:22,180 - coint2.engine.numba_engine - INFO - Запуск Numba-оптимизированного бэктеста для ARKMUSDT-OPUSDC
2026-01-19 10:52:22,183 - coint2.engine.numba_engine - INFO - Запуск Numba-оптимизированного бэктеста для CRVUSDT-PIPUSDT
2026-01-19 10:52:22,185 - coint2.engine.numba_engine - INFO - Запуск Numba-оптимизированного бэктеста для HFTUSDC-MOVRUSDT
2026-01-19 10:52:22,188 - coint2.engine.numba_engine - INFO - Запуск Numba-оптимизированного бэктеста для 1INCHUSDT-SCUSDT
2026-01-19 10:52:22,200 - coint2.engine.numba_engine - INFO - Запуск Numba-оптимизированного бэктеста для RSS3USDT-TWTUSDT
2026-01-19 10:52:22,206 - coint2.engine.numba_engine - INFO - Запуск Numba-оптимизированного бэктеста для ARKMUSDT-NEXOUSDT
2026-01-19 10:52:22,207 - coint2.engine.numba_engine - INFO - Запуск Numba-оптимизированного бэктеста для NEARUSDT-XTZUSDT
2026-01-19 10:52:22,212 - coint2.engine.numba_engine - INFO - Запуск Numba-оптимизированного бэктеста для CELOUSDT-SCUSDT
2026-01-19 10:52:22,210 - coint2.engine.numba_engine - INFO - Запуск Numba-оптимизированного бэктеста для ETHWUSDT-GMTUSDT
2026-01-19 10:52:22,220 - coint2.engine.numba_engine - INFO - Запуск Numba-оптимизированного бэктеста для CTCUSDT-VPADUSDT
2026-01-19 10:52:22,221 - coint2.engine.numba_engine - INFO - Запуск Numba-оптимизированного бэктеста для HFTUSDT-SUIUSDT
2026-01-19 10:52:22,227 - coint2.engine.numba_engine - INFO - Запуск Numba-оптимизированного бэктеста для RSS3USDT-SOLUSDT
2026-01-19 10:52:22,230 - coint2.engine.numba_engine - INFO - Запуск Numba-оптимизированного бэктеста для STXUSDT-THETAUSDT
2026-01-19 10:52:22,232 - coint2.engine.numba_engine - INFO - Запуск Numba-оптимизированного бэктеста для HFTUSDT-PSGUSDT
2026-01-19 10:52:22,250 - coint2.engine.numba_engine - INFO - Запуск Numba-оптимизированного бэктеста для BATUSDT-COMPUSDT
2026-01-19 10:52:22,251 - coint2.engine.numba_engine - INFO - Запуск Numba-оптимизированного бэктеста для RSS3USDT-SFUNDUSDT
2026-01-19 10:52:22,254 - coint2.engine.numba_engine - INFO - Запуск Numba-оптимизированного бэктеста для HFTUSDC-PSGUSDT
2026-01-19 10:52:22,255 - coint2.engine.numba_engine - INFO - Запуск Numba-оптимизированного бэктеста для OMGUSDT-UNIUSDT
2026-01-19 10:52:22,257 - coint2.engine.numba_engine - INFO - Запуск Numba-оптимизированного бэктеста для THETAUSDT-XRPUSDT
2026-01-19 10:52:22,259 - coint2.engine.numba_engine - INFO - Запуск Numba-оптимизированного бэктеста для ARKMUSDT-CITYUSDT
2026-01-19 10:52:22,274 - coint2.engine.numba_engine - INFO - Запуск Numba-оптимизированного бэктеста для ADAUSDC-PSGUSDT
2026-01-19 10:52:22,280 - coint2.engine.numba_engine - INFO - Запуск Numba-оптимизированного бэктеста для RSS3USDT-SDUSDT
2026-01-19 10:52:22,280 - coint2.engine.numba_engine - INFO - Запуск Numba-оптимизированного бэктеста для HFTUSDC-SUIUSDC
2026-01-19 10:52:22,282 - coint2.engine.numba_engine - INFO - Запуск Numba-оптимизированного бэктеста для NEXOUSDT-PSGUSDT
2026-01-19 10:52:22,284 - WARNING - ❌ Ошибка обработки пары ARKMUSDT-CITYUSDT: division by zero
2026-01-19 10:52:22,300 - coint2.engine.numba_engine - INFO - Запуск Numba-оптимизированного бэктеста для BATUSDT-LTCUSDC
2026-01-19 10:52:22,302 - coint2.engine.numba_engine - INFO - Запуск Numba-оптимизированного бэктеста для SUSHIUSDT-UMAUSDT
2026-01-19 10:52:22,302 - coint2.engine.numba_engine - INFO - Запуск Numba-оптимизированного бэктеста для BICOUSDT-USTCUSDT
2026-01-19 10:52:22,304 - coint2.engine.numba_engine - INFO - Запуск Numba-оптимизированного бэктеста для CTCUSDT-SDUSDT
2026-01-19 10:52:22,305 - coint2.engine.numba_engine - INFO - Запуск Numba-оптимизированного бэктеста для BICOUSDT-ICXUSDT
2026-01-19 10:52:22,309 - coint2.engine.numba_engine - INFO - Запуск Numba-оптимизированного бэктеста для RSS3USDT-SOLUSDC
2026-01-19 10:52:22,327 - coint2.engine.numba_engine - INFO - Запуск Numba-оптимизированного бэктеста для C98USDT-SSVUSDT
2026-01-19 10:52:22,333 - coint2.engine.numba_engine - INFO - Запуск Numba-оптимизированного бэктеста для FLOWUSDT-MASKUSDT
2026-01-19 10:52:22,335 - coint2.engine.numba_engine - INFO - Запуск Numba-оптимизированного бэктеста для RSS3USDT-UNIUSDT
2026-01-19 10:52:22,347 - coint2.engine.numba_engine - INFO - Запуск Numba-оптимизированного бэктеста для FORTUSDT-SFUNDUSDT
2026-01-19 10:52:22,349 - coint2.engine.numba_engine - INFO - Запуск Numba-оптимизированного бэктеста для C98USDT-HOOKUSDT
2026-01-19 10:52:22,352 - coint2.engine.numba_engine - INFO - Запуск Numba-оптимизированного бэктеста для HFTUSDT-SFUNDUSDT
2026-01-19 10:52:22,355 - coint2.engine.numba_engine - INFO - Запуск Numba-оптимизированного бэктеста для HFTUSDC-SUIUSDT
2026-01-19 10:52:22,357 - coint2.engine.numba_engine - INFO - Запуск Numba-оптимизированного бэктеста для RSS3USDT-RVNUSDT
2026-01-19 10:52:22,361 - coint2.engine.numba_engine - INFO - Запуск Numba-оптимизированного бэктеста для BICOUSDT-CRVUSDT
2026-01-19 10:52:22,379 - coint2.engine.numba_engine - INFO - Запуск Numba-оптимизированного бэктеста для WOOUSDT-XTZUSDT
2026-01-19 10:52:22,385 - coint2.engine.numba_engine - INFO - Запуск Numba-оптимизированного бэктеста для RSS3USDT-SCRTUSDT
2026-01-19 10:52:22,391 - coint2.engine.numba_engine - INFO - Запуск Numba-оптимизированного бэктеста для ALGOUSDT-ROSEUSDT
2026-01-19 10:52:22,394 - coint2.engine.numba_engine - INFO - Запуск Numba-оптимизированного бэктеста для SANDUSDT-UNIUSDT
2026-01-19 10:52:22,400 - coint2.engine.numba_engine - INFO - Запуск Numba-оптимизированного бэктеста для HFTUSDT-JUVUSDT
2026-01-19 10:52:22,404 - coint2.engine.numba_engine - INFO - Запуск Numba-оптимизированного бэктеста для CTCUSDT-ICPUSDC
2026-01-19 10:52:22,405 - coint2.engine.numba_engine - INFO - Запуск Numba-оптимизированного бэктеста для FORTUSDT-HNTUSDT
2026-01-19 10:52:22,408 - coint2.engine.numba_engine - INFO - Запуск Numba-оптимизированного бэктеста для CTCUSDT-ICPUSDT
2026-01-19 10:52:22,428 - coint2.engine.numba_engine - INFO - Запуск Numba-оптимизированного бэктеста для ADAUSDT-PSGUSDT
2026-01-19 10:52:22,434 - coint2.engine.numba_engine - INFO - Запуск Numba-оптимизированного бэктеста для MANAUSDC-XRPUSDC
2026-01-19 10:52:22,441 - coint2.engine.numba_engine - INFO - Запуск Numba-оптимизированного бэктеста для MVUSDT-OPUSDT
2026-01-19 10:52:22,445 - coint2.engine.numba_engine - INFO - Запуск Numba-оптимизированного бэктеста для BATUSDT-THETAUSDT
2026-01-19 10:52:22,450 - coint2.engine.numba_engine - INFO - Запуск Numba-оптимизированного бэктеста для ENJUSDT-XTZUSDT
2026-01-19 10:52:22,452 - coint2.engine.numba_engine - INFO - Запуск Numba-оптимизированного бэктеста для HFTUSDT-SUIUSDC
2026-01-19 10:52:22,453 - coint2.engine.numba_engine - INFO - Запуск Numba-оптимизированного бэктеста для FORTUSDT-SDUSDT
2026-01-19 10:52:22,460 - coint2.engine.numba_engine - INFO - Запуск Numba-оптимизированного бэктеста для ENJUSDT-NEARUSDT
2026-01-19 10:52:22,472 - coint2.engine.numba_engine - INFO - Запуск Numba-оптимизированного бэктеста для BATUSDT-LTCUSDT
2026-01-19 10:52:22,480 - coint2.engine.numba_engine - INFO - Запуск Numba-оптимизированного бэктеста для BATUSDT-FIDAUSDT
2026-01-19 10:52:22,488 - coint2.engine.numba_engine - INFO - Запуск Numba-оптимизированного бэктеста для HVHUSDT-TRVLUSDT
2026-01-19 10:52:22,496 - coint2.engine.numba_engine - INFO - Запуск Numba-оптимизированного бэктеста для RDNTUSDT-UNIUSDT
2026-01-19 10:52:22,496 - coint2.engine.numba_engine - INFO - Запуск Numba-оптимизированного бэктеста для HFTUSDT-MOVRUSDT
2026-01-19 10:52:22,497 - coint2.engine.numba_engine - INFO - Запуск Numba-оптимизированного бэктеста для BATUSDT-QTUMUSDT
2026-01-19 10:52:22,508 - coint2.engine.numba_engine - INFO - Запуск Numba-оптимизированного бэктеста для FORTUSDT-PSGUSDT
2026-01-19 10:52:22,510 - coint2.engine.numba_engine - INFO - Запуск Numba-оптимизированного бэктеста для RSS3USDT-XTZUSDT
2026-01-19 10:52:22,511 - coint2.engine.numba_engine - INFO - 🔍 ДИАГНОСТИКА HVHUSDT-TRVLUSDT:
2026-01-19 10:52:22,511 - coint2.engine.numba_engine - INFO -    entry_threshold: 0.85
2026-01-19 10:52:22,511 - coint2.engine.numba_engine - INFO -    exit_threshold: 0.12
2026-01-19 10:52:22,511 - coint2.engine.numba_engine - INFO -    Макс |z_score|: 15.2098
2026-01-19 10:52:22,511 - coint2.engine.numba_engine - INFO -    Позиций != 0: 30
2026-01-19 10:52:22,511 - coint2.engine.numba_engine - INFO -    Изменений позиций: 61
2026-01-19 10:52:22,511 - coint2.engine.numba_engine - INFO -    PnL сумма: 1.7220
2026-01-19 10:52:22,512 - coint2.engine.numba_engine - INFO -    Первые 10 z_scores: [-0.61579406  0.6302799   1.1688535   0.7469521  -0.72340673 -0.31277937
 -0.20099755  0.10098089  0.76779455  0.661367  ]
2026-01-19 10:52:22,512 - coint2.engine.numba_engine - INFO -    Превышают порог: 1496
2026-01-19 10:52:22,527 - coint2.engine.numba_engine - INFO - Запуск Numba-оптимизированного бэктеста для FORTUSDT-VPADUSDT
2026-01-19 10:52:22,530 - coint2.engine.numba_engine - INFO - Запуск Numba-оптимизированного бэктеста для GMTUSDT-UNIUSDT
2026-01-19 10:52:22,535 - coint2.engine.numba_engine - INFO - Запуск Numba-оптимизированного бэктеста для WAXPUSDT-ZILUSDT
2026-01-19 10:52:22,546 - coint2.engine.numba_engine - INFO - Запуск Numba-оптимизированного бэктеста для FORTUSDT-ICPUSDT
2026-01-19 10:52:22,547 - coint2.engine.numba_engine - INFO - Запуск Numba-оптимизированного бэктеста для GODSUSDT-HBARUSDT
2026-01-19 10:52:22,549 - coint2.engine.numba_engine - INFO - Запуск Numba-оптимизированного бэктеста для MANAUSDC-XRPUSDT
2026-01-19 10:52:22,559 - coint2.engine.numba_engine - INFO - Запуск Numba-оптимизированного бэктеста для SANDUSDC-UNIUSDT
2026-01-19 10:52:22,560 - coint2.engine.numba_engine - INFO - Запуск Numba-оптимизированного бэктеста для ALGOUSDT-WAXPUSDT
2026-01-19 10:52:22,580 - coint2.engine.numba_engine - INFO - Запуск Numba-оптимизированного бэктеста для FORTUSDT-TWTUSDT
2026-01-19 10:52:22,582 - coint2.engine.numba_engine - INFO - Запуск Numba-оптимизированного бэктеста для MVUSDT-TWTUSDT
2026-01-19 10:52:22,584 - coint2.engine.numba_engine - INFO - Запуск Numba-оптимизированного бэктеста для PEOPLEUSDT-THETAUSDT
2026-01-19 10:52:22,593 - coint2.engine.numba_engine - INFO - Запуск Numba-оптимизированного бэктеста для ICXUSDT-WAXPUSDT
2026-01-19 10:52:22,593 - coint2.engine.numba_engine - INFO - Запуск Numba-оптимизированного бэктеста для RSS3USDT-XAVAUSDT
2026-01-19 10:52:22,596 - coint2.engine.numba_engine - INFO - Запуск Numba-оптимизированного бэктеста для WOOUSDT-XRPUSDC
2026-01-19 10:52:22,609 - coint2.engine.numba_engine - INFO - Запуск Numba-оптимизированного бэктеста для BATUSDT-UMAUSDT
2026-01-19 10:52:22,610 - WARNING - ❌ Ошибка обработки пары RSS3USDT-XAVAUSDT: division by zero
2026-01-19 10:52:22,610 - coint2.engine.numba_engine - INFO - Запуск Numba-оптимизированного бэктеста для MVUSDT-OPUSDC
2026-01-19 10:52:22,629 - coint2.engine.numba_engine - INFO - Запуск Numba-оптимизированного бэктеста для MVUSDT-SFUNDUSDT
2026-01-19 10:52:22,630 - coint2.engine.numba_engine - INFO - Запуск Numba-оптимизированного бэктеста для XDCUSDT-XTZUSDT
2026-01-19 10:52:22,632 - coint2.engine.numba_engine - INFO - Запуск Numba-оптимизированного бэктеста для SUNUSDT-ZRXUSDT
2026-01-19 10:52:22,636 - coint2.engine.numba_engine - INFO - Запуск Numba-оптимизированного бэктеста для MANAUSDT-XRPUSDT
2026-01-19 10:52:22,644 - coint2.engine.numba_engine - INFO - Запуск Numba-оптимизированного бэктеста для MVUSDT-PSGUSDT
2026-01-19 10:52:22,646 - coint2.engine.numba_engine - INFO - Запуск Numba-оптимизированного бэктеста для ADAUSDC-GSTUSDT
2026-01-19 10:52:22,657 - coint2.engine.numba_engine - INFO - Запуск Numba-оптимизированного бэктеста для FORTUSDT-PSTAKEUSDT
2026-01-19 10:52:22,658 - coint2.engine.numba_engine - INFO - Запуск Numba-оптимизированного бэктеста для EVERUSDT-JUVUSDT
2026-01-19 10:52:22,681 - coint2.engine.numba_engine - INFO - Запуск Numba-оптимизированного бэктеста для RACAUSDT-VPADUSDT
2026-01-19 10:52:22,682 - coint2.engine.numba_engine - INFO - Запуск Numba-оптимизированного бэктеста для MVUSDT-NEARUSDT
2026-01-19 10:52:22,684 - coint2.engine.numba_engine - INFO - Запуск Numba-оптимизированного бэктеста для OASUSDT-TRVLUSDT
2026-01-19 10:52:22,685 - coint2.engine.numba_engine - INFO - Запуск Numba-оптимизированного бэктеста для ADAUSDC-RPLUSDT
2026-01-19 10:52:22,693 - coint2.engine.numba_engine - INFO - Запуск Numba-оптимизированного бэктеста для FORTUSDT-ICPUSDC
2026-01-19 10:52:22,697 - coint2.engine.numba_engine - INFO - Запуск Numba-оптимизированного бэктеста для DOGEUSDC-TELUSDT
2026-01-19 10:52:22,708 - coint2.engine.numba_engine - INFO - Запуск Numba-оптимизированного бэктеста для FORTUSDT-JUVUSDT
2026-01-19 10:52:22,710 - coint2.engine.numba_engine - INFO - Запуск Numba-оптимизированного бэктеста для KASTAUSDT-XETAUSDT
2026-01-19 10:52:22,727 - coint2.engine.numba_engine - INFO - Запуск Numba-оптимизированного бэктеста для DOGEUSDT-TELUSDT
2026-01-19 10:52:22,732 - coint2.engine.numba_engine - INFO - Запуск Numba-оптимизированного бэктеста для ROSEUSDT-XEMUSDT
2026-01-19 10:52:22,735 - coint2.engine.numba_engine - INFO - Запуск Numba-оптимизированного бэктеста для ADAUSDC-CITYUSDT
2026-01-19 10:52:22,737 - coint2.engine.numba_engine - INFO - Запуск Numba-оптимизированного бэктеста для ALGOUSDT-IMXUSDT
2026-01-19 10:52:22,746 - coint2.engine.numba_engine - INFO - Запуск Numba-оптимизированного бэктеста для DOGEUSDC-ETHWUSDT
2026-01-19 10:52:22,751 - WARNING - ❌ Ошибка обработки пары ADAUSDC-CITYUSDT: division by zero
2026-01-19 10:52:22,753 - coint2.engine.numba_engine - INFO - Запуск Numba-оптимизированного бэктеста для ALGOUSDT-USTCUSDT
2026-01-19 10:52:22,755 - coint2.engine.numba_engine - INFO - Запуск Numba-оптимизированного бэктеста для USTCUSDT-ZILUSDT
2026-01-19 10:52:22,772 - coint2.engine.numba_engine - INFO - Запуск Numba-оптимизированного бэктеста для BATUSDT-PEOPLEUSDT
2026-01-19 10:52:22,776 - coint2.engine.numba_engine - INFO - Запуск Numba-оптимизированного бэктеста для ROSEUSDT-USTCUSDT
2026-01-19 10:52:22,781 - coint2.engine.numba_engine - INFO - Запуск Numba-оптимизированного бэктеста для ONEUSDT-TELUSDT
2026-01-19 10:52:22,782 - coint2.engine.numba_engine - INFO - Запуск Numba-оптимизированного бэктеста для MVUSDT-SUIUSDC
2026-01-19 10:52:22,795 - coint2.engine.numba_engine - INFO - Запуск Numba-оптимизированного бэктеста для DAIUSDT-XRPUSDT
2026-01-19 10:52:22,799 - coint2.engine.numba_engine - INFO - Запуск Numba-оптимизированного бэктеста для MVUSDT-SUIUSDT
2026-01-19 10:52:22,804 - coint2.engine.numba_engine - INFO - Запуск Numba-оптимизированного бэктеста для SCUSDT-ZILUSDT
2026-01-19 10:52:22,821 - coint2.engine.numba_engine - INFO - Запуск Numba-оптимизированного бэктеста для GMTUSDC-UNIUSDT
2026-01-19 10:52:22,822 - coint2.engine.numba_engine - INFO - Запуск Numba-оптимизированного бэктеста для LTCBTC-LUNCUSDC
2026-01-19 10:52:22,826 - coint2.engine.numba_engine - INFO - Запуск Numba-оптимизированного бэктеста для DAIUSDT-XRPUSDC
2026-01-19 10:52:22,827 - coint2.engine.numba_engine - INFO - Запуск Numba-оптимизированного бэктеста для EVERUSDT-PSGUSDT
2026-01-19 10:52:22,840 - coint2.engine.numba_engine - INFO - Запуск Numba-оптимизированного бэктеста для DGBUSDT-GSTUSDT
2026-01-19 10:52:22,850 - coint2.engine.numba_engine - INFO - Запуск Numba-оптимизированного бэктеста для SONUSDT-TAPUSDT
2026-01-19 10:52:22,851 - coint2.engine.numba_engine - INFO - Запуск Numba-оптимизированного бэктеста для OASUSDT-STGUSDT
2026-01-19 10:52:22,866 - coint2.engine.numba_engine - INFO - Запуск Numba-оптимизированного бэктеста для GMTUSDT-SANDUSDT
2026-01-19 10:52:22,870 - coint2.engine.numba_engine - INFO - Запуск Numba-оптимизированного бэктеста для LUNCUSDT-RVNUSDT
2026-01-19 10:52:22,874 - coint2.engine.numba_engine - INFO - Запуск Numba-оптимизированного бэктеста для ONEUSDT-XRPUSDT
2026-01-19 10:52:22,875 - coint2.engine.numba_engine - INFO - Запуск Numba-оптимизированного бэктеста для DOGEUSDT-ETHWUSDT
2026-01-19 10:52:22,885 - coint2.engine.numba_engine - INFO - Запуск Numba-оптимизированного бэктеста для LTCBTC-XRPUSDT
2026-01-19 10:52:22,898 - coint2.engine.numba_engine - INFO - Запуск Numba-оптимизированного бэктеста для ROSEUSDT-WAXPUSDT
2026-01-19 10:52:22,916 - coint2.engine.numba_engine - INFO - Запуск Numba-оптимизированного бэктеста для EVERUSDT-RPLUSDT
2026-01-19 10:52:22,923 - coint2.engine.numba_engine - INFO - Запуск Numba-оптимизированного бэктеста для LTCBTC-XRPUSDC
2026-01-19 10:52:22,924 - coint2.engine.numba_engine - INFO - Запуск Numba-оптимизированного бэктеста для DAIUSDT-LTCBTC
2026-01-19 10:52:22,935 - coint2.engine.numba_engine - INFO - Запуск Numba-оптимизированного бэктеста для ALGOBTC-XECUSDT
2026-01-19 10:52:22,947 - coint2.engine.numba_engine - INFO - Запуск Numba-оптимизированного бэктеста для DAIUSDT-SOLOUSDT
2026-01-19 10:52:22,966 - coint2.engine.numba_engine - INFO - Запуск Numba-оптимизированного бэктеста для GRTUSDT-RVNUSDT
2026-01-19 10:52:22,967 - coint2.engine.numba_engine - INFO - Запуск Numba-оптимизированного бэктеста для XECUSDT-ZILUSDT
2026-01-19 10:52:22,970 - coint2.engine.numba_engine - INFO - Запуск Numba-оптимизированного бэктеста для ACSUSDT-MCRTUSDT
2026-01-19 10:52:22,993 - coint2.engine.numba_engine - INFO - Запуск Numba-оптимизированного бэктеста для SCUSDT-USTCUSDT
2026-01-19 10:52:22,993 - coint2.engine.numba_engine - INFO - Запуск Numba-оптимизированного бэктеста для SONUSDT-XRPBTC
2026-01-19 10:52:23,015 - coint2.engine.numba_engine - INFO - Запуск Numba-оптимизированного бэктеста для DAIUSDT-QTUMUSDT
2026-01-19 10:52:23,016 - coint2.engine.numba_engine - INFO - Запуск Numba-оптимизированного бэктеста для ALGOBTC-NFTUSDT
2026-01-19 10:52:23,042 - coint2.engine.numba_engine - INFO - Запуск Numba-оптимизированного бэктеста для SONUSDT-TELUSDT
2026-01-19 10:52:23,066 - coint2.engine.numba_engine - INFO - Запуск Numba-оптимизированного бэктеста для ONEUSDT-XRPUSDC
2026-01-19 10:52:23,118 - coint2.engine.numba_engine - INFO - Запуск Numba-оптимизированного бэктеста для LTCBTC-RVNUSDT
2026-01-19 10:52:23,173 - coint2.engine.numba_engine - INFO - Запуск Numba-оптимизированного бэктеста для LUNCUSDC-RVNUSDT
2026-01-19 10:52:23,342 - INFO -   ⏱️ Параллельная обработка завершена за 1.7с (145.4 пар/с)
2026-01-19 10:52:23,432 - coint2.pipeline.walk_forward_orchestrator - INFO - 🎯 СИМУЛЯЦИЯ ПОРТФЕЛЯ: 243 пар, лимит 15 позиций
2026-01-19 10:52:25,117 - coint2.pipeline.walk_forward_orchestrator - INFO -    📈 Макс. одновременных сигналов: 96
2026-01-19 10:52:25,117 - coint2.pipeline.walk_forward_orchestrator - INFO -    📊 Средн. сигналов за период: 3.2
2026-01-19 10:52:25,117 - coint2.pipeline.walk_forward_orchestrator - INFO -    🎯 Финальных активных позиций: 0
2026-01-19 10:52:25,119 - coint2.pipeline.walk_forward_orchestrator - INFO -    ⚡ Утилизация лимита позиций: 18.5%
2026-01-19 10:52:25,119 - WARNING -   ⚠️ Ошибка обработки пары ARKMUSDT-CITYUSDT: division by zero
2026-01-19 10:52:25,119 - WARNING -   ⚠️ Ошибка обработки пары RSS3USDT-XAVAUSDT: division by zero
2026-01-19 10:52:25,119 - WARNING -   ⚠️ Ошибка обработки пары ADAUSDC-CITYUSDT: division by zero
2026-01-19 10:52:25,119 - WARNING -   ⚠️ Ошибка обработки пары AFCUSDT-CITYUSDT: division by zero
2026-01-19 10:52:25,120 - INFO - ⇠ WF-шаг 1/5 backtests — completed 247 items in 3.48s (71.0 items/s)
2026-01-19 10:52:25,120 - INFO -   ✅ Обработка завершена: 243 успешно, 4 с ошибками
2026-01-19 10:52:25,120 - INFO -   📊 Успешность: 98.4%, прибыльность: 65.8%, сделок/пара: 18.9
2026-01-19 10:52:25,120 - INFO -   ✅ Завершены бэктесты для 247 пар
2026-01-19 10:52:25,120 - INFO -   📊 Всего обработано пар в этом шаге: 247
2026-01-19 10:52:25,120 - INFO -   📈 Результаты шага: 160/247 прибыльных пар, 4601 сделок
2026-01-19 10:52:25,120 - INFO -   💰 P&L шага: $+465.42
2026-01-19 10:52:25,120 - INFO -   ⇢ Обновление капитала и дневного P&L...
2026-01-19 10:52:26,505 - INFO -   💼 Шаг P&L: $+465.42, Накопленный капитал: $10,465.42
2026-01-19 10:52:26,505 - INFO - ------------------------------------------------------------
2026-01-19 10:52:26,505 - INFO -   Walk-forward steps: 1 / 5 (20.0%) | 0.0 items/s | ETA: 581.5s
2026-01-19 10:52:26,505 - INFO - 🔍 WF-шаг 2/5: Валидация временных окон...
2026-01-19 10:52:26,505 - INFO - ⇢ WF-шаг 2/5: training 2023-09-01-2023-10-30, testing 2023-10-31-2023-11-30 — start
2026-01-19 10:52:26,505 - INFO - ⇢ loading step data — start
2026-01-19 10:52:26,689 - INFO - ⇠ loading step data — done in 0.18s
2026-01-19 10:52:27,919 - INFO - 📊 WF-шаг 2/5: Границы данных:
2026-01-19 10:52:27,919 - INFO -    Training: 2023-09-01 00:00:00 → 2023-10-30 23:45:00 (5,760 строк × 292 символов)
2026-01-19 10:52:27,919 - INFO -    Testing:  2023-10-31 00:00:00 → 2023-11-30 00:00:00 (2,881 строк × 292 символов)
2026-01-19 10:52:27,919 - INFO -    Временной разрыв: 0 days 00:15:00
2026-01-19 10:52:27,956 - INFO - ⇢ normalizing training data — start
2026-01-19 10:52:27,989 - INFO -   Символы с NaN значениями: 26
2026-01-19 10:52:27,989 - INFO -   Применяем метод нормализации: rolling_zscore
2026-01-19 10:52:28,003 - INFO - Символы с недостаточной историей: 17 из 292
2026-01-19 10:52:28,392 - INFO - Символы с NaN после нормализации: 275
2026-01-19 10:52:28,397 - INFO - Удалено 617 начальных строк с NaN от rolling расчетов
2026-01-19 10:52:28,400 - INFO - Итоговое количество символов после нормализации: 275 из 292
2026-01-19 10:52:28,400 - INFO -   Статистика нормализации:
2026-01-19 10:52:28,400 - INFO -     Исходные символы: 292
2026-01-19 10:52:28,400 - INFO -     Недостаточная история: 17
2026-01-19 10:52:28,400 - INFO -     Постоянная цена: 0
2026-01-19 10:52:28,400 - INFO -     NaN после нормализации: 275
2026-01-19 10:52:28,400 - INFO -     Итоговые символы: 275 (94.2%)
2026-01-19 10:52:28,400 - INFO -   После нормализации: 275 символов (потеряно 17)
2026-01-19 10:52:28,400 - INFO -   Отброшенные символы: BEAMUSDT, FETUSDT, FLIPUSDT, JEFFUSDT, MEMEUSDT, POLUSDT, PPTUSDT, PYTHUSDT, PYUSDUSDT, ROOTUSDT, RPKUSDT, SHRAPUSDT, TIAUSDT, TOKENUSDT, TUSDUSDT, VRTXUSDT, ZTXUSDT
2026-01-19 10:52:28,400 - INFO - ⇠ normalizing training data — done in 0.44s
2026-01-19 10:52:28,402 - INFO - ⇢ SSD computation — start
2026-01-19 10:52:28,402 - INFO -   Расчет SSD для всех пар (без ограничения)
2026-01-19 10:52:30,639 - INFO -   SSD результат (все пары): 37675 пар
2026-01-19 10:52:30,640 - INFO - ⇠ SSD computation — done in 2.24s
2026-01-19 10:52:30,650 - INFO - ⇢ filtering pairs by cointegration and half-life — start
2026-01-19 10:52:30,650 - INFO - [ФИЛЬТР] Параллельная фильтрация: processes (8 workers)
⚙️  Загрузка данных за период: 2023-09-01 -> 2023-11-30
📂 Найдено 43 parquet файлов для обработки.
📊 Схема данных: Schema({'timestamp': Int64, 'open': Float64, 'high': Float64, 'low': Float64, 'close': Float64, 'volume': Float64, 'turnover': String, 'ts_ms': Int64, 'symbol': String})
✅ Загружено 2420293 записей с помощью Polars.
📊 Типы данных в pandas: timestamp       datetime64[us]
symbol                  object
close                  float64
timestamp_ms             int64
dtype: object
2026-01-19 10:54:12,603 - INFO - [ФИЛЬТР] После проверки данных: 37675 пар
2026-01-19 10:54:12,604 - INFO - [ФИЛЬТР] После фильтра корреляции (>0.45): 16210 пар
2026-01-19 10:54:12,604 - INFO - [ФИЛЬТР] После фильтра beta: 10952 пар
2026-01-19 10:54:12,604 - INFO - [ФИЛЬТР] После фильтра mean crossings: 10952 пар
2026-01-19 10:54:12,604 - INFO - [ФИЛЬТР] После фильтра half-life: 10881 пар
2026-01-19 10:54:12,604 - INFO - [ФИЛЬТР] После фильтра коинтеграции: 4687 пар
2026-01-19 10:54:12,604 - INFO - [ФИЛЬТР] После фильтра Hurst: 3628 пар
2026-01-19 10:54:12,604 - INFO - [ФИЛЬТР] После фильтра KPSS: 141 пар
2026-01-19 10:54:12,604 - INFO - [ФИЛЬТР] После фильтра market microstructure: 141 пар
2026-01-19 10:54:12,604 - INFO - [ФИЛЬТР] Статистика фильтрации (оптимизированный порядок):
2026-01-19 10:54:12,604 - INFO -   1. SSD → Коинтеграция: 37675 → 4687 пар
2026-01-19 10:54:12,604 - INFO -   2. Коинтеграция → Beta: 4687 → 10952 пар
2026-01-19 10:54:12,604 - INFO -   3. Beta → Half-life: 10952 → 10881 пар
2026-01-19 10:54:12,604 - INFO -   4. Half-life → Mean crossings: 10881 → 10952 пар
2026-01-19 10:54:12,604 - INFO -   5. Mean crossings → Hurst: 10952 → 3628 пар
2026-01-19 10:54:12,604 - INFO -   6. Hurst → KPSS: 3628 → 141 пар
2026-01-19 10:54:12,604 - INFO -   7. KPSS → Market microstructure: 141 → 141 пар
2026-01-19 10:54:12,604 - INFO - [ФИЛЬТР] Причины отсева:
2026-01-19 10:54:12,604 - INFO -   • low_correlation: 21465 пар (57.0%)
2026-01-19 10:54:12,604 - INFO -   • pvalue: 6194 пар (16.4%)
2026-01-19 10:54:12,604 - INFO -   • beta: 5258 пар (14.0%)
2026-01-19 10:54:12,604 - INFO -   • kpss: 3487 пар (9.3%)
2026-01-19 10:54:12,604 - INFO -   • hurst: 1059 пар (2.8%)
2026-01-19 10:54:12,604 - INFO -   • half_life: 71 пар (0.2%)
2026-01-19 10:54:12,604 - INFO - [ФИЛЬТР] Итого: 37675 → 141 пар (0.4% прошли все фильтры)
2026-01-19 10:54:12,657 - INFO - Причины отсева сохранены в results/filter_reasons_20260119_105412.csv
2026-01-19 10:54:12,663 - INFO -   Pair stability filter: 141 → 5 (window=2, min_steps=1, history=1)
2026-01-19 10:54:12,663 - INFO -   Фильтрация: 37675 → 5 пар
2026-01-19 10:54:12,663 - INFO - ⇠ filtering pairs by cointegration and half-life — done in 102.01s
2026-01-19 10:54:12,663 - INFO - ⇠ WF-шаг 2/5: training 2023-09-01-2023-10-30, testing 2023-10-31-2023-11-30 — done in 106.16s
2026-01-19 10:54:12,663 - INFO -   Топ-3 пары по волатильности спреда:
2026-01-19 10:54:12,663 - INFO -     1. CRVUSDT-PIPUSDT: beta=2.8441, std=0.0237
2026-01-19 10:54:12,663 - INFO -     2. MVUSDT-SUIUSDT: beta=0.0427, std=0.0011
2026-01-19 10:54:12,663 - INFO -     3. MVUSDT-SUIUSDC: beta=0.0428, std=0.0011
2026-01-19 10:54:12,664 - INFO -   Всего пар для торговли: 5 (ограничение 15 применяется к одновременно открытым позициям)
2026-01-19 10:54:12,664 - INFO -   💰 Проверка расчета капитала: equity=$10,465.42, кандидатных_пар=5, max_позиций=15
2026-01-19 10:54:12,664 - INFO -   🎯 Target concurrency: 5 (ожидаемое одновременное число позиций)
2026-01-19 10:54:12,664 - INFO -   📊 Детали расчета капитала:
2026-01-19 10:54:12,664 - INFO -      • Базовый капитал на пару: $2,093.08 (equity / target_concurrency)
2026-01-19 10:54:12,664 - INFO -      • Риск-капитал: $156.98 (1.5% от equity)
2026-01-19 10:54:12,664 - INFO -      • Макс. размер позиции: $209.31 (2.0% от equity)
2026-01-19 10:54:12,664 - INFO -      • Итоговый капитал на пару: $156.98
2026-01-19 10:54:12,664 - INFO - ⇢ WF-шаг 2/5 backtests — starting 5 items
2026-01-19 10:54:12,664 - INFO - 🚀 WF-шаг 2/5: Начинаем бэктесты для 5 пар...
2026-01-19 10:54:12,665 - INFO - 🚀 WF-шаг 2/5: Запускаем параллельную обработку 5 пар на 8 ядрах...
2026-01-19 10:54:12,665 - INFO - 🚀 WF-шаг 2/5: Режим параллельности: процессы
2026-01-19 10:54:12,712 - coint2.engine.numba_engine - INFO - Запуск Numba-оптимизированного бэктеста для CRVUSDT-PIPUSDT
2026-01-19 10:54:12,730 - coint2.engine.numba_engine - INFO - Запуск Numba-оптимизированного бэктеста для MVUSDT-SUIUSDT
2026-01-19 10:54:12,749 - coint2.engine.numba_engine - INFO - Запуск Numba-оптимизированного бэктеста для MVUSDT-SUIUSDC
2026-01-19 10:54:12,768 - coint2.engine.numba_engine - INFO - Запуск Numba-оптимизированного бэктеста для LUNCUSDC-RVNUSDT
2026-01-19 10:54:12,785 - coint2.engine.numba_engine - INFO - Запуск Numba-оптимизированного бэктеста для LUNCUSDT-RVNUSDT
2026-01-19 10:54:12,874 - INFO -   ⏱️ Параллельная обработка завершена за 0.2с (23.9 пар/с)
2026-01-19 10:54:12,882 - coint2.pipeline.walk_forward_orchestrator - INFO - 🎯 СИМУЛЯЦИЯ ПОРТФЕЛЯ: 5 пар, лимит 15 позиций
2026-01-19 10:54:13,184 - coint2.pipeline.walk_forward_orchestrator - INFO -    📈 Макс. одновременных сигналов: 3
2026-01-19 10:54:13,184 - coint2.pipeline.walk_forward_orchestrator - INFO -    📊 Средн. сигналов за период: 0.1
2026-01-19 10:54:13,184 - coint2.pipeline.walk_forward_orchestrator - INFO -    🎯 Финальных активных позиций: 0
2026-01-19 10:54:13,185 - coint2.pipeline.walk_forward_orchestrator - INFO -    ⚡ Утилизация лимита позиций: 0.4%
2026-01-19 10:54:13,186 - INFO - ⇠ WF-шаг 2/5 backtests — completed 5 items in 0.52s (9.6 items/s)
2026-01-19 10:54:13,186 - INFO -   ✅ Обработка завершена: 5 успешно, 0 с ошибками
2026-01-19 10:54:13,186 - INFO -   📊 Успешность: 100.0%, прибыльность: 60.0%, сделок/пара: 15.2
2026-01-19 10:54:13,186 - INFO -   ✅ Завершены бэктесты для 5 пар
2026-01-19 10:54:13,186 - INFO -   📊 Всего обработано пар в этом шаге: 5
2026-01-19 10:54:13,186 - INFO -   📈 Результаты шага: 3/5 прибыльных пар, 76 сделок
2026-01-19 10:54:13,186 - INFO -   💰 P&L шага: $+46.12
2026-01-19 10:54:13,186 - INFO -   ⇢ Обновление капитала и дневного P&L...
2026-01-19 10:54:14,540 - INFO -   💼 Шаг P&L: $+46.12, Накопленный капитал: $10,511.54
2026-01-19 10:54:14,540 - INFO - ------------------------------------------------------------
2026-01-19 10:54:14,540 - INFO -   Walk-forward steps: 2 / 5 (40.0%) | 0.0 items/s | ETA: 380.1s
2026-01-19 10:54:14,540 - INFO - 🔍 WF-шаг 3/5: Валидация временных окон...
2026-01-19 10:54:14,541 - INFO - ⇢ WF-шаг 3/5: training 2023-10-01-2023-11-29, testing 2023-11-30-2023-12-30 — start
2026-01-19 10:54:14,541 - INFO - ⇢ loading step data — start
2026-01-19 10:54:14,833 - INFO - ⇠ loading step data — done in 0.29s
2026-01-19 10:54:16,257 - INFO - 📊 WF-шаг 3/5: Границы данных:
2026-01-19 10:54:16,257 - INFO -    Training: 2023-10-01 00:00:00 → 2023-11-29 23:45:00 (5,760 строк × 309 символов)
2026-01-19 10:54:16,257 - INFO -    Testing:  2023-11-30 00:00:00 → 2023-12-30 00:00:00 (2,881 строк × 309 символов)
2026-01-19 10:54:16,257 - INFO -    Временной разрыв: 0 days 00:15:00
2026-01-19 10:54:16,296 - INFO - ⇢ normalizing training data — start
2026-01-19 10:54:16,331 - INFO -   Символы с NaN значениями: 33
2026-01-19 10:54:16,331 - INFO -   Применяем метод нормализации: rolling_zscore
2026-01-19 10:54:16,346 - INFO - Символы с недостаточной историей: 32 из 309
2026-01-19 10:54:16,740 - INFO - Символы с NaN после нормализации: 277
2026-01-19 10:54:16,746 - INFO - Удалено 233 начальных строк с NaN от rolling расчетов
2026-01-19 10:54:16,748 - INFO - Итоговое количество символов после нормализации: 277 из 309
2026-01-19 10:54:16,748 - INFO -   Статистика нормализации:
2026-01-19 10:54:16,748 - INFO -     Исходные символы: 309
2026-01-19 10:54:16,748 - INFO -     Недостаточная история: 32
2026-01-19 10:54:16,748 - INFO -     Постоянная цена: 0
2026-01-19 10:54:16,748 - INFO -     NaN после нормализации: 277
2026-01-19 10:54:16,749 - INFO -     Итоговые символы: 277 (89.6%)
2026-01-19 10:54:16,749 - INFO -   После нормализации: 277 символов (потеряно 32)
2026-01-19 10:54:16,749 - INFO -   Отброшено много символов: 32 из 309
2026-01-19 10:54:16,749 - INFO - ⇠ normalizing training data — done in 0.45s
2026-01-19 10:54:16,750 - INFO - ⇢ SSD computation — start
2026-01-19 10:54:16,750 - INFO -   Расчет SSD для всех пар (без ограничения)
2026-01-19 10:54:19,123 - INFO -   SSD результат (все пары): 38226 пар
2026-01-19 10:54:19,123 - INFO - ⇠ SSD computation — done in 2.37s
2026-01-19 10:54:19,134 - INFO - ⇢ filtering pairs by cointegration and half-life — start
2026-01-19 10:54:19,135 - INFO - [ФИЛЬТР] Параллельная фильтрация: processes (8 workers)
⚙️  Загрузка данных за период: 2023-10-01 -> 2023-12-30
📂 Найдено 43 parquet файлов для обработки.
📊 Схема данных: Schema({'timestamp': Int64, 'open': Float64, 'high': Float64, 'low': Float64, 'close': Float64, 'volume': Float64, 'turnover': String, 'ts_ms': Int64, 'symbol': String})
✅ Загружено 2499894 записей с помощью Polars.
📊 Типы данных в pandas: timestamp       datetime64[us]
symbol                  object
close                  float64
timestamp_ms             int64
dtype: object
2026-01-19 10:56:25,942 - INFO - [ФИЛЬТР] После проверки данных: 38226 пар
2026-01-19 10:56:25,942 - INFO - [ФИЛЬТР] После фильтра корреляции (>0.45): 27697 пар
2026-01-19 10:56:25,943 - INFO - [ФИЛЬТР] После фильтра beta: 19115 пар
2026-01-19 10:56:25,943 - INFO - [ФИЛЬТР] После фильтра mean crossings: 19115 пар
2026-01-19 10:56:25,943 - INFO - [ФИЛЬТР] После фильтра half-life: 18977 пар
2026-01-19 10:56:25,943 - INFO - [ФИЛЬТР] После фильтра коинтеграции: 4861 пар
2026-01-19 10:56:25,943 - INFO - [ФИЛЬТР] После фильтра Hurst: 2852 пар
2026-01-19 10:56:25,943 - INFO - [ФИЛЬТР] После фильтра KPSS: 189 пар
2026-01-19 10:56:25,943 - INFO - [ФИЛЬТР] После фильтра market microstructure: 189 пар
2026-01-19 10:56:25,943 - INFO - [ФИЛЬТР] Статистика фильтрации (оптимизированный порядок):
2026-01-19 10:56:25,943 - INFO -   1. SSD → Коинтеграция: 38226 → 4861 пар
2026-01-19 10:56:25,943 - INFO -   2. Коинтеграция → Beta: 4861 → 19115 пар
2026-01-19 10:56:25,943 - INFO -   3. Beta → Half-life: 19115 → 18977 пар
2026-01-19 10:56:25,943 - INFO -   4. Half-life → Mean crossings: 18977 → 19115 пар
2026-01-19 10:56:25,943 - INFO -   5. Mean crossings → Hurst: 19115 → 2852 пар
2026-01-19 10:56:25,943 - INFO -   6. Hurst → KPSS: 2852 → 189 пар
2026-01-19 10:56:25,943 - INFO -   7. KPSS → Market microstructure: 189 → 189 пар
2026-01-19 10:56:25,943 - INFO - [ФИЛЬТР] Причины отсева:
2026-01-19 10:56:25,943 - INFO -   • pvalue: 14116 пар (36.9%)
2026-01-19 10:56:25,943 - INFO -   • low_correlation: 10529 пар (27.5%)
2026-01-19 10:56:25,943 - INFO -   • beta: 8582 пар (22.5%)
2026-01-19 10:56:25,943 - INFO -   • kpss: 2663 пар (7.0%)
2026-01-19 10:56:25,943 - INFO -   • hurst: 2009 пар (5.3%)
2026-01-19 10:56:25,943 - INFO -   • half_life: 138 пар (0.4%)
2026-01-19 10:56:25,943 - INFO - [ФИЛЬТР] Итого: 38226 → 189 пар (0.5% прошли все фильтры)
2026-01-19 10:56:25,997 - INFO - Причины отсева сохранены в results/filter_reasons_20260119_105625.csv
2026-01-19 10:56:26,004 - INFO -   Pair stability filter: 189 → 5 (window=2, min_steps=1, history=2)
2026-01-19 10:56:26,004 - INFO -   Фильтрация: 38226 → 5 пар
2026-01-19 10:56:26,004 - INFO - ⇠ filtering pairs by cointegration and half-life — done in 126.87s
2026-01-19 10:56:26,004 - INFO - ⇠ WF-шаг 3/5: training 2023-10-01-2023-11-29, testing 2023-11-30-2023-12-30 — done in 131.46s
2026-01-19 10:56:26,004 - INFO -   Топ-3 пары по волатильности спреда:
2026-01-19 10:56:26,004 - INFO -     1. AVAUSDT-ENJUSDT: beta=1.0903, std=0.0150
2026-01-19 10:56:26,004 - INFO -     2. AVAUSDT-LRCUSDT: beta=1.7007, std=0.0111
2026-01-19 10:56:26,004 - INFO -     3. MVUSDT-STGUSDT: beta=0.0686, std=0.0030
2026-01-19 10:56:26,004 - INFO -   Всего пар для торговли: 5 (ограничение 15 применяется к одновременно открытым позициям)
2026-01-19 10:56:26,004 - INFO -   💰 Проверка расчета капитала: equity=$10,511.54, кандидатных_пар=5, max_позиций=15
2026-01-19 10:56:26,004 - INFO -   🎯 Target concurrency: 5 (ожидаемое одновременное число позиций)
2026-01-19 10:56:26,004 - INFO -   📊 Детали расчета капитала:
2026-01-19 10:56:26,004 - INFO -      • Базовый капитал на пару: $2,102.31 (equity / target_concurrency)
2026-01-19 10:56:26,005 - INFO -      • Риск-капитал: $157.67 (1.5% от equity)
2026-01-19 10:56:26,005 - INFO -      • Макс. размер позиции: $210.23 (2.0% от equity)
2026-01-19 10:56:26,005 - INFO -      • Итоговый капитал на пару: $157.67
2026-01-19 10:56:26,005 - INFO - ⇢ WF-шаг 3/5 backtests — starting 5 items
2026-01-19 10:56:26,005 - INFO - 🚀 WF-шаг 3/5: Начинаем бэктесты для 5 пар...
2026-01-19 10:56:26,005 - INFO - 🚀 WF-шаг 3/5: Запускаем параллельную обработку 5 пар на 8 ядрах...
2026-01-19 10:56:26,005 - INFO - 🚀 WF-шаг 3/5: Режим параллельности: процессы
2026-01-19 10:56:26,052 - coint2.engine.numba_engine - INFO - Запуск Numba-оптимизированного бэктеста для AVAUSDT-ENJUSDT
2026-01-19 10:56:26,071 - coint2.engine.numba_engine - INFO - Запуск Numba-оптимизированного бэктеста для AVAUSDT-LRCUSDT
2026-01-19 10:56:26,091 - coint2.engine.numba_engine - INFO - Запуск Numba-оптимизированного бэктеста для MVUSDT-STGUSDT
2026-01-19 10:56:26,119 - coint2.engine.numba_engine - INFO - Запуск Numba-оптимизированного бэктеста для DOGEEUR-WAVESUSDT
2026-01-19 10:56:26,136 - coint2.engine.numba_engine - INFO - Запуск Numba-оптимизированного бэктеста для IZIUSDT-NEXOUSDT
2026-01-19 10:56:26,237 - INFO -   ⏱️ Параллельная обработка завершена за 0.2с (21.5 пар/с)
2026-01-19 10:56:26,244 - coint2.pipeline.walk_forward_orchestrator - INFO - 🎯 СИМУЛЯЦИЯ ПОРТФЕЛЯ: 5 пар, лимит 15 позиций
2026-01-19 10:56:26,572 - coint2.pipeline.walk_forward_orchestrator - INFO -    📈 Макс. одновременных сигналов: 3
2026-01-19 10:56:26,573 - coint2.pipeline.walk_forward_orchestrator - INFO -    📊 Средн. сигналов за период: 0.1
2026-01-19 10:56:26,573 - coint2.pipeline.walk_forward_orchestrator - INFO -    🎯 Финальных активных позиций: 0
2026-01-19 10:56:26,574 - coint2.pipeline.walk_forward_orchestrator - INFO -    ⚡ Утилизация лимита позиций: 0.4%
2026-01-19 10:56:26,574 - INFO - ⇠ WF-шаг 3/5 backtests — completed 5 items in 0.57s (8.8 items/s)
2026-01-19 10:56:26,574 - INFO -   ✅ Обработка завершена: 5 успешно, 0 с ошибками
2026-01-19 10:56:26,575 - INFO -   📊 Успешность: 100.0%, прибыльность: 80.0%, сделок/пара: 16.4
2026-01-19 10:56:26,575 - INFO -   ✅ Завершены бэктесты для 5 пар
2026-01-19 10:56:26,575 - INFO -   📊 Всего обработано пар в этом шаге: 5
2026-01-19 10:56:26,575 - INFO -   📈 Результаты шага: 4/5 прибыльных пар, 82 сделок
2026-01-19 10:56:26,575 - INFO -   💰 P&L шага: $+61.22
2026-01-19 10:56:26,575 - INFO -   ⇢ Обновление капитала и дневного P&L...
2026-01-19 10:56:28,085 - INFO -   💼 Шаг P&L: $+61.22, Накопленный капитал: $10,572.76
2026-01-19 10:56:28,085 - INFO - ------------------------------------------------------------
2026-01-19 10:56:28,086 - INFO -   Walk-forward steps: 3 / 5 (60.0%) | 0.0 items/s | ETA: 258.0s
2026-01-19 10:56:28,086 - INFO - 🔍 WF-шаг 4/5: Валидация временных окон...
2026-01-19 10:56:28,086 - INFO - ⇢ WF-шаг 4/5: training 2023-10-31-2023-12-29, testing 2023-12-30-2024-01-29 — start
2026-01-19 10:56:28,086 - INFO - ⇢ loading step data — start
2026-01-19 10:56:28,287 - INFO - ⇠ loading step data — done in 0.20s
2026-01-19 10:56:29,718 - INFO - 📊 WF-шаг 4/5: Границы данных:
2026-01-19 10:56:29,718 - INFO -    Training: 2023-10-31 00:00:00 → 2023-12-29 23:45:00 (5,760 строк × 327 символов)
2026-01-19 10:56:29,718 - INFO -    Testing:  2023-12-30 00:00:00 → 2024-01-29 00:00:00 (2,881 строк × 327 символов)
2026-01-19 10:56:29,718 - INFO -    Временной разрыв: 0 days 00:15:00
2026-01-19 10:56:29,760 - INFO - ⇢ normalizing training data — start
2026-01-19 10:56:29,796 - INFO -   Символы с NaN значениями: 45
2026-01-19 10:56:29,796 - INFO -   Применяем метод нормализации: rolling_zscore
2026-01-19 10:56:29,812 - INFO - Символы с недостаточной историей: 40 из 327
2026-01-19 10:56:30,240 - INFO - Символы с NaN после нормализации: 287
2026-01-19 10:56:30,247 - INFO - Удалено 809 начальных строк с NaN от rolling расчетов
2026-01-19 10:56:30,249 - INFO - Итоговое количество символов после нормализации: 287 из 327
2026-01-19 10:56:30,250 - INFO -   Статистика нормализации:
2026-01-19 10:56:30,250 - INFO -     Исходные символы: 327
2026-01-19 10:56:30,250 - INFO -     Недостаточная история: 40
2026-01-19 10:56:30,250 - INFO -     Постоянная цена: 0
2026-01-19 10:56:30,250 - INFO -     NaN после нормализации: 287
2026-01-19 10:56:30,250 - INFO -     Итоговые символы: 287 (87.8%)
2026-01-19 10:56:30,250 - INFO -   После нормализации: 287 символов (потеряно 40)
2026-01-19 10:56:30,250 - INFO -   Отброшено много символов: 40 из 327
2026-01-19 10:56:30,250 - INFO - ⇠ normalizing training data — done in 0.49s
2026-01-19 10:56:30,252 - INFO - ⇢ SSD computation — start
2026-01-19 10:56:30,252 - INFO -   Расчет SSD для всех пар (без ограничения)
2026-01-19 10:56:33,200 - INFO -   SSD результат (все пары): 41041 пар
2026-01-19 10:56:33,200 - INFO - ⇠ SSD computation — done in 2.95s
2026-01-19 10:56:33,212 - INFO - ⇢ filtering pairs by cointegration and half-life — start
2026-01-19 10:56:33,212 - INFO - [ФИЛЬТР] Параллельная фильтрация: processes (8 workers)
⚙️  Загрузка данных за период: 2023-10-31 -> 2024-01-29
📂 Найдено 43 parquet файлов для обработки.
📊 Схема данных: Schema({'timestamp': Int64, 'open': Float64, 'high': Float64, 'low': Float64, 'close': Float64, 'volume': Float64, 'turnover': String, 'ts_ms': Int64, 'symbol': String})
✅ Загружено 2615053 записей с помощью Polars.
📊 Типы данных в pandas: timestamp       datetime64[us]
symbol                  object
close                  float64
timestamp_ms             int64
dtype: object
2026-01-19 10:58:35,860 - INFO - [ФИЛЬТР] После проверки данных: 41041 пар
2026-01-19 10:58:35,860 - INFO - [ФИЛЬТР] После фильтра корреляции (>0.45): 26199 пар
2026-01-19 10:58:35,860 - INFO - [ФИЛЬТР] После фильтра beta: 17817 пар
2026-01-19 10:58:35,860 - INFO - [ФИЛЬТР] После фильтра mean crossings: 17817 пар
2026-01-19 10:58:35,860 - INFO - [ФИЛЬТР] После фильтра half-life: 17721 пар
2026-01-19 10:58:35,860 - INFO - [ФИЛЬТР] После фильтра коинтеграции: 4456 пар
2026-01-19 10:58:35,860 - INFO - [ФИЛЬТР] После фильтра Hurst: 3028 пар
2026-01-19 10:58:35,860 - INFO - [ФИЛЬТР] После фильтра KPSS: 162 пар
2026-01-19 10:58:35,860 - INFO - [ФИЛЬТР] После фильтра market microstructure: 162 пар
2026-01-19 10:58:35,860 - INFO - [ФИЛЬТР] Статистика фильтрации (оптимизированный порядок):
2026-01-19 10:58:35,860 - INFO -   1. SSD → Коинтеграция: 41041 → 4456 пар
2026-01-19 10:58:35,860 - INFO -   2. Коинтеграция → Beta: 4456 → 17817 пар
2026-01-19 10:58:35,860 - INFO -   3. Beta → Half-life: 17817 → 17721 пар
2026-01-19 10:58:35,860 - INFO -   4. Half-life → Mean crossings: 17721 → 17817 пар
2026-01-19 10:58:35,860 - INFO -   5. Mean crossings → Hurst: 17817 → 3028 пар
2026-01-19 10:58:35,860 - INFO -   6. Hurst → KPSS: 3028 → 162 пар
2026-01-19 10:58:35,860 - INFO -   7. KPSS → Market microstructure: 162 → 162 пар
2026-01-19 10:58:35,860 - INFO - [ФИЛЬТР] Причины отсева:
2026-01-19 10:58:35,860 - INFO -   • low_correlation: 14842 пар (36.2%)
2026-01-19 10:58:35,860 - INFO -   • pvalue: 13265 пар (32.3%)
2026-01-19 10:58:35,860 - INFO -   • beta: 8382 пар (20.4%)
2026-01-19 10:58:35,860 - INFO -   • kpss: 2866 пар (7.0%)
2026-01-19 10:58:35,860 - INFO -   • hurst: 1428 пар (3.5%)
2026-01-19 10:58:35,860 - INFO -   • half_life: 96 пар (0.2%)
2026-01-19 10:58:35,860 - INFO - [ФИЛЬТР] Итого: 41041 → 162 пар (0.4% прошли все фильтры)
2026-01-19 10:58:35,919 - INFO - Причины отсева сохранены в results/filter_reasons_20260119_105835.csv
2026-01-19 10:58:35,925 - INFO -   Pair stability filter: 162 → 8 (window=2, min_steps=1, history=3)
2026-01-19 10:58:35,925 - INFO -   Фильтрация: 41041 → 8 пар
2026-01-19 10:58:35,925 - INFO - ⇠ filtering pairs by cointegration and half-life — done in 122.71s
2026-01-19 10:58:35,925 - INFO - ⇠ WF-шаг 4/5: training 2023-10-31-2023-12-29, testing 2023-12-30-2024-01-29 — done in 127.84s
2026-01-19 10:58:35,925 - INFO -   Топ-3 пары по волатильности спреда:
2026-01-19 10:58:35,925 - INFO -     1. AAVEUSDT-BTCDAI: beta=0.0012, std=5.4138
2026-01-19 10:58:35,925 - INFO -     2. AAVEUSDT-WBTCUSDT: beta=0.0012, std=5.4064
2026-01-19 10:58:35,926 - INFO -     3. CYBERUSDT-STGUSDT: beta=6.3182, std=0.3505
2026-01-19 10:58:35,926 - INFO -   Всего пар для торговли: 8 (ограничение 15 применяется к одновременно открытым позициям)
2026-01-19 10:58:35,926 - INFO -   💰 Проверка расчета капитала: equity=$10,572.76, кандидатных_пар=8, max_позиций=15
2026-01-19 10:58:35,926 - INFO -   🎯 Target concurrency: 8 (ожидаемое одновременное число позиций)
2026-01-19 10:58:35,926 - INFO -   📊 Детали расчета капитала:
2026-01-19 10:58:35,926 - INFO -      • Базовый капитал на пару: $1,321.59 (equity / target_concurrency)
2026-01-19 10:58:35,926 - INFO -      • Риск-капитал: $158.59 (1.5% от equity)
2026-01-19 10:58:35,926 - INFO -      • Макс. размер позиции: $211.46 (2.0% от equity)
2026-01-19 10:58:35,926 - INFO -      • Итоговый капитал на пару: $158.59
2026-01-19 10:58:35,926 - INFO - ⇢ WF-шаг 4/5 backtests — starting 8 items
2026-01-19 10:58:35,927 - INFO - 🚀 WF-шаг 4/5: Начинаем бэктесты для 8 пар...
2026-01-19 10:58:35,927 - INFO - 🚀 WF-шаг 4/5: Запускаем параллельную обработку 8 пар на 8 ядрах...
2026-01-19 10:58:35,927 - INFO - 🚀 WF-шаг 4/5: Режим параллельности: процессы
2026-01-19 10:58:35,976 - coint2.engine.numba_engine - INFO - Запуск Numba-оптимизированного бэктеста для AAVEUSDT-BTCDAI
2026-01-19 10:58:35,998 - coint2.engine.numba_engine - INFO - Запуск Numba-оптимизированного бэктеста для AAVEUSDT-WBTCUSDT
2026-01-19 10:58:36,017 - coint2.engine.numba_engine - INFO - Запуск Numba-оптимизированного бэктеста для CYBERUSDT-STGUSDT
2026-01-19 10:58:36,041 - coint2.engine.numba_engine - INFO - Запуск Numba-оптимизированного бэктеста для 1INCHUSDT-NYMUSDT
2026-01-19 10:58:36,043 - WARNING - ❌ Ошибка обработки пары AAVEUSDT-BTCDAI: division by zero
2026-01-19 10:58:36,060 - coint2.engine.numba_engine - INFO - Запуск Numba-оптимизированного бэктеста для IDUSDT-LRCUSDT
2026-01-19 10:58:36,082 - coint2.engine.numba_engine - INFO - Запуск Numba-оптимизированного бэктеста для ICXUSDT-PENDLEUSDT
2026-01-19 10:58:36,110 - coint2.engine.numba_engine - INFO - Запуск Numba-оптимизированного бэктеста для CHRPUSDT-GRTUSDT
2026-01-19 10:58:36,126 - coint2.engine.numba_engine - INFO - Запуск Numba-оптимизированного бэктеста для CHRPUSDT-NEXOUSDT
2026-01-19 10:58:36,220 - INFO -   ⏱️ Параллельная обработка завершена за 0.3с (27.3 пар/с)
2026-01-19 10:58:36,225 - coint2.pipeline.walk_forward_orchestrator - INFO - 🎯 СИМУЛЯЦИЯ ПОРТФЕЛЯ: 7 пар, лимит 15 позиций
2026-01-19 10:58:36,533 - coint2.pipeline.walk_forward_orchestrator - INFO -    📈 Макс. одновременных сигналов: 4
2026-01-19 10:58:36,533 - coint2.pipeline.walk_forward_orchestrator - INFO -    📊 Средн. сигналов за период: 0.1
2026-01-19 10:58:36,533 - coint2.pipeline.walk_forward_orchestrator - INFO -    🎯 Финальных активных позиций: 0
2026-01-19 10:58:36,534 - coint2.pipeline.walk_forward_orchestrator - INFO -    ⚡ Утилизация лимита позиций: 0.5%
2026-01-19 10:58:36,535 - WARNING -   ⚠️ Ошибка обработки пары AAVEUSDT-BTCDAI: division by zero
2026-01-19 10:58:36,535 - INFO -   WF-шаг 4/5 backtests: 1 / 8 (12.5%) | 1.6 items/s | ETA: 4.3s
2026-01-19 10:58:36,535 - INFO - ⇠ WF-шаг 4/5 backtests — completed 8 items in 0.61s (13.1 items/s)
2026-01-19 10:58:36,535 - INFO -   ✅ Обработка завершена: 7 успешно, 1 с ошибками
2026-01-19 10:58:36,535 - INFO -   📊 Успешность: 87.5%, прибыльность: 71.4%, сделок/пара: 16.9
2026-01-19 10:58:36,535 - INFO -   ✅ Завершены бэктесты для 8 пар
2026-01-19 10:58:36,535 - INFO -   📊 Всего обработано пар в этом шаге: 8
2026-01-19 10:58:36,536 - INFO -   📈 Результаты шага: 5/8 прибыльных пар, 118 сделок
2026-01-19 10:58:36,536 - INFO -   💰 P&L шага: $-3.45
2026-01-19 10:58:36,536 - INFO -   ⇢ Обновление капитала и дневного P&L...
2026-01-19 10:58:38,048 - INFO -   💼 Шаг P&L: $-3.45, Накопленный капитал: $10,569.30
2026-01-19 10:58:38,048 - INFO - ------------------------------------------------------------
2026-01-19 10:58:38,048 - INFO -   Walk-forward steps: 4 / 5 (80.0%) | 0.0 items/s | ETA: 129.2s
2026-01-19 10:58:38,048 - INFO - 🔍 WF-шаг 5/5: Валидация временных окон...
2026-01-19 10:58:38,049 - INFO - ⇢ WF-шаг 5/5: training 2023-11-30-2024-01-28, testing 2024-01-29-2024-02-28 — start
2026-01-19 10:58:38,049 - INFO - ⇢ loading step data — start
2026-01-19 10:58:38,264 - INFO - ⇠ loading step data — done in 0.21s
2026-01-19 10:58:39,768 - INFO - 📊 WF-шаг 5/5: Границы данных:
2026-01-19 10:58:39,768 - INFO -    Training: 2023-11-30 00:00:00 → 2024-01-28 23:45:00 (5,760 строк × 344 символов)
2026-01-19 10:58:39,769 - INFO -    Testing:  2024-01-29 00:00:00 → 2024-02-28 00:00:00 (2,881 строк × 344 символов)
2026-01-19 10:58:39,769 - INFO -    Временной разрыв: 0 days 00:15:00
2026-01-19 10:58:39,811 - INFO - ⇢ normalizing training data — start
2026-01-19 10:58:39,849 - INFO -   Символы с NaN значениями: 52
2026-01-19 10:58:39,849 - INFO -   Применяем метод нормализации: rolling_zscore
2026-01-19 10:58:39,865 - INFO - Символы с недостаточной историей: 44 из 344
2026-01-19 10:58:40,291 - INFO - Символы с NaN после нормализации: 300
2026-01-19 10:58:40,297 - INFO - Удалено 809 начальных строк с NaN от rolling расчетов
2026-01-19 10:58:40,299 - INFO - Итоговое количество символов после нормализации: 300 из 344
2026-01-19 10:58:40,299 - INFO -   Статистика нормализации:
2026-01-19 10:58:40,299 - INFO -     Исходные символы: 344
2026-01-19 10:58:40,299 - INFO -     Недостаточная история: 44
2026-01-19 10:58:40,299 - INFO -     Постоянная цена: 0
2026-01-19 10:58:40,299 - INFO -     NaN после нормализации: 300
2026-01-19 10:58:40,299 - INFO -     Итоговые символы: 300 (87.2%)
2026-01-19 10:58:40,299 - INFO -   После нормализации: 300 символов (потеряно 44)
2026-01-19 10:58:40,299 - INFO -   Отброшено много символов: 44 из 344
2026-01-19 10:58:40,299 - INFO - ⇠ normalizing training data — done in 0.49s
2026-01-19 10:58:40,301 - INFO - ⇢ SSD computation — start
2026-01-19 10:58:40,301 - INFO -   Расчет SSD для всех пар (без ограничения)
2026-01-19 10:58:42,834 - INFO -   SSD результат (все пары): 44850 пар
2026-01-19 10:58:42,834 - INFO - ⇠ SSD computation — done in 2.53s
2026-01-19 10:58:42,846 - INFO - ⇢ filtering pairs by cointegration and half-life — start
2026-01-19 10:58:42,847 - INFO - [ФИЛЬТР] Параллельная фильтрация: processes (8 workers)
⚙️  Загрузка данных за период: 2023-11-30 -> 2024-02-28
📂 Найдено 43 parquet файлов для обработки.
📊 Схема данных: Schema({'timestamp': Int64, 'open': Float64, 'high': Float64, 'low': Float64, 'close': Float64, 'volume': Float64, 'turnover': String, 'ts_ms': Int64, 'symbol': String})
✅ Загружено 2755343 записей с помощью Polars.
📊 Типы данных в pandas: timestamp       datetime64[us]
symbol                  object
close                  float64
timestamp_ms             int64
dtype: object
2026-01-19 11:00:30,373 - INFO - [ФИЛЬТР] После проверки данных: 44850 пар
2026-01-19 11:00:30,373 - INFO - [ФИЛЬТР] После фильтра корреляции (>0.45): 14952 пар
2026-01-19 11:00:30,373 - INFO - [ФИЛЬТР] После фильтра beta: 10710 пар
2026-01-19 11:00:30,374 - INFO - [ФИЛЬТР] После фильтра mean crossings: 10710 пар
2026-01-19 11:00:30,374 - INFO - [ФИЛЬТР] После фильтра half-life: 10679 пар
2026-01-19 11:00:30,374 - INFO - [ФИЛЬТР] После фильтра коинтеграции: 4834 пар
2026-01-19 11:00:30,374 - INFO - [ФИЛЬТР] После фильтра Hurst: 3565 пар
2026-01-19 11:00:30,374 - INFO - [ФИЛЬТР] После фильтра KPSS: 150 пар
2026-01-19 11:00:30,374 - INFO - [ФИЛЬТР] После фильтра market microstructure: 150 пар
2026-01-19 11:00:30,374 - INFO - [ФИЛЬТР] Статистика фильтрации (оптимизированный порядок):
2026-01-19 11:00:30,374 - INFO -   1. SSD → Коинтеграция: 44850 → 4834 пар
2026-01-19 11:00:30,374 - INFO -   2. Коинтеграция → Beta: 4834 → 10710 пар
2026-01-19 11:00:30,374 - INFO -   3. Beta → Half-life: 10710 → 10679 пар
2026-01-19 11:00:30,374 - INFO -   4. Half-life → Mean crossings: 10679 → 10710 пар
2026-01-19 11:00:30,374 - INFO -   5. Mean crossings → Hurst: 10710 → 3565 пар
2026-01-19 11:00:30,374 - INFO -   6. Hurst → KPSS: 3565 → 150 пар
2026-01-19 11:00:30,374 - INFO -   7. KPSS → Market microstructure: 150 → 150 пар
2026-01-19 11:00:30,374 - INFO - [ФИЛЬТР] Причины отсева:
2026-01-19 11:00:30,374 - INFO -   • low_correlation: 29898 пар (66.7%)
2026-01-19 11:00:30,374 - INFO -   • pvalue: 5845 пар (13.0%)
2026-01-19 11:00:30,374 - INFO -   • beta: 4242 пар (9.5%)
2026-01-19 11:00:30,374 - INFO -   • kpss: 3415 пар (7.6%)
2026-01-19 11:00:30,374 - INFO -   • hurst: 1269 пар (2.8%)
2026-01-19 11:00:30,374 - INFO -   • half_life: 31 пар (0.1%)
2026-01-19 11:00:30,374 - INFO - [ФИЛЬТР] Итого: 44850 → 150 пар (0.3% прошли все фильтры)
2026-01-19 11:00:30,436 - INFO - Причины отсева сохранены в results/filter_reasons_20260119_110030.csv
2026-01-19 11:00:30,443 - INFO -   Pair stability filter: 150 → 15 (window=2, min_steps=1, history=4)
2026-01-19 11:00:30,443 - INFO -   Фильтрация: 44850 → 15 пар
2026-01-19 11:00:30,443 - INFO - ⇠ filtering pairs by cointegration and half-life — done in 107.60s
2026-01-19 11:00:30,443 - INFO - ⇠ WF-шаг 5/5: training 2023-11-30-2024-01-28, testing 2024-01-29-2024-02-28 — done in 112.39s
2026-01-19 11:00:30,443 - INFO -   Топ-3 пары по волатильности спреда:
2026-01-19 11:00:30,443 - INFO -     1. BTCDAI-WBTCUSDT: beta=1.0023, std=556.1976
2026-01-19 11:00:30,443 - INFO -     2. ETHDAI-STETHUSDT: beta=0.9934, std=13.3291
2026-01-19 11:00:30,443 - INFO -     3. ARKMUSDT-HBARUSDT: beta=5.9349, std=0.0421
2026-01-19 11:00:30,443 - INFO -   Всего пар для торговли: 15 (ограничение 15 применяется к одновременно открытым позициям)
2026-01-19 11:00:30,444 - INFO -   💰 Проверка расчета капитала: equity=$10,569.30, кандидатных_пар=15, max_позиций=15
2026-01-19 11:00:30,444 - INFO -   🎯 Target concurrency: 15 (ожидаемое одновременное число позиций)
2026-01-19 11:00:30,444 - INFO -   📊 Детали расчета капитала:
2026-01-19 11:00:30,444 - INFO -      • Базовый капитал на пару: $704.62 (equity / target_concurrency)
2026-01-19 11:00:30,444 - INFO -      • Риск-капитал: $158.54 (1.5% от equity)
2026-01-19 11:00:30,444 - INFO -      • Макс. размер позиции: $211.39 (2.0% от equity)
2026-01-19 11:00:30,444 - INFO -      • Итоговый капитал на пару: $158.54
2026-01-19 11:00:30,444 - INFO - ⇢ WF-шаг 5/5 backtests — starting 15 items
2026-01-19 11:00:30,444 - INFO - 🚀 WF-шаг 5/5: Начинаем бэктесты для 15 пар...
2026-01-19 11:00:30,444 - INFO - 🚀 WF-шаг 5/5: Запускаем параллельную обработку 15 пар на 8 ядрах...
2026-01-19 11:00:30,444 - INFO - 🚀 WF-шаг 5/5: Режим параллельности: процессы
2026-01-19 11:00:30,494 - coint2.engine.numba_engine - INFO - Запуск Numba-оптимизированного бэктеста для BTCDAI-WBTCUSDT
2026-01-19 11:00:30,512 - coint2.engine.numba_engine - INFO - Запуск Numba-оптимизированного бэктеста для ETHDAI-STETHUSDT
2026-01-19 11:00:30,532 - coint2.engine.numba_engine - INFO - Запуск Numba-оптимизированного бэктеста для ARKMUSDT-HBARUSDT
2026-01-19 11:00:30,551 - coint2.engine.numba_engine - INFO - Запуск Numba-оптимизированного бэктеста для FLOWUSDT-SCRTUSDT
2026-01-19 11:00:30,573 - coint2.engine.numba_engine - INFO - Запуск Numba-оптимизированного бэктеста для BOBAUSDT-STXUSDT
2026-01-19 11:00:30,588 - coint2.engine.numba_engine - INFO - Запуск Numba-оптимизированного бэктеста для ACHUSDT-CRVUSDT
2026-01-19 11:00:30,595 - coint2.engine.numba_engine - INFO - Запуск Numba-оптимизированного бэктеста для CHRPUSDT-XETAUSDT
2026-01-19 11:00:30,604 - coint2.engine.numba_engine - INFO - Запуск Numba-оптимизированного бэктеста для GLMRUSDT-NEARUSDT
2026-01-19 11:00:30,617 - coint2.engine.numba_engine - INFO - Запуск Numba-оптимизированного бэктеста для CHRPUSDT-SNXUSDT
2026-01-19 11:00:30,622 - coint2.engine.numba_engine - INFO - Запуск Numba-оптимизированного бэктеста для BOBAUSDT-SOLEUR
2026-01-19 11:00:30,650 - coint2.engine.numba_engine - INFO - Запуск Numba-оптимизированного бэктеста для BATUSDT-ENJUSDT
2026-01-19 11:00:30,652 - coint2.engine.numba_engine - INFO - Запуск Numba-оптимизированного бэктеста для CHRPUSDT-XCADUSDT
2026-01-19 11:00:30,656 - coint2.engine.numba_engine - INFO - Запуск Numba-оптимизированного бэктеста для SWEATUSDT-XETAUSDT
2026-01-19 11:00:30,687 - coint2.engine.numba_engine - INFO - Запуск Numba-оптимизированного бэктеста для CHRPUSDT-GALAUSDT
2026-01-19 11:00:30,712 - coint2.engine.numba_engine - INFO - Запуск Numba-оптимизированного бэктеста для CHRPUSDT-FITFIUSDT
2026-01-19 11:00:30,749 - INFO -   ⏱️ Параллельная обработка завершена за 0.3с (49.2 пар/с)
2026-01-19 11:00:30,758 - coint2.pipeline.walk_forward_orchestrator - INFO - 🎯 СИМУЛЯЦИЯ ПОРТФЕЛЯ: 15 пар, лимит 15 позиций
2026-01-19 11:00:31,120 - coint2.pipeline.walk_forward_orchestrator - INFO -    📈 Макс. одновременных сигналов: 7
2026-01-19 11:00:31,121 - coint2.pipeline.walk_forward_orchestrator - INFO -    📊 Средн. сигналов за период: 0.2
2026-01-19 11:00:31,121 - coint2.pipeline.walk_forward_orchestrator - INFO -    🎯 Финальных активных позиций: 0
2026-01-19 11:00:31,122 - coint2.pipeline.walk_forward_orchestrator - INFO -    ⚡ Утилизация лимита позиций: 1.5%
2026-01-19 11:00:31,122 - INFO - ⇠ WF-шаг 5/5 backtests — completed 15 items in 0.68s (22.1 items/s)
2026-01-19 11:00:31,122 - INFO -   ✅ Обработка завершена: 15 успешно, 0 с ошибками
2026-01-19 11:00:31,122 - INFO -   📊 Успешность: 100.0%, прибыльность: 53.3%, сделок/пара: 21.1
2026-01-19 11:00:31,122 - INFO -   ✅ Завершены бэктесты для 15 пар
2026-01-19 11:00:31,122 - INFO -   📊 Всего обработано пар в этом шаге: 15
2026-01-19 11:00:31,123 - INFO -   📈 Результаты шага: 8/15 прибыльных пар, 316 сделок
2026-01-19 11:00:31,123 - INFO -   💰 P&L шага: $-18.69
2026-01-19 11:00:31,123 - INFO -   ⇢ Обновление капитала и дневного P&L...
2026-01-19 11:00:32,819 - INFO -   💼 Шаг P&L: $-18.69, Накопленный капитал: $10,550.62
2026-01-19 11:00:32,820 - INFO - ------------------------------------------------------------
2026-01-19 11:00:32,820 - INFO -   Walk-forward steps: 5 / 5 (100.0%) | 0.0 items/s | ETA: 0.0s
2026-01-19 11:00:32,820 - INFO - ⇠ Walk-forward steps — completed 5 items in 631.69s (0.0 items/s)
2026-01-19 11:00:32,820 - INFO - ================================================================================
2026-01-19 11:00:32,820 - INFO - 🏁 Walk-forward анализ завершен!
2026-01-19 11:00:32,820 - INFO - ⏱️ Обработано 5 шагов за 2.4 секунд
2026-01-19 11:00:32,820 - INFO - 📊 Всего обработано пар за весь анализ: 280
2026-01-19 11:00:32,820 - INFO - 💰 Финальный капитал: $10,550.62 (было $10,000.00)
2026-01-19 11:00:32,820 - INFO - 📈 Общая доходность: +5.51% ($+550.62)
2026-01-19 11:00:32,820 - INFO - 📊 Всего сделок: 0
2026-01-19 11:00:32,820 - INFO - ================================================================================
2026-01-19 11:00:32,820 - INFO - ✓ Завершены все 5 WF-шагов
2026-01-19 11:00:32,820 - INFO - ⇢ Обработка финальных результатов и расчет метрик...
2026-01-19 11:00:32,820 - INFO - ⇢ processing final results — start
2026-01-19 11:00:32,821 - INFO -   ⇢ Агрегация данных P&L за 14405 торговых дней
2026-01-19 11:00:32,860 - INFO -   ⇢ Расчет базовых метрик производительности...
2026-01-19 11:00:32,860 - INFO -     📊 Данные для анализа: 14405 записей P&L, 14401 точек equity
2026-01-19 11:00:32,863 - INFO -   ⇢ Расчет расширенных метрик (волатильность, Calmar ratio, и др.)...
2026-01-19 11:00:32,863 - INFO -   ✅ Расширенные метрики рассчитаны: 6 показателей
2026-01-19 11:00:32,864 - INFO -   ⇢ Анализ статистики по 280 парам...
2026-01-19 11:00:32,866 - INFO - ✅ Рассчитаны метрики производительности (19 показателей)
2026-01-19 11:00:32,867 - INFO -   💰 Общий P&L: $+550.62
2026-01-19 11:00:32,867 - INFO -   📊 Sharpe Ratio: 3.071
2026-01-19 11:00:32,867 - INFO -   📉 Максимальная просадка: -16823.27%
2026-01-19 11:00:32,867 - INFO -   🔄 Всего сделок: 5193
2026-01-19 11:00:32,867 - INFO -   📈 Торгуемых пар: 275
2026-01-19 11:00:32,867 - INFO -   💸 Общие издержки: $178.27
2026-01-19 11:00:32,867 - coint2.metrics - INFO - Metric: total_pnl
2026-01-19 11:00:32,868 - coint2.metrics - INFO - Metric: sharpe_ratio_abs
2026-01-19 11:00:32,868 - coint2.metrics - INFO - Metric: max_drawdown_pct
2026-01-19 11:00:32,868 - coint2.metrics - INFO - Metric: total_trades
2026-01-19 11:00:32,868 - coint2.metrics - INFO - Metric: total_pairs_traded
2026-01-19 11:00:32,868 - coint2.metrics - INFO - Metric: total_costs
2026-01-19 11:00:32,868 - INFO - ⇠ processing final results — done in 0.05s
2026-01-19 11:00:32,868 - INFO - ⇢ Создание отчетов и сохранение результатов...
2026-01-19 11:00:32,868 - INFO - ⇢ generating reports — start
2026-01-19 11:00:32,869 - INFO -   ⇢ Создание отчета о производительности...
2026-01-19 11:00:40,002 - INFO -   ✓ Отчет о производительности создан
2026-01-19 11:00:40,003 - INFO -   ⇢ Сохранение данных в CSV файлы...
2026-01-19 11:00:40,006 - INFO - 📋 Метрики сохранены: artifacts/wfa/runs/20260119_stability_relaxed5/stability_relaxed5_20260119_pv0p08_hurst0p65_hl0p02_60_corr0p45_ssd50000_kpss0p03_w2m1/strategy_metrics.csv
2026-01-19 11:00:40,007 - INFO - 📈 Дневные P&L сохранены: artifacts/wfa/runs/20260119_stability_relaxed5/stability_relaxed5_20260119_pv0p08_hurst0p65_hl0p02_60_corr0p45_ssd50000_kpss0p03_w2m1/daily_pnl.csv (151 записей)
2026-01-19 11:00:40,069 - INFO - 💹 Кривая капитала сохранена: artifacts/wfa/runs/20260119_stability_relaxed5/stability_relaxed5_20260119_pv0p08_hurst0p65_hl0p02_60_corr0p45_ssd50000_kpss0p03_w2m1/equity_curve.csv (14401 точек)
2026-01-19 11:00:40,075 - INFO - 📋 Статистика сделок сохранена: artifacts/wfa/runs/20260119_stability_relaxed5/stability_relaxed5_20260119_pv0p08_hurst0p65_hl0p02_60_corr0p45_ssd50000_kpss0p03_w2m1/trade_statistics.csv (280 записей)
2026-01-19 11:00:40,075 - INFO - 🎉 Walk-Forward анализ полностью завершен!
2026-01-19 11:00:40,075 - INFO - 📊 Все отчеты и данные сохранены в: artifacts/wfa/runs/20260119_stability_relaxed5/stability_relaxed5_20260119_pv0p08_hurst0p65_hl0p02_60_corr0p45_ssd50000_kpss0p03_w2m1
2026-01-19 11:00:40,075 - INFO - 💼 Итоговый капитал: $10,550.62
2026-01-19 11:00:40,075 - INFO - ⏱️  Общее время выполнения: 9.6 секунд
2026-01-19 11:00:40,075 - INFO - ⇠ generating reports — done in 7.21s
2026-01-19 11:00:40,075 - coint2.core.memory_optimization - INFO - 🧹 Cleaning up global price data
2026-01-19 11:00:40,079 - coint2.core.memory_optimization - INFO - 📊 No global rolling stats to clean up
2026-01-19 11:00:40,079 - INFO - 🧹 Memory-mapped data cleaned up
2026-01-19 11:00:40,081 - INFO - ⇠ run_walk_forward_analysis — done in 646.45s
📊 Отчет сохранен: artifacts/wfa/runs/20260119_stability_relaxed5/stability_relaxed5_20260119_pv0p08_hurst0p65_hl0p02_60_corr0p45_ssd50000_kpss0p03_w2m1/CointegrationStrategy_performance_report.png
🎯 ============================================================
📊 ИТОГИ ТОРГОВОЙ СТРАТЕГИИ
🎯 ============================================================

💰 ФИНАНСОВЫЕ РЕЗУЛЬТАТЫ:
   • Общий P&L:                          551
   • Максимальная просадка:             -168
   • Средний дневной P&L:                  4

📈 МЕТРИКИ РИСКА:
   • Коэффициент Шарпа:               3.0706
   • Волатильность P&L:                21.21
   • Процент прибыльных дней:         52.32%

🔄 ТОРГОВАЯ АКТИВНОСТЬ:
   • Всего торговых дней:                151
   • Всего сделок:                     5,193
   • Торгуемых пар:                      275
   • Сделок на пару:                    18.5
   • Успешность сделок:               0.32%

💸 РАСХОДЫ И ЭКСТРЕМУМЫ:
   • Общие расходы:                      178
   • Максимальная прибыль:               159
   • Максимальный убыток:               -115
   • Лучшая пара (P&L):                   75
   • Худшая пара (P&L):                  -37

📊 ОЦЕНКА СТРАТЕГИИ:
   ✅ ОТЛИЧНАЯ стратегия! Высокий Шарп и положительный результат

🎯 ============================================================

Annualized Sharpe Ratio: 3.070563695224467
[run_wfa_fullcpu] end: 2026-01-19T11:00:41Z
