[run_wfa_queue] 2026-01-23T13:41:00Z cmd: /opt/coint4/coint4/run_wfa_fullcpu.sh configs/budget_20260123_1000_capsweep_oos20250101_20250630_top50_maxnot40_notionalgrid/stress_relaxed8_nokpss_20260123_oos20250101_20250630_top50_z1p00_exit0p06_hold180_cd180_ms0p2_cap1000_maxnot40_risk0p04_minnot40_maxnot40.yaml artifacts/wfa/runs/20260123_budget1000_oos_notional20_grid/stress_relaxed8_nokpss_20260123_oos20250101_20250630_top50_z1p00_exit0p06_hold180_cd180_ms0p2_cap1000_maxnot40_risk0p04_minnot40_maxnot40
[run_wfa_fullcpu] start: 2026-01-23T13:41:00Z
[run_wfa_fullcpu] os.cpu_count: 8
[run_wfa_fullcpu] worker_pid=3239
2026-01-23 13:41:04,189 - coint2.core.memory_optimization - INFO - ✅ BLAS threading limits set to 1 via threadpoolctl
2026-01-23 13:41:04,190 - coint2.core.memory_optimization - INFO - 🔧 Controlled libraries: openblas, openmp
2026-01-23 13:41:04,190 - coint2.core.memory_optimization - INFO - 🧵 Process threads: 2 → 2
2026-01-23 13:41:04,190 - coint2.core.memory_optimization - INFO - 📝 Set 11 environment variables
2026-01-23 13:41:04,553 - INFO - ✅ Параметры конфигурации валидны
2026-01-23 13:41:04,553 - INFO - 📝 Некоторые параметры были скорректированы:
2026-01-23 13:41:04,738 - INFO - 🔒 WFA: фиксированный universe из artifacts/universe/20260119_relaxed8_strict_preholdout_v2/pairs_universe.yaml (250 пар)
2026-01-23 13:41:04,738 - INFO -   Шаг 1: тренировка 2024-10-03-2024-12-31, тест 2025-01-01-2025-01-31
2026-01-23 13:41:04,738 - INFO -   Шаг 2: тренировка 2024-11-02-2025-01-30, тест 2025-01-31-2025-03-02
2026-01-23 13:41:04,738 - INFO -   Шаг 3: тренировка 2024-12-02-2025-03-01, тест 2025-03-02-2025-04-01
2026-01-23 13:41:04,738 - INFO -   Шаг 4: тренировка 2025-01-01-2025-03-31, тест 2025-04-01-2025-05-01
2026-01-23 13:41:04,738 - INFO -   Шаг 5: тренировка 2025-01-31-2025-04-30, тест 2025-05-01-2025-05-31
2026-01-23 13:41:04,738 - INFO -   Шаг 6: тренировка 2025-03-02-2025-05-30, тест 2025-05-31-2025-06-30
2026-01-23 13:41:04,738 - INFO - 📈 Запланировано 6 walk-forward шагов
2026-01-23 13:41:04,739 - INFO - ⛔ Ограничение WFA шагов: 6 → 3
2026-01-23 13:41:04,739 - WARNING - ⚠️ Маленький буфер между training и testing в шаге 1: 0 дней. Рекомендуется минимум 1 день.
2026-01-23 13:41:04,739 - WARNING - ⚠️ Маленький буфер между training и testing в шаге 2: 0 дней. Рекомендуется минимум 1 день.
2026-01-23 13:41:04,739 - WARNING - ⚠️ Маленький буфер между training и testing в шаге 3: 0 дней. Рекомендуется минимум 1 день.
2026-01-23 13:41:04,739 - INFO - ✅ Шаги успешно запланированы:
2026-01-23 13:41:04,739 - INFO -    Шаг 1: тренировка 2024-10-03-2024-12-31, тест 2025-01-01-2025-01-31
2026-01-23 13:41:04,739 - INFO -    Шаг 2: тренировка 2024-11-02-2025-01-30, тест 2025-01-31-2025-03-02
2026-01-23 13:41:04,739 - INFO -    Шаг 3: тренировка 2024-12-02-2025-03-01, тест 2025-03-02-2025-04-01
2026-01-23 13:41:04,739 - INFO - 🗂️ Consolidating price data for memory-mapped access...
2026-01-23 13:41:04,739 - INFO - 📊 Consolidating data range: 2024-09-28 → 2025-04-06
2026-01-23 13:41:04,739 - coint2.core.memory_optimization - INFO - 🔄 Consolidating price data from data_downloaded to .cache/consolidated_prices.parquet
2026-01-23 13:41:04,739 - INFO - ⇢ loading raw data for consolidation — start
2026-01-23 13:41:05,565 - INFO - ⇠ loading raw data for consolidation — done in 0.83s
2026-01-23 13:41:05,566 - INFO - ⇢ pivoting data to wide format — start
2026-01-23 13:41:12,724 - INFO - ⇠ pivoting data to wide format — done in 7.16s
2026-01-23 13:41:12,808 - coint2.core.memory_optimization - INFO - 📊 Consolidated data: 18241 rows × 598 symbols
2026-01-23 13:41:12,808 - coint2.core.memory_optimization - INFO - 💾 Memory usage: 43.8 MB
2026-01-23 13:41:12,808 - INFO - ⇢ writing consolidated Parquet file — start
2026-01-23 13:41:13,156 - INFO - ⇠ writing consolidated Parquet file — done in 0.35s
2026-01-23 13:41:13,156 - coint2.core.memory_optimization - INFO - ✅ Successfully consolidated data to .cache/consolidated_prices.parquet
2026-01-23 13:41:13,193 - coint2.core.memory_optimization - INFO - 🔄 Initializing memory-mapped price data from .cache/consolidated_prices.parquet
2026-01-23 13:41:13,194 - INFO - ⇢ loading memory-mapped data — start
2026-01-23 13:41:13,194 - coint2.core.memory_optimization - WARNING - ⚠️ memory_map не поддерживается в текущей версии pyarrow, fallback без mmap
2026-01-23 13:41:13,381 - INFO - ⇠ loading memory-mapped data — done in 0.19s
2026-01-23 13:41:13,565 - coint2.core.memory_optimization - INFO - 📊 Loaded 18241 rows × 598 symbols
2026-01-23 13:41:13,566 - coint2.core.memory_optimization - INFO - 💾 Memory usage: 43.8 MB (memory-mapped)
2026-01-23 13:41:13,567 - INFO - ✅ Memory-mapped data initialized successfully
2026-01-23 13:41:13,568 - INFO - ⇢ Walk-forward steps — starting 3 items
2026-01-23 13:41:13,569 - INFO - 📈 Инициализация equity кривой с первой тестовой даты: 2025-01-01 00:00:00
2026-01-23 13:41:13,569 - INFO - 🔍 WF-шаг 1/3: Валидация временных окон...
2026-01-23 13:41:13,570 - INFO - ⇢ WF-шаг 1/3: training 2024-10-03-2024-12-31, testing 2025-01-01-2025-01-31 — start
2026-01-23 13:41:13,570 - INFO - ⇢ loading step data — start
2026-01-23 13:41:13,918 - INFO - ⇠ loading step data — done in 0.35s
2026-01-23 13:41:17,998 - INFO - 📊 WF-шаг 1/3: Границы данных:
2026-01-23 13:41:17,999 - INFO -    Training: 2024-10-03 00:00:00 → 2024-12-31 23:45:00 (8,640 строк × 569 символов)
2026-01-23 13:41:17,999 - INFO -    Testing:  2025-01-01 00:00:00 → 2025-01-31 00:00:00 (2,881 строк × 569 символов)
2026-01-23 13:41:17,999 - INFO -    Временной разрыв: 0 days 00:15:00
2026-01-23 13:41:18,077 - INFO - ⇢ normalizing training data — start
2026-01-23 13:41:18,147 - INFO -   Символы с NaN значениями: 76
2026-01-23 13:41:18,147 - INFO -   Применяем метод нормализации: rolling_zscore
2026-01-23 13:41:18,209 - INFO - Символы с недостаточной историей: 67 из 569
2026-01-23 13:41:19,423 - INFO - Символы с NaN после нормализации: 502
2026-01-23 13:41:19,437 - INFO - Удалено 1481 начальных строк с NaN от rolling расчетов
2026-01-23 13:41:19,442 - INFO - Итоговое количество символов после нормализации: 502 из 569
2026-01-23 13:41:19,444 - INFO -   Статистика нормализации:
2026-01-23 13:41:19,444 - INFO -     Исходные символы: 569
2026-01-23 13:41:19,444 - INFO -     Недостаточная история: 67
2026-01-23 13:41:19,444 - INFO -     Постоянная цена: 0
2026-01-23 13:41:19,444 - INFO -     NaN после нормализации: 502
2026-01-23 13:41:19,444 - INFO -     Итоговые символы: 502 (88.2%)
2026-01-23 13:41:19,444 - INFO -   После нормализации: 502 символов (потеряно 67)
2026-01-23 13:41:19,445 - INFO -   Отброшено много символов: 67 из 569
2026-01-23 13:41:19,445 - INFO - ⇠ normalizing training data — done in 1.37s
2026-01-23 13:41:19,445 - INFO -   Фиксированный universe: 250 пар (отфильтровано 0 недоступных)
2026-01-23 13:41:19,445 - INFO - ⇢ filtering pairs by cointegration and half-life — start
2026-01-23 13:41:19,445 - INFO - [ФИЛЬТР] Параллельная фильтрация: threads (8 workers)
2026-01-23 13:41:27,223 - INFO - [ФИЛЬТР] После проверки данных: 250 пар
2026-01-23 13:41:27,223 - INFO - [ФИЛЬТР] После фильтра корреляции (>0.4): 198 пар
2026-01-23 13:41:27,223 - INFO - [ФИЛЬТР] После фильтра beta: 158 пар
2026-01-23 13:41:27,223 - INFO - [ФИЛЬТР] После фильтра mean crossings: 158 пар
2026-01-23 13:41:27,223 - INFO - [ФИЛЬТР] После фильтра half-life: 158 пар
2026-01-23 13:41:27,223 - INFO - [ФИЛЬТР] После фильтра коинтеграции: 86 пар
2026-01-23 13:41:27,223 - INFO - [ФИЛЬТР] После фильтра Hurst: 55 пар
2026-01-23 13:41:27,223 - INFO - [ФИЛЬТР] После фильтра KPSS: 55 пар
2026-01-23 13:41:27,223 - INFO - [ФИЛЬТР] После фильтра market microstructure: 55 пар
2026-01-23 13:41:27,223 - INFO - [ФИЛЬТР] Статистика фильтрации (оптимизированный порядок):
2026-01-23 13:41:27,223 - INFO -   1. SSD → Коинтеграция: 250 → 86 пар
2026-01-23 13:41:27,223 - INFO -   2. Коинтеграция → Beta: 86 → 158 пар
2026-01-23 13:41:27,223 - INFO -   3. Beta → Half-life: 158 → 158 пар
2026-01-23 13:41:27,223 - INFO -   4. Half-life → Mean crossings: 158 → 158 пар
2026-01-23 13:41:27,223 - INFO -   5. Mean crossings → Hurst: 158 → 55 пар
2026-01-23 13:41:27,223 - INFO -   6. Hurst → KPSS: 55 → 55 пар
2026-01-23 13:41:27,223 - INFO -   7. KPSS → Market microstructure: 55 → 55 пар
2026-01-23 13:41:27,223 - INFO - [ФИЛЬТР] Причины отсева:
2026-01-23 13:41:27,223 - INFO -   • pvalue: 72 пар (28.8%)
2026-01-23 13:41:27,223 - INFO -   • low_correlation: 52 пар (20.8%)
2026-01-23 13:41:27,223 - INFO -   • beta: 40 пар (16.0%)
2026-01-23 13:41:27,223 - INFO -   • hurst: 31 пар (12.4%)
2026-01-23 13:41:27,224 - INFO - [ФИЛЬТР] Итого: 250 → 55 пар (22.0% прошли все фильтры)
2026-01-23 13:41:27,227 - INFO - Причины отсева сохранены в results/filter_reasons_20260123_134127.csv
2026-01-23 13:41:27,227 - INFO -   Pair stability filter: insufficient history (0 < 1), skip
2026-01-23 13:41:27,227 - INFO -   Фильтрация: 250 → 55 пар
2026-01-23 13:41:27,227 - INFO - ⇠ filtering pairs by cointegration and half-life — done in 7.78s
2026-01-23 13:41:27,227 - INFO - ⇠ WF-шаг 1/3: training 2024-10-03-2024-12-31, testing 2025-01-01-2025-01-31 — done in 13.66s
2026-01-23 13:41:27,227 - INFO -   Ограничение max_pairs=50: 55 → 50
2026-01-23 13:41:27,227 - INFO -   Топ-3 пары по волатильности спреда:
2026-01-23 13:41:27,227 - INFO -     1. BTCUSDC-BTCUSDT: beta=1.0010, std=69.8508
2026-01-23 13:41:27,227 - INFO -     2. ETHDAI-ETHEUR: beta=0.9775, std=32.5750
2026-01-23 13:41:27,227 - INFO -     3. ETHUSDC-ETHUSDT: beta=1.0014, std=2.4933
2026-01-23 13:41:27,227 - INFO -   Всего пар для торговли: 50 (ограничение 15 применяется к одновременно открытым позициям)
2026-01-23 13:41:27,228 - INFO -   💰 Проверка расчета капитала: equity=$1,000.00, кандидатных_пар=50, max_позиций=15
2026-01-23 13:41:27,228 - INFO -   🎯 Target concurrency: 15 (ожидаемое одновременное число позиций)
2026-01-23 13:41:27,228 - INFO -   📊 Детали расчета капитала:
2026-01-23 13:41:27,228 - INFO -      • Базовый капитал на пару: $66.67 (equity / target_concurrency)
2026-01-23 13:41:27,228 - INFO -      • Риск-капитал: $40.00 (4.0% от equity)
2026-01-23 13:41:27,228 - INFO -      • Макс. размер позиции: $50.00 (5.0% от equity)
2026-01-23 13:41:27,228 - INFO -      • Итоговый капитал на пару: $40.00
2026-01-23 13:41:27,228 - INFO - ⇢ WF-шаг 1/3 backtests — starting 50 items
2026-01-23 13:41:27,228 - INFO - 🚀 WF-шаг 1/3: Начинаем бэктесты для 50 пар...
2026-01-23 13:41:27,228 - INFO - 🚀 WF-шаг 1/3: Запускаем параллельную обработку 50 пар на 8 ядрах...
2026-01-23 13:41:27,228 - INFO - 🚀 WF-шаг 1/3: Режим параллельности: процессы
⚙️  Загрузка данных за период: 2024-09-28 -> 2025-04-06
📂 Найдено 43 parquet файлов для обработки.
📊 Схема данных: Schema({'timestamp': Int64, 'open': Float64, 'high': Float64, 'low': Float64, 'close': Float64, 'volume': Float64, 'turnover': String, 'ts_ms': Int64, 'symbol': String})
✅ Загружено 9958627 записей с помощью Polars.
📊 Типы данных в pandas: timestamp       datetime64[us]
symbol                  object
close                  float64
timestamp_ms             int64
dtype: object
⚙️  Загрузка данных за период: 2024-10-03 -> 2025-01-31
📂 Найдено 43 parquet файлов для обработки.
📊 Схема данных: Schema({'timestamp': Int64, 'open': Float64, 'high': Float64, 'low': Float64, 'close': Float64, 'volume': Float64, 'turnover': String, 'ts_ms': Int64, 'symbol': String})
✅ Загружено 6098760 записей с помощью Polars.
📊 Типы данных в pandas: timestamp       datetime64[us]
symbol                  object
close                  float64
timestamp_ms             int64
dtype: object
2026-01-23 13:41:27,289 - coint2.engine.numba_engine - INFO - Запуск Numba-оптимизированного бэктеста для BTCUSDC-BTCUSDT
2026-01-23 13:41:27,314 - coint2.engine.numba_engine - INFO - Запуск Numba-оптимизированного бэктеста для ETHDAI-ETHEUR
2026-01-23 13:41:27,343 - coint2.engine.numba_engine - INFO - Запуск Numba-оптимизированного бэктеста для ETHUSDC-ETHUSDT
2026-01-23 13:41:27,367 - coint2.engine.numba_engine - INFO - Запуск Numba-оптимизированного бэктеста для AVAUSDT-FLOWUSDT
2026-01-23 13:41:27,368 - coint2.engine.numba_engine - INFO - Запуск Numba-оптимизированного бэктеста для DYDXUSDT-KSMUSDT
2026-01-23 13:41:27,390 - coint2.engine.numba_engine - INFO - Запуск Numba-оптимизированного бэктеста для CBKUSDT-FILUSDC
2026-01-23 13:41:27,393 - coint2.engine.numba_engine - INFO - Запуск Numba-оптимизированного бэктеста для CYBERUSDT-FIDAUSDT
2026-01-23 13:41:27,396 - coint2.engine.numba_engine - INFO - Запуск Numba-оптимизированного бэктеста для APEUSDC-HFTUSDC
2026-01-23 13:41:27,411 - coint2.engine.numba_engine - INFO - Запуск Numba-оптимизированного бэктеста для BATUSDT-JSTUSDT
2026-01-23 13:41:27,419 - coint2.engine.numba_engine - INFO - Запуск Numba-оптимизированного бэктеста для CBKUSDT-ENJUSDT
2026-01-23 13:41:27,421 - coint2.engine.numba_engine - INFO - Запуск Numba-оптимизированного бэктеста для DYDXUSDT-KCALUSDT
2026-01-23 13:41:27,422 - coint2.engine.numba_engine - INFO - Запуск Numba-оптимизированного бэктеста для APEUSDT-HFTUSDC
2026-01-23 13:41:27,432 - coint2.engine.numba_engine - INFO - Запуск Numba-оптимизированного бэктеста для CHZUSDC-JSTUSDT
2026-01-23 13:41:27,440 - coint2.engine.numba_engine - INFO - Запуск Numba-оптимизированного бэктеста для GODSUSDT-KCALUSDT
2026-01-23 13:41:27,444 - coint2.engine.numba_engine - INFO - Запуск Numba-оптимизированного бэктеста для CBKUSDT-ETCUSDT
2026-01-23 13:41:27,446 - coint2.engine.numba_engine - INFO - Запуск Numba-оптимизированного бэктеста для AXLUSDT-IZIUSDT
2026-01-23 13:41:27,453 - coint2.engine.numba_engine - INFO - Запуск Numba-оптимизированного бэктеста для CAPSUSDT-FTTUSDT
2026-01-23 13:41:27,462 - coint2.engine.numba_engine - INFO - Запуск Numba-оптимизированного бэктеста для CHZUSDT-JSTUSDT
2026-01-23 13:41:27,465 - coint2.engine.numba_engine - INFO - Запуск Numba-оптимизированного бэктеста для GMTUSDT-KCALUSDT
2026-01-23 13:41:27,467 - coint2.engine.numba_engine - INFO - Запуск Numba-оптимизированного бэктеста для BICOUSDT-DUELUSDT
2026-01-23 13:41:27,473 - coint2.engine.numba_engine - INFO - Запуск Numba-оптимизированного бэктеста для FLOWUSDT-JSTUSDT
2026-01-23 13:41:27,474 - coint2.engine.numba_engine - INFO - Запуск Numba-оптимизированного бэктеста для FITFIUSDT-IZIUSDT
2026-01-23 13:41:27,476 - coint2.engine.numba_engine - INFO - Запуск Numba-оптимизированного бэктеста для ARKMUSDT-ARUSDT
2026-01-23 13:41:27,473 - coint2.engine.numba_engine - INFO - Запуск Numba-оптимизированного бэктеста для AVAUSDT-KASTAUSDT
2026-01-23 13:41:27,484 - coint2.engine.numba_engine - INFO - Запуск Numba-оптимизированного бэктеста для AGLAUSDT-ARBUSDC
2026-01-23 13:41:27,486 - coint2.engine.numba_engine - INFO - Запуск Numba-оптимизированного бэктеста для ADAEUR-ADAUSDC
2026-01-23 13:41:27,493 - coint2.engine.numba_engine - INFO - Запуск Numba-оптимизированного бэктеста для GMTUSDC-KCALUSDT
2026-01-23 13:41:27,495 - coint2.engine.numba_engine - INFO - Запуск Numba-оптимизированного бэктеста для DMAILUSDT-FIDAUSDT
2026-01-23 13:41:27,506 - coint2.engine.numba_engine - INFO - Запуск Numba-оптимизированного бэктеста для FITFIUSDT-FLOWUSDT
2026-01-23 13:41:27,507 - coint2.engine.numba_engine - INFO - Запуск Numba-оптимизированного бэктеста для AGLAUSDT-ARBUSDT
2026-01-23 13:41:27,514 - coint2.engine.numba_engine - INFO - Запуск Numba-оптимизированного бэктеста для CHZUSDC-FILUSDC
2026-01-23 13:41:27,516 - coint2.engine.numba_engine - INFO - Запуск Numba-оптимизированного бэктеста для BATUSDT-ETCUSDT
2026-01-23 13:41:27,536 - coint2.engine.numba_engine - INFO - Запуск Numba-оптимизированного бэктеста для AGLAUSDT-CSPRUSDT
2026-01-23 13:41:27,538 - coint2.engine.numba_engine - INFO - Запуск Numba-оптимизированного бэктеста для CSPRUSDT-GTAIUSDT
2026-01-23 13:41:27,556 - coint2.engine.numba_engine - INFO - Запуск Numba-оптимизированного бэктеста для CBKUSDT-FILUSDT
2026-01-23 13:41:27,556 - coint2.engine.numba_engine - INFO - Запуск Numba-оптимизированного бэктеста для AFCUSDT-CITYUSDT
2026-01-23 13:41:27,562 - coint2.engine.numba_engine - INFO - Запуск Numba-оптимизированного бэктеста для CAPSUSDT-CSPRUSDT
2026-01-23 13:41:27,578 - coint2.engine.numba_engine - INFO - Запуск Numba-оптимизированного бэктеста для 1INCHUSDT-ICXUSDT
2026-01-23 13:41:27,578 - coint2.engine.numba_engine - INFO - Запуск Numba-оптимизированного бэктеста для 1INCHUSDT-AXSUSDT
2026-01-23 13:41:27,582 - coint2.engine.numba_engine - INFO - Запуск Numba-оптимизированного бэктеста для BICOUSDT-KASTAUSDT
2026-01-23 13:41:27,606 - coint2.engine.numba_engine - INFO - Запуск Numba-оптимизированного бэктеста для ENJUSDT-FILUSDC
2026-01-23 13:41:27,608 - coint2.engine.numba_engine - INFO - Запуск Numba-оптимизированного бэктеста для C98USDT-CHZUSDT
2026-01-23 13:41:27,612 - coint2.engine.numba_engine - INFO - Запуск Numba-оптимизированного бэктеста для FIDAUSDT-KAVAUSDT
2026-01-23 13:41:27,628 - coint2.engine.numba_engine - INFO - Запуск Numba-оптимизированного бэктеста для CSPRUSDT-FTTUSDT
2026-01-23 13:41:27,632 - coint2.engine.numba_engine - INFO - Запуск Numba-оптимизированного бэктеста для AEGUSDT-DOMEUSDT
2026-01-23 13:41:27,634 - coint2.engine.numba_engine - INFO - Запуск Numba-оптимизированного бэктеста для C98USDT-CHZUSDC
2026-01-23 13:41:27,649 - coint2.engine.numba_engine - INFO - Запуск Numba-оптимизированного бэктеста для AGLAUSDT-APPUSDT
2026-01-23 13:41:27,653 - coint2.engine.numba_engine - INFO - Запуск Numba-оптимизированного бэктеста для IZIUSDT-KAVAUSDT
2026-01-23 13:41:27,657 - coint2.engine.numba_engine - INFO - Запуск Numba-оптимизированного бэктеста для CHRPUSDT-ERTHAUSDT
2026-01-23 13:41:27,680 - coint2.engine.numba_engine - INFO - Запуск Numba-оптимизированного бэктеста для IZIUSDT-KCALUSDT
2026-01-23 13:41:27,725 - INFO -   ⏱️ Параллельная обработка завершена за 0.5с (100.6 пар/с)
2026-01-23 13:41:27,749 - coint2.pipeline.walk_forward_orchestrator - INFO - 🎯 СИМУЛЯЦИЯ ПОРТФЕЛЯ: 50 пар, лимит 15 позиций
2026-01-23 13:41:28,674 - coint2.pipeline.walk_forward_orchestrator - INFO -    📈 Макс. одновременных сигналов: 33
2026-01-23 13:41:28,674 - coint2.pipeline.walk_forward_orchestrator - INFO -    📊 Средн. сигналов за период: 19.8
2026-01-23 13:41:28,675 - coint2.pipeline.walk_forward_orchestrator - INFO -    🎯 Финальных активных позиций: 15
2026-01-23 13:41:28,676 - coint2.pipeline.walk_forward_orchestrator - INFO -    ⚡ Утилизация лимита позиций: 95.3%
2026-01-23 13:41:28,677 - INFO - ⇠ WF-шаг 1/3 backtests — completed 50 items in 1.45s (34.5 items/s)
2026-01-23 13:41:28,677 - INFO -   ✅ Обработка завершена: 50 успешно, 0 с ошибками
2026-01-23 13:41:28,677 - INFO -   📊 Успешность: 100.0%, прибыльность: 60.0%, сделок/пара: 47.6
2026-01-23 13:41:28,677 - INFO -   ✅ Завершены бэктесты для 50 пар
2026-01-23 13:41:28,677 - INFO -   📊 Всего обработано пар в этом шаге: 50
2026-01-23 13:41:28,677 - INFO -   📈 Результаты шага: 30/50 прибыльных пар, 2380 сделок
2026-01-23 13:41:28,677 - INFO -   💰 P&L шага: $+1,303.34
2026-01-23 13:41:28,677 - INFO -   ⇢ Обновление капитала и дневного P&L...
2026-01-23 13:41:29,879 - INFO -   💼 Шаг P&L: $+1,303.34, Накопленный капитал: $2,303.34
2026-01-23 13:41:29,879 - INFO - ------------------------------------------------------------
2026-01-23 13:41:29,879 - INFO -   Walk-forward steps: 1 / 3 (33.3%) | 0.1 items/s | ETA: 32.6s
2026-01-23 13:41:29,879 - INFO - 🔍 WF-шаг 2/3: Валидация временных окон...
2026-01-23 13:41:29,879 - INFO - ⇢ WF-шаг 2/3: training 2024-11-02-2025-01-30, testing 2025-01-31-2025-03-02 — start
2026-01-23 13:41:29,879 - INFO - ⇢ loading step data — start
2026-01-23 13:41:30,319 - INFO - ⇠ loading step data — done in 0.44s
2026-01-23 13:41:34,323 - INFO - 📊 WF-шаг 2/3: Границы данных:
2026-01-23 13:41:34,324 - INFO -    Training: 2024-11-02 00:00:00 → 2025-01-30 23:45:00 (8,640 строк × 577 символов)
2026-01-23 13:41:34,324 - INFO -    Testing:  2025-01-31 00:00:00 → 2025-03-02 00:00:00 (2,881 строк × 577 символов)
2026-01-23 13:41:34,324 - INFO -    Временной разрыв: 0 days 00:15:00
2026-01-23 13:41:34,409 - INFO - ⇢ normalizing training data — start
2026-01-23 13:41:34,479 - INFO -   Символы с NaN значениями: 70
2026-01-23 13:41:34,479 - INFO -   Применяем метод нормализации: rolling_zscore
2026-01-23 13:41:34,539 - INFO - Символы с недостаточной историей: 60 из 577
2026-01-23 13:41:35,800 - INFO - Символы с NaN после нормализации: 517
2026-01-23 13:41:35,815 - INFO - Удалено 1685 начальных строк с NaN от rolling расчетов
2026-01-23 13:41:35,820 - INFO - Итоговое количество символов после нормализации: 517 из 577
2026-01-23 13:41:35,822 - INFO -   Статистика нормализации:
2026-01-23 13:41:35,822 - INFO -     Исходные символы: 577
2026-01-23 13:41:35,822 - INFO -     Недостаточная история: 60
2026-01-23 13:41:35,822 - INFO -     Постоянная цена: 0
2026-01-23 13:41:35,822 - INFO -     NaN после нормализации: 517
2026-01-23 13:41:35,822 - INFO -     Итоговые символы: 517 (89.6%)
2026-01-23 13:41:35,822 - INFO -   После нормализации: 517 символов (потеряно 60)
2026-01-23 13:41:35,822 - INFO -   Отброшено много символов: 60 из 577
2026-01-23 13:41:35,822 - INFO - ⇠ normalizing training data — done in 1.41s
2026-01-23 13:41:35,823 - INFO -   Фиксированный universe: 250 пар (отфильтровано 0 недоступных)
2026-01-23 13:41:35,823 - INFO - ⇢ filtering pairs by cointegration and half-life — start
2026-01-23 13:41:35,823 - INFO - [ФИЛЬТР] Параллельная фильтрация: threads (8 workers)
2026-01-23 13:41:45,581 - INFO - [ФИЛЬТР] После проверки данных: 250 пар
2026-01-23 13:41:45,581 - INFO - [ФИЛЬТР] После фильтра корреляции (>0.4): 186 пар
2026-01-23 13:41:45,581 - INFO - [ФИЛЬТР] После фильтра beta: 158 пар
2026-01-23 13:41:45,582 - INFO - [ФИЛЬТР] После фильтра mean crossings: 158 пар
2026-01-23 13:41:45,582 - INFO - [ФИЛЬТР] После фильтра half-life: 158 пар
2026-01-23 13:41:45,582 - INFO - [ФИЛЬТР] После фильтра коинтеграции: 115 пар
2026-01-23 13:41:45,582 - INFO - [ФИЛЬТР] После фильтра Hurst: 91 пар
2026-01-23 13:41:45,582 - INFO - [ФИЛЬТР] После фильтра KPSS: 91 пар
2026-01-23 13:41:45,582 - INFO - [ФИЛЬТР] После фильтра market microstructure: 91 пар
2026-01-23 13:41:45,582 - INFO - [ФИЛЬТР] Статистика фильтрации (оптимизированный порядок):
2026-01-23 13:41:45,582 - INFO -   1. SSD → Коинтеграция: 250 → 115 пар
2026-01-23 13:41:45,582 - INFO -   2. Коинтеграция → Beta: 115 → 158 пар
2026-01-23 13:41:45,582 - INFO -   3. Beta → Half-life: 158 → 158 пар
2026-01-23 13:41:45,582 - INFO -   4. Half-life → Mean crossings: 158 → 158 пар
2026-01-23 13:41:45,582 - INFO -   5. Mean crossings → Hurst: 158 → 91 пар
2026-01-23 13:41:45,582 - INFO -   6. Hurst → KPSS: 91 → 91 пар
2026-01-23 13:41:45,582 - INFO -   7. KPSS → Market microstructure: 91 → 91 пар
2026-01-23 13:41:45,582 - INFO - [ФИЛЬТР] Причины отсева:
2026-01-23 13:41:45,582 - INFO -   • low_correlation: 64 пар (25.6%)
2026-01-23 13:41:45,582 - INFO -   • pvalue: 43 пар (17.2%)
2026-01-23 13:41:45,582 - INFO -   • beta: 28 пар (11.2%)
2026-01-23 13:41:45,582 - INFO -   • hurst: 24 пар (9.6%)
2026-01-23 13:41:45,582 - INFO - [ФИЛЬТР] Итого: 250 → 91 пар (36.4% прошли все фильтры)
2026-01-23 13:41:45,584 - INFO - Причины отсева сохранены в results/filter_reasons_20260123_134145.csv
2026-01-23 13:41:45,585 - INFO -   Pair stability filter: 91 → 41 (window=2, min_steps=1, history=1)
2026-01-23 13:41:45,585 - INFO -   Фильтрация: 250 → 41 пар
2026-01-23 13:41:45,585 - INFO - ⇠ filtering pairs by cointegration and half-life — done in 9.76s
2026-01-23 13:41:45,585 - INFO - ⇠ WF-шаг 2/3: training 2024-11-02-2025-01-30, testing 2025-01-31-2025-03-02 — done in 15.71s
2026-01-23 13:41:45,585 - INFO -   Ограничение max_pairs=50: 41 пар (лимит не достигнут)
2026-01-23 13:41:45,585 - INFO -   Топ-3 пары по волатильности спреда:
2026-01-23 13:41:45,585 - INFO -     1. ETHDAI-ETHEUR: beta=0.9997, std=45.8861
2026-01-23 13:41:45,585 - INFO -     2. ETHUSDC-ETHUSDT: beta=1.0010, std=2.7855
2026-01-23 13:41:45,586 - INFO -     3. CYBERUSDT-FIDAUSDT: beta=13.5831, std=0.3390
2026-01-23 13:41:45,586 - INFO -   Всего пар для торговли: 41 (ограничение 15 применяется к одновременно открытым позициям)
2026-01-23 13:41:45,586 - INFO -   💰 Проверка расчета капитала: equity=$2,303.34, кандидатных_пар=41, max_позиций=15
2026-01-23 13:41:45,586 - INFO -   🎯 Target concurrency: 15 (ожидаемое одновременное число позиций)
2026-01-23 13:41:45,586 - INFO -   📊 Детали расчета капитала:
2026-01-23 13:41:45,586 - INFO -      • Базовый капитал на пару: $153.56 (equity / target_concurrency)
2026-01-23 13:41:45,586 - INFO -      • Риск-капитал: $92.13 (4.0% от equity)
2026-01-23 13:41:45,586 - INFO -      • Макс. размер позиции: $115.17 (5.0% от equity)
2026-01-23 13:41:45,586 - INFO -      • Итоговый капитал на пару: $92.13
2026-01-23 13:41:45,586 - INFO - ⇢ WF-шаг 2/3 backtests — starting 41 items
2026-01-23 13:41:45,586 - INFO - 🚀 WF-шаг 2/3: Начинаем бэктесты для 41 пар...
2026-01-23 13:41:45,587 - INFO - 🚀 WF-шаг 2/3: Запускаем параллельную обработку 41 пар на 8 ядрах...
2026-01-23 13:41:45,587 - INFO - 🚀 WF-шаг 2/3: Режим параллельности: процессы
⚙️  Загрузка данных за период: 2024-11-02 -> 2025-03-02
📂 Найдено 43 parquet файлов для обработки.
📊 Схема данных: Schema({'timestamp': Int64, 'open': Float64, 'high': Float64, 'low': Float64, 'close': Float64, 'volume': Float64, 'turnover': String, 'ts_ms': Int64, 'symbol': String})
✅ Загружено 6311429 записей с помощью Polars.
📊 Типы данных в pandas: timestamp       datetime64[us]
symbol                  object
close                  float64
timestamp_ms             int64
dtype: object
2026-01-23 13:41:45,649 - coint2.engine.numba_engine - INFO - Запуск Numba-оптимизированного бэктеста для ETHDAI-ETHEUR
2026-01-23 13:41:45,677 - coint2.engine.numba_engine - INFO - Запуск Numba-оптимизированного бэктеста для ETHUSDC-ETHUSDT
2026-01-23 13:41:45,710 - coint2.engine.numba_engine - INFO - Запуск Numba-оптимизированного бэктеста для CYBERUSDT-FIDAUSDT
2026-01-23 13:41:45,736 - coint2.engine.numba_engine - INFO - Запуск Numba-оптимизированного бэктеста для APEUSDC-HFTUSDC
2026-01-23 13:41:45,742 - coint2.engine.numba_engine - INFO - Запуск Numba-оптимизированного бэктеста для AVAUSDT-KASTAUSDT
2026-01-23 13:41:45,759 - coint2.engine.numba_engine - INFO - Запуск Numba-оптимизированного бэктеста для BATUSDT-JSTUSDT
2026-01-23 13:41:45,759 - coint2.engine.numba_engine - INFO - Запуск Numba-оптимизированного бэктеста для APEUSDT-HFTUSDC
2026-01-23 13:41:45,764 - coint2.engine.numba_engine - INFO - Запуск Numba-оптимизированного бэктеста для DYDXUSDT-KCALUSDT
2026-01-23 13:41:45,781 - coint2.engine.numba_engine - INFO - Запуск Numba-оптимизированного бэктеста для AFCUSDT-CITYUSDT
2026-01-23 13:41:45,781 - coint2.engine.numba_engine - INFO - Запуск Numba-оптимизированного бэктеста для CHZUSDC-JSTUSDT
2026-01-23 13:41:45,793 - coint2.engine.numba_engine - INFO - Запуск Numba-оптимизированного бэктеста для CBKUSDT-ETCUSDT
2026-01-23 13:41:45,800 - coint2.engine.numba_engine - INFO - Запуск Numba-оптимизированного бэктеста для FLOWUSDT-JSTUSDT
2026-01-23 13:41:45,802 - coint2.engine.numba_engine - INFO - Запуск Numba-оптимизированного бэктеста для CHZUSDT-JSTUSDT
2026-01-23 13:41:45,802 - coint2.engine.numba_engine - INFO - Запуск Numba-оптимизированного бэктеста для AGLAUSDT-ARBUSDC
2026-01-23 13:41:45,822 - coint2.engine.numba_engine - INFO - Запуск Numba-оптимизированного бэктеста для GODSUSDT-KCALUSDT
2026-01-23 13:41:45,822 - coint2.engine.numba_engine - INFO - Запуск Numba-оптимизированного бэктеста для BICOUSDT-KASTAUSDT
2026-01-23 13:41:45,823 - coint2.engine.numba_engine - INFO - Запуск Numba-оптимизированного бэктеста для AGLAUSDT-ARBUSDT
2026-01-23 13:41:45,823 - coint2.engine.numba_engine - INFO - Запуск Numba-оптимизированного бэктеста для ERTHAUSDT-KASTAUSDT
2026-01-23 13:41:45,839 - coint2.engine.numba_engine - INFO - Запуск Numba-оптимизированного бэктеста для CBKUSDT-FILUSDT
2026-01-23 13:41:45,844 - coint2.engine.numba_engine - INFO - Запуск Numba-оптимизированного бэктеста для DMAILUSDT-FIDAUSDT
2026-01-23 13:41:45,844 - coint2.engine.numba_engine - INFO - Запуск Numba-оптимизированного бэктеста для GMTUSDT-KCALUSDT
2026-01-23 13:41:45,844 - coint2.engine.numba_engine - INFO - Запуск Numba-оптимизированного бэктеста для CSPRUSDT-GTAIUSDT
2026-01-23 13:41:45,858 - coint2.engine.numba_engine - INFO - Запуск Numba-оптимизированного бэктеста для CBKUSDT-FILUSDC
2026-01-23 13:41:45,865 - coint2.engine.numba_engine - INFO - Запуск Numba-оптимизированного бэктеста для CSPRUSDT-FTTUSDT
2026-01-23 13:41:45,866 - coint2.engine.numba_engine - INFO - Запуск Numba-оптимизированного бэктеста для GMTUSDC-KCALUSDT
2026-01-23 13:41:45,868 - coint2.engine.numba_engine - INFO - Запуск Numba-оптимизированного бэктеста для IZIUSDT-KAVAUSDT
2026-01-23 13:41:45,887 - coint2.engine.numba_engine - INFO - Запуск Numba-оптимизированного бэктеста для AGLAUSDT-APPUSDT
2026-01-23 13:41:45,888 - coint2.engine.numba_engine - INFO - Запуск Numba-оптимизированного бэктеста для CHRPUSDT-ERTHAUSDT
2026-01-23 13:41:45,891 - coint2.engine.numba_engine - INFO - Запуск Numba-оптимизированного бэктеста для FIDAUSDT-KAVAUSDT
2026-01-23 13:41:45,909 - coint2.engine.numba_engine - INFO - Запуск Numba-оптимизированного бэктеста для CAPSUSDT-CSPRUSDT
2026-01-23 13:41:45,913 - coint2.engine.numba_engine - INFO - Запуск Numba-оптимизированного бэктеста для BATUSDT-ETCUSDT
2026-01-23 13:41:45,921 - coint2.engine.numba_engine - INFO - Запуск Numba-оптимизированного бэктеста для 1INCHUSDT-AXSUSDT
2026-01-23 13:41:45,934 - coint2.engine.numba_engine - INFO - Запуск Numba-оптимизированного бэктеста для AEGUSDT-DOMEUSDT
2026-01-23 13:41:45,936 - coint2.engine.numba_engine - INFO - Запуск Numba-оптимизированного бэктеста для BICOUSDT-DUELUSDT
2026-01-23 13:41:45,942 - coint2.engine.numba_engine - INFO - Запуск Numba-оптимизированного бэктеста для ADAEUR-ADAUSDC
2026-01-23 13:41:45,956 - coint2.engine.numba_engine - INFO - Запуск Numba-оптимизированного бэктеста для IZIUSDT-KCALUSDT
2026-01-23 13:41:45,957 - coint2.engine.numba_engine - INFO - Запуск Numba-оптимизированного бэктеста для C98USDT-CHZUSDT
2026-01-23 13:41:45,963 - coint2.engine.numba_engine - INFO - Запуск Numba-оптимизированного бэктеста для CAPSUSDT-FTTUSDT
2026-01-23 13:41:45,978 - coint2.engine.numba_engine - INFO - Запуск Numba-оптимизированного бэктеста для AGLAUSDT-CSPRUSDT
2026-01-23 13:41:45,984 - coint2.engine.numba_engine - INFO - Запуск Numba-оптимизированного бэктеста для FITFIUSDT-JUVUSDT
2026-01-23 13:41:46,005 - coint2.engine.numba_engine - INFO - Запуск Numba-оптимизированного бэктеста для FITFIUSDT-FLOWUSDT
2026-01-23 13:41:46,054 - INFO -   ⏱️ Параллельная обработка завершена за 0.5с (87.8 пар/с)
2026-01-23 13:41:46,074 - coint2.pipeline.walk_forward_orchestrator - INFO - 🎯 СИМУЛЯЦИЯ ПОРТФЕЛЯ: 41 пар, лимит 15 позиций
2026-01-23 13:41:46,944 - coint2.pipeline.walk_forward_orchestrator - INFO -    📈 Макс. одновременных сигналов: 28
2026-01-23 13:41:46,944 - coint2.pipeline.walk_forward_orchestrator - INFO -    📊 Средн. сигналов за период: 16.6
2026-01-23 13:41:46,944 - coint2.pipeline.walk_forward_orchestrator - INFO -    🎯 Финальных активных позиций: 9
2026-01-23 13:41:46,945 - coint2.pipeline.walk_forward_orchestrator - INFO -    ⚡ Утилизация лимита позиций: 90.4%
2026-01-23 13:41:46,946 - INFO - ⇠ WF-шаг 2/3 backtests — completed 41 items in 1.36s (30.2 items/s)
2026-01-23 13:41:46,946 - INFO -   ✅ Обработка завершена: 41 успешно, 0 с ошибками
2026-01-23 13:41:46,946 - INFO -   📊 Успешность: 100.0%, прибыльность: 31.7%, сделок/пара: 47.1
2026-01-23 13:41:46,946 - INFO -   ✅ Завершены бэктесты для 41 пар
2026-01-23 13:41:46,946 - INFO -   📊 Всего обработано пар в этом шаге: 41
2026-01-23 13:41:46,946 - INFO -   📈 Результаты шага: 13/41 прибыльных пар, 1933 сделок
2026-01-23 13:41:46,946 - INFO -   💰 P&L шага: $-516.51
2026-01-23 13:41:46,946 - INFO -   ⇢ Обновление капитала и дневного P&L...
2026-01-23 13:41:48,269 - INFO -   💼 Шаг P&L: $-516.51, Накопленный капитал: $1,786.82
2026-01-23 13:41:48,269 - INFO - ------------------------------------------------------------
2026-01-23 13:41:48,269 - INFO -   Walk-forward steps: 2 / 3 (66.7%) | 0.1 items/s | ETA: 17.4s
2026-01-23 13:41:48,269 - INFO - 🔍 WF-шаг 3/3: Валидация временных окон...
2026-01-23 13:41:48,269 - INFO - ⇢ WF-шаг 3/3: training 2024-12-02-2025-03-01, testing 2025-03-02-2025-04-01 — start
2026-01-23 13:41:48,269 - INFO - ⇢ loading step data — start
2026-01-23 13:41:48,727 - INFO - ⇠ loading step data — done in 0.46s
2026-01-23 13:41:53,037 - INFO - 📊 WF-шаг 3/3: Границы данных:
2026-01-23 13:41:53,037 - INFO -    Training: 2024-12-02 00:00:00 → 2025-03-01 23:45:00 (8,640 строк × 595 символов)
2026-01-23 13:41:53,037 - INFO -    Testing:  2025-03-02 00:00:00 → 2025-04-01 00:00:00 (2,881 строк × 595 символов)
2026-01-23 13:41:53,037 - INFO -    Временной разрыв: 0 days 00:15:00
2026-01-23 13:41:53,120 - INFO - ⇢ normalizing training data — start
2026-01-23 13:41:53,194 - INFO -   Символы с NaN значениями: 65
2026-01-23 13:41:53,194 - INFO -   Применяем метод нормализации: rolling_zscore
2026-01-23 13:41:53,258 - INFO - Символы с недостаточной историей: 48 из 595
2026-01-23 13:41:54,543 - INFO - Символы с NaN после нормализации: 547
2026-01-23 13:41:54,564 - INFO - Удалено 1673 начальных строк с NaN от rolling расчетов
2026-01-23 13:41:54,568 - INFO - Итоговое количество символов после нормализации: 547 из 595
2026-01-23 13:41:54,572 - INFO -   Статистика нормализации:
2026-01-23 13:41:54,572 - INFO -     Исходные символы: 595
2026-01-23 13:41:54,572 - INFO -     Недостаточная история: 48
2026-01-23 13:41:54,572 - INFO -     Постоянная цена: 0
2026-01-23 13:41:54,572 - INFO -     NaN после нормализации: 547
2026-01-23 13:41:54,572 - INFO -     Итоговые символы: 547 (91.9%)
2026-01-23 13:41:54,572 - INFO -   После нормализации: 547 символов (потеряно 48)
2026-01-23 13:41:54,572 - INFO -   Отброшено много символов: 48 из 595
2026-01-23 13:41:54,572 - INFO - ⇠ normalizing training data — done in 1.45s
2026-01-23 13:41:54,573 - INFO -   Фиксированный universe: 250 пар (отфильтровано 0 недоступных)
2026-01-23 13:41:54,573 - INFO - ⇢ filtering pairs by cointegration and half-life — start
2026-01-23 13:41:54,573 - INFO - [ФИЛЬТР] Параллельная фильтрация: threads (8 workers)
2026-01-23 13:42:05,664 - INFO - [ФИЛЬТР] После проверки данных: 250 пар
2026-01-23 13:42:05,665 - INFO - [ФИЛЬТР] После фильтра корреляции (>0.4): 214 пар
2026-01-23 13:42:05,665 - INFO - [ФИЛЬТР] После фильтра beta: 183 пар
2026-01-23 13:42:05,665 - INFO - [ФИЛЬТР] После фильтра mean crossings: 183 пар
2026-01-23 13:42:05,665 - INFO - [ФИЛЬТР] После фильтра half-life: 183 пар
2026-01-23 13:42:05,665 - INFO - [ФИЛЬТР] После фильтра коинтеграции: 134 пар
2026-01-23 13:42:05,665 - INFO - [ФИЛЬТР] После фильтра Hurst: 103 пар
2026-01-23 13:42:05,665 - INFO - [ФИЛЬТР] После фильтра KPSS: 103 пар
2026-01-23 13:42:05,665 - INFO - [ФИЛЬТР] После фильтра market microstructure: 103 пар
2026-01-23 13:42:05,665 - INFO - [ФИЛЬТР] Статистика фильтрации (оптимизированный порядок):
2026-01-23 13:42:05,665 - INFO -   1. SSD → Коинтеграция: 250 → 134 пар
2026-01-23 13:42:05,665 - INFO -   2. Коинтеграция → Beta: 134 → 183 пар
2026-01-23 13:42:05,665 - INFO -   3. Beta → Half-life: 183 → 183 пар
2026-01-23 13:42:05,665 - INFO -   4. Half-life → Mean crossings: 183 → 183 пар
2026-01-23 13:42:05,665 - INFO -   5. Mean crossings → Hurst: 183 → 103 пар
2026-01-23 13:42:05,665 - INFO -   6. Hurst → KPSS: 103 → 103 пар
2026-01-23 13:42:05,665 - INFO -   7. KPSS → Market microstructure: 103 → 103 пар
2026-01-23 13:42:05,665 - INFO - [ФИЛЬТР] Причины отсева:
2026-01-23 13:42:05,665 - INFO -   • pvalue: 49 пар (19.6%)
2026-01-23 13:42:05,665 - INFO -   • low_correlation: 36 пар (14.4%)
2026-01-23 13:42:05,665 - INFO -   • beta: 31 пар (12.4%)
2026-01-23 13:42:05,665 - INFO -   • hurst: 31 пар (12.4%)
2026-01-23 13:42:05,665 - INFO - [ФИЛЬТР] Итого: 250 → 103 пар (41.2% прошли все фильтры)
2026-01-23 13:42:05,667 - INFO - Причины отсева сохранены в results/filter_reasons_20260123_134205.csv
2026-01-23 13:42:05,668 - INFO -   Pair stability filter: 103 → 63 (window=2, min_steps=1, history=2)
2026-01-23 13:42:05,668 - INFO -   Фильтрация: 250 → 63 пар
2026-01-23 13:42:05,668 - INFO - ⇠ filtering pairs by cointegration and half-life — done in 11.10s
2026-01-23 13:42:05,668 - INFO - ⇠ WF-шаг 3/3: training 2024-12-02-2025-03-01, testing 2025-03-02-2025-04-01 — done in 17.40s
2026-01-23 13:42:05,668 - INFO -   Ограничение max_pairs=50: 63 → 50
2026-01-23 13:42:05,668 - INFO -   Топ-3 пары по волатильности спреда:
2026-01-23 13:42:05,668 - INFO -     1. BTCUSDC-BTCUSDT: beta=1.0032, std=65.7783
2026-01-23 13:42:05,668 - INFO -     2. ETHDAI-ETHEUR: beta=1.0539, std=36.1543
2026-01-23 13:42:05,668 - INFO -     3. ETCUSDT-JUVUSDT: beta=14.3982, std=3.0702
2026-01-23 13:42:05,669 - INFO -   Всего пар для торговли: 50 (ограничение 15 применяется к одновременно открытым позициям)
2026-01-23 13:42:05,669 - INFO -   💰 Проверка расчета капитала: equity=$1,786.82, кандидатных_пар=50, max_позиций=15
2026-01-23 13:42:05,669 - INFO -   🎯 Target concurrency: 15 (ожидаемое одновременное число позиций)
2026-01-23 13:42:05,669 - INFO -   📊 Детали расчета капитала:
2026-01-23 13:42:05,669 - INFO -      • Базовый капитал на пару: $119.12 (equity / target_concurrency)
2026-01-23 13:42:05,669 - INFO -      • Риск-капитал: $71.47 (4.0% от equity)
2026-01-23 13:42:05,669 - INFO -      • Макс. размер позиции: $89.34 (5.0% от equity)
2026-01-23 13:42:05,669 - INFO -      • Итоговый капитал на пару: $71.47
2026-01-23 13:42:05,669 - INFO - ⇢ WF-шаг 3/3 backtests — starting 50 items
2026-01-23 13:42:05,669 - INFO - 🚀 WF-шаг 3/3: Начинаем бэктесты для 50 пар...
2026-01-23 13:42:05,669 - INFO - 🚀 WF-шаг 3/3: Запускаем параллельную обработку 50 пар на 8 ядрах...
2026-01-23 13:42:05,669 - INFO - 🚀 WF-шаг 3/3: Режим параллельности: процессы
⚙️  Загрузка данных за период: 2024-12-02 -> 2025-04-01
📂 Найдено 43 parquet файлов для обработки.
📊 Схема данных: Schema({'timestamp': Int64, 'open': Float64, 'high': Float64, 'low': Float64, 'close': Float64, 'volume': Float64, 'turnover': String, 'ts_ms': Int64, 'symbol': String})
✅ Загружено 6507634 записей с помощью Polars.
📊 Типы данных в pandas: timestamp       datetime64[us]
symbol                  object
close                  float64
timestamp_ms             int64
dtype: object
2026-01-23 13:42:05,729 - coint2.engine.numba_engine - INFO - Запуск Numba-оптимизированного бэктеста для BTCUSDC-BTCUSDT
2026-01-23 13:42:05,781 - coint2.engine.numba_engine - INFO - Запуск Numba-оптимизированного бэктеста для ETHDAI-ETHEUR
2026-01-23 13:42:05,817 - coint2.engine.numba_engine - INFO - Запуск Numba-оптимизированного бэктеста для ETCUSDT-JUVUSDT
2026-01-23 13:42:05,847 - coint2.engine.numba_engine - INFO - Запуск Numba-оптимизированного бэктеста для FILUSDC-JUVUSDT
2026-01-23 13:42:05,858 - coint2.engine.numba_engine - INFO - Запуск Numba-оптимизированного бэктеста для FILUSDT-JUVUSDT
2026-01-23 13:42:05,884 - coint2.engine.numba_engine - INFO - Запуск Numba-оптимизированного бэктеста для AXSUSDT-DOTUSDT
2026-01-23 13:42:05,906 - coint2.engine.numba_engine - INFO - Запуск Numba-оптимизированного бэктеста для AVAUSDT-FLOWUSDT
2026-01-23 13:42:05,936 - coint2.engine.numba_engine - INFO - Запуск Numba-оптимизированного бэктеста для CBKUSDT-ETCUSDT
2026-01-23 13:42:05,940 - coint2.engine.numba_engine - INFO - Запуск Numba-оптимизированного бэктеста для AVAUSDT-KASTAUSDT
2026-01-23 13:42:05,960 - coint2.engine.numba_engine - INFO - Запуск Numba-оптимизированного бэктеста для DYDXUSDT-KCALUSDT
2026-01-23 13:42:05,974 - coint2.engine.numba_engine - INFO - Запуск Numba-оптимизированного бэктеста для AXSUSDT-DOTUSDC
2026-01-23 13:42:05,987 - coint2.engine.numba_engine - INFO - Запуск Numba-оптимизированного бэктеста для FLOWUSDT-JSTUSDT
2026-01-23 13:42:06,001 - coint2.engine.numba_engine - INFO - Запуск Numba-оптимизированного бэктеста для CYBERUSDT-FIDAUSDT
2026-01-23 13:42:06,013 - coint2.engine.numba_engine - INFO - Запуск Numba-оптимизированного бэктеста для DYDXUSDT-KSMUSDT
2026-01-23 13:42:06,020 - coint2.engine.numba_engine - INFO - Запуск Numba-оптимизированного бэктеста для FLOWUSDT-JUVUSDT
2026-01-23 13:42:06,032 - coint2.engine.numba_engine - INFO - Запуск Numba-оптимизированного бэктеста для CELOUSDT-FLOWUSDT
2026-01-23 13:42:06,044 - coint2.engine.numba_engine - INFO - Запуск Numba-оптимизированного бэктеста для APEXUSDC-KASTAUSDT
2026-01-23 13:42:06,048 - coint2.engine.numba_engine - INFO - Запуск Numba-оптимизированного бэктеста для AXLUSDT-IZIUSDT
2026-01-23 13:42:06,053 - coint2.engine.numba_engine - INFO - Запуск Numba-оптимизированного бэктеста для APEUSDT-ATOMUSDT
2026-01-23 13:42:06,053 - coint2.engine.numba_engine - INFO - Запуск Numba-оптимизированного бэктеста для CITYUSDT-GRTUSDT
2026-01-23 13:42:06,074 - coint2.engine.numba_engine - INFO - Запуск Numba-оптимизированного бэктеста для GLMRUSDT-KCALUSDT
2026-01-23 13:42:06,075 - coint2.engine.numba_engine - INFO - Запуск Numba-оптимизированного бэктеста для AFCUSDT-CITYUSDT
2026-01-23 13:42:06,079 - coint2.engine.numba_engine - INFO - Запуск Numba-оптимизированного бэктеста для APEXUSDT-KASTAUSDT
2026-01-23 13:42:06,080 - coint2.engine.numba_engine - INFO - Запуск Numba-оптимизированного бэктеста для GMTUSDT-HOOKUSDT
2026-01-23 13:42:06,091 - coint2.engine.numba_engine - INFO - Запуск Numba-оптимизированного бэктеста для APEUSDC-HFTUSDT
2026-01-23 13:42:06,091 - coint2.engine.numba_engine - INFO - Запуск Numba-оптимизированного бэктеста для BATUSDT-CBKUSDT
2026-01-23 13:42:06,096 - coint2.engine.numba_engine - INFO - Запуск Numba-оптимизированного бэктеста для GODSUSDT-KSMUSDT
2026-01-23 13:42:06,097 - coint2.engine.numba_engine - INFO - Запуск Numba-оптимизированного бэктеста для ADAEUR-ADAUSDC
2026-01-23 13:42:06,113 - coint2.engine.numba_engine - INFO - Запуск Numba-оптимизированного бэктеста для APEUSDC-HFTUSDC
2026-01-23 13:42:06,117 - coint2.engine.numba_engine - INFO - Запуск Numba-оптимизированного бэктеста для BATUSDT-JUVUSDT
2026-01-23 13:42:06,117 - coint2.engine.numba_engine - INFO - Запуск Numba-оптимизированного бэктеста для CHZUSDC-JSTUSDT
2026-01-23 13:42:06,118 - coint2.engine.numba_engine - INFO - Запуск Numba-оптимизированного бэктеста для JSTUSDT-JUVUSDT
2026-01-23 13:42:06,122 - coint2.engine.numba_engine - INFO - Запуск Numba-оптимизированного бэктеста для ARTYUSDT-KDAUSDT
2026-01-23 13:42:06,124 - coint2.engine.numba_engine - INFO - Запуск Numba-оптимизированного бэктеста для CHZUSDC-FILUSDT
2026-01-23 13:42:06,134 - coint2.engine.numba_engine - INFO - Запуск Numba-оптимизированного бэктеста для GODSUSDT-KCALUSDT
2026-01-23 13:42:06,135 - coint2.engine.numba_engine - INFO - Запуск Numba-оптимизированного бэктеста для BATUSDT-JSTUSDT
2026-01-23 13:42:06,137 - coint2.engine.numba_engine - INFO - Запуск Numba-оптимизированного бэктеста для BATUSDT-ETCUSDT
2026-01-23 13:42:06,144 - coint2.engine.numba_engine - INFO - Запуск Numba-оптимизированного бэктеста для ARTYUSDT-CRVUSDT
2026-01-23 13:42:06,148 - coint2.engine.numba_engine - INFO - Запуск Numba-оптимизированного бэктеста для APEUSDT-HFTUSDT
2026-01-23 13:42:06,155 - coint2.engine.numba_engine - INFO - Запуск Numba-оптимизированного бэктеста для BICOUSDT-ETHWUSDT
2026-01-23 13:42:06,157 - coint2.engine.numba_engine - INFO - Запуск Numba-оптимизированного бэктеста для CHZUSDT-JSTUSDT
2026-01-23 13:42:06,161 - coint2.engine.numba_engine - INFO - Запуск Numba-оптимизированного бэктеста для C98USDT-CHZUSDC
2026-01-23 13:42:06,170 - coint2.engine.numba_engine - INFO - Запуск Numba-оптимизированного бэктеста для GMTUSDT-KCALUSDT
2026-01-23 13:42:06,177 - coint2.engine.numba_engine - INFO - Запуск Numba-оптимизированного бэктеста для C98USDT-CHZUSDT
2026-01-23 13:42:06,197 - coint2.engine.numba_engine - INFO - Запуск Numba-оптимизированного бэктеста для APEUSDT-HFTUSDC
2026-01-23 13:42:06,205 - coint2.engine.numba_engine - INFO - Запуск Numba-оптимизированного бэктеста для C98USDT-GTAIUSDT
2026-01-23 13:42:06,229 - coint2.engine.numba_engine - INFO - Запуск Numba-оптимизированного бэктеста для CHZUSDC-GTAIUSDT
2026-01-23 13:42:06,235 - coint2.engine.numba_engine - INFO - Запуск Numba-оптимизированного бэктеста для GMTUSDC-KCALUSDT
2026-01-23 13:42:06,258 - coint2.engine.numba_engine - INFO - Запуск Numba-оптимизированного бэктеста для GMTUSDC-HOOKUSDT
2026-01-23 13:42:06,279 - coint2.engine.numba_engine - INFO - Запуск Numba-оптимизированного бэктеста для CHZUSDT-GTAIUSDT
2026-01-23 13:42:06,327 - INFO -   ⏱️ Параллельная обработка завершена за 0.7с (76.1 пар/с)
2026-01-23 13:42:06,361 - coint2.pipeline.walk_forward_orchestrator - INFO - 🎯 СИМУЛЯЦИЯ ПОРТФЕЛЯ: 50 пар, лимит 15 позиций
2026-01-23 13:42:07,310 - coint2.pipeline.walk_forward_orchestrator - INFO -    📈 Макс. одновременных сигналов: 35
2026-01-23 13:42:07,310 - coint2.pipeline.walk_forward_orchestrator - INFO -    📊 Средн. сигналов за период: 20.5
2026-01-23 13:42:07,311 - coint2.pipeline.walk_forward_orchestrator - INFO -    🎯 Финальных активных позиций: 15
2026-01-23 13:42:07,312 - coint2.pipeline.walk_forward_orchestrator - INFO -    ⚡ Утилизация лимита позиций: 94.1%
2026-01-23 13:42:07,312 - INFO - ⇠ WF-шаг 3/3 backtests — completed 50 items in 1.64s (30.4 items/s)
2026-01-23 13:42:07,312 - INFO -   ✅ Обработка завершена: 50 успешно, 0 с ошибками
2026-01-23 13:42:07,313 - INFO -   📊 Успешность: 100.0%, прибыльность: 64.0%, сделок/пара: 47.6
2026-01-23 13:42:07,313 - INFO -   ✅ Завершены бэктесты для 50 пар
2026-01-23 13:42:07,313 - INFO -   📊 Всего обработано пар в этом шаге: 50
2026-01-23 13:42:07,313 - INFO -   📈 Результаты шага: 32/50 прибыльных пар, 2381 сделок
2026-01-23 13:42:07,313 - INFO -   💰 P&L шага: $+260.79
2026-01-23 13:42:07,313 - INFO -   ⇢ Обновление капитала и дневного P&L...
2026-01-23 13:42:08,755 - INFO -   💼 Шаг P&L: $+260.79, Накопленный капитал: $2,047.62
2026-01-23 13:42:08,756 - INFO - ------------------------------------------------------------
2026-01-23 13:42:08,756 - INFO -   Walk-forward steps: 3 / 3 (100.0%) | 0.1 items/s | ETA: 0.0s
2026-01-23 13:42:08,756 - INFO - ⇠ Walk-forward steps — completed 3 items in 55.19s (0.1 items/s)
2026-01-23 13:42:08,756 - INFO - ================================================================================
2026-01-23 13:42:08,756 - INFO - 🏁 Walk-forward анализ завершен!
2026-01-23 13:42:08,756 - INFO - ⏱️ Обработано 3 шагов за 3.1 секунд
2026-01-23 13:42:08,756 - INFO - 📊 Всего обработано пар за весь анализ: 141
2026-01-23 13:42:08,756 - INFO - 💰 Финальный капитал: $2,047.62 (было $1,000.00)
2026-01-23 13:42:08,756 - INFO - 📈 Общая доходность: +104.76% ($+1,047.62)
2026-01-23 13:42:08,756 - INFO - 📊 Всего сделок: 0
2026-01-23 13:42:08,756 - INFO - ================================================================================
2026-01-23 13:42:08,756 - INFO - ✓ Завершены все 3 WF-шагов
2026-01-23 13:42:08,756 - INFO - ⇢ Обработка финальных результатов и расчет метрик...
2026-01-23 13:42:08,756 - INFO - ⇢ processing final results — start
2026-01-23 13:42:08,757 - INFO -   ⇢ Агрегация данных P&L за 8643 торговых дней
2026-01-23 13:42:08,779 - INFO -   ⇢ Расчет базовых метрик производительности...
2026-01-23 13:42:08,779 - INFO -     📊 Данные для анализа: 8643 записей P&L, 8641 точек equity
2026-01-23 13:42:08,781 - INFO -   ⇢ Расчет расширенных метрик (волатильность, Calmar ratio, и др.)...
2026-01-23 13:42:08,782 - INFO -   ✅ Расширенные метрики рассчитаны: 6 показателей
2026-01-23 13:42:08,782 - INFO -   ⇢ Анализ статистики по 141 парам...
2026-01-23 13:42:08,786 - INFO - ✅ Рассчитаны метрики производительности (26 показателей)
2026-01-23 13:42:08,786 - INFO -   💰 Общий P&L: $+1,047.62
2026-01-23 13:42:08,786 - INFO -   📊 Sharpe Ratio: 2.320
2026-01-23 13:42:08,786 - INFO -   📉 Максимальная просадка: -148156.72%
2026-01-23 13:42:08,786 - INFO -   🔄 Всего сделок: 6694
2026-01-23 13:42:08,786 - INFO -   📈 Торгуемых пар: 79
2026-01-23 13:42:08,786 - INFO -   💸 Общие издержки: $883.69
2026-01-23 13:42:08,787 - coint2.metrics - INFO - Metric: total_pnl
2026-01-23 13:42:08,787 - coint2.metrics - INFO - Metric: sharpe_ratio_abs
2026-01-23 13:42:08,787 - coint2.metrics - INFO - Metric: max_drawdown_pct
2026-01-23 13:42:08,787 - coint2.metrics - INFO - Metric: total_trades
2026-01-23 13:42:08,787 - coint2.metrics - INFO - Metric: total_pairs_traded
2026-01-23 13:42:08,787 - coint2.metrics - INFO - Metric: total_costs
2026-01-23 13:42:08,788 - INFO - ⇠ processing final results — done in 0.03s
2026-01-23 13:42:08,788 - INFO - ⇢ Создание отчетов и сохранение результатов...
2026-01-23 13:42:08,788 - INFO - ⇢ generating reports — start
2026-01-23 13:42:08,788 - INFO -   ⇢ Создание отчета о производительности...
2026-01-23 13:42:15,087 - INFO -   ✓ Отчет о производительности создан
2026-01-23 13:42:15,087 - INFO -   ⇢ Сохранение данных в CSV файлы...
2026-01-23 13:42:15,089 - INFO - 📋 Метрики сохранены: artifacts/wfa/runs/20260123_budget1000_oos_notional20_grid/stress_relaxed8_nokpss_20260123_oos20250101_20250630_top50_z1p00_exit0p06_hold180_cd180_ms0p2_cap1000_maxnot40_risk0p04_minnot40_maxnot40/strategy_metrics.csv
2026-01-23 13:42:15,090 - INFO - 📈 Дневные P&L сохранены: artifacts/wfa/runs/20260123_budget1000_oos_notional20_grid/stress_relaxed8_nokpss_20260123_oos20250101_20250630_top50_z1p00_exit0p06_hold180_cd180_ms0p2_cap1000_maxnot40_risk0p04_minnot40_maxnot40/daily_pnl.csv (91 записей)
2026-01-23 13:42:15,122 - INFO - 💹 Кривая капитала сохранена: artifacts/wfa/runs/20260123_budget1000_oos_notional20_grid/stress_relaxed8_nokpss_20260123_oos20250101_20250630_top50_z1p00_exit0p06_hold180_cd180_ms0p2_cap1000_maxnot40_risk0p04_minnot40_maxnot40/equity_curve.csv (8641 точек)
2026-01-23 13:42:15,127 - INFO - 📋 Статистика сделок сохранена: artifacts/wfa/runs/20260123_budget1000_oos_notional20_grid/stress_relaxed8_nokpss_20260123_oos20250101_20250630_top50_z1p00_exit0p06_hold180_cd180_ms0p2_cap1000_maxnot40_risk0p04_minnot40_maxnot40/trade_statistics.csv (141 записей)
2026-01-23 13:42:15,127 - INFO - 🎉 Walk-Forward анализ полностью завершен!
2026-01-23 13:42:15,127 - INFO - 📊 Все отчеты и данные сохранены в: artifacts/wfa/runs/20260123_budget1000_oos_notional20_grid/stress_relaxed8_nokpss_20260123_oos20250101_20250630_top50_z1p00_exit0p06_hold180_cd180_ms0p2_cap1000_maxnot40_risk0p04_minnot40_maxnot40
2026-01-23 13:42:15,127 - INFO - 💼 Итоговый капитал: $2,047.62
2026-01-23 13:42:15,127 - INFO - ⏱️  Общее время выполнения: 9.5 секунд
2026-01-23 13:42:15,127 - INFO - ⇠ generating reports — done in 6.34s
2026-01-23 13:42:15,127 - coint2.core.memory_optimization - INFO - 🧹 Cleaning up global price data
2026-01-23 13:42:15,133 - coint2.core.memory_optimization - INFO - 📊 No global rolling stats to clean up
2026-01-23 13:42:15,133 - INFO - 🧹 Memory-mapped data cleaned up
2026-01-23 13:42:15,135 - INFO - ⇠ run_walk_forward_analysis — done in 70.97s
📊 Отчет сохранен: artifacts/wfa/runs/20260123_budget1000_oos_notional20_grid/stress_relaxed8_nokpss_20260123_oos20250101_20250630_top50_z1p00_exit0p06_hold180_cd180_ms0p2_cap1000_maxnot40_risk0p04_minnot40_maxnot40/CointegrationStrategy_performance_report.png
🎯 ============================================================
📊 ИТОГИ ТОРГОВОЙ СТРАТЕГИИ
🎯 ============================================================

💰 ФИНАНСОВЫЕ РЕЗУЛЬТАТЫ:
   • Общий P&L:                        1,048
   • Максимальная просадка:           -1,482
   • Средний дневной P&L:                 12

📈 МЕТРИКИ РИСКА:
   • Коэффициент Шарпа:               2.3202
   • Волатильность P&L:               141.47
   • Процент прибыльных дней:         51.65%

🔄 ТОРГОВАЯ АКТИВНОСТЬ:
   • Всего торговых дней:                 91
   • Всего сделок:                     6,694
   • Торгуемых пар:                       79
   • Сделок на пару:                    47.5
   • Успешность сделок:               0.83%

💸 РАСХОДЫ И ЭКСТРЕМУМЫ:
   • Общие расходы:                      884
   • Максимальная прибыль:               630
   • Максимальный убыток:               -438
   • Лучшая пара (P&L):                  797
   • Худшая пара (P&L):                 -327

📊 ОЦЕНКА СТРАТЕГИИ:
   ✅ ОТЛИЧНАЯ стратегия! Высокий Шарп и положительный результат

🎯 ============================================================

Annualized Sharpe Ratio: 2.32020115698804
[run_wfa_fullcpu] end: 2026-01-23T13:42:16Z
