[run_wfa_queue] 2026-01-20T05:09:35Z cmd: /opt/coint4/coint4/run_wfa_fullcpu.sh configs/stress_20260119_relaxed8_nokpss_u250_topk_turnover/stress_relaxed8_nokpss_u250_top20_z1p05_exit0p08_hold120_cd120.yaml artifacts/wfa/runs/20260119_relaxed8_nokpss_u250_topk_turnover/stress_relaxed8_nokpss_u250_top20_z1p05_exit0p08_hold120_cd120
[run_wfa_fullcpu] start: 2026-01-20T05:09:35Z
[run_wfa_fullcpu] os.cpu_count: 8
[run_wfa_fullcpu] worker_pid=1197
2026-01-20 05:09:38,634 - coint2.core.memory_optimization - INFO - ✅ BLAS threading limits set to 1 via threadpoolctl
2026-01-20 05:09:38,635 - coint2.core.memory_optimization - INFO - 🔧 Controlled libraries: openblas, openmp
2026-01-20 05:09:38,635 - coint2.core.memory_optimization - INFO - 🧵 Process threads: 2 → 2
2026-01-20 05:09:38,635 - coint2.core.memory_optimization - INFO - 📝 Set 11 environment variables
2026-01-20 05:09:39,120 - INFO - ✅ Параметры конфигурации валидны
2026-01-20 05:09:39,120 - INFO - 📝 Некоторые параметры были скорректированы:
2026-01-20 05:09:39,283 - INFO - 🔒 WFA: фиксированный universe из artifacts/universe/20260119_relaxed8_strict_preholdout_v2/pairs_universe.yaml (250 пар)
2026-01-20 05:09:39,283 - INFO -   Шаг 1: тренировка 2024-02-01-2024-04-30, тест 2024-05-01-2024-05-31
2026-01-20 05:09:39,283 - INFO -   Шаг 2: тренировка 2024-03-02-2024-05-30, тест 2024-05-31-2024-06-30
2026-01-20 05:09:39,284 - INFO -   Шаг 3: тренировка 2024-04-01-2024-06-29, тест 2024-06-30-2024-07-30
2026-01-20 05:09:39,284 - INFO -   Шаг 4: тренировка 2024-05-01-2024-07-29, тест 2024-07-30-2024-08-29
2026-01-20 05:09:39,284 - INFO -   Шаг 5: тренировка 2024-05-31-2024-08-28, тест 2024-08-29-2024-09-28
2026-01-20 05:09:39,284 - INFO -   Шаг 6: тренировка 2024-06-30-2024-09-27, тест 2024-09-28-2024-10-28
2026-01-20 05:09:39,284 - INFO -   Шаг 7: тренировка 2024-07-30-2024-10-27, тест 2024-10-28-2024-11-27
2026-01-20 05:09:39,284 - INFO -   Шаг 8: тренировка 2024-08-29-2024-11-26, тест 2024-11-27-2024-12-27
2026-01-20 05:09:39,284 - INFO -   Шаг 9: тренировка 2024-09-28-2024-12-26, тест 2024-12-27-2025-01-26
2026-01-20 05:09:39,284 - INFO - 📈 Запланировано 9 walk-forward шагов
2026-01-20 05:09:39,284 - INFO - ⛔ Ограничение WFA шагов: 9 → 5
2026-01-20 05:09:39,284 - WARNING - ⚠️ Маленький буфер между training и testing в шаге 1: 0 дней. Рекомендуется минимум 1 день.
2026-01-20 05:09:39,284 - WARNING - ⚠️ Маленький буфер между training и testing в шаге 2: 0 дней. Рекомендуется минимум 1 день.
2026-01-20 05:09:39,284 - WARNING - ⚠️ Маленький буфер между training и testing в шаге 3: 0 дней. Рекомендуется минимум 1 день.
2026-01-20 05:09:39,284 - WARNING - ⚠️ Маленький буфер между training и testing в шаге 4: 0 дней. Рекомендуется минимум 1 день.
2026-01-20 05:09:39,284 - WARNING - ⚠️ Маленький буфер между training и testing в шаге 5: 0 дней. Рекомендуется минимум 1 день.
2026-01-20 05:09:39,284 - INFO - ✅ Шаги успешно запланированы:
2026-01-20 05:09:39,284 - INFO -    Шаг 1: тренировка 2024-02-01-2024-04-30, тест 2024-05-01-2024-05-31
2026-01-20 05:09:39,284 - INFO -    Шаг 2: тренировка 2024-03-02-2024-05-30, тест 2024-05-31-2024-06-30
2026-01-20 05:09:39,284 - INFO -    Шаг 3: тренировка 2024-04-01-2024-06-29, тест 2024-06-30-2024-07-30
2026-01-20 05:09:39,284 - INFO -    Шаг 4: тренировка 2024-05-01-2024-07-29, тест 2024-07-30-2024-08-29
2026-01-20 05:09:39,284 - INFO -    Шаг 5: тренировка 2024-05-31-2024-08-28, тест 2024-08-29-2024-09-28
2026-01-20 05:09:39,284 - INFO - 🗂️ Consolidating price data for memory-mapped access...
2026-01-20 05:09:39,284 - INFO - 📊 Consolidating data range: 2024-01-27 → 2024-10-03
2026-01-20 05:09:39,285 - coint2.core.memory_optimization - INFO - 🔄 Consolidating price data from data_downloaded to .cache/consolidated_prices.parquet
2026-01-20 05:09:39,285 - INFO - ⇢ loading raw data for consolidation — start
2026-01-20 05:09:42,533 - INFO - ⇠ loading raw data for consolidation — done in 3.25s
2026-01-20 05:09:42,533 - INFO - ⇢ pivoting data to wide format — start
2026-01-20 05:09:51,621 - INFO - ⇠ pivoting data to wide format — done in 9.09s
2026-01-20 05:09:51,706 - coint2.core.memory_optimization - INFO - 📊 Consolidated data: 24001 rows × 493 symbols
2026-01-20 05:09:51,706 - coint2.core.memory_optimization - INFO - 💾 Memory usage: 47.5 MB
2026-01-20 05:09:51,706 - INFO - ⇢ writing consolidated Parquet file — start
2026-01-20 05:09:52,029 - INFO - ⇠ writing consolidated Parquet file — done in 0.32s
2026-01-20 05:09:52,030 - coint2.core.memory_optimization - INFO - ✅ Successfully consolidated data to .cache/consolidated_prices.parquet
2026-01-20 05:09:52,071 - coint2.core.memory_optimization - INFO - 🔄 Initializing memory-mapped price data from .cache/consolidated_prices.parquet
2026-01-20 05:09:52,071 - INFO - ⇢ loading memory-mapped data — start
2026-01-20 05:09:52,072 - coint2.core.memory_optimization - WARNING - ⚠️ memory_map не поддерживается в текущей версии pyarrow, fallback без mmap
2026-01-20 05:09:52,260 - INFO - ⇠ loading memory-mapped data — done in 0.19s
2026-01-20 05:09:52,279 - coint2.core.memory_optimization - INFO - 📊 Loaded 24001 rows × 493 symbols
2026-01-20 05:09:52,280 - coint2.core.memory_optimization - INFO - 💾 Memory usage: 47.5 MB (memory-mapped)
2026-01-20 05:09:52,281 - INFO - ✅ Memory-mapped data initialized successfully
2026-01-20 05:09:52,284 - INFO - ⇢ Walk-forward steps — starting 5 items
2026-01-20 05:09:52,284 - INFO - 📈 Инициализация equity кривой с первой тестовой даты: 2024-05-01 00:00:00
2026-01-20 05:09:52,284 - INFO - 🔍 WF-шаг 1/5: Валидация временных окон...
2026-01-20 05:09:52,285 - INFO - ⇢ WF-шаг 1/5: training 2024-02-01-2024-04-30, testing 2024-05-01-2024-05-31 — start
2026-01-20 05:09:52,285 - INFO - ⇢ loading step data — start
2026-01-20 05:09:52,616 - INFO - ⇠ loading step data — done in 0.33s
2026-01-20 05:09:55,586 - INFO - 📊 WF-шаг 1/5: Границы данных:
2026-01-20 05:09:55,586 - INFO -    Training: 2024-02-01 00:00:00 → 2024-04-30 23:45:00 (8,640 строк × 403 символов)
2026-01-20 05:09:55,586 - INFO -    Testing:  2024-05-01 00:00:00 → 2024-05-31 00:00:00 (2,881 строк × 403 символов)
2026-01-20 05:09:55,586 - INFO -    Временной разрыв: 0 days 00:15:00
2026-01-20 05:09:55,638 - INFO - ⇢ normalizing training data — start
2026-01-20 05:09:55,696 - INFO -   Символы с NaN значениями: 72
2026-01-20 05:09:55,696 - INFO -   Применяем метод нормализации: rolling_zscore
2026-01-20 05:09:55,741 - INFO - Символы с недостаточной историей: 67 из 403
2026-01-20 05:09:56,522 - INFO - Символы с NaN после нормализации: 336
2026-01-20 05:09:56,533 - INFO - Удалено 549 начальных строк с NaN от rolling расчетов
2026-01-20 05:09:56,537 - INFO - Итоговое количество символов после нормализации: 336 из 403
2026-01-20 05:09:56,538 - INFO -   Статистика нормализации:
2026-01-20 05:09:56,538 - INFO -     Исходные символы: 403
2026-01-20 05:09:56,538 - INFO -     Недостаточная история: 67
2026-01-20 05:09:56,539 - INFO -     Постоянная цена: 0
2026-01-20 05:09:56,539 - INFO -     NaN после нормализации: 336
2026-01-20 05:09:56,539 - INFO -     Итоговые символы: 336 (83.4%)
2026-01-20 05:09:56,539 - INFO -   После нормализации: 336 символов (потеряно 67)
2026-01-20 05:09:56,539 - INFO -   Отброшено много символов: 67 из 403
2026-01-20 05:09:56,539 - INFO - ⇠ normalizing training data — done in 0.90s
2026-01-20 05:09:56,539 - INFO -   Фиксированный universe: 250 пар (отфильтровано 0 недоступных)
2026-01-20 05:09:56,539 - INFO - ⇢ filtering pairs by cointegration and half-life — start
2026-01-20 05:09:56,539 - INFO - [ФИЛЬТР] Параллельная фильтрация: processes (8 workers)
⚙️  Загрузка данных за период: 2024-01-27 -> 2024-10-03
📂 Найдено 43 parquet файлов для обработки.
📊 Схема данных: Schema({'timestamp': Int64, 'open': Float64, 'high': Float64, 'low': Float64, 'close': Float64, 'volume': Float64, 'turnover': String, 'ts_ms': Int64, 'symbol': String})
✅ Загружено 9788769 записей с помощью Polars.
📊 Типы данных в pandas: timestamp       datetime64[us]
symbol                  object
close                  float64
timestamp_ms             int64
dtype: object
⚙️  Загрузка данных за период: 2024-02-01 -> 2024-05-31
📂 Найдено 43 parquet файлов для обработки.
📊 Схема данных: Schema({'timestamp': Int64, 'open': Float64, 'high': Float64, 'low': Float64, 'close': Float64, 'volume': Float64, 'turnover': String, 'ts_ms': Int64, 'symbol': String})
✅ Загружено 4205229 записей с помощью Polars.
📊 Типы данных в pandas: timestamp       datetime64[us]
symbol                  object
close                  float64
timestamp_ms             int64
dtype: object
2026-01-20 05:10:37,963 - INFO - [ФИЛЬТР] После проверки данных: 250 пар
2026-01-20 05:10:37,963 - INFO - [ФИЛЬТР] После фильтра корреляции (>0.4): 242 пар
2026-01-20 05:10:37,963 - INFO - [ФИЛЬТР] После фильтра beta: 204 пар
2026-01-20 05:10:37,963 - INFO - [ФИЛЬТР] После фильтра mean crossings: 204 пар
2026-01-20 05:10:37,963 - INFO - [ФИЛЬТР] После фильтра half-life: 204 пар
2026-01-20 05:10:37,963 - INFO - [ФИЛЬТР] После фильтра коинтеграции: 198 пар
2026-01-20 05:10:37,963 - INFO - [ФИЛЬТР] После фильтра Hurst: 139 пар
2026-01-20 05:10:37,963 - INFO - [ФИЛЬТР] После фильтра KPSS: 139 пар
2026-01-20 05:10:37,963 - INFO - [ФИЛЬТР] После фильтра market microstructure: 135 пар
2026-01-20 05:10:37,963 - INFO - [ФИЛЬТР] Статистика фильтрации (оптимизированный порядок):
2026-01-20 05:10:37,963 - INFO -   1. SSD → Коинтеграция: 250 → 198 пар
2026-01-20 05:10:37,963 - INFO -   2. Коинтеграция → Beta: 198 → 204 пар
2026-01-20 05:10:37,963 - INFO -   3. Beta → Half-life: 204 → 204 пар
2026-01-20 05:10:37,963 - INFO -   4. Half-life → Mean crossings: 204 → 204 пар
2026-01-20 05:10:37,963 - INFO -   5. Mean crossings → Hurst: 204 → 139 пар
2026-01-20 05:10:37,963 - INFO -   6. Hurst → KPSS: 139 → 139 пар
2026-01-20 05:10:37,963 - INFO -   7. KPSS → Market microstructure: 139 → 135 пар
2026-01-20 05:10:37,969 - INFO - [ФИЛЬТР] Причины отсева:
2026-01-20 05:10:37,970 - INFO -   • hurst: 59 пар (23.6%)
2026-01-20 05:10:37,970 - INFO -   • beta: 38 пар (15.2%)
2026-01-20 05:10:37,970 - INFO -   • low_correlation: 8 пар (3.2%)
2026-01-20 05:10:37,970 - INFO -   • pvalue: 6 пар (2.4%)
2026-01-20 05:10:37,970 - INFO -   • history: 4 пар (1.6%)
2026-01-20 05:10:37,970 - INFO - [ФИЛЬТР] Итого: 250 → 135 пар (54.0% прошли все фильтры)
2026-01-20 05:10:37,983 - INFO - Причины отсева сохранены в results/filter_reasons_20260120_051037.csv
2026-01-20 05:10:37,983 - INFO -   Pair stability filter: insufficient history (0 < 1), skip
2026-01-20 05:10:37,983 - INFO -   Фильтрация: 250 → 135 пар
2026-01-20 05:10:37,983 - INFO - ⇠ filtering pairs by cointegration and half-life — done in 41.44s
2026-01-20 05:10:37,983 - INFO - ⇠ WF-шаг 1/5: training 2024-02-01-2024-04-30, testing 2024-05-01-2024-05-31 — done in 45.70s
2026-01-20 05:10:37,983 - INFO -   Ограничение max_pairs=20: 135 → 20
2026-01-20 05:10:37,983 - INFO -   Топ-3 пары по волатильности спреда:
2026-01-20 05:10:37,983 - INFO -     1. BTCDAI-BTCEUR: beta=1.0799, std=663.3878
2026-01-20 05:10:37,983 - INFO -     2. COMPUSDT-GTAIUSDT: beta=13.3410, std=4.9977
2026-01-20 05:10:37,983 - INFO -     3. ETHUSDC-ETHUSDT: beta=1.0017, std=1.8914
2026-01-20 05:10:37,983 - INFO -   Всего пар для торговли: 20 (ограничение 15 применяется к одновременно открытым позициям)
2026-01-20 05:10:37,984 - INFO -   💰 Проверка расчета капитала: equity=$10,000.00, кандидатных_пар=20, max_позиций=15
2026-01-20 05:10:37,984 - INFO -   🎯 Target concurrency: 15 (ожидаемое одновременное число позиций)
2026-01-20 05:10:37,984 - INFO -   📊 Детали расчета капитала:
2026-01-20 05:10:37,984 - INFO -      • Базовый капитал на пару: $666.67 (equity / target_concurrency)
2026-01-20 05:10:37,984 - INFO -      • Риск-капитал: $150.00 (1.5% от equity)
2026-01-20 05:10:37,984 - INFO -      • Макс. размер позиции: $200.00 (2.0% от equity)
2026-01-20 05:10:37,984 - INFO -      • Итоговый капитал на пару: $150.00
2026-01-20 05:10:37,984 - INFO - ⇢ WF-шаг 1/5 backtests — starting 20 items
2026-01-20 05:10:37,984 - INFO - 🚀 WF-шаг 1/5: Начинаем бэктесты для 20 пар...
2026-01-20 05:10:38,006 - INFO - 🚀 WF-шаг 1/5: Запускаем параллельную обработку 20 пар на 8 ядрах...
2026-01-20 05:10:38,007 - INFO - 🚀 WF-шаг 1/5: Режим параллельности: процессы
2026-01-20 05:10:38,327 - coint2.engine.numba_engine - INFO - Запуск Numba-оптимизированного бэктеста для BTCDAI-BTCEUR
2026-01-20 05:10:38,487 - coint2.engine.numba_engine - INFO - Запуск Numba-оптимизированного бэктеста для COMPUSDT-GTAIUSDT
2026-01-20 05:10:38,640 - coint2.engine.numba_engine - INFO - Запуск Numba-оптимизированного бэктеста для ETHUSDC-ETHUSDT
2026-01-20 05:10:38,799 - coint2.engine.numba_engine - INFO - Запуск Numba-оптимизированного бэктеста для ETCUSDT-JUVUSDT
2026-01-20 05:10:38,834 - coint2.engine.numba_engine - INFO - Запуск Numba-оптимизированного бэктеста для KCSUSDT-KDAUSDT
2026-01-20 05:10:38,907 - coint2.engine.numba_engine - INFO - Запуск Numba-оптимизированного бэктеста для FILUSDC-JUVUSDT
2026-01-20 05:10:38,992 - coint2.engine.numba_engine - INFO - Запуск Numba-оптимизированного бэктеста для ATOMUSDT-KDAUSDT
2026-01-20 05:10:39,060 - coint2.engine.numba_engine - INFO - Запуск Numba-оптимизированного бэктеста для FILUSDT-JUVUSDT
2026-01-20 05:10:39,063 - coint2.engine.numba_engine - INFO - Запуск Numba-оптимизированного бэктеста для FILUSDC-GTAIUSDT
2026-01-20 05:10:39,196 - coint2.engine.numba_engine - INFO - Запуск Numba-оптимизированного бэктеста для HNTUSDT-INTERUSDT
2026-01-20 05:10:39,216 - coint2.engine.numba_engine - INFO - Запуск Numba-оптимизированного бэктеста для FILUSDT-GTAIUSDT
2026-01-20 05:10:39,222 - coint2.engine.numba_engine - INFO - Запуск Numba-оптимизированного бэктеста для DOTUSDC-KDAUSDT
2026-01-20 05:10:39,314 - coint2.engine.numba_engine - INFO - Запуск Numba-оптимизированного бэктеста для CYBERUSDT-FIDAUSDT
2026-01-20 05:10:39,387 - coint2.engine.numba_engine - INFO - Запуск Numba-оптимизированного бэктеста для DOTUSDC-FTTUSDT
2026-01-20 05:10:39,399 - coint2.engine.numba_engine - INFO - Запуск Numba-оптимизированного бэктеста для DOTUSDT-KDAUSDT
2026-01-20 05:10:39,457 - coint2.engine.numba_engine - INFO - Запуск Numba-оптимизированного бэктеста для DOTUSDT-FTTUSDT
2026-01-20 05:10:39,551 - coint2.engine.numba_engine - INFO - Запуск Numba-оптимизированного бэктеста для GALFTUSDT-HBARUSDT
2026-01-20 05:10:39,594 - coint2.engine.numba_engine - INFO - Запуск Numba-оптимизированного бэктеста для AXSUSDT-KUBUSDT
2026-01-20 05:10:39,729 - coint2.engine.numba_engine - INFO - Запуск Numba-оптимизированного бэктеста для ATOMUSDT-GODSUSDT
2026-01-20 05:10:39,885 - coint2.engine.numba_engine - INFO - Запуск Numba-оптимизированного бэктеста для ATOMUSDT-KCALUSDT
2026-01-20 05:10:40,089 - INFO -   ⏱️ Параллельная обработка завершена за 2.1с (9.6 пар/с)
2026-01-20 05:10:40,147 - coint2.pipeline.walk_forward_orchestrator - INFO - 🎯 СИМУЛЯЦИЯ ПОРТФЕЛЯ: 20 пар, лимит 15 позиций
2026-01-20 05:10:41,455 - coint2.pipeline.walk_forward_orchestrator - INFO -    📈 Макс. одновременных сигналов: 10
2026-01-20 05:10:41,455 - coint2.pipeline.walk_forward_orchestrator - INFO -    📊 Средн. сигналов за период: 0.1
2026-01-20 05:10:41,455 - coint2.pipeline.walk_forward_orchestrator - INFO -    🎯 Финальных активных позиций: 0
2026-01-20 05:10:41,457 - coint2.pipeline.walk_forward_orchestrator - INFO -    ⚡ Утилизация лимита позиций: 0.5%
2026-01-20 05:10:41,457 - INFO - ⇠ WF-шаг 1/5 backtests — completed 20 items in 3.47s (5.8 items/s)
2026-01-20 05:10:41,457 - INFO -   ✅ Обработка завершена: 20 успешно, 0 с ошибками
2026-01-20 05:10:41,457 - INFO -   📊 Успешность: 100.0%, прибыльность: 50.0%, сделок/пара: 5.1
2026-01-20 05:10:41,457 - INFO -   ✅ Завершены бэктесты для 20 пар
2026-01-20 05:10:41,457 - INFO -   📊 Всего обработано пар в этом шаге: 20
2026-01-20 05:10:41,457 - INFO -   📈 Результаты шага: 10/20 прибыльных пар, 102 сделок
2026-01-20 05:10:41,457 - INFO -   💰 P&L шага: $-4.85
2026-01-20 05:10:41,457 - INFO -   ⇢ Обновление капитала и дневного P&L...
2026-01-20 05:10:42,721 - INFO -   💼 Шаг P&L: $-4.85, Накопленный капитал: $9,995.15
2026-01-20 05:10:42,721 - INFO - ------------------------------------------------------------
2026-01-20 05:10:42,721 - INFO -   Walk-forward steps: 1 / 5 (20.0%) | 0.0 items/s | ETA: 201.7s
2026-01-20 05:10:42,721 - INFO - 🔍 WF-шаг 2/5: Валидация временных окон...
2026-01-20 05:10:42,721 - INFO - ⇢ WF-шаг 2/5: training 2024-03-02-2024-05-30, testing 2024-05-31-2024-06-30 — start
2026-01-20 05:10:42,721 - INFO - ⇢ loading step data — start
2026-01-20 05:10:43,062 - INFO - ⇠ loading step data — done in 0.34s
2026-01-20 05:10:46,245 - INFO - 📊 WF-шаг 2/5: Границы данных:
2026-01-20 05:10:46,245 - INFO -    Training: 2024-03-02 00:00:00 → 2024-05-30 23:45:00 (8,640 строк × 432 символов)
2026-01-20 05:10:46,245 - INFO -    Testing:  2024-05-31 00:00:00 → 2024-06-30 00:00:00 (2,881 строк × 432 символов)
2026-01-20 05:10:46,245 - INFO -    Временной разрыв: 0 days 00:15:00
2026-01-20 05:10:46,304 - INFO - ⇢ normalizing training data — start
2026-01-20 05:10:46,360 - INFO -   Символы с NaN значениями: 86
2026-01-20 05:10:46,360 - INFO -   Применяем метод нормализации: rolling_zscore
2026-01-20 05:10:46,390 - INFO - Символы с недостаточной историей: 77 из 432
2026-01-20 05:10:47,407 - INFO - Символы с NaN после нормализации: 355
2026-01-20 05:10:47,418 - INFO - Удалено 1673 начальных строк с NaN от rolling расчетов
2026-01-20 05:10:47,421 - INFO - Итоговое количество символов после нормализации: 355 из 432
2026-01-20 05:10:47,425 - INFO -   Статистика нормализации:
2026-01-20 05:10:47,425 - INFO -     Исходные символы: 432
2026-01-20 05:10:47,425 - INFO -     Недостаточная история: 77
2026-01-20 05:10:47,425 - INFO -     Постоянная цена: 0
2026-01-20 05:10:47,425 - INFO -     NaN после нормализации: 355
2026-01-20 05:10:47,425 - INFO -     Итоговые символы: 355 (82.2%)
2026-01-20 05:10:47,425 - INFO -   После нормализации: 355 символов (потеряно 77)
2026-01-20 05:10:47,425 - INFO -   Отброшено много символов: 77 из 432
2026-01-20 05:10:47,425 - INFO - ⇠ normalizing training data — done in 1.12s
2026-01-20 05:10:47,426 - INFO -   Фиксированный universe: 250 пар (отфильтровано 0 недоступных)
2026-01-20 05:10:47,426 - INFO - ⇢ filtering pairs by cointegration and half-life — start
2026-01-20 05:10:47,426 - INFO - [ФИЛЬТР] Параллельная фильтрация: processes (8 workers)
⚙️  Загрузка данных за период: 2024-03-02 -> 2024-06-30
📂 Найдено 43 parquet файлов для обработки.
📊 Схема данных: Schema({'timestamp': Int64, 'open': Float64, 'high': Float64, 'low': Float64, 'close': Float64, 'volume': Float64, 'turnover': String, 'ts_ms': Int64, 'symbol': String})
✅ Загружено 4429881 записей с помощью Polars.
📊 Типы данных в pandas: timestamp       datetime64[us]
symbol                  object
close                  float64
timestamp_ms             int64
dtype: object
2026-01-20 05:11:27,407 - INFO - [ФИЛЬТР] После проверки данных: 250 пар
2026-01-20 05:11:27,407 - INFO - [ФИЛЬТР] После фильтра корреляции (>0.4): 231 пар
2026-01-20 05:11:27,407 - INFO - [ФИЛЬТР] После фильтра beta: 194 пар
2026-01-20 05:11:27,407 - INFO - [ФИЛЬТР] После фильтра mean crossings: 194 пар
2026-01-20 05:11:27,407 - INFO - [ФИЛЬТР] После фильтра half-life: 194 пар
2026-01-20 05:11:27,407 - INFO - [ФИЛЬТР] После фильтра коинтеграции: 165 пар
2026-01-20 05:11:27,407 - INFO - [ФИЛЬТР] После фильтра Hurst: 115 пар
2026-01-20 05:11:27,407 - INFO - [ФИЛЬТР] После фильтра KPSS: 115 пар
2026-01-20 05:11:27,407 - INFO - [ФИЛЬТР] После фильтра market microstructure: 115 пар
2026-01-20 05:11:27,407 - INFO - [ФИЛЬТР] Статистика фильтрации (оптимизированный порядок):
2026-01-20 05:11:27,407 - INFO -   1. SSD → Коинтеграция: 250 → 165 пар
2026-01-20 05:11:27,407 - INFO -   2. Коинтеграция → Beta: 165 → 194 пар
2026-01-20 05:11:27,407 - INFO -   3. Beta → Half-life: 194 → 194 пар
2026-01-20 05:11:27,407 - INFO -   4. Half-life → Mean crossings: 194 → 194 пар
2026-01-20 05:11:27,407 - INFO -   5. Mean crossings → Hurst: 194 → 115 пар
2026-01-20 05:11:27,407 - INFO -   6. Hurst → KPSS: 115 → 115 пар
2026-01-20 05:11:27,407 - INFO -   7. KPSS → Market microstructure: 115 → 115 пар
2026-01-20 05:11:27,408 - INFO - [ФИЛЬТР] Причины отсева:
2026-01-20 05:11:27,408 - INFO -   • hurst: 50 пар (20.0%)
2026-01-20 05:11:27,408 - INFO -   • beta: 37 пар (14.8%)
2026-01-20 05:11:27,408 - INFO -   • pvalue: 29 пар (11.6%)
2026-01-20 05:11:27,408 - INFO -   • low_correlation: 19 пар (7.6%)
2026-01-20 05:11:27,408 - INFO - [ФИЛЬТР] Итого: 250 → 115 пар (46.0% прошли все фильтры)
2026-01-20 05:11:27,418 - INFO - Причины отсева сохранены в results/filter_reasons_20260120_051127.csv
2026-01-20 05:11:27,418 - INFO -   Pair stability filter: 115 → 87 (window=2, min_steps=1, history=1)
2026-01-20 05:11:27,418 - INFO -   Фильтрация: 250 → 87 пар
2026-01-20 05:11:27,419 - INFO - ⇠ filtering pairs by cointegration and half-life — done in 39.99s
2026-01-20 05:11:27,419 - INFO - ⇠ WF-шаг 2/5: training 2024-03-02-2024-05-30, testing 2024-05-31-2024-06-30 — done in 44.70s
2026-01-20 05:11:27,419 - INFO -   Ограничение max_pairs=20: 87 → 20
2026-01-20 05:11:27,419 - INFO -   Топ-3 пары по волатильности спреда:
2026-01-20 05:11:27,419 - INFO -     1. BTCDAI-BTCEUR: beta=1.1387, std=658.9744
2026-01-20 05:11:27,419 - INFO -     2. ETHUSDC-ETHUSDT: beta=1.0013, std=2.1640
2026-01-20 05:11:27,419 - INFO -     3. CYBERUSDT-FIDAUSDT: beta=18.0281, std=1.0583
2026-01-20 05:11:27,419 - INFO -   Всего пар для торговли: 20 (ограничение 15 применяется к одновременно открытым позициям)
2026-01-20 05:11:27,419 - INFO -   💰 Проверка расчета капитала: equity=$9,995.15, кандидатных_пар=20, max_позиций=15
2026-01-20 05:11:27,419 - INFO -   🎯 Target concurrency: 15 (ожидаемое одновременное число позиций)
2026-01-20 05:11:27,419 - INFO -   📊 Детали расчета капитала:
2026-01-20 05:11:27,419 - INFO -      • Базовый капитал на пару: $666.34 (equity / target_concurrency)
2026-01-20 05:11:27,419 - INFO -      • Риск-капитал: $149.93 (1.5% от equity)
2026-01-20 05:11:27,419 - INFO -      • Макс. размер позиции: $199.90 (2.0% от equity)
2026-01-20 05:11:27,420 - INFO -      • Итоговый капитал на пару: $149.93
2026-01-20 05:11:27,420 - INFO - ⇢ WF-шаг 2/5 backtests — starting 20 items
2026-01-20 05:11:27,420 - INFO - 🚀 WF-шаг 2/5: Начинаем бэктесты для 20 пар...
2026-01-20 05:11:27,420 - INFO - 🚀 WF-шаг 2/5: Запускаем параллельную обработку 20 пар на 8 ядрах...
2026-01-20 05:11:27,420 - INFO - 🚀 WF-шаг 2/5: Режим параллельности: процессы
2026-01-20 05:11:27,524 - coint2.engine.numba_engine - INFO - Запуск Numba-оптимизированного бэктеста для BTCDAI-BTCEUR
2026-01-20 05:11:27,625 - coint2.engine.numba_engine - INFO - Запуск Numba-оптимизированного бэктеста для ETHUSDC-ETHUSDT
2026-01-20 05:11:27,686 - coint2.engine.numba_engine - INFO - Запуск Numba-оптимизированного бэктеста для CYBERUSDT-FIDAUSDT
2026-01-20 05:11:27,750 - coint2.engine.numba_engine - INFO - Запуск Numba-оптимизированного бэктеста для ATOMUSDT-GODSUSDT
2026-01-20 05:11:27,778 - coint2.engine.numba_engine - INFO - Запуск Numba-оптимизированного бэктеста для HNTUSDT-INTERUSDT
2026-01-20 05:11:27,823 - coint2.engine.numba_engine - INFO - Запуск Numba-оптимизированного бэктеста для ATOMUSDT-KDAUSDT
2026-01-20 05:11:27,824 - coint2.engine.numba_engine - INFO - Запуск Numba-оптимизированного бэктеста для CITYUSDT-KASTAUSDT
2026-01-20 05:11:27,828 - coint2.engine.numba_engine - INFO - Запуск Numba-оптимизированного бэктеста для FILUSDT-JUVUSDT
2026-01-20 05:11:27,900 - coint2.engine.numba_engine - INFO - Запуск Numba-оптимизированного бэктеста для AFCUSDT-C98USDT
2026-01-20 05:11:27,908 - coint2.engine.numba_engine - INFO - Запуск Numba-оптимизированного бэктеста для FILUSDC-JUVUSDT
2026-01-20 05:11:27,917 - coint2.engine.numba_engine - INFO - Запуск Numba-оптимизированного бэктеста для GALFTUSDT-GRTUSDT
2026-01-20 05:11:27,967 - coint2.engine.numba_engine - INFO - Запуск Numba-оптимизированного бэктеста для FILUSDC-GTAIUSDT
2026-01-20 05:11:27,998 - coint2.engine.numba_engine - INFO - Запуск Numba-оптимизированного бэктеста для AFCUSDT-CITYUSDT
2026-01-20 05:11:28,054 - coint2.engine.numba_engine - INFO - Запуск Numba-оптимизированного бэктеста для APEXUSDT-KASTAUSDT
2026-01-20 05:11:28,058 - coint2.engine.numba_engine - INFO - Запуск Numba-оптимизированного бэктеста для FILUSDT-GTAIUSDT
2026-01-20 05:11:28,097 - coint2.engine.numba_engine - INFO - Запуск Numba-оптимизированного бэктеста для CAKEUSDT-FIDAUSDT
2026-01-20 05:11:28,123 - coint2.engine.numba_engine - INFO - Запуск Numba-оптимизированного бэктеста для AXLUSDT-FILUSDC
2026-01-20 05:11:28,149 - coint2.engine.numba_engine - INFO - Запуск Numba-оптимизированного бэктеста для DYDXUSDT-KCALUSDT
2026-01-20 05:11:28,271 - coint2.engine.numba_engine - INFO - Запуск Numba-оптимизированного бэктеста для FTTUSDT-KSMUSDT
2026-01-20 05:11:28,295 - coint2.engine.numba_engine - INFO - Запуск Numba-оптимизированного бэктеста для AFCUSDT-BICOUSDT
2026-01-20 05:11:28,376 - INFO -   ⏱️ Параллельная обработка завершена за 1.0с (20.9 пар/с)
2026-01-20 05:11:28,394 - coint2.pipeline.walk_forward_orchestrator - INFO - 🎯 СИМУЛЯЦИЯ ПОРТФЕЛЯ: 20 пар, лимит 15 позиций
2026-01-20 05:11:28,939 - coint2.pipeline.walk_forward_orchestrator - INFO -    📈 Макс. одновременных сигналов: 13
2026-01-20 05:11:28,940 - coint2.pipeline.walk_forward_orchestrator - INFO -    📊 Средн. сигналов за период: 0.1
2026-01-20 05:11:28,940 - coint2.pipeline.walk_forward_orchestrator - INFO -    🎯 Финальных активных позиций: 0
2026-01-20 05:11:28,941 - coint2.pipeline.walk_forward_orchestrator - INFO -    ⚡ Утилизация лимита позиций: 0.9%
2026-01-20 05:11:28,941 - INFO - ⇠ WF-шаг 2/5 backtests — completed 20 items in 1.52s (13.1 items/s)
2026-01-20 05:11:28,941 - INFO -   ✅ Обработка завершена: 20 успешно, 0 с ошибками
2026-01-20 05:11:28,941 - INFO -   📊 Успешность: 100.0%, прибыльность: 50.0%, сделок/пара: 9.7
2026-01-20 05:11:28,942 - INFO -   ✅ Завершены бэктесты для 20 пар
2026-01-20 05:11:28,942 - INFO -   📊 Всего обработано пар в этом шаге: 20
2026-01-20 05:11:28,942 - INFO -   📈 Результаты шага: 10/20 прибыльных пар, 194 сделок
2026-01-20 05:11:28,942 - INFO -   💰 P&L шага: $+2.60
2026-01-20 05:11:28,942 - INFO -   ⇢ Обновление капитала и дневного P&L...
2026-01-20 05:11:30,939 - INFO -   💼 Шаг P&L: $+2.60, Накопленный капитал: $9,997.76
2026-01-20 05:11:30,940 - INFO - ------------------------------------------------------------
2026-01-20 05:11:30,940 - INFO -   Walk-forward steps: 2 / 5 (40.0%) | 0.0 items/s | ETA: 148.0s
2026-01-20 05:11:30,940 - INFO - 🔍 WF-шаг 3/5: Валидация временных окон...
2026-01-20 05:11:30,940 - INFO - ⇢ WF-шаг 3/5: training 2024-04-01-2024-06-29, testing 2024-06-30-2024-07-30 — start
2026-01-20 05:11:30,940 - INFO - ⇢ loading step data — start
2026-01-20 05:11:31,404 - INFO - ⇠ loading step data — done in 0.46s
2026-01-20 05:11:34,816 - INFO - 📊 WF-шаг 3/5: Границы данных:
2026-01-20 05:11:34,817 - INFO -    Training: 2024-04-01 00:00:00 → 2024-06-29 23:45:00 (8,640 строк × 451 символов)
2026-01-20 05:11:34,817 - INFO -    Testing:  2024-06-30 00:00:00 → 2024-07-30 00:00:00 (2,881 строк × 451 символов)
2026-01-20 05:11:34,817 - INFO -    Временной разрыв: 0 days 00:15:00
2026-01-20 05:11:34,877 - INFO - ⇢ normalizing training data — start
2026-01-20 05:11:34,955 - INFO -   Символы с NaN значениями: 91
2026-01-20 05:11:34,955 - INFO -   Применяем метод нормализации: rolling_zscore
2026-01-20 05:11:34,991 - INFO - Символы с недостаточной историей: 75 из 451
2026-01-20 05:11:35,828 - INFO - Символы с NaN после нормализации: 376
2026-01-20 05:11:35,838 - INFO - Удалено 1959 начальных строк с NaN от rolling расчетов
2026-01-20 05:11:35,842 - INFO - Итоговое количество символов после нормализации: 376 из 451
2026-01-20 05:11:35,844 - INFO -   Статистика нормализации:
2026-01-20 05:11:35,844 - INFO -     Исходные символы: 451
2026-01-20 05:11:35,844 - INFO -     Недостаточная история: 75
2026-01-20 05:11:35,844 - INFO -     Постоянная цена: 0
2026-01-20 05:11:35,844 - INFO -     NaN после нормализации: 376
2026-01-20 05:11:35,844 - INFO -     Итоговые символы: 376 (83.4%)
2026-01-20 05:11:35,844 - INFO -   После нормализации: 376 символов (потеряно 75)
2026-01-20 05:11:35,845 - INFO -   Отброшено много символов: 75 из 451
2026-01-20 05:11:35,845 - INFO - ⇠ normalizing training data — done in 0.97s
2026-01-20 05:11:35,845 - INFO -   Фиксированный universe: 250 пар (отфильтровано 0 недоступных)
2026-01-20 05:11:35,845 - INFO - ⇢ filtering pairs by cointegration and half-life — start
2026-01-20 05:11:35,845 - INFO - [ФИЛЬТР] Параллельная фильтрация: processes (8 workers)
⚙️  Загрузка данных за период: 2024-04-01 -> 2024-07-30
📂 Найдено 43 parquet файлов для обработки.
📊 Схема данных: Schema({'timestamp': Int64, 'open': Float64, 'high': Float64, 'low': Float64, 'close': Float64, 'volume': Float64, 'turnover': String, 'ts_ms': Int64, 'symbol': String})
✅ Загружено 4689651 записей с помощью Polars.
📊 Типы данных в pandas: timestamp       datetime64[us]
symbol                  object
close                  float64
timestamp_ms             int64
dtype: object
2026-01-20 05:12:15,630 - INFO - [ФИЛЬТР] После проверки данных: 250 пар
2026-01-20 05:12:15,630 - INFO - [ФИЛЬТР] После фильтра корреляции (>0.4): 224 пар
2026-01-20 05:12:15,630 - INFO - [ФИЛЬТР] После фильтра beta: 198 пар
2026-01-20 05:12:15,630 - INFO - [ФИЛЬТР] После фильтра mean crossings: 198 пар
2026-01-20 05:12:15,630 - INFO - [ФИЛЬТР] После фильтра half-life: 198 пар
2026-01-20 05:12:15,630 - INFO - [ФИЛЬТР] После фильтра коинтеграции: 140 пар
2026-01-20 05:12:15,630 - INFO - [ФИЛЬТР] После фильтра Hurst: 113 пар
2026-01-20 05:12:15,630 - INFO - [ФИЛЬТР] После фильтра KPSS: 113 пар
2026-01-20 05:12:15,630 - INFO - [ФИЛЬТР] После фильтра market microstructure: 113 пар
2026-01-20 05:12:15,630 - INFO - [ФИЛЬТР] Статистика фильтрации (оптимизированный порядок):
2026-01-20 05:12:15,630 - INFO -   1. SSD → Коинтеграция: 250 → 140 пар
2026-01-20 05:12:15,630 - INFO -   2. Коинтеграция → Beta: 140 → 198 пар
2026-01-20 05:12:15,630 - INFO -   3. Beta → Half-life: 198 → 198 пар
2026-01-20 05:12:15,630 - INFO -   4. Half-life → Mean crossings: 198 → 198 пар
2026-01-20 05:12:15,630 - INFO -   5. Mean crossings → Hurst: 198 → 113 пар
2026-01-20 05:12:15,630 - INFO -   6. Hurst → KPSS: 113 → 113 пар
2026-01-20 05:12:15,630 - INFO -   7. KPSS → Market microstructure: 113 → 113 пар
2026-01-20 05:12:15,630 - INFO - [ФИЛЬТР] Причины отсева:
2026-01-20 05:12:15,630 - INFO -   • pvalue: 58 пар (23.2%)
2026-01-20 05:12:15,630 - INFO -   • hurst: 27 пар (10.8%)
2026-01-20 05:12:15,630 - INFO -   • low_correlation: 26 пар (10.4%)
2026-01-20 05:12:15,630 - INFO -   • beta: 26 пар (10.4%)
2026-01-20 05:12:15,630 - INFO - [ФИЛЬТР] Итого: 250 → 113 пар (45.2% прошли все фильтры)
2026-01-20 05:12:15,632 - INFO - Причины отсева сохранены в results/filter_reasons_20260120_051215.csv
2026-01-20 05:12:15,633 - INFO -   Pair stability filter: 113 → 93 (window=2, min_steps=1, history=2)
2026-01-20 05:12:15,633 - INFO -   Фильтрация: 250 → 93 пар
2026-01-20 05:12:15,633 - INFO - ⇠ filtering pairs by cointegration and half-life — done in 39.79s
2026-01-20 05:12:15,633 - INFO - ⇠ WF-шаг 3/5: training 2024-04-01-2024-06-29, testing 2024-06-30-2024-07-30 — done in 44.69s
2026-01-20 05:12:15,633 - INFO -   Ограничение max_pairs=20: 93 → 20
2026-01-20 05:12:15,633 - INFO -   Топ-3 пары по волатильности спреда:
2026-01-20 05:12:15,633 - INFO -     1. BTCDAI-BTCEUR: beta=1.1442, std=520.0727
2026-01-20 05:12:15,633 - INFO -     2. ETHDAI-ETHEUR: beta=1.1177, std=26.8390
2026-01-20 05:12:15,633 - INFO -     3. AAVEUSDT-GALFTUSDT: beta=13.9468, std=10.8089
2026-01-20 05:12:15,633 - INFO -   Всего пар для торговли: 20 (ограничение 15 применяется к одновременно открытым позициям)
2026-01-20 05:12:15,633 - INFO -   💰 Проверка расчета капитала: equity=$9,997.76, кандидатных_пар=20, max_позиций=15
2026-01-20 05:12:15,634 - INFO -   🎯 Target concurrency: 15 (ожидаемое одновременное число позиций)
2026-01-20 05:12:15,634 - INFO -   📊 Детали расчета капитала:
2026-01-20 05:12:15,634 - INFO -      • Базовый капитал на пару: $666.52 (equity / target_concurrency)
2026-01-20 05:12:15,634 - INFO -      • Риск-капитал: $149.97 (1.5% от equity)
2026-01-20 05:12:15,634 - INFO -      • Макс. размер позиции: $199.96 (2.0% от equity)
2026-01-20 05:12:15,634 - INFO -      • Итоговый капитал на пару: $149.97
2026-01-20 05:12:15,634 - INFO - ⇢ WF-шаг 3/5 backtests — starting 20 items
2026-01-20 05:12:15,634 - INFO - 🚀 WF-шаг 3/5: Начинаем бэктесты для 20 пар...
2026-01-20 05:12:15,634 - INFO - 🚀 WF-шаг 3/5: Запускаем параллельную обработку 20 пар на 8 ядрах...
2026-01-20 05:12:15,634 - INFO - 🚀 WF-шаг 3/5: Режим параллельности: процессы
2026-01-20 05:12:15,717 - coint2.engine.numba_engine - INFO - Запуск Numba-оптимизированного бэктеста для BTCDAI-BTCEUR
2026-01-20 05:12:15,796 - coint2.engine.numba_engine - INFO - Запуск Numba-оптимизированного бэктеста для ETHDAI-ETHEUR
2026-01-20 05:12:15,807 - coint2.engine.numba_engine - INFO - Запуск Numba-оптимизированного бэктеста для AAVEUSDT-GALFTUSDT
2026-01-20 05:12:15,855 - coint2.engine.numba_engine - INFO - Запуск Numba-оптимизированного бэктеста для ETCUSDT-JUVUSDT
2026-01-20 05:12:15,906 - coint2.engine.numba_engine - INFO - Запуск Numba-оптимизированного бэктеста для FILUSDT-JUVUSDT
2026-01-20 05:12:15,908 - coint2.engine.numba_engine - INFO - Запуск Numba-оптимизированного бэктеста для ETHUSDC-ETHUSDT
2026-01-20 05:12:15,909 - coint2.engine.numba_engine - INFO - Запуск Numba-оптимизированного бэктеста для FILUSDC-JUVUSDT
2026-01-20 05:12:15,943 - WARNING - ❌ Ошибка обработки пары AAVEUSDT-GALFTUSDT: division by zero
2026-01-20 05:12:15,969 - coint2.engine.numba_engine - INFO - Запуск Numba-оптимизированного бэктеста для AXSUSDT-KUBUSDT
2026-01-20 05:12:15,988 - coint2.engine.numba_engine - INFO - Запуск Numba-оптимизированного бэктеста для DOTUSDC-FTTUSDT
2026-01-20 05:12:15,990 - coint2.engine.numba_engine - INFO - Запуск Numba-оптимизированного бэктеста для DOTUSDT-KUBUSDT
2026-01-20 05:12:15,990 - coint2.engine.numba_engine - INFO - Запуск Numba-оптимизированного бэктеста для DOTUSDC-KUBUSDT
2026-01-20 05:12:16,022 - coint2.engine.numba_engine - INFO - Запуск Numba-оптимизированного бэктеста для CAKEUSDT-FIDAUSDT
2026-01-20 05:12:16,035 - coint2.engine.numba_engine - INFO - Запуск Numba-оптимизированного бэктеста для GALFTUSDT-HVHUSDT
2026-01-20 05:12:16,035 - coint2.engine.numba_engine - INFO - Запуск Numba-оптимизированного бэктеста для DOTUSDT-FTTUSDT
2026-01-20 05:12:16,058 - coint2.engine.numba_engine - INFO - 🔍 ДИАГНОСТИКА GALFTUSDT-HVHUSDT:
2026-01-20 05:12:16,058 - coint2.engine.numba_engine - INFO -    entry_threshold: 1.05
2026-01-20 05:12:16,058 - coint2.engine.numba_engine - INFO -    exit_threshold: 0.08
2026-01-20 05:12:16,059 - coint2.engine.numba_engine - INFO -    Макс |z_score|: 22.1101
2026-01-20 05:12:16,059 - coint2.engine.numba_engine - INFO -    Позиций != 0: 21
2026-01-20 05:12:16,059 - coint2.engine.numba_engine - INFO -    Изменений позиций: 43
2026-01-20 05:12:16,059 - coint2.engine.numba_engine - INFO -    PnL сумма: 4.7442
2026-01-20 05:12:16,063 - coint2.engine.numba_engine - INFO -    Первые 10 z_scores: [1.0149729  0.89775175 0.88267124 0.7178458  0.70639974 0.05912989
 0.25585455 0.2545332  0.11229683 0.16204534]
2026-01-20 05:12:16,063 - coint2.engine.numba_engine - INFO -    Превышают порог: 1083
2026-01-20 05:12:16,088 - coint2.engine.numba_engine - INFO - Запуск Numba-оптимизированного бэктеста для APEXUSDC-AVAUSDT
2026-01-20 05:12:16,097 - coint2.engine.numba_engine - INFO - Запуск Numba-оптимизированного бэктеста для ATOMUSDT-GODSUSDT
2026-01-20 05:12:16,120 - coint2.engine.numba_engine - INFO - Запуск Numba-оптимизированного бэктеста для HNTUSDT-INTERUSDT
2026-01-20 05:12:16,163 - coint2.engine.numba_engine - INFO - Запуск Numba-оптимизированного бэктеста для GALFTUSDT-HBARUSDT
2026-01-20 05:12:16,173 - coint2.engine.numba_engine - INFO - Запуск Numba-оптимизированного бэктеста для CITYUSDT-GRTUSDT
2026-01-20 05:12:16,249 - coint2.engine.numba_engine - INFO - Запуск Numba-оптимизированного бэктеста для GALFTUSDT-GRTUSDT
2026-01-20 05:12:16,290 - INFO -   ⏱️ Параллельная обработка завершена за 0.7с (30.5 пар/с)
2026-01-20 05:12:16,298 - coint2.pipeline.walk_forward_orchestrator - INFO - 🎯 СИМУЛЯЦИЯ ПОРТФЕЛЯ: 19 пар, лимит 15 позиций
2026-01-20 05:12:16,683 - coint2.pipeline.walk_forward_orchestrator - INFO -    📈 Макс. одновременных сигналов: 4
2026-01-20 05:12:16,683 - coint2.pipeline.walk_forward_orchestrator - INFO -    📊 Средн. сигналов за период: 0.1
2026-01-20 05:12:16,683 - coint2.pipeline.walk_forward_orchestrator - INFO -    🎯 Финальных активных позиций: 0
2026-01-20 05:12:16,684 - coint2.pipeline.walk_forward_orchestrator - INFO -    ⚡ Утилизация лимита позиций: 0.5%
2026-01-20 05:12:16,684 - WARNING -   ⚠️ Ошибка обработки пары AAVEUSDT-GALFTUSDT: division by zero
2026-01-20 05:12:16,685 - INFO - ⇠ WF-шаг 3/5 backtests — completed 20 items in 1.05s (19.0 items/s)
2026-01-20 05:12:16,685 - INFO -   ✅ Обработка завершена: 19 успешно, 1 с ошибками
2026-01-20 05:12:16,685 - INFO -   📊 Успешность: 95.0%, прибыльность: 73.7%, сделок/пара: 5.4
2026-01-20 05:12:16,685 - INFO -   ✅ Завершены бэктесты для 20 пар
2026-01-20 05:12:16,685 - INFO -   📊 Всего обработано пар в этом шаге: 20
2026-01-20 05:12:16,685 - INFO -   📈 Результаты шага: 14/20 прибыльных пар, 102 сделок
2026-01-20 05:12:16,685 - INFO -   💰 P&L шага: $+52.19
2026-01-20 05:12:16,685 - INFO -   ⇢ Обновление капитала и дневного P&L...
2026-01-20 05:12:18,514 - INFO -   💼 Шаг P&L: $+52.19, Накопленный капитал: $10,049.95
2026-01-20 05:12:18,514 - INFO - ------------------------------------------------------------
2026-01-20 05:12:18,514 - INFO -   Walk-forward steps: 3 / 5 (60.0%) | 0.0 items/s | ETA: 97.5s
2026-01-20 05:12:18,514 - INFO - 🔍 WF-шаг 4/5: Валидация временных окон...
2026-01-20 05:12:18,514 - INFO - ⇢ WF-шаг 4/5: training 2024-05-01-2024-07-29, testing 2024-07-30-2024-08-29 — start
2026-01-20 05:12:18,515 - INFO - ⇢ loading step data — start
2026-01-20 05:12:19,046 - INFO - ⇠ loading step data — done in 0.53s
2026-01-20 05:12:22,625 - INFO - 📊 WF-шаг 4/5: Границы данных:
2026-01-20 05:12:22,625 - INFO -    Training: 2024-05-01 00:00:00 → 2024-07-29 23:45:00 (8,640 строк × 475 символов)
2026-01-20 05:12:22,625 - INFO -    Testing:  2024-07-30 00:00:00 → 2024-08-29 00:00:00 (2,881 строк × 475 символов)
2026-01-20 05:12:22,625 - INFO -    Временной разрыв: 0 days 00:15:00
2026-01-20 05:12:22,695 - INFO - ⇢ normalizing training data — start
2026-01-20 05:12:22,758 - INFO -   Символы с NaN значениями: 89
2026-01-20 05:12:22,758 - INFO -   Применяем метод нормализации: rolling_zscore
2026-01-20 05:12:22,792 - INFO - Символы с недостаточной историей: 75 из 475
2026-01-20 05:12:23,809 - INFO - Символы с NaN после нормализации: 400
2026-01-20 05:12:23,823 - INFO - Удалено 1863 начальных строк с NaN от rolling расчетов
2026-01-20 05:12:23,828 - INFO - Итоговое количество символов после нормализации: 400 из 475
2026-01-20 05:12:23,830 - INFO -   Статистика нормализации:
2026-01-20 05:12:23,830 - INFO -     Исходные символы: 475
2026-01-20 05:12:23,830 - INFO -     Недостаточная история: 75
2026-01-20 05:12:23,830 - INFO -     Постоянная цена: 0
2026-01-20 05:12:23,830 - INFO -     NaN после нормализации: 400
2026-01-20 05:12:23,830 - INFO -     Итоговые символы: 400 (84.2%)
2026-01-20 05:12:23,830 - INFO -   После нормализации: 400 символов (потеряно 75)
2026-01-20 05:12:23,830 - INFO -   Отброшено много символов: 75 из 475
2026-01-20 05:12:23,831 - INFO - ⇠ normalizing training data — done in 1.14s
2026-01-20 05:12:23,831 - INFO -   Фиксированный universe: 250 пар (отфильтровано 0 недоступных)
2026-01-20 05:12:23,831 - INFO - ⇢ filtering pairs by cointegration and half-life — start
2026-01-20 05:12:23,831 - INFO - [ФИЛЬТР] Параллельная фильтрация: processes (8 workers)
⚙️  Загрузка данных за период: 2024-05-01 -> 2024-08-29
📂 Найдено 43 parquet файлов для обработки.
📊 Схема данных: Schema({'timestamp': Int64, 'open': Float64, 'high': Float64, 'low': Float64, 'close': Float64, 'volume': Float64, 'turnover': String, 'ts_ms': Int64, 'symbol': String})
✅ Загружено 4931437 записей с помощью Polars.
📊 Типы данных в pandas: timestamp       datetime64[us]
symbol                  object
close                  float64
timestamp_ms             int64
dtype: object
2026-01-20 05:13:00,353 - INFO - [ФИЛЬТР] После проверки данных: 250 пар
2026-01-20 05:13:00,354 - INFO - [ФИЛЬТР] После фильтра корреляции (>0.4): 217 пар
2026-01-20 05:13:00,354 - INFO - [ФИЛЬТР] После фильтра beta: 190 пар
2026-01-20 05:13:00,354 - INFO - [ФИЛЬТР] После фильтра mean crossings: 190 пар
2026-01-20 05:13:00,354 - INFO - [ФИЛЬТР] После фильтра half-life: 190 пар
2026-01-20 05:13:00,354 - INFO - [ФИЛЬТР] После фильтра коинтеграции: 102 пар
2026-01-20 05:13:00,354 - INFO - [ФИЛЬТР] После фильтра Hurst: 76 пар
2026-01-20 05:13:00,354 - INFO - [ФИЛЬТР] После фильтра KPSS: 76 пар
2026-01-20 05:13:00,354 - INFO - [ФИЛЬТР] После фильтра market microstructure: 76 пар
2026-01-20 05:13:00,354 - INFO - [ФИЛЬТР] Статистика фильтрации (оптимизированный порядок):
2026-01-20 05:13:00,354 - INFO -   1. SSD → Коинтеграция: 250 → 102 пар
2026-01-20 05:13:00,354 - INFO -   2. Коинтеграция → Beta: 102 → 190 пар
2026-01-20 05:13:00,354 - INFO -   3. Beta → Half-life: 190 → 190 пар
2026-01-20 05:13:00,354 - INFO -   4. Half-life → Mean crossings: 190 → 190 пар
2026-01-20 05:13:00,354 - INFO -   5. Mean crossings → Hurst: 190 → 76 пар
2026-01-20 05:13:00,354 - INFO -   6. Hurst → KPSS: 76 → 76 пар
2026-01-20 05:13:00,354 - INFO -   7. KPSS → Market microstructure: 76 → 76 пар
2026-01-20 05:13:00,354 - INFO - [ФИЛЬТР] Причины отсева:
2026-01-20 05:13:00,354 - INFO -   • pvalue: 88 пар (35.2%)
2026-01-20 05:13:00,354 - INFO -   • low_correlation: 33 пар (13.2%)
2026-01-20 05:13:00,354 - INFO -   • beta: 27 пар (10.8%)
2026-01-20 05:13:00,354 - INFO -   • hurst: 26 пар (10.4%)
2026-01-20 05:13:00,354 - INFO - [ФИЛЬТР] Итого: 250 → 76 пар (30.4% прошли все фильтры)
2026-01-20 05:13:00,356 - INFO - Причины отсева сохранены в results/filter_reasons_20260120_051300.csv
2026-01-20 05:13:00,356 - INFO -   Pair stability filter: 76 → 66 (window=2, min_steps=1, history=3)
2026-01-20 05:13:00,367 - INFO -   Фильтрация: 250 → 66 пар
2026-01-20 05:13:00,368 - INFO - ⇠ filtering pairs by cointegration and half-life — done in 36.54s
2026-01-20 05:13:00,368 - INFO - ⇠ WF-шаг 4/5: training 2024-05-01-2024-07-29, testing 2024-07-30-2024-08-29 — done in 41.85s
2026-01-20 05:13:00,368 - INFO -   Ограничение max_pairs=20: 66 → 20
2026-01-20 05:13:00,368 - INFO -   Топ-3 пары по волатильности спреда:
2026-01-20 05:13:00,368 - INFO -     1. BTCDAI-BTCEUR: beta=1.0982, std=452.6966
2026-01-20 05:13:00,368 - INFO -     2. BTCUSDC-BTCUSDT: beta=1.0003, std=30.5203
2026-01-20 05:13:00,368 - INFO -     3. ETHDAI-ETHEUR: beta=1.0858, std=24.7639
2026-01-20 05:13:00,368 - INFO -   Всего пар для торговли: 20 (ограничение 15 применяется к одновременно открытым позициям)
2026-01-20 05:13:00,368 - INFO -   💰 Проверка расчета капитала: equity=$10,049.95, кандидатных_пар=20, max_позиций=15
2026-01-20 05:13:00,368 - INFO -   🎯 Target concurrency: 15 (ожидаемое одновременное число позиций)
2026-01-20 05:13:00,368 - INFO -   📊 Детали расчета капитала:
2026-01-20 05:13:00,368 - INFO -      • Базовый капитал на пару: $670.00 (equity / target_concurrency)
2026-01-20 05:13:00,369 - INFO -      • Риск-капитал: $150.75 (1.5% от equity)
2026-01-20 05:13:00,369 - INFO -      • Макс. размер позиции: $201.00 (2.0% от equity)
2026-01-20 05:13:00,369 - INFO -      • Итоговый капитал на пару: $150.75
2026-01-20 05:13:00,369 - INFO - ⇢ WF-шаг 4/5 backtests — starting 20 items
2026-01-20 05:13:00,369 - INFO - 🚀 WF-шаг 4/5: Начинаем бэктесты для 20 пар...
2026-01-20 05:13:00,369 - INFO - 🚀 WF-шаг 4/5: Запускаем параллельную обработку 20 пар на 8 ядрах...
2026-01-20 05:13:00,369 - INFO - 🚀 WF-шаг 4/5: Режим параллельности: процессы
2026-01-20 05:13:00,506 - coint2.engine.numba_engine - INFO - Запуск Numba-оптимизированного бэктеста для BTCDAI-BTCEUR
2026-01-20 05:13:00,568 - coint2.engine.numba_engine - INFO - Запуск Numba-оптимизированного бэктеста для BTCUSDC-BTCUSDT
2026-01-20 05:13:00,639 - coint2.engine.numba_engine - INFO - Запуск Numba-оптимизированного бэктеста для ETHDAI-ETHEUR
2026-01-20 05:13:00,700 - coint2.engine.numba_engine - INFO - Запуск Numba-оптимизированного бэктеста для AXSUSDT-KUBUSDT
2026-01-20 05:13:00,711 - coint2.engine.numba_engine - INFO - Запуск Numba-оптимизированного бэктеста для ETCUSDT-JUVUSDT
2026-01-20 05:13:00,749 - coint2.engine.numba_engine - INFO - Запуск Numba-оптимизированного бэктеста для GALFTUSDT-GRTUSDT
2026-01-20 05:13:00,753 - coint2.engine.numba_engine - INFO - Запуск Numba-оптимизированного бэктеста для APEXUSDT-AVAUSDT
2026-01-20 05:13:00,766 - coint2.engine.numba_engine - INFO - Запуск Numba-оптимизированного бэктеста для ETHUSDC-ETHUSDT
2026-01-20 05:13:00,802 - coint2.engine.numba_engine - INFO - Запуск Numba-оптимизированного бэктеста для CITYUSDT-GRTUSDT
2026-01-20 05:13:00,808 - coint2.engine.numba_engine - INFO - Запуск Numba-оптимизированного бэктеста для CYBERUSDT-GALFTUSDT
2026-01-20 05:13:00,814 - coint2.engine.numba_engine - INFO - Запуск Numba-оптимизированного бэктеста для ATOMUSDT-KDAUSDT
2026-01-20 05:13:00,835 - coint2.engine.numba_engine - INFO - Запуск Numba-оптимизированного бэктеста для DOTUSDC-FTTUSDT
2026-01-20 05:13:00,867 - coint2.engine.numba_engine - INFO - Запуск Numba-оптимизированного бэктеста для CITYUSDT-KASTAUSDT
2026-01-20 05:13:00,926 - coint2.engine.numba_engine - INFO - Запуск Numba-оптимизированного бэктеста для DOTUSDT-FTTUSDT
2026-01-20 05:13:00,948 - coint2.engine.numba_engine - INFO - Запуск Numba-оптимизированного бэктеста для DOTUSDT-KUBUSDT
2026-01-20 05:13:00,968 - coint2.engine.numba_engine - INFO - Запуск Numba-оптимизированного бэктеста для FILUSDT-JUVUSDT
2026-01-20 05:13:00,990 - coint2.engine.numba_engine - INFO - Запуск Numba-оптимизированного бэктеста для DOTUSDC-KUBUSDT
2026-01-20 05:13:00,999 - coint2.engine.numba_engine - INFO - Запуск Numba-оптимизированного бэктеста для FILUSDC-JUVUSDT
2026-01-20 05:13:01,040 - coint2.engine.numba_engine - INFO - Запуск Numba-оптимизированного бэктеста для FTTUSDT-KSMUSDT
2026-01-20 05:13:01,068 - coint2.engine.numba_engine - INFO - Запуск Numba-оптимизированного бэктеста для APEXUSDC-AVAUSDT
2026-01-20 05:13:01,147 - INFO -   ⏱️ Параллельная обработка завершена за 0.8с (25.7 пар/с)
2026-01-20 05:13:01,156 - coint2.pipeline.walk_forward_orchestrator - INFO - 🎯 СИМУЛЯЦИЯ ПОРТФЕЛЯ: 20 пар, лимит 15 позиций
2026-01-20 05:13:01,535 - coint2.pipeline.walk_forward_orchestrator - INFO -    📈 Макс. одновременных сигналов: 10
2026-01-20 05:13:01,535 - coint2.pipeline.walk_forward_orchestrator - INFO -    📊 Средн. сигналов за период: 0.1
2026-01-20 05:13:01,535 - coint2.pipeline.walk_forward_orchestrator - INFO -    🎯 Финальных активных позиций: 0
2026-01-20 05:13:01,536 - coint2.pipeline.walk_forward_orchestrator - INFO -    ⚡ Утилизация лимита позиций: 0.7%
2026-01-20 05:13:01,537 - INFO - ⇠ WF-шаг 4/5 backtests — completed 20 items in 1.17s (17.1 items/s)
2026-01-20 05:13:01,537 - INFO -   ✅ Обработка завершена: 20 успешно, 0 с ошибками
2026-01-20 05:13:01,537 - INFO -   📊 Успешность: 100.0%, прибыльность: 55.0%, сделок/пара: 7.3
2026-01-20 05:13:01,537 - INFO -   ✅ Завершены бэктесты для 20 пар
2026-01-20 05:13:01,537 - INFO -   📊 Всего обработано пар в этом шаге: 20
2026-01-20 05:13:01,537 - INFO -   📈 Результаты шага: 11/20 прибыльных пар, 147 сделок
2026-01-20 05:13:01,537 - INFO -   💰 P&L шага: $+23.90
2026-01-20 05:13:01,537 - INFO -   ⇢ Обновление капитала и дневного P&L...
2026-01-20 05:13:03,355 - INFO -   💼 Шаг P&L: $+23.90, Накопленный капитал: $10,073.85
2026-01-20 05:13:03,355 - INFO - ------------------------------------------------------------
2026-01-20 05:13:03,355 - INFO -   Walk-forward steps: 4 / 5 (80.0%) | 0.0 items/s | ETA: 47.8s
2026-01-20 05:13:03,355 - INFO - 🔍 WF-шаг 5/5: Валидация временных окон...
2026-01-20 05:13:03,356 - INFO - ⇢ WF-шаг 5/5: training 2024-05-31-2024-08-28, testing 2024-08-29-2024-09-28 — start
2026-01-20 05:13:03,356 - INFO - ⇢ loading step data — start
2026-01-20 05:13:04,010 - INFO - ⇠ loading step data — done in 0.65s
2026-01-20 05:13:07,913 - INFO - 📊 WF-шаг 5/5: Границы данных:
2026-01-20 05:13:07,913 - INFO -    Training: 2024-05-31 00:00:00 → 2024-08-28 23:45:00 (8,640 строк × 492 символов)
2026-01-20 05:13:07,913 - INFO -    Testing:  2024-08-29 00:00:00 → 2024-09-28 00:00:00 (2,881 строк × 492 символов)
2026-01-20 05:13:07,913 - INFO -    Временной разрыв: 0 days 00:15:00
2026-01-20 05:13:07,982 - INFO - ⇢ normalizing training data — start
2026-01-20 05:13:08,046 - INFO -   Символы с NaN значениями: 90
2026-01-20 05:13:08,046 - INFO -   Применяем метод нормализации: rolling_zscore
2026-01-20 05:13:08,081 - INFO - Символы с недостаточной историей: 73 из 492
2026-01-20 05:13:09,067 - INFO - Символы с NaN после нормализации: 419
2026-01-20 05:13:09,080 - INFO - Удалено 1661 начальных строк с NaN от rolling расчетов
2026-01-20 05:13:09,084 - INFO - Итоговое количество символов после нормализации: 419 из 492
2026-01-20 05:13:09,085 - INFO -   Статистика нормализации:
2026-01-20 05:13:09,085 - INFO -     Исходные символы: 492
2026-01-20 05:13:09,085 - INFO -     Недостаточная история: 73
2026-01-20 05:13:09,085 - INFO -     Постоянная цена: 0
2026-01-20 05:13:09,085 - INFO -     NaN после нормализации: 419
2026-01-20 05:13:09,086 - INFO -     Итоговые символы: 419 (85.2%)
2026-01-20 05:13:09,086 - INFO -   После нормализации: 419 символов (потеряно 73)
2026-01-20 05:13:09,086 - INFO -   Отброшено много символов: 73 из 492
2026-01-20 05:13:09,086 - INFO - ⇠ normalizing training data — done in 1.10s
2026-01-20 05:13:09,086 - INFO -   Фиксированный universe: 250 пар (отфильтровано 0 недоступных)
2026-01-20 05:13:09,087 - INFO - ⇢ filtering pairs by cointegration and half-life — start
2026-01-20 05:13:09,087 - INFO - [ФИЛЬТР] Параллельная фильтрация: processes (8 workers)
⚙️  Загрузка данных за период: 2024-05-31 -> 2024-09-28
📂 Найдено 43 parquet файлов для обработки.
📊 Схема данных: Schema({'timestamp': Int64, 'open': Float64, 'high': Float64, 'low': Float64, 'close': Float64, 'volume': Float64, 'turnover': String, 'ts_ms': Int64, 'symbol': String})
✅ Загружено 5190250 записей с помощью Polars.
📊 Типы данных в pandas: timestamp       datetime64[us]
symbol                  object
close                  float64
timestamp_ms             int64
dtype: object
2026-01-20 05:13:44,711 - INFO - [ФИЛЬТР] После проверки данных: 250 пар
2026-01-20 05:13:44,711 - INFO - [ФИЛЬТР] После фильтра корреляции (>0.4): 211 пар
2026-01-20 05:13:44,711 - INFO - [ФИЛЬТР] После фильтра beta: 180 пар
2026-01-20 05:13:44,711 - INFO - [ФИЛЬТР] После фильтра mean crossings: 180 пар
2026-01-20 05:13:44,711 - INFO - [ФИЛЬТР] После фильтра half-life: 180 пар
2026-01-20 05:13:44,711 - INFO - [ФИЛЬТР] После фильтра коинтеграции: 102 пар
2026-01-20 05:13:44,711 - INFO - [ФИЛЬТР] После фильтра Hurst: 77 пар
2026-01-20 05:13:44,711 - INFO - [ФИЛЬТР] После фильтра KPSS: 77 пар
2026-01-20 05:13:44,711 - INFO - [ФИЛЬТР] После фильтра market microstructure: 77 пар
2026-01-20 05:13:44,711 - INFO - [ФИЛЬТР] Статистика фильтрации (оптимизированный порядок):
2026-01-20 05:13:44,711 - INFO -   1. SSD → Коинтеграция: 250 → 102 пар
2026-01-20 05:13:44,711 - INFO -   2. Коинтеграция → Beta: 102 → 180 пар
2026-01-20 05:13:44,711 - INFO -   3. Beta → Half-life: 180 → 180 пар
2026-01-20 05:13:44,711 - INFO -   4. Half-life → Mean crossings: 180 → 180 пар
2026-01-20 05:13:44,711 - INFO -   5. Mean crossings → Hurst: 180 → 77 пар
2026-01-20 05:13:44,711 - INFO -   6. Hurst → KPSS: 77 → 77 пар
2026-01-20 05:13:44,711 - INFO -   7. KPSS → Market microstructure: 77 → 77 пар
2026-01-20 05:13:44,711 - INFO - [ФИЛЬТР] Причины отсева:
2026-01-20 05:13:44,711 - INFO -   • pvalue: 78 пар (31.2%)
2026-01-20 05:13:44,711 - INFO -   • low_correlation: 39 пар (15.6%)
2026-01-20 05:13:44,711 - INFO -   • beta: 31 пар (12.4%)
2026-01-20 05:13:44,711 - INFO -   • hurst: 25 пар (10.0%)
2026-01-20 05:13:44,711 - INFO - [ФИЛЬТР] Итого: 250 → 77 пар (30.8% прошли все фильтры)
2026-01-20 05:13:44,713 - INFO - Причины отсева сохранены в results/filter_reasons_20260120_051344.csv
2026-01-20 05:13:44,713 - INFO -   Pair stability filter: 77 → 52 (window=2, min_steps=1, history=4)
2026-01-20 05:13:44,714 - INFO -   Фильтрация: 250 → 52 пар
2026-01-20 05:13:44,715 - INFO - ⇠ filtering pairs by cointegration and half-life — done in 35.63s
2026-01-20 05:13:44,715 - INFO - ⇠ WF-шаг 5/5: training 2024-05-31-2024-08-28, testing 2024-08-29-2024-09-28 — done in 41.36s
2026-01-20 05:13:44,715 - INFO -   Ограничение max_pairs=20: 52 → 20
2026-01-20 05:13:44,715 - INFO -   Топ-3 пары по волатильности спреда:
2026-01-20 05:13:44,715 - INFO -     1. BTCDAI-BTCEUR: beta=1.0139, std=689.5404
2026-01-20 05:13:44,715 - INFO -     2. ETHDAI-ETHEUR: beta=1.0258, std=27.1640
2026-01-20 05:13:44,715 - INFO -     3. INJUSDT-KSMUSDT: beta=0.6715, std=2.1131
2026-01-20 05:13:44,715 - INFO -   Всего пар для торговли: 20 (ограничение 15 применяется к одновременно открытым позициям)
2026-01-20 05:13:44,715 - INFO -   💰 Проверка расчета капитала: equity=$10,073.85, кандидатных_пар=20, max_позиций=15
2026-01-20 05:13:44,715 - INFO -   🎯 Target concurrency: 15 (ожидаемое одновременное число позиций)
2026-01-20 05:13:44,715 - INFO -   📊 Детали расчета капитала:
2026-01-20 05:13:44,715 - INFO -      • Базовый капитал на пару: $671.59 (equity / target_concurrency)
2026-01-20 05:13:44,715 - INFO -      • Риск-капитал: $151.11 (1.5% от equity)
2026-01-20 05:13:44,715 - INFO -      • Макс. размер позиции: $201.48 (2.0% от equity)
2026-01-20 05:13:44,716 - INFO -      • Итоговый капитал на пару: $151.11
2026-01-20 05:13:44,716 - INFO - ⇢ WF-шаг 5/5 backtests — starting 20 items
2026-01-20 05:13:44,716 - INFO - 🚀 WF-шаг 5/5: Начинаем бэктесты для 20 пар...
2026-01-20 05:13:44,716 - INFO - 🚀 WF-шаг 5/5: Запускаем параллельную обработку 20 пар на 8 ядрах...
2026-01-20 05:13:44,716 - INFO - 🚀 WF-шаг 5/5: Режим параллельности: процессы
2026-01-20 05:13:44,811 - coint2.engine.numba_engine - INFO - Запуск Numba-оптимизированного бэктеста для BTCDAI-BTCEUR
2026-01-20 05:13:44,845 - coint2.engine.numba_engine - INFO - Запуск Numba-оптимизированного бэктеста для ETHDAI-ETHEUR
2026-01-20 05:13:44,899 - coint2.engine.numba_engine - INFO - Запуск Numba-оптимизированного бэктеста для INJUSDT-KSMUSDT
2026-01-20 05:13:44,904 - coint2.engine.numba_engine - INFO - Запуск Numba-оптимизированного бэктеста для GALFTUSDT-HVHUSDT
2026-01-20 05:13:44,922 - coint2.engine.numba_engine - INFO - 🔍 ДИАГНОСТИКА GALFTUSDT-HVHUSDT:
2026-01-20 05:13:44,923 - coint2.engine.numba_engine - INFO -    entry_threshold: 1.05
2026-01-20 05:13:44,923 - coint2.engine.numba_engine - INFO -    exit_threshold: 0.08
2026-01-20 05:13:44,923 - coint2.engine.numba_engine - INFO -    Макс |z_score|: 53.8784
2026-01-20 05:13:44,923 - coint2.engine.numba_engine - INFO -    Позиций != 0: 5
2026-01-20 05:13:44,923 - coint2.engine.numba_engine - INFO -    Изменений позиций: 11
2026-01-20 05:13:44,924 - coint2.engine.numba_engine - INFO -    PnL сумма: 5.9449
2026-01-20 05:13:44,924 - coint2.engine.numba_engine - INFO -    Первые 10 z_scores: [-0.7682896  -0.6592879  -0.5004639  -0.558713   -0.51350254 -0.48972172
 -0.42940226 -0.43437722 -0.41184348 -0.39054438]
2026-01-20 05:13:44,925 - coint2.engine.numba_engine - INFO -    Превышают порог: 1223
2026-01-20 05:13:44,925 - coint2.engine.numba_engine - INFO - Запуск Numba-оптимизированного бэктеста для FTTUSDT-KCSUSDT
2026-01-20 05:13:44,944 - coint2.engine.numba_engine - INFO - Запуск Numba-оптимизированного бэктеста для CBKUSDT-ENJUSDT
2026-01-20 05:13:44,949 - coint2.engine.numba_engine - INFO - Запуск Numba-оптимизированного бэктеста для DMAILUSDT-GMTUSDC
2026-01-20 05:13:44,970 - coint2.engine.numba_engine - INFO - Запуск Numba-оптимизированного бэктеста для ETCUSDT-JUVUSDT
2026-01-20 05:13:45,001 - coint2.engine.numba_engine - INFO - Запуск Numba-оптимизированного бэктеста для APEXUSDC-AVAUSDT
2026-01-20 05:13:45,069 - coint2.engine.numba_engine - INFO - Запуск Numba-оптимизированного бэктеста для FILUSDC-JUVUSDT
2026-01-20 05:13:45,074 - coint2.engine.numba_engine - INFO - Запуск Numba-оптимизированного бэктеста для ARTYUSDT-CRVUSDT
2026-01-20 05:13:45,114 - coint2.engine.numba_engine - INFO - Запуск Numba-оптимизированного бэктеста для FILUSDT-JUVUSDT
2026-01-20 05:13:45,150 - coint2.engine.numba_engine - INFO - Запуск Numba-оптимизированного бэктеста для DMAILUSDT-GMTUSDT
2026-01-20 05:13:45,159 - coint2.engine.numba_engine - INFO - Запуск Numba-оптимизированного бэктеста для ARTYUSDT-GENEUSDT
2026-01-20 05:13:45,202 - coint2.engine.numba_engine - INFO - Запуск Numba-оптимизированного бэктеста для CAKEUSDT-CITYUSDT
2026-01-20 05:13:45,207 - coint2.engine.numba_engine - INFO - Запуск Numba-оптимизированного бэктеста для CTCUSDT-GALFTUSDT
2026-01-20 05:13:45,215 - coint2.engine.numba_engine - INFO - Запуск Numba-оптимизированного бэктеста для FLOWUSDT-HVHUSDT
2026-01-20 05:13:45,241 - coint2.engine.numba_engine - INFO - 🔍 ДИАГНОСТИКА FLOWUSDT-HVHUSDT:
2026-01-20 05:13:45,242 - coint2.engine.numba_engine - INFO -    entry_threshold: 1.05
2026-01-20 05:13:45,242 - coint2.engine.numba_engine - INFO -    exit_threshold: 0.08
2026-01-20 05:13:45,242 - coint2.engine.numba_engine - INFO -    Макс |z_score|: 4.7010
2026-01-20 05:13:45,242 - coint2.engine.numba_engine - INFO -    Позиций != 0: 0
2026-01-20 05:13:45,242 - coint2.engine.numba_engine - INFO -    Изменений позиций: 1
2026-01-20 05:13:45,243 - coint2.engine.numba_engine - INFO -    PnL сумма: 0.0000
2026-01-20 05:13:45,243 - coint2.engine.numba_engine - INFO -    Первые 10 z_scores: [1.3149515 2.1420898 2.8071206 1.6895965 1.5170032 0.6591689 1.1773024
 0.9560649 0.7745351 0.7264485]
2026-01-20 05:13:45,244 - coint2.engine.numba_engine - INFO -    Превышают порог: 1269
2026-01-20 05:13:45,265 - coint2.engine.numba_engine - INFO - Запуск Numba-оптимизированного бэктеста для ARTYUSDT-KDAUSDT
2026-01-20 05:13:45,280 - coint2.engine.numba_engine - INFO - Запуск Numba-оптимизированного бэктеста для ARTYUSDT-KUBUSDT
2026-01-20 05:13:45,340 - WARNING - ❌ Ошибка обработки пары CAKEUSDT-CITYUSDT: division by zero
2026-01-20 05:13:45,351 - coint2.engine.numba_engine - INFO - Запуск Numba-оптимизированного бэктеста для GODSUSDT-INJUSDT
2026-01-20 05:13:45,397 - INFO -   ⏱️ Параллельная обработка завершена за 0.7с (29.4 пар/с)
2026-01-20 05:13:45,405 - coint2.pipeline.walk_forward_orchestrator - INFO - 🎯 СИМУЛЯЦИЯ ПОРТФЕЛЯ: 19 пар, лимит 15 позиций
2026-01-20 05:13:45,842 - coint2.pipeline.walk_forward_orchestrator - INFO -    📈 Макс. одновременных сигналов: 4
2026-01-20 05:13:45,842 - coint2.pipeline.walk_forward_orchestrator - INFO -    📊 Средн. сигналов за период: 0.1
2026-01-20 05:13:45,842 - coint2.pipeline.walk_forward_orchestrator - INFO -    🎯 Финальных активных позиций: 0
2026-01-20 05:13:45,843 - coint2.pipeline.walk_forward_orchestrator - INFO -    ⚡ Утилизация лимита позиций: 0.4%
2026-01-20 05:13:45,843 - WARNING -   ⚠️ Ошибка обработки пары CAKEUSDT-CITYUSDT: division by zero
2026-01-20 05:13:45,844 - INFO - ⇠ WF-шаг 5/5 backtests — completed 20 items in 1.13s (17.7 items/s)
2026-01-20 05:13:45,844 - INFO -   ✅ Обработка завершена: 19 успешно, 1 с ошибками
2026-01-20 05:13:45,844 - INFO -   📊 Успешность: 95.0%, прибыльность: 57.9%, сделок/пара: 4.5
2026-01-20 05:13:45,844 - INFO -   ✅ Завершены бэктесты для 20 пар
2026-01-20 05:13:45,844 - INFO -   📊 Всего обработано пар в этом шаге: 20
2026-01-20 05:13:45,844 - INFO -   📈 Результаты шага: 11/20 прибыльных пар, 85 сделок
2026-01-20 05:13:45,844 - INFO -   💰 P&L шага: $+40.82
2026-01-20 05:13:45,844 - INFO -   ⇢ Обновление капитала и дневного P&L...
2026-01-20 05:13:49,189 - INFO -   💼 Шаг P&L: $+40.82, Накопленный капитал: $10,114.68
2026-01-20 05:13:49,189 - INFO - ------------------------------------------------------------
2026-01-20 05:13:49,189 - INFO -   Walk-forward steps: 5 / 5 (100.0%) | 0.0 items/s | ETA: 0.0s
2026-01-20 05:13:49,189 - INFO - ⇠ Walk-forward steps — completed 5 items in 236.91s (0.0 items/s)
2026-01-20 05:13:49,189 - INFO - ================================================================================
2026-01-20 05:13:49,189 - INFO - 🏁 Walk-forward анализ завершен!
2026-01-20 05:13:49,189 - INFO - ⏱️ Обработано 5 шагов за 4.5 секунд
2026-01-20 05:13:49,190 - INFO - 📊 Всего обработано пар за весь анализ: 100
2026-01-20 05:13:49,190 - INFO - 💰 Финальный капитал: $10,114.68 (было $10,000.00)
2026-01-20 05:13:49,190 - INFO - 📈 Общая доходность: +1.15% ($+114.68)
2026-01-20 05:13:49,190 - INFO - 📊 Всего сделок: 0
2026-01-20 05:13:49,190 - INFO - ================================================================================
2026-01-20 05:13:49,190 - INFO - ✓ Завершены все 5 WF-шагов
2026-01-20 05:13:49,190 - INFO - ⇢ Обработка финальных результатов и расчет метрик...
2026-01-20 05:13:49,190 - INFO - ⇢ processing final results — start
2026-01-20 05:13:49,190 - INFO -   ⇢ Агрегация данных P&L за 14405 торговых дней
2026-01-20 05:13:49,226 - INFO -   ⇢ Расчет базовых метрик производительности...
2026-01-20 05:13:49,226 - INFO -     📊 Данные для анализа: 14405 записей P&L, 14401 точек equity
2026-01-20 05:13:49,229 - INFO -   ⇢ Расчет расширенных метрик (волатильность, Calmar ratio, и др.)...
2026-01-20 05:13:49,230 - INFO -   ✅ Расширенные метрики рассчитаны: 6 показателей
2026-01-20 05:13:49,230 - INFO -   ⇢ Анализ статистики по 100 парам...
2026-01-20 05:13:49,232 - INFO - ✅ Рассчитаны метрики производительности (19 показателей)
2026-01-20 05:13:49,232 - INFO -   💰 Общий P&L: $+114.68
2026-01-20 05:13:49,232 - INFO -   📊 Sharpe Ratio: 3.439
2026-01-20 05:13:49,232 - INFO -   📉 Максимальная просадка: -2351.59%
2026-01-20 05:13:49,232 - INFO -   🔄 Всего сделок: 630
2026-01-20 05:13:49,232 - INFO -   📈 Торгуемых пар: 53
2026-01-20 05:13:49,232 - INFO -   💸 Общие издержки: $32.07
2026-01-20 05:13:49,233 - coint2.metrics - INFO - Metric: total_pnl
2026-01-20 05:13:49,233 - coint2.metrics - INFO - Metric: sharpe_ratio_abs
2026-01-20 05:13:49,233 - coint2.metrics - INFO - Metric: max_drawdown_pct
2026-01-20 05:13:49,233 - coint2.metrics - INFO - Metric: total_trades
2026-01-20 05:13:49,233 - coint2.metrics - INFO - Metric: total_pairs_traded
2026-01-20 05:13:49,233 - coint2.metrics - INFO - Metric: total_costs
2026-01-20 05:13:49,234 - INFO - ⇠ processing final results — done in 0.04s
2026-01-20 05:13:49,234 - INFO - ⇢ Создание отчетов и сохранение результатов...
2026-01-20 05:13:49,234 - INFO - ⇢ generating reports — start
2026-01-20 05:13:49,234 - INFO -   ⇢ Создание отчета о производительности...
2026-01-20 05:13:56,962 - INFO -   ✓ Отчет о производительности создан
2026-01-20 05:13:56,962 - INFO -   ⇢ Сохранение данных в CSV файлы...
2026-01-20 05:13:56,965 - INFO - 📋 Метрики сохранены: artifacts/wfa/runs/20260119_relaxed8_nokpss_u250_topk_turnover/stress_relaxed8_nokpss_u250_top20_z1p05_exit0p08_hold120_cd120/strategy_metrics.csv
2026-01-20 05:13:56,967 - INFO - 📈 Дневные P&L сохранены: artifacts/wfa/runs/20260119_relaxed8_nokpss_u250_topk_turnover/stress_relaxed8_nokpss_u250_top20_z1p05_exit0p08_hold120_cd120/daily_pnl.csv (151 записей)
2026-01-20 05:13:57,064 - INFO - 💹 Кривая капитала сохранена: artifacts/wfa/runs/20260119_relaxed8_nokpss_u250_topk_turnover/stress_relaxed8_nokpss_u250_top20_z1p05_exit0p08_hold120_cd120/equity_curve.csv (14401 точек)
2026-01-20 05:13:57,069 - INFO - 📋 Статистика сделок сохранена: artifacts/wfa/runs/20260119_relaxed8_nokpss_u250_topk_turnover/stress_relaxed8_nokpss_u250_top20_z1p05_exit0p08_hold120_cd120/trade_statistics.csv (100 записей)
2026-01-20 05:13:57,069 - INFO - 🎉 Walk-Forward анализ полностью завершен!
2026-01-20 05:13:57,069 - INFO - 📊 Все отчеты и данные сохранены в: artifacts/wfa/runs/20260119_relaxed8_nokpss_u250_topk_turnover/stress_relaxed8_nokpss_u250_top20_z1p05_exit0p08_hold120_cd120
2026-01-20 05:13:57,070 - INFO - 💼 Итоговый капитал: $10,114.68
2026-01-20 05:13:57,070 - INFO - ⏱️  Общее время выполнения: 12.4 секунд
2026-01-20 05:13:57,070 - INFO - ⇠ generating reports — done in 7.84s
2026-01-20 05:13:57,070 - coint2.core.memory_optimization - INFO - 🧹 Cleaning up global price data
2026-01-20 05:13:57,076 - coint2.core.memory_optimization - INFO - 📊 No global rolling stats to clean up
2026-01-20 05:13:57,077 - INFO - 🧹 Memory-mapped data cleaned up
2026-01-20 05:13:57,079 - INFO - ⇠ run_walk_forward_analysis — done in 258.46s
📊 Отчет сохранен: artifacts/wfa/runs/20260119_relaxed8_nokpss_u250_topk_turnover/stress_relaxed8_nokpss_u250_top20_z1p05_exit0p08_hold120_cd120/CointegrationStrategy_performance_report.png
🎯 ============================================================
📊 ИТОГИ ТОРГОВОЙ СТРАТЕГИИ
🎯 ============================================================

💰 ФИНАНСОВЫЕ РЕЗУЛЬТАТЫ:
   • Общий P&L:                          115
   • Максимальная просадка:              -24
   • Средний дневной P&L:                  1

📈 МЕТРИКИ РИСКА:
   • Коэффициент Шарпа:               3.4392
   • Волатильность P&L:                 4.27
   • Процент прибыльных дней:         43.71%

🔄 ТОРГОВАЯ АКТИВНОСТЬ:
   • Всего торговых дней:                151
   • Всего сделок:                       630
   • Торгуемых пар:                       53
   • Сделок на пару:                     6.3
   • Успешность сделок:               0.12%

💸 РАСХОДЫ И ЭКСТРЕМУМЫ:
   • Общие расходы:                       32
   • Максимальная прибыль:                27
   • Максимальный убыток:                -16
   • Лучшая пара (P&L):                   19
   • Худшая пара (P&L):                   -8

📊 ОЦЕНКА СТРАТЕГИИ:
   ✅ ОТЛИЧНАЯ стратегия! Высокий Шарп и положительный результат

🎯 ============================================================

Annualized Sharpe Ratio: 3.439235630550721
[run_wfa_fullcpu] end: 2026-01-20T05:13:58Z
