[run_wfa_queue] 2026-01-23T14:24:35Z cmd: /opt/coint4/coint4/run_wfa_fullcpu.sh configs/budget_20260123_1000_capsweep_oos20240101_20240630_top50_maxnot40_riskfine_maxpairs20/stress_relaxed8_nokpss_20260123_oos20240101_20240630_top50_z1p00_exit0p06_hold180_cd180_ms0p2_cap1000_maxnot40_risk0p018_minnot20_maxpairs20.yaml artifacts/wfa/runs/20260123_budget1000_oos20240101_20240630_top50_maxnot40_riskfine_maxpairs20/stress_relaxed8_nokpss_20260123_oos20240101_20240630_top50_z1p00_exit0p06_hold180_cd180_ms0p2_cap1000_maxnot40_risk0p018_minnot20_maxpairs20
[run_wfa_fullcpu] start: 2026-01-23T14:24:35Z
[run_wfa_fullcpu] os.cpu_count: 8
[run_wfa_fullcpu] worker_pid=1266
2026-01-23 14:24:39,428 - coint2.core.memory_optimization - INFO - ✅ BLAS threading limits set to 1 via threadpoolctl
2026-01-23 14:24:39,428 - coint2.core.memory_optimization - INFO - 🔧 Controlled libraries: openblas, openmp
2026-01-23 14:24:39,428 - coint2.core.memory_optimization - INFO - 🧵 Process threads: 2 → 2
2026-01-23 14:24:39,428 - coint2.core.memory_optimization - INFO - 📝 Set 11 environment variables
2026-01-23 14:24:39,798 - INFO - ✅ Параметры конфигурации валидны
2026-01-23 14:24:39,799 - INFO - 📝 Некоторые параметры были скорректированы:
2026-01-23 14:24:39,971 - INFO - 🔒 WFA: фиксированный universe из artifacts/universe/20260119_relaxed8_strict_preholdout_v2/pairs_universe.yaml (250 пар)
2026-01-23 14:24:39,971 - INFO -   Шаг 1: тренировка 2023-10-03-2023-12-31, тест 2024-01-01-2024-01-31
2026-01-23 14:24:39,971 - INFO -   Шаг 2: тренировка 2023-11-02-2024-01-30, тест 2024-01-31-2024-03-01
2026-01-23 14:24:39,971 - INFO -   Шаг 3: тренировка 2023-12-02-2024-02-29, тест 2024-03-01-2024-03-31
2026-01-23 14:24:39,971 - INFO -   Шаг 4: тренировка 2024-01-01-2024-03-30, тест 2024-03-31-2024-04-30
2026-01-23 14:24:39,971 - INFO -   Шаг 5: тренировка 2024-01-31-2024-04-29, тест 2024-04-30-2024-05-30
2026-01-23 14:24:39,971 - INFO -   Шаг 6: тренировка 2024-03-01-2024-05-29, тест 2024-05-30-2024-06-29
2026-01-23 14:24:39,972 - INFO -   Шаг 7: тренировка 2024-03-31-2024-06-28, тест 2024-06-29-2024-07-29
2026-01-23 14:24:39,972 - INFO - 📈 Запланировано 7 walk-forward шагов
2026-01-23 14:24:39,972 - INFO - ⛔ Ограничение WFA шагов: 7 → 3
2026-01-23 14:24:39,972 - WARNING - ⚠️ Маленький буфер между training и testing в шаге 1: 0 дней. Рекомендуется минимум 1 день.
2026-01-23 14:24:39,972 - WARNING - ⚠️ Маленький буфер между training и testing в шаге 2: 0 дней. Рекомендуется минимум 1 день.
2026-01-23 14:24:39,972 - WARNING - ⚠️ Маленький буфер между training и testing в шаге 3: 0 дней. Рекомендуется минимум 1 день.
2026-01-23 14:24:39,972 - INFO - ✅ Шаги успешно запланированы:
2026-01-23 14:24:39,972 - INFO -    Шаг 1: тренировка 2023-10-03-2023-12-31, тест 2024-01-01-2024-01-31
2026-01-23 14:24:39,972 - INFO -    Шаг 2: тренировка 2023-11-02-2024-01-30, тест 2024-01-31-2024-03-01
2026-01-23 14:24:39,972 - INFO -    Шаг 3: тренировка 2023-12-02-2024-02-29, тест 2024-03-01-2024-03-31
2026-01-23 14:24:39,972 - INFO - 🗂️ Consolidating price data for memory-mapped access...
2026-01-23 14:24:39,972 - INFO - 📊 Consolidating data range: 2023-09-28 → 2024-04-05
2026-01-23 14:24:39,972 - coint2.core.memory_optimization - INFO - 🔄 Consolidating price data from data_downloaded to .cache/consolidated_prices.parquet
2026-01-23 14:24:39,973 - INFO - ⇢ loading raw data for consolidation — start
2026-01-23 14:24:41,734 - INFO - ⇠ loading raw data for consolidation — done in 1.76s
2026-01-23 14:24:41,734 - INFO - ⇢ pivoting data to wide format — start
2026-01-23 14:24:46,726 - INFO - ⇠ pivoting data to wide format — done in 4.99s
2026-01-23 14:24:46,780 - coint2.core.memory_optimization - INFO - 📊 Consolidated data: 18241 rows × 366 symbols
2026-01-23 14:24:46,781 - coint2.core.memory_optimization - INFO - 💾 Memory usage: 26.9 MB
2026-01-23 14:24:46,781 - INFO - ⇢ writing consolidated Parquet file — start
2026-01-23 14:24:47,000 - INFO - ⇠ writing consolidated Parquet file — done in 0.22s
2026-01-23 14:24:47,001 - coint2.core.memory_optimization - INFO - ✅ Successfully consolidated data to .cache/consolidated_prices.parquet
2026-01-23 14:24:47,023 - coint2.core.memory_optimization - INFO - 🔄 Initializing memory-mapped price data from .cache/consolidated_prices.parquet
2026-01-23 14:24:47,024 - INFO - ⇢ loading memory-mapped data — start
2026-01-23 14:24:47,024 - coint2.core.memory_optimization - WARNING - ⚠️ memory_map не поддерживается в текущей версии pyarrow, fallback без mmap
2026-01-23 14:24:47,092 - ERROR - ⇠ loading memory-mapped data — failed after 0.07s: ZSTD decompression failed: Data corruption detected
2026-01-23 14:24:47,093 - coint2.core.memory_optimization - ERROR - ❌ Error initializing global price data: ZSTD decompression failed: Data corruption detected
Traceback (most recent call last):
  File "/opt/coint4/coint4/src/coint2/core/memory_optimization.py", line 170, in initialize_global_price_data
    table = dataset.to_table()
            ^^^^^^^^^^^^^^^^^^
  File "pyarrow/_dataset.pyx", line 589, in pyarrow._dataset.Dataset.to_table
  File "pyarrow/_dataset.pyx", line 3969, in pyarrow._dataset.Scanner.to_table
  File "pyarrow/error.pxi", line 155, in pyarrow.lib.pyarrow_internal_check_status
  File "pyarrow/error.pxi", line 92, in pyarrow.lib.check_status
OSError: ZSTD decompression failed: Data corruption detected
2026-01-23 14:24:47,095 - INFO - ✅ Memory-mapped data initialized successfully
2026-01-23 14:24:47,096 - INFO - ⇢ Walk-forward steps — starting 3 items
2026-01-23 14:24:47,096 - INFO - 📈 Инициализация equity кривой с первой тестовой даты: 2024-01-01 00:00:00
2026-01-23 14:24:47,096 - INFO - 🔍 WF-шаг 1/3: Валидация временных окон...
2026-01-23 14:24:47,097 - INFO - ⇢ WF-шаг 1/3: training 2023-10-03-2023-12-31, testing 2024-01-01-2024-01-31 — start
2026-01-23 14:24:47,097 - INFO - ⇢ loading step data — start
2026-01-23 14:24:47,330 - INFO - ⇠ loading step data — done in 0.23s
2026-01-23 14:24:49,507 - INFO - 📊 WF-шаг 1/3: Границы данных:
2026-01-23 14:24:49,508 - INFO -    Training: 2023-10-03 00:00:00 → 2023-12-31 23:45:00 (8,640 строк × 329 символов)
2026-01-23 14:24:49,508 - INFO -    Testing:  2024-01-01 00:00:00 → 2024-01-31 00:00:00 (2,881 строк × 329 символов)
2026-01-23 14:24:49,508 - INFO -    Временной разрыв: 0 days 00:15:00
2026-01-23 14:24:49,555 - INFO - ⇢ normalizing training data — start
2026-01-23 14:24:49,598 - INFO -   Символы с NaN значениями: 53
2026-01-23 14:24:49,598 - INFO -   Применяем метод нормализации: rolling_zscore
2026-01-23 14:24:49,622 - INFO - Символы с недостаточной историей: 50 из 329
2026-01-23 14:24:50,326 - INFO - Символы с NaN после нормализации: 279
2026-01-23 14:24:50,335 - INFO - Удалено 1577 начальных строк с NaN от rolling расчетов
2026-01-23 14:24:50,338 - INFO - Итоговое количество символов после нормализации: 279 из 329
2026-01-23 14:24:50,338 - INFO -   Статистика нормализации:
2026-01-23 14:24:50,338 - INFO -     Исходные символы: 329
2026-01-23 14:24:50,338 - INFO -     Недостаточная история: 50
2026-01-23 14:24:50,338 - INFO -     Постоянная цена: 0
2026-01-23 14:24:50,338 - INFO -     NaN после нормализации: 279
2026-01-23 14:24:50,338 - INFO -     Итоговые символы: 279 (84.8%)
2026-01-23 14:24:50,338 - INFO -   После нормализации: 279 символов (потеряно 50)
2026-01-23 14:24:50,338 - INFO -   Отброшено много символов: 50 из 329
2026-01-23 14:24:50,338 - INFO - ⇠ normalizing training data — done in 0.78s
2026-01-23 14:24:50,339 - INFO -   Фиксированный universe: 234 пар (отфильтровано 16 недоступных)
2026-01-23 14:24:50,339 - INFO - ⇢ filtering pairs by cointegration and half-life — start
2026-01-23 14:24:50,339 - INFO - [ФИЛЬТР] Параллельная фильтрация: threads (8 workers)
2026-01-23 14:24:57,899 - INFO - [ФИЛЬТР] После проверки данных: 212 пар
2026-01-23 14:24:57,899 - INFO - [ФИЛЬТР] После фильтра корреляции (>0.4): 163 пар
2026-01-23 14:24:57,899 - INFO - [ФИЛЬТР] После фильтра beta: 141 пар
2026-01-23 14:24:57,900 - INFO - [ФИЛЬТР] После фильтра mean crossings: 141 пар
2026-01-23 14:24:57,900 - INFO - [ФИЛЬТР] После фильтра half-life: 141 пар
2026-01-23 14:24:57,900 - INFO - [ФИЛЬТР] После фильтра коинтеграции: 63 пар
2026-01-23 14:24:57,900 - INFO - [ФИЛЬТР] После фильтра Hurst: 48 пар
2026-01-23 14:24:57,900 - INFO - [ФИЛЬТР] После фильтра KPSS: 48 пар
2026-01-23 14:24:57,900 - INFO - [ФИЛЬТР] После фильтра market microstructure: 44 пар
2026-01-23 14:24:57,900 - INFO - [ФИЛЬТР] Статистика фильтрации (оптимизированный порядок):
2026-01-23 14:24:57,900 - INFO -   1. SSD → Коинтеграция: 234 → 63 пар
2026-01-23 14:24:57,900 - INFO -   2. Коинтеграция → Beta: 63 → 141 пар
2026-01-23 14:24:57,900 - INFO -   3. Beta → Half-life: 141 → 141 пар
2026-01-23 14:24:57,900 - INFO -   4. Half-life → Mean crossings: 141 → 141 пар
2026-01-23 14:24:57,900 - INFO -   5. Mean crossings → Hurst: 141 → 48 пар
2026-01-23 14:24:57,900 - INFO -   6. Hurst → KPSS: 48 → 48 пар
2026-01-23 14:24:57,900 - INFO -   7. KPSS → Market microstructure: 48 → 44 пар
2026-01-23 14:24:57,900 - INFO - [ФИЛЬТР] Причины отсева:
2026-01-23 14:24:57,900 - INFO -   • pvalue: 78 пар (33.3%)
2026-01-23 14:24:57,900 - INFO -   • low_correlation: 49 пар (20.9%)
2026-01-23 14:24:57,900 - INFO -   • insufficient_data: 22 пар (9.4%)
2026-01-23 14:24:57,900 - INFO -   • beta: 22 пар (9.4%)
2026-01-23 14:24:57,900 - INFO -   • hurst: 15 пар (6.4%)
2026-01-23 14:24:57,900 - INFO -   • history: 4 пар (1.7%)
2026-01-23 14:24:57,900 - INFO - [ФИЛЬТР] Итого: 234 → 44 пар (18.8% прошли все фильтры)
2026-01-23 14:24:57,904 - INFO - Причины отсева сохранены в results/filter_reasons_20260123_142457.csv
2026-01-23 14:24:57,904 - INFO -   Pair stability filter: insufficient history (0 < 1), skip
2026-01-23 14:24:57,904 - INFO -   Фильтрация: 234 → 44 пар
2026-01-23 14:24:57,904 - INFO - ⇠ filtering pairs by cointegration and half-life — done in 7.57s
2026-01-23 14:24:57,904 - INFO - ⇠ WF-шаг 1/3: training 2023-10-03-2023-12-31, testing 2024-01-01-2024-01-31 — done in 10.81s
2026-01-23 14:24:57,904 - INFO -   Ограничение max_pairs=20: 44 → 20
2026-01-23 14:24:57,904 - INFO -   Топ-3 пары по волатильности спреда:
2026-01-23 14:24:57,904 - INFO -     1. BTCDAI-BTCEUR: beta=1.1665, std=409.8237
2026-01-23 14:24:57,904 - INFO -     2. ETHDAI-ETHEUR: beta=1.1882, std=22.0629
2026-01-23 14:24:57,904 - INFO -     3. BTCUSDC-BTCUSDT: beta=0.9998, std=13.3093
2026-01-23 14:24:57,904 - INFO -   Всего пар для торговли: 20 (ограничение 15 применяется к одновременно открытым позициям)
2026-01-23 14:24:57,904 - INFO -   💰 Проверка расчета капитала: equity=$1,000.00, кандидатных_пар=20, max_позиций=15
2026-01-23 14:24:57,905 - INFO -   🎯 Target concurrency: 15 (ожидаемое одновременное число позиций)
2026-01-23 14:24:57,905 - INFO -   📊 Детали расчета капитала:
2026-01-23 14:24:57,905 - INFO -      • Базовый капитал на пару: $66.67 (equity / target_concurrency)
2026-01-23 14:24:57,905 - INFO -      • Риск-капитал: $18.00 (1.8% от equity)
2026-01-23 14:24:57,905 - INFO -      • Макс. размер позиции: $50.00 (5.0% от equity)
2026-01-23 14:24:57,905 - INFO -      • Итоговый капитал на пару: $18.00
2026-01-23 14:24:57,905 - INFO - ⇢ WF-шаг 1/3 backtests — starting 20 items
2026-01-23 14:24:57,905 - INFO - 🚀 WF-шаг 1/3: Начинаем бэктесты для 20 пар...
2026-01-23 14:24:57,905 - INFO - 🚀 WF-шаг 1/3: Запускаем параллельную обработку 20 пар на 8 ядрах...
2026-01-23 14:24:57,905 - INFO - 🚀 WF-шаг 1/3: Режим параллельности: процессы
⚙️  Загрузка данных за период: 2023-09-28 -> 2024-04-05
📂 Найдено 43 parquet файлов для обработки.
📊 Схема данных: Schema({'timestamp': Int64, 'open': Float64, 'high': Float64, 'low': Float64, 'close': Float64, 'volume': Float64, 'turnover': String, 'ts_ms': Int64, 'symbol': String})
✅ Загружено 5719620 записей с помощью Polars.
📊 Типы данных в pandas: timestamp       datetime64[us]
symbol                  object
close                  float64
timestamp_ms             int64
dtype: object
⚙️  Загрузка данных за период: 2023-10-03 -> 2024-01-31
📂 Найдено 43 parquet файлов для обработки.
📊 Схема данных: Schema({'timestamp': Int64, 'open': Float64, 'high': Float64, 'low': Float64, 'close': Float64, 'volume': Float64, 'turnover': String, 'ts_ms': Int64, 'symbol': String})
✅ Загружено 3426589 записей с помощью Polars.
📊 Типы данных в pandas: timestamp       datetime64[us]
symbol                  object
close                  float64
timestamp_ms             int64
dtype: object
2026-01-23 14:24:57,933 - coint2.core.memory_optimization - INFO - 🔄 Initializing memory-mapped price data from .cache/consolidated_prices.parquet
2026-01-23 14:24:57,934 - INFO - ⇢ loading memory-mapped data — start
2026-01-23 14:24:57,935 - coint2.core.memory_optimization - WARNING - ⚠️ memory_map не поддерживается в текущей версии pyarrow, fallback без mmap
2026-01-23 14:24:57,956 - coint2.core.memory_optimization - INFO - 🔄 Initializing memory-mapped price data from .cache/consolidated_prices.parquet
2026-01-23 14:24:57,958 - INFO - ⇢ loading memory-mapped data — start
2026-01-23 14:24:57,958 - coint2.core.memory_optimization - WARNING - ⚠️ memory_map не поддерживается в текущей версии pyarrow, fallback без mmap
2026-01-23 14:24:57,984 - coint2.core.memory_optimization - INFO - 🔄 Initializing memory-mapped price data from .cache/consolidated_prices.parquet
2026-01-23 14:24:57,985 - INFO - ⇢ loading memory-mapped data — start
2026-01-23 14:24:57,985 - coint2.core.memory_optimization - WARNING - ⚠️ memory_map не поддерживается в текущей версии pyarrow, fallback без mmap
2026-01-23 14:24:58,025 - coint2.core.memory_optimization - INFO - 🔄 Initializing memory-mapped price data from .cache/consolidated_prices.parquet
2026-01-23 14:24:58,029 - INFO - ⇢ loading memory-mapped data — start
2026-01-23 14:24:58,030 - coint2.core.memory_optimization - WARNING - ⚠️ memory_map не поддерживается в текущей версии pyarrow, fallback без mmap
2026-01-23 14:24:58,099 - coint2.core.memory_optimization - INFO - 🔄 Initializing memory-mapped price data from .cache/consolidated_prices.parquet
2026-01-23 14:24:58,105 - INFO - ⇢ loading memory-mapped data — start
2026-01-23 14:24:58,105 - coint2.core.memory_optimization - WARNING - ⚠️ memory_map не поддерживается в текущей версии pyarrow, fallback без mmap
2026-01-23 14:24:58,158 - coint2.core.memory_optimization - INFO - 🔄 Initializing memory-mapped price data from .cache/consolidated_prices.parquet
2026-01-23 14:24:58,159 - INFO - ⇢ loading memory-mapped data — start
2026-01-23 14:24:58,159 - coint2.core.memory_optimization - WARNING - ⚠️ memory_map не поддерживается в текущей версии pyarrow, fallback без mmap
2026-01-23 14:24:58,198 - coint2.core.memory_optimization - INFO - 🔄 Initializing memory-mapped price data from .cache/consolidated_prices.parquet
2026-01-23 14:24:58,208 - INFO - ⇢ loading memory-mapped data — start
2026-01-23 14:24:58,208 - coint2.core.memory_optimization - WARNING - ⚠️ memory_map не поддерживается в текущей версии pyarrow, fallback без mmap
2026-01-23 14:24:58,213 - INFO - ⇠ loading memory-mapped data — done in 0.28s
2026-01-23 14:24:58,246 - coint2.core.memory_optimization - INFO - 🔄 Initializing memory-mapped price data from .cache/consolidated_prices.parquet
2026-01-23 14:24:58,247 - INFO - ⇢ loading memory-mapped data — start
2026-01-23 14:24:58,247 - coint2.core.memory_optimization - WARNING - ⚠️ memory_map не поддерживается в текущей версии pyarrow, fallback без mmap
2026-01-23 14:24:58,255 - coint2.core.memory_optimization - INFO - 📊 Loaded 18241 rows × 366 symbols
2026-01-23 14:24:58,255 - coint2.core.memory_optimization - INFO - 💾 Memory usage: 26.9 MB (memory-mapped)
2026-01-23 14:24:58,310 - INFO - ⇠ loading memory-mapped data — done in 0.32s
2026-01-23 14:24:58,312 - coint2.engine.numba_engine - INFO - Запуск Numba-оптимизированного бэктеста для BTCDAI-BTCEUR
2026-01-23 14:24:58,334 - coint2.core.memory_optimization - INFO - 📊 Loaded 18241 rows × 366 symbols
2026-01-23 14:24:58,334 - coint2.core.memory_optimization - INFO - 💾 Memory usage: 26.9 MB (memory-mapped)
2026-01-23 14:24:58,348 - INFO - ⇠ loading memory-mapped data — done in 0.39s
2026-01-23 14:24:58,373 - coint2.engine.numba_engine - INFO - Запуск Numba-оптимизированного бэктеста для BTCUSDC-BTCUSDT
2026-01-23 14:24:58,396 - coint2.core.memory_optimization - INFO - 📊 Loaded 18241 rows × 366 symbols
2026-01-23 14:24:58,397 - coint2.core.memory_optimization - INFO - 💾 Memory usage: 26.9 MB (memory-mapped)
2026-01-23 14:24:58,433 - INFO - ⇠ loading memory-mapped data — done in 0.27s
2026-01-23 14:24:58,462 - INFO - ⇠ loading memory-mapped data — done in 0.43s
2026-01-23 14:24:58,472 - coint2.engine.numba_engine - INFO - Запуск Numba-оптимизированного бэктеста для ETHDAI-ETHEUR
2026-01-23 14:24:58,486 - coint2.engine.numba_engine - INFO - Запуск Numba-оптимизированного бэктеста для APEUSDC-HFTUSDC
2026-01-23 14:24:58,494 - coint2.core.memory_optimization - INFO - 📊 Loaded 18241 rows × 366 symbols
2026-01-23 14:24:58,494 - coint2.core.memory_optimization - INFO - 💾 Memory usage: 26.9 MB (memory-mapped)
2026-01-23 14:24:58,500 - coint2.core.memory_optimization - INFO - 📊 Loaded 18241 rows × 366 symbols
2026-01-23 14:24:58,501 - coint2.core.memory_optimization - INFO - 💾 Memory usage: 26.9 MB (memory-mapped)
2026-01-23 14:24:58,557 - coint2.engine.numba_engine - INFO - Запуск Numba-оптимизированного бэктеста для ETCUSDT-JUVUSDT
2026-01-23 14:24:58,566 - coint2.engine.numba_engine - INFO - Запуск Numba-оптимизированного бэктеста для CITYUSDT-IZIUSDT
2026-01-23 14:24:58,576 - coint2.engine.numba_engine - INFO - Запуск Numba-оптимизированного бэктеста для APEUSDC-HFTUSDT
2026-01-23 14:24:58,611 - INFO - ⇠ loading memory-mapped data — done in 0.51s
2026-01-23 14:24:58,627 - coint2.engine.numba_engine - INFO - Запуск Numba-оптимизированного бэктеста для ETHUSDC-ETHUSDT
2026-01-23 14:24:58,631 - coint2.engine.numba_engine - INFO - Запуск Numba-оптимизированного бэктеста для APEUSDT-HFTUSDC
2026-01-23 14:24:58,632 - coint2.engine.numba_engine - INFO - Запуск Numba-оптимизированного бэктеста для APEUSDT-HFTUSDT
2026-01-23 14:24:58,650 - INFO - ⇠ loading memory-mapped data — done in 0.40s
2026-01-23 14:24:58,654 - coint2.engine.numba_engine - INFO - Запуск Numba-оптимизированного бэктеста для AFCUSDT-ANKRUSDT
2026-01-23 14:24:58,660 - coint2.engine.numba_engine - INFO - Запуск Numba-оптимизированного бэктеста для APEUSDT-GODSUSDT
2026-01-23 14:24:58,665 - coint2.core.memory_optimization - INFO - 📊 Loaded 18241 rows × 366 symbols
2026-01-23 14:24:58,665 - coint2.core.memory_optimization - INFO - 💾 Memory usage: 26.9 MB (memory-mapped)
2026-01-23 14:24:58,686 - coint2.engine.numba_engine - INFO - Запуск Numba-оптимизированного бэктеста для APEUSDC-GODSUSDT
2026-01-23 14:24:58,697 - coint2.core.memory_optimization - INFO - 📊 Loaded 18241 rows × 366 symbols
2026-01-23 14:24:58,707 - coint2.core.memory_optimization - INFO - 💾 Memory usage: 26.9 MB (memory-mapped)
2026-01-23 14:24:58,723 - INFO - ⇠ loading memory-mapped data — done in 0.52s
2026-01-23 14:24:58,729 - coint2.engine.numba_engine - INFO - Запуск Numba-оптимизированного бэктеста для ATOMUSDT-GODSUSDT
2026-01-23 14:24:58,774 - coint2.core.memory_optimization - INFO - 📊 Loaded 18241 rows × 366 symbols
2026-01-23 14:24:58,774 - coint2.core.memory_optimization - INFO - 💾 Memory usage: 26.9 MB (memory-mapped)
2026-01-23 14:24:58,783 - coint2.engine.numba_engine - INFO - Запуск Numba-оптимизированного бэктеста для AXSUSDT-DOTUSDC
2026-01-23 14:24:58,859 - coint2.engine.numba_engine - INFO - Запуск Numba-оптимизированного бэктеста для AXSUSDT-DOTUSDT
2026-01-23 14:24:58,921 - coint2.engine.numba_engine - INFO - Запуск Numba-оптимизированного бэктеста для AGLDUSDT-HFTUSDT
2026-01-23 14:24:59,026 - coint2.engine.numba_engine - INFO - Запуск Numba-оптимизированного бэктеста для AGLDUSDT-HFTUSDC
2026-01-23 14:24:59,101 - coint2.engine.numba_engine - INFO - Запуск Numba-оптимизированного бэктеста для APEUSDT-ATOMUSDT
2026-01-23 14:24:59,145 - coint2.engine.numba_engine - INFO - Запуск Numba-оптимизированного бэктеста для APEUSDC-ATOMUSDT
2026-01-23 14:24:59,320 - INFO -   ⏱️ Параллельная обработка завершена за 1.4с (14.1 пар/с)
2026-01-23 14:24:59,380 - coint2.pipeline.walk_forward_orchestrator - INFO - 🎯 СИМУЛЯЦИЯ ПОРТФЕЛЯ: 20 пар, лимит 15 позиций
2026-01-23 14:25:00,084 - coint2.pipeline.walk_forward_orchestrator - INFO -    📈 Макс. одновременных сигналов: 0
2026-01-23 14:25:00,084 - coint2.pipeline.walk_forward_orchestrator - INFO -    📊 Средн. сигналов за период: 0.0
2026-01-23 14:25:00,084 - coint2.pipeline.walk_forward_orchestrator - INFO -    🎯 Финальных активных позиций: 0
2026-01-23 14:25:00,086 - coint2.pipeline.walk_forward_orchestrator - INFO -    ⚡ Утилизация лимита позиций: 0.0%
2026-01-23 14:25:00,086 - INFO - ⇠ WF-шаг 1/3 backtests — completed 20 items in 2.18s (9.2 items/s)
2026-01-23 14:25:00,086 - INFO -   ✅ Обработка завершена: 20 успешно, 0 с ошибками
2026-01-23 14:25:00,086 - INFO -   📊 Успешность: 100.0%, прибыльность: 0.0%, сделок/пара: 0.0
2026-01-23 14:25:00,086 - INFO -   ✅ Завершены бэктесты для 20 пар
2026-01-23 14:25:00,086 - INFO -   📊 Всего обработано пар в этом шаге: 20
2026-01-23 14:25:00,087 - INFO -   📈 Результаты шага: 0/20 прибыльных пар, 0 сделок
2026-01-23 14:25:00,087 - INFO -   💰 P&L шага: $+0.00
2026-01-23 14:25:00,087 - INFO -   ⇢ Обновление капитала и дневного P&L...
2026-01-23 14:25:01,259 - INFO -   💼 Шаг P&L: $+0.00, Накопленный капитал: $1,000.00
2026-01-23 14:25:01,259 - INFO - ------------------------------------------------------------
2026-01-23 14:25:01,259 - INFO -   Walk-forward steps: 1 / 3 (33.3%) | 0.1 items/s | ETA: 28.3s
2026-01-23 14:25:01,259 - INFO - 🔍 WF-шаг 2/3: Валидация временных окон...
2026-01-23 14:25:01,259 - INFO - ⇢ WF-шаг 2/3: training 2023-11-02-2024-01-30, testing 2024-01-31-2024-03-01 — start
2026-01-23 14:25:01,259 - INFO - ⇢ loading step data — start
2026-01-23 14:25:01,567 - INFO - ⇠ loading step data — done in 0.31s
2026-01-23 14:25:03,620 - INFO - 📊 WF-шаг 2/3: Границы данных:
2026-01-23 14:25:03,620 - INFO -    Training: 2023-11-02 00:00:00 → 2024-01-30 23:45:00 (8,640 строк × 346 символов)
2026-01-23 14:25:03,620 - INFO -    Testing:  2024-01-31 00:00:00 → 2024-03-01 00:00:00 (2,881 строк × 346 символов)
2026-01-23 14:25:03,620 - INFO -    Временной разрыв: 0 days 00:15:00
2026-01-23 14:25:03,864 - INFO - ⇢ normalizing training data — start
2026-01-23 14:25:03,908 - INFO -   Символы с NaN значениями: 63
2026-01-23 14:25:03,908 - INFO -   Применяем метод нормализации: rolling_zscore
2026-01-23 14:25:03,935 - INFO - Символы с недостаточной историей: 58 из 346
2026-01-23 14:25:04,599 - INFO - Символы с NaN после нормализации: 288
2026-01-23 14:25:04,608 - INFO - Удалено 1193 начальных строк с NaN от rolling расчетов
2026-01-23 14:25:04,611 - INFO - Итоговое количество символов после нормализации: 288 из 346
2026-01-23 14:25:04,612 - INFO -   Статистика нормализации:
2026-01-23 14:25:04,612 - INFO -     Исходные символы: 346
2026-01-23 14:25:04,612 - INFO -     Недостаточная история: 58
2026-01-23 14:25:04,612 - INFO -     Постоянная цена: 0
2026-01-23 14:25:04,612 - INFO -     NaN после нормализации: 288
2026-01-23 14:25:04,612 - INFO -     Итоговые символы: 288 (83.2%)
2026-01-23 14:25:04,612 - INFO -   После нормализации: 288 символов (потеряно 58)
2026-01-23 14:25:04,612 - INFO -   Отброшено много символов: 58 из 346
2026-01-23 14:25:04,612 - INFO - ⇠ normalizing training data — done in 0.75s
2026-01-23 14:25:04,612 - INFO -   Фиксированный universe: 246 пар (отфильтровано 4 недоступных)
2026-01-23 14:25:04,612 - INFO - ⇢ filtering pairs by cointegration and half-life — start
2026-01-23 14:25:04,613 - INFO - [ФИЛЬТР] Параллельная фильтрация: threads (8 workers)
2026-01-23 14:25:12,189 - INFO - [ФИЛЬТР] После проверки данных: 218 пар
2026-01-23 14:25:12,189 - INFO - [ФИЛЬТР] После фильтра корреляции (>0.4): 122 пар
2026-01-23 14:25:12,189 - INFO - [ФИЛЬТР] После фильтра beta: 108 пар
2026-01-23 14:25:12,189 - INFO - [ФИЛЬТР] После фильтра mean crossings: 108 пар
2026-01-23 14:25:12,189 - INFO - [ФИЛЬТР] После фильтра half-life: 108 пар
2026-01-23 14:25:12,189 - INFO - [ФИЛЬТР] После фильтра коинтеграции: 72 пар
2026-01-23 14:25:12,189 - INFO - [ФИЛЬТР] После фильтра Hurst: 55 пар
2026-01-23 14:25:12,189 - INFO - [ФИЛЬТР] После фильтра KPSS: 55 пар
2026-01-23 14:25:12,189 - INFO - [ФИЛЬТР] После фильтра market microstructure: 49 пар
2026-01-23 14:25:12,189 - INFO - [ФИЛЬТР] Статистика фильтрации (оптимизированный порядок):
2026-01-23 14:25:12,189 - INFO -   1. SSD → Коинтеграция: 246 → 72 пар
2026-01-23 14:25:12,189 - INFO -   2. Коинтеграция → Beta: 72 → 108 пар
2026-01-23 14:25:12,189 - INFO -   3. Beta → Half-life: 108 → 108 пар
2026-01-23 14:25:12,189 - INFO -   4. Half-life → Mean crossings: 108 → 108 пар
2026-01-23 14:25:12,189 - INFO -   5. Mean crossings → Hurst: 108 → 55 пар
2026-01-23 14:25:12,189 - INFO -   6. Hurst → KPSS: 55 → 55 пар
2026-01-23 14:25:12,189 - INFO -   7. KPSS → Market microstructure: 55 → 49 пар
2026-01-23 14:25:12,190 - INFO - [ФИЛЬТР] Причины отсева:
2026-01-23 14:25:12,190 - INFO -   • low_correlation: 96 пар (39.0%)
2026-01-23 14:25:12,190 - INFO -   • pvalue: 36 пар (14.6%)
2026-01-23 14:25:12,190 - INFO -   • insufficient_data: 28 пар (11.4%)
2026-01-23 14:25:12,190 - INFO -   • hurst: 17 пар (6.9%)
2026-01-23 14:25:12,190 - INFO -   • beta: 14 пар (5.7%)
2026-01-23 14:25:12,190 - INFO -   • history: 6 пар (2.4%)
2026-01-23 14:25:12,190 - INFO - [ФИЛЬТР] Итого: 246 → 49 пар (19.9% прошли все фильтры)
2026-01-23 14:25:12,193 - INFO - Причины отсева сохранены в results/filter_reasons_20260123_142512.csv
2026-01-23 14:25:12,193 - INFO -   Pair stability filter: 49 → 31 (window=2, min_steps=1, history=1)
2026-01-23 14:25:12,193 - INFO -   Фильтрация: 246 → 31 пар
2026-01-23 14:25:12,193 - INFO - ⇠ filtering pairs by cointegration and half-life — done in 7.58s
2026-01-23 14:25:12,194 - INFO - ⇠ WF-шаг 2/3: training 2023-11-02-2024-01-30, testing 2024-01-31-2024-03-01 — done in 10.93s
2026-01-23 14:25:12,194 - INFO -   Ограничение max_pairs=20: 31 → 20
2026-01-23 14:25:12,194 - INFO -   Топ-3 пары по волатильности спреда:
2026-01-23 14:25:12,194 - INFO -     1. BTCDAI-BTCEUR: beta=1.1459, std=574.8675
2026-01-23 14:25:12,194 - INFO -     2. ETHDAI-ETHEUR: beta=1.1311, std=22.8903
2026-01-23 14:25:12,194 - INFO -     3. BTCUSDC-BTCUSDT: beta=0.9990, std=20.6114
2026-01-23 14:25:12,194 - INFO -   Всего пар для торговли: 20 (ограничение 15 применяется к одновременно открытым позициям)
2026-01-23 14:25:12,194 - INFO -   💰 Проверка расчета капитала: equity=$1,000.00, кандидатных_пар=20, max_позиций=15
2026-01-23 14:25:12,194 - INFO -   🎯 Target concurrency: 15 (ожидаемое одновременное число позиций)
2026-01-23 14:25:12,194 - INFO -   📊 Детали расчета капитала:
2026-01-23 14:25:12,194 - INFO -      • Базовый капитал на пару: $66.67 (equity / target_concurrency)
2026-01-23 14:25:12,194 - INFO -      • Риск-капитал: $18.00 (1.8% от equity)
2026-01-23 14:25:12,194 - INFO -      • Макс. размер позиции: $50.00 (5.0% от equity)
2026-01-23 14:25:12,195 - INFO -      • Итоговый капитал на пару: $18.00
2026-01-23 14:25:12,195 - INFO - ⇢ WF-шаг 2/3 backtests — starting 20 items
2026-01-23 14:25:12,195 - INFO - 🚀 WF-шаг 2/3: Начинаем бэктесты для 20 пар...
2026-01-23 14:25:12,195 - INFO - 🚀 WF-шаг 2/3: Запускаем параллельную обработку 20 пар на 8 ядрах...
2026-01-23 14:25:12,195 - INFO - 🚀 WF-шаг 2/3: Режим параллельности: процессы
⚙️  Загрузка данных за период: 2023-11-02 -> 2024-03-01
📂 Найдено 43 parquet файлов для обработки.
📊 Схема данных: Schema({'timestamp': Int64, 'open': Float64, 'high': Float64, 'low': Float64, 'close': Float64, 'volume': Float64, 'turnover': String, 'ts_ms': Int64, 'symbol': String})
✅ Загружено 3596229 записей с помощью Polars.
📊 Типы данных в pandas: timestamp       datetime64[us]
symbol                  object
close                  float64
timestamp_ms             int64
dtype: object
2026-01-23 14:25:12,232 - coint2.core.memory_optimization - INFO - 🔄 Initializing memory-mapped price data from .cache/consolidated_prices.parquet
2026-01-23 14:25:12,233 - INFO - ⇢ loading memory-mapped data — start
2026-01-23 14:25:12,233 - coint2.core.memory_optimization - WARNING - ⚠️ memory_map не поддерживается в текущей версии pyarrow, fallback без mmap
2026-01-23 14:25:12,266 - coint2.core.memory_optimization - INFO - 🔄 Initializing memory-mapped price data from .cache/consolidated_prices.parquet
2026-01-23 14:25:12,267 - INFO - ⇢ loading memory-mapped data — start
2026-01-23 14:25:12,267 - coint2.core.memory_optimization - WARNING - ⚠️ memory_map не поддерживается в текущей версии pyarrow, fallback без mmap
2026-01-23 14:25:12,308 - coint2.core.memory_optimization - INFO - 🔄 Initializing memory-mapped price data from .cache/consolidated_prices.parquet
2026-01-23 14:25:12,309 - INFO - ⇢ loading memory-mapped data — start
2026-01-23 14:25:12,309 - coint2.core.memory_optimization - WARNING - ⚠️ memory_map не поддерживается в текущей версии pyarrow, fallback без mmap
2026-01-23 14:25:12,355 - coint2.core.memory_optimization - INFO - 🔄 Initializing memory-mapped price data from .cache/consolidated_prices.parquet
2026-01-23 14:25:12,357 - INFO - ⇢ loading memory-mapped data — start
2026-01-23 14:25:12,357 - coint2.core.memory_optimization - WARNING - ⚠️ memory_map не поддерживается в текущей версии pyarrow, fallback без mmap
2026-01-23 14:25:12,400 - coint2.core.memory_optimization - INFO - 🔄 Initializing memory-mapped price data from .cache/consolidated_prices.parquet
2026-01-23 14:25:12,401 - INFO - ⇢ loading memory-mapped data — start
2026-01-23 14:25:12,402 - coint2.core.memory_optimization - WARNING - ⚠️ memory_map не поддерживается в текущей версии pyarrow, fallback без mmap
2026-01-23 14:25:12,455 - coint2.core.memory_optimization - INFO - 🔄 Initializing memory-mapped price data from .cache/consolidated_prices.parquet
2026-01-23 14:25:12,460 - INFO - ⇢ loading memory-mapped data — start
2026-01-23 14:25:12,460 - coint2.core.memory_optimization - WARNING - ⚠️ memory_map не поддерживается в текущей версии pyarrow, fallback без mmap
2026-01-23 14:25:12,529 - coint2.core.memory_optimization - INFO - 🔄 Initializing memory-mapped price data from .cache/consolidated_prices.parquet
2026-01-23 14:25:12,530 - INFO - ⇢ loading memory-mapped data — start
2026-01-23 14:25:12,530 - coint2.core.memory_optimization - WARNING - ⚠️ memory_map не поддерживается в текущей версии pyarrow, fallback без mmap
2026-01-23 14:25:12,560 - INFO - ⇠ loading memory-mapped data — done in 0.33s
2026-01-23 14:25:12,596 - coint2.core.memory_optimization - INFO - 📊 Loaded 18241 rows × 366 symbols
2026-01-23 14:25:12,597 - coint2.core.memory_optimization - INFO - 💾 Memory usage: 26.9 MB (memory-mapped)
2026-01-23 14:25:12,612 - coint2.core.memory_optimization - INFO - 🔄 Initializing memory-mapped price data from .cache/consolidated_prices.parquet
2026-01-23 14:25:12,617 - INFO - ⇢ loading memory-mapped data — start
2026-01-23 14:25:12,617 - INFO - ⇠ loading memory-mapped data — done in 0.35s
2026-01-23 14:25:12,617 - coint2.core.memory_optimization - WARNING - ⚠️ memory_map не поддерживается в текущей версии pyarrow, fallback без mmap
2026-01-23 14:25:12,643 - coint2.engine.numba_engine - INFO - Запуск Numba-оптимизированного бэктеста для BTCDAI-BTCEUR
2026-01-23 14:25:12,655 - coint2.core.memory_optimization - INFO - 📊 Loaded 18241 rows × 366 symbols
2026-01-23 14:25:12,655 - coint2.core.memory_optimization - INFO - 💾 Memory usage: 26.9 MB (memory-mapped)
2026-01-23 14:25:12,683 - INFO - ⇠ loading memory-mapped data — done in 0.33s
2026-01-23 14:25:12,710 - INFO - ⇠ loading memory-mapped data — done in 0.40s
2026-01-23 14:25:12,719 - coint2.engine.numba_engine - INFO - Запуск Numba-оптимизированного бэктеста для ETHDAI-ETHEUR
2026-01-23 14:25:12,719 - coint2.core.memory_optimization - INFO - 📊 Loaded 18241 rows × 366 symbols
2026-01-23 14:25:12,719 - coint2.core.memory_optimization - INFO - 💾 Memory usage: 26.9 MB (memory-mapped)
2026-01-23 14:25:12,779 - coint2.core.memory_optimization - INFO - 📊 Loaded 18241 rows × 366 symbols
2026-01-23 14:25:12,780 - coint2.core.memory_optimization - INFO - 💾 Memory usage: 26.9 MB (memory-mapped)
2026-01-23 14:25:12,796 - coint2.engine.numba_engine - INFO - Запуск Numba-оптимизированного бэктеста для ETHUSDC-ETHUSDT
2026-01-23 14:25:12,802 - INFO - ⇠ loading memory-mapped data — done in 0.34s
2026-01-23 14:25:12,811 - INFO - ⇠ loading memory-mapped data — done in 0.41s
2026-01-23 14:25:12,820 - INFO - ⇠ loading memory-mapped data — done in 0.20s
2026-01-23 14:25:12,841 - coint2.core.memory_optimization - INFO - 📊 Loaded 18241 rows × 366 symbols
2026-01-23 14:25:12,841 - coint2.core.memory_optimization - INFO - 💾 Memory usage: 26.9 MB (memory-mapped)
2026-01-23 14:25:12,854 - coint2.core.memory_optimization - INFO - 📊 Loaded 18241 rows × 366 symbols
2026-01-23 14:25:12,854 - coint2.core.memory_optimization - INFO - 💾 Memory usage: 26.9 MB (memory-mapped)
2026-01-23 14:25:12,864 - coint2.engine.numba_engine - INFO - Запуск Numba-оптимизированного бэктеста для BTCUSDC-BTCUSDT
2026-01-23 14:25:12,871 - coint2.core.memory_optimization - INFO - 📊 Loaded 18241 rows × 366 symbols
2026-01-23 14:25:12,871 - coint2.core.memory_optimization - INFO - 💾 Memory usage: 26.9 MB (memory-mapped)
2026-01-23 14:25:12,901 - coint2.engine.numba_engine - INFO - Запуск Numba-оптимизированного бэктеста для AGLDUSDT-HFTUSDT
2026-01-23 14:25:12,901 - coint2.engine.numba_engine - INFO - Запуск Numba-оптимизированного бэктеста для ATOMUSDT-GODSUSDT
2026-01-23 14:25:12,934 - coint2.engine.numba_engine - INFO - Запуск Numba-оптимизированного бэктеста для AXSUSDT-DOTUSDT
2026-01-23 14:25:12,947 - coint2.engine.numba_engine - INFO - Запуск Numba-оптимизированного бэктеста для APEUSDC-HFTUSDT
2026-01-23 14:25:12,949 - coint2.engine.numba_engine - INFO - Запуск Numba-оптимизированного бэктеста для AGLDUSDT-HFTUSDC
2026-01-23 14:25:12,966 - INFO - ⇠ loading memory-mapped data — done in 0.44s
2026-01-23 14:25:12,980 - coint2.engine.numba_engine - INFO - Запуск Numba-оптимизированного бэктеста для APEUSDC-GODSUSDT
2026-01-23 14:25:13,019 - coint2.core.memory_optimization - INFO - 📊 Loaded 18241 rows × 366 symbols
2026-01-23 14:25:13,019 - coint2.core.memory_optimization - INFO - 💾 Memory usage: 26.9 MB (memory-mapped)
2026-01-23 14:25:13,037 - coint2.engine.numba_engine - INFO - Запуск Numba-оптимизированного бэктеста для APEUSDT-GODSUSDT
2026-01-23 14:25:13,050 - coint2.engine.numba_engine - INFO - Запуск Numba-оптимизированного бэктеста для APEUSDT-HFTUSDT
2026-01-23 14:25:13,113 - coint2.engine.numba_engine - INFO - Запуск Numba-оптимизированного бэктеста для AXSUSDT-DOTUSDC
2026-01-23 14:25:13,160 - coint2.engine.numba_engine - INFO - Запуск Numba-оптимизированного бэктеста для APEUSDC-HFTUSDC
2026-01-23 14:25:13,164 - coint2.engine.numba_engine - INFO - Запуск Numba-оптимизированного бэктеста для CELOUSDT-ENJUSDT
2026-01-23 14:25:13,187 - coint2.engine.numba_engine - INFO - Запуск Numba-оптимизированного бэктеста для APEUSDT-HFTUSDC
2026-01-23 14:25:13,234 - coint2.engine.numba_engine - INFO - Запуск Numba-оптимизированного бэктеста для AFCUSDT-ANKRUSDT
2026-01-23 14:25:13,280 - coint2.engine.numba_engine - INFO - Запуск Numba-оптимизированного бэктеста для HOOKUSDT-KAVAUSDT
2026-01-23 14:25:13,287 - coint2.engine.numba_engine - INFO - Запуск Numba-оптимизированного бэктеста для APEUSDC-ATOMUSDT
2026-01-23 14:25:13,466 - coint2.engine.numba_engine - INFO - Запуск Numba-оптимизированного бэктеста для APEUSDT-ATOMUSDT
2026-01-23 14:25:13,656 - INFO -   ⏱️ Параллельная обработка завершена за 1.5с (13.7 пар/с)
2026-01-23 14:25:13,691 - coint2.pipeline.walk_forward_orchestrator - INFO - 🎯 СИМУЛЯЦИЯ ПОРТФЕЛЯ: 20 пар, лимит 15 позиций
2026-01-23 14:25:14,319 - coint2.pipeline.walk_forward_orchestrator - INFO -    📈 Макс. одновременных сигналов: 0
2026-01-23 14:25:14,319 - coint2.pipeline.walk_forward_orchestrator - INFO -    📊 Средн. сигналов за период: 0.0
2026-01-23 14:25:14,320 - coint2.pipeline.walk_forward_orchestrator - INFO -    🎯 Финальных активных позиций: 0
2026-01-23 14:25:14,321 - coint2.pipeline.walk_forward_orchestrator - INFO -    ⚡ Утилизация лимита позиций: 0.0%
2026-01-23 14:25:14,321 - INFO - ⇠ WF-шаг 2/3 backtests — completed 20 items in 2.13s (9.4 items/s)
2026-01-23 14:25:14,321 - INFO -   ✅ Обработка завершена: 20 успешно, 0 с ошибками
2026-01-23 14:25:14,321 - INFO -   📊 Успешность: 100.0%, прибыльность: 0.0%, сделок/пара: 0.0
2026-01-23 14:25:14,322 - INFO -   ✅ Завершены бэктесты для 20 пар
2026-01-23 14:25:14,322 - INFO -   📊 Всего обработано пар в этом шаге: 20
2026-01-23 14:25:14,322 - INFO -   📈 Результаты шага: 0/20 прибыльных пар, 0 сделок
2026-01-23 14:25:14,322 - INFO -   💰 P&L шага: $+0.00
2026-01-23 14:25:14,322 - INFO -   ⇢ Обновление капитала и дневного P&L...
2026-01-23 14:25:15,662 - INFO -   💼 Шаг P&L: $+0.00, Накопленный капитал: $1,000.00
2026-01-23 14:25:15,662 - INFO - ------------------------------------------------------------
2026-01-23 14:25:15,662 - INFO -   Walk-forward steps: 2 / 3 (66.7%) | 0.1 items/s | ETA: 14.3s
2026-01-23 14:25:15,662 - INFO - 🔍 WF-шаг 3/3: Валидация временных окон...
2026-01-23 14:25:15,663 - INFO - ⇢ WF-шаг 3/3: training 2023-12-02-2024-02-29, testing 2024-03-01-2024-03-31 — start
2026-01-23 14:25:15,663 - INFO - ⇢ loading step data — start
2026-01-23 14:25:15,991 - INFO - ⇠ loading step data — done in 0.33s
2026-01-23 14:25:18,204 - INFO - 📊 WF-шаг 3/3: Границы данных:
2026-01-23 14:25:18,204 - INFO -    Training: 2023-12-02 00:00:00 → 2024-02-29 23:45:00 (8,640 строк × 361 символов)
2026-01-23 14:25:18,204 - INFO -    Testing:  2024-03-01 00:00:00 → 2024-03-31 00:00:00 (2,881 строк × 361 символов)
2026-01-23 14:25:18,204 - INFO -    Временной разрыв: 0 days 00:15:00
2026-01-23 14:25:18,254 - INFO - ⇢ normalizing training data — start
2026-01-23 14:25:18,300 - INFO -   Символы с NaN значениями: 68
2026-01-23 14:25:18,300 - INFO -   Применяем метод нормализации: rolling_zscore
2026-01-23 14:25:18,325 - INFO - Символы с недостаточной историей: 56 из 361
2026-01-23 14:25:19,016 - INFO - Символы с NaN после нормализации: 305
2026-01-23 14:25:19,025 - INFO - Удалено 1673 начальных строк с NaN от rolling расчетов
2026-01-23 14:25:19,028 - INFO - Итоговое количество символов после нормализации: 305 из 361
2026-01-23 14:25:19,028 - INFO -   Статистика нормализации:
2026-01-23 14:25:19,028 - INFO -     Исходные символы: 361
2026-01-23 14:25:19,028 - INFO -     Недостаточная история: 56
2026-01-23 14:25:19,028 - INFO -     Постоянная цена: 0
2026-01-23 14:25:19,028 - INFO -     NaN после нормализации: 305
2026-01-23 14:25:19,028 - INFO -     Итоговые символы: 305 (84.5%)
2026-01-23 14:25:19,028 - INFO -   После нормализации: 305 символов (потеряно 56)
2026-01-23 14:25:19,028 - INFO -   Отброшено много символов: 56 из 361
2026-01-23 14:25:19,028 - INFO - ⇠ normalizing training data — done in 0.77s
2026-01-23 14:25:19,029 - INFO -   Фиксированный universe: 250 пар (отфильтровано 0 недоступных)
2026-01-23 14:25:19,029 - INFO - ⇢ filtering pairs by cointegration and half-life — start
2026-01-23 14:25:19,029 - INFO - [ФИЛЬТР] Параллельная фильтрация: threads (8 workers)
2026-01-23 14:25:28,035 - INFO - [ФИЛЬТР] После проверки данных: 239 пар
2026-01-23 14:25:28,035 - INFO - [ФИЛЬТР] После фильтра корреляции (>0.4): 137 пар
2026-01-23 14:25:28,035 - INFO - [ФИЛЬТР] После фильтра beta: 127 пар
2026-01-23 14:25:28,035 - INFO - [ФИЛЬТР] После фильтра mean crossings: 127 пар
2026-01-23 14:25:28,035 - INFO - [ФИЛЬТР] После фильтра half-life: 127 пар
2026-01-23 14:25:28,035 - INFO - [ФИЛЬТР] После фильтра коинтеграции: 92 пар
2026-01-23 14:25:28,035 - INFO - [ФИЛЬТР] После фильтра Hurst: 76 пар
2026-01-23 14:25:28,035 - INFO - [ФИЛЬТР] После фильтра KPSS: 76 пар
2026-01-23 14:25:28,035 - INFO - [ФИЛЬТР] После фильтра market microstructure: 68 пар
2026-01-23 14:25:28,035 - INFO - [ФИЛЬТР] Статистика фильтрации (оптимизированный порядок):
2026-01-23 14:25:28,035 - INFO -   1. SSD → Коинтеграция: 250 → 92 пар
2026-01-23 14:25:28,035 - INFO -   2. Коинтеграция → Beta: 92 → 127 пар
2026-01-23 14:25:28,035 - INFO -   3. Beta → Half-life: 127 → 127 пар
2026-01-23 14:25:28,035 - INFO -   4. Half-life → Mean crossings: 127 → 127 пар
2026-01-23 14:25:28,035 - INFO -   5. Mean crossings → Hurst: 127 → 76 пар
2026-01-23 14:25:28,035 - INFO -   6. Hurst → KPSS: 76 → 76 пар
2026-01-23 14:25:28,035 - INFO -   7. KPSS → Market microstructure: 76 → 68 пар
2026-01-23 14:25:28,035 - INFO - [ФИЛЬТР] Причины отсева:
2026-01-23 14:25:28,035 - INFO -   • low_correlation: 102 пар (40.8%)
2026-01-23 14:25:28,035 - INFO -   • pvalue: 35 пар (14.0%)
2026-01-23 14:25:28,035 - INFO -   • hurst: 16 пар (6.4%)
2026-01-23 14:25:28,035 - INFO -   • insufficient_data: 11 пар (4.4%)
2026-01-23 14:25:28,035 - INFO -   • beta: 10 пар (4.0%)
2026-01-23 14:25:28,035 - INFO -   • history: 8 пар (3.2%)
2026-01-23 14:25:28,036 - INFO - [ФИЛЬТР] Итого: 250 → 68 пар (27.2% прошли все фильтры)
2026-01-23 14:25:28,037 - INFO - Причины отсева сохранены в results/filter_reasons_20260123_142528.csv
2026-01-23 14:25:28,038 - INFO -   Pair stability filter: 68 → 29 (window=2, min_steps=1, history=2)
2026-01-23 14:25:28,038 - INFO -   Фильтрация: 250 → 29 пар
2026-01-23 14:25:28,038 - INFO - ⇠ filtering pairs by cointegration and half-life — done in 9.01s
2026-01-23 14:25:28,038 - INFO - ⇠ WF-шаг 3/3: training 2023-12-02-2024-02-29, testing 2024-03-01-2024-03-31 — done in 12.38s
2026-01-23 14:25:28,038 - INFO -   Ограничение max_pairs=20: 29 → 20
2026-01-23 14:25:28,038 - INFO -   Топ-3 пары по волатильности спреда:
2026-01-23 14:25:28,038 - INFO -     1. BTCDAI-BTCEUR: beta=1.0480, std=582.7625
2026-01-23 14:25:28,038 - INFO -     2. ETHDAI-ETHEUR: beta=1.0530, std=30.4486
2026-01-23 14:25:28,038 - INFO -     3. ATOMUSDT-GODSUSDT: beta=8.5838, std=0.6434
2026-01-23 14:25:28,038 - INFO -   Всего пар для торговли: 20 (ограничение 15 применяется к одновременно открытым позициям)
2026-01-23 14:25:28,039 - INFO -   💰 Проверка расчета капитала: equity=$1,000.00, кандидатных_пар=20, max_позиций=15
2026-01-23 14:25:28,039 - INFO -   🎯 Target concurrency: 15 (ожидаемое одновременное число позиций)
2026-01-23 14:25:28,039 - INFO -   📊 Детали расчета капитала:
2026-01-23 14:25:28,039 - INFO -      • Базовый капитал на пару: $66.67 (equity / target_concurrency)
2026-01-23 14:25:28,039 - INFO -      • Риск-капитал: $18.00 (1.8% от equity)
2026-01-23 14:25:28,039 - INFO -      • Макс. размер позиции: $50.00 (5.0% от equity)
2026-01-23 14:25:28,039 - INFO -      • Итоговый капитал на пару: $18.00
2026-01-23 14:25:28,040 - INFO - ⇢ WF-шаг 3/3 backtests — starting 20 items
2026-01-23 14:25:28,040 - INFO - 🚀 WF-шаг 3/3: Начинаем бэктесты для 20 пар...
2026-01-23 14:25:28,040 - INFO - 🚀 WF-шаг 3/3: Запускаем параллельную обработку 20 пар на 8 ядрах...
2026-01-23 14:25:28,040 - INFO - 🚀 WF-шаг 3/3: Режим параллельности: процессы
⚙️  Загрузка данных за период: 2023-12-02 -> 2024-03-31
📂 Найдено 43 parquet файлов для обработки.
📊 Схема данных: Schema({'timestamp': Int64, 'open': Float64, 'high': Float64, 'low': Float64, 'close': Float64, 'volume': Float64, 'turnover': String, 'ts_ms': Int64, 'symbol': String})
✅ Загружено 3779046 записей с помощью Polars.
📊 Типы данных в pandas: timestamp       datetime64[us]
symbol                  object
close                  float64
timestamp_ms             int64
dtype: object
2026-01-23 14:25:28,079 - coint2.core.memory_optimization - INFO - 🔄 Initializing memory-mapped price data from .cache/consolidated_prices.parquet
2026-01-23 14:25:28,080 - INFO - ⇢ loading memory-mapped data — start
2026-01-23 14:25:28,080 - coint2.core.memory_optimization - WARNING - ⚠️ memory_map не поддерживается в текущей версии pyarrow, fallback без mmap
2026-01-23 14:25:28,126 - coint2.core.memory_optimization - INFO - 🔄 Initializing memory-mapped price data from .cache/consolidated_prices.parquet
2026-01-23 14:25:28,127 - INFO - ⇢ loading memory-mapped data — start
2026-01-23 14:25:28,127 - coint2.core.memory_optimization - WARNING - ⚠️ memory_map не поддерживается в текущей версии pyarrow, fallback без mmap
2026-01-23 14:25:28,153 - coint2.core.memory_optimization - INFO - 🔄 Initializing memory-mapped price data from .cache/consolidated_prices.parquet
2026-01-23 14:25:28,158 - INFO - ⇢ loading memory-mapped data — start
2026-01-23 14:25:28,158 - coint2.core.memory_optimization - WARNING - ⚠️ memory_map не поддерживается в текущей версии pyarrow, fallback без mmap
2026-01-23 14:25:28,222 - coint2.core.memory_optimization - INFO - 🔄 Initializing memory-mapped price data from .cache/consolidated_prices.parquet
2026-01-23 14:25:28,229 - INFO - ⇢ loading memory-mapped data — start
2026-01-23 14:25:28,229 - coint2.core.memory_optimization - WARNING - ⚠️ memory_map не поддерживается в текущей версии pyarrow, fallback без mmap
2026-01-23 14:25:28,287 - coint2.core.memory_optimization - INFO - 🔄 Initializing memory-mapped price data from .cache/consolidated_prices.parquet
2026-01-23 14:25:28,289 - INFO - ⇢ loading memory-mapped data — start
2026-01-23 14:25:28,289 - coint2.core.memory_optimization - WARNING - ⚠️ memory_map не поддерживается в текущей версии pyarrow, fallback без mmap
2026-01-23 14:25:28,345 - coint2.core.memory_optimization - INFO - 🔄 Initializing memory-mapped price data from .cache/consolidated_prices.parquet
2026-01-23 14:25:28,347 - INFO - ⇢ loading memory-mapped data — start
2026-01-23 14:25:28,347 - coint2.core.memory_optimization - WARNING - ⚠️ memory_map не поддерживается в текущей версии pyarrow, fallback без mmap
2026-01-23 14:25:28,428 - coint2.core.memory_optimization - INFO - 🔄 Initializing memory-mapped price data from .cache/consolidated_prices.parquet
2026-01-23 14:25:28,429 - INFO - ⇢ loading memory-mapped data — start
2026-01-23 14:25:28,429 - coint2.core.memory_optimization - WARNING - ⚠️ memory_map не поддерживается в текущей версии pyarrow, fallback без mmap
2026-01-23 14:25:28,437 - INFO - ⇠ loading memory-mapped data — done in 0.35s
2026-01-23 14:25:28,493 - INFO - ⇠ loading memory-mapped data — done in 0.37s
2026-01-23 14:25:28,503 - coint2.core.memory_optimization - INFO - 📊 Loaded 18241 rows × 366 symbols
2026-01-23 14:25:28,504 - coint2.core.memory_optimization - INFO - 💾 Memory usage: 26.9 MB (memory-mapped)
2026-01-23 14:25:28,526 - INFO - ⇠ loading memory-mapped data — done in 0.37s
2026-01-23 14:25:28,543 - coint2.core.memory_optimization - INFO - 🔄 Initializing memory-mapped price data from .cache/consolidated_prices.parquet
2026-01-23 14:25:28,544 - INFO - ⇢ loading memory-mapped data — start
2026-01-23 14:25:28,545 - coint2.core.memory_optimization - WARNING - ⚠️ memory_map не поддерживается в текущей версии pyarrow, fallback без mmap
2026-01-23 14:25:28,546 - coint2.core.memory_optimization - INFO - 📊 Loaded 18241 rows × 366 symbols
2026-01-23 14:25:28,546 - coint2.core.memory_optimization - INFO - 💾 Memory usage: 26.9 MB (memory-mapped)
2026-01-23 14:25:28,560 - coint2.core.memory_optimization - INFO - 📊 Loaded 18241 rows × 366 symbols
2026-01-23 14:25:28,560 - coint2.core.memory_optimization - INFO - 💾 Memory usage: 26.9 MB (memory-mapped)
2026-01-23 14:25:28,571 - coint2.engine.numba_engine - INFO - Запуск Numba-оптимизированного бэктеста для BTCDAI-BTCEUR
2026-01-23 14:25:28,594 - INFO - ⇠ loading memory-mapped data — done in 0.36s
2026-01-23 14:25:28,600 - coint2.engine.numba_engine - INFO - Запуск Numba-оптимизированного бэктеста для ATOMUSDT-GODSUSDT
2026-01-23 14:25:28,627 - coint2.engine.numba_engine - INFO - Запуск Numba-оптимизированного бэктеста для ETHDAI-ETHEUR
2026-01-23 14:25:28,633 - coint2.core.memory_optimization - INFO - 📊 Loaded 18241 rows × 366 symbols
2026-01-23 14:25:28,633 - coint2.core.memory_optimization - INFO - 💾 Memory usage: 26.9 MB (memory-mapped)
2026-01-23 14:25:28,654 - INFO - ⇠ loading memory-mapped data — done in 0.37s
2026-01-23 14:25:28,708 - coint2.engine.numba_engine - INFO - Запуск Numba-оптимизированного бэктеста для ATOMUSDT-KCALUSDT
2026-01-23 14:25:28,708 - coint2.core.memory_optimization - INFO - 📊 Loaded 18241 rows × 366 symbols
2026-01-23 14:25:28,708 - coint2.core.memory_optimization - INFO - 💾 Memory usage: 26.9 MB (memory-mapped)
2026-01-23 14:25:28,729 - INFO - ⇠ loading memory-mapped data — done in 0.38s
2026-01-23 14:25:28,782 - coint2.core.memory_optimization - INFO - 📊 Loaded 18241 rows × 366 symbols
2026-01-23 14:25:28,782 - coint2.core.memory_optimization - INFO - 💾 Memory usage: 26.9 MB (memory-mapped)
2026-01-23 14:25:28,802 - coint2.engine.numba_engine - INFO - Запуск Numba-оптимизированного бэктеста для CAKEUSDT-FIDAUSDT
2026-01-23 14:25:28,832 - coint2.engine.numba_engine - INFO - Запуск Numba-оптимизированного бэктеста для APEUSDC-HFTUSDC
2026-01-23 14:25:28,845 - coint2.engine.numba_engine - INFO - Запуск Numba-оптимизированного бэктеста для APEUSDT-GODSUSDT
2026-01-23 14:25:28,910 - coint2.engine.numba_engine - INFO - Запуск Numba-оптимизированного бэктеста для APEUSDC-ATOMUSDT
2026-01-23 14:25:28,918 - coint2.engine.numba_engine - INFO - Запуск Numba-оптимизированного бэктеста для APEUSDT-HFTUSDC
2026-01-23 14:25:28,944 - coint2.engine.numba_engine - INFO - Запуск Numba-оптимизированного бэктеста для BICOUSDT-KASTAUSDT
2026-01-23 14:25:28,958 - INFO - ⇠ loading memory-mapped data — done in 0.53s
2026-01-23 14:25:28,988 - INFO - ⇠ loading memory-mapped data — done in 0.44s
2026-01-23 14:25:28,996 - coint2.engine.numba_engine - INFO - Запуск Numba-оптимизированного бэктеста для GMTUSDC-KAVAUSDT
2026-01-23 14:25:29,012 - coint2.engine.numba_engine - INFO - Запуск Numba-оптимизированного бэктеста для 1INCHUSDT-AXSUSDT
2026-01-23 14:25:29,020 - coint2.engine.numba_engine - INFO - Запуск Numba-оптимизированного бэктеста для APEUSDT-ATOMUSDT
2026-01-23 14:25:29,035 - coint2.core.memory_optimization - INFO - 📊 Loaded 18241 rows × 366 symbols
2026-01-23 14:25:29,036 - coint2.core.memory_optimization - INFO - 💾 Memory usage: 26.9 MB (memory-mapped)
2026-01-23 14:25:29,057 - coint2.core.memory_optimization - INFO - 📊 Loaded 18241 rows × 366 symbols
2026-01-23 14:25:29,057 - coint2.core.memory_optimization - INFO - 💾 Memory usage: 26.9 MB (memory-mapped)
2026-01-23 14:25:29,119 - coint2.engine.numba_engine - INFO - Запуск Numba-оптимизированного бэктеста для AGLDUSDT-HFTUSDC
2026-01-23 14:25:29,113 - coint2.engine.numba_engine - INFO - Запуск Numba-оптимизированного бэктеста для GMTUSDT-KAVAUSDT
2026-01-23 14:25:29,128 - coint2.engine.numba_engine - INFO - Запуск Numba-оптимизированного бэктеста для AFCUSDT-ANKRUSDT
2026-01-23 14:25:29,155 - coint2.engine.numba_engine - INFO - Запуск Numba-оптимизированного бэктеста для AGLDUSDT-HFTUSDT
2026-01-23 14:25:29,224 - coint2.engine.numba_engine - INFO - Запуск Numba-оптимизированного бэктеста для GODSUSDT-KCALUSDT
2026-01-23 14:25:29,481 - coint2.engine.numba_engine - INFO - Запуск Numba-оптимизированного бэктеста для BICOUSDT-ETHWUSDT
2026-01-23 14:25:29,485 - coint2.engine.numba_engine - INFO - Запуск Numba-оптимизированного бэктеста для AVAUSDT-FITFIUSDT
2026-01-23 14:25:29,670 - INFO -   ⏱️ Параллельная обработка завершена за 1.6с (12.3 пар/с)
2026-01-23 14:25:29,715 - coint2.pipeline.walk_forward_orchestrator - INFO - 🎯 СИМУЛЯЦИЯ ПОРТФЕЛЯ: 20 пар, лимит 15 позиций
2026-01-23 14:25:30,355 - coint2.pipeline.walk_forward_orchestrator - INFO -    📈 Макс. одновременных сигналов: 0
2026-01-23 14:25:30,356 - coint2.pipeline.walk_forward_orchestrator - INFO -    📊 Средн. сигналов за период: 0.0
2026-01-23 14:25:30,356 - coint2.pipeline.walk_forward_orchestrator - INFO -    🎯 Финальных активных позиций: 0
2026-01-23 14:25:30,357 - coint2.pipeline.walk_forward_orchestrator - INFO -    ⚡ Утилизация лимита позиций: 0.0%
2026-01-23 14:25:30,358 - INFO - ⇠ WF-шаг 3/3 backtests — completed 20 items in 2.32s (8.6 items/s)
2026-01-23 14:25:30,358 - INFO -   ✅ Обработка завершена: 20 успешно, 0 с ошибками
2026-01-23 14:25:30,358 - INFO -   📊 Успешность: 100.0%, прибыльность: 0.0%, сделок/пара: 0.0
2026-01-23 14:25:30,358 - INFO -   ✅ Завершены бэктесты для 20 пар
2026-01-23 14:25:30,358 - INFO -   📊 Всего обработано пар в этом шаге: 20
2026-01-23 14:25:30,358 - INFO -   📈 Результаты шага: 0/20 прибыльных пар, 0 сделок
2026-01-23 14:25:30,358 - INFO -   💰 P&L шага: $+0.00
2026-01-23 14:25:30,358 - INFO -   ⇢ Обновление капитала и дневного P&L...
2026-01-23 14:25:31,759 - INFO -   💼 Шаг P&L: $+0.00, Накопленный капитал: $1,000.00
2026-01-23 14:25:31,759 - INFO - ------------------------------------------------------------
2026-01-23 14:25:31,759 - INFO -   Walk-forward steps: 3 / 3 (100.0%) | 0.1 items/s | ETA: 0.0s
2026-01-23 14:25:31,759 - INFO - ⇠ Walk-forward steps — completed 3 items in 44.66s (0.1 items/s)
2026-01-23 14:25:31,759 - INFO - ================================================================================
2026-01-23 14:25:31,759 - INFO - 🏁 Walk-forward анализ завершен!
2026-01-23 14:25:31,759 - INFO - ⏱️ Обработано 3 шагов за 3.7 секунд
2026-01-23 14:25:31,759 - INFO - 📊 Всего обработано пар за весь анализ: 60
2026-01-23 14:25:31,759 - INFO - 💰 Финальный капитал: $1,000.00 (было $1,000.00)
2026-01-23 14:25:31,759 - INFO - 📈 Общая доходность: +0.00% ($+0.00)
2026-01-23 14:25:31,760 - INFO - 📊 Всего сделок: 0
2026-01-23 14:25:31,760 - INFO - ================================================================================
2026-01-23 14:25:31,760 - INFO - ✓ Завершены все 3 WF-шагов
2026-01-23 14:25:31,760 - INFO - ⇢ Обработка финальных результатов и расчет метрик...
2026-01-23 14:25:31,760 - INFO - ⇢ processing final results — start
2026-01-23 14:25:31,760 - INFO -   ⇢ Агрегация данных P&L за 8643 торговых дней
2026-01-23 14:25:31,781 - INFO -   ⇢ Расчет базовых метрик производительности...
2026-01-23 14:25:31,781 - INFO -     📊 Данные для анализа: 8643 записей P&L, 8641 точек equity
2026-01-23 14:25:31,783 - INFO -   ⇢ Расчет расширенных метрик (волатильность, Calmar ratio, и др.)...
2026-01-23 14:25:31,784 - INFO -   ✅ Расширенные метрики рассчитаны: 6 показателей
2026-01-23 14:25:31,784 - INFO -   ⇢ Анализ статистики по 60 парам...
2026-01-23 14:25:31,787 - INFO - ✅ Рассчитаны метрики производительности (26 показателей)
2026-01-23 14:25:31,787 - INFO -   💰 Общий P&L: $+0.00
2026-01-23 14:25:31,787 - INFO -   📊 Sharpe Ratio: 0.000
2026-01-23 14:25:31,787 - INFO -   📉 Максимальная просадка: 0.00%
2026-01-23 14:25:31,787 - INFO -   🔄 Всего сделок: 0
2026-01-23 14:25:31,787 - INFO -   📈 Торгуемых пар: 31
2026-01-23 14:25:31,787 - INFO -   💸 Общие издержки: $0.00
2026-01-23 14:25:31,787 - coint2.metrics - INFO - Metric: total_pnl
2026-01-23 14:25:31,788 - coint2.metrics - INFO - Metric: sharpe_ratio_abs
2026-01-23 14:25:31,788 - coint2.metrics - INFO - Metric: max_drawdown_pct
2026-01-23 14:25:31,788 - coint2.metrics - INFO - Metric: total_trades
2026-01-23 14:25:31,788 - coint2.metrics - INFO - Metric: total_pairs_traded
2026-01-23 14:25:31,788 - coint2.metrics - INFO - Metric: total_costs
2026-01-23 14:25:31,788 - INFO - ⇠ processing final results — done in 0.03s
2026-01-23 14:25:31,788 - INFO - ⇢ Создание отчетов и сохранение результатов...
2026-01-23 14:25:31,788 - INFO - ⇢ generating reports — start
2026-01-23 14:25:31,789 - INFO -   ⇢ Создание отчета о производительности...
2026-01-23 14:25:37,652 - INFO -   ✓ Отчет о производительности создан
2026-01-23 14:25:37,652 - INFO -   ⇢ Сохранение данных в CSV файлы...
2026-01-23 14:25:37,654 - INFO - 📋 Метрики сохранены: artifacts/wfa/runs/20260123_budget1000_oos20240101_20240630_top50_maxnot40_riskfine_maxpairs20/stress_relaxed8_nokpss_20260123_oos20240101_20240630_top50_z1p00_exit0p06_hold180_cd180_ms0p2_cap1000_maxnot40_risk0p018_minnot20_maxpairs20/strategy_metrics.csv
2026-01-23 14:25:37,655 - INFO - 📈 Дневные P&L сохранены: artifacts/wfa/runs/20260123_budget1000_oos20240101_20240630_top50_maxnot40_riskfine_maxpairs20/stress_relaxed8_nokpss_20260123_oos20240101_20240630_top50_z1p00_exit0p06_hold180_cd180_ms0p2_cap1000_maxnot40_risk0p018_minnot20_maxpairs20/daily_pnl.csv (91 записей)
2026-01-23 14:25:37,679 - INFO - 💹 Кривая капитала сохранена: artifacts/wfa/runs/20260123_budget1000_oos20240101_20240630_top50_maxnot40_riskfine_maxpairs20/stress_relaxed8_nokpss_20260123_oos20240101_20240630_top50_z1p00_exit0p06_hold180_cd180_ms0p2_cap1000_maxnot40_risk0p018_minnot20_maxpairs20/equity_curve.csv (8641 точек)
2026-01-23 14:25:37,681 - INFO - 📋 Статистика сделок сохранена: artifacts/wfa/runs/20260123_budget1000_oos20240101_20240630_top50_maxnot40_riskfine_maxpairs20/stress_relaxed8_nokpss_20260123_oos20240101_20240630_top50_z1p00_exit0p06_hold180_cd180_ms0p2_cap1000_maxnot40_risk0p018_minnot20_maxpairs20/trade_statistics.csv (60 записей)
2026-01-23 14:25:37,682 - INFO - 🎉 Walk-Forward анализ полностью завершен!
2026-01-23 14:25:37,682 - INFO - 📊 Все отчеты и данные сохранены в: artifacts/wfa/runs/20260123_budget1000_oos20240101_20240630_top50_maxnot40_riskfine_maxpairs20/stress_relaxed8_nokpss_20260123_oos20240101_20240630_top50_z1p00_exit0p06_hold180_cd180_ms0p2_cap1000_maxnot40_risk0p018_minnot20_maxpairs20
2026-01-23 14:25:37,682 - INFO - 💼 Итоговый капитал: $1,000.00
2026-01-23 14:25:37,682 - INFO - ⏱️  Общее время выполнения: 9.6 секунд
2026-01-23 14:25:37,682 - INFO - ⇠ generating reports — done in 5.89s
2026-01-23 14:25:37,682 - coint2.core.memory_optimization - INFO - 📊 No global price data to clean up
2026-01-23 14:25:37,682 - coint2.core.memory_optimization - INFO - 📊 No global rolling stats to clean up
2026-01-23 14:25:37,682 - INFO - 🧹 Memory-mapped data cleaned up
2026-01-23 14:25:37,683 - INFO - ⇠ run_walk_forward_analysis — done in 58.28s
📊 Отчет сохранен: artifacts/wfa/runs/20260123_budget1000_oos20240101_20240630_top50_maxnot40_riskfine_maxpairs20/stress_relaxed8_nokpss_20260123_oos20240101_20240630_top50_z1p00_exit0p06_hold180_cd180_ms0p2_cap1000_maxnot40_risk0p018_minnot20_maxpairs20/CointegrationStrategy_performance_report.png
🎯 ============================================================
📊 ИТОГИ ТОРГОВОЙ СТРАТЕГИИ
🎯 ============================================================

💰 ФИНАНСОВЫЕ РЕЗУЛЬТАТЫ:
   • Общий P&L:                            0
   • Максимальная просадка:                0
   • Средний дневной P&L:                  0

📈 МЕТРИКИ РИСКА:
   • Коэффициент Шарпа:               0.0000
   • Волатильность P&L:                 0.00
   • Процент прибыльных дней:          0.00%

🔄 ТОРГОВАЯ АКТИВНОСТЬ:
   • Всего торговых дней:                 91
   • Всего сделок:                         0
   • Торгуемых пар:                       31
   • Сделок на пару:                     0.0
   • Успешность сделок:               0.00%

💸 РАСХОДЫ И ЭКСТРЕМУМЫ:
   • Общие расходы:                        0
   • Максимальная прибыль:                 0
   • Максимальный убыток:                  0
   • Лучшая пара (P&L):                    0
   • Худшая пара (P&L):                    0

📊 ОЦЕНКА СТРАТЕГИИ:
   ❌ УБЫТОЧНАЯ стратегия. Требует доработки

🎯 ============================================================

Annualized Sharpe Ratio: 0.0
[run_wfa_fullcpu] end: 2026-01-23T14:25:38Z
